[c7df51] {jit-log-opt-loop
# Loop 1 (15<main.rpyeffect:2(Name(=_0))>+0: {"op": "New", "out": 0, "targets": [14], "args": {"any": [0]}}) : loop with 597 ops
[p0, p1, p2, p3, p4]
+1816: p5 = getfield_gc_r(p2, descr=<FieldP rpyeffect.environment.Environment.inst_values_ptr 16>)
+1824: p7 = getarrayitem_gc_r(p5, 0, descr=<ArrayP 8>)
+1828: p9 = getarrayitem_gc_r(p5, 1, descr=<ArrayP 8>)
+1832: p11 = getarrayitem_gc_r(p5, 2, descr=<ArrayP 8>)
+1836: p13 = getarrayitem_gc_r(p5, 3, descr=<ArrayP 8>)
+1840: p15 = getarrayitem_gc_r(p5, 4, descr=<ArrayP 8>)
+1844: p17 = getarrayitem_gc_r(p5, 5, descr=<ArrayP 8>)
+1848: p19 = getarrayitem_gc_r(p5, 6, descr=<ArrayP 8>)
+1852: p21 = getarrayitem_gc_r(p5, 7, descr=<ArrayP 8>)
+1856: p23 = getarrayitem_gc_r(p5, 8, descr=<ArrayP 8>)
+1860: p25 = getarrayitem_gc_r(p5, 9, descr=<ArrayP 8>)
+1864: p27 = getarrayitem_gc_r(p5, 10, descr=<ArrayP 8>)
+1868: p29 = getarrayitem_gc_r(p5, 11, descr=<ArrayP 8>)
+1872: p31 = getarrayitem_gc_r(p5, 12, descr=<ArrayP 8>)
+1876: p33 = getarrayitem_gc_r(p5, 13, descr=<ArrayP 8>)
+1880: p35 = getarrayitem_gc_r(p5, 14, descr=<ArrayP 8>)
+1884: p37 = getarrayitem_gc_r(p5, 15, descr=<ArrayP 8>)
+1888: label(p0, p1, p2, p3, p4, p7, p9, p11, p13, p15, p17, p19, p21, p23, p25, p27, p29, p31, p33, p35, p37, descr=TargetToken(5643391264))
debug_merge_point(0, 0, '15<main.rpyeffect:2(Name(=_0))>+0: {"op": "New". "out": 0. "targets": [14]. "args": {"any": [0]}}')
+1948: guard_not_invalidated(descr=<Guard0x1505dabf0>) [p2, p7, p9, p11, p13, p15, p17, p19, p21, p23, p25, p27, p29, p31, p33, p35, p37, p0, p1, p3, p4]
debug_merge_point(0, 0, '15<main.rpyeffect:2(Name(=_0))>+1: {"op": "Return". "args": {"any": [0]}}')
+1952: guard_nonnull(p1, descr=<Guard0x150630ec0>) [p2, p7, p9, p11, p13, p15, p17, p19, p21, p23, p25, p27, p29, p31, p33, p35, p37, p0, p1, p3, p4]
+1964: i38 = getfield_gc_i(p1, descr=<FieldS rpyeffect.stored_environment.Stack__arb.inst_target 16 pure>)
+1972: guard_value(i38, 101, descr=<Guard0x150630ef0>) [p2, p7, p9, p11, p13, p15, p17, p19, p21, p23, p25, p27, p29, p31, p33, p35, p37, p0, p1, p3, p4]
+1984: p40 = getfield_gc_r(p1, descr=<FieldP rpyeffect.stored_environment.Stack__1.inst_values_ptr_0 32 pure>)
+1988: p41 = getfield_gc_r(p1, descr=<FieldP rpyeffect.stored_environment.Stack__arb.inst_tail 8 pure>)
debug_merge_point(0, 0, '101<main.rpyeffect:88([k@[k@Name(countdown_48)#122]#124])>+0: {"op": "Const". "type": "ptr". "out": 2. "format": "int". "value": "<IntValue object at 0x1505df720>"}')
debug_merge_point(0, 0, '101<main.rpyeffect:88([k@[k@Name(countdown_48)#122]#124])>+1: {"op": "Push". "target": 100. "args": {"any": [1]}}')
debug_merge_point(0, 0, '101<main.rpyeffect:88([k@[k@Name(countdown_48)#122]#124])>+2: {"op": "Copy". "type": "any". "from": 0. "to". 1}')
debug_merge_point(0, 0, '101<main.rpyeffect:88([k@[k@Name(countdown_48)#122]#124])>+3: {"op": "Copy". "type": "any". "from": 2. "to". 0}')
debug_merge_point(0, 0, '101<main.rpyeffect:88([k@[k@Name(countdown_48)#122]#124])>+4: {"op": "Invoke". "receiver": 1. "tag": Interned(apply). "args" : {"any": [0]}}')
debug_merge_point(0, 0, '14<main.rpyeffect:1([method_apply@Name(=_0)#6])>+0: {"op": "Jump". "target": 13}')
debug_merge_point(0, 0, '13<main.rpyeffect:0([mcore:[#12]#3])>+0: {"op": "PrimOp". "name": "equals(Any. Any): Bool". "out": {"any": [0]}. "in": {"any": [1. 0]}}')
+1992: guard_class(p7, ConstClass(IntValue), descr=<Guard0x150630f20>) [p2, p7, p9, p11, p13, p15, p17, p19, p21, p23, p25, p27, p29, p31, p33, p35, p37, p0, p1, p3, p4]
+2008: i43 = getfield_gc_i(p7, descr=<FieldS rpyeffect.value.IntValue.inst_value 8 pure>)
+2012: i45 = int_eq(i43, 0)
debug_merge_point(0, 0, '13<main.rpyeffect:0([mcore:[#12]#3])>+1: {"op": "Return". "args": {"any": [0]}}')
debug_merge_point(0, 0, '100<main.rpyeffect:87([k@[k@[k@Name(countdown_48)#122]#124]#128])>+0: {"op": "Switch". "scrutinee": 0. "values": [<BoolValue object at 0x1505df730>]. "targets": [93]. "default": 99}')
guard_false(i45, descr=<Guard0x150630f50>) [p2, p7, p9, p11, p13, p15, p17, p19, p21, p23, p25, p27, p29, p31, p33, p35, p37, p0, p1, p3, p4]
debug_merge_point(0, 0, '99<main.rpyeffect:86([switch default case#130])>+0: {"op": "Swap". "type": "any". "a": 0. "b". 1}')
debug_merge_point(0, 0, '99<main.rpyeffect:86([switch default case#130])>+1: {"op": "Switch". "scrutinee": 1. "values": [<BoolValue object at 0x1505df740>]. "targets": [97]. "default": 98}')
debug_merge_point(0, 0, '97<main.rpyeffect:84([switch case for Bool(false)#131])>+0: {"op": "Push". "target": 96. "args": {"any": []}}')
debug_merge_point(0, 0, '97<main.rpyeffect:84([switch case for Bool(false)#131])>+1: {"op": "Jump". "target": 79}')
debug_merge_point(0, 0, '79<main.rpyeffect:66(Name(-_34))>+0: {"op": "New". "out": 0. "targets": [78]. "args": {"any": [0]}}')
debug_merge_point(0, 0, '79<main.rpyeffect:66(Name(-_34))>+1: {"op": "Return". "args": {"any": [0]}}')
debug_merge_point(0, 0, '96<main.rpyeffect:83([k@[switch case for Bool(false)#131]#133])>+0: {"op": "Const". "type": "ptr". "out": 1. "format": "int". "value": "<IntValue object at 0x1505df800>"}')
debug_merge_point(0, 0, '96<main.rpyeffect:83([k@[switch case for Bool(false)#131]#133])>+1: {"op": "Push". "target": 95. "args": {"any": []}}')
debug_merge_point(0, 0, '96<main.rpyeffect:83([k@[switch case for Bool(false)#131]#133])>+2: {"op": "Swap". "type": "any". "a": 0. "b". 1}')
debug_merge_point(0, 0, '96<main.rpyeffect:83([k@[switch case for Bool(false)#131]#133])>+3: {"op": "Invoke". "receiver": 1. "tag": Interned(apply). "args" : {"any": [0]}}')
debug_merge_point(0, 0, '78<main.rpyeffect:65([method_apply@Name(-_34)#96])>+0: {"op": "Jump". "target": 77}')
debug_merge_point(0, 0, '77<main.rpyeffect:64([mcore:[#28]#93])>+0: {"op": "PrimOp". "name": "infixSub(Int. Int): Int". "out": {"any": [0]}. "in": {"any": [1. 0]}}')
+2020: i46 = getfield_gc_i(p40, descr=<FieldS rpyeffect.value.IntValue.inst_value 8 pure>)
+2024: i48 = int_sub(i46, 1)
debug_merge_point(0, 0, '77<main.rpyeffect:64([mcore:[#28]#93])>+1: {"op": "Return". "args": {"any": [0]}}')
debug_merge_point(0, 0, '95<main.rpyeffect:82([#137])>+0: {"op": "Const". "type": "ptr". "out": 1. "format": "int". "value": "<IntValue object at 0x1505df880>"}')
debug_merge_point(0, 0, '95<main.rpyeffect:82([#137])>+1: {"op": "Const". "type": "ptr". "out": 2. "format": "string". "value": "Name(Set_1)"}')
debug_merge_point(0, 0, '95<main.rpyeffect:82([#137])>+2: {"op": "PrimOp". "name": "getGlobal(String): Ptr". "out": {"any": [2]}. "in": {"any": [2]}}')
debug_merge_point(0, 0, '95<main.rpyeffect:82([#137])>+3: {"op": "GetDynamic". "out": 1. "n": 1. "label": 2}')
+2032: i50 = instance_ptr_eq(p4, ConstPtr(ptr49))
guard_false(i50, descr=<Guard0x150630f80>) [p2, p7, p9, p11, p13, p15, p17, p19, p21, p23, p25, p27, p29, p31, p33, p35, p37, p0, p1, p3, p4]
+2044: guard_nonnull(p0, descr=<Guard0x150630fb0>) [p2, p7, p9, p11, p13, p15, p17, p19, p21, p23, p25, p27, p29, p31, p33, p35, p37, p0, p1, p3, p4]
+2056: i51 = getfield_gc_i(p0, descr=<FieldS rpyeffect.stack.Label.inst_origin 8 pure>)
+2064: guard_value(i51, 157737, descr=<Guard0x150630fe0>) [p2, p7, p9, p11, p13, p15, p17, p19, p21, p23, p25, p27, p29, p31, p33, p35, p37, p0, p1, p3, p4]
+2084: i54 = instance_ptr_eq(p0, ConstPtr(ptr53))
guard_false(i54, descr=<Guard0x150631010>) [p2, p7, p9, p11, p13, p15, p17, p19, p21, p23, p25, p27, p29, p31, p33, p35, p37, p0, p1, p3, p4]
+2092: guard_nonnull_class(p3, ConstClass(MetaStackWithBinding), descr=<Guard0x1505dac38>) [p2, p7, p9, p11, p13, p15, p17, p19, p21, p23, p25, p27, p29, p31, p33, p35, p37, p0, p1, p3, p4]
+2120: p56 = getfield_gc_r(p3, descr=<FieldP rpyeffect.stack.MetaStack.inst_label 16 pure>)
+2124: guard_nonnull(p56, descr=<Guard0x150631040>) [p2, p7, p9, p11, p13, p15, p17, p19, p21, p23, p25, p27, p29, p31, p33, p35, p37, p0, p1, p3, p4]
+2132: i57 = getfield_gc_i(p56, descr=<FieldS rpyeffect.stack.Label.inst_origin 8 pure>)
+2136: guard_value(i57, 157737, descr=<Guard0x150631070>) [p2, p7, p9, p11, p13, p15, p17, p19, p21, p23, p25, p27, p29, p31, p33, p35, p37, p0, p1, p3, p4]
+2152: p59 = getfield_gc_r(p3, descr=<FieldP rpyeffect.stack.MetaStack.inst_tail 32 pure>)
+2156: i61 = instance_ptr_eq(p56, ConstPtr(ptr60))
guard_false(i61, descr=<Guard0x1506310a0>) [p2, p7, p9, p11, p13, p15, p17, p19, p21, p23, p25, p27, p29, p31, p33, p35, p37, p0, p1, p3, p4]
+2164: guard_nonnull_class(p59, ConstClass(MetaStackWithBinding), descr=<Guard0x1505dac80>) [p2, p7, p9, p11, p13, p15, p17, p19, p21, p23, p25, p27, p29, p31, p33, p35, p37, p0, p1, p3, p4]
+2188: p63 = getfield_gc_r(p59, descr=<FieldP rpyeffect.stack.MetaStack.inst_label 16 pure>)
+2192: guard_nonnull(p63, descr=<Guard0x1506310d0>) [p2, p7, p9, p11, p13, p15, p17, p19, p21, p23, p25, p27, p29, p31, p33, p35, p37, p0, p1, p3, p4]
+2200: i64 = getfield_gc_i(p63, descr=<FieldS rpyeffect.stack.Label.inst_origin 8 pure>)
+2204: guard_value(i64, 157737, descr=<Guard0x150631100>) [p2, p7, p9, p11, p13, p15, p17, p19, p21, p23, p25, p27, p29, p31, p33, p35, p37, p0, p1, p3, p4]
+2220: p66 = getfield_gc_r(p59, descr=<FieldP rpyeffect.stack.MetaStack.inst_tail 32 pure>)
+2224: i68 = instance_ptr_eq(p63, ConstPtr(ptr67))
guard_false(i68, descr=<Guard0x150631130>) [p2, p7, p9, p11, p13, p15, p17, p19, p21, p23, p25, p27, p29, p31, p33, p35, p37, p0, p1, p3, p4]
+2232: guard_nonnull_class(p66, ConstClass(MetaStackWithBinding), descr=<Guard0x1505dacc8>) [p2, p7, p9, p11, p13, p15, p17, p19, p21, p23, p25, p27, p29, p31, p33, p35, p37, p0, p1, p3, p4]
+2256: p70 = getfield_gc_r(p66, descr=<FieldP rpyeffect.stack.MetaStack.inst_label 16 pure>)
+2260: guard_nonnull(p70, descr=<Guard0x150631160>) [p2, p7, p9, p11, p13, p15, p17, p19, p21, p23, p25, p27, p29, p31, p33, p35, p37, p0, p1, p3, p4]
+2268: i71 = getfield_gc_i(p70, descr=<FieldS rpyeffect.stack.Label.inst_origin 8 pure>)
+2272: guard_value(i71, 157737, descr=<Guard0x150631190>) [p2, p7, p9, p11, p13, p15, p17, p19, p21, p23, p25, p27, p29, p31, p33, p35, p37, p0, p1, p3, p4]
+2288: p73 = getfield_gc_r(p66, descr=<FieldP rpyeffect.stack.MetaStack.inst_tail 32 pure>)
+2292: i75 = instance_ptr_eq(p70, ConstPtr(ptr74))
guard_false(i75, descr=<Guard0x1506311c0>) [p2, p7, p9, p11, p13, p15, p17, p19, p21, p23, p25, p27, p29, p31, p33, p35, p37, p0, p1, p3, p4]
+2300: guard_nonnull_class(p73, ConstClass(MetaStackWithBinding), descr=<Guard0x1505dad10>) [p2, p7, p9, p11, p13, p15, p17, p19, p21, p23, p25, p27, p29, p31, p33, p35, p37, p0, p1, p3, p4]
+2324: p77 = getfield_gc_r(p73, descr=<FieldP rpyeffect.stack.MetaStack.inst_label 16 pure>)
+2328: guard_nonnull(p77, descr=<Guard0x1506311f0>) [p2, p7, p9, p11, p13, p15, p17, p19, p21, p23, p25, p27, p29, p31, p33, p35, p37, p0, p1, p3, p4]
+2336: i78 = getfield_gc_i(p77, descr=<FieldS rpyeffect.stack.Label.inst_origin 8 pure>)
+2344: guard_value(i78, 157737, descr=<Guard0x150631220>) [p2, p7, p9, p11, p13, p15, p17, p19, p21, p23, p25, p27, p29, p31, p33, p35, p37, p0, p1, p3, p4]
+2364: p80 = getfield_gc_r(p73, descr=<FieldP rpyeffect.stack.MetaStack.inst_tail 32 pure>)
+2368: i82 = instance_ptr_eq(p77, ConstPtr(ptr81))
guard_false(i82, descr=<Guard0x150631250>) [p2, p7, p9, p11, p13, p15, p17, p19, p21, p23, p25, p27, p29, p31, p33, p35, p37, p0, p1, p3, p4]
+2376: guard_nonnull_class(p80, ConstClass(MetaStackWithBinding), descr=<Guard0x1505dad58>) [p2, p7, p9, p11, p13, p15, p17, p19, p21, p23, p25, p27, p29, p31, p33, p35, p37, p0, p1, p3, p4]
+2400: p84 = getfield_gc_r(p80, descr=<FieldP rpyeffect.stack.MetaStack.inst_label 16 pure>)
+2404: guard_nonnull(p84, descr=<Guard0x150631280>) [p2, p7, p9, p11, p13, p15, p17, p19, p21, p23, p25, p27, p29, p31, p33, p35, p37, p0, p1, p3, p4]
+2412: i85 = getfield_gc_i(p84, descr=<FieldS rpyeffect.stack.Label.inst_origin 8 pure>)
+2416: guard_value(i85, 157737, descr=<Guard0x1506312b0>) [p2, p7, p9, p11, p13, p15, p17, p19, p21, p23, p25, p27, p29, p31, p33, p35, p37, p0, p1, p3, p4]
+2436: p87 = getfield_gc_r(p80, descr=<FieldP rpyeffect.stack.MetaStack.inst_tail 32 pure>)
+2440: i89 = instance_ptr_eq(p84, ConstPtr(ptr88))
guard_false(i89, descr=<Guard0x1506312e0>) [p2, p7, p9, p11, p13, p15, p17, p19, p21, p23, p25, p27, p29, p31, p33, p35, p37, p0, p1, p3, p4]
+2448: guard_nonnull_class(p87, ConstClass(MetaStackWithBinding), descr=<Guard0x1505dada0>) [p2, p7, p9, p11, p13, p15, p17, p19, p21, p23, p25, p27, p29, p31, p33, p35, p37, p0, p1, p3, p4]
+2472: p91 = getfield_gc_r(p87, descr=<FieldP rpyeffect.stack.MetaStack.inst_label 16 pure>)
+2476: guard_nonnull(p91, descr=<Guard0x150631310>) [p2, p7, p9, p11, p13, p15, p17, p19, p21, p23, p25, p27, p29, p31, p33, p35, p37, p0, p1, p3, p4]
+2484: i92 = getfield_gc_i(p91, descr=<FieldS rpyeffect.stack.Label.inst_origin 8 pure>)
+2492: guard_value(i92, 157737, descr=<Guard0x150631340>) [p2, p7, p9, p11, p13, p15, p17, p19, p21, p23, p25, p27, p29, p31, p33, p35, p37, p0, p1, p3, p4]
+2512: p94 = getfield_gc_r(p87, descr=<FieldP rpyeffect.stack.MetaStack.inst_tail 32 pure>)
+2516: i96 = instance_ptr_eq(p91, ConstPtr(ptr95))
guard_false(i96, descr=<Guard0x150631370>) [p2, p7, p9, p11, p13, p15, p17, p19, p21, p23, p25, p27, p29, p31, p33, p35, p37, p0, p1, p3, p4]
+2524: guard_nonnull_class(p94, ConstClass(MetaStackWithBinding), descr=<Guard0x1505dade8>) [p2, p7, p9, p11, p13, p15, p17, p19, p21, p23, p25, p27, p29, p31, p33, p35, p37, p0, p1, p3, p4]
+2548: p98 = getfield_gc_r(p94, descr=<FieldP rpyeffect.stack.MetaStack.inst_label 16 pure>)
+2552: guard_nonnull(p98, descr=<Guard0x1506313a0>) [p2, p7, p9, p11, p13, p15, p17, p19, p21, p23, p25, p27, p29, p31, p33, p35, p37, p0, p1, p3, p4]
+2560: i99 = getfield_gc_i(p98, descr=<FieldS rpyeffect.stack.Label.inst_origin 8 pure>)
+2568: guard_value(i99, 157737, descr=<Guard0x1506313d0>) [p2, p7, p9, p11, p13, p15, p17, p19, p21, p23, p25, p27, p29, p31, p33, p35, p37, p0, p1, p3, p4]
+2588: p101 = getfield_gc_r(p94, descr=<FieldP rpyeffect.stack.MetaStack.inst_tail 32 pure>)
+2592: i103 = instance_ptr_eq(p98, ConstPtr(ptr102))
guard_false(i103, descr=<Guard0x150631400>) [p2, p7, p9, p11, p13, p15, p17, p19, p21, p23, p25, p27, p29, p31, p33, p35, p37, p0, p1, p3, p4]
+2600: guard_nonnull_class(p101, ConstClass(MetaStackWithBinding), descr=<Guard0x1505dae30>) [p2, p7, p9, p11, p13, p15, p17, p19, p21, p23, p25, p27, p29, p31, p33, p35, p37, p0, p1, p3, p4]
+2624: p105 = getfield_gc_r(p101, descr=<FieldP rpyeffect.stack.MetaStack.inst_label 16 pure>)
+2628: guard_nonnull(p105, descr=<Guard0x150631430>) [p2, p7, p9, p11, p13, p15, p17, p19, p21, p23, p25, p27, p29, p31, p33, p35, p37, p0, p1, p3, p4]
+2636: i106 = getfield_gc_i(p105, descr=<FieldS rpyeffect.stack.Label.inst_origin 8 pure>)
+2644: guard_value(i106, 157737, descr=<Guard0x150631460>) [p2, p7, p9, p11, p13, p15, p17, p19, p21, p23, p25, p27, p29, p31, p33, p35, p37, p0, p1, p3, p4]
+2664: p108 = getfield_gc_r(p101, descr=<FieldP rpyeffect.stack.MetaStack.inst_tail 32 pure>)
+2668: i110 = instance_ptr_eq(p105, ConstPtr(ptr109))
guard_false(i110, descr=<Guard0x150631490>) [p2, p7, p9, p11, p13, p15, p17, p19, p21, p23, p25, p27, p29, p31, p33, p35, p37, p0, p1, p3, p4]
+2676: guard_nonnull_class(p108, ConstClass(MetaStackWithBinding), descr=<Guard0x1505dae78>) [p2, p7, p9, p11, p13, p15, p17, p19, p21, p23, p25, p27, p29, p31, p33, p35, p37, p0, p1, p3, p4]
+2700: p112 = getfield_gc_r(p108, descr=<FieldP rpyeffect.stack.MetaStack.inst_label 16 pure>)
+2704: guard_nonnull(p112, descr=<Guard0x1506314c0>) [p2, p7, p9, p11, p13, p15, p17, p19, p21, p23, p25, p27, p29, p31, p33, p35, p37, p0, p1, p3, p4]
+2712: i113 = getfield_gc_i(p112, descr=<FieldS rpyeffect.stack.Label.inst_origin 8 pure>)
+2720: guard_value(i113, 157737, descr=<Guard0x1506314f0>) [p2, p7, p9, p11, p13, p15, p17, p19, p21, p23, p25, p27, p29, p31, p33, p35, p37, p0, p1, p3, p4]
+2740: p115 = getfield_gc_r(p108, descr=<FieldP rpyeffect.stack.MetaStack.inst_tail 32 pure>)
+2744: i117 = instance_ptr_eq(p112, ConstPtr(ptr116))
guard_false(i117, descr=<Guard0x150631520>) [p2, p7, p9, p11, p13, p15, p17, p19, p21, p23, p25, p27, p29, p31, p33, p35, p37, p0, p1, p3, p4]
+2752: guard_nonnull_class(p115, ConstClass(MetaStackWithBinding), descr=<Guard0x1505daec0>) [p2, p7, p9, p11, p13, p15, p17, p19, p21, p23, p25, p27, p29, p31, p33, p35, p37, p0, p1, p3, p4]
+2776: p119 = getfield_gc_r(p115, descr=<FieldP rpyeffect.stack.MetaStack.inst_label 16 pure>)
+2780: guard_nonnull(p119, descr=<Guard0x150631550>) [p2, p7, p9, p11, p13, p15, p17, p19, p21, p23, p25, p27, p29, p31, p33, p35, p37, p0, p1, p3, p4]
+2788: i120 = getfield_gc_i(p119, descr=<FieldS rpyeffect.stack.Label.inst_origin 8 pure>)
+2796: guard_value(i120, 157732, descr=<Guard0x150631580>) [p2, p7, p9, p11, p13, p15, p17, p19, p21, p23, p25, p27, p29, p31, p33, p35, p37, p0, p1, p3, p4]
+2812: i123 = instance_ptr_eq(p119, ConstPtr(ptr122))
guard_true(i123, descr=<Guard0x1506315b0>) [p2, p7, p9, p11, p13, p15, p17, p19, p21, p23, p25, p27, p29, p31, p33, p35, p37, p0, p1, p3, p4]
+2820: p124 = getfield_gc_r(p115, descr=<FieldP rpyeffect.stack.MetaStackWithBinding.inst_binding 40 pure>)
debug_merge_point(0, 0, '95<main.rpyeffect:82([#137])>+4: {"op": "Push". "target": 94. "args": {"any": []}}')
debug_merge_point(0, 0, '95<main.rpyeffect:82([#137])>+5: {"op": "Invoke". "receiver": 1. "tag": Interned(Set_1). "args" : {"any": [0]}}')
+2824: p125 = getfield_gc_r(p124, descr=<FieldP rpyeffect.codata.CoData.inst_vtable 8 pure>)
+2832: guard_value(p125, ConstPtr(ptr126), descr=<Guard0x1506315e0>) [p2, p7, p9, p11, p13, p15, p17, p19, p21, p23, p25, p27, p29, p31, p33, p35, p37, p0, p1, p3, p4]
+2840: p127 = getfield_gc_r(p124, descr=<FieldP rpyeffect.stored_environment.CoData__1.inst_values_ptr_0 24 pure>)
debug_merge_point(0, 0, '144<main.rpyeffect:131([method_Set_1@[mcore:[#60]#286]#313])>+0: {"op": "Const". "type": "ptr". "out": 2. "format": "int". "value": "<IntValue object at 0x1505dffd0>"}')
debug_merge_point(0, 0, '144<main.rpyeffect:131([method_Set_1@[mcore:[#60]#286]#313])>+1: {"op": "ShiftDyn". "out": 1. "n": 2. "label": 1}')
+2844: i129 = instance_ptr_eq(p4, ConstPtr(ptr128))
guard_false(i129, descr=<Guard0x150631610>) [p2, p7, p9, p11, p13, p15, p17, p19, p21, p23, p25, p27, p29, p31, p33, p35, p37, p0, p1, p3, p4]
+2852: guard_nonnull(p127, descr=<Guard0x150631640>) [p2, p7, p9, p11, p13, p15, p17, p19, p21, p23, p25, p27, p29, p31, p33, p35, p37, p0, p1, p3, p4]
+2860: i130 = getfield_gc_i(p127, descr=<FieldS rpyeffect.stack.Label.inst_origin 8 pure>)
+2864: guard_value(i130, 149504, descr=<Guard0x150631670>) [p2, p7, p9, p11, p13, p15, p17, p19, p21, p23, p25, p27, p29, p31, p33, p35, p37, p0, p1, p3, p4]
+2884: p132 = getfield_gc_r(p3, descr=<FieldP rpyeffect.stack.MetaStack.inst_region 24 pure>)
+2888: guard_isnull(p132, descr=<Guard0x1506316a0>) [p2, p7, p9, p11, p13, p15, p17, p19, p21, p23, p25, p27, p29, p31, p33, p35, p37, p0, p1, p3, p4]
+2896: p133 = getfield_gc_r(p59, descr=<FieldP rpyeffect.stack.MetaStack.inst_region 24 pure>)
+2900: guard_isnull(p133, descr=<Guard0x1506316d0>) [p2, p7, p9, p11, p13, p15, p17, p19, p21, p23, p25, p27, p29, p31, p33, p35, p37, p0, p1, p3, p4]
+2908: p134 = getfield_gc_r(p66, descr=<FieldP rpyeffect.stack.MetaStack.inst_region 24 pure>)
+2912: guard_isnull(p134, descr=<Guard0x150631700>) [p2, p7, p9, p11, p13, p15, p17, p19, p21, p23, p25, p27, p29, p31, p33, p35, p37, p0, p1, p3, p4]
+2920: p135 = getfield_gc_r(p73, descr=<FieldP rpyeffect.stack.MetaStack.inst_region 24 pure>)
+2924: guard_isnull(p135, descr=<Guard0x150631730>) [p2, p7, p9, p11, p13, p15, p17, p19, p21, p23, p25, p27, p29, p31, p33, p35, p37, p0, p1, p3, p4]
+2932: p136 = getfield_gc_r(p80, descr=<FieldP rpyeffect.stack.MetaStack.inst_region 24 pure>)
+2936: guard_isnull(p136, descr=<Guard0x150631760>) [p2, p7, p9, p11, p13, p15, p17, p19, p21, p23, p25, p27, p29, p31, p33, p35, p37, p0, p1, p3, p4]
+2944: p137 = getfield_gc_r(p87, descr=<FieldP rpyeffect.stack.MetaStack.inst_region 24 pure>)
+2948: guard_isnull(p137, descr=<Guard0x150631790>) [p2, p7, p9, p11, p13, p15, p17, p19, p21, p23, p25, p27, p29, p31, p33, p35, p37, p0, p1, p3, p4]
+2956: p138 = getfield_gc_r(p94, descr=<FieldP rpyeffect.stack.MetaStack.inst_region 24 pure>)
+2960: guard_isnull(p138, descr=<Guard0x1506317c0>) [p2, p7, p9, p11, p13, p15, p17, p19, p21, p23, p25, p27, p29, p31, p33, p35, p37, p0, p1, p3, p4]
+2968: p139 = getfield_gc_r(p101, descr=<FieldP rpyeffect.stack.MetaStack.inst_region 24 pure>)
+2972: guard_isnull(p139, descr=<Guard0x1506317f0>) [p2, p7, p9, p11, p13, p15, p17, p19, p21, p23, p25, p27, p29, p31, p33, p35, p37, p0, p1, p3, p4]
+2980: p140 = getfield_gc_r(p108, descr=<FieldP rpyeffect.stack.MetaStack.inst_region 24 pure>)
+2984: guard_isnull(p140, descr=<Guard0x150631820>) [p2, p7, p9, p11, p13, p15, p17, p19, p21, p23, p25, p27, p29, p31, p33, p35, p37, p0, p1, p3, p4]
+2992: p141 = getfield_gc_r(p115, descr=<FieldP rpyeffect.stack.MetaStack.inst_region 24 pure>)
+2996: guard_isnull(p141, descr=<Guard0x150631850>) [p2, p7, p9, p11, p13, p15, p17, p19, p21, p23, p25, p27, p29, p31, p33, p35, p37, p0, p1, p3, p4]
+3004: p142 = getfield_gc_r(p115, descr=<FieldP rpyeffect.stack.MetaStack.inst_tail 32 pure>)
+3008: p143 = getfield_gc_r(p142, descr=<FieldP rpyeffect.stack.MetaStack.inst_region 24 pure>)
+3012: guard_isnull(p143, descr=<Guard0x150631880>) [p2, p7, p9, p11, p13, p15, p17, p19, p21, p23, p25, p27, p29, p31, p33, p35, p37, p0, p1, p3, p4]
+3020: p144 = getfield_gc_r(p142, descr=<FieldP rpyeffect.stack.MetaStack.inst_label 16 pure>)
+3024: guard_nonnull(p144, descr=<Guard0x1506318b0>) [p2, p7, p9, p11, p13, p15, p17, p19, p21, p23, p25, p27, p29, p31, p33, p35, p37, p0, p1, p3, p4]
+3032: i145 = getfield_gc_i(p144, descr=<FieldS rpyeffect.stack.Label.inst_origin 8 pure>)
+3040: guard_value(i145, 157727, descr=<Guard0x1506318e0>) [p2, p7, p9, p11, p13, p15, p17, p19, p21, p23, p25, p27, p29, p31, p33, p35, p37, p0, p1, p3, p4]
+3060: p147 = getfield_gc_r(p142, descr=<FieldP rpyeffect.stack.MetaStack.inst_tail 32 pure>)
+3064: p148 = getfield_gc_r(p147, descr=<FieldP rpyeffect.stack.MetaStack.inst_region 24 pure>)
+3068: guard_isnull(p148, descr=<Guard0x150631910>) [p2, p7, p9, p11, p13, p15, p17, p19, p21, p23, p25, p27, p29, p31, p33, p35, p37, p0, p1, p3, p4]
+3076: p149 = getfield_gc_r(p147, descr=<FieldP rpyeffect.stack.MetaStack.inst_label 16 pure>)
+3080: guard_nonnull(p149, descr=<Guard0x150631940>) [p2, p7, p9, p11, p13, p15, p17, p19, p21, p23, p25, p27, p29, p31, p33, p35, p37, p0, p1, p3, p4]
+3088: i150 = getfield_gc_i(p149, descr=<FieldS rpyeffect.stack.Label.inst_origin 8 pure>)
+3092: guard_value(i150, 149504, descr=<Guard0x150631970>) [p2, p7, p9, p11, p13, p15, p17, p19, p21, p23, p25, p27, p29, p31, p33, p35, p37, p0, p1, p3, p4]
+3108: i152 = instance_ptr_eq(p149, p127)
guard_true(i152, descr=<Guard0x1506319a0>) [p2, p7, p9, p11, p13, p15, p17, p19, p21, p23, p25, p27, p29, p31, p33, p35, p37, p0, p1, p3, p4]
+3116: p153 = getfield_gc_r(p147, descr=<FieldP rpyeffect.stack.MetaStackLike.inst_stack 8 pure>)
+3120: guard_class(p147, 4345800496, descr=<Guard0x1506319d0>) [p2, p7, p9, p11, p13, p15, p17, p19, p21, p23, p25, p27, p29, p31, p33, p35, p37, p0, p1, p3, p4]
+3136: p155 = getfield_gc_r(p147, descr=<FieldP rpyeffect.stack.MetaStack.inst_tail 32 pure>)
+3140: p156 = getfield_gc_r(p142, descr=<FieldP rpyeffect.stack.MetaStackLike.inst_stack 8 pure>)
+3144: guard_class(p142, ConstClass(MetaStackWithBinding), descr=<Guard0x150631a00>) [p2, p7, p9, p11, p13, p15, p17, p19, p21, p23, p25, p27, p29, p31, p33, p35, p37, p0, p1, p3, p4]
+3160: p158 = getfield_gc_r(p142, descr=<FieldP rpyeffect.stack.MetaStackWithBinding.inst_binding 40 pure>)
+3164: i160 = instance_ptr_eq(p158, ConstPtr(ptr159))
guard_false(i160, descr=<Guard0x150631a30>) [p2, p7, p9, p11, p13, p15, p17, p19, p21, p23, p25, p27, p29, p31, p33, p35, p37, p0, p1, p3, p4]
+3172: p161 = getfield_gc_r(p115, descr=<FieldP rpyeffect.stack.MetaStackLike.inst_stack 8 pure>)
+3176: p162 = getfield_gc_r(p108, descr=<FieldP rpyeffect.stack.MetaStackLike.inst_stack 8 pure>)
+3184: p163 = getfield_gc_r(p108, descr=<FieldP rpyeffect.stack.MetaStackWithBinding.inst_binding 40 pure>)
+3188: i165 = instance_ptr_eq(p163, ConstPtr(ptr164))
guard_false(i165, descr=<Guard0x150631a60>) [p2, p7, p9, p11, p13, p15, p17, p19, p21, p23, p25, p27, p29, p31, p33, p35, p37, p0, p1, p3, p4]
+3196: p166 = getfield_gc_r(p101, descr=<FieldP rpyeffect.stack.MetaStackLike.inst_stack 8 pure>)
+3204: p167 = getfield_gc_r(p101, descr=<FieldP rpyeffect.stack.MetaStackWithBinding.inst_binding 40 pure>)
+3208: i169 = instance_ptr_eq(p167, ConstPtr(ptr168))
guard_false(i169, descr=<Guard0x150631a90>) [p2, p7, p9, p11, p13, p15, p17, p19, p21, p23, p25, p27, p29, p31, p33, p35, p37, p0, p1, p3, p4]
+3216: p170 = getfield_gc_r(p94, descr=<FieldP rpyeffect.stack.MetaStackLike.inst_stack 8 pure>)
+3224: p171 = getfield_gc_r(p94, descr=<FieldP rpyeffect.stack.MetaStackWithBinding.inst_binding 40 pure>)
+3228: i173 = instance_ptr_eq(p171, ConstPtr(ptr172))
guard_false(i173, descr=<Guard0x150631ac0>) [p2, p7, p9, p11, p13, p15, p17, p19, p21, p23, p25, p27, p29, p31, p33, p35, p37, p0, p1, p3, p4]
+3236: p174 = getfield_gc_r(p87, descr=<FieldP rpyeffect.stack.MetaStackLike.inst_stack 8 pure>)
+3244: p175 = getfield_gc_r(p87, descr=<FieldP rpyeffect.stack.MetaStackWithBinding.inst_binding 40 pure>)
+3248: i177 = instance_ptr_eq(p175, ConstPtr(ptr176))
guard_false(i177, descr=<Guard0x150631af0>) [p2, p7, p9, p11, p13, p15, p17, p19, p21, p23, p25, p27, p29, p31, p33, p35, p37, p0, p1, p3, p4]
+3256: p178 = getfield_gc_r(p80, descr=<FieldP rpyeffect.stack.MetaStackLike.inst_stack 8 pure>)
+3264: p179 = getfield_gc_r(p80, descr=<FieldP rpyeffect.stack.MetaStackWithBinding.inst_binding 40 pure>)
+3268: i181 = instance_ptr_eq(p179, ConstPtr(ptr180))
guard_false(i181, descr=<Guard0x150631b20>) [p2, p7, p9, p11, p13, p15, p17, p19, p21, p23, p25, p27, p29, p31, p33, p35, p37, p0, p1, p3, p4]
+3276: p182 = getfield_gc_r(p73, descr=<FieldP rpyeffect.stack.MetaStackLike.inst_stack 8 pure>)
+3284: p183 = getfield_gc_r(p73, descr=<FieldP rpyeffect.stack.MetaStackWithBinding.inst_binding 40 pure>)
+3288: i185 = instance_ptr_eq(p183, ConstPtr(ptr184))
guard_false(i185, descr=<Guard0x150631b50>) [p2, p7, p9, p11, p13, p15, p17, p19, p21, p23, p25, p27, p29, p31, p33, p35, p37, p0, p1, p3, p4]
+3296: p186 = getfield_gc_r(p66, descr=<FieldP rpyeffect.stack.MetaStackLike.inst_stack 8 pure>)
+3304: p187 = getfield_gc_r(p66, descr=<FieldP rpyeffect.stack.MetaStackWithBinding.inst_binding 40 pure>)
+3308: i189 = instance_ptr_eq(p187, ConstPtr(ptr188))
guard_false(i189, descr=<Guard0x150631b80>) [p2, p7, p9, p11, p13, p15, p17, p19, p21, p23, p25, p27, p29, p31, p33, p35, p37, p0, p1, p3, p4]
+3316: p190 = getfield_gc_r(p59, descr=<FieldP rpyeffect.stack.MetaStackLike.inst_stack 8 pure>)
+3324: p191 = getfield_gc_r(p59, descr=<FieldP rpyeffect.stack.MetaStackWithBinding.inst_binding 40 pure>)
+3328: i193 = instance_ptr_eq(p191, ConstPtr(ptr192))
guard_false(i193, descr=<Guard0x150631bb0>) [p2, p7, p9, p11, p13, p15, p17, p19, p21, p23, p25, p27, p29, p31, p33, p35, p37, p0, p1, p3, p4]
+3336: p194 = getfield_gc_r(p3, descr=<FieldP rpyeffect.stack.MetaStackLike.inst_stack 8 pure>)
+3352: p195 = getfield_gc_r(p3, descr=<FieldP rpyeffect.stack.MetaStackWithBinding.inst_binding 40 pure>)
+3360: i197 = instance_ptr_eq(p195, ConstPtr(ptr196))
guard_false(i197, descr=<Guard0x150631be0>) [p2, p7, p9, p11, p13, p15, p17, p19, p21, p23, p25, p27, p29, p31, p33, p35, p37, p0, p1, p3, p4]
+3368: i199 = instance_ptr_eq(p4, ConstPtr(ptr198))
guard_false(i199, descr=<Guard0x150631c10>) [p2, p7, p9, p11, p13, p15, p17, p19, p21, p23, p25, p27, p29, p31, p33, p35, p37, p0, p1, p3, p4]
+3384: guard_nonnull_class(p155, 4345800496, descr=<Guard0x1505daf08>) [p2, p7, p9, p11, p13, p15, p17, p19, p21, p23, p25, p27, p29, p31, p33, p35, p37, p0, p1, p3, p4]
+3408: p201 = getfield_gc_r(p155, descr=<FieldP rpyeffect.stack.MetaStackLike.inst_stack 8 pure>)
+3412: p202 = getfield_gc_r(p155, descr=<FieldP rpyeffect.stack.MetaStack.inst_label 16 pure>)
+3420: p203 = getfield_gc_r(p155, descr=<FieldP rpyeffect.stack.MetaStack.inst_tail 32 pure>)
debug_merge_point(0, 0, '144<main.rpyeffect:131([method_Set_1@[mcore:[#60]#286]#313])>+2: {"op": "New". "out": 0. "targets": [143]. "args": {"any": [1. 0]}}')
debug_merge_point(0, 0, '144<main.rpyeffect:131([method_Set_1@[mcore:[#60]#286]#313])>+3: {"op": "Return". "args": {"any": [0]}}')
+3424: guard_nonnull(p201, descr=<Guard0x150631c40>) [p2, p7, p9, p11, p13, p15, p17, p19, p21, p23, p25, p27, p29, p31, p33, p35, p37, p0, p1, p3, p4]
+3432: i204 = getfield_gc_i(p201, descr=<FieldS rpyeffect.stored_environment.Stack__arb.inst_target 16 pure>)
+3440: guard_value(i204, 130, descr=<Guard0x150631c70>) [p2, p7, p9, p11, p13, p15, p17, p19, p21, p23, p25, p27, p29, p31, p33, p35, p37, p0, p1, p3, p4]
+3452: p206 = getfield_gc_r(p201, descr=<FieldP rpyeffect.stored_environment.Stack__1.inst_values_ptr_0 32 pure>)
+3452: p207 = getfield_gc_r(p201, descr=<FieldP rpyeffect.stored_environment.Stack__arb.inst_tail 8 pure>)
debug_merge_point(0, 0, '130<main.rpyeffect:117([k@[mcore:[#53]#277]#279])>+0: {"op": "Swap". "type": "any". "a": 0. "b". 1}')
debug_merge_point(0, 0, '130<main.rpyeffect:117([k@[mcore:[#53]#277]#279])>+1: {"op": "Invoke". "receiver": 1. "tag": Interned(apply). "args" : {"any": [0]}}')
debug_merge_point(0, 0, '143<main.rpyeffect:130([#318])>+0: {"op": "Jump". "target": 134}')
debug_merge_point(0, 0, '134<main.rpyeffect:121([mcore:[#57]#280])>+0: {"op": "Construct". "out": 0. "type": Interned({"op": "eff$Tuple". "elements": []}). "tag": Interned({"op": "eff$Tuple". "elements": []}). "args": {"any": []}}')
debug_merge_point(0, 0, '134<main.rpyeffect:121([mcore:[#57]#280])>+1: {"op": "Push". "target": 133. "args": {"any": [2]}}')
debug_merge_point(0, 0, '134<main.rpyeffect:121([mcore:[#57]#280])>+2: {"op": "Jump". "target": 132}')
debug_merge_point(0, 0, '132<main.rpyeffect:119(Name(k_100))>+0: {"op": "PushStack". "arg": 1}')
+3456: i209 = instance_ptr_eq(p158, ConstPtr(ptr208))
guard_false(i209, descr=<Guard0x150631ca0>) [p2, p7, p9, p11, p13, p15, p17, p19, p21, p23, p25, p27, p29, p31, p33, p35, p37, p0, p1, p3, p4]
+3464: i211 = instance_ptr_eq(p163, ConstPtr(ptr210))
guard_false(i211, descr=<Guard0x150631cd0>) [p2, p7, p9, p11, p13, p15, p17, p19, p21, p23, p25, p27, p29, p31, p33, p35, p37, p0, p1, p3, p4]
+3472: i213 = instance_ptr_eq(p167, ConstPtr(ptr212))
guard_false(i213, descr=<Guard0x150631d00>) [p2, p7, p9, p11, p13, p15, p17, p19, p21, p23, p25, p27, p29, p31, p33, p35, p37, p0, p1, p3, p4]
+3480: i215 = instance_ptr_eq(p171, ConstPtr(ptr214))
guard_false(i215, descr=<Guard0x150631d30>) [p2, p7, p9, p11, p13, p15, p17, p19, p21, p23, p25, p27, p29, p31, p33, p35, p37, p0, p1, p3, p4]
+3488: i217 = instance_ptr_eq(p175, ConstPtr(ptr216))
guard_false(i217, descr=<Guard0x150631d60>) [p2, p7, p9, p11, p13, p15, p17, p19, p21, p23, p25, p27, p29, p31, p33, p35, p37, p0, p1, p3, p4]
+3496: i219 = instance_ptr_eq(p179, ConstPtr(ptr218))
guard_false(i219, descr=<Guard0x150631d90>) [p2, p7, p9, p11, p13, p15, p17, p19, p21, p23, p25, p27, p29, p31, p33, p35, p37, p0, p1, p3, p4]
+3504: i221 = instance_ptr_eq(p183, ConstPtr(ptr220))
guard_false(i221, descr=<Guard0x150631dc0>) [p2, p7, p9, p11, p13, p15, p17, p19, p21, p23, p25, p27, p29, p31, p33, p35, p37, p0, p1, p3, p4]
+3512: i223 = instance_ptr_eq(p187, ConstPtr(ptr222))
guard_false(i223, descr=<Guard0x150631df0>) [p2, p7, p9, p11, p13, p15, p17, p19, p21, p23, p25, p27, p29, p31, p33, p35, p37, p0, p1, p3, p4]
+3520: i225 = instance_ptr_eq(p191, ConstPtr(ptr224))
guard_false(i225, descr=<Guard0x150631e20>) [p2, p7, p9, p11, p13, p15, p17, p19, p21, p23, p25, p27, p29, p31, p33, p35, p37, p0, p1, p3, p4]
+3528: i227 = instance_ptr_eq(p195, ConstPtr(ptr226))
guard_false(i227, descr=<Guard0x150631e50>) [p2, p7, p9, p11, p13, p15, p17, p19, p21, p23, p25, p27, p29, p31, p33, p35, p37, p0, p1, p3, p4]
+3536: i229 = instance_ptr_eq(p4, ConstPtr(ptr228))
guard_false(i229, descr=<Guard0x150631e80>) [p2, p7, p9, p11, p13, p15, p17, p19, p21, p23, p25, p27, p29, p31, p33, p35, p37, p0, p1, p3, p4]
debug_merge_point(0, 0, '132<main.rpyeffect:119(Name(k_100))>+1: {"op": "Return". "args": {"any": [0]}}')
debug_merge_point(0, 0, '94<main.rpyeffect:81([k@[#137]#145])>+0: {"op": "Construct". "out": 0. "type": Interned({"op": "eff$Tuple". "elements": []}). "tag": Interned({"op": "eff$Tuple". "elements": []}). "args": {"any": []}}')
debug_merge_point(0, 0, '94<main.rpyeffect:81([k@[#137]#145])>+1: {"op": "Const". "type": "ptr". "out": 1. "format": "string". "value": "Name(Get_0)"}')
debug_merge_point(0, 0, '94<main.rpyeffect:81([k@[#137]#145])>+2: {"op": "PrimOp". "name": "getGlobal(String): Ptr". "out": {"any": [1]}. "in": {"any": [1]}}')
debug_merge_point(0, 0, '94<main.rpyeffect:81([k@[#137]#145])>+3: {"op": "Const". "type": "ptr". "out": 2. "format": "string". "value": "Name(Set_1)"}')
debug_merge_point(0, 0, '94<main.rpyeffect:81([k@[#137]#145])>+4: {"op": "PrimOp". "name": "getGlobal(String): Ptr". "out": {"any": [2]}. "in": {"any": [2]}}')
debug_merge_point(0, 0, '94<main.rpyeffect:81([k@[#137]#145])>+5: {"op": "Jump". "target": 103}')
debug_merge_point(0, 0, '103<main.rpyeffect:90(Name(countdown_48))>+0: {"op": "Const". "type": "ptr". "out": 0. "format": "int". "value": "<IntValue object at 0x1505df6d0>"}')
debug_merge_point(0, 0, '103<main.rpyeffect:90(Name(countdown_48))>+1: {"op": "Const". "type": "ptr". "out": 1. "format": "string". "value": "Name(Get_0)"}')
debug_merge_point(0, 0, '103<main.rpyeffect:90(Name(countdown_48))>+2: {"op": "PrimOp". "name": "getGlobal(String): Ptr". "out": {"any": [1]}. "in": {"any": [1]}}')
debug_merge_point(0, 0, '103<main.rpyeffect:90(Name(countdown_48))>+3: {"op": "GetDynamic". "out": 0. "n": 0. "label": 1}')
+3548: i231 = instance_ptr_eq(p0, ConstPtr(ptr230))
guard_false(i231, descr=<Guard0x150631eb0>) [p2, p7, p9, p11, p13, p15, p17, p19, p21, p23, p25, p27, p29, p31, p33, p35, p37, p0, p1, p3, p4]
+3564: i233 = instance_ptr_eq(p56, ConstPtr(ptr232))
guard_false(i233, descr=<Guard0x150631ee0>) [p2, p7, p9, p11, p13, p15, p17, p19, p21, p23, p25, p27, p29, p31, p33, p35, p37, p0, p1, p3, p4]
+3580: i235 = instance_ptr_eq(p63, ConstPtr(ptr234))
guard_false(i235, descr=<Guard0x150631f10>) [p2, p7, p9, p11, p13, p15, p17, p19, p21, p23, p25, p27, p29, p31, p33, p35, p37, p0, p1, p3, p4]
+3592: i237 = instance_ptr_eq(p70, ConstPtr(ptr236))
guard_false(i237, descr=<Guard0x150631f40>) [p2, p7, p9, p11, p13, p15, p17, p19, p21, p23, p25, p27, p29, p31, p33, p35, p37, p0, p1, p3, p4]
+3604: i239 = instance_ptr_eq(p77, ConstPtr(ptr238))
guard_false(i239, descr=<Guard0x150631f70>) [p2, p7, p9, p11, p13, p15, p17, p19, p21, p23, p25, p27, p29, p31, p33, p35, p37, p0, p1, p3, p4]
+3616: i241 = instance_ptr_eq(p84, ConstPtr(ptr240))
guard_false(i241, descr=<Guard0x150631fa0>) [p2, p7, p9, p11, p13, p15, p17, p19, p21, p23, p25, p27, p29, p31, p33, p35, p37, p0, p1, p3, p4]
+3628: i243 = instance_ptr_eq(p91, ConstPtr(ptr242))
guard_false(i243, descr=<Guard0x150631fd0>) [p2, p7, p9, p11, p13, p15, p17, p19, p21, p23, p25, p27, p29, p31, p33, p35, p37, p0, p1, p3, p4]
+3640: i245 = instance_ptr_eq(p98, ConstPtr(ptr244))
guard_false(i245, descr=<Guard0x150636020>) [p2, p7, p9, p11, p13, p15, p17, p19, p21, p23, p25, p27, p29, p31, p33, p35, p37, p0, p1, p3, p4]
+3652: i247 = instance_ptr_eq(p105, ConstPtr(ptr246))
guard_false(i247, descr=<Guard0x150636050>) [p2, p7, p9, p11, p13, p15, p17, p19, p21, p23, p25, p27, p29, p31, p33, p35, p37, p0, p1, p3, p4]
+3664: i249 = instance_ptr_eq(p112, ConstPtr(ptr248))
guard_false(i249, descr=<Guard0x150636080>) [p2, p7, p9, p11, p13, p15, p17, p19, p21, p23, p25, p27, p29, p31, p33, p35, p37, p0, p1, p3, p4]
+3676: i251 = instance_ptr_eq(p119, ConstPtr(ptr250))
guard_false(i251, descr=<Guard0x1506360b0>) [p2, p7, p9, p11, p13, p15, p17, p19, p21, p23, p25, p27, p29, p31, p33, p35, p37, p0, p1, p3, p4]
+3688: i253 = instance_ptr_eq(p144, ConstPtr(ptr252))
guard_true(i253, descr=<Guard0x1506360e0>) [p2, p7, p9, p11, p13, p15, p17, p19, p21, p23, p25, p27, p29, p31, p33, p35, p37, p0, p1, p3, p4]
debug_merge_point(0, 0, '103<main.rpyeffect:90(Name(countdown_48))>+4: {"op": "Construct". "out": 1. "type": Interned({"op": "eff$Tuple". "elements": []}). "tag": Interned({"op": "eff$Tuple". "elements": []}). "args": {"any": []}}')
debug_merge_point(0, 0, '103<main.rpyeffect:90(Name(countdown_48))>+5: {"op": "Push". "target": 102. "args": {"any": []}}')
debug_merge_point(0, 0, '103<main.rpyeffect:90(Name(countdown_48))>+6: {"op": "Swap". "type": "any". "a": 0. "b". 1}')
debug_merge_point(0, 0, '103<main.rpyeffect:90(Name(countdown_48))>+7: {"op": "Invoke". "receiver": 1. "tag": Interned(Get_0). "args" : {"any": [0]}}')
+3700: p254 = getfield_gc_r(p158, descr=<FieldP rpyeffect.codata.CoData.inst_vtable 8 pure>)
+3708: guard_value(p254, ConstPtr(ptr255), descr=<Guard0x150636110>) [p2, p7, p9, p11, p13, p15, p17, p19, p21, p23, p25, p27, p29, p31, p33, p35, p37, p0, p1, p3, p4]
+3716: p256 = getfield_gc_r(p158, descr=<FieldP rpyeffect.stored_environment.CoData__1.inst_values_ptr_0 24 pure>)
debug_merge_point(0, 0, '141<main.rpyeffect:128([method_Get_0@[mcore:[#60]#286]#295])>+0: {"op": "Const". "type": "ptr". "out": 2. "format": "int". "value": "<IntValue object at 0x150604080>"}')
debug_merge_point(0, 0, '141<main.rpyeffect:128([method_Get_0@[mcore:[#60]#286]#295])>+1: {"op": "ShiftDyn". "out": 1. "n": 2. "label": 1}')
+3720: i258 = instance_ptr_eq(p4, ConstPtr(ptr257))
guard_false(i258, descr=<Guard0x150636140>) [p2, p7, p9, p11, p13, p15, p17, p19, p21, p23, p25, p27, p29, p31, p33, p35, p37, p0, p1, p3, p4]
+3728: guard_nonnull(p256, descr=<Guard0x150636170>) [p2, p7, p9, p11, p13, p15, p17, p19, p21, p23, p25, p27, p29, p31, p33, p35, p37, p0, p1, p3, p4]
+3736: i259 = getfield_gc_i(p256, descr=<FieldS rpyeffect.stack.Label.inst_origin 8 pure>)
+3740: guard_value(i259, 149504, descr=<Guard0x1506361a0>) [p2, p7, p9, p11, p13, p15, p17, p19, p21, p23, p25, p27, p29, p31, p33, p35, p37, p0, p1, p3, p4]
+3760: i261 = instance_ptr_eq(p149, p256)
guard_true(i261, descr=<Guard0x1506361d0>) [p2, p7, p9, p11, p13, p15, p17, p19, p21, p23, p25, p27, p29, p31, p33, p35, p37, p0, p1, p3, p4]
+3768: i263 = instance_ptr_eq(p163, ConstPtr(ptr262))
guard_false(i263, descr=<Guard0x150636200>) [p2, p7, p9, p11, p13, p15, p17, p19, p21, p23, p25, p27, p29, p31, p33, p35, p37, p0, p1, p3, p4]
+3776: i265 = instance_ptr_eq(p167, ConstPtr(ptr264))
guard_false(i265, descr=<Guard0x150636230>) [p2, p7, p9, p11, p13, p15, p17, p19, p21, p23, p25, p27, p29, p31, p33, p35, p37, p0, p1, p3, p4]
+3784: i267 = instance_ptr_eq(p171, ConstPtr(ptr266))
guard_false(i267, descr=<Guard0x150636260>) [p2, p7, p9, p11, p13, p15, p17, p19, p21, p23, p25, p27, p29, p31, p33, p35, p37, p0, p1, p3, p4]
+3792: i269 = instance_ptr_eq(p175, ConstPtr(ptr268))
guard_false(i269, descr=<Guard0x150636290>) [p2, p7, p9, p11, p13, p15, p17, p19, p21, p23, p25, p27, p29, p31, p33, p35, p37, p0, p1, p3, p4]
+3800: i271 = instance_ptr_eq(p179, ConstPtr(ptr270))
guard_false(i271, descr=<Guard0x1506362c0>) [p2, p7, p9, p11, p13, p15, p17, p19, p21, p23, p25, p27, p29, p31, p33, p35, p37, p0, p1, p3, p4]
+3808: i273 = instance_ptr_eq(p183, ConstPtr(ptr272))
guard_false(i273, descr=<Guard0x1506362f0>) [p2, p7, p9, p11, p13, p15, p17, p19, p21, p23, p25, p27, p29, p31, p33, p35, p37, p0, p1, p3, p4]
+3816: i275 = instance_ptr_eq(p187, ConstPtr(ptr274))
guard_false(i275, descr=<Guard0x150636320>) [p2, p7, p9, p11, p13, p15, p17, p19, p21, p23, p25, p27, p29, p31, p33, p35, p37, p0, p1, p3, p4]
+3824: i277 = instance_ptr_eq(p191, ConstPtr(ptr276))
guard_false(i277, descr=<Guard0x150636350>) [p2, p7, p9, p11, p13, p15, p17, p19, p21, p23, p25, p27, p29, p31, p33, p35, p37, p0, p1, p3, p4]
+3832: i279 = instance_ptr_eq(p195, ConstPtr(ptr278))
guard_false(i279, descr=<Guard0x150636380>) [p2, p7, p9, p11, p13, p15, p17, p19, p21, p23, p25, p27, p29, p31, p33, p35, p37, p0, p1, p3, p4]
+3840: i281 = instance_ptr_eq(p4, ConstPtr(ptr280))
guard_false(i281, descr=<Guard0x1506363b0>) [p2, p7, p9, p11, p13, p15, p17, p19, p21, p23, p25, p27, p29, p31, p33, p35, p37, p0, p1, p3, p4]
debug_merge_point(0, 0, '141<main.rpyeffect:128([method_Get_0@[mcore:[#60]#286]#295])>+2: {"op": "Swap". "type": "any". "a": 0. "b". 1}')
debug_merge_point(0, 0, '141<main.rpyeffect:128([method_Get_0@[mcore:[#60]#286]#295])>+3: {"op": "Match". "type": Interned({"op": "eff$Tuple". "elements": []}). "scrutinee": 1. "clauses": [{"tag": Interned({"op": "eff$Tuple". "elements": []}). "target": 140. "args": {"any": []}}]. "default": {"tag": Interned(41b1bfef-200c-4387-9909-7d6749a1bc5d#[Missing Tag#486]). "target": 138. "args": {"any": []}}}')
debug_merge_point(0, 0, '140<main.rpyeffect:127([#301])>+0: {"op": "New". "out": 0. "targets": [139]. "args": {"any": [0]}}')
debug_merge_point(0, 0, '140<main.rpyeffect:127([#301])>+1: {"op": "Return". "args": {"any": [0]}}')
debug_merge_point(0, 0, '133<main.rpyeffect:120([k@[mcore:[#57]#280]#284])>+0: {"op": "Swap". "type": "any". "a": 0. "b". 1}')
debug_merge_point(0, 0, '133<main.rpyeffect:120([k@[mcore:[#57]#280]#284])>+1: {"op": "Invoke". "receiver": 1. "tag": Interned(apply). "args" : {"any": [0]}}')
debug_merge_point(0, 0, '139<main.rpyeffect:126([method_apply@[#301]#304])>+0: {"op": "Jump". "target": 131}')
debug_merge_point(0, 0, '131<main.rpyeffect:118([mcore:[#53]#277])>+0: {"op": "Push". "target": 130. "args": {"any": [0]}}')
debug_merge_point(0, 0, '131<main.rpyeffect:118([mcore:[#53]#277])>+1: {"op": "Jump". "target": 129}')
debug_merge_point(0, 0, '129<main.rpyeffect:116(Name(k_96))>+0: {"op": "PushStack". "arg": 1}')
+3848: i283 = instance_ptr_eq(p163, ConstPtr(ptr282))
guard_false(i283, descr=<Guard0x1506363e0>) [p2, p7, p9, p11, p13, p15, p17, p19, p21, p23, p25, p27, p29, p31, p33, p35, p37, p0, p1, p3, p4]
+3856: i285 = instance_ptr_eq(p167, ConstPtr(ptr284))
guard_false(i285, descr=<Guard0x150636410>) [p2, p7, p9, p11, p13, p15, p17, p19, p21, p23, p25, p27, p29, p31, p33, p35, p37, p0, p1, p3, p4]
+3864: i287 = instance_ptr_eq(p171, ConstPtr(ptr286))
guard_false(i287, descr=<Guard0x150636440>) [p2, p7, p9, p11, p13, p15, p17, p19, p21, p23, p25, p27, p29, p31, p33, p35, p37, p0, p1, p3, p4]
+3872: i289 = instance_ptr_eq(p175, ConstPtr(ptr288))
guard_false(i289, descr=<Guard0x150636470>) [p2, p7, p9, p11, p13, p15, p17, p19, p21, p23, p25, p27, p29, p31, p33, p35, p37, p0, p1, p3, p4]
+3880: i291 = instance_ptr_eq(p179, ConstPtr(ptr290))
guard_false(i291, descr=<Guard0x1506364a0>) [p2, p7, p9, p11, p13, p15, p17, p19, p21, p23, p25, p27, p29, p31, p33, p35, p37, p0, p1, p3, p4]
+3888: i293 = instance_ptr_eq(p183, ConstPtr(ptr292))
guard_false(i293, descr=<Guard0x1506364d0>) [p2, p7, p9, p11, p13, p15, p17, p19, p21, p23, p25, p27, p29, p31, p33, p35, p37, p0, p1, p3, p4]
+3896: i295 = instance_ptr_eq(p187, ConstPtr(ptr294))
guard_false(i295, descr=<Guard0x150636500>) [p2, p7, p9, p11, p13, p15, p17, p19, p21, p23, p25, p27, p29, p31, p33, p35, p37, p0, p1, p3, p4]
+3904: i297 = instance_ptr_eq(p191, ConstPtr(ptr296))
guard_false(i297, descr=<Guard0x150636530>) [p2, p7, p9, p11, p13, p15, p17, p19, p21, p23, p25, p27, p29, p31, p33, p35, p37, p0, p1, p3, p4]
+3912: i299 = instance_ptr_eq(p195, ConstPtr(ptr298))
guard_false(i299, descr=<Guard0x150636560>) [p2, p7, p9, p11, p13, p15, p17, p19, p21, p23, p25, p27, p29, p31, p33, p35, p37, p0, p1, p3, p4]
+3920: i301 = instance_ptr_eq(p4, ConstPtr(ptr300))
guard_false(i301, descr=<Guard0x150636590>) [p2, p7, p9, p11, p13, p15, p17, p19, p21, p23, p25, p27, p29, p31, p33, p35, p37, p0, p1, p3, p4]
debug_merge_point(0, 0, '129<main.rpyeffect:116(Name(k_96))>+1: {"op": "Return". "args": {"any": [0]}}')
debug_merge_point(0, 0, '102<main.rpyeffect:89([k@Name(countdown_48)#122])>+0: {"op": "Push". "target": 101. "args": {"any": [0]}}')
debug_merge_point(0, 0, '102<main.rpyeffect:89([k@Name(countdown_48)#122])>+1: {"op": "Jump". "target": 15}')
debug_merge_point(0, 0, '15<main.rpyeffect:2(Name(=_0))>+0: {"op": "New". "out": 0. "targets": [14]. "args": {"any": [0]}}')
+3928: label(p0, p41, i48, p2, p194, p56, p190, p63, p186, p70, p182, p77, p178, p84, p174, p91, p170, p98, p166, p105, p162, p112, p161, p119, p156, p144, p153, p149, p207, p202, p203, p158, p124, p163, p167, p171, p175, p179, p183, p187, p191, p195, p4, p13, p15, p17, p19, p21, p23, p25, p27, p29, p31, p33, p35, p37, p127, p256, descr=TargetToken(5643391328))
debug_merge_point(0, 0, '15<main.rpyeffect:2(Name(=_0))>+0: {"op": "New". "out": 0. "targets": [14]. "args": {"any": [0]}}')
+3928: guard_not_invalidated(descr=<Guard0x1505daf50>) [p2, p13, p15, p17, p19, p21, p23, p25, p27, p29, p31, p33, p35, p37, p0, p4, p207, p203, p202, p149, p153, p158, p144, p156, p124, p119, p161, p163, p112, p162, p167, p105, p166, p171, p98, p170, p175, p91, p174, p179, p84, p178, p183, p77, p182, p187, p70, p186, p191, p63, p190, p195, p56, p194, p41, i48]
debug_merge_point(0, 0, '15<main.rpyeffect:2(Name(=_0))>+1: {"op": "Return". "args": {"any": [0]}}')
debug_merge_point(0, 0, '101<main.rpyeffect:88([k@[k@Name(countdown_48)#122]#124])>+0: {"op": "Const". "type": "ptr". "out": 2. "format": "int". "value": "<IntValue object at 0x1505df720>"}')
debug_merge_point(0, 0, '101<main.rpyeffect:88([k@[k@Name(countdown_48)#122]#124])>+1: {"op": "Push". "target": 100. "args": {"any": [1]}}')
debug_merge_point(0, 0, '101<main.rpyeffect:88([k@[k@Name(countdown_48)#122]#124])>+2: {"op": "Copy". "type": "any". "from": 0. "to". 1}')
debug_merge_point(0, 0, '101<main.rpyeffect:88([k@[k@Name(countdown_48)#122]#124])>+3: {"op": "Copy". "type": "any". "from": 2. "to". 0}')
debug_merge_point(0, 0, '101<main.rpyeffect:88([k@[k@Name(countdown_48)#122]#124])>+4: {"op": "Invoke". "receiver": 1. "tag": Interned(apply). "args" : {"any": [0]}}')
debug_merge_point(0, 0, '14<main.rpyeffect:1([method_apply@Name(=_0)#6])>+0: {"op": "Jump". "target": 13}')
debug_merge_point(0, 0, '13<main.rpyeffect:0([mcore:[#12]#3])>+0: {"op": "PrimOp". "name": "equals(Any. Any): Bool". "out": {"any": [0]}. "in": {"any": [1. 0]}}')
+3932: i303 = int_eq(i48, 0)
debug_merge_point(0, 0, '13<main.rpyeffect:0([mcore:[#12]#3])>+1: {"op": "Return". "args": {"any": [0]}}')
debug_merge_point(0, 0, '100<main.rpyeffect:87([k@[k@[k@Name(countdown_48)#122]#124]#128])>+0: {"op": "Switch". "scrutinee": 0. "values": [<BoolValue object at 0x1505df730>]. "targets": [93]. "default": 99}')
guard_false(i303, descr=<Guard0x1506365c0>) [p2, p13, p15, p17, p19, p21, p23, p25, p27, p29, p31, p33, p35, p37, p0, p4, p207, p203, p202, p149, p153, p158, p144, p156, p124, p119, p161, p163, p112, p162, p167, p105, p166, p171, p98, p170, p175, p91, p174, p179, p84, p178, p183, p77, p182, p187, p70, p186, p191, p63, p190, p195, p56, p194, p41, i48]
debug_merge_point(0, 0, '99<main.rpyeffect:86([switch default case#130])>+0: {"op": "Swap". "type": "any". "a": 0. "b". 1}')
debug_merge_point(0, 0, '99<main.rpyeffect:86([switch default case#130])>+1: {"op": "Switch". "scrutinee": 1. "values": [<BoolValue object at 0x1505df740>]. "targets": [97]. "default": 98}')
debug_merge_point(0, 0, '97<main.rpyeffect:84([switch case for Bool(false)#131])>+0: {"op": "Push". "target": 96. "args": {"any": []}}')
debug_merge_point(0, 0, '97<main.rpyeffect:84([switch case for Bool(false)#131])>+1: {"op": "Jump". "target": 79}')
debug_merge_point(0, 0, '79<main.rpyeffect:66(Name(-_34))>+0: {"op": "New". "out": 0. "targets": [78]. "args": {"any": [0]}}')
debug_merge_point(0, 0, '79<main.rpyeffect:66(Name(-_34))>+1: {"op": "Return". "args": {"any": [0]}}')
debug_merge_point(0, 0, '96<main.rpyeffect:83([k@[switch case for Bool(false)#131]#133])>+0: {"op": "Const". "type": "ptr". "out": 1. "format": "int". "value": "<IntValue object at 0x1505df800>"}')
debug_merge_point(0, 0, '96<main.rpyeffect:83([k@[switch case for Bool(false)#131]#133])>+1: {"op": "Push". "target": 95. "args": {"any": []}}')
debug_merge_point(0, 0, '96<main.rpyeffect:83([k@[switch case for Bool(false)#131]#133])>+2: {"op": "Swap". "type": "any". "a": 0. "b". 1}')
debug_merge_point(0, 0, '96<main.rpyeffect:83([k@[switch case for Bool(false)#131]#133])>+3: {"op": "Invoke". "receiver": 1. "tag": Interned(apply). "args" : {"any": [0]}}')
debug_merge_point(0, 0, '78<main.rpyeffect:65([method_apply@Name(-_34)#96])>+0: {"op": "Jump". "target": 77}')
debug_merge_point(0, 0, '77<main.rpyeffect:64([mcore:[#28]#93])>+0: {"op": "PrimOp". "name": "infixSub(Int. Int): Int". "out": {"any": [0]}. "in": {"any": [1. 0]}}')
+3944: i305 = int_sub(i48, 1)
debug_merge_point(0, 0, '77<main.rpyeffect:64([mcore:[#28]#93])>+1: {"op": "Return". "args": {"any": [0]}}')
debug_merge_point(0, 0, '95<main.rpyeffect:82([#137])>+0: {"op": "Const". "type": "ptr". "out": 1. "format": "int". "value": "<IntValue object at 0x1505df880>"}')
debug_merge_point(0, 0, '95<main.rpyeffect:82([#137])>+1: {"op": "Const". "type": "ptr". "out": 2. "format": "string". "value": "Name(Set_1)"}')
debug_merge_point(0, 0, '95<main.rpyeffect:82([#137])>+2: {"op": "PrimOp". "name": "getGlobal(String): Ptr". "out": {"any": [2]}. "in": {"any": [2]}}')
debug_merge_point(0, 0, '95<main.rpyeffect:82([#137])>+3: {"op": "GetDynamic". "out": 1. "n": 1. "label": 2}')
+3952: i307 = instance_ptr_eq(p0, ConstPtr(ptr306))
guard_false(i307, descr=<Guard0x1506365f0>) [p2, p13, p15, p17, p19, p21, p23, p25, p27, p29, p31, p33, p35, p37, p0, p4, p207, p203, p202, p149, p153, p158, p144, p156, p124, p119, p161, p163, p112, p162, p167, p105, p166, p171, p98, p170, p175, p91, p174, p179, p84, p178, p183, p77, p182, p187, p70, p186, p191, p63, p190, p195, p56, p194, p41, i48]
+3960: i309 = instance_ptr_eq(p56, ConstPtr(ptr308))
guard_false(i309, descr=<Guard0x150636620>) [p2, p13, p15, p17, p19, p21, p23, p25, p27, p29, p31, p33, p35, p37, p0, p4, p207, p203, p202, p149, p153, p158, p144, p156, p124, p119, p161, p163, p112, p162, p167, p105, p166, p171, p98, p170, p175, p91, p174, p179, p84, p178, p183, p77, p182, p187, p70, p186, p191, p63, p190, p195, p56, p194, p41, i48]
+3976: i311 = instance_ptr_eq(p63, ConstPtr(ptr310))
guard_false(i311, descr=<Guard0x150636650>) [p2, p13, p15, p17, p19, p21, p23, p25, p27, p29, p31, p33, p35, p37, p0, p4, p207, p203, p202, p149, p153, p158, p144, p156, p124, p119, p161, p163, p112, p162, p167, p105, p166, p171, p98, p170, p175, p91, p174, p179, p84, p178, p183, p77, p182, p187, p70, p186, p191, p63, p190, p195, p56, p194, p41, i48]
+3988: i313 = instance_ptr_eq(p70, ConstPtr(ptr312))
guard_false(i313, descr=<Guard0x150636680>) [p2, p13, p15, p17, p19, p21, p23, p25, p27, p29, p31, p33, p35, p37, p0, p4, p207, p203, p202, p149, p153, p158, p144, p156, p124, p119, p161, p163, p112, p162, p167, p105, p166, p171, p98, p170, p175, p91, p174, p179, p84, p178, p183, p77, p182, p187, p70, p186, p191, p63, p190, p195, p56, p194, p41, i48]
+4004: i315 = instance_ptr_eq(p77, ConstPtr(ptr314))
guard_false(i315, descr=<Guard0x1506366b0>) [p2, p13, p15, p17, p19, p21, p23, p25, p27, p29, p31, p33, p35, p37, p0, p4, p207, p203, p202, p149, p153, p158, p144, p156, p124, p119, p161, p163, p112, p162, p167, p105, p166, p171, p98, p170, p175, p91, p174, p179, p84, p178, p183, p77, p182, p187, p70, p186, p191, p63, p190, p195, p56, p194, p41, i48]
+4016: i317 = instance_ptr_eq(p84, ConstPtr(ptr316))
guard_false(i317, descr=<Guard0x1506366e0>) [p2, p13, p15, p17, p19, p21, p23, p25, p27, p29, p31, p33, p35, p37, p0, p4, p207, p203, p202, p149, p153, p158, p144, p156, p124, p119, p161, p163, p112, p162, p167, p105, p166, p171, p98, p170, p175, p91, p174, p179, p84, p178, p183, p77, p182, p187, p70, p186, p191, p63, p190, p195, p56, p194, p41, i48]
+4028: i319 = instance_ptr_eq(p91, ConstPtr(ptr318))
guard_false(i319, descr=<Guard0x150636710>) [p2, p13, p15, p17, p19, p21, p23, p25, p27, p29, p31, p33, p35, p37, p0, p4, p207, p203, p202, p149, p153, p158, p144, p156, p124, p119, p161, p163, p112, p162, p167, p105, p166, p171, p98, p170, p175, p91, p174, p179, p84, p178, p183, p77, p182, p187, p70, p186, p191, p63, p190, p195, p56, p194, p41, i48]
+4040: i321 = instance_ptr_eq(p98, ConstPtr(ptr320))
guard_false(i321, descr=<Guard0x150636740>) [p2, p13, p15, p17, p19, p21, p23, p25, p27, p29, p31, p33, p35, p37, p0, p4, p207, p203, p202, p149, p153, p158, p144, p156, p124, p119, p161, p163, p112, p162, p167, p105, p166, p171, p98, p170, p175, p91, p174, p179, p84, p178, p183, p77, p182, p187, p70, p186, p191, p63, p190, p195, p56, p194, p41, i48]
+4052: i323 = instance_ptr_eq(p105, ConstPtr(ptr322))
guard_false(i323, descr=<Guard0x150636770>) [p2, p13, p15, p17, p19, p21, p23, p25, p27, p29, p31, p33, p35, p37, p0, p4, p207, p203, p202, p149, p153, p158, p144, p156, p124, p119, p161, p163, p112, p162, p167, p105, p166, p171, p98, p170, p175, p91, p174, p179, p84, p178, p183, p77, p182, p187, p70, p186, p191, p63, p190, p195, p56, p194, p41, i48]
+4064: i325 = instance_ptr_eq(p112, ConstPtr(ptr324))
guard_false(i325, descr=<Guard0x1506367a0>) [p2, p13, p15, p17, p19, p21, p23, p25, p27, p29, p31, p33, p35, p37, p0, p4, p207, p203, p202, p149, p153, p158, p144, p156, p124, p119, p161, p163, p112, p162, p167, p105, p166, p171, p98, p170, p175, p91, p174, p179, p84, p178, p183, p77, p182, p187, p70, p186, p191, p63, p190, p195, p56, p194, p41, i48]
+4076: i327 = instance_ptr_eq(p119, ConstPtr(ptr326))
guard_true(i327, descr=<Guard0x1506367d0>) [p2, p13, p15, p17, p19, p21, p23, p25, p27, p29, p31, p33, p35, p37, p0, p4, p207, p203, p202, p149, p153, p158, p144, p156, p124, p119, p161, p163, p112, p162, p167, p105, p166, p171, p98, p170, p175, p91, p174, p179, p84, p178, p183, p77, p182, p187, p70, p186, p191, p63, p190, p195, p56, p194, p41, i48]
debug_merge_point(0, 0, '95<main.rpyeffect:82([#137])>+4: {"op": "Push". "target": 94. "args": {"any": []}}')
debug_merge_point(0, 0, '95<main.rpyeffect:82([#137])>+5: {"op": "Invoke". "receiver": 1. "tag": Interned(Set_1). "args" : {"any": [0]}}')
debug_merge_point(0, 0, '144<main.rpyeffect:131([method_Set_1@[mcore:[#60]#286]#313])>+0: {"op": "Const". "type": "ptr". "out": 2. "format": "int". "value": "<IntValue object at 0x1505dffd0>"}')
debug_merge_point(0, 0, '144<main.rpyeffect:131([method_Set_1@[mcore:[#60]#286]#313])>+1: {"op": "ShiftDyn". "out": 1. "n": 2. "label": 1}')
+4092: i329 = instance_ptr_eq(p4, ConstPtr(ptr328))
guard_false(i329, descr=<Guard0x150636800>) [p2, p13, p15, p17, p19, p21, p23, p25, p27, p29, p31, p33, p35, p37, p0, p4, p207, p203, p202, p149, p153, p158, p144, p156, p124, p119, p161, p163, p112, p162, p167, p105, p166, p171, p98, p170, p175, p91, p174, p179, p84, p178, p183, p77, p182, p187, p70, p186, p191, p63, p190, p195, p56, p194, p41, i48]
+4100: i330 = instance_ptr_eq(p149, p127)
guard_true(i330, descr=<Guard0x150636830>) [p2, p13, p15, p17, p19, p21, p23, p25, p27, p29, p31, p33, p35, p37, p0, p4, p207, p203, p202, p149, p153, p158, p144, p156, p124, p119, p161, p163, p112, p162, p167, p105, p166, p171, p98, p170, p175, p91, p174, p179, p84, p178, p183, p77, p182, p187, p70, p186, p191, p63, p190, p195, p56, p194, p41, i48]
+4112: i332 = instance_ptr_eq(p163, ConstPtr(ptr331))
guard_false(i332, descr=<Guard0x150636860>) [p2, p13, p15, p17, p19, p21, p23, p25, p27, p29, p31, p33, p35, p37, p0, p4, p207, p203, p202, p149, p153, p158, p144, p156, p124, p119, p161, p163, p112, p162, p167, p105, p166, p171, p98, p170, p175, p91, p174, p179, p84, p178, p183, p77, p182, p187, p70, p186, p191, p63, p190, p195, p56, p194, p41, i48]
+4120: i334 = instance_ptr_eq(p167, ConstPtr(ptr333))
guard_false(i334, descr=<Guard0x150636890>) [p2, p13, p15, p17, p19, p21, p23, p25, p27, p29, p31, p33, p35, p37, p0, p4, p207, p203, p202, p149, p153, p158, p144, p156, p124, p119, p161, p163, p112, p162, p167, p105, p166, p171, p98, p170, p175, p91, p174, p179, p84, p178, p183, p77, p182, p187, p70, p186, p191, p63, p190, p195, p56, p194, p41, i48]
+4128: i336 = instance_ptr_eq(p171, ConstPtr(ptr335))
guard_false(i336, descr=<Guard0x1506368c0>) [p2, p13, p15, p17, p19, p21, p23, p25, p27, p29, p31, p33, p35, p37, p0, p4, p207, p203, p202, p149, p153, p158, p144, p156, p124, p119, p161, p163, p112, p162, p167, p105, p166, p171, p98, p170, p175, p91, p174, p179, p84, p178, p183, p77, p182, p187, p70, p186, p191, p63, p190, p195, p56, p194, p41, i48]
+4136: i338 = instance_ptr_eq(p175, ConstPtr(ptr337))
guard_false(i338, descr=<Guard0x1506368f0>) [p2, p13, p15, p17, p19, p21, p23, p25, p27, p29, p31, p33, p35, p37, p0, p4, p207, p203, p202, p149, p153, p158, p144, p156, p124, p119, p161, p163, p112, p162, p167, p105, p166, p171, p98, p170, p175, p91, p174, p179, p84, p178, p183, p77, p182, p187, p70, p186, p191, p63, p190, p195, p56, p194, p41, i48]
+4144: i340 = instance_ptr_eq(p179, ConstPtr(ptr339))
guard_false(i340, descr=<Guard0x150636920>) [p2, p13, p15, p17, p19, p21, p23, p25, p27, p29, p31, p33, p35, p37, p0, p4, p207, p203, p202, p149, p153, p158, p144, p156, p124, p119, p161, p163, p112, p162, p167, p105, p166, p171, p98, p170, p175, p91, p174, p179, p84, p178, p183, p77, p182, p187, p70, p186, p191, p63, p190, p195, p56, p194, p41, i48]
+4152: i342 = instance_ptr_eq(p183, ConstPtr(ptr341))
guard_false(i342, descr=<Guard0x150636950>) [p2, p13, p15, p17, p19, p21, p23, p25, p27, p29, p31, p33, p35, p37, p0, p4, p207, p203, p202, p149, p153, p158, p144, p156, p124, p119, p161, p163, p112, p162, p167, p105, p166, p171, p98, p170, p175, p91, p174, p179, p84, p178, p183, p77, p182, p187, p70, p186, p191, p63, p190, p195, p56, p194, p41, i48]
+4160: i344 = instance_ptr_eq(p187, ConstPtr(ptr343))
guard_false(i344, descr=<Guard0x150636980>) [p2, p13, p15, p17, p19, p21, p23, p25, p27, p29, p31, p33, p35, p37, p0, p4, p207, p203, p202, p149, p153, p158, p144, p156, p124, p119, p161, p163, p112, p162, p167, p105, p166, p171, p98, p170, p175, p91, p174, p179, p84, p178, p183, p77, p182, p187, p70, p186, p191, p63, p190, p195, p56, p194, p41, i48]
+4168: i346 = instance_ptr_eq(p191, ConstPtr(ptr345))
guard_false(i346, descr=<Guard0x1506369b0>) [p2, p13, p15, p17, p19, p21, p23, p25, p27, p29, p31, p33, p35, p37, p0, p4, p207, p203, p202, p149, p153, p158, p144, p156, p124, p119, p161, p163, p112, p162, p167, p105, p166, p171, p98, p170, p175, p91, p174, p179, p84, p178, p183, p77, p182, p187, p70, p186, p191, p63, p190, p195, p56, p194, p41, i48]
+4176: i348 = instance_ptr_eq(p195, ConstPtr(ptr347))
guard_false(i348, descr=<Guard0x1506369e0>) [p2, p13, p15, p17, p19, p21, p23, p25, p27, p29, p31, p33, p35, p37, p0, p4, p207, p203, p202, p149, p153, p158, p144, p156, p124, p119, p161, p163, p112, p162, p167, p105, p166, p171, p98, p170, p175, p91, p174, p179, p84, p178, p183, p77, p182, p187, p70, p186, p191, p63, p190, p195, p56, p194, p41, i48]
+4184: i350 = instance_ptr_eq(p4, ConstPtr(ptr349))
guard_false(i350, descr=<Guard0x150636a10>) [p2, p13, p15, p17, p19, p21, p23, p25, p27, p29, p31, p33, p35, p37, p0, p4, p207, p203, p202, p149, p153, p158, p144, p156, p124, p119, p161, p163, p112, p162, p167, p105, p166, p171, p98, p170, p175, p91, p174, p179, p84, p178, p183, p77, p182, p187, p70, p186, p191, p63, p190, p195, p56, p194, p41, i48]
debug_merge_point(0, 0, '144<main.rpyeffect:131([method_Set_1@[mcore:[#60]#286]#313])>+2: {"op": "New". "out": 0. "targets": [143]. "args": {"any": [1. 0]}}')
debug_merge_point(0, 0, '144<main.rpyeffect:131([method_Set_1@[mcore:[#60]#286]#313])>+3: {"op": "Return". "args": {"any": [0]}}')
debug_merge_point(0, 0, '130<main.rpyeffect:117([k@[mcore:[#53]#277]#279])>+0: {"op": "Swap". "type": "any". "a": 0. "b". 1}')
debug_merge_point(0, 0, '130<main.rpyeffect:117([k@[mcore:[#53]#277]#279])>+1: {"op": "Invoke". "receiver": 1. "tag": Interned(apply). "args" : {"any": [0]}}')
debug_merge_point(0, 0, '143<main.rpyeffect:130([#318])>+0: {"op": "Jump". "target": 134}')
debug_merge_point(0, 0, '134<main.rpyeffect:121([mcore:[#57]#280])>+0: {"op": "Construct". "out": 0. "type": Interned({"op": "eff$Tuple". "elements": []}). "tag": Interned({"op": "eff$Tuple". "elements": []}). "args": {"any": []}}')
debug_merge_point(0, 0, '134<main.rpyeffect:121([mcore:[#57]#280])>+1: {"op": "Push". "target": 133. "args": {"any": [2]}}')
debug_merge_point(0, 0, '134<main.rpyeffect:121([mcore:[#57]#280])>+2: {"op": "Jump". "target": 132}')
debug_merge_point(0, 0, '132<main.rpyeffect:119(Name(k_100))>+0: {"op": "PushStack". "arg": 1}')
+4192: i352 = instance_ptr_eq(p163, ConstPtr(ptr351))
guard_false(i352, descr=<Guard0x150636a40>) [p2, p13, p15, p17, p19, p21, p23, p25, p27, p29, p31, p33, p35, p37, p0, p4, p207, p203, p202, p149, p153, p158, p144, p156, p124, p119, p161, p163, p112, p162, p167, p105, p166, p171, p98, p170, p175, p91, p174, p179, p84, p178, p183, p77, p182, p187, p70, p186, p191, p63, p190, p195, p56, p194, p41, i48]
+4200: i354 = instance_ptr_eq(p167, ConstPtr(ptr353))
guard_false(i354, descr=<Guard0x150636a70>) [p2, p13, p15, p17, p19, p21, p23, p25, p27, p29, p31, p33, p35, p37, p0, p4, p207, p203, p202, p149, p153, p158, p144, p156, p124, p119, p161, p163, p112, p162, p167, p105, p166, p171, p98, p170, p175, p91, p174, p179, p84, p178, p183, p77, p182, p187, p70, p186, p191, p63, p190, p195, p56, p194, p41, i48]
+4208: i356 = instance_ptr_eq(p171, ConstPtr(ptr355))
guard_false(i356, descr=<Guard0x150636aa0>) [p2, p13, p15, p17, p19, p21, p23, p25, p27, p29, p31, p33, p35, p37, p0, p4, p207, p203, p202, p149, p153, p158, p144, p156, p124, p119, p161, p163, p112, p162, p167, p105, p166, p171, p98, p170, p175, p91, p174, p179, p84, p178, p183, p77, p182, p187, p70, p186, p191, p63, p190, p195, p56, p194, p41, i48]
+4216: i358 = instance_ptr_eq(p175, ConstPtr(ptr357))
guard_false(i358, descr=<Guard0x150636ad0>) [p2, p13, p15, p17, p19, p21, p23, p25, p27, p29, p31, p33, p35, p37, p0, p4, p207, p203, p202, p149, p153, p158, p144, p156, p124, p119, p161, p163, p112, p162, p167, p105, p166, p171, p98, p170, p175, p91, p174, p179, p84, p178, p183, p77, p182, p187, p70, p186, p191, p63, p190, p195, p56, p194, p41, i48]
+4224: i360 = instance_ptr_eq(p179, ConstPtr(ptr359))
guard_false(i360, descr=<Guard0x150636b00>) [p2, p13, p15, p17, p19, p21, p23, p25, p27, p29, p31, p33, p35, p37, p0, p4, p207, p203, p202, p149, p153, p158, p144, p156, p124, p119, p161, p163, p112, p162, p167, p105, p166, p171, p98, p170, p175, p91, p174, p179, p84, p178, p183, p77, p182, p187, p70, p186, p191, p63, p190, p195, p56, p194, p41, i48]
+4232: i362 = instance_ptr_eq(p183, ConstPtr(ptr361))
guard_false(i362, descr=<Guard0x150636b30>) [p2, p13, p15, p17, p19, p21, p23, p25, p27, p29, p31, p33, p35, p37, p0, p4, p207, p203, p202, p149, p153, p158, p144, p156, p124, p119, p161, p163, p112, p162, p167, p105, p166, p171, p98, p170, p175, p91, p174, p179, p84, p178, p183, p77, p182, p187, p70, p186, p191, p63, p190, p195, p56, p194, p41, i48]
+4240: i364 = instance_ptr_eq(p187, ConstPtr(ptr363))
guard_false(i364, descr=<Guard0x150636b60>) [p2, p13, p15, p17, p19, p21, p23, p25, p27, p29, p31, p33, p35, p37, p0, p4, p207, p203, p202, p149, p153, p158, p144, p156, p124, p119, p161, p163, p112, p162, p167, p105, p166, p171, p98, p170, p175, p91, p174, p179, p84, p178, p183, p77, p182, p187, p70, p186, p191, p63, p190, p195, p56, p194, p41, i48]
+4248: i366 = instance_ptr_eq(p191, ConstPtr(ptr365))
guard_false(i366, descr=<Guard0x150636b90>) [p2, p13, p15, p17, p19, p21, p23, p25, p27, p29, p31, p33, p35, p37, p0, p4, p207, p203, p202, p149, p153, p158, p144, p156, p124, p119, p161, p163, p112, p162, p167, p105, p166, p171, p98, p170, p175, p91, p174, p179, p84, p178, p183, p77, p182, p187, p70, p186, p191, p63, p190, p195, p56, p194, p41, i48]
+4256: i368 = instance_ptr_eq(p195, ConstPtr(ptr367))
guard_false(i368, descr=<Guard0x150636bc0>) [p2, p13, p15, p17, p19, p21, p23, p25, p27, p29, p31, p33, p35, p37, p0, p4, p207, p203, p202, p149, p153, p158, p144, p156, p124, p119, p161, p163, p112, p162, p167, p105, p166, p171, p98, p170, p175, p91, p174, p179, p84, p178, p183, p77, p182, p187, p70, p186, p191, p63, p190, p195, p56, p194, p41, i48]
+4264: i370 = instance_ptr_eq(p4, ConstPtr(ptr369))
guard_false(i370, descr=<Guard0x150636bf0>) [p2, p13, p15, p17, p19, p21, p23, p25, p27, p29, p31, p33, p35, p37, p0, p4, p207, p203, p202, p149, p153, p158, p144, p156, p124, p119, p161, p163, p112, p162, p167, p105, p166, p171, p98, p170, p175, p91, p174, p179, p84, p178, p183, p77, p182, p187, p70, p186, p191, p63, p190, p195, p56, p194, p41, i48]
debug_merge_point(0, 0, '132<main.rpyeffect:119(Name(k_100))>+1: {"op": "Return". "args": {"any": [0]}}')
debug_merge_point(0, 0, '94<main.rpyeffect:81([k@[#137]#145])>+0: {"op": "Construct". "out": 0. "type": Interned({"op": "eff$Tuple". "elements": []}). "tag": Interned({"op": "eff$Tuple". "elements": []}). "args": {"any": []}}')
debug_merge_point(0, 0, '94<main.rpyeffect:81([k@[#137]#145])>+1: {"op": "Const". "type": "ptr". "out": 1. "format": "string". "value": "Name(Get_0)"}')
debug_merge_point(0, 0, '94<main.rpyeffect:81([k@[#137]#145])>+2: {"op": "PrimOp". "name": "getGlobal(String): Ptr". "out": {"any": [1]}. "in": {"any": [1]}}')
debug_merge_point(0, 0, '94<main.rpyeffect:81([k@[#137]#145])>+3: {"op": "Const". "type": "ptr". "out": 2. "format": "string". "value": "Name(Set_1)"}')
debug_merge_point(0, 0, '94<main.rpyeffect:81([k@[#137]#145])>+4: {"op": "PrimOp". "name": "getGlobal(String): Ptr". "out": {"any": [2]}. "in": {"any": [2]}}')
debug_merge_point(0, 0, '94<main.rpyeffect:81([k@[#137]#145])>+5: {"op": "Jump". "target": 103}')
debug_merge_point(0, 0, '103<main.rpyeffect:90(Name(countdown_48))>+0: {"op": "Const". "type": "ptr". "out": 0. "format": "int". "value": "<IntValue object at 0x1505df6d0>"}')
debug_merge_point(0, 0, '103<main.rpyeffect:90(Name(countdown_48))>+1: {"op": "Const". "type": "ptr". "out": 1. "format": "string". "value": "Name(Get_0)"}')
debug_merge_point(0, 0, '103<main.rpyeffect:90(Name(countdown_48))>+2: {"op": "PrimOp". "name": "getGlobal(String): Ptr". "out": {"any": [1]}. "in": {"any": [1]}}')
debug_merge_point(0, 0, '103<main.rpyeffect:90(Name(countdown_48))>+3: {"op": "GetDynamic". "out": 0. "n": 0. "label": 1}')
+4276: i372 = instance_ptr_eq(p0, ConstPtr(ptr371))
guard_false(i372, descr=<Guard0x150636c20>) [p2, p13, p15, p17, p19, p21, p23, p25, p27, p29, p31, p33, p35, p37, p0, p4, p207, p203, p202, p149, p153, p158, p144, p156, p124, p119, p161, p163, p112, p162, p167, p105, p166, p171, p98, p170, p175, p91, p174, p179, p84, p178, p183, p77, p182, p187, p70, p186, p191, p63, p190, p195, p56, p194, p41, i48]
+4284: i374 = instance_ptr_eq(p56, ConstPtr(ptr373))
guard_false(i374, descr=<Guard0x150636c50>) [p2, p13, p15, p17, p19, p21, p23, p25, p27, p29, p31, p33, p35, p37, p0, p4, p207, p203, p202, p149, p153, p158, p144, p156, p124, p119, p161, p163, p112, p162, p167, p105, p166, p171, p98, p170, p175, p91, p174, p179, p84, p178, p183, p77, p182, p187, p70, p186, p191, p63, p190, p195, p56, p194, p41, i48]
+4292: i376 = instance_ptr_eq(p63, ConstPtr(ptr375))
guard_false(i376, descr=<Guard0x150636c80>) [p2, p13, p15, p17, p19, p21, p23, p25, p27, p29, p31, p33, p35, p37, p0, p4, p207, p203, p202, p149, p153, p158, p144, p156, p124, p119, p161, p163, p112, p162, p167, p105, p166, p171, p98, p170, p175, p91, p174, p179, p84, p178, p183, p77, p182, p187, p70, p186, p191, p63, p190, p195, p56, p194, p41, i48]
+4300: i378 = instance_ptr_eq(p70, ConstPtr(ptr377))
guard_false(i378, descr=<Guard0x150636cb0>) [p2, p13, p15, p17, p19, p21, p23, p25, p27, p29, p31, p33, p35, p37, p0, p4, p207, p203, p202, p149, p153, p158, p144, p156, p124, p119, p161, p163, p112, p162, p167, p105, p166, p171, p98, p170, p175, p91, p174, p179, p84, p178, p183, p77, p182, p187, p70, p186, p191, p63, p190, p195, p56, p194, p41, i48]
+4316: i380 = instance_ptr_eq(p77, ConstPtr(ptr379))
guard_false(i380, descr=<Guard0x150636ce0>) [p2, p13, p15, p17, p19, p21, p23, p25, p27, p29, p31, p33, p35, p37, p0, p4, p207, p203, p202, p149, p153, p158, p144, p156, p124, p119, p161, p163, p112, p162, p167, p105, p166, p171, p98, p170, p175, p91, p174, p179, p84, p178, p183, p77, p182, p187, p70, p186, p191, p63, p190, p195, p56, p194, p41, i48]
+4328: i382 = instance_ptr_eq(p84, ConstPtr(ptr381))
guard_false(i382, descr=<Guard0x150636d10>) [p2, p13, p15, p17, p19, p21, p23, p25, p27, p29, p31, p33, p35, p37, p0, p4, p207, p203, p202, p149, p153, p158, p144, p156, p124, p119, p161, p163, p112, p162, p167, p105, p166, p171, p98, p170, p175, p91, p174, p179, p84, p178, p183, p77, p182, p187, p70, p186, p191, p63, p190, p195, p56, p194, p41, i48]
+4340: i384 = instance_ptr_eq(p91, ConstPtr(ptr383))
guard_false(i384, descr=<Guard0x150636d40>) [p2, p13, p15, p17, p19, p21, p23, p25, p27, p29, p31, p33, p35, p37, p0, p4, p207, p203, p202, p149, p153, p158, p144, p156, p124, p119, p161, p163, p112, p162, p167, p105, p166, p171, p98, p170, p175, p91, p174, p179, p84, p178, p183, p77, p182, p187, p70, p186, p191, p63, p190, p195, p56, p194, p41, i48]
+4352: i386 = instance_ptr_eq(p98, ConstPtr(ptr385))
guard_false(i386, descr=<Guard0x150636d70>) [p2, p13, p15, p17, p19, p21, p23, p25, p27, p29, p31, p33, p35, p37, p0, p4, p207, p203, p202, p149, p153, p158, p144, p156, p124, p119, p161, p163, p112, p162, p167, p105, p166, p171, p98, p170, p175, p91, p174, p179, p84, p178, p183, p77, p182, p187, p70, p186, p191, p63, p190, p195, p56, p194, p41, i48]
+4364: i388 = instance_ptr_eq(p105, ConstPtr(ptr387))
guard_false(i388, descr=<Guard0x150636da0>) [p2, p13, p15, p17, p19, p21, p23, p25, p27, p29, p31, p33, p35, p37, p0, p4, p207, p203, p202, p149, p153, p158, p144, p156, p124, p119, p161, p163, p112, p162, p167, p105, p166, p171, p98, p170, p175, p91, p174, p179, p84, p178, p183, p77, p182, p187, p70, p186, p191, p63, p190, p195, p56, p194, p41, i48]
+4376: i390 = instance_ptr_eq(p112, ConstPtr(ptr389))
guard_false(i390, descr=<Guard0x150636dd0>) [p2, p13, p15, p17, p19, p21, p23, p25, p27, p29, p31, p33, p35, p37, p0, p4, p207, p203, p202, p149, p153, p158, p144, p156, p124, p119, p161, p163, p112, p162, p167, p105, p166, p171, p98, p170, p175, p91, p174, p179, p84, p178, p183, p77, p182, p187, p70, p186, p191, p63, p190, p195, p56, p194, p41, i48]
+4388: i392 = instance_ptr_eq(p119, ConstPtr(ptr391))
guard_false(i392, descr=<Guard0x150636e00>) [p2, p13, p15, p17, p19, p21, p23, p25, p27, p29, p31, p33, p35, p37, p0, p4, p207, p203, p202, p149, p153, p158, p144, p156, p124, p119, p161, p163, p112, p162, p167, p105, p166, p171, p98, p170, p175, p91, p174, p179, p84, p178, p183, p77, p182, p187, p70, p186, p191, p63, p190, p195, p56, p194, p41, i48]
+4400: i394 = instance_ptr_eq(p144, ConstPtr(ptr393))
guard_true(i394, descr=<Guard0x150636e30>) [p2, p13, p15, p17, p19, p21, p23, p25, p27, p29, p31, p33, p35, p37, p0, p4, p207, p203, p202, p149, p153, p158, p144, p156, p124, p119, p161, p163, p112, p162, p167, p105, p166, p171, p98, p170, p175, p91, p174, p179, p84, p178, p183, p77, p182, p187, p70, p186, p191, p63, p190, p195, p56, p194, p41, i48]
debug_merge_point(0, 0, '103<main.rpyeffect:90(Name(countdown_48))>+4: {"op": "Construct". "out": 1. "type": Interned({"op": "eff$Tuple". "elements": []}). "tag": Interned({"op": "eff$Tuple". "elements": []}). "args": {"any": []}}')
debug_merge_point(0, 0, '103<main.rpyeffect:90(Name(countdown_48))>+5: {"op": "Push". "target": 102. "args": {"any": []}}')
debug_merge_point(0, 0, '103<main.rpyeffect:90(Name(countdown_48))>+6: {"op": "Swap". "type": "any". "a": 0. "b". 1}')
debug_merge_point(0, 0, '103<main.rpyeffect:90(Name(countdown_48))>+7: {"op": "Invoke". "receiver": 1. "tag": Interned(Get_0). "args" : {"any": [0]}}')
debug_merge_point(0, 0, '141<main.rpyeffect:128([method_Get_0@[mcore:[#60]#286]#295])>+0: {"op": "Const". "type": "ptr". "out": 2. "format": "int". "value": "<IntValue object at 0x150604080>"}')
debug_merge_point(0, 0, '141<main.rpyeffect:128([method_Get_0@[mcore:[#60]#286]#295])>+1: {"op": "ShiftDyn". "out": 1. "n": 2. "label": 1}')
+4412: i396 = instance_ptr_eq(p4, ConstPtr(ptr395))
guard_false(i396, descr=<Guard0x150636e60>) [p2, p13, p15, p17, p19, p21, p23, p25, p27, p29, p31, p33, p35, p37, p0, p4, p207, p203, p202, p149, p153, p158, p144, p156, p124, p119, p161, p163, p112, p162, p167, p105, p166, p171, p98, p170, p175, p91, p174, p179, p84, p178, p183, p77, p182, p187, p70, p186, p191, p63, p190, p195, p56, p194, p41, i48]
+4420: i397 = instance_ptr_eq(p149, p256)
guard_true(i397, descr=<Guard0x150636e90>) [p2, p13, p15, p17, p19, p21, p23, p25, p27, p29, p31, p33, p35, p37, p0, p4, p207, p203, p202, p149, p153, p158, p144, p156, p124, p119, p161, p163, p112, p162, p167, p105, p166, p171, p98, p170, p175, p91, p174, p179, p84, p178, p183, p77, p182, p187, p70, p186, p191, p63, p190, p195, p56, p194, p41, i48]
+4432: i399 = instance_ptr_eq(p163, ConstPtr(ptr398))
guard_false(i399, descr=<Guard0x150636ec0>) [p2, p13, p15, p17, p19, p21, p23, p25, p27, p29, p31, p33, p35, p37, p0, p4, p207, p203, p202, p149, p153, p158, p144, p156, p124, p119, p161, p163, p112, p162, p167, p105, p166, p171, p98, p170, p175, p91, p174, p179, p84, p178, p183, p77, p182, p187, p70, p186, p191, p63, p190, p195, p56, p194, p41, i48]
+4440: i401 = instance_ptr_eq(p167, ConstPtr(ptr400))
guard_false(i401, descr=<Guard0x150636ef0>) [p2, p13, p15, p17, p19, p21, p23, p25, p27, p29, p31, p33, p35, p37, p0, p4, p207, p203, p202, p149, p153, p158, p144, p156, p124, p119, p161, p163, p112, p162, p167, p105, p166, p171, p98, p170, p175, p91, p174, p179, p84, p178, p183, p77, p182, p187, p70, p186, p191, p63, p190, p195, p56, p194, p41, i48]
+4448: i403 = instance_ptr_eq(p171, ConstPtr(ptr402))
guard_false(i403, descr=<Guard0x150636f20>) [p2, p13, p15, p17, p19, p21, p23, p25, p27, p29, p31, p33, p35, p37, p0, p4, p207, p203, p202, p149, p153, p158, p144, p156, p124, p119, p161, p163, p112, p162, p167, p105, p166, p171, p98, p170, p175, p91, p174, p179, p84, p178, p183, p77, p182, p187, p70, p186, p191, p63, p190, p195, p56, p194, p41, i48]
+4456: i405 = instance_ptr_eq(p175, ConstPtr(ptr404))
guard_false(i405, descr=<Guard0x150636f50>) [p2, p13, p15, p17, p19, p21, p23, p25, p27, p29, p31, p33, p35, p37, p0, p4, p207, p203, p202, p149, p153, p158, p144, p156, p124, p119, p161, p163, p112, p162, p167, p105, p166, p171, p98, p170, p175, p91, p174, p179, p84, p178, p183, p77, p182, p187, p70, p186, p191, p63, p190, p195, p56, p194, p41, i48]
+4464: i407 = instance_ptr_eq(p179, ConstPtr(ptr406))
guard_false(i407, descr=<Guard0x150636f80>) [p2, p13, p15, p17, p19, p21, p23, p25, p27, p29, p31, p33, p35, p37, p0, p4, p207, p203, p202, p149, p153, p158, p144, p156, p124, p119, p161, p163, p112, p162, p167, p105, p166, p171, p98, p170, p175, p91, p174, p179, p84, p178, p183, p77, p182, p187, p70, p186, p191, p63, p190, p195, p56, p194, p41, i48]
+4472: i409 = instance_ptr_eq(p183, ConstPtr(ptr408))
guard_false(i409, descr=<Guard0x150636fb0>) [p2, p13, p15, p17, p19, p21, p23, p25, p27, p29, p31, p33, p35, p37, p0, p4, p207, p203, p202, p149, p153, p158, p144, p156, p124, p119, p161, p163, p112, p162, p167, p105, p166, p171, p98, p170, p175, p91, p174, p179, p84, p178, p183, p77, p182, p187, p70, p186, p191, p63, p190, p195, p56, p194, p41, i48]
+4480: i411 = instance_ptr_eq(p187, ConstPtr(ptr410))
guard_false(i411, descr=<Guard0x150636fe0>) [p2, p13, p15, p17, p19, p21, p23, p25, p27, p29, p31, p33, p35, p37, p0, p4, p207, p203, p202, p149, p153, p158, p144, p156, p124, p119, p161, p163, p112, p162, p167, p105, p166, p171, p98, p170, p175, p91, p174, p179, p84, p178, p183, p77, p182, p187, p70, p186, p191, p63, p190, p195, p56, p194, p41, i48]
+4488: i413 = instance_ptr_eq(p191, ConstPtr(ptr412))
guard_false(i413, descr=<Guard0x150637010>) [p2, p13, p15, p17, p19, p21, p23, p25, p27, p29, p31, p33, p35, p37, p0, p4, p207, p203, p202, p149, p153, p158, p144, p156, p124, p119, p161, p163, p112, p162, p167, p105, p166, p171, p98, p170, p175, p91, p174, p179, p84, p178, p183, p77, p182, p187, p70, p186, p191, p63, p190, p195, p56, p194, p41, i48]
+4496: i415 = instance_ptr_eq(p195, ConstPtr(ptr414))
guard_false(i415, descr=<Guard0x150637040>) [p2, p13, p15, p17, p19, p21, p23, p25, p27, p29, p31, p33, p35, p37, p0, p4, p207, p203, p202, p149, p153, p158, p144, p156, p124, p119, p161, p163, p112, p162, p167, p105, p166, p171, p98, p170, p175, p91, p174, p179, p84, p178, p183, p77, p182, p187, p70, p186, p191, p63, p190, p195, p56, p194, p41, i48]
+4504: i417 = instance_ptr_eq(p4, ConstPtr(ptr416))
guard_false(i417, descr=<Guard0x150637070>) [p2, p13, p15, p17, p19, p21, p23, p25, p27, p29, p31, p33, p35, p37, p0, p4, p207, p203, p202, p149, p153, p158, p144, p156, p124, p119, p161, p163, p112, p162, p167, p105, p166, p171, p98, p170, p175, p91, p174, p179, p84, p178, p183, p77, p182, p187, p70, p186, p191, p63, p190, p195, p56, p194, p41, i48]
debug_merge_point(0, 0, '141<main.rpyeffect:128([method_Get_0@[mcore:[#60]#286]#295])>+2: {"op": "Swap". "type": "any". "a": 0. "b". 1}')
debug_merge_point(0, 0, '141<main.rpyeffect:128([method_Get_0@[mcore:[#60]#286]#295])>+3: {"op": "Match". "type": Interned({"op": "eff$Tuple". "elements": []}). "scrutinee": 1. "clauses": [{"tag": Interned({"op": "eff$Tuple". "elements": []}). "target": 140. "args": {"any": []}}]. "default": {"tag": Interned(41b1bfef-200c-4387-9909-7d6749a1bc5d#[Missing Tag#486]). "target": 138. "args": {"any": []}}}')
debug_merge_point(0, 0, '140<main.rpyeffect:127([#301])>+0: {"op": "New". "out": 0. "targets": [139]. "args": {"any": [0]}}')
debug_merge_point(0, 0, '140<main.rpyeffect:127([#301])>+1: {"op": "Return". "args": {"any": [0]}}')
debug_merge_point(0, 0, '133<main.rpyeffect:120([k@[mcore:[#57]#280]#284])>+0: {"op": "Swap". "type": "any". "a": 0. "b". 1}')
debug_merge_point(0, 0, '133<main.rpyeffect:120([k@[mcore:[#57]#280]#284])>+1: {"op": "Invoke". "receiver": 1. "tag": Interned(apply). "args" : {"any": [0]}}')
debug_merge_point(0, 0, '139<main.rpyeffect:126([method_apply@[#301]#304])>+0: {"op": "Jump". "target": 131}')
debug_merge_point(0, 0, '131<main.rpyeffect:118([mcore:[#53]#277])>+0: {"op": "Push". "target": 130. "args": {"any": [0]}}')
debug_merge_point(0, 0, '131<main.rpyeffect:118([mcore:[#53]#277])>+1: {"op": "Jump". "target": 129}')
debug_merge_point(0, 0, '129<main.rpyeffect:116(Name(k_96))>+0: {"op": "PushStack". "arg": 1}')
+4512: i419 = instance_ptr_eq(p163, ConstPtr(ptr418))
guard_false(i419, descr=<Guard0x1506370a0>) [p2, p13, p15, p17, p19, p21, p23, p25, p27, p29, p31, p33, p35, p37, p0, p4, p207, p203, p202, p149, p153, p158, p144, p156, p124, p119, p161, p163, p112, p162, p167, p105, p166, p171, p98, p170, p175, p91, p174, p179, p84, p178, p183, p77, p182, p187, p70, p186, p191, p63, p190, p195, p56, p194, p41, i48]
+4520: i421 = instance_ptr_eq(p167, ConstPtr(ptr420))
guard_false(i421, descr=<Guard0x1506370d0>) [p2, p13, p15, p17, p19, p21, p23, p25, p27, p29, p31, p33, p35, p37, p0, p4, p207, p203, p202, p149, p153, p158, p144, p156, p124, p119, p161, p163, p112, p162, p167, p105, p166, p171, p98, p170, p175, p91, p174, p179, p84, p178, p183, p77, p182, p187, p70, p186, p191, p63, p190, p195, p56, p194, p41, i48]
+4528: i423 = instance_ptr_eq(p171, ConstPtr(ptr422))
guard_false(i423, descr=<Guard0x150637100>) [p2, p13, p15, p17, p19, p21, p23, p25, p27, p29, p31, p33, p35, p37, p0, p4, p207, p203, p202, p149, p153, p158, p144, p156, p124, p119, p161, p163, p112, p162, p167, p105, p166, p171, p98, p170, p175, p91, p174, p179, p84, p178, p183, p77, p182, p187, p70, p186, p191, p63, p190, p195, p56, p194, p41, i48]
+4536: i425 = instance_ptr_eq(p175, ConstPtr(ptr424))
guard_false(i425, descr=<Guard0x150637130>) [p2, p13, p15, p17, p19, p21, p23, p25, p27, p29, p31, p33, p35, p37, p0, p4, p207, p203, p202, p149, p153, p158, p144, p156, p124, p119, p161, p163, p112, p162, p167, p105, p166, p171, p98, p170, p175, p91, p174, p179, p84, p178, p183, p77, p182, p187, p70, p186, p191, p63, p190, p195, p56, p194, p41, i48]
+4544: i427 = instance_ptr_eq(p179, ConstPtr(ptr426))
guard_false(i427, descr=<Guard0x150637160>) [p2, p13, p15, p17, p19, p21, p23, p25, p27, p29, p31, p33, p35, p37, p0, p4, p207, p203, p202, p149, p153, p158, p144, p156, p124, p119, p161, p163, p112, p162, p167, p105, p166, p171, p98, p170, p175, p91, p174, p179, p84, p178, p183, p77, p182, p187, p70, p186, p191, p63, p190, p195, p56, p194, p41, i48]
+4552: i429 = instance_ptr_eq(p183, ConstPtr(ptr428))
guard_false(i429, descr=<Guard0x150637190>) [p2, p13, p15, p17, p19, p21, p23, p25, p27, p29, p31, p33, p35, p37, p0, p4, p207, p203, p202, p149, p153, p158, p144, p156, p124, p119, p161, p163, p112, p162, p167, p105, p166, p171, p98, p170, p175, p91, p174, p179, p84, p178, p183, p77, p182, p187, p70, p186, p191, p63, p190, p195, p56, p194, p41, i48]
+4560: i431 = instance_ptr_eq(p187, ConstPtr(ptr430))
guard_false(i431, descr=<Guard0x1506371c0>) [p2, p13, p15, p17, p19, p21, p23, p25, p27, p29, p31, p33, p35, p37, p0, p4, p207, p203, p202, p149, p153, p158, p144, p156, p124, p119, p161, p163, p112, p162, p167, p105, p166, p171, p98, p170, p175, p91, p174, p179, p84, p178, p183, p77, p182, p187, p70, p186, p191, p63, p190, p195, p56, p194, p41, i48]
+4568: i433 = instance_ptr_eq(p191, ConstPtr(ptr432))
guard_false(i433, descr=<Guard0x1506371f0>) [p2, p13, p15, p17, p19, p21, p23, p25, p27, p29, p31, p33, p35, p37, p0, p4, p207, p203, p202, p149, p153, p158, p144, p156, p124, p119, p161, p163, p112, p162, p167, p105, p166, p171, p98, p170, p175, p91, p174, p179, p84, p178, p183, p77, p182, p187, p70, p186, p191, p63, p190, p195, p56, p194, p41, i48]
+4576: i435 = instance_ptr_eq(p195, ConstPtr(ptr434))
guard_false(i435, descr=<Guard0x150637220>) [p2, p13, p15, p17, p19, p21, p23, p25, p27, p29, p31, p33, p35, p37, p0, p4, p207, p203, p202, p149, p153, p158, p144, p156, p124, p119, p161, p163, p112, p162, p167, p105, p166, p171, p98, p170, p175, p91, p174, p179, p84, p178, p183, p77, p182, p187, p70, p186, p191, p63, p190, p195, p56, p194, p41, i48]
+4584: i437 = instance_ptr_eq(p4, ConstPtr(ptr436))
guard_false(i437, descr=<Guard0x150637250>) [p2, p13, p15, p17, p19, p21, p23, p25, p27, p29, p31, p33, p35, p37, p0, p4, p207, p203, p202, p149, p153, p158, p144, p156, p124, p119, p161, p163, p112, p162, p167, p105, p166, p171, p98, p170, p175, p91, p174, p179, p84, p178, p183, p77, p182, p187, p70, p186, p191, p63, p190, p195, p56, p194, p41, i48]
debug_merge_point(0, 0, '129<main.rpyeffect:116(Name(k_96))>+1: {"op": "Return". "args": {"any": [0]}}')
debug_merge_point(0, 0, '102<main.rpyeffect:89([k@Name(countdown_48)#122])>+0: {"op": "Push". "target": 101. "args": {"any": [0]}}')
debug_merge_point(0, 0, '102<main.rpyeffect:89([k@Name(countdown_48)#122])>+1: {"op": "Jump". "target": 15}')
debug_merge_point(0, 0, '15<main.rpyeffect:2(Name(=_0))>+0: {"op": "New". "out": 0. "targets": [14]. "args": {"any": [0]}}')
+4592: jump(p0, p41, i305, p2, p194, p56, p190, p63, p186, p70, p182, p77, p178, p84, p174, p91, p170, p98, p166, p105, p162, p112, p161, p119, p156, p144, p153, p149, p207, p202, p203, p158, p124, p163, p167, p171, p175, p179, p183, p187, p191, p195, p4, p13, p15, p17, p19, p21, p23, p25, p27, p29, p31, p33, p35, p37, p127, p256, descr=TargetToken(5643391328))
+4620: --end of the loop--
[d11c63] jit-log-opt-loop}
[824565a3] {jit-summary
Tracing:      	1	0.002253
Backend:      	1	0.001057
TOTAL:      		2.188064
ops:             	4561
heapcached ops:  	798
recorded ops:    	1986
  calls:         	666
guards:          	487
opt ops:         	589
opt guards:      	214
opt guards shared:	201
forcings:        	0
abort: trace too long:	0
abort: compiling:	0
abort: vable escape:	0
abort: bad loop: 	0
abort: force quasi-immut:	0
abort: segmenting trace:	0
virtualizables forced:	0
nvirtuals:       	30
nvholes:         	0
nvreused:        	0
vecopt tried:    	0
vecopt success:  	0
Total # of loops:	1
Total # of bridges:	0
Freed # of loops:	0
Freed # of bridges:	0
[82459500] jit-summary}
