[9ceb8c] {jit-log-opt-loop
# Loop 1 (65<main.rpyeffect:57(Name(mod_29))>+0: {"op": "New", "out": 0, "targets": [64], "args": {"any": [0]}}) : loop with 164 ops
[p0, p1, p2, p3, p4]
+328: p5 = getfield_gc_r(p2, descr=<FieldP rpyeffect.environment.Environment.inst_values_ptr 16>)
+336: p7 = getarrayitem_gc_r(p5, 0, descr=<ArrayP 8>)
+340: p9 = getarrayitem_gc_r(p5, 1, descr=<ArrayP 8>)
+344: p11 = getarrayitem_gc_r(p5, 2, descr=<ArrayP 8>)
+348: p13 = getarrayitem_gc_r(p5, 3, descr=<ArrayP 8>)
+352: p15 = getarrayitem_gc_r(p5, 4, descr=<ArrayP 8>)
+356: p17 = getarrayitem_gc_r(p5, 5, descr=<ArrayP 8>)
+360: p19 = getarrayitem_gc_r(p5, 6, descr=<ArrayP 8>)
+364: p21 = getarrayitem_gc_r(p5, 7, descr=<ArrayP 8>)
+368: p23 = getarrayitem_gc_r(p5, 8, descr=<ArrayP 8>)
+372: p25 = getarrayitem_gc_r(p5, 9, descr=<ArrayP 8>)
+376: p27 = getarrayitem_gc_r(p5, 10, descr=<ArrayP 8>)
+380: p29 = getarrayitem_gc_r(p5, 11, descr=<ArrayP 8>)
+384: p31 = getarrayitem_gc_r(p5, 12, descr=<ArrayP 8>)
+388: p33 = getarrayitem_gc_r(p5, 13, descr=<ArrayP 8>)
+392: p35 = getarrayitem_gc_r(p5, 14, descr=<ArrayP 8>)
+396: p37 = getarrayitem_gc_r(p5, 15, descr=<ArrayP 8>)
+400: label(p0, p1, p2, p3, p4, p7, p9, p11, p13, p15, p17, p19, p21, p23, p25, p27, p29, p31, p33, p35, p37, descr=TargetToken(5509106912))
debug_merge_point(0, 0, '65<main.rpyeffect:57(Name(mod_29))>+0: {"op": "New". "out": 0. "targets": [64]. "args": {"any": [0]}}')
+460: guard_not_invalidated(descr=<Guard0x1485dad10>) [p2, p7, p9, p11, p13, p15, p17, p19, p21, p23, p25, p27, p29, p31, p33, p35, p37, p0, p1, p3, p4]
debug_merge_point(0, 0, '65<main.rpyeffect:57(Name(mod_29))>+1: {"op": "Return". "args": {"any": [0]}}')
+464: guard_nonnull(p1, descr=<Guard0x1485fbd90>) [p2, p7, p9, p11, p13, p15, p17, p19, p21, p23, p25, p27, p29, p31, p33, p35, p37, p0, p1, p3, p4]
+476: i38 = getfield_gc_i(p1, descr=<FieldS rpyeffect.stored_environment.Stack__arb.inst_target 16 pure>)
+484: guard_value(i38, 97, descr=<Guard0x1485fbdc0>) [p2, p7, p9, p11, p13, p15, p17, p19, p21, p23, p25, p27, p29, p31, p33, p35, p37, p0, p1, p3, p4]
+496: p40 = getfield_gc_r(p1, descr=<FieldP rpyeffect.stored_environment.Stack__arb.inst_values_ptr 24 pure>)
+500: i41 = arraylen_gc(p40, descr=<ArrayP 8>)
+504: guard_value(i41, 3, descr=<Guard0x1485fbdf0>) [p2, p7, p9, p11, p13, p15, p17, p19, p21, p23, p25, p27, p29, p31, p33, p35, p37, p0, p1, p3, p4]
+516: p44 = getarrayitem_gc_pure_r(p40, 0, descr=<ArrayP 8>)
+520: p46 = getarrayitem_gc_pure_r(p40, 1, descr=<ArrayP 8>)
+524: p48 = getarrayitem_gc_pure_r(p40, 2, descr=<ArrayP 8>)
+528: p49 = getfield_gc_r(p1, descr=<FieldP rpyeffect.stored_environment.Stack__arb.inst_tail 8 pure>)
debug_merge_point(0, 0, '97<main.rpyeffect:89([#122])>+0: {"op": "Push". "target": 96. "args": {"any": [1. 2]}}')
debug_merge_point(0, 0, '97<main.rpyeffect:89([#122])>+1: {"op": "Copy". "type": "any". "from": 0. "to". 1}')
debug_merge_point(0, 0, '97<main.rpyeffect:89([#122])>+2: {"op": "Copy". "type": "any". "from": 3. "to". 0}')
debug_merge_point(0, 0, '97<main.rpyeffect:89([#122])>+3: {"op": "Invoke". "receiver": 1. "tag": Interned(apply). "args" : {"any": [0]}}')
debug_merge_point(0, 0, '64<main.rpyeffect:56([method_apply@Name(mod_29)#84])>+0: {"op": "Jump". "target": 63}')
debug_merge_point(0, 0, '63<main.rpyeffect:55([mcore:[#26]#81])>+0: {"op": "PrimOp". "name": "mod(Int. Int): Int". "out": {"any": [0]}. "in": {"any": [1. 0]}}')
+532: i50 = getfield_gc_i(p7, descr=<FieldS rpyeffect.value.IntValue.inst_value 8 pure>)
+536: i51 = getfield_gc_i(p48, descr=<FieldS rpyeffect.value.IntValue.inst_value 8 pure>)
+540: i52 = int_is_zero(i51)
guard_false(i52, descr=<Guard0x1485fbe20>) [p2, p7, p9, p11, p13, p15, p17, p19, p21, p23, p25, p27, p29, p31, p33, p35, p37, p0, p1, p3, p4]
+548: i54 = call_i(ConstClass(ll_int_py_mod__Signed_Signed), i50, i51, descr=<Calli 8 ii EF=0 OS=14>)
debug_merge_point(0, 0, '63<main.rpyeffect:55([mcore:[#26]#81])>+1: {"op": "Return". "args": {"any": [0]}}')
debug_merge_point(0, 0, '96<main.rpyeffect:88([k@[#122]#124])>+0: {"op": "Push". "target": 95. "args": {"any": [1. 2]}}')
debug_merge_point(0, 0, '96<main.rpyeffect:88([k@[#122]#124])>+1: {"op": "Jump". "target": 10}')
debug_merge_point(0, 0, '10<main.rpyeffect:2(Name(=_0))>+0: {"op": "New". "out": 0. "targets": [9]. "args": {"any": [0]}}')
debug_merge_point(0, 0, '10<main.rpyeffect:2(Name(=_0))>+1: {"op": "Return". "args": {"any": [0]}}')
debug_merge_point(0, 0, '95<main.rpyeffect:87([k@[k@[#122]#124]#126])>+0: {"op": "Const". "type": "ptr". "out": 3. "format": "int". "value": "<IntValue object at 0x1485e1540>"}')
debug_merge_point(0, 0, '95<main.rpyeffect:87([k@[k@[#122]#124]#126])>+1: {"op": "Push". "target": 94. "args": {"any": [1. 2]}}')
debug_merge_point(0, 0, '95<main.rpyeffect:87([k@[k@[#122]#124]#126])>+2: {"op": "Copy". "type": "any". "from": 0. "to". 1}')
debug_merge_point(0, 0, '95<main.rpyeffect:87([k@[k@[#122]#124]#126])>+3: {"op": "Copy". "type": "any". "from": 3. "to". 0}')
debug_merge_point(0, 0, '95<main.rpyeffect:87([k@[k@[#122]#124]#126])>+4: {"op": "Invoke". "receiver": 1. "tag": Interned(apply). "args" : {"any": [0]}}')
debug_merge_point(0, 0, '9<main.rpyeffect:1([method_apply@Name(=_0)#6])>+0: {"op": "Jump". "target": 8}')
debug_merge_point(0, 0, '8<main.rpyeffect:0([mcore:[#12]#3])>+0: {"op": "PrimOp". "name": "equals(Any. Any): Bool". "out": {"any": [0]}. "in": {"any": [1. 0]}}')
+580: i56 = int_eq(i54, 0)
debug_merge_point(0, 0, '8<main.rpyeffect:0([mcore:[#12]#3])>+1: {"op": "Return". "args": {"any": [0]}}')
debug_merge_point(0, 0, '94<main.rpyeffect:86([k@[k@[k@[#122]#124]#126]#130])>+0: {"op": "Switch". "scrutinee": 0. "values": [<BoolValue object at 0x1485e1550>]. "targets": [89]. "default": 93}')
+588: guard_false(i56, descr=<Guard0x1485dad58>) [p2, p44, p46, p15, p17, p19, p21, p23, p25, p27, p29, p31, p33, p35, p37, i56, p0, p49, p3, p4]
debug_merge_point(0, 0, '93<main.rpyeffect:85([switch default case#134])>+0: {"op": "Swap". "type": "any". "a": 0. "b". 1}')
debug_merge_point(0, 0, '93<main.rpyeffect:85([switch default case#134])>+1: {"op": "Swap". "type": "any". "a": 2. "b". 1}')
debug_merge_point(0, 0, '93<main.rpyeffect:85([switch default case#134])>+2: {"op": "Switch". "scrutinee": 2. "values": [<BoolValue object at 0x1485e1560>]. "targets": [91]. "default": 92}')
debug_merge_point(0, 0, '91<main.rpyeffect:83([switch case for Bool(false)#135])>+0: {"op": "Const". "type": "ptr". "out": 2. "format": "int". "value": "<IntValue object at 0x1485e1610>"}')
debug_merge_point(0, 0, '91<main.rpyeffect:83([switch case for Bool(false)#135])>+1: {"op": "Const". "type": "ptr". "out": 3. "format": "string". "value": "Name(Prime_0)"}')
debug_merge_point(0, 0, '91<main.rpyeffect:83([switch case for Bool(false)#135])>+2: {"op": "PrimOp". "name": "getGlobal(String): Ptr". "out": {"any": [3]}. "in": {"any": [3]}}')
debug_merge_point(0, 0, '91<main.rpyeffect:83([switch case for Bool(false)#135])>+3: {"op": "GetDynamic". "out": 2. "n": 2. "label": 3}')
+600: i58 = instance_ptr_eq(p4, ConstPtr(ptr57))
guard_false(i58, descr=<Guard0x1485fbe50>) [p2, p44, p46, p15, p17, p19, p21, p23, p25, p27, p29, p31, p33, p35, p37, i56, p0, p49, p3, p4]
+616: i60 = instance_ptr_eq(p0, ConstPtr(ptr59))
guard_true(i60, descr=<Guard0x1485fbe80>) [p2, p44, p46, p15, p17, p19, p21, p23, p25, p27, p29, p31, p33, p35, p37, i56, p0, p49, p3, p4]
debug_merge_point(0, 0, '91<main.rpyeffect:83([switch case for Bool(false)#135])>+4: {"op": "Push". "target": 90. "args": {"any": [1]}}')
debug_merge_point(0, 0, '91<main.rpyeffect:83([switch case for Bool(false)#135])>+5: {"op": "Invoke". "receiver": 2. "tag": Interned(Prime_0). "args" : {"any": [0]}}')
+628: p61 = getfield_gc_r(p4, descr=<FieldP rpyeffect.codata.CoData.inst_vtable 8 pure>)
+636: guard_value(p61, ConstPtr(ptr62), descr=<Guard0x1485fbeb0>) [p2, p44, p46, p15, p17, p19, p21, p23, p25, p27, p29, p31, p33, p35, p37, i56, p0, p49, p3, p4]
+644: p63 = getfield_gc_r(p4, descr=<FieldP rpyeffect.stored_environment.CoData__arb.inst_values_ptr 16 pure>)
+648: i64 = arraylen_gc(p63, descr=<ArrayP 8>)
+652: guard_value(i64, 1, descr=<Guard0x1485fbee0>) [p2, p44, p46, p15, p17, p19, p21, p23, p25, p27, p29, p31, p33, p35, p37, i56, p0, p49, p3, p4]
+664: p67 = getarrayitem_gc_pure_r(p63, 0, descr=<ArrayP 8>)
debug_merge_point(0, 0, '98<main.rpyeffect:90([method_Prime_0@[mcore:[#38]#113]#115])>+0: {"op": "Const". "type": "ptr". "out": 2. "format": "int". "value": "<IntValue object at 0x1485e14d0>"}')
debug_merge_point(0, 0, '98<main.rpyeffect:90([method_Prime_0@[mcore:[#38]#113]#115])>+1: {"op": "Const". "type": "ptr". "out": 3. "format": "string". "value": "Name(Prime_0)"}')
debug_merge_point(0, 0, '98<main.rpyeffect:90([method_Prime_0@[mcore:[#38]#113]#115])>+2: {"op": "PrimOp". "name": "getGlobal(String): Ptr". "out": {"any": [3]}. "in": {"any": [3]}}')
debug_merge_point(0, 0, '98<main.rpyeffect:90([method_Prime_0@[mcore:[#38]#113]#115])>+3: {"op": "ShiftDyn". "out": 2. "n": 2. "label": 3}')
+668: guard_nonnull_class(p3, ConstClass(MetaStackWithBinding), descr=<Guard0x1485dada0>) [p2, p44, p46, p15, p17, p19, p21, p23, p25, p27, p29, p31, p33, p35, p37, i56, p0, p49, p3, p4]
+696: p69 = getfield_gc_r(p3, descr=<FieldP rpyeffect.stack.MetaStackLike.inst_stack 8 pure>)
+700: p70 = getfield_gc_r(p3, descr=<FieldP rpyeffect.stack.MetaStack.inst_label 16 pure>)
+704: p71 = getfield_gc_r(p3, descr=<FieldP rpyeffect.stack.MetaStackWithBinding.inst_binding 40 pure>)
+708: p72 = getfield_gc_r(p3, descr=<FieldP rpyeffect.stack.MetaStack.inst_tail 32 pure>)
debug_merge_point(0, 0, '98<main.rpyeffect:90([method_Prime_0@[mcore:[#38]#113]#115])>+4: {"op": "Push". "target": 97. "args": {"any": [0. 2. 1]}}')
debug_merge_point(0, 0, '98<main.rpyeffect:90([method_Prime_0@[mcore:[#38]#113]#115])>+5: {"op": "Jump". "target": 65}')
debug_merge_point(0, 0, '65<main.rpyeffect:57(Name(mod_29))>+0: {"op": "New". "out": 0. "targets": [64]. "args": {"any": [0]}}')
+712: label(p70, p69, p44, p49, p46, p0, p4, p67, p2, p72, p71, p15, p17, p19, p21, p23, p25, p27, p29, p31, p33, p35, p37, descr=TargetToken(5509106976))
debug_merge_point(0, 0, '65<main.rpyeffect:57(Name(mod_29))>+0: {"op": "New". "out": 0. "targets": [64]. "args": {"any": [0]}}')
+716: guard_not_invalidated(descr=<Guard0x1485dade8>) [p2, p44, p67, p15, p17, p19, p21, p23, p25, p27, p29, p31, p33, p35, p37, p70, p72, p71, p69, p46, p49, p4, p0]
debug_merge_point(0, 0, '65<main.rpyeffect:57(Name(mod_29))>+1: {"op": "Return". "args": {"any": [0]}}')
debug_merge_point(0, 0, '97<main.rpyeffect:89([#122])>+0: {"op": "Push". "target": 96. "args": {"any": [1. 2]}}')
debug_merge_point(0, 0, '97<main.rpyeffect:89([#122])>+1: {"op": "Copy". "type": "any". "from": 0. "to". 1}')
debug_merge_point(0, 0, '97<main.rpyeffect:89([#122])>+2: {"op": "Copy". "type": "any". "from": 3. "to". 0}')
debug_merge_point(0, 0, '97<main.rpyeffect:89([#122])>+3: {"op": "Invoke". "receiver": 1. "tag": Interned(apply). "args" : {"any": [0]}}')
debug_merge_point(0, 0, '64<main.rpyeffect:56([method_apply@Name(mod_29)#84])>+0: {"op": "Jump". "target": 63}')
debug_merge_point(0, 0, '63<main.rpyeffect:55([mcore:[#26]#81])>+0: {"op": "PrimOp". "name": "mod(Int. Int): Int". "out": {"any": [0]}. "in": {"any": [1. 0]}}')
+720: i73 = getfield_gc_i(p44, descr=<FieldS rpyeffect.value.IntValue.inst_value 8 pure>)
+724: i74 = getfield_gc_i(p67, descr=<FieldS rpyeffect.value.IntValue.inst_value 8 pure>)
+728: i75 = int_is_zero(i74)
guard_false(i75, descr=<Guard0x1485fbf10>) [p2, p44, p67, p15, p17, p19, p21, p23, p25, p27, p29, p31, p33, p35, p37, p70, p72, p71, p69, p46, p49, p4, p0]
+736: i77 = call_i(ConstClass(ll_int_py_mod__Signed_Signed), i73, i74, descr=<Calli 8 ii EF=0 OS=14>)
debug_merge_point(0, 0, '63<main.rpyeffect:55([mcore:[#26]#81])>+1: {"op": "Return". "args": {"any": [0]}}')
debug_merge_point(0, 0, '96<main.rpyeffect:88([k@[#122]#124])>+0: {"op": "Push". "target": 95. "args": {"any": [1. 2]}}')
debug_merge_point(0, 0, '96<main.rpyeffect:88([k@[#122]#124])>+1: {"op": "Jump". "target": 10}')
debug_merge_point(0, 0, '10<main.rpyeffect:2(Name(=_0))>+0: {"op": "New". "out": 0. "targets": [9]. "args": {"any": [0]}}')
debug_merge_point(0, 0, '10<main.rpyeffect:2(Name(=_0))>+1: {"op": "Return". "args": {"any": [0]}}')
debug_merge_point(0, 0, '95<main.rpyeffect:87([k@[k@[#122]#124]#126])>+0: {"op": "Const". "type": "ptr". "out": 3. "format": "int". "value": "<IntValue object at 0x1485e1540>"}')
debug_merge_point(0, 0, '95<main.rpyeffect:87([k@[k@[#122]#124]#126])>+1: {"op": "Push". "target": 94. "args": {"any": [1. 2]}}')
debug_merge_point(0, 0, '95<main.rpyeffect:87([k@[k@[#122]#124]#126])>+2: {"op": "Copy". "type": "any". "from": 0. "to". 1}')
debug_merge_point(0, 0, '95<main.rpyeffect:87([k@[k@[#122]#124]#126])>+3: {"op": "Copy". "type": "any". "from": 3. "to". 0}')
debug_merge_point(0, 0, '95<main.rpyeffect:87([k@[k@[#122]#124]#126])>+4: {"op": "Invoke". "receiver": 1. "tag": Interned(apply). "args" : {"any": [0]}}')
debug_merge_point(0, 0, '9<main.rpyeffect:1([method_apply@Name(=_0)#6])>+0: {"op": "Jump". "target": 8}')
debug_merge_point(0, 0, '8<main.rpyeffect:0([mcore:[#12]#3])>+0: {"op": "PrimOp". "name": "equals(Any. Any): Bool". "out": {"any": [0]}. "in": {"any": [1. 0]}}')
+780: i79 = int_eq(i77, 0)
debug_merge_point(0, 0, '8<main.rpyeffect:0([mcore:[#12]#3])>+1: {"op": "Return". "args": {"any": [0]}}')
debug_merge_point(0, 0, '94<main.rpyeffect:86([k@[k@[k@[#122]#124]#126]#130])>+0: {"op": "Switch". "scrutinee": 0. "values": [<BoolValue object at 0x1485e1550>]. "targets": [89]. "default": 93}')
+788: guard_false(i79, descr=<Guard0x1485dae30>) [p2, p44, p15, p17, p19, p21, p23, p25, p27, p29, p31, p33, p35, p37, i79, p70, p69, p72, p71, None, p46, p49, p4, p0]
debug_merge_point(0, 0, '93<main.rpyeffect:85([switch default case#134])>+0: {"op": "Swap". "type": "any". "a": 0. "b". 1}')
debug_merge_point(0, 0, '93<main.rpyeffect:85([switch default case#134])>+1: {"op": "Swap". "type": "any". "a": 2. "b". 1}')
debug_merge_point(0, 0, '93<main.rpyeffect:85([switch default case#134])>+2: {"op": "Switch". "scrutinee": 2. "values": [<BoolValue object at 0x1485e1560>]. "targets": [91]. "default": 92}')
debug_merge_point(0, 0, '91<main.rpyeffect:83([switch case for Bool(false)#135])>+0: {"op": "Const". "type": "ptr". "out": 2. "format": "int". "value": "<IntValue object at 0x1485e1610>"}')
debug_merge_point(0, 0, '91<main.rpyeffect:83([switch case for Bool(false)#135])>+1: {"op": "Const". "type": "ptr". "out": 3. "format": "string". "value": "Name(Prime_0)"}')
debug_merge_point(0, 0, '91<main.rpyeffect:83([switch case for Bool(false)#135])>+2: {"op": "PrimOp". "name": "getGlobal(String): Ptr". "out": {"any": [3]}. "in": {"any": [3]}}')
debug_merge_point(0, 0, '91<main.rpyeffect:83([switch case for Bool(false)#135])>+3: {"op": "GetDynamic". "out": 2. "n": 2. "label": 3}')
+800: i82 = instance_ptr_eq(p71, ConstPtr(ptr81))
guard_false(i82, descr=<Guard0x1485fbf40>) [p2, p44, p15, p17, p19, p21, p23, p25, p27, p29, p31, p33, p35, p37, i79, p70, p69, p72, p71, None, p46, p49, p4, p0]
+816: i84 = instance_ptr_eq(p70, ConstPtr(ptr83))
guard_true(i84, descr=<Guard0x1485fbf70>) [p2, p44, p15, p17, p19, p21, p23, p25, p27, p29, p31, p33, p35, p37, i79, p70, p69, p72, p71, None, p46, p49, p4, p0]
debug_merge_point(0, 0, '91<main.rpyeffect:83([switch case for Bool(false)#135])>+4: {"op": "Push". "target": 90. "args": {"any": [1]}}')
debug_merge_point(0, 0, '91<main.rpyeffect:83([switch case for Bool(false)#135])>+5: {"op": "Invoke". "receiver": 2. "tag": Interned(Prime_0). "args" : {"any": [0]}}')
+828: p85 = getfield_gc_r(p71, descr=<FieldP rpyeffect.codata.CoData.inst_vtable 8 pure>)
+836: guard_value(p85, ConstPtr(ptr86), descr=<Guard0x1485fbfa0>) [p2, p44, p15, p17, p19, p21, p23, p25, p27, p29, p31, p33, p35, p37, i79, p70, p69, p72, p71, None, p46, p49, p4, p0]
+844: p87 = getfield_gc_r(p71, descr=<FieldP rpyeffect.stored_environment.CoData__arb.inst_values_ptr 16 pure>)
+848: i88 = arraylen_gc(p87, descr=<ArrayP 8>)
+852: guard_value(i88, 1, descr=<Guard0x1485fbfd0>) [p2, p44, p15, p17, p19, p21, p23, p25, p27, p29, p31, p33, p35, p37, i79, p70, p69, p72, p71, None, p46, p49, p4, p0]
+864: p91 = getarrayitem_gc_pure_r(p87, 0, descr=<ArrayP 8>)
debug_merge_point(0, 0, '98<main.rpyeffect:90([method_Prime_0@[mcore:[#38]#113]#115])>+0: {"op": "Const". "type": "ptr". "out": 2. "format": "int". "value": "<IntValue object at 0x1485e14d0>"}')
debug_merge_point(0, 0, '98<main.rpyeffect:90([method_Prime_0@[mcore:[#38]#113]#115])>+1: {"op": "Const". "type": "ptr". "out": 3. "format": "string". "value": "Name(Prime_0)"}')
debug_merge_point(0, 0, '98<main.rpyeffect:90([method_Prime_0@[mcore:[#38]#113]#115])>+2: {"op": "PrimOp". "name": "getGlobal(String): Ptr". "out": {"any": [3]}. "in": {"any": [3]}}')
debug_merge_point(0, 0, '98<main.rpyeffect:90([method_Prime_0@[mcore:[#38]#113]#115])>+3: {"op": "ShiftDyn". "out": 2. "n": 2. "label": 3}')
+868: guard_nonnull_class(p72, ConstClass(MetaStackWithBinding), descr=<Guard0x1485dae78>) [p2, p44, p15, p17, p19, p21, p23, p25, p27, p29, p31, p33, p35, p37, i79, p70, p69, p72, p71, None, p46, p49, p4, p0]
+896: p93 = getfield_gc_r(p72, descr=<FieldP rpyeffect.stack.MetaStackLike.inst_stack 8 pure>)
+900: p94 = getfield_gc_r(p72, descr=<FieldP rpyeffect.stack.MetaStack.inst_label 16 pure>)
+904: p95 = getfield_gc_r(p72, descr=<FieldP rpyeffect.stack.MetaStackWithBinding.inst_binding 40 pure>)
+908: p96 = getfield_gc_r(p72, descr=<FieldP rpyeffect.stack.MetaStack.inst_tail 32 pure>)
debug_merge_point(0, 0, '98<main.rpyeffect:90([method_Prime_0@[mcore:[#38]#113]#115])>+4: {"op": "Push". "target": 97. "args": {"any": [0. 2. 1]}}')
debug_merge_point(0, 0, '98<main.rpyeffect:90([method_Prime_0@[mcore:[#38]#113]#115])>+5: {"op": "Jump". "target": 65}')
debug_merge_point(0, 0, '65<main.rpyeffect:57(Name(mod_29))>+0: {"op": "New". "out": 0. "targets": [64]. "args": {"any": [0]}}')
+912: p97 = new_with_vtable(descr=<SizeDescr 48>)
+1020: p98 = new_with_vtable(descr=<SizeDescr 32>)
+1032: setfield_gc(p98, p49, descr=<FieldP rpyeffect.stored_environment.Stack__arb.inst_tail 8 pure>)
+1040: setfield_gc(p98, 90, descr=<FieldS rpyeffect.stored_environment.Stack__arb.inst_target 16 pure>)
+1048: p101 = new_array_clear(1, descr=<ArrayP 8>)
+1068: setarrayitem_gc(p101, 0, p46, descr=<ArrayP 8>)
+1072: setfield_gc(p98, p101, descr=<FieldP rpyeffect.stored_environment.Stack__arb.inst_values_ptr 24 pure>)
+1076: setfield_gc(p97, p98, descr=<FieldP rpyeffect.stack.MetaStackLike.inst_stack 8 pure>)
+1080: setfield_gc(p97, p0, descr=<FieldP rpyeffect.stack.MetaStack.inst_label 16 pure>)
+1088: setfield_gc(p97, p4, descr=<FieldP rpyeffect.stack.MetaStackWithBinding.inst_binding 40 pure>)
+1096: setfield_gc(p97, ConstPtr(null), descr=<FieldP rpyeffect.stack.MetaStack.inst_tail 32 pure>)
+1104: setfield_gc(p97, ConstPtr(null), descr=<FieldP rpyeffect.stack.MetaStack.inst_region 24 pure>)
+1112: jump(p94, p93, p44, p69, p97, p70, p71, p91, p2, p96, p95, p15, p17, p19, p21, p23, p25, p27, p29, p31, p33, p35, p37, descr=TargetToken(5509106976))
+1148: --end of the loop--
[9fcef8] jit-log-opt-loop}
[a3cc4a] {jit-log-opt-loop
# Loop 2 (88<main.rpyeffect:80(Name(k_121))>+0: {"op": "PushStack", "arg": 1}) : loop with 74 ops
[p0, p1, p2, p3, p4]
+296: p5 = getfield_gc_r(p2, descr=<FieldP rpyeffect.environment.Environment.inst_values_ptr 16>)
+304: p7 = getarrayitem_gc_r(p5, 0, descr=<ArrayP 8>)
+308: p9 = getarrayitem_gc_r(p5, 1, descr=<ArrayP 8>)
+312: p11 = getarrayitem_gc_r(p5, 2, descr=<ArrayP 8>)
+316: p13 = getarrayitem_gc_r(p5, 3, descr=<ArrayP 8>)
+320: p15 = getarrayitem_gc_r(p5, 4, descr=<ArrayP 8>)
+324: p17 = getarrayitem_gc_r(p5, 5, descr=<ArrayP 8>)
+328: p19 = getarrayitem_gc_r(p5, 6, descr=<ArrayP 8>)
+332: p21 = getarrayitem_gc_r(p5, 7, descr=<ArrayP 8>)
+336: p23 = getarrayitem_gc_r(p5, 8, descr=<ArrayP 8>)
+340: p25 = getarrayitem_gc_r(p5, 9, descr=<ArrayP 8>)
+344: p27 = getarrayitem_gc_r(p5, 10, descr=<ArrayP 8>)
+348: p29 = getarrayitem_gc_r(p5, 11, descr=<ArrayP 8>)
+352: p31 = getarrayitem_gc_r(p5, 12, descr=<ArrayP 8>)
+356: p33 = getarrayitem_gc_r(p5, 13, descr=<ArrayP 8>)
+360: p35 = getarrayitem_gc_r(p5, 14, descr=<ArrayP 8>)
+364: p37 = getarrayitem_gc_r(p5, 15, descr=<ArrayP 8>)
+368: label(p0, p1, p2, p3, p4, p7, p9, p11, p13, p15, p17, p19, p21, p23, p25, p27, p29, p31, p33, p35, p37, descr=TargetToken(5509107040))
debug_merge_point(0, 0, '88<main.rpyeffect:80(Name(k_121))>+0: {"op": "PushStack". "arg": 1}')
+428: guard_not_invalidated(descr=<Guard0x1485daec0>) [p2, p7, p9, p11, p13, p15, p17, p19, p21, p23, p25, p27, p29, p31, p33, p35, p37, p0, p1, p3, p4]
+436: i39 = instance_ptr_eq(p4, ConstPtr(ptr38))
guard_false(i39, descr=<Guard0x14861a3e0>) [p2, p7, p9, p11, p13, p15, p17, p19, p21, p23, p25, p27, p29, p31, p33, p35, p37, p0, p1, p3, p4]
+448: guard_nonnull_class(p9, ConstClass(MetaStackWithBinding), descr=<Guard0x1485daf08>) [p2, p7, p9, p11, p13, p15, p17, p19, p21, p23, p25, p27, p29, p31, p33, p35, p37, p0, p1, p3, p4]
+472: p41 = getfield_gc_r(p9, descr=<FieldP rpyeffect.stack.MetaStack.inst_region 24 pure>)
+476: guard_isnull(p41, descr=<Guard0x14861a410>) [p2, p7, p9, p11, p13, p15, p17, p19, p21, p23, p25, p27, p29, p31, p33, p35, p37, p0, p1, p3, p4]
+484: p42 = getfield_gc_r(p9, descr=<FieldP rpyeffect.stack.MetaStackLike.inst_stack 8 pure>)
+488: p43 = getfield_gc_r(p9, descr=<FieldP rpyeffect.stack.MetaStack.inst_tail 32 pure>)
+492: guard_isnull(p43, descr=<Guard0x14861a440>) [p2, p7, p9, p11, p13, p15, p17, p19, p21, p23, p25, p27, p29, p31, p33, p35, p37, p0, p1, p3, p4]
+500: p44 = getfield_gc_r(p9, descr=<FieldP rpyeffect.stack.MetaStack.inst_label 16 pure>)
+504: p45 = getfield_gc_r(p9, descr=<FieldP rpyeffect.stack.MetaStackWithBinding.inst_binding 40 pure>)
+508: i47 = instance_ptr_eq(p45, ConstPtr(ptr46))
guard_false(i47, descr=<Guard0x14861a470>) [p2, p7, p9, p11, p13, p15, p17, p19, p21, p23, p25, p27, p29, p31, p33, p35, p37, p0, p1, p3, p4]
debug_merge_point(0, 0, '88<main.rpyeffect:80(Name(k_121))>+1: {"op": "Return". "args": {"any": [0]}}')
+516: guard_nonnull(p42, descr=<Guard0x14861a4a0>) [p2, p7, p9, p11, p13, p15, p17, p19, p21, p23, p25, p27, p29, p31, p33, p35, p37, p0, p1, p3, p4]
+524: i48 = getfield_gc_i(p42, descr=<FieldS rpyeffect.stored_environment.Stack__arb.inst_target 16 pure>)
+528: guard_value(i48, 90, descr=<Guard0x14861a4d0>) [p2, p7, p9, p11, p13, p15, p17, p19, p21, p23, p25, p27, p29, p31, p33, p35, p37, p0, p1, p3, p4]
+540: p50 = getfield_gc_r(p42, descr=<FieldP rpyeffect.stored_environment.Stack__arb.inst_values_ptr 24 pure>)
+544: i51 = arraylen_gc(p50, descr=<ArrayP 8>)
+548: guard_value(i51, 1, descr=<Guard0x14861a500>) [p2, p7, p9, p11, p13, p15, p17, p19, p21, p23, p25, p27, p29, p31, p33, p35, p37, p0, p1, p3, p4]
+560: p54 = getarrayitem_gc_pure_r(p50, 0, descr=<ArrayP 8>)
+564: p55 = getfield_gc_r(p42, descr=<FieldP rpyeffect.stored_environment.Stack__arb.inst_tail 8 pure>)
debug_merge_point(0, 0, '90<main.rpyeffect:82([k@[switch case for Bool(false)#135]#143])>+0: {"op": "Jump". "target": 88}')
debug_merge_point(0, 0, '88<main.rpyeffect:80(Name(k_121))>+0: {"op": "PushStack". "arg": 1}')
+568: label(p44, p55, p2, p1, p0, p3, p4, p45, p7, p54, p11, p13, p15, p17, p19, p21, p23, p25, p27, p29, p31, p33, p35, p37, descr=TargetToken(5509107104))
debug_merge_point(0, 0, '88<main.rpyeffect:80(Name(k_121))>+0: {"op": "PushStack". "arg": 1}')
+580: guard_not_invalidated(descr=<Guard0x1485daf50>) [p2, p7, p54, p11, p13, p15, p17, p19, p21, p23, p25, p27, p29, p31, p33, p35, p37, p44, p55, p45, p4, p3, p0, p1]
+584: guard_nonnull_class(p54, ConstClass(MetaStackWithBinding), descr=<Guard0x1485daf98>) [p2, p7, p54, p11, p13, p15, p17, p19, p21, p23, p25, p27, p29, p31, p33, p35, p37, p44, p55, p45, p4, p3, p0, p1]
+608: p57 = getfield_gc_r(p54, descr=<FieldP rpyeffect.stack.MetaStack.inst_region 24 pure>)
+612: guard_isnull(p57, descr=<Guard0x14861a530>) [p2, p7, p54, p11, p13, p15, p17, p19, p21, p23, p25, p27, p29, p31, p33, p35, p37, p44, p55, p45, p4, p3, p0, p1]
+620: p58 = getfield_gc_r(p54, descr=<FieldP rpyeffect.stack.MetaStackLike.inst_stack 8 pure>)
+624: p59 = getfield_gc_r(p54, descr=<FieldP rpyeffect.stack.MetaStack.inst_tail 32 pure>)
+628: guard_isnull(p59, descr=<Guard0x14861a560>) [p2, p7, p54, p11, p13, p15, p17, p19, p21, p23, p25, p27, p29, p31, p33, p35, p37, p44, p55, p45, p4, p3, p0, p1]
+636: p60 = getfield_gc_r(p54, descr=<FieldP rpyeffect.stack.MetaStack.inst_label 16 pure>)
+640: p61 = getfield_gc_r(p54, descr=<FieldP rpyeffect.stack.MetaStackWithBinding.inst_binding 40 pure>)
+648: i63 = instance_ptr_eq(p61, ConstPtr(ptr62))
guard_false(i63, descr=<Guard0x14861a590>) [p2, p7, p54, p11, p13, p15, p17, p19, p21, p23, p25, p27, p29, p31, p33, p35, p37, p44, p55, p45, p4, p3, p0, p1]
debug_merge_point(0, 0, '88<main.rpyeffect:80(Name(k_121))>+1: {"op": "Return". "args": {"any": [0]}}')
+656: guard_nonnull(p58, descr=<Guard0x14861a5c0>) [p2, p7, p54, p11, p13, p15, p17, p19, p21, p23, p25, p27, p29, p31, p33, p35, p37, p44, p55, p45, p4, p3, p0, p1]
+664: i64 = getfield_gc_i(p58, descr=<FieldS rpyeffect.stored_environment.Stack__arb.inst_target 16 pure>)
+668: guard_value(i64, 90, descr=<Guard0x14861a5f0>) [p2, p7, p54, p11, p13, p15, p17, p19, p21, p23, p25, p27, p29, p31, p33, p35, p37, p44, p55, p45, p4, p3, p0, p1]
+680: p66 = getfield_gc_r(p58, descr=<FieldP rpyeffect.stored_environment.Stack__arb.inst_values_ptr 24 pure>)
+684: i67 = arraylen_gc(p66, descr=<ArrayP 8>)
+688: guard_value(i67, 1, descr=<Guard0x14861a620>) [p2, p7, p54, p11, p13, p15, p17, p19, p21, p23, p25, p27, p29, p31, p33, p35, p37, p44, p55, p45, p4, p3, p0, p1]
+700: p70 = getarrayitem_gc_pure_r(p66, 0, descr=<ArrayP 8>)
+704: p71 = getfield_gc_r(p58, descr=<FieldP rpyeffect.stored_environment.Stack__arb.inst_tail 8 pure>)
debug_merge_point(0, 0, '90<main.rpyeffect:82([k@[switch case for Bool(false)#135]#143])>+0: {"op": "Jump". "target": 88}')
debug_merge_point(0, 0, '88<main.rpyeffect:80(Name(k_121))>+0: {"op": "PushStack". "arg": 1}')
+708: p72 = new_with_vtable(descr=<SizeDescr 48>)
+816: setfield_gc(p72, ConstPtr(null), descr=<FieldP rpyeffect.stack.MetaStack.inst_region 24 pure>)
+824: setfield_gc(p72, p1, descr=<FieldP rpyeffect.stack.MetaStackLike.inst_stack 8 pure>)
+832: setfield_gc(p72, p3, descr=<FieldP rpyeffect.stack.MetaStack.inst_tail 32 pure>)
+840: setfield_gc(p72, p0, descr=<FieldP rpyeffect.stack.MetaStack.inst_label 16 pure>)
+848: setfield_gc(p72, p4, descr=<FieldP rpyeffect.stack.MetaStackWithBinding.inst_binding 40 pure>)
+856: jump(p60, p71, p2, p55, p44, p72, p45, p61, p7, p70, p11, p13, p15, p17, p19, p21, p23, p25, p27, p29, p31, p33, p35, p37, descr=TargetToken(5509107104))
+900: --end of the loop--
[a4a858] jit-log-opt-loop}
[b8b98d] {jit-log-opt-bridge
# bridge out of Guard 0x14861a5f0 with 150 ops
[p0, p1, p2, p3, p4, p5, p6, p7, p8, p9, p10, p11, p12, p13, p14, p15, p16, p17, p18, p19, p20, p21, p22, p23]
+248: guard_not_invalidated(descr=<Guard0x1485db070>) [p0, p1, p2, p3, p4, p5, p6, p7, p8, p9, p10, p11, p12, p13, p14, p15, p16, p17, p18, p19, p20, p21, p22, p23]
+256: i25 = instance_ptr_eq(p19, ConstPtr(ptr24))
guard_false(i25, descr=<Guard0x14861abc0>) [p0, p1, p2, p3, p4, p5, p6, p7, p8, p9, p10, p11, p12, p13, p14, p15, p16, p17, p18, p19, p20, p21, p22, p23]
+268: guard_nonnull_class(p2, ConstClass(MetaStackWithBinding), descr=<Guard0x1485db0b8>) [p0, p1, p2, p3, p4, p5, p6, p7, p8, p9, p10, p11, p12, p13, p14, p15, p16, p17, p18, p19, p20, p21, p22, p23]
+292: p27 = getfield_gc_r(p2, descr=<FieldP rpyeffect.stack.MetaStack.inst_region 24 pure>)
+296: guard_isnull(p27, descr=<Guard0x14861abf0>) [p0, p1, p2, p3, p4, p5, p6, p7, p8, p9, p10, p11, p12, p13, p14, p15, p16, p17, p18, p19, p20, p21, p22, p23]
+304: p28 = getfield_gc_r(p2, descr=<FieldP rpyeffect.stack.MetaStackLike.inst_stack 8 pure>)
+308: p29 = getfield_gc_r(p2, descr=<FieldP rpyeffect.stack.MetaStack.inst_tail 32 pure>)
+312: guard_isnull(p29, descr=<Guard0x14861ac20>) [p0, p1, p2, p3, p4, p5, p6, p7, p8, p9, p10, p11, p12, p13, p14, p15, p16, p17, p18, p19, p20, p21, p22, p23]
+320: p30 = getfield_gc_r(p2, descr=<FieldP rpyeffect.stack.MetaStack.inst_label 16 pure>)
+324: p31 = getfield_gc_r(p2, descr=<FieldP rpyeffect.stack.MetaStackWithBinding.inst_binding 40 pure>)
+328: i33 = instance_ptr_eq(p31, ConstPtr(ptr32))
guard_false(i33, descr=<Guard0x14861ac50>) [p0, p1, p2, p3, p4, p5, p6, p7, p8, p9, p10, p11, p12, p13, p14, p15, p16, p17, p18, p19, p20, p21, p22, p23]
debug_merge_point(0, 0, '88<main.rpyeffect:80(Name(k_121))>+1: {"op": "Return". "args": {"any": [0]}}')
+336: guard_nonnull(p28, descr=<Guard0x14861ac80>) [p0, p1, p2, p3, p4, p5, p6, p7, p8, p9, p10, p11, p12, p13, p14, p15, p16, p17, p18, p19, p20, p21, p22, p23]
+344: i34 = getfield_gc_i(p28, descr=<FieldS rpyeffect.stored_environment.Stack__arb.inst_target 16 pure>)
+348: guard_value(i34, 118, descr=<Guard0x14861acb0>) [p0, p1, p2, p3, p4, p5, p6, p7, p8, p9, p10, p11, p12, p13, p14, p15, p16, p17, p18, p19, p20, p21, p22, p23]
+360: p36 = getfield_gc_r(p28, descr=<FieldP rpyeffect.stored_environment.Stack__arb.inst_values_ptr 24 pure>)
+364: i37 = arraylen_gc(p36, descr=<ArrayP 8>)
+368: guard_value(i37, 3, descr=<Guard0x14861ace0>) [p0, p1, p2, p3, p4, p5, p6, p7, p8, p9, p10, p11, p12, p13, p14, p15, p16, p17, p18, p19, p20, p21, p22, p23]
+380: p40 = getarrayitem_gc_pure_r(p36, 0, descr=<ArrayP 8>)
+384: p42 = getarrayitem_gc_pure_r(p36, 1, descr=<ArrayP 8>)
+388: p44 = getarrayitem_gc_pure_r(p36, 2, descr=<ArrayP 8>)
+392: p45 = getfield_gc_r(p28, descr=<FieldP rpyeffect.stored_environment.Stack__arb.inst_tail 8 pure>)
debug_merge_point(0, 0, '118<main.rpyeffect:110([k@[switch case for Bool(false)#178]#186])>+0: {"op": "Swap". "type": "any". "a": 0. "b". 1}')
debug_merge_point(0, 0, '118<main.rpyeffect:110([k@[switch case for Bool(false)#178]#186])>+1: {"op": "Swap". "type": "any". "a": 3. "b". 1}')
debug_merge_point(0, 0, '118<main.rpyeffect:110([k@[switch case for Bool(false)#178]#186])>+2: {"op": "Swap". "type": "any". "a": 2. "b". 1}')
debug_merge_point(0, 0, '118<main.rpyeffect:110([k@[switch case for Bool(false)#178]#186])>+3: {"op": "Switch". "scrutinee": 3. "values": [<BoolValue object at 0x1485e1b50>]. "targets": [110]. "default": 117}')
+396: guard_nonnull_class(p1, ConstClass(BoolValue), descr=<Guard0x1485db100>) [p0, p1, p2, p3, p4, p5, p6, p7, p8, p9, p10, p11, p12, p13, p14, p15, p16, p17, p18, p19, p20, p21, p22, p23]
+424: i47 = getfield_gc_i(p1, descr=<FieldU rpyeffect.value.BoolValue.inst_value 8 pure>)
+428: i49 = int_eq(i47, 1)
guard_false(i49, descr=<Guard0x14861ad10>) [p0, p1, p2, p3, p4, p5, p6, p7, p8, p9, p10, p11, p12, p13, p14, p15, p16, p17, p18, p19, p20, p21, p22, p23]
debug_merge_point(0, 0, '117<main.rpyeffect:109([switch default case#198])>+0: {"op": "Switch". "scrutinee": 3. "values": [<BoolValue object at 0x1485e1b60>]. "targets": [115]. "default": 116}')
+436: i51 = int_eq(i47, 0)
guard_true(i51, descr=<Guard0x14861ad40>) [p0, p1, p2, p3, p4, p5, p6, p7, p8, p9, p10, p11, p12, p13, p14, p15, p16, p17, p18, p19, p20, p21, p22, p23]
debug_merge_point(0, 0, '115<main.rpyeffect:107([switch case for Bool(false)#199])>+0: {"op": "Push". "target": 114. "args": {"any": [0. 1]}}')
debug_merge_point(0, 0, '115<main.rpyeffect:107([switch case for Bool(false)#199])>+1: {"op": "Copy". "type": "any". "from": 2. "to". 0}')
debug_merge_point(0, 0, '115<main.rpyeffect:107([switch case for Bool(false)#199])>+2: {"op": "Jump". "target": 59}')
debug_merge_point(0, 0, '59<main.rpyeffect:51(Name(+_27))>+0: {"op": "New". "out": 0. "targets": [58]. "args": {"any": [0]}}')
debug_merge_point(0, 0, '59<main.rpyeffect:51(Name(+_27))>+1: {"op": "Return". "args": {"any": [0]}}')
debug_merge_point(0, 0, '114<main.rpyeffect:106([k@[switch case for Bool(false)#199]#201])>+0: {"op": "Const". "type": "ptr". "out": 3. "format": "int". "value": "<IntValue object at 0x1485e1c00>"}')
debug_merge_point(0, 0, '114<main.rpyeffect:106([k@[switch case for Bool(false)#199]#201])>+1: {"op": "Push". "target": 113. "args": {"any": [1. 2]}}')
debug_merge_point(0, 0, '114<main.rpyeffect:106([k@[switch case for Bool(false)#199]#201])>+2: {"op": "Copy". "type": "any". "from": 0. "to". 1}')
debug_merge_point(0, 0, '114<main.rpyeffect:106([k@[switch case for Bool(false)#199]#201])>+3: {"op": "Copy". "type": "any". "from": 3. "to". 0}')
debug_merge_point(0, 0, '114<main.rpyeffect:106([k@[switch case for Bool(false)#199]#201])>+4: {"op": "Invoke". "receiver": 1. "tag": Interned(apply). "args" : {"any": [0]}}')
debug_merge_point(0, 0, '58<main.rpyeffect:50([method_apply@Name(+_27)#74])>+0: {"op": "Jump". "target": 57}')
debug_merge_point(0, 0, '57<main.rpyeffect:49([mcore:[#24]#71])>+0: {"op": "PrimOp". "name": "infixAdd(Int. Int): Int". "out": {"any": [0]}. "in": {"any": [1. 0]}}')
+444: i52 = getfield_gc_i(p44, descr=<FieldS rpyeffect.value.IntValue.inst_value 8 pure>)
+448: i54 = int_add(i52, 1)
debug_merge_point(0, 0, '57<main.rpyeffect:49([mcore:[#24]#71])>+1: {"op": "Return". "args": {"any": [0]}}')
debug_merge_point(0, 0, '113<main.rpyeffect:105([#205])>+0: {"op": "Const". "type": "ptr". "out": 3. "format": "string". "value": "Name(Prime_0)"}')
debug_merge_point(0, 0, '113<main.rpyeffect:105([#205])>+1: {"op": "PrimOp". "name": "getGlobal(String): Ptr". "out": {"any": [3]}. "in": {"any": [3]}}')
debug_merge_point(0, 0, '113<main.rpyeffect:105([#205])>+2: {"op": "Push". "target": 112. "args": {"any": [1. 2]}}')
debug_merge_point(0, 0, '113<main.rpyeffect:105([#205])>+3: {"op": "Copy". "type": "any". "from": 3. "to". 1}')
debug_merge_point(0, 0, '113<main.rpyeffect:105([#205])>+4: {"op": "Jump". "target": 128}')
debug_merge_point(0, 0, '128<main.rpyeffect:120(Name(primes_48))>+0: {"op": "New". "out": 0. "targets": [127]. "args": {"any": [0]}}')
debug_merge_point(0, 0, '128<main.rpyeffect:120(Name(primes_48))>+1: {"op": "Return". "args": {"any": [0]}}')
debug_merge_point(0, 0, '112<main.rpyeffect:104([k@[#205]#210])>+0: {"op": "Push". "target": 111. "args": {"any": [1]}}')
debug_merge_point(0, 0, '112<main.rpyeffect:104([k@[#205]#210])>+1: {"op": "Copy". "type": "any". "from": 0. "to". 1}')
debug_merge_point(0, 0, '112<main.rpyeffect:104([k@[#205]#210])>+2: {"op": "Copy". "type": "any". "from": 2. "to". 0}')
debug_merge_point(0, 0, '112<main.rpyeffect:104([k@[#205]#210])>+3: {"op": "Invoke". "receiver": 1. "tag": Interned(apply). "args" : {"any": [0]}}')
debug_merge_point(0, 0, '127<main.rpyeffect:119([method_apply@Name(primes_48)#229])>+0: {"op": "Const". "type": "ptr". "out": 2. "format": "string". "value": "Name(Prime_0)"}')
debug_merge_point(0, 0, '127<main.rpyeffect:119([method_apply@Name(primes_48)#229])>+1: {"op": "PrimOp". "name": "getGlobal(String): Ptr". "out": {"any": [2]}. "in": {"any": [2]}}')
debug_merge_point(0, 0, '127<main.rpyeffect:119([method_apply@Name(primes_48)#229])>+2: {"op": "Swap". "type": "any". "a": 2. "b". 1}')
debug_merge_point(0, 0, '127<main.rpyeffect:119([method_apply@Name(primes_48)#229])>+3: {"op": "Jump". "target": 126}')
debug_merge_point(0, 0, '126<main.rpyeffect:118([mcore:[#43]#219])>+0: {"op": "New". "out": 0. "targets": [125]. "args": {"any": [0. 2]}}')
debug_merge_point(0, 0, '126<main.rpyeffect:118([mcore:[#43]#219])>+1: {"op": "Return". "args": {"any": [0]}}')
debug_merge_point(0, 0, '111<main.rpyeffect:103([k@[k@[#205]#210]#212])>+0: {"op": "Swap". "type": "any". "a": 0. "b". 1}')
debug_merge_point(0, 0, '111<main.rpyeffect:103([k@[k@[#205]#210]#212])>+1: {"op": "Invoke". "receiver": 1. "tag": Interned(apply). "args" : {"any": [0]}}')
debug_merge_point(0, 0, '125<main.rpyeffect:117([method_apply@[mcore:[#43]#219]#222])>+0: {"op": "Const". "type": "ptr". "out": 3. "format": "string". "value": "Name(Prime_0)"}')
debug_merge_point(0, 0, '125<main.rpyeffect:117([method_apply@[mcore:[#43]#219]#222])>+1: {"op": "PrimOp". "name": "getGlobal(String): Ptr". "out": {"any": [3]}. "in": {"any": [3]}}')
debug_merge_point(0, 0, '125<main.rpyeffect:117([method_apply@[mcore:[#43]#219]#222])>+2: {"op": "Swap". "type": "any". "a": 2. "b". 1}')
debug_merge_point(0, 0, '125<main.rpyeffect:117([method_apply@[mcore:[#43]#219]#222])>+3: {"op": "Swap". "type": "any". "a": 3. "b". 1}')
debug_merge_point(0, 0, '125<main.rpyeffect:117([method_apply@[mcore:[#43]#219]#222])>+4: {"op": "Jump". "target": 124}')
debug_merge_point(0, 0, '124<main.rpyeffect:116([mcore:[#42]#171])>+0: {"op": "Push". "target": 123. "args": {"any": [0. 2. 3]}}')
debug_merge_point(0, 0, '124<main.rpyeffect:116([mcore:[#42]#171])>+1: {"op": "Copy". "type": "any". "from": 3. "to". 0}')
debug_merge_point(0, 0, '124<main.rpyeffect:116([mcore:[#42]#171])>+2: {"op": "Jump". "target": 13}')
debug_merge_point(0, 0, '13<main.rpyeffect:5(Name(>=_1))>+0: {"op": "New". "out": 0. "targets": [12]. "args": {"any": [0]}}')
debug_merge_point(0, 0, '13<main.rpyeffect:5(Name(>=_1))>+1: {"op": "Return". "args": {"any": [0]}}')
debug_merge_point(0, 0, '123<main.rpyeffect:115([k@[mcore:[#42]#171]#173])>+0: {"op": "Push". "target": 122. "args": {"any": [1. 2. 3]}}')
debug_merge_point(0, 0, '123<main.rpyeffect:115([k@[mcore:[#42]#171]#173])>+1: {"op": "Copy". "type": "any". "from": 0. "to". 1}')
debug_merge_point(0, 0, '123<main.rpyeffect:115([k@[mcore:[#42]#171]#173])>+2: {"op": "Copy". "type": "any". "from": 2. "to". 0}')
debug_merge_point(0, 0, '123<main.rpyeffect:115([k@[mcore:[#42]#171]#173])>+3: {"op": "Invoke". "receiver": 1. "tag": Interned(apply). "args" : {"any": [0]}}')
debug_merge_point(0, 0, '12<main.rpyeffect:4([method_apply@Name(>=_1)#11])>+0: {"op": "Jump". "target": 11}')
debug_merge_point(0, 0, '11<main.rpyeffect:3([mcore:[#13]#8])>+0: {"op": "PrimOp". "name": "infixGte(Any. Any): Bool". "out": {"any": [0]}. "in": {"any": [1. 0]}}')
+452: guard_nonnull_class(p42, ConstClass(IntValue), descr=<Guard0x1485db148>) [p0, p1, p2, p3, p4, p5, p6, p7, p8, p9, p10, p11, p12, p13, p14, p15, p16, p17, p18, p19, p20, p21, p22, p23]
+476: i56 = getfield_gc_i(p42, descr=<FieldS rpyeffect.value.IntValue.inst_value 8 pure>)
+480: i57 = int_eq(i54, i56)
guard_false(i57, descr=<Guard0x14861ad70>) [p0, p1, p2, p3, p4, p5, p6, p7, p8, p9, p10, p11, p12, p13, p14, p15, p16, p17, p18, p19, p20, p21, p22, p23]
+488: i58 = int_lt(i54, i56)
guard_true(i58, descr=<Guard0x14861ada0>) [p0, p1, p2, p3, p4, p5, p6, p7, p8, p9, p10, p11, p12, p13, p14, p15, p16, p17, p18, p19, p20, p21, p22, p23]
debug_merge_point(0, 0, '11<main.rpyeffect:3([mcore:[#13]#8])>+1: {"op": "Return". "args": {"any": [0]}}')
debug_merge_point(0, 0, '122<main.rpyeffect:114([k@[k@[mcore:[#42]#171]#173]#175])>+0: {"op": "Switch". "scrutinee": 0. "values": [<BoolValue object at 0x1485e1a80>]. "targets": [108]. "default": 121}')
debug_merge_point(0, 0, '121<main.rpyeffect:113([switch default case#177])>+0: {"op": "Swap". "type": "any". "a": 0. "b". 1}')
debug_merge_point(0, 0, '121<main.rpyeffect:113([switch default case#177])>+1: {"op": "Swap". "type": "any". "a": 3. "b". 1}')
debug_merge_point(0, 0, '121<main.rpyeffect:113([switch default case#177])>+2: {"op": "Swap". "type": "any". "a": 2. "b". 1}')
debug_merge_point(0, 0, '121<main.rpyeffect:113([switch default case#177])>+3: {"op": "Switch". "scrutinee": 3. "values": [<BoolValue object at 0x1485e1a90>]. "targets": [119]. "default": 120}')
debug_merge_point(0, 0, '119<main.rpyeffect:111([switch case for Bool(false)#178])>+0: {"op": "Const". "type": "ptr". "out": 3. "format": "int". "value": "<IntValue object at 0x1485e1b40>"}')
debug_merge_point(0, 0, '119<main.rpyeffect:111([switch case for Bool(false)#178])>+1: {"op": "Const". "type": "ptr". "out": 4. "format": "string". "value": "Name(Prime_0)"}')
debug_merge_point(0, 0, '119<main.rpyeffect:111([switch case for Bool(false)#178])>+2: {"op": "PrimOp". "name": "getGlobal(String): Ptr". "out": {"any": [4]}. "in": {"any": [4]}}')
debug_merge_point(0, 0, '119<main.rpyeffect:111([switch case for Bool(false)#178])>+3: {"op": "GetDynamic". "out": 3. "n": 3. "label": 4}')
+500: i60 = instance_ptr_eq(p30, ConstPtr(ptr59))
guard_true(i60, descr=<Guard0x1486278e0>) [p0, p1, p2, p3, p4, p5, p6, p7, p8, p9, p10, p11, p12, p13, p14, p15, p16, p17, p18, p19, p20, p21, p22, p23]
debug_merge_point(0, 0, '119<main.rpyeffect:111([switch case for Bool(false)#178])>+4: {"op": "Push". "target": 118. "args": {"any": [0. 1. 2]}}')
debug_merge_point(0, 0, '119<main.rpyeffect:111([switch case for Bool(false)#178])>+5: {"op": "Copy". "type": "any". "from": 2. "to". 0}')
debug_merge_point(0, 0, '119<main.rpyeffect:111([switch case for Bool(false)#178])>+6: {"op": "Invoke". "receiver": 3. "tag": Interned(Prime_0). "args" : {"any": [0]}}')
+508: p61 = getfield_gc_r(p31, descr=<FieldP rpyeffect.codata.CoData.inst_vtable 8 pure>)
+516: guard_value(p61, ConstPtr(ptr62), descr=<Guard0x1486278b0>) [p0, p1, p2, p3, p4, p5, p6, p7, p8, p9, p10, p11, p12, p13, p14, p15, p16, p17, p18, p19, p20, p21, p22, p23]
+524: p63 = getfield_gc_r(p31, descr=<FieldP rpyeffect.stored_environment.CoData__arb.inst_values_ptr 16 pure>)
+528: i64 = arraylen_gc(p63, descr=<ArrayP 8>)
+532: guard_value(i64, 1, descr=<Guard0x148627850>) [p0, p1, p2, p3, p4, p5, p6, p7, p8, p9, p10, p11, p12, p13, p14, p15, p16, p17, p18, p19, p20, p21, p22, p23]
+544: p67 = getarrayitem_gc_pure_r(p63, 0, descr=<ArrayP 8>)
debug_merge_point(0, 0, '98<main.rpyeffect:90([method_Prime_0@[mcore:[#38]#113]#115])>+0: {"op": "Const". "type": "ptr". "out": 2. "format": "int". "value": "<IntValue object at 0x1485e14d0>"}')
debug_merge_point(0, 0, '98<main.rpyeffect:90([method_Prime_0@[mcore:[#38]#113]#115])>+1: {"op": "Const". "type": "ptr". "out": 3. "format": "string". "value": "Name(Prime_0)"}')
debug_merge_point(0, 0, '98<main.rpyeffect:90([method_Prime_0@[mcore:[#38]#113]#115])>+2: {"op": "PrimOp". "name": "getGlobal(String): Ptr". "out": {"any": [3]}. "in": {"any": [3]}}')
debug_merge_point(0, 0, '98<main.rpyeffect:90([method_Prime_0@[mcore:[#38]#113]#115])>+3: {"op": "ShiftDyn". "out": 2. "n": 2. "label": 3}')
debug_merge_point(0, 0, '98<main.rpyeffect:90([method_Prime_0@[mcore:[#38]#113]#115])>+4: {"op": "Push". "target": 97. "args": {"any": [0. 2. 1]}}')
debug_merge_point(0, 0, '98<main.rpyeffect:90([method_Prime_0@[mcore:[#38]#113]#115])>+5: {"op": "Jump". "target": 65}')
debug_merge_point(0, 0, '65<main.rpyeffect:57(Name(mod_29))>+0: {"op": "New". "out": 0. "targets": [64]. "args": {"any": [0]}}')
+548: p68 = new_with_vtable(descr=<SizeDescr 32>)
+656: p70 = new_array_clear(3, descr=<ArrayP 8>)
+676: p71 = new_with_vtable(descr=<SizeDescr 16>)
+688: setfield_gc(p71, i54, descr=<FieldS rpyeffect.value.IntValue.inst_value 8 pure>)
+692: setarrayitem_gc(p70, 0, p71, descr=<ArrayP 8>)
+696: p73 = new_with_vtable(descr=<SizeDescr 48>)
+708: p74 = new_with_vtable(descr=<SizeDescr 32>)
+720: setfield_gc(p74, p45, descr=<FieldP rpyeffect.stored_environment.Stack__arb.inst_tail 8 pure>)
+724: setfield_gc(p74, 118, descr=<FieldS rpyeffect.stored_environment.Stack__arb.inst_target 16 pure>)
+732: p77 = new_array_clear(3, descr=<ArrayP 8>)
+752: setarrayitem_gc(p77, 0, p40, descr=<ArrayP 8>)
+756: setarrayitem_gc(p77, 1, p42, descr=<ArrayP 8>)
+760: setarrayitem_gc(p77, 2, p71, descr=<ArrayP 8>)
+764: setfield_gc(p74, p77, descr=<FieldP rpyeffect.stored_environment.Stack__arb.inst_values_ptr 24 pure>)
+768: setfield_gc(p73, p74, descr=<FieldP rpyeffect.stack.MetaStackLike.inst_stack 8 pure>)
+772: setfield_gc(p73, p30, descr=<FieldP rpyeffect.stack.MetaStack.inst_label 16 pure>)
+776: setfield_gc(p73, ConstPtr(null), descr=<FieldP rpyeffect.stack.MetaStack.inst_region 24 pure>)
+784: setfield_gc(p73, ConstPtr(null), descr=<FieldP rpyeffect.stack.MetaStack.inst_tail 32 pure>)
+792: setfield_gc(p73, p31, descr=<FieldP rpyeffect.stack.MetaStackWithBinding.inst_binding 40 pure>)
+796: setarrayitem_gc(p70, 1, p73, descr=<ArrayP 8>)
+800: setarrayitem_gc(p70, 2, p67, descr=<ArrayP 8>)
+804: p85 = new_with_vtable(descr=<SizeDescr 48>)
+816: setfield_gc(p85, ConstPtr(null), descr=<FieldP rpyeffect.stack.MetaStack.inst_region 24 pure>)
+824: setfield_gc(p85, p23, descr=<FieldP rpyeffect.stack.MetaStackLike.inst_stack 8 pure>)
+832: setfield_gc(p85, p21, descr=<FieldP rpyeffect.stack.MetaStack.inst_tail 32 pure>)
+840: setfield_gc(p85, p22, descr=<FieldP rpyeffect.stack.MetaStack.inst_label 16 pure>)
+848: setfield_gc(p85, p20, descr=<FieldP rpyeffect.stack.MetaStackWithBinding.inst_binding 40 pure>)
+856: setfield_gc(p68, 97, descr=<FieldS rpyeffect.stored_environment.Stack__arb.inst_target 16 pure>)
+864: setfield_gc(p68, p70, descr=<FieldP rpyeffect.stored_environment.Stack__arb.inst_values_ptr 24 pure>)
+868: setfield_gc(p68, p18, descr=<FieldP rpyeffect.stored_environment.Stack__arb.inst_tail 8 pure>)
+876: jump(p17, p68, p0, p85, p19, p71, p67, p73, ConstPtr(ptr88), ConstPtr(ptr89), p6, p7, p8, p9, p10, p11, p12, p13, p14, p15, p16, descr=TargetToken(5509106912))
+996: --end of the loop--
[bbf8ee] jit-log-opt-bridge}
[bea7f1] {jit-log-opt-bridge
# bridge out of Guard 0x1485dae30 with 19 ops
[p0, p1, p2, p3, p4, p5, p6, p7, p8, p9, p10, p11, p12, p13, i14, p15, p16, p17, p18, p19, p20, p21, p22]
+104: guard_true(i14, descr=<Guard0x1485dbad8>) [p0, p1, p2, p3, p4, p5, p6, p7, p8, p9, p10, p11, p12, p13, i14, p15, p16, p17, p18, p19, p20, p21, p22]
+112: guard_not_invalidated(descr=<Guard0x1486349b0>) [p0, p1, p2, p3, p4, p5, p6, p7, p8, p9, p10, p11, p12, p13, i14, p15, p16, p17, p18, p19, p20, p21, p22]
debug_merge_point(0, 0, '89<main.rpyeffect:81([switch case for Bool(true)#131])>+0: {"op": "Const". "type": "ptr". "out": 0. "format": "bool". "value": "<BoolValue object at 0x1485e1640>"}')
debug_merge_point(0, 0, '89<main.rpyeffect:81([switch case for Bool(true)#131])>+1: {"op": "Copy". "type": "any". "from": 2. "to". 1}')
debug_merge_point(0, 0, '89<main.rpyeffect:81([switch case for Bool(true)#131])>+2: {"op": "Jump". "target": 88}')
debug_merge_point(0, 0, '88<main.rpyeffect:80(Name(k_121))>+0: {"op": "PushStack". "arg": 1}')
+116: p23 = new_with_vtable(descr=<SizeDescr 48>)
+220: p24 = new_with_vtable(descr=<SizeDescr 32>)
+232: setfield_gc(p24, p20, descr=<FieldP rpyeffect.stored_environment.Stack__arb.inst_tail 8 pure>)
+240: setfield_gc(p24, 90, descr=<FieldS rpyeffect.stored_environment.Stack__arb.inst_target 16 pure>)
+248: p27 = new_array_clear(1, descr=<ArrayP 8>)
+268: setarrayitem_gc(p27, 0, p19, descr=<ArrayP 8>)
+272: setfield_gc(p24, p27, descr=<FieldP rpyeffect.stored_environment.Stack__arb.inst_values_ptr 24 pure>)
+276: setfield_gc(p23, p24, descr=<FieldP rpyeffect.stack.MetaStackLike.inst_stack 8 pure>)
+280: setfield_gc(p23, p22, descr=<FieldP rpyeffect.stack.MetaStack.inst_label 16 pure>)
+288: setfield_gc(p23, ConstPtr(null), descr=<FieldP rpyeffect.stack.MetaStack.inst_region 24 pure>)
+296: setfield_gc(p23, ConstPtr(null), descr=<FieldP rpyeffect.stack.MetaStack.inst_tail 32 pure>)
+304: setfield_gc(p23, p21, descr=<FieldP rpyeffect.stack.MetaStackWithBinding.inst_binding 40 pure>)
+320: jump(p15, p16, p0, p17, p18, ConstPtr(ptr31), p23, p23, ConstPtr(ptr32), p2, p3, p4, p5, p6, p7, p8, p9, p10, p11, p12, p13, descr=TargetToken(5509107040))
+448: --end of the loop--
[bedbdd] jit-log-opt-bridge}
[d26430] {jit-log-opt-loop
# Loop 5 (91<main.rpyeffect:83([switch case for Bool(false)#135])>+0: {"op": "Const", "type": "ptr", "out": 2, "format": "int", "value": "<IntValue object at 0x1485e1610>"}) : entry bridge with 54 ops
[p0, p1, p2, p3, p4]
+232: p5 = getfield_gc_r(p2, descr=<FieldP rpyeffect.environment.Environment.inst_values_ptr 16>)
+240: p7 = getarrayitem_gc_r(p5, 0, descr=<ArrayP 8>)
+244: p9 = getarrayitem_gc_r(p5, 1, descr=<ArrayP 8>)
+248: p11 = getarrayitem_gc_r(p5, 2, descr=<ArrayP 8>)
+252: p13 = getarrayitem_gc_r(p5, 3, descr=<ArrayP 8>)
+256: p15 = getarrayitem_gc_r(p5, 4, descr=<ArrayP 8>)
+260: p17 = getarrayitem_gc_r(p5, 5, descr=<ArrayP 8>)
+264: p19 = getarrayitem_gc_r(p5, 6, descr=<ArrayP 8>)
+268: p21 = getarrayitem_gc_r(p5, 7, descr=<ArrayP 8>)
+272: p23 = getarrayitem_gc_r(p5, 8, descr=<ArrayP 8>)
+276: p25 = getarrayitem_gc_r(p5, 9, descr=<ArrayP 8>)
+280: p27 = getarrayitem_gc_r(p5, 10, descr=<ArrayP 8>)
+284: p29 = getarrayitem_gc_r(p5, 11, descr=<ArrayP 8>)
+288: p31 = getarrayitem_gc_r(p5, 12, descr=<ArrayP 8>)
+292: p33 = getarrayitem_gc_r(p5, 13, descr=<ArrayP 8>)
+296: p35 = getarrayitem_gc_r(p5, 14, descr=<ArrayP 8>)
+300: p37 = getarrayitem_gc_r(p5, 15, descr=<ArrayP 8>)
debug_merge_point(0, 0, '91<main.rpyeffect:83([switch case for Bool(false)#135])>+0: {"op": "Const". "type": "ptr". "out": 2. "format": "int". "value": "<IntValue object at 0x1485e1610>"}')
+304: guard_not_invalidated(descr=<Guard0x1485dbb68>) [p2, p7, p9, p11, p13, p15, p17, p19, p21, p23, p25, p27, p29, p31, p33, p35, p37, p0, p1, p3, p4]
debug_merge_point(0, 0, '91<main.rpyeffect:83([switch case for Bool(false)#135])>+1: {"op": "Const". "type": "ptr". "out": 3. "format": "string". "value": "Name(Prime_0)"}')
debug_merge_point(0, 0, '91<main.rpyeffect:83([switch case for Bool(false)#135])>+2: {"op": "PrimOp". "name": "getGlobal(String): Ptr". "out": {"any": [3]}. "in": {"any": [3]}}')
debug_merge_point(0, 0, '91<main.rpyeffect:83([switch case for Bool(false)#135])>+3: {"op": "GetDynamic". "out": 2. "n": 2. "label": 3}')
+316: i39 = instance_ptr_eq(p4, ConstPtr(ptr38))
guard_false(i39, descr=<Guard0x148648110>) [p2, p7, p9, p11, p13, p15, p17, p19, p21, p23, p25, p27, p29, p31, p33, p35, p37, p0, p1, p3, p4]
+336: i41 = instance_ptr_eq(p0, ConstPtr(ptr40))
guard_true(i41, descr=<Guard0x148648140>) [p2, p7, p9, p11, p13, p15, p17, p19, p21, p23, p25, p27, p29, p31, p33, p35, p37, p0, p1, p3, p4]
debug_merge_point(0, 0, '91<main.rpyeffect:83([switch case for Bool(false)#135])>+4: {"op": "Push". "target": 90. "args": {"any": [1]}}')
debug_merge_point(0, 0, '91<main.rpyeffect:83([switch case for Bool(false)#135])>+5: {"op": "Invoke". "receiver": 2. "tag": Interned(Prime_0). "args" : {"any": [0]}}')
+352: p42 = getfield_gc_r(p4, descr=<FieldP rpyeffect.codata.CoData.inst_vtable 8 pure>)
+368: guard_value(p42, ConstPtr(ptr43), descr=<Guard0x148648170>) [p2, p7, p9, p11, p13, p15, p17, p19, p21, p23, p25, p27, p29, p31, p33, p35, p37, p0, p1, p3, p4]
+376: p44 = getfield_gc_r(p4, descr=<FieldP rpyeffect.stored_environment.CoData__arb.inst_values_ptr 16 pure>)
+380: i45 = arraylen_gc(p44, descr=<ArrayP 8>)
+384: guard_value(i45, 0, descr=<Guard0x1486481a0>) [p2, p7, p9, p11, p13, p15, p17, p19, p21, p23, p25, p27, p29, p31, p33, p35, p37, p0, p1, p3, p4]
debug_merge_point(0, 0, '130<main.rpyeffect:122([method_Prime_0@[mcore:[#47]#234]#236])>+0: {"op": "Const". "type": "ptr". "out": 0. "format": "int". "value": "<IntValue object at 0x1485e1920>"}')
debug_merge_point(0, 0, '130<main.rpyeffect:122([method_Prime_0@[mcore:[#47]#234]#236])>+1: {"op": "Const". "type": "ptr". "out": 1. "format": "string". "value": "Name(Prime_0)"}')
debug_merge_point(0, 0, '130<main.rpyeffect:122([method_Prime_0@[mcore:[#47]#234]#236])>+2: {"op": "PrimOp". "name": "getGlobal(String): Ptr". "out": {"any": [1]}. "in": {"any": [1]}}')
debug_merge_point(0, 0, '130<main.rpyeffect:122([method_Prime_0@[mcore:[#47]#234]#236])>+3: {"op": "ShiftDyn". "out": 0. "n": 0. "label": 1}')
+396: guard_nonnull_class(p3, 4375739352, descr=<Guard0x1485dbbb0>) [p2, p7, p9, p11, p13, p15, p17, p19, p21, p23, p25, p27, p29, p31, p33, p35, p37, p0, p1, p3, p4]
+424: p48 = getfield_gc_r(p3, descr=<FieldP rpyeffect.stack.MetaStackLike.inst_stack 8 pure>)
+428: p49 = getfield_gc_r(p3, descr=<FieldP rpyeffect.stack.MetaStack.inst_label 16 pure>)
+432: p50 = getfield_gc_r(p3, descr=<FieldP rpyeffect.stack.MetaStack.inst_tail 32 pure>)
debug_merge_point(0, 0, '130<main.rpyeffect:122([method_Prime_0@[mcore:[#47]#234]#236])>+4: {"op": "Const". "type": "ptr". "out": 1. "format": "bool". "value": "<BoolValue object at 0x1485e18e0>"}')
debug_merge_point(0, 0, '130<main.rpyeffect:122([method_Prime_0@[mcore:[#47]#234]#236])>+5: {"op": "Swap". "type": "any". "a": 0. "b". 1}')
debug_merge_point(0, 0, '130<main.rpyeffect:122([method_Prime_0@[mcore:[#47]#234]#236])>+6: {"op": "Jump". "target": 129}')
debug_merge_point(0, 0, '129<main.rpyeffect:121(Name(k_134))>+0: {"op": "PushStack". "arg": 1}')
debug_merge_point(0, 0, '129<main.rpyeffect:121(Name(k_134))>+1: {"op": "Return". "args": {"any": [0]}}')
debug_merge_point(0, 0, '90<main.rpyeffect:82([k@[switch case for Bool(false)#135]#143])>+0: {"op": "Jump". "target": 88}')
debug_merge_point(0, 0, '88<main.rpyeffect:80(Name(k_121))>+0: {"op": "PushStack". "arg": 1}')
+436: p51 = new_with_vtable(descr=<SizeDescr 40>)
+548: setfield_gc(p51, p48, descr=<FieldP rpyeffect.stack.MetaStackLike.inst_stack 8 pure>)
+552: setfield_gc(p51, p49, descr=<FieldP rpyeffect.stack.MetaStack.inst_label 16 pure>)
+556: setfield_gc(p51, p50, descr=<FieldP rpyeffect.stack.MetaStack.inst_tail 32 pure>)
+560: setfield_gc(p51, ConstPtr(null), descr=<FieldP rpyeffect.stack.MetaStack.inst_region 24 pure>)
+572: jump(p0, p1, p2, p51, p4, ConstPtr(ptr53), p9, p4, ConstPtr(ptr54), p15, p17, p19, p21, p23, p25, p27, p29, p31, p33, p35, p37, descr=TargetToken(5509107040))
+752: --end of the loop--
[d30adb] jit-log-opt-loop}
[efcd52] {jit-log-opt-bridge
# bridge out of Guard 0x1485fbfa0 with 53 ops
[p0, p1, p2, p3, p4, p5, p6, p7, p8, p9, p10, p11, p12, p13, i14, p15, p16, p17, p18, p19, p20, p21, p22]
+168: guard_false(i14, descr=<Guard0x1485dbcd0>) [p0, p1, p2, p3, p4, p5, p6, p7, p8, p9, p10, p11, p12, p13, i14, p15, p16, p17, p18, p19, p20, p21, p22]
+176: guard_not_invalidated(descr=<Guard0x1486a28f0>) [p0, p1, p2, p3, p4, p5, p6, p7, p8, p9, p10, p11, p12, p13, i14, p15, p16, p17, p18, p19, p20, p21, p22]
debug_merge_point(0, 0, '93<main.rpyeffect:85([switch default case#134])>+0: {"op": "Swap". "type": "any". "a": 0. "b". 1}')
debug_merge_point(0, 0, '93<main.rpyeffect:85([switch default case#134])>+1: {"op": "Swap". "type": "any". "a": 2. "b". 1}')
debug_merge_point(0, 0, '93<main.rpyeffect:85([switch default case#134])>+2: {"op": "Switch". "scrutinee": 2. "values": [<BoolValue object at 0x1485e1560>]. "targets": [91]. "default": 92}')
debug_merge_point(0, 0, '91<main.rpyeffect:83([switch case for Bool(false)#135])>+0: {"op": "Const". "type": "ptr". "out": 2. "format": "int". "value": "<IntValue object at 0x1485e1610>"}')
debug_merge_point(0, 0, '91<main.rpyeffect:83([switch case for Bool(false)#135])>+1: {"op": "Const". "type": "ptr". "out": 3. "format": "string". "value": "Name(Prime_0)"}')
debug_merge_point(0, 0, '91<main.rpyeffect:83([switch case for Bool(false)#135])>+2: {"op": "PrimOp". "name": "getGlobal(String): Ptr". "out": {"any": [3]}. "in": {"any": [3]}}')
debug_merge_point(0, 0, '91<main.rpyeffect:83([switch case for Bool(false)#135])>+3: {"op": "GetDynamic". "out": 2. "n": 2. "label": 3}')
+184: i24 = instance_ptr_eq(p18, ConstPtr(ptr23))
guard_false(i24, descr=<Guard0x1486a2920>) [p0, p1, p2, p3, p4, p5, p6, p7, p8, p9, p10, p11, p12, p13, i14, p15, p16, p17, p18, p19, p20, p21, p22]
+196: i26 = instance_ptr_eq(p15, ConstPtr(ptr25))
guard_true(i26, descr=<Guard0x1486a2950>) [p0, p1, p2, p3, p4, p5, p6, p7, p8, p9, p10, p11, p12, p13, i14, p15, p16, p17, p18, p19, p20, p21, p22]
debug_merge_point(0, 0, '91<main.rpyeffect:83([switch case for Bool(false)#135])>+4: {"op": "Push". "target": 90. "args": {"any": [1]}}')
debug_merge_point(0, 0, '91<main.rpyeffect:83([switch case for Bool(false)#135])>+5: {"op": "Invoke". "receiver": 2. "tag": Interned(Prime_0). "args" : {"any": [0]}}')
+204: p27 = getfield_gc_r(p18, descr=<FieldP rpyeffect.codata.CoData.inst_vtable 8 pure>)
+212: guard_value(p27, ConstPtr(ptr28), descr=<Guard0x1486a2980>) [p0, p1, p2, p3, p4, p5, p6, p7, p8, p9, p10, p11, p12, p13, i14, p15, p16, p17, p18, p19, p20, p21, p22]
+220: p29 = getfield_gc_r(p18, descr=<FieldP rpyeffect.stored_environment.CoData__arb.inst_values_ptr 16 pure>)
+224: i30 = arraylen_gc(p29, descr=<ArrayP 8>)
+228: guard_value(i30, 0, descr=<Guard0x1486a29b0>) [p0, p1, p2, p3, p4, p5, p6, p7, p8, p9, p10, p11, p12, p13, i14, p15, p16, p17, p18, p19, p20, p21, p22]
debug_merge_point(0, 0, '130<main.rpyeffect:122([method_Prime_0@[mcore:[#47]#234]#236])>+0: {"op": "Const". "type": "ptr". "out": 0. "format": "int". "value": "<IntValue object at 0x1485e1920>"}')
debug_merge_point(0, 0, '130<main.rpyeffect:122([method_Prime_0@[mcore:[#47]#234]#236])>+1: {"op": "Const". "type": "ptr". "out": 1. "format": "string". "value": "Name(Prime_0)"}')
debug_merge_point(0, 0, '130<main.rpyeffect:122([method_Prime_0@[mcore:[#47]#234]#236])>+2: {"op": "PrimOp". "name": "getGlobal(String): Ptr". "out": {"any": [1]}. "in": {"any": [1]}}')
debug_merge_point(0, 0, '130<main.rpyeffect:122([method_Prime_0@[mcore:[#47]#234]#236])>+3: {"op": "ShiftDyn". "out": 0. "n": 0. "label": 1}')
+240: guard_nonnull_class(p17, 4375739352, descr=<Guard0x1485dbd18>) [p0, p1, p2, p3, p4, p5, p6, p7, p8, p9, p10, p11, p12, p13, i14, p15, p16, p17, p18, p19, p20, p21, p22]
+268: p33 = getfield_gc_r(p17, descr=<FieldP rpyeffect.stack.MetaStackLike.inst_stack 8 pure>)
+272: p34 = getfield_gc_r(p17, descr=<FieldP rpyeffect.stack.MetaStack.inst_label 16 pure>)
+276: p35 = getfield_gc_r(p17, descr=<FieldP rpyeffect.stack.MetaStack.inst_tail 32 pure>)
debug_merge_point(0, 0, '130<main.rpyeffect:122([method_Prime_0@[mcore:[#47]#234]#236])>+4: {"op": "Const". "type": "ptr". "out": 1. "format": "bool". "value": "<BoolValue object at 0x1485e18e0>"}')
debug_merge_point(0, 0, '130<main.rpyeffect:122([method_Prime_0@[mcore:[#47]#234]#236])>+5: {"op": "Swap". "type": "any". "a": 0. "b". 1}')
debug_merge_point(0, 0, '130<main.rpyeffect:122([method_Prime_0@[mcore:[#47]#234]#236])>+6: {"op": "Jump". "target": 129}')
debug_merge_point(0, 0, '129<main.rpyeffect:121(Name(k_134))>+0: {"op": "PushStack". "arg": 1}')
debug_merge_point(0, 0, '129<main.rpyeffect:121(Name(k_134))>+1: {"op": "Return". "args": {"any": [0]}}')
debug_merge_point(0, 0, '90<main.rpyeffect:82([k@[switch case for Bool(false)#135]#143])>+0: {"op": "Jump". "target": 88}')
debug_merge_point(0, 0, '88<main.rpyeffect:80(Name(k_121))>+0: {"op": "PushStack". "arg": 1}')
+280: p36 = new_with_vtable(descr=<SizeDescr 40>)
+392: p37 = new_with_vtable(descr=<SizeDescr 48>)
+404: p38 = new_with_vtable(descr=<SizeDescr 32>)
+416: setfield_gc(p38, p20, descr=<FieldP rpyeffect.stored_environment.Stack__arb.inst_tail 8 pure>)
+424: setfield_gc(p38, 90, descr=<FieldS rpyeffect.stored_environment.Stack__arb.inst_target 16 pure>)
+432: p41 = new_array_clear(1, descr=<ArrayP 8>)
+452: setarrayitem_gc(p41, 0, p19, descr=<ArrayP 8>)
+456: setfield_gc(p38, p41, descr=<FieldP rpyeffect.stored_environment.Stack__arb.inst_values_ptr 24 pure>)
+460: setfield_gc(p36, p33, descr=<FieldP rpyeffect.stack.MetaStackLike.inst_stack 8 pure>)
+468: setfield_gc(p36, p34, descr=<FieldP rpyeffect.stack.MetaStack.inst_label 16 pure>)
+472: setfield_gc(p36, ConstPtr(null), descr=<FieldP rpyeffect.stack.MetaStack.inst_region 24 pure>)
+480: setfield_gc(p36, p35, descr=<FieldP rpyeffect.stack.MetaStack.inst_tail 32 pure>)
+484: setfield_gc(p37, p38, descr=<FieldP rpyeffect.stack.MetaStackLike.inst_stack 8 pure>)
+488: setfield_gc(p37, p22, descr=<FieldP rpyeffect.stack.MetaStack.inst_label 16 pure>)
+496: setfield_gc(p37, ConstPtr(null), descr=<FieldP rpyeffect.stack.MetaStack.inst_tail 32 pure>)
+504: setfield_gc(p37, ConstPtr(null), descr=<FieldP rpyeffect.stack.MetaStack.inst_region 24 pure>)
+512: setfield_gc(p37, p21, descr=<FieldP rpyeffect.stack.MetaStackWithBinding.inst_binding 40 pure>)
+524: jump(p15, p16, p0, p36, p18, ConstPtr(ptr46), p37, p18, ConstPtr(ptr47), p2, p3, p4, p5, p6, p7, p8, p9, p10, p11, p12, p13, descr=TargetToken(5509107040))
+644: --end of the loop--
[f06293] jit-log-opt-bridge}
[f8352d] {jit-log-opt-loop
# Loop 8 (59<main.rpyeffect:51(Name(+_27))>+0: {"op": "New", "out": 0, "targets": [58], "args": {"any": [0]}}) : loop with 77 ops
[p0, p1, p2, p3, p4]
+200: p5 = getfield_gc_r(p2, descr=<FieldP rpyeffect.environment.Environment.inst_values_ptr 16>)
+208: p7 = getarrayitem_gc_r(p5, 0, descr=<ArrayP 8>)
+212: p9 = getarrayitem_gc_r(p5, 1, descr=<ArrayP 8>)
+216: p11 = getarrayitem_gc_r(p5, 2, descr=<ArrayP 8>)
+220: p13 = getarrayitem_gc_r(p5, 3, descr=<ArrayP 8>)
+224: p15 = getarrayitem_gc_r(p5, 4, descr=<ArrayP 8>)
+228: p17 = getarrayitem_gc_r(p5, 5, descr=<ArrayP 8>)
+232: p19 = getarrayitem_gc_r(p5, 6, descr=<ArrayP 8>)
+236: p21 = getarrayitem_gc_r(p5, 7, descr=<ArrayP 8>)
+240: p23 = getarrayitem_gc_r(p5, 8, descr=<ArrayP 8>)
+244: p25 = getarrayitem_gc_r(p5, 9, descr=<ArrayP 8>)
+248: p27 = getarrayitem_gc_r(p5, 10, descr=<ArrayP 8>)
+252: p29 = getarrayitem_gc_r(p5, 11, descr=<ArrayP 8>)
+256: p31 = getarrayitem_gc_r(p5, 12, descr=<ArrayP 8>)
+260: p33 = getarrayitem_gc_r(p5, 13, descr=<ArrayP 8>)
+264: p35 = getarrayitem_gc_r(p5, 14, descr=<ArrayP 8>)
+268: p37 = getarrayitem_gc_r(p5, 15, descr=<ArrayP 8>)
+272: label(p0, p1, p2, p3, p4, p7, p9, p11, p13, p15, p17, p19, p21, p23, p25, p27, p29, p31, p33, p35, p37, descr=TargetToken(5509947488))
+332: guard_not_invalidated(descr=<Guard0x1485dbec8>) [p2, p7, p9, p11, p13, p15, p17, p19, p21, p23, p25, p27, p29, p31, p33, p35, p37, p0, p1, p3, p4]
debug_merge_point(0, 0, '59<main.rpyeffect:51(Name(+_27))>+1: {"op": "Return". "args": {"any": [0]}}')
+336: guard_nonnull(p1, descr=<Guard0x1486b0c80>) [p2, p7, p9, p11, p13, p15, p17, p19, p21, p23, p25, p27, p29, p31, p33, p35, p37, p0, p1, p3, p4]
+348: i38 = getfield_gc_i(p1, descr=<FieldS rpyeffect.stored_environment.Stack__arb.inst_target 16 pure>)
+356: guard_value(i38, 106, descr=<Guard0x1486b0cb0>) [p2, p7, p9, p11, p13, p15, p17, p19, p21, p23, p25, p27, p29, p31, p33, p35, p37, p0, p1, p3, p4]
+368: p40 = getfield_gc_r(p1, descr=<FieldP rpyeffect.stored_environment.Stack__arb.inst_values_ptr 24 pure>)
+372: i41 = arraylen_gc(p40, descr=<ArrayP 8>)
+376: guard_value(i41, 3, descr=<Guard0x1486b0ce0>) [p2, p7, p9, p11, p13, p15, p17, p19, p21, p23, p25, p27, p29, p31, p33, p35, p37, p0, p1, p3, p4]
+388: p44 = getarrayitem_gc_pure_r(p40, 0, descr=<ArrayP 8>)
+392: p46 = getarrayitem_gc_pure_r(p40, 1, descr=<ArrayP 8>)
+396: p48 = getarrayitem_gc_pure_r(p40, 2, descr=<ArrayP 8>)
+400: p49 = getfield_gc_r(p1, descr=<FieldP rpyeffect.stored_environment.Stack__arb.inst_tail 8 pure>)
debug_merge_point(0, 0, '106<main.rpyeffect:98([k@[mcore:[#40]#153]#155])>+0: {"op": "Const". "type": "ptr". "out": 4. "format": "int". "value": "<IntValue object at 0x1485e12f0>"}')
debug_merge_point(0, 0, '106<main.rpyeffect:98([k@[mcore:[#40]#153]#155])>+1: {"op": "Push". "target": 105. "args": {"any": [1. 2. 3]}}')
debug_merge_point(0, 0, '106<main.rpyeffect:98([k@[mcore:[#40]#153]#155])>+2: {"op": "Copy". "type": "any". "from": 0. "to". 1}')
debug_merge_point(0, 0, '106<main.rpyeffect:98([k@[mcore:[#40]#153]#155])>+3: {"op": "Copy". "type": "any". "from": 4. "to". 0}')
debug_merge_point(0, 0, '106<main.rpyeffect:98([k@[mcore:[#40]#153]#155])>+4: {"op": "Invoke". "receiver": 1. "tag": Interned(apply). "args" : {"any": [0]}}')
debug_merge_point(0, 0, '58<main.rpyeffect:50([method_apply@Name(+_27)#74])>+0: {"op": "Jump". "target": 57}')
debug_merge_point(0, 0, '57<main.rpyeffect:49([mcore:[#24]#71])>+0: {"op": "PrimOp". "name": "infixAdd(Int. Int): Int". "out": {"any": [0]}. "in": {"any": [1. 0]}}')
+404: i50 = getfield_gc_i(p7, descr=<FieldS rpyeffect.value.IntValue.inst_value 8 pure>)
+408: i52 = int_add(i50, 1)
debug_merge_point(0, 0, '57<main.rpyeffect:49([mcore:[#24]#71])>+1: {"op": "Return". "args": {"any": [0]}}')
debug_merge_point(0, 0, '105<main.rpyeffect:97([k@[k@[mcore:[#40]#153]#155]#159])>+0: {"op": "Const". "type": "ptr". "out": 4. "format": "string". "value": "Name(Prime_0)"}')
debug_merge_point(0, 0, '105<main.rpyeffect:97([k@[k@[mcore:[#40]#153]#155]#159])>+1: {"op": "PrimOp". "name": "getGlobal(String): Ptr". "out": {"any": [4]}. "in": {"any": [4]}}')
debug_merge_point(0, 0, '105<main.rpyeffect:97([k@[k@[mcore:[#40]#153]#155]#159])>+2: {"op": "Push". "target": 104. "args": {"any": [1. 2. 3]}}')
debug_merge_point(0, 0, '105<main.rpyeffect:97([k@[k@[mcore:[#40]#153]#155]#159])>+3: {"op": "Copy". "type": "any". "from": 4. "to". 1}')
debug_merge_point(0, 0, '105<main.rpyeffect:97([k@[k@[mcore:[#40]#153]#155]#159])>+4: {"op": "Jump". "target": 128}')
debug_merge_point(0, 0, '128<main.rpyeffect:120(Name(primes_48))>+0: {"op": "New". "out": 0. "targets": [127]. "args": {"any": [0]}}')
debug_merge_point(0, 0, '128<main.rpyeffect:120(Name(primes_48))>+1: {"op": "Return". "args": {"any": [0]}}')
debug_merge_point(0, 0, '104<main.rpyeffect:96([k@[k@[k@[mcore:[#40]#153]#155]#159]#164])>+0: {"op": "Push". "target": 103. "args": {"any": [1. 3]}}')
debug_merge_point(0, 0, '104<main.rpyeffect:96([k@[k@[k@[mcore:[#40]#153]#155]#159]#164])>+1: {"op": "Copy". "type": "any". "from": 0. "to". 1}')
debug_merge_point(0, 0, '104<main.rpyeffect:96([k@[k@[k@[mcore:[#40]#153]#155]#159]#164])>+2: {"op": "Copy". "type": "any". "from": 2. "to". 0}')
debug_merge_point(0, 0, '104<main.rpyeffect:96([k@[k@[k@[mcore:[#40]#153]#155]#159]#164])>+3: {"op": "Invoke". "receiver": 1. "tag": Interned(apply). "args" : {"any": [0]}}')
debug_merge_point(0, 0, '127<main.rpyeffect:119([method_apply@Name(primes_48)#229])>+0: {"op": "Const". "type": "ptr". "out": 2. "format": "string". "value": "Name(Prime_0)"}')
debug_merge_point(0, 0, '127<main.rpyeffect:119([method_apply@Name(primes_48)#229])>+1: {"op": "PrimOp". "name": "getGlobal(String): Ptr". "out": {"any": [2]}. "in": {"any": [2]}}')
debug_merge_point(0, 0, '127<main.rpyeffect:119([method_apply@Name(primes_48)#229])>+2: {"op": "Swap". "type": "any". "a": 2. "b". 1}')
debug_merge_point(0, 0, '127<main.rpyeffect:119([method_apply@Name(primes_48)#229])>+3: {"op": "Jump". "target": 126}')
debug_merge_point(0, 0, '126<main.rpyeffect:118([mcore:[#43]#219])>+0: {"op": "New". "out": 0. "targets": [125]. "args": {"any": [0. 2]}}')
debug_merge_point(0, 0, '126<main.rpyeffect:118([mcore:[#43]#219])>+1: {"op": "Return". "args": {"any": [0]}}')
debug_merge_point(0, 0, '103<main.rpyeffect:95([#166])>+0: {"op": "Push". "target": 102. "args": {"any": [0. 2]}}')
debug_merge_point(0, 0, '103<main.rpyeffect:95([#166])>+1: {"op": "Copy". "type": "any". "from": 1. "to". 0}')
debug_merge_point(0, 0, '103<main.rpyeffect:95([#166])>+2: {"op": "Jump". "target": 59}')
debug_merge_point(0, 0, '59<main.rpyeffect:51(Name(+_27))>+0: {"op": "New". "out": 0. "targets": [58]. "args": {"any": [0]}}')
+412: p53 = new_with_vtable(descr=<SizeDescr 32>)
+524: p55 = new_array_clear(2, descr=<ArrayP 8>)
+544: p56 = new_with_vtable(descr=<SizeDescr 24>)
+560: setfield_gc(p56, ConstPtr(ptr57), descr=<FieldP rpyeffect.codata.CoData.inst_vtable 8 pure>)
+564: p59 = new_array_clear(2, descr=<ArrayP 8>)
+584: setarrayitem_gc(p59, 0, p46, descr=<ArrayP 8>)
+588: p61 = new_with_vtable(descr=<SizeDescr 16>)
+600: setfield_gc(p61, i52, descr=<FieldS rpyeffect.value.IntValue.inst_value 8 pure>)
+604: setarrayitem_gc(p59, 1, p61, descr=<ArrayP 8>)
+608: setfield_gc(p56, p59, descr=<FieldP rpyeffect.stored_environment.CoData__arb.inst_values_ptr 16 pure>)
+612: setarrayitem_gc(p55, 0, p56, descr=<ArrayP 8>)
+616: setarrayitem_gc(p55, 1, p48, descr=<ArrayP 8>)
+624: setfield_gc(p53, 102, descr=<FieldS rpyeffect.stored_environment.Stack__arb.inst_target 16 pure>)
+632: setfield_gc(p53, p55, descr=<FieldP rpyeffect.stored_environment.Stack__arb.inst_values_ptr 24 pure>)
+636: setfield_gc(p53, p49, descr=<FieldP rpyeffect.stored_environment.Stack__arb.inst_tail 8 pure>)
+648: jump(p0, p53, p2, p3, p4, p44, p44, p48, p48, ConstPtr(ptr66), p17, p19, p21, p23, p25, p27, p29, p31, p33, p35, p37, descr=TargetToken(5509947488))
+676: --end of the loop--
[f8ee90] jit-log-opt-loop}
[15d4d0f] {jit-log-opt-bridge
# bridge out of Guard 0x14861ad10 with 89 ops
[p0, p1, p2, p3, p4, p5, p6, p7, p8, p9, p10, p11, p12, p13, p14, p15, p16, p17, p18, p19, p20, p21, p22, p23]
+184: guard_not_invalidated(descr=<Guard0x1487fa020>) [p0, p1, p2, p3, p4, p5, p6, p7, p8, p9, p10, p11, p12, p13, p14, p15, p16, p17, p18, p19, p20, p21, p22, p23]
+192: i25 = instance_ptr_eq(p19, ConstPtr(ptr24))
guard_false(i25, descr=<Guard0x1487f99a0>) [p0, p1, p2, p3, p4, p5, p6, p7, p8, p9, p10, p11, p12, p13, p14, p15, p16, p17, p18, p19, p20, p21, p22, p23]
+200: guard_nonnull_class(p2, ConstClass(MetaStackWithBinding), descr=<Guard0x1487fa068>) [p0, p1, p2, p3, p4, p5, p6, p7, p8, p9, p10, p11, p12, p13, p14, p15, p16, p17, p18, p19, p20, p21, p22, p23]
+224: p27 = getfield_gc_r(p2, descr=<FieldP rpyeffect.stack.MetaStack.inst_region 24 pure>)
+228: guard_isnull(p27, descr=<Guard0x1487f99d0>) [p0, p1, p2, p3, p4, p5, p6, p7, p8, p9, p10, p11, p12, p13, p14, p15, p16, p17, p18, p19, p20, p21, p22, p23]
+236: p28 = getfield_gc_r(p2, descr=<FieldP rpyeffect.stack.MetaStackLike.inst_stack 8 pure>)
+240: p29 = getfield_gc_r(p2, descr=<FieldP rpyeffect.stack.MetaStack.inst_tail 32 pure>)
+244: guard_isnull(p29, descr=<Guard0x1487f9a00>) [p0, p1, p2, p3, p4, p5, p6, p7, p8, p9, p10, p11, p12, p13, p14, p15, p16, p17, p18, p19, p20, p21, p22, p23]
+252: p30 = getfield_gc_r(p2, descr=<FieldP rpyeffect.stack.MetaStack.inst_label 16 pure>)
+256: p31 = getfield_gc_r(p2, descr=<FieldP rpyeffect.stack.MetaStackWithBinding.inst_binding 40 pure>)
+260: i33 = instance_ptr_eq(p31, ConstPtr(ptr32))
guard_false(i33, descr=<Guard0x1487f9a30>) [p0, p1, p2, p3, p4, p5, p6, p7, p8, p9, p10, p11, p12, p13, p14, p15, p16, p17, p18, p19, p20, p21, p22, p23]
debug_merge_point(0, 0, '88<main.rpyeffect:80(Name(k_121))>+1: {"op": "Return". "args": {"any": [0]}}')
+268: guard_nonnull(p28, descr=<Guard0x1487f9a60>) [p0, p1, p2, p3, p4, p5, p6, p7, p8, p9, p10, p11, p12, p13, p14, p15, p16, p17, p18, p19, p20, p21, p22, p23]
+276: i34 = getfield_gc_i(p28, descr=<FieldS rpyeffect.stored_environment.Stack__arb.inst_target 16 pure>)
+280: guard_value(i34, 118, descr=<Guard0x1487f9a90>) [p0, p1, p2, p3, p4, p5, p6, p7, p8, p9, p10, p11, p12, p13, p14, p15, p16, p17, p18, p19, p20, p21, p22, p23]
+292: p36 = getfield_gc_r(p28, descr=<FieldP rpyeffect.stored_environment.Stack__arb.inst_values_ptr 24 pure>)
+296: i37 = arraylen_gc(p36, descr=<ArrayP 8>)
+300: guard_value(i37, 3, descr=<Guard0x1487f9ac0>) [p0, p1, p2, p3, p4, p5, p6, p7, p8, p9, p10, p11, p12, p13, p14, p15, p16, p17, p18, p19, p20, p21, p22, p23]
+312: p40 = getarrayitem_gc_pure_r(p36, 0, descr=<ArrayP 8>)
+316: p42 = getarrayitem_gc_pure_r(p36, 1, descr=<ArrayP 8>)
+320: p44 = getarrayitem_gc_pure_r(p36, 2, descr=<ArrayP 8>)
+324: p45 = getfield_gc_r(p28, descr=<FieldP rpyeffect.stored_environment.Stack__arb.inst_tail 8 pure>)
debug_merge_point(0, 0, '118<main.rpyeffect:110([k@[switch case for Bool(false)#178]#186])>+0: {"op": "Swap". "type": "any". "a": 0. "b". 1}')
debug_merge_point(0, 0, '118<main.rpyeffect:110([k@[switch case for Bool(false)#178]#186])>+1: {"op": "Swap". "type": "any". "a": 3. "b". 1}')
debug_merge_point(0, 0, '118<main.rpyeffect:110([k@[switch case for Bool(false)#178]#186])>+2: {"op": "Swap". "type": "any". "a": 2. "b". 1}')
debug_merge_point(0, 0, '118<main.rpyeffect:110([k@[switch case for Bool(false)#178]#186])>+3: {"op": "Switch". "scrutinee": 3. "values": [<BoolValue object at 0x1485e1b50>]. "targets": [110]. "default": 117}')
+328: guard_nonnull_class(p1, ConstClass(BoolValue), descr=<Guard0x1487fa0f8>) [p0, p1, p2, p3, p4, p5, p6, p7, p8, p9, p10, p11, p12, p13, p14, p15, p16, p17, p18, p19, p20, p21, p22, p23]
+352: i47 = getfield_gc_i(p1, descr=<FieldU rpyeffect.value.BoolValue.inst_value 8 pure>)
+356: i49 = int_eq(i47, 1)
guard_true(i49, descr=<Guard0x1487f9b50>) [p0, p1, p2, p3, p4, p5, p6, p7, p8, p9, p10, p11, p12, p13, p14, p15, p16, p17, p18, p19, p20, p21, p22, p23]
debug_merge_point(0, 0, '110<main.rpyeffect:102([switch case for Bool(true)#187])>+0: {"op": "New". "out": 0. "targets": [109]. "args": {"any": [0. 1. 2]}}')
debug_merge_point(0, 0, '110<main.rpyeffect:102([switch case for Bool(true)#187])>+1: {"op": "Const". "type": "ptr". "out": 1. "format": "string". "value": "Name(Prime_0)"}')
debug_merge_point(0, 0, '110<main.rpyeffect:102([switch case for Bool(true)#187])>+2: {"op": "PrimOp". "name": "getGlobal(String): Ptr". "out": {"any": [1]}. "in": {"any": [1]}}')
debug_merge_point(0, 0, '110<main.rpyeffect:102([switch case for Bool(true)#187])>+3: {"op": "Jump". "target": 100}')
debug_merge_point(0, 0, '100<main.rpyeffect:92([mcore:[#38]#113])>+0: {"op": "New". "out": 1. "targets": [98]. "args": {"any": [2]}}')
debug_merge_point(0, 0, '100<main.rpyeffect:92([mcore:[#38]#113])>+1: {"op": "Const". "type": "ptr". "out": 2. "format": "string". "value": "Name(Prime_0)"}')
debug_merge_point(0, 0, '100<main.rpyeffect:92([mcore:[#38]#113])>+2: {"op": "PrimOp". "name": "getGlobal(String): Ptr". "out": {"any": [2]}. "in": {"any": [2]}}')
debug_merge_point(0, 0, '100<main.rpyeffect:92([mcore:[#38]#113])>+3: {"op": "NewStackWithBinding". "out": 1. "target": 99. "region": 2. "args": {"any": []}. "label": 2. "binding": 1}')
debug_merge_point(0, 0, '100<main.rpyeffect:92([mcore:[#38]#113])>+4: {"op": "PushStack". "arg": 1}')
debug_merge_point(0, 0, '100<main.rpyeffect:92([mcore:[#38]#113])>+5: {"op": "Invoke". "receiver": 0. "tag": Interned(apply). "args" : {"any": []}}')
debug_merge_point(0, 0, '109<main.rpyeffect:101([#189])>+0: {"op": "Const". "type": "ptr". "out": 3. "format": "string". "value": "Name(Prime_0)"}')
debug_merge_point(0, 0, '109<main.rpyeffect:101([#189])>+1: {"op": "PrimOp". "name": "getGlobal(String): Ptr". "out": {"any": [3]}. "in": {"any": [3]}}')
debug_merge_point(0, 0, '109<main.rpyeffect:101([#189])>+2: {"op": "Swap". "type": "any". "a": 2. "b". 1}')
debug_merge_point(0, 0, '109<main.rpyeffect:101([#189])>+3: {"op": "Swap". "type": "any". "a": 3. "b". 1}')
debug_merge_point(0, 0, '109<main.rpyeffect:101([#189])>+4: {"op": "Swap". "type": "any". "a": 0. "b". 1}')
debug_merge_point(0, 0, '109<main.rpyeffect:101([#189])>+5: {"op": "Jump". "target": 107}')
debug_merge_point(0, 0, '107<main.rpyeffect:99([mcore:[#40]#153])>+0: {"op": "Push". "target": 106. "args": {"any": [1. 2. 3]}}')
debug_merge_point(0, 0, '107<main.rpyeffect:99([mcore:[#40]#153])>+1: {"op": "Copy". "type": "any". "from": 3. "to". 0}')
debug_merge_point(0, 0, '107<main.rpyeffect:99([mcore:[#40]#153])>+2: {"op": "Jump". "target": 59}')
debug_merge_point(0, 0, '59<main.rpyeffect:51(Name(+_27))>+0: {"op": "New". "out": 0. "targets": [58]. "args": {"any": [0]}}')
+364: p50 = new_with_vtable(descr=<SizeDescr 32>)
+472: p51 = new_with_vtable(descr=<SizeDescr 32>)
+484: setfield_gc(p51, ConstPtr(null), descr=<FieldP rpyeffect.stored_environment.Stack__arb.inst_tail 8 pure>)
+492: setfield_gc(p51, 99, descr=<FieldS rpyeffect.stored_environment.Stack__arb.inst_target 16 pure>)
+500: p55 = new_array_clear(0, descr=<ArrayP 8>)
+520: setfield_gc(p51, p55, descr=<FieldP rpyeffect.stored_environment.Stack__arb.inst_values_ptr 24 pure>)
+524: p57 = new_array_clear(3, descr=<ArrayP 8>)
+544: setarrayitem_gc(p57, 0, p40, descr=<ArrayP 8>)
+548: setarrayitem_gc(p57, 1, p42, descr=<ArrayP 8>)
+552: setarrayitem_gc(p57, 2, p44, descr=<ArrayP 8>)
+556: p61 = new_with_vtable(descr=<SizeDescr 48>)
+568: p62 = new_with_vtable(descr=<SizeDescr 48>)
+580: setfield_gc(p62, p18, descr=<FieldP rpyeffect.stack.MetaStackLike.inst_stack 8 pure>)
+588: setfield_gc(p62, p17, descr=<FieldP rpyeffect.stack.MetaStack.inst_label 16 pure>)
+596: setfield_gc(p62, ConstPtr(null), descr=<FieldP rpyeffect.stack.MetaStack.inst_region 24 pure>)
+604: p64 = new_with_vtable(descr=<SizeDescr 48>)
+616: setfield_gc(p64, p23, descr=<FieldP rpyeffect.stack.MetaStackLike.inst_stack 8 pure>)
+624: setfield_gc(p64, p22, descr=<FieldP rpyeffect.stack.MetaStack.inst_label 16 pure>)
+632: setfield_gc(p64, ConstPtr(null), descr=<FieldP rpyeffect.stack.MetaStack.inst_region 24 pure>)
+640: setfield_gc(p64, p21, descr=<FieldP rpyeffect.stack.MetaStack.inst_tail 32 pure>)
+648: setfield_gc(p64, p20, descr=<FieldP rpyeffect.stack.MetaStackWithBinding.inst_binding 40 pure>)
+656: setfield_gc(p62, p64, descr=<FieldP rpyeffect.stack.MetaStack.inst_tail 32 pure>)
+660: setfield_gc(p62, p19, descr=<FieldP rpyeffect.stack.MetaStackWithBinding.inst_binding 40 pure>)
+664: p66 = new_with_vtable(descr=<SizeDescr 24>)
+676: p68 = new_array_clear(1, descr=<ArrayP 8>)
+696: setarrayitem_gc(p68, 0, p44, descr=<ArrayP 8>)
+700: setfield_gc(p61, ConstPtr(null), descr=<FieldP rpyeffect.stack.MetaStack.inst_region 24 pure>)
+708: setfield_gc(p61, p45, descr=<FieldP rpyeffect.stack.MetaStackLike.inst_stack 8 pure>)
+712: setfield_gc(p61, p62, descr=<FieldP rpyeffect.stack.MetaStack.inst_tail 32 pure>)
+716: setfield_gc(p61, p30, descr=<FieldP rpyeffect.stack.MetaStack.inst_label 16 pure>)
+720: setfield_gc(p61, p31, descr=<FieldP rpyeffect.stack.MetaStackWithBinding.inst_binding 40 pure>)
+724: setfield_gc(p50, 106, descr=<FieldS rpyeffect.stored_environment.Stack__arb.inst_target 16 pure>)
+732: setfield_gc(p50, p57, descr=<FieldP rpyeffect.stored_environment.Stack__arb.inst_values_ptr 24 pure>)
+736: setfield_gc(p50, p51, descr=<FieldP rpyeffect.stored_environment.Stack__arb.inst_tail 8 pure>)
+744: setfield_gc(p66, ConstPtr(ptr72), descr=<FieldP rpyeffect.codata.CoData.inst_vtable 8 pure>)
+748: setfield_gc(p66, p68, descr=<FieldP rpyeffect.stored_environment.CoData__arb.inst_values_ptr 16 pure>)
+756: jump(ConstPtr(ptr73), p50, p0, p61, p66, p44, p40, p42, p44, p5, p6, p7, p8, p9, p10, p11, p12, p13, p14, p15, p16, descr=TargetToken(5509947488))
+868: --end of the loop--
[15e415d] jit-log-opt-bridge}
[16c262b] {jit-log-opt-bridge
# bridge out of Guard 0x1486b0cb0 with 113 ops
[p0, p1, p2, p3, p4, p5, p6, p7, p8, p9, p10, p11, p12, p13, p14, p15, p16, p17, p18, p19, p20]
+232: guard_not_invalidated(descr=<Guard0x1487fa260>) [p0, p1, p2, p3, p4, p5, p6, p7, p8, p9, p10, p11, p12, p13, p14, p15, p16, p17, p18, p19, p20]
debug_merge_point(0, 0, '59<main.rpyeffect:51(Name(+_27))>+1: {"op": "Return". "args": {"any": [0]}}')
+236: guard_nonnull(p18, descr=<Guard0x148817dc0>) [p0, p1, p2, p3, p4, p5, p6, p7, p8, p9, p10, p11, p12, p13, p14, p15, p16, p17, p18, p19, p20]
+244: i21 = getfield_gc_i(p18, descr=<FieldS rpyeffect.stored_environment.Stack__arb.inst_target 16 pure>)
+248: guard_value(i21, 102, descr=<Guard0x148817df0>) [p0, p1, p2, p3, p4, p5, p6, p7, p8, p9, p10, p11, p12, p13, p14, p15, p16, p17, p18, p19, p20]
+260: p23 = getfield_gc_r(p18, descr=<FieldP rpyeffect.stored_environment.Stack__arb.inst_values_ptr 24 pure>)
+264: i24 = arraylen_gc(p23, descr=<ArrayP 8>)
+268: guard_value(i24, 2, descr=<Guard0x148817e20>) [p0, p1, p2, p3, p4, p5, p6, p7, p8, p9, p10, p11, p12, p13, p14, p15, p16, p17, p18, p19, p20]
+280: p27 = getarrayitem_gc_pure_r(p23, 0, descr=<ArrayP 8>)
+284: p29 = getarrayitem_gc_pure_r(p23, 1, descr=<ArrayP 8>)
+288: p30 = getfield_gc_r(p18, descr=<FieldP rpyeffect.stored_environment.Stack__arb.inst_tail 8 pure>)
debug_merge_point(0, 0, '102<main.rpyeffect:94([k@[#166]#168])>+0: {"op": "Push". "target": 101. "args": {"any": [1]}}')
debug_merge_point(0, 0, '102<main.rpyeffect:94([k@[#166]#168])>+1: {"op": "Copy". "type": "any". "from": 0. "to". 1}')
debug_merge_point(0, 0, '102<main.rpyeffect:94([k@[#166]#168])>+2: {"op": "Copy". "type": "any". "from": 2. "to". 0}')
debug_merge_point(0, 0, '102<main.rpyeffect:94([k@[#166]#168])>+3: {"op": "Invoke". "receiver": 1. "tag": Interned(apply). "args" : {"any": [0]}}')
debug_merge_point(0, 0, '58<main.rpyeffect:50([method_apply@Name(+_27)#74])>+0: {"op": "Jump". "target": 57}')
debug_merge_point(0, 0, '57<main.rpyeffect:49([mcore:[#24]#71])>+0: {"op": "PrimOp". "name": "infixAdd(Int. Int): Int". "out": {"any": [0]}. "in": {"any": [1. 0]}}')
+292: i31 = getfield_gc_i(p1, descr=<FieldS rpyeffect.value.IntValue.inst_value 8 pure>)
+296: i32 = getfield_gc_i(p29, descr=<FieldS rpyeffect.value.IntValue.inst_value 8 pure>)
+300: i33 = int_add(i31, i32)
debug_merge_point(0, 0, '57<main.rpyeffect:49([mcore:[#24]#71])>+1: {"op": "Return". "args": {"any": [0]}}')
debug_merge_point(0, 0, '101<main.rpyeffect:93([k@[k@[#166]#168]#170])>+0: {"op": "Invoke". "receiver": 1. "tag": Interned(apply). "args" : {"any": [0]}}')
+304: p34 = getfield_gc_r(p27, descr=<FieldP rpyeffect.codata.CoData.inst_vtable 8 pure>)
+312: guard_value(p34, ConstPtr(ptr35), descr=<Guard0x148817e50>) [p0, p1, p2, p3, p4, p5, p6, p7, p8, p9, p10, p11, p12, p13, p14, p15, p16, p17, p18, p19, p20]
+320: p36 = getfield_gc_r(p27, descr=<FieldP rpyeffect.stored_environment.CoData__arb.inst_values_ptr 16 pure>)
+324: i37 = arraylen_gc(p36, descr=<ArrayP 8>)
+328: guard_value(i37, 2, descr=<Guard0x148817e80>) [p0, p1, p2, p3, p4, p5, p6, p7, p8, p9, p10, p11, p12, p13, p14, p15, p16, p17, p18, p19, p20]
+340: p40 = getarrayitem_gc_pure_r(p36, 0, descr=<ArrayP 8>)
+344: p42 = getarrayitem_gc_pure_r(p36, 1, descr=<ArrayP 8>)
debug_merge_point(0, 0, '125<main.rpyeffect:117([method_apply@[mcore:[#43]#219]#222])>+0: {"op": "Const". "type": "ptr". "out": 3. "format": "string". "value": "Name(Prime_0)"}')
debug_merge_point(0, 0, '125<main.rpyeffect:117([method_apply@[mcore:[#43]#219]#222])>+1: {"op": "PrimOp". "name": "getGlobal(String): Ptr". "out": {"any": [3]}. "in": {"any": [3]}}')
debug_merge_point(0, 0, '125<main.rpyeffect:117([method_apply@[mcore:[#43]#219]#222])>+2: {"op": "Swap". "type": "any". "a": 2. "b". 1}')
debug_merge_point(0, 0, '125<main.rpyeffect:117([method_apply@[mcore:[#43]#219]#222])>+3: {"op": "Swap". "type": "any". "a": 3. "b". 1}')
debug_merge_point(0, 0, '125<main.rpyeffect:117([method_apply@[mcore:[#43]#219]#222])>+4: {"op": "Jump". "target": 124}')
debug_merge_point(0, 0, '124<main.rpyeffect:116([mcore:[#42]#171])>+0: {"op": "Push". "target": 123. "args": {"any": [0. 2. 3]}}')
debug_merge_point(0, 0, '124<main.rpyeffect:116([mcore:[#42]#171])>+1: {"op": "Copy". "type": "any". "from": 3. "to". 0}')
debug_merge_point(0, 0, '124<main.rpyeffect:116([mcore:[#42]#171])>+2: {"op": "Jump". "target": 13}')
debug_merge_point(0, 0, '13<main.rpyeffect:5(Name(>=_1))>+0: {"op": "New". "out": 0. "targets": [12]. "args": {"any": [0]}}')
debug_merge_point(0, 0, '13<main.rpyeffect:5(Name(>=_1))>+1: {"op": "Return". "args": {"any": [0]}}')
debug_merge_point(0, 0, '123<main.rpyeffect:115([k@[mcore:[#42]#171]#173])>+0: {"op": "Push". "target": 122. "args": {"any": [1. 2. 3]}}')
debug_merge_point(0, 0, '123<main.rpyeffect:115([k@[mcore:[#42]#171]#173])>+1: {"op": "Copy". "type": "any". "from": 0. "to". 1}')
debug_merge_point(0, 0, '123<main.rpyeffect:115([k@[mcore:[#42]#171]#173])>+2: {"op": "Copy". "type": "any". "from": 2. "to". 0}')
debug_merge_point(0, 0, '123<main.rpyeffect:115([k@[mcore:[#42]#171]#173])>+3: {"op": "Invoke". "receiver": 1. "tag": Interned(apply). "args" : {"any": [0]}}')
debug_merge_point(0, 0, '12<main.rpyeffect:4([method_apply@Name(>=_1)#11])>+0: {"op": "Jump". "target": 11}')
debug_merge_point(0, 0, '11<main.rpyeffect:3([mcore:[#13]#8])>+0: {"op": "PrimOp". "name": "infixGte(Any. Any): Bool". "out": {"any": [0]}. "in": {"any": [1. 0]}}')
+348: guard_class(p42, ConstClass(IntValue), descr=<Guard0x148817eb0>) [p0, p1, p2, p3, p4, p5, p6, p7, p8, p9, p10, p11, p12, p13, p14, p15, p16, p17, p18, p19, p20]
+364: guard_nonnull_class(p40, ConstClass(IntValue), descr=<Guard0x1487fa2a8>) [p0, p1, p2, p3, p4, p5, p6, p7, p8, p9, p10, p11, p12, p13, p14, p15, p16, p17, p18, p19, p20]
+388: i45 = getfield_gc_i(p42, descr=<FieldS rpyeffect.value.IntValue.inst_value 8 pure>)
+392: i46 = getfield_gc_i(p40, descr=<FieldS rpyeffect.value.IntValue.inst_value 8 pure>)
+396: i47 = int_eq(i45, i46)
guard_false(i47, descr=<Guard0x148817ee0>) [p0, p1, p2, p3, p4, p5, p6, p7, p8, p9, p10, p11, p12, p13, p14, p15, p16, p17, p18, p19, p20]
+404: i48 = int_lt(i45, i46)
guard_true(i48, descr=<Guard0x148817f10>) [p0, p1, p2, p3, p4, p5, p6, p7, p8, p9, p10, p11, p12, p13, p14, p15, p16, p17, p18, p19, p20]
debug_merge_point(0, 0, '11<main.rpyeffect:3([mcore:[#13]#8])>+1: {"op": "Return". "args": {"any": [0]}}')
debug_merge_point(0, 0, '122<main.rpyeffect:114([k@[k@[mcore:[#42]#171]#173]#175])>+0: {"op": "Switch". "scrutinee": 0. "values": [<BoolValue object at 0x1485e1a80>]. "targets": [108]. "default": 121}')
debug_merge_point(0, 0, '121<main.rpyeffect:113([switch default case#177])>+0: {"op": "Swap". "type": "any". "a": 0. "b". 1}')
debug_merge_point(0, 0, '121<main.rpyeffect:113([switch default case#177])>+1: {"op": "Swap". "type": "any". "a": 3. "b". 1}')
debug_merge_point(0, 0, '121<main.rpyeffect:113([switch default case#177])>+2: {"op": "Swap". "type": "any". "a": 2. "b". 1}')
debug_merge_point(0, 0, '121<main.rpyeffect:113([switch default case#177])>+3: {"op": "Switch". "scrutinee": 3. "values": [<BoolValue object at 0x1485e1a90>]. "targets": [119]. "default": 120}')
debug_merge_point(0, 0, '119<main.rpyeffect:111([switch case for Bool(false)#178])>+0: {"op": "Const". "type": "ptr". "out": 3. "format": "int". "value": "<IntValue object at 0x1485e1b40>"}')
debug_merge_point(0, 0, '119<main.rpyeffect:111([switch case for Bool(false)#178])>+1: {"op": "Const". "type": "ptr". "out": 4. "format": "string". "value": "Name(Prime_0)"}')
debug_merge_point(0, 0, '119<main.rpyeffect:111([switch case for Bool(false)#178])>+2: {"op": "PrimOp". "name": "getGlobal(String): Ptr". "out": {"any": [4]}. "in": {"any": [4]}}')
debug_merge_point(0, 0, '119<main.rpyeffect:111([switch case for Bool(false)#178])>+3: {"op": "GetDynamic". "out": 3. "n": 3. "label": 4}')
+416: i50 = instance_ptr_eq(p20, ConstPtr(ptr49))
guard_false(i50, descr=<Guard0x148817f40>) [p0, p1, p2, p3, p4, p5, p6, p7, p8, p9, p10, p11, p12, p13, p14, p15, p16, p17, p18, p19, p20]
+432: i52 = instance_ptr_eq(p17, ConstPtr(ptr51))
guard_true(i52, descr=<Guard0x148817f70>) [p0, p1, p2, p3, p4, p5, p6, p7, p8, p9, p10, p11, p12, p13, p14, p15, p16, p17, p18, p19, p20]
debug_merge_point(0, 0, '119<main.rpyeffect:111([switch case for Bool(false)#178])>+4: {"op": "Push". "target": 118. "args": {"any": [0. 1. 2]}}')
debug_merge_point(0, 0, '119<main.rpyeffect:111([switch case for Bool(false)#178])>+5: {"op": "Copy". "type": "any". "from": 2. "to". 0}')
debug_merge_point(0, 0, '119<main.rpyeffect:111([switch case for Bool(false)#178])>+6: {"op": "Invoke". "receiver": 3. "tag": Interned(Prime_0). "args" : {"any": [0]}}')
+444: p53 = getfield_gc_r(p20, descr=<FieldP rpyeffect.codata.CoData.inst_vtable 8 pure>)
+452: guard_value(p53, ConstPtr(ptr54), descr=<Guard0x148817fa0>) [p0, p1, p2, p3, p4, p5, p6, p7, p8, p9, p10, p11, p12, p13, p14, p15, p16, p17, p18, p19, p20]
+460: p55 = getfield_gc_r(p20, descr=<FieldP rpyeffect.stored_environment.CoData__arb.inst_values_ptr 16 pure>)
+464: i56 = arraylen_gc(p55, descr=<ArrayP 8>)
+468: guard_value(i56, 1, descr=<Guard0x148817fd0>) [p0, p1, p2, p3, p4, p5, p6, p7, p8, p9, p10, p11, p12, p13, p14, p15, p16, p17, p18, p19, p20]
+480: p59 = getarrayitem_gc_pure_r(p55, 0, descr=<ArrayP 8>)
debug_merge_point(0, 0, '98<main.rpyeffect:90([method_Prime_0@[mcore:[#38]#113]#115])>+0: {"op": "Const". "type": "ptr". "out": 2. "format": "int". "value": "<IntValue object at 0x1485e14d0>"}')
debug_merge_point(0, 0, '98<main.rpyeffect:90([method_Prime_0@[mcore:[#38]#113]#115])>+1: {"op": "Const". "type": "ptr". "out": 3. "format": "string". "value": "Name(Prime_0)"}')
debug_merge_point(0, 0, '98<main.rpyeffect:90([method_Prime_0@[mcore:[#38]#113]#115])>+2: {"op": "PrimOp". "name": "getGlobal(String): Ptr". "out": {"any": [3]}. "in": {"any": [3]}}')
debug_merge_point(0, 0, '98<main.rpyeffect:90([method_Prime_0@[mcore:[#38]#113]#115])>+3: {"op": "ShiftDyn". "out": 2. "n": 2. "label": 3}')
+484: guard_nonnull_class(p19, ConstClass(MetaStackWithBinding), descr=<Guard0x1487fa2f0>) [p0, p1, p2, p3, p4, p5, p6, p7, p8, p9, p10, p11, p12, p13, p14, p15, p16, p17, p18, p19, p20]
+512: p61 = getfield_gc_r(p19, descr=<FieldP rpyeffect.stack.MetaStackLike.inst_stack 8 pure>)
+516: p62 = getfield_gc_r(p19, descr=<FieldP rpyeffect.stack.MetaStack.inst_label 16 pure>)
+520: p63 = getfield_gc_r(p19, descr=<FieldP rpyeffect.stack.MetaStackWithBinding.inst_binding 40 pure>)
+524: p64 = getfield_gc_r(p19, descr=<FieldP rpyeffect.stack.MetaStack.inst_tail 32 pure>)
debug_merge_point(0, 0, '98<main.rpyeffect:90([method_Prime_0@[mcore:[#38]#113]#115])>+4: {"op": "Push". "target": 97. "args": {"any": [0. 2. 1]}}')
debug_merge_point(0, 0, '98<main.rpyeffect:90([method_Prime_0@[mcore:[#38]#113]#115])>+5: {"op": "Jump". "target": 65}')
debug_merge_point(0, 0, '65<main.rpyeffect:57(Name(mod_29))>+0: {"op": "New". "out": 0. "targets": [64]. "args": {"any": [0]}}')
+528: p65 = new_with_vtable(descr=<SizeDescr 32>)
+636: p67 = new_array_clear(3, descr=<ArrayP 8>)
+656: setarrayitem_gc(p67, 0, p42, descr=<ArrayP 8>)
+660: p69 = new_with_vtable(descr=<SizeDescr 48>)
+672: p70 = new_with_vtable(descr=<SizeDescr 32>)
+684: setfield_gc(p70, p30, descr=<FieldP rpyeffect.stored_environment.Stack__arb.inst_tail 8 pure>)
+688: setfield_gc(p70, 118, descr=<FieldS rpyeffect.stored_environment.Stack__arb.inst_target 16 pure>)
+696: p73 = new_array_clear(3, descr=<ArrayP 8>)
+716: p74 = new_with_vtable(descr=<SizeDescr 16>)
+732: setfield_gc(p74, i33, descr=<FieldS rpyeffect.value.IntValue.inst_value 8 pure>)
+736: setarrayitem_gc(p73, 0, p74, descr=<ArrayP 8>)
+740: setarrayitem_gc(p73, 1, p40, descr=<ArrayP 8>)
+744: setarrayitem_gc(p73, 2, p42, descr=<ArrayP 8>)
+748: setfield_gc(p70, p73, descr=<FieldP rpyeffect.stored_environment.Stack__arb.inst_values_ptr 24 pure>)
+752: setfield_gc(p69, p70, descr=<FieldP rpyeffect.stack.MetaStackLike.inst_stack 8 pure>)
+756: setfield_gc(p69, p17, descr=<FieldP rpyeffect.stack.MetaStack.inst_label 16 pure>)
+760: setfield_gc(p69, ConstPtr(null), descr=<FieldP rpyeffect.stack.MetaStack.inst_region 24 pure>)
+768: setfield_gc(p69, ConstPtr(null), descr=<FieldP rpyeffect.stack.MetaStack.inst_tail 32 pure>)
+776: setfield_gc(p69, p20, descr=<FieldP rpyeffect.stack.MetaStackWithBinding.inst_binding 40 pure>)
+780: setarrayitem_gc(p67, 1, p69, descr=<ArrayP 8>)
+784: setarrayitem_gc(p67, 2, p59, descr=<ArrayP 8>)
+788: setfield_gc(p65, 97, descr=<FieldS rpyeffect.stored_environment.Stack__arb.inst_target 16 pure>)
+796: setfield_gc(p65, p67, descr=<FieldP rpyeffect.stored_environment.Stack__arb.inst_values_ptr 24 pure>)
+800: setfield_gc(p65, p61, descr=<FieldP rpyeffect.stored_environment.Stack__arb.inst_tail 8 pure>)
+808: jump(p62, p65, p0, p64, p63, p42, p59, p69, ConstPtr(ptr83), ConstPtr(ptr84), p6, p7, p8, p9, p10, p11, p12, p13, p14, p15, p16, descr=TargetToken(5509106912))
+924: --end of the loop--
[16d5975] jit-log-opt-bridge}
[aef28e3c] {jit-log-opt-loop
# Loop 11 (99<main.rpyeffect:91([return_clause@[mcore:[#38]#113]#152])>+0: {"op": "Return", "args": {"any": [0]}}) : loop with 52 ops
[p0, p1, p2, p3, p4]
+248: p5 = getfield_gc_r(p2, descr=<FieldP rpyeffect.environment.Environment.inst_values_ptr 16>)
+256: p7 = getarrayitem_gc_r(p5, 0, descr=<ArrayP 8>)
+260: p9 = getarrayitem_gc_r(p5, 1, descr=<ArrayP 8>)
+264: p11 = getarrayitem_gc_r(p5, 2, descr=<ArrayP 8>)
+268: p13 = getarrayitem_gc_r(p5, 3, descr=<ArrayP 8>)
+272: p15 = getarrayitem_gc_r(p5, 4, descr=<ArrayP 8>)
+276: p17 = getarrayitem_gc_r(p5, 5, descr=<ArrayP 8>)
+280: p19 = getarrayitem_gc_r(p5, 6, descr=<ArrayP 8>)
+284: p21 = getarrayitem_gc_r(p5, 7, descr=<ArrayP 8>)
+288: p23 = getarrayitem_gc_r(p5, 8, descr=<ArrayP 8>)
+292: p25 = getarrayitem_gc_r(p5, 9, descr=<ArrayP 8>)
+296: p27 = getarrayitem_gc_r(p5, 10, descr=<ArrayP 8>)
+300: p29 = getarrayitem_gc_r(p5, 11, descr=<ArrayP 8>)
+304: p31 = getarrayitem_gc_r(p5, 12, descr=<ArrayP 8>)
+308: p33 = getarrayitem_gc_r(p5, 13, descr=<ArrayP 8>)
+312: p35 = getarrayitem_gc_r(p5, 14, descr=<ArrayP 8>)
+316: p37 = getarrayitem_gc_r(p5, 15, descr=<ArrayP 8>)
+320: label(p0, p1, p2, p3, p4, p7, p9, p11, p13, p15, p17, p19, p21, p23, p25, p27, p29, p31, p33, p35, p37, descr=TargetToken(5509947680))
debug_merge_point(0, 0, '99<main.rpyeffect:91([return_clause@[mcore:[#38]#113]#152])>+0: {"op": "Return". "args": {"any": [0]}}')
+384: guard_not_invalidated(descr=<Guard0x1487fa140>) [p2, p7, p9, p11, p13, p15, p17, p19, p21, p23, p25, p27, p29, p31, p33, p35, p37, p0, p1, p3, p4]
+388: guard_isnull(p1, descr=<Guard0x14a557280>) [p2, p7, p9, p11, p13, p15, p17, p19, p21, p23, p25, p27, p29, p31, p33, p35, p37, p0, p1, p3, p4]
+400: guard_nonnull_class(p3, ConstClass(MetaStackWithBinding), descr=<Guard0x1487fa188>) [p2, p7, p9, p11, p13, p15, p17, p19, p21, p23, p25, p27, p29, p31, p33, p35, p37, p0, p1, p3, p4]
+428: p39 = getfield_gc_r(p3, descr=<FieldP rpyeffect.stack.MetaStackLike.inst_stack 8 pure>)
+432: p40 = getfield_gc_r(p3, descr=<FieldP rpyeffect.stack.MetaStack.inst_label 16 pure>)
+436: p41 = getfield_gc_r(p3, descr=<FieldP rpyeffect.stack.MetaStackWithBinding.inst_binding 40 pure>)
+440: p42 = getfield_gc_r(p3, descr=<FieldP rpyeffect.stack.MetaStack.inst_tail 32 pure>)
+444: guard_nonnull(p39, descr=<Guard0x14a5572b0>) [p2, p7, p9, p11, p13, p15, p17, p19, p21, p23, p25, p27, p29, p31, p33, p35, p37, p0, p1, p3, p4]
+452: i43 = getfield_gc_i(p39, descr=<FieldS rpyeffect.stored_environment.Stack__arb.inst_target 16 pure>)
+456: guard_value(i43, 99, descr=<Guard0x14a5572e0>) [p2, p7, p9, p11, p13, p15, p17, p19, p21, p23, p25, p27, p29, p31, p33, p35, p37, p0, p1, p3, p4]
+468: p45 = getfield_gc_r(p39, descr=<FieldP rpyeffect.stored_environment.Stack__arb.inst_values_ptr 24 pure>)
+472: i46 = arraylen_gc(p45, descr=<ArrayP 8>)
+476: guard_value(i46, 0, descr=<Guard0x14a557310>) [p2, p7, p9, p11, p13, p15, p17, p19, p21, p23, p25, p27, p29, p31, p33, p35, p37, p0, p1, p3, p4]
+488: p48 = getfield_gc_r(p39, descr=<FieldP rpyeffect.stored_environment.Stack__arb.inst_tail 8 pure>)
debug_merge_point(0, 0, '99<main.rpyeffect:91([return_clause@[mcore:[#38]#113]#152])>+0: {"op": "Return". "args": {"any": [0]}}')
+492: label(p40, p48, p2, p42, p41, p7, p9, p11, p13, p15, p17, p19, p21, p23, p25, p27, p29, p31, p33, p35, p37, descr=TargetToken(5509947744))
debug_merge_point(0, 0, '99<main.rpyeffect:91([return_clause@[mcore:[#38]#113]#152])>+0: {"op": "Return". "args": {"any": [0]}}')
+500: guard_not_invalidated(descr=<Guard0x1487fa1d0>) [p2, p7, p9, p11, p13, p15, p17, p19, p21, p23, p25, p27, p29, p31, p33, p35, p37, p40, p48, p42, p41]
+504: guard_isnull(p48, descr=<Guard0x14a557340>) [p2, p7, p9, p11, p13, p15, p17, p19, p21, p23, p25, p27, p29, p31, p33, p35, p37, p40, p48, p42, p41]
+512: guard_nonnull_class(p42, ConstClass(MetaStackWithBinding), descr=<Guard0x1487fa218>) [p2, p7, p9, p11, p13, p15, p17, p19, p21, p23, p25, p27, p29, p31, p33, p35, p37, p40, p48, p42, p41]
+536: p50 = getfield_gc_r(p42, descr=<FieldP rpyeffect.stack.MetaStackLike.inst_stack 8 pure>)
+540: p51 = getfield_gc_r(p42, descr=<FieldP rpyeffect.stack.MetaStack.inst_label 16 pure>)
+544: p52 = getfield_gc_r(p42, descr=<FieldP rpyeffect.stack.MetaStackWithBinding.inst_binding 40 pure>)
+548: p53 = getfield_gc_r(p42, descr=<FieldP rpyeffect.stack.MetaStack.inst_tail 32 pure>)
+552: guard_nonnull(p50, descr=<Guard0x14a557370>) [p2, p7, p9, p11, p13, p15, p17, p19, p21, p23, p25, p27, p29, p31, p33, p35, p37, p40, p48, p42, p41]
+560: i54 = getfield_gc_i(p50, descr=<FieldS rpyeffect.stored_environment.Stack__arb.inst_target 16 pure>)
+564: guard_value(i54, 99, descr=<Guard0x14a5573a0>) [p2, p7, p9, p11, p13, p15, p17, p19, p21, p23, p25, p27, p29, p31, p33, p35, p37, p40, p48, p42, p41]
+576: p56 = getfield_gc_r(p50, descr=<FieldP rpyeffect.stored_environment.Stack__arb.inst_values_ptr 24 pure>)
+580: i57 = arraylen_gc(p56, descr=<ArrayP 8>)
+584: guard_value(i57, 0, descr=<Guard0x14a5573d0>) [p2, p7, p9, p11, p13, p15, p17, p19, p21, p23, p25, p27, p29, p31, p33, p35, p37, p40, p48, p42, p41]
+596: p59 = getfield_gc_r(p50, descr=<FieldP rpyeffect.stored_environment.Stack__arb.inst_tail 8 pure>)
debug_merge_point(0, 0, '99<main.rpyeffect:91([return_clause@[mcore:[#38]#113]#152])>+0: {"op": "Return". "args": {"any": [0]}}')
+600: jump(p51, p59, p2, p53, p52, p7, p9, p11, p13, p15, p17, p19, p21, p23, p25, p27, p29, p31, p33, p35, p37, descr=TargetToken(5509947744))
+620: --end of the loop--
[aef3d65c] jit-log-opt-loop}
[aef4e437] {jit-summary
Tracing:      	10	0.003608
Backend:      	10	0.001179
TOTAL:      		2.927374
ops:             	12809
heapcached ops:  	2057
recorded ops:    	5283
  calls:         	3285
guards:          	382
opt ops:         	813
opt guards:      	131
opt guards shared:	99
forcings:        	0
abort: trace too long:	0
abort: compiling:	0
abort: vable escape:	0
abort: bad loop: 	0
abort: force quasi-immut:	0
abort: segmenting trace:	0
virtualizables forced:	0
nvirtuals:       	22
nvholes:         	1
nvreused:        	3
vecopt tried:    	0
vecopt success:  	0
Total # of loops:	5
Total # of bridges:	5
Freed # of loops:	0
Freed # of bridges:	0
[aef508ad] jit-summary}
