[a2e30e] {jit-log-opt-loop
# Loop 1 (98<main.rpyeffect:90(Name(countdown_48))>+5: {"op": "Push", "target": 97, "args": {"any": []}}) : loop with 249 ops
[p0, p1, p2, p3, p4]
+520: p5 = getfield_gc_r(p2, descr=<FieldP rpyeffect.environment.Environment.inst_values_ptr 16>)
+528: p7 = getarrayitem_gc_r(p5, 0, descr=<ArrayP 8>)
+532: p9 = getarrayitem_gc_r(p5, 1, descr=<ArrayP 8>)
+536: p11 = getarrayitem_gc_r(p5, 2, descr=<ArrayP 8>)
+540: p13 = getarrayitem_gc_r(p5, 3, descr=<ArrayP 8>)
+544: p15 = getarrayitem_gc_r(p5, 4, descr=<ArrayP 8>)
+548: p17 = getarrayitem_gc_r(p5, 5, descr=<ArrayP 8>)
+552: p19 = getarrayitem_gc_r(p5, 6, descr=<ArrayP 8>)
+556: p21 = getarrayitem_gc_r(p5, 7, descr=<ArrayP 8>)
+560: p23 = getarrayitem_gc_r(p5, 8, descr=<ArrayP 8>)
+564: p25 = getarrayitem_gc_r(p5, 9, descr=<ArrayP 8>)
+568: p27 = getarrayitem_gc_r(p5, 10, descr=<ArrayP 8>)
+572: p29 = getarrayitem_gc_r(p5, 11, descr=<ArrayP 8>)
+576: p31 = getarrayitem_gc_r(p5, 12, descr=<ArrayP 8>)
+580: p33 = getarrayitem_gc_r(p5, 13, descr=<ArrayP 8>)
+584: p35 = getarrayitem_gc_r(p5, 14, descr=<ArrayP 8>)
+588: p37 = getarrayitem_gc_r(p5, 15, descr=<ArrayP 8>)
+592: label(p0, p1, p2, p3, p4, p7, p9, p11, p13, p15, p17, p19, p21, p23, p25, p27, p29, p31, p33, p35, p37, descr=TargetToken(5643373472))
debug_merge_point(0, 0, '98<main.rpyeffect:90(Name(countdown_48))>+5: {"op": "Push". "target": 97. "args": {"any": []}}')
+648: guard_not_invalidated(descr=<Guard0x1505da920>) [p2, p7, p9, p11, p13, p15, p17, p19, p21, p23, p25, p27, p29, p31, p33, p35, p37, p0, p1, p3, p4]
debug_merge_point(0, 0, '98<main.rpyeffect:90(Name(countdown_48))>+6: {"op": "Swap". "type": "any". "a": 0. "b". 1}')
debug_merge_point(0, 0, '98<main.rpyeffect:90(Name(countdown_48))>+7: {"op": "Invoke". "receiver": 1. "tag": Interned(Get_0). "args" : {"any": [0]}}')
+652: p38 = getfield_gc_r(p7, descr=<FieldP rpyeffect.codata.CoData.inst_vtable 8 pure>)
+660: guard_value(p38, ConstPtr(ptr39), descr=<Guard0x1505fb310>) [p2, p7, p9, p11, p13, p15, p17, p19, p21, p23, p25, p27, p29, p31, p33, p35, p37, p0, p1, p3, p4]
+668: p40 = getfield_gc_r(p7, descr=<FieldP rpyeffect.stored_environment.CoData__1.inst_values_ptr_0 24 pure>)
debug_merge_point(0, 0, '111<main.rpyeffect:103([method_Get_0@[mcore:[#45]#166]#175])>+0: {"op": "Const". "type": "ptr". "out": 2. "format": "int". "value": "<IntValue object at 0x1505df690>"}')
debug_merge_point(0, 0, '111<main.rpyeffect:103([method_Get_0@[mcore:[#45]#166]#175])>+1: {"op": "ShiftDyn". "out": 1. "n": 2. "label": 1}')
+676: i42 = instance_ptr_eq(p4, ConstPtr(ptr41))
guard_false(i42, descr=<Guard0x1505fb340>) [p2, p7, p9, p11, p13, p15, p17, p19, p21, p23, p25, p27, p29, p31, p33, p35, p37, p0, p1, p3, p4]
+688: guard_nonnull(p0, descr=<Guard0x1505fb370>) [p2, p7, p9, p11, p13, p15, p17, p19, p21, p23, p25, p27, p29, p31, p33, p35, p37, p0, p1, p3, p4]
+700: guard_nonnull(p40, descr=<Guard0x1505fb3a0>) [p2, p7, p9, p11, p13, p15, p17, p19, p21, p23, p25, p27, p29, p31, p33, p35, p37, p0, p1, p3, p4]
+708: i43 = getfield_gc_i(p0, descr=<FieldS rpyeffect.stack.Label.inst_origin 8 pure>)
+716: guard_value(i43, 123940, descr=<Guard0x1505fb3d0>) [p2, p7, p9, p11, p13, p15, p17, p19, p21, p23, p25, p27, p29, p31, p33, p35, p37, p0, p1, p3, p4]
+732: i45 = getfield_gc_i(p40, descr=<FieldS rpyeffect.stack.Label.inst_origin 8 pure>)
+736: guard_value(i45, 118784, descr=<Guard0x1505fb400>) [p2, p7, p9, p11, p13, p15, p17, p19, p21, p23, p25, p27, p29, p31, p33, p35, p37, p0, p1, p3, p4]
+752: p47 = getfield_gc_r(p3, descr=<FieldP rpyeffect.stack.MetaStack.inst_region 24 pure>)
+760: guard_isnull(p47, descr=<Guard0x1505fb430>) [p2, p7, p9, p11, p13, p15, p17, p19, p21, p23, p25, p27, p29, p31, p33, p35, p37, p0, p1, p3, p4]
+768: p48 = getfield_gc_r(p3, descr=<FieldP rpyeffect.stack.MetaStack.inst_label 16 pure>)
+772: guard_nonnull(p48, descr=<Guard0x1505fb460>) [p2, p7, p9, p11, p13, p15, p17, p19, p21, p23, p25, p27, p29, p31, p33, p35, p37, p0, p1, p3, p4]
+780: i49 = getfield_gc_i(p48, descr=<FieldS rpyeffect.stack.Label.inst_origin 8 pure>)
+784: guard_value(i49, 123935, descr=<Guard0x1505fb490>) [p2, p7, p9, p11, p13, p15, p17, p19, p21, p23, p25, p27, p29, p31, p33, p35, p37, p0, p1, p3, p4]
+800: p51 = getfield_gc_r(p3, descr=<FieldP rpyeffect.stack.MetaStack.inst_tail 32 pure>)
+804: p52 = getfield_gc_r(p51, descr=<FieldP rpyeffect.stack.MetaStack.inst_region 24 pure>)
+808: guard_isnull(p52, descr=<Guard0x1505fb4c0>) [p2, p7, p9, p11, p13, p15, p17, p19, p21, p23, p25, p27, p29, p31, p33, p35, p37, p0, p1, p3, p4]
+816: p53 = getfield_gc_r(p51, descr=<FieldP rpyeffect.stack.MetaStack.inst_label 16 pure>)
+820: guard_nonnull(p53, descr=<Guard0x1505fb4f0>) [p2, p7, p9, p11, p13, p15, p17, p19, p21, p23, p25, p27, p29, p31, p33, p35, p37, p0, p1, p3, p4]
+828: i54 = getfield_gc_i(p53, descr=<FieldS rpyeffect.stack.Label.inst_origin 8 pure>)
+832: guard_value(i54, 118784, descr=<Guard0x1505fb520>) [p2, p7, p9, p11, p13, p15, p17, p19, p21, p23, p25, p27, p29, p31, p33, p35, p37, p0, p1, p3, p4]
+848: i56 = instance_ptr_eq(p53, p40)
guard_true(i56, descr=<Guard0x1505fb550>) [p2, p7, p9, p11, p13, p15, p17, p19, p21, p23, p25, p27, p29, p31, p33, p35, p37, p0, p1, p3, p4]
+856: p57 = getfield_gc_r(p51, descr=<FieldP rpyeffect.stack.MetaStackLike.inst_stack 8 pure>)
+860: guard_class(p51, 4371015472, descr=<Guard0x1505fb580>) [p2, p7, p9, p11, p13, p15, p17, p19, p21, p23, p25, p27, p29, p31, p33, p35, p37, p0, p1, p3, p4]
+876: p59 = getfield_gc_r(p51, descr=<FieldP rpyeffect.stack.MetaStack.inst_tail 32 pure>)
+880: p60 = getfield_gc_r(p3, descr=<FieldP rpyeffect.stack.MetaStackLike.inst_stack 8 pure>)
+884: guard_class(p3, ConstClass(MetaStackWithBinding), descr=<Guard0x1505fb5b0>) [p2, p7, p9, p11, p13, p15, p17, p19, p21, p23, p25, p27, p29, p31, p33, p35, p37, p0, p1, p3, p4]
+900: p62 = getfield_gc_r(p3, descr=<FieldP rpyeffect.stack.MetaStackWithBinding.inst_binding 40 pure>)
+904: i64 = instance_ptr_eq(p62, ConstPtr(ptr63))
guard_false(i64, descr=<Guard0x1505fb5e0>) [p2, p7, p9, p11, p13, p15, p17, p19, p21, p23, p25, p27, p29, p31, p33, p35, p37, p0, p1, p3, p4]
+912: guard_nonnull_class(p59, 4371015472, descr=<Guard0x1505da968>) [p2, p7, p9, p11, p13, p15, p17, p19, p21, p23, p25, p27, p29, p31, p33, p35, p37, p0, p1, p3, p4]
+936: p66 = getfield_gc_r(p59, descr=<FieldP rpyeffect.stack.MetaStackLike.inst_stack 8 pure>)
+940: p67 = getfield_gc_r(p59, descr=<FieldP rpyeffect.stack.MetaStack.inst_label 16 pure>)
+944: p68 = getfield_gc_r(p59, descr=<FieldP rpyeffect.stack.MetaStack.inst_tail 32 pure>)
debug_merge_point(0, 0, '111<main.rpyeffect:103([method_Get_0@[mcore:[#45]#166]#175])>+2: {"op": "Swap". "type": "any". "a": 0. "b". 1}')
debug_merge_point(0, 0, '111<main.rpyeffect:103([method_Get_0@[mcore:[#45]#166]#175])>+3: {"op": "Match". "type": Interned({"op": "eff$Tuple". "elements": []}). "scrutinee": 1. "clauses": [{"tag": Interned({"op": "eff$Tuple". "elements": []}). "target": 110. "args": {"any": []}}]. "default": {"tag": Interned(2518e9ef-04be-4557-9914-a2d64d995646#[Missing Tag#340]). "target": 108. "args": {"any": []}}}')
+948: p69 = getfield_gc_r(p9, descr=<FieldP rpyeffect.data.Data.inst_tag 8>)
+956: guard_value(p69, ConstPtr(ptr70), descr=<Guard0x1505fb610>) [p2, p7, p9, p11, p13, p15, p17, p19, p21, p23, p25, p27, p29, p31, p33, p35, p37, p0, p1, p3, p4]
debug_merge_point(0, 0, '110<main.rpyeffect:102([#181])>+0: {"op": "New". "out": 0. "targets": [109]. "args": {"any": [0]}}')
debug_merge_point(0, 0, '110<main.rpyeffect:102([#181])>+1: {"op": "Return". "args": {"any": [0]}}')
+964: guard_nonnull(p66, descr=<Guard0x1505fb640>) [p2, p7, p9, p11, p13, p15, p17, p19, p21, p23, p25, p27, p29, p31, p33, p35, p37, p0, p1, p3, p4]
+972: i71 = getfield_gc_i(p66, descr=<FieldS rpyeffect.stored_environment.Stack__arb.inst_target 16 pure>)
+976: guard_value(i71, 103, descr=<Guard0x1505fb670>) [p2, p7, p9, p11, p13, p15, p17, p19, p21, p23, p25, p27, p29, p31, p33, p35, p37, p0, p1, p3, p4]
+988: p73 = getfield_gc_r(p66, descr=<FieldP rpyeffect.stored_environment.Stack__1.inst_values_ptr_0 32 pure>)
+992: p74 = getfield_gc_r(p66, descr=<FieldP rpyeffect.stored_environment.Stack__arb.inst_tail 8 pure>)
debug_merge_point(0, 0, '103<main.rpyeffect:95([k@[mcore:[#42]#160]#164])>+0: {"op": "Swap". "type": "any". "a": 0. "b". 1}')
debug_merge_point(0, 0, '103<main.rpyeffect:95([k@[mcore:[#42]#160]#164])>+1: {"op": "Invoke". "receiver": 1. "tag": Interned(apply). "args" : {"any": [0]}}')
debug_merge_point(0, 0, '109<main.rpyeffect:101([method_apply@[#181]#184])>+0: {"op": "Jump". "target": 101}')
debug_merge_point(0, 0, '101<main.rpyeffect:93([mcore:[#38]#157])>+0: {"op": "Push". "target": 100. "args": {"any": [0]}}')
debug_merge_point(0, 0, '101<main.rpyeffect:93([mcore:[#38]#157])>+1: {"op": "Jump". "target": 99}')
debug_merge_point(0, 0, '99<main.rpyeffect:91(Name(k_66))>+0: {"op": "PushStack". "arg": 1}')
debug_merge_point(0, 0, '99<main.rpyeffect:91(Name(k_66))>+1: {"op": "Return". "args": {"any": [0]}}')
debug_merge_point(0, 0, '97<main.rpyeffect:89([k@Name(countdown_48)#122])>+0: {"op": "Push". "target": 96. "args": {"any": [0]}}')
debug_merge_point(0, 0, '97<main.rpyeffect:89([k@Name(countdown_48)#122])>+1: {"op": "Jump". "target": 10}')
debug_merge_point(0, 0, '10<main.rpyeffect:2(Name(=_0))>+0: {"op": "New". "out": 0. "targets": [9]. "args": {"any": [0]}}')
debug_merge_point(0, 0, '10<main.rpyeffect:2(Name(=_0))>+1: {"op": "Return". "args": {"any": [0]}}')
debug_merge_point(0, 0, '96<main.rpyeffect:88([k@[k@Name(countdown_48)#122]#124])>+0: {"op": "Const". "type": "ptr". "out": 2. "format": "int". "value": "<IntValue object at 0x1505df940>"}')
debug_merge_point(0, 0, '96<main.rpyeffect:88([k@[k@Name(countdown_48)#122]#124])>+1: {"op": "Push". "target": 95. "args": {"any": [1]}}')
debug_merge_point(0, 0, '96<main.rpyeffect:88([k@[k@Name(countdown_48)#122]#124])>+2: {"op": "Copy". "type": "any". "from": 0. "to". 1}')
debug_merge_point(0, 0, '96<main.rpyeffect:88([k@[k@Name(countdown_48)#122]#124])>+3: {"op": "Copy". "type": "any". "from": 2. "to". 0}')
debug_merge_point(0, 0, '96<main.rpyeffect:88([k@[k@Name(countdown_48)#122]#124])>+4: {"op": "Invoke". "receiver": 1. "tag": Interned(apply). "args" : {"any": [0]}}')
debug_merge_point(0, 0, '9<main.rpyeffect:1([method_apply@Name(=_0)#6])>+0: {"op": "Jump". "target": 8}')
debug_merge_point(0, 0, '8<main.rpyeffect:0([mcore:[#11]#3])>+0: {"op": "PrimOp". "name": "equals(Any. Any): Bool". "out": {"any": [0]}. "in": {"any": [1. 0]}}')
+996: guard_class(p73, ConstClass(IntValue), descr=<Guard0x1505fb6a0>) [p2, p7, p9, p11, p13, p15, p17, p19, p21, p23, p25, p27, p29, p31, p33, p35, p37, p0, p1, p3, p4]
+1012: i76 = getfield_gc_i(p73, descr=<FieldS rpyeffect.value.IntValue.inst_value 8 pure>)
+1016: i78 = int_eq(i76, 0)
debug_merge_point(0, 0, '8<main.rpyeffect:0([mcore:[#11]#3])>+1: {"op": "Return". "args": {"any": [0]}}')
debug_merge_point(0, 0, '95<main.rpyeffect:87([k@[k@[k@Name(countdown_48)#122]#124]#128])>+0: {"op": "Switch". "scrutinee": 0. "values": [<BoolValue object at 0x1505df950>]. "targets": [88]. "default": 94}')
guard_false(i78, descr=<Guard0x1505fb6d0>) [p2, p7, p9, p11, p13, p15, p17, p19, p21, p23, p25, p27, p29, p31, p33, p35, p37, p0, p1, p3, p4]
debug_merge_point(0, 0, '94<main.rpyeffect:86([switch default case#130])>+0: {"op": "Swap". "type": "any". "a": 0. "b". 1}')
debug_merge_point(0, 0, '94<main.rpyeffect:86([switch default case#130])>+1: {"op": "Switch". "scrutinee": 1. "values": [<BoolValue object at 0x1505df960>]. "targets": [92]. "default": 93}')
debug_merge_point(0, 0, '92<main.rpyeffect:84([switch case for Bool(false)#131])>+0: {"op": "Push". "target": 91. "args": {"any": []}}')
debug_merge_point(0, 0, '92<main.rpyeffect:84([switch case for Bool(false)#131])>+1: {"op": "Jump". "target": 74}')
debug_merge_point(0, 0, '74<main.rpyeffect:66(Name(-_34))>+0: {"op": "New". "out": 0. "targets": [73]. "args": {"any": [0]}}')
debug_merge_point(0, 0, '74<main.rpyeffect:66(Name(-_34))>+1: {"op": "Return". "args": {"any": [0]}}')
debug_merge_point(0, 0, '91<main.rpyeffect:83([k@[switch case for Bool(false)#131]#133])>+0: {"op": "Const". "type": "ptr". "out": 1. "format": "int". "value": "<IntValue object at 0x1505dfa20>"}')
debug_merge_point(0, 0, '91<main.rpyeffect:83([k@[switch case for Bool(false)#131]#133])>+1: {"op": "Push". "target": 90. "args": {"any": []}}')
debug_merge_point(0, 0, '91<main.rpyeffect:83([k@[switch case for Bool(false)#131]#133])>+2: {"op": "Swap". "type": "any". "a": 0. "b". 1}')
debug_merge_point(0, 0, '91<main.rpyeffect:83([k@[switch case for Bool(false)#131]#133])>+3: {"op": "Invoke". "receiver": 1. "tag": Interned(apply). "args" : {"any": [0]}}')
debug_merge_point(0, 0, '73<main.rpyeffect:65([method_apply@Name(-_34)#96])>+0: {"op": "Jump". "target": 72}')
debug_merge_point(0, 0, '72<main.rpyeffect:64([mcore:[#27]#93])>+0: {"op": "PrimOp". "name": "infixSub(Int. Int): Int". "out": {"any": [0]}. "in": {"any": [1. 0]}}')
+1024: i80 = int_sub(i76, 1)
debug_merge_point(0, 0, '72<main.rpyeffect:64([mcore:[#27]#93])>+1: {"op": "Return". "args": {"any": [0]}}')
debug_merge_point(0, 0, '90<main.rpyeffect:82([#137])>+0: {"op": "Const". "type": "ptr". "out": 1. "format": "int". "value": "<IntValue object at 0x1505dfa90>"}')
debug_merge_point(0, 0, '90<main.rpyeffect:82([#137])>+1: {"op": "Const". "type": "ptr". "out": 2. "format": "string". "value": "Name(Set_1)"}')
debug_merge_point(0, 0, '90<main.rpyeffect:82([#137])>+2: {"op": "PrimOp". "name": "getGlobal(String): Ptr". "out": {"any": [2]}. "in": {"any": [2]}}')
debug_merge_point(0, 0, '90<main.rpyeffect:82([#137])>+3: {"op": "GetDynamic". "out": 1. "n": 1. "label": 2}')
+1032: i82 = instance_ptr_eq(p0, ConstPtr(ptr81))
guard_true(i82, descr=<Guard0x1505fb700>) [p2, p7, p9, p11, p13, p15, p17, p19, p21, p23, p25, p27, p29, p31, p33, p35, p37, p0, p1, p3, p4]
debug_merge_point(0, 0, '90<main.rpyeffect:82([#137])>+4: {"op": "Push". "target": 89. "args": {"any": []}}')
debug_merge_point(0, 0, '90<main.rpyeffect:82([#137])>+5: {"op": "Invoke". "receiver": 1. "tag": Interned(Set_1). "args" : {"any": [0]}}')
+1040: p83 = getfield_gc_r(p4, descr=<FieldP rpyeffect.codata.CoData.inst_vtable 8 pure>)
+1048: guard_value(p83, ConstPtr(ptr84), descr=<Guard0x1505fb730>) [p2, p7, p9, p11, p13, p15, p17, p19, p21, p23, p25, p27, p29, p31, p33, p35, p37, p0, p1, p3, p4]
+1056: p85 = getfield_gc_r(p4, descr=<FieldP rpyeffect.stored_environment.CoData__1.inst_values_ptr_0 24 pure>)
debug_merge_point(0, 0, '114<main.rpyeffect:106([method_Set_1@[mcore:[#45]#166]#193])>+0: {"op": "Const". "type": "ptr". "out": 2. "format": "int". "value": "<IntValue object at 0x1505df600>"}')
debug_merge_point(0, 0, '114<main.rpyeffect:106([method_Set_1@[mcore:[#45]#166]#193])>+1: {"op": "ShiftDyn". "out": 1. "n": 2. "label": 1}')
+1060: guard_nonnull(p85, descr=<Guard0x1505fb760>) [p2, p7, p9, p11, p13, p15, p17, p19, p21, p23, p25, p27, p29, p31, p33, p35, p37, p0, p1, p3, p4]
+1068: i86 = getfield_gc_i(p85, descr=<FieldS rpyeffect.stack.Label.inst_origin 8 pure>)
+1072: guard_value(i86, 118784, descr=<Guard0x1505fb790>) [p2, p7, p9, p11, p13, p15, p17, p19, p21, p23, p25, p27, p29, p31, p33, p35, p37, p0, p1, p3, p4]
+1088: i88 = instance_ptr_eq(p53, p85)
guard_true(i88, descr=<Guard0x1505fb7c0>) [p2, p7, p9, p11, p13, p15, p17, p19, p21, p23, p25, p27, p29, p31, p33, p35, p37, p0, p1, p3, p4]
debug_merge_point(0, 0, '114<main.rpyeffect:106([method_Set_1@[mcore:[#45]#166]#193])>+2: {"op": "New". "out": 0. "targets": [113]. "args": {"any": [1. 0]}}')
debug_merge_point(0, 0, '114<main.rpyeffect:106([method_Set_1@[mcore:[#45]#166]#193])>+3: {"op": "Return". "args": {"any": [0]}}')
debug_merge_point(0, 0, '100<main.rpyeffect:92([k@[mcore:[#38]#157]#159])>+0: {"op": "Swap". "type": "any". "a": 0. "b". 1}')
debug_merge_point(0, 0, '100<main.rpyeffect:92([k@[mcore:[#38]#157]#159])>+1: {"op": "Invoke". "receiver": 1. "tag": Interned(apply). "args" : {"any": [0]}}')
debug_merge_point(0, 0, '113<main.rpyeffect:105([#198])>+0: {"op": "Jump". "target": 104}')
debug_merge_point(0, 0, '104<main.rpyeffect:96([mcore:[#42]#160])>+0: {"op": "Construct". "out": 0. "type": Interned({"op": "eff$Tuple". "elements": []}). "tag": Interned({"op": "eff$Tuple". "elements": []}). "args": {"any": []}}')
debug_merge_point(0, 0, '104<main.rpyeffect:96([mcore:[#42]#160])>+1: {"op": "Push". "target": 103. "args": {"any": [2]}}')
debug_merge_point(0, 0, '104<main.rpyeffect:96([mcore:[#42]#160])>+2: {"op": "Jump". "target": 102}')
debug_merge_point(0, 0, '102<main.rpyeffect:94(Name(k_70))>+0: {"op": "PushStack". "arg": 1}')
debug_merge_point(0, 0, '102<main.rpyeffect:94(Name(k_70))>+1: {"op": "Return". "args": {"any": [0]}}')
debug_merge_point(0, 0, '89<main.rpyeffect:81([k@[#137]#145])>+0: {"op": "Construct". "out": 0. "type": Interned({"op": "eff$Tuple". "elements": []}). "tag": Interned({"op": "eff$Tuple". "elements": []}). "args": {"any": []}}')
debug_merge_point(0, 0, '89<main.rpyeffect:81([k@[#137]#145])>+1: {"op": "Const". "type": "ptr". "out": 1. "format": "string". "value": "Name(Get_0)"}')
debug_merge_point(0, 0, '89<main.rpyeffect:81([k@[#137]#145])>+2: {"op": "PrimOp". "name": "getGlobal(String): Ptr". "out": {"any": [1]}. "in": {"any": [1]}}')
debug_merge_point(0, 0, '89<main.rpyeffect:81([k@[#137]#145])>+3: {"op": "Const". "type": "ptr". "out": 2. "format": "string". "value": "Name(Set_1)"}')
debug_merge_point(0, 0, '89<main.rpyeffect:81([k@[#137]#145])>+4: {"op": "PrimOp". "name": "getGlobal(String): Ptr". "out": {"any": [2]}. "in": {"any": [2]}}')
debug_merge_point(0, 0, '89<main.rpyeffect:81([k@[#137]#145])>+5: {"op": "Jump". "target": 98}')
debug_merge_point(0, 0, '98<main.rpyeffect:90(Name(countdown_48))>+0: {"op": "Const". "type": "ptr". "out": 0. "format": "int". "value": "<IntValue object at 0x1505df8f0>"}')
debug_merge_point(0, 0, '98<main.rpyeffect:90(Name(countdown_48))>+1: {"op": "Const". "type": "ptr". "out": 1. "format": "string". "value": "Name(Get_0)"}')
debug_merge_point(0, 0, '98<main.rpyeffect:90(Name(countdown_48))>+2: {"op": "PrimOp". "name": "getGlobal(String): Ptr". "out": {"any": [1]}. "in": {"any": [1]}}')
debug_merge_point(0, 0, '98<main.rpyeffect:90(Name(countdown_48))>+3: {"op": "GetDynamic". "out": 0. "n": 0. "label": 1}')
+1100: i90 = instance_ptr_eq(p0, ConstPtr(ptr89))
guard_false(i90, descr=<Guard0x1505fb7f0>) [p2, p7, p9, p11, p13, p15, p17, p19, p21, p23, p25, p27, p29, p31, p33, p35, p37, p0, p1, p3, p4]
+1108: i92 = instance_ptr_eq(p48, ConstPtr(ptr91))
guard_true(i92, descr=<Guard0x1505fb820>) [p2, p7, p9, p11, p13, p15, p17, p19, p21, p23, p25, p27, p29, p31, p33, p35, p37, p0, p1, p3, p4]
debug_merge_point(0, 0, '98<main.rpyeffect:90(Name(countdown_48))>+4: {"op": "Construct". "out": 1. "type": Interned({"op": "eff$Tuple". "elements": []}). "tag": Interned({"op": "eff$Tuple". "elements": []}). "args": {"any": []}}')
debug_merge_point(0, 0, '98<main.rpyeffect:90(Name(countdown_48))>+5: {"op": "Push". "target": 97. "args": {"any": []}}')
+1116: label(p0, p1, p2, p60, p48, p57, p53, p74, i80, p67, p68, p62, p4, p13, p15, p17, p19, p21, p23, p25, p27, p29, p31, p33, p35, p37, p85, descr=TargetToken(5643373536))
debug_merge_point(0, 0, '98<main.rpyeffect:90(Name(countdown_48))>+5: {"op": "Push". "target": 97. "args": {"any": []}}')
+1136: guard_not_invalidated(descr=<Guard0x1505da9b0>) [p2, p62, p13, p15, p17, p19, p21, p23, p25, p27, p29, p31, p33, p35, p37, p0, p1, p4, i80, p74, p68, p67, p53, p57, p48, p60]
debug_merge_point(0, 0, '98<main.rpyeffect:90(Name(countdown_48))>+6: {"op": "Swap". "type": "any". "a": 0. "b". 1}')
debug_merge_point(0, 0, '98<main.rpyeffect:90(Name(countdown_48))>+7: {"op": "Invoke". "receiver": 1. "tag": Interned(Get_0). "args" : {"any": [0]}}')
+1140: p93 = getfield_gc_r(p62, descr=<FieldP rpyeffect.codata.CoData.inst_vtable 8 pure>)
+1148: guard_value(p93, ConstPtr(ptr94), descr=<Guard0x1505fb850>) [p2, p62, p13, p15, p17, p19, p21, p23, p25, p27, p29, p31, p33, p35, p37, p0, p1, p4, i80, p74, p68, p67, p53, p57, p48, p60]
+1156: p95 = getfield_gc_r(p62, descr=<FieldP rpyeffect.stored_environment.CoData__1.inst_values_ptr_0 24 pure>)
debug_merge_point(0, 0, '111<main.rpyeffect:103([method_Get_0@[mcore:[#45]#166]#175])>+0: {"op": "Const". "type": "ptr". "out": 2. "format": "int". "value": "<IntValue object at 0x1505df690>"}')
debug_merge_point(0, 0, '111<main.rpyeffect:103([method_Get_0@[mcore:[#45]#166]#175])>+1: {"op": "ShiftDyn". "out": 1. "n": 2. "label": 1}')
+1160: guard_nonnull(p95, descr=<Guard0x1505fb880>) [p2, p62, p13, p15, p17, p19, p21, p23, p25, p27, p29, p31, p33, p35, p37, p0, p1, p4, i80, p74, p68, p67, p53, p57, p48, p60]
+1168: i96 = getfield_gc_i(p95, descr=<FieldS rpyeffect.stack.Label.inst_origin 8 pure>)
+1172: guard_value(i96, 118784, descr=<Guard0x1505fb8b0>) [p2, p62, p13, p15, p17, p19, p21, p23, p25, p27, p29, p31, p33, p35, p37, p0, p1, p4, i80, p74, p68, p67, p53, p57, p48, p60]
+1188: i98 = instance_ptr_eq(p53, p95)
guard_true(i98, descr=<Guard0x1505fb8e0>) [p2, p62, p13, p15, p17, p19, p21, p23, p25, p27, p29, p31, p33, p35, p37, p0, p1, p4, i80, p74, p68, p67, p53, p57, p48, p60]
debug_merge_point(0, 0, '111<main.rpyeffect:103([method_Get_0@[mcore:[#45]#166]#175])>+2: {"op": "Swap". "type": "any". "a": 0. "b". 1}')
debug_merge_point(0, 0, '111<main.rpyeffect:103([method_Get_0@[mcore:[#45]#166]#175])>+3: {"op": "Match". "type": Interned({"op": "eff$Tuple". "elements": []}). "scrutinee": 1. "clauses": [{"tag": Interned({"op": "eff$Tuple". "elements": []}). "target": 110. "args": {"any": []}}]. "default": {"tag": Interned(2518e9ef-04be-4557-9914-a2d64d995646#[Missing Tag#340]). "target": 108. "args": {"any": []}}}')
debug_merge_point(0, 0, '110<main.rpyeffect:102([#181])>+0: {"op": "New". "out": 0. "targets": [109]. "args": {"any": [0]}}')
debug_merge_point(0, 0, '110<main.rpyeffect:102([#181])>+1: {"op": "Return". "args": {"any": [0]}}')
debug_merge_point(0, 0, '103<main.rpyeffect:95([k@[mcore:[#42]#160]#164])>+0: {"op": "Swap". "type": "any". "a": 0. "b". 1}')
debug_merge_point(0, 0, '103<main.rpyeffect:95([k@[mcore:[#42]#160]#164])>+1: {"op": "Invoke". "receiver": 1. "tag": Interned(apply). "args" : {"any": [0]}}')
debug_merge_point(0, 0, '109<main.rpyeffect:101([method_apply@[#181]#184])>+0: {"op": "Jump". "target": 101}')
debug_merge_point(0, 0, '101<main.rpyeffect:93([mcore:[#38]#157])>+0: {"op": "Push". "target": 100. "args": {"any": [0]}}')
debug_merge_point(0, 0, '101<main.rpyeffect:93([mcore:[#38]#157])>+1: {"op": "Jump". "target": 99}')
debug_merge_point(0, 0, '99<main.rpyeffect:91(Name(k_66))>+0: {"op": "PushStack". "arg": 1}')
debug_merge_point(0, 0, '99<main.rpyeffect:91(Name(k_66))>+1: {"op": "Return". "args": {"any": [0]}}')
debug_merge_point(0, 0, '97<main.rpyeffect:89([k@Name(countdown_48)#122])>+0: {"op": "Push". "target": 96. "args": {"any": [0]}}')
debug_merge_point(0, 0, '97<main.rpyeffect:89([k@Name(countdown_48)#122])>+1: {"op": "Jump". "target": 10}')
debug_merge_point(0, 0, '10<main.rpyeffect:2(Name(=_0))>+0: {"op": "New". "out": 0. "targets": [9]. "args": {"any": [0]}}')
debug_merge_point(0, 0, '10<main.rpyeffect:2(Name(=_0))>+1: {"op": "Return". "args": {"any": [0]}}')
debug_merge_point(0, 0, '96<main.rpyeffect:88([k@[k@Name(countdown_48)#122]#124])>+0: {"op": "Const". "type": "ptr". "out": 2. "format": "int". "value": "<IntValue object at 0x1505df940>"}')
debug_merge_point(0, 0, '96<main.rpyeffect:88([k@[k@Name(countdown_48)#122]#124])>+1: {"op": "Push". "target": 95. "args": {"any": [1]}}')
debug_merge_point(0, 0, '96<main.rpyeffect:88([k@[k@Name(countdown_48)#122]#124])>+2: {"op": "Copy". "type": "any". "from": 0. "to". 1}')
debug_merge_point(0, 0, '96<main.rpyeffect:88([k@[k@Name(countdown_48)#122]#124])>+3: {"op": "Copy". "type": "any". "from": 2. "to". 0}')
debug_merge_point(0, 0, '96<main.rpyeffect:88([k@[k@Name(countdown_48)#122]#124])>+4: {"op": "Invoke". "receiver": 1. "tag": Interned(apply). "args" : {"any": [0]}}')
debug_merge_point(0, 0, '9<main.rpyeffect:1([method_apply@Name(=_0)#6])>+0: {"op": "Jump". "target": 8}')
debug_merge_point(0, 0, '8<main.rpyeffect:0([mcore:[#11]#3])>+0: {"op": "PrimOp". "name": "equals(Any. Any): Bool". "out": {"any": [0]}. "in": {"any": [1. 0]}}')
+1196: i100 = int_eq(i80, 0)
debug_merge_point(0, 0, '8<main.rpyeffect:0([mcore:[#11]#3])>+1: {"op": "Return". "args": {"any": [0]}}')
debug_merge_point(0, 0, '95<main.rpyeffect:87([k@[k@[k@Name(countdown_48)#122]#124]#128])>+0: {"op": "Switch". "scrutinee": 0. "values": [<BoolValue object at 0x1505df950>]. "targets": [88]. "default": 94}')
guard_false(i100, descr=<Guard0x1505fb910>) [p2, p62, p13, p15, p17, p19, p21, p23, p25, p27, p29, p31, p33, p35, p37, p0, p1, p4, i80, p74, p68, p67, p53, p57, p48, p60]
debug_merge_point(0, 0, '94<main.rpyeffect:86([switch default case#130])>+0: {"op": "Swap". "type": "any". "a": 0. "b". 1}')
debug_merge_point(0, 0, '94<main.rpyeffect:86([switch default case#130])>+1: {"op": "Switch". "scrutinee": 1. "values": [<BoolValue object at 0x1505df960>]. "targets": [92]. "default": 93}')
debug_merge_point(0, 0, '92<main.rpyeffect:84([switch case for Bool(false)#131])>+0: {"op": "Push". "target": 91. "args": {"any": []}}')
debug_merge_point(0, 0, '92<main.rpyeffect:84([switch case for Bool(false)#131])>+1: {"op": "Jump". "target": 74}')
debug_merge_point(0, 0, '74<main.rpyeffect:66(Name(-_34))>+0: {"op": "New". "out": 0. "targets": [73]. "args": {"any": [0]}}')
debug_merge_point(0, 0, '74<main.rpyeffect:66(Name(-_34))>+1: {"op": "Return". "args": {"any": [0]}}')
debug_merge_point(0, 0, '91<main.rpyeffect:83([k@[switch case for Bool(false)#131]#133])>+0: {"op": "Const". "type": "ptr". "out": 1. "format": "int". "value": "<IntValue object at 0x1505dfa20>"}')
debug_merge_point(0, 0, '91<main.rpyeffect:83([k@[switch case for Bool(false)#131]#133])>+1: {"op": "Push". "target": 90. "args": {"any": []}}')
debug_merge_point(0, 0, '91<main.rpyeffect:83([k@[switch case for Bool(false)#131]#133])>+2: {"op": "Swap". "type": "any". "a": 0. "b". 1}')
debug_merge_point(0, 0, '91<main.rpyeffect:83([k@[switch case for Bool(false)#131]#133])>+3: {"op": "Invoke". "receiver": 1. "tag": Interned(apply). "args" : {"any": [0]}}')
debug_merge_point(0, 0, '73<main.rpyeffect:65([method_apply@Name(-_34)#96])>+0: {"op": "Jump". "target": 72}')
debug_merge_point(0, 0, '72<main.rpyeffect:64([mcore:[#27]#93])>+0: {"op": "PrimOp". "name": "infixSub(Int. Int): Int". "out": {"any": [0]}. "in": {"any": [1. 0]}}')
+1204: i102 = int_sub(i80, 1)
debug_merge_point(0, 0, '72<main.rpyeffect:64([mcore:[#27]#93])>+1: {"op": "Return". "args": {"any": [0]}}')
debug_merge_point(0, 0, '90<main.rpyeffect:82([#137])>+0: {"op": "Const". "type": "ptr". "out": 1. "format": "int". "value": "<IntValue object at 0x1505dfa90>"}')
debug_merge_point(0, 0, '90<main.rpyeffect:82([#137])>+1: {"op": "Const". "type": "ptr". "out": 2. "format": "string". "value": "Name(Set_1)"}')
debug_merge_point(0, 0, '90<main.rpyeffect:82([#137])>+2: {"op": "PrimOp". "name": "getGlobal(String): Ptr". "out": {"any": [2]}. "in": {"any": [2]}}')
debug_merge_point(0, 0, '90<main.rpyeffect:82([#137])>+3: {"op": "GetDynamic". "out": 1. "n": 1. "label": 2}')
debug_merge_point(0, 0, '90<main.rpyeffect:82([#137])>+4: {"op": "Push". "target": 89. "args": {"any": []}}')
debug_merge_point(0, 0, '90<main.rpyeffect:82([#137])>+5: {"op": "Invoke". "receiver": 1. "tag": Interned(Set_1). "args" : {"any": [0]}}')
debug_merge_point(0, 0, '114<main.rpyeffect:106([method_Set_1@[mcore:[#45]#166]#193])>+0: {"op": "Const". "type": "ptr". "out": 2. "format": "int". "value": "<IntValue object at 0x1505df600>"}')
debug_merge_point(0, 0, '114<main.rpyeffect:106([method_Set_1@[mcore:[#45]#166]#193])>+1: {"op": "ShiftDyn". "out": 1. "n": 2. "label": 1}')
debug_merge_point(0, 0, '114<main.rpyeffect:106([method_Set_1@[mcore:[#45]#166]#193])>+2: {"op": "New". "out": 0. "targets": [113]. "args": {"any": [1. 0]}}')
debug_merge_point(0, 0, '114<main.rpyeffect:106([method_Set_1@[mcore:[#45]#166]#193])>+3: {"op": "Return". "args": {"any": [0]}}')
debug_merge_point(0, 0, '100<main.rpyeffect:92([k@[mcore:[#38]#157]#159])>+0: {"op": "Swap". "type": "any". "a": 0. "b". 1}')
debug_merge_point(0, 0, '100<main.rpyeffect:92([k@[mcore:[#38]#157]#159])>+1: {"op": "Invoke". "receiver": 1. "tag": Interned(apply). "args" : {"any": [0]}}')
debug_merge_point(0, 0, '113<main.rpyeffect:105([#198])>+0: {"op": "Jump". "target": 104}')
debug_merge_point(0, 0, '104<main.rpyeffect:96([mcore:[#42]#160])>+0: {"op": "Construct". "out": 0. "type": Interned({"op": "eff$Tuple". "elements": []}). "tag": Interned({"op": "eff$Tuple". "elements": []}). "args": {"any": []}}')
debug_merge_point(0, 0, '104<main.rpyeffect:96([mcore:[#42]#160])>+1: {"op": "Push". "target": 103. "args": {"any": [2]}}')
debug_merge_point(0, 0, '104<main.rpyeffect:96([mcore:[#42]#160])>+2: {"op": "Jump". "target": 102}')
debug_merge_point(0, 0, '102<main.rpyeffect:94(Name(k_70))>+0: {"op": "PushStack". "arg": 1}')
debug_merge_point(0, 0, '102<main.rpyeffect:94(Name(k_70))>+1: {"op": "Return". "args": {"any": [0]}}')
debug_merge_point(0, 0, '89<main.rpyeffect:81([k@[#137]#145])>+0: {"op": "Construct". "out": 0. "type": Interned({"op": "eff$Tuple". "elements": []}). "tag": Interned({"op": "eff$Tuple". "elements": []}). "args": {"any": []}}')
debug_merge_point(0, 0, '89<main.rpyeffect:81([k@[#137]#145])>+1: {"op": "Const". "type": "ptr". "out": 1. "format": "string". "value": "Name(Get_0)"}')
debug_merge_point(0, 0, '89<main.rpyeffect:81([k@[#137]#145])>+2: {"op": "PrimOp". "name": "getGlobal(String): Ptr". "out": {"any": [1]}. "in": {"any": [1]}}')
debug_merge_point(0, 0, '89<main.rpyeffect:81([k@[#137]#145])>+3: {"op": "Const". "type": "ptr". "out": 2. "format": "string". "value": "Name(Set_1)"}')
debug_merge_point(0, 0, '89<main.rpyeffect:81([k@[#137]#145])>+4: {"op": "PrimOp". "name": "getGlobal(String): Ptr". "out": {"any": [2]}. "in": {"any": [2]}}')
debug_merge_point(0, 0, '89<main.rpyeffect:81([k@[#137]#145])>+5: {"op": "Jump". "target": 98}')
debug_merge_point(0, 0, '98<main.rpyeffect:90(Name(countdown_48))>+0: {"op": "Const". "type": "ptr". "out": 0. "format": "int". "value": "<IntValue object at 0x1505df8f0>"}')
debug_merge_point(0, 0, '98<main.rpyeffect:90(Name(countdown_48))>+1: {"op": "Const". "type": "ptr". "out": 1. "format": "string". "value": "Name(Get_0)"}')
debug_merge_point(0, 0, '98<main.rpyeffect:90(Name(countdown_48))>+2: {"op": "PrimOp". "name": "getGlobal(String): Ptr". "out": {"any": [1]}. "in": {"any": [1]}}')
debug_merge_point(0, 0, '98<main.rpyeffect:90(Name(countdown_48))>+3: {"op": "GetDynamic". "out": 0. "n": 0. "label": 1}')
+1212: i104 = instance_ptr_eq(p0, ConstPtr(ptr103))
guard_false(i104, descr=<Guard0x1505fb940>) [p2, p62, p13, p15, p17, p19, p21, p23, p25, p27, p29, p31, p33, p35, p37, p0, p1, p4, i80, p74, p68, p67, p53, p57, p48, p60]
+1220: i106 = instance_ptr_eq(p48, ConstPtr(ptr105))
guard_true(i106, descr=<Guard0x1505fb970>) [p2, p62, p13, p15, p17, p19, p21, p23, p25, p27, p29, p31, p33, p35, p37, p0, p1, p4, i80, p74, p68, p67, p53, p57, p48, p60]
debug_merge_point(0, 0, '98<main.rpyeffect:90(Name(countdown_48))>+4: {"op": "Construct". "out": 1. "type": Interned({"op": "eff$Tuple". "elements": []}). "tag": Interned({"op": "eff$Tuple". "elements": []}). "args": {"any": []}}')
debug_merge_point(0, 0, '98<main.rpyeffect:90(Name(countdown_48))>+5: {"op": "Push". "target": 97. "args": {"any": []}}')
+1232: i107 = instance_ptr_eq(p0, ConstPtr(ptr81))
guard_true(i107, descr=<Guard0x1505da9f8>) [p2, p62, p13, p15, p17, p19, p21, p23, p25, p27, p29, p31, p33, p35, p37, p0, p1, p4, i102, None, p74, p68, p67, p53, p57, p48, p60]
+1240: i109 = instance_ptr_eq(p53, p85)
guard_true(i109, descr=<Guard0x1505daa40>) [p2, p62, p13, p15, p17, p19, p21, p23, p25, p27, p29, p31, p33, p35, p37, p0, p1, p4, i102, None, p74, p68, p67, p53, p57, p48, p60]
+1248: jump(p0, p1, p2, p60, p48, p57, p53, p74, i102, p67, p68, p62, p4, p13, p15, p17, p19, p21, p23, p25, p27, p29, p31, p33, p35, p37, p85, descr=TargetToken(5643373536))
+1256: --end of the loop--
[a6894d] jit-log-opt-loop}
[11c44900] {jit-summary
Tracing:      	1	0.001182
Backend:      	1	0.000262
TOTAL:      		0.288933
ops:             	3561
heapcached ops:  	558
recorded ops:    	1266
  calls:         	666
guards:          	167
opt ops:         	231
opt guards:      	41
opt guards shared:	36
forcings:        	0
abort: trace too long:	0
abort: compiling:	0
abort: vable escape:	0
abort: bad loop: 	0
abort: force quasi-immut:	0
abort: segmenting trace:	0
virtualizables forced:	0
nvirtuals:       	6
nvholes:         	0
nvreused:        	0
vecopt tried:    	0
vecopt success:  	0
Total # of loops:	1
Total # of bridges:	0
Freed # of loops:	0
Freed # of bridges:	0
[11c471db] jit-summary}
