[606a9e] {jit-log-opt-loop
# Loop 1 (101<main.rpyeffect:93([mcore:[#38]#157])>+0: {"op": "Push", "target": 100, "args": {"any": [0]}}) : loop with 252 ops
[p0, p1, p2, p3, p4]
+536: p5 = getfield_gc_r(p2, descr=<FieldP rpyeffect.environment.Environment.inst_values_ptr 16>)
+544: p7 = getarrayitem_gc_r(p5, 0, descr=<ArrayP 8>)
+548: p9 = getarrayitem_gc_r(p5, 1, descr=<ArrayP 8>)
+552: p11 = getarrayitem_gc_r(p5, 2, descr=<ArrayP 8>)
+556: p13 = getarrayitem_gc_r(p5, 3, descr=<ArrayP 8>)
+560: p15 = getarrayitem_gc_r(p5, 4, descr=<ArrayP 8>)
+564: p17 = getarrayitem_gc_r(p5, 5, descr=<ArrayP 8>)
+568: p19 = getarrayitem_gc_r(p5, 6, descr=<ArrayP 8>)
+572: p21 = getarrayitem_gc_r(p5, 7, descr=<ArrayP 8>)
+576: p23 = getarrayitem_gc_r(p5, 8, descr=<ArrayP 8>)
+580: p25 = getarrayitem_gc_r(p5, 9, descr=<ArrayP 8>)
+584: p27 = getarrayitem_gc_r(p5, 10, descr=<ArrayP 8>)
+588: p29 = getarrayitem_gc_r(p5, 11, descr=<ArrayP 8>)
+592: p31 = getarrayitem_gc_r(p5, 12, descr=<ArrayP 8>)
+596: p33 = getarrayitem_gc_r(p5, 13, descr=<ArrayP 8>)
+600: p35 = getarrayitem_gc_r(p5, 14, descr=<ArrayP 8>)
+604: p37 = getarrayitem_gc_r(p5, 15, descr=<ArrayP 8>)
+608: label(p0, p1, p2, p3, p4, p7, p9, p11, p13, p15, p17, p19, p21, p23, p25, p27, p29, p31, p33, p35, p37, descr=TargetToken(5239409568))
debug_merge_point(0, 0, '101<main.rpyeffect:93([mcore:[#38]#157])>+0: {"op": "Push". "target": 100. "args": {"any": [0]}}')
+664: guard_not_invalidated(descr=<Guard0x13849a920>) [p2, p7, p9, p11, p13, p15, p17, p19, p21, p23, p25, p27, p29, p31, p33, p35, p37, p0, p1, p3, p4]
debug_merge_point(0, 0, '101<main.rpyeffect:93([mcore:[#38]#157])>+1: {"op": "Jump". "target": 99}')
debug_merge_point(0, 0, '99<main.rpyeffect:91(Name(k_66))>+0: {"op": "PushStack". "arg": 1}')
+672: i39 = instance_ptr_eq(p4, ConstPtr(ptr38))
guard_true(i39, descr=<Guard0x1384bd580>) [p2, p7, p9, p11, p13, p15, p17, p19, p21, p23, p25, p27, p29, p31, p33, p35, p37, p0, p1, p3, p4]
+684: guard_nonnull_class(p9, ConstClass(MetaStackWithBinding), descr=<Guard0x13849a968>) [p2, p7, p9, p11, p13, p15, p17, p19, p21, p23, p25, p27, p29, p31, p33, p35, p37, p0, p1, p3, p4]
+708: p41 = getfield_gc_r(p9, descr=<FieldP rpyeffect.stack.MetaStack.inst_region 24 pure>)
+712: guard_isnull(p41, descr=<Guard0x1384bd5b0>) [p2, p7, p9, p11, p13, p15, p17, p19, p21, p23, p25, p27, p29, p31, p33, p35, p37, p0, p1, p3, p4]
+720: p42 = getfield_gc_r(p9, descr=<FieldP rpyeffect.stack.MetaStackLike.inst_stack 8 pure>)
+724: p43 = getfield_gc_r(p9, descr=<FieldP rpyeffect.stack.MetaStack.inst_tail 32 pure>)
+728: guard_nonnull_class(p43, ConstClass(MetaStackWithBinding), descr=<Guard0x13849a9b0>) [p2, p7, p9, p11, p13, p15, p17, p19, p21, p23, p25, p27, p29, p31, p33, p35, p37, p0, p1, p3, p4]
+752: p45 = getfield_gc_r(p43, descr=<FieldP rpyeffect.stack.MetaStack.inst_region 24 pure>)
+756: guard_isnull(p45, descr=<Guard0x1384bd5e0>) [p2, p7, p9, p11, p13, p15, p17, p19, p21, p23, p25, p27, p29, p31, p33, p35, p37, p0, p1, p3, p4]
+764: p46 = getfield_gc_r(p43, descr=<FieldP rpyeffect.stack.MetaStackLike.inst_stack 8 pure>)
+768: p47 = getfield_gc_r(p43, descr=<FieldP rpyeffect.stack.MetaStack.inst_tail 32 pure>)
+772: guard_nonnull_class(p47, 4339852952, descr=<Guard0x13849a9f8>) [p2, p7, p9, p11, p13, p15, p17, p19, p21, p23, p25, p27, p29, p31, p33, p35, p37, p0, p1, p3, p4]
+796: p49 = getfield_gc_r(p47, descr=<FieldP rpyeffect.stack.MetaStack.inst_region 24 pure>)
+800: guard_isnull(p49, descr=<Guard0x1384bd610>) [p2, p7, p9, p11, p13, p15, p17, p19, p21, p23, p25, p27, p29, p31, p33, p35, p37, p0, p1, p3, p4]
+808: p50 = getfield_gc_r(p47, descr=<FieldP rpyeffect.stack.MetaStackLike.inst_stack 8 pure>)
+812: p51 = getfield_gc_r(p47, descr=<FieldP rpyeffect.stack.MetaStack.inst_tail 32 pure>)
+816: guard_isnull(p51, descr=<Guard0x1384bd640>) [p2, p7, p9, p11, p13, p15, p17, p19, p21, p23, p25, p27, p29, p31, p33, p35, p37, p0, p1, p3, p4]
+824: p52 = getfield_gc_r(p47, descr=<FieldP rpyeffect.stack.MetaStack.inst_label 16 pure>)
+828: p53 = getfield_gc_r(p43, descr=<FieldP rpyeffect.stack.MetaStack.inst_label 16 pure>)
+832: p54 = getfield_gc_r(p43, descr=<FieldP rpyeffect.stack.MetaStackWithBinding.inst_binding 40 pure>)
+836: i56 = instance_ptr_eq(p54, ConstPtr(ptr55))
guard_false(i56, descr=<Guard0x1384bd670>) [p2, p7, p9, p11, p13, p15, p17, p19, p21, p23, p25, p27, p29, p31, p33, p35, p37, p0, p1, p3, p4]
+844: p57 = getfield_gc_r(p9, descr=<FieldP rpyeffect.stack.MetaStack.inst_label 16 pure>)
+848: p58 = getfield_gc_r(p9, descr=<FieldP rpyeffect.stack.MetaStackWithBinding.inst_binding 40 pure>)
+852: i60 = instance_ptr_eq(p58, ConstPtr(ptr59))
guard_false(i60, descr=<Guard0x1384bd6a0>) [p2, p7, p9, p11, p13, p15, p17, p19, p21, p23, p25, p27, p29, p31, p33, p35, p37, p0, p1, p3, p4]
+860: guard_nonnull(p42, descr=<Guard0x1384bd6d0>) [p2, p7, p9, p11, p13, p15, p17, p19, p21, p23, p25, p27, p29, p31, p33, p35, p37, p0, p1, p3, p4]
+868: i61 = getfield_gc_i(p42, descr=<FieldS rpyeffect.stored_environment.Stack__arb.inst_target 16 pure>)
+872: guard_value(i61, 97, descr=<Guard0x1384bd700>) [p2, p7, p9, p11, p13, p15, p17, p19, p21, p23, p25, p27, p29, p31, p33, p35, p37, p0, p1, p3, p4]
debug_merge_point(0, 0, '99<main.rpyeffect:91(Name(k_66))>+1: {"op": "Return". "args": {"any": [0]}}')
+884: p63 = getfield_gc_r(p42, descr=<FieldP rpyeffect.stored_environment.Stack__arb.inst_tail 8 pure>)
+888: guard_nonnull(p63, descr=<Guard0x1384bd730>) [p2, p7, p9, p11, p13, p15, p17, p19, p21, p23, p25, p27, p29, p31, p33, p35, p37, p0, p1, p3, p4]
+896: i64 = getfield_gc_i(p63, descr=<FieldS rpyeffect.stored_environment.Stack__arb.inst_target 16 pure>)
+900: guard_value(i64, 115, descr=<Guard0x1384bd760>) [p2, p7, p9, p11, p13, p15, p17, p19, p21, p23, p25, p27, p29, p31, p33, p35, p37, p0, p1, p3, p4]
debug_merge_point(0, 0, '97<main.rpyeffect:89([k@Name(countdown_48)#122])>+0: {"op": "Push". "target": 96. "args": {"any": [0]}}')
debug_merge_point(0, 0, '97<main.rpyeffect:89([k@Name(countdown_48)#122])>+1: {"op": "Jump". "target": 10}')
debug_merge_point(0, 0, '10<main.rpyeffect:2(Name(=_0))>+0: {"op": "New". "out": 0. "targets": [9]. "args": {"any": [0]}}')
debug_merge_point(0, 0, '10<main.rpyeffect:2(Name(=_0))>+1: {"op": "Return". "args": {"any": [0]}}')
debug_merge_point(0, 0, '96<main.rpyeffect:88([k@[k@Name(countdown_48)#122]#124])>+0: {"op": "Const". "type": "ptr". "out": 2. "format": "int". "value": "<IntValue object at 0x1384a1940>"}')
debug_merge_point(0, 0, '96<main.rpyeffect:88([k@[k@Name(countdown_48)#122]#124])>+1: {"op": "Push". "target": 95. "args": {"any": [1]}}')
debug_merge_point(0, 0, '96<main.rpyeffect:88([k@[k@Name(countdown_48)#122]#124])>+2: {"op": "Copy". "type": "any". "from": 0. "to". 1}')
debug_merge_point(0, 0, '96<main.rpyeffect:88([k@[k@Name(countdown_48)#122]#124])>+3: {"op": "Copy". "type": "any". "from": 2. "to". 0}')
debug_merge_point(0, 0, '96<main.rpyeffect:88([k@[k@Name(countdown_48)#122]#124])>+4: {"op": "Invoke". "receiver": 1. "tag": Interned(apply). "args" : {"any": [0]}}')
debug_merge_point(0, 0, '9<main.rpyeffect:1([method_apply@Name(=_0)#6])>+0: {"op": "Jump". "target": 8}')
debug_merge_point(0, 0, '8<main.rpyeffect:0([mcore:[#11]#3])>+0: {"op": "PrimOp". "name": "equals(Any. Any): Bool". "out": {"any": [0]}. "in": {"any": [1. 0]}}')
+912: guard_class(p7, ConstClass(IntValue), descr=<Guard0x1384bd790>) [p2, p7, p9, p11, p13, p15, p17, p19, p21, p23, p25, p27, p29, p31, p33, p35, p37, p0, p1, p3, p4]
+928: i67 = getfield_gc_i(p7, descr=<FieldS rpyeffect.value.IntValue.inst_value 8 pure>)
+932: i69 = int_eq(i67, 0)
debug_merge_point(0, 0, '8<main.rpyeffect:0([mcore:[#11]#3])>+1: {"op": "Return". "args": {"any": [0]}}')
debug_merge_point(0, 0, '95<main.rpyeffect:87([k@[k@[k@Name(countdown_48)#122]#124]#128])>+0: {"op": "Switch". "scrutinee": 0. "values": [<BoolValue object at 0x1384a1950>]. "targets": [88]. "default": 94}')
guard_false(i69, descr=<Guard0x1384bd7c0>) [p2, p7, p9, p11, p13, p15, p17, p19, p21, p23, p25, p27, p29, p31, p33, p35, p37, p0, p1, p3, p4]
debug_merge_point(0, 0, '94<main.rpyeffect:86([switch default case#130])>+0: {"op": "Swap". "type": "any". "a": 0. "b". 1}')
debug_merge_point(0, 0, '94<main.rpyeffect:86([switch default case#130])>+1: {"op": "Switch". "scrutinee": 1. "values": [<BoolValue object at 0x1384a1960>]. "targets": [92]. "default": 93}')
debug_merge_point(0, 0, '92<main.rpyeffect:84([switch case for Bool(false)#131])>+0: {"op": "Push". "target": 91. "args": {"any": []}}')
debug_merge_point(0, 0, '92<main.rpyeffect:84([switch case for Bool(false)#131])>+1: {"op": "Jump". "target": 74}')
debug_merge_point(0, 0, '74<main.rpyeffect:66(Name(-_34))>+0: {"op": "New". "out": 0. "targets": [73]. "args": {"any": [0]}}')
debug_merge_point(0, 0, '74<main.rpyeffect:66(Name(-_34))>+1: {"op": "Return". "args": {"any": [0]}}')
debug_merge_point(0, 0, '91<main.rpyeffect:83([k@[switch case for Bool(false)#131]#133])>+0: {"op": "Const". "type": "ptr". "out": 1. "format": "int". "value": "<IntValue object at 0x1384a1a20>"}')
debug_merge_point(0, 0, '91<main.rpyeffect:83([k@[switch case for Bool(false)#131]#133])>+1: {"op": "Push". "target": 90. "args": {"any": []}}')
debug_merge_point(0, 0, '91<main.rpyeffect:83([k@[switch case for Bool(false)#131]#133])>+2: {"op": "Swap". "type": "any". "a": 0. "b". 1}')
debug_merge_point(0, 0, '91<main.rpyeffect:83([k@[switch case for Bool(false)#131]#133])>+3: {"op": "Invoke". "receiver": 1. "tag": Interned(apply). "args" : {"any": [0]}}')
debug_merge_point(0, 0, '73<main.rpyeffect:65([method_apply@Name(-_34)#96])>+0: {"op": "Jump". "target": 72}')
debug_merge_point(0, 0, '72<main.rpyeffect:64([mcore:[#27]#93])>+0: {"op": "PrimOp". "name": "infixSub(Int. Int): Int". "out": {"any": [0]}. "in": {"any": [1. 0]}}')
+940: i71 = int_sub(i67, 1)
debug_merge_point(0, 0, '72<main.rpyeffect:64([mcore:[#27]#93])>+1: {"op": "Return". "args": {"any": [0]}}')
debug_merge_point(0, 0, '90<main.rpyeffect:82([#137])>+0: {"op": "Const". "type": "ptr". "out": 1. "format": "int". "value": "<IntValue object at 0x1384a1a90>"}')
debug_merge_point(0, 0, '90<main.rpyeffect:82([#137])>+1: {"op": "Const". "type": "ptr". "out": 2. "format": "string". "value": "Name(Set_1)"}')
debug_merge_point(0, 0, '90<main.rpyeffect:82([#137])>+2: {"op": "PrimOp". "name": "getGlobal(String): Ptr". "out": {"any": [2]}. "in": {"any": [2]}}')
debug_merge_point(0, 0, '90<main.rpyeffect:82([#137])>+3: {"op": "GetDynamic". "out": 1. "n": 1. "label": 2}')
+944: guard_nonnull(p57, descr=<Guard0x1384bd7f0>) [p2, p7, p9, p11, p13, p15, p17, p19, p21, p23, p25, p27, p29, p31, p33, p35, p37, p0, p1, p3, p4]
+952: i72 = getfield_gc_i(p57, descr=<FieldS rpyeffect.stack.Label.inst_origin 8 pure>)
+956: guard_value(i72, 123940, descr=<Guard0x1384bd820>) [p2, p7, p9, p11, p13, p15, p17, p19, p21, p23, p25, p27, p29, p31, p33, p35, p37, p0, p1, p3, p4]
+976: i75 = instance_ptr_eq(p57, ConstPtr(ptr74))
guard_true(i75, descr=<Guard0x1384bd850>) [p2, p7, p9, p11, p13, p15, p17, p19, p21, p23, p25, p27, p29, p31, p33, p35, p37, p0, p1, p3, p4]
debug_merge_point(0, 0, '90<main.rpyeffect:82([#137])>+4: {"op": "Push". "target": 89. "args": {"any": []}}')
debug_merge_point(0, 0, '90<main.rpyeffect:82([#137])>+5: {"op": "Invoke". "receiver": 1. "tag": Interned(Set_1). "args" : {"any": [0]}}')
+984: p76 = getfield_gc_r(p58, descr=<FieldP rpyeffect.codata.CoData.inst_vtable 8 pure>)
+992: guard_value(p76, ConstPtr(ptr77), descr=<Guard0x1384bd880>) [p2, p7, p9, p11, p13, p15, p17, p19, p21, p23, p25, p27, p29, p31, p33, p35, p37, p0, p1, p3, p4]
+1000: p78 = getfield_gc_r(p58, descr=<FieldP rpyeffect.stored_environment.CoData__1.inst_values_ptr_0 24 pure>)
debug_merge_point(0, 0, '114<main.rpyeffect:106([method_Set_1@[mcore:[#45]#166]#193])>+0: {"op": "Const". "type": "ptr". "out": 2. "format": "int". "value": "<IntValue object at 0x1384a1600>"}')
debug_merge_point(0, 0, '114<main.rpyeffect:106([method_Set_1@[mcore:[#45]#166]#193])>+1: {"op": "ShiftDyn". "out": 1. "n": 2. "label": 1}')
+1004: guard_nonnull(p78, descr=<Guard0x1384bd8b0>) [p2, p7, p9, p11, p13, p15, p17, p19, p21, p23, p25, p27, p29, p31, p33, p35, p37, p0, p1, p3, p4]
+1012: i79 = getfield_gc_i(p78, descr=<FieldS rpyeffect.stack.Label.inst_origin 8 pure>)
+1016: guard_value(i79, 118784, descr=<Guard0x1384bd8e0>) [p2, p7, p9, p11, p13, p15, p17, p19, p21, p23, p25, p27, p29, p31, p33, p35, p37, p0, p1, p3, p4]
+1032: guard_nonnull(p53, descr=<Guard0x1384bd910>) [p2, p7, p9, p11, p13, p15, p17, p19, p21, p23, p25, p27, p29, p31, p33, p35, p37, p0, p1, p3, p4]
+1040: i81 = getfield_gc_i(p53, descr=<FieldS rpyeffect.stack.Label.inst_origin 8 pure>)
+1044: guard_value(i81, 123935, descr=<Guard0x1384bd940>) [p2, p7, p9, p11, p13, p15, p17, p19, p21, p23, p25, p27, p29, p31, p33, p35, p37, p0, p1, p3, p4]
+1060: guard_nonnull(p52, descr=<Guard0x1384bd970>) [p2, p7, p9, p11, p13, p15, p17, p19, p21, p23, p25, p27, p29, p31, p33, p35, p37, p0, p1, p3, p4]
+1068: i83 = getfield_gc_i(p52, descr=<FieldS rpyeffect.stack.Label.inst_origin 8 pure>)
+1072: guard_value(i83, 118784, descr=<Guard0x1384bd9a0>) [p2, p7, p9, p11, p13, p15, p17, p19, p21, p23, p25, p27, p29, p31, p33, p35, p37, p0, p1, p3, p4]
+1088: i85 = instance_ptr_eq(p52, p78)
guard_true(i85, descr=<Guard0x1384bd9d0>) [p2, p7, p9, p11, p13, p15, p17, p19, p21, p23, p25, p27, p29, p31, p33, p35, p37, p0, p1, p3, p4]
debug_merge_point(0, 0, '114<main.rpyeffect:106([method_Set_1@[mcore:[#45]#166]#193])>+2: {"op": "New". "out": 0. "targets": [113]. "args": {"any": [1. 0]}}')
debug_merge_point(0, 0, '114<main.rpyeffect:106([method_Set_1@[mcore:[#45]#166]#193])>+3: {"op": "Return". "args": {"any": [0]}}')
+1096: guard_nonnull(p1, descr=<Guard0x1384bda00>) [p2, p7, p9, p11, p13, p15, p17, p19, p21, p23, p25, p27, p29, p31, p33, p35, p37, p0, p1, p3, p4]
+1108: i86 = getfield_gc_i(p1, descr=<FieldS rpyeffect.stored_environment.Stack__arb.inst_target 16 pure>)
+1116: guard_value(i86, 1, descr=<Guard0x1384bda30>) [p2, p7, p9, p11, p13, p15, p17, p19, p21, p23, p25, p27, p29, p31, p33, p35, p37, p0, p1, p3, p4]
debug_merge_point(0, 0, '100<main.rpyeffect:92([k@[mcore:[#38]#157]#159])>+0: {"op": "Swap". "type": "any". "a": 0. "b". 1}')
debug_merge_point(0, 0, '100<main.rpyeffect:92([k@[mcore:[#38]#157]#159])>+1: {"op": "Invoke". "receiver": 1. "tag": Interned(apply). "args" : {"any": [0]}}')
debug_merge_point(0, 0, '113<main.rpyeffect:105([#198])>+0: {"op": "Jump". "target": 104}')
debug_merge_point(0, 0, '104<main.rpyeffect:96([mcore:[#42]#160])>+0: {"op": "Construct". "out": 0. "type": Interned({"op": "eff$Tuple". "elements": []}). "tag": Interned({"op": "eff$Tuple". "elements": []}). "args": {"any": []}}')
debug_merge_point(0, 0, '104<main.rpyeffect:96([mcore:[#42]#160])>+1: {"op": "Push". "target": 103. "args": {"any": [2]}}')
debug_merge_point(0, 0, '104<main.rpyeffect:96([mcore:[#42]#160])>+2: {"op": "Jump". "target": 102}')
debug_merge_point(0, 0, '102<main.rpyeffect:94(Name(k_70))>+0: {"op": "PushStack". "arg": 1}')
debug_merge_point(0, 0, '102<main.rpyeffect:94(Name(k_70))>+1: {"op": "Return". "args": {"any": [0]}}')
debug_merge_point(0, 0, '89<main.rpyeffect:81([k@[#137]#145])>+0: {"op": "Construct". "out": 0. "type": Interned({"op": "eff$Tuple". "elements": []}). "tag": Interned({"op": "eff$Tuple". "elements": []}). "args": {"any": []}}')
debug_merge_point(0, 0, '89<main.rpyeffect:81([k@[#137]#145])>+1: {"op": "Const". "type": "ptr". "out": 1. "format": "string". "value": "Name(Get_0)"}')
debug_merge_point(0, 0, '89<main.rpyeffect:81([k@[#137]#145])>+2: {"op": "PrimOp". "name": "getGlobal(String): Ptr". "out": {"any": [1]}. "in": {"any": [1]}}')
debug_merge_point(0, 0, '89<main.rpyeffect:81([k@[#137]#145])>+3: {"op": "Const". "type": "ptr". "out": 2. "format": "string". "value": "Name(Set_1)"}')
debug_merge_point(0, 0, '89<main.rpyeffect:81([k@[#137]#145])>+4: {"op": "PrimOp". "name": "getGlobal(String): Ptr". "out": {"any": [2]}. "in": {"any": [2]}}')
debug_merge_point(0, 0, '89<main.rpyeffect:81([k@[#137]#145])>+5: {"op": "Jump". "target": 98}')
debug_merge_point(0, 0, '98<main.rpyeffect:90(Name(countdown_48))>+0: {"op": "Const". "type": "ptr". "out": 0. "format": "int". "value": "<IntValue object at 0x1384a18f0>"}')
debug_merge_point(0, 0, '98<main.rpyeffect:90(Name(countdown_48))>+1: {"op": "Const". "type": "ptr". "out": 1. "format": "string". "value": "Name(Get_0)"}')
debug_merge_point(0, 0, '98<main.rpyeffect:90(Name(countdown_48))>+2: {"op": "PrimOp". "name": "getGlobal(String): Ptr". "out": {"any": [1]}. "in": {"any": [1]}}')
debug_merge_point(0, 0, '98<main.rpyeffect:90(Name(countdown_48))>+3: {"op": "GetDynamic". "out": 0. "n": 0. "label": 1}')
+1132: i89 = instance_ptr_eq(p57, ConstPtr(ptr88))
guard_false(i89, descr=<Guard0x1384bda60>) [p2, p7, p9, p11, p13, p15, p17, p19, p21, p23, p25, p27, p29, p31, p33, p35, p37, p0, p1, p3, p4]
+1140: i91 = instance_ptr_eq(p53, ConstPtr(ptr90))
guard_true(i91, descr=<Guard0x1384bda90>) [p2, p7, p9, p11, p13, p15, p17, p19, p21, p23, p25, p27, p29, p31, p33, p35, p37, p0, p1, p3, p4]
debug_merge_point(0, 0, '98<main.rpyeffect:90(Name(countdown_48))>+4: {"op": "Construct". "out": 1. "type": Interned({"op": "eff$Tuple". "elements": []}). "tag": Interned({"op": "eff$Tuple". "elements": []}). "args": {"any": []}}')
debug_merge_point(0, 0, '98<main.rpyeffect:90(Name(countdown_48))>+5: {"op": "Push". "target": 97. "args": {"any": []}}')
debug_merge_point(0, 0, '98<main.rpyeffect:90(Name(countdown_48))>+6: {"op": "Swap". "type": "any". "a": 0. "b". 1}')
debug_merge_point(0, 0, '98<main.rpyeffect:90(Name(countdown_48))>+7: {"op": "Invoke". "receiver": 1. "tag": Interned(Get_0). "args" : {"any": [0]}}')
+1148: p92 = getfield_gc_r(p54, descr=<FieldP rpyeffect.codata.CoData.inst_vtable 8 pure>)
+1156: guard_value(p92, ConstPtr(ptr93), descr=<Guard0x1384bdac0>) [p2, p7, p9, p11, p13, p15, p17, p19, p21, p23, p25, p27, p29, p31, p33, p35, p37, p0, p1, p3, p4]
+1164: p94 = getfield_gc_r(p54, descr=<FieldP rpyeffect.stored_environment.CoData__1.inst_values_ptr_0 24 pure>)
debug_merge_point(0, 0, '111<main.rpyeffect:103([method_Get_0@[mcore:[#45]#166]#175])>+0: {"op": "Const". "type": "ptr". "out": 2. "format": "int". "value": "<IntValue object at 0x1384a1690>"}')
debug_merge_point(0, 0, '111<main.rpyeffect:103([method_Get_0@[mcore:[#45]#166]#175])>+1: {"op": "ShiftDyn". "out": 1. "n": 2. "label": 1}')
+1168: guard_nonnull(p94, descr=<Guard0x1384bdaf0>) [p2, p7, p9, p11, p13, p15, p17, p19, p21, p23, p25, p27, p29, p31, p33, p35, p37, p0, p1, p3, p4]
+1176: i95 = getfield_gc_i(p94, descr=<FieldS rpyeffect.stack.Label.inst_origin 8 pure>)
+1180: guard_value(i95, 118784, descr=<Guard0x1384bdb20>) [p2, p7, p9, p11, p13, p15, p17, p19, p21, p23, p25, p27, p29, p31, p33, p35, p37, p0, p1, p3, p4]
+1200: i97 = instance_ptr_eq(p52, p94)
guard_true(i97, descr=<Guard0x1384bdb50>) [p2, p7, p9, p11, p13, p15, p17, p19, p21, p23, p25, p27, p29, p31, p33, p35, p37, p0, p1, p3, p4]
debug_merge_point(0, 0, '111<main.rpyeffect:103([method_Get_0@[mcore:[#45]#166]#175])>+2: {"op": "Swap". "type": "any". "a": 0. "b". 1}')
debug_merge_point(0, 0, '111<main.rpyeffect:103([method_Get_0@[mcore:[#45]#166]#175])>+3: {"op": "Match". "type": Interned({"op": "eff$Tuple". "elements": []}). "scrutinee": 1. "clauses": [{"tag": Interned({"op": "eff$Tuple". "elements": []}). "target": 110. "args": {"any": []}}]. "default": {"tag": Interned(e14b5b14-8b0e-45f7-a212-1bee9235ca82#[Missing Tag#340]). "target": 108. "args": {"any": []}}}')
debug_merge_point(0, 0, '110<main.rpyeffect:102([#181])>+0: {"op": "New". "out": 0. "targets": [109]. "args": {"any": [0]}}')
debug_merge_point(0, 0, '110<main.rpyeffect:102([#181])>+1: {"op": "Return". "args": {"any": [0]}}')
debug_merge_point(0, 0, '103<main.rpyeffect:95([k@[mcore:[#42]#160]#164])>+0: {"op": "Swap". "type": "any". "a": 0. "b". 1}')
debug_merge_point(0, 0, '103<main.rpyeffect:95([k@[mcore:[#42]#160]#164])>+1: {"op": "Invoke". "receiver": 1. "tag": Interned(apply). "args" : {"any": [0]}}')
debug_merge_point(0, 0, '109<main.rpyeffect:101([method_apply@[#181]#184])>+0: {"op": "Jump". "target": 101}')
debug_merge_point(0, 0, '101<main.rpyeffect:93([mcore:[#38]#157])>+0: {"op": "Push". "target": 100. "args": {"any": [0]}}')
+1208: label(p0, p1, p2, p3, i71, p63, p57, p46, p53, p50, p52, p54, p58, p13, p15, p17, p19, p21, p23, p25, p27, p29, p31, p33, p35, p37, p78, p94, descr=TargetToken(5239409632))
debug_merge_point(0, 0, '101<main.rpyeffect:93([mcore:[#38]#157])>+0: {"op": "Push". "target": 100. "args": {"any": [0]}}')
+1224: guard_not_invalidated(descr=<Guard0x13849aa40>) [p2, p13, p15, p17, p19, p21, p23, p25, p27, p29, p31, p33, p35, p37, p0, p1, p3, p52, p50, p54, p53, p46, p63, p58, p57, i71]
debug_merge_point(0, 0, '101<main.rpyeffect:93([mcore:[#38]#157])>+1: {"op": "Jump". "target": 99}')
debug_merge_point(0, 0, '99<main.rpyeffect:91(Name(k_66))>+0: {"op": "PushStack". "arg": 1}')
debug_merge_point(0, 0, '99<main.rpyeffect:91(Name(k_66))>+1: {"op": "Return". "args": {"any": [0]}}')
debug_merge_point(0, 0, '97<main.rpyeffect:89([k@Name(countdown_48)#122])>+0: {"op": "Push". "target": 96. "args": {"any": [0]}}')
debug_merge_point(0, 0, '97<main.rpyeffect:89([k@Name(countdown_48)#122])>+1: {"op": "Jump". "target": 10}')
debug_merge_point(0, 0, '10<main.rpyeffect:2(Name(=_0))>+0: {"op": "New". "out": 0. "targets": [9]. "args": {"any": [0]}}')
debug_merge_point(0, 0, '10<main.rpyeffect:2(Name(=_0))>+1: {"op": "Return". "args": {"any": [0]}}')
debug_merge_point(0, 0, '96<main.rpyeffect:88([k@[k@Name(countdown_48)#122]#124])>+0: {"op": "Const". "type": "ptr". "out": 2. "format": "int". "value": "<IntValue object at 0x1384a1940>"}')
debug_merge_point(0, 0, '96<main.rpyeffect:88([k@[k@Name(countdown_48)#122]#124])>+1: {"op": "Push". "target": 95. "args": {"any": [1]}}')
debug_merge_point(0, 0, '96<main.rpyeffect:88([k@[k@Name(countdown_48)#122]#124])>+2: {"op": "Copy". "type": "any". "from": 0. "to". 1}')
debug_merge_point(0, 0, '96<main.rpyeffect:88([k@[k@Name(countdown_48)#122]#124])>+3: {"op": "Copy". "type": "any". "from": 2. "to". 0}')
debug_merge_point(0, 0, '96<main.rpyeffect:88([k@[k@Name(countdown_48)#122]#124])>+4: {"op": "Invoke". "receiver": 1. "tag": Interned(apply). "args" : {"any": [0]}}')
debug_merge_point(0, 0, '9<main.rpyeffect:1([method_apply@Name(=_0)#6])>+0: {"op": "Jump". "target": 8}')
debug_merge_point(0, 0, '8<main.rpyeffect:0([mcore:[#11]#3])>+0: {"op": "PrimOp". "name": "equals(Any. Any): Bool". "out": {"any": [0]}. "in": {"any": [1. 0]}}')
+1228: i99 = int_eq(i71, 0)
debug_merge_point(0, 0, '8<main.rpyeffect:0([mcore:[#11]#3])>+1: {"op": "Return". "args": {"any": [0]}}')
debug_merge_point(0, 0, '95<main.rpyeffect:87([k@[k@[k@Name(countdown_48)#122]#124]#128])>+0: {"op": "Switch". "scrutinee": 0. "values": [<BoolValue object at 0x1384a1950>]. "targets": [88]. "default": 94}')
guard_false(i99, descr=<Guard0x1384bdb80>) [p2, p13, p15, p17, p19, p21, p23, p25, p27, p29, p31, p33, p35, p37, p0, p1, p3, p52, p50, p54, p53, p46, p63, p58, p57, i71]
debug_merge_point(0, 0, '94<main.rpyeffect:86([switch default case#130])>+0: {"op": "Swap". "type": "any". "a": 0. "b". 1}')
debug_merge_point(0, 0, '94<main.rpyeffect:86([switch default case#130])>+1: {"op": "Switch". "scrutinee": 1. "values": [<BoolValue object at 0x1384a1960>]. "targets": [92]. "default": 93}')
debug_merge_point(0, 0, '92<main.rpyeffect:84([switch case for Bool(false)#131])>+0: {"op": "Push". "target": 91. "args": {"any": []}}')
debug_merge_point(0, 0, '92<main.rpyeffect:84([switch case for Bool(false)#131])>+1: {"op": "Jump". "target": 74}')
debug_merge_point(0, 0, '74<main.rpyeffect:66(Name(-_34))>+0: {"op": "New". "out": 0. "targets": [73]. "args": {"any": [0]}}')
debug_merge_point(0, 0, '74<main.rpyeffect:66(Name(-_34))>+1: {"op": "Return". "args": {"any": [0]}}')
debug_merge_point(0, 0, '91<main.rpyeffect:83([k@[switch case for Bool(false)#131]#133])>+0: {"op": "Const". "type": "ptr". "out": 1. "format": "int". "value": "<IntValue object at 0x1384a1a20>"}')
debug_merge_point(0, 0, '91<main.rpyeffect:83([k@[switch case for Bool(false)#131]#133])>+1: {"op": "Push". "target": 90. "args": {"any": []}}')
debug_merge_point(0, 0, '91<main.rpyeffect:83([k@[switch case for Bool(false)#131]#133])>+2: {"op": "Swap". "type": "any". "a": 0. "b". 1}')
debug_merge_point(0, 0, '91<main.rpyeffect:83([k@[switch case for Bool(false)#131]#133])>+3: {"op": "Invoke". "receiver": 1. "tag": Interned(apply). "args" : {"any": [0]}}')
debug_merge_point(0, 0, '73<main.rpyeffect:65([method_apply@Name(-_34)#96])>+0: {"op": "Jump". "target": 72}')
debug_merge_point(0, 0, '72<main.rpyeffect:64([mcore:[#27]#93])>+0: {"op": "PrimOp". "name": "infixSub(Int. Int): Int". "out": {"any": [0]}. "in": {"any": [1. 0]}}')
+1236: i101 = int_sub(i71, 1)
debug_merge_point(0, 0, '72<main.rpyeffect:64([mcore:[#27]#93])>+1: {"op": "Return". "args": {"any": [0]}}')
debug_merge_point(0, 0, '90<main.rpyeffect:82([#137])>+0: {"op": "Const". "type": "ptr". "out": 1. "format": "int". "value": "<IntValue object at 0x1384a1a90>"}')
debug_merge_point(0, 0, '90<main.rpyeffect:82([#137])>+1: {"op": "Const". "type": "ptr". "out": 2. "format": "string". "value": "Name(Set_1)"}')
debug_merge_point(0, 0, '90<main.rpyeffect:82([#137])>+2: {"op": "PrimOp". "name": "getGlobal(String): Ptr". "out": {"any": [2]}. "in": {"any": [2]}}')
debug_merge_point(0, 0, '90<main.rpyeffect:82([#137])>+3: {"op": "GetDynamic". "out": 1. "n": 1. "label": 2}')
debug_merge_point(0, 0, '90<main.rpyeffect:82([#137])>+4: {"op": "Push". "target": 89. "args": {"any": []}}')
debug_merge_point(0, 0, '90<main.rpyeffect:82([#137])>+5: {"op": "Invoke". "receiver": 1. "tag": Interned(Set_1). "args" : {"any": [0]}}')
debug_merge_point(0, 0, '114<main.rpyeffect:106([method_Set_1@[mcore:[#45]#166]#193])>+0: {"op": "Const". "type": "ptr". "out": 2. "format": "int". "value": "<IntValue object at 0x1384a1600>"}')
debug_merge_point(0, 0, '114<main.rpyeffect:106([method_Set_1@[mcore:[#45]#166]#193])>+1: {"op": "ShiftDyn". "out": 1. "n": 2. "label": 1}')
debug_merge_point(0, 0, '114<main.rpyeffect:106([method_Set_1@[mcore:[#45]#166]#193])>+2: {"op": "New". "out": 0. "targets": [113]. "args": {"any": [1. 0]}}')
debug_merge_point(0, 0, '114<main.rpyeffect:106([method_Set_1@[mcore:[#45]#166]#193])>+3: {"op": "Return". "args": {"any": [0]}}')
debug_merge_point(0, 0, '100<main.rpyeffect:92([k@[mcore:[#38]#157]#159])>+0: {"op": "Swap". "type": "any". "a": 0. "b". 1}')
debug_merge_point(0, 0, '100<main.rpyeffect:92([k@[mcore:[#38]#157]#159])>+1: {"op": "Invoke". "receiver": 1. "tag": Interned(apply). "args" : {"any": [0]}}')
debug_merge_point(0, 0, '113<main.rpyeffect:105([#198])>+0: {"op": "Jump". "target": 104}')
debug_merge_point(0, 0, '104<main.rpyeffect:96([mcore:[#42]#160])>+0: {"op": "Construct". "out": 0. "type": Interned({"op": "eff$Tuple". "elements": []}). "tag": Interned({"op": "eff$Tuple". "elements": []}). "args": {"any": []}}')
debug_merge_point(0, 0, '104<main.rpyeffect:96([mcore:[#42]#160])>+1: {"op": "Push". "target": 103. "args": {"any": [2]}}')
debug_merge_point(0, 0, '104<main.rpyeffect:96([mcore:[#42]#160])>+2: {"op": "Jump". "target": 102}')
debug_merge_point(0, 0, '102<main.rpyeffect:94(Name(k_70))>+0: {"op": "PushStack". "arg": 1}')
debug_merge_point(0, 0, '102<main.rpyeffect:94(Name(k_70))>+1: {"op": "Return". "args": {"any": [0]}}')
debug_merge_point(0, 0, '89<main.rpyeffect:81([k@[#137]#145])>+0: {"op": "Construct". "out": 0. "type": Interned({"op": "eff$Tuple". "elements": []}). "tag": Interned({"op": "eff$Tuple". "elements": []}). "args": {"any": []}}')
debug_merge_point(0, 0, '89<main.rpyeffect:81([k@[#137]#145])>+1: {"op": "Const". "type": "ptr". "out": 1. "format": "string". "value": "Name(Get_0)"}')
debug_merge_point(0, 0, '89<main.rpyeffect:81([k@[#137]#145])>+2: {"op": "PrimOp". "name": "getGlobal(String): Ptr". "out": {"any": [1]}. "in": {"any": [1]}}')
debug_merge_point(0, 0, '89<main.rpyeffect:81([k@[#137]#145])>+3: {"op": "Const". "type": "ptr". "out": 2. "format": "string". "value": "Name(Set_1)"}')
debug_merge_point(0, 0, '89<main.rpyeffect:81([k@[#137]#145])>+4: {"op": "PrimOp". "name": "getGlobal(String): Ptr". "out": {"any": [2]}. "in": {"any": [2]}}')
debug_merge_point(0, 0, '89<main.rpyeffect:81([k@[#137]#145])>+5: {"op": "Jump". "target": 98}')
debug_merge_point(0, 0, '98<main.rpyeffect:90(Name(countdown_48))>+0: {"op": "Const". "type": "ptr". "out": 0. "format": "int". "value": "<IntValue object at 0x1384a18f0>"}')
debug_merge_point(0, 0, '98<main.rpyeffect:90(Name(countdown_48))>+1: {"op": "Const". "type": "ptr". "out": 1. "format": "string". "value": "Name(Get_0)"}')
debug_merge_point(0, 0, '98<main.rpyeffect:90(Name(countdown_48))>+2: {"op": "PrimOp". "name": "getGlobal(String): Ptr". "out": {"any": [1]}. "in": {"any": [1]}}')
debug_merge_point(0, 0, '98<main.rpyeffect:90(Name(countdown_48))>+3: {"op": "GetDynamic". "out": 0. "n": 0. "label": 1}')
+1244: i103 = instance_ptr_eq(p57, ConstPtr(ptr102))
guard_false(i103, descr=<Guard0x1384bdbb0>) [p2, p13, p15, p17, p19, p21, p23, p25, p27, p29, p31, p33, p35, p37, p0, p1, p3, p52, p50, p54, p53, p46, p63, p58, p57, i71]
+1252: i105 = instance_ptr_eq(p53, ConstPtr(ptr104))
guard_true(i105, descr=<Guard0x1384bdbe0>) [p2, p13, p15, p17, p19, p21, p23, p25, p27, p29, p31, p33, p35, p37, p0, p1, p3, p52, p50, p54, p53, p46, p63, p58, p57, i71]
debug_merge_point(0, 0, '98<main.rpyeffect:90(Name(countdown_48))>+4: {"op": "Construct". "out": 1. "type": Interned({"op": "eff$Tuple". "elements": []}). "tag": Interned({"op": "eff$Tuple". "elements": []}). "args": {"any": []}}')
debug_merge_point(0, 0, '98<main.rpyeffect:90(Name(countdown_48))>+5: {"op": "Push". "target": 97. "args": {"any": []}}')
debug_merge_point(0, 0, '98<main.rpyeffect:90(Name(countdown_48))>+6: {"op": "Swap". "type": "any". "a": 0. "b". 1}')
debug_merge_point(0, 0, '98<main.rpyeffect:90(Name(countdown_48))>+7: {"op": "Invoke". "receiver": 1. "tag": Interned(Get_0). "args" : {"any": [0]}}')
debug_merge_point(0, 0, '111<main.rpyeffect:103([method_Get_0@[mcore:[#45]#166]#175])>+0: {"op": "Const". "type": "ptr". "out": 2. "format": "int". "value": "<IntValue object at 0x1384a1690>"}')
debug_merge_point(0, 0, '111<main.rpyeffect:103([method_Get_0@[mcore:[#45]#166]#175])>+1: {"op": "ShiftDyn". "out": 1. "n": 2. "label": 1}')
+1260: i106 = instance_ptr_eq(p52, p94)
guard_true(i106, descr=<Guard0x1384bdc10>) [p2, p13, p15, p17, p19, p21, p23, p25, p27, p29, p31, p33, p35, p37, p0, p1, p3, p52, p50, p54, p53, p46, p63, p58, p57, i71]
debug_merge_point(0, 0, '111<main.rpyeffect:103([method_Get_0@[mcore:[#45]#166]#175])>+2: {"op": "Swap". "type": "any". "a": 0. "b". 1}')
debug_merge_point(0, 0, '111<main.rpyeffect:103([method_Get_0@[mcore:[#45]#166]#175])>+3: {"op": "Match". "type": Interned({"op": "eff$Tuple". "elements": []}). "scrutinee": 1. "clauses": [{"tag": Interned({"op": "eff$Tuple". "elements": []}). "target": 110. "args": {"any": []}}]. "default": {"tag": Interned(e14b5b14-8b0e-45f7-a212-1bee9235ca82#[Missing Tag#340]). "target": 108. "args": {"any": []}}}')
debug_merge_point(0, 0, '110<main.rpyeffect:102([#181])>+0: {"op": "New". "out": 0. "targets": [109]. "args": {"any": [0]}}')
debug_merge_point(0, 0, '110<main.rpyeffect:102([#181])>+1: {"op": "Return". "args": {"any": [0]}}')
debug_merge_point(0, 0, '103<main.rpyeffect:95([k@[mcore:[#42]#160]#164])>+0: {"op": "Swap". "type": "any". "a": 0. "b". 1}')
debug_merge_point(0, 0, '103<main.rpyeffect:95([k@[mcore:[#42]#160]#164])>+1: {"op": "Invoke". "receiver": 1. "tag": Interned(apply). "args" : {"any": [0]}}')
debug_merge_point(0, 0, '109<main.rpyeffect:101([method_apply@[#181]#184])>+0: {"op": "Jump". "target": 101}')
debug_merge_point(0, 0, '101<main.rpyeffect:93([mcore:[#38]#157])>+0: {"op": "Push". "target": 100. "args": {"any": [0]}}')
+1272: i107 = instance_ptr_eq(p57, ConstPtr(ptr74))
guard_true(i107, descr=<Guard0x13849aa88>) [p2, p13, p15, p17, p19, p21, p23, p25, p27, p29, p31, p33, p35, p37, p0, p1, p3, i101, p52, p50, p54, p53, p46, p63, p58, p57, None]
+1280: i109 = instance_ptr_eq(p52, p78)
guard_true(i109, descr=<Guard0x13849aad0>) [p2, p13, p15, p17, p19, p21, p23, p25, p27, p29, p31, p33, p35, p37, p0, p1, p3, i101, p52, p50, p54, p53, p46, p63, p58, p57, None]
+1288: jump(p0, p1, p2, p3, i101, p63, p57, p46, p53, p50, p52, p54, p58, p13, p15, p17, p19, p21, p23, p25, p27, p29, p31, p33, p35, p37, p78, p94, descr=TargetToken(5239409632))
+1296: --end of the loop--
[63f655] jit-log-opt-loop}
[bce91ab] {jit-summary
Tracing:      	1	0.001154
Backend:      	1	0.000273
TOTAL:      		0.193138
ops:             	3458
heapcached ops:  	535
recorded ops:    	1271
  calls:         	666
guards:          	179
opt ops:         	236
opt guards:      	46
opt guards shared:	39
forcings:        	0
abort: trace too long:	0
abort: compiling:	0
abort: vable escape:	0
abort: bad loop: 	0
abort: force quasi-immut:	0
abort: segmenting trace:	0
virtualizables forced:	0
nvirtuals:       	5
nvholes:         	0
nvreused:        	0
vecopt tried:    	0
vecopt success:  	0
Total # of loops:	1
Total # of bridges:	0
Freed # of loops:	0
Freed # of bridges:	0
[bceb9df] jit-summary}
