[96f0c9] {jit-log-opt-loop
# Loop 1 (150<main.rpyeffect:150(Name(countdown2822))>+0: {"op": "Push", "target": 149, "args": {"any": [0, 1]}}) : loop with 232 ops
[p0, p1, p2, p3, p4]
+696: p5 = getfield_gc_r(p2, descr=<FieldP rpyeffect.environment.Environment.inst_values_ptr 16>)
+704: p7 = getarrayitem_gc_r(p5, 0, descr=<ArrayP 8>)
+708: p9 = getarrayitem_gc_r(p5, 1, descr=<ArrayP 8>)
+712: p11 = getarrayitem_gc_r(p5, 2, descr=<ArrayP 8>)
+716: p13 = getarrayitem_gc_r(p5, 3, descr=<ArrayP 8>)
+720: p15 = getarrayitem_gc_r(p5, 4, descr=<ArrayP 8>)
+724: p17 = getarrayitem_gc_r(p5, 5, descr=<ArrayP 8>)
+728: p19 = getarrayitem_gc_r(p5, 6, descr=<ArrayP 8>)
+732: label(p0, p1, p2, p3, p4, p7, p9, p11, p13, p15, p17, p19, descr=TargetToken(4972270816))
debug_merge_point(0, 0, '150<main.rpyeffect:150(Name(countdown2822))>+0: {"op": "Push". "target": 149. "args": {"any": [0. 1]}}')
+752: guard_not_invalidated(descr=<Guard0x1285eae78>) [p2, p7, p9, p11, p13, p15, p17, p19, p0, p1, p3, p4]
debug_merge_point(0, 0, '150<main.rpyeffect:150(Name(countdown2822))>+1: {"op": "Invoke". "receiver": 0. "tag": Interned(Get2830). "args" : {"any": []}}')
+756: p20 = getfield_gc_r(p7, descr=<FieldP rpyeffect.codata.CoData.inst_vtable 8 pure>)
+764: guard_value(p20, ConstPtr(ptr21), descr=<Guard0x1285f7e80>) [p2, p7, p9, p11, p13, p15, p17, p19, p0, p1, p3, p4]
+772: p22 = getfield_gc_r(p7, descr=<FieldP rpyeffect.stored_environment.CoData__arb.inst_values_ptr 16 pure>)
+776: i23 = arraylen_gc(p22, descr=<ArrayP 8>)
+780: guard_value(i23, 2, descr=<Guard0x1285f7eb0>) [p2, p7, p9, p11, p13, p15, p17, p19, p0, p1, p3, p4]
+792: p26 = getarrayitem_gc_pure_r(p22, 0, descr=<ArrayP 8>)
+796: p28 = getarrayitem_gc_pure_r(p22, 1, descr=<ArrayP 8>)
debug_merge_point(0, 0, '167<main.rpyeffect:167([method_Get2830@Name(run2828)#339])>+0: {"op": "Const". "type": "ptr". "out": 2. "format": "int". "value": "<IntValue object at 0x1285db240>"}')
debug_merge_point(0, 0, '167<main.rpyeffect:167([method_Get2830@Name(run2828)#339])>+1: {"op": "ShiftDyn". "out": 0. "n": 2. "label": 0}')
+804: i30 = instance_ptr_eq(p4, ConstPtr(ptr29))
guard_true(i30, descr=<Guard0x1285f7ee0>) [p2, p7, p9, p11, p13, p15, p17, p19, p0, p1, p3, p4]
+816: guard_nonnull(p0, descr=<Guard0x1285f7f10>) [p2, p7, p9, p11, p13, p15, p17, p19, p0, p1, p3, p4]
+828: guard_nonnull(p26, descr=<Guard0x1285f7f40>) [p2, p7, p9, p11, p13, p15, p17, p19, p0, p1, p3, p4]
+836: i31 = getfield_gc_i(p0, descr=<FieldS rpyeffect.stack.Label.inst_origin 8 pure>)
+844: guard_value(i31, 145408, descr=<Guard0x1285f7f70>) [p2, p7, p9, p11, p13, p15, p17, p19, p0, p1, p3, p4]
+860: i33 = getfield_gc_i(p26, descr=<FieldS rpyeffect.stack.Label.inst_origin 8 pure>)
+864: guard_value(i33, 175108, descr=<Guard0x1285f7fa0>) [p2, p7, p9, p11, p13, p15, p17, p19, p0, p1, p3, p4]
+880: p35 = getfield_gc_r(p3, descr=<FieldP rpyeffect.stack.MetaStack.inst_region 24 pure>)
+888: guard_isnull(p35, descr=<Guard0x1285f7fd0>) [p2, p7, p9, p11, p13, p15, p17, p19, p0, p1, p3, p4]
+896: p36 = getfield_gc_r(p3, descr=<FieldP rpyeffect.stack.MetaStack.inst_label 16 pure>)
+900: guard_nonnull(p36, descr=<Guard0x12860a020>) [p2, p7, p9, p11, p13, p15, p17, p19, p0, p1, p3, p4]
+908: i37 = getfield_gc_i(p36, descr=<FieldS rpyeffect.stack.Label.inst_origin 8 pure>)
+912: guard_value(i37, 145408, descr=<Guard0x12860a050>) [p2, p7, p9, p11, p13, p15, p17, p19, p0, p1, p3, p4]
+928: p39 = getfield_gc_r(p3, descr=<FieldP rpyeffect.stack.MetaStack.inst_tail 32 pure>)
+932: p40 = getfield_gc_r(p39, descr=<FieldP rpyeffect.stack.MetaStack.inst_region 24 pure>)
+936: guard_isnull(p40, descr=<Guard0x12860a080>) [p2, p7, p9, p11, p13, p15, p17, p19, p0, p1, p3, p4]
+944: p41 = getfield_gc_r(p39, descr=<FieldP rpyeffect.stack.MetaStack.inst_label 16 pure>)
+948: guard_nonnull(p41, descr=<Guard0x12860a0b0>) [p2, p7, p9, p11, p13, p15, p17, p19, p0, p1, p3, p4]
+956: i42 = getfield_gc_i(p41, descr=<FieldS rpyeffect.stack.Label.inst_origin 8 pure>)
+960: guard_value(i42, 145408, descr=<Guard0x12860a0e0>) [p2, p7, p9, p11, p13, p15, p17, p19, p0, p1, p3, p4]
+976: p44 = getfield_gc_r(p39, descr=<FieldP rpyeffect.stack.MetaStack.inst_tail 32 pure>)
+980: p45 = getfield_gc_r(p44, descr=<FieldP rpyeffect.stack.MetaStack.inst_region 24 pure>)
+984: guard_isnull(p45, descr=<Guard0x12860a110>) [p2, p7, p9, p11, p13, p15, p17, p19, p0, p1, p3, p4]
+992: p46 = getfield_gc_r(p44, descr=<FieldP rpyeffect.stack.MetaStack.inst_label 16 pure>)
+996: guard_nonnull(p46, descr=<Guard0x12860a140>) [p2, p7, p9, p11, p13, p15, p17, p19, p0, p1, p3, p4]
+1004: i47 = getfield_gc_i(p46, descr=<FieldS rpyeffect.stack.Label.inst_origin 8 pure>)
+1008: guard_value(i47, 145408, descr=<Guard0x12860a170>) [p2, p7, p9, p11, p13, p15, p17, p19, p0, p1, p3, p4]
+1024: p49 = getfield_gc_r(p44, descr=<FieldP rpyeffect.stack.MetaStack.inst_tail 32 pure>)
+1028: p50 = getfield_gc_r(p49, descr=<FieldP rpyeffect.stack.MetaStack.inst_region 24 pure>)
+1032: guard_isnull(p50, descr=<Guard0x12860a1a0>) [p2, p7, p9, p11, p13, p15, p17, p19, p0, p1, p3, p4]
+1040: p51 = getfield_gc_r(p49, descr=<FieldP rpyeffect.stack.MetaStack.inst_label 16 pure>)
+1044: guard_nonnull(p51, descr=<Guard0x12860a1d0>) [p2, p7, p9, p11, p13, p15, p17, p19, p0, p1, p3, p4]
+1052: i52 = getfield_gc_i(p51, descr=<FieldS rpyeffect.stack.Label.inst_origin 8 pure>)
+1056: guard_value(i52, 145408, descr=<Guard0x12860a200>) [p2, p7, p9, p11, p13, p15, p17, p19, p0, p1, p3, p4]
+1072: p54 = getfield_gc_r(p49, descr=<FieldP rpyeffect.stack.MetaStack.inst_tail 32 pure>)
+1076: p55 = getfield_gc_r(p54, descr=<FieldP rpyeffect.stack.MetaStack.inst_region 24 pure>)
+1080: guard_isnull(p55, descr=<Guard0x12860a230>) [p2, p7, p9, p11, p13, p15, p17, p19, p0, p1, p3, p4]
+1088: p56 = getfield_gc_r(p54, descr=<FieldP rpyeffect.stack.MetaStack.inst_label 16 pure>)
+1092: guard_nonnull(p56, descr=<Guard0x12860a260>) [p2, p7, p9, p11, p13, p15, p17, p19, p0, p1, p3, p4]
+1100: i57 = getfield_gc_i(p56, descr=<FieldS rpyeffect.stack.Label.inst_origin 8 pure>)
+1108: guard_value(i57, 145408, descr=<Guard0x12860a290>) [p2, p7, p9, p11, p13, p15, p17, p19, p0, p1, p3, p4]
+1124: p59 = getfield_gc_r(p54, descr=<FieldP rpyeffect.stack.MetaStack.inst_tail 32 pure>)
+1128: p60 = getfield_gc_r(p59, descr=<FieldP rpyeffect.stack.MetaStack.inst_region 24 pure>)
+1132: guard_isnull(p60, descr=<Guard0x12860a2c0>) [p2, p7, p9, p11, p13, p15, p17, p19, p0, p1, p3, p4]
+1140: p61 = getfield_gc_r(p59, descr=<FieldP rpyeffect.stack.MetaStack.inst_label 16 pure>)
+1144: guard_nonnull(p61, descr=<Guard0x12860a2f0>) [p2, p7, p9, p11, p13, p15, p17, p19, p0, p1, p3, p4]
+1152: i62 = getfield_gc_i(p61, descr=<FieldS rpyeffect.stack.Label.inst_origin 8 pure>)
+1160: guard_value(i62, 145408, descr=<Guard0x12860a320>) [p2, p7, p9, p11, p13, p15, p17, p19, p0, p1, p3, p4]
+1180: p64 = getfield_gc_r(p59, descr=<FieldP rpyeffect.stack.MetaStack.inst_tail 32 pure>)
+1184: p65 = getfield_gc_r(p64, descr=<FieldP rpyeffect.stack.MetaStack.inst_region 24 pure>)
+1188: guard_isnull(p65, descr=<Guard0x12860a350>) [p2, p7, p9, p11, p13, p15, p17, p19, p0, p1, p3, p4]
+1196: p66 = getfield_gc_r(p64, descr=<FieldP rpyeffect.stack.MetaStack.inst_label 16 pure>)
+1200: guard_nonnull(p66, descr=<Guard0x12860a380>) [p2, p7, p9, p11, p13, p15, p17, p19, p0, p1, p3, p4]
+1208: i67 = getfield_gc_i(p66, descr=<FieldS rpyeffect.stack.Label.inst_origin 8 pure>)
+1216: guard_value(i67, 145408, descr=<Guard0x12860a3b0>) [p2, p7, p9, p11, p13, p15, p17, p19, p0, p1, p3, p4]
+1236: p69 = getfield_gc_r(p64, descr=<FieldP rpyeffect.stack.MetaStack.inst_tail 32 pure>)
+1240: p70 = getfield_gc_r(p69, descr=<FieldP rpyeffect.stack.MetaStack.inst_region 24 pure>)
+1244: guard_isnull(p70, descr=<Guard0x12860a3e0>) [p2, p7, p9, p11, p13, p15, p17, p19, p0, p1, p3, p4]
+1252: p71 = getfield_gc_r(p69, descr=<FieldP rpyeffect.stack.MetaStack.inst_label 16 pure>)
+1256: guard_nonnull(p71, descr=<Guard0x12860a410>) [p2, p7, p9, p11, p13, p15, p17, p19, p0, p1, p3, p4]
+1264: i72 = getfield_gc_i(p71, descr=<FieldS rpyeffect.stack.Label.inst_origin 8 pure>)
+1272: guard_value(i72, 145408, descr=<Guard0x12860a440>) [p2, p7, p9, p11, p13, p15, p17, p19, p0, p1, p3, p4]
+1292: p74 = getfield_gc_r(p69, descr=<FieldP rpyeffect.stack.MetaStack.inst_tail 32 pure>)
+1296: p75 = getfield_gc_r(p74, descr=<FieldP rpyeffect.stack.MetaStack.inst_region 24 pure>)
+1300: guard_isnull(p75, descr=<Guard0x12860a470>) [p2, p7, p9, p11, p13, p15, p17, p19, p0, p1, p3, p4]
+1308: p76 = getfield_gc_r(p74, descr=<FieldP rpyeffect.stack.MetaStack.inst_label 16 pure>)
+1312: guard_nonnull(p76, descr=<Guard0x12860a4a0>) [p2, p7, p9, p11, p13, p15, p17, p19, p0, p1, p3, p4]
+1320: i77 = getfield_gc_i(p76, descr=<FieldS rpyeffect.stack.Label.inst_origin 8 pure>)
+1328: guard_value(i77, 145408, descr=<Guard0x12860a4d0>) [p2, p7, p9, p11, p13, p15, p17, p19, p0, p1, p3, p4]
+1348: p79 = getfield_gc_r(p74, descr=<FieldP rpyeffect.stack.MetaStack.inst_tail 32 pure>)
+1352: p80 = getfield_gc_r(p79, descr=<FieldP rpyeffect.stack.MetaStack.inst_region 24 pure>)
+1356: guard_isnull(p80, descr=<Guard0x12860a500>) [p2, p7, p9, p11, p13, p15, p17, p19, p0, p1, p3, p4]
+1364: p81 = getfield_gc_r(p79, descr=<FieldP rpyeffect.stack.MetaStack.inst_label 16 pure>)
+1368: guard_nonnull(p81, descr=<Guard0x12860a530>) [p2, p7, p9, p11, p13, p15, p17, p19, p0, p1, p3, p4]
+1376: i82 = getfield_gc_i(p81, descr=<FieldS rpyeffect.stack.Label.inst_origin 8 pure>)
+1384: guard_value(i82, 175108, descr=<Guard0x12860a560>) [p2, p7, p9, p11, p13, p15, p17, p19, p0, p1, p3, p4]
+1400: i84 = instance_ptr_eq(p81, p26)
guard_true(i84, descr=<Guard0x12860a590>) [p2, p7, p9, p11, p13, p15, p17, p19, p0, p1, p3, p4]
+1408: p85 = getfield_gc_r(p79, descr=<FieldP rpyeffect.stack.MetaStackLike.inst_stack 8 pure>)
+1412: guard_class(p79, 4370447816, descr=<Guard0x12860a5c0>) [p2, p7, p9, p11, p13, p15, p17, p19, p0, p1, p3, p4]
+1428: p87 = getfield_gc_r(p79, descr=<FieldP rpyeffect.stack.MetaStack.inst_tail 32 pure>)
+1432: p88 = getfield_gc_r(p74, descr=<FieldP rpyeffect.stack.MetaStackLike.inst_stack 8 pure>)
+1436: guard_class(p74, 4370447816, descr=<Guard0x12860a5f0>) [p2, p7, p9, p11, p13, p15, p17, p19, p0, p1, p3, p4]
+1452: p90 = getfield_gc_r(p69, descr=<FieldP rpyeffect.stack.MetaStackLike.inst_stack 8 pure>)
+1456: guard_class(p69, 4370447816, descr=<Guard0x12860a620>) [p2, p7, p9, p11, p13, p15, p17, p19, p0, p1, p3, p4]
+1472: p92 = getfield_gc_r(p64, descr=<FieldP rpyeffect.stack.MetaStackLike.inst_stack 8 pure>)
+1476: guard_class(p64, 4370447816, descr=<Guard0x12860a650>) [p2, p7, p9, p11, p13, p15, p17, p19, p0, p1, p3, p4]
+1492: p94 = getfield_gc_r(p59, descr=<FieldP rpyeffect.stack.MetaStackLike.inst_stack 8 pure>)
+1496: guard_class(p59, 4370447816, descr=<Guard0x12860a680>) [p2, p7, p9, p11, p13, p15, p17, p19, p0, p1, p3, p4]
+1512: p96 = getfield_gc_r(p54, descr=<FieldP rpyeffect.stack.MetaStackLike.inst_stack 8 pure>)
+1516: guard_class(p54, 4370447816, descr=<Guard0x12860a6b0>) [p2, p7, p9, p11, p13, p15, p17, p19, p0, p1, p3, p4]
+1532: p98 = getfield_gc_r(p49, descr=<FieldP rpyeffect.stack.MetaStackLike.inst_stack 8 pure>)
+1536: guard_class(p49, 4370447816, descr=<Guard0x12860a6e0>) [p2, p7, p9, p11, p13, p15, p17, p19, p0, p1, p3, p4]
+1552: p100 = getfield_gc_r(p44, descr=<FieldP rpyeffect.stack.MetaStackLike.inst_stack 8 pure>)
+1556: guard_class(p44, 4370447816, descr=<Guard0x12860a710>) [p2, p7, p9, p11, p13, p15, p17, p19, p0, p1, p3, p4]
+1572: p102 = getfield_gc_r(p39, descr=<FieldP rpyeffect.stack.MetaStackLike.inst_stack 8 pure>)
+1576: guard_class(p39, 4370447816, descr=<Guard0x12860a740>) [p2, p7, p9, p11, p13, p15, p17, p19, p0, p1, p3, p4]
+1592: p104 = getfield_gc_r(p3, descr=<FieldP rpyeffect.stack.MetaStackLike.inst_stack 8 pure>)
+1596: guard_class(p3, 4370447816, descr=<Guard0x12860a770>) [p2, p7, p9, p11, p13, p15, p17, p19, p0, p1, p3, p4]
+1612: guard_nonnull_class(p87, 4370447816, descr=<Guard0x1285eaec0>) [p2, p7, p9, p11, p13, p15, p17, p19, p0, p1, p3, p4]
+1636: p107 = getfield_gc_r(p87, descr=<FieldP rpyeffect.stack.MetaStackLike.inst_stack 8 pure>)
+1644: p108 = getfield_gc_r(p87, descr=<FieldP rpyeffect.stack.MetaStack.inst_label 16 pure>)
+1652: p109 = getfield_gc_r(p87, descr=<FieldP rpyeffect.stack.MetaStack.inst_tail 32 pure>)
+1656: guard_nonnull(p107, descr=<Guard0x12860a7a0>) [p2, p7, p9, p11, p13, p15, p17, p19, p0, p1, p3, p4]
+1664: i110 = getfield_gc_i(p107, descr=<FieldS rpyeffect.stored_environment.Stack__arb.inst_target 16 pure>)
+1672: guard_value(i110, 163, descr=<Guard0x12860a7d0>) [p2, p7, p9, p11, p13, p15, p17, p19, p0, p1, p3, p4]
debug_merge_point(0, 0, '167<main.rpyeffect:167([method_Get2830@Name(run2828)#339])>+2: {"op": "Load". "out": 1. "type": "any". "ref": 1}')
+1684: p112 = getfield_gc_r(p28, descr=<FieldP rpyeffect.region.Ref.inst_allocation_site 8 pure>)
+1696: guard_value(p112, ConstPtr(ptr113), descr=<Guard0x12860a800>) [p2, p7, p9, p11, p13, p15, p17, p19, p0, p1, p3, p4]
+1704: p114 = getfield_gc_r(p28, descr=<FieldP rpyeffect.region.Ref.inst_value 16>)
+1708: i115 = getfield_gc_i(p114, descr=<FieldS rpyeffect.value.UnboxedIntValueRef.inst_value 8>)
debug_merge_point(0, 0, '167<main.rpyeffect:167([method_Get2830@Name(run2828)#339])>+3: {"op": "Swap". "type": "any". "a": 0. "b". 1}')
debug_merge_point(0, 0, '167<main.rpyeffect:167([method_Get2830@Name(run2828)#339])>+4: {"op": "Jump". "target": 161}')
debug_merge_point(0, 0, '161<main.rpyeffect:161(Name(resume2839))>+0: {"op": "PushStack". "arg": 1}')
debug_merge_point(0, 0, '161<main.rpyeffect:161(Name(resume2839))>+1: {"op": "Return". "args": {"any": [0]}}')
+1716: guard_nonnull(p1, descr=<Guard0x12860a830>) [p2, p7, p9, p11, p13, p15, p17, p19, p0, p1, p3, p4]
+1728: i116 = getfield_gc_i(p1, descr=<FieldS rpyeffect.stored_environment.Stack__arb.inst_target 16 pure>)
+1744: guard_value(i116, 140, descr=<Guard0x12860a860>) [p2, p7, p9, p11, p13, p15, p17, p19, p0, p1, p3, p4]
debug_merge_point(0, 0, '149<main.rpyeffect:149([k@Name(countdown2822)#286])>+0: {"op": "Const". "type": "ptr". "out": 3. "format": "int". "value": "<IntValue object at 0x1285db4e0>"}')
debug_merge_point(0, 0, '149<main.rpyeffect:149([k@Name(countdown2822)#286])>+1: {"op": "Push". "target": 148. "args": {"any": [1. 2. 0]}}')
debug_merge_point(0, 0, '149<main.rpyeffect:149([k@Name(countdown2822)#286])>+2: {"op": "Copy". "type": "any". "from": 3. "to". 1}')
debug_merge_point(0, 0, '149<main.rpyeffect:149([k@Name(countdown2822)#286])>+3: {"op": "Jump". "target": 4}')
debug_merge_point(0, 0, '4<main.rpyeffect:4(Name(infixEq72))>+0: {"op": "PrimOp". "name": "infixEq(Int. Int): Boolean". "out": {"any": [0]}. "in": {"any": [0. 1]}}')
+1756: i119 = int_eq(i115, 0)
debug_merge_point(0, 0, '4<main.rpyeffect:4(Name(infixEq72))>+1: {"op": "Return". "args": {"any": [0]}}')
debug_merge_point(0, 0, '148<main.rpyeffect:148([k@[k@Name(countdown2822)#286]#290])>+0: {"op": "Swap". "type": "any". "a": 0. "b". 1}')
debug_merge_point(0, 0, '148<main.rpyeffect:148([k@[k@Name(countdown2822)#286]#290])>+1: {"op": "IfZero". "cond": 1. "then": {"tag": null. "target": 147. "args": {"any": []}}}')
guard_false(i119, descr=<Guard0x12860a890>) [p2, p7, p9, p11, p13, p15, p17, p19, p0, p1, p3, p4]
debug_merge_point(0, 0, '147<main.rpyeffect:147([then#294])>+0: {"op": "Const". "type": "ptr". "out": 1. "format": "int". "value": "<IntValue object at 0x1285db550>"}')
debug_merge_point(0, 0, '147<main.rpyeffect:147([then#294])>+1: {"op": "Push". "target": 146. "args": {"any": [0. 2]}}')
debug_merge_point(0, 0, '147<main.rpyeffect:147([then#294])>+2: {"op": "Copy". "type": "any". "from": 3. "to". 0}')
debug_merge_point(0, 0, '147<main.rpyeffect:147([then#294])>+3: {"op": "Jump". "target": 8}')
debug_merge_point(0, 0, '8<main.rpyeffect:8(Name(infixSub105))>+0: {"op": "PrimOp". "name": "infixSub(Int. Int): Int". "out": {"any": [0]}. "in": {"any": [0. 1]}}')
+1764: i121 = int_sub(i115, 1)
debug_merge_point(0, 0, '8<main.rpyeffect:8(Name(infixSub105))>+1: {"op": "Return". "args": {"any": [0]}}')
debug_merge_point(0, 0, '146<main.rpyeffect:146([k@[then#294]#298])>+0: {"op": "Push". "target": 145. "args": {"any": [1. 2]}}')
debug_merge_point(0, 0, '146<main.rpyeffect:146([k@[then#294]#298])>+1: {"op": "Invoke". "receiver": 2. "tag": Interned(Set2832). "args" : {"any": [0]}}')
+1768: p122 = getfield_gc_r(p9, descr=<FieldP rpyeffect.codata.CoData.inst_vtable 8 pure>)
+1780: guard_value(p122, ConstPtr(ptr123), descr=<Guard0x12860a8c0>) [p2, p7, p9, p11, p13, p15, p17, p19, p0, p1, p3, p4]
+1788: p124 = getfield_gc_r(p9, descr=<FieldP rpyeffect.stored_environment.CoData__arb.inst_values_ptr 16 pure>)
+1792: i125 = arraylen_gc(p124, descr=<ArrayP 8>)
+1796: guard_value(i125, 2, descr=<Guard0x12860a8f0>) [p2, p7, p9, p11, p13, p15, p17, p19, p0, p1, p3, p4]
+1808: p128 = getarrayitem_gc_pure_r(p124, 0, descr=<ArrayP 8>)
+1812: p130 = getarrayitem_gc_pure_r(p124, 1, descr=<ArrayP 8>)
debug_merge_point(0, 0, '169<main.rpyeffect:169([method_Set2832@Name(run2828)#346])>+0: {"op": "Const". "type": "ptr". "out": 3. "format": "int". "value": "<IntValue object at 0x1285dbf40>"}')
debug_merge_point(0, 0, '169<main.rpyeffect:169([method_Set2832@Name(run2828)#346])>+1: {"op": "ShiftDyn". "out": 1. "n": 3. "label": 1}')
+1816: guard_nonnull(p128, descr=<Guard0x12860a920>) [p2, p7, p9, p11, p13, p15, p17, p19, p0, p1, p3, p4]
+1824: i131 = getfield_gc_i(p128, descr=<FieldS rpyeffect.stack.Label.inst_origin 8 pure>)
+1832: guard_value(i131, 175108, descr=<Guard0x12860a950>) [p2, p7, p9, p11, p13, p15, p17, p19, p0, p1, p3, p4]
+1852: i133 = instance_ptr_eq(p81, p128)
guard_true(i133, descr=<Guard0x12860a980>) [p2, p7, p9, p11, p13, p15, p17, p19, p0, p1, p3, p4]
debug_merge_point(0, 0, '169<main.rpyeffect:169([method_Set2832@Name(run2828)#346])>+2: {"op": "Store". "ref": 2. "type": "any". "value": 0}')
+1860: p134 = getfield_gc_r(p130, descr=<FieldP rpyeffect.region.Ref.inst_allocation_site 8 pure>)
+1864: guard_value(p134, ConstPtr(ptr135), descr=<Guard0x12860a9b0>) [p2, p7, p9, p11, p13, p15, p17, p19, p0, p1, p3, p4]
+1872: p136 = getfield_gc_r(p130, descr=<FieldP rpyeffect.region.Ref.inst_value 16>)
debug_merge_point(0, 0, '169<main.rpyeffect:169([method_Set2832@Name(run2828)#346])>+3: {"op": "Construct". "out": 0. "type": Interned(Unit). "tag": Interned(unit). "args": {"any": []}}')
debug_merge_point(0, 0, '169<main.rpyeffect:169([method_Set2832@Name(run2828)#346])>+4: {"op": "Construct". "out": 0. "type": Interned(Unit). "tag": Interned(unit). "args": {"any": []}}')
debug_merge_point(0, 0, '169<main.rpyeffect:169([method_Set2832@Name(run2828)#346])>+5: {"op": "Jump". "target": 162}')
debug_merge_point(0, 0, '162<main.rpyeffect:162(Name(resume2841))>+0: {"op": "PushStack". "arg": 1}')
debug_merge_point(0, 0, '162<main.rpyeffect:162(Name(resume2841))>+1: {"op": "Return". "args": {"any": [0]}}')
debug_merge_point(0, 0, '145<main.rpyeffect:145([k@[k@[then#294]#298]#301])>+0: {"op": "Copy". "type": "any". "from": 1. "to". 0}')
debug_merge_point(0, 0, '145<main.rpyeffect:145([k@[k@[then#294]#298]#301])>+1: {"op": "Copy". "type": "any". "from": 2. "to". 1}')
debug_merge_point(0, 0, '145<main.rpyeffect:145([k@[k@[then#294]#298]#301])>+2: {"op": "Jump". "target": 150}')
debug_merge_point(0, 0, '150<main.rpyeffect:150(Name(countdown2822))>+0: {"op": "Push". "target": 149. "args": {"any": [0. 1]}}')
+1876: setfield_gc(p136, i121, descr=<FieldS rpyeffect.value.UnboxedIntValueRef.inst_value 8>)
+1880: label(p0, p1, p2, p104, p36, p102, p41, p100, p46, p98, p51, p96, p56, p94, p61, p92, p66, p90, p71, p88, p76, p85, p81, p107, p108, p109, p7, p9, p15, p17, p19, p26, p28, p114, p128, p130, p136, descr=TargetToken(4972270880))
debug_merge_point(0, 0, '150<main.rpyeffect:150(Name(countdown2822))>+0: {"op": "Push". "target": 149. "args": {"any": [0. 1]}}')
+1916: guard_not_invalidated(descr=<Guard0x1285eaf08>) [p2, p7, p9, p15, p17, p19, p0, p1, p109, p108, p107, p81, p85, p76, p88, p71, p90, p66, p92, p61, p94, p56, p96, p51, p98, p46, p100, p41, p102, p36, p104]
debug_merge_point(0, 0, '150<main.rpyeffect:150(Name(countdown2822))>+1: {"op": "Invoke". "receiver": 0. "tag": Interned(Get2830). "args" : {"any": []}}')
debug_merge_point(0, 0, '167<main.rpyeffect:167([method_Get2830@Name(run2828)#339])>+0: {"op": "Const". "type": "ptr". "out": 2. "format": "int". "value": "<IntValue object at 0x1285db240>"}')
debug_merge_point(0, 0, '167<main.rpyeffect:167([method_Get2830@Name(run2828)#339])>+1: {"op": "ShiftDyn". "out": 0. "n": 2. "label": 0}')
debug_merge_point(0, 0, '167<main.rpyeffect:167([method_Get2830@Name(run2828)#339])>+2: {"op": "Load". "out": 1. "type": "any". "ref": 1}')
+1920: i137 = getfield_gc_i(p114, descr=<FieldS rpyeffect.value.UnboxedIntValueRef.inst_value 8>)
debug_merge_point(0, 0, '167<main.rpyeffect:167([method_Get2830@Name(run2828)#339])>+3: {"op": "Swap". "type": "any". "a": 0. "b". 1}')
debug_merge_point(0, 0, '167<main.rpyeffect:167([method_Get2830@Name(run2828)#339])>+4: {"op": "Jump". "target": 161}')
debug_merge_point(0, 0, '161<main.rpyeffect:161(Name(resume2839))>+0: {"op": "PushStack". "arg": 1}')
debug_merge_point(0, 0, '161<main.rpyeffect:161(Name(resume2839))>+1: {"op": "Return". "args": {"any": [0]}}')
debug_merge_point(0, 0, '149<main.rpyeffect:149([k@Name(countdown2822)#286])>+0: {"op": "Const". "type": "ptr". "out": 3. "format": "int". "value": "<IntValue object at 0x1285db4e0>"}')
debug_merge_point(0, 0, '149<main.rpyeffect:149([k@Name(countdown2822)#286])>+1: {"op": "Push". "target": 148. "args": {"any": [1. 2. 0]}}')
debug_merge_point(0, 0, '149<main.rpyeffect:149([k@Name(countdown2822)#286])>+2: {"op": "Copy". "type": "any". "from": 3. "to". 1}')
debug_merge_point(0, 0, '149<main.rpyeffect:149([k@Name(countdown2822)#286])>+3: {"op": "Jump". "target": 4}')
debug_merge_point(0, 0, '4<main.rpyeffect:4(Name(infixEq72))>+0: {"op": "PrimOp". "name": "infixEq(Int. Int): Boolean". "out": {"any": [0]}. "in": {"any": [0. 1]}}')
+1924: i139 = int_eq(i137, 0)
debug_merge_point(0, 0, '4<main.rpyeffect:4(Name(infixEq72))>+1: {"op": "Return". "args": {"any": [0]}}')
debug_merge_point(0, 0, '148<main.rpyeffect:148([k@[k@Name(countdown2822)#286]#290])>+0: {"op": "Swap". "type": "any". "a": 0. "b". 1}')
debug_merge_point(0, 0, '148<main.rpyeffect:148([k@[k@Name(countdown2822)#286]#290])>+1: {"op": "IfZero". "cond": 1. "then": {"tag": null. "target": 147. "args": {"any": []}}}')
guard_false(i139, descr=<Guard0x12860a9e0>) [p2, p7, p9, p15, p17, p19, p0, p1, p109, p108, p107, p81, p85, p76, p88, p71, p90, p66, p92, p61, p94, p56, p96, p51, p98, p46, p100, p41, p102, p36, p104]
debug_merge_point(0, 0, '147<main.rpyeffect:147([then#294])>+0: {"op": "Const". "type": "ptr". "out": 1. "format": "int". "value": "<IntValue object at 0x1285db550>"}')
debug_merge_point(0, 0, '147<main.rpyeffect:147([then#294])>+1: {"op": "Push". "target": 146. "args": {"any": [0. 2]}}')
debug_merge_point(0, 0, '147<main.rpyeffect:147([then#294])>+2: {"op": "Copy". "type": "any". "from": 3. "to". 0}')
debug_merge_point(0, 0, '147<main.rpyeffect:147([then#294])>+3: {"op": "Jump". "target": 8}')
debug_merge_point(0, 0, '8<main.rpyeffect:8(Name(infixSub105))>+0: {"op": "PrimOp". "name": "infixSub(Int. Int): Int". "out": {"any": [0]}. "in": {"any": [0. 1]}}')
+1932: i141 = int_sub(i137, 1)
debug_merge_point(0, 0, '8<main.rpyeffect:8(Name(infixSub105))>+1: {"op": "Return". "args": {"any": [0]}}')
debug_merge_point(0, 0, '146<main.rpyeffect:146([k@[then#294]#298])>+0: {"op": "Push". "target": 145. "args": {"any": [1. 2]}}')
debug_merge_point(0, 0, '146<main.rpyeffect:146([k@[then#294]#298])>+1: {"op": "Invoke". "receiver": 2. "tag": Interned(Set2832). "args" : {"any": [0]}}')
debug_merge_point(0, 0, '169<main.rpyeffect:169([method_Set2832@Name(run2828)#346])>+0: {"op": "Const". "type": "ptr". "out": 3. "format": "int". "value": "<IntValue object at 0x1285dbf40>"}')
debug_merge_point(0, 0, '169<main.rpyeffect:169([method_Set2832@Name(run2828)#346])>+1: {"op": "ShiftDyn". "out": 1. "n": 3. "label": 1}')
debug_merge_point(0, 0, '169<main.rpyeffect:169([method_Set2832@Name(run2828)#346])>+2: {"op": "Store". "ref": 2. "type": "any". "value": 0}')
debug_merge_point(0, 0, '169<main.rpyeffect:169([method_Set2832@Name(run2828)#346])>+3: {"op": "Construct". "out": 0. "type": Interned(Unit). "tag": Interned(unit). "args": {"any": []}}')
debug_merge_point(0, 0, '169<main.rpyeffect:169([method_Set2832@Name(run2828)#346])>+4: {"op": "Construct". "out": 0. "type": Interned(Unit). "tag": Interned(unit). "args": {"any": []}}')
debug_merge_point(0, 0, '169<main.rpyeffect:169([method_Set2832@Name(run2828)#346])>+5: {"op": "Jump". "target": 162}')
debug_merge_point(0, 0, '162<main.rpyeffect:162(Name(resume2841))>+0: {"op": "PushStack". "arg": 1}')
debug_merge_point(0, 0, '162<main.rpyeffect:162(Name(resume2841))>+1: {"op": "Return". "args": {"any": [0]}}')
debug_merge_point(0, 0, '145<main.rpyeffect:145([k@[k@[then#294]#298]#301])>+0: {"op": "Copy". "type": "any". "from": 1. "to". 0}')
debug_merge_point(0, 0, '145<main.rpyeffect:145([k@[k@[then#294]#298]#301])>+1: {"op": "Copy". "type": "any". "from": 2. "to". 1}')
debug_merge_point(0, 0, '145<main.rpyeffect:145([k@[k@[then#294]#298]#301])>+2: {"op": "Jump". "target": 150}')
debug_merge_point(0, 0, '150<main.rpyeffect:150(Name(countdown2822))>+0: {"op": "Push". "target": 149. "args": {"any": [0. 1]}}')
+1936: setfield_gc(p136, i141, descr=<FieldS rpyeffect.value.UnboxedIntValueRef.inst_value 8>)
+1940: jump(p0, p1, p2, p104, p36, p102, p41, p100, p46, p98, p51, p96, p56, p94, p61, p92, p66, p90, p71, p88, p76, p85, p81, p107, p108, p109, p7, p9, p15, p17, p19, p26, p28, p114, p128, p130, p136, descr=TargetToken(4972270880))
+1944: --end of the loop--
[9a5835] jit-log-opt-loop}
[1a4c9a8c] {jit-summary
Tracing:      	1	0.001113
Backend:      	1	0.000343
TOTAL:      		0.433194
ops:             	2077
heapcached ops:  	493
recorded ops:    	882
  calls:         	31
guards:          	275
opt ops:         	223
opt guards:      	65
opt guards shared:	62
forcings:        	0
abort: trace too long:	0
abort: compiling:	0
abort: vable escape:	0
abort: bad loop: 	0
abort: force quasi-immut:	0
abort: segmenting trace:	0
virtualizables forced:	0
nvirtuals:       	11
nvholes:         	0
nvreused:        	0
vecopt tried:    	0
vecopt success:  	0
Total # of loops:	1
Total # of bridges:	0
Freed # of loops:	0
Freed # of bridges:	0
[1a4cc725] jit-summary}
