[44a6de] {jit-log-opt-loop
# Loop 1 (4<main.rpyeffect:4(Name(infixEq72))>+0: {"op": "PrimOp", "name": "infixEq(Int, Int): Boolean", "out": {"any": [0]}, "in": {"any": [0, 1]}}) : loop with 118 ops
[p0, p1, p2, p3, p4]
+312: p5 = getfield_gc_r(p2, descr=<FieldP rpyeffect.environment.Environment.inst_values_ptr 16>)
+320: p7 = getarrayitem_gc_r(p5, 0, descr=<ArrayP 8>)
+324: p9 = getarrayitem_gc_r(p5, 1, descr=<ArrayP 8>)
+328: p11 = getarrayitem_gc_r(p5, 2, descr=<ArrayP 8>)
+332: p13 = getarrayitem_gc_r(p5, 3, descr=<ArrayP 8>)
+336: p15 = getarrayitem_gc_r(p5, 4, descr=<ArrayP 8>)
+340: p17 = getarrayitem_gc_r(p5, 5, descr=<ArrayP 8>)
+344: p19 = getarrayitem_gc_r(p5, 6, descr=<ArrayP 8>)
+348: label(p0, p1, p2, p3, p4, p7, p9, p11, p13, p15, p17, p19, descr=TargetToken(5509132768))
debug_merge_point(0, 0, '4<main.rpyeffect:4(Name(infixEq72))>+0: {"op": "PrimOp". "name": "infixEq(Int. Int): Boolean". "out": {"any": [0]}. "in": {"any": [0. 1]}}')
+368: guard_not_invalidated(descr=<Guard0x1485e2c38>) [p2, p7, p9, p11, p13, p15, p17, p19, p0, p1, p3, p4]
+372: i20 = getfield_gc_i(p7, descr=<FieldS rpyeffect.value.IntValue.inst_value 8 pure>)
+376: i21 = getfield_gc_i(p9, descr=<FieldS rpyeffect.value.IntValue.inst_value 8 pure>)
+380: i22 = int_eq(i20, i21)
debug_merge_point(0, 0, '4<main.rpyeffect:4(Name(infixEq72))>+1: {"op": "Return". "args": {"any": [0]}}')
+388: guard_nonnull(p1, descr=<Guard0x1485f8bf0>) [p2, p7, p9, p11, p13, p15, p17, p19, p0, p1, p3, p4]
+400: i23 = getfield_gc_i(p1, descr=<FieldS rpyeffect.stored_environment.Stack__arb.inst_target 16 pure>)
+408: guard_value(i23, 134, descr=<Guard0x1485f8c20>) [p2, p7, p9, p11, p13, p15, p17, p19, p0, p1, p3, p4]
+420: p25 = getfield_gc_r(p1, descr=<FieldP rpyeffect.stored_environment.Stack__3.inst_values_ptr_0 32 pure>)
+424: p26 = getfield_gc_r(p1, descr=<FieldP rpyeffect.stored_environment.Stack__3.inst_values_ptr_1 40 pure>)
+428: p27 = getfield_gc_r(p1, descr=<FieldP rpyeffect.stored_environment.Stack__3.inst_values_ptr_2 48 pure>)
+432: p28 = getfield_gc_r(p1, descr=<FieldP rpyeffect.stored_environment.Stack__arb.inst_tail 8 pure>)
debug_merge_point(0, 0, '134<main.rpyeffect:134([k@Name(loop2821)#264])>+0: {"op": "Swap". "type": "any". "a": 2. "b". 1}')
debug_merge_point(0, 0, '134<main.rpyeffect:134([k@Name(loop2821)#264])>+1: {"op": "Swap". "type": "any". "a": 0. "b". 1}')
debug_merge_point(0, 0, '134<main.rpyeffect:134([k@Name(loop2821)#264])>+2: {"op": "Swap". "type": "any". "a": 3. "b". 1}')
debug_merge_point(0, 0, '134<main.rpyeffect:134([k@Name(loop2821)#264])>+3: {"op": "IfZero". "cond": 3. "then": {"tag": null. "target": 133. "args": {"any": []}}}')
+436: guard_false(i22, descr=<Guard0x1485f8c50>) [p2, p7, p9, p11, p13, p15, p17, p19, p0, p1, p3, p4]
+444: guard_nonnull(p28, descr=<Guard0x1485f8c80>) [p2, p7, p9, p11, p13, p15, p17, p19, p0, p1, p3, p4]
+452: i29 = getfield_gc_i(p28, descr=<FieldS rpyeffect.stored_environment.Stack__arb.inst_target 16 pure>)
+456: guard_value(i29, 138, descr=<Guard0x1485f8cb0>) [p2, p7, p9, p11, p13, p15, p17, p19, p0, p1, p3, p4]
debug_merge_point(0, 0, '133<main.rpyeffect:133([then#268])>+0: {"op": "Push". "target": 132. "args": {"any": [2. 0. 1]}}')
debug_merge_point(0, 0, '133<main.rpyeffect:133([then#268])>+1: {"op": "Invoke". "receiver": 2. "tag": Interned(Operator2829). "args" : {"any": [0]}}')
+468: p31 = getfield_gc_r(p25, descr=<FieldP rpyeffect.codata.CoData.inst_vtable 8 pure>)
+476: guard_value(p31, ConstPtr(ptr32), descr=<Guard0x1485f8ce0>) [p2, p7, p9, p11, p13, p15, p17, p19, p0, p1, p3, p4]
+484: p33 = getfield_gc_r(p25, descr=<FieldP rpyeffect.stored_environment.CoData__1.inst_values_ptr_0 24 pure>)
debug_merge_point(0, 0, '144<main.rpyeffect:144([method_Operator2829@Name(run2824)#284])>+0: {"op": "Const". "type": "ptr". "out": 2. "format": "int". "value": "<IntValue object at 0x1485db610>"}')
debug_merge_point(0, 0, '144<main.rpyeffect:144([method_Operator2829@Name(run2824)#284])>+1: {"op": "ShiftDyn". "out": 1. "n": 2. "label": 1}')
+492: i35 = instance_ptr_eq(p4, ConstPtr(ptr34))
guard_true(i35, descr=<Guard0x1485f8d10>) [p2, p7, p9, p11, p13, p15, p17, p19, p0, p1, p3, p4]
+504: guard_nonnull(p0, descr=<Guard0x1485f8d40>) [p2, p7, p9, p11, p13, p15, p17, p19, p0, p1, p3, p4]
+516: guard_nonnull(p33, descr=<Guard0x1485f8d70>) [p2, p7, p9, p11, p13, p15, p17, p19, p0, p1, p3, p4]
+524: i36 = getfield_gc_i(p0, descr=<FieldS rpyeffect.stack.Label.inst_origin 8 pure>)
+532: guard_value(i36, 149504, descr=<Guard0x1485f8da0>) [p2, p7, p9, p11, p13, p15, p17, p19, p0, p1, p3, p4]
+548: i38 = getfield_gc_i(p33, descr=<FieldS rpyeffect.stack.Label.inst_origin 8 pure>)
+552: guard_value(i38, 149504, descr=<Guard0x1485f8dd0>) [p2, p7, p9, p11, p13, p15, p17, p19, p0, p1, p3, p4]
+568: i40 = instance_ptr_eq(p0, p33)
guard_true(i40, descr=<Guard0x1485f8e00>) [p2, p7, p9, p11, p13, p15, p17, p19, p0, p1, p3, p4]
+576: guard_nonnull_class(p3, 4365444760, descr=<Guard0x1485e2c80>) [p2, p7, p9, p11, p13, p15, p17, p19, p0, p1, p3, p4]
+604: p42 = getfield_gc_r(p3, descr=<FieldP rpyeffect.stack.MetaStackLike.inst_stack 8 pure>)
+608: p43 = getfield_gc_r(p3, descr=<FieldP rpyeffect.stack.MetaStack.inst_label 16 pure>)
+612: p44 = getfield_gc_r(p3, descr=<FieldP rpyeffect.stack.MetaStack.inst_tail 32 pure>)
+616: guard_nonnull(p42, descr=<Guard0x1485f8e30>) [p2, p7, p9, p11, p13, p15, p17, p19, p0, p1, p3, p4]
+624: i45 = getfield_gc_i(p42, descr=<FieldS rpyeffect.stored_environment.Stack__arb.inst_target 16 pure>)
+628: guard_value(i45, 143, descr=<Guard0x1485f8e60>) [p2, p7, p9, p11, p13, p15, p17, p19, p0, p1, p3, p4]
debug_merge_point(0, 0, '144<main.rpyeffect:144([method_Operator2829@Name(run2824)#284])>+2: {"op": "Construct". "out": 2. "type": Interned(Unit). "tag": Interned(unit). "args": {"any": []}}')
debug_merge_point(0, 0, '144<main.rpyeffect:144([method_Operator2829@Name(run2824)#284])>+3: {"op": "Push". "target": 143. "args": {"any": [0]}}')
debug_merge_point(0, 0, '144<main.rpyeffect:144([method_Operator2829@Name(run2824)#284])>+4: {"op": "Copy". "type": "any". "from": 2. "to". 0}')
debug_merge_point(0, 0, '144<main.rpyeffect:144([method_Operator2829@Name(run2824)#284])>+5: {"op": "Jump". "target": 136}')
debug_merge_point(0, 0, '136<main.rpyeffect:136(Name(resume2831))>+0: {"op": "PushStack". "arg": 1}')
debug_merge_point(0, 0, '136<main.rpyeffect:136(Name(resume2831))>+1: {"op": "Return". "args": {"any": [0]}}')
debug_merge_point(0, 0, '132<main.rpyeffect:132([k@[then#268]#270])>+0: {"op": "Const". "type": "ptr". "out": 0. "format": "int". "value": "<IntValue object at 0x1485db830>"}')
debug_merge_point(0, 0, '132<main.rpyeffect:132([k@[then#268]#270])>+1: {"op": "Push". "target": 131. "args": {"any": [1. 3]}}')
debug_merge_point(0, 0, '132<main.rpyeffect:132([k@[then#268]#270])>+2: {"op": "Copy". "type": "any". "from": 0. "to". 1}')
debug_merge_point(0, 0, '132<main.rpyeffect:132([k@[then#268]#270])>+3: {"op": "Copy". "type": "any". "from": 2. "to". 0}')
debug_merge_point(0, 0, '132<main.rpyeffect:132([k@[then#268]#270])>+4: {"op": "Jump". "target": 8}')
debug_merge_point(0, 0, '8<main.rpyeffect:8(Name(infixSub105))>+0: {"op": "PrimOp". "name": "infixSub(Int. Int): Int". "out": {"any": [0]}. "in": {"any": [0. 1]}}')
+640: i47 = getfield_gc_i(p26, descr=<FieldS rpyeffect.value.IntValue.inst_value 8 pure>)
+644: i49 = int_sub(i47, 1)
debug_merge_point(0, 0, '8<main.rpyeffect:8(Name(infixSub105))>+1: {"op": "Return". "args": {"any": [0]}}')
debug_merge_point(0, 0, '131<main.rpyeffect:131([k@[k@[then#268]#270]#274])>+0: {"op": "Swap". "type": "any". "a": 2. "b". 1}')
debug_merge_point(0, 0, '131<main.rpyeffect:131([k@[k@[then#268]#270]#274])>+1: {"op": "Jump". "target": 135}')
debug_merge_point(0, 0, '135<main.rpyeffect:135(Name(loop2821))>+0: {"op": "Const". "type": "ptr". "out": 3. "format": "int". "value": "<IntValue object at 0x1485db7a0>"}')
debug_merge_point(0, 0, '135<main.rpyeffect:135(Name(loop2821))>+1: {"op": "Push". "target": 134. "args": {"any": [2. 0. 1]}}')
debug_merge_point(0, 0, '135<main.rpyeffect:135(Name(loop2821))>+2: {"op": "Copy". "type": "any". "from": 3. "to". 1}')
debug_merge_point(0, 0, '135<main.rpyeffect:135(Name(loop2821))>+3: {"op": "Jump". "target": 4}')
debug_merge_point(0, 0, '4<main.rpyeffect:4(Name(infixEq72))>+0: {"op": "PrimOp". "name": "infixEq(Int. Int): Boolean". "out": {"any": [0]}. "in": {"any": [0. 1]}}')
+648: label(p0, p28, p25, i49, p27, p2, p42, p26, p43, p44, p15, p17, p19, p33, descr=TargetToken(5509132832))
debug_merge_point(0, 0, '4<main.rpyeffect:4(Name(infixEq72))>+0: {"op": "PrimOp". "name": "infixEq(Int. Int): Boolean". "out": {"any": [0]}. "in": {"any": [0. 1]}}')
+672: guard_not_invalidated(descr=<Guard0x1485e2cc8>) [p2, p25, p15, p17, p19, p0, p26, p42, p44, p43, p27, p28, i49]
+676: i51 = int_eq(i49, 0)
debug_merge_point(0, 0, '4<main.rpyeffect:4(Name(infixEq72))>+1: {"op": "Return". "args": {"any": [0]}}')
debug_merge_point(0, 0, '134<main.rpyeffect:134([k@Name(loop2821)#264])>+0: {"op": "Swap". "type": "any". "a": 2. "b". 1}')
debug_merge_point(0, 0, '134<main.rpyeffect:134([k@Name(loop2821)#264])>+1: {"op": "Swap". "type": "any". "a": 0. "b". 1}')
debug_merge_point(0, 0, '134<main.rpyeffect:134([k@Name(loop2821)#264])>+2: {"op": "Swap". "type": "any". "a": 3. "b". 1}')
debug_merge_point(0, 0, '134<main.rpyeffect:134([k@Name(loop2821)#264])>+3: {"op": "IfZero". "cond": 3. "then": {"tag": null. "target": 133. "args": {"any": []}}}')
guard_false(i51, descr=<Guard0x1485f8e90>) [p2, p25, p15, p17, p19, p0, p26, p42, p44, p43, p27, p28, i49]
debug_merge_point(0, 0, '133<main.rpyeffect:133([then#268])>+0: {"op": "Push". "target": 132. "args": {"any": [2. 0. 1]}}')
debug_merge_point(0, 0, '133<main.rpyeffect:133([then#268])>+1: {"op": "Invoke". "receiver": 2. "tag": Interned(Operator2829). "args" : {"any": [0]}}')
debug_merge_point(0, 0, '144<main.rpyeffect:144([method_Operator2829@Name(run2824)#284])>+0: {"op": "Const". "type": "ptr". "out": 2. "format": "int". "value": "<IntValue object at 0x1485db610>"}')
debug_merge_point(0, 0, '144<main.rpyeffect:144([method_Operator2829@Name(run2824)#284])>+1: {"op": "ShiftDyn". "out": 1. "n": 2. "label": 1}')
debug_merge_point(0, 0, '144<main.rpyeffect:144([method_Operator2829@Name(run2824)#284])>+2: {"op": "Construct". "out": 2. "type": Interned(Unit). "tag": Interned(unit). "args": {"any": []}}')
debug_merge_point(0, 0, '144<main.rpyeffect:144([method_Operator2829@Name(run2824)#284])>+3: {"op": "Push". "target": 143. "args": {"any": [0]}}')
debug_merge_point(0, 0, '144<main.rpyeffect:144([method_Operator2829@Name(run2824)#284])>+4: {"op": "Copy". "type": "any". "from": 2. "to". 0}')
debug_merge_point(0, 0, '144<main.rpyeffect:144([method_Operator2829@Name(run2824)#284])>+5: {"op": "Jump". "target": 136}')
debug_merge_point(0, 0, '136<main.rpyeffect:136(Name(resume2831))>+0: {"op": "PushStack". "arg": 1}')
debug_merge_point(0, 0, '136<main.rpyeffect:136(Name(resume2831))>+1: {"op": "Return". "args": {"any": [0]}}')
debug_merge_point(0, 0, '132<main.rpyeffect:132([k@[then#268]#270])>+0: {"op": "Const". "type": "ptr". "out": 0. "format": "int". "value": "<IntValue object at 0x1485db830>"}')
debug_merge_point(0, 0, '132<main.rpyeffect:132([k@[then#268]#270])>+1: {"op": "Push". "target": 131. "args": {"any": [1. 3]}}')
debug_merge_point(0, 0, '132<main.rpyeffect:132([k@[then#268]#270])>+2: {"op": "Copy". "type": "any". "from": 0. "to". 1}')
debug_merge_point(0, 0, '132<main.rpyeffect:132([k@[then#268]#270])>+3: {"op": "Copy". "type": "any". "from": 2. "to". 0}')
debug_merge_point(0, 0, '132<main.rpyeffect:132([k@[then#268]#270])>+4: {"op": "Jump". "target": 8}')
debug_merge_point(0, 0, '8<main.rpyeffect:8(Name(infixSub105))>+0: {"op": "PrimOp". "name": "infixSub(Int. Int): Int". "out": {"any": [0]}. "in": {"any": [0. 1]}}')
+684: i53 = int_sub(i49, 1)
debug_merge_point(0, 0, '8<main.rpyeffect:8(Name(infixSub105))>+1: {"op": "Return". "args": {"any": [0]}}')
debug_merge_point(0, 0, '131<main.rpyeffect:131([k@[k@[then#268]#270]#274])>+0: {"op": "Swap". "type": "any". "a": 2. "b". 1}')
debug_merge_point(0, 0, '131<main.rpyeffect:131([k@[k@[then#268]#270]#274])>+1: {"op": "Jump". "target": 135}')
debug_merge_point(0, 0, '135<main.rpyeffect:135(Name(loop2821))>+0: {"op": "Const". "type": "ptr". "out": 3. "format": "int". "value": "<IntValue object at 0x1485db7a0>"}')
debug_merge_point(0, 0, '135<main.rpyeffect:135(Name(loop2821))>+1: {"op": "Push". "target": 134. "args": {"any": [2. 0. 1]}}')
debug_merge_point(0, 0, '135<main.rpyeffect:135(Name(loop2821))>+2: {"op": "Copy". "type": "any". "from": 3. "to". 1}')
debug_merge_point(0, 0, '135<main.rpyeffect:135(Name(loop2821))>+3: {"op": "Jump". "target": 4}')
debug_merge_point(0, 0, '4<main.rpyeffect:4(Name(infixEq72))>+0: {"op": "PrimOp". "name": "infixEq(Int. Int): Boolean". "out": {"any": [0]}. "in": {"any": [0. 1]}}')
+688: p54 = new_with_vtable(descr=<SizeDescr 40>)
+792: p55 = new_with_vtable(descr=<SizeDescr 16>)
+804: setfield_gc(p54, 143, descr=<FieldS rpyeffect.stored_environment.Stack__arb.inst_target 16 pure>)
+812: setfield_gc(p55, i49, descr=<FieldS rpyeffect.value.IntValue.inst_value 8 pure>)
+816: setfield_gc(p54, p42, descr=<FieldP rpyeffect.stored_environment.Stack__arb.inst_tail 8 pure>)
+820: setfield_gc(p54, p26, descr=<FieldP rpyeffect.stored_environment.Stack__1.inst_values_ptr_0 32 pure>)
+832: jump(p0, p28, p25, i53, p27, p2, p54, p55, p43, p44, p15, p17, p19, p33, descr=TargetToken(5509132832))
+848: --end of the loop--
[46b39c] jit-log-opt-loop}
[53ba92] {jit-log-opt-loop
# Loop 2 (7<main.rpyeffect:7(Name(infixMul99))>+0: {"op": "PrimOp", "name": "infixMul(Int, Int): Int", "out": {"any": [0]}, "in": {"any": [0, 1]}}) : loop with 130 ops
[p0, p1, p2, p3, p4]
+232: p5 = getfield_gc_r(p2, descr=<FieldP rpyeffect.environment.Environment.inst_values_ptr 16>)
+240: p7 = getarrayitem_gc_r(p5, 0, descr=<ArrayP 8>)
+244: p9 = getarrayitem_gc_r(p5, 1, descr=<ArrayP 8>)
+248: p11 = getarrayitem_gc_r(p5, 2, descr=<ArrayP 8>)
+252: p13 = getarrayitem_gc_r(p5, 3, descr=<ArrayP 8>)
+256: p15 = getarrayitem_gc_r(p5, 4, descr=<ArrayP 8>)
+260: p17 = getarrayitem_gc_r(p5, 5, descr=<ArrayP 8>)
+264: p19 = getarrayitem_gc_r(p5, 6, descr=<ArrayP 8>)
+268: label(p0, p1, p2, p3, p4, p7, p9, p11, p13, p15, p17, p19, descr=TargetToken(5509132896))
debug_merge_point(0, 0, '7<main.rpyeffect:7(Name(infixMul99))>+0: {"op": "PrimOp". "name": "infixMul(Int. Int): Int". "out": {"any": [0]}. "in": {"any": [0. 1]}}')
+288: guard_not_invalidated(descr=<Guard0x1485e2d10>) [p2, p7, p9, p11, p13, p15, p17, p19, p0, p1, p3, p4]
+292: i20 = getfield_gc_i(p7, descr=<FieldS rpyeffect.value.IntValue.inst_value 8 pure>)
+296: i21 = getfield_gc_i(p9, descr=<FieldS rpyeffect.value.IntValue.inst_value 8 pure>)
+300: i22 = int_mul(i20, i21)
debug_merge_point(0, 0, '7<main.rpyeffect:7(Name(infixMul99))>+1: {"op": "Return". "args": {"any": [0]}}')
+304: guard_nonnull(p1, descr=<Guard0x1485f90a0>) [p2, p7, p9, p11, p13, p15, p17, p19, p0, p1, p3, p4]
+316: i23 = getfield_gc_i(p1, descr=<FieldS rpyeffect.stored_environment.Stack__arb.inst_target 16 pure>)
+324: guard_value(i23, 142, descr=<Guard0x1485f90d0>) [p2, p7, p9, p11, p13, p15, p17, p19, p0, p1, p3, p4]
+336: p25 = getfield_gc_r(p1, descr=<FieldP rpyeffect.stored_environment.Stack__1.inst_values_ptr_0 32 pure>)
+340: p26 = getfield_gc_r(p1, descr=<FieldP rpyeffect.stored_environment.Stack__arb.inst_tail 8 pure>)
debug_merge_point(0, 0, '142<main.rpyeffect:142([k@[#290]#294])>+0: {"op": "Push". "target": 141. "args": {"any": []}}')
debug_merge_point(0, 0, '142<main.rpyeffect:142([k@[#290]#294])>+1: {"op": "Swap". "type": "any". "a": 0. "b". 1}')
debug_merge_point(0, 0, '142<main.rpyeffect:142([k@[#290]#294])>+2: {"op": "Jump". "target": 8}')
debug_merge_point(0, 0, '8<main.rpyeffect:8(Name(infixSub105))>+0: {"op": "PrimOp". "name": "infixSub(Int. Int): Int". "out": {"any": [0]}. "in": {"any": [0. 1]}}')
+344: i27 = getfield_gc_i(p25, descr=<FieldS rpyeffect.value.IntValue.inst_value 8 pure>)
+348: i28 = int_sub(i27, i22)
debug_merge_point(0, 0, '8<main.rpyeffect:8(Name(infixSub105))>+1: {"op": "Return". "args": {"any": [0]}}')
debug_merge_point(0, 0, '141<main.rpyeffect:141([k@[k@[#290]#294]#297])>+0: {"op": "Const". "type": "ptr". "out": 1. "format": "int". "value": "<IntValue object at 0x1485db6b0>"}')
debug_merge_point(0, 0, '141<main.rpyeffect:141([k@[k@[#290]#294]#297])>+1: {"op": "Push". "target": 140. "args": {"any": []}}')
debug_merge_point(0, 0, '141<main.rpyeffect:141([k@[k@[#290]#294]#297])>+2: {"op": "Jump". "target": 6}')
debug_merge_point(0, 0, '6<main.rpyeffect:6(Name(infixAdd96))>+0: {"op": "PrimOp". "name": "infixAdd(Int. Int): Int". "out": {"any": [0]}. "in": {"any": [0. 1]}}')
+352: i30 = int_add(i28, 37)
debug_merge_point(0, 0, '6<main.rpyeffect:6(Name(infixAdd96))>+1: {"op": "Return". "args": {"any": [0]}}')
debug_merge_point(0, 0, '140<main.rpyeffect:140([k@[k@[k@[#290]#294]#297]#302])>+0: {"op": "Push". "target": 139. "args": {"any": []}}')
debug_merge_point(0, 0, '140<main.rpyeffect:140([k@[k@[k@[#290]#294]#297]#302])>+1: {"op": "Jump". "target": 128}')
debug_merge_point(0, 0, '128<main.rpyeffect:128(Name(abs2817))>+0: {"op": "Const". "type": "ptr". "out": 1. "format": "int". "value": "<IntValue object at 0x1485db8b0>"}')
debug_merge_point(0, 0, '128<main.rpyeffect:128(Name(abs2817))>+1: {"op": "Push". "target": 127. "args": {"any": [0]}}')
debug_merge_point(0, 0, '128<main.rpyeffect:128(Name(abs2817))>+2: {"op": "Jump". "target": 10}')
debug_merge_point(0, 0, '10<main.rpyeffect:10(Name(infixLt178))>+0: {"op": "PrimOp". "name": "infixLt(Int. Int): Boolean". "out": {"any": [0]}. "in": {"any": [0. 1]}}')
+356: i32 = int_lt(i30, 0)
debug_merge_point(0, 0, '10<main.rpyeffect:10(Name(infixLt178))>+1: {"op": "Return". "args": {"any": [0]}}')
debug_merge_point(0, 0, '127<main.rpyeffect:127([k@Name(abs2817)#254])>+0: {"op": "Swap". "type": "any". "a": 0. "b". 1}')
debug_merge_point(0, 0, '127<main.rpyeffect:127([k@Name(abs2817)#254])>+1: {"op": "IfZero". "cond": 1. "then": {"tag": null. "target": 126. "args": {"any": []}}}')
guard_true(i32, descr=<Guard0x1485f9100>) [p2, p7, p9, p11, p13, p15, p17, p19, p0, p1, p3, p4]
debug_merge_point(0, 0, '127<main.rpyeffect:127([k@Name(abs2817)#254])>+2: {"op": "Const". "type": "ptr". "out": 1. "format": "int". "value": "<IntValue object at 0x1485db8d0>"}')
debug_merge_point(0, 0, '127<main.rpyeffect:127([k@Name(abs2817)#254])>+3: {"op": "Swap". "type": "any". "a": 0. "b". 1}')
debug_merge_point(0, 0, '127<main.rpyeffect:127([k@Name(abs2817)#254])>+4: {"op": "Jump". "target": 8}')
debug_merge_point(0, 0, '8<main.rpyeffect:8(Name(infixSub105))>+0: {"op": "PrimOp". "name": "infixSub(Int. Int): Int". "out": {"any": [0]}. "in": {"any": [0. 1]}}')
+364: i33 = int_neg(i30)
debug_merge_point(0, 0, '8<main.rpyeffect:8(Name(infixSub105))>+1: {"op": "Return". "args": {"any": [0]}}')
debug_merge_point(0, 0, '139<main.rpyeffect:139([k@[k@[k@[k@[#290]#294]#297]#302]#305])>+0: {"op": "Const". "type": "ptr". "out": 1. "format": "int". "value": "<IntValue object at 0x1485db700>"}')
debug_merge_point(0, 0, '139<main.rpyeffect:139([k@[k@[k@[k@[#290]#294]#297]#302]#305])>+1: {"op": "Jump". "target": 9}')
+368: guard_nonnull(p26, descr=<Guard0x1485f9130>) [p2, p7, p9, p11, p13, p15, p17, p19, p0, p1, p3, p4]
+376: i34 = getfield_gc_i(p26, descr=<FieldS rpyeffect.stored_environment.Stack__arb.inst_target 16 pure>)
+380: guard_value(i34, 143, descr=<Guard0x1485f9160>) [p2, p7, p9, p11, p13, p15, p17, p19, p0, p1, p3, p4]
debug_merge_point(0, 0, '9<main.rpyeffect:9(Name(mod108))>+0: {"op": "PrimOp". "name": "mod(Int. Int): Int". "out": {"any": [0]}. "in": {"any": [0. 1]}}')
+392: i37 = int_rshift(i33, 63)
+400: i38 = int_xor(i33, i37)
+404: i40 = uint_mul_high(i38, -9086255505087856445)
+424: i42 = uint_rshift(i40, 9)
+432: i43 = int_xor(i42, i37)
+436: i45 = int_mul(i43, 1009)
+444: i46 = int_sub(i33, i45)
debug_merge_point(0, 0, '9<main.rpyeffect:9(Name(mod108))>+1: {"op": "Return". "args": {"any": [0]}}')
+448: p47 = getfield_gc_r(p26, descr=<FieldP rpyeffect.stored_environment.Stack__1.inst_values_ptr_0 32 pure>)
+452: p48 = getfield_gc_r(p26, descr=<FieldP rpyeffect.stored_environment.Stack__arb.inst_tail 8 pure>)
debug_merge_point(0, 0, '143<main.rpyeffect:143([#290])>+0: {"op": "Const". "type": "ptr". "out": 2. "format": "int". "value": "<IntValue object at 0x1485db640>"}')
debug_merge_point(0, 0, '143<main.rpyeffect:143([#290])>+1: {"op": "Push". "target": 142. "args": {"any": [1]}}')
debug_merge_point(0, 0, '143<main.rpyeffect:143([#290])>+2: {"op": "Copy". "type": "any". "from": 0. "to". 1}')
debug_merge_point(0, 0, '143<main.rpyeffect:143([#290])>+3: {"op": "Copy". "type": "any". "from": 2. "to". 0}')
debug_merge_point(0, 0, '143<main.rpyeffect:143([#290])>+4: {"op": "Jump". "target": 7}')
debug_merge_point(0, 0, '7<main.rpyeffect:7(Name(infixMul99))>+0: {"op": "PrimOp". "name": "infixMul(Int. Int): Int". "out": {"any": [0]}. "in": {"any": [0. 1]}}')
+456: label(p0, p48, p47, p2, p3, p4, i46, p13, p15, p17, p19, descr=TargetToken(5509132960))
debug_merge_point(0, 0, '7<main.rpyeffect:7(Name(infixMul99))>+0: {"op": "PrimOp". "name": "infixMul(Int. Int): Int". "out": {"any": [0]}. "in": {"any": [0. 1]}}')
+456: guard_not_invalidated(descr=<Guard0x1485e2d58>) [p2, p13, p15, p17, p19, p0, p3, p4, p47, p48, i46]
+460: i50 = int_mul(503, i46)
debug_merge_point(0, 0, '7<main.rpyeffect:7(Name(infixMul99))>+1: {"op": "Return". "args": {"any": [0]}}')
debug_merge_point(0, 0, '142<main.rpyeffect:142([k@[#290]#294])>+0: {"op": "Push". "target": 141. "args": {"any": []}}')
debug_merge_point(0, 0, '142<main.rpyeffect:142([k@[#290]#294])>+1: {"op": "Swap". "type": "any". "a": 0. "b". 1}')
debug_merge_point(0, 0, '142<main.rpyeffect:142([k@[#290]#294])>+2: {"op": "Jump". "target": 8}')
debug_merge_point(0, 0, '8<main.rpyeffect:8(Name(infixSub105))>+0: {"op": "PrimOp". "name": "infixSub(Int. Int): Int". "out": {"any": [0]}. "in": {"any": [0. 1]}}')
+468: i51 = getfield_gc_i(p47, descr=<FieldS rpyeffect.value.IntValue.inst_value 8 pure>)
+472: i52 = int_sub(i51, i50)
debug_merge_point(0, 0, '8<main.rpyeffect:8(Name(infixSub105))>+1: {"op": "Return". "args": {"any": [0]}}')
debug_merge_point(0, 0, '141<main.rpyeffect:141([k@[k@[#290]#294]#297])>+0: {"op": "Const". "type": "ptr". "out": 1. "format": "int". "value": "<IntValue object at 0x1485db6b0>"}')
debug_merge_point(0, 0, '141<main.rpyeffect:141([k@[k@[#290]#294]#297])>+1: {"op": "Push". "target": 140. "args": {"any": []}}')
debug_merge_point(0, 0, '141<main.rpyeffect:141([k@[k@[#290]#294]#297])>+2: {"op": "Jump". "target": 6}')
debug_merge_point(0, 0, '6<main.rpyeffect:6(Name(infixAdd96))>+0: {"op": "PrimOp". "name": "infixAdd(Int. Int): Int". "out": {"any": [0]}. "in": {"any": [0. 1]}}')
+476: i54 = int_add(i52, 37)
debug_merge_point(0, 0, '6<main.rpyeffect:6(Name(infixAdd96))>+1: {"op": "Return". "args": {"any": [0]}}')
debug_merge_point(0, 0, '140<main.rpyeffect:140([k@[k@[k@[#290]#294]#297]#302])>+0: {"op": "Push". "target": 139. "args": {"any": []}}')
debug_merge_point(0, 0, '140<main.rpyeffect:140([k@[k@[k@[#290]#294]#297]#302])>+1: {"op": "Jump". "target": 128}')
debug_merge_point(0, 0, '128<main.rpyeffect:128(Name(abs2817))>+0: {"op": "Const". "type": "ptr". "out": 1. "format": "int". "value": "<IntValue object at 0x1485db8b0>"}')
debug_merge_point(0, 0, '128<main.rpyeffect:128(Name(abs2817))>+1: {"op": "Push". "target": 127. "args": {"any": [0]}}')
debug_merge_point(0, 0, '128<main.rpyeffect:128(Name(abs2817))>+2: {"op": "Jump". "target": 10}')
debug_merge_point(0, 0, '10<main.rpyeffect:10(Name(infixLt178))>+0: {"op": "PrimOp". "name": "infixLt(Int. Int): Boolean". "out": {"any": [0]}. "in": {"any": [0. 1]}}')
+480: i56 = int_lt(i54, 0)
debug_merge_point(0, 0, '10<main.rpyeffect:10(Name(infixLt178))>+1: {"op": "Return". "args": {"any": [0]}}')
debug_merge_point(0, 0, '127<main.rpyeffect:127([k@Name(abs2817)#254])>+0: {"op": "Swap". "type": "any". "a": 0. "b". 1}')
debug_merge_point(0, 0, '127<main.rpyeffect:127([k@Name(abs2817)#254])>+1: {"op": "IfZero". "cond": 1. "then": {"tag": null. "target": 126. "args": {"any": []}}}')
guard_true(i56, descr=<Guard0x1485f9190>) [p2, p13, p15, p17, p19, p0, p3, p4, p47, p48, i46]
debug_merge_point(0, 0, '127<main.rpyeffect:127([k@Name(abs2817)#254])>+2: {"op": "Const". "type": "ptr". "out": 1. "format": "int". "value": "<IntValue object at 0x1485db8d0>"}')
debug_merge_point(0, 0, '127<main.rpyeffect:127([k@Name(abs2817)#254])>+3: {"op": "Swap". "type": "any". "a": 0. "b". 1}')
debug_merge_point(0, 0, '127<main.rpyeffect:127([k@Name(abs2817)#254])>+4: {"op": "Jump". "target": 8}')
debug_merge_point(0, 0, '8<main.rpyeffect:8(Name(infixSub105))>+0: {"op": "PrimOp". "name": "infixSub(Int. Int): Int". "out": {"any": [0]}. "in": {"any": [0. 1]}}')
+488: i57 = int_neg(i54)
debug_merge_point(0, 0, '8<main.rpyeffect:8(Name(infixSub105))>+1: {"op": "Return". "args": {"any": [0]}}')
debug_merge_point(0, 0, '139<main.rpyeffect:139([k@[k@[k@[k@[#290]#294]#297]#302]#305])>+0: {"op": "Const". "type": "ptr". "out": 1. "format": "int". "value": "<IntValue object at 0x1485db700>"}')
debug_merge_point(0, 0, '139<main.rpyeffect:139([k@[k@[k@[k@[#290]#294]#297]#302]#305])>+1: {"op": "Jump". "target": 9}')
+492: guard_nonnull(p48, descr=<Guard0x1485f91c0>) [p2, p13, p15, p17, p19, p0, p3, p4, p47, p48, i46]
+500: i58 = getfield_gc_i(p48, descr=<FieldS rpyeffect.stored_environment.Stack__arb.inst_target 16 pure>)
+504: guard_value(i58, 143, descr=<Guard0x1485f91f0>) [p2, p13, p15, p17, p19, p0, p3, p4, p47, p48, i46]
debug_merge_point(0, 0, '9<main.rpyeffect:9(Name(mod108))>+0: {"op": "PrimOp". "name": "mod(Int. Int): Int". "out": {"any": [0]}. "in": {"any": [0. 1]}}')
+516: i61 = int_rshift(i57, 63)
+524: i62 = int_xor(i57, i61)
+528: i64 = uint_mul_high(i62, -9086255505087856445)
+548: i66 = uint_rshift(i64, 9)
+556: i67 = int_xor(i66, i61)
+560: i69 = int_mul(i67, 1009)
+568: i70 = int_sub(i57, i69)
debug_merge_point(0, 0, '9<main.rpyeffect:9(Name(mod108))>+1: {"op": "Return". "args": {"any": [0]}}')
+572: p71 = getfield_gc_r(p48, descr=<FieldP rpyeffect.stored_environment.Stack__1.inst_values_ptr_0 32 pure>)
+576: p72 = getfield_gc_r(p48, descr=<FieldP rpyeffect.stored_environment.Stack__arb.inst_tail 8 pure>)
debug_merge_point(0, 0, '143<main.rpyeffect:143([#290])>+0: {"op": "Const". "type": "ptr". "out": 2. "format": "int". "value": "<IntValue object at 0x1485db640>"}')
debug_merge_point(0, 0, '143<main.rpyeffect:143([#290])>+1: {"op": "Push". "target": 142. "args": {"any": [1]}}')
debug_merge_point(0, 0, '143<main.rpyeffect:143([#290])>+2: {"op": "Copy". "type": "any". "from": 0. "to". 1}')
debug_merge_point(0, 0, '143<main.rpyeffect:143([#290])>+3: {"op": "Copy". "type": "any". "from": 2. "to". 0}')
debug_merge_point(0, 0, '143<main.rpyeffect:143([#290])>+4: {"op": "Jump". "target": 7}')
debug_merge_point(0, 0, '7<main.rpyeffect:7(Name(infixMul99))>+0: {"op": "PrimOp". "name": "infixMul(Int. Int): Int". "out": {"any": [0]}. "in": {"any": [0. 1]}}')
+580: jump(p0, p72, p71, p2, p3, p4, i70, p13, p15, p17, p19, descr=TargetToken(5509132960))
+588: --end of the loop--
[54fbdc] jit-log-opt-loop}
[5b0aa4] {jit-log-opt-loop
# Loop 3 (8<main.rpyeffect:8(Name(infixSub105))>+0: {"op": "PrimOp", "name": "infixSub(Int, Int): Int", "out": {"any": [0]}, "in": {"any": [0, 1]}}) : entry bridge with 56 ops
[p0, p1, p2, p3, p4]
+200: p5 = getfield_gc_r(p2, descr=<FieldP rpyeffect.environment.Environment.inst_values_ptr 16>)
+208: p7 = getarrayitem_gc_r(p5, 0, descr=<ArrayP 8>)
+212: p9 = getarrayitem_gc_r(p5, 1, descr=<ArrayP 8>)
+216: p11 = getarrayitem_gc_r(p5, 2, descr=<ArrayP 8>)
+220: p13 = getarrayitem_gc_r(p5, 3, descr=<ArrayP 8>)
+224: p15 = getarrayitem_gc_r(p5, 4, descr=<ArrayP 8>)
+228: p17 = getarrayitem_gc_r(p5, 5, descr=<ArrayP 8>)
+232: p19 = getarrayitem_gc_r(p5, 6, descr=<ArrayP 8>)
debug_merge_point(0, 0, '8<main.rpyeffect:8(Name(infixSub105))>+0: {"op": "PrimOp". "name": "infixSub(Int. Int): Int". "out": {"any": [0]}. "in": {"any": [0. 1]}}')
+236: guard_not_invalidated(descr=<Guard0x1485e2f08>) [p2, p7, p9, p11, p13, p15, p17, p19, p0, p1, p3, p4]
+240: i20 = getfield_gc_i(p7, descr=<FieldS rpyeffect.value.IntValue.inst_value 8 pure>)
+244: i21 = getfield_gc_i(p9, descr=<FieldS rpyeffect.value.IntValue.inst_value 8 pure>)
+248: i22 = int_sub(i20, i21)
debug_merge_point(0, 0, '8<main.rpyeffect:8(Name(infixSub105))>+1: {"op": "Return". "args": {"any": [0]}}')
+252: guard_nonnull(p1, descr=<Guard0x1485f9970>) [p2, p7, p9, p11, p13, p15, p17, p19, p0, p1, p3, p4]
+264: i23 = getfield_gc_i(p1, descr=<FieldS rpyeffect.stored_environment.Stack__arb.inst_target 16 pure>)
+272: guard_value(i23, 141, descr=<Guard0x1485f99a0>) [p2, p7, p9, p11, p13, p15, p17, p19, p0, p1, p3, p4]
+284: p25 = getfield_gc_r(p1, descr=<FieldP rpyeffect.stored_environment.Stack__arb.inst_tail 8 pure>)
debug_merge_point(0, 0, '141<main.rpyeffect:141([k@[k@[#290]#294]#297])>+0: {"op": "Const". "type": "ptr". "out": 1. "format": "int". "value": "<IntValue object at 0x1485db6b0>"}')
debug_merge_point(0, 0, '141<main.rpyeffect:141([k@[k@[#290]#294]#297])>+1: {"op": "Push". "target": 140. "args": {"any": []}}')
debug_merge_point(0, 0, '141<main.rpyeffect:141([k@[k@[#290]#294]#297])>+2: {"op": "Jump". "target": 6}')
debug_merge_point(0, 0, '6<main.rpyeffect:6(Name(infixAdd96))>+0: {"op": "PrimOp". "name": "infixAdd(Int. Int): Int". "out": {"any": [0]}. "in": {"any": [0. 1]}}')
+288: i27 = int_add(i22, 37)
debug_merge_point(0, 0, '6<main.rpyeffect:6(Name(infixAdd96))>+1: {"op": "Return". "args": {"any": [0]}}')
debug_merge_point(0, 0, '140<main.rpyeffect:140([k@[k@[k@[#290]#294]#297]#302])>+0: {"op": "Push". "target": 139. "args": {"any": []}}')
debug_merge_point(0, 0, '140<main.rpyeffect:140([k@[k@[k@[#290]#294]#297]#302])>+1: {"op": "Jump". "target": 128}')
debug_merge_point(0, 0, '128<main.rpyeffect:128(Name(abs2817))>+0: {"op": "Const". "type": "ptr". "out": 1. "format": "int". "value": "<IntValue object at 0x1485db8b0>"}')
debug_merge_point(0, 0, '128<main.rpyeffect:128(Name(abs2817))>+1: {"op": "Push". "target": 127. "args": {"any": [0]}}')
debug_merge_point(0, 0, '128<main.rpyeffect:128(Name(abs2817))>+2: {"op": "Jump". "target": 10}')
debug_merge_point(0, 0, '10<main.rpyeffect:10(Name(infixLt178))>+0: {"op": "PrimOp". "name": "infixLt(Int. Int): Boolean". "out": {"any": [0]}. "in": {"any": [0. 1]}}')
+292: i29 = int_lt(i27, 0)
debug_merge_point(0, 0, '10<main.rpyeffect:10(Name(infixLt178))>+1: {"op": "Return". "args": {"any": [0]}}')
debug_merge_point(0, 0, '127<main.rpyeffect:127([k@Name(abs2817)#254])>+0: {"op": "Swap". "type": "any". "a": 0. "b". 1}')
debug_merge_point(0, 0, '127<main.rpyeffect:127([k@Name(abs2817)#254])>+1: {"op": "IfZero". "cond": 1. "then": {"tag": null. "target": 126. "args": {"any": []}}}')
guard_false(i29, descr=<Guard0x1485f99d0>) [p2, p7, p9, p11, p13, p15, p17, p19, p0, p1, p3, p4]
debug_merge_point(0, 0, '126<main.rpyeffect:126([then#258])>+0: {"op": "Return". "args": {"any": [0]}}')
debug_merge_point(0, 0, '139<main.rpyeffect:139([k@[k@[k@[k@[#290]#294]#297]#302]#305])>+0: {"op": "Const". "type": "ptr". "out": 1. "format": "int". "value": "<IntValue object at 0x1485db700>"}')
debug_merge_point(0, 0, '139<main.rpyeffect:139([k@[k@[k@[k@[#290]#294]#297]#302]#305])>+1: {"op": "Jump". "target": 9}')
+300: guard_nonnull(p25, descr=<Guard0x1485f9a00>) [p2, p7, p9, p11, p13, p15, p17, p19, p0, p1, p3, p4]
+308: i30 = getfield_gc_i(p25, descr=<FieldS rpyeffect.stored_environment.Stack__arb.inst_target 16 pure>)
+312: guard_value(i30, 143, descr=<Guard0x1485f9a30>) [p2, p7, p9, p11, p13, p15, p17, p19, p0, p1, p3, p4]
debug_merge_point(0, 0, '9<main.rpyeffect:9(Name(mod108))>+0: {"op": "PrimOp". "name": "mod(Int. Int): Int". "out": {"any": [0]}. "in": {"any": [0. 1]}}')
+324: i33 = uint_mul_high(i27, -9086255505087856445)
+344: i35 = uint_rshift(i33, 9)
+352: i37 = int_mul(i35, 1009)
+360: i38 = int_sub(i27, i37)
debug_merge_point(0, 0, '9<main.rpyeffect:9(Name(mod108))>+1: {"op": "Return". "args": {"any": [0]}}')
+364: p39 = getfield_gc_r(p25, descr=<FieldP rpyeffect.stored_environment.Stack__1.inst_values_ptr_0 32 pure>)
+368: p40 = getfield_gc_r(p25, descr=<FieldP rpyeffect.stored_environment.Stack__arb.inst_tail 8 pure>)
debug_merge_point(0, 0, '143<main.rpyeffect:143([#290])>+0: {"op": "Const". "type": "ptr". "out": 2. "format": "int". "value": "<IntValue object at 0x1485db640>"}')
debug_merge_point(0, 0, '143<main.rpyeffect:143([#290])>+1: {"op": "Push". "target": 142. "args": {"any": [1]}}')
debug_merge_point(0, 0, '143<main.rpyeffect:143([#290])>+2: {"op": "Copy". "type": "any". "from": 0. "to". 1}')
debug_merge_point(0, 0, '143<main.rpyeffect:143([#290])>+3: {"op": "Copy". "type": "any". "from": 2. "to". 0}')
debug_merge_point(0, 0, '143<main.rpyeffect:143([#290])>+4: {"op": "Jump". "target": 7}')
debug_merge_point(0, 0, '7<main.rpyeffect:7(Name(infixMul99))>+0: {"op": "PrimOp". "name": "infixMul(Int. Int): Int". "out": {"any": [0]}. "in": {"any": [0. 1]}}')
+372: jump(p0, p40, p39, p2, p3, p4, i38, p13, p15, p17, p19, descr=TargetToken(5509132960))
+484: --end of the loop--
[5b9332] jit-log-opt-loop}
[626d97] {jit-log-opt-bridge
# bridge out of Guard 0x1485f9190 with 48 ops
[p0, p1, p2, p3, p4, p5, p6, p7, p8, p9, i10]
+104: guard_not_invalidated(descr=<Guard0x1485e2f50>) [p0, p1, p2, p3, p4, p5, p6, p7, p8, p9, i10]
+108: i12 = int_mul(503, i10)
debug_merge_point(0, 0, '7<main.rpyeffect:7(Name(infixMul99))>+1: {"op": "Return". "args": {"any": [0]}}')
debug_merge_point(0, 0, '142<main.rpyeffect:142([k@[#290]#294])>+0: {"op": "Push". "target": 141. "args": {"any": []}}')
debug_merge_point(0, 0, '142<main.rpyeffect:142([k@[#290]#294])>+1: {"op": "Swap". "type": "any". "a": 0. "b". 1}')
debug_merge_point(0, 0, '142<main.rpyeffect:142([k@[#290]#294])>+2: {"op": "Jump". "target": 8}')
debug_merge_point(0, 0, '8<main.rpyeffect:8(Name(infixSub105))>+0: {"op": "PrimOp". "name": "infixSub(Int. Int): Int". "out": {"any": [0]}. "in": {"any": [0. 1]}}')
+116: i13 = getfield_gc_i(p8, descr=<FieldS rpyeffect.value.IntValue.inst_value 8 pure>)
+120: i14 = int_sub(i13, i12)
debug_merge_point(0, 0, '8<main.rpyeffect:8(Name(infixSub105))>+1: {"op": "Return". "args": {"any": [0]}}')
debug_merge_point(0, 0, '141<main.rpyeffect:141([k@[k@[#290]#294]#297])>+0: {"op": "Const". "type": "ptr". "out": 1. "format": "int". "value": "<IntValue object at 0x1485db6b0>"}')
debug_merge_point(0, 0, '141<main.rpyeffect:141([k@[k@[#290]#294]#297])>+1: {"op": "Push". "target": 140. "args": {"any": []}}')
debug_merge_point(0, 0, '141<main.rpyeffect:141([k@[k@[#290]#294]#297])>+2: {"op": "Jump". "target": 6}')
debug_merge_point(0, 0, '6<main.rpyeffect:6(Name(infixAdd96))>+0: {"op": "PrimOp". "name": "infixAdd(Int. Int): Int". "out": {"any": [0]}. "in": {"any": [0. 1]}}')
+124: i16 = int_add(i14, 37)
debug_merge_point(0, 0, '6<main.rpyeffect:6(Name(infixAdd96))>+1: {"op": "Return". "args": {"any": [0]}}')
debug_merge_point(0, 0, '140<main.rpyeffect:140([k@[k@[k@[#290]#294]#297]#302])>+0: {"op": "Push". "target": 139. "args": {"any": []}}')
debug_merge_point(0, 0, '140<main.rpyeffect:140([k@[k@[k@[#290]#294]#297]#302])>+1: {"op": "Jump". "target": 128}')
debug_merge_point(0, 0, '128<main.rpyeffect:128(Name(abs2817))>+0: {"op": "Const". "type": "ptr". "out": 1. "format": "int". "value": "<IntValue object at 0x1485db8b0>"}')
debug_merge_point(0, 0, '128<main.rpyeffect:128(Name(abs2817))>+1: {"op": "Push". "target": 127. "args": {"any": [0]}}')
debug_merge_point(0, 0, '128<main.rpyeffect:128(Name(abs2817))>+2: {"op": "Jump". "target": 10}')
debug_merge_point(0, 0, '10<main.rpyeffect:10(Name(infixLt178))>+0: {"op": "PrimOp". "name": "infixLt(Int. Int): Boolean". "out": {"any": [0]}. "in": {"any": [0. 1]}}')
+128: i18 = int_lt(i16, 0)
debug_merge_point(0, 0, '10<main.rpyeffect:10(Name(infixLt178))>+1: {"op": "Return". "args": {"any": [0]}}')
debug_merge_point(0, 0, '127<main.rpyeffect:127([k@Name(abs2817)#254])>+0: {"op": "Swap". "type": "any". "a": 0. "b". 1}')
debug_merge_point(0, 0, '127<main.rpyeffect:127([k@Name(abs2817)#254])>+1: {"op": "IfZero". "cond": 1. "then": {"tag": null. "target": 126. "args": {"any": []}}}')
guard_false(i18, descr=<Guard0x1485f9b20>) [p0, p1, p2, p3, p4, p5, p6, p7, p8, p9, i10]
debug_merge_point(0, 0, '126<main.rpyeffect:126([then#258])>+0: {"op": "Return". "args": {"any": [0]}}')
debug_merge_point(0, 0, '139<main.rpyeffect:139([k@[k@[k@[k@[#290]#294]#297]#302]#305])>+0: {"op": "Const". "type": "ptr". "out": 1. "format": "int". "value": "<IntValue object at 0x1485db700>"}')
debug_merge_point(0, 0, '139<main.rpyeffect:139([k@[k@[k@[k@[#290]#294]#297]#302]#305])>+1: {"op": "Jump". "target": 9}')
+136: guard_nonnull(p9, descr=<Guard0x1485f9b50>) [p0, p1, p2, p3, p4, p5, p6, p7, p8, p9, i10]
+144: i19 = getfield_gc_i(p9, descr=<FieldS rpyeffect.stored_environment.Stack__arb.inst_target 16 pure>)
+148: guard_value(i19, 143, descr=<Guard0x1485f9b80>) [p0, p1, p2, p3, p4, p5, p6, p7, p8, p9, i10]
debug_merge_point(0, 0, '9<main.rpyeffect:9(Name(mod108))>+0: {"op": "PrimOp". "name": "mod(Int. Int): Int". "out": {"any": [0]}. "in": {"any": [0. 1]}}')
+160: i22 = uint_mul_high(i16, -9086255505087856445)
+180: i24 = uint_rshift(i22, 9)
+188: i26 = int_mul(i24, 1009)
+196: i27 = int_sub(i16, i26)
debug_merge_point(0, 0, '9<main.rpyeffect:9(Name(mod108))>+1: {"op": "Return". "args": {"any": [0]}}')
+200: p28 = getfield_gc_r(p9, descr=<FieldP rpyeffect.stored_environment.Stack__1.inst_values_ptr_0 32 pure>)
+204: p29 = getfield_gc_r(p9, descr=<FieldP rpyeffect.stored_environment.Stack__arb.inst_tail 8 pure>)
debug_merge_point(0, 0, '143<main.rpyeffect:143([#290])>+0: {"op": "Const". "type": "ptr". "out": 2. "format": "int". "value": "<IntValue object at 0x1485db640>"}')
debug_merge_point(0, 0, '143<main.rpyeffect:143([#290])>+1: {"op": "Push". "target": 142. "args": {"any": [1]}}')
debug_merge_point(0, 0, '143<main.rpyeffect:143([#290])>+2: {"op": "Copy". "type": "any". "from": 0. "to". 1}')
debug_merge_point(0, 0, '143<main.rpyeffect:143([#290])>+3: {"op": "Copy". "type": "any". "from": 2. "to". 0}')
debug_merge_point(0, 0, '143<main.rpyeffect:143([#290])>+4: {"op": "Jump". "target": 7}')
debug_merge_point(0, 0, '7<main.rpyeffect:7(Name(infixMul99))>+0: {"op": "PrimOp". "name": "infixMul(Int. Int): Int". "out": {"any": [0]}. "in": {"any": [0. 1]}}')
+208: jump(p5, p29, p28, p0, p6, p7, i27, p1, p2, p3, p4, descr=TargetToken(5509132960))
+232: --end of the loop--
[62ebe4] jit-log-opt-bridge}
[a77400] {jit-log-opt-loop
# Loop 5 (6<main.rpyeffect:6(Name(infixAdd96))>+0: {"op": "PrimOp", "name": "infixAdd(Int, Int): Int", "out": {"any": [0]}, "in": {"any": [0, 1]}}) : entry bridge with 123 ops
[p0, p1, p2, p3, p4]
+280: p5 = getfield_gc_r(p2, descr=<FieldP rpyeffect.environment.Environment.inst_values_ptr 16>)
+288: p7 = getarrayitem_gc_r(p5, 0, descr=<ArrayP 8>)
+292: p9 = getarrayitem_gc_r(p5, 1, descr=<ArrayP 8>)
+296: p11 = getarrayitem_gc_r(p5, 2, descr=<ArrayP 8>)
+300: p13 = getarrayitem_gc_r(p5, 3, descr=<ArrayP 8>)
+304: p15 = getarrayitem_gc_r(p5, 4, descr=<ArrayP 8>)
+308: p17 = getarrayitem_gc_r(p5, 5, descr=<ArrayP 8>)
+312: p19 = getarrayitem_gc_r(p5, 6, descr=<ArrayP 8>)
debug_merge_point(0, 0, '6<main.rpyeffect:6(Name(infixAdd96))>+0: {"op": "PrimOp". "name": "infixAdd(Int. Int): Int". "out": {"any": [0]}. "in": {"any": [0. 1]}}')
+316: guard_not_invalidated(descr=<Guard0x1485e2fe0>) [p2, p7, p9, p11, p13, p15, p17, p19, p0, p1, p3, p4]
+320: i20 = getfield_gc_i(p7, descr=<FieldS rpyeffect.value.IntValue.inst_value 8 pure>)
+324: i21 = getfield_gc_i(p9, descr=<FieldS rpyeffect.value.IntValue.inst_value 8 pure>)
+328: i22 = int_add(i20, i21)
debug_merge_point(0, 0, '6<main.rpyeffect:6(Name(infixAdd96))>+1: {"op": "Return". "args": {"any": [0]}}')
+332: guard_nonnull(p1, descr=<Guard0x14884c080>) [p2, p7, p9, p11, p13, p15, p17, p19, p0, p1, p3, p4]
+344: i23 = getfield_gc_i(p1, descr=<FieldS rpyeffect.stored_environment.Stack__arb.inst_target 16 pure>)
+352: guard_value(i23, 140, descr=<Guard0x14884c0b0>) [p2, p7, p9, p11, p13, p15, p17, p19, p0, p1, p3, p4]
+364: p25 = getfield_gc_r(p1, descr=<FieldP rpyeffect.stored_environment.Stack__arb.inst_tail 8 pure>)
debug_merge_point(0, 0, '140<main.rpyeffect:140([k@[k@[k@[#290]#294]#297]#302])>+0: {"op": "Push". "target": 139. "args": {"any": []}}')
debug_merge_point(0, 0, '140<main.rpyeffect:140([k@[k@[k@[#290]#294]#297]#302])>+1: {"op": "Jump". "target": 128}')
debug_merge_point(0, 0, '128<main.rpyeffect:128(Name(abs2817))>+0: {"op": "Const". "type": "ptr". "out": 1. "format": "int". "value": "<IntValue object at 0x1485db8b0>"}')
debug_merge_point(0, 0, '128<main.rpyeffect:128(Name(abs2817))>+1: {"op": "Push". "target": 127. "args": {"any": [0]}}')
debug_merge_point(0, 0, '128<main.rpyeffect:128(Name(abs2817))>+2: {"op": "Jump". "target": 10}')
debug_merge_point(0, 0, '10<main.rpyeffect:10(Name(infixLt178))>+0: {"op": "PrimOp". "name": "infixLt(Int. Int): Boolean". "out": {"any": [0]}. "in": {"any": [0. 1]}}')
+368: i27 = int_lt(i22, 0)
debug_merge_point(0, 0, '10<main.rpyeffect:10(Name(infixLt178))>+1: {"op": "Return". "args": {"any": [0]}}')
debug_merge_point(0, 0, '127<main.rpyeffect:127([k@Name(abs2817)#254])>+0: {"op": "Swap". "type": "any". "a": 0. "b". 1}')
debug_merge_point(0, 0, '127<main.rpyeffect:127([k@Name(abs2817)#254])>+1: {"op": "IfZero". "cond": 1. "then": {"tag": null. "target": 126. "args": {"any": []}}}')
guard_true(i27, descr=<Guard0x14884c0e0>) [p2, p7, p9, p11, p13, p15, p17, p19, p0, p1, p3, p4]
debug_merge_point(0, 0, '127<main.rpyeffect:127([k@Name(abs2817)#254])>+2: {"op": "Const". "type": "ptr". "out": 1. "format": "int". "value": "<IntValue object at 0x1485db8d0>"}')
debug_merge_point(0, 0, '127<main.rpyeffect:127([k@Name(abs2817)#254])>+3: {"op": "Swap". "type": "any". "a": 0. "b". 1}')
debug_merge_point(0, 0, '127<main.rpyeffect:127([k@Name(abs2817)#254])>+4: {"op": "Jump". "target": 8}')
debug_merge_point(0, 0, '8<main.rpyeffect:8(Name(infixSub105))>+0: {"op": "PrimOp". "name": "infixSub(Int. Int): Int". "out": {"any": [0]}. "in": {"any": [0. 1]}}')
+376: i28 = int_neg(i22)
debug_merge_point(0, 0, '8<main.rpyeffect:8(Name(infixSub105))>+1: {"op": "Return". "args": {"any": [0]}}')
debug_merge_point(0, 0, '139<main.rpyeffect:139([k@[k@[k@[k@[#290]#294]#297]#302]#305])>+0: {"op": "Const". "type": "ptr". "out": 1. "format": "int". "value": "<IntValue object at 0x1485db700>"}')
debug_merge_point(0, 0, '139<main.rpyeffect:139([k@[k@[k@[k@[#290]#294]#297]#302]#305])>+1: {"op": "Jump". "target": 9}')
+380: guard_nonnull(p25, descr=<Guard0x14884c110>) [p2, p7, p9, p11, p13, p15, p17, p19, p0, p1, p3, p4]
+388: i29 = getfield_gc_i(p25, descr=<FieldS rpyeffect.stored_environment.Stack__arb.inst_target 16 pure>)
+392: guard_value(i29, 150, descr=<Guard0x14884c140>) [p2, p7, p9, p11, p13, p15, p17, p19, p0, p1, p3, p4]
debug_merge_point(0, 0, '9<main.rpyeffect:9(Name(mod108))>+0: {"op": "PrimOp". "name": "mod(Int. Int): Int". "out": {"any": [0]}. "in": {"any": [0. 1]}}')
+404: i32 = int_rshift(i28, 63)
+412: i33 = int_xor(i28, i32)
+416: i35 = uint_mul_high(i33, -9086255505087856445)
+436: i37 = uint_rshift(i35, 9)
+444: i38 = int_xor(i37, i32)
+448: i40 = int_mul(i38, 1009)
+456: i41 = int_sub(i28, i40)
debug_merge_point(0, 0, '9<main.rpyeffect:9(Name(mod108))>+1: {"op": "Return". "args": {"any": [0]}}')
+460: p42 = getfield_gc_r(p25, descr=<FieldP rpyeffect.stored_environment.Stack__2.inst_values_ptr_0 32 pure>)
+464: p43 = getfield_gc_r(p25, descr=<FieldP rpyeffect.stored_environment.Stack__2.inst_values_ptr_1 40 pure>)
+468: p44 = getfield_gc_r(p25, descr=<FieldP rpyeffect.stored_environment.Stack__arb.inst_tail 8 pure>)
debug_merge_point(0, 0, '150<main.rpyeffect:150([k@[then#317]#319])>+0: {"op": "Const". "type": "ptr". "out": 3. "format": "int". "value": "<IntValue object at 0x1485db4a0>"}')
debug_merge_point(0, 0, '150<main.rpyeffect:150([k@[then#317]#319])>+1: {"op": "Push". "target": 149. "args": {"any": [2. 0]}}')
debug_merge_point(0, 0, '150<main.rpyeffect:150([k@[then#317]#319])>+2: {"op": "Copy". "type": "any". "from": 1. "to". 0}')
debug_merge_point(0, 0, '150<main.rpyeffect:150([k@[then#317]#319])>+3: {"op": "Copy". "type": "any". "from": 3. "to". 1}')
debug_merge_point(0, 0, '150<main.rpyeffect:150([k@[then#317]#319])>+4: {"op": "Jump". "target": 8}')
debug_merge_point(0, 0, '8<main.rpyeffect:8(Name(infixSub105))>+0: {"op": "PrimOp". "name": "infixSub(Int. Int): Int". "out": {"any": [0]}. "in": {"any": [0. 1]}}')
+472: i45 = getfield_gc_i(p42, descr=<FieldS rpyeffect.value.IntValue.inst_value 8 pure>)
+476: i47 = int_sub(i45, 1)
debug_merge_point(0, 0, '8<main.rpyeffect:8(Name(infixSub105))>+1: {"op": "Return". "args": {"any": [0]}}')
debug_merge_point(0, 0, '149<main.rpyeffect:149([k@[k@[then#317]#319]#323])>+0: {"op": "Swap". "type": "any". "a": 2. "b". 1}')
debug_merge_point(0, 0, '149<main.rpyeffect:149([k@[k@[then#317]#319]#323])>+1: {"op": "Jump". "target": 153}')
debug_merge_point(0, 0, '153<main.rpyeffect:153(Name(step2835))>+0: {"op": "Const". "type": "ptr". "out": 3. "format": "int". "value": "<IntValue object at 0x1485db410>"}')
debug_merge_point(0, 0, '153<main.rpyeffect:153(Name(step2835))>+1: {"op": "Push". "target": 152. "args": {"any": [0. 2. 1]}}')
debug_merge_point(0, 0, '153<main.rpyeffect:153(Name(step2835))>+2: {"op": "Copy". "type": "any". "from": 3. "to". 1}')
debug_merge_point(0, 0, '153<main.rpyeffect:153(Name(step2835))>+3: {"op": "Jump". "target": 4}')
debug_merge_point(0, 0, '4<main.rpyeffect:4(Name(infixEq72))>+0: {"op": "PrimOp". "name": "infixEq(Int. Int): Boolean". "out": {"any": [0]}. "in": {"any": [0. 1]}}')
+480: i49 = int_eq(i47, 0)
debug_merge_point(0, 0, '4<main.rpyeffect:4(Name(infixEq72))>+1: {"op": "Return". "args": {"any": [0]}}')
debug_merge_point(0, 0, '152<main.rpyeffect:152([k@Name(step2835)#313])>+0: {"op": "Swap". "type": "any". "a": 3. "b". 1}')
debug_merge_point(0, 0, '152<main.rpyeffect:152([k@Name(step2835)#313])>+1: {"op": "IfZero". "cond": 0. "then": {"tag": null. "target": 151. "args": {"any": []}}}')
guard_false(i49, descr=<Guard0x14884c170>) [p2, p7, p9, p11, p13, p15, p17, p19, p0, p1, p3, p4]
+488: guard_nonnull(p44, descr=<Guard0x14884c1a0>) [p2, p7, p9, p11, p13, p15, p17, p19, p0, p1, p3, p4]
+496: i50 = getfield_gc_i(p44, descr=<FieldS rpyeffect.stored_environment.Stack__arb.inst_target 16 pure>)
+500: guard_value(i50, 167, descr=<Guard0x14884c1d0>) [p2, p7, p9, p11, p13, p15, p17, p19, p0, p1, p3, p4]
debug_merge_point(0, 0, '151<main.rpyeffect:151([then#317])>+0: {"op": "Push". "target": 150. "args": {"any": [3. 2]}}')
debug_merge_point(0, 0, '151<main.rpyeffect:151([then#317])>+1: {"op": "Copy". "type": "any". "from": 2. "to". 0}')
debug_merge_point(0, 0, '151<main.rpyeffect:151([then#317])>+2: {"op": "Jump". "target": 146}')
debug_merge_point(0, 0, '146<main.rpyeffect:146(Name(run2824))>+0: {"op": "PrimOp". "name": "freshlabel". "out": {"any": [2]}. "in": {"any": []}}')
debug_merge_point(0, 0, '146<main.rpyeffect:146(Name(run2824))>+1: {"op": "NewStack". "out": 3. "target": 138. "region": 4. "args": {"any": []}. "label": 2}')
debug_merge_point(0, 0, '146<main.rpyeffect:146(Name(run2824))>+2: {"op": "PushStack". "arg": 3}')
+516: i53 = instance_ptr_eq(p4, ConstPtr(ptr52))
guard_true(i53, descr=<Guard0x14884c200>) [p2, p7, p9, p11, p13, p15, p17, p19, p0, p1, p3, p4]
debug_merge_point(0, 0, '146<main.rpyeffect:146(Name(run2824))>+3: {"op": "New". "out": 2. "targets": [144]. "args": {"any": [2]}}')
debug_merge_point(0, 0, '146<main.rpyeffect:146(Name(run2824))>+4: {"op": "Jump". "target": 135}')
debug_merge_point(0, 0, '135<main.rpyeffect:135(Name(loop2821))>+0: {"op": "Const". "type": "ptr". "out": 3. "format": "int". "value": "<IntValue object at 0x1485db7a0>"}')
debug_merge_point(0, 0, '135<main.rpyeffect:135(Name(loop2821))>+1: {"op": "Push". "target": 134. "args": {"any": [2. 0. 1]}}')
debug_merge_point(0, 0, '135<main.rpyeffect:135(Name(loop2821))>+2: {"op": "Copy". "type": "any". "from": 3. "to". 1}')
debug_merge_point(0, 0, '135<main.rpyeffect:135(Name(loop2821))>+3: {"op": "Jump". "target": 4}')
debug_merge_point(0, 0, '4<main.rpyeffect:4(Name(infixEq72))>+0: {"op": "PrimOp". "name": "infixEq(Int. Int): Boolean". "out": {"any": [0]}. "in": {"any": [0. 1]}}')
+528: p54 = new_with_vtable(descr=<SizeDescr 16>)
+640: p55 = new_with_vtable(descr=<SizeDescr 56>)
+652: p56 = new_with_vtable(descr=<SizeDescr 32>)
+664: setfield_gc(p56, ConstPtr(null), descr=<FieldP rpyeffect.stored_environment.Stack__arb.inst_tail 8 pure>)
+672: setfield_gc(p56, 138, descr=<FieldS rpyeffect.stored_environment.Stack__arb.inst_target 16 pure>)
+680: p59 = new_with_vtable(descr=<SizeDescr 32>)
+696: setfield_gc(p59, ConstPtr(ptr60), descr=<FieldP rpyeffect.codata.CoData.inst_vtable 8 pure>)
+700: setfield_gc(p59, p54, descr=<FieldP rpyeffect.stored_environment.CoData__1.inst_values_ptr_0 24 pure>)
+704: p61 = new_with_vtable(descr=<SizeDescr 16>)
+716: setfield_gc(p61, i41, descr=<FieldS rpyeffect.value.IntValue.inst_value 8 pure>)
+720: p62 = new_with_vtable(descr=<SizeDescr 40>)
+732: p63 = new_with_vtable(descr=<SizeDescr 48>)
+744: setfield_gc(p63, p44, descr=<FieldP rpyeffect.stored_environment.Stack__arb.inst_tail 8 pure>)
+748: setfield_gc(p63, 150, descr=<FieldS rpyeffect.stored_environment.Stack__arb.inst_target 16 pure>)
+756: p65 = new_with_vtable(descr=<SizeDescr 16>)
+768: setfield_gc(p65, i47, descr=<FieldS rpyeffect.value.IntValue.inst_value 8 pure>)
+772: setfield_gc(p63, p65, descr=<FieldP rpyeffect.stored_environment.Stack__2.inst_values_ptr_0 32 pure>)
+776: setfield_gc(p63, p43, descr=<FieldP rpyeffect.stored_environment.Stack__2.inst_values_ptr_1 40 pure>)
+780: p66 = new_with_vtable(descr=<SizeDescr 24>)
+792: setfield_gc(p55, 134, descr=<FieldS rpyeffect.stored_environment.Stack__arb.inst_target 16 pure>)
+800: setfield_gc(p55, p56, descr=<FieldP rpyeffect.stored_environment.Stack__arb.inst_tail 8 pure>)
+804: setfield_gc(p54, 149504, descr=<FieldS rpyeffect.stack.Label.inst_origin 8 pure>)
+816: setfield_gc(p55, p59, descr=<FieldP rpyeffect.stored_environment.Stack__3.inst_values_ptr_0 32 pure>)
+820: setfield_gc(p55, p43, descr=<FieldP rpyeffect.stored_environment.Stack__3.inst_values_ptr_1 40 pure>)
+824: setfield_gc(p55, p61, descr=<FieldP rpyeffect.stored_environment.Stack__3.inst_values_ptr_2 48 pure>)
+828: setfield_gc(p62, p63, descr=<FieldP rpyeffect.stack.MetaStackLike.inst_stack 8 pure>)
+832: setfield_gc(p62, p0, descr=<FieldP rpyeffect.stack.MetaStack.inst_label 16 pure>)
+840: setfield_gc(p62, ConstPtr(null), descr=<FieldP rpyeffect.stack.MetaStack.inst_region 24 pure>)
+848: setfield_gc(p62, p3, descr=<FieldP rpyeffect.stack.MetaStack.inst_tail 32 pure>)
+860: setfield_gc(p66, ConstPtr(ptr70), descr=<FieldP rpyeffect.region.Region.inst_boxes 8 pure>)
+868: setfield_gc(p66, ConstPtr(ptr71), descr=<FieldP rpyeffect.region.Region.inst_refs 16>)
+908: jump(p54, p55, p2, p62, ConstPtr(ptr72), p43, ConstPtr(ptr73), p59, ConstPtr(ptr74), p66, p17, p19, descr=TargetToken(5509132768))
+1036: --end of the loop--
[a8aec7] jit-log-opt-loop}
[1774fc0] {jit-log-opt-loop
# Loop 6 (133<main.rpyeffect:133([then#268])>+0: {"op": "Push", "target": 132, "args": {"any": [2, 0, 1]}}) : entry bridge with 59 ops
[p0, p1, p2, p3, p4]
+280: p5 = getfield_gc_r(p2, descr=<FieldP rpyeffect.environment.Environment.inst_values_ptr 16>)
+288: p7 = getarrayitem_gc_r(p5, 0, descr=<ArrayP 8>)
+292: p9 = getarrayitem_gc_r(p5, 1, descr=<ArrayP 8>)
+296: p11 = getarrayitem_gc_r(p5, 2, descr=<ArrayP 8>)
+300: p13 = getarrayitem_gc_r(p5, 3, descr=<ArrayP 8>)
+304: p15 = getarrayitem_gc_r(p5, 4, descr=<ArrayP 8>)
+308: p17 = getarrayitem_gc_r(p5, 5, descr=<ArrayP 8>)
+312: p19 = getarrayitem_gc_r(p5, 6, descr=<ArrayP 8>)
debug_merge_point(0, 0, '133<main.rpyeffect:133([then#268])>+0: {"op": "Push". "target": 132. "args": {"any": [2. 0. 1]}}')
+316: guard_not_invalidated(descr=<Guard0x1485e3070>) [p2, p7, p9, p11, p13, p15, p17, p19, p0, p1, p3, p4]
debug_merge_point(0, 0, '133<main.rpyeffect:133([then#268])>+1: {"op": "Invoke". "receiver": 2. "tag": Interned(Operator2829). "args" : {"any": [0]}}')
+320: p20 = getfield_gc_r(p11, descr=<FieldP rpyeffect.codata.CoData.inst_vtable 8 pure>)
+328: guard_value(p20, ConstPtr(ptr21), descr=<Guard0x14884c980>) [p2, p7, p9, p11, p13, p15, p17, p19, p0, p1, p3, p4]
+336: p22 = getfield_gc_r(p11, descr=<FieldP rpyeffect.stored_environment.CoData__1.inst_values_ptr_0 24 pure>)
debug_merge_point(0, 0, '144<main.rpyeffect:144([method_Operator2829@Name(run2824)#284])>+0: {"op": "Const". "type": "ptr". "out": 2. "format": "int". "value": "<IntValue object at 0x1485db610>"}')
debug_merge_point(0, 0, '144<main.rpyeffect:144([method_Operator2829@Name(run2824)#284])>+1: {"op": "ShiftDyn". "out": 1. "n": 2. "label": 1}')
+344: i24 = instance_ptr_eq(p4, ConstPtr(ptr23))
guard_true(i24, descr=<Guard0x14884c9b0>) [p2, p7, p9, p11, p13, p15, p17, p19, p0, p1, p3, p4]
+356: guard_nonnull(p0, descr=<Guard0x14884c9e0>) [p2, p7, p9, p11, p13, p15, p17, p19, p0, p1, p3, p4]
+368: guard_nonnull(p22, descr=<Guard0x14884ca10>) [p2, p7, p9, p11, p13, p15, p17, p19, p0, p1, p3, p4]
+376: i25 = getfield_gc_i(p0, descr=<FieldS rpyeffect.stack.Label.inst_origin 8 pure>)
+384: guard_value(i25, 149504, descr=<Guard0x14884ca40>) [p2, p7, p9, p11, p13, p15, p17, p19, p0, p1, p3, p4]
+400: i27 = getfield_gc_i(p22, descr=<FieldS rpyeffect.stack.Label.inst_origin 8 pure>)
+404: guard_value(i27, 149504, descr=<Guard0x14884ca70>) [p2, p7, p9, p11, p13, p15, p17, p19, p0, p1, p3, p4]
+420: i29 = instance_ptr_eq(p0, p22)
guard_true(i29, descr=<Guard0x14884caa0>) [p2, p7, p9, p11, p13, p15, p17, p19, p0, p1, p3, p4]
+428: guard_nonnull_class(p3, 4365444760, descr=<Guard0x1485e30b8>) [p2, p7, p9, p11, p13, p15, p17, p19, p0, p1, p3, p4]
+456: p31 = getfield_gc_r(p3, descr=<FieldP rpyeffect.stack.MetaStackLike.inst_stack 8 pure>)
+460: p32 = getfield_gc_r(p3, descr=<FieldP rpyeffect.stack.MetaStack.inst_label 16 pure>)
+464: p33 = getfield_gc_r(p3, descr=<FieldP rpyeffect.stack.MetaStack.inst_tail 32 pure>)
+468: guard_nonnull(p31, descr=<Guard0x14884cad0>) [p2, p7, p9, p11, p13, p15, p17, p19, p0, p1, p3, p4]
+476: i34 = getfield_gc_i(p31, descr=<FieldS rpyeffect.stored_environment.Stack__arb.inst_target 16 pure>)
+480: guard_value(i34, 150, descr=<Guard0x14884cb00>) [p2, p7, p9, p11, p13, p15, p17, p19, p0, p1, p3, p4]
debug_merge_point(0, 0, '144<main.rpyeffect:144([method_Operator2829@Name(run2824)#284])>+2: {"op": "Construct". "out": 2. "type": Interned(Unit). "tag": Interned(unit). "args": {"any": []}}')
debug_merge_point(0, 0, '144<main.rpyeffect:144([method_Operator2829@Name(run2824)#284])>+3: {"op": "Push". "target": 143. "args": {"any": [0]}}')
debug_merge_point(0, 0, '144<main.rpyeffect:144([method_Operator2829@Name(run2824)#284])>+4: {"op": "Copy". "type": "any". "from": 2. "to". 0}')
debug_merge_point(0, 0, '144<main.rpyeffect:144([method_Operator2829@Name(run2824)#284])>+5: {"op": "Jump". "target": 136}')
debug_merge_point(0, 0, '136<main.rpyeffect:136(Name(resume2831))>+0: {"op": "PushStack". "arg": 1}')
debug_merge_point(0, 0, '136<main.rpyeffect:136(Name(resume2831))>+1: {"op": "Return". "args": {"any": [0]}}')
+492: guard_nonnull(p1, descr=<Guard0x14884cb30>) [p2, p7, p9, p11, p13, p15, p17, p19, p0, p1, p3, p4]
+504: i36 = getfield_gc_i(p1, descr=<FieldS rpyeffect.stored_environment.Stack__arb.inst_target 16 pure>)
+512: guard_value(i36, 138, descr=<Guard0x14884cb60>) [p2, p7, p9, p11, p13, p15, p17, p19, p0, p1, p3, p4]
debug_merge_point(0, 0, '132<main.rpyeffect:132([k@[then#268]#270])>+0: {"op": "Const". "type": "ptr". "out": 0. "format": "int". "value": "<IntValue object at 0x1485db830>"}')
debug_merge_point(0, 0, '132<main.rpyeffect:132([k@[then#268]#270])>+1: {"op": "Push". "target": 131. "args": {"any": [1. 3]}}')
debug_merge_point(0, 0, '132<main.rpyeffect:132([k@[then#268]#270])>+2: {"op": "Copy". "type": "any". "from": 0. "to". 1}')
debug_merge_point(0, 0, '132<main.rpyeffect:132([k@[then#268]#270])>+3: {"op": "Copy". "type": "any". "from": 2. "to". 0}')
debug_merge_point(0, 0, '132<main.rpyeffect:132([k@[then#268]#270])>+4: {"op": "Jump". "target": 8}')
debug_merge_point(0, 0, '8<main.rpyeffect:8(Name(infixSub105))>+0: {"op": "PrimOp". "name": "infixSub(Int. Int): Int". "out": {"any": [0]}. "in": {"any": [0. 1]}}')
+524: i38 = getfield_gc_i(p7, descr=<FieldS rpyeffect.value.IntValue.inst_value 8 pure>)
+528: i40 = int_sub(i38, 1)
debug_merge_point(0, 0, '8<main.rpyeffect:8(Name(infixSub105))>+1: {"op": "Return". "args": {"any": [0]}}')
debug_merge_point(0, 0, '131<main.rpyeffect:131([k@[k@[then#268]#270]#274])>+0: {"op": "Swap". "type": "any". "a": 2. "b". 1}')
debug_merge_point(0, 0, '131<main.rpyeffect:131([k@[k@[then#268]#270]#274])>+1: {"op": "Jump". "target": 135}')
debug_merge_point(0, 0, '135<main.rpyeffect:135(Name(loop2821))>+0: {"op": "Const". "type": "ptr". "out": 3. "format": "int". "value": "<IntValue object at 0x1485db7a0>"}')
debug_merge_point(0, 0, '135<main.rpyeffect:135(Name(loop2821))>+1: {"op": "Push". "target": 134. "args": {"any": [2. 0. 1]}}')
debug_merge_point(0, 0, '135<main.rpyeffect:135(Name(loop2821))>+2: {"op": "Copy". "type": "any". "from": 3. "to". 1}')
debug_merge_point(0, 0, '135<main.rpyeffect:135(Name(loop2821))>+3: {"op": "Jump". "target": 4}')
debug_merge_point(0, 0, '4<main.rpyeffect:4(Name(infixEq72))>+0: {"op": "PrimOp". "name": "infixEq(Int. Int): Boolean". "out": {"any": [0]}. "in": {"any": [0. 1]}}')
+532: jump(p0, p1, p11, i40, p9, p2, p31, p7, p32, p33, p15, p17, p19, p22, descr=TargetToken(5509132832))
+664: --end of the loop--
[1784997] jit-log-opt-loop}
[1e290c8] {jit-log-opt-bridge
# bridge out of Guard 0x1485f99d0 with 120 ops
[p0, p1, p2, p3, p4, p5, p6, p7, p8, p9, p10, p11]
+200: guard_not_invalidated(descr=<Guard0x1485e3148>) [p0, p1, p2, p3, p4, p5, p6, p7, p8, p9, p10, p11]
+204: i12 = getfield_gc_i(p1, descr=<FieldS rpyeffect.value.IntValue.inst_value 8 pure>)
+208: i13 = getfield_gc_i(p2, descr=<FieldS rpyeffect.value.IntValue.inst_value 8 pure>)
+212: i14 = int_sub(i12, i13)
debug_merge_point(0, 0, '8<main.rpyeffect:8(Name(infixSub105))>+1: {"op": "Return". "args": {"any": [0]}}')
+216: guard_nonnull(p9, descr=<Guard0x14884d0a0>) [p0, p1, p2, p3, p4, p5, p6, p7, p8, p9, p10, p11]
+224: i15 = getfield_gc_i(p9, descr=<FieldS rpyeffect.stored_environment.Stack__arb.inst_target 16 pure>)
+228: guard_value(i15, 141, descr=<Guard0x14884d0d0>) [p0, p1, p2, p3, p4, p5, p6, p7, p8, p9, p10, p11]
+240: p17 = getfield_gc_r(p9, descr=<FieldP rpyeffect.stored_environment.Stack__arb.inst_tail 8 pure>)
debug_merge_point(0, 0, '141<main.rpyeffect:141([k@[k@[#290]#294]#297])>+0: {"op": "Const". "type": "ptr". "out": 1. "format": "int". "value": "<IntValue object at 0x1485db6b0>"}')
debug_merge_point(0, 0, '141<main.rpyeffect:141([k@[k@[#290]#294]#297])>+1: {"op": "Push". "target": 140. "args": {"any": []}}')
debug_merge_point(0, 0, '141<main.rpyeffect:141([k@[k@[#290]#294]#297])>+2: {"op": "Jump". "target": 6}')
debug_merge_point(0, 0, '6<main.rpyeffect:6(Name(infixAdd96))>+0: {"op": "PrimOp". "name": "infixAdd(Int. Int): Int". "out": {"any": [0]}. "in": {"any": [0. 1]}}')
+244: i19 = int_add(i14, 37)
debug_merge_point(0, 0, '6<main.rpyeffect:6(Name(infixAdd96))>+1: {"op": "Return". "args": {"any": [0]}}')
debug_merge_point(0, 0, '140<main.rpyeffect:140([k@[k@[k@[#290]#294]#297]#302])>+0: {"op": "Push". "target": 139. "args": {"any": []}}')
debug_merge_point(0, 0, '140<main.rpyeffect:140([k@[k@[k@[#290]#294]#297]#302])>+1: {"op": "Jump". "target": 128}')
debug_merge_point(0, 0, '128<main.rpyeffect:128(Name(abs2817))>+0: {"op": "Const". "type": "ptr". "out": 1. "format": "int". "value": "<IntValue object at 0x1485db8b0>"}')
debug_merge_point(0, 0, '128<main.rpyeffect:128(Name(abs2817))>+1: {"op": "Push". "target": 127. "args": {"any": [0]}}')
debug_merge_point(0, 0, '128<main.rpyeffect:128(Name(abs2817))>+2: {"op": "Jump". "target": 10}')
debug_merge_point(0, 0, '10<main.rpyeffect:10(Name(infixLt178))>+0: {"op": "PrimOp". "name": "infixLt(Int. Int): Boolean". "out": {"any": [0]}. "in": {"any": [0. 1]}}')
+248: i21 = int_lt(i19, 0)
debug_merge_point(0, 0, '10<main.rpyeffect:10(Name(infixLt178))>+1: {"op": "Return". "args": {"any": [0]}}')
debug_merge_point(0, 0, '127<main.rpyeffect:127([k@Name(abs2817)#254])>+0: {"op": "Swap". "type": "any". "a": 0. "b". 1}')
debug_merge_point(0, 0, '127<main.rpyeffect:127([k@Name(abs2817)#254])>+1: {"op": "IfZero". "cond": 1. "then": {"tag": null. "target": 126. "args": {"any": []}}}')
guard_true(i21, descr=<Guard0x14884d100>) [p0, p1, p2, p3, p4, p5, p6, p7, p8, p9, p10, p11]
debug_merge_point(0, 0, '127<main.rpyeffect:127([k@Name(abs2817)#254])>+2: {"op": "Const". "type": "ptr". "out": 1. "format": "int". "value": "<IntValue object at 0x1485db8d0>"}')
debug_merge_point(0, 0, '127<main.rpyeffect:127([k@Name(abs2817)#254])>+3: {"op": "Swap". "type": "any". "a": 0. "b". 1}')
debug_merge_point(0, 0, '127<main.rpyeffect:127([k@Name(abs2817)#254])>+4: {"op": "Jump". "target": 8}')
debug_merge_point(0, 0, '8<main.rpyeffect:8(Name(infixSub105))>+0: {"op": "PrimOp". "name": "infixSub(Int. Int): Int". "out": {"any": [0]}. "in": {"any": [0. 1]}}')
+256: i22 = int_neg(i19)
debug_merge_point(0, 0, '8<main.rpyeffect:8(Name(infixSub105))>+1: {"op": "Return". "args": {"any": [0]}}')
debug_merge_point(0, 0, '139<main.rpyeffect:139([k@[k@[k@[k@[#290]#294]#297]#302]#305])>+0: {"op": "Const". "type": "ptr". "out": 1. "format": "int". "value": "<IntValue object at 0x1485db700>"}')
debug_merge_point(0, 0, '139<main.rpyeffect:139([k@[k@[k@[k@[#290]#294]#297]#302]#305])>+1: {"op": "Jump". "target": 9}')
+260: guard_nonnull(p17, descr=<Guard0x14884d130>) [p0, p1, p2, p3, p4, p5, p6, p7, p8, p9, p10, p11]
+268: i23 = getfield_gc_i(p17, descr=<FieldS rpyeffect.stored_environment.Stack__arb.inst_target 16 pure>)
+272: guard_value(i23, 150, descr=<Guard0x14884d160>) [p0, p1, p2, p3, p4, p5, p6, p7, p8, p9, p10, p11]
debug_merge_point(0, 0, '9<main.rpyeffect:9(Name(mod108))>+0: {"op": "PrimOp". "name": "mod(Int. Int): Int". "out": {"any": [0]}. "in": {"any": [0. 1]}}')
+284: i26 = int_rshift(i22, 63)
+292: i27 = int_xor(i22, i26)
+296: i29 = uint_mul_high(i27, -9086255505087856445)
+316: i31 = uint_rshift(i29, 9)
+324: i32 = int_xor(i31, i26)
+328: i34 = int_mul(i32, 1009)
+336: i35 = int_sub(i22, i34)
debug_merge_point(0, 0, '9<main.rpyeffect:9(Name(mod108))>+1: {"op": "Return". "args": {"any": [0]}}')
+340: p36 = getfield_gc_r(p17, descr=<FieldP rpyeffect.stored_environment.Stack__2.inst_values_ptr_0 32 pure>)
+344: p37 = getfield_gc_r(p17, descr=<FieldP rpyeffect.stored_environment.Stack__2.inst_values_ptr_1 40 pure>)
+348: p38 = getfield_gc_r(p17, descr=<FieldP rpyeffect.stored_environment.Stack__arb.inst_tail 8 pure>)
debug_merge_point(0, 0, '150<main.rpyeffect:150([k@[then#317]#319])>+0: {"op": "Const". "type": "ptr". "out": 3. "format": "int". "value": "<IntValue object at 0x1485db4a0>"}')
debug_merge_point(0, 0, '150<main.rpyeffect:150([k@[then#317]#319])>+1: {"op": "Push". "target": 149. "args": {"any": [2. 0]}}')
debug_merge_point(0, 0, '150<main.rpyeffect:150([k@[then#317]#319])>+2: {"op": "Copy". "type": "any". "from": 1. "to". 0}')
debug_merge_point(0, 0, '150<main.rpyeffect:150([k@[then#317]#319])>+3: {"op": "Copy". "type": "any". "from": 3. "to". 1}')
debug_merge_point(0, 0, '150<main.rpyeffect:150([k@[then#317]#319])>+4: {"op": "Jump". "target": 8}')
debug_merge_point(0, 0, '8<main.rpyeffect:8(Name(infixSub105))>+0: {"op": "PrimOp". "name": "infixSub(Int. Int): Int". "out": {"any": [0]}. "in": {"any": [0. 1]}}')
+352: i39 = getfield_gc_i(p36, descr=<FieldS rpyeffect.value.IntValue.inst_value 8 pure>)
+356: i41 = int_sub(i39, 1)
debug_merge_point(0, 0, '8<main.rpyeffect:8(Name(infixSub105))>+1: {"op": "Return". "args": {"any": [0]}}')
debug_merge_point(0, 0, '149<main.rpyeffect:149([k@[k@[then#317]#319]#323])>+0: {"op": "Swap". "type": "any". "a": 2. "b". 1}')
debug_merge_point(0, 0, '149<main.rpyeffect:149([k@[k@[then#317]#319]#323])>+1: {"op": "Jump". "target": 153}')
debug_merge_point(0, 0, '153<main.rpyeffect:153(Name(step2835))>+0: {"op": "Const". "type": "ptr". "out": 3. "format": "int". "value": "<IntValue object at 0x1485db410>"}')
debug_merge_point(0, 0, '153<main.rpyeffect:153(Name(step2835))>+1: {"op": "Push". "target": 152. "args": {"any": [0. 2. 1]}}')
debug_merge_point(0, 0, '153<main.rpyeffect:153(Name(step2835))>+2: {"op": "Copy". "type": "any". "from": 3. "to". 1}')
debug_merge_point(0, 0, '153<main.rpyeffect:153(Name(step2835))>+3: {"op": "Jump". "target": 4}')
debug_merge_point(0, 0, '4<main.rpyeffect:4(Name(infixEq72))>+0: {"op": "PrimOp". "name": "infixEq(Int. Int): Boolean". "out": {"any": [0]}. "in": {"any": [0. 1]}}')
+360: i43 = int_eq(i41, 0)
debug_merge_point(0, 0, '4<main.rpyeffect:4(Name(infixEq72))>+1: {"op": "Return". "args": {"any": [0]}}')
debug_merge_point(0, 0, '152<main.rpyeffect:152([k@Name(step2835)#313])>+0: {"op": "Swap". "type": "any". "a": 3. "b". 1}')
debug_merge_point(0, 0, '152<main.rpyeffect:152([k@Name(step2835)#313])>+1: {"op": "IfZero". "cond": 0. "then": {"tag": null. "target": 151. "args": {"any": []}}}')
guard_false(i43, descr=<Guard0x14884d190>) [p0, p1, p2, p3, p4, p5, p6, p7, p8, p9, p10, p11]
+368: guard_nonnull(p38, descr=<Guard0x14884d1c0>) [p0, p1, p2, p3, p4, p5, p6, p7, p8, p9, p10, p11]
+376: i44 = getfield_gc_i(p38, descr=<FieldS rpyeffect.stored_environment.Stack__arb.inst_target 16 pure>)
+380: guard_value(i44, 167, descr=<Guard0x14884d1f0>) [p0, p1, p2, p3, p4, p5, p6, p7, p8, p9, p10, p11]
debug_merge_point(0, 0, '151<main.rpyeffect:151([then#317])>+0: {"op": "Push". "target": 150. "args": {"any": [3. 2]}}')
debug_merge_point(0, 0, '151<main.rpyeffect:151([then#317])>+1: {"op": "Copy". "type": "any". "from": 2. "to". 0}')
debug_merge_point(0, 0, '151<main.rpyeffect:151([then#317])>+2: {"op": "Jump". "target": 146}')
debug_merge_point(0, 0, '146<main.rpyeffect:146(Name(run2824))>+0: {"op": "PrimOp". "name": "freshlabel". "out": {"any": [2]}. "in": {"any": []}}')
debug_merge_point(0, 0, '146<main.rpyeffect:146(Name(run2824))>+1: {"op": "NewStack". "out": 3. "target": 138. "region": 4. "args": {"any": []}. "label": 2}')
debug_merge_point(0, 0, '146<main.rpyeffect:146(Name(run2824))>+2: {"op": "PushStack". "arg": 3}')
+396: i47 = instance_ptr_eq(p11, ConstPtr(ptr46))
guard_true(i47, descr=<Guard0x14884d220>) [p0, p1, p2, p3, p4, p5, p6, p7, p8, p9, p10, p11]
debug_merge_point(0, 0, '146<main.rpyeffect:146(Name(run2824))>+3: {"op": "New". "out": 2. "targets": [144]. "args": {"any": [2]}}')
debug_merge_point(0, 0, '146<main.rpyeffect:146(Name(run2824))>+4: {"op": "Jump". "target": 135}')
debug_merge_point(0, 0, '135<main.rpyeffect:135(Name(loop2821))>+0: {"op": "Const". "type": "ptr". "out": 3. "format": "int". "value": "<IntValue object at 0x1485db7a0>"}')
debug_merge_point(0, 0, '135<main.rpyeffect:135(Name(loop2821))>+1: {"op": "Push". "target": 134. "args": {"any": [2. 0. 1]}}')
debug_merge_point(0, 0, '135<main.rpyeffect:135(Name(loop2821))>+2: {"op": "Copy". "type": "any". "from": 3. "to". 1}')
debug_merge_point(0, 0, '135<main.rpyeffect:135(Name(loop2821))>+3: {"op": "Jump". "target": 4}')
debug_merge_point(0, 0, '4<main.rpyeffect:4(Name(infixEq72))>+0: {"op": "PrimOp". "name": "infixEq(Int. Int): Boolean". "out": {"any": [0]}. "in": {"any": [0. 1]}}')
+408: p48 = new_with_vtable(descr=<SizeDescr 16>)
+520: p49 = new_with_vtable(descr=<SizeDescr 56>)
+532: p50 = new_with_vtable(descr=<SizeDescr 32>)
+544: setfield_gc(p50, ConstPtr(null), descr=<FieldP rpyeffect.stored_environment.Stack__arb.inst_tail 8 pure>)
+552: setfield_gc(p50, 138, descr=<FieldS rpyeffect.stored_environment.Stack__arb.inst_target 16 pure>)
+560: p53 = new_with_vtable(descr=<SizeDescr 32>)
+576: setfield_gc(p53, ConstPtr(ptr54), descr=<FieldP rpyeffect.codata.CoData.inst_vtable 8 pure>)
+580: setfield_gc(p53, p48, descr=<FieldP rpyeffect.stored_environment.CoData__1.inst_values_ptr_0 24 pure>)
+584: p55 = new_with_vtable(descr=<SizeDescr 16>)
+596: setfield_gc(p55, i35, descr=<FieldS rpyeffect.value.IntValue.inst_value 8 pure>)
+600: p56 = new_with_vtable(descr=<SizeDescr 40>)
+612: p57 = new_with_vtable(descr=<SizeDescr 48>)
+624: setfield_gc(p57, p38, descr=<FieldP rpyeffect.stored_environment.Stack__arb.inst_tail 8 pure>)
+628: setfield_gc(p57, 150, descr=<FieldS rpyeffect.stored_environment.Stack__arb.inst_target 16 pure>)
+636: p59 = new_with_vtable(descr=<SizeDescr 16>)
+648: setfield_gc(p59, i41, descr=<FieldS rpyeffect.value.IntValue.inst_value 8 pure>)
+652: setfield_gc(p57, p59, descr=<FieldP rpyeffect.stored_environment.Stack__2.inst_values_ptr_0 32 pure>)
+656: setfield_gc(p57, p37, descr=<FieldP rpyeffect.stored_environment.Stack__2.inst_values_ptr_1 40 pure>)
+660: p60 = new_with_vtable(descr=<SizeDescr 24>)
+672: setfield_gc(p49, 134, descr=<FieldS rpyeffect.stored_environment.Stack__arb.inst_target 16 pure>)
+680: setfield_gc(p49, p50, descr=<FieldP rpyeffect.stored_environment.Stack__arb.inst_tail 8 pure>)
+684: setfield_gc(p48, 149504, descr=<FieldS rpyeffect.stack.Label.inst_origin 8 pure>)
+696: setfield_gc(p49, p53, descr=<FieldP rpyeffect.stored_environment.Stack__3.inst_values_ptr_0 32 pure>)
+700: setfield_gc(p49, p37, descr=<FieldP rpyeffect.stored_environment.Stack__3.inst_values_ptr_1 40 pure>)
+704: setfield_gc(p49, p55, descr=<FieldP rpyeffect.stored_environment.Stack__3.inst_values_ptr_2 48 pure>)
+708: setfield_gc(p56, p57, descr=<FieldP rpyeffect.stack.MetaStackLike.inst_stack 8 pure>)
+712: setfield_gc(p56, p8, descr=<FieldP rpyeffect.stack.MetaStack.inst_label 16 pure>)
+720: setfield_gc(p56, ConstPtr(null), descr=<FieldP rpyeffect.stack.MetaStack.inst_region 24 pure>)
+728: setfield_gc(p56, p10, descr=<FieldP rpyeffect.stack.MetaStack.inst_tail 32 pure>)
+740: setfield_gc(p60, ConstPtr(ptr64), descr=<FieldP rpyeffect.region.Region.inst_boxes 8 pure>)
+748: setfield_gc(p60, ConstPtr(ptr65), descr=<FieldP rpyeffect.region.Region.inst_refs 16>)
+788: jump(p48, p49, p0, p56, ConstPtr(ptr66), p37, ConstPtr(ptr67), p53, ConstPtr(ptr68), p60, p6, p7, descr=TargetToken(5509132768))
+916: --end of the loop--
[1e3f223] jit-log-opt-bridge}
[1e62b25] {jit-log-opt-bridge
# bridge out of Guard 0x1485f8e90 with 29 ops
[p0, p1, p2, p3, p4, p5, p6, p7, p8, p9, p10, p11, i12]
+136: guard_not_invalidated(descr=<Guard0x1485e3190>) [p0, p1, p2, p3, p4, p5, p6, p7, p8, p9, p10, p11, i12]
+140: i14 = int_eq(i12, 0)
debug_merge_point(0, 0, '4<main.rpyeffect:4(Name(infixEq72))>+1: {"op": "Return". "args": {"any": [0]}}')
debug_merge_point(0, 0, '134<main.rpyeffect:134([k@Name(loop2821)#264])>+0: {"op": "Swap". "type": "any". "a": 2. "b". 1}')
debug_merge_point(0, 0, '134<main.rpyeffect:134([k@Name(loop2821)#264])>+1: {"op": "Swap". "type": "any". "a": 0. "b". 1}')
debug_merge_point(0, 0, '134<main.rpyeffect:134([k@Name(loop2821)#264])>+2: {"op": "Swap". "type": "any". "a": 3. "b". 1}')
debug_merge_point(0, 0, '134<main.rpyeffect:134([k@Name(loop2821)#264])>+3: {"op": "IfZero". "cond": 3. "then": {"tag": null. "target": 133. "args": {"any": []}}}')
guard_true(i14, descr=<Guard0x14884d340>) [p0, p1, p2, p3, p4, p5, p6, p7, p8, p9, p10, p11, i12]
debug_merge_point(0, 0, '134<main.rpyeffect:134([k@Name(loop2821)#264])>+4: {"op": "Copy". "type": "any". "from": 1. "to". 0}')
debug_merge_point(0, 0, '134<main.rpyeffect:134([k@Name(loop2821)#264])>+5: {"op": "Return". "args": {"any": [0]}}')
+148: guard_nonnull_class(p11, ConstClass(Stack__0), descr=<Guard0x1485e31d8>) [p0, p1, p2, p3, p4, p5, p6, p7, p8, p9, p10, p11, i12]
+176: i16 = getfield_gc_i(p11, descr=<FieldS rpyeffect.stored_environment.Stack__arb.inst_target 16 pure>)
+180: guard_value(i16, 138, descr=<Guard0x14884d370>) [p0, p1, p2, p3, p4, p5, p6, p7, p8, p9, p10, p11, i12]
+192: p18 = getfield_gc_r(p11, descr=<FieldP rpyeffect.stored_environment.Stack__arb.inst_tail 8 pure>)
debug_merge_point(0, 0, '138<main.rpyeffect:138([return_clause@Name(run2824)#282])>+0: {"op": "Return". "args": {"any": [0]}}')
+196: guard_isnull(p18, descr=<Guard0x14884d3a0>) [p0, p1, p2, p3, p4, p5, p6, p7, p8, p9, p10, p11, i12]
debug_merge_point(0, 0, '143<main.rpyeffect:143([#290])>+0: {"op": "Const". "type": "ptr". "out": 2. "format": "int". "value": "<IntValue object at 0x1485db640>"}')
debug_merge_point(0, 0, '143<main.rpyeffect:143([#290])>+1: {"op": "Push". "target": 142. "args": {"any": [1]}}')
debug_merge_point(0, 0, '143<main.rpyeffect:143([#290])>+2: {"op": "Copy". "type": "any". "from": 0. "to". 1}')
debug_merge_point(0, 0, '143<main.rpyeffect:143([#290])>+3: {"op": "Copy". "type": "any". "from": 2. "to". 0}')
debug_merge_point(0, 0, '143<main.rpyeffect:143([#290])>+4: {"op": "Jump". "target": 7}')
debug_merge_point(0, 0, '7<main.rpyeffect:7(Name(infixMul99))>+0: {"op": "PrimOp". "name": "infixMul(Int. Int): Int". "out": {"any": [0]}. "in": {"any": [0. 1]}}')
+204: p19 = new_with_vtable(descr=<SizeDescr 40>)
+308: p20 = new_with_vtable(descr=<SizeDescr 16>)
+320: setfield_gc(p19, 142, descr=<FieldS rpyeffect.stored_environment.Stack__arb.inst_target 16 pure>)
+328: setfield_gc(p19, p7, descr=<FieldP rpyeffect.stored_environment.Stack__arb.inst_tail 8 pure>)
+332: setfield_gc(p19, p6, descr=<FieldP rpyeffect.stored_environment.Stack__1.inst_values_ptr_0 32 pure>)
+336: setfield_gc(p20, 1, descr=<FieldU rpyeffect.value.BoolValue.inst_value 8 pure>)
+360: jump(p9, p19, p0, p8, ConstPtr(ptr23), ConstPtr(ptr24), p10, ConstPtr(ptr25), p20, p2, p3, p4, descr=TargetToken(5509132896))
+480: --end of the loop--
[1e66cbd] jit-log-opt-bridge}
[1ed0be3] {jit-log-opt-bridge
# bridge out of Guard 0x1485f91f0 with 121 ops
[p0, p1, p2, p3, p4, p5, p6, p7, p8, p9, i10]
+184: guard_not_invalidated(descr=<Guard0x1485e3220>) [p0, p1, p2, p3, p4, p5, p6, p7, p8, p9, i10]
+188: i12 = int_mul(503, i10)
debug_merge_point(0, 0, '7<main.rpyeffect:7(Name(infixMul99))>+1: {"op": "Return". "args": {"any": [0]}}')
debug_merge_point(0, 0, '142<main.rpyeffect:142([k@[#290]#294])>+0: {"op": "Push". "target": 141. "args": {"any": []}}')
debug_merge_point(0, 0, '142<main.rpyeffect:142([k@[#290]#294])>+1: {"op": "Swap". "type": "any". "a": 0. "b". 1}')
debug_merge_point(0, 0, '142<main.rpyeffect:142([k@[#290]#294])>+2: {"op": "Jump". "target": 8}')
debug_merge_point(0, 0, '8<main.rpyeffect:8(Name(infixSub105))>+0: {"op": "PrimOp". "name": "infixSub(Int. Int): Int". "out": {"any": [0]}. "in": {"any": [0. 1]}}')
+196: i13 = getfield_gc_i(p8, descr=<FieldS rpyeffect.value.IntValue.inst_value 8 pure>)
+200: i14 = int_sub(i13, i12)
debug_merge_point(0, 0, '8<main.rpyeffect:8(Name(infixSub105))>+1: {"op": "Return". "args": {"any": [0]}}')
debug_merge_point(0, 0, '141<main.rpyeffect:141([k@[k@[#290]#294]#297])>+0: {"op": "Const". "type": "ptr". "out": 1. "format": "int". "value": "<IntValue object at 0x1485db6b0>"}')
debug_merge_point(0, 0, '141<main.rpyeffect:141([k@[k@[#290]#294]#297])>+1: {"op": "Push". "target": 140. "args": {"any": []}}')
debug_merge_point(0, 0, '141<main.rpyeffect:141([k@[k@[#290]#294]#297])>+2: {"op": "Jump". "target": 6}')
debug_merge_point(0, 0, '6<main.rpyeffect:6(Name(infixAdd96))>+0: {"op": "PrimOp". "name": "infixAdd(Int. Int): Int". "out": {"any": [0]}. "in": {"any": [0. 1]}}')
+204: i16 = int_add(i14, 37)
debug_merge_point(0, 0, '6<main.rpyeffect:6(Name(infixAdd96))>+1: {"op": "Return". "args": {"any": [0]}}')
debug_merge_point(0, 0, '140<main.rpyeffect:140([k@[k@[k@[#290]#294]#297]#302])>+0: {"op": "Push". "target": 139. "args": {"any": []}}')
debug_merge_point(0, 0, '140<main.rpyeffect:140([k@[k@[k@[#290]#294]#297]#302])>+1: {"op": "Jump". "target": 128}')
debug_merge_point(0, 0, '128<main.rpyeffect:128(Name(abs2817))>+0: {"op": "Const". "type": "ptr". "out": 1. "format": "int". "value": "<IntValue object at 0x1485db8b0>"}')
debug_merge_point(0, 0, '128<main.rpyeffect:128(Name(abs2817))>+1: {"op": "Push". "target": 127. "args": {"any": [0]}}')
debug_merge_point(0, 0, '128<main.rpyeffect:128(Name(abs2817))>+2: {"op": "Jump". "target": 10}')
debug_merge_point(0, 0, '10<main.rpyeffect:10(Name(infixLt178))>+0: {"op": "PrimOp". "name": "infixLt(Int. Int): Boolean". "out": {"any": [0]}. "in": {"any": [0. 1]}}')
+208: i18 = int_lt(i16, 0)
debug_merge_point(0, 0, '10<main.rpyeffect:10(Name(infixLt178))>+1: {"op": "Return". "args": {"any": [0]}}')
debug_merge_point(0, 0, '127<main.rpyeffect:127([k@Name(abs2817)#254])>+0: {"op": "Swap". "type": "any". "a": 0. "b". 1}')
debug_merge_point(0, 0, '127<main.rpyeffect:127([k@Name(abs2817)#254])>+1: {"op": "IfZero". "cond": 1. "then": {"tag": null. "target": 126. "args": {"any": []}}}')
guard_true(i18, descr=<Guard0x14884d5b0>) [p0, p1, p2, p3, p4, p5, p6, p7, p8, p9, i10]
debug_merge_point(0, 0, '127<main.rpyeffect:127([k@Name(abs2817)#254])>+2: {"op": "Const". "type": "ptr". "out": 1. "format": "int". "value": "<IntValue object at 0x1485db8d0>"}')
debug_merge_point(0, 0, '127<main.rpyeffect:127([k@Name(abs2817)#254])>+3: {"op": "Swap". "type": "any". "a": 0. "b". 1}')
debug_merge_point(0, 0, '127<main.rpyeffect:127([k@Name(abs2817)#254])>+4: {"op": "Jump". "target": 8}')
debug_merge_point(0, 0, '8<main.rpyeffect:8(Name(infixSub105))>+0: {"op": "PrimOp". "name": "infixSub(Int. Int): Int". "out": {"any": [0]}. "in": {"any": [0. 1]}}')
+216: i19 = int_neg(i16)
debug_merge_point(0, 0, '8<main.rpyeffect:8(Name(infixSub105))>+1: {"op": "Return". "args": {"any": [0]}}')
debug_merge_point(0, 0, '139<main.rpyeffect:139([k@[k@[k@[k@[#290]#294]#297]#302]#305])>+0: {"op": "Const". "type": "ptr". "out": 1. "format": "int". "value": "<IntValue object at 0x1485db700>"}')
debug_merge_point(0, 0, '139<main.rpyeffect:139([k@[k@[k@[k@[#290]#294]#297]#302]#305])>+1: {"op": "Jump". "target": 9}')
+220: guard_nonnull(p9, descr=<Guard0x14884d5e0>) [p0, p1, p2, p3, p4, p5, p6, p7, p8, p9, i10]
+228: i20 = getfield_gc_i(p9, descr=<FieldS rpyeffect.stored_environment.Stack__arb.inst_target 16 pure>)
+232: guard_value(i20, 150, descr=<Guard0x14884d610>) [p0, p1, p2, p3, p4, p5, p6, p7, p8, p9, i10]
debug_merge_point(0, 0, '9<main.rpyeffect:9(Name(mod108))>+0: {"op": "PrimOp". "name": "mod(Int. Int): Int". "out": {"any": [0]}. "in": {"any": [0. 1]}}')
+244: i23 = int_rshift(i19, 63)
+252: i24 = int_xor(i19, i23)
+256: i26 = uint_mul_high(i24, -9086255505087856445)
+276: i28 = uint_rshift(i26, 9)
+284: i29 = int_xor(i28, i23)
+288: i31 = int_mul(i29, 1009)
+296: i32 = int_sub(i19, i31)
debug_merge_point(0, 0, '9<main.rpyeffect:9(Name(mod108))>+1: {"op": "Return". "args": {"any": [0]}}')
+300: p33 = getfield_gc_r(p9, descr=<FieldP rpyeffect.stored_environment.Stack__2.inst_values_ptr_0 32 pure>)
+304: p34 = getfield_gc_r(p9, descr=<FieldP rpyeffect.stored_environment.Stack__2.inst_values_ptr_1 40 pure>)
+308: p35 = getfield_gc_r(p9, descr=<FieldP rpyeffect.stored_environment.Stack__arb.inst_tail 8 pure>)
debug_merge_point(0, 0, '150<main.rpyeffect:150([k@[then#317]#319])>+0: {"op": "Const". "type": "ptr". "out": 3. "format": "int". "value": "<IntValue object at 0x1485db4a0>"}')
debug_merge_point(0, 0, '150<main.rpyeffect:150([k@[then#317]#319])>+1: {"op": "Push". "target": 149. "args": {"any": [2. 0]}}')
debug_merge_point(0, 0, '150<main.rpyeffect:150([k@[then#317]#319])>+2: {"op": "Copy". "type": "any". "from": 1. "to". 0}')
debug_merge_point(0, 0, '150<main.rpyeffect:150([k@[then#317]#319])>+3: {"op": "Copy". "type": "any". "from": 3. "to". 1}')
debug_merge_point(0, 0, '150<main.rpyeffect:150([k@[then#317]#319])>+4: {"op": "Jump". "target": 8}')
debug_merge_point(0, 0, '8<main.rpyeffect:8(Name(infixSub105))>+0: {"op": "PrimOp". "name": "infixSub(Int. Int): Int". "out": {"any": [0]}. "in": {"any": [0. 1]}}')
+312: i36 = getfield_gc_i(p33, descr=<FieldS rpyeffect.value.IntValue.inst_value 8 pure>)
+316: i38 = int_sub(i36, 1)
debug_merge_point(0, 0, '8<main.rpyeffect:8(Name(infixSub105))>+1: {"op": "Return". "args": {"any": [0]}}')
debug_merge_point(0, 0, '149<main.rpyeffect:149([k@[k@[then#317]#319]#323])>+0: {"op": "Swap". "type": "any". "a": 2. "b". 1}')
debug_merge_point(0, 0, '149<main.rpyeffect:149([k@[k@[then#317]#319]#323])>+1: {"op": "Jump". "target": 153}')
debug_merge_point(0, 0, '153<main.rpyeffect:153(Name(step2835))>+0: {"op": "Const". "type": "ptr". "out": 3. "format": "int". "value": "<IntValue object at 0x1485db410>"}')
debug_merge_point(0, 0, '153<main.rpyeffect:153(Name(step2835))>+1: {"op": "Push". "target": 152. "args": {"any": [0. 2. 1]}}')
debug_merge_point(0, 0, '153<main.rpyeffect:153(Name(step2835))>+2: {"op": "Copy". "type": "any". "from": 3. "to". 1}')
debug_merge_point(0, 0, '153<main.rpyeffect:153(Name(step2835))>+3: {"op": "Jump". "target": 4}')
debug_merge_point(0, 0, '4<main.rpyeffect:4(Name(infixEq72))>+0: {"op": "PrimOp". "name": "infixEq(Int. Int): Boolean". "out": {"any": [0]}. "in": {"any": [0. 1]}}')
+320: i40 = int_eq(i38, 0)
debug_merge_point(0, 0, '4<main.rpyeffect:4(Name(infixEq72))>+1: {"op": "Return". "args": {"any": [0]}}')
debug_merge_point(0, 0, '152<main.rpyeffect:152([k@Name(step2835)#313])>+0: {"op": "Swap". "type": "any". "a": 3. "b". 1}')
debug_merge_point(0, 0, '152<main.rpyeffect:152([k@Name(step2835)#313])>+1: {"op": "IfZero". "cond": 0. "then": {"tag": null. "target": 151. "args": {"any": []}}}')
guard_false(i40, descr=<Guard0x14884d640>) [p0, p1, p2, p3, p4, p5, p6, p7, p8, p9, i10]
+328: guard_nonnull(p35, descr=<Guard0x14884d670>) [p0, p1, p2, p3, p4, p5, p6, p7, p8, p9, i10]
+336: i41 = getfield_gc_i(p35, descr=<FieldS rpyeffect.stored_environment.Stack__arb.inst_target 16 pure>)
+340: guard_value(i41, 167, descr=<Guard0x14884d6a0>) [p0, p1, p2, p3, p4, p5, p6, p7, p8, p9, i10]
debug_merge_point(0, 0, '151<main.rpyeffect:151([then#317])>+0: {"op": "Push". "target": 150. "args": {"any": [3. 2]}}')
debug_merge_point(0, 0, '151<main.rpyeffect:151([then#317])>+1: {"op": "Copy". "type": "any". "from": 2. "to". 0}')
debug_merge_point(0, 0, '151<main.rpyeffect:151([then#317])>+2: {"op": "Jump". "target": 146}')
debug_merge_point(0, 0, '146<main.rpyeffect:146(Name(run2824))>+0: {"op": "PrimOp". "name": "freshlabel". "out": {"any": [2]}. "in": {"any": []}}')
debug_merge_point(0, 0, '146<main.rpyeffect:146(Name(run2824))>+1: {"op": "NewStack". "out": 3. "target": 138. "region": 4. "args": {"any": []}. "label": 2}')
debug_merge_point(0, 0, '146<main.rpyeffect:146(Name(run2824))>+2: {"op": "PushStack". "arg": 3}')
+356: i44 = instance_ptr_eq(p7, ConstPtr(ptr43))
guard_true(i44, descr=<Guard0x14884d6d0>) [p0, p1, p2, p3, p4, p5, p6, p7, p8, p9, i10]
debug_merge_point(0, 0, '146<main.rpyeffect:146(Name(run2824))>+3: {"op": "New". "out": 2. "targets": [144]. "args": {"any": [2]}}')
debug_merge_point(0, 0, '146<main.rpyeffect:146(Name(run2824))>+4: {"op": "Jump". "target": 135}')
debug_merge_point(0, 0, '135<main.rpyeffect:135(Name(loop2821))>+0: {"op": "Const". "type": "ptr". "out": 3. "format": "int". "value": "<IntValue object at 0x1485db7a0>"}')
debug_merge_point(0, 0, '135<main.rpyeffect:135(Name(loop2821))>+1: {"op": "Push". "target": 134. "args": {"any": [2. 0. 1]}}')
debug_merge_point(0, 0, '135<main.rpyeffect:135(Name(loop2821))>+2: {"op": "Copy". "type": "any". "from": 3. "to". 1}')
debug_merge_point(0, 0, '135<main.rpyeffect:135(Name(loop2821))>+3: {"op": "Jump". "target": 4}')
debug_merge_point(0, 0, '4<main.rpyeffect:4(Name(infixEq72))>+0: {"op": "PrimOp". "name": "infixEq(Int. Int): Boolean". "out": {"any": [0]}. "in": {"any": [0. 1]}}')
+368: p45 = new_with_vtable(descr=<SizeDescr 16>)
+472: p46 = new_with_vtable(descr=<SizeDescr 56>)
+484: p47 = new_with_vtable(descr=<SizeDescr 32>)
+496: setfield_gc(p47, ConstPtr(null), descr=<FieldP rpyeffect.stored_environment.Stack__arb.inst_tail 8 pure>)
+504: setfield_gc(p47, 138, descr=<FieldS rpyeffect.stored_environment.Stack__arb.inst_target 16 pure>)
+512: p50 = new_with_vtable(descr=<SizeDescr 32>)
+528: setfield_gc(p50, ConstPtr(ptr51), descr=<FieldP rpyeffect.codata.CoData.inst_vtable 8 pure>)
+532: setfield_gc(p50, p45, descr=<FieldP rpyeffect.stored_environment.CoData__1.inst_values_ptr_0 24 pure>)
+536: p52 = new_with_vtable(descr=<SizeDescr 16>)
+548: setfield_gc(p52, i32, descr=<FieldS rpyeffect.value.IntValue.inst_value 8 pure>)
+552: p53 = new_with_vtable(descr=<SizeDescr 40>)
+564: p54 = new_with_vtable(descr=<SizeDescr 48>)
+576: setfield_gc(p54, p35, descr=<FieldP rpyeffect.stored_environment.Stack__arb.inst_tail 8 pure>)
+580: setfield_gc(p54, 150, descr=<FieldS rpyeffect.stored_environment.Stack__arb.inst_target 16 pure>)
+588: p56 = new_with_vtable(descr=<SizeDescr 16>)
+600: setfield_gc(p56, i38, descr=<FieldS rpyeffect.value.IntValue.inst_value 8 pure>)
+604: setfield_gc(p54, p56, descr=<FieldP rpyeffect.stored_environment.Stack__2.inst_values_ptr_0 32 pure>)
+608: setfield_gc(p54, p34, descr=<FieldP rpyeffect.stored_environment.Stack__2.inst_values_ptr_1 40 pure>)
+612: p57 = new_with_vtable(descr=<SizeDescr 24>)
+624: setfield_gc(p46, 134, descr=<FieldS rpyeffect.stored_environment.Stack__arb.inst_target 16 pure>)
+632: setfield_gc(p46, p47, descr=<FieldP rpyeffect.stored_environment.Stack__arb.inst_tail 8 pure>)
+636: setfield_gc(p45, 149504, descr=<FieldS rpyeffect.stack.Label.inst_origin 8 pure>)
+648: setfield_gc(p46, p50, descr=<FieldP rpyeffect.stored_environment.Stack__3.inst_values_ptr_0 32 pure>)
+652: setfield_gc(p46, p34, descr=<FieldP rpyeffect.stored_environment.Stack__3.inst_values_ptr_1 40 pure>)
+656: setfield_gc(p46, p52, descr=<FieldP rpyeffect.stored_environment.Stack__3.inst_values_ptr_2 48 pure>)
+660: setfield_gc(p53, p54, descr=<FieldP rpyeffect.stack.MetaStackLike.inst_stack 8 pure>)
+664: setfield_gc(p53, p5, descr=<FieldP rpyeffect.stack.MetaStack.inst_label 16 pure>)
+672: setfield_gc(p53, ConstPtr(null), descr=<FieldP rpyeffect.stack.MetaStack.inst_region 24 pure>)
+680: setfield_gc(p53, p6, descr=<FieldP rpyeffect.stack.MetaStack.inst_tail 32 pure>)
+692: setfield_gc(p57, ConstPtr(ptr61), descr=<FieldP rpyeffect.region.Region.inst_boxes 8 pure>)
+700: setfield_gc(p57, ConstPtr(ptr62), descr=<FieldP rpyeffect.region.Region.inst_refs 16>)
+740: jump(p45, p46, p0, p53, ConstPtr(ptr63), p34, ConstPtr(ptr64), p50, ConstPtr(ptr65), p57, p3, p4, descr=TargetToken(5509132768))
+856: --end of the loop--
[1ee9f0c] jit-log-opt-bridge}
[1f93d78] {jit-log-opt-bridge
# bridge out of Guard 0x1485f8e60 with 67 ops
[p0, p1, p2, p3, p4, p5, p6, p7, p8, p9, p10, p11]
+216: guard_not_invalidated(descr=<Guard0x1485e3268>) [p0, p1, p2, p3, p4, p5, p6, p7, p8, p9, p10, p11]
+220: i12 = getfield_gc_i(p1, descr=<FieldS rpyeffect.value.IntValue.inst_value 8 pure>)
+224: i13 = getfield_gc_i(p2, descr=<FieldS rpyeffect.value.IntValue.inst_value 8 pure>)
+228: i14 = int_eq(i12, i13)
debug_merge_point(0, 0, '4<main.rpyeffect:4(Name(infixEq72))>+1: {"op": "Return". "args": {"any": [0]}}')
+236: guard_nonnull(p9, descr=<Guard0x14884dc40>) [p0, p1, p2, p3, p4, p5, p6, p7, p8, p9, p10, p11]
+244: i15 = getfield_gc_i(p9, descr=<FieldS rpyeffect.stored_environment.Stack__arb.inst_target 16 pure>)
+248: guard_value(i15, 134, descr=<Guard0x14884dc70>) [p0, p1, p2, p3, p4, p5, p6, p7, p8, p9, p10, p11]
+260: p17 = getfield_gc_r(p9, descr=<FieldP rpyeffect.stored_environment.Stack__3.inst_values_ptr_0 32 pure>)
+264: p18 = getfield_gc_r(p9, descr=<FieldP rpyeffect.stored_environment.Stack__3.inst_values_ptr_1 40 pure>)
+268: p19 = getfield_gc_r(p9, descr=<FieldP rpyeffect.stored_environment.Stack__3.inst_values_ptr_2 48 pure>)
+272: p20 = getfield_gc_r(p9, descr=<FieldP rpyeffect.stored_environment.Stack__arb.inst_tail 8 pure>)
debug_merge_point(0, 0, '134<main.rpyeffect:134([k@Name(loop2821)#264])>+0: {"op": "Swap". "type": "any". "a": 2. "b". 1}')
debug_merge_point(0, 0, '134<main.rpyeffect:134([k@Name(loop2821)#264])>+1: {"op": "Swap". "type": "any". "a": 0. "b". 1}')
debug_merge_point(0, 0, '134<main.rpyeffect:134([k@Name(loop2821)#264])>+2: {"op": "Swap". "type": "any". "a": 3. "b". 1}')
debug_merge_point(0, 0, '134<main.rpyeffect:134([k@Name(loop2821)#264])>+3: {"op": "IfZero". "cond": 3. "then": {"tag": null. "target": 133. "args": {"any": []}}}')
+276: guard_false(i14, descr=<Guard0x14884dca0>) [p0, p1, p2, p3, p4, p5, p6, p7, p8, p9, p10, p11]
+284: guard_nonnull(p20, descr=<Guard0x14884dcd0>) [p0, p1, p2, p3, p4, p5, p6, p7, p8, p9, p10, p11]
+292: i21 = getfield_gc_i(p20, descr=<FieldS rpyeffect.stored_environment.Stack__arb.inst_target 16 pure>)
+296: guard_value(i21, 138, descr=<Guard0x14884dd00>) [p0, p1, p2, p3, p4, p5, p6, p7, p8, p9, p10, p11]
debug_merge_point(0, 0, '133<main.rpyeffect:133([then#268])>+0: {"op": "Push". "target": 132. "args": {"any": [2. 0. 1]}}')
debug_merge_point(0, 0, '133<main.rpyeffect:133([then#268])>+1: {"op": "Invoke". "receiver": 2. "tag": Interned(Operator2829). "args" : {"any": [0]}}')
+308: p23 = getfield_gc_r(p17, descr=<FieldP rpyeffect.codata.CoData.inst_vtable 8 pure>)
+316: guard_value(p23, ConstPtr(ptr24), descr=<Guard0x14884dd30>) [p0, p1, p2, p3, p4, p5, p6, p7, p8, p9, p10, p11]
+324: p25 = getfield_gc_r(p17, descr=<FieldP rpyeffect.stored_environment.CoData__1.inst_values_ptr_0 24 pure>)
debug_merge_point(0, 0, '144<main.rpyeffect:144([method_Operator2829@Name(run2824)#284])>+0: {"op": "Const". "type": "ptr". "out": 2. "format": "int". "value": "<IntValue object at 0x1485db610>"}')
debug_merge_point(0, 0, '144<main.rpyeffect:144([method_Operator2829@Name(run2824)#284])>+1: {"op": "ShiftDyn". "out": 1. "n": 2. "label": 1}')
+332: i27 = instance_ptr_eq(p11, ConstPtr(ptr26))
guard_true(i27, descr=<Guard0x14884dd60>) [p0, p1, p2, p3, p4, p5, p6, p7, p8, p9, p10, p11]
+340: guard_nonnull(p8, descr=<Guard0x14884dd90>) [p0, p1, p2, p3, p4, p5, p6, p7, p8, p9, p10, p11]
+348: guard_nonnull(p25, descr=<Guard0x14884ddc0>) [p0, p1, p2, p3, p4, p5, p6, p7, p8, p9, p10, p11]
+356: i28 = getfield_gc_i(p8, descr=<FieldS rpyeffect.stack.Label.inst_origin 8 pure>)
+360: guard_value(i28, 149504, descr=<Guard0x14884ddf0>) [p0, p1, p2, p3, p4, p5, p6, p7, p8, p9, p10, p11]
+376: i30 = getfield_gc_i(p25, descr=<FieldS rpyeffect.stack.Label.inst_origin 8 pure>)
+380: guard_value(i30, 149504, descr=<Guard0x14884de20>) [p0, p1, p2, p3, p4, p5, p6, p7, p8, p9, p10, p11]
+396: i32 = instance_ptr_eq(p8, p25)
guard_true(i32, descr=<Guard0x14884de50>) [p0, p1, p2, p3, p4, p5, p6, p7, p8, p9, p10, p11]
+404: guard_nonnull_class(p10, 4365444760, descr=<Guard0x1485e32b0>) [p0, p1, p2, p3, p4, p5, p6, p7, p8, p9, p10, p11]
+428: p34 = getfield_gc_r(p10, descr=<FieldP rpyeffect.stack.MetaStackLike.inst_stack 8 pure>)
+432: p35 = getfield_gc_r(p10, descr=<FieldP rpyeffect.stack.MetaStack.inst_label 16 pure>)
+436: p36 = getfield_gc_r(p10, descr=<FieldP rpyeffect.stack.MetaStack.inst_tail 32 pure>)
+440: guard_nonnull(p34, descr=<Guard0x14884de80>) [p0, p1, p2, p3, p4, p5, p6, p7, p8, p9, p10, p11]
+448: i37 = getfield_gc_i(p34, descr=<FieldS rpyeffect.stored_environment.Stack__arb.inst_target 16 pure>)
+452: guard_value(i37, 150, descr=<Guard0x14884deb0>) [p0, p1, p2, p3, p4, p5, p6, p7, p8, p9, p10, p11]
debug_merge_point(0, 0, '144<main.rpyeffect:144([method_Operator2829@Name(run2824)#284])>+2: {"op": "Construct". "out": 2. "type": Interned(Unit). "tag": Interned(unit). "args": {"any": []}}')
debug_merge_point(0, 0, '144<main.rpyeffect:144([method_Operator2829@Name(run2824)#284])>+3: {"op": "Push". "target": 143. "args": {"any": [0]}}')
debug_merge_point(0, 0, '144<main.rpyeffect:144([method_Operator2829@Name(run2824)#284])>+4: {"op": "Copy". "type": "any". "from": 2. "to". 0}')
debug_merge_point(0, 0, '144<main.rpyeffect:144([method_Operator2829@Name(run2824)#284])>+5: {"op": "Jump". "target": 136}')
debug_merge_point(0, 0, '136<main.rpyeffect:136(Name(resume2831))>+0: {"op": "PushStack". "arg": 1}')
debug_merge_point(0, 0, '136<main.rpyeffect:136(Name(resume2831))>+1: {"op": "Return". "args": {"any": [0]}}')
debug_merge_point(0, 0, '132<main.rpyeffect:132([k@[then#268]#270])>+0: {"op": "Const". "type": "ptr". "out": 0. "format": "int". "value": "<IntValue object at 0x1485db830>"}')
debug_merge_point(0, 0, '132<main.rpyeffect:132([k@[then#268]#270])>+1: {"op": "Push". "target": 131. "args": {"any": [1. 3]}}')
debug_merge_point(0, 0, '132<main.rpyeffect:132([k@[then#268]#270])>+2: {"op": "Copy". "type": "any". "from": 0. "to". 1}')
debug_merge_point(0, 0, '132<main.rpyeffect:132([k@[then#268]#270])>+3: {"op": "Copy". "type": "any". "from": 2. "to". 0}')
debug_merge_point(0, 0, '132<main.rpyeffect:132([k@[then#268]#270])>+4: {"op": "Jump". "target": 8}')
debug_merge_point(0, 0, '8<main.rpyeffect:8(Name(infixSub105))>+0: {"op": "PrimOp". "name": "infixSub(Int. Int): Int". "out": {"any": [0]}. "in": {"any": [0. 1]}}')
+464: i39 = getfield_gc_i(p18, descr=<FieldS rpyeffect.value.IntValue.inst_value 8 pure>)
+468: i41 = int_sub(i39, 1)
debug_merge_point(0, 0, '8<main.rpyeffect:8(Name(infixSub105))>+1: {"op": "Return". "args": {"any": [0]}}')
debug_merge_point(0, 0, '131<main.rpyeffect:131([k@[k@[then#268]#270]#274])>+0: {"op": "Swap". "type": "any". "a": 2. "b". 1}')
debug_merge_point(0, 0, '131<main.rpyeffect:131([k@[k@[then#268]#270]#274])>+1: {"op": "Jump". "target": 135}')
debug_merge_point(0, 0, '135<main.rpyeffect:135(Name(loop2821))>+0: {"op": "Const". "type": "ptr". "out": 3. "format": "int". "value": "<IntValue object at 0x1485db7a0>"}')
debug_merge_point(0, 0, '135<main.rpyeffect:135(Name(loop2821))>+1: {"op": "Push". "target": 134. "args": {"any": [2. 0. 1]}}')
debug_merge_point(0, 0, '135<main.rpyeffect:135(Name(loop2821))>+2: {"op": "Copy". "type": "any". "from": 3. "to". 1}')
debug_merge_point(0, 0, '135<main.rpyeffect:135(Name(loop2821))>+3: {"op": "Jump". "target": 4}')
debug_merge_point(0, 0, '4<main.rpyeffect:4(Name(infixEq72))>+0: {"op": "PrimOp". "name": "infixEq(Int. Int): Boolean". "out": {"any": [0]}. "in": {"any": [0. 1]}}')
+472: jump(p8, p20, p17, i41, p19, p0, p34, p18, p35, p36, p5, p6, p7, p25, descr=TargetToken(5509132832))
+532: --end of the loop--
[1f9f510] jit-log-opt-bridge}
[67c7797] {jit-summary
Tracing:      	10	0.003071
Backend:      	10	0.000871
TOTAL:      		0.105269
ops:             	11808
heapcached ops:  	2323
recorded ops:    	2911
  calls:         	915
guards:          	388
opt ops:         	831
opt guards:      	104
opt guards shared:	88
forcings:        	0
abort: trace too long:	0
abort: compiling:	0
abort: vable escape:	0
abort: bad loop: 	0
abort: force quasi-immut:	0
abort: segmenting trace:	0
virtualizables forced:	0
nvirtuals:       	14
nvholes:         	0
nvreused:        	0
vecopt tried:    	0
vecopt success:  	0
Total # of loops:	5
Total # of bridges:	5
Freed # of loops:	0
Freed # of bridges:	0
[67ca1e8] jit-summary}
