[83246d] {jit-log-opt-loop
# Loop 1 (8<main.rpyeffect:8(Name(infixSub105))>+0: {"op": "PrimOp", "name": "infixSub(Int, Int): Int", "out": {"any": [0]}, "in": {"any": [0, 1]}}) : loop with 110 ops
[p0, p1, p2, p3, p4]
+280: p5 = getfield_gc_r(p2, descr=<FieldP rpyeffect.environment.Environment.inst_values_ptr 16>)
+288: p7 = getarrayitem_gc_r(p5, 0, descr=<ArrayP 8>)
+292: p9 = getarrayitem_gc_r(p5, 1, descr=<ArrayP 8>)
+296: p11 = getarrayitem_gc_r(p5, 2, descr=<ArrayP 8>)
+300: p13 = getarrayitem_gc_r(p5, 3, descr=<ArrayP 8>)
+304: p15 = getarrayitem_gc_r(p5, 4, descr=<ArrayP 8>)
+308: p17 = getarrayitem_gc_r(p5, 5, descr=<ArrayP 8>)
+312: p19 = getarrayitem_gc_r(p5, 6, descr=<ArrayP 8>)
+316: label(p0, p1, p2, p3, p4, p7, p9, p11, p13, p15, p17, p19, descr=TargetToken(5509124576))
debug_merge_point(0, 0, '8<main.rpyeffect:8(Name(infixSub105))>+0: {"op": "PrimOp". "name": "infixSub(Int. Int): Int". "out": {"any": [0]}. "in": {"any": [0. 1]}}')
+336: guard_not_invalidated(descr=<Guard0x1485e2c38>) [p2, p7, p9, p11, p13, p15, p17, p19, p0, p1, p3, p4]
+340: i20 = getfield_gc_i(p7, descr=<FieldS rpyeffect.value.IntValue.inst_value 8 pure>)
+344: i21 = getfield_gc_i(p9, descr=<FieldS rpyeffect.value.IntValue.inst_value 8 pure>)
+348: i22 = int_sub(i20, i21)
debug_merge_point(0, 0, '8<main.rpyeffect:8(Name(infixSub105))>+1: {"op": "Return". "args": {"any": [0]}}')
+352: guard_nonnull(p1, descr=<Guard0x1485f8ad0>) [p2, p7, p9, p11, p13, p15, p17, p19, p0, p1, p3, p4]
+364: i23 = getfield_gc_i(p1, descr=<FieldS rpyeffect.stored_environment.Stack__arb.inst_target 16 pure>)
+372: guard_value(i23, 131, descr=<Guard0x1485f8b00>) [p2, p7, p9, p11, p13, p15, p17, p19, p0, p1, p3, p4]
+384: p25 = getfield_gc_r(p1, descr=<FieldP rpyeffect.stored_environment.Stack__2.inst_values_ptr_0 32 pure>)
+388: p26 = getfield_gc_r(p1, descr=<FieldP rpyeffect.stored_environment.Stack__2.inst_values_ptr_1 40 pure>)
+392: p27 = getfield_gc_r(p1, descr=<FieldP rpyeffect.stored_environment.Stack__arb.inst_tail 8 pure>)
debug_merge_point(0, 0, '131<main.rpyeffect:131([k@[k@[then#268]#270]#274])>+0: {"op": "Swap". "type": "any". "a": 2. "b". 1}')
debug_merge_point(0, 0, '131<main.rpyeffect:131([k@[k@[then#268]#270]#274])>+1: {"op": "Jump". "target": 135}')
debug_merge_point(0, 0, '135<main.rpyeffect:135(Name(loop2821))>+0: {"op": "Const". "type": "ptr". "out": 3. "format": "int". "value": "<IntValue object at 0x1485db7b0>"}')
debug_merge_point(0, 0, '135<main.rpyeffect:135(Name(loop2821))>+1: {"op": "Push". "target": 134. "args": {"any": [2. 0. 1]}}')
debug_merge_point(0, 0, '135<main.rpyeffect:135(Name(loop2821))>+2: {"op": "Copy". "type": "any". "from": 3. "to". 1}')
debug_merge_point(0, 0, '135<main.rpyeffect:135(Name(loop2821))>+3: {"op": "Jump". "target": 4}')
debug_merge_point(0, 0, '4<main.rpyeffect:4(Name(infixEq72))>+0: {"op": "PrimOp". "name": "infixEq(Int. Int): Boolean". "out": {"any": [0]}. "in": {"any": [0. 1]}}')
+396: i29 = int_eq(i22, 0)
debug_merge_point(0, 0, '4<main.rpyeffect:4(Name(infixEq72))>+1: {"op": "Return". "args": {"any": [0]}}')
debug_merge_point(0, 0, '134<main.rpyeffect:134([k@Name(loop2821)#264])>+0: {"op": "Swap". "type": "any". "a": 2. "b". 1}')
debug_merge_point(0, 0, '134<main.rpyeffect:134([k@Name(loop2821)#264])>+1: {"op": "Swap". "type": "any". "a": 0. "b". 1}')
debug_merge_point(0, 0, '134<main.rpyeffect:134([k@Name(loop2821)#264])>+2: {"op": "Swap". "type": "any". "a": 3. "b". 1}')
debug_merge_point(0, 0, '134<main.rpyeffect:134([k@Name(loop2821)#264])>+3: {"op": "IfZero". "cond": 3. "then": {"tag": null. "target": 133. "args": {"any": []}}}')
guard_false(i29, descr=<Guard0x1485f8b30>) [p2, p7, p9, p11, p13, p15, p17, p19, p0, p1, p3, p4]
debug_merge_point(0, 0, '133<main.rpyeffect:133([then#268])>+0: {"op": "Push". "target": 132. "args": {"any": [2. 0. 1]}}')
debug_merge_point(0, 0, '133<main.rpyeffect:133([then#268])>+1: {"op": "Invoke". "receiver": 2. "tag": Interned(Operator2829). "args" : {"any": [0]}}')
+404: p30 = getfield_gc_r(p25, descr=<FieldP rpyeffect.codata.CoData.inst_vtable 8 pure>)
+412: guard_value(p30, ConstPtr(ptr31), descr=<Guard0x1485f8b60>) [p2, p7, p9, p11, p13, p15, p17, p19, p0, p1, p3, p4]
+420: p32 = getfield_gc_r(p25, descr=<FieldP rpyeffect.stored_environment.CoData__1.inst_values_ptr_0 24 pure>)
debug_merge_point(0, 0, '144<main.rpyeffect:144([method_Operator2829@Name(run2824)#284])>+0: {"op": "Const". "type": "ptr". "out": 2. "format": "int". "value": "<IntValue object at 0x1485db620>"}')
debug_merge_point(0, 0, '144<main.rpyeffect:144([method_Operator2829@Name(run2824)#284])>+1: {"op": "ShiftDyn". "out": 1. "n": 2. "label": 1}')
+428: i34 = instance_ptr_eq(p4, ConstPtr(ptr33))
guard_true(i34, descr=<Guard0x1485f8b90>) [p2, p7, p9, p11, p13, p15, p17, p19, p0, p1, p3, p4]
+440: guard_nonnull(p0, descr=<Guard0x1485f8bc0>) [p2, p7, p9, p11, p13, p15, p17, p19, p0, p1, p3, p4]
+452: guard_nonnull(p32, descr=<Guard0x1485f8bf0>) [p2, p7, p9, p11, p13, p15, p17, p19, p0, p1, p3, p4]
+460: i35 = getfield_gc_i(p0, descr=<FieldS rpyeffect.stack.Label.inst_origin 8 pure>)
+468: guard_value(i35, 149504, descr=<Guard0x1485f8c20>) [p2, p7, p9, p11, p13, p15, p17, p19, p0, p1, p3, p4]
+484: i37 = getfield_gc_i(p32, descr=<FieldS rpyeffect.stack.Label.inst_origin 8 pure>)
+488: guard_value(i37, 149504, descr=<Guard0x1485f8c50>) [p2, p7, p9, p11, p13, p15, p17, p19, p0, p1, p3, p4]
+504: i39 = instance_ptr_eq(p0, p32)
guard_true(i39, descr=<Guard0x1485f8c80>) [p2, p7, p9, p11, p13, p15, p17, p19, p0, p1, p3, p4]
+512: guard_nonnull_class(p3, 4314277680, descr=<Guard0x1485e2c80>) [p2, p7, p9, p11, p13, p15, p17, p19, p0, p1, p3, p4]
+540: p41 = getfield_gc_r(p3, descr=<FieldP rpyeffect.stack.MetaStackLike.inst_stack 8 pure>)
+544: p42 = getfield_gc_r(p3, descr=<FieldP rpyeffect.stack.MetaStack.inst_label 16 pure>)
+548: p43 = getfield_gc_r(p3, descr=<FieldP rpyeffect.stack.MetaStack.inst_tail 32 pure>)
debug_merge_point(0, 0, '144<main.rpyeffect:144([method_Operator2829@Name(run2824)#284])>+2: {"op": "Construct". "out": 2. "type": Interned(Unit). "tag": Interned(unit). "args": {"any": []}}')
debug_merge_point(0, 0, '144<main.rpyeffect:144([method_Operator2829@Name(run2824)#284])>+3: {"op": "Push". "target": 143. "args": {"any": [0]}}')
debug_merge_point(0, 0, '144<main.rpyeffect:144([method_Operator2829@Name(run2824)#284])>+4: {"op": "Copy". "type": "any". "from": 2. "to". 0}')
debug_merge_point(0, 0, '144<main.rpyeffect:144([method_Operator2829@Name(run2824)#284])>+5: {"op": "Jump". "target": 136}')
debug_merge_point(0, 0, '136<main.rpyeffect:136(Name(resume2831))>+0: {"op": "PushStack". "arg": 1}')
debug_merge_point(0, 0, '136<main.rpyeffect:136(Name(resume2831))>+1: {"op": "Return". "args": {"any": [0]}}')
debug_merge_point(0, 0, '132<main.rpyeffect:132([k@[then#268]#270])>+0: {"op": "Const". "type": "ptr". "out": 0. "format": "int". "value": "<IntValue object at 0x1485db840>"}')
debug_merge_point(0, 0, '132<main.rpyeffect:132([k@[then#268]#270])>+1: {"op": "Push". "target": 131. "args": {"any": [1. 3]}}')
debug_merge_point(0, 0, '132<main.rpyeffect:132([k@[then#268]#270])>+2: {"op": "Copy". "type": "any". "from": 0. "to". 1}')
debug_merge_point(0, 0, '132<main.rpyeffect:132([k@[then#268]#270])>+3: {"op": "Copy". "type": "any". "from": 2. "to". 0}')
debug_merge_point(0, 0, '132<main.rpyeffect:132([k@[then#268]#270])>+4: {"op": "Jump". "target": 8}')
debug_merge_point(0, 0, '8<main.rpyeffect:8(Name(infixSub105))>+0: {"op": "PrimOp". "name": "infixSub(Int. Int): Int". "out": {"any": [0]}. "in": {"any": [0. 1]}}')
+552: label(p0, p27, p25, p26, p2, p41, i22, p42, p43, p15, p17, p19, p32, descr=TargetToken(5509124640))
debug_merge_point(0, 0, '8<main.rpyeffect:8(Name(infixSub105))>+0: {"op": "PrimOp". "name": "infixSub(Int. Int): Int". "out": {"any": [0]}. "in": {"any": [0. 1]}}')
+576: guard_not_invalidated(descr=<Guard0x1485e2cc8>) [p2, p26, p15, p17, p19, p0, p41, p43, p42, p25, p27, i22]
+580: i45 = int_sub(i22, 1)
debug_merge_point(0, 0, '8<main.rpyeffect:8(Name(infixSub105))>+1: {"op": "Return". "args": {"any": [0]}}')
debug_merge_point(0, 0, '131<main.rpyeffect:131([k@[k@[then#268]#270]#274])>+0: {"op": "Swap". "type": "any". "a": 2. "b". 1}')
debug_merge_point(0, 0, '131<main.rpyeffect:131([k@[k@[then#268]#270]#274])>+1: {"op": "Jump". "target": 135}')
debug_merge_point(0, 0, '135<main.rpyeffect:135(Name(loop2821))>+0: {"op": "Const". "type": "ptr". "out": 3. "format": "int". "value": "<IntValue object at 0x1485db7b0>"}')
debug_merge_point(0, 0, '135<main.rpyeffect:135(Name(loop2821))>+1: {"op": "Push". "target": 134. "args": {"any": [2. 0. 1]}}')
debug_merge_point(0, 0, '135<main.rpyeffect:135(Name(loop2821))>+2: {"op": "Copy". "type": "any". "from": 3. "to". 1}')
debug_merge_point(0, 0, '135<main.rpyeffect:135(Name(loop2821))>+3: {"op": "Jump". "target": 4}')
debug_merge_point(0, 0, '4<main.rpyeffect:4(Name(infixEq72))>+0: {"op": "PrimOp". "name": "infixEq(Int. Int): Boolean". "out": {"any": [0]}. "in": {"any": [0. 1]}}')
+584: i47 = int_eq(i45, 0)
debug_merge_point(0, 0, '4<main.rpyeffect:4(Name(infixEq72))>+1: {"op": "Return". "args": {"any": [0]}}')
debug_merge_point(0, 0, '134<main.rpyeffect:134([k@Name(loop2821)#264])>+0: {"op": "Swap". "type": "any". "a": 2. "b". 1}')
debug_merge_point(0, 0, '134<main.rpyeffect:134([k@Name(loop2821)#264])>+1: {"op": "Swap". "type": "any". "a": 0. "b". 1}')
debug_merge_point(0, 0, '134<main.rpyeffect:134([k@Name(loop2821)#264])>+2: {"op": "Swap". "type": "any". "a": 3. "b". 1}')
debug_merge_point(0, 0, '134<main.rpyeffect:134([k@Name(loop2821)#264])>+3: {"op": "IfZero". "cond": 3. "then": {"tag": null. "target": 133. "args": {"any": []}}}')
guard_false(i47, descr=<Guard0x1485f8cb0>) [p2, p26, p15, p17, p19, p0, p41, p43, p42, p25, p27, i22]
debug_merge_point(0, 0, '133<main.rpyeffect:133([then#268])>+0: {"op": "Push". "target": 132. "args": {"any": [2. 0. 1]}}')
debug_merge_point(0, 0, '133<main.rpyeffect:133([then#268])>+1: {"op": "Invoke". "receiver": 2. "tag": Interned(Operator2829). "args" : {"any": [0]}}')
debug_merge_point(0, 0, '144<main.rpyeffect:144([method_Operator2829@Name(run2824)#284])>+0: {"op": "Const". "type": "ptr". "out": 2. "format": "int". "value": "<IntValue object at 0x1485db620>"}')
debug_merge_point(0, 0, '144<main.rpyeffect:144([method_Operator2829@Name(run2824)#284])>+1: {"op": "ShiftDyn". "out": 1. "n": 2. "label": 1}')
debug_merge_point(0, 0, '144<main.rpyeffect:144([method_Operator2829@Name(run2824)#284])>+2: {"op": "Construct". "out": 2. "type": Interned(Unit). "tag": Interned(unit). "args": {"any": []}}')
debug_merge_point(0, 0, '144<main.rpyeffect:144([method_Operator2829@Name(run2824)#284])>+3: {"op": "Push". "target": 143. "args": {"any": [0]}}')
debug_merge_point(0, 0, '144<main.rpyeffect:144([method_Operator2829@Name(run2824)#284])>+4: {"op": "Copy". "type": "any". "from": 2. "to". 0}')
debug_merge_point(0, 0, '144<main.rpyeffect:144([method_Operator2829@Name(run2824)#284])>+5: {"op": "Jump". "target": 136}')
debug_merge_point(0, 0, '136<main.rpyeffect:136(Name(resume2831))>+0: {"op": "PushStack". "arg": 1}')
debug_merge_point(0, 0, '136<main.rpyeffect:136(Name(resume2831))>+1: {"op": "Return". "args": {"any": [0]}}')
debug_merge_point(0, 0, '132<main.rpyeffect:132([k@[then#268]#270])>+0: {"op": "Const". "type": "ptr". "out": 0. "format": "int". "value": "<IntValue object at 0x1485db840>"}')
debug_merge_point(0, 0, '132<main.rpyeffect:132([k@[then#268]#270])>+1: {"op": "Push". "target": 131. "args": {"any": [1. 3]}}')
debug_merge_point(0, 0, '132<main.rpyeffect:132([k@[then#268]#270])>+2: {"op": "Copy". "type": "any". "from": 0. "to". 1}')
debug_merge_point(0, 0, '132<main.rpyeffect:132([k@[then#268]#270])>+3: {"op": "Copy". "type": "any". "from": 2. "to". 0}')
debug_merge_point(0, 0, '132<main.rpyeffect:132([k@[then#268]#270])>+4: {"op": "Jump". "target": 8}')
debug_merge_point(0, 0, '8<main.rpyeffect:8(Name(infixSub105))>+0: {"op": "PrimOp". "name": "infixSub(Int. Int): Int". "out": {"any": [0]}. "in": {"any": [0. 1]}}')
+592: p48 = new_with_vtable(descr=<SizeDescr 40>)
+696: p49 = new_with_vtable(descr=<SizeDescr 16>)
+708: setfield_gc(p49, i22, descr=<FieldS rpyeffect.value.IntValue.inst_value 8 pure>)
+712: setfield_gc(p48, p41, descr=<FieldP rpyeffect.stored_environment.Stack__arb.inst_tail 8 pure>)
+716: setfield_gc(p48, 143, descr=<FieldS rpyeffect.stored_environment.Stack__arb.inst_target 16 pure>)
+724: setfield_gc(p48, p49, descr=<FieldP rpyeffect.stored_environment.Stack__1.inst_values_ptr_0 32 pure>)
+736: jump(p0, p27, p25, p26, p2, p48, i45, p42, p43, p15, p17, p19, p32, descr=TargetToken(5509124640))
+748: --end of the loop--
[852907] jit-log-opt-loop}
[8c9d12] {jit-log-opt-bridge
# bridge out of Guard 0x1485f8b00 with 36 ops
[p0, p1, p2, p3, p4, p5, p6, p7, p8, p9, p10, p11]
+120: guard_not_invalidated(descr=<Guard0x1485e2d10>) [p0, p1, p2, p3, p4, p5, p6, p7, p8, p9, p10, p11]
+124: i12 = getfield_gc_i(p1, descr=<FieldS rpyeffect.value.IntValue.inst_value 8 pure>)
+128: i13 = getfield_gc_i(p2, descr=<FieldS rpyeffect.value.IntValue.inst_value 8 pure>)
+132: i14 = int_sub(i12, i13)
debug_merge_point(0, 0, '8<main.rpyeffect:8(Name(infixSub105))>+1: {"op": "Return". "args": {"any": [0]}}')
+136: guard_nonnull(p9, descr=<Guard0x1485f8da0>) [p0, p1, p2, p3, p4, p5, p6, p7, p8, p9, p10, p11]
+144: i15 = getfield_gc_i(p9, descr=<FieldS rpyeffect.stored_environment.Stack__arb.inst_target 16 pure>)
+148: guard_value(i15, 141, descr=<Guard0x1485f8dd0>) [p0, p1, p2, p3, p4, p5, p6, p7, p8, p9, p10, p11]
+160: p17 = getfield_gc_r(p9, descr=<FieldP rpyeffect.stored_environment.Stack__arb.inst_tail 8 pure>)
debug_merge_point(0, 0, '141<main.rpyeffect:141([k@[k@[#290]#294]#297])>+0: {"op": "Const". "type": "ptr". "out": 1. "format": "int". "value": "<IntValue object at 0x1485db6c0>"}')
debug_merge_point(0, 0, '141<main.rpyeffect:141([k@[k@[#290]#294]#297])>+1: {"op": "Push". "target": 140. "args": {"any": []}}')
debug_merge_point(0, 0, '141<main.rpyeffect:141([k@[k@[#290]#294]#297])>+2: {"op": "Jump". "target": 6}')
debug_merge_point(0, 0, '6<main.rpyeffect:6(Name(infixAdd96))>+0: {"op": "PrimOp". "name": "infixAdd(Int. Int): Int". "out": {"any": [0]}. "in": {"any": [0. 1]}}')
+164: i19 = int_add(i14, 37)
debug_merge_point(0, 0, '6<main.rpyeffect:6(Name(infixAdd96))>+1: {"op": "Return". "args": {"any": [0]}}')
debug_merge_point(0, 0, '140<main.rpyeffect:140([k@[k@[k@[#290]#294]#297]#302])>+0: {"op": "Push". "target": 139. "args": {"any": []}}')
debug_merge_point(0, 0, '140<main.rpyeffect:140([k@[k@[k@[#290]#294]#297]#302])>+1: {"op": "Jump". "target": 128}')
debug_merge_point(0, 0, '128<main.rpyeffect:128(Name(abs2817))>+0: {"op": "Const". "type": "ptr". "out": 1. "format": "int". "value": "<IntValue object at 0x1485db8c0>"}')
debug_merge_point(0, 0, '128<main.rpyeffect:128(Name(abs2817))>+1: {"op": "Push". "target": 127. "args": {"any": [0]}}')
debug_merge_point(0, 0, '128<main.rpyeffect:128(Name(abs2817))>+2: {"op": "Jump". "target": 10}')
debug_merge_point(0, 0, '10<main.rpyeffect:10(Name(infixLt178))>+0: {"op": "PrimOp". "name": "infixLt(Int. Int): Boolean". "out": {"any": [0]}. "in": {"any": [0. 1]}}')
+168: i21 = int_lt(i19, 0)
debug_merge_point(0, 0, '10<main.rpyeffect:10(Name(infixLt178))>+1: {"op": "Return". "args": {"any": [0]}}')
debug_merge_point(0, 0, '127<main.rpyeffect:127([k@Name(abs2817)#254])>+0: {"op": "Swap". "type": "any". "a": 0. "b". 1}')
debug_merge_point(0, 0, '127<main.rpyeffect:127([k@Name(abs2817)#254])>+1: {"op": "IfZero". "cond": 1. "then": {"tag": null. "target": 126. "args": {"any": []}}}')
guard_true(i21, descr=<Guard0x1485f8e00>) [p0, p1, p2, p3, p4, p5, p6, p7, p8, p9, p10, p11]
debug_merge_point(0, 0, '127<main.rpyeffect:127([k@Name(abs2817)#254])>+2: {"op": "Const". "type": "ptr". "out": 1. "format": "int". "value": "<IntValue object at 0x1485db8e0>"}')
debug_merge_point(0, 0, '127<main.rpyeffect:127([k@Name(abs2817)#254])>+3: {"op": "Swap". "type": "any". "a": 0. "b". 1}')
debug_merge_point(0, 0, '127<main.rpyeffect:127([k@Name(abs2817)#254])>+4: {"op": "Jump". "target": 8}')
debug_merge_point(0, 0, '8<main.rpyeffect:8(Name(infixSub105))>+0: {"op": "PrimOp". "name": "infixSub(Int. Int): Int". "out": {"any": [0]}. "in": {"any": [0. 1]}}')
+176: p22 = new_with_vtable(descr=<SizeDescr 32>)
+280: p23 = new_with_vtable(descr=<SizeDescr 16>)
+292: setfield_gc(p23, i19, descr=<FieldS rpyeffect.value.IntValue.inst_value 8 pure>)
+296: setfield_gc(p22, 139, descr=<FieldS rpyeffect.stored_environment.Stack__arb.inst_target 16 pure>)
+304: setfield_gc(p22, p17, descr=<FieldP rpyeffect.stored_environment.Stack__arb.inst_tail 8 pure>)
+320: jump(p8, p22, p0, p10, p11, ConstPtr(ptr25), p23, p3, p4, p5, p6, p7, descr=TargetToken(5509124576))
+352: --end of the loop--
[8d0707] jit-log-opt-bridge}
[91921d] {jit-log-opt-bridge
# bridge out of Guard 0x1485f8dd0 with 43 ops
[p0, p1, p2, p3, p4, p5, p6, p7, p8, p9, p10, p11]
+120: guard_not_invalidated(descr=<Guard0x1485e2d58>) [p0, p1, p2, p3, p4, p5, p6, p7, p8, p9, p10, p11]
+124: i12 = getfield_gc_i(p1, descr=<FieldS rpyeffect.value.IntValue.inst_value 8 pure>)
+128: i13 = getfield_gc_i(p2, descr=<FieldS rpyeffect.value.IntValue.inst_value 8 pure>)
+132: i14 = int_sub(i12, i13)
debug_merge_point(0, 0, '8<main.rpyeffect:8(Name(infixSub105))>+1: {"op": "Return". "args": {"any": [0]}}')
+136: guard_nonnull(p9, descr=<Guard0x1485f8ef0>) [p0, p1, p2, p3, p4, p5, p6, p7, p8, p9, p10, p11]
+144: i15 = getfield_gc_i(p9, descr=<FieldS rpyeffect.stored_environment.Stack__arb.inst_target 16 pure>)
+148: guard_value(i15, 139, descr=<Guard0x1485f8f20>) [p0, p1, p2, p3, p4, p5, p6, p7, p8, p9, p10, p11]
+160: p17 = getfield_gc_r(p9, descr=<FieldP rpyeffect.stored_environment.Stack__arb.inst_tail 8 pure>)
debug_merge_point(0, 0, '139<main.rpyeffect:139([k@[k@[k@[k@[#290]#294]#297]#302]#305])>+0: {"op": "Const". "type": "ptr". "out": 1. "format": "int". "value": "<IntValue object at 0x1485db710>"}')
debug_merge_point(0, 0, '139<main.rpyeffect:139([k@[k@[k@[k@[#290]#294]#297]#302]#305])>+1: {"op": "Jump". "target": 9}')
debug_merge_point(0, 0, '9<main.rpyeffect:9(Name(mod108))>+0: {"op": "PrimOp". "name": "mod(Int. Int): Int". "out": {"any": [0]}. "in": {"any": [0. 1]}}')
+164: i19 = int_rshift(i14, 63)
+172: i20 = int_xor(i14, i19)
+176: i22 = uint_mul_high(i20, -9086255505087856445)
+196: i24 = uint_rshift(i22, 9)
+204: i25 = int_xor(i24, i19)
+208: i27 = int_mul(i25, 1009)
+216: i28 = int_sub(i14, i27)
debug_merge_point(0, 0, '9<main.rpyeffect:9(Name(mod108))>+1: {"op": "Return". "args": {"any": [0]}}')
+220: guard_nonnull(p17, descr=<Guard0x1485f8f50>) [p0, p1, p2, p3, p4, p5, p6, p7, p8, p9, p10, p11]
+228: i29 = getfield_gc_i(p17, descr=<FieldS rpyeffect.stored_environment.Stack__arb.inst_target 16 pure>)
+232: guard_value(i29, 143, descr=<Guard0x1485f8f80>) [p0, p1, p2, p3, p4, p5, p6, p7, p8, p9, p10, p11]
+244: p31 = getfield_gc_r(p17, descr=<FieldP rpyeffect.stored_environment.Stack__1.inst_values_ptr_0 32 pure>)
+248: p32 = getfield_gc_r(p17, descr=<FieldP rpyeffect.stored_environment.Stack__arb.inst_tail 8 pure>)
debug_merge_point(0, 0, '143<main.rpyeffect:143([#290])>+0: {"op": "Const". "type": "ptr". "out": 2. "format": "int". "value": "<IntValue object at 0x1485db650>"}')
debug_merge_point(0, 0, '143<main.rpyeffect:143([#290])>+1: {"op": "Push". "target": 142. "args": {"any": [1]}}')
debug_merge_point(0, 0, '143<main.rpyeffect:143([#290])>+2: {"op": "Copy". "type": "any". "from": 0. "to". 1}')
debug_merge_point(0, 0, '143<main.rpyeffect:143([#290])>+3: {"op": "Copy". "type": "any". "from": 2. "to". 0}')
debug_merge_point(0, 0, '143<main.rpyeffect:143([#290])>+4: {"op": "Jump". "target": 7}')
debug_merge_point(0, 0, '7<main.rpyeffect:7(Name(infixMul99))>+0: {"op": "PrimOp". "name": "infixMul(Int. Int): Int". "out": {"any": [0]}. "in": {"any": [0. 1]}}')
+252: i34 = int_mul(503, i28)
debug_merge_point(0, 0, '7<main.rpyeffect:7(Name(infixMul99))>+1: {"op": "Return". "args": {"any": [0]}}')
debug_merge_point(0, 0, '142<main.rpyeffect:142([k@[#290]#294])>+0: {"op": "Push". "target": 141. "args": {"any": []}}')
debug_merge_point(0, 0, '142<main.rpyeffect:142([k@[#290]#294])>+1: {"op": "Swap". "type": "any". "a": 0. "b". 1}')
debug_merge_point(0, 0, '142<main.rpyeffect:142([k@[#290]#294])>+2: {"op": "Jump". "target": 8}')
debug_merge_point(0, 0, '8<main.rpyeffect:8(Name(infixSub105))>+0: {"op": "PrimOp". "name": "infixSub(Int. Int): Int". "out": {"any": [0]}. "in": {"any": [0. 1]}}')
+260: p35 = new_with_vtable(descr=<SizeDescr 32>)
+364: p36 = new_with_vtable(descr=<SizeDescr 16>)
+376: setfield_gc(p36, i34, descr=<FieldS rpyeffect.value.IntValue.inst_value 8 pure>)
+380: setfield_gc(p35, 141, descr=<FieldS rpyeffect.stored_environment.Stack__arb.inst_target 16 pure>)
+388: setfield_gc(p35, p32, descr=<FieldP rpyeffect.stored_environment.Stack__arb.inst_tail 8 pure>)
+404: jump(p8, p35, p0, p10, p11, p31, p36, ConstPtr(ptr38), p4, p5, p6, p7, descr=TargetToken(5509124576))
+440: --end of the loop--
[9206f9] jit-log-opt-bridge}
[9f0167] {jit-log-opt-bridge
# bridge out of Guard 0x1485f8e00 with 58 ops
[p0, p1, p2, p3, p4, p5, p6, p7, p8, p9, p10, p11]
+136: guard_not_invalidated(descr=<Guard0x1485e2ec0>) [p0, p1, p2, p3, p4, p5, p6, p7, p8, p9, p10, p11]
+140: i12 = getfield_gc_i(p1, descr=<FieldS rpyeffect.value.IntValue.inst_value 8 pure>)
+144: i13 = getfield_gc_i(p2, descr=<FieldS rpyeffect.value.IntValue.inst_value 8 pure>)
+148: i14 = int_sub(i12, i13)
debug_merge_point(0, 0, '8<main.rpyeffect:8(Name(infixSub105))>+1: {"op": "Return". "args": {"any": [0]}}')
+152: guard_nonnull(p9, descr=<Guard0x1485f9610>) [p0, p1, p2, p3, p4, p5, p6, p7, p8, p9, p10, p11]
+160: i15 = getfield_gc_i(p9, descr=<FieldS rpyeffect.stored_environment.Stack__arb.inst_target 16 pure>)
+164: guard_value(i15, 141, descr=<Guard0x1485f9640>) [p0, p1, p2, p3, p4, p5, p6, p7, p8, p9, p10, p11]
+176: p17 = getfield_gc_r(p9, descr=<FieldP rpyeffect.stored_environment.Stack__arb.inst_tail 8 pure>)
debug_merge_point(0, 0, '141<main.rpyeffect:141([k@[k@[#290]#294]#297])>+0: {"op": "Const". "type": "ptr". "out": 1. "format": "int". "value": "<IntValue object at 0x1485db6c0>"}')
debug_merge_point(0, 0, '141<main.rpyeffect:141([k@[k@[#290]#294]#297])>+1: {"op": "Push". "target": 140. "args": {"any": []}}')
debug_merge_point(0, 0, '141<main.rpyeffect:141([k@[k@[#290]#294]#297])>+2: {"op": "Jump". "target": 6}')
debug_merge_point(0, 0, '6<main.rpyeffect:6(Name(infixAdd96))>+0: {"op": "PrimOp". "name": "infixAdd(Int. Int): Int". "out": {"any": [0]}. "in": {"any": [0. 1]}}')
+180: i19 = int_add(i14, 37)
debug_merge_point(0, 0, '6<main.rpyeffect:6(Name(infixAdd96))>+1: {"op": "Return". "args": {"any": [0]}}')
debug_merge_point(0, 0, '140<main.rpyeffect:140([k@[k@[k@[#290]#294]#297]#302])>+0: {"op": "Push". "target": 139. "args": {"any": []}}')
debug_merge_point(0, 0, '140<main.rpyeffect:140([k@[k@[k@[#290]#294]#297]#302])>+1: {"op": "Jump". "target": 128}')
debug_merge_point(0, 0, '128<main.rpyeffect:128(Name(abs2817))>+0: {"op": "Const". "type": "ptr". "out": 1. "format": "int". "value": "<IntValue object at 0x1485db8c0>"}')
debug_merge_point(0, 0, '128<main.rpyeffect:128(Name(abs2817))>+1: {"op": "Push". "target": 127. "args": {"any": [0]}}')
debug_merge_point(0, 0, '128<main.rpyeffect:128(Name(abs2817))>+2: {"op": "Jump". "target": 10}')
debug_merge_point(0, 0, '10<main.rpyeffect:10(Name(infixLt178))>+0: {"op": "PrimOp". "name": "infixLt(Int. Int): Boolean". "out": {"any": [0]}. "in": {"any": [0. 1]}}')
+184: i21 = int_lt(i19, 0)
debug_merge_point(0, 0, '10<main.rpyeffect:10(Name(infixLt178))>+1: {"op": "Return". "args": {"any": [0]}}')
debug_merge_point(0, 0, '127<main.rpyeffect:127([k@Name(abs2817)#254])>+0: {"op": "Swap". "type": "any". "a": 0. "b". 1}')
debug_merge_point(0, 0, '127<main.rpyeffect:127([k@Name(abs2817)#254])>+1: {"op": "IfZero". "cond": 1. "then": {"tag": null. "target": 126. "args": {"any": []}}}')
guard_false(i21, descr=<Guard0x1485f9670>) [p0, p1, p2, p3, p4, p5, p6, p7, p8, p9, p10, p11]
debug_merge_point(0, 0, '126<main.rpyeffect:126([then#258])>+0: {"op": "Return". "args": {"any": [0]}}')
debug_merge_point(0, 0, '139<main.rpyeffect:139([k@[k@[k@[k@[#290]#294]#297]#302]#305])>+0: {"op": "Const". "type": "ptr". "out": 1. "format": "int". "value": "<IntValue object at 0x1485db710>"}')
debug_merge_point(0, 0, '139<main.rpyeffect:139([k@[k@[k@[k@[#290]#294]#297]#302]#305])>+1: {"op": "Jump". "target": 9}')
debug_merge_point(0, 0, '9<main.rpyeffect:9(Name(mod108))>+0: {"op": "PrimOp". "name": "mod(Int. Int): Int". "out": {"any": [0]}. "in": {"any": [0. 1]}}')
+192: i23 = uint_mul_high(i19, -9086255505087856445)
+212: i25 = uint_rshift(i23, 9)
+220: i27 = int_mul(i25, 1009)
+228: i28 = int_sub(i19, i27)
debug_merge_point(0, 0, '9<main.rpyeffect:9(Name(mod108))>+1: {"op": "Return". "args": {"any": [0]}}')
+232: guard_nonnull(p17, descr=<Guard0x1485f96a0>) [p0, p1, p2, p3, p4, p5, p6, p7, p8, p9, p10, p11]
+240: i29 = getfield_gc_i(p17, descr=<FieldS rpyeffect.stored_environment.Stack__arb.inst_target 16 pure>)
+244: guard_value(i29, 143, descr=<Guard0x1485f96d0>) [p0, p1, p2, p3, p4, p5, p6, p7, p8, p9, p10, p11]
+256: p31 = getfield_gc_r(p17, descr=<FieldP rpyeffect.stored_environment.Stack__1.inst_values_ptr_0 32 pure>)
+260: p32 = getfield_gc_r(p17, descr=<FieldP rpyeffect.stored_environment.Stack__arb.inst_tail 8 pure>)
debug_merge_point(0, 0, '143<main.rpyeffect:143([#290])>+0: {"op": "Const". "type": "ptr". "out": 2. "format": "int". "value": "<IntValue object at 0x1485db650>"}')
debug_merge_point(0, 0, '143<main.rpyeffect:143([#290])>+1: {"op": "Push". "target": 142. "args": {"any": [1]}}')
debug_merge_point(0, 0, '143<main.rpyeffect:143([#290])>+2: {"op": "Copy". "type": "any". "from": 0. "to". 1}')
debug_merge_point(0, 0, '143<main.rpyeffect:143([#290])>+3: {"op": "Copy". "type": "any". "from": 2. "to". 0}')
debug_merge_point(0, 0, '143<main.rpyeffect:143([#290])>+4: {"op": "Jump". "target": 7}')
debug_merge_point(0, 0, '7<main.rpyeffect:7(Name(infixMul99))>+0: {"op": "PrimOp". "name": "infixMul(Int. Int): Int". "out": {"any": [0]}. "in": {"any": [0. 1]}}')
+264: i34 = int_mul(503, i28)
debug_merge_point(0, 0, '7<main.rpyeffect:7(Name(infixMul99))>+1: {"op": "Return". "args": {"any": [0]}}')
debug_merge_point(0, 0, '142<main.rpyeffect:142([k@[#290]#294])>+0: {"op": "Push". "target": 141. "args": {"any": []}}')
debug_merge_point(0, 0, '142<main.rpyeffect:142([k@[#290]#294])>+1: {"op": "Swap". "type": "any". "a": 0. "b". 1}')
debug_merge_point(0, 0, '142<main.rpyeffect:142([k@[#290]#294])>+2: {"op": "Jump". "target": 8}')
debug_merge_point(0, 0, '8<main.rpyeffect:8(Name(infixSub105))>+0: {"op": "PrimOp". "name": "infixSub(Int. Int): Int". "out": {"any": [0]}. "in": {"any": [0. 1]}}')
+272: p35 = new_with_vtable(descr=<SizeDescr 32>)
+376: p36 = new_with_vtable(descr=<SizeDescr 16>)
+388: setfield_gc(p36, i34, descr=<FieldS rpyeffect.value.IntValue.inst_value 8 pure>)
+392: setfield_gc(p35, 141, descr=<FieldS rpyeffect.stored_environment.Stack__arb.inst_target 16 pure>)
+400: setfield_gc(p35, p32, descr=<FieldP rpyeffect.stored_environment.Stack__arb.inst_tail 8 pure>)
+416: jump(p8, p35, p0, p10, p11, p31, p36, ConstPtr(ptr38), p4, p5, p6, p7, descr=TargetToken(5509124576))
+452: --end of the loop--
[9f8a72] jit-log-opt-bridge}
[cc4575] {jit-log-opt-loop
# Loop 5 (4<main.rpyeffect:4(Name(infixEq72))>+0: {"op": "PrimOp", "name": "infixEq(Int, Int): Boolean", "out": {"any": [0]}, "in": {"any": [0, 1]}}) : entry bridge with 64 ops
[p0, p1, p2, p3, p4]
+248: p5 = getfield_gc_r(p2, descr=<FieldP rpyeffect.environment.Environment.inst_values_ptr 16>)
+256: p7 = getarrayitem_gc_r(p5, 0, descr=<ArrayP 8>)
+260: p9 = getarrayitem_gc_r(p5, 1, descr=<ArrayP 8>)
+264: p11 = getarrayitem_gc_r(p5, 2, descr=<ArrayP 8>)
+268: p13 = getarrayitem_gc_r(p5, 3, descr=<ArrayP 8>)
+272: p15 = getarrayitem_gc_r(p5, 4, descr=<ArrayP 8>)
+276: p17 = getarrayitem_gc_r(p5, 5, descr=<ArrayP 8>)
+280: p19 = getarrayitem_gc_r(p5, 6, descr=<ArrayP 8>)
debug_merge_point(0, 0, '4<main.rpyeffect:4(Name(infixEq72))>+0: {"op": "PrimOp". "name": "infixEq(Int. Int): Boolean". "out": {"any": [0]}. "in": {"any": [0. 1]}}')
+284: guard_not_invalidated(descr=<Guard0x1485e2f08>) [p2, p7, p9, p11, p13, p15, p17, p19, p0, p1, p3, p4]
+288: i20 = getfield_gc_i(p7, descr=<FieldS rpyeffect.value.IntValue.inst_value 8 pure>)
+292: i21 = getfield_gc_i(p9, descr=<FieldS rpyeffect.value.IntValue.inst_value 8 pure>)
+296: i22 = int_eq(i20, i21)
debug_merge_point(0, 0, '4<main.rpyeffect:4(Name(infixEq72))>+1: {"op": "Return". "args": {"any": [0]}}')
+304: guard_nonnull(p1, descr=<Guard0x1485f9af0>) [p2, p7, p9, p11, p13, p15, p17, p19, p0, p1, p3, p4]
+316: i23 = getfield_gc_i(p1, descr=<FieldS rpyeffect.stored_environment.Stack__arb.inst_target 16 pure>)
+324: guard_value(i23, 134, descr=<Guard0x1485f9b20>) [p2, p7, p9, p11, p13, p15, p17, p19, p0, p1, p3, p4]
+336: p25 = getfield_gc_r(p1, descr=<FieldP rpyeffect.stored_environment.Stack__3.inst_values_ptr_0 32 pure>)
+336: p26 = getfield_gc_r(p1, descr=<FieldP rpyeffect.stored_environment.Stack__3.inst_values_ptr_1 40 pure>)
+336: p27 = getfield_gc_r(p1, descr=<FieldP rpyeffect.stored_environment.Stack__3.inst_values_ptr_2 48 pure>)
+340: p28 = getfield_gc_r(p1, descr=<FieldP rpyeffect.stored_environment.Stack__arb.inst_tail 8 pure>)
debug_merge_point(0, 0, '134<main.rpyeffect:134([k@Name(loop2821)#264])>+0: {"op": "Swap". "type": "any". "a": 2. "b". 1}')
debug_merge_point(0, 0, '134<main.rpyeffect:134([k@Name(loop2821)#264])>+1: {"op": "Swap". "type": "any". "a": 0. "b". 1}')
debug_merge_point(0, 0, '134<main.rpyeffect:134([k@Name(loop2821)#264])>+2: {"op": "Swap". "type": "any". "a": 3. "b". 1}')
debug_merge_point(0, 0, '134<main.rpyeffect:134([k@Name(loop2821)#264])>+3: {"op": "IfZero". "cond": 3. "then": {"tag": null. "target": 133. "args": {"any": []}}}')
+344: guard_true(i22, descr=<Guard0x1485f9b50>) [p2, p7, p9, p11, p13, p15, p17, p19, p0, p1, p3, p4]
debug_merge_point(0, 0, '134<main.rpyeffect:134([k@Name(loop2821)#264])>+4: {"op": "Copy". "type": "any". "from": 1. "to". 0}')
debug_merge_point(0, 0, '134<main.rpyeffect:134([k@Name(loop2821)#264])>+5: {"op": "Return". "args": {"any": [0]}}')
+352: guard_nonnull_class(p28, ConstClass(Stack__0), descr=<Guard0x1485e2f50>) [p2, p7, p9, p11, p13, p15, p17, p19, p0, p1, p3, p4]
+376: i30 = getfield_gc_i(p28, descr=<FieldS rpyeffect.stored_environment.Stack__arb.inst_target 16 pure>)
+380: guard_value(i30, 138, descr=<Guard0x1485f9b80>) [p2, p7, p9, p11, p13, p15, p17, p19, p0, p1, p3, p4]
+392: p32 = getfield_gc_r(p28, descr=<FieldP rpyeffect.stored_environment.Stack__arb.inst_tail 8 pure>)
debug_merge_point(0, 0, '138<main.rpyeffect:138([return_clause@Name(run2824)#282])>+0: {"op": "Return". "args": {"any": [0]}}')
+396: guard_isnull(p32, descr=<Guard0x1485f9bb0>) [p2, p7, p9, p11, p13, p15, p17, p19, p0, p1, p3, p4]
+404: guard_nonnull_class(p3, 4314277680, descr=<Guard0x1485e2f98>) [p2, p7, p9, p11, p13, p15, p17, p19, p0, p1, p3, p4]
+432: p34 = getfield_gc_r(p3, descr=<FieldP rpyeffect.stack.MetaStackLike.inst_stack 8 pure>)
+436: p35 = getfield_gc_r(p3, descr=<FieldP rpyeffect.stack.MetaStack.inst_label 16 pure>)
+440: p36 = getfield_gc_r(p3, descr=<FieldP rpyeffect.stack.MetaStack.inst_tail 32 pure>)
+444: guard_nonnull(p34, descr=<Guard0x1485f9be0>) [p2, p7, p9, p11, p13, p15, p17, p19, p0, p1, p3, p4]
+452: i37 = getfield_gc_i(p34, descr=<FieldS rpyeffect.stored_environment.Stack__arb.inst_target 16 pure>)
+456: guard_value(i37, 143, descr=<Guard0x1485f9c10>) [p2, p7, p9, p11, p13, p15, p17, p19, p0, p1, p3, p4]
+468: p39 = getfield_gc_r(p34, descr=<FieldP rpyeffect.stored_environment.Stack__1.inst_values_ptr_0 32 pure>)
+472: p40 = getfield_gc_r(p34, descr=<FieldP rpyeffect.stored_environment.Stack__arb.inst_tail 8 pure>)
debug_merge_point(0, 0, '143<main.rpyeffect:143([#290])>+0: {"op": "Const". "type": "ptr". "out": 2. "format": "int". "value": "<IntValue object at 0x1485db650>"}')
debug_merge_point(0, 0, '143<main.rpyeffect:143([#290])>+1: {"op": "Push". "target": 142. "args": {"any": [1]}}')
debug_merge_point(0, 0, '143<main.rpyeffect:143([#290])>+2: {"op": "Copy". "type": "any". "from": 0. "to". 1}')
debug_merge_point(0, 0, '143<main.rpyeffect:143([#290])>+3: {"op": "Copy". "type": "any". "from": 2. "to". 0}')
debug_merge_point(0, 0, '143<main.rpyeffect:143([#290])>+4: {"op": "Jump". "target": 7}')
debug_merge_point(0, 0, '7<main.rpyeffect:7(Name(infixMul99))>+0: {"op": "PrimOp". "name": "infixMul(Int. Int): Int". "out": {"any": [0]}. "in": {"any": [0. 1]}}')
+476: i41 = getfield_gc_i(p27, descr=<FieldS rpyeffect.value.IntValue.inst_value 8 pure>)
+480: i43 = int_mul(503, i41)
debug_merge_point(0, 0, '7<main.rpyeffect:7(Name(infixMul99))>+1: {"op": "Return". "args": {"any": [0]}}')
debug_merge_point(0, 0, '142<main.rpyeffect:142([k@[#290]#294])>+0: {"op": "Push". "target": 141. "args": {"any": []}}')
debug_merge_point(0, 0, '142<main.rpyeffect:142([k@[#290]#294])>+1: {"op": "Swap". "type": "any". "a": 0. "b". 1}')
debug_merge_point(0, 0, '142<main.rpyeffect:142([k@[#290]#294])>+2: {"op": "Jump". "target": 8}')
debug_merge_point(0, 0, '8<main.rpyeffect:8(Name(infixSub105))>+0: {"op": "PrimOp". "name": "infixSub(Int. Int): Int". "out": {"any": [0]}. "in": {"any": [0. 1]}}')
+488: p44 = new_with_vtable(descr=<SizeDescr 32>)
+596: p45 = new_with_vtable(descr=<SizeDescr 16>)
+608: p46 = new_with_vtable(descr=<SizeDescr 16>)
+620: setfield_gc(p45, i43, descr=<FieldS rpyeffect.value.IntValue.inst_value 8 pure>)
+624: setfield_gc(p44, 141, descr=<FieldS rpyeffect.stored_environment.Stack__arb.inst_target 16 pure>)
+632: setfield_gc(p44, p40, descr=<FieldP rpyeffect.stored_environment.Stack__arb.inst_tail 8 pure>)
+636: setfield_gc(p46, 1, descr=<FieldU rpyeffect.value.BoolValue.inst_value 8 pure>)
+660: jump(p35, p44, p2, p36, ConstPtr(ptr49), p39, p45, ConstPtr(ptr50), p46, p15, p17, p19, descr=TargetToken(5509124576))
+784: --end of the loop--
[ccfe07] jit-log-opt-loop}
[12da1ef] {jit-log-opt-loop
# Loop 6 (135<main.rpyeffect:135(Name(loop2821))>+1: {"op": "Push", "target": 134, "args": {"any": [2, 0, 1]}}) : entry bridge with 70 ops
[p0, p1, p2, p3, p4]
+264: p5 = getfield_gc_r(p2, descr=<FieldP rpyeffect.environment.Environment.inst_values_ptr 16>)
+272: p7 = getarrayitem_gc_r(p5, 0, descr=<ArrayP 8>)
+276: p9 = getarrayitem_gc_r(p5, 1, descr=<ArrayP 8>)
+280: p11 = getarrayitem_gc_r(p5, 2, descr=<ArrayP 8>)
+284: p13 = getarrayitem_gc_r(p5, 3, descr=<ArrayP 8>)
+288: p15 = getarrayitem_gc_r(p5, 4, descr=<ArrayP 8>)
+292: p17 = getarrayitem_gc_r(p5, 5, descr=<ArrayP 8>)
+296: p19 = getarrayitem_gc_r(p5, 6, descr=<ArrayP 8>)
debug_merge_point(0, 0, '135<main.rpyeffect:135(Name(loop2821))>+1: {"op": "Push". "target": 134. "args": {"any": [2. 0. 1]}}')
+300: guard_not_invalidated(descr=<Guard0x1485e3028>) [p2, p7, p9, p11, p13, p15, p17, p19, p0, p1, p3, p4]
debug_merge_point(0, 0, '135<main.rpyeffect:135(Name(loop2821))>+2: {"op": "Copy". "type": "any". "from": 3. "to". 1}')
debug_merge_point(0, 0, '135<main.rpyeffect:135(Name(loop2821))>+3: {"op": "Jump". "target": 4}')
debug_merge_point(0, 0, '4<main.rpyeffect:4(Name(infixEq72))>+0: {"op": "PrimOp". "name": "infixEq(Int. Int): Boolean". "out": {"any": [0]}. "in": {"any": [0. 1]}}')
+304: i20 = getfield_gc_i(p7, descr=<FieldS rpyeffect.value.IntValue.inst_value 8 pure>)
+308: i21 = getfield_gc_i(p13, descr=<FieldS rpyeffect.value.IntValue.inst_value 8 pure>)
+312: i22 = int_eq(i20, i21)
debug_merge_point(0, 0, '4<main.rpyeffect:4(Name(infixEq72))>+1: {"op": "Return". "args": {"any": [0]}}')
debug_merge_point(0, 0, '134<main.rpyeffect:134([k@Name(loop2821)#264])>+0: {"op": "Swap". "type": "any". "a": 2. "b". 1}')
debug_merge_point(0, 0, '134<main.rpyeffect:134([k@Name(loop2821)#264])>+1: {"op": "Swap". "type": "any". "a": 0. "b". 1}')
debug_merge_point(0, 0, '134<main.rpyeffect:134([k@Name(loop2821)#264])>+2: {"op": "Swap". "type": "any". "a": 3. "b". 1}')
debug_merge_point(0, 0, '134<main.rpyeffect:134([k@Name(loop2821)#264])>+3: {"op": "IfZero". "cond": 3. "then": {"tag": null. "target": 133. "args": {"any": []}}}')
guard_false(i22, descr=<Guard0x148e1e290>) [p2, p7, p9, p11, p13, p15, p17, p19, p0, p1, p3, p4]
debug_merge_point(0, 0, '133<main.rpyeffect:133([then#268])>+0: {"op": "Push". "target": 132. "args": {"any": [2. 0. 1]}}')
debug_merge_point(0, 0, '133<main.rpyeffect:133([then#268])>+1: {"op": "Invoke". "receiver": 2. "tag": Interned(Operator2829). "args" : {"any": [0]}}')
+320: p23 = getfield_gc_r(p11, descr=<FieldP rpyeffect.codata.CoData.inst_vtable 8 pure>)
+328: guard_value(p23, ConstPtr(ptr24), descr=<Guard0x148e1e2c0>) [p2, p7, p9, p11, p13, p15, p17, p19, p0, p1, p3, p4]
+336: p25 = getfield_gc_r(p11, descr=<FieldP rpyeffect.stored_environment.CoData__1.inst_values_ptr_0 24 pure>)
debug_merge_point(0, 0, '144<main.rpyeffect:144([method_Operator2829@Name(run2824)#284])>+0: {"op": "Const". "type": "ptr". "out": 2. "format": "int". "value": "<IntValue object at 0x1485db620>"}')
debug_merge_point(0, 0, '144<main.rpyeffect:144([method_Operator2829@Name(run2824)#284])>+1: {"op": "ShiftDyn". "out": 1. "n": 2. "label": 1}')
+344: i27 = instance_ptr_eq(p4, ConstPtr(ptr26))
guard_true(i27, descr=<Guard0x148e1e2f0>) [p2, p7, p9, p11, p13, p15, p17, p19, p0, p1, p3, p4]
+356: guard_nonnull(p0, descr=<Guard0x148e1e320>) [p2, p7, p9, p11, p13, p15, p17, p19, p0, p1, p3, p4]
+368: guard_nonnull(p25, descr=<Guard0x148e1e350>) [p2, p7, p9, p11, p13, p15, p17, p19, p0, p1, p3, p4]
+376: i28 = getfield_gc_i(p0, descr=<FieldS rpyeffect.stack.Label.inst_origin 8 pure>)
+384: guard_value(i28, 149504, descr=<Guard0x148e1e380>) [p2, p7, p9, p11, p13, p15, p17, p19, p0, p1, p3, p4]
+400: i30 = getfield_gc_i(p25, descr=<FieldS rpyeffect.stack.Label.inst_origin 8 pure>)
+404: guard_value(i30, 149504, descr=<Guard0x148e1e3b0>) [p2, p7, p9, p11, p13, p15, p17, p19, p0, p1, p3, p4]
+420: i32 = instance_ptr_eq(p0, p25)
guard_true(i32, descr=<Guard0x148e1e3e0>) [p2, p7, p9, p11, p13, p15, p17, p19, p0, p1, p3, p4]
+428: guard_nonnull_class(p3, 4314277680, descr=<Guard0x1485e3070>) [p2, p7, p9, p11, p13, p15, p17, p19, p0, p1, p3, p4]
+456: p34 = getfield_gc_r(p3, descr=<FieldP rpyeffect.stack.MetaStackLike.inst_stack 8 pure>)
+460: p35 = getfield_gc_r(p3, descr=<FieldP rpyeffect.stack.MetaStack.inst_label 16 pure>)
+464: p36 = getfield_gc_r(p3, descr=<FieldP rpyeffect.stack.MetaStack.inst_tail 32 pure>)
debug_merge_point(0, 0, '144<main.rpyeffect:144([method_Operator2829@Name(run2824)#284])>+2: {"op": "Construct". "out": 2. "type": Interned(Unit). "tag": Interned(unit). "args": {"any": []}}')
debug_merge_point(0, 0, '144<main.rpyeffect:144([method_Operator2829@Name(run2824)#284])>+3: {"op": "Push". "target": 143. "args": {"any": [0]}}')
debug_merge_point(0, 0, '144<main.rpyeffect:144([method_Operator2829@Name(run2824)#284])>+4: {"op": "Copy". "type": "any". "from": 2. "to". 0}')
debug_merge_point(0, 0, '144<main.rpyeffect:144([method_Operator2829@Name(run2824)#284])>+5: {"op": "Jump". "target": 136}')
debug_merge_point(0, 0, '136<main.rpyeffect:136(Name(resume2831))>+0: {"op": "PushStack". "arg": 1}')
debug_merge_point(0, 0, '136<main.rpyeffect:136(Name(resume2831))>+1: {"op": "Return". "args": {"any": [0]}}')
debug_merge_point(0, 0, '132<main.rpyeffect:132([k@[then#268]#270])>+0: {"op": "Const". "type": "ptr". "out": 0. "format": "int". "value": "<IntValue object at 0x1485db840>"}')
debug_merge_point(0, 0, '132<main.rpyeffect:132([k@[then#268]#270])>+1: {"op": "Push". "target": 131. "args": {"any": [1. 3]}}')
debug_merge_point(0, 0, '132<main.rpyeffect:132([k@[then#268]#270])>+2: {"op": "Copy". "type": "any". "from": 0. "to". 1}')
debug_merge_point(0, 0, '132<main.rpyeffect:132([k@[then#268]#270])>+3: {"op": "Copy". "type": "any". "from": 2. "to". 0}')
debug_merge_point(0, 0, '132<main.rpyeffect:132([k@[then#268]#270])>+4: {"op": "Jump". "target": 8}')
debug_merge_point(0, 0, '8<main.rpyeffect:8(Name(infixSub105))>+0: {"op": "PrimOp". "name": "infixSub(Int. Int): Int". "out": {"any": [0]}. "in": {"any": [0. 1]}}')
+468: p37 = new_with_vtable(descr=<SizeDescr 48>)
+580: p38 = new_with_vtable(descr=<SizeDescr 40>)
+592: p39 = new_with_vtable(descr=<SizeDescr 40>)
+604: setfield_gc(p39, p34, descr=<FieldP rpyeffect.stored_environment.Stack__arb.inst_tail 8 pure>)
+608: setfield_gc(p39, 143, descr=<FieldS rpyeffect.stored_environment.Stack__arb.inst_target 16 pure>)
+616: setfield_gc(p39, p7, descr=<FieldP rpyeffect.stored_environment.Stack__1.inst_values_ptr_0 32 pure>)
+620: setfield_gc(p38, p39, descr=<FieldP rpyeffect.stack.MetaStackLike.inst_stack 8 pure>)
+624: setfield_gc(p38, p35, descr=<FieldP rpyeffect.stack.MetaStack.inst_label 16 pure>)
+628: setfield_gc(p38, p36, descr=<FieldP rpyeffect.stack.MetaStack.inst_tail 32 pure>)
+632: setfield_gc(p37, p1, descr=<FieldP rpyeffect.stored_environment.Stack__arb.inst_tail 8 pure>)
+640: setfield_gc(p37, 131, descr=<FieldS rpyeffect.stored_environment.Stack__arb.inst_target 16 pure>)
+648: setfield_gc(p37, p11, descr=<FieldP rpyeffect.stored_environment.Stack__2.inst_values_ptr_0 32 pure>)
+652: setfield_gc(p37, p9, descr=<FieldP rpyeffect.stored_environment.Stack__2.inst_values_ptr_1 40 pure>)
+656: setfield_gc(p38, ConstPtr(null), descr=<FieldP rpyeffect.stack.MetaStack.inst_region 24 pure>)
+684: jump(p0, p37, p2, p38, ConstPtr(ptr43), p7, ConstPtr(ptr44), p7, p9, p15, p17, p19, descr=TargetToken(5509124576))
+808: --end of the loop--
[12e9aa2] jit-log-opt-loop}
[35ec718] {jit-log-opt-bridge
# bridge out of Guard 0x1485f8cb0 with 48 ops
[p0, p1, p2, p3, p4, p5, p6, p7, p8, p9, p10, i11]
+136: guard_not_invalidated(descr=<Guard0x1485e3100>) [p0, p1, p2, p3, p4, p5, p6, p7, p8, p9, p10, i11]
+140: i13 = int_sub(i11, 1)
debug_merge_point(0, 0, '8<main.rpyeffect:8(Name(infixSub105))>+1: {"op": "Return". "args": {"any": [0]}}')
debug_merge_point(0, 0, '131<main.rpyeffect:131([k@[k@[then#268]#270]#274])>+0: {"op": "Swap". "type": "any". "a": 2. "b". 1}')
debug_merge_point(0, 0, '131<main.rpyeffect:131([k@[k@[then#268]#270]#274])>+1: {"op": "Jump". "target": 135}')
debug_merge_point(0, 0, '135<main.rpyeffect:135(Name(loop2821))>+0: {"op": "Const". "type": "ptr". "out": 3. "format": "int". "value": "<IntValue object at 0x1485db7b0>"}')
debug_merge_point(0, 0, '135<main.rpyeffect:135(Name(loop2821))>+1: {"op": "Push". "target": 134. "args": {"any": [2. 0. 1]}}')
debug_merge_point(0, 0, '135<main.rpyeffect:135(Name(loop2821))>+2: {"op": "Copy". "type": "any". "from": 3. "to". 1}')
debug_merge_point(0, 0, '135<main.rpyeffect:135(Name(loop2821))>+3: {"op": "Jump". "target": 4}')
debug_merge_point(0, 0, '4<main.rpyeffect:4(Name(infixEq72))>+0: {"op": "PrimOp". "name": "infixEq(Int. Int): Boolean". "out": {"any": [0]}. "in": {"any": [0. 1]}}')
+144: i15 = int_eq(i13, 0)
debug_merge_point(0, 0, '4<main.rpyeffect:4(Name(infixEq72))>+1: {"op": "Return". "args": {"any": [0]}}')
debug_merge_point(0, 0, '134<main.rpyeffect:134([k@Name(loop2821)#264])>+0: {"op": "Swap". "type": "any". "a": 2. "b". 1}')
debug_merge_point(0, 0, '134<main.rpyeffect:134([k@Name(loop2821)#264])>+1: {"op": "Swap". "type": "any". "a": 0. "b". 1}')
debug_merge_point(0, 0, '134<main.rpyeffect:134([k@Name(loop2821)#264])>+2: {"op": "Swap". "type": "any". "a": 3. "b". 1}')
debug_merge_point(0, 0, '134<main.rpyeffect:134([k@Name(loop2821)#264])>+3: {"op": "IfZero". "cond": 3. "then": {"tag": null. "target": 133. "args": {"any": []}}}')
guard_true(i15, descr=<Guard0x148e1e650>) [p0, p1, p2, p3, p4, p5, p6, p7, p8, p9, p10, i11]
debug_merge_point(0, 0, '134<main.rpyeffect:134([k@Name(loop2821)#264])>+4: {"op": "Copy". "type": "any". "from": 1. "to". 0}')
debug_merge_point(0, 0, '134<main.rpyeffect:134([k@Name(loop2821)#264])>+5: {"op": "Return". "args": {"any": [0]}}')
+152: guard_nonnull_class(p10, ConstClass(Stack__0), descr=<Guard0x1485e3148>) [p0, p1, p2, p3, p4, p5, p6, p7, p8, p9, p10, i11]
+180: i17 = getfield_gc_i(p10, descr=<FieldS rpyeffect.stored_environment.Stack__arb.inst_target 16 pure>)
+184: guard_value(i17, 138, descr=<Guard0x148e1e680>) [p0, p1, p2, p3, p4, p5, p6, p7, p8, p9, p10, i11]
+196: p19 = getfield_gc_r(p10, descr=<FieldP rpyeffect.stored_environment.Stack__arb.inst_tail 8 pure>)
debug_merge_point(0, 0, '138<main.rpyeffect:138([return_clause@Name(run2824)#282])>+0: {"op": "Return". "args": {"any": [0]}}')
+200: guard_isnull(p19, descr=<Guard0x148e1e6b0>) [p0, p1, p2, p3, p4, p5, p6, p7, p8, p9, p10, i11]
debug_merge_point(0, 0, '143<main.rpyeffect:143([#290])>+0: {"op": "Const". "type": "ptr". "out": 2. "format": "int". "value": "<IntValue object at 0x1485db650>"}')
debug_merge_point(0, 0, '143<main.rpyeffect:143([#290])>+1: {"op": "Push". "target": 142. "args": {"any": [1]}}')
debug_merge_point(0, 0, '143<main.rpyeffect:143([#290])>+2: {"op": "Copy". "type": "any". "from": 0. "to". 1}')
debug_merge_point(0, 0, '143<main.rpyeffect:143([#290])>+3: {"op": "Copy". "type": "any". "from": 2. "to". 0}')
debug_merge_point(0, 0, '143<main.rpyeffect:143([#290])>+4: {"op": "Jump". "target": 7}')
debug_merge_point(0, 0, '7<main.rpyeffect:7(Name(infixMul99))>+0: {"op": "PrimOp". "name": "infixMul(Int. Int): Int". "out": {"any": [0]}. "in": {"any": [0. 1]}}')
+208: i20 = getfield_gc_i(p1, descr=<FieldS rpyeffect.value.IntValue.inst_value 8 pure>)
+216: i22 = int_mul(503, i20)
debug_merge_point(0, 0, '7<main.rpyeffect:7(Name(infixMul99))>+1: {"op": "Return". "args": {"any": [0]}}')
debug_merge_point(0, 0, '142<main.rpyeffect:142([k@[#290]#294])>+0: {"op": "Push". "target": 141. "args": {"any": []}}')
debug_merge_point(0, 0, '142<main.rpyeffect:142([k@[#290]#294])>+1: {"op": "Swap". "type": "any". "a": 0. "b". 1}')
debug_merge_point(0, 0, '142<main.rpyeffect:142([k@[#290]#294])>+2: {"op": "Jump". "target": 8}')
debug_merge_point(0, 0, '8<main.rpyeffect:8(Name(infixSub105))>+0: {"op": "PrimOp". "name": "infixSub(Int. Int): Int". "out": {"any": [0]}. "in": {"any": [0. 1]}}')
+224: p23 = new_with_vtable(descr=<SizeDescr 32>)
+328: p24 = new_with_vtable(descr=<SizeDescr 16>)
+340: p25 = new_with_vtable(descr=<SizeDescr 16>)
+352: setfield_gc(p24, 1, descr=<FieldS rpyeffect.value.IntValue.inst_value 8 pure>)
+360: p27 = new_with_vtable(descr=<SizeDescr 16>)
+372: setfield_gc(p23, 141, descr=<FieldS rpyeffect.stored_environment.Stack__arb.inst_target 16 pure>)
+380: setfield_gc(p23, p6, descr=<FieldP rpyeffect.stored_environment.Stack__arb.inst_tail 8 pure>)
+384: setfield_gc(p25, i22, descr=<FieldS rpyeffect.value.IntValue.inst_value 8 pure>)
+388: setfield_gc(p27, 1, descr=<FieldU rpyeffect.value.BoolValue.inst_value 8 pure>)
+412: jump(p8, p23, p0, p7, ConstPtr(ptr30), p24, p25, ConstPtr(ptr31), p27, p2, p3, p4, descr=TargetToken(5509124576))
+472: --end of the loop--
[35fcdf3] jit-log-opt-bridge}
[36966a8] {jit-log-opt-bridge
# bridge out of Guard 0x1485f8f80 with 40 ops
[p0, p1, p2, p3, p4, p5, p6, p7, p8, p9, p10, p11]
+120: guard_not_invalidated(descr=<Guard0x1485e3190>) [p0, p1, p2, p3, p4, p5, p6, p7, p8, p9, p10, p11]
+124: i12 = getfield_gc_i(p1, descr=<FieldS rpyeffect.value.IntValue.inst_value 8 pure>)
+128: i13 = getfield_gc_i(p2, descr=<FieldS rpyeffect.value.IntValue.inst_value 8 pure>)
+132: i14 = int_sub(i12, i13)
debug_merge_point(0, 0, '8<main.rpyeffect:8(Name(infixSub105))>+1: {"op": "Return". "args": {"any": [0]}}')
+136: guard_nonnull(p9, descr=<Guard0x148e1e8c0>) [p0, p1, p2, p3, p4, p5, p6, p7, p8, p9, p10, p11]
+144: i15 = getfield_gc_i(p9, descr=<FieldS rpyeffect.stored_environment.Stack__arb.inst_target 16 pure>)
+148: guard_value(i15, 139, descr=<Guard0x148e1e8f0>) [p0, p1, p2, p3, p4, p5, p6, p7, p8, p9, p10, p11]
+160: p17 = getfield_gc_r(p9, descr=<FieldP rpyeffect.stored_environment.Stack__arb.inst_tail 8 pure>)
debug_merge_point(0, 0, '139<main.rpyeffect:139([k@[k@[k@[k@[#290]#294]#297]#302]#305])>+0: {"op": "Const". "type": "ptr". "out": 1. "format": "int". "value": "<IntValue object at 0x1485db710>"}')
debug_merge_point(0, 0, '139<main.rpyeffect:139([k@[k@[k@[k@[#290]#294]#297]#302]#305])>+1: {"op": "Jump". "target": 9}')
debug_merge_point(0, 0, '9<main.rpyeffect:9(Name(mod108))>+0: {"op": "PrimOp". "name": "mod(Int. Int): Int". "out": {"any": [0]}. "in": {"any": [0. 1]}}')
+164: i19 = int_rshift(i14, 63)
+172: i20 = int_xor(i14, i19)
+176: i22 = uint_mul_high(i20, -9086255505087856445)
+196: i24 = uint_rshift(i22, 9)
+204: i25 = int_xor(i24, i19)
+208: i27 = int_mul(i25, 1009)
+216: i28 = int_sub(i14, i27)
debug_merge_point(0, 0, '9<main.rpyeffect:9(Name(mod108))>+1: {"op": "Return". "args": {"any": [0]}}')
+220: guard_nonnull(p17, descr=<Guard0x148e1e920>) [p0, p1, p2, p3, p4, p5, p6, p7, p8, p9, p10, p11]
+228: i29 = getfield_gc_i(p17, descr=<FieldS rpyeffect.stored_environment.Stack__arb.inst_target 16 pure>)
+232: guard_value(i29, 150, descr=<Guard0x148e1e950>) [p0, p1, p2, p3, p4, p5, p6, p7, p8, p9, p10, p11]
+244: p31 = getfield_gc_r(p17, descr=<FieldP rpyeffect.stored_environment.Stack__2.inst_values_ptr_0 32 pure>)
+248: p32 = getfield_gc_r(p17, descr=<FieldP rpyeffect.stored_environment.Stack__2.inst_values_ptr_1 40 pure>)
+252: p33 = getfield_gc_r(p17, descr=<FieldP rpyeffect.stored_environment.Stack__arb.inst_tail 8 pure>)
debug_merge_point(0, 0, '150<main.rpyeffect:150([k@[then#317]#319])>+0: {"op": "Const". "type": "ptr". "out": 3. "format": "int". "value": "<IntValue object at 0x1485db4b0>"}')
debug_merge_point(0, 0, '150<main.rpyeffect:150([k@[then#317]#319])>+1: {"op": "Push". "target": 149. "args": {"any": [2. 0]}}')
debug_merge_point(0, 0, '150<main.rpyeffect:150([k@[then#317]#319])>+2: {"op": "Copy". "type": "any". "from": 1. "to". 0}')
debug_merge_point(0, 0, '150<main.rpyeffect:150([k@[then#317]#319])>+3: {"op": "Copy". "type": "any". "from": 3. "to". 1}')
debug_merge_point(0, 0, '150<main.rpyeffect:150([k@[then#317]#319])>+4: {"op": "Jump". "target": 8}')
debug_merge_point(0, 0, '8<main.rpyeffect:8(Name(infixSub105))>+0: {"op": "PrimOp". "name": "infixSub(Int. Int): Int". "out": {"any": [0]}. "in": {"any": [0. 1]}}')
+256: p34 = new_with_vtable(descr=<SizeDescr 48>)
+364: p35 = new_with_vtable(descr=<SizeDescr 16>)
+376: setfield_gc(p35, i28, descr=<FieldS rpyeffect.value.IntValue.inst_value 8 pure>)
+380: setfield_gc(p34, 149, descr=<FieldS rpyeffect.stored_environment.Stack__arb.inst_target 16 pure>)
+388: setfield_gc(p34, p33, descr=<FieldP rpyeffect.stored_environment.Stack__arb.inst_tail 8 pure>)
+392: setfield_gc(p34, p32, descr=<FieldP rpyeffect.stored_environment.Stack__2.inst_values_ptr_0 32 pure>)
+400: setfield_gc(p34, p35, descr=<FieldP rpyeffect.stored_environment.Stack__2.inst_values_ptr_1 40 pure>)
+416: jump(p8, p34, p0, p10, p11, p31, ConstPtr(ptr37), p32, ConstPtr(ptr37), p5, p6, p7, descr=TargetToken(5509124576))
+456: --end of the loop--
[369bc98] jit-log-opt-bridge}
[37052a1] {jit-log-opt-loop
# Loop 10 (4<main.rpyeffect:4(Name(infixEq72))>+0: {"op": "PrimOp", "name": "infixEq(Int, Int): Boolean", "out": {"any": [0]}, "in": {"any": [0, 1]}}) : loop with 67 ops
[p0, p1, p2, p3, p4]
+232: p5 = getfield_gc_r(p2, descr=<FieldP rpyeffect.environment.Environment.inst_values_ptr 16>)
+240: p7 = getarrayitem_gc_r(p5, 0, descr=<ArrayP 8>)
+244: p9 = getarrayitem_gc_r(p5, 1, descr=<ArrayP 8>)
+248: p11 = getarrayitem_gc_r(p5, 2, descr=<ArrayP 8>)
+252: p13 = getarrayitem_gc_r(p5, 3, descr=<ArrayP 8>)
+256: p15 = getarrayitem_gc_r(p5, 4, descr=<ArrayP 8>)
+260: p17 = getarrayitem_gc_r(p5, 5, descr=<ArrayP 8>)
+264: p19 = getarrayitem_gc_r(p5, 6, descr=<ArrayP 8>)
+268: label(p0, p1, p2, p3, p4, p7, p9, p11, p13, p15, p17, p19, descr=TargetToken(5509125920))
+288: guard_not_invalidated(descr=<Guard0x1485e31d8>) [p2, p7, p9, p11, p13, p15, p17, p19, p0, p1, p3, p4]
+292: i20 = getfield_gc_i(p7, descr=<FieldS rpyeffect.value.IntValue.inst_value 8 pure>)
+296: i21 = getfield_gc_i(p9, descr=<FieldS rpyeffect.value.IntValue.inst_value 8 pure>)
+300: i22 = int_eq(i20, i21)
debug_merge_point(0, 0, '4<main.rpyeffect:4(Name(infixEq72))>+1: {"op": "Return". "args": {"any": [0]}}')
+308: guard_nonnull(p1, descr=<Guard0x148e1eb30>) [p2, p7, p9, p11, p13, p15, p17, p19, p0, p1, p3, p4]
+320: i23 = getfield_gc_i(p1, descr=<FieldS rpyeffect.stored_environment.Stack__arb.inst_target 16 pure>)
+328: guard_value(i23, 152, descr=<Guard0x148e1eb60>) [p2, p7, p9, p11, p13, p15, p17, p19, p0, p1, p3, p4]
+340: p25 = getfield_gc_r(p1, descr=<FieldP rpyeffect.stored_environment.Stack__3.inst_values_ptr_0 32 pure>)
+344: p26 = getfield_gc_r(p1, descr=<FieldP rpyeffect.stored_environment.Stack__3.inst_values_ptr_1 40 pure>)
+348: p27 = getfield_gc_r(p1, descr=<FieldP rpyeffect.stored_environment.Stack__3.inst_values_ptr_2 48 pure>)
+352: p28 = getfield_gc_r(p1, descr=<FieldP rpyeffect.stored_environment.Stack__arb.inst_tail 8 pure>)
debug_merge_point(0, 0, '152<main.rpyeffect:152([k@Name(step2835)#313])>+0: {"op": "Swap". "type": "any". "a": 3. "b". 1}')
debug_merge_point(0, 0, '152<main.rpyeffect:152([k@Name(step2835)#313])>+1: {"op": "IfZero". "cond": 0. "then": {"tag": null. "target": 151. "args": {"any": []}}}')
+356: guard_false(i22, descr=<Guard0x148e1eb90>) [p2, p7, p9, p11, p13, p15, p17, p19, p0, p1, p3, p4]
debug_merge_point(0, 0, '151<main.rpyeffect:151([then#317])>+0: {"op": "Push". "target": 150. "args": {"any": [3. 2]}}')
debug_merge_point(0, 0, '151<main.rpyeffect:151([then#317])>+1: {"op": "Copy". "type": "any". "from": 2. "to". 0}')
debug_merge_point(0, 0, '151<main.rpyeffect:151([then#317])>+2: {"op": "Jump". "target": 146}')
debug_merge_point(0, 0, '146<main.rpyeffect:146(Name(run2824))>+0: {"op": "PrimOp". "name": "freshlabel". "out": {"any": [2]}. "in": {"any": []}}')
debug_merge_point(0, 0, '146<main.rpyeffect:146(Name(run2824))>+1: {"op": "NewStack". "out": 3. "target": 138. "region": 4. "args": {"any": []}. "label": 2}')
debug_merge_point(0, 0, '146<main.rpyeffect:146(Name(run2824))>+2: {"op": "PushStack". "arg": 3}')
+368: i30 = instance_ptr_eq(p4, ConstPtr(ptr29))
guard_true(i30, descr=<Guard0x148e1ebc0>) [p2, p7, p9, p11, p13, p15, p17, p19, p0, p1, p3, p4]
debug_merge_point(0, 0, '146<main.rpyeffect:146(Name(run2824))>+3: {"op": "New". "out": 2. "targets": [144]. "args": {"any": [2]}}')
debug_merge_point(0, 0, '146<main.rpyeffect:146(Name(run2824))>+4: {"op": "Jump". "target": 135}')
debug_merge_point(0, 0, '135<main.rpyeffect:135(Name(loop2821))>+0: {"op": "Const". "type": "ptr". "out": 3. "format": "int". "value": "<IntValue object at 0x1485db7b0>"}')
debug_merge_point(0, 0, '135<main.rpyeffect:135(Name(loop2821))>+1: {"op": "Push". "target": 134. "args": {"any": [2. 0. 1]}}')
debug_merge_point(0, 0, '135<main.rpyeffect:135(Name(loop2821))>+2: {"op": "Copy". "type": "any". "from": 3. "to". 1}')
debug_merge_point(0, 0, '135<main.rpyeffect:135(Name(loop2821))>+3: {"op": "Jump". "target": 4}')
debug_merge_point(0, 0, '4<main.rpyeffect:4(Name(infixEq72))>+0: {"op": "PrimOp". "name": "infixEq(Int. Int): Boolean". "out": {"any": [0]}. "in": {"any": [0. 1]}}')
+380: p31 = new_with_vtable(descr=<SizeDescr 16>)
+488: p32 = new_with_vtable(descr=<SizeDescr 56>)
+500: p33 = new_with_vtable(descr=<SizeDescr 32>)
+512: setfield_gc(p33, ConstPtr(null), descr=<FieldP rpyeffect.stored_environment.Stack__arb.inst_tail 8 pure>)
+520: setfield_gc(p33, 138, descr=<FieldS rpyeffect.stored_environment.Stack__arb.inst_target 16 pure>)
+528: p36 = new_with_vtable(descr=<SizeDescr 32>)
+544: setfield_gc(p36, ConstPtr(ptr37), descr=<FieldP rpyeffect.codata.CoData.inst_vtable 8 pure>)
+548: setfield_gc(p36, p31, descr=<FieldP rpyeffect.stored_environment.CoData__1.inst_values_ptr_0 24 pure>)
+552: p38 = new_with_vtable(descr=<SizeDescr 40>)
+564: p39 = new_with_vtable(descr=<SizeDescr 48>)
+576: setfield_gc(p39, p28, descr=<FieldP rpyeffect.stored_environment.Stack__arb.inst_tail 8 pure>)
+580: setfield_gc(p39, 150, descr=<FieldS rpyeffect.stored_environment.Stack__arb.inst_target 16 pure>)
+588: setfield_gc(p39, p25, descr=<FieldP rpyeffect.stored_environment.Stack__2.inst_values_ptr_0 32 pure>)
+592: setfield_gc(p39, p26, descr=<FieldP rpyeffect.stored_environment.Stack__2.inst_values_ptr_1 40 pure>)
+596: p41 = new_with_vtable(descr=<SizeDescr 24>)
+608: setfield_gc(p32, 134, descr=<FieldS rpyeffect.stored_environment.Stack__arb.inst_target 16 pure>)
+616: setfield_gc(p32, p36, descr=<FieldP rpyeffect.stored_environment.Stack__3.inst_values_ptr_0 32 pure>)
+620: setfield_gc(p32, p26, descr=<FieldP rpyeffect.stored_environment.Stack__3.inst_values_ptr_1 40 pure>)
+624: setfield_gc(p32, p27, descr=<FieldP rpyeffect.stored_environment.Stack__3.inst_values_ptr_2 48 pure>)
+628: setfield_gc(p32, p33, descr=<FieldP rpyeffect.stored_environment.Stack__arb.inst_tail 8 pure>)
+632: setfield_gc(p31, 149504, descr=<FieldS rpyeffect.stack.Label.inst_origin 8 pure>)
+644: setfield_gc(p38, p39, descr=<FieldP rpyeffect.stack.MetaStackLike.inst_stack 8 pure>)
+648: setfield_gc(p38, p0, descr=<FieldP rpyeffect.stack.MetaStack.inst_label 16 pure>)
+656: setfield_gc(p38, ConstPtr(null), descr=<FieldP rpyeffect.stack.MetaStack.inst_region 24 pure>)
+664: setfield_gc(p38, p3, descr=<FieldP rpyeffect.stack.MetaStack.inst_tail 32 pure>)
+676: setfield_gc(p41, ConstPtr(ptr45), descr=<FieldP rpyeffect.region.Region.inst_boxes 8 pure>)
+684: setfield_gc(p41, ConstPtr(ptr46), descr=<FieldP rpyeffect.region.Region.inst_refs 16>)
+724: jump(p31, p32, p2, p38, ConstPtr(ptr47), p26, ConstPtr(ptr48), p36, ConstPtr(ptr48), p41, p17, p19, descr=TargetToken(5509125920))
+764: --end of the loop--
[370efb1] jit-log-opt-loop}
[572a06a] {jit-log-opt-bridge
# bridge out of Guard 0x1485f8f20 with 27 ops
[p0, p1, p2, p3, p4, p5, p6, p7, p8, p9, p10, p11]
+104: guard_not_invalidated(descr=<Guard0x1485e3220>) [p0, p1, p2, p3, p4, p5, p6, p7, p8, p9, p10, p11]
+108: i12 = getfield_gc_i(p1, descr=<FieldS rpyeffect.value.IntValue.inst_value 8 pure>)
+112: i13 = getfield_gc_i(p2, descr=<FieldS rpyeffect.value.IntValue.inst_value 8 pure>)
+116: i14 = int_sub(i12, i13)
debug_merge_point(0, 0, '8<main.rpyeffect:8(Name(infixSub105))>+1: {"op": "Return". "args": {"any": [0]}}')
+120: guard_nonnull(p9, descr=<Guard0x14a75cbc0>) [p0, p1, p2, p3, p4, p5, p6, p7, p8, p9, p10, p11]
+128: i15 = getfield_gc_i(p9, descr=<FieldS rpyeffect.stored_environment.Stack__arb.inst_target 16 pure>)
+132: guard_value(i15, 149, descr=<Guard0x14a75cbf0>) [p0, p1, p2, p3, p4, p5, p6, p7, p8, p9, p10, p11]
+144: p17 = getfield_gc_r(p9, descr=<FieldP rpyeffect.stored_environment.Stack__2.inst_values_ptr_0 32 pure>)
+148: p18 = getfield_gc_r(p9, descr=<FieldP rpyeffect.stored_environment.Stack__2.inst_values_ptr_1 40 pure>)
+152: p19 = getfield_gc_r(p9, descr=<FieldP rpyeffect.stored_environment.Stack__arb.inst_tail 8 pure>)
debug_merge_point(0, 0, '149<main.rpyeffect:149([k@[k@[then#317]#319]#323])>+0: {"op": "Swap". "type": "any". "a": 2. "b". 1}')
debug_merge_point(0, 0, '149<main.rpyeffect:149([k@[k@[then#317]#319]#323])>+1: {"op": "Jump". "target": 153}')
debug_merge_point(0, 0, '153<main.rpyeffect:153(Name(step2835))>+0: {"op": "Const". "type": "ptr". "out": 3. "format": "int". "value": "<IntValue object at 0x1485db420>"}')
debug_merge_point(0, 0, '153<main.rpyeffect:153(Name(step2835))>+1: {"op": "Push". "target": 152. "args": {"any": [0. 2. 1]}}')
debug_merge_point(0, 0, '153<main.rpyeffect:153(Name(step2835))>+2: {"op": "Copy". "type": "any". "from": 3. "to". 1}')
debug_merge_point(0, 0, '153<main.rpyeffect:153(Name(step2835))>+3: {"op": "Jump". "target": 4}')
debug_merge_point(0, 0, '4<main.rpyeffect:4(Name(infixEq72))>+0: {"op": "PrimOp". "name": "infixEq(Int. Int): Boolean". "out": {"any": [0]}. "in": {"any": [0. 1]}}')
+156: p20 = new_with_vtable(descr=<SizeDescr 56>)
+264: p21 = new_with_vtable(descr=<SizeDescr 16>)
+276: setfield_gc(p21, i14, descr=<FieldS rpyeffect.value.IntValue.inst_value 8 pure>)
+280: setfield_gc(p20, 152, descr=<FieldS rpyeffect.stored_environment.Stack__arb.inst_target 16 pure>)
+288: setfield_gc(p20, p19, descr=<FieldP rpyeffect.stored_environment.Stack__arb.inst_tail 8 pure>)
+296: setfield_gc(p20, p21, descr=<FieldP rpyeffect.stored_environment.Stack__3.inst_values_ptr_0 32 pure>)
+300: setfield_gc(p20, p17, descr=<FieldP rpyeffect.stored_environment.Stack__3.inst_values_ptr_1 40 pure>)
+304: setfield_gc(p20, p18, descr=<FieldP rpyeffect.stored_environment.Stack__3.inst_values_ptr_2 48 pure>)
+320: jump(p8, p20, p0, p10, p11, p21, ConstPtr(ptr23), p17, ConstPtr(ptr23), p5, p6, p7, descr=TargetToken(5509125920))
+416: --end of the loop--
[572e7dd] jit-log-opt-bridge}
[578ed0b] {jit-log-opt-bridge
# bridge out of Guard 0x148e1eb60 with 65 ops
[p0, p1, p2, p3, p4, p5, p6, p7, p8, p9, p10, p11]
+200: guard_not_invalidated(descr=<Guard0x1485e32f8>) [p0, p1, p2, p3, p4, p5, p6, p7, p8, p9, p10, p11]
+204: i12 = getfield_gc_i(p1, descr=<FieldS rpyeffect.value.IntValue.inst_value 8 pure>)
+208: i13 = getfield_gc_i(p2, descr=<FieldS rpyeffect.value.IntValue.inst_value 8 pure>)
+212: i14 = int_eq(i12, i13)
debug_merge_point(0, 0, '4<main.rpyeffect:4(Name(infixEq72))>+1: {"op": "Return". "args": {"any": [0]}}')
+220: guard_nonnull(p9, descr=<Guard0x14a75d1c0>) [p0, p1, p2, p3, p4, p5, p6, p7, p8, p9, p10, p11]
+228: i15 = getfield_gc_i(p9, descr=<FieldS rpyeffect.stored_environment.Stack__arb.inst_target 16 pure>)
+232: guard_value(i15, 134, descr=<Guard0x14a75d1f0>) [p0, p1, p2, p3, p4, p5, p6, p7, p8, p9, p10, p11]
+244: p17 = getfield_gc_r(p9, descr=<FieldP rpyeffect.stored_environment.Stack__3.inst_values_ptr_0 32 pure>)
+248: p18 = getfield_gc_r(p9, descr=<FieldP rpyeffect.stored_environment.Stack__3.inst_values_ptr_1 40 pure>)
+252: p19 = getfield_gc_r(p9, descr=<FieldP rpyeffect.stored_environment.Stack__3.inst_values_ptr_2 48 pure>)
+256: p20 = getfield_gc_r(p9, descr=<FieldP rpyeffect.stored_environment.Stack__arb.inst_tail 8 pure>)
debug_merge_point(0, 0, '134<main.rpyeffect:134([k@Name(loop2821)#264])>+0: {"op": "Swap". "type": "any". "a": 2. "b". 1}')
debug_merge_point(0, 0, '134<main.rpyeffect:134([k@Name(loop2821)#264])>+1: {"op": "Swap". "type": "any". "a": 0. "b". 1}')
debug_merge_point(0, 0, '134<main.rpyeffect:134([k@Name(loop2821)#264])>+2: {"op": "Swap". "type": "any". "a": 3. "b". 1}')
debug_merge_point(0, 0, '134<main.rpyeffect:134([k@Name(loop2821)#264])>+3: {"op": "IfZero". "cond": 3. "then": {"tag": null. "target": 133. "args": {"any": []}}}')
+260: guard_false(i14, descr=<Guard0x14a75d220>) [p0, p1, p2, p3, p4, p5, p6, p7, p8, p9, p10, p11]
debug_merge_point(0, 0, '133<main.rpyeffect:133([then#268])>+0: {"op": "Push". "target": 132. "args": {"any": [2. 0. 1]}}')
debug_merge_point(0, 0, '133<main.rpyeffect:133([then#268])>+1: {"op": "Invoke". "receiver": 2. "tag": Interned(Operator2829). "args" : {"any": [0]}}')
+268: p21 = getfield_gc_r(p17, descr=<FieldP rpyeffect.codata.CoData.inst_vtable 8 pure>)
+276: guard_value(p21, ConstPtr(ptr22), descr=<Guard0x14a75d250>) [p0, p1, p2, p3, p4, p5, p6, p7, p8, p9, p10, p11]
+284: p23 = getfield_gc_r(p17, descr=<FieldP rpyeffect.stored_environment.CoData__1.inst_values_ptr_0 24 pure>)
debug_merge_point(0, 0, '144<main.rpyeffect:144([method_Operator2829@Name(run2824)#284])>+0: {"op": "Const". "type": "ptr". "out": 2. "format": "int". "value": "<IntValue object at 0x1485db620>"}')
debug_merge_point(0, 0, '144<main.rpyeffect:144([method_Operator2829@Name(run2824)#284])>+1: {"op": "ShiftDyn". "out": 1. "n": 2. "label": 1}')
+292: i25 = instance_ptr_eq(p11, ConstPtr(ptr24))
guard_true(i25, descr=<Guard0x14a75d280>) [p0, p1, p2, p3, p4, p5, p6, p7, p8, p9, p10, p11]
+304: guard_nonnull(p8, descr=<Guard0x14a75d2b0>) [p0, p1, p2, p3, p4, p5, p6, p7, p8, p9, p10, p11]
+316: guard_nonnull(p23, descr=<Guard0x14a75d2e0>) [p0, p1, p2, p3, p4, p5, p6, p7, p8, p9, p10, p11]
+324: i26 = getfield_gc_i(p8, descr=<FieldS rpyeffect.stack.Label.inst_origin 8 pure>)
+332: guard_value(i26, 149504, descr=<Guard0x14a75d310>) [p0, p1, p2, p3, p4, p5, p6, p7, p8, p9, p10, p11]
+348: i28 = getfield_gc_i(p23, descr=<FieldS rpyeffect.stack.Label.inst_origin 8 pure>)
+352: guard_value(i28, 149504, descr=<Guard0x14a75d340>) [p0, p1, p2, p3, p4, p5, p6, p7, p8, p9, p10, p11]
+368: i30 = instance_ptr_eq(p8, p23)
guard_true(i30, descr=<Guard0x14a75d370>) [p0, p1, p2, p3, p4, p5, p6, p7, p8, p9, p10, p11]
+376: guard_nonnull_class(p10, 4314277680, descr=<Guard0x1485e3340>) [p0, p1, p2, p3, p4, p5, p6, p7, p8, p9, p10, p11]
+404: p32 = getfield_gc_r(p10, descr=<FieldP rpyeffect.stack.MetaStackLike.inst_stack 8 pure>)
+408: p33 = getfield_gc_r(p10, descr=<FieldP rpyeffect.stack.MetaStack.inst_label 16 pure>)
+412: p34 = getfield_gc_r(p10, descr=<FieldP rpyeffect.stack.MetaStack.inst_tail 32 pure>)
debug_merge_point(0, 0, '144<main.rpyeffect:144([method_Operator2829@Name(run2824)#284])>+2: {"op": "Construct". "out": 2. "type": Interned(Unit). "tag": Interned(unit). "args": {"any": []}}')
debug_merge_point(0, 0, '144<main.rpyeffect:144([method_Operator2829@Name(run2824)#284])>+3: {"op": "Push". "target": 143. "args": {"any": [0]}}')
debug_merge_point(0, 0, '144<main.rpyeffect:144([method_Operator2829@Name(run2824)#284])>+4: {"op": "Copy". "type": "any". "from": 2. "to". 0}')
debug_merge_point(0, 0, '144<main.rpyeffect:144([method_Operator2829@Name(run2824)#284])>+5: {"op": "Jump". "target": 136}')
debug_merge_point(0, 0, '136<main.rpyeffect:136(Name(resume2831))>+0: {"op": "PushStack". "arg": 1}')
debug_merge_point(0, 0, '136<main.rpyeffect:136(Name(resume2831))>+1: {"op": "Return". "args": {"any": [0]}}')
debug_merge_point(0, 0, '132<main.rpyeffect:132([k@[then#268]#270])>+0: {"op": "Const". "type": "ptr". "out": 0. "format": "int". "value": "<IntValue object at 0x1485db840>"}')
debug_merge_point(0, 0, '132<main.rpyeffect:132([k@[then#268]#270])>+1: {"op": "Push". "target": 131. "args": {"any": [1. 3]}}')
debug_merge_point(0, 0, '132<main.rpyeffect:132([k@[then#268]#270])>+2: {"op": "Copy". "type": "any". "from": 0. "to". 1}')
debug_merge_point(0, 0, '132<main.rpyeffect:132([k@[then#268]#270])>+3: {"op": "Copy". "type": "any". "from": 2. "to". 0}')
debug_merge_point(0, 0, '132<main.rpyeffect:132([k@[then#268]#270])>+4: {"op": "Jump". "target": 8}')
debug_merge_point(0, 0, '8<main.rpyeffect:8(Name(infixSub105))>+0: {"op": "PrimOp". "name": "infixSub(Int. Int): Int". "out": {"any": [0]}. "in": {"any": [0. 1]}}')
+416: p35 = new_with_vtable(descr=<SizeDescr 48>)
+524: p36 = new_with_vtable(descr=<SizeDescr 40>)
+536: p37 = new_with_vtable(descr=<SizeDescr 40>)
+548: setfield_gc(p37, p32, descr=<FieldP rpyeffect.stored_environment.Stack__arb.inst_tail 8 pure>)
+552: setfield_gc(p37, 143, descr=<FieldS rpyeffect.stored_environment.Stack__arb.inst_target 16 pure>)
+560: setfield_gc(p37, p18, descr=<FieldP rpyeffect.stored_environment.Stack__1.inst_values_ptr_0 32 pure>)
+564: setfield_gc(p35, 131, descr=<FieldS rpyeffect.stored_environment.Stack__arb.inst_target 16 pure>)
+572: setfield_gc(p35, p20, descr=<FieldP rpyeffect.stored_environment.Stack__arb.inst_tail 8 pure>)
+576: setfield_gc(p36, p37, descr=<FieldP rpyeffect.stack.MetaStackLike.inst_stack 8 pure>)
+580: setfield_gc(p36, p33, descr=<FieldP rpyeffect.stack.MetaStack.inst_label 16 pure>)
+588: setfield_gc(p36, p34, descr=<FieldP rpyeffect.stack.MetaStack.inst_tail 32 pure>)
+592: setfield_gc(p35, p17, descr=<FieldP rpyeffect.stored_environment.Stack__2.inst_values_ptr_0 32 pure>)
+596: setfield_gc(p35, p19, descr=<FieldP rpyeffect.stored_environment.Stack__2.inst_values_ptr_1 40 pure>)
+600: setfield_gc(p36, ConstPtr(null), descr=<FieldP rpyeffect.stack.MetaStack.inst_region 24 pure>)
+628: jump(p8, p35, p0, p36, ConstPtr(ptr41), p18, ConstPtr(ptr42), p18, p19, p5, p6, p7, descr=TargetToken(5509124576))
+740: --end of the loop--
[579ae3d] jit-log-opt-bridge}
[b3f6adc] {jit-summary
Tracing:      	11	0.002449
Backend:      	11	0.000758
TOTAL:      		0.180920
ops:             	8211
heapcached ops:  	1620
recorded ops:    	1816
  calls:         	467
guards:          	294
opt ops:         	633
opt guards:      	91
opt guards shared:	71
forcings:        	0
abort: trace too long:	0
abort: compiling:	0
abort: vable escape:	0
abort: bad loop: 	0
abort: force quasi-immut:	0
abort: segmenting trace:	0
virtualizables forced:	0
nvirtuals:       	8
nvholes:         	0
nvreused:        	0
vecopt tried:    	0
vecopt success:  	0
Total # of loops:	4
Total # of bridges:	7
Freed # of loops:	0
Freed # of bridges:	0
[b3f9992] jit-summary}
