[93a1c8] {jit-log-opt-loop
# Loop 1 (141<main.rpyeffect:141(Name(parse2827))>+0: {"op": "Push", "target": 140, "args": {"any": [2, 1, 3, 0]}}) : loop with 189 ops
[p0, p1, p2, p3, p4]
+360: p5 = getfield_gc_r(p2, descr=<FieldP rpyeffect.environment.Environment.inst_values_ptr 16>)
+368: p7 = getarrayitem_gc_r(p5, 0, descr=<ArrayP 8>)
+372: p9 = getarrayitem_gc_r(p5, 1, descr=<ArrayP 8>)
+376: p11 = getarrayitem_gc_r(p5, 2, descr=<ArrayP 8>)
+380: p13 = getarrayitem_gc_r(p5, 3, descr=<ArrayP 8>)
+384: p15 = getarrayitem_gc_r(p5, 4, descr=<ArrayP 8>)
+388: p17 = getarrayitem_gc_r(p5, 5, descr=<ArrayP 8>)
+392: p19 = getarrayitem_gc_r(p5, 6, descr=<ArrayP 8>)
+396: p21 = getarrayitem_gc_r(p5, 7, descr=<ArrayP 8>)
+400: label(p0, p1, p2, p3, p4, p7, p9, p11, p13, p15, p17, p19, p21, descr=TargetToken(5777569056))
debug_merge_point(0, 0, '141<main.rpyeffect:141(Name(parse2827))>+0: {"op": "Push". "target": 140. "args": {"any": [2. 1. 3. 0]}}')
+424: guard_not_invalidated(descr=<Guard0x1585e0f98>) [p2, p7, p9, p11, p13, p15, p17, p19, p21, p0, p1, p3, p4]
debug_merge_point(0, 0, '141<main.rpyeffect:141(Name(parse2827))>+1: {"op": "Invoke". "receiver": 1. "tag": Interned(Read2838). "args" : {"any": []}}')
+428: p22 = getfield_gc_r(p9, descr=<FieldP rpyeffect.codata.CoData.inst_vtable 8 pure>)
+436: guard_value(p22, ConstPtr(ptr23), descr=<Guard0x1585fb610>) [p2, p7, p9, p11, p13, p15, p17, p19, p21, p0, p1, p3, p4]
+444: p24 = getfield_gc_r(p9, descr=<FieldP rpyeffect.stored_environment.CoData__arb.inst_values_ptr 16 pure>)
+448: i25 = arraylen_gc(p24, descr=<ArrayP 8>)
+452: guard_value(i25, 5, descr=<Guard0x1585fb640>) [p2, p7, p9, p11, p13, p15, p17, p19, p21, p0, p1, p3, p4]
+464: p28 = getarrayitem_gc_pure_r(p24, 0, descr=<ArrayP 8>)
+464: p30 = getarrayitem_gc_pure_r(p24, 1, descr=<ArrayP 8>)
+468: p32 = getarrayitem_gc_pure_r(p24, 2, descr=<ArrayP 8>)
+472: p34 = getarrayitem_gc_pure_r(p24, 3, descr=<ArrayP 8>)
+476: p36 = getarrayitem_gc_pure_r(p24, 4, descr=<ArrayP 8>)
debug_merge_point(0, 0, '176<main.rpyeffect:176([method_Read2838@Name(feed2834)#338])>+0: {"op": "Const". "type": "ptr". "out": 5. "format": "int". "value": "<IntValue object at 0x1585fe6c0>"}')
debug_merge_point(0, 0, '176<main.rpyeffect:176([method_Read2838@Name(feed2834)#338])>+1: {"op": "ShiftDyn". "out": 4. "n": 5. "label": 4}')
+484: i38 = instance_ptr_eq(p4, ConstPtr(ptr37))
guard_true(i38, descr=<Guard0x1585fb670>) [p2, p7, p9, p11, p13, p15, p17, p19, p21, p0, p1, p3, p4]
+496: guard_nonnull(p0, descr=<Guard0x1585fb6a0>) [p2, p7, p9, p11, p13, p15, p17, p19, p21, p0, p1, p3, p4]
+508: guard_nonnull(p36, descr=<Guard0x1585fb6d0>) [p2, p7, p9, p11, p13, p15, p17, p19, p21, p0, p1, p3, p4]
+516: i39 = getfield_gc_i(p0, descr=<FieldS rpyeffect.stack.Label.inst_origin 8 pure>)
+524: guard_value(i39, 182282, descr=<Guard0x1585fb700>) [p2, p7, p9, p11, p13, p15, p17, p19, p21, p0, p1, p3, p4]
+540: i41 = getfield_gc_i(p36, descr=<FieldS rpyeffect.stack.Label.inst_origin 8 pure>)
+544: guard_value(i41, 182282, descr=<Guard0x1585fb730>) [p2, p7, p9, p11, p13, p15, p17, p19, p21, p0, p1, p3, p4]
+560: i43 = instance_ptr_eq(p0, p36)
guard_true(i43, descr=<Guard0x1585fb760>) [p2, p7, p9, p11, p13, p15, p17, p19, p21, p0, p1, p3, p4]
+568: guard_nonnull_class(p3, 4376182216, descr=<Guard0x1585e0fe0>) [p2, p7, p9, p11, p13, p15, p17, p19, p21, p0, p1, p3, p4]
+596: p45 = getfield_gc_r(p3, descr=<FieldP rpyeffect.stack.MetaStackLike.inst_stack 8 pure>)
+600: p46 = getfield_gc_r(p3, descr=<FieldP rpyeffect.stack.MetaStack.inst_label 16 pure>)
+604: p47 = getfield_gc_r(p3, descr=<FieldP rpyeffect.stack.MetaStack.inst_tail 32 pure>)
+608: guard_nonnull(p45, descr=<Guard0x1585fb790>) [p2, p7, p9, p11, p13, p15, p17, p19, p21, p0, p1, p3, p4]
+616: i48 = getfield_gc_i(p45, descr=<FieldS rpyeffect.stored_environment.Stack__arb.inst_target 16 pure>)
+620: guard_value(i48, 158, descr=<Guard0x1585fb7c0>) [p2, p7, p9, p11, p13, p15, p17, p19, p21, p0, p1, p3, p4]
debug_merge_point(0, 0, '176<main.rpyeffect:176([method_Read2838@Name(feed2834)#338])>+2: {"op": "Load". "out": 5. "type": "any". "ref": 1}')
+632: p50 = getfield_gc_r(p30, descr=<FieldP rpyeffect.region.Ref.inst_allocation_site 8 pure>)
+640: guard_value(p50, ConstPtr(ptr51), descr=<Guard0x1585fb7f0>) [p2, p7, p9, p11, p13, p15, p17, p19, p21, p0, p1, p3, p4]
+648: p52 = getfield_gc_r(p30, descr=<FieldP rpyeffect.region.Ref.inst_value 16>)
+652: i53 = getfield_gc_i(p52, descr=<FieldS rpyeffect.value.UnboxedIntValueRef.inst_value 8>)
debug_merge_point(0, 0, '176<main.rpyeffect:176([method_Read2838@Name(feed2834)#338])>+3: {"op": "Push". "target": 175. "args": {"any": [0. 1. 2. 4]}}')
debug_merge_point(0, 0, '176<main.rpyeffect:176([method_Read2838@Name(feed2834)#338])>+4: {"op": "Copy". "type": "any". "from": 5. "to". 0}')
debug_merge_point(0, 0, '176<main.rpyeffect:176([method_Read2838@Name(feed2834)#338])>+5: {"op": "Copy". "type": "any". "from": 3. "to". 1}')
debug_merge_point(0, 0, '176<main.rpyeffect:176([method_Read2838@Name(feed2834)#338])>+6: {"op": "Jump". "target": 10}')
debug_merge_point(0, 0, '10<main.rpyeffect:10(Name(infixGt184))>+0: {"op": "PrimOp". "name": "infixGt(Int. Int): Boolean". "out": {"any": [0]}. "in": {"any": [0. 1]}}')
+656: i54 = getfield_gc_i(p34, descr=<FieldS rpyeffect.value.IntValue.inst_value 8 pure>)
+660: i55 = int_gt(i53, i54)
debug_merge_point(0, 0, '10<main.rpyeffect:10(Name(infixGt184))>+1: {"op": "Return". "args": {"any": [0]}}')
debug_merge_point(0, 0, '175<main.rpyeffect:175([k@[method_Read2838@Name(feed2834)#338]#343])>+0: {"op": "Swap". "type": "any". "a": 3. "b". 4}')
debug_merge_point(0, 0, '175<main.rpyeffect:175([k@[method_Read2838@Name(feed2834)#338]#343])>+1: {"op": "Swap". "type": "any". "a": 2. "b". 4}')
debug_merge_point(0, 0, '175<main.rpyeffect:175([k@[method_Read2838@Name(feed2834)#338]#343])>+2: {"op": "Swap". "type": "any". "a": 1. "b". 4}')
debug_merge_point(0, 0, '175<main.rpyeffect:175([k@[method_Read2838@Name(feed2834)#338]#343])>+3: {"op": "IfZero". "cond": 0. "then": {"tag": null. "target": 171. "args": {"any": []}}}')
guard_false(i55, descr=<Guard0x1585fb820>) [p2, p7, p9, p11, p13, p15, p17, p19, p21, p0, p1, p3, p4]
debug_merge_point(0, 0, '171<main.rpyeffect:171([then#347])>+0: {"op": "Load". "out": 0. "type": "any". "ref": 2}')
+668: p56 = getfield_gc_r(p32, descr=<FieldP rpyeffect.region.Ref.inst_allocation_site 8 pure>)
+680: guard_value(p56, ConstPtr(ptr57), descr=<Guard0x1585fb850>) [p2, p7, p9, p11, p13, p15, p17, p19, p21, p0, p1, p3, p4]
+688: p58 = getfield_gc_r(p32, descr=<FieldP rpyeffect.region.Ref.inst_value 16>)
+692: i59 = getfield_gc_i(p58, descr=<FieldS rpyeffect.value.UnboxedIntValueRef.inst_value 8>)
debug_merge_point(0, 0, '171<main.rpyeffect:171([then#347])>+1: {"op": "Const". "type": "ptr". "out": 4. "format": "int". "value": "<IntValue object at 0x1585fe120>"}')
debug_merge_point(0, 0, '171<main.rpyeffect:171([then#347])>+2: {"op": "Push". "target": 170. "args": {"any": [1. 2. 3]}}')
debug_merge_point(0, 0, '171<main.rpyeffect:171([then#347])>+3: {"op": "Copy". "type": "any". "from": 4. "to". 1}')
debug_merge_point(0, 0, '171<main.rpyeffect:171([then#347])>+4: {"op": "Jump". "target": 4}')
debug_merge_point(0, 0, '4<main.rpyeffect:4(Name(infixEq72))>+0: {"op": "PrimOp". "name": "infixEq(Int. Int): Boolean". "out": {"any": [0]}. "in": {"any": [0. 1]}}')
+696: i61 = int_eq(i59, 0)
debug_merge_point(0, 0, '4<main.rpyeffect:4(Name(infixEq72))>+1: {"op": "Return". "args": {"any": [0]}}')
debug_merge_point(0, 0, '170<main.rpyeffect:170([k@[then#347]#352])>+0: {"op": "Swap". "type": "any". "a": 0. "b". 1}')
debug_merge_point(0, 0, '170<main.rpyeffect:170([k@[then#347]#352])>+1: {"op": "Swap". "type": "any". "a": 2. "b". 1}')
debug_merge_point(0, 0, '170<main.rpyeffect:170([k@[then#347]#352])>+2: {"op": "IfZero". "cond": 2. "then": {"tag": null. "target": 166. "args": {"any": []}}}')
guard_false(i61, descr=<Guard0x1585fb880>) [p2, p7, p9, p11, p13, p15, p17, p19, p21, p0, p1, p3, p4]
debug_merge_point(0, 0, '166<main.rpyeffect:166([then#356])>+0: {"op": "Load". "out": 0. "type": "any". "ref": 1}')
debug_merge_point(0, 0, '166<main.rpyeffect:166([then#356])>+1: {"op": "Const". "type": "ptr". "out": 2. "format": "int". "value": "<IntValue object at 0x1585dd180>"}')
debug_merge_point(0, 0, '166<main.rpyeffect:166([then#356])>+2: {"op": "Push". "target": 165. "args": {"any": [1. 3]}}')
debug_merge_point(0, 0, '166<main.rpyeffect:166([then#356])>+3: {"op": "Copy". "type": "any". "from": 2. "to". 1}')
debug_merge_point(0, 0, '166<main.rpyeffect:166([then#356])>+4: {"op": "Jump". "target": 8}')
debug_merge_point(0, 0, '8<main.rpyeffect:8(Name(infixSub105))>+0: {"op": "PrimOp". "name": "infixSub(Int. Int): Int". "out": {"any": [0]}. "in": {"any": [0. 1]}}')
+704: i63 = int_sub(i59, 1)
debug_merge_point(0, 0, '8<main.rpyeffect:8(Name(infixSub105))>+1: {"op": "Return". "args": {"any": [0]}}')
debug_merge_point(0, 0, '165<main.rpyeffect:165([k@[then#356]#361])>+0: {"op": "Store". "ref": 1. "type": "any". "value": 0}')
debug_merge_point(0, 0, '165<main.rpyeffect:165([k@[then#356]#361])>+1: {"op": "Construct". "out": 0. "type": Interned(Unit). "tag": Interned(unit). "args": {"any": []}}')
debug_merge_point(0, 0, '165<main.rpyeffect:165([k@[then#356]#361])>+2: {"op": "Push". "target": 164. "args": {"any": [2]}}')
debug_merge_point(0, 0, '165<main.rpyeffect:165([k@[then#356]#361])>+3: {"op": "Jump". "target": 127}')
debug_merge_point(0, 0, '127<main.rpyeffect:127(Name(dollar2823))>+0: {"op": "Const". "type": "ptr". "out": 0. "format": "int". "value": "<IntValue object at 0x1585dd8f0>"}')
debug_merge_point(0, 0, '127<main.rpyeffect:127(Name(dollar2823))>+1: {"op": "Return". "args": {"any": [0]}}')
debug_merge_point(0, 0, '164<main.rpyeffect:164([k@[k@[then#356]#361]#365])>+0: {"op": "Jump". "target": 156}')
debug_merge_point(0, 0, '156<main.rpyeffect:156(Name(resume2849))>+0: {"op": "PushStack". "arg": 1}')
debug_merge_point(0, 0, '156<main.rpyeffect:156(Name(resume2849))>+1: {"op": "Return". "args": {"any": [0]}}')
+708: setfield_gc(p58, i63, descr=<FieldS rpyeffect.value.UnboxedIntValueRef.inst_value 8>)
+712: guard_nonnull(p1, descr=<Guard0x1585e1028>) [p2, p11, p9, p13, p7, p19, p21, p0, p1, p47, p46, p45, i53]
+724: i64 = getfield_gc_i(p1, descr=<FieldS rpyeffect.stored_environment.Stack__arb.inst_target 16 pure>)
+732: guard_value(i64, 160, descr=<Guard0x1585fb8b0>) [p2, p11, p9, p13, p7, p19, p21, p0, p1, p47, p46, p45, i53]
debug_merge_point(0, 0, '140<main.rpyeffect:140([k@Name(parse2827)#258])>+0: {"op": "Push". "target": 139. "args": {"any": [1. 2. 3. 4. 0]}}')
debug_merge_point(0, 0, '140<main.rpyeffect:140([k@Name(parse2827)#258])>+1: {"op": "Jump". "target": 128}')
debug_merge_point(0, 0, '128<main.rpyeffect:128(Name(isDollar2825))>+0: {"op": "Const". "type": "ptr". "out": 1. "format": "int". "value": "<IntValue object at 0x1585dd8c0>"}')
debug_merge_point(0, 0, '128<main.rpyeffect:128(Name(isDollar2825))>+1: {"op": "Jump". "target": 4}')
debug_merge_point(0, 0, '4<main.rpyeffect:4(Name(infixEq72))>+0: {"op": "PrimOp". "name": "infixEq(Int. Int): Boolean". "out": {"any": [0]}. "in": {"any": [0. 1]}}')
debug_merge_point(0, 0, '4<main.rpyeffect:4(Name(infixEq72))>+1: {"op": "Return". "args": {"any": [0]}}')
debug_merge_point(0, 0, '139<main.rpyeffect:139([k@[k@Name(parse2827)#258]#260])>+0: {"op": "Swap". "type": "any". "a": 2. "b". 5}')
debug_merge_point(0, 0, '139<main.rpyeffect:139([k@[k@Name(parse2827)#258]#260])>+1: {"op": "Swap". "type": "any". "a": 4. "b". 5}')
debug_merge_point(0, 0, '139<main.rpyeffect:139([k@[k@Name(parse2827)#258]#260])>+2: {"op": "Swap". "type": "any". "a": 1. "b". 5}')
debug_merge_point(0, 0, '139<main.rpyeffect:139([k@[k@Name(parse2827)#258]#260])>+3: {"op": "IfZero". "cond": 0. "then": {"tag": null. "target": 136. "args": {"any": []}}}')
debug_merge_point(0, 0, '139<main.rpyeffect:139([k@[k@Name(parse2827)#258]#260])>+4: {"op": "Const". "type": "ptr". "out": 0. "format": "int". "value": "<IntValue object at 0x1585dd730>"}')
debug_merge_point(0, 0, '139<main.rpyeffect:139([k@[k@Name(parse2827)#258]#260])>+5: {"op": "Push". "target": 138. "args": {"any": [5. 4. 3]}}')
debug_merge_point(0, 0, '139<main.rpyeffect:139([k@[k@Name(parse2827)#258]#260])>+6: {"op": "Swap". "type": "any". "a": 0. "b". 1}')
debug_merge_point(0, 0, '139<main.rpyeffect:139([k@[k@Name(parse2827)#258]#260])>+7: {"op": "Jump". "target": 6}')
debug_merge_point(0, 0, '6<main.rpyeffect:6(Name(infixAdd96))>+0: {"op": "PrimOp". "name": "infixAdd(Int. Int): Int". "out": {"any": [0]}. "in": {"any": [0. 1]}}')
+744: i66 = getfield_gc_i(p7, descr=<FieldS rpyeffect.value.IntValue.inst_value 8 pure>)
+748: i68 = int_add(i66, 1)
debug_merge_point(0, 0, '6<main.rpyeffect:6(Name(infixAdd96))>+1: {"op": "Return". "args": {"any": [0]}}')
debug_merge_point(0, 0, '138<main.rpyeffect:138([k@[k@[k@Name(parse2827)#258]#260]#280])>+0: {"op": "Swap". "type": "any". "a": 2. "b". 1}')
debug_merge_point(0, 0, '138<main.rpyeffect:138([k@[k@[k@Name(parse2827)#258]#260]#280])>+1: {"op": "Jump". "target": 141}')
debug_merge_point(0, 0, '141<main.rpyeffect:141(Name(parse2827))>+0: {"op": "Push". "target": 140. "args": {"any": [2. 1. 3. 0]}}')
+752: label(p0, p1, p2, p45, p46, p47, i68, p9, p11, p13, p19, p21, p36, p30, p52, p34, i54, p32, p58, i63, descr=TargetToken(5777569120))
debug_merge_point(0, 0, '141<main.rpyeffect:141(Name(parse2827))>+0: {"op": "Push". "target": 140. "args": {"any": [2. 1. 3. 0]}}')
+780: guard_not_invalidated(descr=<Guard0x1585e1070>) [p2, p9, p11, p13, p19, p21, p0, p1, p47, p46, p45, i68]
debug_merge_point(0, 0, '141<main.rpyeffect:141(Name(parse2827))>+1: {"op": "Invoke". "receiver": 1. "tag": Interned(Read2838). "args" : {"any": []}}')
debug_merge_point(0, 0, '176<main.rpyeffect:176([method_Read2838@Name(feed2834)#338])>+0: {"op": "Const". "type": "ptr". "out": 5. "format": "int". "value": "<IntValue object at 0x1585fe6c0>"}')
debug_merge_point(0, 0, '176<main.rpyeffect:176([method_Read2838@Name(feed2834)#338])>+1: {"op": "ShiftDyn". "out": 4. "n": 5. "label": 4}')
debug_merge_point(0, 0, '176<main.rpyeffect:176([method_Read2838@Name(feed2834)#338])>+2: {"op": "Load". "out": 5. "type": "any". "ref": 1}')
+784: i69 = getfield_gc_i(p52, descr=<FieldS rpyeffect.value.UnboxedIntValueRef.inst_value 8>)
debug_merge_point(0, 0, '176<main.rpyeffect:176([method_Read2838@Name(feed2834)#338])>+3: {"op": "Push". "target": 175. "args": {"any": [0. 1. 2. 4]}}')
debug_merge_point(0, 0, '176<main.rpyeffect:176([method_Read2838@Name(feed2834)#338])>+4: {"op": "Copy". "type": "any". "from": 5. "to". 0}')
debug_merge_point(0, 0, '176<main.rpyeffect:176([method_Read2838@Name(feed2834)#338])>+5: {"op": "Copy". "type": "any". "from": 3. "to". 1}')
debug_merge_point(0, 0, '176<main.rpyeffect:176([method_Read2838@Name(feed2834)#338])>+6: {"op": "Jump". "target": 10}')
debug_merge_point(0, 0, '10<main.rpyeffect:10(Name(infixGt184))>+0: {"op": "PrimOp". "name": "infixGt(Int. Int): Boolean". "out": {"any": [0]}. "in": {"any": [0. 1]}}')
+788: i70 = int_gt(i69, i54)
debug_merge_point(0, 0, '10<main.rpyeffect:10(Name(infixGt184))>+1: {"op": "Return". "args": {"any": [0]}}')
debug_merge_point(0, 0, '175<main.rpyeffect:175([k@[method_Read2838@Name(feed2834)#338]#343])>+0: {"op": "Swap". "type": "any". "a": 3. "b". 4}')
debug_merge_point(0, 0, '175<main.rpyeffect:175([k@[method_Read2838@Name(feed2834)#338]#343])>+1: {"op": "Swap". "type": "any". "a": 2. "b". 4}')
debug_merge_point(0, 0, '175<main.rpyeffect:175([k@[method_Read2838@Name(feed2834)#338]#343])>+2: {"op": "Swap". "type": "any". "a": 1. "b". 4}')
debug_merge_point(0, 0, '175<main.rpyeffect:175([k@[method_Read2838@Name(feed2834)#338]#343])>+3: {"op": "IfZero". "cond": 0. "then": {"tag": null. "target": 171. "args": {"any": []}}}')
guard_false(i70, descr=<Guard0x1585fb8e0>) [p2, p9, p11, p13, p19, p21, p0, p1, p47, p46, p45, i68]
debug_merge_point(0, 0, '171<main.rpyeffect:171([then#347])>+0: {"op": "Load". "out": 0. "type": "any". "ref": 2}')
debug_merge_point(0, 0, '171<main.rpyeffect:171([then#347])>+1: {"op": "Const". "type": "ptr". "out": 4. "format": "int". "value": "<IntValue object at 0x1585fe120>"}')
debug_merge_point(0, 0, '171<main.rpyeffect:171([then#347])>+2: {"op": "Push". "target": 170. "args": {"any": [1. 2. 3]}}')
debug_merge_point(0, 0, '171<main.rpyeffect:171([then#347])>+3: {"op": "Copy". "type": "any". "from": 4. "to". 1}')
debug_merge_point(0, 0, '171<main.rpyeffect:171([then#347])>+4: {"op": "Jump". "target": 4}')
debug_merge_point(0, 0, '4<main.rpyeffect:4(Name(infixEq72))>+0: {"op": "PrimOp". "name": "infixEq(Int. Int): Boolean". "out": {"any": [0]}. "in": {"any": [0. 1]}}')
+796: i72 = int_eq(i63, 0)
debug_merge_point(0, 0, '4<main.rpyeffect:4(Name(infixEq72))>+1: {"op": "Return". "args": {"any": [0]}}')
debug_merge_point(0, 0, '170<main.rpyeffect:170([k@[then#347]#352])>+0: {"op": "Swap". "type": "any". "a": 0. "b". 1}')
debug_merge_point(0, 0, '170<main.rpyeffect:170([k@[then#347]#352])>+1: {"op": "Swap". "type": "any". "a": 2. "b". 1}')
debug_merge_point(0, 0, '170<main.rpyeffect:170([k@[then#347]#352])>+2: {"op": "IfZero". "cond": 2. "then": {"tag": null. "target": 166. "args": {"any": []}}}')
guard_false(i72, descr=<Guard0x1585fb910>) [p2, p9, p11, p13, p19, p21, p0, p1, p47, p46, p45, i68]
debug_merge_point(0, 0, '166<main.rpyeffect:166([then#356])>+0: {"op": "Load". "out": 0. "type": "any". "ref": 1}')
debug_merge_point(0, 0, '166<main.rpyeffect:166([then#356])>+1: {"op": "Const". "type": "ptr". "out": 2. "format": "int". "value": "<IntValue object at 0x1585dd180>"}')
debug_merge_point(0, 0, '166<main.rpyeffect:166([then#356])>+2: {"op": "Push". "target": 165. "args": {"any": [1. 3]}}')
debug_merge_point(0, 0, '166<main.rpyeffect:166([then#356])>+3: {"op": "Copy". "type": "any". "from": 2. "to". 1}')
debug_merge_point(0, 0, '166<main.rpyeffect:166([then#356])>+4: {"op": "Jump". "target": 8}')
debug_merge_point(0, 0, '8<main.rpyeffect:8(Name(infixSub105))>+0: {"op": "PrimOp". "name": "infixSub(Int. Int): Int". "out": {"any": [0]}. "in": {"any": [0. 1]}}')
+804: i74 = int_sub(i63, 1)
debug_merge_point(0, 0, '8<main.rpyeffect:8(Name(infixSub105))>+1: {"op": "Return". "args": {"any": [0]}}')
debug_merge_point(0, 0, '165<main.rpyeffect:165([k@[then#356]#361])>+0: {"op": "Store". "ref": 1. "type": "any". "value": 0}')
debug_merge_point(0, 0, '165<main.rpyeffect:165([k@[then#356]#361])>+1: {"op": "Construct". "out": 0. "type": Interned(Unit). "tag": Interned(unit). "args": {"any": []}}')
debug_merge_point(0, 0, '165<main.rpyeffect:165([k@[then#356]#361])>+2: {"op": "Push". "target": 164. "args": {"any": [2]}}')
debug_merge_point(0, 0, '165<main.rpyeffect:165([k@[then#356]#361])>+3: {"op": "Jump". "target": 127}')
debug_merge_point(0, 0, '127<main.rpyeffect:127(Name(dollar2823))>+0: {"op": "Const". "type": "ptr". "out": 0. "format": "int". "value": "<IntValue object at 0x1585dd8f0>"}')
debug_merge_point(0, 0, '127<main.rpyeffect:127(Name(dollar2823))>+1: {"op": "Return". "args": {"any": [0]}}')
debug_merge_point(0, 0, '164<main.rpyeffect:164([k@[k@[then#356]#361]#365])>+0: {"op": "Jump". "target": 156}')
debug_merge_point(0, 0, '156<main.rpyeffect:156(Name(resume2849))>+0: {"op": "PushStack". "arg": 1}')
debug_merge_point(0, 0, '156<main.rpyeffect:156(Name(resume2849))>+1: {"op": "Return". "args": {"any": [0]}}')
debug_merge_point(0, 0, '140<main.rpyeffect:140([k@Name(parse2827)#258])>+0: {"op": "Push". "target": 139. "args": {"any": [1. 2. 3. 4. 0]}}')
debug_merge_point(0, 0, '140<main.rpyeffect:140([k@Name(parse2827)#258])>+1: {"op": "Jump". "target": 128}')
debug_merge_point(0, 0, '128<main.rpyeffect:128(Name(isDollar2825))>+0: {"op": "Const". "type": "ptr". "out": 1. "format": "int". "value": "<IntValue object at 0x1585dd8c0>"}')
debug_merge_point(0, 0, '128<main.rpyeffect:128(Name(isDollar2825))>+1: {"op": "Jump". "target": 4}')
debug_merge_point(0, 0, '4<main.rpyeffect:4(Name(infixEq72))>+0: {"op": "PrimOp". "name": "infixEq(Int. Int): Boolean". "out": {"any": [0]}. "in": {"any": [0. 1]}}')
debug_merge_point(0, 0, '4<main.rpyeffect:4(Name(infixEq72))>+1: {"op": "Return". "args": {"any": [0]}}')
debug_merge_point(0, 0, '139<main.rpyeffect:139([k@[k@Name(parse2827)#258]#260])>+0: {"op": "Swap". "type": "any". "a": 2. "b". 5}')
debug_merge_point(0, 0, '139<main.rpyeffect:139([k@[k@Name(parse2827)#258]#260])>+1: {"op": "Swap". "type": "any". "a": 4. "b". 5}')
debug_merge_point(0, 0, '139<main.rpyeffect:139([k@[k@Name(parse2827)#258]#260])>+2: {"op": "Swap". "type": "any". "a": 1. "b". 5}')
debug_merge_point(0, 0, '139<main.rpyeffect:139([k@[k@Name(parse2827)#258]#260])>+3: {"op": "IfZero". "cond": 0. "then": {"tag": null. "target": 136. "args": {"any": []}}}')
debug_merge_point(0, 0, '139<main.rpyeffect:139([k@[k@Name(parse2827)#258]#260])>+4: {"op": "Const". "type": "ptr". "out": 0. "format": "int". "value": "<IntValue object at 0x1585dd730>"}')
debug_merge_point(0, 0, '139<main.rpyeffect:139([k@[k@Name(parse2827)#258]#260])>+5: {"op": "Push". "target": 138. "args": {"any": [5. 4. 3]}}')
debug_merge_point(0, 0, '139<main.rpyeffect:139([k@[k@Name(parse2827)#258]#260])>+6: {"op": "Swap". "type": "any". "a": 0. "b". 1}')
debug_merge_point(0, 0, '139<main.rpyeffect:139([k@[k@Name(parse2827)#258]#260])>+7: {"op": "Jump". "target": 6}')
debug_merge_point(0, 0, '6<main.rpyeffect:6(Name(infixAdd96))>+0: {"op": "PrimOp". "name": "infixAdd(Int. Int): Int". "out": {"any": [0]}. "in": {"any": [0. 1]}}')
+808: i76 = int_add(i68, 1)
debug_merge_point(0, 0, '6<main.rpyeffect:6(Name(infixAdd96))>+1: {"op": "Return". "args": {"any": [0]}}')
debug_merge_point(0, 0, '138<main.rpyeffect:138([k@[k@[k@Name(parse2827)#258]#260]#280])>+0: {"op": "Swap". "type": "any". "a": 2. "b". 1}')
debug_merge_point(0, 0, '138<main.rpyeffect:138([k@[k@[k@Name(parse2827)#258]#260]#280])>+1: {"op": "Jump". "target": 141}')
debug_merge_point(0, 0, '141<main.rpyeffect:141(Name(parse2827))>+0: {"op": "Push". "target": 140. "args": {"any": [2. 1. 3. 0]}}')
+812: setfield_gc(p58, i74, descr=<FieldS rpyeffect.value.UnboxedIntValueRef.inst_value 8>)
+816: jump(p0, p1, p2, p45, p46, p47, i76, p9, p11, p13, p19, p21, p36, p30, p52, p34, i54, p32, p58, i74, descr=TargetToken(5777569120))
+820: --end of the loop--
[965f1e] jit-log-opt-loop}
[a3aa46] {jit-log-opt-loop
# Loop 2 (176<main.rpyeffect:176([method_Read2838@Name(feed2834)#338])>+3: {"op": "Push", "target": 175, "args": {"any": [0, 1, 2, 4]}}) : entry bridge with 220 ops
[p0, p1, p2, p3, p4]
+536: p5 = getfield_gc_r(p2, descr=<FieldP rpyeffect.environment.Environment.inst_values_ptr 16>)
+544: p7 = getarrayitem_gc_r(p5, 0, descr=<ArrayP 8>)
+548: p9 = getarrayitem_gc_r(p5, 1, descr=<ArrayP 8>)
+552: p11 = getarrayitem_gc_r(p5, 2, descr=<ArrayP 8>)
+556: p13 = getarrayitem_gc_r(p5, 3, descr=<ArrayP 8>)
+560: p15 = getarrayitem_gc_r(p5, 4, descr=<ArrayP 8>)
+564: p17 = getarrayitem_gc_r(p5, 5, descr=<ArrayP 8>)
+568: p19 = getarrayitem_gc_r(p5, 6, descr=<ArrayP 8>)
+572: p21 = getarrayitem_gc_r(p5, 7, descr=<ArrayP 8>)
debug_merge_point(0, 0, '176<main.rpyeffect:176([method_Read2838@Name(feed2834)#338])>+3: {"op": "Push". "target": 175. "args": {"any": [0. 1. 2. 4]}}')
+576: guard_not_invalidated(descr=<Guard0x1585e10b8>) [p2, p7, p9, p11, p13, p15, p17, p19, p21, p0, p1, p3, p4]
debug_merge_point(0, 0, '176<main.rpyeffect:176([method_Read2838@Name(feed2834)#338])>+4: {"op": "Copy". "type": "any". "from": 5. "to". 0}')
debug_merge_point(0, 0, '176<main.rpyeffect:176([method_Read2838@Name(feed2834)#338])>+5: {"op": "Copy". "type": "any". "from": 3. "to". 1}')
debug_merge_point(0, 0, '176<main.rpyeffect:176([method_Read2838@Name(feed2834)#338])>+6: {"op": "Jump". "target": 10}')
debug_merge_point(0, 0, '10<main.rpyeffect:10(Name(infixGt184))>+0: {"op": "PrimOp". "name": "infixGt(Int. Int): Boolean". "out": {"any": [0]}. "in": {"any": [0. 1]}}')
+580: i22 = getfield_gc_i(p17, descr=<FieldS rpyeffect.value.IntValue.inst_value 8 pure>)
+584: i23 = getfield_gc_i(p13, descr=<FieldS rpyeffect.value.IntValue.inst_value 8 pure>)
+588: i24 = int_gt(i22, i23)
debug_merge_point(0, 0, '10<main.rpyeffect:10(Name(infixGt184))>+1: {"op": "Return". "args": {"any": [0]}}')
debug_merge_point(0, 0, '175<main.rpyeffect:175([k@[method_Read2838@Name(feed2834)#338]#343])>+0: {"op": "Swap". "type": "any". "a": 3. "b". 4}')
debug_merge_point(0, 0, '175<main.rpyeffect:175([k@[method_Read2838@Name(feed2834)#338]#343])>+1: {"op": "Swap". "type": "any". "a": 2. "b". 4}')
debug_merge_point(0, 0, '175<main.rpyeffect:175([k@[method_Read2838@Name(feed2834)#338]#343])>+2: {"op": "Swap". "type": "any". "a": 1. "b". 4}')
debug_merge_point(0, 0, '175<main.rpyeffect:175([k@[method_Read2838@Name(feed2834)#338]#343])>+3: {"op": "IfZero". "cond": 0. "then": {"tag": null. "target": 171. "args": {"any": []}}}')
guard_false(i24, descr=<Guard0x1586160e0>) [p2, p7, p9, p11, p13, p15, p17, p19, p21, p0, p1, p3, p4]
+596: guard_nonnull(p1, descr=<Guard0x158616110>) [p2, p7, p9, p11, p13, p15, p17, p19, p21, p0, p1, p3, p4]
+608: i25 = getfield_gc_i(p1, descr=<FieldS rpyeffect.stored_environment.Stack__arb.inst_target 16 pure>)
+616: guard_value(i25, 158, descr=<Guard0x158616140>) [p2, p7, p9, p11, p13, p15, p17, p19, p21, p0, p1, p3, p4]
debug_merge_point(0, 0, '171<main.rpyeffect:171([then#347])>+0: {"op": "Load". "out": 0. "type": "any". "ref": 2}')
+628: p27 = getfield_gc_r(p11, descr=<FieldP rpyeffect.region.Ref.inst_allocation_site 8 pure>)
+636: guard_value(p27, ConstPtr(ptr28), descr=<Guard0x158616170>) [p2, p7, p9, p11, p13, p15, p17, p19, p21, p0, p1, p3, p4]
+644: p29 = getfield_gc_r(p11, descr=<FieldP rpyeffect.region.Ref.inst_value 16>)
+648: i30 = getfield_gc_i(p29, descr=<FieldS rpyeffect.value.UnboxedIntValueRef.inst_value 8>)
debug_merge_point(0, 0, '171<main.rpyeffect:171([then#347])>+1: {"op": "Const". "type": "ptr". "out": 4. "format": "int". "value": "<IntValue object at 0x1585fe120>"}')
debug_merge_point(0, 0, '171<main.rpyeffect:171([then#347])>+2: {"op": "Push". "target": 170. "args": {"any": [1. 2. 3]}}')
debug_merge_point(0, 0, '171<main.rpyeffect:171([then#347])>+3: {"op": "Copy". "type": "any". "from": 4. "to". 1}')
debug_merge_point(0, 0, '171<main.rpyeffect:171([then#347])>+4: {"op": "Jump". "target": 4}')
debug_merge_point(0, 0, '4<main.rpyeffect:4(Name(infixEq72))>+0: {"op": "PrimOp". "name": "infixEq(Int. Int): Boolean". "out": {"any": [0]}. "in": {"any": [0. 1]}}')
+652: i32 = int_eq(i30, 0)
debug_merge_point(0, 0, '4<main.rpyeffect:4(Name(infixEq72))>+1: {"op": "Return". "args": {"any": [0]}}')
debug_merge_point(0, 0, '170<main.rpyeffect:170([k@[then#347]#352])>+0: {"op": "Swap". "type": "any". "a": 0. "b". 1}')
debug_merge_point(0, 0, '170<main.rpyeffect:170([k@[then#347]#352])>+1: {"op": "Swap". "type": "any". "a": 2. "b". 1}')
debug_merge_point(0, 0, '170<main.rpyeffect:170([k@[then#347]#352])>+2: {"op": "IfZero". "cond": 2. "then": {"tag": null. "target": 166. "args": {"any": []}}}')
guard_true(i32, descr=<Guard0x1586161a0>) [p2, p7, p9, p11, p13, p15, p17, p19, p21, p0, p1, p3, p4]
debug_merge_point(0, 0, '170<main.rpyeffect:170([k@[then#347]#352])>+3: {"op": "Load". "out": 2. "type": "any". "ref": 0}')
+660: p33 = getfield_gc_r(p9, descr=<FieldP rpyeffect.region.Ref.inst_allocation_site 8 pure>)
+668: guard_value(p33, ConstPtr(ptr34), descr=<Guard0x1586161d0>) [p2, p7, p9, p11, p13, p15, p17, p19, p21, p0, p1, p3, p4]
+676: p35 = getfield_gc_r(p9, descr=<FieldP rpyeffect.region.Ref.inst_value 16>)
+680: i36 = getfield_gc_i(p35, descr=<FieldS rpyeffect.value.UnboxedIntValueRef.inst_value 8>)
debug_merge_point(0, 0, '170<main.rpyeffect:170([k@[then#347]#352])>+4: {"op": "Const". "type": "ptr". "out": 4. "format": "int". "value": "<IntValue object at 0x1585fe7f0>"}')
debug_merge_point(0, 0, '170<main.rpyeffect:170([k@[then#347]#352])>+5: {"op": "Push". "target": 169. "args": {"any": [0. 1. 3]}}')
debug_merge_point(0, 0, '170<main.rpyeffect:170([k@[then#347]#352])>+6: {"op": "Copy". "type": "any". "from": 4. "to". 1}')
debug_merge_point(0, 0, '170<main.rpyeffect:170([k@[then#347]#352])>+7: {"op": "Copy". "type": "any". "from": 2. "to". 0}')
debug_merge_point(0, 0, '170<main.rpyeffect:170([k@[then#347]#352])>+8: {"op": "Jump". "target": 6}')
debug_merge_point(0, 0, '6<main.rpyeffect:6(Name(infixAdd96))>+0: {"op": "PrimOp". "name": "infixAdd(Int. Int): Int". "out": {"any": [0]}. "in": {"any": [0. 1]}}')
+684: i38 = int_add(i36, 1)
debug_merge_point(0, 0, '6<main.rpyeffect:6(Name(infixAdd96))>+1: {"op": "Return". "args": {"any": [0]}}')
debug_merge_point(0, 0, '169<main.rpyeffect:169([k@[k@[then#347]#352]#372])>+0: {"op": "Store". "ref": 1. "type": "any". "value": 0}')
debug_merge_point(0, 0, '169<main.rpyeffect:169([k@[k@[then#347]#352]#372])>+1: {"op": "Construct". "out": 0. "type": Interned(Unit). "tag": Interned(unit). "args": {"any": []}}')
debug_merge_point(0, 0, '169<main.rpyeffect:169([k@[k@[then#347]#352]#372])>+2: {"op": "Load". "out": 0. "type": "any". "ref": 1}')
debug_merge_point(0, 0, '169<main.rpyeffect:169([k@[k@[then#347]#352]#372])>+3: {"op": "Store". "ref": 2. "type": "any". "value": 0}')
+688: setfield_gc(p35, i38, descr=<FieldS rpyeffect.value.UnboxedIntValueRef.inst_value 8>)
debug_merge_point(0, 0, '169<main.rpyeffect:169([k@[k@[then#347]#352]#372])>+4: {"op": "Construct". "out": 0. "type": Interned(Unit). "tag": Interned(unit). "args": {"any": []}}')
debug_merge_point(0, 0, '169<main.rpyeffect:169([k@[k@[then#347]#352]#372])>+5: {"op": "Push". "target": 168. "args": {"any": [3]}}')
debug_merge_point(0, 0, '169<main.rpyeffect:169([k@[k@[then#347]#352]#372])>+6: {"op": "Jump". "target": 125}')
debug_merge_point(0, 0, '125<main.rpyeffect:125(Name(newline2820))>+0: {"op": "Const". "type": "ptr". "out": 0. "format": "int". "value": "<IntValue object at 0x1585dd940>"}')
debug_merge_point(0, 0, '125<main.rpyeffect:125(Name(newline2820))>+1: {"op": "Return". "args": {"any": [0]}}')
debug_merge_point(0, 0, '168<main.rpyeffect:168([k@[k@[k@[then#347]#352]#372]#378])>+0: {"op": "Jump". "target": 156}')
debug_merge_point(0, 0, '156<main.rpyeffect:156(Name(resume2849))>+0: {"op": "PushStack". "arg": 1}')
+692: setfield_gc(p29, i38, descr=<FieldS rpyeffect.value.UnboxedIntValueRef.inst_value 8>)
+704: i40 = instance_ptr_eq(p4, ConstPtr(ptr39))
guard_true(i40, descr=<Guard0x1585e1100>) [p2, p15, p11, p17, p19, p21, i40, p0, p1, p3, p4]
+724: guard_nonnull_class(p15, 4376182216, descr=<Guard0x1585e1148>) [p2, p15, p11, p17, p19, p21, i40, p0, p1, p3, p4]
+748: p42 = getfield_gc_r(p15, descr=<FieldP rpyeffect.stack.MetaStack.inst_region 24 pure>)
+752: guard_isnull(p42, descr=<Guard0x158616230>) [p2, p15, p11, p17, p19, p21, i40, p0, p1, p3, p4]
+760: p43 = getfield_gc_r(p15, descr=<FieldP rpyeffect.stack.MetaStackLike.inst_stack 8 pure>)
+764: p44 = getfield_gc_r(p15, descr=<FieldP rpyeffect.stack.MetaStack.inst_tail 32 pure>)
+768: guard_isnull(p44, descr=<Guard0x158616260>) [p2, p15, p11, p17, p19, p21, i40, p0, p1, p3, p4]
+776: p45 = getfield_gc_r(p15, descr=<FieldP rpyeffect.stack.MetaStack.inst_label 16 pure>)
+780: guard_nonnull(p43, descr=<Guard0x158616290>) [p2, p15, p11, p17, p19, p21, i40, p0, p1, p3, p4]
+788: i46 = getfield_gc_i(p43, descr=<FieldS rpyeffect.stored_environment.Stack__arb.inst_target 16 pure>)
+792: guard_value(i46, 140, descr=<Guard0x1586162c0>) [p2, p15, p11, p17, p19, p21, i40, p0, p1, p3, p4]
debug_merge_point(0, 0, '156<main.rpyeffect:156(Name(resume2849))>+1: {"op": "Return". "args": {"any": [0]}}')
+804: p48 = getfield_gc_r(p43, descr=<FieldP rpyeffect.stored_environment.Stack__arb.inst_values_ptr 24 pure>)
+808: i49 = arraylen_gc(p48, descr=<ArrayP 8>)
+812: guard_value(i49, 4, descr=<Guard0x1586162f0>) [p2, p15, p11, p17, p19, p21, i40, p0, p1, p3, p4]
+824: p52 = getarrayitem_gc_pure_r(p48, 0, descr=<ArrayP 8>)
+828: p54 = getarrayitem_gc_pure_r(p48, 1, descr=<ArrayP 8>)
+832: p56 = getarrayitem_gc_pure_r(p48, 2, descr=<ArrayP 8>)
+836: p58 = getarrayitem_gc_pure_r(p48, 3, descr=<ArrayP 8>)
+840: p59 = getfield_gc_r(p43, descr=<FieldP rpyeffect.stored_environment.Stack__arb.inst_tail 8 pure>)
+844: guard_nonnull(p59, descr=<Guard0x158616320>) [p2, p15, p11, p17, p19, p21, i40, p0, p1, p3, p4]
+852: i60 = getfield_gc_i(p59, descr=<FieldS rpyeffect.stored_environment.Stack__arb.inst_target 16 pure>)
+856: guard_value(i60, 160, descr=<Guard0x158616350>) [p2, p15, p11, p17, p19, p21, i40, p0, p1, p3, p4]
debug_merge_point(0, 0, '140<main.rpyeffect:140([k@Name(parse2827)#258])>+0: {"op": "Push". "target": 139. "args": {"any": [1. 2. 3. 4. 0]}}')
debug_merge_point(0, 0, '140<main.rpyeffect:140([k@Name(parse2827)#258])>+1: {"op": "Jump". "target": 128}')
debug_merge_point(0, 0, '128<main.rpyeffect:128(Name(isDollar2825))>+0: {"op": "Const". "type": "ptr". "out": 1. "format": "int". "value": "<IntValue object at 0x1585dd8c0>"}')
debug_merge_point(0, 0, '128<main.rpyeffect:128(Name(isDollar2825))>+1: {"op": "Jump". "target": 4}')
debug_merge_point(0, 0, '4<main.rpyeffect:4(Name(infixEq72))>+0: {"op": "PrimOp". "name": "infixEq(Int. Int): Boolean". "out": {"any": [0]}. "in": {"any": [0. 1]}}')
debug_merge_point(0, 0, '4<main.rpyeffect:4(Name(infixEq72))>+1: {"op": "Return". "args": {"any": [0]}}')
debug_merge_point(0, 0, '139<main.rpyeffect:139([k@[k@Name(parse2827)#258]#260])>+0: {"op": "Swap". "type": "any". "a": 2. "b". 5}')
debug_merge_point(0, 0, '139<main.rpyeffect:139([k@[k@Name(parse2827)#258]#260])>+1: {"op": "Swap". "type": "any". "a": 4. "b". 5}')
debug_merge_point(0, 0, '139<main.rpyeffect:139([k@[k@Name(parse2827)#258]#260])>+2: {"op": "Swap". "type": "any". "a": 1. "b". 5}')
debug_merge_point(0, 0, '139<main.rpyeffect:139([k@[k@Name(parse2827)#258]#260])>+3: {"op": "IfZero". "cond": 0. "then": {"tag": null. "target": 136. "args": {"any": []}}}')
debug_merge_point(0, 0, '136<main.rpyeffect:136([then#263])>+0: {"op": "Push". "target": 135. "args": {"any": [5. 4. 3. 1]}}')
debug_merge_point(0, 0, '136<main.rpyeffect:136([then#263])>+1: {"op": "Copy". "type": "any". "from": 2. "to". 0}')
debug_merge_point(0, 0, '136<main.rpyeffect:136([then#263])>+2: {"op": "Jump". "target": 126}')
debug_merge_point(0, 0, '126<main.rpyeffect:126(Name(isNewline2822))>+0: {"op": "Const". "type": "ptr". "out": 1. "format": "int". "value": "<IntValue object at 0x1585dd910>"}')
debug_merge_point(0, 0, '126<main.rpyeffect:126(Name(isNewline2822))>+1: {"op": "Jump". "target": 4}')
debug_merge_point(0, 0, '4<main.rpyeffect:4(Name(infixEq72))>+0: {"op": "PrimOp". "name": "infixEq(Int. Int): Boolean". "out": {"any": [0]}. "in": {"any": [0. 1]}}')
debug_merge_point(0, 0, '4<main.rpyeffect:4(Name(infixEq72))>+1: {"op": "Return". "args": {"any": [0]}}')
debug_merge_point(0, 0, '135<main.rpyeffect:135([k@[then#263]#265])>+0: {"op": "Swap". "type": "any". "a": 1. "b". 4}')
debug_merge_point(0, 0, '135<main.rpyeffect:135([k@[then#263]#265])>+1: {"op": "Swap". "type": "any". "a": 2. "b". 3}')
debug_merge_point(0, 0, '135<main.rpyeffect:135([k@[then#263]#265])>+2: {"op": "IfZero". "cond": 0. "then": {"tag": null. "target": 132. "args": {"any": []}}}')
debug_merge_point(0, 0, '135<main.rpyeffect:135([k@[then#263]#265])>+3: {"op": "Push". "target": 134. "args": {"any": [4. 3. 2]}}')
debug_merge_point(0, 0, '135<main.rpyeffect:135([k@[then#263]#265])>+4: {"op": "Copy". "type": "any". "from": 1. "to". 0}')
debug_merge_point(0, 0, '135<main.rpyeffect:135([k@[then#263]#265])>+5: {"op": "Invoke". "receiver": 4. "tag": Interned(Emit2840). "args" : {"any": [0]}}')
+868: p62 = getfield_gc_r(p52, descr=<FieldP rpyeffect.codata.CoData.inst_vtable 8 pure>)
+880: guard_value(p62, ConstPtr(ptr63), descr=<Guard0x158616380>) [p2, p15, p11, p17, p19, p21, i40, p0, p1, p3, p4]
+888: p64 = getfield_gc_r(p52, descr=<FieldP rpyeffect.stored_environment.CoData__arb.inst_values_ptr 16 pure>)
+892: i65 = arraylen_gc(p64, descr=<ArrayP 8>)
+896: guard_value(i65, 2, descr=<Guard0x1586163b0>) [p2, p15, p11, p17, p19, p21, i40, p0, p1, p3, p4]
+908: p68 = getarrayitem_gc_pure_r(p64, 0, descr=<ArrayP 8>)
+912: p70 = getarrayitem_gc_pure_r(p64, 1, descr=<ArrayP 8>)
debug_merge_point(0, 0, '148<main.rpyeffect:148([method_Emit2840@Name(sum2829)#296])>+0: {"op": "Const". "type": "ptr". "out": 3. "format": "int". "value": "<IntValue object at 0x1585dd5a0>"}')
debug_merge_point(0, 0, '148<main.rpyeffect:148([method_Emit2840@Name(sum2829)#296])>+1: {"op": "ShiftDyn". "out": 1. "n": 3. "label": 1}')
+916: guard_nonnull(p45, descr=<Guard0x1586163e0>) [p2, p15, p11, p17, p19, p21, i40, p0, p1, p3, p4]
+924: guard_nonnull(p68, descr=<Guard0x158616410>) [p2, p15, p11, p17, p19, p21, i40, p0, p1, p3, p4]
+932: i71 = getfield_gc_i(p45, descr=<FieldS rpyeffect.stack.Label.inst_origin 8 pure>)
+940: guard_value(i71, 182282, descr=<Guard0x158616440>) [p2, p15, p11, p17, p19, p21, i40, p0, p1, p3, p4]
+960: i73 = getfield_gc_i(p68, descr=<FieldS rpyeffect.stack.Label.inst_origin 8 pure>)
+964: guard_value(i73, 153605, descr=<Guard0x158616470>) [p2, p15, p11, p17, p19, p21, i40, p0, p1, p3, p4]
+980: guard_nonnull(p0, descr=<Guard0x1586164a0>) [p2, p15, p11, p17, p19, p21, i40, p0, p1, p3, p4]
+992: i75 = getfield_gc_i(p0, descr=<FieldS rpyeffect.stack.Label.inst_origin 8 pure>)
+1000: guard_value(i75, 182278, descr=<Guard0x1586164d0>) [p2, p15, p11, p17, p19, p21, i40, p0, p1, p3, p4]
+1020: p77 = getfield_gc_r(p3, descr=<FieldP rpyeffect.stack.MetaStack.inst_region 24 pure>)
+1028: guard_isnull(p77, descr=<Guard0x158616500>) [p2, p15, p11, p17, p19, p21, i40, p0, p1, p3, p4]
+1036: p78 = getfield_gc_r(p3, descr=<FieldP rpyeffect.stack.MetaStack.inst_label 16 pure>)
+1040: guard_nonnull(p78, descr=<Guard0x158616530>) [p2, p15, p11, p17, p19, p21, i40, p0, p1, p3, p4]
+1048: i79 = getfield_gc_i(p78, descr=<FieldS rpyeffect.stack.Label.inst_origin 8 pure>)
+1056: guard_value(i79, 182273, descr=<Guard0x158616560>) [p2, p15, p11, p17, p19, p21, i40, p0, p1, p3, p4]
+1076: p81 = getfield_gc_r(p3, descr=<FieldP rpyeffect.stack.MetaStack.inst_tail 32 pure>)
+1080: p82 = getfield_gc_r(p81, descr=<FieldP rpyeffect.stack.MetaStack.inst_region 24 pure>)
+1084: guard_isnull(p82, descr=<Guard0x158616590>) [p2, p15, p11, p17, p19, p21, i40, p0, p1, p3, p4]
+1092: p83 = getfield_gc_r(p81, descr=<FieldP rpyeffect.stack.MetaStack.inst_label 16 pure>)
+1096: guard_nonnull(p83, descr=<Guard0x1586165c0>) [p2, p15, p11, p17, p19, p21, i40, p0, p1, p3, p4]
+1104: i84 = getfield_gc_i(p83, descr=<FieldS rpyeffect.stack.Label.inst_origin 8 pure>)
+1112: guard_value(i84, 158720, descr=<Guard0x1586165f0>) [p2, p15, p11, p17, p19, p21, i40, p0, p1, p3, p4]
+1132: p86 = getfield_gc_r(p81, descr=<FieldP rpyeffect.stack.MetaStack.inst_tail 32 pure>)
+1136: p87 = getfield_gc_r(p86, descr=<FieldP rpyeffect.stack.MetaStack.inst_region 24 pure>)
+1140: guard_isnull(p87, descr=<Guard0x158616620>) [p2, p15, p11, p17, p19, p21, i40, p0, p1, p3, p4]
+1148: p88 = getfield_gc_r(p86, descr=<FieldP rpyeffect.stack.MetaStack.inst_label 16 pure>)
+1152: guard_nonnull(p88, descr=<Guard0x158616650>) [p2, p15, p11, p17, p19, p21, i40, p0, p1, p3, p4]
+1160: i89 = getfield_gc_i(p88, descr=<FieldS rpyeffect.stack.Label.inst_origin 8 pure>)
+1168: guard_value(i89, 153605, descr=<Guard0x158616680>) [p2, p15, p11, p17, p19, p21, i40, p0, p1, p3, p4]
+1188: i91 = instance_ptr_eq(p88, p68)
guard_true(i91, descr=<Guard0x1586166b0>) [p2, p15, p11, p17, p19, p21, i40, p0, p1, p3, p4]
+1196: p92 = getfield_gc_r(p86, descr=<FieldP rpyeffect.stack.MetaStackLike.inst_stack 8 pure>)
+1200: guard_class(p86, 4376182216, descr=<Guard0x1586166e0>) [p2, p15, p11, p17, p19, p21, i40, p0, p1, p3, p4]
+1216: p94 = getfield_gc_r(p86, descr=<FieldP rpyeffect.stack.MetaStack.inst_tail 32 pure>)
+1220: p95 = getfield_gc_r(p81, descr=<FieldP rpyeffect.stack.MetaStackLike.inst_stack 8 pure>)
+1224: guard_class(p81, 4376182216, descr=<Guard0x158616710>) [p2, p15, p11, p17, p19, p21, i40, p0, p1, p3, p4]
+1240: p97 = getfield_gc_r(p3, descr=<FieldP rpyeffect.stack.MetaStackLike.inst_stack 8 pure>)
+1244: guard_class(p3, 4376182216, descr=<Guard0x158616740>) [p2, p15, p11, p17, p19, p21, i40, p0, p1, p3, p4]
+1260: guard_nonnull_class(p94, 4376182216, descr=<Guard0x1585e1190>) [p2, p15, p11, p17, p19, p21, i40, p0, p1, p3, p4]
+1284: p100 = getfield_gc_r(p94, descr=<FieldP rpyeffect.stack.MetaStackLike.inst_stack 8 pure>)
+1288: p101 = getfield_gc_r(p94, descr=<FieldP rpyeffect.stack.MetaStack.inst_label 16 pure>)
+1296: p102 = getfield_gc_r(p94, descr=<FieldP rpyeffect.stack.MetaStack.inst_tail 32 pure>)
+1300: guard_nonnull(p100, descr=<Guard0x158616770>) [p2, p15, p11, p17, p19, p21, i40, p0, p1, p3, p4]
+1308: i103 = getfield_gc_i(p100, descr=<FieldS rpyeffect.stored_environment.Stack__arb.inst_target 16 pure>)
+1312: guard_value(i103, 144, descr=<Guard0x1586167a0>) [p2, p15, p11, p17, p19, p21, i40, p0, p1, p3, p4]
debug_merge_point(0, 0, '148<main.rpyeffect:148([method_Emit2840@Name(sum2829)#296])>+2: {"op": "Load". "out": 3. "type": "any". "ref": 2}')
+1324: p105 = getfield_gc_r(p70, descr=<FieldP rpyeffect.region.Ref.inst_allocation_site 8 pure>)
+1336: guard_value(p105, ConstPtr(ptr106), descr=<Guard0x1586167d0>) [p2, p15, p11, p17, p19, p21, i40, p0, p1, p3, p4]
+1344: p107 = getfield_gc_r(p70, descr=<FieldP rpyeffect.region.Ref.inst_value 16>)
+1348: i108 = getfield_gc_i(p107, descr=<FieldS rpyeffect.value.UnboxedIntValueRef.inst_value 8>)
debug_merge_point(0, 0, '148<main.rpyeffect:148([method_Emit2840@Name(sum2829)#296])>+3: {"op": "Push". "target": 147. "args": {"any": [1. 2]}}')
debug_merge_point(0, 0, '148<main.rpyeffect:148([method_Emit2840@Name(sum2829)#296])>+4: {"op": "Copy". "type": "any". "from": 0. "to". 1}')
debug_merge_point(0, 0, '148<main.rpyeffect:148([method_Emit2840@Name(sum2829)#296])>+5: {"op": "Copy". "type": "any". "from": 3. "to". 0}')
debug_merge_point(0, 0, '148<main.rpyeffect:148([method_Emit2840@Name(sum2829)#296])>+6: {"op": "Jump". "target": 6}')
debug_merge_point(0, 0, '6<main.rpyeffect:6(Name(infixAdd96))>+0: {"op": "PrimOp". "name": "infixAdd(Int. Int): Int". "out": {"any": [0]}. "in": {"any": [0. 1]}}')
+1352: i109 = getfield_gc_i(p58, descr=<FieldS rpyeffect.value.IntValue.inst_value 8 pure>)
+1356: i110 = int_add(i108, i109)
debug_merge_point(0, 0, '6<main.rpyeffect:6(Name(infixAdd96))>+1: {"op": "Return". "args": {"any": [0]}}')
debug_merge_point(0, 0, '147<main.rpyeffect:147([k@[method_Emit2840@Name(sum2829)#296]#301])>+0: {"op": "Store". "ref": 2. "type": "any". "value": 0}')
debug_merge_point(0, 0, '147<main.rpyeffect:147([k@[method_Emit2840@Name(sum2829)#296]#301])>+1: {"op": "Construct". "out": 0. "type": Interned(Unit). "tag": Interned(unit). "args": {"any": []}}')
debug_merge_point(0, 0, '147<main.rpyeffect:147([k@[method_Emit2840@Name(sum2829)#296]#301])>+2: {"op": "Construct". "out": 0. "type": Interned(Unit). "tag": Interned(unit). "args": {"any": []}}')
debug_merge_point(0, 0, '147<main.rpyeffect:147([k@[method_Emit2840@Name(sum2829)#296]#301])>+3: {"op": "Jump". "target": 142}')
debug_merge_point(0, 0, '142<main.rpyeffect:142(Name(resume2845))>+0: {"op": "PushStack". "arg": 1}')
debug_merge_point(0, 0, '142<main.rpyeffect:142(Name(resume2845))>+1: {"op": "Return". "args": {"any": [0]}}')
debug_merge_point(0, 0, '134<main.rpyeffect:134([k@[k@[then#263]#265]#272])>+0: {"op": "Const". "type": "ptr". "out": 0. "format": "int". "value": "<IntValue object at 0x1585dd800>"}')
debug_merge_point(0, 0, '134<main.rpyeffect:134([k@[k@[then#263]#265]#272])>+1: {"op": "Swap". "type": "any". "a": 2. "b". 1}')
debug_merge_point(0, 0, '134<main.rpyeffect:134([k@[k@[then#263]#265]#272])>+2: {"op": "Jump". "target": 141}')
debug_merge_point(0, 0, '141<main.rpyeffect:141(Name(parse2827))>+0: {"op": "Push". "target": 140. "args": {"any": [2. 1. 3. 0]}}')
+1360: setfield_gc(p107, i110, descr=<FieldS rpyeffect.value.UnboxedIntValueRef.inst_value 8>)
+1364: p111 = new_with_vtable(descr=<SizeDescr 40>)
+1472: p112 = new_with_vtable(descr=<SizeDescr 40>)
+1484: setfield_gc(p112, p97, descr=<FieldP rpyeffect.stack.MetaStackLike.inst_stack 8 pure>)
+1488: setfield_gc(p112, p78, descr=<FieldP rpyeffect.stack.MetaStack.inst_label 16 pure>)
+1492: setfield_gc(p112, ConstPtr(null), descr=<FieldP rpyeffect.stack.MetaStack.inst_region 24 pure>)
+1500: p114 = new_with_vtable(descr=<SizeDescr 40>)
+1512: setfield_gc(p114, p95, descr=<FieldP rpyeffect.stack.MetaStackLike.inst_stack 8 pure>)
+1516: setfield_gc(p114, p83, descr=<FieldP rpyeffect.stack.MetaStack.inst_label 16 pure>)
+1520: setfield_gc(p114, ConstPtr(null), descr=<FieldP rpyeffect.stack.MetaStack.inst_region 24 pure>)
+1528: p116 = new_with_vtable(descr=<SizeDescr 40>)
+1540: setfield_gc(p116, p92, descr=<FieldP rpyeffect.stack.MetaStackLike.inst_stack 8 pure>)
+1548: setfield_gc(p116, p88, descr=<FieldP rpyeffect.stack.MetaStack.inst_label 16 pure>)
+1552: setfield_gc(p116, ConstPtr(null), descr=<FieldP rpyeffect.stack.MetaStack.inst_region 24 pure>)
+1560: p118 = new_with_vtable(descr=<SizeDescr 40>)
+1572: setfield_gc(p118, p100, descr=<FieldP rpyeffect.stack.MetaStackLike.inst_stack 8 pure>)
+1576: setfield_gc(p118, p101, descr=<FieldP rpyeffect.stack.MetaStack.inst_label 16 pure>)
+1580: setfield_gc(p118, ConstPtr(null), descr=<FieldP rpyeffect.stack.MetaStack.inst_region 24 pure>)
+1588: setfield_gc(p118, p102, descr=<FieldP rpyeffect.stack.MetaStack.inst_tail 32 pure>)
+1592: setfield_gc(p116, p118, descr=<FieldP rpyeffect.stack.MetaStack.inst_tail 32 pure>)
+1596: setfield_gc(p114, p116, descr=<FieldP rpyeffect.stack.MetaStack.inst_tail 32 pure>)
+1600: setfield_gc(p112, p114, descr=<FieldP rpyeffect.stack.MetaStack.inst_tail 32 pure>)
+1604: setfield_gc(p111, ConstPtr(null), descr=<FieldP rpyeffect.stack.MetaStack.inst_region 24 pure>)
+1612: setfield_gc(p111, p1, descr=<FieldP rpyeffect.stack.MetaStackLike.inst_stack 8 pure>)
+1616: setfield_gc(p111, p112, descr=<FieldP rpyeffect.stack.MetaStack.inst_tail 32 pure>)
+1620: setfield_gc(p111, p0, descr=<FieldP rpyeffect.stack.MetaStack.inst_label 16 pure>)
+1632: jump(p45, p59, p2, p111, ConstPtr(ptr121), ConstPtr(ptr122), p54, p52, p56, p52, p52, p19, p21, descr=TargetToken(5777569056))
+1812: --end of the loop--
[a5c897] jit-log-opt-loop}
[b2ed80] {jit-log-opt-bridge
# bridge out of Guard 0x1585fb910 with 208 ops
[p0, p1, p2, p3, p4, p5, p6, p7, p8, p9, p10, i11]
+440: guard_not_invalidated(descr=<Guard0x1585e11d8>) [p0, p1, p2, p3, p4, p5, p6, p7, p8, p9, p10, i11]
debug_merge_point(0, 0, '141<main.rpyeffect:141(Name(parse2827))>+1: {"op": "Invoke". "receiver": 1. "tag": Interned(Read2838). "args" : {"any": []}}')
+444: p12 = getfield_gc_r(p1, descr=<FieldP rpyeffect.codata.CoData.inst_vtable 8 pure>)
+456: guard_value(p12, ConstPtr(ptr13), descr=<Guard0x158616e90>) [p0, p1, p2, p3, p4, p5, p6, p7, p8, p9, p10, i11]
+464: p14 = getfield_gc_r(p1, descr=<FieldP rpyeffect.stored_environment.CoData__arb.inst_values_ptr 16 pure>)
+468: i15 = arraylen_gc(p14, descr=<ArrayP 8>)
+472: guard_value(i15, 5, descr=<Guard0x158616ec0>) [p0, p1, p2, p3, p4, p5, p6, p7, p8, p9, p10, i11]
+484: p18 = getarrayitem_gc_pure_r(p14, 0, descr=<ArrayP 8>)
+484: p20 = getarrayitem_gc_pure_r(p14, 1, descr=<ArrayP 8>)
+488: p22 = getarrayitem_gc_pure_r(p14, 2, descr=<ArrayP 8>)
+492: p24 = getarrayitem_gc_pure_r(p14, 3, descr=<ArrayP 8>)
+496: p26 = getarrayitem_gc_pure_r(p14, 4, descr=<ArrayP 8>)
debug_merge_point(0, 0, '176<main.rpyeffect:176([method_Read2838@Name(feed2834)#338])>+0: {"op": "Const". "type": "ptr". "out": 5. "format": "int". "value": "<IntValue object at 0x1585fe6c0>"}')
debug_merge_point(0, 0, '176<main.rpyeffect:176([method_Read2838@Name(feed2834)#338])>+1: {"op": "ShiftDyn". "out": 4. "n": 5. "label": 4}')
+500: guard_nonnull(p6, descr=<Guard0x158616ef0>) [p0, p1, p2, p3, p4, p5, p6, p7, p8, p9, p10, i11]
+512: guard_nonnull(p26, descr=<Guard0x158616f20>) [p0, p1, p2, p3, p4, p5, p6, p7, p8, p9, p10, i11]
+520: i27 = getfield_gc_i(p6, descr=<FieldS rpyeffect.stack.Label.inst_origin 8 pure>)
+528: guard_value(i27, 182282, descr=<Guard0x158616f50>) [p0, p1, p2, p3, p4, p5, p6, p7, p8, p9, p10, i11]
+544: i29 = getfield_gc_i(p26, descr=<FieldS rpyeffect.stack.Label.inst_origin 8 pure>)
+548: guard_value(i29, 182282, descr=<Guard0x158616f80>) [p0, p1, p2, p3, p4, p5, p6, p7, p8, p9, p10, i11]
+564: i31 = instance_ptr_eq(p6, p26)
guard_true(i31, descr=<Guard0x158616fb0>) [p0, p1, p2, p3, p4, p5, p6, p7, p8, p9, p10, i11]
+572: guard_nonnull(p10, descr=<Guard0x158616fe0>) [p0, p1, p2, p3, p4, p5, p6, p7, p8, p9, p10, i11]
+584: i32 = getfield_gc_i(p10, descr=<FieldS rpyeffect.stored_environment.Stack__arb.inst_target 16 pure>)
+592: guard_value(i32, 158, descr=<Guard0x158617010>) [p0, p1, p2, p3, p4, p5, p6, p7, p8, p9, p10, i11]
debug_merge_point(0, 0, '176<main.rpyeffect:176([method_Read2838@Name(feed2834)#338])>+2: {"op": "Load". "out": 5. "type": "any". "ref": 1}')
+604: p34 = getfield_gc_r(p20, descr=<FieldP rpyeffect.region.Ref.inst_allocation_site 8 pure>)
+612: guard_value(p34, ConstPtr(ptr35), descr=<Guard0x158617040>) [p0, p1, p2, p3, p4, p5, p6, p7, p8, p9, p10, i11]
+620: p36 = getfield_gc_r(p20, descr=<FieldP rpyeffect.region.Ref.inst_value 16>)
+624: i37 = getfield_gc_i(p36, descr=<FieldS rpyeffect.value.UnboxedIntValueRef.inst_value 8>)
debug_merge_point(0, 0, '176<main.rpyeffect:176([method_Read2838@Name(feed2834)#338])>+3: {"op": "Push". "target": 175. "args": {"any": [0. 1. 2. 4]}}')
debug_merge_point(0, 0, '176<main.rpyeffect:176([method_Read2838@Name(feed2834)#338])>+4: {"op": "Copy". "type": "any". "from": 5. "to". 0}')
debug_merge_point(0, 0, '176<main.rpyeffect:176([method_Read2838@Name(feed2834)#338])>+5: {"op": "Copy". "type": "any". "from": 3. "to". 1}')
debug_merge_point(0, 0, '176<main.rpyeffect:176([method_Read2838@Name(feed2834)#338])>+6: {"op": "Jump". "target": 10}')
debug_merge_point(0, 0, '10<main.rpyeffect:10(Name(infixGt184))>+0: {"op": "PrimOp". "name": "infixGt(Int. Int): Boolean". "out": {"any": [0]}. "in": {"any": [0. 1]}}')
+628: i38 = getfield_gc_i(p24, descr=<FieldS rpyeffect.value.IntValue.inst_value 8 pure>)
+632: i39 = int_gt(i37, i38)
debug_merge_point(0, 0, '10<main.rpyeffect:10(Name(infixGt184))>+1: {"op": "Return". "args": {"any": [0]}}')
debug_merge_point(0, 0, '175<main.rpyeffect:175([k@[method_Read2838@Name(feed2834)#338]#343])>+0: {"op": "Swap". "type": "any". "a": 3. "b". 4}')
debug_merge_point(0, 0, '175<main.rpyeffect:175([k@[method_Read2838@Name(feed2834)#338]#343])>+1: {"op": "Swap". "type": "any". "a": 2. "b". 4}')
debug_merge_point(0, 0, '175<main.rpyeffect:175([k@[method_Read2838@Name(feed2834)#338]#343])>+2: {"op": "Swap". "type": "any". "a": 1. "b". 4}')
debug_merge_point(0, 0, '175<main.rpyeffect:175([k@[method_Read2838@Name(feed2834)#338]#343])>+3: {"op": "IfZero". "cond": 0. "then": {"tag": null. "target": 171. "args": {"any": []}}}')
guard_false(i39, descr=<Guard0x158617070>) [p0, p1, p2, p3, p4, p5, p6, p7, p8, p9, p10, i11]
debug_merge_point(0, 0, '171<main.rpyeffect:171([then#347])>+0: {"op": "Load". "out": 0. "type": "any". "ref": 2}')
+640: p40 = getfield_gc_r(p22, descr=<FieldP rpyeffect.region.Ref.inst_allocation_site 8 pure>)
+648: guard_value(p40, ConstPtr(ptr41), descr=<Guard0x1586170a0>) [p0, p1, p2, p3, p4, p5, p6, p7, p8, p9, p10, i11]
+656: p42 = getfield_gc_r(p22, descr=<FieldP rpyeffect.region.Ref.inst_value 16>)
+660: i43 = getfield_gc_i(p42, descr=<FieldS rpyeffect.value.UnboxedIntValueRef.inst_value 8>)
debug_merge_point(0, 0, '171<main.rpyeffect:171([then#347])>+1: {"op": "Const". "type": "ptr". "out": 4. "format": "int". "value": "<IntValue object at 0x1585fe120>"}')
debug_merge_point(0, 0, '171<main.rpyeffect:171([then#347])>+2: {"op": "Push". "target": 170. "args": {"any": [1. 2. 3]}}')
debug_merge_point(0, 0, '171<main.rpyeffect:171([then#347])>+3: {"op": "Copy". "type": "any". "from": 4. "to". 1}')
debug_merge_point(0, 0, '171<main.rpyeffect:171([then#347])>+4: {"op": "Jump". "target": 4}')
debug_merge_point(0, 0, '4<main.rpyeffect:4(Name(infixEq72))>+0: {"op": "PrimOp". "name": "infixEq(Int. Int): Boolean". "out": {"any": [0]}. "in": {"any": [0. 1]}}')
+664: i45 = int_eq(i43, 0)
debug_merge_point(0, 0, '4<main.rpyeffect:4(Name(infixEq72))>+1: {"op": "Return". "args": {"any": [0]}}')
debug_merge_point(0, 0, '170<main.rpyeffect:170([k@[then#347]#352])>+0: {"op": "Swap". "type": "any". "a": 0. "b". 1}')
debug_merge_point(0, 0, '170<main.rpyeffect:170([k@[then#347]#352])>+1: {"op": "Swap". "type": "any". "a": 2. "b". 1}')
debug_merge_point(0, 0, '170<main.rpyeffect:170([k@[then#347]#352])>+2: {"op": "IfZero". "cond": 2. "then": {"tag": null. "target": 166. "args": {"any": []}}}')
guard_true(i45, descr=<Guard0x1586170d0>) [p0, p1, p2, p3, p4, p5, p6, p7, p8, p9, p10, i11]
debug_merge_point(0, 0, '170<main.rpyeffect:170([k@[then#347]#352])>+3: {"op": "Load". "out": 2. "type": "any". "ref": 0}')
debug_merge_point(0, 0, '170<main.rpyeffect:170([k@[then#347]#352])>+4: {"op": "Const". "type": "ptr". "out": 4. "format": "int". "value": "<IntValue object at 0x1585fe7f0>"}')
debug_merge_point(0, 0, '170<main.rpyeffect:170([k@[then#347]#352])>+5: {"op": "Push". "target": 169. "args": {"any": [0. 1. 3]}}')
debug_merge_point(0, 0, '170<main.rpyeffect:170([k@[then#347]#352])>+6: {"op": "Copy". "type": "any". "from": 4. "to". 1}')
debug_merge_point(0, 0, '170<main.rpyeffect:170([k@[then#347]#352])>+7: {"op": "Copy". "type": "any". "from": 2. "to". 0}')
debug_merge_point(0, 0, '170<main.rpyeffect:170([k@[then#347]#352])>+8: {"op": "Jump". "target": 6}')
debug_merge_point(0, 0, '6<main.rpyeffect:6(Name(infixAdd96))>+0: {"op": "PrimOp". "name": "infixAdd(Int. Int): Int". "out": {"any": [0]}. "in": {"any": [0. 1]}}')
+672: i47 = int_add(i37, 1)
debug_merge_point(0, 0, '6<main.rpyeffect:6(Name(infixAdd96))>+1: {"op": "Return". "args": {"any": [0]}}')
debug_merge_point(0, 0, '169<main.rpyeffect:169([k@[k@[then#347]#352]#372])>+0: {"op": "Store". "ref": 1. "type": "any". "value": 0}')
debug_merge_point(0, 0, '169<main.rpyeffect:169([k@[k@[then#347]#352]#372])>+1: {"op": "Construct". "out": 0. "type": Interned(Unit). "tag": Interned(unit). "args": {"any": []}}')
debug_merge_point(0, 0, '169<main.rpyeffect:169([k@[k@[then#347]#352]#372])>+2: {"op": "Load". "out": 0. "type": "any". "ref": 1}')
debug_merge_point(0, 0, '169<main.rpyeffect:169([k@[k@[then#347]#352]#372])>+3: {"op": "Store". "ref": 2. "type": "any". "value": 0}')
+676: setfield_gc(p36, i47, descr=<FieldS rpyeffect.value.UnboxedIntValueRef.inst_value 8>)
debug_merge_point(0, 0, '169<main.rpyeffect:169([k@[k@[then#347]#352]#372])>+4: {"op": "Construct". "out": 0. "type": Interned(Unit). "tag": Interned(unit). "args": {"any": []}}')
debug_merge_point(0, 0, '169<main.rpyeffect:169([k@[k@[then#347]#352]#372])>+5: {"op": "Push". "target": 168. "args": {"any": [3]}}')
debug_merge_point(0, 0, '169<main.rpyeffect:169([k@[k@[then#347]#352]#372])>+6: {"op": "Jump". "target": 125}')
debug_merge_point(0, 0, '125<main.rpyeffect:125(Name(newline2820))>+0: {"op": "Const". "type": "ptr". "out": 0. "format": "int". "value": "<IntValue object at 0x1585dd940>"}')
debug_merge_point(0, 0, '125<main.rpyeffect:125(Name(newline2820))>+1: {"op": "Return". "args": {"any": [0]}}')
debug_merge_point(0, 0, '168<main.rpyeffect:168([k@[k@[k@[then#347]#352]#372]#378])>+0: {"op": "Jump". "target": 156}')
debug_merge_point(0, 0, '156<main.rpyeffect:156(Name(resume2849))>+0: {"op": "PushStack". "arg": 1}')
debug_merge_point(0, 0, '156<main.rpyeffect:156(Name(resume2849))>+1: {"op": "Return". "args": {"any": [0]}}')
+680: setfield_gc(p42, i47, descr=<FieldS rpyeffect.value.UnboxedIntValueRef.inst_value 8>)
+684: guard_nonnull(p7, descr=<Guard0x1585e1220>) [p0, p2, p1, p3, p4, p5, p6, p7, i37, p8, p9, p10, i11]
+696: i48 = getfield_gc_i(p7, descr=<FieldS rpyeffect.stored_environment.Stack__arb.inst_target 16 pure>)
+704: guard_value(i48, 160, descr=<Guard0x158617100>) [p0, p2, p1, p3, p4, p5, p6, p7, i37, p8, p9, p10, i11]
debug_merge_point(0, 0, '140<main.rpyeffect:140([k@Name(parse2827)#258])>+0: {"op": "Push". "target": 139. "args": {"any": [1. 2. 3. 4. 0]}}')
debug_merge_point(0, 0, '140<main.rpyeffect:140([k@Name(parse2827)#258])>+1: {"op": "Jump". "target": 128}')
debug_merge_point(0, 0, '128<main.rpyeffect:128(Name(isDollar2825))>+0: {"op": "Const". "type": "ptr". "out": 1. "format": "int". "value": "<IntValue object at 0x1585dd8c0>"}')
debug_merge_point(0, 0, '128<main.rpyeffect:128(Name(isDollar2825))>+1: {"op": "Jump". "target": 4}')
debug_merge_point(0, 0, '4<main.rpyeffect:4(Name(infixEq72))>+0: {"op": "PrimOp". "name": "infixEq(Int. Int): Boolean". "out": {"any": [0]}. "in": {"any": [0. 1]}}')
debug_merge_point(0, 0, '4<main.rpyeffect:4(Name(infixEq72))>+1: {"op": "Return". "args": {"any": [0]}}')
debug_merge_point(0, 0, '139<main.rpyeffect:139([k@[k@Name(parse2827)#258]#260])>+0: {"op": "Swap". "type": "any". "a": 2. "b". 5}')
debug_merge_point(0, 0, '139<main.rpyeffect:139([k@[k@Name(parse2827)#258]#260])>+1: {"op": "Swap". "type": "any". "a": 4. "b". 5}')
debug_merge_point(0, 0, '139<main.rpyeffect:139([k@[k@Name(parse2827)#258]#260])>+2: {"op": "Swap". "type": "any". "a": 1. "b". 5}')
debug_merge_point(0, 0, '139<main.rpyeffect:139([k@[k@Name(parse2827)#258]#260])>+3: {"op": "IfZero". "cond": 0. "then": {"tag": null. "target": 136. "args": {"any": []}}}')
debug_merge_point(0, 0, '136<main.rpyeffect:136([then#263])>+0: {"op": "Push". "target": 135. "args": {"any": [5. 4. 3. 1]}}')
debug_merge_point(0, 0, '136<main.rpyeffect:136([then#263])>+1: {"op": "Copy". "type": "any". "from": 2. "to". 0}')
debug_merge_point(0, 0, '136<main.rpyeffect:136([then#263])>+2: {"op": "Jump". "target": 126}')
debug_merge_point(0, 0, '126<main.rpyeffect:126(Name(isNewline2822))>+0: {"op": "Const". "type": "ptr". "out": 1. "format": "int". "value": "<IntValue object at 0x1585dd910>"}')
debug_merge_point(0, 0, '126<main.rpyeffect:126(Name(isNewline2822))>+1: {"op": "Jump". "target": 4}')
debug_merge_point(0, 0, '4<main.rpyeffect:4(Name(infixEq72))>+0: {"op": "PrimOp". "name": "infixEq(Int. Int): Boolean". "out": {"any": [0]}. "in": {"any": [0. 1]}}')
debug_merge_point(0, 0, '4<main.rpyeffect:4(Name(infixEq72))>+1: {"op": "Return". "args": {"any": [0]}}')
debug_merge_point(0, 0, '135<main.rpyeffect:135([k@[then#263]#265])>+0: {"op": "Swap". "type": "any". "a": 1. "b". 4}')
debug_merge_point(0, 0, '135<main.rpyeffect:135([k@[then#263]#265])>+1: {"op": "Swap". "type": "any". "a": 2. "b". 3}')
debug_merge_point(0, 0, '135<main.rpyeffect:135([k@[then#263]#265])>+2: {"op": "IfZero". "cond": 0. "then": {"tag": null. "target": 132. "args": {"any": []}}}')
debug_merge_point(0, 0, '135<main.rpyeffect:135([k@[then#263]#265])>+3: {"op": "Push". "target": 134. "args": {"any": [4. 3. 2]}}')
debug_merge_point(0, 0, '135<main.rpyeffect:135([k@[then#263]#265])>+4: {"op": "Copy". "type": "any". "from": 1. "to". 0}')
debug_merge_point(0, 0, '135<main.rpyeffect:135([k@[then#263]#265])>+5: {"op": "Invoke". "receiver": 4. "tag": Interned(Emit2840). "args" : {"any": [0]}}')
+716: p50 = getfield_gc_r(p2, descr=<FieldP rpyeffect.codata.CoData.inst_vtable 8 pure>)
+728: guard_value(p50, ConstPtr(ptr51), descr=<Guard0x158617130>) [p0, p2, p1, p3, p4, p5, p6, p7, i37, p8, p9, p10, i11]
+736: p52 = getfield_gc_r(p2, descr=<FieldP rpyeffect.stored_environment.CoData__arb.inst_values_ptr 16 pure>)
+740: i53 = arraylen_gc(p52, descr=<ArrayP 8>)
+744: guard_value(i53, 2, descr=<Guard0x158617160>) [p0, p2, p1, p3, p4, p5, p6, p7, i37, p8, p9, p10, i11]
+756: p56 = getarrayitem_gc_pure_r(p52, 0, descr=<ArrayP 8>)
+760: p58 = getarrayitem_gc_pure_r(p52, 1, descr=<ArrayP 8>)
debug_merge_point(0, 0, '148<main.rpyeffect:148([method_Emit2840@Name(sum2829)#296])>+0: {"op": "Const". "type": "ptr". "out": 3. "format": "int". "value": "<IntValue object at 0x1585dd5a0>"}')
debug_merge_point(0, 0, '148<main.rpyeffect:148([method_Emit2840@Name(sum2829)#296])>+1: {"op": "ShiftDyn". "out": 1. "n": 3. "label": 1}')
+764: guard_nonnull(p56, descr=<Guard0x158617190>) [p0, p2, p1, p3, p4, p5, p6, p7, i37, p8, p9, p10, i11]
+772: i59 = getfield_gc_i(p56, descr=<FieldS rpyeffect.stack.Label.inst_origin 8 pure>)
+776: guard_value(i59, 153605, descr=<Guard0x1586171c0>) [p0, p2, p1, p3, p4, p5, p6, p7, i37, p8, p9, p10, i11]
+792: guard_nonnull(p9, descr=<Guard0x1586171f0>) [p0, p2, p1, p3, p4, p5, p6, p7, i37, p8, p9, p10, i11]
+804: i61 = getfield_gc_i(p9, descr=<FieldS rpyeffect.stack.Label.inst_origin 8 pure>)
+812: guard_value(i61, 182278, descr=<Guard0x158617220>) [p0, p2, p1, p3, p4, p5, p6, p7, i37, p8, p9, p10, i11]
+828: p63 = getfield_gc_r(p8, descr=<FieldP rpyeffect.stack.MetaStack.inst_region 24 pure>)
+836: guard_isnull(p63, descr=<Guard0x158617250>) [p0, p2, p1, p3, p4, p5, p6, p7, i37, p8, p9, p10, i11]
+844: p64 = getfield_gc_r(p8, descr=<FieldP rpyeffect.stack.MetaStack.inst_label 16 pure>)
+848: guard_nonnull(p64, descr=<Guard0x158617280>) [p0, p2, p1, p3, p4, p5, p6, p7, i37, p8, p9, p10, i11]
+856: i65 = getfield_gc_i(p64, descr=<FieldS rpyeffect.stack.Label.inst_origin 8 pure>)
+860: guard_value(i65, 182273, descr=<Guard0x1586172b0>) [p0, p2, p1, p3, p4, p5, p6, p7, i37, p8, p9, p10, i11]
+876: p67 = getfield_gc_r(p8, descr=<FieldP rpyeffect.stack.MetaStack.inst_tail 32 pure>)
+880: p68 = getfield_gc_r(p67, descr=<FieldP rpyeffect.stack.MetaStack.inst_region 24 pure>)
+884: guard_isnull(p68, descr=<Guard0x1586172e0>) [p0, p2, p1, p3, p4, p5, p6, p7, i37, p8, p9, p10, i11]
+892: p69 = getfield_gc_r(p67, descr=<FieldP rpyeffect.stack.MetaStack.inst_label 16 pure>)
+896: guard_nonnull(p69, descr=<Guard0x158617310>) [p0, p2, p1, p3, p4, p5, p6, p7, i37, p8, p9, p10, i11]
+904: i70 = getfield_gc_i(p69, descr=<FieldS rpyeffect.stack.Label.inst_origin 8 pure>)
+908: guard_value(i70, 158720, descr=<Guard0x158617340>) [p0, p2, p1, p3, p4, p5, p6, p7, i37, p8, p9, p10, i11]
+924: p72 = getfield_gc_r(p67, descr=<FieldP rpyeffect.stack.MetaStack.inst_tail 32 pure>)
+928: p73 = getfield_gc_r(p72, descr=<FieldP rpyeffect.stack.MetaStack.inst_region 24 pure>)
+932: guard_isnull(p73, descr=<Guard0x158617370>) [p0, p2, p1, p3, p4, p5, p6, p7, i37, p8, p9, p10, i11]
+940: p74 = getfield_gc_r(p72, descr=<FieldP rpyeffect.stack.MetaStack.inst_label 16 pure>)
+944: guard_nonnull(p74, descr=<Guard0x1586173a0>) [p0, p2, p1, p3, p4, p5, p6, p7, i37, p8, p9, p10, i11]
+952: i75 = getfield_gc_i(p74, descr=<FieldS rpyeffect.stack.Label.inst_origin 8 pure>)
+956: guard_value(i75, 153605, descr=<Guard0x1586173d0>) [p0, p2, p1, p3, p4, p5, p6, p7, i37, p8, p9, p10, i11]
+972: i77 = instance_ptr_eq(p74, p56)
guard_true(i77, descr=<Guard0x158617400>) [p0, p2, p1, p3, p4, p5, p6, p7, i37, p8, p9, p10, i11]
+980: p78 = getfield_gc_r(p72, descr=<FieldP rpyeffect.stack.MetaStackLike.inst_stack 8 pure>)
+984: guard_class(p72, 4376182216, descr=<Guard0x158617430>) [p0, p2, p1, p3, p4, p5, p6, p7, i37, p8, p9, p10, i11]
+1000: p80 = getfield_gc_r(p72, descr=<FieldP rpyeffect.stack.MetaStack.inst_tail 32 pure>)
+1004: p81 = getfield_gc_r(p67, descr=<FieldP rpyeffect.stack.MetaStackLike.inst_stack 8 pure>)
+1008: guard_class(p67, 4376182216, descr=<Guard0x158617460>) [p0, p2, p1, p3, p4, p5, p6, p7, i37, p8, p9, p10, i11]
+1024: p83 = getfield_gc_r(p8, descr=<FieldP rpyeffect.stack.MetaStackLike.inst_stack 8 pure>)
+1028: guard_class(p8, 4376182216, descr=<Guard0x158617490>) [p0, p2, p1, p3, p4, p5, p6, p7, i37, p8, p9, p10, i11]
+1044: guard_nonnull_class(p80, 4376182216, descr=<Guard0x1585e1268>) [p0, p2, p1, p3, p4, p5, p6, p7, i37, p8, p9, p10, i11]
+1068: p86 = getfield_gc_r(p80, descr=<FieldP rpyeffect.stack.MetaStackLike.inst_stack 8 pure>)
+1072: p87 = getfield_gc_r(p80, descr=<FieldP rpyeffect.stack.MetaStack.inst_label 16 pure>)
+1076: p88 = getfield_gc_r(p80, descr=<FieldP rpyeffect.stack.MetaStack.inst_tail 32 pure>)
+1080: guard_nonnull(p86, descr=<Guard0x1586174c0>) [p0, p2, p1, p3, p4, p5, p6, p7, i37, p8, p9, p10, i11]
+1088: i89 = getfield_gc_i(p86, descr=<FieldS rpyeffect.stored_environment.Stack__arb.inst_target 16 pure>)
+1092: guard_value(i89, 144, descr=<Guard0x1586174f0>) [p0, p2, p1, p3, p4, p5, p6, p7, i37, p8, p9, p10, i11]
debug_merge_point(0, 0, '148<main.rpyeffect:148([method_Emit2840@Name(sum2829)#296])>+2: {"op": "Load". "out": 3. "type": "any". "ref": 2}')
+1104: p91 = getfield_gc_r(p58, descr=<FieldP rpyeffect.region.Ref.inst_allocation_site 8 pure>)
+1116: guard_value(p91, ConstPtr(ptr92), descr=<Guard0x158617520>) [p0, p2, p1, p3, p4, p5, p6, p7, i37, p8, p9, p10, i11]
+1124: p93 = getfield_gc_r(p58, descr=<FieldP rpyeffect.region.Ref.inst_value 16>)
+1128: i94 = getfield_gc_i(p93, descr=<FieldS rpyeffect.value.UnboxedIntValueRef.inst_value 8>)
debug_merge_point(0, 0, '148<main.rpyeffect:148([method_Emit2840@Name(sum2829)#296])>+3: {"op": "Push". "target": 147. "args": {"any": [1. 2]}}')
debug_merge_point(0, 0, '148<main.rpyeffect:148([method_Emit2840@Name(sum2829)#296])>+4: {"op": "Copy". "type": "any". "from": 0. "to". 1}')
debug_merge_point(0, 0, '148<main.rpyeffect:148([method_Emit2840@Name(sum2829)#296])>+5: {"op": "Copy". "type": "any". "from": 3. "to". 0}')
debug_merge_point(0, 0, '148<main.rpyeffect:148([method_Emit2840@Name(sum2829)#296])>+6: {"op": "Jump". "target": 6}')
debug_merge_point(0, 0, '6<main.rpyeffect:6(Name(infixAdd96))>+0: {"op": "PrimOp". "name": "infixAdd(Int. Int): Int". "out": {"any": [0]}. "in": {"any": [0. 1]}}')
+1132: i95 = int_add(i94, i11)
debug_merge_point(0, 0, '6<main.rpyeffect:6(Name(infixAdd96))>+1: {"op": "Return". "args": {"any": [0]}}')
debug_merge_point(0, 0, '147<main.rpyeffect:147([k@[method_Emit2840@Name(sum2829)#296]#301])>+0: {"op": "Store". "ref": 2. "type": "any". "value": 0}')
debug_merge_point(0, 0, '147<main.rpyeffect:147([k@[method_Emit2840@Name(sum2829)#296]#301])>+1: {"op": "Construct". "out": 0. "type": Interned(Unit). "tag": Interned(unit). "args": {"any": []}}')
debug_merge_point(0, 0, '147<main.rpyeffect:147([k@[method_Emit2840@Name(sum2829)#296]#301])>+2: {"op": "Construct". "out": 0. "type": Interned(Unit). "tag": Interned(unit). "args": {"any": []}}')
debug_merge_point(0, 0, '147<main.rpyeffect:147([k@[method_Emit2840@Name(sum2829)#296]#301])>+3: {"op": "Jump". "target": 142}')
debug_merge_point(0, 0, '142<main.rpyeffect:142(Name(resume2845))>+0: {"op": "PushStack". "arg": 1}')
debug_merge_point(0, 0, '142<main.rpyeffect:142(Name(resume2845))>+1: {"op": "Return". "args": {"any": [0]}}')
debug_merge_point(0, 0, '134<main.rpyeffect:134([k@[k@[then#263]#265]#272])>+0: {"op": "Const". "type": "ptr". "out": 0. "format": "int". "value": "<IntValue object at 0x1585dd800>"}')
debug_merge_point(0, 0, '134<main.rpyeffect:134([k@[k@[then#263]#265]#272])>+1: {"op": "Swap". "type": "any". "a": 2. "b". 1}')
debug_merge_point(0, 0, '134<main.rpyeffect:134([k@[k@[then#263]#265]#272])>+2: {"op": "Jump". "target": 141}')
debug_merge_point(0, 0, '141<main.rpyeffect:141(Name(parse2827))>+0: {"op": "Push". "target": 140. "args": {"any": [2. 1. 3. 0]}}')
+1136: setfield_gc(p93, i95, descr=<FieldS rpyeffect.value.UnboxedIntValueRef.inst_value 8>)
+1140: p96 = new_with_vtable(descr=<SizeDescr 40>)
+1252: p97 = new_with_vtable(descr=<SizeDescr 40>)
+1264: setfield_gc(p97, p83, descr=<FieldP rpyeffect.stack.MetaStackLike.inst_stack 8 pure>)
+1268: setfield_gc(p97, p64, descr=<FieldP rpyeffect.stack.MetaStack.inst_label 16 pure>)
+1272: setfield_gc(p97, ConstPtr(null), descr=<FieldP rpyeffect.stack.MetaStack.inst_region 24 pure>)
+1280: p99 = new_with_vtable(descr=<SizeDescr 40>)
+1292: setfield_gc(p99, p81, descr=<FieldP rpyeffect.stack.MetaStackLike.inst_stack 8 pure>)
+1296: setfield_gc(p99, p69, descr=<FieldP rpyeffect.stack.MetaStack.inst_label 16 pure>)
+1300: setfield_gc(p99, ConstPtr(null), descr=<FieldP rpyeffect.stack.MetaStack.inst_region 24 pure>)
+1308: p101 = new_with_vtable(descr=<SizeDescr 40>)
+1320: setfield_gc(p101, p78, descr=<FieldP rpyeffect.stack.MetaStackLike.inst_stack 8 pure>)
+1324: setfield_gc(p101, p74, descr=<FieldP rpyeffect.stack.MetaStack.inst_label 16 pure>)
+1332: setfield_gc(p101, ConstPtr(null), descr=<FieldP rpyeffect.stack.MetaStack.inst_region 24 pure>)
+1340: p103 = new_with_vtable(descr=<SizeDescr 40>)
+1352: setfield_gc(p103, p86, descr=<FieldP rpyeffect.stack.MetaStackLike.inst_stack 8 pure>)
+1356: setfield_gc(p103, p87, descr=<FieldP rpyeffect.stack.MetaStack.inst_label 16 pure>)
+1360: setfield_gc(p103, ConstPtr(null), descr=<FieldP rpyeffect.stack.MetaStack.inst_region 24 pure>)
+1368: setfield_gc(p103, p88, descr=<FieldP rpyeffect.stack.MetaStack.inst_tail 32 pure>)
+1376: setfield_gc(p101, p103, descr=<FieldP rpyeffect.stack.MetaStack.inst_tail 32 pure>)
+1380: setfield_gc(p99, p101, descr=<FieldP rpyeffect.stack.MetaStack.inst_tail 32 pure>)
+1384: setfield_gc(p97, p99, descr=<FieldP rpyeffect.stack.MetaStack.inst_tail 32 pure>)
+1388: setfield_gc(p96, ConstPtr(null), descr=<FieldP rpyeffect.stack.MetaStack.inst_region 24 pure>)
+1396: setfield_gc(p96, p9, descr=<FieldP rpyeffect.stack.MetaStack.inst_label 16 pure>)
+1400: setfield_gc(p96, p97, descr=<FieldP rpyeffect.stack.MetaStack.inst_tail 32 pure>)
+1404: setfield_gc(p96, p10, descr=<FieldP rpyeffect.stack.MetaStackLike.inst_stack 8 pure>)
+1416: jump(p6, p7, p0, p96, ConstPtr(ptr106), ConstPtr(ptr107), p1, p2, p3, p2, p2, p4, p5, descr=TargetToken(5777569056))
+1468: --end of the loop--
[b62129] jit-log-opt-bridge}
[57b68f3] {jit-summary
Tracing:      	3	0.002295
Backend:      	3	0.000604
TOTAL:      		0.083446
ops:             	8721
heapcached ops:  	1931
recorded ops:    	2169
  calls:         	268
guards:          	468
opt ops:         	601
opt guards:      	105
opt guards shared:	94
forcings:        	0
abort: trace too long:	0
abort: compiling:	0
abort: vable escape:	0
abort: bad loop: 	0
abort: force quasi-immut:	0
abort: segmenting trace:	0
virtualizables forced:	0
nvirtuals:       	9
nvholes:         	0
nvreused:        	2
vecopt tried:    	0
vecopt success:  	0
Total # of loops:	2
Total # of bridges:	1
Freed # of loops:	0
Freed # of bridges:	0
[57b994a] jit-summary}
