[a6e41f] {jit-log-opt-loop
# Loop 1 (146<main.rpyeffect:146(Name(countdown2817))>+0: {"op": "Push", "target": 145, "args": {"any": [0]}}) : loop with 406 ops
[p0, p1, p2, p3, p4]
+1272: p5 = getfield_gc_r(p2, descr=<FieldP rpyeffect.environment.Environment.inst_values_ptr 16>)
+1280: p7 = getarrayitem_gc_r(p5, 0, descr=<ArrayP 8>)
+1284: p9 = getarrayitem_gc_r(p5, 1, descr=<ArrayP 8>)
+1288: p11 = getarrayitem_gc_r(p5, 2, descr=<ArrayP 8>)
+1292: p13 = getarrayitem_gc_r(p5, 3, descr=<ArrayP 8>)
+1296: p15 = getarrayitem_gc_r(p5, 4, descr=<ArrayP 8>)
+1300: p17 = getarrayitem_gc_r(p5, 5, descr=<ArrayP 8>)
+1304: p19 = getarrayitem_gc_r(p5, 6, descr=<ArrayP 8>)
+1308: label(p0, p1, p2, p3, p4, p7, p9, p11, p13, p15, p17, p19, descr=TargetToken(5777586848))
debug_merge_point(0, 0, '146<main.rpyeffect:146(Name(countdown2817))>+0: {"op": "Push". "target": 145. "args": {"any": [0]}}')
+1332: guard_not_invalidated(descr=<Guard0x1585ecf50>) [p2, p7, p9, p11, p13, p15, p17, p19, p0, p1, p3, p4]
debug_merge_point(0, 0, '146<main.rpyeffect:146(Name(countdown2817))>+1: {"op": "Invoke". "receiver": 0. "tag": Interned(getS2830). "args" : {"any": []}}')
+1336: p20 = getfield_gc_r(p7, descr=<FieldP rpyeffect.codata.CoData.inst_vtable 8 pure>)
+1344: guard_value(p20, ConstPtr(ptr21), descr=<Guard0x15861b430>) [p2, p7, p9, p11, p13, p15, p17, p19, p0, p1, p3, p4]
+1352: p22 = getfield_gc_r(p7, descr=<FieldP rpyeffect.stored_environment.CoData__2.inst_values_ptr_0 24 pure>)
+1356: p23 = getfield_gc_r(p7, descr=<FieldP rpyeffect.stored_environment.CoData__2.inst_values_ptr_1 32 pure>)
debug_merge_point(0, 0, '153<main.rpyeffect:153([method_getS2830@Name(handler2821)#306])>+0: {"op": "Const". "type": "ptr". "out": 2. "format": "int". "value": "<IntValue object at 0x1585dd560>"}')
debug_merge_point(0, 0, '153<main.rpyeffect:153([method_getS2830@Name(handler2821)#306])>+1: {"op": "ShiftDyn". "out": 0. "n": 2. "label": 0}')
+1364: i25 = instance_ptr_eq(p4, ConstPtr(ptr24))
guard_true(i25, descr=<Guard0x15861b400>) [p2, p7, p9, p11, p13, p15, p17, p19, p0, p1, p3, p4]
+1376: i26 = instance_ptr_eq(p0, p22)
guard_false(i26, descr=<Guard0x15861b3d0>) [p2, p7, p9, p11, p13, p15, p17, p19, p0, p1, p3, p4]
+1388: p27 = getfield_gc_r(p3, descr=<FieldP rpyeffect.stack.MetaStack.inst_region 24 pure>)
+1396: guard_isnull(p27, descr=<Guard0x15861b3a0>) [p2, p7, p9, p11, p13, p15, p17, p19, p0, p1, p3, p4]
+1404: p28 = getfield_gc_r(p3, descr=<FieldP rpyeffect.stack.MetaStack.inst_label 16 pure>)
+1408: i29 = instance_ptr_eq(p28, p22)
guard_false(i29, descr=<Guard0x15861b370>) [p2, p7, p9, p11, p13, p15, p17, p19, p0, p1, p3, p4]
+1416: p30 = getfield_gc_r(p3, descr=<FieldP rpyeffect.stack.MetaStack.inst_tail 32 pure>)
+1420: p31 = getfield_gc_r(p30, descr=<FieldP rpyeffect.stack.MetaStack.inst_region 24 pure>)
+1424: guard_isnull(p31, descr=<Guard0x15861b340>) [p2, p7, p9, p11, p13, p15, p17, p19, p0, p1, p3, p4]
+1432: p32 = getfield_gc_r(p30, descr=<FieldP rpyeffect.stack.MetaStack.inst_label 16 pure>)
+1436: i33 = instance_ptr_eq(p32, p22)
guard_false(i33, descr=<Guard0x15861b310>) [p2, p7, p9, p11, p13, p15, p17, p19, p0, p1, p3, p4]
+1444: p34 = getfield_gc_r(p30, descr=<FieldP rpyeffect.stack.MetaStack.inst_tail 32 pure>)
+1448: p35 = getfield_gc_r(p34, descr=<FieldP rpyeffect.stack.MetaStack.inst_region 24 pure>)
+1452: guard_isnull(p35, descr=<Guard0x15861b2e0>) [p2, p7, p9, p11, p13, p15, p17, p19, p0, p1, p3, p4]
+1460: p36 = getfield_gc_r(p34, descr=<FieldP rpyeffect.stack.MetaStack.inst_label 16 pure>)
+1464: i37 = instance_ptr_eq(p36, p22)
guard_false(i37, descr=<Guard0x15861b2b0>) [p2, p7, p9, p11, p13, p15, p17, p19, p0, p1, p3, p4]
+1472: p38 = getfield_gc_r(p34, descr=<FieldP rpyeffect.stack.MetaStack.inst_tail 32 pure>)
+1476: p39 = getfield_gc_r(p38, descr=<FieldP rpyeffect.stack.MetaStack.inst_region 24 pure>)
+1480: guard_isnull(p39, descr=<Guard0x15861b280>) [p2, p7, p9, p11, p13, p15, p17, p19, p0, p1, p3, p4]
+1488: p40 = getfield_gc_r(p38, descr=<FieldP rpyeffect.stack.MetaStack.inst_label 16 pure>)
+1492: i41 = instance_ptr_eq(p40, p22)
guard_false(i41, descr=<Guard0x15861b250>) [p2, p7, p9, p11, p13, p15, p17, p19, p0, p1, p3, p4]
+1500: p42 = getfield_gc_r(p38, descr=<FieldP rpyeffect.stack.MetaStack.inst_tail 32 pure>)
+1504: p43 = getfield_gc_r(p42, descr=<FieldP rpyeffect.stack.MetaStack.inst_region 24 pure>)
+1508: guard_isnull(p43, descr=<Guard0x15861b220>) [p2, p7, p9, p11, p13, p15, p17, p19, p0, p1, p3, p4]
+1516: p44 = getfield_gc_r(p42, descr=<FieldP rpyeffect.stack.MetaStack.inst_label 16 pure>)
+1520: i45 = instance_ptr_eq(p44, p22)
guard_false(i45, descr=<Guard0x15861b1f0>) [p2, p7, p9, p11, p13, p15, p17, p19, p0, p1, p3, p4]
+1528: p46 = getfield_gc_r(p42, descr=<FieldP rpyeffect.stack.MetaStack.inst_tail 32 pure>)
+1532: p47 = getfield_gc_r(p46, descr=<FieldP rpyeffect.stack.MetaStack.inst_region 24 pure>)
+1540: guard_isnull(p47, descr=<Guard0x15861b1c0>) [p2, p7, p9, p11, p13, p15, p17, p19, p0, p1, p3, p4]
+1548: p48 = getfield_gc_r(p46, descr=<FieldP rpyeffect.stack.MetaStack.inst_label 16 pure>)
+1552: i49 = instance_ptr_eq(p48, p22)
guard_false(i49, descr=<Guard0x15861b190>) [p2, p7, p9, p11, p13, p15, p17, p19, p0, p1, p3, p4]
+1560: p50 = getfield_gc_r(p46, descr=<FieldP rpyeffect.stack.MetaStack.inst_tail 32 pure>)
+1564: p51 = getfield_gc_r(p50, descr=<FieldP rpyeffect.stack.MetaStack.inst_region 24 pure>)
+1572: guard_isnull(p51, descr=<Guard0x15861b160>) [p2, p7, p9, p11, p13, p15, p17, p19, p0, p1, p3, p4]
+1580: p52 = getfield_gc_r(p50, descr=<FieldP rpyeffect.stack.MetaStack.inst_label 16 pure>)
+1584: i53 = instance_ptr_eq(p52, p22)
guard_false(i53, descr=<Guard0x15861b130>) [p2, p7, p9, p11, p13, p15, p17, p19, p0, p1, p3, p4]
+1592: p54 = getfield_gc_r(p50, descr=<FieldP rpyeffect.stack.MetaStack.inst_tail 32 pure>)
+1600: p55 = getfield_gc_r(p54, descr=<FieldP rpyeffect.stack.MetaStack.inst_region 24 pure>)
+1608: guard_isnull(p55, descr=<Guard0x15861b100>) [p2, p7, p9, p11, p13, p15, p17, p19, p0, p1, p3, p4]
+1616: p56 = getfield_gc_r(p54, descr=<FieldP rpyeffect.stack.MetaStack.inst_label 16 pure>)
+1620: i57 = instance_ptr_eq(p56, p22)
guard_false(i57, descr=<Guard0x15861b0d0>) [p2, p7, p9, p11, p13, p15, p17, p19, p0, p1, p3, p4]
+1628: p58 = getfield_gc_r(p54, descr=<FieldP rpyeffect.stack.MetaStack.inst_tail 32 pure>)
+1636: p59 = getfield_gc_r(p58, descr=<FieldP rpyeffect.stack.MetaStack.inst_region 24 pure>)
+1644: guard_isnull(p59, descr=<Guard0x15861b0a0>) [p2, p7, p9, p11, p13, p15, p17, p19, p0, p1, p3, p4]
+1652: p60 = getfield_gc_r(p58, descr=<FieldP rpyeffect.stack.MetaStack.inst_label 16 pure>)
+1656: i61 = instance_ptr_eq(p60, p22)
guard_false(i61, descr=<Guard0x15861b070>) [p2, p7, p9, p11, p13, p15, p17, p19, p0, p1, p3, p4]
+1664: p62 = getfield_gc_r(p58, descr=<FieldP rpyeffect.stack.MetaStack.inst_tail 32 pure>)
+1672: p63 = getfield_gc_r(p62, descr=<FieldP rpyeffect.stack.MetaStack.inst_region 24 pure>)
+1680: guard_isnull(p63, descr=<Guard0x15861b040>) [p2, p7, p9, p11, p13, p15, p17, p19, p0, p1, p3, p4]
+1688: p64 = getfield_gc_r(p62, descr=<FieldP rpyeffect.stack.MetaStack.inst_label 16 pure>)
+1692: i65 = instance_ptr_eq(p64, p22)
guard_false(i65, descr=<Guard0x15861b010>) [p2, p7, p9, p11, p13, p15, p17, p19, p0, p1, p3, p4]
+1700: p66 = getfield_gc_r(p62, descr=<FieldP rpyeffect.stack.MetaStack.inst_tail 32 pure>)
+1708: p67 = getfield_gc_r(p66, descr=<FieldP rpyeffect.stack.MetaStack.inst_region 24 pure>)
+1716: guard_isnull(p67, descr=<Guard0x15861afe0>) [p2, p7, p9, p11, p13, p15, p17, p19, p0, p1, p3, p4]
+1724: p68 = getfield_gc_r(p66, descr=<FieldP rpyeffect.stack.MetaStack.inst_label 16 pure>)
+1728: i69 = instance_ptr_eq(p68, p22)
guard_false(i69, descr=<Guard0x15861afb0>) [p2, p7, p9, p11, p13, p15, p17, p19, p0, p1, p3, p4]
+1736: p70 = getfield_gc_r(p66, descr=<FieldP rpyeffect.stack.MetaStack.inst_tail 32 pure>)
+1744: p71 = getfield_gc_r(p70, descr=<FieldP rpyeffect.stack.MetaStack.inst_region 24 pure>)
+1752: guard_isnull(p71, descr=<Guard0x15861af80>) [p2, p7, p9, p11, p13, p15, p17, p19, p0, p1, p3, p4]
+1760: p72 = getfield_gc_r(p70, descr=<FieldP rpyeffect.stack.MetaStack.inst_label 16 pure>)
+1764: i73 = instance_ptr_eq(p72, p22)
guard_false(i73, descr=<Guard0x15861af50>) [p2, p7, p9, p11, p13, p15, p17, p19, p0, p1, p3, p4]
+1772: p74 = getfield_gc_r(p70, descr=<FieldP rpyeffect.stack.MetaStack.inst_tail 32 pure>)
+1780: p75 = getfield_gc_r(p74, descr=<FieldP rpyeffect.stack.MetaStack.inst_region 24 pure>)
+1784: guard_isnull(p75, descr=<Guard0x15861af20>) [p2, p7, p9, p11, p13, p15, p17, p19, p0, p1, p3, p4]
+1792: p76 = getfield_gc_r(p74, descr=<FieldP rpyeffect.stack.MetaStack.inst_label 16 pure>)
+1796: i77 = instance_ptr_eq(p76, p22)
guard_false(i77, descr=<Guard0x15861aef0>) [p2, p7, p9, p11, p13, p15, p17, p19, p0, p1, p3, p4]
+1804: p78 = getfield_gc_r(p74, descr=<FieldP rpyeffect.stack.MetaStack.inst_tail 32 pure>)
+1812: p79 = getfield_gc_r(p78, descr=<FieldP rpyeffect.stack.MetaStack.inst_region 24 pure>)
+1820: guard_isnull(p79, descr=<Guard0x15861aec0>) [p2, p7, p9, p11, p13, p15, p17, p19, p0, p1, p3, p4]
+1828: p80 = getfield_gc_r(p78, descr=<FieldP rpyeffect.stack.MetaStack.inst_label 16 pure>)
+1832: i81 = instance_ptr_eq(p80, p22)
guard_false(i81, descr=<Guard0x15861ae90>) [p2, p7, p9, p11, p13, p15, p17, p19, p0, p1, p3, p4]
+1840: p82 = getfield_gc_r(p78, descr=<FieldP rpyeffect.stack.MetaStack.inst_tail 32 pure>)
+1848: p83 = getfield_gc_r(p82, descr=<FieldP rpyeffect.stack.MetaStack.inst_region 24 pure>)
+1852: guard_isnull(p83, descr=<Guard0x15861ae60>) [p2, p7, p9, p11, p13, p15, p17, p19, p0, p1, p3, p4]
+1860: p84 = getfield_gc_r(p82, descr=<FieldP rpyeffect.stack.MetaStack.inst_label 16 pure>)
+1864: i85 = instance_ptr_eq(p84, p22)
guard_false(i85, descr=<Guard0x15861ae30>) [p2, p7, p9, p11, p13, p15, p17, p19, p0, p1, p3, p4]
+1872: p86 = getfield_gc_r(p82, descr=<FieldP rpyeffect.stack.MetaStack.inst_tail 32 pure>)
+1880: p87 = getfield_gc_r(p86, descr=<FieldP rpyeffect.stack.MetaStack.inst_region 24 pure>)
+1888: guard_isnull(p87, descr=<Guard0x15861ae00>) [p2, p7, p9, p11, p13, p15, p17, p19, p0, p1, p3, p4]
+1896: p88 = getfield_gc_r(p86, descr=<FieldP rpyeffect.stack.MetaStack.inst_label 16 pure>)
+1900: i89 = instance_ptr_eq(p88, p22)
guard_false(i89, descr=<Guard0x15861add0>) [p2, p7, p9, p11, p13, p15, p17, p19, p0, p1, p3, p4]
+1908: p90 = getfield_gc_r(p86, descr=<FieldP rpyeffect.stack.MetaStack.inst_tail 32 pure>)
+1916: p91 = getfield_gc_r(p90, descr=<FieldP rpyeffect.stack.MetaStack.inst_region 24 pure>)
+1924: guard_isnull(p91, descr=<Guard0x15861ada0>) [p2, p7, p9, p11, p13, p15, p17, p19, p0, p1, p3, p4]
+1932: p92 = getfield_gc_r(p90, descr=<FieldP rpyeffect.stack.MetaStack.inst_label 16 pure>)
+1936: i93 = instance_ptr_eq(p92, p22)
guard_false(i93, descr=<Guard0x15861ad70>) [p2, p7, p9, p11, p13, p15, p17, p19, p0, p1, p3, p4]
+1944: p94 = getfield_gc_r(p90, descr=<FieldP rpyeffect.stack.MetaStack.inst_tail 32 pure>)
+1952: p95 = getfield_gc_r(p94, descr=<FieldP rpyeffect.stack.MetaStack.inst_region 24 pure>)
+1960: guard_isnull(p95, descr=<Guard0x15861ad40>) [p2, p7, p9, p11, p13, p15, p17, p19, p0, p1, p3, p4]
+1968: p96 = getfield_gc_r(p94, descr=<FieldP rpyeffect.stack.MetaStack.inst_label 16 pure>)
+1972: i97 = instance_ptr_eq(p96, p22)
guard_false(i97, descr=<Guard0x15861ad10>) [p2, p7, p9, p11, p13, p15, p17, p19, p0, p1, p3, p4]
+1980: p98 = getfield_gc_r(p94, descr=<FieldP rpyeffect.stack.MetaStack.inst_tail 32 pure>)
+1988: p99 = getfield_gc_r(p98, descr=<FieldP rpyeffect.stack.MetaStack.inst_region 24 pure>)
+1996: guard_isnull(p99, descr=<Guard0x15861ace0>) [p2, p7, p9, p11, p13, p15, p17, p19, p0, p1, p3, p4]
+2004: p100 = getfield_gc_r(p98, descr=<FieldP rpyeffect.stack.MetaStack.inst_label 16 pure>)
+2008: i101 = instance_ptr_eq(p100, p22)
guard_false(i101, descr=<Guard0x15861acb0>) [p2, p7, p9, p11, p13, p15, p17, p19, p0, p1, p3, p4]
+2016: p102 = getfield_gc_r(p98, descr=<FieldP rpyeffect.stack.MetaStack.inst_tail 32 pure>)
+2024: p103 = getfield_gc_r(p102, descr=<FieldP rpyeffect.stack.MetaStack.inst_region 24 pure>)
+2032: guard_isnull(p103, descr=<Guard0x15861ac80>) [p2, p7, p9, p11, p13, p15, p17, p19, p0, p1, p3, p4]
+2040: p104 = getfield_gc_r(p102, descr=<FieldP rpyeffect.stack.MetaStack.inst_label 16 pure>)
+2044: i105 = instance_ptr_eq(p104, p22)
guard_true(i105, descr=<Guard0x15861ac50>) [p2, p7, p9, p11, p13, p15, p17, p19, p0, p1, p3, p4]
+2052: p106 = getfield_gc_r(p102, descr=<FieldP rpyeffect.stack.MetaStackLike.inst_stack 8 pure>)
+2060: guard_class(p102, 4378912672, descr=<Guard0x15861ac20>) [p2, p7, p9, p11, p13, p15, p17, p19, p0, p1, p3, p4]
+2076: p108 = getfield_gc_r(p102, descr=<FieldP rpyeffect.stack.MetaStack.inst_tail 32 pure>)
+2080: p109 = getfield_gc_r(p98, descr=<FieldP rpyeffect.stack.MetaStackLike.inst_stack 8 pure>)
+2088: guard_class(p98, 4378912672, descr=<Guard0x15861abf0>) [p2, p7, p9, p11, p13, p15, p17, p19, p0, p1, p3, p4]
+2104: p111 = getfield_gc_r(p94, descr=<FieldP rpyeffect.stack.MetaStackLike.inst_stack 8 pure>)
+2108: guard_class(p94, 4378912672, descr=<Guard0x15861abc0>) [p2, p7, p9, p11, p13, p15, p17, p19, p0, p1, p3, p4]
+2124: p113 = getfield_gc_r(p90, descr=<FieldP rpyeffect.stack.MetaStackLike.inst_stack 8 pure>)
+2128: guard_class(p90, 4378912672, descr=<Guard0x15861ab90>) [p2, p7, p9, p11, p13, p15, p17, p19, p0, p1, p3, p4]
+2144: p115 = getfield_gc_r(p86, descr=<FieldP rpyeffect.stack.MetaStackLike.inst_stack 8 pure>)
+2148: guard_class(p86, 4378912672, descr=<Guard0x15861ab60>) [p2, p7, p9, p11, p13, p15, p17, p19, p0, p1, p3, p4]
+2164: p117 = getfield_gc_r(p82, descr=<FieldP rpyeffect.stack.MetaStackLike.inst_stack 8 pure>)
+2168: guard_class(p82, 4378912672, descr=<Guard0x15861ab30>) [p2, p7, p9, p11, p13, p15, p17, p19, p0, p1, p3, p4]
+2184: p119 = getfield_gc_r(p78, descr=<FieldP rpyeffect.stack.MetaStackLike.inst_stack 8 pure>)
+2188: guard_class(p78, 4378912672, descr=<Guard0x15861ab00>) [p2, p7, p9, p11, p13, p15, p17, p19, p0, p1, p3, p4]
+2204: p121 = getfield_gc_r(p74, descr=<FieldP rpyeffect.stack.MetaStackLike.inst_stack 8 pure>)
+2208: guard_class(p74, 4378912672, descr=<Guard0x15861aad0>) [p2, p7, p9, p11, p13, p15, p17, p19, p0, p1, p3, p4]
+2224: p123 = getfield_gc_r(p70, descr=<FieldP rpyeffect.stack.MetaStackLike.inst_stack 8 pure>)
+2228: guard_class(p70, 4378912672, descr=<Guard0x15861aaa0>) [p2, p7, p9, p11, p13, p15, p17, p19, p0, p1, p3, p4]
+2244: p125 = getfield_gc_r(p66, descr=<FieldP rpyeffect.stack.MetaStackLike.inst_stack 8 pure>)
+2248: guard_class(p66, 4378912672, descr=<Guard0x15861aa70>) [p2, p7, p9, p11, p13, p15, p17, p19, p0, p1, p3, p4]
+2264: p127 = getfield_gc_r(p62, descr=<FieldP rpyeffect.stack.MetaStackLike.inst_stack 8 pure>)
+2268: guard_class(p62, 4378912672, descr=<Guard0x15861aa40>) [p2, p7, p9, p11, p13, p15, p17, p19, p0, p1, p3, p4]
+2284: p129 = getfield_gc_r(p58, descr=<FieldP rpyeffect.stack.MetaStackLike.inst_stack 8 pure>)
+2288: guard_class(p58, 4378912672, descr=<Guard0x15861aa10>) [p2, p7, p9, p11, p13, p15, p17, p19, p0, p1, p3, p4]
+2304: p131 = getfield_gc_r(p54, descr=<FieldP rpyeffect.stack.MetaStackLike.inst_stack 8 pure>)
+2308: guard_class(p54, 4378912672, descr=<Guard0x15861a9e0>) [p2, p7, p9, p11, p13, p15, p17, p19, p0, p1, p3, p4]
+2324: p133 = getfield_gc_r(p50, descr=<FieldP rpyeffect.stack.MetaStackLike.inst_stack 8 pure>)
+2328: guard_class(p50, 4378912672, descr=<Guard0x15861a9b0>) [p2, p7, p9, p11, p13, p15, p17, p19, p0, p1, p3, p4]
+2344: p135 = getfield_gc_r(p46, descr=<FieldP rpyeffect.stack.MetaStackLike.inst_stack 8 pure>)
+2356: guard_class(p46, 4378912672, descr=<Guard0x15861a980>) [p2, p7, p9, p11, p13, p15, p17, p19, p0, p1, p3, p4]
+2372: p137 = getfield_gc_r(p42, descr=<FieldP rpyeffect.stack.MetaStackLike.inst_stack 8 pure>)
+2384: guard_class(p42, 4378912672, descr=<Guard0x15861a950>) [p2, p7, p9, p11, p13, p15, p17, p19, p0, p1, p3, p4]
+2400: p139 = getfield_gc_r(p38, descr=<FieldP rpyeffect.stack.MetaStackLike.inst_stack 8 pure>)
+2412: guard_class(p38, 4378912672, descr=<Guard0x15861a920>) [p2, p7, p9, p11, p13, p15, p17, p19, p0, p1, p3, p4]
+2428: p141 = getfield_gc_r(p34, descr=<FieldP rpyeffect.stack.MetaStackLike.inst_stack 8 pure>)
+2440: guard_class(p34, 4378912672, descr=<Guard0x15861a8f0>) [p2, p7, p9, p11, p13, p15, p17, p19, p0, p1, p3, p4]
+2456: p143 = getfield_gc_r(p30, descr=<FieldP rpyeffect.stack.MetaStackLike.inst_stack 8 pure>)
+2468: guard_class(p30, 4378912672, descr=<Guard0x15861a8c0>) [p2, p7, p9, p11, p13, p15, p17, p19, p0, p1, p3, p4]
+2484: p145 = getfield_gc_r(p3, descr=<FieldP rpyeffect.stack.MetaStackLike.inst_stack 8 pure>)
+2496: guard_class(p3, 4378912672, descr=<Guard0x15861a890>) [p2, p7, p9, p11, p13, p15, p17, p19, p0, p1, p3, p4]
+2512: guard_nonnull_class(p108, 4378912672, descr=<Guard0x1585ed028>) [p2, p7, p9, p11, p13, p15, p17, p19, p0, p1, p3, p4]
+2536: p148 = getfield_gc_r(p108, descr=<FieldP rpyeffect.stack.MetaStackLike.inst_stack 8 pure>)
+2544: p149 = getfield_gc_r(p108, descr=<FieldP rpyeffect.stack.MetaStack.inst_label 16 pure>)
+2552: p150 = getfield_gc_r(p108, descr=<FieldP rpyeffect.stack.MetaStack.inst_tail 32 pure>)
+2556: guard_nonnull(p148, descr=<Guard0x15861a860>) [p2, p7, p9, p11, p13, p15, p17, p19, p0, p1, p3, p4]
+2564: i151 = getfield_gc_i(p148, descr=<FieldS rpyeffect.stored_environment.Stack__arb.inst_target 16 pure>)
+2572: guard_value(i151, 149, descr=<Guard0x15861a830>) [p2, p7, p9, p11, p13, p15, p17, p19, p0, p1, p3, p4]
debug_merge_point(0, 0, '153<main.rpyeffect:153([method_getS2830@Name(handler2821)#306])>+2: {"op": "Load". "out": 1. "type": "any". "ref": 1}')
+2584: p153 = getfield_gc_r(p23, descr=<FieldP rpyeffect.region.Ref.inst_allocation_site 8 pure>)
+2604: guard_value(p153, ConstPtr(ptr154), descr=<Guard0x15861a800>) [p2, p7, p9, p11, p13, p15, p17, p19, p0, p1, p3, p4]
+2612: p155 = getfield_gc_r(p23, descr=<FieldP rpyeffect.region.Ref.inst_value 16>)
+2616: i156 = getfield_gc_i(p155, descr=<FieldS rpyeffect.value.UnboxedIntValueRef.inst_value 8>)
debug_merge_point(0, 0, '153<main.rpyeffect:153([method_getS2830@Name(handler2821)#306])>+3: {"op": "Swap". "type": "any". "a": 0. "b". 1}')
debug_merge_point(0, 0, '153<main.rpyeffect:153([method_getS2830@Name(handler2821)#306])>+4: {"op": "Jump". "target": 147}')
debug_merge_point(0, 0, '147<main.rpyeffect:147(Name(resume2835))>+0: {"op": "PushStack". "arg": 1}')
debug_merge_point(0, 0, '147<main.rpyeffect:147(Name(resume2835))>+1: {"op": "Return". "args": {"any": [0]}}')
+2620: guard_nonnull(p1, descr=<Guard0x15861a7d0>) [p2, p7, p9, p11, p13, p15, p17, p19, p0, p1, p3, p4]
+2632: i157 = getfield_gc_i(p1, descr=<FieldS rpyeffect.stored_environment.Stack__arb.inst_target 16 pure>)
+2648: guard_value(i157, 151, descr=<Guard0x15861a7a0>) [p2, p7, p9, p11, p13, p15, p17, p19, p0, p1, p3, p4]
debug_merge_point(0, 0, '145<main.rpyeffect:145([k@Name(countdown2817)#278])>+0: {"op": "Const". "type": "ptr". "out": 2. "format": "int". "value": "<IntValue object at 0x1585dd6a0>"}')
debug_merge_point(0, 0, '145<main.rpyeffect:145([k@Name(countdown2817)#278])>+1: {"op": "Push". "target": 144. "args": {"any": [1. 0]}}')
debug_merge_point(0, 0, '145<main.rpyeffect:145([k@Name(countdown2817)#278])>+2: {"op": "Copy". "type": "any". "from": 2. "to". 1}')
debug_merge_point(0, 0, '145<main.rpyeffect:145([k@Name(countdown2817)#278])>+3: {"op": "Jump". "target": 4}')
debug_merge_point(0, 0, '4<main.rpyeffect:4(Name(infixEq72))>+0: {"op": "PrimOp". "name": "infixEq(Int. Int): Boolean". "out": {"any": [0]}. "in": {"any": [0. 1]}}')
+2660: i160 = int_eq(i156, 0)
debug_merge_point(0, 0, '4<main.rpyeffect:4(Name(infixEq72))>+1: {"op": "Return". "args": {"any": [0]}}')
debug_merge_point(0, 0, '144<main.rpyeffect:144([k@[k@Name(countdown2817)#278]#282])>+0: {"op": "IfZero". "cond": 0. "then": {"tag": null. "target": 143. "args": {"any": []}}}')
guard_false(i160, descr=<Guard0x15861a770>) [p2, p7, p9, p11, p13, p15, p17, p19, p0, p1, p3, p4]
debug_merge_point(0, 0, '143<main.rpyeffect:143([then#286])>+0: {"op": "Const". "type": "ptr". "out": 0. "format": "int". "value": "<IntValue object at 0x1585dd710>"}')
debug_merge_point(0, 0, '143<main.rpyeffect:143([then#286])>+1: {"op": "Push". "target": 142. "args": {"any": [1]}}')
debug_merge_point(0, 0, '143<main.rpyeffect:143([then#286])>+2: {"op": "Copy". "type": "any". "from": 0. "to". 1}')
debug_merge_point(0, 0, '143<main.rpyeffect:143([then#286])>+3: {"op": "Copy". "type": "any". "from": 2. "to". 0}')
debug_merge_point(0, 0, '143<main.rpyeffect:143([then#286])>+4: {"op": "Jump". "target": 8}')
debug_merge_point(0, 0, '8<main.rpyeffect:8(Name(infixSub105))>+0: {"op": "PrimOp". "name": "infixSub(Int. Int): Int". "out": {"any": [0]}. "in": {"any": [0. 1]}}')
+2668: i162 = int_sub(i156, 1)
debug_merge_point(0, 0, '8<main.rpyeffect:8(Name(infixSub105))>+1: {"op": "Return". "args": {"any": [0]}}')
debug_merge_point(0, 0, '142<main.rpyeffect:142([k@[then#286]#290])>+0: {"op": "Push". "target": 141. "args": {"any": [1]}}')
debug_merge_point(0, 0, '142<main.rpyeffect:142([k@[then#286]#290])>+1: {"op": "Invoke". "receiver": 1. "tag": Interned(putS2832). "args" : {"any": [0]}}')
debug_merge_point(0, 0, '155<main.rpyeffect:155([method_putS2832@Name(handler2821)#312])>+0: {"op": "Const". "type": "ptr". "out": 3. "format": "int". "value": "<IntValue object at 0x1585dd520>"}')
debug_merge_point(0, 0, '155<main.rpyeffect:155([method_putS2832@Name(handler2821)#312])>+1: {"op": "ShiftDyn". "out": 1. "n": 3. "label": 1}')
+2672: i163 = instance_ptr_eq(p0, p22)
guard_false(i163, descr=<Guard0x15861a740>) [p2, p7, p9, p11, p13, p15, p17, p19, p0, p1, p3, p4]
+2684: i164 = instance_ptr_eq(p28, p22)
guard_false(i164, descr=<Guard0x15861a710>) [p2, p7, p9, p11, p13, p15, p17, p19, p0, p1, p3, p4]
+2700: i165 = instance_ptr_eq(p32, p22)
guard_false(i165, descr=<Guard0x15861a6e0>) [p2, p7, p9, p11, p13, p15, p17, p19, p0, p1, p3, p4]
+2716: i166 = instance_ptr_eq(p36, p22)
guard_false(i166, descr=<Guard0x15861a6b0>) [p2, p7, p9, p11, p13, p15, p17, p19, p0, p1, p3, p4]
+2732: i167 = instance_ptr_eq(p40, p22)
guard_false(i167, descr=<Guard0x15861a680>) [p2, p7, p9, p11, p13, p15, p17, p19, p0, p1, p3, p4]
+2748: i168 = instance_ptr_eq(p44, p22)
guard_false(i168, descr=<Guard0x15861a5f0>) [p2, p7, p9, p11, p13, p15, p17, p19, p0, p1, p3, p4]
+2764: i169 = instance_ptr_eq(p48, p22)
guard_false(i169, descr=<Guard0x15862c650>) [p2, p7, p9, p11, p13, p15, p17, p19, p0, p1, p3, p4]
+2780: i170 = instance_ptr_eq(p52, p22)
guard_false(i170, descr=<Guard0x15862c680>) [p2, p7, p9, p11, p13, p15, p17, p19, p0, p1, p3, p4]
+2796: i171 = instance_ptr_eq(p56, p22)
guard_false(i171, descr=<Guard0x15862c6b0>) [p2, p7, p9, p11, p13, p15, p17, p19, p0, p1, p3, p4]
+2812: i172 = instance_ptr_eq(p60, p22)
guard_false(i172, descr=<Guard0x15862c6e0>) [p2, p7, p9, p11, p13, p15, p17, p19, p0, p1, p3, p4]
+2828: i173 = instance_ptr_eq(p64, p22)
guard_false(i173, descr=<Guard0x15862c710>) [p2, p7, p9, p11, p13, p15, p17, p19, p0, p1, p3, p4]
+2840: i174 = instance_ptr_eq(p68, p22)
guard_false(i174, descr=<Guard0x15862c740>) [p2, p7, p9, p11, p13, p15, p17, p19, p0, p1, p3, p4]
+2852: i175 = instance_ptr_eq(p72, p22)
guard_false(i175, descr=<Guard0x15862c770>) [p2, p7, p9, p11, p13, p15, p17, p19, p0, p1, p3, p4]
+2864: i176 = instance_ptr_eq(p76, p22)
guard_false(i176, descr=<Guard0x15862c7a0>) [p2, p7, p9, p11, p13, p15, p17, p19, p0, p1, p3, p4]
+2876: i177 = instance_ptr_eq(p80, p22)
guard_false(i177, descr=<Guard0x15862c7d0>) [p2, p7, p9, p11, p13, p15, p17, p19, p0, p1, p3, p4]
+2888: i178 = instance_ptr_eq(p84, p22)
guard_false(i178, descr=<Guard0x15862c800>) [p2, p7, p9, p11, p13, p15, p17, p19, p0, p1, p3, p4]
+2900: i179 = instance_ptr_eq(p88, p22)
guard_false(i179, descr=<Guard0x15862c830>) [p2, p7, p9, p11, p13, p15, p17, p19, p0, p1, p3, p4]
+2912: i180 = instance_ptr_eq(p92, p22)
guard_false(i180, descr=<Guard0x15862c860>) [p2, p7, p9, p11, p13, p15, p17, p19, p0, p1, p3, p4]
+2924: i181 = instance_ptr_eq(p96, p22)
guard_false(i181, descr=<Guard0x15862c890>) [p2, p7, p9, p11, p13, p15, p17, p19, p0, p1, p3, p4]
+2936: i182 = instance_ptr_eq(p100, p22)
guard_false(i182, descr=<Guard0x15862c8c0>) [p2, p7, p9, p11, p13, p15, p17, p19, p0, p1, p3, p4]
+2948: i183 = instance_ptr_eq(p104, p22)
guard_true(i183, descr=<Guard0x15862c8f0>) [p2, p7, p9, p11, p13, p15, p17, p19, p0, p1, p3, p4]
debug_merge_point(0, 0, '155<main.rpyeffect:155([method_putS2832@Name(handler2821)#312])>+2: {"op": "Store". "ref": 2. "type": "any". "value": 0}')
debug_merge_point(0, 0, '155<main.rpyeffect:155([method_putS2832@Name(handler2821)#312])>+3: {"op": "Construct". "out": 0. "type": Interned(Unit). "tag": Interned(unit). "args": {"any": []}}')
debug_merge_point(0, 0, '155<main.rpyeffect:155([method_putS2832@Name(handler2821)#312])>+4: {"op": "Construct". "out": 0. "type": Interned(Unit). "tag": Interned(unit). "args": {"any": []}}')
debug_merge_point(0, 0, '155<main.rpyeffect:155([method_putS2832@Name(handler2821)#312])>+5: {"op": "Jump". "target": 148}')
debug_merge_point(0, 0, '148<main.rpyeffect:148(Name(resume2837))>+0: {"op": "PushStack". "arg": 1}')
debug_merge_point(0, 0, '148<main.rpyeffect:148(Name(resume2837))>+1: {"op": "Return". "args": {"any": [0]}}')
debug_merge_point(0, 0, '141<main.rpyeffect:141([k@[k@[then#286]#290]#293])>+0: {"op": "Copy". "type": "any". "from": 1. "to". 0}')
debug_merge_point(0, 0, '141<main.rpyeffect:141([k@[k@[then#286]#290]#293])>+1: {"op": "Jump". "target": 146}')
debug_merge_point(0, 0, '146<main.rpyeffect:146(Name(countdown2817))>+0: {"op": "Push". "target": 145. "args": {"any": [0]}}')
+2960: setfield_gc(p155, i162, descr=<FieldS rpyeffect.value.UnboxedIntValueRef.inst_value 8>)
+2964: p184 = same_as_r(p23)
+2968: label(p0, p1, p2, p145, p28, p143, p32, p141, p36, p139, p40, p137, p44, p135, p48, p133, p52, p131, p56, p129, p60, p127, p64, p125, p68, p123, p72, p121, p76, p119, p80, p117, p84, p115, p88, p113, p92, p111, p96, p109, p100, p106, p104, p148, p149, p150, p7, p23, p15, p17, p19, p22, p184, descr=TargetToken(5777586912))
debug_merge_point(0, 0, '146<main.rpyeffect:146(Name(countdown2817))>+0: {"op": "Push". "target": 145. "args": {"any": [0]}}')
+2968: guard_not_invalidated(descr=<Guard0x1585ed340>) [p2, p7, p23, p15, p17, p19, p0, p1, p150, p149, p148, p104, p106, p100, p109, p96, p111, p92, p113, p88, p115, p84, p117, p80, p119, p76, p121, p72, p123, p68, p125, p64, p127, p60, p129, p56, p131, p52, p133, p48, p135, p44, p137, p40, p139, p36, p141, p32, p143, p28, p145]
debug_merge_point(0, 0, '146<main.rpyeffect:146(Name(countdown2817))>+1: {"op": "Invoke". "receiver": 0. "tag": Interned(getS2830). "args" : {"any": []}}')
debug_merge_point(0, 0, '153<main.rpyeffect:153([method_getS2830@Name(handler2821)#306])>+0: {"op": "Const". "type": "ptr". "out": 2. "format": "int". "value": "<IntValue object at 0x1585dd560>"}')
debug_merge_point(0, 0, '153<main.rpyeffect:153([method_getS2830@Name(handler2821)#306])>+1: {"op": "ShiftDyn". "out": 0. "n": 2. "label": 0}')
+2972: i185 = instance_ptr_eq(p0, p22)
guard_false(i185, descr=<Guard0x15862c920>) [p2, p7, p23, p15, p17, p19, p0, p1, p150, p149, p148, p104, p106, p100, p109, p96, p111, p92, p113, p88, p115, p84, p117, p80, p119, p76, p121, p72, p123, p68, p125, p64, p127, p60, p129, p56, p131, p52, p133, p48, p135, p44, p137, p40, p139, p36, p141, p32, p143, p28, p145]
+2980: i186 = instance_ptr_eq(p28, p22)
guard_false(i186, descr=<Guard0x15862c950>) [p2, p7, p23, p15, p17, p19, p0, p1, p150, p149, p148, p104, p106, p100, p109, p96, p111, p92, p113, p88, p115, p84, p117, p80, p119, p76, p121, p72, p123, p68, p125, p64, p127, p60, p129, p56, p131, p52, p133, p48, p135, p44, p137, p40, p139, p36, p141, p32, p143, p28, p145]
+2988: i187 = instance_ptr_eq(p32, p22)
guard_false(i187, descr=<Guard0x15862c980>) [p2, p7, p23, p15, p17, p19, p0, p1, p150, p149, p148, p104, p106, p100, p109, p96, p111, p92, p113, p88, p115, p84, p117, p80, p119, p76, p121, p72, p123, p68, p125, p64, p127, p60, p129, p56, p131, p52, p133, p48, p135, p44, p137, p40, p139, p36, p141, p32, p143, p28, p145]
+2996: i188 = instance_ptr_eq(p36, p22)
guard_false(i188, descr=<Guard0x15862c9b0>) [p2, p7, p23, p15, p17, p19, p0, p1, p150, p149, p148, p104, p106, p100, p109, p96, p111, p92, p113, p88, p115, p84, p117, p80, p119, p76, p121, p72, p123, p68, p125, p64, p127, p60, p129, p56, p131, p52, p133, p48, p135, p44, p137, p40, p139, p36, p141, p32, p143, p28, p145]
+3004: i189 = instance_ptr_eq(p40, p22)
guard_false(i189, descr=<Guard0x15862c9e0>) [p2, p7, p23, p15, p17, p19, p0, p1, p150, p149, p148, p104, p106, p100, p109, p96, p111, p92, p113, p88, p115, p84, p117, p80, p119, p76, p121, p72, p123, p68, p125, p64, p127, p60, p129, p56, p131, p52, p133, p48, p135, p44, p137, p40, p139, p36, p141, p32, p143, p28, p145]
+3012: i190 = instance_ptr_eq(p44, p22)
guard_false(i190, descr=<Guard0x15862ca10>) [p2, p7, p23, p15, p17, p19, p0, p1, p150, p149, p148, p104, p106, p100, p109, p96, p111, p92, p113, p88, p115, p84, p117, p80, p119, p76, p121, p72, p123, p68, p125, p64, p127, p60, p129, p56, p131, p52, p133, p48, p135, p44, p137, p40, p139, p36, p141, p32, p143, p28, p145]
+3020: i191 = instance_ptr_eq(p48, p22)
guard_false(i191, descr=<Guard0x15862ca40>) [p2, p7, p23, p15, p17, p19, p0, p1, p150, p149, p148, p104, p106, p100, p109, p96, p111, p92, p113, p88, p115, p84, p117, p80, p119, p76, p121, p72, p123, p68, p125, p64, p127, p60, p129, p56, p131, p52, p133, p48, p135, p44, p137, p40, p139, p36, p141, p32, p143, p28, p145]
+3028: i192 = instance_ptr_eq(p52, p22)
guard_false(i192, descr=<Guard0x15862ca70>) [p2, p7, p23, p15, p17, p19, p0, p1, p150, p149, p148, p104, p106, p100, p109, p96, p111, p92, p113, p88, p115, p84, p117, p80, p119, p76, p121, p72, p123, p68, p125, p64, p127, p60, p129, p56, p131, p52, p133, p48, p135, p44, p137, p40, p139, p36, p141, p32, p143, p28, p145]
+3036: i193 = instance_ptr_eq(p56, p22)
guard_false(i193, descr=<Guard0x15862caa0>) [p2, p7, p23, p15, p17, p19, p0, p1, p150, p149, p148, p104, p106, p100, p109, p96, p111, p92, p113, p88, p115, p84, p117, p80, p119, p76, p121, p72, p123, p68, p125, p64, p127, p60, p129, p56, p131, p52, p133, p48, p135, p44, p137, p40, p139, p36, p141, p32, p143, p28, p145]
+3044: i194 = instance_ptr_eq(p60, p22)
guard_false(i194, descr=<Guard0x15862cad0>) [p2, p7, p23, p15, p17, p19, p0, p1, p150, p149, p148, p104, p106, p100, p109, p96, p111, p92, p113, p88, p115, p84, p117, p80, p119, p76, p121, p72, p123, p68, p125, p64, p127, p60, p129, p56, p131, p52, p133, p48, p135, p44, p137, p40, p139, p36, p141, p32, p143, p28, p145]
+3052: i195 = instance_ptr_eq(p64, p22)
guard_false(i195, descr=<Guard0x15862cb00>) [p2, p7, p23, p15, p17, p19, p0, p1, p150, p149, p148, p104, p106, p100, p109, p96, p111, p92, p113, p88, p115, p84, p117, p80, p119, p76, p121, p72, p123, p68, p125, p64, p127, p60, p129, p56, p131, p52, p133, p48, p135, p44, p137, p40, p139, p36, p141, p32, p143, p28, p145]
+3060: i196 = instance_ptr_eq(p68, p22)
guard_false(i196, descr=<Guard0x15862cb30>) [p2, p7, p23, p15, p17, p19, p0, p1, p150, p149, p148, p104, p106, p100, p109, p96, p111, p92, p113, p88, p115, p84, p117, p80, p119, p76, p121, p72, p123, p68, p125, p64, p127, p60, p129, p56, p131, p52, p133, p48, p135, p44, p137, p40, p139, p36, p141, p32, p143, p28, p145]
+3072: i197 = instance_ptr_eq(p72, p22)
guard_false(i197, descr=<Guard0x15862cb60>) [p2, p7, p23, p15, p17, p19, p0, p1, p150, p149, p148, p104, p106, p100, p109, p96, p111, p92, p113, p88, p115, p84, p117, p80, p119, p76, p121, p72, p123, p68, p125, p64, p127, p60, p129, p56, p131, p52, p133, p48, p135, p44, p137, p40, p139, p36, p141, p32, p143, p28, p145]
+3084: i198 = instance_ptr_eq(p76, p22)
guard_false(i198, descr=<Guard0x15862cb90>) [p2, p7, p23, p15, p17, p19, p0, p1, p150, p149, p148, p104, p106, p100, p109, p96, p111, p92, p113, p88, p115, p84, p117, p80, p119, p76, p121, p72, p123, p68, p125, p64, p127, p60, p129, p56, p131, p52, p133, p48, p135, p44, p137, p40, p139, p36, p141, p32, p143, p28, p145]
+3096: i199 = instance_ptr_eq(p80, p22)
guard_false(i199, descr=<Guard0x15862cbc0>) [p2, p7, p23, p15, p17, p19, p0, p1, p150, p149, p148, p104, p106, p100, p109, p96, p111, p92, p113, p88, p115, p84, p117, p80, p119, p76, p121, p72, p123, p68, p125, p64, p127, p60, p129, p56, p131, p52, p133, p48, p135, p44, p137, p40, p139, p36, p141, p32, p143, p28, p145]
+3108: i200 = instance_ptr_eq(p84, p22)
guard_false(i200, descr=<Guard0x15862cbf0>) [p2, p7, p23, p15, p17, p19, p0, p1, p150, p149, p148, p104, p106, p100, p109, p96, p111, p92, p113, p88, p115, p84, p117, p80, p119, p76, p121, p72, p123, p68, p125, p64, p127, p60, p129, p56, p131, p52, p133, p48, p135, p44, p137, p40, p139, p36, p141, p32, p143, p28, p145]
+3120: i201 = instance_ptr_eq(p88, p22)
guard_false(i201, descr=<Guard0x15862cc20>) [p2, p7, p23, p15, p17, p19, p0, p1, p150, p149, p148, p104, p106, p100, p109, p96, p111, p92, p113, p88, p115, p84, p117, p80, p119, p76, p121, p72, p123, p68, p125, p64, p127, p60, p129, p56, p131, p52, p133, p48, p135, p44, p137, p40, p139, p36, p141, p32, p143, p28, p145]
+3132: i202 = instance_ptr_eq(p92, p22)
guard_false(i202, descr=<Guard0x15862cc50>) [p2, p7, p23, p15, p17, p19, p0, p1, p150, p149, p148, p104, p106, p100, p109, p96, p111, p92, p113, p88, p115, p84, p117, p80, p119, p76, p121, p72, p123, p68, p125, p64, p127, p60, p129, p56, p131, p52, p133, p48, p135, p44, p137, p40, p139, p36, p141, p32, p143, p28, p145]
+3144: i203 = instance_ptr_eq(p96, p22)
guard_false(i203, descr=<Guard0x15862cc80>) [p2, p7, p23, p15, p17, p19, p0, p1, p150, p149, p148, p104, p106, p100, p109, p96, p111, p92, p113, p88, p115, p84, p117, p80, p119, p76, p121, p72, p123, p68, p125, p64, p127, p60, p129, p56, p131, p52, p133, p48, p135, p44, p137, p40, p139, p36, p141, p32, p143, p28, p145]
+3156: i204 = instance_ptr_eq(p100, p22)
guard_false(i204, descr=<Guard0x15862ccb0>) [p2, p7, p23, p15, p17, p19, p0, p1, p150, p149, p148, p104, p106, p100, p109, p96, p111, p92, p113, p88, p115, p84, p117, p80, p119, p76, p121, p72, p123, p68, p125, p64, p127, p60, p129, p56, p131, p52, p133, p48, p135, p44, p137, p40, p139, p36, p141, p32, p143, p28, p145]
+3168: i205 = instance_ptr_eq(p104, p22)
guard_true(i205, descr=<Guard0x15862cce0>) [p2, p7, p23, p15, p17, p19, p0, p1, p150, p149, p148, p104, p106, p100, p109, p96, p111, p92, p113, p88, p115, p84, p117, p80, p119, p76, p121, p72, p123, p68, p125, p64, p127, p60, p129, p56, p131, p52, p133, p48, p135, p44, p137, p40, p139, p36, p141, p32, p143, p28, p145]
debug_merge_point(0, 0, '153<main.rpyeffect:153([method_getS2830@Name(handler2821)#306])>+2: {"op": "Load". "out": 1. "type": "any". "ref": 1}')
+3176: p206 = getfield_gc_r(p184, descr=<FieldP rpyeffect.region.Ref.inst_allocation_site 8 pure>)
+3188: guard_value(p206, ConstPtr(ptr207), descr=<Guard0x15862cd10>) [p2, p7, p23, p15, p17, p19, p0, p1, p150, p149, p148, p104, p106, p100, p109, p96, p111, p92, p113, p88, p115, p84, p117, p80, p119, p76, p121, p72, p123, p68, p125, p64, p127, p60, p129, p56, p131, p52, p133, p48, p135, p44, p137, p40, p139, p36, p141, p32, p143, p28, p145]
+3196: p208 = getfield_gc_r(p184, descr=<FieldP rpyeffect.region.Ref.inst_value 16>)
+3200: i209 = getfield_gc_i(p208, descr=<FieldS rpyeffect.value.UnboxedIntValueRef.inst_value 8>)
debug_merge_point(0, 0, '153<main.rpyeffect:153([method_getS2830@Name(handler2821)#306])>+3: {"op": "Swap". "type": "any". "a": 0. "b". 1}')
debug_merge_point(0, 0, '153<main.rpyeffect:153([method_getS2830@Name(handler2821)#306])>+4: {"op": "Jump". "target": 147}')
debug_merge_point(0, 0, '147<main.rpyeffect:147(Name(resume2835))>+0: {"op": "PushStack". "arg": 1}')
debug_merge_point(0, 0, '147<main.rpyeffect:147(Name(resume2835))>+1: {"op": "Return". "args": {"any": [0]}}')
debug_merge_point(0, 0, '145<main.rpyeffect:145([k@Name(countdown2817)#278])>+0: {"op": "Const". "type": "ptr". "out": 2. "format": "int". "value": "<IntValue object at 0x1585dd6a0>"}')
debug_merge_point(0, 0, '145<main.rpyeffect:145([k@Name(countdown2817)#278])>+1: {"op": "Push". "target": 144. "args": {"any": [1. 0]}}')
debug_merge_point(0, 0, '145<main.rpyeffect:145([k@Name(countdown2817)#278])>+2: {"op": "Copy". "type": "any". "from": 2. "to". 1}')
debug_merge_point(0, 0, '145<main.rpyeffect:145([k@Name(countdown2817)#278])>+3: {"op": "Jump". "target": 4}')
debug_merge_point(0, 0, '4<main.rpyeffect:4(Name(infixEq72))>+0: {"op": "PrimOp". "name": "infixEq(Int. Int): Boolean". "out": {"any": [0]}. "in": {"any": [0. 1]}}')
+3204: i211 = int_eq(i209, 0)
debug_merge_point(0, 0, '4<main.rpyeffect:4(Name(infixEq72))>+1: {"op": "Return". "args": {"any": [0]}}')
debug_merge_point(0, 0, '144<main.rpyeffect:144([k@[k@Name(countdown2817)#278]#282])>+0: {"op": "IfZero". "cond": 0. "then": {"tag": null. "target": 143. "args": {"any": []}}}')
guard_false(i211, descr=<Guard0x15862cd40>) [p2, p7, p23, p15, p17, p19, p0, p1, p150, p149, p148, p104, p106, p100, p109, p96, p111, p92, p113, p88, p115, p84, p117, p80, p119, p76, p121, p72, p123, p68, p125, p64, p127, p60, p129, p56, p131, p52, p133, p48, p135, p44, p137, p40, p139, p36, p141, p32, p143, p28, p145]
debug_merge_point(0, 0, '143<main.rpyeffect:143([then#286])>+0: {"op": "Const". "type": "ptr". "out": 0. "format": "int". "value": "<IntValue object at 0x1585dd710>"}')
debug_merge_point(0, 0, '143<main.rpyeffect:143([then#286])>+1: {"op": "Push". "target": 142. "args": {"any": [1]}}')
debug_merge_point(0, 0, '143<main.rpyeffect:143([then#286])>+2: {"op": "Copy". "type": "any". "from": 0. "to". 1}')
debug_merge_point(0, 0, '143<main.rpyeffect:143([then#286])>+3: {"op": "Copy". "type": "any". "from": 2. "to". 0}')
debug_merge_point(0, 0, '143<main.rpyeffect:143([then#286])>+4: {"op": "Jump". "target": 8}')
debug_merge_point(0, 0, '8<main.rpyeffect:8(Name(infixSub105))>+0: {"op": "PrimOp". "name": "infixSub(Int. Int): Int". "out": {"any": [0]}. "in": {"any": [0. 1]}}')
+3212: i213 = int_sub(i209, 1)
debug_merge_point(0, 0, '8<main.rpyeffect:8(Name(infixSub105))>+1: {"op": "Return". "args": {"any": [0]}}')
debug_merge_point(0, 0, '142<main.rpyeffect:142([k@[then#286]#290])>+0: {"op": "Push". "target": 141. "args": {"any": [1]}}')
debug_merge_point(0, 0, '142<main.rpyeffect:142([k@[then#286]#290])>+1: {"op": "Invoke". "receiver": 1. "tag": Interned(putS2832). "args" : {"any": [0]}}')
debug_merge_point(0, 0, '155<main.rpyeffect:155([method_putS2832@Name(handler2821)#312])>+0: {"op": "Const". "type": "ptr". "out": 3. "format": "int". "value": "<IntValue object at 0x1585dd520>"}')
debug_merge_point(0, 0, '155<main.rpyeffect:155([method_putS2832@Name(handler2821)#312])>+1: {"op": "ShiftDyn". "out": 1. "n": 3. "label": 1}')
+3216: i214 = instance_ptr_eq(p0, p22)
guard_false(i214, descr=<Guard0x15862cd70>) [p2, p7, p23, p15, p17, p19, p0, p1, p150, p149, p148, p104, p106, p100, p109, p96, p111, p92, p113, p88, p115, p84, p117, p80, p119, p76, p121, p72, p123, p68, p125, p64, p127, p60, p129, p56, p131, p52, p133, p48, p135, p44, p137, p40, p139, p36, p141, p32, p143, p28, p145]
+3224: i215 = instance_ptr_eq(p28, p22)
guard_false(i215, descr=<Guard0x15862cda0>) [p2, p7, p23, p15, p17, p19, p0, p1, p150, p149, p148, p104, p106, p100, p109, p96, p111, p92, p113, p88, p115, p84, p117, p80, p119, p76, p121, p72, p123, p68, p125, p64, p127, p60, p129, p56, p131, p52, p133, p48, p135, p44, p137, p40, p139, p36, p141, p32, p143, p28, p145]
+3232: i216 = instance_ptr_eq(p32, p22)
guard_false(i216, descr=<Guard0x15862cdd0>) [p2, p7, p23, p15, p17, p19, p0, p1, p150, p149, p148, p104, p106, p100, p109, p96, p111, p92, p113, p88, p115, p84, p117, p80, p119, p76, p121, p72, p123, p68, p125, p64, p127, p60, p129, p56, p131, p52, p133, p48, p135, p44, p137, p40, p139, p36, p141, p32, p143, p28, p145]
+3240: i217 = instance_ptr_eq(p36, p22)
guard_false(i217, descr=<Guard0x15862ce00>) [p2, p7, p23, p15, p17, p19, p0, p1, p150, p149, p148, p104, p106, p100, p109, p96, p111, p92, p113, p88, p115, p84, p117, p80, p119, p76, p121, p72, p123, p68, p125, p64, p127, p60, p129, p56, p131, p52, p133, p48, p135, p44, p137, p40, p139, p36, p141, p32, p143, p28, p145]
+3248: i218 = instance_ptr_eq(p40, p22)
guard_false(i218, descr=<Guard0x15862ce30>) [p2, p7, p23, p15, p17, p19, p0, p1, p150, p149, p148, p104, p106, p100, p109, p96, p111, p92, p113, p88, p115, p84, p117, p80, p119, p76, p121, p72, p123, p68, p125, p64, p127, p60, p129, p56, p131, p52, p133, p48, p135, p44, p137, p40, p139, p36, p141, p32, p143, p28, p145]
+3256: i219 = instance_ptr_eq(p44, p22)
guard_false(i219, descr=<Guard0x15862ce60>) [p2, p7, p23, p15, p17, p19, p0, p1, p150, p149, p148, p104, p106, p100, p109, p96, p111, p92, p113, p88, p115, p84, p117, p80, p119, p76, p121, p72, p123, p68, p125, p64, p127, p60, p129, p56, p131, p52, p133, p48, p135, p44, p137, p40, p139, p36, p141, p32, p143, p28, p145]
+3264: i220 = instance_ptr_eq(p48, p22)
guard_false(i220, descr=<Guard0x15862ce90>) [p2, p7, p23, p15, p17, p19, p0, p1, p150, p149, p148, p104, p106, p100, p109, p96, p111, p92, p113, p88, p115, p84, p117, p80, p119, p76, p121, p72, p123, p68, p125, p64, p127, p60, p129, p56, p131, p52, p133, p48, p135, p44, p137, p40, p139, p36, p141, p32, p143, p28, p145]
+3272: i221 = instance_ptr_eq(p52, p22)
guard_false(i221, descr=<Guard0x15862cec0>) [p2, p7, p23, p15, p17, p19, p0, p1, p150, p149, p148, p104, p106, p100, p109, p96, p111, p92, p113, p88, p115, p84, p117, p80, p119, p76, p121, p72, p123, p68, p125, p64, p127, p60, p129, p56, p131, p52, p133, p48, p135, p44, p137, p40, p139, p36, p141, p32, p143, p28, p145]
+3280: i222 = instance_ptr_eq(p56, p22)
guard_false(i222, descr=<Guard0x15862cef0>) [p2, p7, p23, p15, p17, p19, p0, p1, p150, p149, p148, p104, p106, p100, p109, p96, p111, p92, p113, p88, p115, p84, p117, p80, p119, p76, p121, p72, p123, p68, p125, p64, p127, p60, p129, p56, p131, p52, p133, p48, p135, p44, p137, p40, p139, p36, p141, p32, p143, p28, p145]
+3288: i223 = instance_ptr_eq(p60, p22)
guard_false(i223, descr=<Guard0x15862cf20>) [p2, p7, p23, p15, p17, p19, p0, p1, p150, p149, p148, p104, p106, p100, p109, p96, p111, p92, p113, p88, p115, p84, p117, p80, p119, p76, p121, p72, p123, p68, p125, p64, p127, p60, p129, p56, p131, p52, p133, p48, p135, p44, p137, p40, p139, p36, p141, p32, p143, p28, p145]
+3296: i224 = instance_ptr_eq(p64, p22)
guard_false(i224, descr=<Guard0x15862cf50>) [p2, p7, p23, p15, p17, p19, p0, p1, p150, p149, p148, p104, p106, p100, p109, p96, p111, p92, p113, p88, p115, p84, p117, p80, p119, p76, p121, p72, p123, p68, p125, p64, p127, p60, p129, p56, p131, p52, p133, p48, p135, p44, p137, p40, p139, p36, p141, p32, p143, p28, p145]
+3304: i225 = instance_ptr_eq(p68, p22)
guard_false(i225, descr=<Guard0x15862cf80>) [p2, p7, p23, p15, p17, p19, p0, p1, p150, p149, p148, p104, p106, p100, p109, p96, p111, p92, p113, p88, p115, p84, p117, p80, p119, p76, p121, p72, p123, p68, p125, p64, p127, p60, p129, p56, p131, p52, p133, p48, p135, p44, p137, p40, p139, p36, p141, p32, p143, p28, p145]
+3312: i226 = instance_ptr_eq(p72, p22)
guard_false(i226, descr=<Guard0x15862cfb0>) [p2, p7, p23, p15, p17, p19, p0, p1, p150, p149, p148, p104, p106, p100, p109, p96, p111, p92, p113, p88, p115, p84, p117, p80, p119, p76, p121, p72, p123, p68, p125, p64, p127, p60, p129, p56, p131, p52, p133, p48, p135, p44, p137, p40, p139, p36, p141, p32, p143, p28, p145]
+3328: i227 = instance_ptr_eq(p76, p22)
guard_false(i227, descr=<Guard0x15862cfe0>) [p2, p7, p23, p15, p17, p19, p0, p1, p150, p149, p148, p104, p106, p100, p109, p96, p111, p92, p113, p88, p115, p84, p117, p80, p119, p76, p121, p72, p123, p68, p125, p64, p127, p60, p129, p56, p131, p52, p133, p48, p135, p44, p137, p40, p139, p36, p141, p32, p143, p28, p145]
+3344: i228 = instance_ptr_eq(p80, p22)
guard_false(i228, descr=<Guard0x15862d010>) [p2, p7, p23, p15, p17, p19, p0, p1, p150, p149, p148, p104, p106, p100, p109, p96, p111, p92, p113, p88, p115, p84, p117, p80, p119, p76, p121, p72, p123, p68, p125, p64, p127, p60, p129, p56, p131, p52, p133, p48, p135, p44, p137, p40, p139, p36, p141, p32, p143, p28, p145]
+3360: i229 = instance_ptr_eq(p84, p22)
guard_false(i229, descr=<Guard0x15862d040>) [p2, p7, p23, p15, p17, p19, p0, p1, p150, p149, p148, p104, p106, p100, p109, p96, p111, p92, p113, p88, p115, p84, p117, p80, p119, p76, p121, p72, p123, p68, p125, p64, p127, p60, p129, p56, p131, p52, p133, p48, p135, p44, p137, p40, p139, p36, p141, p32, p143, p28, p145]
+3376: i230 = instance_ptr_eq(p88, p22)
guard_false(i230, descr=<Guard0x15862d070>) [p2, p7, p23, p15, p17, p19, p0, p1, p150, p149, p148, p104, p106, p100, p109, p96, p111, p92, p113, p88, p115, p84, p117, p80, p119, p76, p121, p72, p123, p68, p125, p64, p127, p60, p129, p56, p131, p52, p133, p48, p135, p44, p137, p40, p139, p36, p141, p32, p143, p28, p145]
+3392: i231 = instance_ptr_eq(p92, p22)
guard_false(i231, descr=<Guard0x15862d0a0>) [p2, p7, p23, p15, p17, p19, p0, p1, p150, p149, p148, p104, p106, p100, p109, p96, p111, p92, p113, p88, p115, p84, p117, p80, p119, p76, p121, p72, p123, p68, p125, p64, p127, p60, p129, p56, p131, p52, p133, p48, p135, p44, p137, p40, p139, p36, p141, p32, p143, p28, p145]
+3408: i232 = instance_ptr_eq(p96, p22)
guard_false(i232, descr=<Guard0x15862d0d0>) [p2, p7, p23, p15, p17, p19, p0, p1, p150, p149, p148, p104, p106, p100, p109, p96, p111, p92, p113, p88, p115, p84, p117, p80, p119, p76, p121, p72, p123, p68, p125, p64, p127, p60, p129, p56, p131, p52, p133, p48, p135, p44, p137, p40, p139, p36, p141, p32, p143, p28, p145]
+3424: i233 = instance_ptr_eq(p100, p22)
guard_false(i233, descr=<Guard0x15862d100>) [p2, p7, p23, p15, p17, p19, p0, p1, p150, p149, p148, p104, p106, p100, p109, p96, p111, p92, p113, p88, p115, p84, p117, p80, p119, p76, p121, p72, p123, p68, p125, p64, p127, p60, p129, p56, p131, p52, p133, p48, p135, p44, p137, p40, p139, p36, p141, p32, p143, p28, p145]
+3440: i234 = instance_ptr_eq(p104, p22)
guard_true(i234, descr=<Guard0x15862d130>) [p2, p7, p23, p15, p17, p19, p0, p1, p150, p149, p148, p104, p106, p100, p109, p96, p111, p92, p113, p88, p115, p84, p117, p80, p119, p76, p121, p72, p123, p68, p125, p64, p127, p60, p129, p56, p131, p52, p133, p48, p135, p44, p137, p40, p139, p36, p141, p32, p143, p28, p145]
debug_merge_point(0, 0, '155<main.rpyeffect:155([method_putS2832@Name(handler2821)#312])>+2: {"op": "Store". "ref": 2. "type": "any". "value": 0}')
debug_merge_point(0, 0, '155<main.rpyeffect:155([method_putS2832@Name(handler2821)#312])>+3: {"op": "Construct". "out": 0. "type": Interned(Unit). "tag": Interned(unit). "args": {"any": []}}')
debug_merge_point(0, 0, '155<main.rpyeffect:155([method_putS2832@Name(handler2821)#312])>+4: {"op": "Construct". "out": 0. "type": Interned(Unit). "tag": Interned(unit). "args": {"any": []}}')
debug_merge_point(0, 0, '155<main.rpyeffect:155([method_putS2832@Name(handler2821)#312])>+5: {"op": "Jump". "target": 148}')
debug_merge_point(0, 0, '148<main.rpyeffect:148(Name(resume2837))>+0: {"op": "PushStack". "arg": 1}')
debug_merge_point(0, 0, '148<main.rpyeffect:148(Name(resume2837))>+1: {"op": "Return". "args": {"any": [0]}}')
debug_merge_point(0, 0, '141<main.rpyeffect:141([k@[k@[then#286]#290]#293])>+0: {"op": "Copy". "type": "any". "from": 1. "to". 0}')
debug_merge_point(0, 0, '141<main.rpyeffect:141([k@[k@[then#286]#290]#293])>+1: {"op": "Jump". "target": 146}')
debug_merge_point(0, 0, '146<main.rpyeffect:146(Name(countdown2817))>+0: {"op": "Push". "target": 145. "args": {"any": [0]}}')
+3456: setfield_gc(p208, i213, descr=<FieldS rpyeffect.value.UnboxedIntValueRef.inst_value 8>)
+3460: jump(p0, p1, p2, p145, p28, p143, p32, p141, p36, p139, p40, p137, p44, p135, p48, p133, p52, p131, p56, p129, p60, p127, p64, p125, p68, p123, p72, p121, p76, p119, p80, p117, p84, p115, p88, p113, p92, p111, p96, p109, p100, p106, p104, p148, p149, p150, p7, p184, p15, p17, p19, p22, p184, descr=TargetToken(5777586912))
+3544: --end of the loop--
[ac8681] jit-log-opt-loop}
[57ed43be] {jit-summary
Tracing:      	1	0.001584
Backend:      	1	0.000700
TOTAL:      		1.467179
ops:             	2647
heapcached ops:  	391
recorded ops:    	1354
  calls:         	31
guards:          	361
opt ops:         	396
opt guards:      	138
opt guards shared:	135
forcings:        	0
abort: trace too long:	0
abort: compiling:	0
abort: vable escape:	0
abort: bad loop: 	0
abort: force quasi-immut:	0
abort: segmenting trace:	0
virtualizables forced:	0
nvirtuals:       	21
nvholes:         	0
nvreused:        	0
vecopt tried:    	0
vecopt success:  	0
Total # of loops:	1
Total # of bridges:	0
Freed # of loops:	0
Freed # of bridges:	0
[57ed6b75] jit-summary}
