[52e55a] {jit-log-opt-loop
# Loop 1 (10<main.rpyeffect:10(Name(infixGt184))>+0: {"op": "PrimOp", "name": "infixGt(Int, Int): Boolean", "out": {"any": [0]}, "in": {"any": [0, 1]}}) : loop with 218 ops
[p0, p1, p2, p3, p4]
+408: p5 = getfield_gc_r(p2, descr=<FieldP rpyeffect.environment.Environment.inst_values_ptr 16>)
+416: p7 = getarrayitem_gc_r(p5, 0, descr=<ArrayP 8>)
+420: p9 = getarrayitem_gc_r(p5, 1, descr=<ArrayP 8>)
+424: p11 = getarrayitem_gc_r(p5, 2, descr=<ArrayP 8>)
+428: p13 = getarrayitem_gc_r(p5, 3, descr=<ArrayP 8>)
+432: p15 = getarrayitem_gc_r(p5, 4, descr=<ArrayP 8>)
+436: p17 = getarrayitem_gc_r(p5, 5, descr=<ArrayP 8>)
+440: p19 = getarrayitem_gc_r(p5, 6, descr=<ArrayP 8>)
+444: p21 = getarrayitem_gc_r(p5, 7, descr=<ArrayP 8>)
+448: label(p0, p1, p2, p3, p4, p7, p9, p11, p13, p15, p17, p19, p21, descr=TargetToken(5777560992))
debug_merge_point(0, 0, '10<main.rpyeffect:10(Name(infixGt184))>+0: {"op": "PrimOp". "name": "infixGt(Int. Int): Boolean". "out": {"any": [0]}. "in": {"any": [0. 1]}}')
+472: guard_not_invalidated(descr=<Guard0x1585e0f98>) [p2, p7, p9, p11, p13, p15, p17, p19, p21, p0, p1, p3, p4]
+476: i22 = getfield_gc_i(p7, descr=<FieldS rpyeffect.value.IntValue.inst_value 8 pure>)
+480: i23 = getfield_gc_i(p9, descr=<FieldS rpyeffect.value.IntValue.inst_value 8 pure>)
+484: i24 = int_gt(i22, i23)
debug_merge_point(0, 0, '10<main.rpyeffect:10(Name(infixGt184))>+1: {"op": "Return". "args": {"any": [0]}}')
+492: guard_nonnull(p1, descr=<Guard0x1585f96a0>) [p2, p7, p9, p11, p13, p15, p17, p19, p21, p0, p1, p3, p4]
+504: i25 = getfield_gc_i(p1, descr=<FieldS rpyeffect.stored_environment.Stack__arb.inst_target 16 pure>)
+512: guard_value(i25, 175, descr=<Guard0x1585f96d0>) [p2, p7, p9, p11, p13, p15, p17, p19, p21, p0, p1, p3, p4]
+524: p27 = getfield_gc_r(p1, descr=<FieldP rpyeffect.stored_environment.Stack__4.inst_values_ptr_0 32 pure>)
+524: p28 = getfield_gc_r(p1, descr=<FieldP rpyeffect.stored_environment.Stack__4.inst_values_ptr_1 40 pure>)
+524: p29 = getfield_gc_r(p1, descr=<FieldP rpyeffect.stored_environment.Stack__4.inst_values_ptr_2 48 pure>)
+528: p30 = getfield_gc_r(p1, descr=<FieldP rpyeffect.stored_environment.Stack__4.inst_values_ptr_3 56 pure>)
+532: p31 = getfield_gc_r(p1, descr=<FieldP rpyeffect.stored_environment.Stack__arb.inst_tail 8 pure>)
debug_merge_point(0, 0, '175<main.rpyeffect:175([k@[method_Read2838@Name(feed2834)#338]#343])>+0: {"op": "Swap". "type": "any". "a": 3. "b". 4}')
debug_merge_point(0, 0, '175<main.rpyeffect:175([k@[method_Read2838@Name(feed2834)#338]#343])>+1: {"op": "Swap". "type": "any". "a": 2. "b". 4}')
debug_merge_point(0, 0, '175<main.rpyeffect:175([k@[method_Read2838@Name(feed2834)#338]#343])>+2: {"op": "Swap". "type": "any". "a": 1. "b". 4}')
debug_merge_point(0, 0, '175<main.rpyeffect:175([k@[method_Read2838@Name(feed2834)#338]#343])>+3: {"op": "IfZero". "cond": 0. "then": {"tag": null. "target": 171. "args": {"any": []}}}')
+536: guard_false(i24, descr=<Guard0x1585f9700>) [p2, p7, p9, p11, p13, p15, p17, p19, p21, p0, p1, p3, p4]
+544: guard_nonnull(p31, descr=<Guard0x1585f9730>) [p2, p7, p9, p11, p13, p15, p17, p19, p21, p0, p1, p3, p4]
+552: i32 = getfield_gc_i(p31, descr=<FieldS rpyeffect.stored_environment.Stack__arb.inst_target 16 pure>)
+556: guard_value(i32, 158, descr=<Guard0x1585f9760>) [p2, p7, p9, p11, p13, p15, p17, p19, p21, p0, p1, p3, p4]
debug_merge_point(0, 0, '171<main.rpyeffect:171([then#347])>+0: {"op": "Load". "out": 0. "type": "any". "ref": 2}')
+568: p34 = getfield_gc_r(p29, descr=<FieldP rpyeffect.region.Ref.inst_allocation_site 8 pure>)
+576: guard_value(p34, ConstPtr(ptr35), descr=<Guard0x1585f9790>) [p2, p7, p9, p11, p13, p15, p17, p19, p21, p0, p1, p3, p4]
+584: p36 = getfield_gc_r(p29, descr=<FieldP rpyeffect.region.Ref.inst_value 16>)
+588: i37 = getfield_gc_i(p36, descr=<FieldS rpyeffect.value.UnboxedIntValueRef.inst_value 8>)
debug_merge_point(0, 0, '171<main.rpyeffect:171([then#347])>+1: {"op": "Const". "type": "ptr". "out": 4. "format": "int". "value": "<IntValue object at 0x1585fc750>"}')
debug_merge_point(0, 0, '171<main.rpyeffect:171([then#347])>+2: {"op": "Push". "target": 170. "args": {"any": [1. 2. 3]}}')
debug_merge_point(0, 0, '171<main.rpyeffect:171([then#347])>+3: {"op": "Copy". "type": "any". "from": 4. "to". 1}')
debug_merge_point(0, 0, '171<main.rpyeffect:171([then#347])>+4: {"op": "Jump". "target": 4}')
debug_merge_point(0, 0, '4<main.rpyeffect:4(Name(infixEq72))>+0: {"op": "PrimOp". "name": "infixEq(Int. Int): Boolean". "out": {"any": [0]}. "in": {"any": [0. 1]}}')
+592: i39 = int_eq(i37, 0)
debug_merge_point(0, 0, '4<main.rpyeffect:4(Name(infixEq72))>+1: {"op": "Return". "args": {"any": [0]}}')
debug_merge_point(0, 0, '170<main.rpyeffect:170([k@[then#347]#352])>+0: {"op": "Swap". "type": "any". "a": 0. "b". 1}')
debug_merge_point(0, 0, '170<main.rpyeffect:170([k@[then#347]#352])>+1: {"op": "Swap". "type": "any". "a": 2. "b". 1}')
debug_merge_point(0, 0, '170<main.rpyeffect:170([k@[then#347]#352])>+2: {"op": "IfZero". "cond": 2. "then": {"tag": null. "target": 166. "args": {"any": []}}}')
guard_false(i39, descr=<Guard0x1585f97c0>) [p2, p7, p9, p11, p13, p15, p17, p19, p21, p0, p1, p3, p4]
debug_merge_point(0, 0, '166<main.rpyeffect:166([then#356])>+0: {"op": "Load". "out": 0. "type": "any". "ref": 1}')
debug_merge_point(0, 0, '166<main.rpyeffect:166([then#356])>+1: {"op": "Const". "type": "ptr". "out": 2. "format": "int". "value": "<IntValue object at 0x1585dd180>"}')
debug_merge_point(0, 0, '166<main.rpyeffect:166([then#356])>+2: {"op": "Push". "target": 165. "args": {"any": [1. 3]}}')
debug_merge_point(0, 0, '166<main.rpyeffect:166([then#356])>+3: {"op": "Copy". "type": "any". "from": 2. "to". 1}')
debug_merge_point(0, 0, '166<main.rpyeffect:166([then#356])>+4: {"op": "Jump". "target": 8}')
debug_merge_point(0, 0, '8<main.rpyeffect:8(Name(infixSub105))>+0: {"op": "PrimOp". "name": "infixSub(Int. Int): Int". "out": {"any": [0]}. "in": {"any": [0. 1]}}')
+600: i41 = int_sub(i37, 1)
debug_merge_point(0, 0, '8<main.rpyeffect:8(Name(infixSub105))>+1: {"op": "Return". "args": {"any": [0]}}')
debug_merge_point(0, 0, '165<main.rpyeffect:165([k@[then#356]#361])>+0: {"op": "Store". "ref": 1. "type": "any". "value": 0}')
debug_merge_point(0, 0, '165<main.rpyeffect:165([k@[then#356]#361])>+1: {"op": "Construct". "out": 0. "type": Interned(Unit). "tag": Interned(unit). "args": {"any": []}}')
debug_merge_point(0, 0, '165<main.rpyeffect:165([k@[then#356]#361])>+2: {"op": "Push". "target": 164. "args": {"any": [2]}}')
debug_merge_point(0, 0, '165<main.rpyeffect:165([k@[then#356]#361])>+3: {"op": "Jump". "target": 127}')
debug_merge_point(0, 0, '127<main.rpyeffect:127(Name(dollar2823))>+0: {"op": "Const". "type": "ptr". "out": 0. "format": "int". "value": "<IntValue object at 0x1585dd8f0>"}')
debug_merge_point(0, 0, '127<main.rpyeffect:127(Name(dollar2823))>+1: {"op": "Return". "args": {"any": [0]}}')
debug_merge_point(0, 0, '164<main.rpyeffect:164([k@[k@[then#356]#361]#365])>+0: {"op": "Jump". "target": 156}')
debug_merge_point(0, 0, '156<main.rpyeffect:156(Name(resume2849))>+0: {"op": "PushStack". "arg": 1}')
+604: setfield_gc(p36, i41, descr=<FieldS rpyeffect.value.UnboxedIntValueRef.inst_value 8>)
+616: i43 = instance_ptr_eq(p4, ConstPtr(ptr42))
guard_true(i43, descr=<Guard0x1585e0fe0>) [p2, p30, p17, p19, p21, i43, p0, p31, p3, p4]
+636: guard_nonnull_class(p30, 4303529624, descr=<Guard0x1585e1028>) [p2, p30, p17, p19, p21, i43, p0, p31, p3, p4]
+660: p45 = getfield_gc_r(p30, descr=<FieldP rpyeffect.stack.MetaStack.inst_region 24 pure>)
+664: guard_isnull(p45, descr=<Guard0x1585f9820>) [p2, p30, p17, p19, p21, i43, p0, p31, p3, p4]
+672: p46 = getfield_gc_r(p30, descr=<FieldP rpyeffect.stack.MetaStackLike.inst_stack 8 pure>)
+676: p47 = getfield_gc_r(p30, descr=<FieldP rpyeffect.stack.MetaStack.inst_tail 32 pure>)
+680: guard_isnull(p47, descr=<Guard0x1585f9850>) [p2, p30, p17, p19, p21, i43, p0, p31, p3, p4]
+688: p48 = getfield_gc_r(p30, descr=<FieldP rpyeffect.stack.MetaStack.inst_label 16 pure>)
+692: guard_nonnull(p46, descr=<Guard0x1585f9880>) [p2, p30, p17, p19, p21, i43, p0, p31, p3, p4]
+700: i49 = getfield_gc_i(p46, descr=<FieldS rpyeffect.stored_environment.Stack__arb.inst_target 16 pure>)
+704: guard_value(i49, 140, descr=<Guard0x1585f98b0>) [p2, p30, p17, p19, p21, i43, p0, p31, p3, p4]
debug_merge_point(0, 0, '156<main.rpyeffect:156(Name(resume2849))>+1: {"op": "Return". "args": {"any": [0]}}')
+716: p51 = getfield_gc_r(p46, descr=<FieldP rpyeffect.stored_environment.Stack__4.inst_values_ptr_0 32 pure>)
+720: p52 = getfield_gc_r(p46, descr=<FieldP rpyeffect.stored_environment.Stack__4.inst_values_ptr_1 40 pure>)
+724: p53 = getfield_gc_r(p46, descr=<FieldP rpyeffect.stored_environment.Stack__4.inst_values_ptr_2 48 pure>)
+728: p54 = getfield_gc_r(p46, descr=<FieldP rpyeffect.stored_environment.Stack__4.inst_values_ptr_3 56 pure>)
+732: p55 = getfield_gc_r(p46, descr=<FieldP rpyeffect.stored_environment.Stack__arb.inst_tail 8 pure>)
+736: guard_nonnull(p55, descr=<Guard0x1585f98e0>) [p2, p30, p17, p19, p21, i43, p0, p31, p3, p4]
+744: i56 = getfield_gc_i(p55, descr=<FieldS rpyeffect.stored_environment.Stack__arb.inst_target 16 pure>)
+748: guard_value(i56, 160, descr=<Guard0x1585f9910>) [p2, p30, p17, p19, p21, i43, p0, p31, p3, p4]
debug_merge_point(0, 0, '140<main.rpyeffect:140([k@Name(parse2827)#258])>+0: {"op": "Push". "target": 139. "args": {"any": [1. 2. 3. 4. 0]}}')
debug_merge_point(0, 0, '140<main.rpyeffect:140([k@Name(parse2827)#258])>+1: {"op": "Jump". "target": 128}')
debug_merge_point(0, 0, '128<main.rpyeffect:128(Name(isDollar2825))>+0: {"op": "Const". "type": "ptr". "out": 1. "format": "int". "value": "<IntValue object at 0x1585dd8c0>"}')
debug_merge_point(0, 0, '128<main.rpyeffect:128(Name(isDollar2825))>+1: {"op": "Jump". "target": 4}')
debug_merge_point(0, 0, '4<main.rpyeffect:4(Name(infixEq72))>+0: {"op": "PrimOp". "name": "infixEq(Int. Int): Boolean". "out": {"any": [0]}. "in": {"any": [0. 1]}}')
debug_merge_point(0, 0, '4<main.rpyeffect:4(Name(infixEq72))>+1: {"op": "Return". "args": {"any": [0]}}')
debug_merge_point(0, 0, '139<main.rpyeffect:139([k@[k@Name(parse2827)#258]#260])>+0: {"op": "Swap". "type": "any". "a": 2. "b". 5}')
debug_merge_point(0, 0, '139<main.rpyeffect:139([k@[k@Name(parse2827)#258]#260])>+1: {"op": "Swap". "type": "any". "a": 4. "b". 5}')
debug_merge_point(0, 0, '139<main.rpyeffect:139([k@[k@Name(parse2827)#258]#260])>+2: {"op": "Swap". "type": "any". "a": 1. "b". 5}')
debug_merge_point(0, 0, '139<main.rpyeffect:139([k@[k@Name(parse2827)#258]#260])>+3: {"op": "IfZero". "cond": 0. "then": {"tag": null. "target": 136. "args": {"any": []}}}')
debug_merge_point(0, 0, '139<main.rpyeffect:139([k@[k@Name(parse2827)#258]#260])>+4: {"op": "Const". "type": "ptr". "out": 0. "format": "int". "value": "<IntValue object at 0x1585dd730>"}')
debug_merge_point(0, 0, '139<main.rpyeffect:139([k@[k@Name(parse2827)#258]#260])>+5: {"op": "Push". "target": 138. "args": {"any": [5. 4. 3]}}')
debug_merge_point(0, 0, '139<main.rpyeffect:139([k@[k@Name(parse2827)#258]#260])>+6: {"op": "Swap". "type": "any". "a": 0. "b". 1}')
debug_merge_point(0, 0, '139<main.rpyeffect:139([k@[k@Name(parse2827)#258]#260])>+7: {"op": "Jump". "target": 6}')
debug_merge_point(0, 0, '6<main.rpyeffect:6(Name(infixAdd96))>+0: {"op": "PrimOp". "name": "infixAdd(Int. Int): Int". "out": {"any": [0]}. "in": {"any": [0. 1]}}')
+760: i58 = getfield_gc_i(p54, descr=<FieldS rpyeffect.value.IntValue.inst_value 8 pure>)
+764: i60 = int_add(i58, 1)
debug_merge_point(0, 0, '6<main.rpyeffect:6(Name(infixAdd96))>+1: {"op": "Return". "args": {"any": [0]}}')
debug_merge_point(0, 0, '138<main.rpyeffect:138([k@[k@[k@Name(parse2827)#258]#260]#280])>+0: {"op": "Swap". "type": "any". "a": 2. "b". 1}')
debug_merge_point(0, 0, '138<main.rpyeffect:138([k@[k@[k@Name(parse2827)#258]#260]#280])>+1: {"op": "Jump". "target": 141}')
debug_merge_point(0, 0, '141<main.rpyeffect:141(Name(parse2827))>+0: {"op": "Push". "target": 140. "args": {"any": [2. 1. 3. 0]}}')
debug_merge_point(0, 0, '141<main.rpyeffect:141(Name(parse2827))>+1: {"op": "Invoke". "receiver": 1. "tag": Interned(Read2838). "args" : {"any": []}}')
+768: p61 = getfield_gc_r(p52, descr=<FieldP rpyeffect.codata.CoData.inst_vtable 8 pure>)
+776: guard_value(p61, ConstPtr(ptr62), descr=<Guard0x1585f9940>) [p2, p30, p17, p19, p21, i43, p0, p31, p3, p4]
+784: p63 = getfield_gc_r(p52, descr=<FieldP rpyeffect.stored_environment.CoData__5.inst_values_ptr_0 24 pure>)
+788: p64 = getfield_gc_r(p52, descr=<FieldP rpyeffect.stored_environment.CoData__5.inst_values_ptr_1 32 pure>)
+792: p65 = getfield_gc_r(p52, descr=<FieldP rpyeffect.stored_environment.CoData__5.inst_values_ptr_2 40 pure>)
+796: p66 = getfield_gc_r(p52, descr=<FieldP rpyeffect.stored_environment.CoData__5.inst_values_ptr_3 48 pure>)
+800: p67 = getfield_gc_r(p52, descr=<FieldP rpyeffect.stored_environment.CoData__5.inst_values_ptr_4 56 pure>)
debug_merge_point(0, 0, '176<main.rpyeffect:176([method_Read2838@Name(feed2834)#338])>+0: {"op": "Const". "type": "ptr". "out": 5. "format": "int". "value": "<IntValue object at 0x1585fc640>"}')
debug_merge_point(0, 0, '176<main.rpyeffect:176([method_Read2838@Name(feed2834)#338])>+1: {"op": "ShiftDyn". "out": 4. "n": 5. "label": 4}')
+804: guard_nonnull(p48, descr=<Guard0x1585f9970>) [p2, p30, p17, p19, p21, i43, p0, p31, p3, p4]
+812: guard_nonnull(p67, descr=<Guard0x1585f99a0>) [p2, p30, p17, p19, p21, i43, p0, p31, p3, p4]
+820: i68 = getfield_gc_i(p48, descr=<FieldS rpyeffect.stack.Label.inst_origin 8 pure>)
+824: guard_value(i68, 182282, descr=<Guard0x1585f99d0>) [p2, p30, p17, p19, p21, i43, p0, p31, p3, p4]
+844: i70 = getfield_gc_i(p67, descr=<FieldS rpyeffect.stack.Label.inst_origin 8 pure>)
+848: guard_value(i70, 182282, descr=<Guard0x1585f9a00>) [p2, p30, p17, p19, p21, i43, p0, p31, p3, p4]
+864: i72 = instance_ptr_eq(p48, p67)
guard_true(i72, descr=<Guard0x1585f9a30>) [p2, p30, p17, p19, p21, i43, p0, p31, p3, p4]
debug_merge_point(0, 0, '176<main.rpyeffect:176([method_Read2838@Name(feed2834)#338])>+2: {"op": "Load". "out": 5. "type": "any". "ref": 1}')
+872: p73 = getfield_gc_r(p64, descr=<FieldP rpyeffect.region.Ref.inst_allocation_site 8 pure>)
+880: guard_value(p73, ConstPtr(ptr74), descr=<Guard0x1585f9a60>) [p2, p30, p17, p19, p21, i43, p0, p31, p3, p4]
+888: p75 = getfield_gc_r(p64, descr=<FieldP rpyeffect.region.Ref.inst_value 16>)
+892: i76 = getfield_gc_i(p75, descr=<FieldS rpyeffect.value.UnboxedIntValueRef.inst_value 8>)
debug_merge_point(0, 0, '176<main.rpyeffect:176([method_Read2838@Name(feed2834)#338])>+3: {"op": "Push". "target": 175. "args": {"any": [0. 1. 2. 4]}}')
debug_merge_point(0, 0, '176<main.rpyeffect:176([method_Read2838@Name(feed2834)#338])>+4: {"op": "Copy". "type": "any". "from": 5. "to". 0}')
debug_merge_point(0, 0, '176<main.rpyeffect:176([method_Read2838@Name(feed2834)#338])>+5: {"op": "Copy". "type": "any". "from": 3. "to". 1}')
debug_merge_point(0, 0, '176<main.rpyeffect:176([method_Read2838@Name(feed2834)#338])>+6: {"op": "Jump". "target": 10}')
debug_merge_point(0, 0, '10<main.rpyeffect:10(Name(infixGt184))>+0: {"op": "PrimOp". "name": "infixGt(Int. Int): Boolean". "out": {"any": [0]}. "in": {"any": [0. 1]}}')
+896: p77 = same_as_r(p64)
+900: p78 = same_as_r(p63)
+904: p79 = same_as_r(p65)
+908: p80 = same_as_r(p66)
+912: label(p0, p31, p63, p64, p65, p55, p51, p52, p53, i60, p48, p2, p3, i76, p66, p19, p21, p67, p77, p78, p79, p80, descr=TargetToken(5777561056))
debug_merge_point(0, 0, '10<main.rpyeffect:10(Name(infixGt184))>+0: {"op": "PrimOp". "name": "infixGt(Int. Int): Boolean". "out": {"any": [0]}. "in": {"any": [0. 1]}}')
+956: guard_not_invalidated(descr=<Guard0x1585e1070>) [p2, p66, p65, p19, p21, p0, p3, p64, p63, p31, i60, p53, p52, p51, p55, p48, i76]
+960: i81 = getfield_gc_i(p66, descr=<FieldS rpyeffect.value.IntValue.inst_value 8 pure>)
+964: i82 = int_gt(i76, i81)
debug_merge_point(0, 0, '10<main.rpyeffect:10(Name(infixGt184))>+1: {"op": "Return". "args": {"any": [0]}}')
debug_merge_point(0, 0, '175<main.rpyeffect:175([k@[method_Read2838@Name(feed2834)#338]#343])>+0: {"op": "Swap". "type": "any". "a": 3. "b". 4}')
debug_merge_point(0, 0, '175<main.rpyeffect:175([k@[method_Read2838@Name(feed2834)#338]#343])>+1: {"op": "Swap". "type": "any". "a": 2. "b". 4}')
debug_merge_point(0, 0, '175<main.rpyeffect:175([k@[method_Read2838@Name(feed2834)#338]#343])>+2: {"op": "Swap". "type": "any". "a": 1. "b". 4}')
debug_merge_point(0, 0, '175<main.rpyeffect:175([k@[method_Read2838@Name(feed2834)#338]#343])>+3: {"op": "IfZero". "cond": 0. "then": {"tag": null. "target": 171. "args": {"any": []}}}')
guard_false(i82, descr=<Guard0x1585f9a90>) [p2, p66, p65, p19, p21, p0, p3, p64, p63, p31, i60, p53, p52, p51, p55, p48, i76]
debug_merge_point(0, 0, '171<main.rpyeffect:171([then#347])>+0: {"op": "Load". "out": 0. "type": "any". "ref": 2}')
+972: p83 = getfield_gc_r(p65, descr=<FieldP rpyeffect.region.Ref.inst_allocation_site 8 pure>)
+980: guard_value(p83, ConstPtr(ptr84), descr=<Guard0x1585f9ac0>) [p2, p66, p65, p19, p21, p0, p3, p64, p63, p31, i60, p53, p52, p51, p55, p48, i76]
+988: p85 = getfield_gc_r(p65, descr=<FieldP rpyeffect.region.Ref.inst_value 16>)
+992: i86 = getfield_gc_i(p85, descr=<FieldS rpyeffect.value.UnboxedIntValueRef.inst_value 8>)
debug_merge_point(0, 0, '171<main.rpyeffect:171([then#347])>+1: {"op": "Const". "type": "ptr". "out": 4. "format": "int". "value": "<IntValue object at 0x1585fc750>"}')
debug_merge_point(0, 0, '171<main.rpyeffect:171([then#347])>+2: {"op": "Push". "target": 170. "args": {"any": [1. 2. 3]}}')
debug_merge_point(0, 0, '171<main.rpyeffect:171([then#347])>+3: {"op": "Copy". "type": "any". "from": 4. "to". 1}')
debug_merge_point(0, 0, '171<main.rpyeffect:171([then#347])>+4: {"op": "Jump". "target": 4}')
debug_merge_point(0, 0, '4<main.rpyeffect:4(Name(infixEq72))>+0: {"op": "PrimOp". "name": "infixEq(Int. Int): Boolean". "out": {"any": [0]}. "in": {"any": [0. 1]}}')
+996: i88 = int_eq(i86, 0)
debug_merge_point(0, 0, '4<main.rpyeffect:4(Name(infixEq72))>+1: {"op": "Return". "args": {"any": [0]}}')
debug_merge_point(0, 0, '170<main.rpyeffect:170([k@[then#347]#352])>+0: {"op": "Swap". "type": "any". "a": 0. "b". 1}')
debug_merge_point(0, 0, '170<main.rpyeffect:170([k@[then#347]#352])>+1: {"op": "Swap". "type": "any". "a": 2. "b". 1}')
debug_merge_point(0, 0, '170<main.rpyeffect:170([k@[then#347]#352])>+2: {"op": "IfZero". "cond": 2. "then": {"tag": null. "target": 166. "args": {"any": []}}}')
guard_false(i88, descr=<Guard0x1585f9af0>) [p2, p66, p65, p19, p21, p0, p3, p64, p63, p31, i60, p53, p52, p51, p55, p48, i76]
debug_merge_point(0, 0, '166<main.rpyeffect:166([then#356])>+0: {"op": "Load". "out": 0. "type": "any". "ref": 1}')
debug_merge_point(0, 0, '166<main.rpyeffect:166([then#356])>+1: {"op": "Const". "type": "ptr". "out": 2. "format": "int". "value": "<IntValue object at 0x1585dd180>"}')
debug_merge_point(0, 0, '166<main.rpyeffect:166([then#356])>+2: {"op": "Push". "target": 165. "args": {"any": [1. 3]}}')
debug_merge_point(0, 0, '166<main.rpyeffect:166([then#356])>+3: {"op": "Copy". "type": "any". "from": 2. "to". 1}')
debug_merge_point(0, 0, '166<main.rpyeffect:166([then#356])>+4: {"op": "Jump". "target": 8}')
debug_merge_point(0, 0, '8<main.rpyeffect:8(Name(infixSub105))>+0: {"op": "PrimOp". "name": "infixSub(Int. Int): Int". "out": {"any": [0]}. "in": {"any": [0. 1]}}')
+1004: i90 = int_sub(i86, 1)
debug_merge_point(0, 0, '8<main.rpyeffect:8(Name(infixSub105))>+1: {"op": "Return". "args": {"any": [0]}}')
debug_merge_point(0, 0, '165<main.rpyeffect:165([k@[then#356]#361])>+0: {"op": "Store". "ref": 1. "type": "any". "value": 0}')
debug_merge_point(0, 0, '165<main.rpyeffect:165([k@[then#356]#361])>+1: {"op": "Construct". "out": 0. "type": Interned(Unit). "tag": Interned(unit). "args": {"any": []}}')
debug_merge_point(0, 0, '165<main.rpyeffect:165([k@[then#356]#361])>+2: {"op": "Push". "target": 164. "args": {"any": [2]}}')
debug_merge_point(0, 0, '165<main.rpyeffect:165([k@[then#356]#361])>+3: {"op": "Jump". "target": 127}')
debug_merge_point(0, 0, '127<main.rpyeffect:127(Name(dollar2823))>+0: {"op": "Const". "type": "ptr". "out": 0. "format": "int". "value": "<IntValue object at 0x1585dd8f0>"}')
debug_merge_point(0, 0, '127<main.rpyeffect:127(Name(dollar2823))>+1: {"op": "Return". "args": {"any": [0]}}')
debug_merge_point(0, 0, '164<main.rpyeffect:164([k@[k@[then#356]#361]#365])>+0: {"op": "Jump". "target": 156}')
debug_merge_point(0, 0, '156<main.rpyeffect:156(Name(resume2849))>+0: {"op": "PushStack". "arg": 1}')
debug_merge_point(0, 0, '156<main.rpyeffect:156(Name(resume2849))>+1: {"op": "Return". "args": {"any": [0]}}')
debug_merge_point(0, 0, '140<main.rpyeffect:140([k@Name(parse2827)#258])>+0: {"op": "Push". "target": 139. "args": {"any": [1. 2. 3. 4. 0]}}')
debug_merge_point(0, 0, '140<main.rpyeffect:140([k@Name(parse2827)#258])>+1: {"op": "Jump". "target": 128}')
debug_merge_point(0, 0, '128<main.rpyeffect:128(Name(isDollar2825))>+0: {"op": "Const". "type": "ptr". "out": 1. "format": "int". "value": "<IntValue object at 0x1585dd8c0>"}')
debug_merge_point(0, 0, '128<main.rpyeffect:128(Name(isDollar2825))>+1: {"op": "Jump". "target": 4}')
debug_merge_point(0, 0, '4<main.rpyeffect:4(Name(infixEq72))>+0: {"op": "PrimOp". "name": "infixEq(Int. Int): Boolean". "out": {"any": [0]}. "in": {"any": [0. 1]}}')
debug_merge_point(0, 0, '4<main.rpyeffect:4(Name(infixEq72))>+1: {"op": "Return". "args": {"any": [0]}}')
debug_merge_point(0, 0, '139<main.rpyeffect:139([k@[k@Name(parse2827)#258]#260])>+0: {"op": "Swap". "type": "any". "a": 2. "b". 5}')
debug_merge_point(0, 0, '139<main.rpyeffect:139([k@[k@Name(parse2827)#258]#260])>+1: {"op": "Swap". "type": "any". "a": 4. "b". 5}')
debug_merge_point(0, 0, '139<main.rpyeffect:139([k@[k@Name(parse2827)#258]#260])>+2: {"op": "Swap". "type": "any". "a": 1. "b". 5}')
debug_merge_point(0, 0, '139<main.rpyeffect:139([k@[k@Name(parse2827)#258]#260])>+3: {"op": "IfZero". "cond": 0. "then": {"tag": null. "target": 136. "args": {"any": []}}}')
debug_merge_point(0, 0, '139<main.rpyeffect:139([k@[k@Name(parse2827)#258]#260])>+4: {"op": "Const". "type": "ptr". "out": 0. "format": "int". "value": "<IntValue object at 0x1585dd730>"}')
debug_merge_point(0, 0, '139<main.rpyeffect:139([k@[k@Name(parse2827)#258]#260])>+5: {"op": "Push". "target": 138. "args": {"any": [5. 4. 3]}}')
debug_merge_point(0, 0, '139<main.rpyeffect:139([k@[k@Name(parse2827)#258]#260])>+6: {"op": "Swap". "type": "any". "a": 0. "b". 1}')
debug_merge_point(0, 0, '139<main.rpyeffect:139([k@[k@Name(parse2827)#258]#260])>+7: {"op": "Jump". "target": 6}')
debug_merge_point(0, 0, '6<main.rpyeffect:6(Name(infixAdd96))>+0: {"op": "PrimOp". "name": "infixAdd(Int. Int): Int". "out": {"any": [0]}. "in": {"any": [0. 1]}}')
+1008: i92 = int_add(i60, 1)
debug_merge_point(0, 0, '6<main.rpyeffect:6(Name(infixAdd96))>+1: {"op": "Return". "args": {"any": [0]}}')
debug_merge_point(0, 0, '138<main.rpyeffect:138([k@[k@[k@Name(parse2827)#258]#260]#280])>+0: {"op": "Swap". "type": "any". "a": 2. "b". 1}')
debug_merge_point(0, 0, '138<main.rpyeffect:138([k@[k@[k@Name(parse2827)#258]#260]#280])>+1: {"op": "Jump". "target": 141}')
debug_merge_point(0, 0, '141<main.rpyeffect:141(Name(parse2827))>+0: {"op": "Push". "target": 140. "args": {"any": [2. 1. 3. 0]}}')
debug_merge_point(0, 0, '141<main.rpyeffect:141(Name(parse2827))>+1: {"op": "Invoke". "receiver": 1. "tag": Interned(Read2838). "args" : {"any": []}}')
debug_merge_point(0, 0, '176<main.rpyeffect:176([method_Read2838@Name(feed2834)#338])>+0: {"op": "Const". "type": "ptr". "out": 5. "format": "int". "value": "<IntValue object at 0x1585fc640>"}')
debug_merge_point(0, 0, '176<main.rpyeffect:176([method_Read2838@Name(feed2834)#338])>+1: {"op": "ShiftDyn". "out": 4. "n": 5. "label": 4}')
debug_merge_point(0, 0, '176<main.rpyeffect:176([method_Read2838@Name(feed2834)#338])>+2: {"op": "Load". "out": 5. "type": "any". "ref": 1}')
+1012: p93 = getfield_gc_r(p77, descr=<FieldP rpyeffect.region.Ref.inst_allocation_site 8 pure>)
+1016: setfield_gc(p85, i90, descr=<FieldS rpyeffect.value.UnboxedIntValueRef.inst_value 8>)
+1024: guard_value(p93, ConstPtr(ptr94), descr=<Guard0x1585e10b8>) [p2, p78, p77, p79, p80, p19, p21, p0, p31, p3, p93, i92, None, None, None, None, p53, p52, p51, p55, p48, None]
+1032: p96 = getfield_gc_r(p77, descr=<FieldP rpyeffect.region.Ref.inst_value 16>)
+1036: i97 = getfield_gc_i(p96, descr=<FieldS rpyeffect.value.UnboxedIntValueRef.inst_value 8>)
debug_merge_point(0, 0, '176<main.rpyeffect:176([method_Read2838@Name(feed2834)#338])>+3: {"op": "Push". "target": 175. "args": {"any": [0. 1. 2. 4]}}')
debug_merge_point(0, 0, '176<main.rpyeffect:176([method_Read2838@Name(feed2834)#338])>+4: {"op": "Copy". "type": "any". "from": 5. "to". 0}')
debug_merge_point(0, 0, '176<main.rpyeffect:176([method_Read2838@Name(feed2834)#338])>+5: {"op": "Copy". "type": "any". "from": 3. "to". 1}')
debug_merge_point(0, 0, '176<main.rpyeffect:176([method_Read2838@Name(feed2834)#338])>+6: {"op": "Jump". "target": 10}')
debug_merge_point(0, 0, '10<main.rpyeffect:10(Name(infixGt184))>+0: {"op": "PrimOp". "name": "infixGt(Int. Int): Boolean". "out": {"any": [0]}. "in": {"any": [0. 1]}}')
+1040: jump(p0, p31, p78, p77, p79, p55, p51, p52, p53, i92, p48, p2, p3, i97, p80, p19, p21, p67, p77, p78, p79, p80, descr=TargetToken(5777561056))
+1068: --end of the loop--
[55f5dc] jit-log-opt-loop}
[632d52] {jit-log-opt-loop
# Loop 2 (171<main.rpyeffect:171([then#347])>+0: {"op": "Load", "out": 0, "type": "any", "ref": 2}) : entry bridge with 241 ops
[p0, p1, p2, p3, p4]
+552: p5 = getfield_gc_r(p2, descr=<FieldP rpyeffect.environment.Environment.inst_values_ptr 16>)
+560: p7 = getarrayitem_gc_r(p5, 0, descr=<ArrayP 8>)
+564: p9 = getarrayitem_gc_r(p5, 1, descr=<ArrayP 8>)
+568: p11 = getarrayitem_gc_r(p5, 2, descr=<ArrayP 8>)
+572: p13 = getarrayitem_gc_r(p5, 3, descr=<ArrayP 8>)
+576: p15 = getarrayitem_gc_r(p5, 4, descr=<ArrayP 8>)
+580: p17 = getarrayitem_gc_r(p5, 5, descr=<ArrayP 8>)
+584: p19 = getarrayitem_gc_r(p5, 6, descr=<ArrayP 8>)
+588: p21 = getarrayitem_gc_r(p5, 7, descr=<ArrayP 8>)
debug_merge_point(0, 0, '171<main.rpyeffect:171([then#347])>+0: {"op": "Load". "out": 0. "type": "any". "ref": 2}')
+592: guard_not_invalidated(descr=<Guard0x1585e1100>) [p2, p7, p9, p11, p13, p15, p17, p19, p21, p0, p1, p3, p4]
+596: p22 = getfield_gc_r(p11, descr=<FieldP rpyeffect.region.Ref.inst_allocation_site 8 pure>)
+604: guard_value(p22, ConstPtr(ptr23), descr=<Guard0x158612320>) [p2, p7, p9, p11, p13, p15, p17, p19, p21, p0, p1, p3, p4]
+612: p24 = getfield_gc_r(p11, descr=<FieldP rpyeffect.region.Ref.inst_value 16>)
+616: i25 = getfield_gc_i(p24, descr=<FieldS rpyeffect.value.UnboxedIntValueRef.inst_value 8>)
debug_merge_point(0, 0, '171<main.rpyeffect:171([then#347])>+1: {"op": "Const". "type": "ptr". "out": 4. "format": "int". "value": "<IntValue object at 0x1585fc750>"}')
debug_merge_point(0, 0, '171<main.rpyeffect:171([then#347])>+2: {"op": "Push". "target": 170. "args": {"any": [1. 2. 3]}}')
debug_merge_point(0, 0, '171<main.rpyeffect:171([then#347])>+3: {"op": "Copy". "type": "any". "from": 4. "to". 1}')
debug_merge_point(0, 0, '171<main.rpyeffect:171([then#347])>+4: {"op": "Jump". "target": 4}')
debug_merge_point(0, 0, '4<main.rpyeffect:4(Name(infixEq72))>+0: {"op": "PrimOp". "name": "infixEq(Int. Int): Boolean". "out": {"any": [0]}. "in": {"any": [0. 1]}}')
+620: i27 = int_eq(i25, 0)
debug_merge_point(0, 0, '4<main.rpyeffect:4(Name(infixEq72))>+1: {"op": "Return". "args": {"any": [0]}}')
debug_merge_point(0, 0, '170<main.rpyeffect:170([k@[then#347]#352])>+0: {"op": "Swap". "type": "any". "a": 0. "b". 1}')
debug_merge_point(0, 0, '170<main.rpyeffect:170([k@[then#347]#352])>+1: {"op": "Swap". "type": "any". "a": 2. "b". 1}')
debug_merge_point(0, 0, '170<main.rpyeffect:170([k@[then#347]#352])>+2: {"op": "IfZero". "cond": 2. "then": {"tag": null. "target": 166. "args": {"any": []}}}')
guard_true(i27, descr=<Guard0x158612350>) [p2, p7, p9, p11, p13, p15, p17, p19, p21, p0, p1, p3, p4]
debug_merge_point(0, 0, '170<main.rpyeffect:170([k@[then#347]#352])>+3: {"op": "Load". "out": 2. "type": "any". "ref": 0}')
+628: p28 = getfield_gc_r(p9, descr=<FieldP rpyeffect.region.Ref.inst_allocation_site 8 pure>)
+636: guard_value(p28, ConstPtr(ptr29), descr=<Guard0x158612380>) [p2, p7, p9, p11, p13, p15, p17, p19, p21, p0, p1, p3, p4]
+644: p30 = getfield_gc_r(p9, descr=<FieldP rpyeffect.region.Ref.inst_value 16>)
+648: i31 = getfield_gc_i(p30, descr=<FieldS rpyeffect.value.UnboxedIntValueRef.inst_value 8>)
debug_merge_point(0, 0, '170<main.rpyeffect:170([k@[then#347]#352])>+4: {"op": "Const". "type": "ptr". "out": 4. "format": "int". "value": "<IntValue object at 0x1585fc780>"}')
debug_merge_point(0, 0, '170<main.rpyeffect:170([k@[then#347]#352])>+5: {"op": "Push". "target": 169. "args": {"any": [0. 1. 3]}}')
debug_merge_point(0, 0, '170<main.rpyeffect:170([k@[then#347]#352])>+6: {"op": "Copy". "type": "any". "from": 4. "to". 1}')
debug_merge_point(0, 0, '170<main.rpyeffect:170([k@[then#347]#352])>+7: {"op": "Copy". "type": "any". "from": 2. "to". 0}')
debug_merge_point(0, 0, '170<main.rpyeffect:170([k@[then#347]#352])>+8: {"op": "Jump". "target": 6}')
debug_merge_point(0, 0, '6<main.rpyeffect:6(Name(infixAdd96))>+0: {"op": "PrimOp". "name": "infixAdd(Int. Int): Int". "out": {"any": [0]}. "in": {"any": [0. 1]}}')
+652: i33 = int_add(i31, 1)
debug_merge_point(0, 0, '6<main.rpyeffect:6(Name(infixAdd96))>+1: {"op": "Return". "args": {"any": [0]}}')
debug_merge_point(0, 0, '169<main.rpyeffect:169([k@[k@[then#347]#352]#372])>+0: {"op": "Store". "ref": 1. "type": "any". "value": 0}')
debug_merge_point(0, 0, '169<main.rpyeffect:169([k@[k@[then#347]#352]#372])>+1: {"op": "Construct". "out": 0. "type": Interned(Unit). "tag": Interned(unit). "args": {"any": []}}')
debug_merge_point(0, 0, '169<main.rpyeffect:169([k@[k@[then#347]#352]#372])>+2: {"op": "Load". "out": 0. "type": "any". "ref": 1}')
debug_merge_point(0, 0, '169<main.rpyeffect:169([k@[k@[then#347]#352]#372])>+3: {"op": "Store". "ref": 2. "type": "any". "value": 0}')
+656: setfield_gc(p30, i33, descr=<FieldS rpyeffect.value.UnboxedIntValueRef.inst_value 8>)
debug_merge_point(0, 0, '169<main.rpyeffect:169([k@[k@[then#347]#352]#372])>+4: {"op": "Construct". "out": 0. "type": Interned(Unit). "tag": Interned(unit). "args": {"any": []}}')
debug_merge_point(0, 0, '169<main.rpyeffect:169([k@[k@[then#347]#352]#372])>+5: {"op": "Push". "target": 168. "args": {"any": [3]}}')
debug_merge_point(0, 0, '169<main.rpyeffect:169([k@[k@[then#347]#352]#372])>+6: {"op": "Jump". "target": 125}')
debug_merge_point(0, 0, '125<main.rpyeffect:125(Name(newline2820))>+0: {"op": "Const". "type": "ptr". "out": 0. "format": "int". "value": "<IntValue object at 0x1585dd940>"}')
debug_merge_point(0, 0, '125<main.rpyeffect:125(Name(newline2820))>+1: {"op": "Return". "args": {"any": [0]}}')
debug_merge_point(0, 0, '168<main.rpyeffect:168([k@[k@[k@[then#347]#352]#372]#378])>+0: {"op": "Jump". "target": 156}')
+660: setfield_gc(p24, i33, descr=<FieldS rpyeffect.value.UnboxedIntValueRef.inst_value 8>)
+664: guard_nonnull(p1, descr=<Guard0x1585e1148>) [p2, p13, p11, p17, p19, p21, p0, p1, p3, p4]
+676: i34 = getfield_gc_i(p1, descr=<FieldS rpyeffect.stored_environment.Stack__arb.inst_target 16 pure>)
+684: guard_value(i34, 158, descr=<Guard0x1586123b0>) [p2, p13, p11, p17, p19, p21, p0, p1, p3, p4]
debug_merge_point(0, 0, '156<main.rpyeffect:156(Name(resume2849))>+0: {"op": "PushStack". "arg": 1}')
+700: i37 = instance_ptr_eq(p4, ConstPtr(ptr36))
guard_true(i37, descr=<Guard0x1586123e0>) [p2, p13, p11, p17, p19, p21, p0, p1, p3, p4]
+712: guard_nonnull_class(p13, 4303529624, descr=<Guard0x1585e1190>) [p2, p13, p11, p17, p19, p21, p0, p1, p3, p4]
+736: p39 = getfield_gc_r(p13, descr=<FieldP rpyeffect.stack.MetaStack.inst_region 24 pure>)
+740: guard_isnull(p39, descr=<Guard0x158612410>) [p2, p13, p11, p17, p19, p21, p0, p1, p3, p4]
+748: p40 = getfield_gc_r(p13, descr=<FieldP rpyeffect.stack.MetaStackLike.inst_stack 8 pure>)
+752: p41 = getfield_gc_r(p13, descr=<FieldP rpyeffect.stack.MetaStack.inst_tail 32 pure>)
+756: guard_isnull(p41, descr=<Guard0x158612440>) [p2, p13, p11, p17, p19, p21, p0, p1, p3, p4]
+764: p42 = getfield_gc_r(p13, descr=<FieldP rpyeffect.stack.MetaStack.inst_label 16 pure>)
+768: guard_nonnull(p40, descr=<Guard0x158612470>) [p2, p13, p11, p17, p19, p21, p0, p1, p3, p4]
+776: i43 = getfield_gc_i(p40, descr=<FieldS rpyeffect.stored_environment.Stack__arb.inst_target 16 pure>)
+780: guard_value(i43, 140, descr=<Guard0x1586124a0>) [p2, p13, p11, p17, p19, p21, p0, p1, p3, p4]
debug_merge_point(0, 0, '156<main.rpyeffect:156(Name(resume2849))>+1: {"op": "Return". "args": {"any": [0]}}')
+792: p45 = getfield_gc_r(p40, descr=<FieldP rpyeffect.stored_environment.Stack__4.inst_values_ptr_0 32 pure>)
+796: p46 = getfield_gc_r(p40, descr=<FieldP rpyeffect.stored_environment.Stack__4.inst_values_ptr_1 40 pure>)
+800: p47 = getfield_gc_r(p40, descr=<FieldP rpyeffect.stored_environment.Stack__4.inst_values_ptr_2 48 pure>)
+804: p48 = getfield_gc_r(p40, descr=<FieldP rpyeffect.stored_environment.Stack__4.inst_values_ptr_3 56 pure>)
+808: p49 = getfield_gc_r(p40, descr=<FieldP rpyeffect.stored_environment.Stack__arb.inst_tail 8 pure>)
+812: guard_nonnull(p49, descr=<Guard0x1586124d0>) [p2, p13, p11, p17, p19, p21, p0, p1, p3, p4]
+820: i50 = getfield_gc_i(p49, descr=<FieldS rpyeffect.stored_environment.Stack__arb.inst_target 16 pure>)
+824: guard_value(i50, 160, descr=<Guard0x158612500>) [p2, p13, p11, p17, p19, p21, p0, p1, p3, p4]
debug_merge_point(0, 0, '140<main.rpyeffect:140([k@Name(parse2827)#258])>+0: {"op": "Push". "target": 139. "args": {"any": [1. 2. 3. 4. 0]}}')
debug_merge_point(0, 0, '140<main.rpyeffect:140([k@Name(parse2827)#258])>+1: {"op": "Jump". "target": 128}')
debug_merge_point(0, 0, '128<main.rpyeffect:128(Name(isDollar2825))>+0: {"op": "Const". "type": "ptr". "out": 1. "format": "int". "value": "<IntValue object at 0x1585dd8c0>"}')
debug_merge_point(0, 0, '128<main.rpyeffect:128(Name(isDollar2825))>+1: {"op": "Jump". "target": 4}')
debug_merge_point(0, 0, '4<main.rpyeffect:4(Name(infixEq72))>+0: {"op": "PrimOp". "name": "infixEq(Int. Int): Boolean". "out": {"any": [0]}. "in": {"any": [0. 1]}}')
debug_merge_point(0, 0, '4<main.rpyeffect:4(Name(infixEq72))>+1: {"op": "Return". "args": {"any": [0]}}')
debug_merge_point(0, 0, '139<main.rpyeffect:139([k@[k@Name(parse2827)#258]#260])>+0: {"op": "Swap". "type": "any". "a": 2. "b". 5}')
debug_merge_point(0, 0, '139<main.rpyeffect:139([k@[k@Name(parse2827)#258]#260])>+1: {"op": "Swap". "type": "any". "a": 4. "b". 5}')
debug_merge_point(0, 0, '139<main.rpyeffect:139([k@[k@Name(parse2827)#258]#260])>+2: {"op": "Swap". "type": "any". "a": 1. "b". 5}')
debug_merge_point(0, 0, '139<main.rpyeffect:139([k@[k@Name(parse2827)#258]#260])>+3: {"op": "IfZero". "cond": 0. "then": {"tag": null. "target": 136. "args": {"any": []}}}')
debug_merge_point(0, 0, '136<main.rpyeffect:136([then#263])>+0: {"op": "Push". "target": 135. "args": {"any": [5. 4. 3. 1]}}')
debug_merge_point(0, 0, '136<main.rpyeffect:136([then#263])>+1: {"op": "Copy". "type": "any". "from": 2. "to". 0}')
debug_merge_point(0, 0, '136<main.rpyeffect:136([then#263])>+2: {"op": "Jump". "target": 126}')
debug_merge_point(0, 0, '126<main.rpyeffect:126(Name(isNewline2822))>+0: {"op": "Const". "type": "ptr". "out": 1. "format": "int". "value": "<IntValue object at 0x1585dd910>"}')
debug_merge_point(0, 0, '126<main.rpyeffect:126(Name(isNewline2822))>+1: {"op": "Jump". "target": 4}')
debug_merge_point(0, 0, '4<main.rpyeffect:4(Name(infixEq72))>+0: {"op": "PrimOp". "name": "infixEq(Int. Int): Boolean". "out": {"any": [0]}. "in": {"any": [0. 1]}}')
debug_merge_point(0, 0, '4<main.rpyeffect:4(Name(infixEq72))>+1: {"op": "Return". "args": {"any": [0]}}')
debug_merge_point(0, 0, '135<main.rpyeffect:135([k@[then#263]#265])>+0: {"op": "Swap". "type": "any". "a": 1. "b". 4}')
debug_merge_point(0, 0, '135<main.rpyeffect:135([k@[then#263]#265])>+1: {"op": "Swap". "type": "any". "a": 2. "b". 3}')
debug_merge_point(0, 0, '135<main.rpyeffect:135([k@[then#263]#265])>+2: {"op": "IfZero". "cond": 0. "then": {"tag": null. "target": 132. "args": {"any": []}}}')
debug_merge_point(0, 0, '135<main.rpyeffect:135([k@[then#263]#265])>+3: {"op": "Push". "target": 134. "args": {"any": [4. 3. 2]}}')
debug_merge_point(0, 0, '135<main.rpyeffect:135([k@[then#263]#265])>+4: {"op": "Copy". "type": "any". "from": 1. "to". 0}')
debug_merge_point(0, 0, '135<main.rpyeffect:135([k@[then#263]#265])>+5: {"op": "Invoke". "receiver": 4. "tag": Interned(Emit2840). "args" : {"any": [0]}}')
+836: p52 = getfield_gc_r(p45, descr=<FieldP rpyeffect.codata.CoData.inst_vtable 8 pure>)
+848: guard_value(p52, ConstPtr(ptr53), descr=<Guard0x158612530>) [p2, p13, p11, p17, p19, p21, p0, p1, p3, p4]
+856: p54 = getfield_gc_r(p45, descr=<FieldP rpyeffect.stored_environment.CoData__2.inst_values_ptr_0 24 pure>)
+860: p55 = getfield_gc_r(p45, descr=<FieldP rpyeffect.stored_environment.CoData__2.inst_values_ptr_1 32 pure>)
debug_merge_point(0, 0, '148<main.rpyeffect:148([method_Emit2840@Name(sum2829)#296])>+0: {"op": "Const". "type": "ptr". "out": 3. "format": "int". "value": "<IntValue object at 0x1585dd5a0>"}')
debug_merge_point(0, 0, '148<main.rpyeffect:148([method_Emit2840@Name(sum2829)#296])>+1: {"op": "ShiftDyn". "out": 1. "n": 3. "label": 1}')
+864: guard_nonnull(p42, descr=<Guard0x158612560>) [p2, p13, p11, p17, p19, p21, p0, p1, p3, p4]
+872: guard_nonnull(p54, descr=<Guard0x158612590>) [p2, p13, p11, p17, p19, p21, p0, p1, p3, p4]
+880: i56 = getfield_gc_i(p42, descr=<FieldS rpyeffect.stack.Label.inst_origin 8 pure>)
+888: guard_value(i56, 182282, descr=<Guard0x1586125c0>) [p2, p13, p11, p17, p19, p21, p0, p1, p3, p4]
+908: i58 = getfield_gc_i(p54, descr=<FieldS rpyeffect.stack.Label.inst_origin 8 pure>)
+912: guard_value(i58, 153605, descr=<Guard0x1586125f0>) [p2, p13, p11, p17, p19, p21, p0, p1, p3, p4]
+928: guard_nonnull(p0, descr=<Guard0x158612620>) [p2, p13, p11, p17, p19, p21, p0, p1, p3, p4]
+940: i60 = getfield_gc_i(p0, descr=<FieldS rpyeffect.stack.Label.inst_origin 8 pure>)
+948: guard_value(i60, 182278, descr=<Guard0x158612650>) [p2, p13, p11, p17, p19, p21, p0, p1, p3, p4]
+964: p62 = getfield_gc_r(p3, descr=<FieldP rpyeffect.stack.MetaStack.inst_region 24 pure>)
+972: guard_isnull(p62, descr=<Guard0x158612680>) [p2, p13, p11, p17, p19, p21, p0, p1, p3, p4]
+980: p63 = getfield_gc_r(p3, descr=<FieldP rpyeffect.stack.MetaStack.inst_label 16 pure>)
+984: guard_nonnull(p63, descr=<Guard0x1586126b0>) [p2, p13, p11, p17, p19, p21, p0, p1, p3, p4]
+992: i64 = getfield_gc_i(p63, descr=<FieldS rpyeffect.stack.Label.inst_origin 8 pure>)
+1000: guard_value(i64, 182273, descr=<Guard0x1586126e0>) [p2, p13, p11, p17, p19, p21, p0, p1, p3, p4]
+1020: p66 = getfield_gc_r(p3, descr=<FieldP rpyeffect.stack.MetaStack.inst_tail 32 pure>)
+1024: p67 = getfield_gc_r(p66, descr=<FieldP rpyeffect.stack.MetaStack.inst_region 24 pure>)
+1028: guard_isnull(p67, descr=<Guard0x158612710>) [p2, p13, p11, p17, p19, p21, p0, p1, p3, p4]
+1036: p68 = getfield_gc_r(p66, descr=<FieldP rpyeffect.stack.MetaStack.inst_label 16 pure>)
+1040: guard_nonnull(p68, descr=<Guard0x158612740>) [p2, p13, p11, p17, p19, p21, p0, p1, p3, p4]
+1048: i69 = getfield_gc_i(p68, descr=<FieldS rpyeffect.stack.Label.inst_origin 8 pure>)
+1056: guard_value(i69, 158720, descr=<Guard0x158612770>) [p2, p13, p11, p17, p19, p21, p0, p1, p3, p4]
+1072: p71 = getfield_gc_r(p66, descr=<FieldP rpyeffect.stack.MetaStack.inst_tail 32 pure>)
+1076: p72 = getfield_gc_r(p71, descr=<FieldP rpyeffect.stack.MetaStack.inst_region 24 pure>)
+1080: guard_isnull(p72, descr=<Guard0x1586127a0>) [p2, p13, p11, p17, p19, p21, p0, p1, p3, p4]
+1088: p73 = getfield_gc_r(p71, descr=<FieldP rpyeffect.stack.MetaStack.inst_label 16 pure>)
+1092: guard_nonnull(p73, descr=<Guard0x1586127d0>) [p2, p13, p11, p17, p19, p21, p0, p1, p3, p4]
+1100: i74 = getfield_gc_i(p73, descr=<FieldS rpyeffect.stack.Label.inst_origin 8 pure>)
+1104: guard_value(i74, 153605, descr=<Guard0x158612800>) [p2, p13, p11, p17, p19, p21, p0, p1, p3, p4]
+1124: i76 = instance_ptr_eq(p73, p54)
guard_true(i76, descr=<Guard0x158612830>) [p2, p13, p11, p17, p19, p21, p0, p1, p3, p4]
+1132: p77 = getfield_gc_r(p71, descr=<FieldP rpyeffect.stack.MetaStackLike.inst_stack 8 pure>)
+1136: guard_class(p71, 4303529624, descr=<Guard0x158612860>) [p2, p13, p11, p17, p19, p21, p0, p1, p3, p4]
+1152: p79 = getfield_gc_r(p71, descr=<FieldP rpyeffect.stack.MetaStack.inst_tail 32 pure>)
+1156: p80 = getfield_gc_r(p66, descr=<FieldP rpyeffect.stack.MetaStackLike.inst_stack 8 pure>)
+1160: guard_class(p66, 4303529624, descr=<Guard0x158612890>) [p2, p13, p11, p17, p19, p21, p0, p1, p3, p4]
+1176: p82 = getfield_gc_r(p3, descr=<FieldP rpyeffect.stack.MetaStackLike.inst_stack 8 pure>)
+1180: guard_class(p3, 4303529624, descr=<Guard0x1586128c0>) [p2, p13, p11, p17, p19, p21, p0, p1, p3, p4]
+1196: guard_nonnull_class(p79, 4303529624, descr=<Guard0x1585e11d8>) [p2, p13, p11, p17, p19, p21, p0, p1, p3, p4]
+1220: p85 = getfield_gc_r(p79, descr=<FieldP rpyeffect.stack.MetaStackLike.inst_stack 8 pure>)
+1224: p86 = getfield_gc_r(p79, descr=<FieldP rpyeffect.stack.MetaStack.inst_label 16 pure>)
+1228: p87 = getfield_gc_r(p79, descr=<FieldP rpyeffect.stack.MetaStack.inst_tail 32 pure>)
+1232: guard_nonnull(p85, descr=<Guard0x1586128f0>) [p2, p13, p11, p17, p19, p21, p0, p1, p3, p4]
+1240: i88 = getfield_gc_i(p85, descr=<FieldS rpyeffect.stored_environment.Stack__arb.inst_target 16 pure>)
+1248: guard_value(i88, 144, descr=<Guard0x158612920>) [p2, p13, p11, p17, p19, p21, p0, p1, p3, p4]
debug_merge_point(0, 0, '148<main.rpyeffect:148([method_Emit2840@Name(sum2829)#296])>+2: {"op": "Load". "out": 3. "type": "any". "ref": 2}')
+1260: p90 = getfield_gc_r(p55, descr=<FieldP rpyeffect.region.Ref.inst_allocation_site 8 pure>)
+1272: guard_value(p90, ConstPtr(ptr91), descr=<Guard0x158612950>) [p2, p13, p11, p17, p19, p21, p0, p1, p3, p4]
+1280: p92 = getfield_gc_r(p55, descr=<FieldP rpyeffect.region.Ref.inst_value 16>)
+1284: i93 = getfield_gc_i(p92, descr=<FieldS rpyeffect.value.UnboxedIntValueRef.inst_value 8>)
debug_merge_point(0, 0, '148<main.rpyeffect:148([method_Emit2840@Name(sum2829)#296])>+3: {"op": "Push". "target": 147. "args": {"any": [1. 2]}}')
debug_merge_point(0, 0, '148<main.rpyeffect:148([method_Emit2840@Name(sum2829)#296])>+4: {"op": "Copy". "type": "any". "from": 0. "to". 1}')
debug_merge_point(0, 0, '148<main.rpyeffect:148([method_Emit2840@Name(sum2829)#296])>+5: {"op": "Copy". "type": "any". "from": 3. "to". 0}')
debug_merge_point(0, 0, '148<main.rpyeffect:148([method_Emit2840@Name(sum2829)#296])>+6: {"op": "Jump". "target": 6}')
debug_merge_point(0, 0, '6<main.rpyeffect:6(Name(infixAdd96))>+0: {"op": "PrimOp". "name": "infixAdd(Int. Int): Int". "out": {"any": [0]}. "in": {"any": [0. 1]}}')
+1288: i94 = getfield_gc_i(p48, descr=<FieldS rpyeffect.value.IntValue.inst_value 8 pure>)
+1292: i95 = int_add(i93, i94)
debug_merge_point(0, 0, '6<main.rpyeffect:6(Name(infixAdd96))>+1: {"op": "Return". "args": {"any": [0]}}')
debug_merge_point(0, 0, '147<main.rpyeffect:147([k@[method_Emit2840@Name(sum2829)#296]#301])>+0: {"op": "Store". "ref": 2. "type": "any". "value": 0}')
debug_merge_point(0, 0, '147<main.rpyeffect:147([k@[method_Emit2840@Name(sum2829)#296]#301])>+1: {"op": "Construct". "out": 0. "type": Interned(Unit). "tag": Interned(unit). "args": {"any": []}}')
debug_merge_point(0, 0, '147<main.rpyeffect:147([k@[method_Emit2840@Name(sum2829)#296]#301])>+2: {"op": "Construct". "out": 0. "type": Interned(Unit). "tag": Interned(unit). "args": {"any": []}}')
debug_merge_point(0, 0, '147<main.rpyeffect:147([k@[method_Emit2840@Name(sum2829)#296]#301])>+3: {"op": "Jump". "target": 142}')
debug_merge_point(0, 0, '142<main.rpyeffect:142(Name(resume2845))>+0: {"op": "PushStack". "arg": 1}')
debug_merge_point(0, 0, '142<main.rpyeffect:142(Name(resume2845))>+1: {"op": "Return". "args": {"any": [0]}}')
debug_merge_point(0, 0, '134<main.rpyeffect:134([k@[k@[then#263]#265]#272])>+0: {"op": "Const". "type": "ptr". "out": 0. "format": "int". "value": "<IntValue object at 0x1585dd800>"}')
debug_merge_point(0, 0, '134<main.rpyeffect:134([k@[k@[then#263]#265]#272])>+1: {"op": "Swap". "type": "any". "a": 2. "b". 1}')
debug_merge_point(0, 0, '134<main.rpyeffect:134([k@[k@[then#263]#265]#272])>+2: {"op": "Jump". "target": 141}')
debug_merge_point(0, 0, '141<main.rpyeffect:141(Name(parse2827))>+0: {"op": "Push". "target": 140. "args": {"any": [2. 1. 3. 0]}}')
debug_merge_point(0, 0, '141<main.rpyeffect:141(Name(parse2827))>+1: {"op": "Invoke". "receiver": 1. "tag": Interned(Read2838). "args" : {"any": []}}')
+1296: p96 = getfield_gc_r(p46, descr=<FieldP rpyeffect.codata.CoData.inst_vtable 8 pure>)
+1300: setfield_gc(p92, i95, descr=<FieldS rpyeffect.value.UnboxedIntValueRef.inst_value 8>)
+1308: guard_value(p96, ConstPtr(ptr97), descr=<Guard0x1585e1220>) [p2, p46, p45, p47, p19, p21, p42, p96, p87, p86, p85, p73, p77, p68, p80, p63, p82, p0, p1, p49]
+1316: p98 = getfield_gc_r(p46, descr=<FieldP rpyeffect.stored_environment.CoData__5.inst_values_ptr_0 24 pure>)
+1320: p99 = getfield_gc_r(p46, descr=<FieldP rpyeffect.stored_environment.CoData__5.inst_values_ptr_1 32 pure>)
+1324: p100 = getfield_gc_r(p46, descr=<FieldP rpyeffect.stored_environment.CoData__5.inst_values_ptr_2 40 pure>)
+1328: p101 = getfield_gc_r(p46, descr=<FieldP rpyeffect.stored_environment.CoData__5.inst_values_ptr_3 48 pure>)
+1336: p102 = getfield_gc_r(p46, descr=<FieldP rpyeffect.stored_environment.CoData__5.inst_values_ptr_4 56 pure>)
debug_merge_point(0, 0, '176<main.rpyeffect:176([method_Read2838@Name(feed2834)#338])>+0: {"op": "Const". "type": "ptr". "out": 5. "format": "int". "value": "<IntValue object at 0x1585fc640>"}')
debug_merge_point(0, 0, '176<main.rpyeffect:176([method_Read2838@Name(feed2834)#338])>+1: {"op": "ShiftDyn". "out": 4. "n": 5. "label": 4}')
+1344: guard_nonnull(p102, descr=<Guard0x158612980>) [p2, p46, p45, p47, p19, p21, p42, p96, p87, p86, p85, p73, p77, p68, p80, p63, p82, p0, p1, p49]
+1352: i103 = getfield_gc_i(p102, descr=<FieldS rpyeffect.stack.Label.inst_origin 8 pure>)
+1360: guard_value(i103, 182282, descr=<Guard0x1586129b0>) [p2, p46, p45, p47, p19, p21, p42, p96, p87, p86, p85, p73, p77, p68, p80, p63, p82, p0, p1, p49]
+1380: i105 = instance_ptr_eq(p42, p102)
guard_true(i105, descr=<Guard0x1586129e0>) [p2, p46, p45, p47, p19, p21, p42, p96, p87, p86, p85, p73, p77, p68, p80, p63, p82, p0, p1, p49]
debug_merge_point(0, 0, '176<main.rpyeffect:176([method_Read2838@Name(feed2834)#338])>+2: {"op": "Load". "out": 5. "type": "any". "ref": 1}')
+1388: p106 = getfield_gc_r(p99, descr=<FieldP rpyeffect.region.Ref.inst_allocation_site 8 pure>)
+1392: guard_value(p106, ConstPtr(ptr107), descr=<Guard0x158612a10>) [p2, p46, p45, p47, p19, p21, p42, p96, p87, p86, p85, p73, p77, p68, p80, p63, p82, p0, p1, p49]
+1400: p108 = getfield_gc_r(p99, descr=<FieldP rpyeffect.region.Ref.inst_value 16>)
+1404: i109 = getfield_gc_i(p108, descr=<FieldS rpyeffect.value.UnboxedIntValueRef.inst_value 8>)
debug_merge_point(0, 0, '176<main.rpyeffect:176([method_Read2838@Name(feed2834)#338])>+3: {"op": "Push". "target": 175. "args": {"any": [0. 1. 2. 4]}}')
debug_merge_point(0, 0, '176<main.rpyeffect:176([method_Read2838@Name(feed2834)#338])>+4: {"op": "Copy". "type": "any". "from": 5. "to". 0}')
debug_merge_point(0, 0, '176<main.rpyeffect:176([method_Read2838@Name(feed2834)#338])>+5: {"op": "Copy". "type": "any". "from": 3. "to". 1}')
debug_merge_point(0, 0, '176<main.rpyeffect:176([method_Read2838@Name(feed2834)#338])>+6: {"op": "Jump". "target": 10}')
debug_merge_point(0, 0, '10<main.rpyeffect:10(Name(infixGt184))>+0: {"op": "PrimOp". "name": "infixGt(Int. Int): Boolean". "out": {"any": [0]}. "in": {"any": [0. 1]}}')
+1408: p110 = new_with_vtable(descr=<SizeDescr 64>)
+1520: p111 = new_with_vtable(descr=<SizeDescr 40>)
+1532: p112 = new_with_vtable(descr=<SizeDescr 64>)
+1544: setfield_gc(p112, p49, descr=<FieldP rpyeffect.stored_environment.Stack__arb.inst_tail 8 pure>)
+1548: setfield_gc(p112, 140, descr=<FieldS rpyeffect.stored_environment.Stack__arb.inst_target 16 pure>)
+1556: setfield_gc(p112, p45, descr=<FieldP rpyeffect.stored_environment.Stack__4.inst_values_ptr_0 32 pure>)
+1560: setfield_gc(p112, p46, descr=<FieldP rpyeffect.stored_environment.Stack__4.inst_values_ptr_1 40 pure>)
+1564: setfield_gc(p112, p47, descr=<FieldP rpyeffect.stored_environment.Stack__4.inst_values_ptr_2 48 pure>)
+1572: setfield_gc(p112, ConstPtr(ptr114), descr=<FieldP rpyeffect.stored_environment.Stack__4.inst_values_ptr_3 56 pure>)
+1576: setfield_gc(p111, p112, descr=<FieldP rpyeffect.stack.MetaStackLike.inst_stack 8 pure>)
+1580: setfield_gc(p111, p42, descr=<FieldP rpyeffect.stack.MetaStack.inst_label 16 pure>)
+1584: setfield_gc(p111, ConstPtr(null), descr=<FieldP rpyeffect.stack.MetaStack.inst_region 24 pure>)
+1592: setfield_gc(p111, ConstPtr(null), descr=<FieldP rpyeffect.stack.MetaStack.inst_tail 32 pure>)
+1600: p117 = new_with_vtable(descr=<SizeDescr 40>)
+1612: p118 = new_with_vtable(descr=<SizeDescr 40>)
+1624: setfield_gc(p118, p80, descr=<FieldP rpyeffect.stack.MetaStackLike.inst_stack 8 pure>)
+1628: setfield_gc(p118, p68, descr=<FieldP rpyeffect.stack.MetaStack.inst_label 16 pure>)
+1632: setfield_gc(p118, ConstPtr(null), descr=<FieldP rpyeffect.stack.MetaStack.inst_region 24 pure>)
+1640: p120 = new_with_vtable(descr=<SizeDescr 40>)
+1652: setfield_gc(p120, p77, descr=<FieldP rpyeffect.stack.MetaStackLike.inst_stack 8 pure>)
+1656: setfield_gc(p120, p73, descr=<FieldP rpyeffect.stack.MetaStack.inst_label 16 pure>)
+1660: setfield_gc(p120, ConstPtr(null), descr=<FieldP rpyeffect.stack.MetaStack.inst_region 24 pure>)
+1668: p122 = new_with_vtable(descr=<SizeDescr 40>)
+1680: setfield_gc(p122, p85, descr=<FieldP rpyeffect.stack.MetaStackLike.inst_stack 8 pure>)
+1684: setfield_gc(p122, p86, descr=<FieldP rpyeffect.stack.MetaStack.inst_label 16 pure>)
+1688: setfield_gc(p122, ConstPtr(null), descr=<FieldP rpyeffect.stack.MetaStack.inst_region 24 pure>)
+1696: setfield_gc(p122, p87, descr=<FieldP rpyeffect.stack.MetaStack.inst_tail 32 pure>)
+1704: setfield_gc(p120, p122, descr=<FieldP rpyeffect.stack.MetaStack.inst_tail 32 pure>)
+1708: setfield_gc(p118, p120, descr=<FieldP rpyeffect.stack.MetaStack.inst_tail 32 pure>)
+1712: p124 = new_with_vtable(descr=<SizeDescr 16>)
+1724: setfield_gc(p110, 175, descr=<FieldS rpyeffect.stored_environment.Stack__arb.inst_target 16 pure>)
+1732: setfield_gc(p117, ConstPtr(null), descr=<FieldP rpyeffect.stack.MetaStack.inst_region 24 pure>)
+1740: setfield_gc(p117, p82, descr=<FieldP rpyeffect.stack.MetaStackLike.inst_stack 8 pure>)
+1748: setfield_gc(p117, p118, descr=<FieldP rpyeffect.stack.MetaStack.inst_tail 32 pure>)
+1752: setfield_gc(p117, p63, descr=<FieldP rpyeffect.stack.MetaStack.inst_label 16 pure>)
+1760: setfield_gc(p110, p98, descr=<FieldP rpyeffect.stored_environment.Stack__4.inst_values_ptr_0 32 pure>)
+1768: setfield_gc(p110, p99, descr=<FieldP rpyeffect.stored_environment.Stack__4.inst_values_ptr_1 40 pure>)
+1776: setfield_gc(p110, p100, descr=<FieldP rpyeffect.stored_environment.Stack__4.inst_values_ptr_2 48 pure>)
+1784: setfield_gc(p110, p111, descr=<FieldP rpyeffect.stored_environment.Stack__4.inst_values_ptr_3 56 pure>)
+1788: setfield_gc(p110, p1, descr=<FieldP rpyeffect.stored_environment.Stack__arb.inst_tail 8 pure>)
+1796: setfield_gc(p124, i109, descr=<FieldS rpyeffect.value.IntValue.inst_value 8 pure>)
+1816: jump(p0, p110, p2, p117, ConstPtr(ptr127), p124, p101, p100, p101, p111, p124, p19, p21, descr=TargetToken(5777560992))
+1956: --end of the loop--
[657c4e] jit-log-opt-loop}
[7358f8] {jit-log-opt-bridge
# bridge out of Guard 0x1585f9af0 with 222 ops
[p0, p1, p2, p3, p4, p5, p6, p7, p8, p9, i10, p11, p12, p13, p14, p15, i16]
+440: guard_not_invalidated(descr=<Guard0x1585e1268>) [p0, p1, p2, p3, p4, p5, p6, p7, p8, p9, i10, p11, p12, p13, p14, p15, i16]
+444: i17 = getfield_gc_i(p1, descr=<FieldS rpyeffect.value.IntValue.inst_value 8 pure>)
+448: i18 = int_gt(i16, i17)
debug_merge_point(0, 0, '10<main.rpyeffect:10(Name(infixGt184))>+1: {"op": "Return". "args": {"any": [0]}}')
debug_merge_point(0, 0, '175<main.rpyeffect:175([k@[method_Read2838@Name(feed2834)#338]#343])>+0: {"op": "Swap". "type": "any". "a": 3. "b". 4}')
debug_merge_point(0, 0, '175<main.rpyeffect:175([k@[method_Read2838@Name(feed2834)#338]#343])>+1: {"op": "Swap". "type": "any". "a": 2. "b". 4}')
debug_merge_point(0, 0, '175<main.rpyeffect:175([k@[method_Read2838@Name(feed2834)#338]#343])>+2: {"op": "Swap". "type": "any". "a": 1. "b". 4}')
debug_merge_point(0, 0, '175<main.rpyeffect:175([k@[method_Read2838@Name(feed2834)#338]#343])>+3: {"op": "IfZero". "cond": 0. "then": {"tag": null. "target": 171. "args": {"any": []}}}')
guard_false(i18, descr=<Guard0x1586130d0>) [p0, p1, p2, p3, p4, p5, p6, p7, p8, p9, i10, p11, p12, p13, p14, p15, i16]
+456: guard_nonnull(p9, descr=<Guard0x158613100>) [p0, p1, p2, p3, p4, p5, p6, p7, p8, p9, i10, p11, p12, p13, p14, p15, i16]
+468: i19 = getfield_gc_i(p9, descr=<FieldS rpyeffect.stored_environment.Stack__arb.inst_target 16 pure>)
+476: guard_value(i19, 158, descr=<Guard0x158613130>) [p0, p1, p2, p3, p4, p5, p6, p7, p8, p9, i10, p11, p12, p13, p14, p15, i16]
debug_merge_point(0, 0, '171<main.rpyeffect:171([then#347])>+0: {"op": "Load". "out": 0. "type": "any". "ref": 2}')
+488: p21 = getfield_gc_r(p2, descr=<FieldP rpyeffect.region.Ref.inst_allocation_site 8 pure>)
+496: guard_value(p21, ConstPtr(ptr22), descr=<Guard0x158613160>) [p0, p1, p2, p3, p4, p5, p6, p7, p8, p9, i10, p11, p12, p13, p14, p15, i16]
+504: p23 = getfield_gc_r(p2, descr=<FieldP rpyeffect.region.Ref.inst_value 16>)
+508: i24 = getfield_gc_i(p23, descr=<FieldS rpyeffect.value.UnboxedIntValueRef.inst_value 8>)
debug_merge_point(0, 0, '171<main.rpyeffect:171([then#347])>+1: {"op": "Const". "type": "ptr". "out": 4. "format": "int". "value": "<IntValue object at 0x1585fc750>"}')
debug_merge_point(0, 0, '171<main.rpyeffect:171([then#347])>+2: {"op": "Push". "target": 170. "args": {"any": [1. 2. 3]}}')
debug_merge_point(0, 0, '171<main.rpyeffect:171([then#347])>+3: {"op": "Copy". "type": "any". "from": 4. "to". 1}')
debug_merge_point(0, 0, '171<main.rpyeffect:171([then#347])>+4: {"op": "Jump". "target": 4}')
debug_merge_point(0, 0, '4<main.rpyeffect:4(Name(infixEq72))>+0: {"op": "PrimOp". "name": "infixEq(Int. Int): Boolean". "out": {"any": [0]}. "in": {"any": [0. 1]}}')
+512: i26 = int_eq(i24, 0)
debug_merge_point(0, 0, '4<main.rpyeffect:4(Name(infixEq72))>+1: {"op": "Return". "args": {"any": [0]}}')
debug_merge_point(0, 0, '170<main.rpyeffect:170([k@[then#347]#352])>+0: {"op": "Swap". "type": "any". "a": 0. "b". 1}')
debug_merge_point(0, 0, '170<main.rpyeffect:170([k@[then#347]#352])>+1: {"op": "Swap". "type": "any". "a": 2. "b". 1}')
debug_merge_point(0, 0, '170<main.rpyeffect:170([k@[then#347]#352])>+2: {"op": "IfZero". "cond": 2. "then": {"tag": null. "target": 166. "args": {"any": []}}}')
guard_true(i26, descr=<Guard0x158613190>) [p0, p1, p2, p3, p4, p5, p6, p7, p8, p9, i10, p11, p12, p13, p14, p15, i16]
debug_merge_point(0, 0, '170<main.rpyeffect:170([k@[then#347]#352])>+3: {"op": "Load". "out": 2. "type": "any". "ref": 0}')
+520: p27 = getfield_gc_r(p7, descr=<FieldP rpyeffect.region.Ref.inst_allocation_site 8 pure>)
+532: guard_value(p27, ConstPtr(ptr28), descr=<Guard0x1586131c0>) [p0, p1, p2, p3, p4, p5, p6, p7, p8, p9, i10, p11, p12, p13, p14, p15, i16]
+540: p29 = getfield_gc_r(p7, descr=<FieldP rpyeffect.region.Ref.inst_value 16>)
+544: i30 = getfield_gc_i(p29, descr=<FieldS rpyeffect.value.UnboxedIntValueRef.inst_value 8>)
debug_merge_point(0, 0, '170<main.rpyeffect:170([k@[then#347]#352])>+4: {"op": "Const". "type": "ptr". "out": 4. "format": "int". "value": "<IntValue object at 0x1585fc780>"}')
debug_merge_point(0, 0, '170<main.rpyeffect:170([k@[then#347]#352])>+5: {"op": "Push". "target": 169. "args": {"any": [0. 1. 3]}}')
debug_merge_point(0, 0, '170<main.rpyeffect:170([k@[then#347]#352])>+6: {"op": "Copy". "type": "any". "from": 4. "to". 1}')
debug_merge_point(0, 0, '170<main.rpyeffect:170([k@[then#347]#352])>+7: {"op": "Copy". "type": "any". "from": 2. "to". 0}')
debug_merge_point(0, 0, '170<main.rpyeffect:170([k@[then#347]#352])>+8: {"op": "Jump". "target": 6}')
debug_merge_point(0, 0, '6<main.rpyeffect:6(Name(infixAdd96))>+0: {"op": "PrimOp". "name": "infixAdd(Int. Int): Int". "out": {"any": [0]}. "in": {"any": [0. 1]}}')
+548: i32 = int_add(i30, 1)
debug_merge_point(0, 0, '6<main.rpyeffect:6(Name(infixAdd96))>+1: {"op": "Return". "args": {"any": [0]}}')
debug_merge_point(0, 0, '169<main.rpyeffect:169([k@[k@[then#347]#352]#372])>+0: {"op": "Store". "ref": 1. "type": "any". "value": 0}')
debug_merge_point(0, 0, '169<main.rpyeffect:169([k@[k@[then#347]#352]#372])>+1: {"op": "Construct". "out": 0. "type": Interned(Unit). "tag": Interned(unit). "args": {"any": []}}')
debug_merge_point(0, 0, '169<main.rpyeffect:169([k@[k@[then#347]#352]#372])>+2: {"op": "Load". "out": 0. "type": "any". "ref": 1}')
debug_merge_point(0, 0, '169<main.rpyeffect:169([k@[k@[then#347]#352]#372])>+3: {"op": "Store". "ref": 2. "type": "any". "value": 0}')
+552: setfield_gc(p29, i32, descr=<FieldS rpyeffect.value.UnboxedIntValueRef.inst_value 8>)
debug_merge_point(0, 0, '169<main.rpyeffect:169([k@[k@[then#347]#352]#372])>+4: {"op": "Construct". "out": 0. "type": Interned(Unit). "tag": Interned(unit). "args": {"any": []}}')
debug_merge_point(0, 0, '169<main.rpyeffect:169([k@[k@[then#347]#352]#372])>+5: {"op": "Push". "target": 168. "args": {"any": [3]}}')
debug_merge_point(0, 0, '169<main.rpyeffect:169([k@[k@[then#347]#352]#372])>+6: {"op": "Jump". "target": 125}')
debug_merge_point(0, 0, '125<main.rpyeffect:125(Name(newline2820))>+0: {"op": "Const". "type": "ptr". "out": 0. "format": "int". "value": "<IntValue object at 0x1585dd940>"}')
debug_merge_point(0, 0, '125<main.rpyeffect:125(Name(newline2820))>+1: {"op": "Return". "args": {"any": [0]}}')
debug_merge_point(0, 0, '168<main.rpyeffect:168([k@[k@[k@[then#347]#352]#372]#378])>+0: {"op": "Jump". "target": 156}')
debug_merge_point(0, 0, '156<main.rpyeffect:156(Name(resume2849))>+0: {"op": "PushStack". "arg": 1}')
debug_merge_point(0, 0, '156<main.rpyeffect:156(Name(resume2849))>+1: {"op": "Return". "args": {"any": [0]}}')
+556: setfield_gc(p23, i32, descr=<FieldS rpyeffect.value.UnboxedIntValueRef.inst_value 8>)
+560: guard_nonnull(p14, descr=<Guard0x1585e12b0>) [p0, p13, p12, p11, p3, p4, p15, p14, p6, p5, None, None, p9, i10, None, None, None, None, None, i16]
+572: i34 = getfield_gc_i(p14, descr=<FieldS rpyeffect.stored_environment.Stack__arb.inst_target 16 pure>)
+580: guard_value(i34, 160, descr=<Guard0x1586131f0>) [p0, p13, p12, p11, p3, p4, p15, p14, p6, p5, None, None, p9, i10, None, None, None, None, None, i16]
debug_merge_point(0, 0, '140<main.rpyeffect:140([k@Name(parse2827)#258])>+0: {"op": "Push". "target": 139. "args": {"any": [1. 2. 3. 4. 0]}}')
debug_merge_point(0, 0, '140<main.rpyeffect:140([k@Name(parse2827)#258])>+1: {"op": "Jump". "target": 128}')
debug_merge_point(0, 0, '128<main.rpyeffect:128(Name(isDollar2825))>+0: {"op": "Const". "type": "ptr". "out": 1. "format": "int". "value": "<IntValue object at 0x1585dd8c0>"}')
debug_merge_point(0, 0, '128<main.rpyeffect:128(Name(isDollar2825))>+1: {"op": "Jump". "target": 4}')
debug_merge_point(0, 0, '4<main.rpyeffect:4(Name(infixEq72))>+0: {"op": "PrimOp". "name": "infixEq(Int. Int): Boolean". "out": {"any": [0]}. "in": {"any": [0. 1]}}')
debug_merge_point(0, 0, '4<main.rpyeffect:4(Name(infixEq72))>+1: {"op": "Return". "args": {"any": [0]}}')
debug_merge_point(0, 0, '139<main.rpyeffect:139([k@[k@Name(parse2827)#258]#260])>+0: {"op": "Swap". "type": "any". "a": 2. "b". 5}')
debug_merge_point(0, 0, '139<main.rpyeffect:139([k@[k@Name(parse2827)#258]#260])>+1: {"op": "Swap". "type": "any". "a": 4. "b". 5}')
debug_merge_point(0, 0, '139<main.rpyeffect:139([k@[k@Name(parse2827)#258]#260])>+2: {"op": "Swap". "type": "any". "a": 1. "b". 5}')
debug_merge_point(0, 0, '139<main.rpyeffect:139([k@[k@Name(parse2827)#258]#260])>+3: {"op": "IfZero". "cond": 0. "then": {"tag": null. "target": 136. "args": {"any": []}}}')
debug_merge_point(0, 0, '136<main.rpyeffect:136([then#263])>+0: {"op": "Push". "target": 135. "args": {"any": [5. 4. 3. 1]}}')
debug_merge_point(0, 0, '136<main.rpyeffect:136([then#263])>+1: {"op": "Copy". "type": "any". "from": 2. "to". 0}')
debug_merge_point(0, 0, '136<main.rpyeffect:136([then#263])>+2: {"op": "Jump". "target": 126}')
debug_merge_point(0, 0, '126<main.rpyeffect:126(Name(isNewline2822))>+0: {"op": "Const". "type": "ptr". "out": 1. "format": "int". "value": "<IntValue object at 0x1585dd910>"}')
debug_merge_point(0, 0, '126<main.rpyeffect:126(Name(isNewline2822))>+1: {"op": "Jump". "target": 4}')
debug_merge_point(0, 0, '4<main.rpyeffect:4(Name(infixEq72))>+0: {"op": "PrimOp". "name": "infixEq(Int. Int): Boolean". "out": {"any": [0]}. "in": {"any": [0. 1]}}')
debug_merge_point(0, 0, '4<main.rpyeffect:4(Name(infixEq72))>+1: {"op": "Return". "args": {"any": [0]}}')
debug_merge_point(0, 0, '135<main.rpyeffect:135([k@[then#263]#265])>+0: {"op": "Swap". "type": "any". "a": 1. "b". 4}')
debug_merge_point(0, 0, '135<main.rpyeffect:135([k@[then#263]#265])>+1: {"op": "Swap". "type": "any". "a": 2. "b". 3}')
debug_merge_point(0, 0, '135<main.rpyeffect:135([k@[then#263]#265])>+2: {"op": "IfZero". "cond": 0. "then": {"tag": null. "target": 132. "args": {"any": []}}}')
debug_merge_point(0, 0, '135<main.rpyeffect:135([k@[then#263]#265])>+3: {"op": "Push". "target": 134. "args": {"any": [4. 3. 2]}}')
debug_merge_point(0, 0, '135<main.rpyeffect:135([k@[then#263]#265])>+4: {"op": "Copy". "type": "any". "from": 1. "to". 0}')
debug_merge_point(0, 0, '135<main.rpyeffect:135([k@[then#263]#265])>+5: {"op": "Invoke". "receiver": 4. "tag": Interned(Emit2840). "args" : {"any": [0]}}')
+592: p36 = getfield_gc_r(p13, descr=<FieldP rpyeffect.codata.CoData.inst_vtable 8 pure>)
+604: guard_value(p36, ConstPtr(ptr37), descr=<Guard0x158613220>) [p0, p13, p12, p11, p3, p4, p15, p14, p6, p5, None, None, p9, i10, None, None, None, None, None, i16]
+612: p38 = getfield_gc_r(p13, descr=<FieldP rpyeffect.stored_environment.CoData__2.inst_values_ptr_0 24 pure>)
+616: p39 = getfield_gc_r(p13, descr=<FieldP rpyeffect.stored_environment.CoData__2.inst_values_ptr_1 32 pure>)
debug_merge_point(0, 0, '148<main.rpyeffect:148([method_Emit2840@Name(sum2829)#296])>+0: {"op": "Const". "type": "ptr". "out": 3. "format": "int". "value": "<IntValue object at 0x1585dd5a0>"}')
debug_merge_point(0, 0, '148<main.rpyeffect:148([method_Emit2840@Name(sum2829)#296])>+1: {"op": "ShiftDyn". "out": 1. "n": 3. "label": 1}')
+620: guard_nonnull(p15, descr=<Guard0x158613250>) [p0, p13, p12, p11, p3, p4, p15, p14, p6, p5, None, None, p9, i10, None, None, None, None, None, i16]
+632: guard_nonnull(p38, descr=<Guard0x158613280>) [p0, p13, p12, p11, p3, p4, p15, p14, p6, p5, None, None, p9, i10, None, None, None, None, None, i16]
+640: i40 = getfield_gc_i(p15, descr=<FieldS rpyeffect.stack.Label.inst_origin 8 pure>)
+648: guard_value(i40, 182282, descr=<Guard0x1586132b0>) [p0, p13, p12, p11, p3, p4, p15, p14, p6, p5, None, None, p9, i10, None, None, None, None, None, i16]
+664: i42 = getfield_gc_i(p38, descr=<FieldS rpyeffect.stack.Label.inst_origin 8 pure>)
+668: guard_value(i42, 153605, descr=<Guard0x1586132e0>) [p0, p13, p12, p11, p3, p4, p15, p14, p6, p5, None, None, p9, i10, None, None, None, None, None, i16]
+684: guard_nonnull(p5, descr=<Guard0x158613310>) [p0, p13, p12, p11, p3, p4, p15, p14, p6, p5, None, None, p9, i10, None, None, None, None, None, i16]
+696: i44 = getfield_gc_i(p5, descr=<FieldS rpyeffect.stack.Label.inst_origin 8 pure>)
+704: guard_value(i44, 182278, descr=<Guard0x158613340>) [p0, p13, p12, p11, p3, p4, p15, p14, p6, p5, None, None, p9, i10, None, None, None, None, None, i16]
+720: p46 = getfield_gc_r(p6, descr=<FieldP rpyeffect.stack.MetaStack.inst_region 24 pure>)
+728: guard_isnull(p46, descr=<Guard0x158613370>) [p0, p13, p12, p11, p3, p4, p15, p14, p6, p5, None, None, p9, i10, None, None, None, None, None, i16]
+736: p47 = getfield_gc_r(p6, descr=<FieldP rpyeffect.stack.MetaStack.inst_label 16 pure>)
+740: guard_nonnull(p47, descr=<Guard0x1586133a0>) [p0, p13, p12, p11, p3, p4, p15, p14, p6, p5, None, None, p9, i10, None, None, None, None, None, i16]
+748: i48 = getfield_gc_i(p47, descr=<FieldS rpyeffect.stack.Label.inst_origin 8 pure>)
+752: guard_value(i48, 182273, descr=<Guard0x1586133d0>) [p0, p13, p12, p11, p3, p4, p15, p14, p6, p5, None, None, p9, i10, None, None, None, None, None, i16]
+768: p50 = getfield_gc_r(p6, descr=<FieldP rpyeffect.stack.MetaStack.inst_tail 32 pure>)
+772: p51 = getfield_gc_r(p50, descr=<FieldP rpyeffect.stack.MetaStack.inst_region 24 pure>)
+776: guard_isnull(p51, descr=<Guard0x158613400>) [p0, p13, p12, p11, p3, p4, p15, p14, p6, p5, None, None, p9, i10, None, None, None, None, None, i16]
+784: p52 = getfield_gc_r(p50, descr=<FieldP rpyeffect.stack.MetaStack.inst_label 16 pure>)
+788: guard_nonnull(p52, descr=<Guard0x158613430>) [p0, p13, p12, p11, p3, p4, p15, p14, p6, p5, None, None, p9, i10, None, None, None, None, None, i16]
+796: i53 = getfield_gc_i(p52, descr=<FieldS rpyeffect.stack.Label.inst_origin 8 pure>)
+800: guard_value(i53, 158720, descr=<Guard0x158613460>) [p0, p13, p12, p11, p3, p4, p15, p14, p6, p5, None, None, p9, i10, None, None, None, None, None, i16]
+816: p55 = getfield_gc_r(p50, descr=<FieldP rpyeffect.stack.MetaStack.inst_tail 32 pure>)
+820: p56 = getfield_gc_r(p55, descr=<FieldP rpyeffect.stack.MetaStack.inst_region 24 pure>)
+824: guard_isnull(p56, descr=<Guard0x158613490>) [p0, p13, p12, p11, p3, p4, p15, p14, p6, p5, None, None, p9, i10, None, None, None, None, None, i16]
+832: p57 = getfield_gc_r(p55, descr=<FieldP rpyeffect.stack.MetaStack.inst_label 16 pure>)
+836: guard_nonnull(p57, descr=<Guard0x1586134c0>) [p0, p13, p12, p11, p3, p4, p15, p14, p6, p5, None, None, p9, i10, None, None, None, None, None, i16]
+844: i58 = getfield_gc_i(p57, descr=<FieldS rpyeffect.stack.Label.inst_origin 8 pure>)
+848: guard_value(i58, 153605, descr=<Guard0x1586134f0>) [p0, p13, p12, p11, p3, p4, p15, p14, p6, p5, None, None, p9, i10, None, None, None, None, None, i16]
+868: i60 = instance_ptr_eq(p57, p38)
guard_true(i60, descr=<Guard0x158613520>) [p0, p13, p12, p11, p3, p4, p15, p14, p6, p5, None, None, p9, i10, None, None, None, None, None, i16]
+876: p61 = getfield_gc_r(p55, descr=<FieldP rpyeffect.stack.MetaStackLike.inst_stack 8 pure>)
+880: guard_class(p55, 4303529624, descr=<Guard0x158613550>) [p0, p13, p12, p11, p3, p4, p15, p14, p6, p5, None, None, p9, i10, None, None, None, None, None, i16]
+896: p63 = getfield_gc_r(p55, descr=<FieldP rpyeffect.stack.MetaStack.inst_tail 32 pure>)
+900: p64 = getfield_gc_r(p50, descr=<FieldP rpyeffect.stack.MetaStackLike.inst_stack 8 pure>)
+904: guard_class(p50, 4303529624, descr=<Guard0x158613580>) [p0, p13, p12, p11, p3, p4, p15, p14, p6, p5, None, None, p9, i10, None, None, None, None, None, i16]
+920: p66 = getfield_gc_r(p6, descr=<FieldP rpyeffect.stack.MetaStackLike.inst_stack 8 pure>)
+924: guard_class(p6, 4303529624, descr=<Guard0x1586135b0>) [p0, p13, p12, p11, p3, p4, p15, p14, p6, p5, None, None, p9, i10, None, None, None, None, None, i16]
+940: guard_nonnull_class(p63, 4303529624, descr=<Guard0x1585e12f8>) [p0, p13, p12, p11, p3, p4, p15, p14, p6, p5, None, None, p9, i10, None, None, None, None, None, i16]
+964: p69 = getfield_gc_r(p63, descr=<FieldP rpyeffect.stack.MetaStackLike.inst_stack 8 pure>)
+968: p70 = getfield_gc_r(p63, descr=<FieldP rpyeffect.stack.MetaStack.inst_label 16 pure>)
+972: p71 = getfield_gc_r(p63, descr=<FieldP rpyeffect.stack.MetaStack.inst_tail 32 pure>)
+976: guard_nonnull(p69, descr=<Guard0x1586135e0>) [p0, p13, p12, p11, p3, p4, p15, p14, p6, p5, None, None, p9, i10, None, None, None, None, None, i16]
+984: i72 = getfield_gc_i(p69, descr=<FieldS rpyeffect.stored_environment.Stack__arb.inst_target 16 pure>)
+988: guard_value(i72, 144, descr=<Guard0x158613610>) [p0, p13, p12, p11, p3, p4, p15, p14, p6, p5, None, None, p9, i10, None, None, None, None, None, i16]
debug_merge_point(0, 0, '148<main.rpyeffect:148([method_Emit2840@Name(sum2829)#296])>+2: {"op": "Load". "out": 3. "type": "any". "ref": 2}')
+1000: p74 = getfield_gc_r(p39, descr=<FieldP rpyeffect.region.Ref.inst_allocation_site 8 pure>)
+1012: guard_value(p74, ConstPtr(ptr75), descr=<Guard0x158613640>) [p0, p13, p12, p11, p3, p4, p15, p14, p6, p5, None, None, p9, i10, None, None, None, None, None, i16]
+1020: p76 = getfield_gc_r(p39, descr=<FieldP rpyeffect.region.Ref.inst_value 16>)
+1024: i77 = getfield_gc_i(p76, descr=<FieldS rpyeffect.value.UnboxedIntValueRef.inst_value 8>)
debug_merge_point(0, 0, '148<main.rpyeffect:148([method_Emit2840@Name(sum2829)#296])>+3: {"op": "Push". "target": 147. "args": {"any": [1. 2]}}')
debug_merge_point(0, 0, '148<main.rpyeffect:148([method_Emit2840@Name(sum2829)#296])>+4: {"op": "Copy". "type": "any". "from": 0. "to". 1}')
debug_merge_point(0, 0, '148<main.rpyeffect:148([method_Emit2840@Name(sum2829)#296])>+5: {"op": "Copy". "type": "any". "from": 3. "to". 0}')
debug_merge_point(0, 0, '148<main.rpyeffect:148([method_Emit2840@Name(sum2829)#296])>+6: {"op": "Jump". "target": 6}')
debug_merge_point(0, 0, '6<main.rpyeffect:6(Name(infixAdd96))>+0: {"op": "PrimOp". "name": "infixAdd(Int. Int): Int". "out": {"any": [0]}. "in": {"any": [0. 1]}}')
+1028: i78 = int_add(i77, i10)
debug_merge_point(0, 0, '6<main.rpyeffect:6(Name(infixAdd96))>+1: {"op": "Return". "args": {"any": [0]}}')
debug_merge_point(0, 0, '147<main.rpyeffect:147([k@[method_Emit2840@Name(sum2829)#296]#301])>+0: {"op": "Store". "ref": 2. "type": "any". "value": 0}')
debug_merge_point(0, 0, '147<main.rpyeffect:147([k@[method_Emit2840@Name(sum2829)#296]#301])>+1: {"op": "Construct". "out": 0. "type": Interned(Unit). "tag": Interned(unit). "args": {"any": []}}')
debug_merge_point(0, 0, '147<main.rpyeffect:147([k@[method_Emit2840@Name(sum2829)#296]#301])>+2: {"op": "Construct". "out": 0. "type": Interned(Unit). "tag": Interned(unit). "args": {"any": []}}')
debug_merge_point(0, 0, '147<main.rpyeffect:147([k@[method_Emit2840@Name(sum2829)#296]#301])>+3: {"op": "Jump". "target": 142}')
debug_merge_point(0, 0, '142<main.rpyeffect:142(Name(resume2845))>+0: {"op": "PushStack". "arg": 1}')
debug_merge_point(0, 0, '142<main.rpyeffect:142(Name(resume2845))>+1: {"op": "Return". "args": {"any": [0]}}')
debug_merge_point(0, 0, '134<main.rpyeffect:134([k@[k@[then#263]#265]#272])>+0: {"op": "Const". "type": "ptr". "out": 0. "format": "int". "value": "<IntValue object at 0x1585dd800>"}')
debug_merge_point(0, 0, '134<main.rpyeffect:134([k@[k@[then#263]#265]#272])>+1: {"op": "Swap". "type": "any". "a": 2. "b". 1}')
debug_merge_point(0, 0, '134<main.rpyeffect:134([k@[k@[then#263]#265]#272])>+2: {"op": "Jump". "target": 141}')
debug_merge_point(0, 0, '141<main.rpyeffect:141(Name(parse2827))>+0: {"op": "Push". "target": 140. "args": {"any": [2. 1. 3. 0]}}')
debug_merge_point(0, 0, '141<main.rpyeffect:141(Name(parse2827))>+1: {"op": "Invoke". "receiver": 1. "tag": Interned(Read2838). "args" : {"any": []}}')
+1032: p79 = getfield_gc_r(p12, descr=<FieldP rpyeffect.codata.CoData.inst_vtable 8 pure>)
+1040: setfield_gc(p76, i78, descr=<FieldS rpyeffect.value.UnboxedIntValueRef.inst_value 8>)
+1048: guard_value(p79, ConstPtr(ptr80), descr=<Guard0x1585e1340>) [p0, p12, p13, p11, p3, p4, p15, p79, p71, p70, p69, p57, p61, p52, p64, p47, p66, None, p5, None, None, p9, None, None, None, None, p14, None, None]
+1056: p81 = getfield_gc_r(p12, descr=<FieldP rpyeffect.stored_environment.CoData__5.inst_values_ptr_0 24 pure>)
+1060: p82 = getfield_gc_r(p12, descr=<FieldP rpyeffect.stored_environment.CoData__5.inst_values_ptr_1 32 pure>)
+1064: p83 = getfield_gc_r(p12, descr=<FieldP rpyeffect.stored_environment.CoData__5.inst_values_ptr_2 40 pure>)
+1072: p84 = getfield_gc_r(p12, descr=<FieldP rpyeffect.stored_environment.CoData__5.inst_values_ptr_3 48 pure>)
+1080: p85 = getfield_gc_r(p12, descr=<FieldP rpyeffect.stored_environment.CoData__5.inst_values_ptr_4 56 pure>)
debug_merge_point(0, 0, '176<main.rpyeffect:176([method_Read2838@Name(feed2834)#338])>+0: {"op": "Const". "type": "ptr". "out": 5. "format": "int". "value": "<IntValue object at 0x1585fc640>"}')
debug_merge_point(0, 0, '176<main.rpyeffect:176([method_Read2838@Name(feed2834)#338])>+1: {"op": "ShiftDyn". "out": 4. "n": 5. "label": 4}')
+1088: guard_nonnull(p85, descr=<Guard0x158613670>) [p0, p12, p13, p11, p3, p4, p15, p79, p71, p70, p69, p57, p61, p52, p64, p47, p66, None, p5, None, None, p9, None, None, None, None, p14, None, None]
+1096: i86 = getfield_gc_i(p85, descr=<FieldS rpyeffect.stack.Label.inst_origin 8 pure>)
+1104: guard_value(i86, 182282, descr=<Guard0x1586136a0>) [p0, p12, p13, p11, p3, p4, p15, p79, p71, p70, p69, p57, p61, p52, p64, p47, p66, None, p5, None, None, p9, None, None, None, None, p14, None, None]
+1124: i88 = instance_ptr_eq(p15, p85)
guard_true(i88, descr=<Guard0x1586136d0>) [p0, p12, p13, p11, p3, p4, p15, p79, p71, p70, p69, p57, p61, p52, p64, p47, p66, None, p5, None, None, p9, None, None, None, None, p14, None, None]
debug_merge_point(0, 0, '176<main.rpyeffect:176([method_Read2838@Name(feed2834)#338])>+2: {"op": "Load". "out": 5. "type": "any". "ref": 1}')
+1132: p89 = getfield_gc_r(p82, descr=<FieldP rpyeffect.region.Ref.inst_allocation_site 8 pure>)
+1136: guard_value(p89, ConstPtr(ptr90), descr=<Guard0x158613700>) [p0, p12, p13, p11, p3, p4, p15, p79, p71, p70, p69, p57, p61, p52, p64, p47, p66, None, p5, None, None, p9, None, None, None, None, p14, None, None]
+1144: p91 = getfield_gc_r(p82, descr=<FieldP rpyeffect.region.Ref.inst_value 16>)
+1148: i92 = getfield_gc_i(p91, descr=<FieldS rpyeffect.value.UnboxedIntValueRef.inst_value 8>)
debug_merge_point(0, 0, '176<main.rpyeffect:176([method_Read2838@Name(feed2834)#338])>+3: {"op": "Push". "target": 175. "args": {"any": [0. 1. 2. 4]}}')
debug_merge_point(0, 0, '176<main.rpyeffect:176([method_Read2838@Name(feed2834)#338])>+4: {"op": "Copy". "type": "any". "from": 5. "to". 0}')
debug_merge_point(0, 0, '176<main.rpyeffect:176([method_Read2838@Name(feed2834)#338])>+5: {"op": "Copy". "type": "any". "from": 3. "to". 1}')
debug_merge_point(0, 0, '176<main.rpyeffect:176([method_Read2838@Name(feed2834)#338])>+6: {"op": "Jump". "target": 10}')
debug_merge_point(0, 0, '10<main.rpyeffect:10(Name(infixGt184))>+0: {"op": "PrimOp". "name": "infixGt(Int. Int): Boolean". "out": {"any": [0]}. "in": {"any": [0. 1]}}')
+1152: p93 = new_with_vtable(descr=<SizeDescr 64>)
+1264: p94 = new_with_vtable(descr=<SizeDescr 40>)
+1276: p95 = new_with_vtable(descr=<SizeDescr 64>)
+1288: setfield_gc(p95, p14, descr=<FieldP rpyeffect.stored_environment.Stack__arb.inst_tail 8 pure>)
+1292: setfield_gc(p95, 140, descr=<FieldS rpyeffect.stored_environment.Stack__arb.inst_target 16 pure>)
+1300: setfield_gc(p95, p13, descr=<FieldP rpyeffect.stored_environment.Stack__4.inst_values_ptr_0 32 pure>)
+1304: setfield_gc(p95, p12, descr=<FieldP rpyeffect.stored_environment.Stack__4.inst_values_ptr_1 40 pure>)
+1308: setfield_gc(p95, p11, descr=<FieldP rpyeffect.stored_environment.Stack__4.inst_values_ptr_2 48 pure>)
+1320: setfield_gc(p95, ConstPtr(ptr97), descr=<FieldP rpyeffect.stored_environment.Stack__4.inst_values_ptr_3 56 pure>)
+1324: setfield_gc(p94, p95, descr=<FieldP rpyeffect.stack.MetaStackLike.inst_stack 8 pure>)
+1328: setfield_gc(p94, p15, descr=<FieldP rpyeffect.stack.MetaStack.inst_label 16 pure>)
+1332: setfield_gc(p94, ConstPtr(null), descr=<FieldP rpyeffect.stack.MetaStack.inst_region 24 pure>)
+1340: setfield_gc(p94, ConstPtr(null), descr=<FieldP rpyeffect.stack.MetaStack.inst_tail 32 pure>)
+1348: p100 = new_with_vtable(descr=<SizeDescr 40>)
+1360: p101 = new_with_vtable(descr=<SizeDescr 40>)
+1372: setfield_gc(p101, p64, descr=<FieldP rpyeffect.stack.MetaStackLike.inst_stack 8 pure>)
+1376: setfield_gc(p101, p52, descr=<FieldP rpyeffect.stack.MetaStack.inst_label 16 pure>)
+1380: setfield_gc(p101, ConstPtr(null), descr=<FieldP rpyeffect.stack.MetaStack.inst_region 24 pure>)
+1388: p103 = new_with_vtable(descr=<SizeDescr 40>)
+1400: setfield_gc(p103, p61, descr=<FieldP rpyeffect.stack.MetaStackLike.inst_stack 8 pure>)
+1404: setfield_gc(p103, p57, descr=<FieldP rpyeffect.stack.MetaStack.inst_label 16 pure>)
+1408: setfield_gc(p103, ConstPtr(null), descr=<FieldP rpyeffect.stack.MetaStack.inst_region 24 pure>)
+1416: p105 = new_with_vtable(descr=<SizeDescr 40>)
+1428: setfield_gc(p105, p69, descr=<FieldP rpyeffect.stack.MetaStackLike.inst_stack 8 pure>)
+1432: setfield_gc(p105, p70, descr=<FieldP rpyeffect.stack.MetaStack.inst_label 16 pure>)
+1436: setfield_gc(p105, ConstPtr(null), descr=<FieldP rpyeffect.stack.MetaStack.inst_region 24 pure>)
+1444: setfield_gc(p105, p71, descr=<FieldP rpyeffect.stack.MetaStack.inst_tail 32 pure>)
+1452: setfield_gc(p103, p105, descr=<FieldP rpyeffect.stack.MetaStack.inst_tail 32 pure>)
+1456: setfield_gc(p101, p103, descr=<FieldP rpyeffect.stack.MetaStack.inst_tail 32 pure>)
+1460: p107 = new_with_vtable(descr=<SizeDescr 16>)
+1472: setfield_gc(p107, i92, descr=<FieldS rpyeffect.value.IntValue.inst_value 8 pure>)
+1476: setfield_gc(p93, 175, descr=<FieldS rpyeffect.stored_environment.Stack__arb.inst_target 16 pure>)
+1484: setfield_gc(p100, ConstPtr(null), descr=<FieldP rpyeffect.stack.MetaStack.inst_region 24 pure>)
+1492: setfield_gc(p100, p47, descr=<FieldP rpyeffect.stack.MetaStack.inst_label 16 pure>)
+1500: setfield_gc(p100, p101, descr=<FieldP rpyeffect.stack.MetaStack.inst_tail 32 pure>)
+1504: setfield_gc(p100, p66, descr=<FieldP rpyeffect.stack.MetaStackLike.inst_stack 8 pure>)
+1512: setfield_gc(p93, p9, descr=<FieldP rpyeffect.stored_environment.Stack__arb.inst_tail 8 pure>)
+1520: setfield_gc(p93, p81, descr=<FieldP rpyeffect.stored_environment.Stack__4.inst_values_ptr_0 32 pure>)
+1528: setfield_gc(p93, p82, descr=<FieldP rpyeffect.stored_environment.Stack__4.inst_values_ptr_1 40 pure>)
+1532: setfield_gc(p93, p83, descr=<FieldP rpyeffect.stored_environment.Stack__4.inst_values_ptr_2 48 pure>)
+1540: setfield_gc(p93, p94, descr=<FieldP rpyeffect.stored_environment.Stack__4.inst_values_ptr_3 56 pure>)
+1564: jump(p5, p93, p0, p100, ConstPtr(ptr110), p107, p84, p83, p84, p94, p107, p3, p4, descr=TargetToken(5777560992))
+1624: --end of the loop--
[75afc4] jit-log-opt-bridge}
[19461649] {jit-summary
Tracing:      	3	0.002166
Backend:      	3	0.000750
TOTAL:      		0.420109
ops:             	8599
heapcached ops:  	1579
recorded ops:    	1977
  calls:         	247
guards:          	377
opt ops:         	661
opt guards:      	113
opt guards shared:	99
forcings:        	0
abort: trace too long:	0
abort: compiling:	0
abort: vable escape:	0
abort: bad loop: 	0
abort: force quasi-immut:	0
abort: segmenting trace:	0
virtualizables forced:	0
nvirtuals:       	34
nvholes:         	6
nvreused:        	2
vecopt tried:    	0
vecopt success:  	0
Total # of loops:	2
Total # of bridges:	1
Freed # of loops:	0
Freed # of bridges:	0
[19463d05] jit-summary}
