[8392f1] {jit-log-opt-loop
# Loop 1 (156<list_tail.rpyeffect:156([match_Tuple2334@Name(isShorterThan2820)#288])>+0: {"op": "Match", "type": Interned(List916), "scrutinee": 1, "clauses": [{"tag": Interned(Nil1153), "target": 151, "args": {"any": []}}, {"tag": Interned(Cons1154), "target": 155, "args": {"any": [1, 2]}}], "default": {"tag": Interned(6fb7c48a-f49f-4a04-b48c-48e5e6b46158#[Missing Tag#428]), "target": 150, "args": {"any": []}}}) : loop with 51 ops
[p0, p1, p2, p3, p4]
+216: p5 = getfield_gc_r(p2, descr=<FieldP rpyeffect.environment.Environment.inst_values_ptr 16>)
+224: p7 = getarrayitem_gc_r(p5, 0, descr=<ArrayP 8>)
+228: p9 = getarrayitem_gc_r(p5, 1, descr=<ArrayP 8>)
+232: p11 = getarrayitem_gc_r(p5, 2, descr=<ArrayP 8>)
+236: p13 = getarrayitem_gc_r(p5, 3, descr=<ArrayP 8>)
+240: p15 = getarrayitem_gc_r(p5, 4, descr=<ArrayP 8>)
+244: p17 = getarrayitem_gc_r(p5, 5, descr=<ArrayP 8>)
+248: p19 = getarrayitem_gc_r(p5, 6, descr=<ArrayP 8>)
+252: label(p0, p1, p2, p3, p4, p7, p9, p11, p13, p15, p17, p19, descr=TargetToken(5509089568))
debug_merge_point(0, 0, '156<list_tail.rpyeffect:156([match_Tuple2334@Name(isShorterThan2820)#288])>+0: {"op": "Match". "type": Interned(List916). "scrutinee": 1. "clauses": [{"tag": Interned(Nil1153). "target": 151. "args": {"any": []}}. {"tag": Interned(Cons1154). "target": 155. "args": {"any": [1. 2]}}]. "default": {"tag": Interned(6fb7c48a-f49f-4a04-b48c-48e5e6b46158#[Missing Tag#428]). "target": 150. "args": {"any": []}}}')
+272: guard_not_invalidated(descr=<Guard0x1485f11d8>) [p2, p7, p9, p11, p13, p15, p17, p19, p0, p1, p3, p4]
+276: p20 = getfield_gc_r(p9, descr=<FieldP rpyeffect.data.Data.inst_tag 8>)
+284: guard_value(p20, ConstPtr(ptr21), descr=<Guard0x1485f6830>) [p2, p7, p9, p11, p13, p15, p17, p19, p0, p1, p3, p4]
+292: p22 = getfield_gc_r(p9, descr=<FieldP rpyeffect.stored_environment.Data__2.inst_values_ptr_0 24 pure>)
+292: p23 = getfield_gc_r(p9, descr=<FieldP rpyeffect.stored_environment.Data__2.inst_values_ptr_1 32 pure>)
debug_merge_point(0, 0, '155<list_tail.rpyeffect:155([#293])>+0: {"op": "Copy". "type": "any". "from": 0. "to". 1}')
debug_merge_point(0, 0, '155<list_tail.rpyeffect:155([#293])>+1: {"op": "Copy". "type": "any". "from": 2. "to". 0}')
debug_merge_point(0, 0, '155<list_tail.rpyeffect:155([#293])>+2: {"op": "Match". "type": Interned(List916). "scrutinee": 1. "clauses": [{"tag": Interned(Nil1153). "target": 153. "args": {"any": []}}. {"tag": Interned(Cons1154). "target": 154. "args": {"any": [1. 2]}}]. "default": {"tag": Interned(6fb7c48a-f49f-4a04-b48c-48e5e6b46158#[Missing Tag#427]). "target": 152. "args": {"any": []}}}')
+296: p24 = getfield_gc_r(p7, descr=<FieldP rpyeffect.data.Data.inst_tag 8>)
+300: guard_value(p24, ConstPtr(ptr25), descr=<Guard0x1485f6860>) [p2, p7, p9, p11, p13, p15, p17, p19, p0, p1, p3, p4]
+308: p26 = getfield_gc_r(p7, descr=<FieldP rpyeffect.stored_environment.Data__2.inst_values_ptr_0 24 pure>)
+308: p27 = getfield_gc_r(p7, descr=<FieldP rpyeffect.stored_environment.Data__2.inst_values_ptr_1 32 pure>)
debug_merge_point(0, 0, '154<list_tail.rpyeffect:154([match_Cons1154@[#293]#296])>+0: {"op": "Copy". "type": "any". "from": 0. "to". 1}')
debug_merge_point(0, 0, '154<list_tail.rpyeffect:154([match_Cons1154@[#293]#296])>+1: {"op": "Copy". "type": "any". "from": 2. "to". 0}')
debug_merge_point(0, 0, '154<list_tail.rpyeffect:154([match_Cons1154@[#293]#296])>+2: {"op": "Jump". "target": 145}')
debug_merge_point(0, 0, '145<list_tail.rpyeffect:145(Name(b_k_29164003))>+0: {"op": "Jump". "target": 157}')
debug_merge_point(0, 0, '157<list_tail.rpyeffect:157(Name(isShorterThan2820))>+0: {"op": "Construct". "out": 0. "type": Interned(Tuple2252). "tag": Interned(Tuple2334). "args": {"any": [0. 1]}}')
debug_merge_point(0, 0, '157<list_tail.rpyeffect:157(Name(isShorterThan2820))>+1: {"op": "Match". "type": Interned(Tuple2252). "scrutinee": 0. "clauses": [{"tag": Interned(Tuple2334). "target": 156. "args": {"any": [0. 1]}}]. "default": {"tag": Interned(6fb7c48a-f49f-4a04-b48c-48e5e6b46158#[Missing Tag#429]). "target": 147. "args": {"any": []}}}')
debug_merge_point(0, 0, '156<list_tail.rpyeffect:156([match_Tuple2334@Name(isShorterThan2820)#288])>+0: {"op": "Match". "type": Interned(List916). "scrutinee": 1. "clauses": [{"tag": Interned(Nil1153). "target": 151. "args": {"any": []}}. {"tag": Interned(Cons1154). "target": 155. "args": {"any": [1. 2]}}]. "default": {"tag": Interned(6fb7c48a-f49f-4a04-b48c-48e5e6b46158#[Missing Tag#428]). "target": 150. "args": {"any": []}}}')
+312: label(p0, p1, p2, p3, p4, p27, p23, p13, p15, p17, p19, descr=TargetToken(5509089632))
debug_merge_point(0, 0, '156<list_tail.rpyeffect:156([match_Tuple2334@Name(isShorterThan2820)#288])>+0: {"op": "Match". "type": Interned(List916). "scrutinee": 1. "clauses": [{"tag": Interned(Nil1153). "target": 151. "args": {"any": []}}. {"tag": Interned(Cons1154). "target": 155. "args": {"any": [1. 2]}}]. "default": {"tag": Interned(6fb7c48a-f49f-4a04-b48c-48e5e6b46158#[Missing Tag#428]). "target": 150. "args": {"any": []}}}')
+312: guard_not_invalidated(descr=<Guard0x1485f1220>) [p2, p27, p23, p13, p15, p17, p19, p0, p1, p3, p4]
+316: p28 = getfield_gc_r(p23, descr=<FieldP rpyeffect.data.Data.inst_tag 8>)
+324: guard_value(p28, ConstPtr(ptr29), descr=<Guard0x1485f6890>) [p2, p27, p23, p13, p15, p17, p19, p0, p1, p3, p4]
+332: p30 = getfield_gc_r(p23, descr=<FieldP rpyeffect.stored_environment.Data__2.inst_values_ptr_0 24 pure>)
+332: p31 = getfield_gc_r(p23, descr=<FieldP rpyeffect.stored_environment.Data__2.inst_values_ptr_1 32 pure>)
debug_merge_point(0, 0, '155<list_tail.rpyeffect:155([#293])>+0: {"op": "Copy". "type": "any". "from": 0. "to". 1}')
debug_merge_point(0, 0, '155<list_tail.rpyeffect:155([#293])>+1: {"op": "Copy". "type": "any". "from": 2. "to". 0}')
debug_merge_point(0, 0, '155<list_tail.rpyeffect:155([#293])>+2: {"op": "Match". "type": Interned(List916). "scrutinee": 1. "clauses": [{"tag": Interned(Nil1153). "target": 153. "args": {"any": []}}. {"tag": Interned(Cons1154). "target": 154. "args": {"any": [1. 2]}}]. "default": {"tag": Interned(6fb7c48a-f49f-4a04-b48c-48e5e6b46158#[Missing Tag#427]). "target": 152. "args": {"any": []}}}')
+336: p32 = getfield_gc_r(p27, descr=<FieldP rpyeffect.data.Data.inst_tag 8>)
+340: guard_value(p32, ConstPtr(ptr33), descr=<Guard0x1485f68c0>) [p2, p27, p23, p13, p15, p17, p19, p0, p1, p3, p4]
+348: p34 = getfield_gc_r(p27, descr=<FieldP rpyeffect.stored_environment.Data__2.inst_values_ptr_0 24 pure>)
+348: p35 = getfield_gc_r(p27, descr=<FieldP rpyeffect.stored_environment.Data__2.inst_values_ptr_1 32 pure>)
debug_merge_point(0, 0, '154<list_tail.rpyeffect:154([match_Cons1154@[#293]#296])>+0: {"op": "Copy". "type": "any". "from": 0. "to". 1}')
debug_merge_point(0, 0, '154<list_tail.rpyeffect:154([match_Cons1154@[#293]#296])>+1: {"op": "Copy". "type": "any". "from": 2. "to". 0}')
debug_merge_point(0, 0, '154<list_tail.rpyeffect:154([match_Cons1154@[#293]#296])>+2: {"op": "Jump". "target": 145}')
debug_merge_point(0, 0, '145<list_tail.rpyeffect:145(Name(b_k_29164003))>+0: {"op": "Jump". "target": 157}')
debug_merge_point(0, 0, '157<list_tail.rpyeffect:157(Name(isShorterThan2820))>+0: {"op": "Construct". "out": 0. "type": Interned(Tuple2252). "tag": Interned(Tuple2334). "args": {"any": [0. 1]}}')
debug_merge_point(0, 0, '157<list_tail.rpyeffect:157(Name(isShorterThan2820))>+1: {"op": "Match". "type": Interned(Tuple2252). "scrutinee": 0. "clauses": [{"tag": Interned(Tuple2334). "target": 156. "args": {"any": [0. 1]}}]. "default": {"tag": Interned(6fb7c48a-f49f-4a04-b48c-48e5e6b46158#[Missing Tag#429]). "target": 147. "args": {"any": []}}}')
debug_merge_point(0, 0, '156<list_tail.rpyeffect:156([match_Tuple2334@Name(isShorterThan2820)#288])>+0: {"op": "Match". "type": Interned(List916). "scrutinee": 1. "clauses": [{"tag": Interned(Nil1153). "target": 151. "args": {"any": []}}. {"tag": Interned(Cons1154). "target": 155. "args": {"any": [1. 2]}}]. "default": {"tag": Interned(6fb7c48a-f49f-4a04-b48c-48e5e6b46158#[Missing Tag#428]). "target": 150. "args": {"any": []}}}')
+352: jump(p0, p1, p2, p3, p4, p35, p31, p13, p15, p17, p19, descr=TargetToken(5509089632))
+360: --end of the loop--
[84ddd5] jit-log-opt-loop}
[8c0055] {jit-log-opt-bridge
# bridge out of Guard 0x1485f6890 with 50 ops
[p0, p1, p2, p3, p4, p5, p6, p7, p8, p9, p10]
+136: guard_not_invalidated(descr=<Guard0x1485f1268>) [p0, p1, p2, p3, p4, p5, p6, p7, p8, p9, p10]
+140: p11 = getfield_gc_r(p2, descr=<FieldP rpyeffect.data.Data.inst_tag 8>)
+148: guard_value(p11, ConstPtr(ptr12), descr=<Guard0x1485f69e0>) [p0, p1, p2, p3, p4, p5, p6, p7, p8, p9, p10]
debug_merge_point(0, 0, '151<list_tail.rpyeffect:151([#292])>+0: {"op": "Jump". "target": 142}')
debug_merge_point(0, 0, '142<list_tail.rpyeffect:142(Name(b_k_29134001))>+0: {"op": "Const". "type": "ptr". "out": 0. "format": "bool". "value": "<BoolValue object at 0x1485db730>"}')
debug_merge_point(0, 0, '142<list_tail.rpyeffect:142(Name(b_k_29134001))>+1: {"op": "Return". "args": {"any": [0]}}')
+156: guard_nonnull(p8, descr=<Guard0x1485f6a10>) [p0, p1, p2, p3, p4, p5, p6, p7, p8, p9, p10]
+168: i13 = getfield_gc_i(p8, descr=<FieldS rpyeffect.stored_environment.Stack__arb.inst_target 16 pure>)
+176: guard_value(i13, 182, descr=<Guard0x1485f6a40>) [p0, p1, p2, p3, p4, p5, p6, p7, p8, p9, p10]
+188: p15 = getfield_gc_r(p8, descr=<FieldP rpyeffect.stored_environment.Stack__3.inst_values_ptr_0 32 pure>)
+188: p16 = getfield_gc_r(p8, descr=<FieldP rpyeffect.stored_environment.Stack__3.inst_values_ptr_1 40 pure>)
+188: p17 = getfield_gc_r(p8, descr=<FieldP rpyeffect.stored_environment.Stack__3.inst_values_ptr_2 48 pure>)
+192: p18 = getfield_gc_r(p8, descr=<FieldP rpyeffect.stored_environment.Stack__arb.inst_tail 8 pure>)
debug_merge_point(0, 0, '182<list_tail.rpyeffect:182([k@Name(tail2826)#329])>+0: {"op": "Swap". "type": "any". "a": 3. "b". 1}')
debug_merge_point(0, 0, '182<list_tail.rpyeffect:182([k@Name(tail2826)#329])>+1: {"op": "Swap". "type": "any". "a": 2. "b". 1}')
debug_merge_point(0, 0, '182<list_tail.rpyeffect:182([k@Name(tail2826)#329])>+2: {"op": "Swap". "type": "any". "a": 0. "b". 1}')
debug_merge_point(0, 0, '182<list_tail.rpyeffect:182([k@Name(tail2826)#329])>+3: {"op": "IfZero". "cond": 1. "then": {"tag": null. "target": 172. "args": {"any": []}}}')
debug_merge_point(0, 0, '172<list_tail.rpyeffect:172([then#332])>+0: {"op": "Copy". "type": "any". "from": 2. "to". 0}')
debug_merge_point(0, 0, '172<list_tail.rpyeffect:172([then#332])>+1: {"op": "Return". "args": {"any": [0]}}')
+196: guard_nonnull(p18, descr=<Guard0x1485f6a70>) [p0, p1, p2, p3, p4, p5, p6, p7, p8, p9, p10]
+204: i19 = getfield_gc_i(p18, descr=<FieldS rpyeffect.stored_environment.Stack__arb.inst_target 16 pure>)
+208: guard_value(i19, 166, descr=<Guard0x1485f6aa0>) [p0, p1, p2, p3, p4, p5, p6, p7, p8, p9, p10]
+220: p21 = getfield_gc_r(p18, descr=<FieldP rpyeffect.stored_environment.Stack__4.inst_values_ptr_0 32 pure>)
+224: p22 = getfield_gc_r(p18, descr=<FieldP rpyeffect.stored_environment.Stack__4.inst_values_ptr_1 40 pure>)
+228: p23 = getfield_gc_r(p18, descr=<FieldP rpyeffect.stored_environment.Stack__4.inst_values_ptr_2 48 pure>)
+232: p24 = getfield_gc_r(p18, descr=<FieldP rpyeffect.stored_environment.Stack__4.inst_values_ptr_3 56 pure>)
+236: p25 = getfield_gc_r(p18, descr=<FieldP rpyeffect.stored_environment.Stack__arb.inst_tail 8 pure>)
debug_merge_point(0, 0, '166<list_tail.rpyeffect:166([k@[k@Name(b_k_29384008)#317]#319])>+0: {"op": "Push". "target": 165. "args": {"any": [1. 0]}}')
debug_merge_point(0, 0, '166<list_tail.rpyeffect:166([k@[k@Name(b_k_29384008)#317]#319])>+1: {"op": "Copy". "type": "any". "from": 4. "to". 0}')
debug_merge_point(0, 0, '166<list_tail.rpyeffect:166([k@[k@Name(b_k_29384008)#317]#319])>+2: {"op": "Copy". "type": "any". "from": 2. "to". 1}')
debug_merge_point(0, 0, '166<list_tail.rpyeffect:166([k@[k@Name(b_k_29384008)#317]#319])>+3: {"op": "Copy". "type": "any". "from": 3. "to". 2}')
debug_merge_point(0, 0, '166<list_tail.rpyeffect:166([k@[k@Name(b_k_29384008)#317]#319])>+4: {"op": "Jump". "target": 183}')
debug_merge_point(0, 0, '183<list_tail.rpyeffect:183(Name(tail2826))>+0: {"op": "Push". "target": 182. "args": {"any": [0. 1. 2]}}')
debug_merge_point(0, 0, '183<list_tail.rpyeffect:183(Name(tail2826))>+1: {"op": "Swap". "type": "any". "a": 0. "b". 1}')
debug_merge_point(0, 0, '183<list_tail.rpyeffect:183(Name(tail2826))>+2: {"op": "Jump". "target": 157}')
debug_merge_point(0, 0, '157<list_tail.rpyeffect:157(Name(isShorterThan2820))>+0: {"op": "Construct". "out": 0. "type": Interned(Tuple2252). "tag": Interned(Tuple2334). "args": {"any": [0. 1]}}')
debug_merge_point(0, 0, '157<list_tail.rpyeffect:157(Name(isShorterThan2820))>+1: {"op": "Match". "type": Interned(Tuple2252). "scrutinee": 0. "clauses": [{"tag": Interned(Tuple2334). "target": 156. "args": {"any": [0. 1]}}]. "default": {"tag": Interned(6fb7c48a-f49f-4a04-b48c-48e5e6b46158#[Missing Tag#429]). "target": 147. "args": {"any": []}}}')
debug_merge_point(0, 0, '156<list_tail.rpyeffect:156([match_Tuple2334@Name(isShorterThan2820)#288])>+0: {"op": "Match". "type": Interned(List916). "scrutinee": 1. "clauses": [{"tag": Interned(Nil1153). "target": 151. "args": {"any": []}}. {"tag": Interned(Cons1154). "target": 155. "args": {"any": [1. 2]}}]. "default": {"tag": Interned(6fb7c48a-f49f-4a04-b48c-48e5e6b46158#[Missing Tag#428]). "target": 150. "args": {"any": []}}}')
+240: p26 = new_with_vtable(descr=<SizeDescr 56>)
+348: p27 = new_with_vtable(descr=<SizeDescr 48>)
+360: setfield_gc(p27, p25, descr=<FieldP rpyeffect.stored_environment.Stack__arb.inst_tail 8 pure>)
+364: setfield_gc(p27, 165, descr=<FieldS rpyeffect.stored_environment.Stack__arb.inst_target 16 pure>)
+372: setfield_gc(p27, p21, descr=<FieldP rpyeffect.stored_environment.Stack__2.inst_values_ptr_0 32 pure>)
+376: setfield_gc(p27, p17, descr=<FieldP rpyeffect.stored_environment.Stack__2.inst_values_ptr_1 40 pure>)
+380: setfield_gc(p26, 182, descr=<FieldS rpyeffect.stored_environment.Stack__arb.inst_target 16 pure>)
+388: setfield_gc(p26, p24, descr=<FieldP rpyeffect.stored_environment.Stack__3.inst_values_ptr_0 32 pure>)
+392: setfield_gc(p26, p22, descr=<FieldP rpyeffect.stored_environment.Stack__3.inst_values_ptr_1 40 pure>)
+396: setfield_gc(p26, p23, descr=<FieldP rpyeffect.stored_environment.Stack__3.inst_values_ptr_2 48 pure>)
+404: setfield_gc(p26, p27, descr=<FieldP rpyeffect.stored_environment.Stack__arb.inst_tail 8 pure>)
+424: jump(p7, p26, p0, p9, p10, p22, p24, p23, p23, p24, p5, p6, descr=TargetToken(5509089568))
+468: --end of the loop--
[8cb23a] jit-log-opt-bridge}
[9633a9] {jit-log-opt-bridge
# bridge out of Guard 0x1485f68c0 with 83 ops
[p0, p1, p2, p3, p4, p5, p6, p7, p8, p9, p10]
+152: guard_not_invalidated(descr=<Guard0x1485f12b0>) [p0, p1, p2, p3, p4, p5, p6, p7, p8, p9, p10]
+156: p11 = getfield_gc_r(p2, descr=<FieldP rpyeffect.data.Data.inst_tag 8>)
+164: guard_value(p11, ConstPtr(ptr12), descr=<Guard0x1485f6b30>) [p0, p1, p2, p3, p4, p5, p6, p7, p8, p9, p10]
+172: p13 = getfield_gc_r(p2, descr=<FieldP rpyeffect.stored_environment.Data__2.inst_values_ptr_0 24 pure>)
+172: p14 = getfield_gc_r(p2, descr=<FieldP rpyeffect.stored_environment.Data__2.inst_values_ptr_1 32 pure>)
debug_merge_point(0, 0, '155<list_tail.rpyeffect:155([#293])>+0: {"op": "Copy". "type": "any". "from": 0. "to". 1}')
debug_merge_point(0, 0, '155<list_tail.rpyeffect:155([#293])>+1: {"op": "Copy". "type": "any". "from": 2. "to". 0}')
debug_merge_point(0, 0, '155<list_tail.rpyeffect:155([#293])>+2: {"op": "Match". "type": Interned(List916). "scrutinee": 1. "clauses": [{"tag": Interned(Nil1153). "target": 153. "args": {"any": []}}. {"tag": Interned(Cons1154). "target": 154. "args": {"any": [1. 2]}}]. "default": {"tag": Interned(6fb7c48a-f49f-4a04-b48c-48e5e6b46158#[Missing Tag#427]). "target": 152. "args": {"any": []}}}')
+172: p15 = getfield_gc_r(p1, descr=<FieldP rpyeffect.data.Data.inst_tag 8>)
+180: guard_value(p15, ConstPtr(ptr16), descr=<Guard0x1485f6b60>) [p0, p1, p2, p3, p4, p5, p6, p7, p8, p9, p10]
debug_merge_point(0, 0, '153<list_tail.rpyeffect:153([match_Nil1153@[#293]#295])>+0: {"op": "Jump". "target": 143}')
debug_merge_point(0, 0, '143<list_tail.rpyeffect:143(Name(b_k_29144002))>+0: {"op": "Const". "type": "ptr". "out": 0. "format": "bool". "value": "<BoolValue object at 0x1485db700>"}')
debug_merge_point(0, 0, '143<list_tail.rpyeffect:143(Name(b_k_29144002))>+1: {"op": "Return". "args": {"any": [0]}}')
+188: guard_nonnull(p8, descr=<Guard0x1485f6b90>) [p0, p1, p2, p3, p4, p5, p6, p7, p8, p9, p10]
+200: i17 = getfield_gc_i(p8, descr=<FieldS rpyeffect.stored_environment.Stack__arb.inst_target 16 pure>)
+208: guard_value(i17, 182, descr=<Guard0x1485f6bc0>) [p0, p1, p2, p3, p4, p5, p6, p7, p8, p9, p10]
+220: p19 = getfield_gc_r(p8, descr=<FieldP rpyeffect.stored_environment.Stack__3.inst_values_ptr_0 32 pure>)
+224: p20 = getfield_gc_r(p8, descr=<FieldP rpyeffect.stored_environment.Stack__3.inst_values_ptr_1 40 pure>)
+228: p21 = getfield_gc_r(p8, descr=<FieldP rpyeffect.stored_environment.Stack__3.inst_values_ptr_2 48 pure>)
+232: p22 = getfield_gc_r(p8, descr=<FieldP rpyeffect.stored_environment.Stack__arb.inst_tail 8 pure>)
debug_merge_point(0, 0, '182<list_tail.rpyeffect:182([k@Name(tail2826)#329])>+0: {"op": "Swap". "type": "any". "a": 3. "b". 1}')
debug_merge_point(0, 0, '182<list_tail.rpyeffect:182([k@Name(tail2826)#329])>+1: {"op": "Swap". "type": "any". "a": 2. "b". 1}')
debug_merge_point(0, 0, '182<list_tail.rpyeffect:182([k@Name(tail2826)#329])>+2: {"op": "Swap". "type": "any". "a": 0. "b". 1}')
debug_merge_point(0, 0, '182<list_tail.rpyeffect:182([k@Name(tail2826)#329])>+3: {"op": "IfZero". "cond": 1. "then": {"tag": null. "target": 172. "args": {"any": []}}}')
debug_merge_point(0, 0, '182<list_tail.rpyeffect:182([k@Name(tail2826)#329])>+4: {"op": "Construct". "out": 1. "type": Interned(Tuple3256). "tag": Interned(Tuple3339). "args": {"any": [3. 0. 2]}}')
debug_merge_point(0, 0, '182<list_tail.rpyeffect:182([k@Name(tail2826)#329])>+5: {"op": "Swap". "type": "any". "a": 3. "b". 1}')
debug_merge_point(0, 0, '182<list_tail.rpyeffect:182([k@Name(tail2826)#329])>+6: {"op": "Swap". "type": "any". "a": 0. "b". 1}')
debug_merge_point(0, 0, '182<list_tail.rpyeffect:182([k@Name(tail2826)#329])>+7: {"op": "Match". "type": Interned(Tuple3256). "scrutinee": 3. "clauses": [{"tag": Interned(Tuple3339). "target": 181. "args": {"any": [3. 4. 5]}}]. "default": {"tag": Interned(6fb7c48a-f49f-4a04-b48c-48e5e6b46158#[Missing Tag#433]). "target": 174. "args": {"any": []}}}')
debug_merge_point(0, 0, '181<list_tail.rpyeffect:181([match_Tuple3339@[k@Name(tail2826)#329]#338])>+0: {"op": "Swap". "type": "any". "a": 1. "b". 5}')
debug_merge_point(0, 0, '181<list_tail.rpyeffect:181([match_Tuple3339@[k@Name(tail2826)#329]#338])>+1: {"op": "Swap". "type": "any". "a": 3. "b". 5}')
debug_merge_point(0, 0, '181<list_tail.rpyeffect:181([match_Tuple3339@[k@Name(tail2826)#329]#338])>+2: {"op": "Swap". "type": "any". "a": 0. "b". 4}')
debug_merge_point(0, 0, '181<list_tail.rpyeffect:181([match_Tuple3339@[k@Name(tail2826)#329]#338])>+3: {"op": "Swap". "type": "any". "a": 2. "b". 4}')
debug_merge_point(0, 0, '181<list_tail.rpyeffect:181([match_Tuple3339@[k@Name(tail2826)#329]#338])>+4: {"op": "Match". "type": Interned(List916). "scrutinee": 5. "clauses": [{"tag": Interned(Cons1154). "target": 180. "args": {"any": [5. 6]}}]. "default": {"tag": Interned(6fb7c48a-f49f-4a04-b48c-48e5e6b46158#[Missing Tag#432]). "target": 175. "args": {"any": []}}}')
+236: p23 = getfield_gc_r(p19, descr=<FieldP rpyeffect.data.Data.inst_tag 8>)
+240: guard_value(p23, ConstPtr(ptr24), descr=<Guard0x1485f6bf0>) [p0, p1, p2, p3, p4, p5, p6, p7, p8, p9, p10]
+248: p25 = getfield_gc_r(p19, descr=<FieldP rpyeffect.stored_environment.Data__2.inst_values_ptr_0 24 pure>)
+248: p26 = getfield_gc_r(p19, descr=<FieldP rpyeffect.stored_environment.Data__2.inst_values_ptr_1 32 pure>)
debug_merge_point(0, 0, '180<list_tail.rpyeffect:180([#340])>+0: {"op": "Copy". "type": "any". "from": 0. "to". 5}')
debug_merge_point(0, 0, '180<list_tail.rpyeffect:180([#340])>+1: {"op": "Copy". "type": "any". "from": 1. "to". 0}')
debug_merge_point(0, 0, '180<list_tail.rpyeffect:180([#340])>+2: {"op": "Copy". "type": "any". "from": 6. "to". 1}')
debug_merge_point(0, 0, '180<list_tail.rpyeffect:180([#340])>+3: {"op": "Match". "type": Interned(List916). "scrutinee": 5. "clauses": [{"tag": Interned(Cons1154). "target": 179. "args": {"any": [5. 6]}}]. "default": {"tag": Interned(6fb7c48a-f49f-4a04-b48c-48e5e6b46158#[Missing Tag#431]). "target": 176. "args": {"any": []}}}')
+252: p27 = getfield_gc_r(p20, descr=<FieldP rpyeffect.data.Data.inst_tag 8>)
+256: guard_value(p27, ConstPtr(ptr28), descr=<Guard0x1485f6c20>) [p0, p1, p2, p3, p4, p5, p6, p7, p8, p9, p10]
+264: p29 = getfield_gc_r(p20, descr=<FieldP rpyeffect.stored_environment.Data__2.inst_values_ptr_0 24 pure>)
+264: p30 = getfield_gc_r(p20, descr=<FieldP rpyeffect.stored_environment.Data__2.inst_values_ptr_1 32 pure>)
debug_merge_point(0, 0, '179<list_tail.rpyeffect:179([match_Cons1154@[#340]#342])>+0: {"op": "Copy". "type": "any". "from": 0. "to". 5}')
debug_merge_point(0, 0, '179<list_tail.rpyeffect:179([match_Cons1154@[#340]#342])>+1: {"op": "Copy". "type": "any". "from": 1. "to". 0}')
debug_merge_point(0, 0, '179<list_tail.rpyeffect:179([match_Cons1154@[#340]#342])>+2: {"op": "Copy". "type": "any". "from": 6. "to". 1}')
debug_merge_point(0, 0, '179<list_tail.rpyeffect:179([match_Cons1154@[#340]#342])>+3: {"op": "Match". "type": Interned(List916). "scrutinee": 5. "clauses": [{"tag": Interned(Cons1154). "target": 178. "args": {"any": [5. 6]}}]. "default": {"tag": Interned(6fb7c48a-f49f-4a04-b48c-48e5e6b46158#[Missing Tag#430]). "target": 177. "args": {"any": []}}}')
+268: p31 = getfield_gc_r(p21, descr=<FieldP rpyeffect.data.Data.inst_tag 8>)
+272: guard_value(p31, ConstPtr(ptr32), descr=<Guard0x148614050>) [p0, p1, p2, p3, p4, p5, p6, p7, p8, p9, p10]
+280: p33 = getfield_gc_r(p21, descr=<FieldP rpyeffect.stored_environment.Data__2.inst_values_ptr_0 24 pure>)
+280: p34 = getfield_gc_r(p21, descr=<FieldP rpyeffect.stored_environment.Data__2.inst_values_ptr_1 32 pure>)
debug_merge_point(0, 0, '178<list_tail.rpyeffect:178([#344])>+0: {"op": "Copy". "type": "any". "from": 4. "to". 5}')
debug_merge_point(0, 0, '178<list_tail.rpyeffect:178([#344])>+1: {"op": "Copy". "type": "any". "from": 3. "to". 4}')
debug_merge_point(0, 0, '178<list_tail.rpyeffect:178([#344])>+2: {"op": "Copy". "type": "any". "from": 2. "to". 3}')
debug_merge_point(0, 0, '178<list_tail.rpyeffect:178([#344])>+3: {"op": "Copy". "type": "any". "from": 6. "to". 2}')
debug_merge_point(0, 0, '178<list_tail.rpyeffect:178([#344])>+4: {"op": "Jump". "target": 168}')
debug_merge_point(0, 0, '168<list_tail.rpyeffect:168(Name(b_k_29384008))>+0: {"op": "Push". "target": 167. "args": {"any": [3. 4. 1. 5. 2]}}')
debug_merge_point(0, 0, '168<list_tail.rpyeffect:168(Name(b_k_29384008))>+1: {"op": "Copy". "type": "any". "from": 5. "to". 2}')
debug_merge_point(0, 0, '168<list_tail.rpyeffect:168(Name(b_k_29384008))>+2: {"op": "Copy". "type": "any". "from": 4. "to". 1}')
debug_merge_point(0, 0, '168<list_tail.rpyeffect:168(Name(b_k_29384008))>+3: {"op": "Jump". "target": 183}')
debug_merge_point(0, 0, '183<list_tail.rpyeffect:183(Name(tail2826))>+0: {"op": "Push". "target": 182. "args": {"any": [0. 1. 2]}}')
debug_merge_point(0, 0, '183<list_tail.rpyeffect:183(Name(tail2826))>+1: {"op": "Swap". "type": "any". "a": 0. "b". 1}')
debug_merge_point(0, 0, '183<list_tail.rpyeffect:183(Name(tail2826))>+2: {"op": "Jump". "target": 157}')
debug_merge_point(0, 0, '157<list_tail.rpyeffect:157(Name(isShorterThan2820))>+0: {"op": "Construct". "out": 0. "type": Interned(Tuple2252). "tag": Interned(Tuple2334). "args": {"any": [0. 1]}}')
debug_merge_point(0, 0, '157<list_tail.rpyeffect:157(Name(isShorterThan2820))>+1: {"op": "Match". "type": Interned(Tuple2252). "scrutinee": 0. "clauses": [{"tag": Interned(Tuple2334). "target": 156. "args": {"any": [0. 1]}}]. "default": {"tag": Interned(6fb7c48a-f49f-4a04-b48c-48e5e6b46158#[Missing Tag#429]). "target": 147. "args": {"any": []}}}')
debug_merge_point(0, 0, '156<list_tail.rpyeffect:156([match_Tuple2334@Name(isShorterThan2820)#288])>+0: {"op": "Match". "type": Interned(List916). "scrutinee": 1. "clauses": [{"tag": Interned(Nil1153). "target": 151. "args": {"any": []}}. {"tag": Interned(Cons1154). "target": 155. "args": {"any": [1. 2]}}]. "default": {"tag": Interned(6fb7c48a-f49f-4a04-b48c-48e5e6b46158#[Missing Tag#428]). "target": 150. "args": {"any": []}}}')
+284: p35 = new_with_vtable(descr=<SizeDescr 56>)
+388: p36 = new_with_vtable(descr=<SizeDescr 72>)
+400: setfield_gc(p36, p22, descr=<FieldP rpyeffect.stored_environment.Stack__arb.inst_tail 8 pure>)
+404: setfield_gc(p36, 167, descr=<FieldS rpyeffect.stored_environment.Stack__arb.inst_target 16 pure>)
+412: setfield_gc(p36, p19, descr=<FieldP rpyeffect.stored_environment.Stack__5.inst_values_ptr_0 32 pure>)
+416: setfield_gc(p36, p20, descr=<FieldP rpyeffect.stored_environment.Stack__5.inst_values_ptr_1 40 pure>)
+420: setfield_gc(p36, p30, descr=<FieldP rpyeffect.stored_environment.Stack__5.inst_values_ptr_2 48 pure>)
+424: setfield_gc(p36, p21, descr=<FieldP rpyeffect.stored_environment.Stack__5.inst_values_ptr_3 56 pure>)
+428: setfield_gc(p36, p34, descr=<FieldP rpyeffect.stored_environment.Stack__5.inst_values_ptr_4 64 pure>)
+432: setfield_gc(p35, 182, descr=<FieldS rpyeffect.stored_environment.Stack__arb.inst_target 16 pure>)
+440: setfield_gc(p35, p26, descr=<FieldP rpyeffect.stored_environment.Stack__3.inst_values_ptr_0 32 pure>)
+444: setfield_gc(p35, p20, descr=<FieldP rpyeffect.stored_environment.Stack__3.inst_values_ptr_1 40 pure>)
+448: setfield_gc(p35, p21, descr=<FieldP rpyeffect.stored_environment.Stack__3.inst_values_ptr_2 48 pure>)
+452: setfield_gc(p35, p36, descr=<FieldP rpyeffect.stored_environment.Stack__arb.inst_tail 8 pure>)
+472: jump(p7, p35, p0, p9, p10, p20, p26, p21, p19, p20, p21, p34, descr=TargetToken(5509089568))
+524: --end of the loop--
[98100f] jit-log-opt-bridge}
[9c743f] {jit-log-opt-loop
# Loop 4 (183<list_tail.rpyeffect:183(Name(tail2826))>+0: {"op": "Push", "target": 182, "args": {"any": [0, 1, 2]}}) : entry bridge with 22 ops
[p0, p1, p2, p3, p4]
+168: p5 = getfield_gc_r(p2, descr=<FieldP rpyeffect.environment.Environment.inst_values_ptr 16>)
+176: p7 = getarrayitem_gc_r(p5, 0, descr=<ArrayP 8>)
+180: p9 = getarrayitem_gc_r(p5, 1, descr=<ArrayP 8>)
+184: p11 = getarrayitem_gc_r(p5, 2, descr=<ArrayP 8>)
+188: p13 = getarrayitem_gc_r(p5, 3, descr=<ArrayP 8>)
+192: p15 = getarrayitem_gc_r(p5, 4, descr=<ArrayP 8>)
+196: p17 = getarrayitem_gc_r(p5, 5, descr=<ArrayP 8>)
+200: p19 = getarrayitem_gc_r(p5, 6, descr=<ArrayP 8>)
debug_merge_point(0, 0, '183<list_tail.rpyeffect:183(Name(tail2826))>+0: {"op": "Push". "target": 182. "args": {"any": [0. 1. 2]}}')
+204: guard_not_invalidated(descr=<Guard0x1485f1928>) [p2, p7, p9, p11, p13, p15, p17, p19, p0, p1, p3, p4]
debug_merge_point(0, 0, '183<list_tail.rpyeffect:183(Name(tail2826))>+1: {"op": "Swap". "type": "any". "a": 0. "b". 1}')
debug_merge_point(0, 0, '183<list_tail.rpyeffect:183(Name(tail2826))>+2: {"op": "Jump". "target": 157}')
debug_merge_point(0, 0, '157<list_tail.rpyeffect:157(Name(isShorterThan2820))>+0: {"op": "Construct". "out": 0. "type": Interned(Tuple2252). "tag": Interned(Tuple2334). "args": {"any": [0. 1]}}')
debug_merge_point(0, 0, '157<list_tail.rpyeffect:157(Name(isShorterThan2820))>+1: {"op": "Match". "type": Interned(Tuple2252). "scrutinee": 0. "clauses": [{"tag": Interned(Tuple2334). "target": 156. "args": {"any": [0. 1]}}]. "default": {"tag": Interned(6fb7c48a-f49f-4a04-b48c-48e5e6b46158#[Missing Tag#429]). "target": 147. "args": {"any": []}}}')
debug_merge_point(0, 0, '156<list_tail.rpyeffect:156([match_Tuple2334@Name(isShorterThan2820)#288])>+0: {"op": "Match". "type": Interned(List916). "scrutinee": 1. "clauses": [{"tag": Interned(Nil1153). "target": 151. "args": {"any": []}}. {"tag": Interned(Cons1154). "target": 155. "args": {"any": [1. 2]}}]. "default": {"tag": Interned(6fb7c48a-f49f-4a04-b48c-48e5e6b46158#[Missing Tag#428]). "target": 150. "args": {"any": []}}}')
+208: p20 = new_with_vtable(descr=<SizeDescr 56>)
+320: setfield_gc(p20, p1, descr=<FieldP rpyeffect.stored_environment.Stack__arb.inst_tail 8 pure>)
+328: setfield_gc(p20, 182, descr=<FieldS rpyeffect.stored_environment.Stack__arb.inst_target 16 pure>)
+336: setfield_gc(p20, p7, descr=<FieldP rpyeffect.stored_environment.Stack__3.inst_values_ptr_0 32 pure>)
+340: setfield_gc(p20, p9, descr=<FieldP rpyeffect.stored_environment.Stack__3.inst_values_ptr_1 40 pure>)
+344: setfield_gc(p20, p11, descr=<FieldP rpyeffect.stored_environment.Stack__3.inst_values_ptr_2 48 pure>)
+356: jump(p0, p20, p2, p3, p4, p9, p7, p11, p13, p15, p17, p19, descr=TargetToken(5509089568))
+484: --end of the loop--
[9cad60] jit-log-opt-loop}
[a09b3c] {jit-log-opt-bridge
# bridge out of Guard 0x1485f6aa0 with 41 ops
[p0, p1, p2, p3, p4, p5, p6, p7, p8, p9, p10]
+136: guard_not_invalidated(descr=<Guard0x1485f1970>) [p0, p1, p2, p3, p4, p5, p6, p7, p8, p9, p10]
+140: p11 = getfield_gc_r(p2, descr=<FieldP rpyeffect.data.Data.inst_tag 8>)
+148: guard_value(p11, ConstPtr(ptr12), descr=<Guard0x1486144a0>) [p0, p1, p2, p3, p4, p5, p6, p7, p8, p9, p10]
debug_merge_point(0, 0, '151<list_tail.rpyeffect:151([#292])>+0: {"op": "Jump". "target": 142}')
debug_merge_point(0, 0, '142<list_tail.rpyeffect:142(Name(b_k_29134001))>+0: {"op": "Const". "type": "ptr". "out": 0. "format": "bool". "value": "<BoolValue object at 0x1485db730>"}')
debug_merge_point(0, 0, '142<list_tail.rpyeffect:142(Name(b_k_29134001))>+1: {"op": "Return". "args": {"any": [0]}}')
+156: guard_nonnull(p8, descr=<Guard0x1486144d0>) [p0, p1, p2, p3, p4, p5, p6, p7, p8, p9, p10]
+164: i13 = getfield_gc_i(p8, descr=<FieldS rpyeffect.stored_environment.Stack__arb.inst_target 16 pure>)
+168: guard_value(i13, 182, descr=<Guard0x148614500>) [p0, p1, p2, p3, p4, p5, p6, p7, p8, p9, p10]
+180: p15 = getfield_gc_r(p8, descr=<FieldP rpyeffect.stored_environment.Stack__3.inst_values_ptr_0 32 pure>)
+184: p16 = getfield_gc_r(p8, descr=<FieldP rpyeffect.stored_environment.Stack__3.inst_values_ptr_1 40 pure>)
+184: p17 = getfield_gc_r(p8, descr=<FieldP rpyeffect.stored_environment.Stack__3.inst_values_ptr_2 48 pure>)
+188: p18 = getfield_gc_r(p8, descr=<FieldP rpyeffect.stored_environment.Stack__arb.inst_tail 8 pure>)
debug_merge_point(0, 0, '182<list_tail.rpyeffect:182([k@Name(tail2826)#329])>+0: {"op": "Swap". "type": "any". "a": 3. "b". 1}')
debug_merge_point(0, 0, '182<list_tail.rpyeffect:182([k@Name(tail2826)#329])>+1: {"op": "Swap". "type": "any". "a": 2. "b". 1}')
debug_merge_point(0, 0, '182<list_tail.rpyeffect:182([k@Name(tail2826)#329])>+2: {"op": "Swap". "type": "any". "a": 0. "b". 1}')
debug_merge_point(0, 0, '182<list_tail.rpyeffect:182([k@Name(tail2826)#329])>+3: {"op": "IfZero". "cond": 1. "then": {"tag": null. "target": 172. "args": {"any": []}}}')
debug_merge_point(0, 0, '172<list_tail.rpyeffect:172([then#332])>+0: {"op": "Copy". "type": "any". "from": 2. "to". 0}')
debug_merge_point(0, 0, '172<list_tail.rpyeffect:172([then#332])>+1: {"op": "Return". "args": {"any": [0]}}')
+192: guard_nonnull(p18, descr=<Guard0x148614530>) [p0, p1, p2, p3, p4, p5, p6, p7, p8, p9, p10]
+200: i19 = getfield_gc_i(p18, descr=<FieldS rpyeffect.stored_environment.Stack__arb.inst_target 16 pure>)
+204: guard_value(i19, 165, descr=<Guard0x148614560>) [p0, p1, p2, p3, p4, p5, p6, p7, p8, p9, p10]
+216: p21 = getfield_gc_r(p18, descr=<FieldP rpyeffect.stored_environment.Stack__2.inst_values_ptr_0 32 pure>)
+220: p22 = getfield_gc_r(p18, descr=<FieldP rpyeffect.stored_environment.Stack__2.inst_values_ptr_1 40 pure>)
+224: p23 = getfield_gc_r(p18, descr=<FieldP rpyeffect.stored_environment.Stack__arb.inst_tail 8 pure>)
debug_merge_point(0, 0, '165<list_tail.rpyeffect:165([k@[k@[k@Name(b_k_29384008)#317]#319]#321])>+0: {"op": "Swap". "type": "any". "a": 0. "b". 1}')
debug_merge_point(0, 0, '165<list_tail.rpyeffect:165([k@[k@[k@Name(b_k_29384008)#317]#319]#321])>+1: {"op": "Swap". "type": "any". "a": 2. "b". 1}')
debug_merge_point(0, 0, '165<list_tail.rpyeffect:165([k@[k@[k@Name(b_k_29384008)#317]#319]#321])>+2: {"op": "Jump". "target": 183}')
debug_merge_point(0, 0, '183<list_tail.rpyeffect:183(Name(tail2826))>+0: {"op": "Push". "target": 182. "args": {"any": [0. 1. 2]}}')
debug_merge_point(0, 0, '183<list_tail.rpyeffect:183(Name(tail2826))>+1: {"op": "Swap". "type": "any". "a": 0. "b". 1}')
debug_merge_point(0, 0, '183<list_tail.rpyeffect:183(Name(tail2826))>+2: {"op": "Jump". "target": 157}')
debug_merge_point(0, 0, '157<list_tail.rpyeffect:157(Name(isShorterThan2820))>+0: {"op": "Construct". "out": 0. "type": Interned(Tuple2252). "tag": Interned(Tuple2334). "args": {"any": [0. 1]}}')
debug_merge_point(0, 0, '157<list_tail.rpyeffect:157(Name(isShorterThan2820))>+1: {"op": "Match". "type": Interned(Tuple2252). "scrutinee": 0. "clauses": [{"tag": Interned(Tuple2334). "target": 156. "args": {"any": [0. 1]}}]. "default": {"tag": Interned(6fb7c48a-f49f-4a04-b48c-48e5e6b46158#[Missing Tag#429]). "target": 147. "args": {"any": []}}}')
debug_merge_point(0, 0, '156<list_tail.rpyeffect:156([match_Tuple2334@Name(isShorterThan2820)#288])>+0: {"op": "Match". "type": Interned(List916). "scrutinee": 1. "clauses": [{"tag": Interned(Nil1153). "target": 151. "args": {"any": []}}. {"tag": Interned(Cons1154). "target": 155. "args": {"any": [1. 2]}}]. "default": {"tag": Interned(6fb7c48a-f49f-4a04-b48c-48e5e6b46158#[Missing Tag#428]). "target": 150. "args": {"any": []}}}')
+228: p24 = new_with_vtable(descr=<SizeDescr 56>)
+332: setfield_gc(p24, 182, descr=<FieldS rpyeffect.stored_environment.Stack__arb.inst_target 16 pure>)
+340: setfield_gc(p24, p21, descr=<FieldP rpyeffect.stored_environment.Stack__3.inst_values_ptr_0 32 pure>)
+344: setfield_gc(p24, p22, descr=<FieldP rpyeffect.stored_environment.Stack__3.inst_values_ptr_1 40 pure>)
+348: setfield_gc(p24, p17, descr=<FieldP rpyeffect.stored_environment.Stack__3.inst_values_ptr_2 48 pure>)
+352: setfield_gc(p24, p23, descr=<FieldP rpyeffect.stored_environment.Stack__arb.inst_tail 8 pure>)
+364: jump(p7, p24, p0, p9, p10, p22, p21, p17, p15, p4, p5, p6, descr=TargetToken(5509089568))
+404: --end of the loop--
[a11795] jit-log-opt-bridge}
[a4988e] {jit-log-opt-loop
# Loop 6 (142<list_tail.rpyeffect:142(Name(b_k_29134001))>+0: {"op": "Const", "type": "ptr", "out": 0, "format": "bool", "value": "<BoolValue object at 0x1485db730>"}) : entry bridge with 58 ops
[p0, p1, p2, p3, p4]
+200: p5 = getfield_gc_r(p2, descr=<FieldP rpyeffect.environment.Environment.inst_values_ptr 16>)
+208: p7 = getarrayitem_gc_r(p5, 0, descr=<ArrayP 8>)
+212: p9 = getarrayitem_gc_r(p5, 1, descr=<ArrayP 8>)
+216: p11 = getarrayitem_gc_r(p5, 2, descr=<ArrayP 8>)
+220: p13 = getarrayitem_gc_r(p5, 3, descr=<ArrayP 8>)
+224: p15 = getarrayitem_gc_r(p5, 4, descr=<ArrayP 8>)
+228: p17 = getarrayitem_gc_r(p5, 5, descr=<ArrayP 8>)
+232: p19 = getarrayitem_gc_r(p5, 6, descr=<ArrayP 8>)
debug_merge_point(0, 0, '142<list_tail.rpyeffect:142(Name(b_k_29134001))>+0: {"op": "Const". "type": "ptr". "out": 0. "format": "bool". "value": "<BoolValue object at 0x1485db730>"}')
+236: guard_not_invalidated(descr=<Guard0x1485f19b8>) [p2, p7, p9, p11, p13, p15, p17, p19, p0, p1, p3, p4]
debug_merge_point(0, 0, '142<list_tail.rpyeffect:142(Name(b_k_29134001))>+1: {"op": "Return". "args": {"any": [0]}}')
+240: guard_nonnull(p1, descr=<Guard0x148614650>) [p2, p7, p9, p11, p13, p15, p17, p19, p0, p1, p3, p4]
+252: i20 = getfield_gc_i(p1, descr=<FieldS rpyeffect.stored_environment.Stack__arb.inst_target 16 pure>)
+260: guard_value(i20, 182, descr=<Guard0x148614680>) [p2, p7, p9, p11, p13, p15, p17, p19, p0, p1, p3, p4]
+272: p22 = getfield_gc_r(p1, descr=<FieldP rpyeffect.stored_environment.Stack__3.inst_values_ptr_0 32 pure>)
+272: p23 = getfield_gc_r(p1, descr=<FieldP rpyeffect.stored_environment.Stack__3.inst_values_ptr_1 40 pure>)
+272: p24 = getfield_gc_r(p1, descr=<FieldP rpyeffect.stored_environment.Stack__3.inst_values_ptr_2 48 pure>)
+276: p25 = getfield_gc_r(p1, descr=<FieldP rpyeffect.stored_environment.Stack__arb.inst_tail 8 pure>)
debug_merge_point(0, 0, '182<list_tail.rpyeffect:182([k@Name(tail2826)#329])>+0: {"op": "Swap". "type": "any". "a": 3. "b". 1}')
debug_merge_point(0, 0, '182<list_tail.rpyeffect:182([k@Name(tail2826)#329])>+1: {"op": "Swap". "type": "any". "a": 2. "b". 1}')
debug_merge_point(0, 0, '182<list_tail.rpyeffect:182([k@Name(tail2826)#329])>+2: {"op": "Swap". "type": "any". "a": 0. "b". 1}')
debug_merge_point(0, 0, '182<list_tail.rpyeffect:182([k@Name(tail2826)#329])>+3: {"op": "IfZero". "cond": 1. "then": {"tag": null. "target": 172. "args": {"any": []}}}')
debug_merge_point(0, 0, '172<list_tail.rpyeffect:172([then#332])>+0: {"op": "Copy". "type": "any". "from": 2. "to". 0}')
debug_merge_point(0, 0, '172<list_tail.rpyeffect:172([then#332])>+1: {"op": "Return". "args": {"any": [0]}}')
+280: guard_nonnull(p25, descr=<Guard0x1486146b0>) [p2, p7, p9, p11, p13, p15, p17, p19, p0, p1, p3, p4]
+288: i26 = getfield_gc_i(p25, descr=<FieldS rpyeffect.stored_environment.Stack__arb.inst_target 16 pure>)
+292: guard_value(i26, 167, descr=<Guard0x1486146e0>) [p2, p7, p9, p11, p13, p15, p17, p19, p0, p1, p3, p4]
+304: p28 = getfield_gc_r(p25, descr=<FieldP rpyeffect.stored_environment.Stack__5.inst_values_ptr_0 32 pure>)
+308: p29 = getfield_gc_r(p25, descr=<FieldP rpyeffect.stored_environment.Stack__5.inst_values_ptr_1 40 pure>)
+312: p30 = getfield_gc_r(p25, descr=<FieldP rpyeffect.stored_environment.Stack__5.inst_values_ptr_2 48 pure>)
+316: p31 = getfield_gc_r(p25, descr=<FieldP rpyeffect.stored_environment.Stack__5.inst_values_ptr_3 56 pure>)
+320: p32 = getfield_gc_r(p25, descr=<FieldP rpyeffect.stored_environment.Stack__5.inst_values_ptr_4 64 pure>)
+324: p33 = getfield_gc_r(p25, descr=<FieldP rpyeffect.stored_environment.Stack__arb.inst_tail 8 pure>)
debug_merge_point(0, 0, '167<list_tail.rpyeffect:167([k@Name(b_k_29384008)#317])>+0: {"op": "Push". "target": 166. "args": {"any": [0. 1. 2. 5]}}')
debug_merge_point(0, 0, '167<list_tail.rpyeffect:167([k@Name(b_k_29384008)#317])>+1: {"op": "Copy". "type": "any". "from": 1. "to". 2}')
debug_merge_point(0, 0, '167<list_tail.rpyeffect:167([k@Name(b_k_29384008)#317])>+2: {"op": "Copy". "type": "any". "from": 3. "to". 0}')
debug_merge_point(0, 0, '167<list_tail.rpyeffect:167([k@Name(b_k_29384008)#317])>+3: {"op": "Copy". "type": "any". "from": 4. "to". 1}')
debug_merge_point(0, 0, '167<list_tail.rpyeffect:167([k@Name(b_k_29384008)#317])>+4: {"op": "Jump". "target": 183}')
debug_merge_point(0, 0, '183<list_tail.rpyeffect:183(Name(tail2826))>+0: {"op": "Push". "target": 182. "args": {"any": [0. 1. 2]}}')
debug_merge_point(0, 0, '183<list_tail.rpyeffect:183(Name(tail2826))>+1: {"op": "Swap". "type": "any". "a": 0. "b". 1}')
debug_merge_point(0, 0, '183<list_tail.rpyeffect:183(Name(tail2826))>+2: {"op": "Jump". "target": 157}')
debug_merge_point(0, 0, '157<list_tail.rpyeffect:157(Name(isShorterThan2820))>+0: {"op": "Construct". "out": 0. "type": Interned(Tuple2252). "tag": Interned(Tuple2334). "args": {"any": [0. 1]}}')
debug_merge_point(0, 0, '157<list_tail.rpyeffect:157(Name(isShorterThan2820))>+1: {"op": "Match". "type": Interned(Tuple2252). "scrutinee": 0. "clauses": [{"tag": Interned(Tuple2334). "target": 156. "args": {"any": [0. 1]}}]. "default": {"tag": Interned(6fb7c48a-f49f-4a04-b48c-48e5e6b46158#[Missing Tag#429]). "target": 147. "args": {"any": []}}}')
debug_merge_point(0, 0, '156<list_tail.rpyeffect:156([match_Tuple2334@Name(isShorterThan2820)#288])>+0: {"op": "Match". "type": Interned(List916). "scrutinee": 1. "clauses": [{"tag": Interned(Nil1153). "target": 151. "args": {"any": []}}. {"tag": Interned(Cons1154). "target": 155. "args": {"any": [1. 2]}}]. "default": {"tag": Interned(6fb7c48a-f49f-4a04-b48c-48e5e6b46158#[Missing Tag#428]). "target": 150. "args": {"any": []}}}')
+328: p34 = new_with_vtable(descr=<SizeDescr 56>)
+440: p35 = new_with_vtable(descr=<SizeDescr 64>)
+452: setfield_gc(p35, p33, descr=<FieldP rpyeffect.stored_environment.Stack__arb.inst_tail 8 pure>)
+456: setfield_gc(p35, 166, descr=<FieldS rpyeffect.stored_environment.Stack__arb.inst_target 16 pure>)
+464: setfield_gc(p35, p24, descr=<FieldP rpyeffect.stored_environment.Stack__4.inst_values_ptr_0 32 pure>)
+468: setfield_gc(p35, p28, descr=<FieldP rpyeffect.stored_environment.Stack__4.inst_values_ptr_1 40 pure>)
+472: setfield_gc(p35, p29, descr=<FieldP rpyeffect.stored_environment.Stack__4.inst_values_ptr_2 48 pure>)
+476: setfield_gc(p35, p32, descr=<FieldP rpyeffect.stored_environment.Stack__4.inst_values_ptr_3 56 pure>)
+480: setfield_gc(p34, 182, descr=<FieldS rpyeffect.stored_environment.Stack__arb.inst_target 16 pure>)
+488: setfield_gc(p34, p30, descr=<FieldP rpyeffect.stored_environment.Stack__3.inst_values_ptr_0 32 pure>)
+492: setfield_gc(p34, p31, descr=<FieldP rpyeffect.stored_environment.Stack__3.inst_values_ptr_1 40 pure>)
+496: setfield_gc(p34, p28, descr=<FieldP rpyeffect.stored_environment.Stack__3.inst_values_ptr_2 48 pure>)
+500: setfield_gc(p34, p35, descr=<FieldP rpyeffect.stored_environment.Stack__arb.inst_tail 8 pure>)
+520: jump(p0, p34, p2, p3, p4, p31, p30, p28, p30, p31, p32, p19, descr=TargetToken(5509089568))
+636: --end of the loop--
[a51c3a] jit-log-opt-loop}
[a84867] {jit-log-opt-bridge
# bridge out of Guard 0x148614560 with 53 ops
[p0, p1, p2, p3, p4, p5, p6, p7, p8, p9, p10]
+136: guard_not_invalidated(descr=<Guard0x1485f1a00>) [p0, p1, p2, p3, p4, p5, p6, p7, p8, p9, p10]
+140: p11 = getfield_gc_r(p2, descr=<FieldP rpyeffect.data.Data.inst_tag 8>)
+148: guard_value(p11, ConstPtr(ptr12), descr=<Guard0x1486147d0>) [p0, p1, p2, p3, p4, p5, p6, p7, p8, p9, p10]
debug_merge_point(0, 0, '151<list_tail.rpyeffect:151([#292])>+0: {"op": "Jump". "target": 142}')
debug_merge_point(0, 0, '142<list_tail.rpyeffect:142(Name(b_k_29134001))>+0: {"op": "Const". "type": "ptr". "out": 0. "format": "bool". "value": "<BoolValue object at 0x1485db730>"}')
debug_merge_point(0, 0, '142<list_tail.rpyeffect:142(Name(b_k_29134001))>+1: {"op": "Return". "args": {"any": [0]}}')
+156: guard_nonnull(p8, descr=<Guard0x148614800>) [p0, p1, p2, p3, p4, p5, p6, p7, p8, p9, p10]
+164: i13 = getfield_gc_i(p8, descr=<FieldS rpyeffect.stored_environment.Stack__arb.inst_target 16 pure>)
+168: guard_value(i13, 182, descr=<Guard0x148614830>) [p0, p1, p2, p3, p4, p5, p6, p7, p8, p9, p10]
+180: p15 = getfield_gc_r(p8, descr=<FieldP rpyeffect.stored_environment.Stack__3.inst_values_ptr_0 32 pure>)
+180: p16 = getfield_gc_r(p8, descr=<FieldP rpyeffect.stored_environment.Stack__3.inst_values_ptr_1 40 pure>)
+180: p17 = getfield_gc_r(p8, descr=<FieldP rpyeffect.stored_environment.Stack__3.inst_values_ptr_2 48 pure>)
+184: p18 = getfield_gc_r(p8, descr=<FieldP rpyeffect.stored_environment.Stack__arb.inst_tail 8 pure>)
debug_merge_point(0, 0, '182<list_tail.rpyeffect:182([k@Name(tail2826)#329])>+0: {"op": "Swap". "type": "any". "a": 3. "b". 1}')
debug_merge_point(0, 0, '182<list_tail.rpyeffect:182([k@Name(tail2826)#329])>+1: {"op": "Swap". "type": "any". "a": 2. "b". 1}')
debug_merge_point(0, 0, '182<list_tail.rpyeffect:182([k@Name(tail2826)#329])>+2: {"op": "Swap". "type": "any". "a": 0. "b". 1}')
debug_merge_point(0, 0, '182<list_tail.rpyeffect:182([k@Name(tail2826)#329])>+3: {"op": "IfZero". "cond": 1. "then": {"tag": null. "target": 172. "args": {"any": []}}}')
debug_merge_point(0, 0, '172<list_tail.rpyeffect:172([then#332])>+0: {"op": "Copy". "type": "any". "from": 2. "to". 0}')
debug_merge_point(0, 0, '172<list_tail.rpyeffect:172([then#332])>+1: {"op": "Return". "args": {"any": [0]}}')
+188: guard_nonnull(p18, descr=<Guard0x148614860>) [p0, p1, p2, p3, p4, p5, p6, p7, p8, p9, p10]
+196: i19 = getfield_gc_i(p18, descr=<FieldS rpyeffect.stored_environment.Stack__arb.inst_target 16 pure>)
+200: guard_value(i19, 167, descr=<Guard0x148614890>) [p0, p1, p2, p3, p4, p5, p6, p7, p8, p9, p10]
+212: p21 = getfield_gc_r(p18, descr=<FieldP rpyeffect.stored_environment.Stack__5.inst_values_ptr_0 32 pure>)
+216: p22 = getfield_gc_r(p18, descr=<FieldP rpyeffect.stored_environment.Stack__5.inst_values_ptr_1 40 pure>)
+220: p23 = getfield_gc_r(p18, descr=<FieldP rpyeffect.stored_environment.Stack__5.inst_values_ptr_2 48 pure>)
+224: p24 = getfield_gc_r(p18, descr=<FieldP rpyeffect.stored_environment.Stack__5.inst_values_ptr_3 56 pure>)
+228: p25 = getfield_gc_r(p18, descr=<FieldP rpyeffect.stored_environment.Stack__5.inst_values_ptr_4 64 pure>)
+232: p26 = getfield_gc_r(p18, descr=<FieldP rpyeffect.stored_environment.Stack__arb.inst_tail 8 pure>)
debug_merge_point(0, 0, '167<list_tail.rpyeffect:167([k@Name(b_k_29384008)#317])>+0: {"op": "Push". "target": 166. "args": {"any": [0. 1. 2. 5]}}')
debug_merge_point(0, 0, '167<list_tail.rpyeffect:167([k@Name(b_k_29384008)#317])>+1: {"op": "Copy". "type": "any". "from": 1. "to". 2}')
debug_merge_point(0, 0, '167<list_tail.rpyeffect:167([k@Name(b_k_29384008)#317])>+2: {"op": "Copy". "type": "any". "from": 3. "to". 0}')
debug_merge_point(0, 0, '167<list_tail.rpyeffect:167([k@Name(b_k_29384008)#317])>+3: {"op": "Copy". "type": "any". "from": 4. "to". 1}')
debug_merge_point(0, 0, '167<list_tail.rpyeffect:167([k@Name(b_k_29384008)#317])>+4: {"op": "Jump". "target": 183}')
debug_merge_point(0, 0, '183<list_tail.rpyeffect:183(Name(tail2826))>+0: {"op": "Push". "target": 182. "args": {"any": [0. 1. 2]}}')
debug_merge_point(0, 0, '183<list_tail.rpyeffect:183(Name(tail2826))>+1: {"op": "Swap". "type": "any". "a": 0. "b". 1}')
debug_merge_point(0, 0, '183<list_tail.rpyeffect:183(Name(tail2826))>+2: {"op": "Jump". "target": 157}')
debug_merge_point(0, 0, '157<list_tail.rpyeffect:157(Name(isShorterThan2820))>+0: {"op": "Construct". "out": 0. "type": Interned(Tuple2252). "tag": Interned(Tuple2334). "args": {"any": [0. 1]}}')
debug_merge_point(0, 0, '157<list_tail.rpyeffect:157(Name(isShorterThan2820))>+1: {"op": "Match". "type": Interned(Tuple2252). "scrutinee": 0. "clauses": [{"tag": Interned(Tuple2334). "target": 156. "args": {"any": [0. 1]}}]. "default": {"tag": Interned(6fb7c48a-f49f-4a04-b48c-48e5e6b46158#[Missing Tag#429]). "target": 147. "args": {"any": []}}}')
debug_merge_point(0, 0, '156<list_tail.rpyeffect:156([match_Tuple2334@Name(isShorterThan2820)#288])>+0: {"op": "Match". "type": Interned(List916). "scrutinee": 1. "clauses": [{"tag": Interned(Nil1153). "target": 151. "args": {"any": []}}. {"tag": Interned(Cons1154). "target": 155. "args": {"any": [1. 2]}}]. "default": {"tag": Interned(6fb7c48a-f49f-4a04-b48c-48e5e6b46158#[Missing Tag#428]). "target": 150. "args": {"any": []}}}')
+236: p27 = new_with_vtable(descr=<SizeDescr 56>)
+344: p28 = new_with_vtable(descr=<SizeDescr 64>)
+356: setfield_gc(p28, p26, descr=<FieldP rpyeffect.stored_environment.Stack__arb.inst_tail 8 pure>)
+360: setfield_gc(p28, 166, descr=<FieldS rpyeffect.stored_environment.Stack__arb.inst_target 16 pure>)
+368: setfield_gc(p28, p17, descr=<FieldP rpyeffect.stored_environment.Stack__4.inst_values_ptr_0 32 pure>)
+372: setfield_gc(p28, p21, descr=<FieldP rpyeffect.stored_environment.Stack__4.inst_values_ptr_1 40 pure>)
+376: setfield_gc(p28, p22, descr=<FieldP rpyeffect.stored_environment.Stack__4.inst_values_ptr_2 48 pure>)
+380: setfield_gc(p28, p25, descr=<FieldP rpyeffect.stored_environment.Stack__4.inst_values_ptr_3 56 pure>)
+384: setfield_gc(p27, 182, descr=<FieldS rpyeffect.stored_environment.Stack__arb.inst_target 16 pure>)
+392: setfield_gc(p27, p23, descr=<FieldP rpyeffect.stored_environment.Stack__3.inst_values_ptr_0 32 pure>)
+400: setfield_gc(p27, p24, descr=<FieldP rpyeffect.stored_environment.Stack__3.inst_values_ptr_1 40 pure>)
+404: setfield_gc(p27, p21, descr=<FieldP rpyeffect.stored_environment.Stack__3.inst_values_ptr_2 48 pure>)
+408: setfield_gc(p27, p28, descr=<FieldP rpyeffect.stored_environment.Stack__arb.inst_tail 8 pure>)
+428: jump(p7, p27, p0, p9, p10, p24, p23, p21, p23, p24, p25, p6, descr=TargetToken(5509089568))
+472: --end of the loop--
[a8c1d2] jit-log-opt-bridge}
[bdcaea] {jit-log-opt-loop
# Loop 8 (163<list_tail.rpyeffect:163(Name(makeList2822))>+1: {"op": "Push", "target": 162, "args": {"any": [0]}}) : loop with 57 ops
[p0, p1, p2, p3, p4]
+184: p5 = getfield_gc_r(p2, descr=<FieldP rpyeffect.environment.Environment.inst_values_ptr 16>)
+192: p7 = getarrayitem_gc_r(p5, 0, descr=<ArrayP 8>)
+196: p9 = getarrayitem_gc_r(p5, 1, descr=<ArrayP 8>)
+200: p11 = getarrayitem_gc_r(p5, 2, descr=<ArrayP 8>)
+204: p13 = getarrayitem_gc_r(p5, 3, descr=<ArrayP 8>)
+208: p15 = getarrayitem_gc_r(p5, 4, descr=<ArrayP 8>)
+212: p17 = getarrayitem_gc_r(p5, 5, descr=<ArrayP 8>)
+216: p19 = getarrayitem_gc_r(p5, 6, descr=<ArrayP 8>)
+220: label(p0, p1, p2, p3, p4, p7, p9, p11, p13, p15, p17, p19, descr=TargetToken(5509091360))
debug_merge_point(0, 0, '163<list_tail.rpyeffect:163(Name(makeList2822))>+1: {"op": "Push". "target": 162. "args": {"any": [0]}}')
+240: guard_not_invalidated(descr=<Guard0x1485f1bb0>) [p2, p7, p9, p11, p13, p15, p17, p19, p0, p1, p3, p4]
debug_merge_point(0, 0, '163<list_tail.rpyeffect:163(Name(makeList2822))>+2: {"op": "Jump". "target": 4}')
debug_merge_point(0, 0, '4<list_tail.rpyeffect:4(Name(infixEq72))>+0: {"op": "PrimOp". "name": "infixEq(Int. Int): Boolean". "out": {"any": [0]}. "in": {"any": [0. 1]}}')
+244: i20 = getfield_gc_i(p7, descr=<FieldS rpyeffect.value.IntValue.inst_value 8 pure>)
+248: i21 = getfield_gc_i(p9, descr=<FieldS rpyeffect.value.IntValue.inst_value 8 pure>)
+252: i22 = int_eq(i20, i21)
debug_merge_point(0, 0, '4<list_tail.rpyeffect:4(Name(infixEq72))>+1: {"op": "Return". "args": {"any": [0]}}')
debug_merge_point(0, 0, '162<list_tail.rpyeffect:162([k@Name(makeList2822)#300])>+0: {"op": "Swap". "type": "any". "a": 0. "b". 1}')
debug_merge_point(0, 0, '162<list_tail.rpyeffect:162([k@Name(makeList2822)#300])>+1: {"op": "IfZero". "cond": 1. "then": {"tag": null. "target": 161. "args": {"any": []}}}')
guard_false(i22, descr=<Guard0x148614c50>) [p2, p7, p9, p11, p13, p15, p17, p19, p0, p1, p3, p4]
debug_merge_point(0, 0, '161<list_tail.rpyeffect:161([then#304])>+0: {"op": "Const". "type": "ptr". "out": 1. "format": "int". "value": "<IntValue object at 0x1485db360>"}')
debug_merge_point(0, 0, '161<list_tail.rpyeffect:161([then#304])>+1: {"op": "Push". "target": 160. "args": {"any": [0]}}')
debug_merge_point(0, 0, '161<list_tail.rpyeffect:161([then#304])>+2: {"op": "Jump". "target": 8}')
debug_merge_point(0, 0, '8<list_tail.rpyeffect:8(Name(infixSub105))>+0: {"op": "PrimOp". "name": "infixSub(Int. Int): Int". "out": {"any": [0]}. "in": {"any": [0. 1]}}')
+260: i24 = int_sub(i20, 1)
debug_merge_point(0, 0, '8<list_tail.rpyeffect:8(Name(infixSub105))>+1: {"op": "Return". "args": {"any": [0]}}')
debug_merge_point(0, 0, '160<list_tail.rpyeffect:160([k@[then#304]#308])>+0: {"op": "Push". "target": 159. "args": {"any": [1]}}')
debug_merge_point(0, 0, '160<list_tail.rpyeffect:160([k@[then#304]#308])>+1: {"op": "Jump". "target": 163}')
debug_merge_point(0, 0, '163<list_tail.rpyeffect:163(Name(makeList2822))>+0: {"op": "Const". "type": "ptr". "out": 1. "format": "int". "value": "<IntValue object at 0x1485db2d0>"}')
debug_merge_point(0, 0, '163<list_tail.rpyeffect:163(Name(makeList2822))>+1: {"op": "Push". "target": 162. "args": {"any": [0]}}')
+264: label(p0, p1, p7, p2, p3, p4, i24, p11, p13, p15, p17, p19, descr=TargetToken(5509091424))
debug_merge_point(0, 0, '163<list_tail.rpyeffect:163(Name(makeList2822))>+1: {"op": "Push". "target": 162. "args": {"any": [0]}}')
+264: guard_not_invalidated(descr=<Guard0x1485f1bf8>) [p2, p11, p13, p15, p17, p19, p0, p3, p4, p7, p1, i24]
debug_merge_point(0, 0, '163<list_tail.rpyeffect:163(Name(makeList2822))>+2: {"op": "Jump". "target": 4}')
debug_merge_point(0, 0, '4<list_tail.rpyeffect:4(Name(infixEq72))>+0: {"op": "PrimOp". "name": "infixEq(Int. Int): Boolean". "out": {"any": [0]}. "in": {"any": [0. 1]}}')
+268: i26 = int_eq(i24, 0)
debug_merge_point(0, 0, '4<list_tail.rpyeffect:4(Name(infixEq72))>+1: {"op": "Return". "args": {"any": [0]}}')
debug_merge_point(0, 0, '162<list_tail.rpyeffect:162([k@Name(makeList2822)#300])>+0: {"op": "Swap". "type": "any". "a": 0. "b". 1}')
debug_merge_point(0, 0, '162<list_tail.rpyeffect:162([k@Name(makeList2822)#300])>+1: {"op": "IfZero". "cond": 1. "then": {"tag": null. "target": 161. "args": {"any": []}}}')
guard_false(i26, descr=<Guard0x148614c80>) [p2, p11, p13, p15, p17, p19, p0, p3, p4, p7, p1, i24]
debug_merge_point(0, 0, '161<list_tail.rpyeffect:161([then#304])>+0: {"op": "Const". "type": "ptr". "out": 1. "format": "int". "value": "<IntValue object at 0x1485db360>"}')
debug_merge_point(0, 0, '161<list_tail.rpyeffect:161([then#304])>+1: {"op": "Push". "target": 160. "args": {"any": [0]}}')
debug_merge_point(0, 0, '161<list_tail.rpyeffect:161([then#304])>+2: {"op": "Jump". "target": 8}')
debug_merge_point(0, 0, '8<list_tail.rpyeffect:8(Name(infixSub105))>+0: {"op": "PrimOp". "name": "infixSub(Int. Int): Int". "out": {"any": [0]}. "in": {"any": [0. 1]}}')
+276: i28 = int_sub(i24, 1)
debug_merge_point(0, 0, '8<list_tail.rpyeffect:8(Name(infixSub105))>+1: {"op": "Return". "args": {"any": [0]}}')
debug_merge_point(0, 0, '160<list_tail.rpyeffect:160([k@[then#304]#308])>+0: {"op": "Push". "target": 159. "args": {"any": [1]}}')
debug_merge_point(0, 0, '160<list_tail.rpyeffect:160([k@[then#304]#308])>+1: {"op": "Jump". "target": 163}')
debug_merge_point(0, 0, '163<list_tail.rpyeffect:163(Name(makeList2822))>+0: {"op": "Const". "type": "ptr". "out": 1. "format": "int". "value": "<IntValue object at 0x1485db2d0>"}')
debug_merge_point(0, 0, '163<list_tail.rpyeffect:163(Name(makeList2822))>+1: {"op": "Push". "target": 162. "args": {"any": [0]}}')
+280: p29 = new_with_vtable(descr=<SizeDescr 40>)
+388: p30 = new_with_vtable(descr=<SizeDescr 16>)
+400: setfield_gc(p30, i24, descr=<FieldS rpyeffect.value.IntValue.inst_value 8 pure>)
+404: setfield_gc(p29, p1, descr=<FieldP rpyeffect.stored_environment.Stack__arb.inst_tail 8 pure>)
+412: setfield_gc(p29, 159, descr=<FieldS rpyeffect.stored_environment.Stack__arb.inst_target 16 pure>)
+420: setfield_gc(p29, p7, descr=<FieldP rpyeffect.stored_environment.Stack__1.inst_values_ptr_0 32 pure>)
+432: jump(p0, p29, p30, p2, p3, p4, i28, p11, p13, p15, p17, p19, descr=TargetToken(5509091424))
+448: --end of the loop--
[be6d59] jit-log-opt-loop}
[c275bd] {jit-log-opt-loop
# Loop 9 (159<list_tail.rpyeffect:159([k@[k@[then#304]#308]#311])>+0: {"op": "Construct", "out": 0, "type": Interned(List916), "tag": Interned(Cons1154), "args": {"any": [1, 0]}}) : loop with 33 ops
[p0, p1, p2, p3, p4]
+216: p5 = getfield_gc_r(p2, descr=<FieldP rpyeffect.environment.Environment.inst_values_ptr 16>)
+224: p7 = getarrayitem_gc_r(p5, 0, descr=<ArrayP 8>)
+228: p9 = getarrayitem_gc_r(p5, 1, descr=<ArrayP 8>)
+232: p11 = getarrayitem_gc_r(p5, 2, descr=<ArrayP 8>)
+236: p13 = getarrayitem_gc_r(p5, 3, descr=<ArrayP 8>)
+240: p15 = getarrayitem_gc_r(p5, 4, descr=<ArrayP 8>)
+244: p17 = getarrayitem_gc_r(p5, 5, descr=<ArrayP 8>)
+248: p19 = getarrayitem_gc_r(p5, 6, descr=<ArrayP 8>)
+252: label(p0, p1, p2, p3, p4, p7, p9, p11, p13, p15, p17, p19, descr=TargetToken(5509091488))
debug_merge_point(0, 0, '159<list_tail.rpyeffect:159([k@[k@[then#304]#308]#311])>+0: {"op": "Construct". "out": 0. "type": Interned(List916). "tag": Interned(Cons1154). "args": {"any": [1. 0]}}')
+272: guard_not_invalidated(descr=<Guard0x1485f1c40>) [p2, p7, p9, p11, p13, p15, p17, p19, p0, p1, p3, p4]
debug_merge_point(0, 0, '159<list_tail.rpyeffect:159([k@[k@[then#304]#308]#311])>+1: {"op": "Return". "args": {"any": [0]}}')
+276: guard_nonnull(p1, descr=<Guard0x148614d70>) [p2, p7, p9, p11, p13, p15, p17, p19, p0, p1, p3, p4]
+288: i20 = getfield_gc_i(p1, descr=<FieldS rpyeffect.stored_environment.Stack__arb.inst_target 16 pure>)
+296: guard_value(i20, 159, descr=<Guard0x148614da0>) [p2, p7, p9, p11, p13, p15, p17, p19, p0, p1, p3, p4]
+308: p22 = getfield_gc_r(p1, descr=<FieldP rpyeffect.stored_environment.Stack__1.inst_values_ptr_0 32 pure>)
+312: p23 = getfield_gc_r(p1, descr=<FieldP rpyeffect.stored_environment.Stack__arb.inst_tail 8 pure>)
debug_merge_point(0, 0, '159<list_tail.rpyeffect:159([k@[k@[then#304]#308]#311])>+0: {"op": "Construct". "out": 0. "type": Interned(List916). "tag": Interned(Cons1154). "args": {"any": [1. 0]}}')
+316: label(p0, p23, p2, p3, p4, p9, p7, p22, p11, p13, p15, p17, p19, descr=TargetToken(5509091552))
debug_merge_point(0, 0, '159<list_tail.rpyeffect:159([k@[k@[then#304]#308]#311])>+0: {"op": "Construct". "out": 0. "type": Interned(List916). "tag": Interned(Cons1154). "args": {"any": [1. 0]}}')
+320: guard_not_invalidated(descr=<Guard0x1485f1c88>) [p2, p22, p11, p13, p15, p17, p19, p0, p23, p3, p4, p7, p9]
debug_merge_point(0, 0, '159<list_tail.rpyeffect:159([k@[k@[then#304]#308]#311])>+1: {"op": "Return". "args": {"any": [0]}}')
+324: guard_nonnull(p23, descr=<Guard0x148614dd0>) [p2, p22, p11, p13, p15, p17, p19, p0, p23, p3, p4, p7, p9]
+332: i24 = getfield_gc_i(p23, descr=<FieldS rpyeffect.stored_environment.Stack__arb.inst_target 16 pure>)
+336: guard_value(i24, 159, descr=<Guard0x148614e00>) [p2, p22, p11, p13, p15, p17, p19, p0, p23, p3, p4, p7, p9]
+348: p26 = getfield_gc_r(p23, descr=<FieldP rpyeffect.stored_environment.Stack__1.inst_values_ptr_0 32 pure>)
+352: p27 = getfield_gc_r(p23, descr=<FieldP rpyeffect.stored_environment.Stack__arb.inst_tail 8 pure>)
debug_merge_point(0, 0, '159<list_tail.rpyeffect:159([k@[k@[then#304]#308]#311])>+0: {"op": "Construct". "out": 0. "type": Interned(List916). "tag": Interned(Cons1154). "args": {"any": [1. 0]}}')
+356: p28 = new_with_vtable(descr=<SizeDescr 40>)
+468: setfield_gc(p28, ConstPtr(ptr29), descr=<FieldP rpyeffect.data.Data.inst_tag 8>)
+472: setfield_gc(p28, p9, descr=<FieldP rpyeffect.stored_environment.Data__2.inst_values_ptr_0 24 pure>)
+476: setfield_gc(p28, p7, descr=<FieldP rpyeffect.stored_environment.Data__2.inst_values_ptr_1 32 pure>)
+488: jump(p0, p27, p2, p3, p4, p22, p28, p26, p11, p13, p15, p17, p19, descr=TargetToken(5509091552))
+508: --end of the loop--
[c2c965] jit-log-opt-loop}
[d1d0ba] {jit-log-opt-loop
# Loop 10 (4<list_tail.rpyeffect:4(Name(infixEq72))>+0: {"op": "PrimOp", "name": "infixEq(Int, Int): Boolean", "out": {"any": [0]}, "in": {"any": [0, 1]}}) : entry bridge with 33 ops
[p0, p1, p2, p3, p4]
+216: p5 = getfield_gc_r(p2, descr=<FieldP rpyeffect.environment.Environment.inst_values_ptr 16>)
+224: p7 = getarrayitem_gc_r(p5, 0, descr=<ArrayP 8>)
+228: p9 = getarrayitem_gc_r(p5, 1, descr=<ArrayP 8>)
+232: p11 = getarrayitem_gc_r(p5, 2, descr=<ArrayP 8>)
+236: p13 = getarrayitem_gc_r(p5, 3, descr=<ArrayP 8>)
+240: p15 = getarrayitem_gc_r(p5, 4, descr=<ArrayP 8>)
+244: p17 = getarrayitem_gc_r(p5, 5, descr=<ArrayP 8>)
+248: p19 = getarrayitem_gc_r(p5, 6, descr=<ArrayP 8>)
debug_merge_point(0, 0, '4<list_tail.rpyeffect:4(Name(infixEq72))>+0: {"op": "PrimOp". "name": "infixEq(Int. Int): Boolean". "out": {"any": [0]}. "in": {"any": [0. 1]}}')
+252: guard_not_invalidated(descr=<Guard0x14862c068>) [p2, p7, p9, p11, p13, p15, p17, p19, p0, p1, p3, p4]
+256: i20 = getfield_gc_i(p7, descr=<FieldS rpyeffect.value.IntValue.inst_value 8 pure>)
+260: i21 = getfield_gc_i(p9, descr=<FieldS rpyeffect.value.IntValue.inst_value 8 pure>)
+264: i22 = int_eq(i20, i21)
debug_merge_point(0, 0, '4<list_tail.rpyeffect:4(Name(infixEq72))>+1: {"op": "Return". "args": {"any": [0]}}')
+272: guard_nonnull(p1, descr=<Guard0x148615370>) [p2, p7, p9, p11, p13, p15, p17, p19, p0, p1, p3, p4]
+284: i23 = getfield_gc_i(p1, descr=<FieldS rpyeffect.stored_environment.Stack__arb.inst_target 16 pure>)
+292: guard_value(i23, 162, descr=<Guard0x1486153a0>) [p2, p7, p9, p11, p13, p15, p17, p19, p0, p1, p3, p4]
+304: p25 = getfield_gc_r(p1, descr=<FieldP rpyeffect.stored_environment.Stack__1.inst_values_ptr_0 32 pure>)
+304: p26 = getfield_gc_r(p1, descr=<FieldP rpyeffect.stored_environment.Stack__arb.inst_tail 8 pure>)
debug_merge_point(0, 0, '162<list_tail.rpyeffect:162([k@Name(makeList2822)#300])>+0: {"op": "Swap". "type": "any". "a": 0. "b". 1}')
debug_merge_point(0, 0, '162<list_tail.rpyeffect:162([k@Name(makeList2822)#300])>+1: {"op": "IfZero". "cond": 1. "then": {"tag": null. "target": 161. "args": {"any": []}}}')
+308: guard_true(i22, descr=<Guard0x1486153d0>) [p2, p7, p9, p11, p13, p15, p17, p19, p0, p1, p3, p4]
debug_merge_point(0, 0, '162<list_tail.rpyeffect:162([k@Name(makeList2822)#300])>+2: {"op": "Construct". "out": 0. "type": Interned(List916). "tag": Interned(Nil1153). "args": {"any": []}}')
debug_merge_point(0, 0, '162<list_tail.rpyeffect:162([k@Name(makeList2822)#300])>+3: {"op": "Return". "args": {"any": [0]}}')
+316: guard_nonnull(p26, descr=<Guard0x148615400>) [p2, p7, p9, p11, p13, p15, p17, p19, p0, p1, p3, p4]
+324: i27 = getfield_gc_i(p26, descr=<FieldS rpyeffect.stored_environment.Stack__arb.inst_target 16 pure>)
+328: guard_value(i27, 159, descr=<Guard0x148615430>) [p2, p7, p9, p11, p13, p15, p17, p19, p0, p1, p3, p4]
+340: p29 = getfield_gc_r(p26, descr=<FieldP rpyeffect.stored_environment.Stack__1.inst_values_ptr_0 32 pure>)
+344: p30 = getfield_gc_r(p26, descr=<FieldP rpyeffect.stored_environment.Stack__arb.inst_tail 8 pure>)
debug_merge_point(0, 0, '159<list_tail.rpyeffect:159([k@[k@[then#304]#308]#311])>+0: {"op": "Construct". "out": 0. "type": Interned(List916). "tag": Interned(Cons1154). "args": {"any": [1. 0]}}')
+348: p31 = new_with_vtable(descr=<SizeDescr 24>)
+464: setfield_gc(p31, ConstPtr(ptr32), descr=<FieldP rpyeffect.data.Data.inst_tag 8>)
+476: jump(p0, p30, p2, p3, p4, p31, p29, p11, p13, p15, p17, p19, descr=TargetToken(5509091488))
+592: --end of the loop--
[d21b99] jit-log-opt-loop}
[ead11e] {jit-log-opt-bridge
# bridge out of Guard 0x148614c80 with 14 ops
[p0, p1, p2, p3, p4, p5, p6, p7, p8, p9, p10, i11]
+104: guard_not_invalidated(descr=<Guard0x14862c2f0>) [p0, p1, p2, p3, p4, p5, p6, p7, p8, p9, p10, i11]
debug_merge_point(0, 0, '163<list_tail.rpyeffect:163(Name(makeList2822))>+2: {"op": "Jump". "target": 4}')
debug_merge_point(0, 0, '4<list_tail.rpyeffect:4(Name(infixEq72))>+0: {"op": "PrimOp". "name": "infixEq(Int. Int): Boolean". "out": {"any": [0]}. "in": {"any": [0. 1]}}')
+108: i13 = int_eq(i11, 0)
debug_merge_point(0, 0, '4<list_tail.rpyeffect:4(Name(infixEq72))>+1: {"op": "Return". "args": {"any": [0]}}')
debug_merge_point(0, 0, '162<list_tail.rpyeffect:162([k@Name(makeList2822)#300])>+0: {"op": "Swap". "type": "any". "a": 0. "b". 1}')
debug_merge_point(0, 0, '162<list_tail.rpyeffect:162([k@Name(makeList2822)#300])>+1: {"op": "IfZero". "cond": 1. "then": {"tag": null. "target": 161. "args": {"any": []}}}')
guard_true(i13, descr=<Guard0x148615670>) [p0, p1, p2, p3, p4, p5, p6, p7, p8, p9, p10, i11]
debug_merge_point(0, 0, '162<list_tail.rpyeffect:162([k@Name(makeList2822)#300])>+2: {"op": "Construct". "out": 0. "type": Interned(List916). "tag": Interned(Nil1153). "args": {"any": []}}')
debug_merge_point(0, 0, '162<list_tail.rpyeffect:162([k@Name(makeList2822)#300])>+3: {"op": "Return". "args": {"any": [0]}}')
debug_merge_point(0, 0, '159<list_tail.rpyeffect:159([k@[k@[then#304]#308]#311])>+0: {"op": "Construct". "out": 0. "type": Interned(List916). "tag": Interned(Cons1154). "args": {"any": [1. 0]}}')
+116: p14 = new_with_vtable(descr=<SizeDescr 24>)
+224: setfield_gc(p14, ConstPtr(ptr15), descr=<FieldP rpyeffect.data.Data.inst_tag 8>)
+236: jump(p6, p10, p0, p7, p8, p14, p9, p1, p2, p3, p4, p5, descr=TargetToken(5509091488))
+324: --end of the loop--
[eaf7b1] jit-log-opt-bridge}
[ed3f83] {jit-log-opt-loop
# Loop 12 (6<list_tail.rpyeffect:6(Name(infixAdd96))>+0: {"op": "PrimOp", "name": "infixAdd(Int, Int): Int", "out": {"any": [0]}, "in": {"any": [0, 1]}}) : loop with 37 ops
[p0, p1, p2, p3, p4]
+200: p5 = getfield_gc_r(p2, descr=<FieldP rpyeffect.environment.Environment.inst_values_ptr 16>)
+208: p7 = getarrayitem_gc_r(p5, 0, descr=<ArrayP 8>)
+212: p9 = getarrayitem_gc_r(p5, 1, descr=<ArrayP 8>)
+216: p11 = getarrayitem_gc_r(p5, 2, descr=<ArrayP 8>)
+220: p13 = getarrayitem_gc_r(p5, 3, descr=<ArrayP 8>)
+224: p15 = getarrayitem_gc_r(p5, 4, descr=<ArrayP 8>)
+228: p17 = getarrayitem_gc_r(p5, 5, descr=<ArrayP 8>)
+232: p19 = getarrayitem_gc_r(p5, 6, descr=<ArrayP 8>)
+236: label(p0, p1, p2, p3, p4, p7, p9, p11, p13, p15, p17, p19, descr=TargetToken(5509093792))
debug_merge_point(0, 0, '6<list_tail.rpyeffect:6(Name(infixAdd96))>+0: {"op": "PrimOp". "name": "infixAdd(Int. Int): Int". "out": {"any": [0]}. "in": {"any": [0. 1]}}')
+256: guard_not_invalidated(descr=<Guard0x14862c338>) [p2, p7, p9, p11, p13, p15, p17, p19, p0, p1, p3, p4]
+260: i20 = getfield_gc_i(p7, descr=<FieldS rpyeffect.value.IntValue.inst_value 8 pure>)
+264: i21 = getfield_gc_i(p9, descr=<FieldS rpyeffect.value.IntValue.inst_value 8 pure>)
+268: i22 = int_add(i20, i21)
debug_merge_point(0, 0, '6<list_tail.rpyeffect:6(Name(infixAdd96))>+1: {"op": "Return". "args": {"any": [0]}}')
+272: guard_nonnull(p1, descr=<Guard0x148615760>) [p2, p7, p9, p11, p13, p15, p17, p19, p0, p1, p3, p4]
+284: i23 = getfield_gc_i(p1, descr=<FieldS rpyeffect.stored_environment.Stack__arb.inst_target 16 pure>)
+292: guard_value(i23, 135, descr=<Guard0x148615790>) [p2, p7, p9, p11, p13, p15, p17, p19, p0, p1, p3, p4]
+304: p25 = getfield_gc_r(p1, descr=<FieldP rpyeffect.stored_environment.Stack__arb.inst_tail 8 pure>)
debug_merge_point(0, 0, '135<list_tail.rpyeffect:135([k@Name(b_k_29064021)#271])>+0: {"op": "Const". "type": "ptr". "out": 1. "format": "int". "value": "<IntValue object at 0x1485db870>"}')
debug_merge_point(0, 0, '135<list_tail.rpyeffect:135([k@Name(b_k_29064021)#271])>+1: {"op": "Swap". "type": "any". "a": 0. "b". 1}')
debug_merge_point(0, 0, '135<list_tail.rpyeffect:135([k@Name(b_k_29064021)#271])>+2: {"op": "Jump". "target": 6}')
debug_merge_point(0, 0, '6<list_tail.rpyeffect:6(Name(infixAdd96))>+0: {"op": "PrimOp". "name": "infixAdd(Int. Int): Int". "out": {"any": [0]}. "in": {"any": [0. 1]}}')
+308: label(p0, p25, p2, p3, p4, i22, p11, p13, p15, p17, p19, descr=TargetToken(5509093856))
debug_merge_point(0, 0, '6<list_tail.rpyeffect:6(Name(infixAdd96))>+0: {"op": "PrimOp". "name": "infixAdd(Int. Int): Int". "out": {"any": [0]}. "in": {"any": [0. 1]}}')
+308: guard_not_invalidated(descr=<Guard0x14862c380>) [p2, p11, p13, p15, p17, p19, p0, p25, p3, p4, i22]
+312: i27 = int_add(1, i22)
debug_merge_point(0, 0, '6<list_tail.rpyeffect:6(Name(infixAdd96))>+1: {"op": "Return". "args": {"any": [0]}}')
+316: guard_nonnull(p25, descr=<Guard0x1486157c0>) [p2, p11, p13, p15, p17, p19, p0, p25, p3, p4, i22]
+324: i28 = getfield_gc_i(p25, descr=<FieldS rpyeffect.stored_environment.Stack__arb.inst_target 16 pure>)
+328: guard_value(i28, 135, descr=<Guard0x1486157f0>) [p2, p11, p13, p15, p17, p19, p0, p25, p3, p4, i22]
+340: p30 = getfield_gc_r(p25, descr=<FieldP rpyeffect.stored_environment.Stack__arb.inst_tail 8 pure>)
debug_merge_point(0, 0, '135<list_tail.rpyeffect:135([k@Name(b_k_29064021)#271])>+0: {"op": "Const". "type": "ptr". "out": 1. "format": "int". "value": "<IntValue object at 0x1485db870>"}')
debug_merge_point(0, 0, '135<list_tail.rpyeffect:135([k@Name(b_k_29064021)#271])>+1: {"op": "Swap". "type": "any". "a": 0. "b". 1}')
debug_merge_point(0, 0, '135<list_tail.rpyeffect:135([k@Name(b_k_29064021)#271])>+2: {"op": "Jump". "target": 6}')
debug_merge_point(0, 0, '6<list_tail.rpyeffect:6(Name(infixAdd96))>+0: {"op": "PrimOp". "name": "infixAdd(Int. Int): Int". "out": {"any": [0]}. "in": {"any": [0. 1]}}')
+344: jump(p0, p30, p2, p3, p4, i27, p11, p13, p15, p17, p19, descr=TargetToken(5509093856))
+352: --end of the loop--
[ed91df] jit-log-opt-loop}
[f6e925] {jit-log-opt-loop
# Loop 13 (140<list_tail.rpyeffect:140([match_Cons1154@Name(length2817)#278])>+0: {"op": "Jump", "target": 136}) : loop with 36 ops
[p0, p1, p2, p3, p4]
+200: p5 = getfield_gc_r(p2, descr=<FieldP rpyeffect.environment.Environment.inst_values_ptr 16>)
+208: p7 = getarrayitem_gc_r(p5, 0, descr=<ArrayP 8>)
+212: p9 = getarrayitem_gc_r(p5, 1, descr=<ArrayP 8>)
+216: p11 = getarrayitem_gc_r(p5, 2, descr=<ArrayP 8>)
+220: p13 = getarrayitem_gc_r(p5, 3, descr=<ArrayP 8>)
+224: p15 = getarrayitem_gc_r(p5, 4, descr=<ArrayP 8>)
+228: p17 = getarrayitem_gc_r(p5, 5, descr=<ArrayP 8>)
+232: p19 = getarrayitem_gc_r(p5, 6, descr=<ArrayP 8>)
+236: label(p0, p1, p2, p3, p4, p7, p9, p11, p13, p15, p17, p19, descr=TargetToken(5509094816))
debug_merge_point(0, 0, '140<list_tail.rpyeffect:140([match_Cons1154@Name(length2817)#278])>+0: {"op": "Jump". "target": 136}')
+260: guard_not_invalidated(descr=<Guard0x14862c530>) [p2, p7, p9, p11, p13, p15, p17, p19, p0, p1, p3, p4]
debug_merge_point(0, 0, '136<list_tail.rpyeffect:136(Name(b_k_29064021))>+0: {"op": "Push". "target": 135. "args": {"any": []}}')
debug_merge_point(0, 0, '136<list_tail.rpyeffect:136(Name(b_k_29064021))>+1: {"op": "Copy". "type": "any". "from": 1. "to". 0}')
debug_merge_point(0, 0, '136<list_tail.rpyeffect:136(Name(b_k_29064021))>+2: {"op": "Jump". "target": 141}')
debug_merge_point(0, 0, '141<list_tail.rpyeffect:141(Name(length2817))>+0: {"op": "Match". "type": Interned(List916). "scrutinee": 0. "clauses": [{"tag": Interned(Nil1153). "target": 139. "args": {"any": []}}. {"tag": Interned(Cons1154). "target": 140. "args": {"any": [0. 1]}}]. "default": {"tag": Interned(6fb7c48a-f49f-4a04-b48c-48e5e6b46158#[Missing Tag#425]). "target": 138. "args": {"any": []}}}')
+264: p20 = getfield_gc_r(p9, descr=<FieldP rpyeffect.data.Data.inst_tag 8>)
+272: guard_value(p20, ConstPtr(ptr21), descr=<Guard0x148615a60>) [p2, p7, p9, p11, p13, p15, p17, p19, p0, p1, p3, p4]
+280: p22 = getfield_gc_r(p9, descr=<FieldP rpyeffect.stored_environment.Data__2.inst_values_ptr_0 24 pure>)
+284: p23 = getfield_gc_r(p9, descr=<FieldP rpyeffect.stored_environment.Data__2.inst_values_ptr_1 32 pure>)
debug_merge_point(0, 0, '140<list_tail.rpyeffect:140([match_Cons1154@Name(length2817)#278])>+0: {"op": "Jump". "target": 136}')
+288: label(p0, p1, p2, p3, p4, p22, p23, p11, p13, p15, p17, p19, descr=TargetToken(5509094880))
debug_merge_point(0, 0, '140<list_tail.rpyeffect:140([match_Cons1154@Name(length2817)#278])>+0: {"op": "Jump". "target": 136}')
+292: guard_not_invalidated(descr=<Guard0x14862c578>) [p2, p22, p23, p11, p13, p15, p17, p19, p0, p3, p4, p1]
debug_merge_point(0, 0, '136<list_tail.rpyeffect:136(Name(b_k_29064021))>+0: {"op": "Push". "target": 135. "args": {"any": []}}')
debug_merge_point(0, 0, '136<list_tail.rpyeffect:136(Name(b_k_29064021))>+1: {"op": "Copy". "type": "any". "from": 1. "to". 0}')
debug_merge_point(0, 0, '136<list_tail.rpyeffect:136(Name(b_k_29064021))>+2: {"op": "Jump". "target": 141}')
debug_merge_point(0, 0, '141<list_tail.rpyeffect:141(Name(length2817))>+0: {"op": "Match". "type": Interned(List916). "scrutinee": 0. "clauses": [{"tag": Interned(Nil1153). "target": 139. "args": {"any": []}}. {"tag": Interned(Cons1154). "target": 140. "args": {"any": [0. 1]}}]. "default": {"tag": Interned(6fb7c48a-f49f-4a04-b48c-48e5e6b46158#[Missing Tag#425]). "target": 138. "args": {"any": []}}}')
+296: p24 = getfield_gc_r(p23, descr=<FieldP rpyeffect.data.Data.inst_tag 8>)
+304: guard_value(p24, ConstPtr(ptr25), descr=<Guard0x148615a90>) [p2, p22, p23, p11, p13, p15, p17, p19, p0, p3, p4, p1]
+312: p26 = getfield_gc_r(p23, descr=<FieldP rpyeffect.stored_environment.Data__2.inst_values_ptr_0 24 pure>)
+316: p27 = getfield_gc_r(p23, descr=<FieldP rpyeffect.stored_environment.Data__2.inst_values_ptr_1 32 pure>)
debug_merge_point(0, 0, '140<list_tail.rpyeffect:140([match_Cons1154@Name(length2817)#278])>+0: {"op": "Jump". "target": 136}')
+320: p28 = new_with_vtable(descr=<SizeDescr 32>)
+428: setfield_gc(p28, p1, descr=<FieldP rpyeffect.stored_environment.Stack__arb.inst_tail 8 pure>)
+436: setfield_gc(p28, 135, descr=<FieldS rpyeffect.stored_environment.Stack__arb.inst_target 16 pure>)
+452: jump(p0, p28, p2, p3, p4, p26, p27, p11, p13, p15, p17, p19, descr=TargetToken(5509094880))
+464: --end of the loop--
[f756d9] jit-log-opt-loop}
[1323c7c] {jit-log-opt-bridge
# bridge out of Guard 0x148614890 with 31 ops
[p0, p1, p2, p3, p4, p5, p6, p7, p8, p9, p10]
+152: guard_not_invalidated(descr=<Guard0x14862cf08>) [p0, p1, p2, p3, p4, p5, p6, p7, p8, p9, p10]
+156: p11 = getfield_gc_r(p2, descr=<FieldP rpyeffect.data.Data.inst_tag 8>)
+164: guard_value(p11, ConstPtr(ptr12), descr=<Guard0x148615fa0>) [p0, p1, p2, p3, p4, p5, p6, p7, p8, p9, p10]
debug_merge_point(0, 0, '151<list_tail.rpyeffect:151([#292])>+0: {"op": "Jump". "target": 142}')
debug_merge_point(0, 0, '142<list_tail.rpyeffect:142(Name(b_k_29134001))>+0: {"op": "Const". "type": "ptr". "out": 0. "format": "bool". "value": "<BoolValue object at 0x1485db730>"}')
debug_merge_point(0, 0, '142<list_tail.rpyeffect:142(Name(b_k_29134001))>+1: {"op": "Return". "args": {"any": [0]}}')
+172: guard_nonnull(p8, descr=<Guard0x148615fd0>) [p0, p1, p2, p3, p4, p5, p6, p7, p8, p9, p10]
+180: i13 = getfield_gc_i(p8, descr=<FieldS rpyeffect.stored_environment.Stack__arb.inst_target 16 pure>)
+184: guard_value(i13, 182, descr=<Guard0x14863e020>) [p0, p1, p2, p3, p4, p5, p6, p7, p8, p9, p10]
+196: p15 = getfield_gc_r(p8, descr=<FieldP rpyeffect.stored_environment.Stack__3.inst_values_ptr_0 32 pure>)
+200: p16 = getfield_gc_r(p8, descr=<FieldP rpyeffect.stored_environment.Stack__3.inst_values_ptr_1 40 pure>)
+200: p17 = getfield_gc_r(p8, descr=<FieldP rpyeffect.stored_environment.Stack__3.inst_values_ptr_2 48 pure>)
+204: p18 = getfield_gc_r(p8, descr=<FieldP rpyeffect.stored_environment.Stack__arb.inst_tail 8 pure>)
debug_merge_point(0, 0, '182<list_tail.rpyeffect:182([k@Name(tail2826)#329])>+0: {"op": "Swap". "type": "any". "a": 3. "b". 1}')
debug_merge_point(0, 0, '182<list_tail.rpyeffect:182([k@Name(tail2826)#329])>+1: {"op": "Swap". "type": "any". "a": 2. "b". 1}')
debug_merge_point(0, 0, '182<list_tail.rpyeffect:182([k@Name(tail2826)#329])>+2: {"op": "Swap". "type": "any". "a": 0. "b". 1}')
debug_merge_point(0, 0, '182<list_tail.rpyeffect:182([k@Name(tail2826)#329])>+3: {"op": "IfZero". "cond": 1. "then": {"tag": null. "target": 172. "args": {"any": []}}}')
debug_merge_point(0, 0, '172<list_tail.rpyeffect:172([then#332])>+0: {"op": "Copy". "type": "any". "from": 2. "to". 0}')
debug_merge_point(0, 0, '172<list_tail.rpyeffect:172([then#332])>+1: {"op": "Return". "args": {"any": [0]}}')
+208: guard_nonnull(p18, descr=<Guard0x14863e050>) [p0, p1, p2, p3, p4, p5, p6, p7, p8, p9, p10]
+216: i19 = getfield_gc_i(p18, descr=<FieldS rpyeffect.stored_environment.Stack__arb.inst_target 16 pure>)
+220: guard_value(i19, 185, descr=<Guard0x14863e080>) [p0, p1, p2, p3, p4, p5, p6, p7, p8, p9, p10]
+232: p21 = getfield_gc_r(p18, descr=<FieldP rpyeffect.stored_environment.Stack__arb.inst_tail 8 pure>)
debug_merge_point(0, 0, '185<list_tail.rpyeffect:185([k@[k@[k@[k@Name(run2828)#346]#350]#354]#356])>+0: {"op": "Jump". "target": 141}')
debug_merge_point(0, 0, '141<list_tail.rpyeffect:141(Name(length2817))>+0: {"op": "Match". "type": Interned(List916). "scrutinee": 0. "clauses": [{"tag": Interned(Nil1153). "target": 139. "args": {"any": []}}. {"tag": Interned(Cons1154). "target": 140. "args": {"any": [0. 1]}}]. "default": {"tag": Interned(6fb7c48a-f49f-4a04-b48c-48e5e6b46158#[Missing Tag#425]). "target": 138. "args": {"any": []}}}')
+236: p22 = getfield_gc_r(p17, descr=<FieldP rpyeffect.data.Data.inst_tag 8>)
+244: guard_value(p22, ConstPtr(ptr23), descr=<Guard0x14863e0b0>) [p0, p1, p2, p3, p4, p5, p6, p7, p8, p9, p10]
+252: p24 = getfield_gc_r(p17, descr=<FieldP rpyeffect.stored_environment.Data__2.inst_values_ptr_0 24 pure>)
+256: p25 = getfield_gc_r(p17, descr=<FieldP rpyeffect.stored_environment.Data__2.inst_values_ptr_1 32 pure>)
debug_merge_point(0, 0, '140<list_tail.rpyeffect:140([match_Cons1154@Name(length2817)#278])>+0: {"op": "Jump". "target": 136}')
+260: jump(p7, p21, p0, p9, p10, p24, p25, p17, p15, p4, p5, p6, descr=TargetToken(5509094816))
+384: --end of the loop--
[1328349] jit-log-opt-bridge}
[13ee29a] {jit-log-opt-bridge
# bridge out of Guard 0x148614e00 with 25 ops
[p0, p1, p2, p3, p4, p5, p6, p7, p8, p9, p10, p11, p12]
+120: guard_not_invalidated(descr=<Guard0x14862cf50>) [p0, p1, p2, p3, p4, p5, p6, p7, p8, p9, p10, p11, p12]
debug_merge_point(0, 0, '159<list_tail.rpyeffect:159([k@[k@[then#304]#308]#311])>+1: {"op": "Return". "args": {"any": [0]}}')
+124: guard_nonnull(p8, descr=<Guard0x14863e260>) [p0, p1, p2, p3, p4, p5, p6, p7, p8, p9, p10, p11, p12]
+132: i13 = getfield_gc_i(p8, descr=<FieldS rpyeffect.stored_environment.Stack__arb.inst_target 16 pure>)
+136: guard_value(i13, 188, descr=<Guard0x14863e290>) [p0, p1, p2, p3, p4, p5, p6, p7, p8, p9, p10, p11, p12]
+148: p15 = getfield_gc_r(p8, descr=<FieldP rpyeffect.stored_environment.Stack__arb.inst_tail 8 pure>)
debug_merge_point(0, 0, '188<list_tail.rpyeffect:188([k@Name(run2828)#346])>+0: {"op": "Const". "type": "ptr". "out": 1. "format": "int". "value": "<IntValue object at 0x1485fa3c0>"}')
debug_merge_point(0, 0, '188<list_tail.rpyeffect:188([k@Name(run2828)#346])>+1: {"op": "Push". "target": 187. "args": {"any": [0]}}')
debug_merge_point(0, 0, '188<list_tail.rpyeffect:188([k@Name(run2828)#346])>+2: {"op": "Copy". "type": "any". "from": 1. "to". 0}')
debug_merge_point(0, 0, '188<list_tail.rpyeffect:188([k@Name(run2828)#346])>+3: {"op": "Jump". "target": 163}')
debug_merge_point(0, 0, '163<list_tail.rpyeffect:163(Name(makeList2822))>+0: {"op": "Const". "type": "ptr". "out": 1. "format": "int". "value": "<IntValue object at 0x1485db2d0>"}')
debug_merge_point(0, 0, '163<list_tail.rpyeffect:163(Name(makeList2822))>+1: {"op": "Push". "target": 162. "args": {"any": [0]}}')
+152: p16 = new_with_vtable(descr=<SizeDescr 40>)
+260: p17 = new_with_vtable(descr=<SizeDescr 40>)
+276: setfield_gc(p17, ConstPtr(ptr18), descr=<FieldP rpyeffect.data.Data.inst_tag 8>)
+280: setfield_gc(p17, p1, descr=<FieldP rpyeffect.stored_environment.Data__2.inst_values_ptr_0 24 pure>)
+288: p19 = new_with_vtable(descr=<SizeDescr 40>)
+300: setfield_gc(p19, ConstPtr(ptr20), descr=<FieldP rpyeffect.data.Data.inst_tag 8>)
+304: setfield_gc(p19, p12, descr=<FieldP rpyeffect.stored_environment.Data__2.inst_values_ptr_0 24 pure>)
+308: setfield_gc(p19, p11, descr=<FieldP rpyeffect.stored_environment.Data__2.inst_values_ptr_1 32 pure>)
+312: setfield_gc(p17, p19, descr=<FieldP rpyeffect.stored_environment.Data__2.inst_values_ptr_1 32 pure>)
+316: setfield_gc(p16, 187, descr=<FieldS rpyeffect.stored_environment.Stack__arb.inst_target 16 pure>)
+324: setfield_gc(p16, p15, descr=<FieldP rpyeffect.stored_environment.Stack__arb.inst_tail 8 pure>)
+328: setfield_gc(p16, p17, descr=<FieldP rpyeffect.stored_environment.Stack__1.inst_values_ptr_0 32 pure>)
+364: jump(p7, p16, p0, p9, p10, ConstPtr(ptr22), ConstPtr(ptr23), p2, p3, p4, p5, p6, descr=TargetToken(5509091360))
+456: --end of the loop--
[13f1850] jit-log-opt-bridge}
[15fe80d] {jit-log-opt-bridge
# bridge out of Guard 0x1486157f0 with 29 ops
[p0, p1, p2, p3, p4, p5, p6, p7, p8, p9, i10]
+120: guard_not_invalidated(descr=<Guard0x14862d4f0>) [p0, p1, p2, p3, p4, p5, p6, p7, p8, p9, i10]
+124: i12 = int_add(1, i10)
debug_merge_point(0, 0, '6<list_tail.rpyeffect:6(Name(infixAdd96))>+1: {"op": "Return". "args": {"any": [0]}}')
+124: guard_nonnull(p7, descr=<Guard0x14863e6b0>) [p0, p1, p2, p3, p4, p5, p6, p7, p8, p9, i10]
+132: i13 = getfield_gc_i(p7, descr=<FieldS rpyeffect.stored_environment.Stack__arb.inst_target 16 pure>)
+136: guard_value(i13, 199, descr=<Guard0x14863e6e0>) [p0, p1, p2, p3, p4, p5, p6, p7, p8, p9, i10]
+148: p15 = getfield_gc_r(p7, descr=<FieldP rpyeffect.stored_environment.Stack__arb.inst_tail 8 pure>)
debug_merge_point(0, 0, '199<list_tail.rpyeffect:199([k@[mcore:[#82]#376]#380])>+0: {"op": "Jump". "target": 210}')
debug_merge_point(0, 0, '210<list_tail.rpyeffect:210(Name(relevant2831))>+0: {"op": "Construct". "out": 0. "type": Interned(Unit). "tag": Interned(unit). "args": {"any": []}}')
debug_merge_point(0, 0, '210<list_tail.rpyeffect:210(Name(relevant2831))>+1: {"op": "Return". "args": {"any": [0]}}')
+152: guard_nonnull(p15, descr=<Guard0x14863e710>) [p0, p1, p2, p3, p4, p5, p6, p7, p8, p9, i10]
+160: i16 = getfield_gc_i(p15, descr=<FieldS rpyeffect.stored_environment.Stack__arb.inst_target 16 pure>)
+164: guard_value(i16, 30, descr=<Guard0x14863e740>) [p0, p1, p2, p3, p4, p5, p6, p7, p8, p9, i10]
+176: p18 = getfield_gc_r(p15, descr=<FieldP rpyeffect.stored_environment.Stack__3.inst_values_ptr_0 32 pure>)
+180: p19 = getfield_gc_r(p15, descr=<FieldP rpyeffect.stored_environment.Stack__3.inst_values_ptr_1 40 pure>)
+184: p20 = getfield_gc_r(p15, descr=<FieldP rpyeffect.stored_environment.Stack__3.inst_values_ptr_2 48 pure>)
+188: p21 = getfield_gc_r(p15, descr=<FieldP rpyeffect.stored_environment.Stack__arb.inst_tail 8 pure>)
debug_merge_point(0, 0, '30<list_tail.rpyeffect:30([k@[k@Name(loop388)#18]#25])>+0: {"op": "Const". "type": "ptr". "out": 0. "format": "int". "value": "<IntValue object at 0x1485daa40>"}')
debug_merge_point(0, 0, '30<list_tail.rpyeffect:30([k@[k@Name(loop388)#18]#25])>+1: {"op": "Push". "target": 29. "args": {"any": [1. 2]}}')
debug_merge_point(0, 0, '30<list_tail.rpyeffect:30([k@[k@Name(loop388)#18]#25])>+2: {"op": "Copy". "type": "any". "from": 0. "to". 1}')
debug_merge_point(0, 0, '30<list_tail.rpyeffect:30([k@[k@Name(loop388)#18]#25])>+3: {"op": "Copy". "type": "any". "from": 3. "to". 0}')
debug_merge_point(0, 0, '30<list_tail.rpyeffect:30([k@[k@Name(loop388)#18]#25])>+4: {"op": "Jump". "target": 6}')
debug_merge_point(0, 0, '6<list_tail.rpyeffect:6(Name(infixAdd96))>+0: {"op": "PrimOp". "name": "infixAdd(Int. Int): Int". "out": {"any": [0]}. "in": {"any": [0. 1]}}')
+192: p22 = new_with_vtable(descr=<SizeDescr 48>)
+300: setfield_gc(p22, 29, descr=<FieldS rpyeffect.stored_environment.Stack__arb.inst_target 16 pure>)
+308: setfield_gc(p22, p21, descr=<FieldP rpyeffect.stored_environment.Stack__arb.inst_tail 8 pure>)
+312: setfield_gc(p22, p18, descr=<FieldP rpyeffect.stored_environment.Stack__2.inst_values_ptr_0 32 pure>)
+316: setfield_gc(p22, p19, descr=<FieldP rpyeffect.stored_environment.Stack__2.inst_values_ptr_1 40 pure>)
+332: jump(p6, p22, p0, p8, p9, p20, ConstPtr(ptr24), p19, p20, p3, p4, p5, descr=TargetToken(5509093792))
+368: --end of the loop--
[160268d] jit-log-opt-bridge}
[163407f] {jit-log-opt-bridge
# bridge out of Guard 0x148615790 with 50 ops
[p0, p1, p2, p3, p4, p5, p6, p7, p8, p9, p10, p11]
+136: guard_not_invalidated(descr=<Guard0x14862d538>) [p0, p1, p2, p3, p4, p5, p6, p7, p8, p9, p10, p11]
+140: i12 = getfield_gc_i(p1, descr=<FieldS rpyeffect.value.IntValue.inst_value 8 pure>)
+144: i13 = getfield_gc_i(p2, descr=<FieldS rpyeffect.value.IntValue.inst_value 8 pure>)
+148: i14 = int_add(i12, i13)
debug_merge_point(0, 0, '6<list_tail.rpyeffect:6(Name(infixAdd96))>+1: {"op": "Return". "args": {"any": [0]}}')
+152: guard_nonnull(p9, descr=<Guard0x14863e830>) [p0, p1, p2, p3, p4, p5, p6, p7, p8, p9, p10, p11]
+160: i15 = getfield_gc_i(p9, descr=<FieldS rpyeffect.stored_environment.Stack__arb.inst_target 16 pure>)
+164: guard_value(i15, 29, descr=<Guard0x14863e860>) [p0, p1, p2, p3, p4, p5, p6, p7, p8, p9, p10, p11]
+176: p17 = getfield_gc_r(p9, descr=<FieldP rpyeffect.stored_environment.Stack__2.inst_values_ptr_0 32 pure>)
+180: p18 = getfield_gc_r(p9, descr=<FieldP rpyeffect.stored_environment.Stack__2.inst_values_ptr_1 40 pure>)
+184: p19 = getfield_gc_r(p9, descr=<FieldP rpyeffect.stored_environment.Stack__arb.inst_tail 8 pure>)
debug_merge_point(0, 0, '29<list_tail.rpyeffect:29([k@[k@[k@Name(loop388)#18]#25]#29])>+0: {"op": "Jump". "target": 32}')
debug_merge_point(0, 0, '32<list_tail.rpyeffect:32(Name(loop388))>+0: {"op": "Push". "target": 31. "args": {"any": [1. 2. 0]}}')
debug_merge_point(0, 0, '32<list_tail.rpyeffect:32(Name(loop388))>+1: {"op": "Copy". "type": "any". "from": 2. "to". 1}')
debug_merge_point(0, 0, '32<list_tail.rpyeffect:32(Name(loop388))>+2: {"op": "Jump". "target": 9}')
debug_merge_point(0, 0, '9<list_tail.rpyeffect:9(Name(infixLt178))>+0: {"op": "PrimOp". "name": "infixLt(Int. Int): Boolean". "out": {"any": [0]}. "in": {"any": [0. 1]}}')
+188: i20 = getfield_gc_i(p18, descr=<FieldS rpyeffect.value.IntValue.inst_value 8 pure>)
+192: i21 = int_lt(i14, i20)
debug_merge_point(0, 0, '9<list_tail.rpyeffect:9(Name(infixLt178))>+1: {"op": "Return". "args": {"any": [0]}}')
debug_merge_point(0, 0, '31<list_tail.rpyeffect:31([k@Name(loop388)#18])>+0: {"op": "Swap". "type": "any". "a": 3. "b". 1}')
debug_merge_point(0, 0, '31<list_tail.rpyeffect:31([k@Name(loop388)#18])>+1: {"op": "IfZero". "cond": 0. "then": {"tag": null. "target": 27. "args": {"any": []}}}')
guard_true(i21, descr=<Guard0x14863e890>) [p0, p1, p2, p3, p4, p5, p6, p7, p8, p9, p10, p11]
debug_merge_point(0, 0, '31<list_tail.rpyeffect:31([k@Name(loop388)#18])>+2: {"op": "Push". "target": 30. "args": {"any": [3. 2. 1]}}')
debug_merge_point(0, 0, '31<list_tail.rpyeffect:31([k@Name(loop388)#18])>+3: {"op": "Copy". "type": "any". "from": 1. "to". 0}')
debug_merge_point(0, 0, '31<list_tail.rpyeffect:31([k@Name(loop388)#18])>+4: {"op": "Invoke". "receiver": 3. "tag": Interned(apply). "args" : {"any": [0]}}')
+200: p22 = getfield_gc_r(p17, descr=<FieldP rpyeffect.codata.CoData.inst_vtable 8 pure>)
+208: guard_value(p22, ConstPtr(ptr23), descr=<Guard0x14863e8c0>) [p0, p1, p2, p3, p4, p5, p6, p7, p8, p9, p10, p11]
debug_merge_point(0, 0, '203<list_tail.rpyeffect:203([#405])>+0: {"op": "Jump". "target": 200}')
debug_merge_point(0, 0, '200<list_tail.rpyeffect:200([mcore:[#82]#376])>+0: {"op": "Const". "type": "ptr". "out": 0. "format": "int". "value": "<IntValue object at 0x1485fa400>"}')
debug_merge_point(0, 0, '200<list_tail.rpyeffect:200([mcore:[#82]#376])>+1: {"op": "Push". "target": 199. "args": {"any": []}}')
debug_merge_point(0, 0, '200<list_tail.rpyeffect:200([mcore:[#82]#376])>+2: {"op": "Jump". "target": 189}')
debug_merge_point(0, 0, '189<list_tail.rpyeffect:189(Name(run2828))>+0: {"op": "Push". "target": 188. "args": {"any": []}}')
debug_merge_point(0, 0, '189<list_tail.rpyeffect:189(Name(run2828))>+1: {"op": "Jump". "target": 163}')
debug_merge_point(0, 0, '163<list_tail.rpyeffect:163(Name(makeList2822))>+0: {"op": "Const". "type": "ptr". "out": 1. "format": "int". "value": "<IntValue object at 0x1485db2d0>"}')
debug_merge_point(0, 0, '163<list_tail.rpyeffect:163(Name(makeList2822))>+1: {"op": "Push". "target": 162. "args": {"any": [0]}}')
+216: p24 = new_with_vtable(descr=<SizeDescr 32>)
+320: p25 = new_with_vtable(descr=<SizeDescr 32>)
+332: p26 = new_with_vtable(descr=<SizeDescr 56>)
+344: setfield_gc(p26, p19, descr=<FieldP rpyeffect.stored_environment.Stack__arb.inst_tail 8 pure>)
+348: setfield_gc(p26, 30, descr=<FieldS rpyeffect.stored_environment.Stack__arb.inst_target 16 pure>)
+356: setfield_gc(p26, p17, descr=<FieldP rpyeffect.stored_environment.Stack__3.inst_values_ptr_0 32 pure>)
+360: setfield_gc(p26, p18, descr=<FieldP rpyeffect.stored_environment.Stack__3.inst_values_ptr_1 40 pure>)
+364: p28 = new_with_vtable(descr=<SizeDescr 16>)
+376: setfield_gc(p28, i14, descr=<FieldS rpyeffect.value.IntValue.inst_value 8 pure>)
+380: setfield_gc(p26, p28, descr=<FieldP rpyeffect.stored_environment.Stack__3.inst_values_ptr_2 48 pure>)
+384: setfield_gc(p25, p26, descr=<FieldP rpyeffect.stored_environment.Stack__arb.inst_tail 8 pure>)
+388: setfield_gc(p25, 199, descr=<FieldS rpyeffect.stored_environment.Stack__arb.inst_target 16 pure>)
+396: setfield_gc(p24, 188, descr=<FieldS rpyeffect.stored_environment.Stack__arb.inst_target 16 pure>)
+404: setfield_gc(p24, p25, descr=<FieldP rpyeffect.stored_environment.Stack__arb.inst_tail 8 pure>)
+440: jump(p8, p24, p0, p10, p11, ConstPtr(ptr31), ConstPtr(ptr32), p18, p17, p5, p6, p7, descr=TargetToken(5509091360))
+540: --end of the loop--
[163becd] jit-log-opt-bridge}
[16ad929] {jit-log-opt-bridge
# bridge out of Guard 0x148615a90 with 18 ops
[p0, p1, p2, p3, p4, p5, p6, p7, p8, p9, p10, p11]
+120: guard_not_invalidated(descr=<Guard0x14862d5c8>) [p0, p1, p2, p3, p4, p5, p6, p7, p8, p9, p10, p11]
debug_merge_point(0, 0, '136<list_tail.rpyeffect:136(Name(b_k_29064021))>+0: {"op": "Push". "target": 135. "args": {"any": []}}')
debug_merge_point(0, 0, '136<list_tail.rpyeffect:136(Name(b_k_29064021))>+1: {"op": "Copy". "type": "any". "from": 1. "to". 0}')
debug_merge_point(0, 0, '136<list_tail.rpyeffect:136(Name(b_k_29064021))>+2: {"op": "Jump". "target": 141}')
debug_merge_point(0, 0, '141<list_tail.rpyeffect:141(Name(length2817))>+0: {"op": "Match". "type": Interned(List916). "scrutinee": 0. "clauses": [{"tag": Interned(Nil1153). "target": 139. "args": {"any": []}}. {"tag": Interned(Cons1154). "target": 140. "args": {"any": [0. 1]}}]. "default": {"tag": Interned(6fb7c48a-f49f-4a04-b48c-48e5e6b46158#[Missing Tag#425]). "target": 138. "args": {"any": []}}}')
+124: p12 = getfield_gc_r(p2, descr=<FieldP rpyeffect.data.Data.inst_tag 8>)
+132: guard_value(p12, ConstPtr(ptr13), descr=<Guard0x14863eb00>) [p0, p1, p2, p3, p4, p5, p6, p7, p8, p9, p10, p11]
debug_merge_point(0, 0, '139<list_tail.rpyeffect:139([match_Nil1153@Name(length2817)#277])>+0: {"op": "Jump". "target": 134}')
debug_merge_point(0, 0, '134<list_tail.rpyeffect:134(Name(b_k_29044020))>+0: {"op": "Const". "type": "ptr". "out": 0. "format": "int". "value": "<IntValue object at 0x1485db8a0>"}')
debug_merge_point(0, 0, '134<list_tail.rpyeffect:134(Name(b_k_29044020))>+1: {"op": "Return". "args": {"any": [0]}}')
debug_merge_point(0, 0, '135<list_tail.rpyeffect:135([k@Name(b_k_29064021)#271])>+0: {"op": "Const". "type": "ptr". "out": 1. "format": "int". "value": "<IntValue object at 0x1485db870>"}')
debug_merge_point(0, 0, '135<list_tail.rpyeffect:135([k@Name(b_k_29064021)#271])>+1: {"op": "Swap". "type": "any". "a": 0. "b". 1}')
debug_merge_point(0, 0, '135<list_tail.rpyeffect:135([k@Name(b_k_29064021)#271])>+2: {"op": "Jump". "target": 6}')
debug_merge_point(0, 0, '6<list_tail.rpyeffect:6(Name(infixAdd96))>+0: {"op": "PrimOp". "name": "infixAdd(Int. Int): Int". "out": {"any": [0]}. "in": {"any": [0. 1]}}')
+140: p14 = new_with_vtable(descr=<SizeDescr 32>)
+244: setfield_gc(p14, p11, descr=<FieldP rpyeffect.stored_environment.Stack__arb.inst_tail 8 pure>)
+252: setfield_gc(p14, 135, descr=<FieldS rpyeffect.stored_environment.Stack__arb.inst_target 16 pure>)
+276: jump(p8, p14, p0, p9, p10, ConstPtr(ptr16), ConstPtr(ptr17), p3, p4, p5, p6, p7, descr=TargetToken(5509093792))
+408: --end of the loop--
[16b06bb] jit-log-opt-bridge}
[1aa2807] {jit-log-opt-bridge
# bridge out of Guard 0x14863e290 with 27 ops
[p0, p1, p2, p3, p4, p5, p6, p7, p8, p9, p10, p11, p12]
+120: guard_not_invalidated(descr=<Guard0x14862de80>) [p0, p1, p2, p3, p4, p5, p6, p7, p8, p9, p10, p11, p12]
debug_merge_point(0, 0, '159<list_tail.rpyeffect:159([k@[k@[then#304]#308]#311])>+1: {"op": "Return". "args": {"any": [0]}}')
+124: guard_nonnull(p8, descr=<Guard0x14863eef0>) [p0, p1, p2, p3, p4, p5, p6, p7, p8, p9, p10, p11, p12]
+132: i13 = getfield_gc_i(p8, descr=<FieldS rpyeffect.stored_environment.Stack__arb.inst_target 16 pure>)
+136: guard_value(i13, 187, descr=<Guard0x14863ef20>) [p0, p1, p2, p3, p4, p5, p6, p7, p8, p9, p10, p11, p12]
+148: p15 = getfield_gc_r(p8, descr=<FieldP rpyeffect.stored_environment.Stack__1.inst_values_ptr_0 32 pure>)
+152: p16 = getfield_gc_r(p8, descr=<FieldP rpyeffect.stored_environment.Stack__arb.inst_tail 8 pure>)
debug_merge_point(0, 0, '187<list_tail.rpyeffect:187([k@[k@Name(run2828)#346]#350])>+0: {"op": "Const". "type": "ptr". "out": 2. "format": "int". "value": "<IntValue object at 0x1485fa3e0>"}')
debug_merge_point(0, 0, '187<list_tail.rpyeffect:187([k@[k@Name(run2828)#346]#350])>+1: {"op": "Push". "target": 186. "args": {"any": [1. 0]}}')
debug_merge_point(0, 0, '187<list_tail.rpyeffect:187([k@[k@Name(run2828)#346]#350])>+2: {"op": "Copy". "type": "any". "from": 2. "to". 0}')
debug_merge_point(0, 0, '187<list_tail.rpyeffect:187([k@[k@Name(run2828)#346]#350])>+3: {"op": "Jump". "target": 163}')
debug_merge_point(0, 0, '163<list_tail.rpyeffect:163(Name(makeList2822))>+0: {"op": "Const". "type": "ptr". "out": 1. "format": "int". "value": "<IntValue object at 0x1485db2d0>"}')
debug_merge_point(0, 0, '163<list_tail.rpyeffect:163(Name(makeList2822))>+1: {"op": "Push". "target": 162. "args": {"any": [0]}}')
+156: p17 = new_with_vtable(descr=<SizeDescr 48>)
+264: p18 = new_with_vtable(descr=<SizeDescr 40>)
+280: setfield_gc(p18, ConstPtr(ptr19), descr=<FieldP rpyeffect.data.Data.inst_tag 8>)
+284: setfield_gc(p18, p1, descr=<FieldP rpyeffect.stored_environment.Data__2.inst_values_ptr_0 24 pure>)
+292: p20 = new_with_vtable(descr=<SizeDescr 40>)
+304: setfield_gc(p20, ConstPtr(ptr21), descr=<FieldP rpyeffect.data.Data.inst_tag 8>)
+308: setfield_gc(p20, p12, descr=<FieldP rpyeffect.stored_environment.Data__2.inst_values_ptr_0 24 pure>)
+312: setfield_gc(p20, p11, descr=<FieldP rpyeffect.stored_environment.Data__2.inst_values_ptr_1 32 pure>)
+316: setfield_gc(p18, p20, descr=<FieldP rpyeffect.stored_environment.Data__2.inst_values_ptr_1 32 pure>)
+320: setfield_gc(p17, 186, descr=<FieldS rpyeffect.stored_environment.Stack__arb.inst_target 16 pure>)
+328: setfield_gc(p17, p16, descr=<FieldP rpyeffect.stored_environment.Stack__arb.inst_tail 8 pure>)
+332: setfield_gc(p17, p15, descr=<FieldP rpyeffect.stored_environment.Stack__2.inst_values_ptr_0 32 pure>)
+336: setfield_gc(p17, p18, descr=<FieldP rpyeffect.stored_environment.Stack__2.inst_values_ptr_1 40 pure>)
+372: jump(p7, p17, p0, p9, p10, ConstPtr(ptr23), ConstPtr(ptr24), ConstPtr(ptr23), p3, p4, p5, p6, descr=TargetToken(5509091360))
+468: --end of the loop--
[1aa602e] jit-log-opt-bridge}
[20ad21f] {jit-log-opt-bridge
# bridge out of Guard 0x14863ef20 with 36 ops
[p0, p1, p2, p3, p4, p5, p6, p7, p8, p9, p10, p11, p12]
+104: guard_not_invalidated(descr=<Guard0x138008c80>) [p0, p1, p2, p3, p4, p5, p6, p7, p8, p9, p10, p11, p12]
debug_merge_point(0, 0, '159<list_tail.rpyeffect:159([k@[k@[then#304]#308]#311])>+1: {"op": "Return". "args": {"any": [0]}}')
+108: guard_nonnull(p8, descr=<Guard0x14863f7f0>) [p0, p1, p2, p3, p4, p5, p6, p7, p8, p9, p10, p11, p12]
+116: i13 = getfield_gc_i(p8, descr=<FieldS rpyeffect.stored_environment.Stack__arb.inst_target 16 pure>)
+120: guard_value(i13, 186, descr=<Guard0x14863f820>) [p0, p1, p2, p3, p4, p5, p6, p7, p8, p9, p10, p11, p12]
+132: p15 = getfield_gc_r(p8, descr=<FieldP rpyeffect.stored_environment.Stack__2.inst_values_ptr_0 32 pure>)
+136: p16 = getfield_gc_r(p8, descr=<FieldP rpyeffect.stored_environment.Stack__2.inst_values_ptr_1 40 pure>)
+140: p17 = getfield_gc_r(p8, descr=<FieldP rpyeffect.stored_environment.Stack__arb.inst_tail 8 pure>)
debug_merge_point(0, 0, '186<list_tail.rpyeffect:186([k@[k@[k@Name(run2828)#346]#350]#354])>+0: {"op": "Push". "target": 185. "args": {"any": []}}')
debug_merge_point(0, 0, '186<list_tail.rpyeffect:186([k@[k@[k@Name(run2828)#346]#350]#354])>+1: {"op": "Swap". "type": "any". "a": 0. "b". 1}')
debug_merge_point(0, 0, '186<list_tail.rpyeffect:186([k@[k@[k@Name(run2828)#346]#350]#354])>+2: {"op": "Swap". "type": "any". "a": 2. "b". 1}')
debug_merge_point(0, 0, '186<list_tail.rpyeffect:186([k@[k@[k@Name(run2828)#346]#350]#354])>+3: {"op": "Jump". "target": 183}')
debug_merge_point(0, 0, '183<list_tail.rpyeffect:183(Name(tail2826))>+0: {"op": "Push". "target": 182. "args": {"any": [0. 1. 2]}}')
debug_merge_point(0, 0, '183<list_tail.rpyeffect:183(Name(tail2826))>+1: {"op": "Swap". "type": "any". "a": 0. "b". 1}')
debug_merge_point(0, 0, '183<list_tail.rpyeffect:183(Name(tail2826))>+2: {"op": "Jump". "target": 157}')
debug_merge_point(0, 0, '157<list_tail.rpyeffect:157(Name(isShorterThan2820))>+0: {"op": "Construct". "out": 0. "type": Interned(Tuple2252). "tag": Interned(Tuple2334). "args": {"any": [0. 1]}}')
debug_merge_point(0, 0, '157<list_tail.rpyeffect:157(Name(isShorterThan2820))>+1: {"op": "Match". "type": Interned(Tuple2252). "scrutinee": 0. "clauses": [{"tag": Interned(Tuple2334). "target": 156. "args": {"any": [0. 1]}}]. "default": {"tag": Interned(6fb7c48a-f49f-4a04-b48c-48e5e6b46158#[Missing Tag#429]). "target": 147. "args": {"any": []}}}')
debug_merge_point(0, 0, '156<list_tail.rpyeffect:156([match_Tuple2334@Name(isShorterThan2820)#288])>+0: {"op": "Match". "type": Interned(List916). "scrutinee": 1. "clauses": [{"tag": Interned(Nil1153). "target": 151. "args": {"any": []}}. {"tag": Interned(Cons1154). "target": 155. "args": {"any": [1. 2]}}]. "default": {"tag": Interned(6fb7c48a-f49f-4a04-b48c-48e5e6b46158#[Missing Tag#428]). "target": 150. "args": {"any": []}}}')
+144: p18 = new_with_vtable(descr=<SizeDescr 56>)
+252: p19 = new_with_vtable(descr=<SizeDescr 32>)
+264: setfield_gc(p19, p17, descr=<FieldP rpyeffect.stored_environment.Stack__arb.inst_tail 8 pure>)
+272: setfield_gc(p19, 185, descr=<FieldS rpyeffect.stored_environment.Stack__arb.inst_target 16 pure>)
+280: p21 = new_with_vtable(descr=<SizeDescr 40>)
+296: setfield_gc(p21, ConstPtr(ptr22), descr=<FieldP rpyeffect.data.Data.inst_tag 8>)
+300: setfield_gc(p21, p1, descr=<FieldP rpyeffect.stored_environment.Data__2.inst_values_ptr_0 24 pure>)
+308: p23 = new_with_vtable(descr=<SizeDescr 40>)
+320: setfield_gc(p23, ConstPtr(ptr24), descr=<FieldP rpyeffect.data.Data.inst_tag 8>)
+324: setfield_gc(p23, p12, descr=<FieldP rpyeffect.stored_environment.Data__2.inst_values_ptr_0 24 pure>)
+328: setfield_gc(p23, p11, descr=<FieldP rpyeffect.stored_environment.Data__2.inst_values_ptr_1 32 pure>)
+332: setfield_gc(p21, p23, descr=<FieldP rpyeffect.stored_environment.Data__2.inst_values_ptr_1 32 pure>)
+336: setfield_gc(p18, 182, descr=<FieldS rpyeffect.stored_environment.Stack__arb.inst_target 16 pure>)
+344: setfield_gc(p18, p19, descr=<FieldP rpyeffect.stored_environment.Stack__arb.inst_tail 8 pure>)
+348: setfield_gc(p18, p15, descr=<FieldP rpyeffect.stored_environment.Stack__3.inst_values_ptr_0 32 pure>)
+352: setfield_gc(p18, p16, descr=<FieldP rpyeffect.stored_environment.Stack__3.inst_values_ptr_1 40 pure>)
+356: setfield_gc(p18, p21, descr=<FieldP rpyeffect.stored_environment.Stack__3.inst_values_ptr_2 48 pure>)
+392: jump(p7, p18, p0, p9, p10, p16, p15, p21, p3, p4, p5, p6, descr=TargetToken(5509089568))
+488: --end of the loop--
[20bcdc0] jit-log-opt-bridge}
[121cd863] {jit-summary
Tracing:      	20	0.002552
Backend:      	20	0.000959
TOTAL:      		0.296103
ops:             	8612
heapcached ops:  	1603
recorded ops:    	1222
  calls:         	117
guards:          	253
opt ops:         	710
opt guards:      	94
opt guards shared:	69
forcings:        	0
abort: trace too long:	0
abort: compiling:	0
abort: vable escape:	0
abort: bad loop: 	0
abort: force quasi-immut:	0
abort: segmenting trace:	0
virtualizables forced:	0
nvirtuals:       	12
nvholes:         	0
nvreused:        	0
vecopt tried:    	0
vecopt success:  	0
Total # of loops:	8
Total # of bridges:	12
Freed # of loops:	0
Freed # of bridges:	0
[121cfea3] jit-summary}
