[7c5c6d] {jit-log-opt-loop
# Loop 2 (5<main.rpyeffect:5(Name(infixAdd96))>+0: {"op": "PrimOp", "name": "infixAdd(Int, Int): Int", "out": {"any": [0]}, "in": {"any": [0, 1]}}) : loop with 86 ops
[p0, p1, p2, p3, p4]
+280: p5 = getfield_gc_r(p2, descr=<FieldP rpyeffect.environment.Environment.inst_values_ptr 16>)
+288: p7 = getarrayitem_gc_r(p5, 0, descr=<ArrayP 8>)
+292: p9 = getarrayitem_gc_r(p5, 1, descr=<ArrayP 8>)
+296: p11 = getarrayitem_gc_r(p5, 2, descr=<ArrayP 8>)
+300: p13 = getarrayitem_gc_r(p5, 3, descr=<ArrayP 8>)
+304: p15 = getarrayitem_gc_r(p5, 4, descr=<ArrayP 8>)
+308: p17 = getarrayitem_gc_r(p5, 5, descr=<ArrayP 8>)
+312: p19 = getarrayitem_gc_r(p5, 6, descr=<ArrayP 8>)
+316: label(p0, p1, p2, p3, p4, p7, p9, p11, p13, p15, p17, p19, descr=TargetToken(5643317344))
debug_merge_point(0, 0, '5<main.rpyeffect:5(Name(infixAdd96))>+0: {"op": "PrimOp". "name": "infixAdd(Int. Int): Int". "out": {"any": [0]}. "in": {"any": [0. 1]}}')
+336: guard_not_invalidated(descr=<Guard0x1505e8ba8>) [p2, p7, p9, p11, p13, p15, p17, p19, p0, p1, p3, p4]
+340: i20 = getfield_gc_i(p7, descr=<FieldS rpyeffect.value.IntValue.inst_value 8 pure>)
+344: i21 = getfield_gc_i(p9, descr=<FieldS rpyeffect.value.IntValue.inst_value 8 pure>)
+348: i22 = int_add(i20, i21)
debug_merge_point(0, 0, '5<main.rpyeffect:5(Name(infixAdd96))>+1: {"op": "Return". "args": {"any": [0]}}')
+352: guard_nonnull(p1, descr=<Guard0x1505f87d0>) [p2, p7, p9, p11, p13, p15, p17, p19, p0, p1, p3, p4]
+364: i23 = getfield_gc_i(p1, descr=<FieldS rpyeffect.stored_environment.Stack__arb.inst_target 16 pure>)
+372: guard_value(i23, 126, descr=<Guard0x1505f8800>) [p2, p7, p9, p11, p13, p15, p17, p19, p0, p1, p3, p4]
+384: p25 = getfield_gc_r(p1, descr=<FieldP rpyeffect.stored_environment.Stack__2.inst_values_ptr_0 32 pure>)
+388: p26 = getfield_gc_r(p1, descr=<FieldP rpyeffect.stored_environment.Stack__2.inst_values_ptr_1 40 pure>)
+392: p27 = getfield_gc_r(p1, descr=<FieldP rpyeffect.stored_environment.Stack__arb.inst_tail 8 pure>)
debug_merge_point(0, 0, '126<main.rpyeffect:126([k@[k@[then#256]#258]#262])>+0: {"op": "Swap". "type": "any". "a": 2. "b". 1}')
debug_merge_point(0, 0, '126<main.rpyeffect:126([k@[k@[then#256]#258]#262])>+1: {"op": "Jump". "target": 130}')
debug_merge_point(0, 0, '130<main.rpyeffect:130(Name(range2819))>+0: {"op": "Push". "target": 129. "args": {"any": [2. 0. 1]}}')
debug_merge_point(0, 0, '130<main.rpyeffect:130(Name(range2819))>+1: {"op": "Jump". "target": 9}')
debug_merge_point(0, 0, '9<main.rpyeffect:9(Name(infixGt184))>+0: {"op": "PrimOp". "name": "infixGt(Int. Int): Boolean". "out": {"any": [0]}. "in": {"any": [0. 1]}}')
+396: i28 = getfield_gc_i(p26, descr=<FieldS rpyeffect.value.IntValue.inst_value 8 pure>)
+400: i29 = int_gt(i22, i28)
debug_merge_point(0, 0, '9<main.rpyeffect:9(Name(infixGt184))>+1: {"op": "Return". "args": {"any": [0]}}')
debug_merge_point(0, 0, '129<main.rpyeffect:129([k@Name(range2819)#252])>+0: {"op": "Swap". "type": "any". "a": 2. "b". 3}')
debug_merge_point(0, 0, '129<main.rpyeffect:129([k@Name(range2819)#252])>+1: {"op": "Swap". "type": "any". "a": 0. "b". 3}')
debug_merge_point(0, 0, '129<main.rpyeffect:129([k@Name(range2819)#252])>+2: {"op": "IfZero". "cond": 3. "then": {"tag": null. "target": 128. "args": {"any": []}}}')
guard_false(i29, descr=<Guard0x1505f8830>) [p2, p7, p9, p11, p13, p15, p17, p19, p0, p1, p3, p4]
debug_merge_point(0, 0, '128<main.rpyeffect:128([then#256])>+0: {"op": "Push". "target": 127. "args": {"any": [1. 0. 2]}}')
debug_merge_point(0, 0, '128<main.rpyeffect:128([then#256])>+1: {"op": "Invoke". "receiver": 1. "tag": Interned(Emit2824). "args" : {"any": [0]}}')
+408: p30 = getfield_gc_r(p25, descr=<FieldP rpyeffect.codata.CoData.inst_vtable 8 pure>)
+416: guard_value(p30, ConstPtr(ptr31), descr=<Guard0x1505f8860>) [p2, p7, p9, p11, p13, p15, p17, p19, p0, p1, p3, p4]
+424: p32 = getfield_gc_r(p25, descr=<FieldP rpyeffect.stored_environment.CoData__2.inst_values_ptr_0 24 pure>)
+428: p33 = getfield_gc_r(p25, descr=<FieldP rpyeffect.stored_environment.CoData__2.inst_values_ptr_1 32 pure>)
debug_merge_point(0, 0, '137<main.rpyeffect:137([method_Emit2824@Name(run2821)#278])>+0: {"op": "Const". "type": "ptr". "out": 3. "format": "int". "value": "<IntValue object at 0x1505db5a0>"}')
debug_merge_point(0, 0, '137<main.rpyeffect:137([method_Emit2824@Name(run2821)#278])>+1: {"op": "ShiftDyn". "out": 1. "n": 3. "label": 1}')
+436: i35 = instance_ptr_eq(p4, ConstPtr(ptr34))
guard_true(i35, descr=<Guard0x1505f8890>) [p2, p7, p9, p11, p13, p15, p17, p19, p0, p1, p3, p4]
+448: guard_nonnull(p0, descr=<Guard0x1505f88c0>) [p2, p7, p9, p11, p13, p15, p17, p19, p0, p1, p3, p4]
+460: guard_nonnull(p32, descr=<Guard0x1505f88f0>) [p2, p7, p9, p11, p13, p15, p17, p19, p0, p1, p3, p4]
+468: i36 = getfield_gc_i(p0, descr=<FieldS rpyeffect.stack.Label.inst_origin 8 pure>)
+476: guard_value(i36, 142341, descr=<Guard0x1505f8920>) [p2, p7, p9, p11, p13, p15, p17, p19, p0, p1, p3, p4]
+492: i38 = getfield_gc_i(p32, descr=<FieldS rpyeffect.stack.Label.inst_origin 8 pure>)
+496: guard_value(i38, 142341, descr=<Guard0x1505f8950>) [p2, p7, p9, p11, p13, p15, p17, p19, p0, p1, p3, p4]
+512: i40 = instance_ptr_eq(p0, p32)
guard_true(i40, descr=<Guard0x1505f8980>) [p2, p7, p9, p11, p13, p15, p17, p19, p0, p1, p3, p4]
+520: guard_nonnull_class(p3, 4372719408, descr=<Guard0x1505e8bf0>) [p2, p7, p9, p11, p13, p15, p17, p19, p0, p1, p3, p4]
+548: p42 = getfield_gc_r(p3, descr=<FieldP rpyeffect.stack.MetaStackLike.inst_stack 8 pure>)
+552: p43 = getfield_gc_r(p3, descr=<FieldP rpyeffect.stack.MetaStack.inst_label 16 pure>)
+556: p44 = getfield_gc_r(p3, descr=<FieldP rpyeffect.stack.MetaStack.inst_tail 32 pure>)
debug_merge_point(0, 0, '137<main.rpyeffect:137([method_Emit2824@Name(run2821)#278])>+2: {"op": "Load". "out": 3. "type": "any". "ref": 2}')
+560: p45 = getfield_gc_r(p33, descr=<FieldP rpyeffect.region.Ref.inst_allocation_site 8 pure>)
+572: guard_value(p45, ConstPtr(ptr46), descr=<Guard0x1505f89b0>) [p2, p7, p9, p11, p13, p15, p17, p19, p0, p1, p3, p4]
+580: p47 = getfield_gc_r(p33, descr=<FieldP rpyeffect.region.Ref.inst_value 16>)
+584: i48 = getfield_gc_i(p47, descr=<FieldS rpyeffect.value.UnboxedIntValueRef.inst_value 8>)
debug_merge_point(0, 0, '137<main.rpyeffect:137([method_Emit2824@Name(run2821)#278])>+3: {"op": "Push". "target": 136. "args": {"any": [1. 2]}}')
debug_merge_point(0, 0, '137<main.rpyeffect:137([method_Emit2824@Name(run2821)#278])>+4: {"op": "Copy". "type": "any". "from": 0. "to". 1}')
debug_merge_point(0, 0, '137<main.rpyeffect:137([method_Emit2824@Name(run2821)#278])>+5: {"op": "Copy". "type": "any". "from": 3. "to". 0}')
debug_merge_point(0, 0, '137<main.rpyeffect:137([method_Emit2824@Name(run2821)#278])>+6: {"op": "Jump". "target": 5}')
debug_merge_point(0, 0, '5<main.rpyeffect:5(Name(infixAdd96))>+0: {"op": "PrimOp". "name": "infixAdd(Int. Int): Int". "out": {"any": [0]}. "in": {"any": [0. 1]}}')
+588: p49 = new_with_vtable(descr=<SizeDescr 48>)
+696: p50 = new_with_vtable(descr=<SizeDescr 40>)
+708: p51 = new_with_vtable(descr=<SizeDescr 56>)
+720: setfield_gc(p51, p27, descr=<FieldP rpyeffect.stored_environment.Stack__arb.inst_tail 8 pure>)
+724: setfield_gc(p51, 127, descr=<FieldS rpyeffect.stored_environment.Stack__arb.inst_target 16 pure>)
+732: setfield_gc(p51, p25, descr=<FieldP rpyeffect.stored_environment.Stack__3.inst_values_ptr_0 32 pure>)
+736: p53 = new_with_vtable(descr=<SizeDescr 16>)
+748: setfield_gc(p53, i22, descr=<FieldS rpyeffect.value.IntValue.inst_value 8 pure>)
+752: setfield_gc(p51, p53, descr=<FieldP rpyeffect.stored_environment.Stack__3.inst_values_ptr_1 40 pure>)
+756: setfield_gc(p51, p26, descr=<FieldP rpyeffect.stored_environment.Stack__3.inst_values_ptr_2 48 pure>)
+760: setfield_gc(p50, p51, descr=<FieldP rpyeffect.stack.MetaStackLike.inst_stack 8 pure>)
+764: setfield_gc(p50, p0, descr=<FieldP rpyeffect.stack.MetaStack.inst_label 16 pure>)
+768: setfield_gc(p50, ConstPtr(null), descr=<FieldP rpyeffect.stack.MetaStack.inst_region 24 pure>)
+776: setfield_gc(p50, ConstPtr(null), descr=<FieldP rpyeffect.stack.MetaStack.inst_tail 32 pure>)
+784: p56 = new_with_vtable(descr=<SizeDescr 16>)
+796: setfield_gc(p56, i48, descr=<FieldS rpyeffect.value.IntValue.inst_value 8 pure>)
+800: setfield_gc(p49, 136, descr=<FieldS rpyeffect.stored_environment.Stack__arb.inst_target 16 pure>)
+808: setfield_gc(p49, p50, descr=<FieldP rpyeffect.stored_environment.Stack__2.inst_values_ptr_0 32 pure>)
+812: setfield_gc(p49, p33, descr=<FieldP rpyeffect.stored_environment.Stack__2.inst_values_ptr_1 40 pure>)
+816: setfield_gc(p49, p42, descr=<FieldP rpyeffect.stored_environment.Stack__arb.inst_tail 8 pure>)
+836: jump(p43, p49, p2, p44, ConstPtr(ptr58), p56, p53, p33, p56, p15, p17, p19, descr=TargetToken(5643317344))
+876: --end of the loop--
[7e4bde] jit-log-opt-loop}
[834c24] {jit-log-opt-bridge
# bridge out of Guard 0x1505f8800 with 54 ops
[p0, p1, p2, p3, p4, p5, p6, p7, p8, p9, p10, p11]
+184: guard_not_invalidated(descr=<Guard0x1505e8c38>) [p0, p1, p2, p3, p4, p5, p6, p7, p8, p9, p10, p11]
+188: i12 = getfield_gc_i(p1, descr=<FieldS rpyeffect.value.IntValue.inst_value 8 pure>)
+192: i13 = getfield_gc_i(p2, descr=<FieldS rpyeffect.value.IntValue.inst_value 8 pure>)
+196: i14 = int_add(i12, i13)
debug_merge_point(0, 0, '5<main.rpyeffect:5(Name(infixAdd96))>+1: {"op": "Return". "args": {"any": [0]}}')
+200: guard_nonnull(p9, descr=<Guard0x1505f8bf0>) [p0, p1, p2, p3, p4, p5, p6, p7, p8, p9, p10, p11]
+208: i15 = getfield_gc_i(p9, descr=<FieldS rpyeffect.stored_environment.Stack__arb.inst_target 16 pure>)
+212: guard_value(i15, 136, descr=<Guard0x1505f8c20>) [p0, p1, p2, p3, p4, p5, p6, p7, p8, p9, p10, p11]
+224: p17 = getfield_gc_r(p9, descr=<FieldP rpyeffect.stored_environment.Stack__2.inst_values_ptr_0 32 pure>)
+228: p18 = getfield_gc_r(p9, descr=<FieldP rpyeffect.stored_environment.Stack__2.inst_values_ptr_1 40 pure>)
+232: p19 = getfield_gc_r(p9, descr=<FieldP rpyeffect.stored_environment.Stack__arb.inst_tail 8 pure>)
debug_merge_point(0, 0, '136<main.rpyeffect:136([k@[method_Emit2824@Name(run2821)#278]#283])>+0: {"op": "Store". "ref": 2. "type": "any". "value": 0}')
+236: p20 = getfield_gc_r(p18, descr=<FieldP rpyeffect.region.Ref.inst_allocation_site 8 pure>)
+244: guard_value(p20, ConstPtr(ptr21), descr=<Guard0x1505f8c50>) [p0, p1, p2, p3, p4, p5, p6, p7, p8, p9, p10, p11]
+252: p22 = getfield_gc_r(p18, descr=<FieldP rpyeffect.region.Ref.inst_value 16>)
debug_merge_point(0, 0, '136<main.rpyeffect:136([k@[method_Emit2824@Name(run2821)#278]#283])>+1: {"op": "Construct". "out": 0. "type": Interned(Unit). "tag": Interned(unit). "args": {"any": []}}')
debug_merge_point(0, 0, '136<main.rpyeffect:136([k@[method_Emit2824@Name(run2821)#278]#283])>+2: {"op": "Construct". "out": 0. "type": Interned(Unit). "tag": Interned(unit). "args": {"any": []}}')
debug_merge_point(0, 0, '136<main.rpyeffect:136([k@[method_Emit2824@Name(run2821)#278]#283])>+3: {"op": "Jump". "target": 131}')
debug_merge_point(0, 0, '131<main.rpyeffect:131(Name(resume2827))>+0: {"op": "PushStack". "arg": 1}')
+256: setfield_gc(p22, i14, descr=<FieldS rpyeffect.value.UnboxedIntValueRef.inst_value 8>)
+268: i24 = instance_ptr_eq(p11, ConstPtr(ptr23))
guard_true(i24, descr=<Guard0x1505e8c80>) [p0, p17, p18, p4, p5, p6, p7, i24, p8, p19, p10, p11]
+288: guard_nonnull_class(p17, 4372719408, descr=<Guard0x1505e8cc8>) [p0, p17, p18, p4, p5, p6, p7, i24, p8, p19, p10, p11]
+312: p26 = getfield_gc_r(p17, descr=<FieldP rpyeffect.stack.MetaStack.inst_region 24 pure>)
+316: guard_isnull(p26, descr=<Guard0x1505f8c80>) [p0, p17, p18, p4, p5, p6, p7, i24, p8, p19, p10, p11]
+324: p27 = getfield_gc_r(p17, descr=<FieldP rpyeffect.stack.MetaStackLike.inst_stack 8 pure>)
+328: p28 = getfield_gc_r(p17, descr=<FieldP rpyeffect.stack.MetaStack.inst_tail 32 pure>)
+332: guard_isnull(p28, descr=<Guard0x1505f8cb0>) [p0, p17, p18, p4, p5, p6, p7, i24, p8, p19, p10, p11]
+340: p29 = getfield_gc_r(p17, descr=<FieldP rpyeffect.stack.MetaStack.inst_label 16 pure>)
debug_merge_point(0, 0, '131<main.rpyeffect:131(Name(resume2827))>+1: {"op": "Return". "args": {"any": [0]}}')
+344: guard_nonnull(p27, descr=<Guard0x1505f8ce0>) [p0, p17, p18, p4, p5, p6, p7, i24, p8, p19, p10, p11]
+352: i30 = getfield_gc_i(p27, descr=<FieldS rpyeffect.stored_environment.Stack__arb.inst_target 16 pure>)
+356: guard_value(i30, 127, descr=<Guard0x1505f8d10>) [p0, p17, p18, p4, p5, p6, p7, i24, p8, p19, p10, p11]
+368: p32 = getfield_gc_r(p27, descr=<FieldP rpyeffect.stored_environment.Stack__3.inst_values_ptr_0 32 pure>)
+372: p33 = getfield_gc_r(p27, descr=<FieldP rpyeffect.stored_environment.Stack__3.inst_values_ptr_1 40 pure>)
+376: p34 = getfield_gc_r(p27, descr=<FieldP rpyeffect.stored_environment.Stack__3.inst_values_ptr_2 48 pure>)
+380: p35 = getfield_gc_r(p27, descr=<FieldP rpyeffect.stored_environment.Stack__arb.inst_tail 8 pure>)
debug_merge_point(0, 0, '127<main.rpyeffect:127([k@[then#256]#258])>+0: {"op": "Const". "type": "ptr". "out": 0. "format": "int". "value": "<IntValue object at 0x1505db790>"}')
debug_merge_point(0, 0, '127<main.rpyeffect:127([k@[then#256]#258])>+1: {"op": "Push". "target": 126. "args": {"any": [1. 3]}}')
debug_merge_point(0, 0, '127<main.rpyeffect:127([k@[then#256]#258])>+2: {"op": "Copy". "type": "any". "from": 0. "to". 1}')
debug_merge_point(0, 0, '127<main.rpyeffect:127([k@[then#256]#258])>+3: {"op": "Copy". "type": "any". "from": 2. "to". 0}')
debug_merge_point(0, 0, '127<main.rpyeffect:127([k@[then#256]#258])>+4: {"op": "Jump". "target": 5}')
debug_merge_point(0, 0, '5<main.rpyeffect:5(Name(infixAdd96))>+0: {"op": "PrimOp". "name": "infixAdd(Int. Int): Int". "out": {"any": [0]}. "in": {"any": [0. 1]}}')
+384: p36 = new_with_vtable(descr=<SizeDescr 48>)
+492: p37 = new_with_vtable(descr=<SizeDescr 40>)
+504: setfield_gc(p36, 126, descr=<FieldS rpyeffect.stored_environment.Stack__arb.inst_target 16 pure>)
+512: setfield_gc(p36, p32, descr=<FieldP rpyeffect.stored_environment.Stack__2.inst_values_ptr_0 32 pure>)
+516: setfield_gc(p36, p34, descr=<FieldP rpyeffect.stored_environment.Stack__2.inst_values_ptr_1 40 pure>)
+520: setfield_gc(p36, p35, descr=<FieldP rpyeffect.stored_environment.Stack__arb.inst_tail 8 pure>)
+524: setfield_gc(p37, ConstPtr(null), descr=<FieldP rpyeffect.stack.MetaStack.inst_region 24 pure>)
+532: setfield_gc(p37, p19, descr=<FieldP rpyeffect.stack.MetaStackLike.inst_stack 8 pure>)
+536: setfield_gc(p37, p10, descr=<FieldP rpyeffect.stack.MetaStack.inst_tail 32 pure>)
+544: setfield_gc(p37, p8, descr=<FieldP rpyeffect.stack.MetaStack.inst_label 16 pure>)
+564: jump(p29, p36, p0, p37, ConstPtr(ptr40), p33, ConstPtr(ptr41), p33, p34, p5, p6, p7, descr=TargetToken(5643317344))
+616: --end of the loop--
[83e76a] jit-log-opt-bridge}
[20f40e35] {jit-summary
Tracing:      	2	0.000665
Backend:      	2	0.000231
TOTAL:      		0.545924
ops:             	1301
heapcached ops:  	238
recorded ops:    	274
  calls:         	43
guards:          	49
opt ops:         	194
opt guards:      	40
opt guards shared:	32
forcings:        	0
abort: trace too long:	0
abort: compiling:	0
abort: vable escape:	0
abort: bad loop: 	0
abort: force quasi-immut:	0
abort: segmenting trace:	0
virtualizables forced:	0
nvirtuals:       	1
nvholes:         	0
nvreused:        	0
vecopt tried:    	0
vecopt success:  	0
Total # of loops:	1
Total # of bridges:	1
Freed # of loops:	0
Freed # of bridges:	0
[20f43739] jit-summary}
