[acf0b71] {jit-log-opt-loop
# Loop 1 (4389<main.rpyeffect:56([match_def@[mcore:[#146]#118]#119])>+0: {"op": "Match", "type": Interned(std/core/types/list), "scrutinee": 0, "clauses": [{"tag": Interned(std/core/types/Cons), "target": 4388, "args": {"any": [0, 1]}}], "default": {"tag": Interned(36246ab7-02e7-4c9d-aacf-c8d40d9ce7c1#[Missing Tag#700]), "target": 4369, "args": {"any": []}}}) : loop with 76 ops
[p0, p1, p2, p3, p4]
+216: p5 = getfield_gc_r(p2, descr=<FieldP rpyeffect.environment.Environment.inst_values_ptr 16>)
+224: p7 = getarrayitem_gc_r(p5, 0, descr=<ArrayP 8>)
+228: p9 = getarrayitem_gc_r(p5, 1, descr=<ArrayP 8>)
+232: p11 = getarrayitem_gc_r(p5, 2, descr=<ArrayP 8>)
+236: p13 = getarrayitem_gc_r(p5, 3, descr=<ArrayP 8>)
+240: p15 = getarrayitem_gc_r(p5, 4, descr=<ArrayP 8>)
+244: p17 = getarrayitem_gc_r(p5, 5, descr=<ArrayP 8>)
+248: p19 = getarrayitem_gc_r(p5, 6, descr=<ArrayP 8>)
+252: p21 = getarrayitem_gc_r(p5, 7, descr=<ArrayP 8>)
+256: p23 = getarrayitem_gc_r(p5, 8, descr=<ArrayP 8>)
+260: p25 = getarrayitem_gc_r(p5, 9, descr=<ArrayP 8>)
+264: p27 = getarrayitem_gc_r(p5, 10, descr=<ArrayP 8>)
+268: p29 = getarrayitem_gc_r(p5, 11, descr=<ArrayP 8>)
+272: p31 = getarrayitem_gc_r(p5, 12, descr=<ArrayP 8>)
+276: p33 = getarrayitem_gc_r(p5, 13, descr=<ArrayP 8>)
+280: p35 = getarrayitem_gc_r(p5, 14, descr=<ArrayP 8>)
+284: p37 = getarrayitem_gc_r(p5, 15, descr=<ArrayP 8>)
+288: label(p0, p1, p2, p3, p4, p7, p9, p11, p13, p15, p17, p19, p21, p23, p25, p27, p29, p31, p33, p35, p37, descr=TargetToken(4838448352))
debug_merge_point(0, 0, '4389<main.rpyeffect:56([match_def@[mcore:[#146]#118]#119])>+0: {"op": "Match". "type": Interned(std/core/types/list). "scrutinee": 0. "clauses": [{"tag": Interned(std/core/types/Cons). "target": 4388. "args": {"any": [0. 1]}}]. "default": {"tag": Interned(36246ab7-02e7-4c9d-aacf-c8d40d9ce7c1#[Missing Tag#700]). "target": 4369. "args": {"any": []}}}')
+348: guard_not_invalidated(descr=<Guard0x12061f928>) [p2, p7, p9, p11, p13, p15, p17, p19, p21, p23, p25, p27, p29, p31, p33, p35, p37, p0, p1, p3, p4]
+352: p38 = getfield_gc_r(p7, descr=<FieldP rpyeffect.data.Data.inst_tag 8>)
+360: guard_value(p38, ConstPtr(ptr39), descr=<Guard0x120685b50>) [p2, p7, p9, p11, p13, p15, p17, p19, p21, p23, p25, p27, p29, p31, p33, p35, p37, p0, p1, p3, p4]
+368: p40 = getfield_gc_r(p7, descr=<FieldP rpyeffect.stored_environment.Data__arb.inst_values_ptr 16 pure>)
+372: p42 = getarrayitem_gc_pure_r(p40, 0, descr=<ArrayP 8>)
+376: p44 = getarrayitem_gc_pure_r(p40, 1, descr=<ArrayP 8>)
debug_merge_point(0, 0, '4388<main.rpyeffect:55([#121])>+0: {"op": "Const". "type": "ptr". "out": 2. "format": "int". "value": "<IntValue object at 0x12045e9d0>"}')
debug_merge_point(0, 0, '4388<main.rpyeffect:55([#121])>+1: {"op": "PrimOp". "name": "infixEq(Int. Int): Boolean". "out": {"any": [2]}. "in": {"any": [0. 2]}}')
+380: i45 = getfield_gc_i(p42, descr=<FieldS rpyeffect.value.IntValue.inst_value 8 pure>)
+384: i47 = int_eq(i45, 0)
debug_merge_point(0, 0, '4388<main.rpyeffect:55([#121])>+2: {"op": "Switch". "scrutinee": 2. "values": [<BoolValue object at 0x12045ee40>]. "targets": [4383]. "default": 4387}')
guard_false(i47, descr=<Guard0x120685b80>) [p2, p7, p9, p11, p13, p15, p17, p19, p21, p23, p25, p27, p29, p31, p33, p35, p37, p0, p1, p3, p4]
debug_merge_point(0, 0, '4387<main.rpyeffect:54([switch default case#163])>+0: {"op": "Const". "type": "ptr". "out": 2. "format": "int". "value": "<IntValue object at 0x12045e8a0>"}')
debug_merge_point(0, 0, '4387<main.rpyeffect:54([switch default case#163])>+1: {"op": "PrimOp". "name": "infixEq(Int. Int): Boolean". "out": {"any": [2]}. "in": {"any": [0. 2]}}')
debug_merge_point(0, 0, '4387<main.rpyeffect:54([switch default case#163])>+2: {"op": "Switch". "scrutinee": 2. "values": [<BoolValue object at 0x12045e870>]. "targets": [4385]. "default": 4386}')
debug_merge_point(0, 0, '4385<main.rpyeffect:52([switch case for Bool(false)#167])>+0: {"op": "Const". "type": "ptr". "out": 2. "format": "string". "value": "Name(import$std/core/hnd)"}')
debug_merge_point(0, 0, '4385<main.rpyeffect:52([switch case for Bool(false)#167])>+1: {"op": "PrimOp". "name": "getGlobal(String): Ptr". "out": {"any": [2]}. "in": {"any": [2]}}')
debug_merge_point(0, 0, '4385<main.rpyeffect:52([switch case for Bool(false)#167])>+2: {"op": "Push". "target": 4384. "args": {"any": [0]}}')
debug_merge_point(0, 0, '4385<main.rpyeffect:52([switch case for Bool(false)#167])>+3: {"op": "Copy". "type": "any". "from": 1. "to". 0}')
debug_merge_point(0, 0, '4385<main.rpyeffect:52([switch case for Bool(false)#167])>+4: {"op": "Copy". "type": "any". "from": 2. "to". 1}')
debug_merge_point(0, 0, '4385<main.rpyeffect:52([switch case for Bool(false)#167])>+5: {"op": "Jump". "target": 4391}')
debug_merge_point(0, 0, '4391<main.rpyeffect:58([mcore:[#146]#118])>+0: {"op": "Match". "type": Interned(std/core/types/list). "scrutinee": 0. "clauses": [{"tag": Interned(std/core/types/Nil). "target": 4390. "args": {"any": []}}]. "default": {"tag": Interned(36246ab7-02e7-4c9d-aacf-c8d40d9ce7c1#[Missing Tag#701]). "target": 4389. "args": {"any": []}}}')
+392: p48 = getfield_gc_r(p44, descr=<FieldP rpyeffect.data.Data.inst_tag 8>)
+396: guard_value(p48, ConstPtr(ptr49), descr=<Guard0x120685bb0>) [p2, p7, p9, p11, p13, p15, p17, p19, p21, p23, p25, p27, p29, p31, p33, p35, p37, p0, p1, p3, p4]
debug_merge_point(0, 0, '4389<main.rpyeffect:56([match_def@[mcore:[#146]#118]#119])>+0: {"op": "Match". "type": Interned(std/core/types/list). "scrutinee": 0. "clauses": [{"tag": Interned(std/core/types/Cons). "target": 4388. "args": {"any": [0. 1]}}]. "default": {"tag": Interned(36246ab7-02e7-4c9d-aacf-c8d40d9ce7c1#[Missing Tag#700]). "target": 4369. "args": {"any": []}}}')
+404: label(p0, p1, p42, p2, p3, p4, p44, p13, p15, p17, p19, p21, p23, p25, p27, p29, p31, p33, p35, p37, descr=TargetToken(4838448416))
debug_merge_point(0, 0, '4389<main.rpyeffect:56([match_def@[mcore:[#146]#118]#119])>+0: {"op": "Match". "type": Interned(std/core/types/list). "scrutinee": 0. "clauses": [{"tag": Interned(std/core/types/Cons). "target": 4388. "args": {"any": [0. 1]}}]. "default": {"tag": Interned(36246ab7-02e7-4c9d-aacf-c8d40d9ce7c1#[Missing Tag#700]). "target": 4369. "args": {"any": []}}}')
+404: guard_not_invalidated(descr=<Guard0x12061f970>) [p2, p44, p13, p15, p17, p19, p21, p23, p25, p27, p29, p31, p33, p35, p37, p0, p3, p4, p42, p1]
+408: p50 = getfield_gc_r(p44, descr=<FieldP rpyeffect.stored_environment.Data__arb.inst_values_ptr 16 pure>)
+412: p52 = getarrayitem_gc_pure_r(p50, 0, descr=<ArrayP 8>)
+416: p54 = getarrayitem_gc_pure_r(p50, 1, descr=<ArrayP 8>)
debug_merge_point(0, 0, '4388<main.rpyeffect:55([#121])>+0: {"op": "Const". "type": "ptr". "out": 2. "format": "int". "value": "<IntValue object at 0x12045e9d0>"}')
debug_merge_point(0, 0, '4388<main.rpyeffect:55([#121])>+1: {"op": "PrimOp". "name": "infixEq(Int. Int): Boolean". "out": {"any": [2]}. "in": {"any": [0. 2]}}')
+420: i55 = getfield_gc_i(p52, descr=<FieldS rpyeffect.value.IntValue.inst_value 8 pure>)
+424: i57 = int_eq(i55, 0)
debug_merge_point(0, 0, '4388<main.rpyeffect:55([#121])>+2: {"op": "Switch". "scrutinee": 2. "values": [<BoolValue object at 0x12045ee40>]. "targets": [4383]. "default": 4387}')
guard_false(i57, descr=<Guard0x120685be0>) [p2, p44, p13, p15, p17, p19, p21, p23, p25, p27, p29, p31, p33, p35, p37, p0, p3, p4, p42, p1]
debug_merge_point(0, 0, '4387<main.rpyeffect:54([switch default case#163])>+0: {"op": "Const". "type": "ptr". "out": 2. "format": "int". "value": "<IntValue object at 0x12045e8a0>"}')
debug_merge_point(0, 0, '4387<main.rpyeffect:54([switch default case#163])>+1: {"op": "PrimOp". "name": "infixEq(Int. Int): Boolean". "out": {"any": [2]}. "in": {"any": [0. 2]}}')
debug_merge_point(0, 0, '4387<main.rpyeffect:54([switch default case#163])>+2: {"op": "Switch". "scrutinee": 2. "values": [<BoolValue object at 0x12045e870>]. "targets": [4385]. "default": 4386}')
debug_merge_point(0, 0, '4385<main.rpyeffect:52([switch case for Bool(false)#167])>+0: {"op": "Const". "type": "ptr". "out": 2. "format": "string". "value": "Name(import$std/core/hnd)"}')
debug_merge_point(0, 0, '4385<main.rpyeffect:52([switch case for Bool(false)#167])>+1: {"op": "PrimOp". "name": "getGlobal(String): Ptr". "out": {"any": [2]}. "in": {"any": [2]}}')
debug_merge_point(0, 0, '4385<main.rpyeffect:52([switch case for Bool(false)#167])>+2: {"op": "Push". "target": 4384. "args": {"any": [0]}}')
debug_merge_point(0, 0, '4385<main.rpyeffect:52([switch case for Bool(false)#167])>+3: {"op": "Copy". "type": "any". "from": 1. "to". 0}')
debug_merge_point(0, 0, '4385<main.rpyeffect:52([switch case for Bool(false)#167])>+4: {"op": "Copy". "type": "any". "from": 2. "to". 1}')
debug_merge_point(0, 0, '4385<main.rpyeffect:52([switch case for Bool(false)#167])>+5: {"op": "Jump". "target": 4391}')
debug_merge_point(0, 0, '4391<main.rpyeffect:58([mcore:[#146]#118])>+0: {"op": "Match". "type": Interned(std/core/types/list). "scrutinee": 0. "clauses": [{"tag": Interned(std/core/types/Nil). "target": 4390. "args": {"any": []}}]. "default": {"tag": Interned(36246ab7-02e7-4c9d-aacf-c8d40d9ce7c1#[Missing Tag#701]). "target": 4389. "args": {"any": []}}}')
+432: p58 = getfield_gc_r(p54, descr=<FieldP rpyeffect.data.Data.inst_tag 8>)
+440: guard_value(p58, ConstPtr(ptr59), descr=<Guard0x120685c10>) [p2, p44, p13, p15, p17, p19, p21, p23, p25, p27, p29, p31, p33, p35, p37, p0, p3, p4, p42, p1]
debug_merge_point(0, 0, '4389<main.rpyeffect:56([match_def@[mcore:[#146]#118]#119])>+0: {"op": "Match". "type": Interned(std/core/types/list). "scrutinee": 0. "clauses": [{"tag": Interned(std/core/types/Cons). "target": 4388. "args": {"any": [0. 1]}}]. "default": {"tag": Interned(36246ab7-02e7-4c9d-aacf-c8d40d9ce7c1#[Missing Tag#700]). "target": 4369. "args": {"any": []}}}')
+448: p60 = new_with_vtable(descr=<SizeDescr 32>)
+556: p62 = new_array_clear(1, descr=<ArrayP 8>)
+576: setarrayitem_gc(p62, 0, p42, descr=<ArrayP 8>)
+580: setfield_gc(p60, p1, descr=<FieldP rpyeffect.stored_environment.Stack__arb.inst_tail 8 pure>)
+588: setfield_gc(p60, 4384, descr=<FieldS rpyeffect.stored_environment.Stack__arb.inst_target 16 pure>)
+596: setfield_gc(p60, p62, descr=<FieldP rpyeffect.stored_environment.Stack__arb.inst_values_ptr 24 pure>)
+600: jump(p0, p60, p52, p2, p3, p4, p54, p13, p15, p17, p19, p21, p23, p25, p27, p29, p31, p33, p35, p37, descr=TargetToken(4838448416))
+616: --end of the loop--
[ad13210] jit-log-opt-loop}
[b041a9d] {jit-log-opt-loop
# Loop 3 (301<std_core_hnd.rpyeffect:0(Name(getCurrentEvv))>+0: {"op": "Const", "type": "ptr", "out": 0, "format": "string", "value": "current-evv"}) : loop with 107 ops
[p0, p1, p2, p3, p4]
+328: p5 = getfield_gc_r(p2, descr=<FieldP rpyeffect.environment.Environment.inst_values_ptr 16>)
+336: p7 = getarrayitem_gc_r(p5, 0, descr=<ArrayP 8>)
+340: p9 = getarrayitem_gc_r(p5, 1, descr=<ArrayP 8>)
+344: p11 = getarrayitem_gc_r(p5, 2, descr=<ArrayP 8>)
+348: p13 = getarrayitem_gc_r(p5, 3, descr=<ArrayP 8>)
+352: p15 = getarrayitem_gc_r(p5, 4, descr=<ArrayP 8>)
+356: p17 = getarrayitem_gc_r(p5, 5, descr=<ArrayP 8>)
+360: p19 = getarrayitem_gc_r(p5, 6, descr=<ArrayP 8>)
+364: p21 = getarrayitem_gc_r(p5, 7, descr=<ArrayP 8>)
+368: p23 = getarrayitem_gc_r(p5, 8, descr=<ArrayP 8>)
+372: p25 = getarrayitem_gc_r(p5, 9, descr=<ArrayP 8>)
+376: p27 = getarrayitem_gc_r(p5, 10, descr=<ArrayP 8>)
+380: p29 = getarrayitem_gc_r(p5, 11, descr=<ArrayP 8>)
+384: p31 = getarrayitem_gc_r(p5, 12, descr=<ArrayP 8>)
+388: p33 = getarrayitem_gc_r(p5, 13, descr=<ArrayP 8>)
+392: p35 = getarrayitem_gc_r(p5, 14, descr=<ArrayP 8>)
+396: p37 = getarrayitem_gc_r(p5, 15, descr=<ArrayP 8>)
+400: label(p0, p1, p2, p3, p4, p7, p9, p11, p13, p15, p17, p19, p21, p23, p25, p27, p29, p31, p33, p35, p37, descr=TargetToken(4840948640))
+464: guard_not_invalidated(descr=<Guard0x12061fad8>) [p2, p7, p9, p11, p13, p15, p17, p19, p21, p23, p25, p27, p29, p31, p33, p35, p37, p0, p1, p3, p4]
debug_merge_point(0, 0, '301<std_core_hnd.rpyeffect:0(Name(getCurrentEvv))>+1: {"op": "PrimOp". "name": "getGlobal(String): Ptr". "out": {"any": [0]}. "in": {"any": [0]}}')
debug_merge_point(0, 0, '301<std_core_hnd.rpyeffect:0(Name(getCurrentEvv))>+2: {"op": "PrimOp". "name": "getRef(Ref[Ptr]): Ptr". "out": {"any": [0]}. "in": {"any": [0]}}')
+472: p39 = getfield_gc_r(ConstPtr(ptr38), descr=<FieldP rpyeffect.region.Ref.inst_value 16>)
+476: guard_nonnull_class(p39, ConstClass(Data__arb), descr=<Guard0x12061fb20>) [p2, p7, p9, p11, p13, p15, p17, p19, p21, p23, p25, p27, p29, p31, p33, p35, p37, p0, p1, p3, p4]
debug_merge_point(0, 0, '301<std_core_hnd.rpyeffect:0(Name(getCurrentEvv))>+3: {"op": "Return". "args": {"any": [0]}}')
+500: guard_nonnull(p1, descr=<Guard0x1208d81d0>) [p2, p7, p9, p11, p13, p15, p17, p19, p21, p23, p25, p27, p29, p31, p33, p35, p37, p0, p1, p3, p4]
+512: i41 = getfield_gc_i(p1, descr=<FieldS rpyeffect.stored_environment.Stack__arb.inst_target 16 pure>)
+520: guard_value(i41, 4382, descr=<Guard0x1208d8200>) [p2, p7, p9, p11, p13, p15, p17, p19, p21, p23, p25, p27, p29, p31, p33, p35, p37, p0, p1, p3, p4]
+532: p43 = getfield_gc_r(p1, descr=<FieldP rpyeffect.stored_environment.Stack__arb.inst_values_ptr 24 pure>)
+536: i44 = arraylen_gc(p43, descr=<ArrayP 8>)
+540: guard_value(i44, 1, descr=<Guard0x1208d8230>) [p2, p7, p9, p11, p13, p15, p17, p19, p21, p23, p25, p27, p29, p31, p33, p35, p37, p0, p1, p3, p4]
+552: p47 = getarrayitem_gc_pure_r(p43, 0, descr=<ArrayP 8>)
+556: p48 = getfield_gc_r(p1, descr=<FieldP rpyeffect.stored_environment.Stack__arb.inst_tail 8 pure>)
debug_merge_point(0, 0, '4382<main.rpyeffect:49([k@[switch case for Bool(true)#128]#134])>+0: {"op": "PrimOp". "name": "promote_ptr". "out": {"any": [0]}. "in": {"any": [0]}}')
debug_merge_point(0, 0, '4382<main.rpyeffect:49([k@[switch case for Bool(true)#128]#134])>+1: {"op": "Const". "type": "ptr". "out": 2. "format": "string". "value": "Name(import$std/core/hnd)"}')
debug_merge_point(0, 0, '4382<main.rpyeffect:49([k@[switch case for Bool(true)#128]#134])>+2: {"op": "PrimOp". "name": "getGlobal(String): Ptr". "out": {"any": [2]}. "in": {"any": [2]}}')
debug_merge_point(0, 0, '4382<main.rpyeffect:49([k@[switch case for Bool(true)#128]#134])>+3: {"op": "Push". "target": 4381. "args": {"any": []}}')
debug_merge_point(0, 0, '4382<main.rpyeffect:49([k@[switch case for Bool(true)#128]#134])>+4: {"op": "Jump". "target": 4367}')
debug_merge_point(0, 0, '4367<main.rpyeffect:34([mcore:[#130]#108])>+0: {"op": "Const". "type": "ptr". "out": 2. "format": "string". "value": "Name(import$std/core/hnd)"}')
debug_merge_point(0, 0, '4367<main.rpyeffect:34([mcore:[#130]#108])>+1: {"op": "PrimOp". "name": "getGlobal(String): Ptr". "out": {"any": [2]}. "in": {"any": [2]}}')
debug_merge_point(0, 0, '4367<main.rpyeffect:34([mcore:[#130]#108])>+2: {"op": "CallLib". "lib": "2". "symbol": "elt"}')
debug_merge_point(0, 0, '341<std_core_hnd.rpyeffect:40(Name(elt))>+0: {"op": "Switch". "scrutinee": 1. "values": [<IntValue object at 0x130613ce0>]. "targets": [339]. "default": 340}')
+560: guard_nonnull_class(p47, ConstClass(IntValue), descr=<Guard0x12061fb68>) [p2, p7, p9, p11, p13, p15, p17, p19, p21, p23, p25, p27, p29, p31, p33, p35, p37, p0, p1, p3, p4]
+584: i50 = getfield_gc_i(p47, descr=<FieldS rpyeffect.value.IntValue.inst_value 8 pure>)
+588: i52 = int_eq(i50, 0)
guard_true(i52, descr=<Guard0x1208d8260>) [p2, p7, p9, p11, p13, p15, p17, p19, p21, p23, p25, p27, p29, p31, p33, p35, p37, p0, p1, p3, p4]
debug_merge_point(0, 0, '339<std_core_hnd.rpyeffect:38([switch case for Int(0)#100])>+0: {"op": "Proj". "out": 0. "type": Interned(evv). "scrutinee": 0. "tag": Interned(cons). "field": 0. "field_type": "any"}')
+596: p53 = getfield_gc_r(p39, descr=<FieldP rpyeffect.data.Data.inst_tag 8>)
+604: guard_value(p53, ConstPtr(ptr54), descr=<Guard0x1208d8290>) [p2, p7, p9, p11, p13, p15, p17, p19, p21, p23, p25, p27, p29, p31, p33, p35, p37, p0, p1, p3, p4]
+612: p55 = getfield_gc_r(p39, descr=<FieldP rpyeffect.stored_environment.Data__arb.inst_values_ptr 16 pure>)
+616: p57 = getarrayitem_gc_pure_r(p55, 0, descr=<ArrayP 8>)
debug_merge_point(0, 0, '339<std_core_hnd.rpyeffect:38([switch case for Int(0)#100])>+1: {"op": "Return". "args": {"any": [0]}}')
debug_merge_point(0, 0, '4381<main.rpyeffect:48([#142])>+0: {"op": "Match". "type": Interned(std/core/hnd/ev). "scrutinee": 0. "clauses": [{"tag": Interned(std/core/hnd/Ev). "target": 4380. "args": {"any": [1. 2. 3. 4]}}]. "default": {"tag": Interned(36246ab7-02e7-4c9d-aacf-c8d40d9ce7c1#[Missing Tag#699]). "target": 4372. "args": {"any": []}}}')
+620: p58 = getfield_gc_r(p57, descr=<FieldP rpyeffect.data.Data.inst_tag 8>)
+628: guard_value(p58, ConstPtr(ptr59), descr=<Guard0x1208d82c0>) [p2, p7, p9, p11, p13, p15, p17, p19, p21, p23, p25, p27, p29, p31, p33, p35, p37, p0, p1, p3, p4]
+636: p60 = getfield_gc_r(p57, descr=<FieldP rpyeffect.stored_environment.Data__arb.inst_values_ptr 16 pure>)
+640: p62 = getarrayitem_gc_pure_r(p60, 0, descr=<ArrayP 8>)
+640: p64 = getarrayitem_gc_pure_r(p60, 1, descr=<ArrayP 8>)
+644: p66 = getarrayitem_gc_pure_r(p60, 2, descr=<ArrayP 8>)
+648: p68 = getarrayitem_gc_pure_r(p60, 3, descr=<ArrayP 8>)
debug_merge_point(0, 0, '4380<main.rpyeffect:47([match_std/core/hnd/Ev@[#142]#147])>+0: {"op": "Copy". "type": "any". "from": 0. "to". 1}')
debug_merge_point(0, 0, '4380<main.rpyeffect:47([match_std/core/hnd/Ev@[#142]#147])>+1: {"op": "Copy". "type": "any". "from": 2. "to". 0}')
debug_merge_point(0, 0, '4380<main.rpyeffect:47([match_std/core/hnd/Ev@[#142]#147])>+2: {"op": "Match". "type": Interned(main/abort). "scrutinee": 3. "clauses": [{"tag": Interned(main/@Hnd-abort). "target": 4379. "args": {"any": [2. 3]}}]. "default": {"tag": Interned(36246ab7-02e7-4c9d-aacf-c8d40d9ce7c1#[Missing Tag#698]). "target": 4374. "args": {"any": []}}}')
+652: p69 = getfield_gc_r(p66, descr=<FieldP rpyeffect.data.Data.inst_tag 8>)
+660: guard_value(p69, ConstPtr(ptr70), descr=<Guard0x1208d82f0>) [p2, p7, p9, p11, p13, p15, p17, p19, p21, p23, p25, p27, p29, p31, p33, p35, p37, p0, p1, p3, p4]
+668: p71 = getfield_gc_r(p66, descr=<FieldP rpyeffect.stored_environment.Data__arb.inst_values_ptr 16 pure>)
+672: p73 = getarrayitem_gc_pure_r(p71, 0, descr=<ArrayP 8>)
+672: p75 = getarrayitem_gc_pure_r(p71, 1, descr=<ArrayP 8>)
debug_merge_point(0, 0, '4379<main.rpyeffect:46([#152])>+0: {"op": "Match". "type": Interned(std/core/hnd/clause1). "scrutinee": 3. "clauses": [{"tag": Interned(std/core/hnd/Clause1). "target": 4378. "args": {"any": [2]}}]. "default": {"tag": Interned(36246ab7-02e7-4c9d-aacf-c8d40d9ce7c1#[Missing Tag#697]). "target": 4376. "args": {"any": []}}}')
+676: p76 = getfield_gc_r(p75, descr=<FieldP rpyeffect.data.Data.inst_tag 8>)
+684: guard_value(p76, ConstPtr(ptr77), descr=<Guard0x1208d8320>) [p2, p7, p9, p11, p13, p15, p17, p19, p21, p23, p25, p27, p29, p31, p33, p35, p37, p0, p1, p3, p4]
+692: p78 = getfield_gc_r(p75, descr=<FieldP rpyeffect.stored_environment.Data__arb.inst_values_ptr 16 pure>)
+696: p80 = getarrayitem_gc_pure_r(p78, 0, descr=<ArrayP 8>)
debug_merge_point(0, 0, '4378<main.rpyeffect:45([match_std/core/hnd/Clause1@[#152]#157])>+0: {"op": "Const". "type": "ptr". "out": 3. "format": "int". "value": "<IntValue object at 0x12044bfa0>"}')
debug_merge_point(0, 0, '4378<main.rpyeffect:45([match_std/core/hnd/Clause1@[#152]#157])>+1: {"op": "Swap". "type": "any". "a": 2. "b". 3}')
debug_merge_point(0, 0, '4378<main.rpyeffect:45([match_std/core/hnd/Clause1@[#152]#157])>+2: {"op": "Invoke". "receiver": 3. "tag": Interned(apply). "args" : {"any": [0. 1. 2]}}')
+700: p81 = getfield_gc_r(p80, descr=<FieldP rpyeffect.codata.CoData.inst_vtable 8 pure>)
+708: guard_value(p81, ConstPtr(ptr82), descr=<Guard0x1208d8350>) [p2, p7, p9, p11, p13, p15, p17, p19, p21, p23, p25, p27, p29, p31, p33, p35, p37, p0, p1, p3, p4]
+716: p83 = getfield_gc_r(p80, descr=<FieldP rpyeffect.stored_environment.CoData__arb.inst_values_ptr 16 pure>)
+720: i84 = arraylen_gc(p83, descr=<ArrayP 8>)
+724: guard_value(i84, 0, descr=<Guard0x1208d8380>) [p2, p7, p9, p11, p13, p15, p17, p19, p21, p23, p25, p27, p29, p31, p33, p35, p37, p0, p1, p3, p4]
debug_merge_point(0, 0, '4419<main.rpyeffect:86([#330])>+0: {"op": "Const". "type": "ptr". "out": 3. "format": "string". "value": "Name(import$std/core/hnd)"}')
debug_merge_point(0, 0, '4419<main.rpyeffect:86([#330])>+1: {"op": "PrimOp". "name": "getGlobal(String): Ptr". "out": {"any": [3]}. "in": {"any": [3]}}')
debug_merge_point(0, 0, '4419<main.rpyeffect:86([#330])>+2: {"op": "Jump". "target": 4415}')
debug_merge_point(0, 0, '4415<main.rpyeffect:82([mcore:[#195]#295])>+0: {"op": "New". "out": 1. "targets": [4414]. "args": {"any": [2]}}')
debug_merge_point(0, 0, '4415<main.rpyeffect:82([mcore:[#195]#295])>+1: {"op": "Const". "type": "ptr". "out": 2. "format": "string". "value": "Name(import$std/core/hnd)"}')
debug_merge_point(0, 0, '4415<main.rpyeffect:82([mcore:[#195]#295])>+2: {"op": "PrimOp". "name": "getGlobal(String): Ptr". "out": {"any": [2]}. "in": {"any": [2]}}')
debug_merge_point(0, 0, '4415<main.rpyeffect:82([mcore:[#195]#295])>+3: {"op": "Jump". "target": 4409}')
debug_merge_point(0, 0, '4409<main.rpyeffect:76([mcore:[#184]#271])>+0: {"op": "Const". "type": "ptr". "out": 2. "format": "string". "value": "Name(import$std/core/hnd)"}')
debug_merge_point(0, 0, '4409<main.rpyeffect:76([mcore:[#184]#271])>+1: {"op": "PrimOp". "name": "getGlobal(String): Ptr". "out": {"any": [2]}. "in": {"any": [2]}}')
debug_merge_point(0, 0, '4409<main.rpyeffect:76([mcore:[#184]#271])>+2: {"op": "CallLib". "lib": "2". "symbol": "std/core/hnd/yield-to"}')
debug_merge_point(0, 0, '875<std_core_hnd.rpyeffect:574([mcore:[#899]#1511])>+0: {"op": "Push". "target": 874. "args": {"any": [1. 0]}}')
debug_merge_point(0, 0, '875<std_core_hnd.rpyeffect:574([mcore:[#899]#1511])>+1: {"op": "Jump". "target": 509}')
debug_merge_point(0, 0, '509<std_core_hnd.rpyeffect:208([mcore:[#477]#451])>+0: {"op": "Jump". "target": 301}')
debug_merge_point(0, 0, '301<std_core_hnd.rpyeffect:0(Name(getCurrentEvv))>+0: {"op": "Const". "type": "ptr". "out": 0. "format": "string". "value": "current-evv"}')
+736: p86 = new_with_vtable(descr=<SizeDescr 32>)
+844: p88 = new_array_clear(2, descr=<ArrayP 8>)
+864: p89 = new_with_vtable(descr=<SizeDescr 24>)
+880: setfield_gc(p89, ConstPtr(ptr90), descr=<FieldP rpyeffect.codata.CoData.inst_vtable 8 pure>)
+884: p92 = new_array_clear(1, descr=<ArrayP 8>)
+908: setarrayitem_gc(p92, 0, ConstPtr(ptr94), descr=<ArrayP 8>)
+912: setfield_gc(p89, p92, descr=<FieldP rpyeffect.stored_environment.CoData__arb.inst_values_ptr 16 pure>)
+916: setarrayitem_gc(p88, 0, p89, descr=<ArrayP 8>)
+920: setarrayitem_gc(p88, 1, p64, descr=<ArrayP 8>)
+924: setfield_gc(p86, 874, descr=<FieldS rpyeffect.stored_environment.Stack__arb.inst_target 16 pure>)
+932: setfield_gc(p86, p88, descr=<FieldP rpyeffect.stored_environment.Stack__arb.inst_values_ptr 24 pure>)
+936: setfield_gc(p86, p48, descr=<FieldP rpyeffect.stored_environment.Stack__arb.inst_tail 8 pure>)
+944: jump(p0, p86, p2, p3, p4, p64, p89, ConstPtr(ptr98), ConstPtr(ptr99), p68, p17, p19, p21, p23, p25, p27, p29, p31, p33, p35, p37, descr=TargetToken(4840948640))
+968: --end of the loop--
[b059297] jit-log-opt-loop}
[b29fdff] {jit-log-opt-bridge
# bridge out of Guard 0x120685be0 with 37 ops
[p0, p1, p2, p3, p4, p5, p6, p7, p8, p9, p10, p11, p12, p13, p14, p15, p16, p17, p18, p19]
+120: guard_not_invalidated(descr=<Guard0x12061fc40>) [p0, p1, p2, p3, p4, p5, p6, p7, p8, p9, p10, p11, p12, p13, p14, p15, p16, p17, p18, p19]
+124: p20 = getfield_gc_r(p1, descr=<FieldP rpyeffect.data.Data.inst_tag 8>)
+132: guard_value(p20, ConstPtr(ptr21), descr=<Guard0x1208d87d0>) [p0, p1, p2, p3, p4, p5, p6, p7, p8, p9, p10, p11, p12, p13, p14, p15, p16, p17, p18, p19]
+140: p22 = getfield_gc_r(p1, descr=<FieldP rpyeffect.stored_environment.Data__arb.inst_values_ptr 16 pure>)
+144: p24 = getarrayitem_gc_pure_r(p22, 0, descr=<ArrayP 8>)
+148: p26 = getarrayitem_gc_pure_r(p22, 1, descr=<ArrayP 8>)
debug_merge_point(0, 0, '4388<main.rpyeffect:55([#121])>+0: {"op": "Const". "type": "ptr". "out": 2. "format": "int". "value": "<IntValue object at 0x12045e9d0>"}')
debug_merge_point(0, 0, '4388<main.rpyeffect:55([#121])>+1: {"op": "PrimOp". "name": "infixEq(Int. Int): Boolean". "out": {"any": [2]}. "in": {"any": [0. 2]}}')
+148: i27 = getfield_gc_i(p24, descr=<FieldS rpyeffect.value.IntValue.inst_value 8 pure>)
+152: i29 = int_eq(i27, 0)
debug_merge_point(0, 0, '4388<main.rpyeffect:55([#121])>+2: {"op": "Switch". "scrutinee": 2. "values": [<BoolValue object at 0x12045ee40>]. "targets": [4383]. "default": 4387}')
guard_true(i29, descr=<Guard0x1208d8800>) [p0, p1, p2, p3, p4, p5, p6, p7, p8, p9, p10, p11, p12, p13, p14, p15, p16, p17, p18, p19]
debug_merge_point(0, 0, '4383<main.rpyeffect:50([switch case for Bool(true)#128])>+0: {"op": "Const". "type": "ptr". "out": 0. "format": "int". "value": "<IntValue object at 0x12045e820>"}')
debug_merge_point(0, 0, '4383<main.rpyeffect:50([switch case for Bool(true)#128])>+1: {"op": "Const". "type": "ptr". "out": 1. "format": "string". "value": "Name(import$std/core/hnd)"}')
debug_merge_point(0, 0, '4383<main.rpyeffect:50([switch case for Bool(true)#128])>+2: {"op": "PrimOp". "name": "getGlobal(String): Ptr". "out": {"any": [1]}. "in": {"any": [1]}}')
debug_merge_point(0, 0, '4383<main.rpyeffect:50([switch case for Bool(true)#128])>+3: {"op": "Push". "target": 4382. "args": {"any": [0]}}')
debug_merge_point(0, 0, '4383<main.rpyeffect:50([switch case for Bool(true)#128])>+4: {"op": "Copy". "type": "any". "from": 1. "to". 0}')
debug_merge_point(0, 0, '4383<main.rpyeffect:50([switch case for Bool(true)#128])>+5: {"op": "Jump". "target": 4368}')
debug_merge_point(0, 0, '4368<main.rpyeffect:35([mcore:[#131]#114])>+0: {"op": "Const". "type": "ptr". "out": 0. "format": "string". "value": "Name(import$std/core/hnd)"}')
debug_merge_point(0, 0, '4368<main.rpyeffect:35([mcore:[#131]#114])>+1: {"op": "PrimOp". "name": "getGlobal(String): Ptr". "out": {"any": [0]}. "in": {"any": [0]}}')
debug_merge_point(0, 0, '4368<main.rpyeffect:35([mcore:[#131]#114])>+2: {"op": "CallLib". "lib": "0". "symbol": "getCurrentEvv"}')
debug_merge_point(0, 0, '301<std_core_hnd.rpyeffect:0(Name(getCurrentEvv))>+0: {"op": "Const". "type": "ptr". "out": 0. "format": "string". "value": "current-evv"}')
+160: p30 = new_with_vtable(descr=<SizeDescr 32>)
+264: p31 = new_with_vtable(descr=<SizeDescr 32>)
+276: setfield_gc(p31, p19, descr=<FieldP rpyeffect.stored_environment.Stack__arb.inst_tail 8 pure>)
+284: setfield_gc(p31, 4384, descr=<FieldS rpyeffect.stored_environment.Stack__arb.inst_target 16 pure>)
+292: p34 = new_array_clear(1, descr=<ArrayP 8>)
+312: setarrayitem_gc(p34, 0, p18, descr=<ArrayP 8>)
+316: setfield_gc(p31, p34, descr=<FieldP rpyeffect.stored_environment.Stack__arb.inst_values_ptr 24 pure>)
+320: p37 = new_array_clear(1, descr=<ArrayP 8>)
+344: setarrayitem_gc(p37, 0, ConstPtr(ptr39), descr=<ArrayP 8>)
+348: p40 = new_with_vtable(descr=<SizeDescr 16>)
+360: setfield_gc(p30, p31, descr=<FieldP rpyeffect.stored_environment.Stack__arb.inst_tail 8 pure>)
+364: setfield_gc(p30, 4382, descr=<FieldS rpyeffect.stored_environment.Stack__arb.inst_target 16 pure>)
+372: setfield_gc(p30, p37, descr=<FieldP rpyeffect.stored_environment.Stack__arb.inst_values_ptr 24 pure>)
+376: setfield_gc(p40, 1, descr=<FieldU rpyeffect.value.BoolValue.inst_value 8 pure>)
+388: jump(p15, p30, p0, p16, p17, ConstPtr(ptr43), ConstPtr(ptr44), p40, p2, p3, p4, p5, p6, p7, p8, p9, p10, p11, p12, p13, p14, descr=TargetToken(4840948640))
+588: --end of the loop--
[b2a732f] jit-log-opt-bridge}
[b3cf041] {jit-log-opt-bridge
# bridge out of Guard 0x1208d8200 with 203 ops
[p0, p1, p2, p3, p4, p5, p6, p7, p8, p9, p10, p11, p12, p13, p14, p15, p16, p17, p18, p19, p20]
+296: guard_not_invalidated(descr=<Guard0x12061fcd0>) [p0, p1, p2, p3, p4, p5, p6, p7, p8, p9, p10, p11, p12, p13, p14, p15, p16, p17, p18, p19, p20]
debug_merge_point(0, 0, '301<std_core_hnd.rpyeffect:0(Name(getCurrentEvv))>+1: {"op": "PrimOp". "name": "getGlobal(String): Ptr". "out": {"any": [0]}. "in": {"any": [0]}}')
debug_merge_point(0, 0, '301<std_core_hnd.rpyeffect:0(Name(getCurrentEvv))>+2: {"op": "PrimOp". "name": "getRef(Ref[Ptr]): Ptr". "out": {"any": [0]}. "in": {"any": [0]}}')
+304: p22 = getfield_gc_r(ConstPtr(ptr21), descr=<FieldP rpyeffect.region.Ref.inst_value 16>)
+308: guard_nonnull_class(p22, ConstClass(Data__arb), descr=<Guard0x12061fd18>) [p0, p1, p2, p3, p4, p5, p6, p7, p8, p9, p10, p11, p12, p13, p14, p15, p16, p17, p18, p19, p20]
debug_merge_point(0, 0, '301<std_core_hnd.rpyeffect:0(Name(getCurrentEvv))>+3: {"op": "Return". "args": {"any": [0]}}')
+332: guard_nonnull(p18, descr=<Guard0x1208d8e30>) [p0, p1, p2, p3, p4, p5, p6, p7, p8, p9, p10, p11, p12, p13, p14, p15, p16, p17, p18, p19, p20]
+340: i24 = getfield_gc_i(p18, descr=<FieldS rpyeffect.stored_environment.Stack__arb.inst_target 16 pure>)
+344: guard_value(i24, 874, descr=<Guard0x1208d8e60>) [p0, p1, p2, p3, p4, p5, p6, p7, p8, p9, p10, p11, p12, p13, p14, p15, p16, p17, p18, p19, p20]
+356: p26 = getfield_gc_r(p18, descr=<FieldP rpyeffect.stored_environment.Stack__arb.inst_values_ptr 24 pure>)
+360: i27 = arraylen_gc(p26, descr=<ArrayP 8>)
+364: guard_value(i27, 2, descr=<Guard0x1208d8e90>) [p0, p1, p2, p3, p4, p5, p6, p7, p8, p9, p10, p11, p12, p13, p14, p15, p16, p17, p18, p19, p20]
+376: p30 = getarrayitem_gc_pure_r(p26, 0, descr=<ArrayP 8>)
+380: p32 = getarrayitem_gc_pure_r(p26, 1, descr=<ArrayP 8>)
+384: p33 = getfield_gc_r(p18, descr=<FieldP rpyeffect.stored_environment.Stack__arb.inst_tail 8 pure>)
debug_merge_point(0, 0, '874<std_core_hnd.rpyeffect:573([k@[mcore:[#899]#1511]#1513])>+0: {"op": "Push". "target": 873. "args": {"any": [0]}}')
debug_merge_point(0, 0, '874<std_core_hnd.rpyeffect:573([k@[mcore:[#899]#1511]#1513])>+1: {"op": "Copy". "type": "any". "from": 2. "to". 0}')
debug_merge_point(0, 0, '874<std_core_hnd.rpyeffect:573([k@[mcore:[#899]#1511]#1513])>+2: {"op": "Jump". "target": 507}')
debug_merge_point(0, 0, '507<std_core_hnd.rpyeffect:206([mcore:[#476]#441])>+0: {"op": "Const". "type": "ptr". "out": 2. "format": "int". "value": "<IntValue object at 0x130634c60>"}')
debug_merge_point(0, 0, '507<std_core_hnd.rpyeffect:206([mcore:[#476]#441])>+1: {"op": "ShiftDyn". "out": 0. "n": 2. "label": 0}')
+388: i35 = instance_ptr_eq(p20, ConstPtr(ptr34))
guard_true(i35, descr=<Guard0x1208d8ec0>) [p0, p1, p2, p3, p4, p5, p6, p7, p8, p9, p10, p11, p12, p13, p14, p15, p16, p17, p18, p19, p20]
+400: i36 = instance_ptr_eq(p17, p32)
guard_true(i36, descr=<Guard0x1208d8ef0>) [p0, p1, p2, p3, p4, p5, p6, p7, p8, p9, p10, p11, p12, p13, p14, p15, p16, p17, p18, p19, p20]
+412: guard_nonnull_class(p19, 4346821592, descr=<Guard0x12061fd60>) [p0, p1, p2, p3, p4, p5, p6, p7, p8, p9, p10, p11, p12, p13, p14, p15, p16, p17, p18, p19, p20]
+440: p38 = getfield_gc_r(p19, descr=<FieldP rpyeffect.stack.MetaStackLike.inst_stack 8 pure>)
+444: p39 = getfield_gc_r(p19, descr=<FieldP rpyeffect.stack.MetaStack.inst_label 16 pure>)
+448: p40 = getfield_gc_r(p19, descr=<FieldP rpyeffect.stack.MetaStack.inst_tail 32 pure>)
debug_merge_point(0, 0, '507<std_core_hnd.rpyeffect:206([mcore:[#476]#441])>+2: {"op": "New". "out": 0. "targets": [506]. "args": {"any": [0]}}')
debug_merge_point(0, 0, '507<std_core_hnd.rpyeffect:206([mcore:[#476]#441])>+3: {"op": "Invoke". "receiver": 1. "tag": Interned(apply). "args" : {"any": [0]}}')
+452: p41 = getfield_gc_r(p30, descr=<FieldP rpyeffect.codata.CoData.inst_vtable 8 pure>)
+460: guard_value(p41, ConstPtr(ptr42), descr=<Guard0x1208d8f20>) [p0, p1, p2, p3, p4, p5, p6, p7, p8, p9, p10, p11, p12, p13, p14, p15, p16, p17, p18, p19, p20]
+468: p43 = getfield_gc_r(p30, descr=<FieldP rpyeffect.stored_environment.CoData__arb.inst_values_ptr 16 pure>)
+472: i44 = arraylen_gc(p43, descr=<ArrayP 8>)
+476: guard_value(i44, 1, descr=<Guard0x1208d8f50>) [p0, p1, p2, p3, p4, p5, p6, p7, p8, p9, p10, p11, p12, p13, p14, p15, p16, p17, p18, p19, p20]
+488: p47 = getarrayitem_gc_pure_r(p43, 0, descr=<ArrayP 8>)
debug_merge_point(0, 0, '4414<main.rpyeffect:81([method_apply@[mcore:[#195]#295]#298])>+0: {"op": "Const". "type": "ptr". "out": 2. "format": "string". "value": "Name(import$std/core/hnd)"}')
debug_merge_point(0, 0, '4414<main.rpyeffect:81([method_apply@[mcore:[#195]#295]#298])>+1: {"op": "PrimOp". "name": "getGlobal(String): Ptr". "out": {"any": [2]}. "in": {"any": [2]}}')
debug_merge_point(0, 0, '4414<main.rpyeffect:81([method_apply@[mcore:[#195]#295]#298])>+2: {"op": "Swap". "type": "any". "a": 2. "b". 1}')
debug_merge_point(0, 0, '4414<main.rpyeffect:81([method_apply@[mcore:[#195]#295]#298])>+3: {"op": "Jump". "target": 4413}')
debug_merge_point(0, 0, '4413<main.rpyeffect:80([mcore:[#193]#285])>+0: {"op": "New". "out": 1. "targets": [4412]. "args": {"any": []}}')
debug_merge_point(0, 0, '4413<main.rpyeffect:80([mcore:[#193]#285])>+1: {"op": "Const". "type": "ptr". "out": 3. "format": "string". "value": "Name(import$std/core/hnd)"}')
debug_merge_point(0, 0, '4413<main.rpyeffect:80([mcore:[#193]#285])>+2: {"op": "PrimOp". "name": "getGlobal(String): Ptr". "out": {"any": [3]}. "in": {"any": [3]}}')
debug_merge_point(0, 0, '4413<main.rpyeffect:80([mcore:[#193]#285])>+3: {"op": "Swap". "type": "any". "a": 2. "b". 0}')
debug_merge_point(0, 0, '4413<main.rpyeffect:80([mcore:[#193]#285])>+4: {"op": "Jump". "target": 4410}')
debug_merge_point(0, 0, '4410<main.rpyeffect:77([mcore:[#187]#277])>+0: {"op": "Const". "type": "ptr". "out": 3. "format": "string". "value": "Name(import$std/core/hnd)"}')
debug_merge_point(0, 0, '4410<main.rpyeffect:77([mcore:[#187]#277])>+1: {"op": "PrimOp". "name": "getGlobal(String): Ptr". "out": {"any": [3]}. "in": {"any": [3]}}')
debug_merge_point(0, 0, '4410<main.rpyeffect:77([mcore:[#187]#277])>+2: {"op": "CallLib". "lib": "3". "symbol": "std/core/hnd/protect"}')
debug_merge_point(0, 0, '503<std_core_hnd.rpyeffect:202([mcore:[#473]#439])>+0: {"op": "Swap". "type": "any". "a": 2. "b". 1}')
debug_merge_point(0, 0, '503<std_core_hnd.rpyeffect:202([mcore:[#473]#439])>+1: {"op": "Invoke". "receiver": 2. "tag": Interned(apply). "args" : {"any": [0. 1]}}')
debug_merge_point(0, 0, '4412<main.rpyeffect:79([method_apply@[mcore:[#193]#285]#289])>+0: {"op": "Jump". "target": 4411}')
debug_merge_point(0, 0, '4411<main.rpyeffect:78([mcore:[#190]#284])>+0: {"op": "Return". "args": {"any": [0]}}')
+492: guard_nonnull(p38, descr=<Guard0x1208d8f80>) [p0, p1, p2, p3, p4, p5, p6, p7, p8, p9, p10, p11, p12, p13, p14, p15, p16, p17, p18, p19, p20]
+500: i48 = getfield_gc_i(p38, descr=<FieldS rpyeffect.stored_environment.Stack__arb.inst_target 16 pure>)
+504: guard_value(i48, 665, descr=<Guard0x1208d8fb0>) [p0, p1, p2, p3, p4, p5, p6, p7, p8, p9, p10, p11, p12, p13, p14, p15, p16, p17, p18, p19, p20]
+516: p50 = getfield_gc_r(p38, descr=<FieldP rpyeffect.stored_environment.Stack__arb.inst_values_ptr 24 pure>)
+520: i51 = arraylen_gc(p50, descr=<ArrayP 8>)
+524: guard_value(i51, 1, descr=<Guard0x1208d8fe0>) [p0, p1, p2, p3, p4, p5, p6, p7, p8, p9, p10, p11, p12, p13, p14, p15, p16, p17, p18, p19, p20]
+536: p54 = getarrayitem_gc_pure_r(p50, 0, descr=<ArrayP 8>)
+540: p55 = getfield_gc_r(p38, descr=<FieldP rpyeffect.stored_environment.Stack__arb.inst_tail 8 pure>)
debug_merge_point(0, 0, '665<std_core_hnd.rpyeffect:364([k@[k@[#858]#863]#865])>+0: {"op": "Const". "type": "ptr". "out": 2. "format": "string". "value": "Name(import$std/core/hnd)"}')
debug_merge_point(0, 0, '665<std_core_hnd.rpyeffect:364([k@[k@[#858]#863]#865])>+1: {"op": "PrimOp". "name": "getGlobal(String): Ptr". "out": {"any": [2]}. "in": {"any": [2]}}')
debug_merge_point(0, 0, '665<std_core_hnd.rpyeffect:364([k@[k@[#858]#863]#865])>+2: {"op": "Push". "target": 664. "args": {"any": [0]}}')
debug_merge_point(0, 0, '665<std_core_hnd.rpyeffect:364([k@[k@[#858]#863]#865])>+3: {"op": "Copy". "type": "any". "from": 1. "to". 0}')
debug_merge_point(0, 0, '665<std_core_hnd.rpyeffect:364([k@[k@[#858]#863]#865])>+4: {"op": "Copy". "type": "any". "from": 2. "to". 1}')
debug_merge_point(0, 0, '665<std_core_hnd.rpyeffect:364([k@[k@[#858]#863]#865])>+5: {"op": "Jump". "target": 663}')
debug_merge_point(0, 0, '663<std_core_hnd.rpyeffect:362([mcore:[#661]#844])>+0: {"op": "Const". "type": "ptr". "out": 1. "format": "string". "value": "Name(import$std/core/hnd)"}')
debug_merge_point(0, 0, '663<std_core_hnd.rpyeffect:362([mcore:[#661]#844])>+1: {"op": "PrimOp". "name": "getGlobal(String): Ptr". "out": {"any": [1]}. "in": {"any": [1]}}')
debug_merge_point(0, 0, '663<std_core_hnd.rpyeffect:362([mcore:[#661]#844])>+2: {"op": "CallLib". "lib": "1". "symbol": "setCurrentEvv"}')
debug_merge_point(0, 0, '302<std_core_hnd.rpyeffect:1(Name(setCurrentEvv))>+0: {"op": "Const". "type": "ptr". "out": 1. "format": "string". "value": "current-evv"}')
debug_merge_point(0, 0, '302<std_core_hnd.rpyeffect:1(Name(setCurrentEvv))>+1: {"op": "PrimOp". "name": "getGlobal(String): Ptr". "out": {"any": [1]}. "in": {"any": [1]}}')
debug_merge_point(0, 0, '302<std_core_hnd.rpyeffect:1(Name(setCurrentEvv))>+2: {"op": "PrimOp". "name": "setRef(Ref[Ptr]. Ptr): Unit". "out": {"any": [0]}. "in": {"any": [1. 0]}}')
debug_merge_point(0, 0, '302<std_core_hnd.rpyeffect:1(Name(setCurrentEvv))>+3: {"op": "Return". "args": {"any": [0]}}')
debug_merge_point(0, 0, '664<std_core_hnd.rpyeffect:363([k@[k@[k@[#858]#863]#865]#870])>+0: {"op": "Copy". "type": "any". "from": 1. "to". 0}')
debug_merge_point(0, 0, '664<std_core_hnd.rpyeffect:363([k@[k@[k@[#858]#863]#865]#870])>+1: {"op": "Return". "args": {"any": [0]}}')
+608: setfield_gc(ConstPtr(ptr56), p54, descr=<FieldP rpyeffect.region.Ref.inst_value 16>)
+612: guard_nonnull(p55, descr=<Guard0x12061fda8>) [p0, p47, p5, p6, p7, p8, p9, p10, p11, p12, p13, p14, p15, p16, p39, p55, p40]
+620: i57 = getfield_gc_i(p55, descr=<FieldS rpyeffect.stored_environment.Stack__arb.inst_target 16 pure>)
+624: guard_value(i57, 4423, descr=<Guard0x1208d9010>) [p0, p47, p5, p6, p7, p8, p9, p10, p11, p12, p13, p14, p15, p16, p39, p55, p40]
+636: p59 = getfield_gc_r(p55, descr=<FieldP rpyeffect.stored_environment.Stack__arb.inst_values_ptr 24 pure>)
+640: i60 = arraylen_gc(p59, descr=<ArrayP 8>)
+644: guard_value(i60, 3, descr=<Guard0x1208d9040>) [p0, p47, p5, p6, p7, p8, p9, p10, p11, p12, p13, p14, p15, p16, p39, p55, p40]
+656: p63 = getarrayitem_gc_pure_r(p59, 0, descr=<ArrayP 8>)
+660: p65 = getarrayitem_gc_pure_r(p59, 1, descr=<ArrayP 8>)
+664: p67 = getarrayitem_gc_pure_r(p59, 2, descr=<ArrayP 8>)
+668: p68 = getfield_gc_r(p55, descr=<FieldP rpyeffect.stored_environment.Stack__arb.inst_tail 8 pure>)
debug_merge_point(0, 0, '4423<main.rpyeffect:90([k@[#343]#364])>+0: {"op": "PrimOp". "name": "infixAdd(Int. Int): Int". "out": {"any": [0]}. "in": {"any": [1. 0]}}')
+672: i69 = getfield_gc_i(p63, descr=<FieldS rpyeffect.value.IntValue.inst_value 8 pure>)
+676: i70 = getfield_gc_i(p47, descr=<FieldS rpyeffect.value.IntValue.inst_value 8 pure>)
+680: i71 = int_add(i69, i70)
debug_merge_point(0, 0, '4423<main.rpyeffect:90([k@[#343]#364])>+1: {"op": "Const". "type": "ptr". "out": 1. "format": "string". "value": "Name(import$std/core/hnd)"}')
debug_merge_point(0, 0, '4423<main.rpyeffect:90([k@[#343]#364])>+2: {"op": "PrimOp". "name": "getGlobal(String): Ptr". "out": {"any": [1]}. "in": {"any": [1]}}')
debug_merge_point(0, 0, '4423<main.rpyeffect:90([k@[#343]#364])>+3: {"op": "Const". "type": "ptr". "out": 4. "format": "string". "value": "Name(main/@tag-abort)"}')
debug_merge_point(0, 0, '4423<main.rpyeffect:90([k@[#343]#364])>+4: {"op": "PrimOp". "name": "getGlobal(String): Ptr". "out": {"any": [4]}. "in": {"any": [4]}}')
debug_merge_point(0, 0, '4423<main.rpyeffect:90([k@[#343]#364])>+5: {"op": "Swap". "type": "any". "a": 3. "b". 1}')
debug_merge_point(0, 0, '4423<main.rpyeffect:90([k@[#343]#364])>+6: {"op": "Swap". "type": "any". "a": 0. "b". 1}')
debug_merge_point(0, 0, '4423<main.rpyeffect:90([k@[#343]#364])>+7: {"op": "Swap". "type": "any". "a": 2. "b". 1}')
debug_merge_point(0, 0, '4423<main.rpyeffect:90([k@[#343]#364])>+8: {"op": "Jump". "target": 4429}')
debug_merge_point(0, 0, '4429<main.rpyeffect:96([mcore:[#209]#312])>+0: {"op": "Const". "type": "ptr". "out": 3. "format": "int". "value": "<IntValue object at 0x12045fa70>"}')
debug_merge_point(0, 0, '4429<main.rpyeffect:96([mcore:[#209]#312])>+1: {"op": "PrimOp". "name": "infixEq(Int. Int): Boolean". "out": {"any": [3]}. "in": {"any": [1. 3]}}')
+684: i72 = getfield_gc_i(p65, descr=<FieldS rpyeffect.value.IntValue.inst_value 8 pure>)
+688: i74 = int_eq(i72, 0)
debug_merge_point(0, 0, '4429<main.rpyeffect:96([mcore:[#209]#312])>+2: {"op": "Swap". "type": "any". "a": 2. "b". 0}')
debug_merge_point(0, 0, '4429<main.rpyeffect:96([mcore:[#209]#312])>+3: {"op": "Switch". "scrutinee": 3. "values": [<BoolValue object at 0x12045fa40>]. "targets": [4418]. "default": 4428}')
guard_false(i74, descr=<Guard0x1208d9070>) [p0, p47, p5, p6, p7, p8, p9, p10, p11, p12, p13, p14, p15, p16, p39, p55, p40]
debug_merge_point(0, 0, '4428<main.rpyeffect:95([switch default case#317])>+0: {"op": "Const". "type": "ptr". "out": 3. "format": "int". "value": "<IntValue object at 0x12045fab0>"}')
debug_merge_point(0, 0, '4428<main.rpyeffect:95([switch default case#317])>+1: {"op": "PrimOp". "name": "infixEq(Int. Int): Boolean". "out": {"any": [3]}. "in": {"any": [1. 3]}}')
debug_merge_point(0, 0, '4428<main.rpyeffect:95([switch default case#317])>+2: {"op": "Switch". "scrutinee": 3. "values": [<BoolValue object at 0x12045fa80>]. "targets": [4426]. "default": 4427}')
debug_merge_point(0, 0, '4426<main.rpyeffect:93([switch case for Bool(false)#321])>+0: {"op": "Const". "type": "ptr". "out": 3. "format": "int". "value": "<IntValue object at 0x12045f400>"}')
debug_merge_point(0, 0, '4426<main.rpyeffect:93([switch case for Bool(false)#321])>+1: {"op": "PrimOp". "name": "infixSub(Int. Int): Int". "out": {"any": [1]}. "in": {"any": [1. 3]}}')
+696: i76 = int_sub(i72, 1)
debug_merge_point(0, 0, '4426<main.rpyeffect:93([switch case for Bool(false)#321])>+2: {"op": "Const". "type": "ptr". "out": 3. "format": "int". "value": "<IntValue object at 0x12045f3d0>"}')
debug_merge_point(0, 0, '4426<main.rpyeffect:93([switch case for Bool(false)#321])>+3: {"op": "New". "out": 4. "targets": [4419]. "args": {"any": []}}')
debug_merge_point(0, 0, '4426<main.rpyeffect:93([switch case for Bool(false)#321])>+4: {"op": "Const". "type": "ptr". "out": 5. "format": "string". "value": "Name(import$std/core/hnd)"}')
debug_merge_point(0, 0, '4426<main.rpyeffect:93([switch case for Bool(false)#321])>+5: {"op": "PrimOp". "name": "getGlobal(String): Ptr". "out": {"any": [5]}. "in": {"any": [5]}}')
debug_merge_point(0, 0, '4426<main.rpyeffect:93([switch case for Bool(false)#321])>+6: {"op": "Push". "target": 4425. "args": {"any": [0. 1. 2. 3]}}')
debug_merge_point(0, 0, '4426<main.rpyeffect:93([switch case for Bool(false)#321])>+7: {"op": "Copy". "type": "any". "from": 5. "to". 1}')
debug_merge_point(0, 0, '4426<main.rpyeffect:93([switch case for Bool(false)#321])>+8: {"op": "Copy". "type": "any". "from": 4. "to". 0}')
debug_merge_point(0, 0, '4426<main.rpyeffect:93([switch case for Bool(false)#321])>+9: {"op": "Jump". "target": 4408}')
debug_merge_point(0, 0, '4408<main.rpyeffect:75([mcore:[#182]#266])>+0: {"op": "Const". "type": "ptr". "out": 1. "format": "string". "value": "Name(import$std/core/hnd)"}')
debug_merge_point(0, 0, '4408<main.rpyeffect:75([mcore:[#182]#266])>+1: {"op": "PrimOp". "name": "getGlobal(String): Ptr". "out": {"any": [1]}. "in": {"any": [1]}}')
debug_merge_point(0, 0, '4408<main.rpyeffect:75([mcore:[#182]#266])>+2: {"op": "CallLib". "lib": "1". "symbol": "std/core/hnd/Clause1"}')
debug_merge_point(0, 0, '1361<std_core_hnd.rpyeffect:1060([mcore:[#1456]#167])>+0: {"op": "Construct". "out": 0. "type": Interned(std/core/hnd/clause1). "tag": Interned(std/core/hnd/Clause1). "args": {"any": [0]}}')
debug_merge_point(0, 0, '1361<std_core_hnd.rpyeffect:1060([mcore:[#1456]#167])>+1: {"op": "Return". "args": {"any": [0]}}')
debug_merge_point(0, 0, '4425<main.rpyeffect:92([k@[switch case for Bool(false)#321]#340])>+0: {"op": "Push". "target": 4424. "args": {"any": [1. 2. 3]}}')
debug_merge_point(0, 0, '4425<main.rpyeffect:92([k@[switch case for Bool(false)#321]#340])>+1: {"op": "Copy". "type": "any". "from": 0. "to". 1}')
debug_merge_point(0, 0, '4425<main.rpyeffect:92([k@[switch case for Bool(false)#321]#340])>+2: {"op": "Copy". "type": "any". "from": 4. "to". 0}')
debug_merge_point(0, 0, '4425<main.rpyeffect:92([k@[switch case for Bool(false)#321]#340])>+3: {"op": "Jump". "target": 4452}')
debug_merge_point(0, 0, '4452<main.rpyeffect:119([mcore:[#237]#265])>+0: {"op": "Construct". "out": 0. "type": Interned(main/abort). "tag": Interned(main/@Hnd-abort). "args": {"any": [0. 1]}}')
debug_merge_point(0, 0, '4452<main.rpyeffect:119([mcore:[#237]#265])>+1: {"op": "Return". "args": {"any": [0]}}')
debug_merge_point(0, 0, '4424<main.rpyeffect:91([#343])>+0: {"op": "New". "out": 4. "targets": [4420]. "args": {"any": []}}')
debug_merge_point(0, 0, '4424<main.rpyeffect:91([#343])>+1: {"op": "New". "out": 5. "targets": [4421]. "args": {"any": [3]}}')
debug_merge_point(0, 0, '4424<main.rpyeffect:91([#343])>+2: {"op": "Const". "type": "ptr". "out": 6. "format": "string". "value": "Name(import$std/core/hnd)"}')
debug_merge_point(0, 0, '4424<main.rpyeffect:91([#343])>+3: {"op": "PrimOp". "name": "getGlobal(String): Ptr". "out": {"any": [6]}. "in": {"any": [6]}}')
debug_merge_point(0, 0, '4424<main.rpyeffect:91([#343])>+4: {"op": "Const". "type": "ptr". "out": 7. "format": "string". "value": "Name(main/@tag-abort)"}')
debug_merge_point(0, 0, '4424<main.rpyeffect:91([#343])>+5: {"op": "PrimOp". "name": "getGlobal(String): Ptr". "out": {"any": [7]}. "in": {"any": [7]}}')
debug_merge_point(0, 0, '4424<main.rpyeffect:91([#343])>+6: {"op": "Push". "target": 4423. "args": {"any": [1. 2. 3]}}')
debug_merge_point(0, 0, '4424<main.rpyeffect:91([#343])>+7: {"op": "Copy". "type": "any". "from": 5. "to". 2}')
debug_merge_point(0, 0, '4424<main.rpyeffect:91([#343])>+8: {"op": "Copy". "type": "any". "from": 4. "to". 1}')
debug_merge_point(0, 0, '4424<main.rpyeffect:91([#343])>+9: {"op": "Copy". "type": "any". "from": 7. "to". 4}')
debug_merge_point(0, 0, '4424<main.rpyeffect:91([#343])>+10: {"op": "Copy". "type": "any". "from": 6. "to". 3}')
debug_merge_point(0, 0, '4424<main.rpyeffect:91([#343])>+11: {"op": "Jump". "target": 4341}')
debug_merge_point(0, 0, '4341<main.rpyeffect:8([mcore:[#102]#22])>+0: {"op": "Const". "type": "ptr". "out": 3. "format": "string". "value": "Name(main/@tag-abort)"}')
debug_merge_point(0, 0, '4341<main.rpyeffect:8([mcore:[#102]#22])>+1: {"op": "PrimOp". "name": "getGlobal(String): Ptr". "out": {"any": [3]}. "in": {"any": [3]}}')
debug_merge_point(0, 0, '4341<main.rpyeffect:8([mcore:[#102]#22])>+2: {"op": "Const". "type": "ptr". "out": 4. "format": "string". "value": "Name(import$std/core/hnd)"}')
debug_merge_point(0, 0, '4341<main.rpyeffect:8([mcore:[#102]#22])>+3: {"op": "PrimOp". "name": "getGlobal(String): Ptr". "out": {"any": [4]}. "in": {"any": [4]}}')
debug_merge_point(0, 0, '4341<main.rpyeffect:8([mcore:[#102]#22])>+4: {"op": "Swap". "type": "any". "a": 2. "b". 1}')
debug_merge_point(0, 0, '4341<main.rpyeffect:8([mcore:[#102]#22])>+5: {"op": "Swap". "type": "any". "a": 3. "b". 1}')
debug_merge_point(0, 0, '4341<main.rpyeffect:8([mcore:[#102]#22])>+6: {"op": "Swap". "type": "any". "a": 0. "b". 1}')
debug_merge_point(0, 0, '4341<main.rpyeffect:8([mcore:[#102]#22])>+7: {"op": "Jump". "target": 4340}')
debug_merge_point(0, 0, '4340<main.rpyeffect:7([mcore:[#96]#14])>+0: {"op": "Const". "type": "ptr". "out": 4. "format": "string". "value": "Name(import$std/core/hnd)"}')
debug_merge_point(0, 0, '4340<main.rpyeffect:7([mcore:[#96]#14])>+1: {"op": "PrimOp". "name": "getGlobal(String): Ptr". "out": {"any": [4]}. "in": {"any": [4]}}')
debug_merge_point(0, 0, '4340<main.rpyeffect:7([mcore:[#96]#14])>+2: {"op": "CallLib". "lib": "4". "symbol": "std/core/hnd/@hhandle"}')
debug_merge_point(0, 0, '671<std_core_hnd.rpyeffect:370([mcore:[#662]#849])>+0: {"op": "Push". "target": 670. "args": {"any": [3. 1. 2. 0]}}')
debug_merge_point(0, 0, '671<std_core_hnd.rpyeffect:370([mcore:[#662]#849])>+1: {"op": "Jump". "target": 509}')
debug_merge_point(0, 0, '509<std_core_hnd.rpyeffect:208([mcore:[#477]#451])>+0: {"op": "Jump". "target": 301}')
debug_merge_point(0, 0, '301<std_core_hnd.rpyeffect:0(Name(getCurrentEvv))>+0: {"op": "Const". "type": "ptr". "out": 0. "format": "string". "value": "current-evv"}')
+700: p77 = new_with_vtable(descr=<SizeDescr 32>)
+804: p78 = new_with_vtable(descr=<SizeDescr 32>)
+816: setfield_gc(p78, p68, descr=<FieldP rpyeffect.stored_environment.Stack__arb.inst_tail 8 pure>)
+820: setfield_gc(p78, 4423, descr=<FieldS rpyeffect.stored_environment.Stack__arb.inst_target 16 pure>)
+828: p81 = new_array_clear(3, descr=<ArrayP 8>)
+848: p82 = new_with_vtable(descr=<SizeDescr 16>)
+860: setfield_gc(p82, i71, descr=<FieldS rpyeffect.value.IntValue.inst_value 8 pure>)
+864: setarrayitem_gc(p81, 0, p82, descr=<ArrayP 8>)
+868: p84 = new_with_vtable(descr=<SizeDescr 16>)
+880: setfield_gc(p84, i76, descr=<FieldS rpyeffect.value.IntValue.inst_value 8 pure>)
+884: setarrayitem_gc(p81, 1, p84, descr=<ArrayP 8>)
+888: setarrayitem_gc(p81, 2, p67, descr=<ArrayP 8>)
+892: setfield_gc(p78, p81, descr=<FieldP rpyeffect.stored_environment.Stack__arb.inst_values_ptr 24 pure>)
+896: p88 = new_array_clear(4, descr=<ArrayP 8>)
+916: p89 = new_with_vtable(descr=<SizeDescr 24>)
+932: setfield_gc(p89, ConstPtr(ptr90), descr=<FieldP rpyeffect.codata.CoData.inst_vtable 8 pure>)
+936: p92 = new_array_clear(1, descr=<ArrayP 8>)
+956: setarrayitem_gc(p92, 0, p67, descr=<ArrayP 8>)
+960: setfield_gc(p89, p92, descr=<FieldP rpyeffect.stored_environment.CoData__arb.inst_values_ptr 16 pure>)
+964: setarrayitem_gc(p88, 0, p89, descr=<ArrayP 8>)
+968: p95 = new_with_vtable(descr=<SizeDescr 24>)
+984: setfield_gc(p95, ConstPtr(ptr96), descr=<FieldP rpyeffect.data.Data.inst_tag 8>)
+988: p98 = new_array_clear(2, descr=<ArrayP 8>)
+1012: setarrayitem_gc(p98, 0, ConstPtr(ptr100), descr=<ArrayP 8>)
+1016: p101 = new_with_vtable(descr=<SizeDescr 24>)
+1032: setfield_gc(p101, ConstPtr(ptr102), descr=<FieldP rpyeffect.data.Data.inst_tag 8>)
+1036: p104 = new_array_clear(1, descr=<ArrayP 8>)
+1056: p105 = new_with_vtable(descr=<SizeDescr 24>)
+1072: setfield_gc(p105, ConstPtr(ptr106), descr=<FieldP rpyeffect.codata.CoData.inst_vtable 8 pure>)
+1076: p108 = new_array_clear(0, descr=<ArrayP 8>)
+1096: setfield_gc(p105, p108, descr=<FieldP rpyeffect.stored_environment.CoData__arb.inst_values_ptr 16 pure>)
+1100: setarrayitem_gc(p104, 0, p105, descr=<ArrayP 8>)
+1104: setfield_gc(p101, p104, descr=<FieldP rpyeffect.stored_environment.Data__arb.inst_values_ptr 16 pure>)
+1108: setarrayitem_gc(p98, 1, p101, descr=<ArrayP 8>)
+1112: setfield_gc(p95, p98, descr=<FieldP rpyeffect.stored_environment.Data__arb.inst_values_ptr 16 pure>)
+1116: setarrayitem_gc(p88, 1, p95, descr=<ArrayP 8>)
+1120: p112 = new_with_vtable(descr=<SizeDescr 24>)
+1136: setfield_gc(p112, ConstPtr(ptr113), descr=<FieldP rpyeffect.codata.CoData.inst_vtable 8 pure>)
+1140: p115 = new_array_clear(0, descr=<ArrayP 8>)
+1160: setfield_gc(p112, p115, descr=<FieldP rpyeffect.stored_environment.CoData__arb.inst_values_ptr 16 pure>)
+1164: setarrayitem_gc(p88, 2, p112, descr=<ArrayP 8>)
+1172: setarrayitem_gc(p88, 3, ConstPtr(ptr118), descr=<ArrayP 8>)
+1176: setfield_gc(p77, 670, descr=<FieldS rpyeffect.stored_environment.Stack__arb.inst_target 16 pure>)
+1184: setfield_gc(p77, p88, descr=<FieldP rpyeffect.stored_environment.Stack__arb.inst_values_ptr 24 pure>)
+1188: setfield_gc(p77, p78, descr=<FieldP rpyeffect.stored_environment.Stack__arb.inst_tail 8 pure>)
+1196: jump(p39, p77, p0, p40, ConstPtr(ptr120), ConstPtr(ptr118), p95, p112, p89, ConstPtr(ptr121), p89, ConstPtr(ptr122), ConstPtr(ptr123), p9, p10, p11, p12, p13, p14, p15, p16, descr=TargetToken(4840948640))
+1264: --end of the loop--
[b3ee635] jit-log-opt-bridge}
[b5476b7] {jit-log-opt-loop
# Loop 6 (302<std_core_hnd.rpyeffect:1(Name(setCurrentEvv))>+0: {"op": "Const", "type": "ptr", "out": 1, "format": "string", "value": "current-evv"}) : entry bridge with 80 ops
[p0, p1, p2, p3, p4]
+264: p5 = getfield_gc_r(p2, descr=<FieldP rpyeffect.environment.Environment.inst_values_ptr 16>)
+272: p7 = getarrayitem_gc_r(p5, 0, descr=<ArrayP 8>)
+276: p9 = getarrayitem_gc_r(p5, 1, descr=<ArrayP 8>)
+280: p11 = getarrayitem_gc_r(p5, 2, descr=<ArrayP 8>)
+284: p13 = getarrayitem_gc_r(p5, 3, descr=<ArrayP 8>)
+288: p15 = getarrayitem_gc_r(p5, 4, descr=<ArrayP 8>)
+292: p17 = getarrayitem_gc_r(p5, 5, descr=<ArrayP 8>)
+296: p19 = getarrayitem_gc_r(p5, 6, descr=<ArrayP 8>)
+300: p21 = getarrayitem_gc_r(p5, 7, descr=<ArrayP 8>)
+304: p23 = getarrayitem_gc_r(p5, 8, descr=<ArrayP 8>)
+308: p25 = getarrayitem_gc_r(p5, 9, descr=<ArrayP 8>)
+312: p27 = getarrayitem_gc_r(p5, 10, descr=<ArrayP 8>)
+316: p29 = getarrayitem_gc_r(p5, 11, descr=<ArrayP 8>)
+320: p31 = getarrayitem_gc_r(p5, 12, descr=<ArrayP 8>)
+324: p33 = getarrayitem_gc_r(p5, 13, descr=<ArrayP 8>)
+328: p35 = getarrayitem_gc_r(p5, 14, descr=<ArrayP 8>)
+332: p37 = getarrayitem_gc_r(p5, 15, descr=<ArrayP 8>)
debug_merge_point(0, 0, '302<std_core_hnd.rpyeffect:1(Name(setCurrentEvv))>+0: {"op": "Const". "type": "ptr". "out": 1. "format": "string". "value": "current-evv"}')
+336: guard_not_invalidated(descr=<Guard0x12061fec8>) [p2, p7, p9, p11, p13, p15, p17, p19, p21, p23, p25, p27, p29, p31, p33, p35, p37, p0, p1, p3, p4]
debug_merge_point(0, 0, '302<std_core_hnd.rpyeffect:1(Name(setCurrentEvv))>+1: {"op": "PrimOp". "name": "getGlobal(String): Ptr". "out": {"any": [1]}. "in": {"any": [1]}}')
debug_merge_point(0, 0, '302<std_core_hnd.rpyeffect:1(Name(setCurrentEvv))>+2: {"op": "PrimOp". "name": "setRef(Ref[Ptr]. Ptr): Unit". "out": {"any": [0]}. "in": {"any": [1. 0]}}')
debug_merge_point(0, 0, '302<std_core_hnd.rpyeffect:1(Name(setCurrentEvv))>+3: {"op": "Return". "args": {"any": [0]}}')
+408: setfield_gc(ConstPtr(ptr38), p7, descr=<FieldP rpyeffect.region.Ref.inst_value 16>)
+412: guard_nonnull(p1, descr=<Guard0x12061ff10>) [p2, p7, p11, p13, p15, p17, p19, p21, p23, p25, p27, p29, p31, p33, p35, p37, p0, p1, p3, p4]
+424: i39 = getfield_gc_i(p1, descr=<FieldS rpyeffect.stored_environment.Stack__arb.inst_target 16 pure>)
+436: guard_value(i39, 666, descr=<Guard0x1208d9610>) [p2, p7, p11, p13, p15, p17, p19, p21, p23, p25, p27, p29, p31, p33, p35, p37, p0, p1, p3, p4]
+448: p41 = getfield_gc_r(p1, descr=<FieldP rpyeffect.stored_environment.Stack__arb.inst_values_ptr 24 pure>)
+452: i42 = arraylen_gc(p41, descr=<ArrayP 8>)
+460: guard_value(i42, 4, descr=<Guard0x1208d9640>) [p2, p7, p11, p13, p15, p17, p19, p21, p23, p25, p27, p29, p31, p33, p35, p37, p0, p1, p3, p4]
+472: p45 = getarrayitem_gc_pure_r(p41, 0, descr=<ArrayP 8>)
+476: p47 = getarrayitem_gc_pure_r(p41, 1, descr=<ArrayP 8>)
+484: p49 = getarrayitem_gc_pure_r(p41, 2, descr=<ArrayP 8>)
+492: p51 = getarrayitem_gc_pure_r(p41, 3, descr=<ArrayP 8>)
+496: p52 = getfield_gc_r(p1, descr=<FieldP rpyeffect.stored_environment.Stack__arb.inst_tail 8 pure>)
debug_merge_point(0, 0, '666<std_core_hnd.rpyeffect:365([k@[#858]#863])>+0: {"op": "Push". "target": 665. "args": {"any": [4]}}')
debug_merge_point(0, 0, '666<std_core_hnd.rpyeffect:365([k@[#858]#863])>+1: {"op": "Copy". "type": "any". "from": 2. "to". 0}')
debug_merge_point(0, 0, '666<std_core_hnd.rpyeffect:365([k@[#858]#863])>+2: {"op": "Copy". "type": "any". "from": 1. "to". 2}')
debug_merge_point(0, 0, '666<std_core_hnd.rpyeffect:365([k@[#858]#863])>+3: {"op": "Copy". "type": "any". "from": 3. "to". 1}')
debug_merge_point(0, 0, '666<std_core_hnd.rpyeffect:365([k@[#858]#863])>+4: {"op": "Jump". "target": 442}')
debug_merge_point(0, 0, '442<std_core_hnd.rpyeffect:141([mcore:[#411]#270])>+0: {"op": "NewStack". "out": 0. "target": 440. "region": 1. "args": {"any": [1]}. "label": 0}')
debug_merge_point(0, 0, '442<std_core_hnd.rpyeffect:141([mcore:[#411]#270])>+1: {"op": "PushStack". "arg": 0}')
+512: i54 = instance_ptr_eq(p4, ConstPtr(ptr53))
guard_true(i54, descr=<Guard0x1208d9670>) [p2, p7, p11, p13, p15, p17, p19, p21, p23, p25, p27, p29, p31, p33, p35, p37, p0, p1, p3, p4]
debug_merge_point(0, 0, '442<std_core_hnd.rpyeffect:141([mcore:[#411]#270])>+2: {"op": "Invoke". "receiver": 2. "tag": Interned(apply). "args" : {"any": []}}')
+528: p55 = getfield_gc_r(p45, descr=<FieldP rpyeffect.codata.CoData.inst_vtable 8 pure>)
+544: guard_value(p55, ConstPtr(ptr56), descr=<Guard0x1208d96a0>) [p2, p7, p11, p13, p15, p17, p19, p21, p23, p25, p27, p29, p31, p33, p35, p37, p0, p1, p3, p4]
+552: p57 = getfield_gc_r(p45, descr=<FieldP rpyeffect.stored_environment.CoData__arb.inst_values_ptr 16 pure>)
+556: i58 = arraylen_gc(p57, descr=<ArrayP 8>)
+560: guard_value(i58, 1, descr=<Guard0x1208d96d0>) [p2, p7, p11, p13, p15, p17, p19, p21, p23, p25, p27, p29, p31, p33, p35, p37, p0, p1, p3, p4]
+572: p61 = getarrayitem_gc_pure_r(p57, 0, descr=<ArrayP 8>)
debug_merge_point(0, 0, '4421<main.rpyeffect:88([method_apply@[#343]#351])>+0: {"op": "Const". "type": "ptr". "out": 1. "format": "string". "value": "Name(import$std/core/hnd)"}')
debug_merge_point(0, 0, '4421<main.rpyeffect:88([method_apply@[#343]#351])>+1: {"op": "PrimOp". "name": "getGlobal(String): Ptr". "out": {"any": [1]}. "in": {"any": [1]}}')
debug_merge_point(0, 0, '4421<main.rpyeffect:88([method_apply@[#343]#351])>+2: {"op": "Swap". "type": "any". "a": 0. "b". 1}')
debug_merge_point(0, 0, '4421<main.rpyeffect:88([method_apply@[#343]#351])>+3: {"op": "Jump". "target": 4417}')
debug_merge_point(0, 0, '4417<main.rpyeffect:84([mcore:[#203]#308])>+0: {"op": "Const". "type": "ptr". "out": 0. "format": "string". "value": "Name(import$std/core/hnd)"}')
debug_merge_point(0, 0, '4417<main.rpyeffect:84([mcore:[#203]#308])>+1: {"op": "PrimOp". "name": "getGlobal(String): Ptr". "out": {"any": [0]}. "in": {"any": [0]}}')
debug_merge_point(0, 0, '4417<main.rpyeffect:84([mcore:[#203]#308])>+2: {"op": "Swap". "type": "any". "a": 0. "b". 1}')
debug_merge_point(0, 0, '4417<main.rpyeffect:84([mcore:[#203]#308])>+3: {"op": "Jump". "target": 4391}')
debug_merge_point(0, 0, '4391<main.rpyeffect:58([mcore:[#146]#118])>+0: {"op": "Match". "type": Interned(std/core/types/list). "scrutinee": 0. "clauses": [{"tag": Interned(std/core/types/Nil). "target": 4390. "args": {"any": []}}]. "default": {"tag": Interned(36246ab7-02e7-4c9d-aacf-c8d40d9ce7c1#[Missing Tag#701]). "target": 4389. "args": {"any": []}}}')
+576: p62 = getfield_gc_r(p61, descr=<FieldP rpyeffect.data.Data.inst_tag 8>)
+588: guard_value(p62, ConstPtr(ptr63), descr=<Guard0x1208d9700>) [p2, p7, p11, p13, p15, p17, p19, p21, p23, p25, p27, p29, p31, p33, p35, p37, p0, p1, p3, p4]
debug_merge_point(0, 0, '4389<main.rpyeffect:56([match_def@[mcore:[#146]#118]#119])>+0: {"op": "Match". "type": Interned(std/core/types/list). "scrutinee": 0. "clauses": [{"tag": Interned(std/core/types/Cons). "target": 4388. "args": {"any": [0. 1]}}]. "default": {"tag": Interned(36246ab7-02e7-4c9d-aacf-c8d40d9ce7c1#[Missing Tag#700]). "target": 4369. "args": {"any": []}}}')
+596: p64 = new_with_vtable(descr=<SizeDescr 32>)
+704: p66 = new_array_clear(1, descr=<ArrayP 8>)
+724: setarrayitem_gc(p66, 0, p49, descr=<ArrayP 8>)
+728: p68 = new_with_vtable(descr=<SizeDescr 40>)
+740: p69 = new_with_vtable(descr=<SizeDescr 32>)
+752: setfield_gc(p69, p52, descr=<FieldP rpyeffect.stored_environment.Stack__arb.inst_tail 8 pure>)
+756: setfield_gc(p69, 665, descr=<FieldS rpyeffect.stored_environment.Stack__arb.inst_target 16 pure>)
+764: p72 = new_array_clear(1, descr=<ArrayP 8>)
+784: setarrayitem_gc(p72, 0, p51, descr=<ArrayP 8>)
+788: setfield_gc(p69, p72, descr=<FieldP rpyeffect.stored_environment.Stack__arb.inst_values_ptr 24 pure>)
+792: setfield_gc(p64, 440, descr=<FieldS rpyeffect.stored_environment.Stack__arb.inst_target 16 pure>)
+800: setfield_gc(p64, p66, descr=<FieldP rpyeffect.stored_environment.Stack__arb.inst_values_ptr 24 pure>)
+804: setfield_gc(p64, ConstPtr(null), descr=<FieldP rpyeffect.stored_environment.Stack__arb.inst_tail 8 pure>)
+812: setfield_gc(p68, p69, descr=<FieldP rpyeffect.stack.MetaStackLike.inst_stack 8 pure>)
+816: setfield_gc(p68, p0, descr=<FieldP rpyeffect.stack.MetaStack.inst_label 16 pure>)
+824: setfield_gc(p68, ConstPtr(null), descr=<FieldP rpyeffect.stack.MetaStack.inst_region 24 pure>)
+832: setfield_gc(p68, p3, descr=<FieldP rpyeffect.stack.MetaStack.inst_tail 32 pure>)
+844: jump(p47, p64, p2, p68, ConstPtr(ptr77), p61, ConstPtr(ptr78), p45, p49, p51, p17, p19, p21, p23, p25, p27, p29, p31, p33, p35, p37, descr=TargetToken(4838448352))
+1044: --end of the loop--
[b555d59] jit-log-opt-loop}
[b619ba0] {jit-log-opt-bridge
# bridge out of Guard 0x1208d8e60 with 113 ops
[p0, p1, p2, p3, p4, p5, p6, p7, p8, p9, p10, p11, p12, p13, p14, p15, p16, p17, p18, p19, p20]
+216: guard_not_invalidated(descr=<Guard0x1209480f8>) [p0, p1, p2, p3, p4, p5, p6, p7, p8, p9, p10, p11, p12, p13, p14, p15, p16, p17, p18, p19, p20]
debug_merge_point(0, 0, '301<std_core_hnd.rpyeffect:0(Name(getCurrentEvv))>+1: {"op": "PrimOp". "name": "getGlobal(String): Ptr". "out": {"any": [0]}. "in": {"any": [0]}}')
debug_merge_point(0, 0, '301<std_core_hnd.rpyeffect:0(Name(getCurrentEvv))>+2: {"op": "PrimOp". "name": "getRef(Ref[Ptr]): Ptr". "out": {"any": [0]}. "in": {"any": [0]}}')
+224: p22 = getfield_gc_r(ConstPtr(ptr21), descr=<FieldP rpyeffect.region.Ref.inst_value 16>)
+228: guard_nonnull_class(p22, ConstClass(Data__arb), descr=<Guard0x120948140>) [p0, p1, p2, p3, p4, p5, p6, p7, p8, p9, p10, p11, p12, p13, p14, p15, p16, p17, p18, p19, p20]
debug_merge_point(0, 0, '301<std_core_hnd.rpyeffect:0(Name(getCurrentEvv))>+3: {"op": "Return". "args": {"any": [0]}}')
+252: guard_nonnull(p18, descr=<Guard0x1208d9bb0>) [p0, p1, p2, p3, p4, p5, p6, p7, p8, p9, p10, p11, p12, p13, p14, p15, p16, p17, p18, p19, p20]
+260: i24 = getfield_gc_i(p18, descr=<FieldS rpyeffect.stored_environment.Stack__arb.inst_target 16 pure>)
+264: guard_value(i24, 670, descr=<Guard0x1208d9be0>) [p0, p1, p2, p3, p4, p5, p6, p7, p8, p9, p10, p11, p12, p13, p14, p15, p16, p17, p18, p19, p20]
+276: p26 = getfield_gc_r(p18, descr=<FieldP rpyeffect.stored_environment.Stack__arb.inst_values_ptr 24 pure>)
+280: i27 = arraylen_gc(p26, descr=<ArrayP 8>)
+284: guard_value(i27, 4, descr=<Guard0x1208d9c10>) [p0, p1, p2, p3, p4, p5, p6, p7, p8, p9, p10, p11, p12, p13, p14, p15, p16, p17, p18, p19, p20]
+296: p30 = getarrayitem_gc_pure_r(p26, 0, descr=<ArrayP 8>)
+300: p32 = getarrayitem_gc_pure_r(p26, 1, descr=<ArrayP 8>)
+304: p34 = getarrayitem_gc_pure_r(p26, 2, descr=<ArrayP 8>)
+308: p36 = getarrayitem_gc_pure_r(p26, 3, descr=<ArrayP 8>)
+312: p37 = getfield_gc_r(p18, descr=<FieldP rpyeffect.stored_environment.Stack__arb.inst_tail 8 pure>)
debug_merge_point(0, 0, '670<std_core_hnd.rpyeffect:369([k@[mcore:[#662]#849]#851])>+0: {"op": "Push". "target": 669. "args": {"any": [1. 2. 3. 4. 0]}}')
debug_merge_point(0, 0, '670<std_core_hnd.rpyeffect:369([k@[mcore:[#662]#849]#851])>+1: {"op": "Jump". "target": 512}')
debug_merge_point(0, 0, '512<std_core_hnd.rpyeffect:211([mcore:[#479]#457])>+0: {"op": "PrimOp". "name": "freshlabel". "out": {"any": [0]}. "in": {"any": []}}')
debug_merge_point(0, 0, '512<std_core_hnd.rpyeffect:211([mcore:[#479]#457])>+1: {"op": "Return". "args": {"any": [0]}}')
debug_merge_point(0, 0, '669<std_core_hnd.rpyeffect:368([k@[k@[mcore:[#662]#849]#851]#853])>+0: {"op": "Push". "target": 668. "args": {"any": [1. 0. 3. 5]}}')
debug_merge_point(0, 0, '669<std_core_hnd.rpyeffect:368([k@[k@[mcore:[#662]#849]#851]#853])>+1: {"op": "Copy". "type": "any". "from": 5. "to". 3}')
debug_merge_point(0, 0, '669<std_core_hnd.rpyeffect:368([k@[k@[mcore:[#662]#849]#851]#853])>+2: {"op": "Copy". "type": "any". "from": 0. "to". 1}')
debug_merge_point(0, 0, '669<std_core_hnd.rpyeffect:368([k@[k@[mcore:[#662]#849]#851]#853])>+3: {"op": "Copy". "type": "any". "from": 4. "to". 0}')
debug_merge_point(0, 0, '669<std_core_hnd.rpyeffect:368([k@[k@[mcore:[#662]#849]#851]#853])>+4: {"op": "Jump". "target": 1359}')
debug_merge_point(0, 0, '1359<std_core_hnd.rpyeffect:1058([mcore:[#1454]#133])>+0: {"op": "Construct". "out": 0. "type": Interned(std/core/hnd/ev). "tag": Interned(std/core/hnd/Ev). "args": {"any": [0. 1. 2. 3]}}')
debug_merge_point(0, 0, '1359<std_core_hnd.rpyeffect:1058([mcore:[#1454]#133])>+1: {"op": "Return". "args": {"any": [0]}}')
debug_merge_point(0, 0, '668<std_core_hnd.rpyeffect:367([k@[k@[k@[mcore:[#662]#849]#851]#853]#855])>+0: {"op": "Push". "target": 667. "args": {"any": [1. 2. 3. 4]}}')
debug_merge_point(0, 0, '668<std_core_hnd.rpyeffect:367([k@[k@[k@[mcore:[#662]#849]#851]#853]#855])>+1: {"op": "Copy". "type": "any". "from": 0. "to". 1}')
debug_merge_point(0, 0, '668<std_core_hnd.rpyeffect:367([k@[k@[k@[mcore:[#662]#849]#851]#853]#855])>+2: {"op": "Copy". "type": "any". "from": 4. "to". 0}')
debug_merge_point(0, 0, '668<std_core_hnd.rpyeffect:367([k@[k@[k@[mcore:[#662]#849]#851]#853]#855])>+3: {"op": "Jump". "target": 511}')
debug_merge_point(0, 0, '511<std_core_hnd.rpyeffect:210([mcore:[#478]#454])>+0: {"op": "Jump". "target": 332}')
debug_merge_point(0, 0, '332<std_core_hnd.rpyeffect:31(Name(evvInsert))>+0: {"op": "Swap". "type": "any". "a": 0. "b". 1}')
debug_merge_point(0, 0, '332<std_core_hnd.rpyeffect:31(Name(evvInsert))>+1: {"op": "Match". "type": Interned(evv). "scrutinee": 1. "clauses": [{"tag": Interned(cons). "target": 331. "args": {"any": [2. 3]}}]. "default": {"tag": Interned(9ecfa5c6-d050-4adc-badf-39eef9fcb0bd#[Missing Tag#3007]). "target": 325. "args": {"any": []}}}')
+316: p38 = getfield_gc_r(p22, descr=<FieldP rpyeffect.data.Data.inst_tag 8>)
+324: guard_value(p38, ConstPtr(ptr39), descr=<Guard0x1208d9c40>) [p0, p1, p2, p3, p4, p5, p6, p7, p8, p9, p10, p11, p12, p13, p14, p15, p16, p17, p18, p19, p20]
debug_merge_point(0, 0, '325<std_core_hnd.rpyeffect:24([match_def@Name(evvInsert)#64])>+0: {"op": "Construct". "out": 0. "type": Interned(evv). "tag": Interned(cons). "args": {"any": [0. 1]}}')
debug_merge_point(0, 0, '325<std_core_hnd.rpyeffect:24([match_def@Name(evvInsert)#64])>+1: {"op": "Return". "args": {"any": [0]}}')
debug_merge_point(0, 0, '667<std_core_hnd.rpyeffect:366([#858])>+0: {"op": "Const". "type": "ptr". "out": 5. "format": "string". "value": "Name(import$std/core/hnd)"}')
debug_merge_point(0, 0, '667<std_core_hnd.rpyeffect:366([#858])>+1: {"op": "PrimOp". "name": "getGlobal(String): Ptr". "out": {"any": [5]}. "in": {"any": [5]}}')
debug_merge_point(0, 0, '667<std_core_hnd.rpyeffect:366([#858])>+2: {"op": "Push". "target": 666. "args": {"any": [1. 2. 3. 4]}}')
debug_merge_point(0, 0, '667<std_core_hnd.rpyeffect:366([#858])>+3: {"op": "Copy". "type": "any". "from": 5. "to". 1}')
debug_merge_point(0, 0, '667<std_core_hnd.rpyeffect:366([#858])>+4: {"op": "Jump". "target": 662}')
debug_merge_point(0, 0, '662<std_core_hnd.rpyeffect:361([mcore:[#656]#839])>+0: {"op": "Const". "type": "ptr". "out": 1. "format": "string". "value": "Name(import$std/core/hnd)"}')
debug_merge_point(0, 0, '662<std_core_hnd.rpyeffect:361([mcore:[#656]#839])>+1: {"op": "PrimOp". "name": "getGlobal(String): Ptr". "out": {"any": [1]}. "in": {"any": [1]}}')
debug_merge_point(0, 0, '662<std_core_hnd.rpyeffect:361([mcore:[#656]#839])>+2: {"op": "CallLib". "lib": "1". "symbol": "setCurrentEvv"}')
debug_merge_point(0, 0, '302<std_core_hnd.rpyeffect:1(Name(setCurrentEvv))>+0: {"op": "Const". "type": "ptr". "out": 1. "format": "string". "value": "current-evv"}')
debug_merge_point(0, 0, '302<std_core_hnd.rpyeffect:1(Name(setCurrentEvv))>+1: {"op": "PrimOp". "name": "getGlobal(String): Ptr". "out": {"any": [1]}. "in": {"any": [1]}}')
debug_merge_point(0, 0, '302<std_core_hnd.rpyeffect:1(Name(setCurrentEvv))>+2: {"op": "PrimOp". "name": "setRef(Ref[Ptr]. Ptr): Unit". "out": {"any": [0]}. "in": {"any": [1. 0]}}')
debug_merge_point(0, 0, '302<std_core_hnd.rpyeffect:1(Name(setCurrentEvv))>+3: {"op": "Return". "args": {"any": [0]}}')
debug_merge_point(0, 0, '666<std_core_hnd.rpyeffect:365([k@[#858]#863])>+0: {"op": "Push". "target": 665. "args": {"any": [4]}}')
debug_merge_point(0, 0, '666<std_core_hnd.rpyeffect:365([k@[#858]#863])>+1: {"op": "Copy". "type": "any". "from": 2. "to". 0}')
debug_merge_point(0, 0, '666<std_core_hnd.rpyeffect:365([k@[#858]#863])>+2: {"op": "Copy". "type": "any". "from": 1. "to". 2}')
debug_merge_point(0, 0, '666<std_core_hnd.rpyeffect:365([k@[#858]#863])>+3: {"op": "Copy". "type": "any". "from": 3. "to". 1}')
debug_merge_point(0, 0, '666<std_core_hnd.rpyeffect:365([k@[#858]#863])>+4: {"op": "Jump". "target": 442}')
debug_merge_point(0, 0, '442<std_core_hnd.rpyeffect:141([mcore:[#411]#270])>+0: {"op": "NewStack". "out": 0. "target": 440. "region": 1. "args": {"any": [1]}. "label": 0}')
debug_merge_point(0, 0, '442<std_core_hnd.rpyeffect:141([mcore:[#411]#270])>+1: {"op": "PushStack". "arg": 0}')
+336: i41 = instance_ptr_eq(p20, ConstPtr(ptr40))
guard_true(i41, descr=<Guard0x1208d9c70>) [p0, p1, p2, p3, p4, p5, p6, p7, p8, p9, p10, p11, p12, p13, p14, p15, p16, p17, p18, p19, p20]
debug_merge_point(0, 0, '442<std_core_hnd.rpyeffect:141([mcore:[#411]#270])>+2: {"op": "Invoke". "receiver": 2. "tag": Interned(apply). "args" : {"any": []}}')
+348: p42 = getfield_gc_r(p30, descr=<FieldP rpyeffect.codata.CoData.inst_vtable 8 pure>)
+356: guard_value(p42, ConstPtr(ptr43), descr=<Guard0x1208d9ca0>) [p0, p1, p2, p3, p4, p5, p6, p7, p8, p9, p10, p11, p12, p13, p14, p15, p16, p17, p18, p19, p20]
+364: p44 = getfield_gc_r(p30, descr=<FieldP rpyeffect.stored_environment.CoData__arb.inst_values_ptr 16 pure>)
+368: i45 = arraylen_gc(p44, descr=<ArrayP 8>)
+372: guard_value(i45, 1, descr=<Guard0x1208d9cd0>) [p0, p1, p2, p3, p4, p5, p6, p7, p8, p9, p10, p11, p12, p13, p14, p15, p16, p17, p18, p19, p20]
+384: p48 = getarrayitem_gc_pure_r(p44, 0, descr=<ArrayP 8>)
debug_merge_point(0, 0, '4421<main.rpyeffect:88([method_apply@[#343]#351])>+0: {"op": "Const". "type": "ptr". "out": 1. "format": "string". "value": "Name(import$std/core/hnd)"}')
debug_merge_point(0, 0, '4421<main.rpyeffect:88([method_apply@[#343]#351])>+1: {"op": "PrimOp". "name": "getGlobal(String): Ptr". "out": {"any": [1]}. "in": {"any": [1]}}')
debug_merge_point(0, 0, '4421<main.rpyeffect:88([method_apply@[#343]#351])>+2: {"op": "Swap". "type": "any". "a": 0. "b". 1}')
debug_merge_point(0, 0, '4421<main.rpyeffect:88([method_apply@[#343]#351])>+3: {"op": "Jump". "target": 4417}')
debug_merge_point(0, 0, '4417<main.rpyeffect:84([mcore:[#203]#308])>+0: {"op": "Const". "type": "ptr". "out": 0. "format": "string". "value": "Name(import$std/core/hnd)"}')
debug_merge_point(0, 0, '4417<main.rpyeffect:84([mcore:[#203]#308])>+1: {"op": "PrimOp". "name": "getGlobal(String): Ptr". "out": {"any": [0]}. "in": {"any": [0]}}')
debug_merge_point(0, 0, '4417<main.rpyeffect:84([mcore:[#203]#308])>+2: {"op": "Swap". "type": "any". "a": 0. "b". 1}')
debug_merge_point(0, 0, '4417<main.rpyeffect:84([mcore:[#203]#308])>+3: {"op": "Jump". "target": 4391}')
debug_merge_point(0, 0, '4391<main.rpyeffect:58([mcore:[#146]#118])>+0: {"op": "Match". "type": Interned(std/core/types/list). "scrutinee": 0. "clauses": [{"tag": Interned(std/core/types/Nil). "target": 4390. "args": {"any": []}}]. "default": {"tag": Interned(36246ab7-02e7-4c9d-aacf-c8d40d9ce7c1#[Missing Tag#701]). "target": 4389. "args": {"any": []}}}')
+388: p49 = getfield_gc_r(p48, descr=<FieldP rpyeffect.data.Data.inst_tag 8>)
+396: guard_value(p49, ConstPtr(ptr50), descr=<Guard0x1208d9d00>) [p0, p1, p2, p3, p4, p5, p6, p7, p8, p9, p10, p11, p12, p13, p14, p15, p16, p17, p18, p19, p20]
debug_merge_point(0, 0, '4389<main.rpyeffect:56([match_def@[mcore:[#146]#118]#119])>+0: {"op": "Match". "type": Interned(std/core/types/list). "scrutinee": 0. "clauses": [{"tag": Interned(std/core/types/Cons). "target": 4388. "args": {"any": [0. 1]}}]. "default": {"tag": Interned(36246ab7-02e7-4c9d-aacf-c8d40d9ce7c1#[Missing Tag#700]). "target": 4369. "args": {"any": []}}}')
+404: p51 = new_with_vtable(descr=<SizeDescr 24>)
+512: setfield_gc(p51, ConstPtr(ptr52), descr=<FieldP rpyeffect.data.Data.inst_tag 8>)
+516: p54 = new_array_clear(2, descr=<ArrayP 8>)
+536: p55 = new_with_vtable(descr=<SizeDescr 24>)
+552: setfield_gc(p55, ConstPtr(ptr56), descr=<FieldP rpyeffect.data.Data.inst_tag 8>)
+556: p58 = new_array_clear(4, descr=<ArrayP 8>)
+576: setarrayitem_gc(p58, 0, p36, descr=<ArrayP 8>)
+580: p60 = new_with_vtable(descr=<SizeDescr 8>)
+592: setarrayitem_gc(p58, 1, p60, descr=<ArrayP 8>)
+596: setarrayitem_gc(p58, 2, p32, descr=<ArrayP 8>)
+600: setarrayitem_gc(p58, 3, p22, descr=<ArrayP 8>)
+604: setfield_gc(p55, p58, descr=<FieldP rpyeffect.stored_environment.Data__arb.inst_values_ptr 16 pure>)
+608: setarrayitem_gc(p54, 0, p55, descr=<ArrayP 8>)
+612: setarrayitem_gc(p54, 1, p22, descr=<ArrayP 8>)
+616: setfield_gc(p51, p54, descr=<FieldP rpyeffect.stored_environment.Data__arb.inst_values_ptr 16 pure>)
+684: setfield_gc(ConstPtr(ptr66), p51, descr=<FieldP rpyeffect.region.Ref.inst_value 16>)
+688: p67 = new_with_vtable(descr=<SizeDescr 32>)
+700: p69 = new_array_clear(1, descr=<ArrayP 8>)
+720: setarrayitem_gc(p69, 0, p34, descr=<ArrayP 8>)
+724: p71 = new_with_vtable(descr=<SizeDescr 40>)
+736: p72 = new_with_vtable(descr=<SizeDescr 32>)
+748: setfield_gc(p72, p37, descr=<FieldP rpyeffect.stored_environment.Stack__arb.inst_tail 8 pure>)
+752: setfield_gc(p72, 665, descr=<FieldS rpyeffect.stored_environment.Stack__arb.inst_target 16 pure>)
+760: p75 = new_array_clear(1, descr=<ArrayP 8>)
+780: setarrayitem_gc(p75, 0, p22, descr=<ArrayP 8>)
+784: setfield_gc(p72, p75, descr=<FieldP rpyeffect.stored_environment.Stack__arb.inst_values_ptr 24 pure>)
+788: setfield_gc(p67, 440, descr=<FieldS rpyeffect.stored_environment.Stack__arb.inst_target 16 pure>)
+796: setfield_gc(p67, p69, descr=<FieldP rpyeffect.stored_environment.Stack__arb.inst_values_ptr 24 pure>)
+800: setfield_gc(p67, ConstPtr(null), descr=<FieldP rpyeffect.stored_environment.Stack__arb.inst_tail 8 pure>)
+808: setfield_gc(p71, p72, descr=<FieldP rpyeffect.stack.MetaStackLike.inst_stack 8 pure>)
+812: setfield_gc(p71, p17, descr=<FieldP rpyeffect.stack.MetaStack.inst_label 16 pure>)
+820: setfield_gc(p71, ConstPtr(null), descr=<FieldP rpyeffect.stack.MetaStack.inst_region 24 pure>)
+828: setfield_gc(p71, p19, descr=<FieldP rpyeffect.stack.MetaStack.inst_tail 32 pure>)
+840: jump(p60, p67, p0, p71, ConstPtr(ptr80), p48, ConstPtr(ptr81), p30, p34, p22, ConstPtr(ptr82), p7, p8, p9, p10, p11, p12, p13, p14, p15, p16, descr=TargetToken(4838448352))
+1040: --end of the loop--
[b62c621] jit-log-opt-bridge}
[213c6e0a] {jit-summary
Tracing:      	6	0.002948
Backend:      	6	0.000712
TOTAL:      		0.377119
ops:             	12951
heapcached ops:  	1596
recorded ops:    	6963
  calls:         	5745
guards:          	249
opt ops:         	649
opt guards:      	79
opt guards shared:	61
forcings:        	0
abort: trace too long:	0
abort: compiling:	0
abort: vable escape:	0
abort: bad loop: 	0
abort: force quasi-immut:	0
abort: segmenting trace:	0
virtualizables forced:	0
nvirtuals:       	4
nvholes:         	0
nvreused:        	0
vecopt tried:    	0
vecopt success:  	0
Total # of loops:	3
Total # of bridges:	3
Freed # of loops:	0
Freed # of bridges:	0
[213c9b9d] jit-summary}
