[abda4da] {jit-log-opt-loop
# Loop 1 (4389<main.rpyeffect:56([match_def@[mcore:[#146]#118]#119])>+0: {"op": "Match", "type": Interned(std/core/types/list), "scrutinee": 0, "clauses": [{"tag": Interned(std/core/types/Cons), "target": 4388, "args": {"any": [0, 1]}}], "default": {"tag": Interned(46c3e95b-a8f2-45ac-82ef-37d10a9f7ab6#[Missing Tag#700]), "target": 4369, "args": {"any": []}}}) : loop with 82 ops
[p0, p1, p2, p3, p4]
+248: p5 = getfield_gc_r(p2, descr=<FieldP rpyeffect.environment.Environment.inst_values_ptr 16>)
+256: p7 = getarrayitem_gc_r(p5, 0, descr=<ArrayP 8>)
+260: p9 = getarrayitem_gc_r(p5, 1, descr=<ArrayP 8>)
+264: p11 = getarrayitem_gc_r(p5, 2, descr=<ArrayP 8>)
+268: p13 = getarrayitem_gc_r(p5, 3, descr=<ArrayP 8>)
+272: p15 = getarrayitem_gc_r(p5, 4, descr=<ArrayP 8>)
+276: p17 = getarrayitem_gc_r(p5, 5, descr=<ArrayP 8>)
+280: p19 = getarrayitem_gc_r(p5, 6, descr=<ArrayP 8>)
+284: p21 = getarrayitem_gc_r(p5, 7, descr=<ArrayP 8>)
+288: p23 = getarrayitem_gc_r(p5, 8, descr=<ArrayP 8>)
+292: p25 = getarrayitem_gc_r(p5, 9, descr=<ArrayP 8>)
+296: p27 = getarrayitem_gc_r(p5, 10, descr=<ArrayP 8>)
+300: p29 = getarrayitem_gc_r(p5, 11, descr=<ArrayP 8>)
+304: p31 = getarrayitem_gc_r(p5, 12, descr=<ArrayP 8>)
+308: p33 = getarrayitem_gc_r(p5, 13, descr=<ArrayP 8>)
+312: p35 = getarrayitem_gc_r(p5, 14, descr=<ArrayP 8>)
+316: p37 = getarrayitem_gc_r(p5, 15, descr=<ArrayP 8>)
+320: label(p0, p1, p2, p3, p4, p7, p9, p11, p13, p15, p17, p19, p21, p23, p25, p27, p29, p31, p33, p35, p37, descr=TargetToken(5114879456))
debug_merge_point(0, 0, '4389<main.rpyeffect:56([match_def@[mcore:[#146]#118]#119])>+0: {"op": "Match". "type": Interned(std/core/types/list). "scrutinee": 0. "clauses": [{"tag": Interned(std/core/types/Cons). "target": 4388. "args": {"any": [0. 1]}}]. "default": {"tag": Interned(46c3e95b-a8f2-45ac-82ef-37d10a9f7ab6#[Missing Tag#700]). "target": 4369. "args": {"any": []}}}')
+380: guard_not_invalidated(descr=<Guard0x130dc9808>) [p2, p7, p9, p11, p13, p15, p17, p19, p21, p23, p25, p27, p29, p31, p33, p35, p37, p0, p1, p3, p4]
+384: p38 = getfield_gc_r(p7, descr=<FieldP rpyeffect.data.Data.inst_tag 8>)
+392: guard_value(p38, ConstPtr(ptr39), descr=<Guard0x130e29df0>) [p2, p7, p9, p11, p13, p15, p17, p19, p21, p23, p25, p27, p29, p31, p33, p35, p37, p0, p1, p3, p4]
+400: p40 = getfield_gc_r(p7, descr=<FieldP rpyeffect.stored_environment.Data__2.inst_values_ptr_0 24 pure>)
+404: p41 = getfield_gc_r(p7, descr=<FieldP rpyeffect.stored_environment.Data__2.inst_values_ptr_1 32 pure>)
+408: guard_nonnull(p1, descr=<Guard0x130e29e20>) [p2, p7, p9, p11, p13, p15, p17, p19, p21, p23, p25, p27, p29, p31, p33, p35, p37, p0, p1, p3, p4]
+420: p42 = getfield_gc_r(p1, descr=<FieldP rpyeffect.stored_environment.Stack__arb.inst_tail 8 pure>)
+428: guard_nonnull(p42, descr=<Guard0x130e29e50>) [p2, p7, p9, p11, p13, p15, p17, p19, p21, p23, p25, p27, p29, p31, p33, p35, p37, p0, p1, p3, p4]
+436: i43 = getfield_gc_i(p1, descr=<FieldS rpyeffect.stored_environment.Stack__arb.inst_target 16 pure>)
+440: i45 = int_lshift(i43, 14)
+448: i46 = getfield_gc_i(p42, descr=<FieldS rpyeffect.stored_environment.Stack__arb.inst_target 16 pure>)
+452: i47 = int_add(i45, i46)
+456: guard_value(i47, 71831840, descr=<Guard0x130e29e80>) [p2, p7, p9, p11, p13, p15, p17, p19, p21, p23, p25, p27, p29, p31, p33, p35, p37, p0, p1, p3, p4]
debug_merge_point(0, 0, '4388<main.rpyeffect:55([#121])>+0: {"op": "Const". "type": "ptr". "out": 2. "format": "int". "value": "<IntValue object at 0x130bfe890>"}')
debug_merge_point(0, 0, '4388<main.rpyeffect:55([#121])>+1: {"op": "PrimOp". "name": "infixEq(Int. Int): Boolean". "out": {"any": [2]}. "in": {"any": [0. 2]}}')
+472: i49 = getfield_gc_i(p40, descr=<FieldS rpyeffect.value.IntValue.inst_value 8 pure>)
+476: i51 = int_eq(i49, 0)
debug_merge_point(0, 0, '4388<main.rpyeffect:55([#121])>+2: {"op": "Switch". "scrutinee": 2. "values": [<BoolValue object at 0x130bfed00>]. "targets": [4383]. "default": 4387}')
guard_false(i51, descr=<Guard0x130e29eb0>) [p2, p7, p9, p11, p13, p15, p17, p19, p21, p23, p25, p27, p29, p31, p33, p35, p37, p0, p1, p3, p4]
debug_merge_point(0, 0, '4387<main.rpyeffect:54([switch default case#163])>+0: {"op": "Const". "type": "ptr". "out": 2. "format": "int". "value": "<IntValue object at 0x130bfe760>"}')
debug_merge_point(0, 0, '4387<main.rpyeffect:54([switch default case#163])>+1: {"op": "PrimOp". "name": "infixEq(Int. Int): Boolean". "out": {"any": [2]}. "in": {"any": [0. 2]}}')
debug_merge_point(0, 0, '4387<main.rpyeffect:54([switch default case#163])>+2: {"op": "Switch". "scrutinee": 2. "values": [<BoolValue object at 0x130bfe730>]. "targets": [4385]. "default": 4386}')
debug_merge_point(0, 0, '4385<main.rpyeffect:52([switch case for Bool(false)#167])>+0: {"op": "Const". "type": "ptr". "out": 2. "format": "string". "value": "Name(import$std/core/hnd)"}')
debug_merge_point(0, 0, '4385<main.rpyeffect:52([switch case for Bool(false)#167])>+1: {"op": "PrimOp". "name": "getGlobal(String): Ptr". "out": {"any": [2]}. "in": {"any": [2]}}')
debug_merge_point(0, 0, '4385<main.rpyeffect:52([switch case for Bool(false)#167])>+2: {"op": "Push". "target": 4384. "args": {"any": [0]}}')
debug_merge_point(0, 0, '4385<main.rpyeffect:52([switch case for Bool(false)#167])>+3: {"op": "Copy". "type": "any". "from": 1. "to". 0}')
debug_merge_point(0, 0, '4385<main.rpyeffect:52([switch case for Bool(false)#167])>+4: {"op": "Copy". "type": "any". "from": 2. "to". 1}')
debug_merge_point(0, 0, '4385<main.rpyeffect:52([switch case for Bool(false)#167])>+5: {"op": "Jump". "target": 4391}')
debug_merge_point(0, 0, '4391<main.rpyeffect:58([mcore:[#146]#118])>+0: {"op": "Match". "type": Interned(std/core/types/list). "scrutinee": 0. "clauses": [{"tag": Interned(std/core/types/Nil). "target": 4390. "args": {"any": []}}]. "default": {"tag": Interned(46c3e95b-a8f2-45ac-82ef-37d10a9f7ab6#[Missing Tag#701]). "target": 4389. "args": {"any": []}}}')
+484: p52 = getfield_gc_r(p41, descr=<FieldP rpyeffect.data.Data.inst_tag 8>)
+488: guard_value(p52, ConstPtr(ptr53), descr=<Guard0x130e29ee0>) [p2, p7, p9, p11, p13, p15, p17, p19, p21, p23, p25, p27, p29, p31, p33, p35, p37, p0, p1, p3, p4]
+496: i55 = int_add(71827456, i43)
+508: guard_value(i55, 71831840, descr=<Guard0x130e29f10>) [p2, p7, p9, p11, p13, p15, p17, p19, p21, p23, p25, p27, p29, p31, p33, p35, p37, p0, p1, p3, p4]
debug_merge_point(0, 0, '4389<main.rpyeffect:56([match_def@[mcore:[#146]#118]#119])>+0: {"op": "Match". "type": Interned(std/core/types/list). "scrutinee": 0. "clauses": [{"tag": Interned(std/core/types/Cons). "target": 4388. "args": {"any": [0. 1]}}]. "default": {"tag": Interned(46c3e95b-a8f2-45ac-82ef-37d10a9f7ab6#[Missing Tag#700]). "target": 4369. "args": {"any": []}}}')
+524: label(p0, p1, p40, p2, p3, p4, p41, p13, p15, p17, p19, p21, p23, p25, p27, p29, p31, p33, p35, p37, descr=TargetToken(5114879520))
debug_merge_point(0, 0, '4389<main.rpyeffect:56([match_def@[mcore:[#146]#118]#119])>+0: {"op": "Match". "type": Interned(std/core/types/list). "scrutinee": 0. "clauses": [{"tag": Interned(std/core/types/Cons). "target": 4388. "args": {"any": [0. 1]}}]. "default": {"tag": Interned(46c3e95b-a8f2-45ac-82ef-37d10a9f7ab6#[Missing Tag#700]). "target": 4369. "args": {"any": []}}}')
+524: guard_not_invalidated(descr=<Guard0x130dc9850>) [p2, p41, p13, p15, p17, p19, p21, p23, p25, p27, p29, p31, p33, p35, p37, p0, p3, p4, p40, p1]
+528: p57 = getfield_gc_r(p41, descr=<FieldP rpyeffect.stored_environment.Data__2.inst_values_ptr_0 24 pure>)
+532: p58 = getfield_gc_r(p41, descr=<FieldP rpyeffect.stored_environment.Data__2.inst_values_ptr_1 32 pure>)
debug_merge_point(0, 0, '4388<main.rpyeffect:55([#121])>+0: {"op": "Const". "type": "ptr". "out": 2. "format": "int". "value": "<IntValue object at 0x130bfe890>"}')
debug_merge_point(0, 0, '4388<main.rpyeffect:55([#121])>+1: {"op": "PrimOp". "name": "infixEq(Int. Int): Boolean". "out": {"any": [2]}. "in": {"any": [0. 2]}}')
+536: i59 = getfield_gc_i(p57, descr=<FieldS rpyeffect.value.IntValue.inst_value 8 pure>)
+540: i61 = int_eq(i59, 0)
debug_merge_point(0, 0, '4388<main.rpyeffect:55([#121])>+2: {"op": "Switch". "scrutinee": 2. "values": [<BoolValue object at 0x130bfed00>]. "targets": [4383]. "default": 4387}')
guard_false(i61, descr=<Guard0x130e29f40>) [p2, p41, p13, p15, p17, p19, p21, p23, p25, p27, p29, p31, p33, p35, p37, p0, p3, p4, p40, p1]
debug_merge_point(0, 0, '4387<main.rpyeffect:54([switch default case#163])>+0: {"op": "Const". "type": "ptr". "out": 2. "format": "int". "value": "<IntValue object at 0x130bfe760>"}')
debug_merge_point(0, 0, '4387<main.rpyeffect:54([switch default case#163])>+1: {"op": "PrimOp". "name": "infixEq(Int. Int): Boolean". "out": {"any": [2]}. "in": {"any": [0. 2]}}')
debug_merge_point(0, 0, '4387<main.rpyeffect:54([switch default case#163])>+2: {"op": "Switch". "scrutinee": 2. "values": [<BoolValue object at 0x130bfe730>]. "targets": [4385]. "default": 4386}')
debug_merge_point(0, 0, '4385<main.rpyeffect:52([switch case for Bool(false)#167])>+0: {"op": "Const". "type": "ptr". "out": 2. "format": "string". "value": "Name(import$std/core/hnd)"}')
debug_merge_point(0, 0, '4385<main.rpyeffect:52([switch case for Bool(false)#167])>+1: {"op": "PrimOp". "name": "getGlobal(String): Ptr". "out": {"any": [2]}. "in": {"any": [2]}}')
debug_merge_point(0, 0, '4385<main.rpyeffect:52([switch case for Bool(false)#167])>+2: {"op": "Push". "target": 4384. "args": {"any": [0]}}')
debug_merge_point(0, 0, '4385<main.rpyeffect:52([switch case for Bool(false)#167])>+3: {"op": "Copy". "type": "any". "from": 1. "to". 0}')
debug_merge_point(0, 0, '4385<main.rpyeffect:52([switch case for Bool(false)#167])>+4: {"op": "Copy". "type": "any". "from": 2. "to". 1}')
debug_merge_point(0, 0, '4385<main.rpyeffect:52([switch case for Bool(false)#167])>+5: {"op": "Jump". "target": 4391}')
debug_merge_point(0, 0, '4391<main.rpyeffect:58([mcore:[#146]#118])>+0: {"op": "Match". "type": Interned(std/core/types/list). "scrutinee": 0. "clauses": [{"tag": Interned(std/core/types/Nil). "target": 4390. "args": {"any": []}}]. "default": {"tag": Interned(46c3e95b-a8f2-45ac-82ef-37d10a9f7ab6#[Missing Tag#701]). "target": 4389. "args": {"any": []}}}')
+548: p62 = getfield_gc_r(p58, descr=<FieldP rpyeffect.data.Data.inst_tag 8>)
+556: guard_value(p62, ConstPtr(ptr63), descr=<Guard0x130e29f70>) [p2, p41, p13, p15, p17, p19, p21, p23, p25, p27, p29, p31, p33, p35, p37, p0, p3, p4, p40, p1]
debug_merge_point(0, 0, '4389<main.rpyeffect:56([match_def@[mcore:[#146]#118]#119])>+0: {"op": "Match". "type": Interned(std/core/types/list). "scrutinee": 0. "clauses": [{"tag": Interned(std/core/types/Cons). "target": 4388. "args": {"any": [0. 1]}}]. "default": {"tag": Interned(46c3e95b-a8f2-45ac-82ef-37d10a9f7ab6#[Missing Tag#700]). "target": 4369. "args": {"any": []}}}')
+564: p64 = new_with_vtable(descr=<SizeDescr 40>)
+676: setfield_gc(p64, p1, descr=<FieldP rpyeffect.stored_environment.Stack__arb.inst_tail 8 pure>)
+680: setfield_gc(p64, 4384, descr=<FieldS rpyeffect.stored_environment.Stack__arb.inst_target 16 pure>)
+688: setfield_gc(p64, p40, descr=<FieldP rpyeffect.stored_environment.Stack__1.inst_values_ptr_0 32 pure>)
+700: jump(p0, p64, p57, p2, p3, p4, p58, p13, p15, p17, p19, p21, p23, p25, p27, p29, p31, p33, p35, p37, descr=TargetToken(5114879520))
+716: --end of the loop--
[abfedfa] jit-log-opt-loop}
[b05e669] {jit-log-opt-bridge
# bridge out of Guard 0x130e29f40 with 382 ops
[p0, p1, p2, p3, p4, p5, p6, p7, p8, p9, p10, p11, p12, p13, p14, p15, p16, p17, p18, p19]
+456: guard_not_invalidated(descr=<Guard0x130dc9a00>) [p0, p1, p2, p3, p4, p5, p6, p7, p8, p9, p10, p11, p12, p13, p14, p15, p16, p17, p18, p19]
+460: p20 = getfield_gc_r(p1, descr=<FieldP rpyeffect.data.Data.inst_tag 8>)
+468: guard_value(p20, ConstPtr(ptr21), descr=<Guard0x131053e50>) [p0, p1, p2, p3, p4, p5, p6, p7, p8, p9, p10, p11, p12, p13, p14, p15, p16, p17, p18, p19]
+476: p22 = getfield_gc_r(p1, descr=<FieldP rpyeffect.stored_environment.Data__2.inst_values_ptr_0 24 pure>)
+480: p23 = getfield_gc_r(p1, descr=<FieldP rpyeffect.stored_environment.Data__2.inst_values_ptr_1 32 pure>)
+480: guard_nonnull(p19, descr=<Guard0x131053e80>) [p0, p1, p2, p3, p4, p5, p6, p7, p8, p9, p10, p11, p12, p13, p14, p15, p16, p17, p18, p19]
+488: i24 = getfield_gc_i(p19, descr=<FieldS rpyeffect.stored_environment.Stack__arb.inst_target 16 pure>)
+492: i26 = int_add(71827456, i24)
+504: guard_value(i26, 71831840, descr=<Guard0x131053eb0>) [p0, p1, p2, p3, p4, p5, p6, p7, p8, p9, p10, p11, p12, p13, p14, p15, p16, p17, p18, p19]
debug_merge_point(0, 0, '4388<main.rpyeffect:55([#121])>+0: {"op": "Const". "type": "ptr". "out": 2. "format": "int". "value": "<IntValue object at 0x130bfe890>"}')
debug_merge_point(0, 0, '4388<main.rpyeffect:55([#121])>+1: {"op": "PrimOp". "name": "infixEq(Int. Int): Boolean". "out": {"any": [2]}. "in": {"any": [0. 2]}}')
+520: i28 = getfield_gc_i(p22, descr=<FieldS rpyeffect.value.IntValue.inst_value 8 pure>)
+524: i30 = int_eq(i28, 0)
debug_merge_point(0, 0, '4388<main.rpyeffect:55([#121])>+2: {"op": "Switch". "scrutinee": 2. "values": [<BoolValue object at 0x130bfed00>]. "targets": [4383]. "default": 4387}')
guard_true(i30, descr=<Guard0x131053ee0>) [p0, p1, p2, p3, p4, p5, p6, p7, p8, p9, p10, p11, p12, p13, p14, p15, p16, p17, p18, p19]
debug_merge_point(0, 0, '4383<main.rpyeffect:50([switch case for Bool(true)#128])>+0: {"op": "Const". "type": "ptr". "out": 0. "format": "int". "value": "<IntValue object at 0x130bfe6e0>"}')
debug_merge_point(0, 0, '4383<main.rpyeffect:50([switch case for Bool(true)#128])>+1: {"op": "Const". "type": "ptr". "out": 1. "format": "string". "value": "Name(import$std/core/hnd)"}')
debug_merge_point(0, 0, '4383<main.rpyeffect:50([switch case for Bool(true)#128])>+2: {"op": "PrimOp". "name": "getGlobal(String): Ptr". "out": {"any": [1]}. "in": {"any": [1]}}')
debug_merge_point(0, 0, '4383<main.rpyeffect:50([switch case for Bool(true)#128])>+3: {"op": "Push". "target": 4382. "args": {"any": [0]}}')
debug_merge_point(0, 0, '4383<main.rpyeffect:50([switch case for Bool(true)#128])>+4: {"op": "Copy". "type": "any". "from": 1. "to". 0}')
debug_merge_point(0, 0, '4383<main.rpyeffect:50([switch case for Bool(true)#128])>+5: {"op": "Jump". "target": 4368}')
debug_merge_point(0, 0, '4368<main.rpyeffect:35([mcore:[#131]#114])>+0: {"op": "Const". "type": "ptr". "out": 0. "format": "string". "value": "Name(import$std/core/hnd)"}')
debug_merge_point(0, 0, '4368<main.rpyeffect:35([mcore:[#131]#114])>+1: {"op": "PrimOp". "name": "getGlobal(String): Ptr". "out": {"any": [0]}. "in": {"any": [0]}}')
debug_merge_point(0, 0, '4368<main.rpyeffect:35([mcore:[#131]#114])>+2: {"op": "CallLib". "lib": "0". "symbol": "getCurrentEvv"}')
debug_merge_point(0, 0, '301<std_core_hnd.rpyeffect:0(Name(getCurrentEvv))>+0: {"op": "Const". "type": "ptr". "out": 0. "format": "string". "value": "current-evv"}')
debug_merge_point(0, 0, '301<std_core_hnd.rpyeffect:0(Name(getCurrentEvv))>+1: {"op": "PrimOp". "name": "getGlobal(String): Ptr". "out": {"any": [0]}. "in": {"any": [0]}}')
debug_merge_point(0, 0, '301<std_core_hnd.rpyeffect:0(Name(getCurrentEvv))>+2: {"op": "PrimOp". "name": "getRef(Ref[Ptr]): Ptr". "out": {"any": [0]}. "in": {"any": [0]}}')
+536: p32 = getfield_gc_r(ConstPtr(ptr31), descr=<FieldP rpyeffect.region.Ref.inst_value 16>)
+540: guard_nonnull_class(p32, ConstClass(Data__2), descr=<Guard0x130dc9a48>) [p0, p1, p2, p3, p4, p5, p6, p7, p8, p9, p10, p11, p12, p13, p14, p15, p16, p17, p18, p19]
debug_merge_point(0, 0, '301<std_core_hnd.rpyeffect:0(Name(getCurrentEvv))>+3: {"op": "Return". "args": {"any": [0]}}')
debug_merge_point(0, 0, '4382<main.rpyeffect:49([k@[switch case for Bool(true)#128]#134])>+0: {"op": "PrimOp". "name": "promote_ptr". "out": {"any": [0]}. "in": {"any": [0]}}')
debug_merge_point(0, 0, '4382<main.rpyeffect:49([k@[switch case for Bool(true)#128]#134])>+1: {"op": "Const". "type": "ptr". "out": 2. "format": "string". "value": "Name(import$std/core/hnd)"}')
debug_merge_point(0, 0, '4382<main.rpyeffect:49([k@[switch case for Bool(true)#128]#134])>+2: {"op": "PrimOp". "name": "getGlobal(String): Ptr". "out": {"any": [2]}. "in": {"any": [2]}}')
debug_merge_point(0, 0, '4382<main.rpyeffect:49([k@[switch case for Bool(true)#128]#134])>+3: {"op": "Push". "target": 4381. "args": {"any": []}}')
debug_merge_point(0, 0, '4382<main.rpyeffect:49([k@[switch case for Bool(true)#128]#134])>+4: {"op": "Jump". "target": 4367}')
debug_merge_point(0, 0, '4367<main.rpyeffect:34([mcore:[#130]#108])>+0: {"op": "Const". "type": "ptr". "out": 2. "format": "string". "value": "Name(import$std/core/hnd)"}')
debug_merge_point(0, 0, '4367<main.rpyeffect:34([mcore:[#130]#108])>+1: {"op": "PrimOp". "name": "getGlobal(String): Ptr". "out": {"any": [2]}. "in": {"any": [2]}}')
debug_merge_point(0, 0, '4367<main.rpyeffect:34([mcore:[#130]#108])>+2: {"op": "CallLib". "lib": "2". "symbol": "elt"}')
debug_merge_point(0, 0, '341<std_core_hnd.rpyeffect:40(Name(elt))>+0: {"op": "Switch". "scrutinee": 1. "values": [<IntValue object at 0x130615c90>]. "targets": [339]. "default": 340}')
debug_merge_point(0, 0, '339<std_core_hnd.rpyeffect:38([switch case for Int(0)#100])>+0: {"op": "Proj". "out": 0. "type": Interned(evv). "scrutinee": 0. "tag": Interned(cons). "field": 0. "field_type": "any"}')
+564: p34 = getfield_gc_r(p32, descr=<FieldP rpyeffect.data.Data.inst_tag 8>)
+572: guard_value(p34, ConstPtr(ptr35), descr=<Guard0x131053f10>) [p0, p1, p2, p3, p4, p5, p6, p7, p8, p9, p10, p11, p12, p13, p14, p15, p16, p17, p18, p19]
+580: p36 = getfield_gc_r(p32, descr=<FieldP rpyeffect.stored_environment.Data__2.inst_values_ptr_0 24 pure>)
debug_merge_point(0, 0, '339<std_core_hnd.rpyeffect:38([switch case for Int(0)#100])>+1: {"op": "Return". "args": {"any": [0]}}')
debug_merge_point(0, 0, '4381<main.rpyeffect:48([#142])>+0: {"op": "Match". "type": Interned(std/core/hnd/ev). "scrutinee": 0. "clauses": [{"tag": Interned(std/core/hnd/Ev). "target": 4380. "args": {"any": [1. 2. 3. 4]}}]. "default": {"tag": Interned(46c3e95b-a8f2-45ac-82ef-37d10a9f7ab6#[Missing Tag#699]). "target": 4372. "args": {"any": []}}}')
+584: p37 = getfield_gc_r(p36, descr=<FieldP rpyeffect.data.Data.inst_tag 8>)
+592: guard_value(p37, ConstPtr(ptr38), descr=<Guard0x131053f40>) [p0, p1, p2, p3, p4, p5, p6, p7, p8, p9, p10, p11, p12, p13, p14, p15, p16, p17, p18, p19]
+600: p39 = getfield_gc_r(p36, descr=<FieldP rpyeffect.stored_environment.Data__4.inst_values_ptr_0 24 pure>)
+600: p40 = getfield_gc_r(p36, descr=<FieldP rpyeffect.stored_environment.Data__4.inst_values_ptr_1 32 pure>)
+604: p41 = getfield_gc_r(p36, descr=<FieldP rpyeffect.stored_environment.Data__4.inst_values_ptr_2 40 pure>)
+608: p42 = getfield_gc_r(p36, descr=<FieldP rpyeffect.stored_environment.Data__4.inst_values_ptr_3 48 pure>)
debug_merge_point(0, 0, '4380<main.rpyeffect:47([match_std/core/hnd/Ev@[#142]#147])>+0: {"op": "Copy". "type": "any". "from": 0. "to". 1}')
debug_merge_point(0, 0, '4380<main.rpyeffect:47([match_std/core/hnd/Ev@[#142]#147])>+1: {"op": "Copy". "type": "any". "from": 2. "to". 0}')
debug_merge_point(0, 0, '4380<main.rpyeffect:47([match_std/core/hnd/Ev@[#142]#147])>+2: {"op": "Match". "type": Interned(main/abort). "scrutinee": 3. "clauses": [{"tag": Interned(main/@Hnd-abort). "target": 4379. "args": {"any": [2. 3]}}]. "default": {"tag": Interned(46c3e95b-a8f2-45ac-82ef-37d10a9f7ab6#[Missing Tag#698]). "target": 4374. "args": {"any": []}}}')
+608: p43 = getfield_gc_r(p41, descr=<FieldP rpyeffect.data.Data.inst_tag 8>)
+616: guard_value(p43, ConstPtr(ptr44), descr=<Guard0x131053f70>) [p0, p1, p2, p3, p4, p5, p6, p7, p8, p9, p10, p11, p12, p13, p14, p15, p16, p17, p18, p19]
+624: p45 = getfield_gc_r(p41, descr=<FieldP rpyeffect.stored_environment.Data__2.inst_values_ptr_0 24 pure>)
+624: p46 = getfield_gc_r(p41, descr=<FieldP rpyeffect.stored_environment.Data__2.inst_values_ptr_1 32 pure>)
debug_merge_point(0, 0, '4379<main.rpyeffect:46([#152])>+0: {"op": "Match". "type": Interned(std/core/hnd/clause1). "scrutinee": 3. "clauses": [{"tag": Interned(std/core/hnd/Clause1). "target": 4378. "args": {"any": [2]}}]. "default": {"tag": Interned(46c3e95b-a8f2-45ac-82ef-37d10a9f7ab6#[Missing Tag#697]). "target": 4376. "args": {"any": []}}}')
+628: p47 = getfield_gc_r(p46, descr=<FieldP rpyeffect.data.Data.inst_tag 8>)
+636: guard_value(p47, ConstPtr(ptr48), descr=<Guard0x131053fa0>) [p0, p1, p2, p3, p4, p5, p6, p7, p8, p9, p10, p11, p12, p13, p14, p15, p16, p17, p18, p19]
+644: p49 = getfield_gc_r(p46, descr=<FieldP rpyeffect.stored_environment.Data__1.inst_values_ptr_0 24 pure>)
debug_merge_point(0, 0, '4378<main.rpyeffect:45([match_std/core/hnd/Clause1@[#152]#157])>+0: {"op": "Const". "type": "ptr". "out": 3. "format": "int". "value": "<IntValue object at 0x130befe60>"}')
debug_merge_point(0, 0, '4378<main.rpyeffect:45([match_std/core/hnd/Clause1@[#152]#157])>+1: {"op": "Swap". "type": "any". "a": 2. "b". 3}')
debug_merge_point(0, 0, '4378<main.rpyeffect:45([match_std/core/hnd/Clause1@[#152]#157])>+2: {"op": "Invoke". "receiver": 3. "tag": Interned(apply). "args" : {"any": [0. 1. 2]}}')
+648: p50 = getfield_gc_r(p49, descr=<FieldP rpyeffect.codata.CoData.inst_vtable 8 pure>)
+656: guard_value(p50, ConstPtr(ptr51), descr=<Guard0x131053fd0>) [p0, p1, p2, p3, p4, p5, p6, p7, p8, p9, p10, p11, p12, p13, p14, p15, p16, p17, p18, p19]
debug_merge_point(0, 0, '4419<main.rpyeffect:86([#330])>+0: {"op": "Const". "type": "ptr". "out": 3. "format": "string". "value": "Name(import$std/core/hnd)"}')
debug_merge_point(0, 0, '4419<main.rpyeffect:86([#330])>+1: {"op": "PrimOp". "name": "getGlobal(String): Ptr". "out": {"any": [3]}. "in": {"any": [3]}}')
debug_merge_point(0, 0, '4419<main.rpyeffect:86([#330])>+2: {"op": "Jump". "target": 4415}')
debug_merge_point(0, 0, '4415<main.rpyeffect:82([mcore:[#195]#295])>+0: {"op": "New". "out": 1. "targets": [4414]. "args": {"any": [2]}}')
debug_merge_point(0, 0, '4415<main.rpyeffect:82([mcore:[#195]#295])>+1: {"op": "Const". "type": "ptr". "out": 2. "format": "string". "value": "Name(import$std/core/hnd)"}')
debug_merge_point(0, 0, '4415<main.rpyeffect:82([mcore:[#195]#295])>+2: {"op": "PrimOp". "name": "getGlobal(String): Ptr". "out": {"any": [2]}. "in": {"any": [2]}}')
debug_merge_point(0, 0, '4415<main.rpyeffect:82([mcore:[#195]#295])>+3: {"op": "Jump". "target": 4409}')
debug_merge_point(0, 0, '4409<main.rpyeffect:76([mcore:[#184]#271])>+0: {"op": "Const". "type": "ptr". "out": 2. "format": "string". "value": "Name(import$std/core/hnd)"}')
debug_merge_point(0, 0, '4409<main.rpyeffect:76([mcore:[#184]#271])>+1: {"op": "PrimOp". "name": "getGlobal(String): Ptr". "out": {"any": [2]}. "in": {"any": [2]}}')
debug_merge_point(0, 0, '4409<main.rpyeffect:76([mcore:[#184]#271])>+2: {"op": "CallLib". "lib": "2". "symbol": "std/core/hnd/yield-to"}')
debug_merge_point(0, 0, '875<std_core_hnd.rpyeffect:574([mcore:[#899]#1511])>+0: {"op": "Push". "target": 874. "args": {"any": [1. 0]}}')
debug_merge_point(0, 0, '875<std_core_hnd.rpyeffect:574([mcore:[#899]#1511])>+1: {"op": "Jump". "target": 509}')
debug_merge_point(0, 0, '509<std_core_hnd.rpyeffect:208([mcore:[#477]#451])>+0: {"op": "Jump". "target": 301}')
debug_merge_point(0, 0, '301<std_core_hnd.rpyeffect:0(Name(getCurrentEvv))>+0: {"op": "Const". "type": "ptr". "out": 0. "format": "string". "value": "current-evv"}')
debug_merge_point(0, 0, '301<std_core_hnd.rpyeffect:0(Name(getCurrentEvv))>+1: {"op": "PrimOp". "name": "getGlobal(String): Ptr". "out": {"any": [0]}. "in": {"any": [0]}}')
debug_merge_point(0, 0, '301<std_core_hnd.rpyeffect:0(Name(getCurrentEvv))>+2: {"op": "PrimOp". "name": "getRef(Ref[Ptr]): Ptr". "out": {"any": [0]}. "in": {"any": [0]}}')
debug_merge_point(0, 0, '301<std_core_hnd.rpyeffect:0(Name(getCurrentEvv))>+3: {"op": "Return". "args": {"any": [0]}}')
debug_merge_point(0, 0, '874<std_core_hnd.rpyeffect:573([k@[mcore:[#899]#1511]#1513])>+0: {"op": "Push". "target": 873. "args": {"any": [0]}}')
debug_merge_point(0, 0, '874<std_core_hnd.rpyeffect:573([k@[mcore:[#899]#1511]#1513])>+1: {"op": "Copy". "type": "any". "from": 2. "to". 0}')
debug_merge_point(0, 0, '874<std_core_hnd.rpyeffect:573([k@[mcore:[#899]#1511]#1513])>+2: {"op": "Jump". "target": 507}')
debug_merge_point(0, 0, '507<std_core_hnd.rpyeffect:206([mcore:[#476]#441])>+0: {"op": "Const". "type": "ptr". "out": 2. "format": "int". "value": "<IntValue object at 0x130634c20>"}')
debug_merge_point(0, 0, '507<std_core_hnd.rpyeffect:206([mcore:[#476]#441])>+1: {"op": "ShiftDyn". "out": 0. "n": 2. "label": 0}')
+668: i53 = instance_ptr_eq(p17, ConstPtr(ptr52))
guard_true(i53, descr=<Guard0x13107e020>) [p0, p1, p2, p3, p4, p5, p6, p7, p8, p9, p10, p11, p12, p13, p14, p15, p16, p17, p18, p19]
+680: guard_nonnull(p15, descr=<Guard0x13107e050>) [p0, p1, p2, p3, p4, p5, p6, p7, p8, p9, p10, p11, p12, p13, p14, p15, p16, p17, p18, p19]
+692: guard_nonnull(p40, descr=<Guard0x13107e080>) [p0, p1, p2, p3, p4, p5, p6, p7, p8, p9, p10, p11, p12, p13, p14, p15, p16, p17, p18, p19]
+700: i54 = getfield_gc_i(p15, descr=<FieldS rpyeffect.stack.Label.inst_origin 8 pure>)
+708: guard_value(i54, 524288, descr=<Guard0x13107e0b0>) [p0, p1, p2, p3, p4, p5, p6, p7, p8, p9, p10, p11, p12, p13, p14, p15, p16, p17, p18, p19]
+724: i56 = getfield_gc_i(p40, descr=<FieldS rpyeffect.stack.Label.inst_origin 8 pure>)
+728: guard_value(i56, 524288, descr=<Guard0x13107e0e0>) [p0, p1, p2, p3, p4, p5, p6, p7, p8, p9, p10, p11, p12, p13, p14, p15, p16, p17, p18, p19]
+744: i58 = instance_ptr_eq(p15, p40)
guard_true(i58, descr=<Guard0x13107e110>) [p0, p1, p2, p3, p4, p5, p6, p7, p8, p9, p10, p11, p12, p13, p14, p15, p16, p17, p18, p19]
+752: guard_nonnull_class(p16, 4299090304, descr=<Guard0x130dc9a90>) [p0, p1, p2, p3, p4, p5, p6, p7, p8, p9, p10, p11, p12, p13, p14, p15, p16, p17, p18, p19]
+780: p60 = getfield_gc_r(p16, descr=<FieldP rpyeffect.stack.MetaStackLike.inst_stack 8 pure>)
+784: p61 = getfield_gc_r(p16, descr=<FieldP rpyeffect.stack.MetaStack.inst_label 16 pure>)
+788: p62 = getfield_gc_r(p16, descr=<FieldP rpyeffect.stack.MetaStack.inst_tail 32 pure>)
+796: guard_nonnull(p60, descr=<Guard0x13107e140>) [p0, p1, p2, p3, p4, p5, p6, p7, p8, p9, p10, p11, p12, p13, p14, p15, p16, p17, p18, p19]
+804: p63 = getfield_gc_r(p60, descr=<FieldP rpyeffect.stored_environment.Stack__arb.inst_tail 8 pure>)
+812: guard_nonnull(p63, descr=<Guard0x13107e170>) [p0, p1, p2, p3, p4, p5, p6, p7, p8, p9, p10, p11, p12, p13, p14, p15, p16, p17, p18, p19]
+820: i64 = getfield_gc_i(p60, descr=<FieldS rpyeffect.stored_environment.Stack__arb.inst_target 16 pure>)
+828: i66 = int_lshift(i64, 14)
+840: i67 = getfield_gc_i(p63, descr=<FieldS rpyeffect.stored_environment.Stack__arb.inst_target 16 pure>)
+844: i68 = int_add(i66, i67)
+848: guard_value(i68, 10899783, descr=<Guard0x13107e1a0>) [p0, p1, p2, p3, p4, p5, p6, p7, p8, p9, p10, p11, p12, p13, p14, p15, p16, p17, p18, p19]
debug_merge_point(0, 0, '507<std_core_hnd.rpyeffect:206([mcore:[#476]#441])>+2: {"op": "New". "out": 0. "targets": [506]. "args": {"any": [0]}}')
debug_merge_point(0, 0, '507<std_core_hnd.rpyeffect:206([mcore:[#476]#441])>+3: {"op": "Invoke". "receiver": 1. "tag": Interned(apply). "args" : {"any": [0]}}')
debug_merge_point(0, 0, '4414<main.rpyeffect:81([method_apply@[mcore:[#195]#295]#298])>+0: {"op": "Const". "type": "ptr". "out": 2. "format": "string". "value": "Name(import$std/core/hnd)"}')
debug_merge_point(0, 0, '4414<main.rpyeffect:81([method_apply@[mcore:[#195]#295]#298])>+1: {"op": "PrimOp". "name": "getGlobal(String): Ptr". "out": {"any": [2]}. "in": {"any": [2]}}')
debug_merge_point(0, 0, '4414<main.rpyeffect:81([method_apply@[mcore:[#195]#295]#298])>+2: {"op": "Swap". "type": "any". "a": 2. "b". 1}')
debug_merge_point(0, 0, '4414<main.rpyeffect:81([method_apply@[mcore:[#195]#295]#298])>+3: {"op": "Jump". "target": 4413}')
debug_merge_point(0, 0, '4413<main.rpyeffect:80([mcore:[#193]#285])>+0: {"op": "New". "out": 1. "targets": [4412]. "args": {"any": []}}')
debug_merge_point(0, 0, '4413<main.rpyeffect:80([mcore:[#193]#285])>+1: {"op": "Const". "type": "ptr". "out": 3. "format": "string". "value": "Name(import$std/core/hnd)"}')
debug_merge_point(0, 0, '4413<main.rpyeffect:80([mcore:[#193]#285])>+2: {"op": "PrimOp". "name": "getGlobal(String): Ptr". "out": {"any": [3]}. "in": {"any": [3]}}')
debug_merge_point(0, 0, '4413<main.rpyeffect:80([mcore:[#193]#285])>+3: {"op": "Swap". "type": "any". "a": 2. "b". 0}')
debug_merge_point(0, 0, '4413<main.rpyeffect:80([mcore:[#193]#285])>+4: {"op": "Jump". "target": 4410}')
debug_merge_point(0, 0, '4410<main.rpyeffect:77([mcore:[#187]#277])>+0: {"op": "Const". "type": "ptr". "out": 3. "format": "string". "value": "Name(import$std/core/hnd)"}')
debug_merge_point(0, 0, '4410<main.rpyeffect:77([mcore:[#187]#277])>+1: {"op": "PrimOp". "name": "getGlobal(String): Ptr". "out": {"any": [3]}. "in": {"any": [3]}}')
debug_merge_point(0, 0, '4410<main.rpyeffect:77([mcore:[#187]#277])>+2: {"op": "CallLib". "lib": "3". "symbol": "std/core/hnd/protect"}')
debug_merge_point(0, 0, '503<std_core_hnd.rpyeffect:202([mcore:[#473]#439])>+0: {"op": "Swap". "type": "any". "a": 2. "b". 1}')
debug_merge_point(0, 0, '503<std_core_hnd.rpyeffect:202([mcore:[#473]#439])>+1: {"op": "Invoke". "receiver": 2. "tag": Interned(apply). "args" : {"any": [0. 1]}}')
debug_merge_point(0, 0, '4412<main.rpyeffect:79([method_apply@[mcore:[#193]#285]#289])>+0: {"op": "Jump". "target": 4411}')
debug_merge_point(0, 0, '4411<main.rpyeffect:78([mcore:[#190]#284])>+0: {"op": "Return". "args": {"any": [0]}}')
+864: guard_value(i64, 665, descr=<Guard0x13107e1d0>) [p0, p1, p2, p3, p4, p5, p6, p7, p8, p9, p10, p11, p12, p13, p14, p15, p16, p17, p18, p19]
+876: p71 = getfield_gc_r(p60, descr=<FieldP rpyeffect.stored_environment.Stack__1.inst_values_ptr_0 32 pure>)
+880: p72 = getfield_gc_r(p63, descr=<FieldP rpyeffect.stored_environment.Stack__arb.inst_tail 8 pure>)
+884: guard_nonnull(p72, descr=<Guard0x13107e200>) [p0, p1, p2, p3, p4, p5, p6, p7, p8, p9, p10, p11, p12, p13, p14, p15, p16, p17, p18, p19]
+892: i74 = int_lshift(i67, 14)
+900: i75 = getfield_gc_i(p72, descr=<FieldS rpyeffect.stored_environment.Stack__arb.inst_target 16 pure>)
+904: i76 = int_add(i74, i75)
+908: guard_value(i76, 72470869, descr=<Guard0x13107e230>) [p0, p1, p2, p3, p4, p5, p6, p7, p8, p9, p10, p11, p12, p13, p14, p15, p16, p17, p18, p19]
debug_merge_point(0, 0, '665<std_core_hnd.rpyeffect:364([k@[k@[#858]#863]#865])>+0: {"op": "Const". "type": "ptr". "out": 2. "format": "string". "value": "Name(import$std/core/hnd)"}')
debug_merge_point(0, 0, '665<std_core_hnd.rpyeffect:364([k@[k@[#858]#863]#865])>+1: {"op": "PrimOp". "name": "getGlobal(String): Ptr". "out": {"any": [2]}. "in": {"any": [2]}}')
debug_merge_point(0, 0, '665<std_core_hnd.rpyeffect:364([k@[k@[#858]#863]#865])>+2: {"op": "Push". "target": 664. "args": {"any": [0]}}')
debug_merge_point(0, 0, '665<std_core_hnd.rpyeffect:364([k@[k@[#858]#863]#865])>+3: {"op": "Copy". "type": "any". "from": 1. "to". 0}')
debug_merge_point(0, 0, '665<std_core_hnd.rpyeffect:364([k@[k@[#858]#863]#865])>+4: {"op": "Copy". "type": "any". "from": 2. "to". 1}')
debug_merge_point(0, 0, '665<std_core_hnd.rpyeffect:364([k@[k@[#858]#863]#865])>+5: {"op": "Jump". "target": 663}')
+924: i79 = int_add(10878976, i67)
+936: guard_value(i79, 10883399, descr=<Guard0x13107e260>) [p0, p1, p2, p3, p4, p5, p6, p7, p8, p9, p10, p11, p12, p13, p14, p15, p16, p17, p18, p19]
debug_merge_point(0, 0, '663<std_core_hnd.rpyeffect:362([mcore:[#661]#844])>+0: {"op": "Const". "type": "ptr". "out": 1. "format": "string". "value": "Name(import$std/core/hnd)"}')
debug_merge_point(0, 0, '663<std_core_hnd.rpyeffect:362([mcore:[#661]#844])>+1: {"op": "PrimOp". "name": "getGlobal(String): Ptr". "out": {"any": [1]}. "in": {"any": [1]}}')
debug_merge_point(0, 0, '663<std_core_hnd.rpyeffect:362([mcore:[#661]#844])>+2: {"op": "CallLib". "lib": "1". "symbol": "setCurrentEvv"}')
debug_merge_point(0, 0, '302<std_core_hnd.rpyeffect:1(Name(setCurrentEvv))>+0: {"op": "Const". "type": "ptr". "out": 1. "format": "string". "value": "current-evv"}')
debug_merge_point(0, 0, '302<std_core_hnd.rpyeffect:1(Name(setCurrentEvv))>+1: {"op": "PrimOp". "name": "getGlobal(String): Ptr". "out": {"any": [1]}. "in": {"any": [1]}}')
debug_merge_point(0, 0, '302<std_core_hnd.rpyeffect:1(Name(setCurrentEvv))>+2: {"op": "PrimOp". "name": "setRef(Ref[Ptr]. Ptr): Unit". "out": {"any": [0]}. "in": {"any": [1. 0]}}')
debug_merge_point(0, 0, '302<std_core_hnd.rpyeffect:1(Name(setCurrentEvv))>+3: {"op": "Return". "args": {"any": [0]}}')
debug_merge_point(0, 0, '664<std_core_hnd.rpyeffect:363([k@[k@[k@[#858]#863]#865]#870])>+0: {"op": "Copy". "type": "any". "from": 1. "to". 0}')
debug_merge_point(0, 0, '664<std_core_hnd.rpyeffect:363([k@[k@[k@[#858]#863]#865]#870])>+1: {"op": "Return". "args": {"any": [0]}}')
+952: p81 = getfield_gc_r(p63, descr=<FieldP rpyeffect.stored_environment.Stack__3.inst_values_ptr_0 32 pure>)
+956: p82 = getfield_gc_r(p63, descr=<FieldP rpyeffect.stored_environment.Stack__3.inst_values_ptr_1 40 pure>)
+960: p83 = getfield_gc_r(p63, descr=<FieldP rpyeffect.stored_environment.Stack__3.inst_values_ptr_2 48 pure>)
debug_merge_point(0, 0, '4423<main.rpyeffect:90([k@[#343]#364])>+0: {"op": "PrimOp". "name": "infixAdd(Int. Int): Int". "out": {"any": [0]}. "in": {"any": [1. 0]}}')
+964: i84 = getfield_gc_i(p81, descr=<FieldS rpyeffect.value.IntValue.inst_value 8 pure>)
debug_merge_point(0, 0, '4423<main.rpyeffect:90([k@[#343]#364])>+1: {"op": "Const". "type": "ptr". "out": 1. "format": "string". "value": "Name(import$std/core/hnd)"}')
debug_merge_point(0, 0, '4423<main.rpyeffect:90([k@[#343]#364])>+2: {"op": "PrimOp". "name": "getGlobal(String): Ptr". "out": {"any": [1]}. "in": {"any": [1]}}')
debug_merge_point(0, 0, '4423<main.rpyeffect:90([k@[#343]#364])>+3: {"op": "Const". "type": "ptr". "out": 4. "format": "string". "value": "Name(main/@tag-abort)"}')
debug_merge_point(0, 0, '4423<main.rpyeffect:90([k@[#343]#364])>+4: {"op": "PrimOp". "name": "getGlobal(String): Ptr". "out": {"any": [4]}. "in": {"any": [4]}}')
debug_merge_point(0, 0, '4423<main.rpyeffect:90([k@[#343]#364])>+5: {"op": "Swap". "type": "any". "a": 3. "b". 1}')
debug_merge_point(0, 0, '4423<main.rpyeffect:90([k@[#343]#364])>+6: {"op": "Swap". "type": "any". "a": 0. "b". 1}')
debug_merge_point(0, 0, '4423<main.rpyeffect:90([k@[#343]#364])>+7: {"op": "Swap". "type": "any". "a": 2. "b". 1}')
debug_merge_point(0, 0, '4423<main.rpyeffect:90([k@[#343]#364])>+8: {"op": "Jump". "target": 4429}')
debug_merge_point(0, 0, '4429<main.rpyeffect:96([mcore:[#209]#312])>+0: {"op": "Const". "type": "ptr". "out": 3. "format": "int". "value": "<IntValue object at 0x130bff930>"}')
debug_merge_point(0, 0, '4429<main.rpyeffect:96([mcore:[#209]#312])>+1: {"op": "PrimOp". "name": "infixEq(Int. Int): Boolean". "out": {"any": [3]}. "in": {"any": [1. 3]}}')
+968: i85 = getfield_gc_i(p82, descr=<FieldS rpyeffect.value.IntValue.inst_value 8 pure>)
+972: i87 = int_eq(i85, 0)
debug_merge_point(0, 0, '4429<main.rpyeffect:96([mcore:[#209]#312])>+2: {"op": "Swap". "type": "any". "a": 2. "b". 0}')
debug_merge_point(0, 0, '4429<main.rpyeffect:96([mcore:[#209]#312])>+3: {"op": "Switch". "scrutinee": 3. "values": [<BoolValue object at 0x130bff900>]. "targets": [4418]. "default": 4428}')
+1048: setfield_gc(ConstPtr(ptr88), p71, descr=<FieldP rpyeffect.region.Ref.inst_value 16>)
+1052: guard_false(i87, descr=<Guard0x130dc9ad8>) [p0, p82, p83, p4, p5, p6, p7, p8, p9, p10, p11, p12, p13, p14, i87, p61, p72, p62, i84, None, None]
+1060: p90 = getfield_gc_r(p72, descr=<FieldP rpyeffect.stored_environment.Stack__arb.inst_tail 8 pure>)
+1068: guard_isnull(p90, descr=<Guard0x13107e290>) [p0, p82, p83, p4, p5, p6, p7, p8, p9, p10, p11, p12, p13, p14, i87, p61, p72, p62, i84, None, None]
+1076: guard_value(i75, 4437, descr=<Guard0x13107e2c0>) [p0, p82, p83, p4, p5, p6, p7, p8, p9, p10, p11, p12, p13, p14, i87, p61, p72, p62, i84, None, None]
debug_merge_point(0, 0, '4428<main.rpyeffect:95([switch default case#317])>+0: {"op": "Const". "type": "ptr". "out": 3. "format": "int". "value": "<IntValue object at 0x130bff970>"}')
debug_merge_point(0, 0, '4428<main.rpyeffect:95([switch default case#317])>+1: {"op": "PrimOp". "name": "infixEq(Int. Int): Boolean". "out": {"any": [3]}. "in": {"any": [1. 3]}}')
debug_merge_point(0, 0, '4428<main.rpyeffect:95([switch default case#317])>+2: {"op": "Switch". "scrutinee": 3. "values": [<BoolValue object at 0x130bff940>]. "targets": [4426]. "default": 4427}')
debug_merge_point(0, 0, '4426<main.rpyeffect:93([switch case for Bool(false)#321])>+0: {"op": "Const". "type": "ptr". "out": 3. "format": "int". "value": "<IntValue object at 0x130bff2c0>"}')
debug_merge_point(0, 0, '4426<main.rpyeffect:93([switch case for Bool(false)#321])>+1: {"op": "PrimOp". "name": "infixSub(Int. Int): Int". "out": {"any": [1]}. "in": {"any": [1. 3]}}')
+1088: i93 = int_sub(i85, 1)
debug_merge_point(0, 0, '4426<main.rpyeffect:93([switch case for Bool(false)#321])>+2: {"op": "Const". "type": "ptr". "out": 3. "format": "int". "value": "<IntValue object at 0x130bff290>"}')
debug_merge_point(0, 0, '4426<main.rpyeffect:93([switch case for Bool(false)#321])>+3: {"op": "New". "out": 4. "targets": [4419]. "args": {"any": []}}')
debug_merge_point(0, 0, '4426<main.rpyeffect:93([switch case for Bool(false)#321])>+4: {"op": "Const". "type": "ptr". "out": 5. "format": "string". "value": "Name(import$std/core/hnd)"}')
debug_merge_point(0, 0, '4426<main.rpyeffect:93([switch case for Bool(false)#321])>+5: {"op": "PrimOp". "name": "getGlobal(String): Ptr". "out": {"any": [5]}. "in": {"any": [5]}}')
debug_merge_point(0, 0, '4426<main.rpyeffect:93([switch case for Bool(false)#321])>+6: {"op": "Push". "target": 4425. "args": {"any": [0. 1. 2. 3]}}')
debug_merge_point(0, 0, '4426<main.rpyeffect:93([switch case for Bool(false)#321])>+7: {"op": "Copy". "type": "any". "from": 5. "to". 1}')
debug_merge_point(0, 0, '4426<main.rpyeffect:93([switch case for Bool(false)#321])>+8: {"op": "Copy". "type": "any". "from": 4. "to". 0}')
debug_merge_point(0, 0, '4426<main.rpyeffect:93([switch case for Bool(false)#321])>+9: {"op": "Jump". "target": 4408}')
debug_merge_point(0, 0, '4408<main.rpyeffect:75([mcore:[#182]#266])>+0: {"op": "Const". "type": "ptr". "out": 1. "format": "string". "value": "Name(import$std/core/hnd)"}')
debug_merge_point(0, 0, '4408<main.rpyeffect:75([mcore:[#182]#266])>+1: {"op": "PrimOp". "name": "getGlobal(String): Ptr". "out": {"any": [1]}. "in": {"any": [1]}}')
debug_merge_point(0, 0, '4408<main.rpyeffect:75([mcore:[#182]#266])>+2: {"op": "CallLib". "lib": "1". "symbol": "std/core/hnd/Clause1"}')
debug_merge_point(0, 0, '1361<std_core_hnd.rpyeffect:1060([mcore:[#1456]#167])>+0: {"op": "Construct". "out": 0. "type": Interned(std/core/hnd/clause1). "tag": Interned(std/core/hnd/Clause1). "args": {"any": [0]}}')
debug_merge_point(0, 0, '1361<std_core_hnd.rpyeffect:1060([mcore:[#1456]#167])>+1: {"op": "Return". "args": {"any": [0]}}')
debug_merge_point(0, 0, '4425<main.rpyeffect:92([k@[switch case for Bool(false)#321]#340])>+0: {"op": "Push". "target": 4424. "args": {"any": [1. 2. 3]}}')
debug_merge_point(0, 0, '4425<main.rpyeffect:92([k@[switch case for Bool(false)#321]#340])>+1: {"op": "Copy". "type": "any". "from": 0. "to". 1}')
debug_merge_point(0, 0, '4425<main.rpyeffect:92([k@[switch case for Bool(false)#321]#340])>+2: {"op": "Copy". "type": "any". "from": 4. "to". 0}')
debug_merge_point(0, 0, '4425<main.rpyeffect:92([k@[switch case for Bool(false)#321]#340])>+3: {"op": "Jump". "target": 4452}')
debug_merge_point(0, 0, '4452<main.rpyeffect:119([mcore:[#237]#265])>+0: {"op": "Construct". "out": 0. "type": Interned(main/abort). "tag": Interned(main/@Hnd-abort). "args": {"any": [0. 1]}}')
debug_merge_point(0, 0, '4452<main.rpyeffect:119([mcore:[#237]#265])>+1: {"op": "Return". "args": {"any": [0]}}')
debug_merge_point(0, 0, '4424<main.rpyeffect:91([#343])>+0: {"op": "New". "out": 4. "targets": [4420]. "args": {"any": []}}')
debug_merge_point(0, 0, '4424<main.rpyeffect:91([#343])>+1: {"op": "New". "out": 5. "targets": [4421]. "args": {"any": [3]}}')
debug_merge_point(0, 0, '4424<main.rpyeffect:91([#343])>+2: {"op": "Const". "type": "ptr". "out": 6. "format": "string". "value": "Name(import$std/core/hnd)"}')
debug_merge_point(0, 0, '4424<main.rpyeffect:91([#343])>+3: {"op": "PrimOp". "name": "getGlobal(String): Ptr". "out": {"any": [6]}. "in": {"any": [6]}}')
debug_merge_point(0, 0, '4424<main.rpyeffect:91([#343])>+4: {"op": "Const". "type": "ptr". "out": 7. "format": "string". "value": "Name(main/@tag-abort)"}')
debug_merge_point(0, 0, '4424<main.rpyeffect:91([#343])>+5: {"op": "PrimOp". "name": "getGlobal(String): Ptr". "out": {"any": [7]}. "in": {"any": [7]}}')
debug_merge_point(0, 0, '4424<main.rpyeffect:91([#343])>+6: {"op": "Push". "target": 4423. "args": {"any": [1. 2. 3]}}')
debug_merge_point(0, 0, '4424<main.rpyeffect:91([#343])>+7: {"op": "Copy". "type": "any". "from": 5. "to". 2}')
debug_merge_point(0, 0, '4424<main.rpyeffect:91([#343])>+8: {"op": "Copy". "type": "any". "from": 4. "to". 1}')
debug_merge_point(0, 0, '4424<main.rpyeffect:91([#343])>+9: {"op": "Copy". "type": "any". "from": 7. "to". 4}')
debug_merge_point(0, 0, '4424<main.rpyeffect:91([#343])>+10: {"op": "Copy". "type": "any". "from": 6. "to". 3}')
debug_merge_point(0, 0, '4424<main.rpyeffect:91([#343])>+11: {"op": "Jump". "target": 4341}')
debug_merge_point(0, 0, '4341<main.rpyeffect:8([mcore:[#102]#22])>+0: {"op": "Const". "type": "ptr". "out": 3. "format": "string". "value": "Name(main/@tag-abort)"}')
debug_merge_point(0, 0, '4341<main.rpyeffect:8([mcore:[#102]#22])>+1: {"op": "PrimOp". "name": "getGlobal(String): Ptr". "out": {"any": [3]}. "in": {"any": [3]}}')
debug_merge_point(0, 0, '4341<main.rpyeffect:8([mcore:[#102]#22])>+2: {"op": "Const". "type": "ptr". "out": 4. "format": "string". "value": "Name(import$std/core/hnd)"}')
debug_merge_point(0, 0, '4341<main.rpyeffect:8([mcore:[#102]#22])>+3: {"op": "PrimOp". "name": "getGlobal(String): Ptr". "out": {"any": [4]}. "in": {"any": [4]}}')
debug_merge_point(0, 0, '4341<main.rpyeffect:8([mcore:[#102]#22])>+4: {"op": "Swap". "type": "any". "a": 2. "b". 1}')
debug_merge_point(0, 0, '4341<main.rpyeffect:8([mcore:[#102]#22])>+5: {"op": "Swap". "type": "any". "a": 3. "b". 1}')
debug_merge_point(0, 0, '4341<main.rpyeffect:8([mcore:[#102]#22])>+6: {"op": "Swap". "type": "any". "a": 0. "b". 1}')
debug_merge_point(0, 0, '4341<main.rpyeffect:8([mcore:[#102]#22])>+7: {"op": "Jump". "target": 4340}')
debug_merge_point(0, 0, '4340<main.rpyeffect:7([mcore:[#96]#14])>+0: {"op": "Const". "type": "ptr". "out": 4. "format": "string". "value": "Name(import$std/core/hnd)"}')
debug_merge_point(0, 0, '4340<main.rpyeffect:7([mcore:[#96]#14])>+1: {"op": "PrimOp". "name": "getGlobal(String): Ptr". "out": {"any": [4]}. "in": {"any": [4]}}')
debug_merge_point(0, 0, '4340<main.rpyeffect:7([mcore:[#96]#14])>+2: {"op": "CallLib". "lib": "4". "symbol": "std/core/hnd/@hhandle"}')
debug_merge_point(0, 0, '671<std_core_hnd.rpyeffect:370([mcore:[#662]#849])>+0: {"op": "Push". "target": 670. "args": {"any": [3. 1. 2. 0]}}')
debug_merge_point(0, 0, '671<std_core_hnd.rpyeffect:370([mcore:[#662]#849])>+1: {"op": "Jump". "target": 509}')
debug_merge_point(0, 0, '509<std_core_hnd.rpyeffect:208([mcore:[#477]#451])>+0: {"op": "Jump". "target": 301}')
debug_merge_point(0, 0, '301<std_core_hnd.rpyeffect:0(Name(getCurrentEvv))>+0: {"op": "Const". "type": "ptr". "out": 0. "format": "string". "value": "current-evv"}')
debug_merge_point(0, 0, '301<std_core_hnd.rpyeffect:0(Name(getCurrentEvv))>+1: {"op": "PrimOp". "name": "getGlobal(String): Ptr". "out": {"any": [0]}. "in": {"any": [0]}}')
debug_merge_point(0, 0, '301<std_core_hnd.rpyeffect:0(Name(getCurrentEvv))>+2: {"op": "PrimOp". "name": "getRef(Ref[Ptr]): Ptr". "out": {"any": [0]}. "in": {"any": [0]}}')
+1092: guard_nonnull_class(p71, ConstClass(Data__0), descr=<Guard0x130dc9b20>) [p0, p82, p83, p4, p5, p6, p7, p8, p9, p10, p11, p12, p13, p14, i87, p61, p72, p62, i84, None, None]
debug_merge_point(0, 0, '301<std_core_hnd.rpyeffect:0(Name(getCurrentEvv))>+3: {"op": "Return". "args": {"any": [0]}}')
debug_merge_point(0, 0, '670<std_core_hnd.rpyeffect:369([k@[mcore:[#662]#849]#851])>+0: {"op": "Push". "target": 669. "args": {"any": [1. 2. 3. 4. 0]}}')
debug_merge_point(0, 0, '670<std_core_hnd.rpyeffect:369([k@[mcore:[#662]#849]#851])>+1: {"op": "Jump". "target": 512}')
debug_merge_point(0, 0, '512<std_core_hnd.rpyeffect:211([mcore:[#479]#457])>+0: {"op": "PrimOp". "name": "freshlabel". "out": {"any": [0]}. "in": {"any": []}}')
debug_merge_point(0, 0, '512<std_core_hnd.rpyeffect:211([mcore:[#479]#457])>+1: {"op": "Return". "args": {"any": [0]}}')
debug_merge_point(0, 0, '669<std_core_hnd.rpyeffect:368([k@[k@[mcore:[#662]#849]#851]#853])>+0: {"op": "Push". "target": 668. "args": {"any": [1. 0. 3. 5]}}')
debug_merge_point(0, 0, '669<std_core_hnd.rpyeffect:368([k@[k@[mcore:[#662]#849]#851]#853])>+1: {"op": "Copy". "type": "any". "from": 5. "to". 3}')
debug_merge_point(0, 0, '669<std_core_hnd.rpyeffect:368([k@[k@[mcore:[#662]#849]#851]#853])>+2: {"op": "Copy". "type": "any". "from": 0. "to". 1}')
debug_merge_point(0, 0, '669<std_core_hnd.rpyeffect:368([k@[k@[mcore:[#662]#849]#851]#853])>+3: {"op": "Copy". "type": "any". "from": 4. "to". 0}')
debug_merge_point(0, 0, '669<std_core_hnd.rpyeffect:368([k@[k@[mcore:[#662]#849]#851]#853])>+4: {"op": "Jump". "target": 1359}')
debug_merge_point(0, 0, '1359<std_core_hnd.rpyeffect:1058([mcore:[#1454]#133])>+0: {"op": "Construct". "out": 0. "type": Interned(std/core/hnd/ev). "tag": Interned(std/core/hnd/Ev). "args": {"any": [0. 1. 2. 3]}}')
debug_merge_point(0, 0, '1359<std_core_hnd.rpyeffect:1058([mcore:[#1454]#133])>+1: {"op": "Return". "args": {"any": [0]}}')
debug_merge_point(0, 0, '668<std_core_hnd.rpyeffect:367([k@[k@[k@[mcore:[#662]#849]#851]#853]#855])>+0: {"op": "Push". "target": 667. "args": {"any": [1. 2. 3. 4]}}')
debug_merge_point(0, 0, '668<std_core_hnd.rpyeffect:367([k@[k@[k@[mcore:[#662]#849]#851]#853]#855])>+1: {"op": "Copy". "type": "any". "from": 0. "to". 1}')
debug_merge_point(0, 0, '668<std_core_hnd.rpyeffect:367([k@[k@[k@[mcore:[#662]#849]#851]#853]#855])>+2: {"op": "Copy". "type": "any". "from": 4. "to". 0}')
debug_merge_point(0, 0, '668<std_core_hnd.rpyeffect:367([k@[k@[k@[mcore:[#662]#849]#851]#853]#855])>+3: {"op": "Jump". "target": 511}')
debug_merge_point(0, 0, '511<std_core_hnd.rpyeffect:210([mcore:[#478]#454])>+0: {"op": "Jump". "target": 332}')
debug_merge_point(0, 0, '332<std_core_hnd.rpyeffect:31(Name(evvInsert))>+0: {"op": "Swap". "type": "any". "a": 0. "b". 1}')
debug_merge_point(0, 0, '332<std_core_hnd.rpyeffect:31(Name(evvInsert))>+1: {"op": "Match". "type": Interned(evv). "scrutinee": 1. "clauses": [{"tag": Interned(cons). "target": 331. "args": {"any": [2. 3]}}]. "default": {"tag": Interned(9ecfa5c6-d050-4adc-badf-39eef9fcb0bd#[Missing Tag#3007]). "target": 325. "args": {"any": []}}}')
+1116: p95 = getfield_gc_r(p71, descr=<FieldP rpyeffect.data.Data.inst_tag 8>)
+1124: guard_value(p95, ConstPtr(ptr96), descr=<Guard0x13107e2f0>) [p0, p82, p83, p4, p5, p6, p7, p8, p9, p10, p11, p12, p13, p14, i87, p61, p72, p62, i84, None, None]
debug_merge_point(0, 0, '325<std_core_hnd.rpyeffect:24([match_def@Name(evvInsert)#64])>+0: {"op": "Construct". "out": 0. "type": Interned(evv). "tag": Interned(cons). "args": {"any": [0. 1]}}')
debug_merge_point(0, 0, '325<std_core_hnd.rpyeffect:24([match_def@Name(evvInsert)#64])>+1: {"op": "Return". "args": {"any": [0]}}')
debug_merge_point(0, 0, '667<std_core_hnd.rpyeffect:366([#858])>+0: {"op": "Const". "type": "ptr". "out": 5. "format": "string". "value": "Name(import$std/core/hnd)"}')
debug_merge_point(0, 0, '667<std_core_hnd.rpyeffect:366([#858])>+1: {"op": "PrimOp". "name": "getGlobal(String): Ptr". "out": {"any": [5]}. "in": {"any": [5]}}')
debug_merge_point(0, 0, '667<std_core_hnd.rpyeffect:366([#858])>+2: {"op": "Push". "target": 666. "args": {"any": [1. 2. 3. 4]}}')
debug_merge_point(0, 0, '667<std_core_hnd.rpyeffect:366([#858])>+3: {"op": "Copy". "type": "any". "from": 5. "to". 1}')
debug_merge_point(0, 0, '667<std_core_hnd.rpyeffect:366([#858])>+4: {"op": "Jump". "target": 662}')
debug_merge_point(0, 0, '662<std_core_hnd.rpyeffect:361([mcore:[#656]#839])>+0: {"op": "Const". "type": "ptr". "out": 1. "format": "string". "value": "Name(import$std/core/hnd)"}')
debug_merge_point(0, 0, '662<std_core_hnd.rpyeffect:361([mcore:[#656]#839])>+1: {"op": "PrimOp". "name": "getGlobal(String): Ptr". "out": {"any": [1]}. "in": {"any": [1]}}')
debug_merge_point(0, 0, '662<std_core_hnd.rpyeffect:361([mcore:[#656]#839])>+2: {"op": "CallLib". "lib": "1". "symbol": "setCurrentEvv"}')
debug_merge_point(0, 0, '302<std_core_hnd.rpyeffect:1(Name(setCurrentEvv))>+0: {"op": "Const". "type": "ptr". "out": 1. "format": "string". "value": "current-evv"}')
debug_merge_point(0, 0, '302<std_core_hnd.rpyeffect:1(Name(setCurrentEvv))>+1: {"op": "PrimOp". "name": "getGlobal(String): Ptr". "out": {"any": [1]}. "in": {"any": [1]}}')
debug_merge_point(0, 0, '302<std_core_hnd.rpyeffect:1(Name(setCurrentEvv))>+2: {"op": "PrimOp". "name": "setRef(Ref[Ptr]. Ptr): Unit". "out": {"any": [0]}. "in": {"any": [1. 0]}}')
debug_merge_point(0, 0, '302<std_core_hnd.rpyeffect:1(Name(setCurrentEvv))>+3: {"op": "Return". "args": {"any": [0]}}')
debug_merge_point(0, 0, '666<std_core_hnd.rpyeffect:365([k@[#858]#863])>+0: {"op": "Push". "target": 665. "args": {"any": [4]}}')
debug_merge_point(0, 0, '666<std_core_hnd.rpyeffect:365([k@[#858]#863])>+1: {"op": "Copy". "type": "any". "from": 2. "to". 0}')
debug_merge_point(0, 0, '666<std_core_hnd.rpyeffect:365([k@[#858]#863])>+2: {"op": "Copy". "type": "any". "from": 1. "to". 2}')
debug_merge_point(0, 0, '666<std_core_hnd.rpyeffect:365([k@[#858]#863])>+3: {"op": "Copy". "type": "any". "from": 3. "to". 1}')
debug_merge_point(0, 0, '666<std_core_hnd.rpyeffect:365([k@[#858]#863])>+4: {"op": "Jump". "target": 442}')
debug_merge_point(0, 0, '442<std_core_hnd.rpyeffect:141([mcore:[#411]#270])>+0: {"op": "NewStack". "out": 0. "target": 440. "region": 1. "args": {"any": [1]}. "label": 0}')
debug_merge_point(0, 0, '442<std_core_hnd.rpyeffect:141([mcore:[#411]#270])>+1: {"op": "PushStack". "arg": 0}')
debug_merge_point(0, 0, '442<std_core_hnd.rpyeffect:141([mcore:[#411]#270])>+2: {"op": "Invoke". "receiver": 2. "tag": Interned(apply). "args" : {"any": []}}')
debug_merge_point(0, 0, '4421<main.rpyeffect:88([method_apply@[#343]#351])>+0: {"op": "Const". "type": "ptr". "out": 1. "format": "string". "value": "Name(import$std/core/hnd)"}')
debug_merge_point(0, 0, '4421<main.rpyeffect:88([method_apply@[#343]#351])>+1: {"op": "PrimOp". "name": "getGlobal(String): Ptr". "out": {"any": [1]}. "in": {"any": [1]}}')
debug_merge_point(0, 0, '4421<main.rpyeffect:88([method_apply@[#343]#351])>+2: {"op": "Swap". "type": "any". "a": 0. "b". 1}')
debug_merge_point(0, 0, '4421<main.rpyeffect:88([method_apply@[#343]#351])>+3: {"op": "Jump". "target": 4417}')
debug_merge_point(0, 0, '4417<main.rpyeffect:84([mcore:[#203]#308])>+0: {"op": "Const". "type": "ptr". "out": 0. "format": "string". "value": "Name(import$std/core/hnd)"}')
debug_merge_point(0, 0, '4417<main.rpyeffect:84([mcore:[#203]#308])>+1: {"op": "PrimOp". "name": "getGlobal(String): Ptr". "out": {"any": [0]}. "in": {"any": [0]}}')
debug_merge_point(0, 0, '4417<main.rpyeffect:84([mcore:[#203]#308])>+2: {"op": "Swap". "type": "any". "a": 0. "b". 1}')
debug_merge_point(0, 0, '4417<main.rpyeffect:84([mcore:[#203]#308])>+3: {"op": "Jump". "target": 4391}')
debug_merge_point(0, 0, '4391<main.rpyeffect:58([mcore:[#146]#118])>+0: {"op": "Match". "type": Interned(std/core/types/list). "scrutinee": 0. "clauses": [{"tag": Interned(std/core/types/Nil). "target": 4390. "args": {"any": []}}]. "default": {"tag": Interned(46c3e95b-a8f2-45ac-82ef-37d10a9f7ab6#[Missing Tag#701]). "target": 4389. "args": {"any": []}}}')
+1132: p97 = getfield_gc_r(p83, descr=<FieldP rpyeffect.data.Data.inst_tag 8>)
+1136: guard_value(p97, ConstPtr(ptr98), descr=<Guard0x13107e320>) [p0, p82, p83, p4, p5, p6, p7, p8, p9, p10, p11, p12, p13, p14, i87, p61, p72, p62, i84, None, None]
debug_merge_point(0, 0, '4389<main.rpyeffect:56([match_def@[mcore:[#146]#118]#119])>+0: {"op": "Match". "type": Interned(std/core/types/list). "scrutinee": 0. "clauses": [{"tag": Interned(std/core/types/Cons). "target": 4388. "args": {"any": [0. 1]}}]. "default": {"tag": Interned(46c3e95b-a8f2-45ac-82ef-37d10a9f7ab6#[Missing Tag#700]). "target": 4369. "args": {"any": []}}}')
+1144: p99 = getfield_gc_r(p83, descr=<FieldP rpyeffect.stored_environment.Data__2.inst_values_ptr_0 24 pure>)
+1148: p100 = getfield_gc_r(p83, descr=<FieldP rpyeffect.stored_environment.Data__2.inst_values_ptr_1 32 pure>)
debug_merge_point(0, 0, '4388<main.rpyeffect:55([#121])>+0: {"op": "Const". "type": "ptr". "out": 2. "format": "int". "value": "<IntValue object at 0x130bfe890>"}')
debug_merge_point(0, 0, '4388<main.rpyeffect:55([#121])>+1: {"op": "PrimOp". "name": "infixEq(Int. Int): Boolean". "out": {"any": [2]}. "in": {"any": [0. 2]}}')
+1152: i101 = getfield_gc_i(p99, descr=<FieldS rpyeffect.value.IntValue.inst_value 8 pure>)
+1160: i103 = int_eq(i101, 0)
debug_merge_point(0, 0, '4388<main.rpyeffect:55([#121])>+2: {"op": "Switch". "scrutinee": 2. "values": [<BoolValue object at 0x130bfed00>]. "targets": [4383]. "default": 4387}')
guard_false(i103, descr=<Guard0x13107e350>) [p0, p82, p83, p4, p5, p6, p7, p8, p9, p10, p11, p12, p13, p14, i87, p61, p72, p62, i84, None, None]
debug_merge_point(0, 0, '4387<main.rpyeffect:54([switch default case#163])>+0: {"op": "Const". "type": "ptr". "out": 2. "format": "int". "value": "<IntValue object at 0x130bfe760>"}')
debug_merge_point(0, 0, '4387<main.rpyeffect:54([switch default case#163])>+1: {"op": "PrimOp". "name": "infixEq(Int. Int): Boolean". "out": {"any": [2]}. "in": {"any": [0. 2]}}')
debug_merge_point(0, 0, '4387<main.rpyeffect:54([switch default case#163])>+2: {"op": "Switch". "scrutinee": 2. "values": [<BoolValue object at 0x130bfe730>]. "targets": [4385]. "default": 4386}')
debug_merge_point(0, 0, '4385<main.rpyeffect:52([switch case for Bool(false)#167])>+0: {"op": "Const". "type": "ptr". "out": 2. "format": "string". "value": "Name(import$std/core/hnd)"}')
debug_merge_point(0, 0, '4385<main.rpyeffect:52([switch case for Bool(false)#167])>+1: {"op": "PrimOp". "name": "getGlobal(String): Ptr". "out": {"any": [2]}. "in": {"any": [2]}}')
debug_merge_point(0, 0, '4385<main.rpyeffect:52([switch case for Bool(false)#167])>+2: {"op": "Push". "target": 4384. "args": {"any": [0]}}')
debug_merge_point(0, 0, '4385<main.rpyeffect:52([switch case for Bool(false)#167])>+3: {"op": "Copy". "type": "any". "from": 1. "to". 0}')
debug_merge_point(0, 0, '4385<main.rpyeffect:52([switch case for Bool(false)#167])>+4: {"op": "Copy". "type": "any". "from": 2. "to". 1}')
debug_merge_point(0, 0, '4385<main.rpyeffect:52([switch case for Bool(false)#167])>+5: {"op": "Jump". "target": 4391}')
debug_merge_point(0, 0, '4391<main.rpyeffect:58([mcore:[#146]#118])>+0: {"op": "Match". "type": Interned(std/core/types/list). "scrutinee": 0. "clauses": [{"tag": Interned(std/core/types/Nil). "target": 4390. "args": {"any": []}}]. "default": {"tag": Interned(46c3e95b-a8f2-45ac-82ef-37d10a9f7ab6#[Missing Tag#701]). "target": 4389. "args": {"any": []}}}')
+1168: p104 = getfield_gc_r(p100, descr=<FieldP rpyeffect.data.Data.inst_tag 8>)
+1172: guard_value(p104, ConstPtr(ptr105), descr=<Guard0x13107e380>) [p0, p82, p83, p4, p5, p6, p7, p8, p9, p10, p11, p12, p13, p14, i87, p61, p72, p62, i84, None, None]
debug_merge_point(0, 0, '4389<main.rpyeffect:56([match_def@[mcore:[#146]#118]#119])>+0: {"op": "Match". "type": Interned(std/core/types/list). "scrutinee": 0. "clauses": [{"tag": Interned(std/core/types/Cons). "target": 4388. "args": {"any": [0. 1]}}]. "default": {"tag": Interned(46c3e95b-a8f2-45ac-82ef-37d10a9f7ab6#[Missing Tag#700]). "target": 4369. "args": {"any": []}}}')
+1180: p106 = getfield_gc_r(p100, descr=<FieldP rpyeffect.stored_environment.Data__2.inst_values_ptr_0 24 pure>)
+1184: p107 = getfield_gc_r(p100, descr=<FieldP rpyeffect.stored_environment.Data__2.inst_values_ptr_1 32 pure>)
debug_merge_point(0, 0, '4388<main.rpyeffect:55([#121])>+0: {"op": "Const". "type": "ptr". "out": 2. "format": "int". "value": "<IntValue object at 0x130bfe890>"}')
debug_merge_point(0, 0, '4388<main.rpyeffect:55([#121])>+1: {"op": "PrimOp". "name": "infixEq(Int. Int): Boolean". "out": {"any": [2]}. "in": {"any": [0. 2]}}')
+1188: i108 = getfield_gc_i(p106, descr=<FieldS rpyeffect.value.IntValue.inst_value 8 pure>)
+1196: i110 = int_eq(i108, 0)
debug_merge_point(0, 0, '4388<main.rpyeffect:55([#121])>+2: {"op": "Switch". "scrutinee": 2. "values": [<BoolValue object at 0x130bfed00>]. "targets": [4383]. "default": 4387}')
guard_false(i110, descr=<Guard0x13107e3b0>) [p0, p82, p83, p4, p5, p6, p7, p8, p9, p10, p11, p12, p13, p14, i87, p61, p72, p62, i84, None, None]
debug_merge_point(0, 0, '4387<main.rpyeffect:54([switch default case#163])>+0: {"op": "Const". "type": "ptr". "out": 2. "format": "int". "value": "<IntValue object at 0x130bfe760>"}')
debug_merge_point(0, 0, '4387<main.rpyeffect:54([switch default case#163])>+1: {"op": "PrimOp". "name": "infixEq(Int. Int): Boolean". "out": {"any": [2]}. "in": {"any": [0. 2]}}')
debug_merge_point(0, 0, '4387<main.rpyeffect:54([switch default case#163])>+2: {"op": "Switch". "scrutinee": 2. "values": [<BoolValue object at 0x130bfe730>]. "targets": [4385]. "default": 4386}')
debug_merge_point(0, 0, '4385<main.rpyeffect:52([switch case for Bool(false)#167])>+0: {"op": "Const". "type": "ptr". "out": 2. "format": "string". "value": "Name(import$std/core/hnd)"}')
debug_merge_point(0, 0, '4385<main.rpyeffect:52([switch case for Bool(false)#167])>+1: {"op": "PrimOp". "name": "getGlobal(String): Ptr". "out": {"any": [2]}. "in": {"any": [2]}}')
debug_merge_point(0, 0, '4385<main.rpyeffect:52([switch case for Bool(false)#167])>+2: {"op": "Push". "target": 4384. "args": {"any": [0]}}')
debug_merge_point(0, 0, '4385<main.rpyeffect:52([switch case for Bool(false)#167])>+3: {"op": "Copy". "type": "any". "from": 1. "to". 0}')
debug_merge_point(0, 0, '4385<main.rpyeffect:52([switch case for Bool(false)#167])>+4: {"op": "Copy". "type": "any". "from": 2. "to". 1}')
debug_merge_point(0, 0, '4385<main.rpyeffect:52([switch case for Bool(false)#167])>+5: {"op": "Jump". "target": 4391}')
debug_merge_point(0, 0, '4391<main.rpyeffect:58([mcore:[#146]#118])>+0: {"op": "Match". "type": Interned(std/core/types/list). "scrutinee": 0. "clauses": [{"tag": Interned(std/core/types/Nil). "target": 4390. "args": {"any": []}}]. "default": {"tag": Interned(46c3e95b-a8f2-45ac-82ef-37d10a9f7ab6#[Missing Tag#701]). "target": 4389. "args": {"any": []}}}')
+1204: p111 = getfield_gc_r(p107, descr=<FieldP rpyeffect.data.Data.inst_tag 8>)
+1208: guard_value(p111, ConstPtr(ptr112), descr=<Guard0x13107e3e0>) [p0, p82, p83, p4, p5, p6, p7, p8, p9, p10, p11, p12, p13, p14, i87, p61, p72, p62, i84, None, None]
debug_merge_point(0, 0, '4389<main.rpyeffect:56([match_def@[mcore:[#146]#118]#119])>+0: {"op": "Match". "type": Interned(std/core/types/list). "scrutinee": 0. "clauses": [{"tag": Interned(std/core/types/Cons). "target": 4388. "args": {"any": [0. 1]}}]. "default": {"tag": Interned(46c3e95b-a8f2-45ac-82ef-37d10a9f7ab6#[Missing Tag#700]). "target": 4369. "args": {"any": []}}}')
+1216: p113 = new_with_vtable(descr=<SizeDescr 40>)
+1328: setfield_gc(p113, ConstPtr(ptr114), descr=<FieldP rpyeffect.data.Data.inst_tag 8>)
+1332: p115 = new_with_vtable(descr=<SizeDescr 56>)
+1344: setfield_gc(p115, ConstPtr(ptr116), descr=<FieldP rpyeffect.data.Data.inst_tag 8>)
+1352: setfield_gc(p115, ConstPtr(ptr117), descr=<FieldP rpyeffect.stored_environment.Data__4.inst_values_ptr_0 24 pure>)
+1356: p118 = new_with_vtable(descr=<SizeDescr 16>)
+1368: setfield_gc(p118, 524288, descr=<FieldS rpyeffect.stack.Label.inst_origin 8 pure>)
+1380: setfield_gc(p115, p118, descr=<FieldP rpyeffect.stored_environment.Data__4.inst_values_ptr_1 32 pure>)
+1384: p120 = new_with_vtable(descr=<SizeDescr 40>)
+1396: setfield_gc(p120, ConstPtr(ptr121), descr=<FieldP rpyeffect.data.Data.inst_tag 8>)
+1404: setfield_gc(p120, ConstPtr(ptr122), descr=<FieldP rpyeffect.stored_environment.Data__2.inst_values_ptr_0 24 pure>)
+1408: p123 = new_with_vtable(descr=<SizeDescr 32>)
+1420: setfield_gc(p123, ConstPtr(ptr124), descr=<FieldP rpyeffect.data.Data.inst_tag 8>)
+1424: p125 = new_with_vtable(descr=<SizeDescr 24>)
+1436: setfield_gc(p125, ConstPtr(ptr126), descr=<FieldP rpyeffect.codata.CoData.inst_vtable 8 pure>)
+1440: setfield_gc(p123, p125, descr=<FieldP rpyeffect.stored_environment.Data__1.inst_values_ptr_0 24 pure>)
+1444: setfield_gc(p120, p123, descr=<FieldP rpyeffect.stored_environment.Data__2.inst_values_ptr_1 32 pure>)
+1448: setfield_gc(p115, p120, descr=<FieldP rpyeffect.stored_environment.Data__4.inst_values_ptr_2 40 pure>)
+1452: setfield_gc(p115, p71, descr=<FieldP rpyeffect.stored_environment.Data__4.inst_values_ptr_3 48 pure>)
+1456: setfield_gc(p113, p115, descr=<FieldP rpyeffect.stored_environment.Data__2.inst_values_ptr_0 24 pure>)
+1460: setfield_gc(p113, p71, descr=<FieldP rpyeffect.stored_environment.Data__2.inst_values_ptr_1 32 pure>)
+1528: setfield_gc(ConstPtr(ptr127), p113, descr=<FieldP rpyeffect.region.Ref.inst_value 16>)
+1532: p128 = new_with_vtable(descr=<SizeDescr 40>)
+1544: p129 = new_with_vtable(descr=<SizeDescr 40>)
+1556: setfield_gc(p129, ConstPtr(null), descr=<FieldP rpyeffect.stored_environment.Stack__arb.inst_tail 8 pure>)
+1564: setfield_gc(p129, 440, descr=<FieldS rpyeffect.stored_environment.Stack__arb.inst_target 16 pure>)
+1572: p132 = new_with_vtable(descr=<SizeDescr 24>)
+1592: setfield_gc(p132, ConstPtr(ptr133), descr=<FieldP rpyeffect.codata.CoData.inst_vtable 8 pure>)
+1596: setfield_gc(p129, p132, descr=<FieldP rpyeffect.stored_environment.Stack__1.inst_values_ptr_0 32 pure>)
+1600: p134 = new_with_vtable(descr=<SizeDescr 40>)
+1616: p135 = new_with_vtable(descr=<SizeDescr 40>)
+1632: p136 = new_with_vtable(descr=<SizeDescr 56>)
+1648: setfield_gc(p136, p72, descr=<FieldP rpyeffect.stored_environment.Stack__arb.inst_tail 8 pure>)
+1656: setfield_gc(p136, 4423, descr=<FieldS rpyeffect.stored_environment.Stack__arb.inst_target 16 pure>)
+1664: p138 = new_with_vtable(descr=<SizeDescr 16>)
+1680: setfield_gc(p138, i84, descr=<FieldS rpyeffect.value.IntValue.inst_value 8 pure>)
+1684: setfield_gc(p136, p138, descr=<FieldP rpyeffect.stored_environment.Stack__3.inst_values_ptr_0 32 pure>)
+1688: p139 = new_with_vtable(descr=<SizeDescr 16>)
+1700: setfield_gc(p139, i93, descr=<FieldS rpyeffect.value.IntValue.inst_value 8 pure>)
+1704: setfield_gc(p136, p139, descr=<FieldP rpyeffect.stored_environment.Stack__3.inst_values_ptr_1 40 pure>)
+1708: setfield_gc(p136, p83, descr=<FieldP rpyeffect.stored_environment.Stack__3.inst_values_ptr_2 48 pure>)
+1712: setfield_gc(p135, p136, descr=<FieldP rpyeffect.stored_environment.Stack__arb.inst_tail 8 pure>)
+1716: setfield_gc(p135, 665, descr=<FieldS rpyeffect.stored_environment.Stack__arb.inst_target 16 pure>)
+1724: setfield_gc(p135, p71, descr=<FieldP rpyeffect.stored_environment.Stack__1.inst_values_ptr_0 32 pure>)
+1728: setfield_gc(p128, 4384, descr=<FieldS rpyeffect.stored_environment.Stack__arb.inst_target 16 pure>)
+1736: setfield_gc(p134, p135, descr=<FieldP rpyeffect.stack.MetaStackLike.inst_stack 8 pure>)
+1740: setfield_gc(p134, p61, descr=<FieldP rpyeffect.stack.MetaStack.inst_label 16 pure>)
+1748: setfield_gc(p134, p62, descr=<FieldP rpyeffect.stack.MetaStack.inst_tail 32 pure>)
+1752: setfield_gc(p128, p129, descr=<FieldP rpyeffect.stored_environment.Stack__arb.inst_tail 8 pure>)
+1756: setfield_gc(p128, p99, descr=<FieldP rpyeffect.stored_environment.Stack__1.inst_values_ptr_0 32 pure>)
+1764: setfield_gc(p134, ConstPtr(null), descr=<FieldP rpyeffect.stack.MetaStack.inst_region 24 pure>)
+1864: jump(p118, p128, p106, p0, p134, ConstPtr(ptr143), p107, p132, p71, ConstPtr(ptr144), ConstPtr(ptr145), ConstPtr(ptr146), p7, p8, p9, p10, p11, p12, p13, p14, descr=TargetToken(5114879520))
+1932: --end of the loop--
[b09ec86] jit-log-opt-bridge}
[19ef7dcc] {jit-summary
Tracing:      	2	0.002719
Backend:      	2	0.000441
TOTAL:      		0.255666
ops:             	13157
heapcached ops:  	1663
recorded ops:    	6551
  calls:         	5281
guards:          	445
opt ops:         	448
opt guards:      	49
opt guards shared:	42
forcings:        	0
abort: trace too long:	0
abort: compiling:	0
abort: vable escape:	0
abort: bad loop: 	0
abort: force quasi-immut:	0
abort: segmenting trace:	0
virtualizables forced:	0
nvirtuals:       	4
nvholes:         	0
nvreused:        	0
vecopt tried:    	0
vecopt success:  	0
Total # of loops:	1
Total # of bridges:	1
Freed # of loops:	0
Freed # of bridges:	0
[19efb83a] jit-summary}
