[aa94b38] {jit-log-opt-loop
# Loop 1 (4376<main.rpyeffect:43([switch case for Bool(true)#118])>+0: {"op": "Const", "type": "ptr", "out": 1, "format": "string", "value": "Name(import$std/core/hnd)"}) : loop with 271 ops
[p0, p1, p2, p3, p4]
+392: p5 = getfield_gc_r(p2, descr=<FieldP rpyeffect.environment.Environment.inst_values_ptr 16>)
+400: p7 = getarrayitem_gc_r(p5, 0, descr=<ArrayP 8>)
+404: p9 = getarrayitem_gc_r(p5, 1, descr=<ArrayP 8>)
+408: p11 = getarrayitem_gc_r(p5, 2, descr=<ArrayP 8>)
+412: p13 = getarrayitem_gc_r(p5, 3, descr=<ArrayP 8>)
+416: p15 = getarrayitem_gc_r(p5, 4, descr=<ArrayP 8>)
+420: p17 = getarrayitem_gc_r(p5, 5, descr=<ArrayP 8>)
+424: p19 = getarrayitem_gc_r(p5, 6, descr=<ArrayP 8>)
+428: p21 = getarrayitem_gc_r(p5, 7, descr=<ArrayP 8>)
+432: p23 = getarrayitem_gc_r(p5, 8, descr=<ArrayP 8>)
+436: p25 = getarrayitem_gc_r(p5, 9, descr=<ArrayP 8>)
+440: p27 = getarrayitem_gc_r(p5, 10, descr=<ArrayP 8>)
+444: p29 = getarrayitem_gc_r(p5, 11, descr=<ArrayP 8>)
+448: p31 = getarrayitem_gc_r(p5, 12, descr=<ArrayP 8>)
+452: p33 = getarrayitem_gc_r(p5, 13, descr=<ArrayP 8>)
+456: p35 = getarrayitem_gc_r(p5, 14, descr=<ArrayP 8>)
+460: p37 = getarrayitem_gc_r(p5, 15, descr=<ArrayP 8>)
+464: label(p0, p1, p2, p3, p4, p7, p9, p11, p13, p15, p17, p19, p21, p23, p25, p27, p29, p31, p33, p35, p37, descr=TargetToken(4838111776))
debug_merge_point(0, 0, '4376<main.rpyeffect:43([switch case for Bool(true)#118])>+0: {"op": "Const". "type": "ptr". "out": 1. "format": "string". "value": "Name(import$std/core/hnd)"}')
+524: guard_not_invalidated(descr=<Guard0x1205d7778>) [p2, p7, p9, p11, p13, p15, p17, p19, p21, p23, p25, p27, p29, p31, p33, p35, p37, p0, p1, p3, p4]
debug_merge_point(0, 0, '4376<main.rpyeffect:43([switch case for Bool(true)#118])>+1: {"op": "PrimOp". "name": "getGlobal(String): Ptr". "out": {"any": [1]}. "in": {"any": [1]}}')
debug_merge_point(0, 0, '4376<main.rpyeffect:43([switch case for Bool(true)#118])>+2: {"op": "Push". "target": 4375. "args": {"any": [0]}}')
debug_merge_point(0, 0, '4376<main.rpyeffect:43([switch case for Bool(true)#118])>+3: {"op": "Copy". "type": "any". "from": 1. "to". 0}')
debug_merge_point(0, 0, '4376<main.rpyeffect:43([switch case for Bool(true)#118])>+4: {"op": "Jump". "target": 4373}')
debug_merge_point(0, 0, '4373<main.rpyeffect:40([mcore:[#105]#84])>+0: {"op": "Const". "type": "ptr". "out": 0. "format": "int". "value": "<IntValue object at 0x12040c770>"}')
debug_merge_point(0, 0, '4373<main.rpyeffect:40([mcore:[#105]#84])>+1: {"op": "Const". "type": "ptr". "out": 1. "format": "string". "value": "Name(import$std/core/hnd)"}')
debug_merge_point(0, 0, '4373<main.rpyeffect:40([mcore:[#105]#84])>+2: {"op": "PrimOp". "name": "getGlobal(String): Ptr". "out": {"any": [1]}. "in": {"any": [1]}}')
debug_merge_point(0, 0, '4373<main.rpyeffect:40([mcore:[#105]#84])>+3: {"op": "Push". "target": 4372. "args": {"any": [0]}}')
debug_merge_point(0, 0, '4373<main.rpyeffect:40([mcore:[#105]#84])>+4: {"op": "Copy". "type": "any". "from": 1. "to". 0}')
debug_merge_point(0, 0, '4373<main.rpyeffect:40([mcore:[#105]#84])>+5: {"op": "Jump". "target": 4361}')
debug_merge_point(0, 0, '4361<main.rpyeffect:28([mcore:[#97]#80])>+0: {"op": "Const". "type": "ptr". "out": 0. "format": "string". "value": "Name(import$std/core/hnd)"}')
debug_merge_point(0, 0, '4361<main.rpyeffect:28([mcore:[#97]#80])>+1: {"op": "PrimOp". "name": "getGlobal(String): Ptr". "out": {"any": [0]}. "in": {"any": [0]}}')
debug_merge_point(0, 0, '4361<main.rpyeffect:28([mcore:[#97]#80])>+2: {"op": "CallLib". "lib": "0". "symbol": "getCurrentEvv"}')
debug_merge_point(0, 0, '301<std_core_hnd.rpyeffect:0(Name(getCurrentEvv))>+0: {"op": "Const". "type": "ptr". "out": 0. "format": "string". "value": "current-evv"}')
debug_merge_point(0, 0, '301<std_core_hnd.rpyeffect:0(Name(getCurrentEvv))>+1: {"op": "PrimOp". "name": "getGlobal(String): Ptr". "out": {"any": [0]}. "in": {"any": [0]}}')
debug_merge_point(0, 0, '301<std_core_hnd.rpyeffect:0(Name(getCurrentEvv))>+2: {"op": "PrimOp". "name": "getRef(Ref[Ptr]): Ptr". "out": {"any": [0]}. "in": {"any": [0]}}')
+532: p39 = getfield_gc_r(ConstPtr(ptr38), descr=<FieldP rpyeffect.region.Ref.inst_value 16>)
+540: guard_value(p39, ConstPtr(ptr40), descr=<Guard0x1205d77c0>) [p2, p7, p9, p11, p13, p15, p17, p19, p21, p23, p25, p27, p29, p31, p33, p35, p37, p0, p1, p3, p4]
debug_merge_point(0, 0, '301<std_core_hnd.rpyeffect:0(Name(getCurrentEvv))>+3: {"op": "Return". "args": {"any": [0]}}')
debug_merge_point(0, 0, '4372<main.rpyeffect:39([k@[mcore:[#105]#84]#90])>+0: {"op": "PrimOp". "name": "promote_ptr". "out": {"any": [0]}. "in": {"any": [0]}}')
+548: i42 = instance_ptr_eq(ConstPtr(ptr41), p39)
guard_true(i42, descr=<Guard0x120633c10>) [p2, p7, p9, p11, p13, p15, p17, p19, p21, p23, p25, p27, p29, p31, p33, p35, p37, p0, p1, p3, p4]
debug_merge_point(0, 0, '4372<main.rpyeffect:39([k@[mcore:[#105]#84]#90])>+1: {"op": "Const". "type": "ptr". "out": 2. "format": "string". "value": "Name(import$std/core/hnd)"}')
debug_merge_point(0, 0, '4372<main.rpyeffect:39([k@[mcore:[#105]#84]#90])>+2: {"op": "PrimOp". "name": "getGlobal(String): Ptr". "out": {"any": [2]}. "in": {"any": [2]}}')
debug_merge_point(0, 0, '4372<main.rpyeffect:39([k@[mcore:[#105]#84]#90])>+3: {"op": "Push". "target": 4371. "args": {"any": []}}')
debug_merge_point(0, 0, '4372<main.rpyeffect:39([k@[mcore:[#105]#84]#90])>+4: {"op": "Jump". "target": 4360}')
debug_merge_point(0, 0, '4360<main.rpyeffect:27([mcore:[#96]#74])>+0: {"op": "Const". "type": "ptr". "out": 2. "format": "string". "value": "Name(import$std/core/hnd)"}')
debug_merge_point(0, 0, '4360<main.rpyeffect:27([mcore:[#96]#74])>+1: {"op": "PrimOp". "name": "getGlobal(String): Ptr". "out": {"any": [2]}. "in": {"any": [2]}}')
debug_merge_point(0, 0, '4360<main.rpyeffect:27([mcore:[#96]#74])>+2: {"op": "CallLib". "lib": "2". "symbol": "elt"}')
debug_merge_point(0, 0, '341<std_core_hnd.rpyeffect:40(Name(elt))>+0: {"op": "Switch". "scrutinee": 1. "values": [<IntValue object at 0x150617bf0>]. "targets": [339]. "default": 340}')
debug_merge_point(0, 0, '339<std_core_hnd.rpyeffect:38([switch case for Int(0)#100])>+0: {"op": "Proj". "out": 0. "type": Interned(evv). "scrutinee": 0. "tag": Interned(cons). "field": 0. "field_type": "any"}')
+556: p44 = getfield_gc_r(ConstPtr(ptr43), descr=<FieldP rpyeffect.data.Data.inst_tag 8>)
+564: guard_value(p44, ConstPtr(ptr45), descr=<Guard0x120633c40>) [p2, p7, p9, p11, p13, p15, p17, p19, p21, p23, p25, p27, p29, p31, p33, p35, p37, p0, p1, p3, p4]
debug_merge_point(0, 0, '339<std_core_hnd.rpyeffect:38([switch case for Int(0)#100])>+1: {"op": "Return". "args": {"any": [0]}}')
debug_merge_point(0, 0, '4371<main.rpyeffect:38([k@[k@[mcore:[#105]#84]#90]#98])>+0: {"op": "Match". "type": Interned(std/core/hnd/ev). "scrutinee": 0. "clauses": [{"tag": Interned(std/core/hnd/Ev). "target": 4370. "args": {"any": [1. 2. 3. 4]}}]. "default": {"tag": Interned(7d9cd340-27e5-4a09-b8f2-d333c28293cf#[Missing Tag#544]). "target": 4362. "args": {"any": []}}}')
+576: p47 = getfield_gc_r(ConstPtr(ptr46), descr=<FieldP rpyeffect.data.Data.inst_tag 8>)
+584: guard_value(p47, ConstPtr(ptr48), descr=<Guard0x120633c70>) [p2, p7, p9, p11, p13, p15, p17, p19, p21, p23, p25, p27, p29, p31, p33, p35, p37, p0, p1, p3, p4]
debug_merge_point(0, 0, '4370<main.rpyeffect:37([#100])>+0: {"op": "Copy". "type": "any". "from": 0. "to". 1}')
debug_merge_point(0, 0, '4370<main.rpyeffect:37([#100])>+1: {"op": "Copy". "type": "any". "from": 2. "to". 0}')
debug_merge_point(0, 0, '4370<main.rpyeffect:37([#100])>+2: {"op": "Match". "type": Interned(main/func). "scrutinee": 3. "clauses": [{"tag": Interned(main/@Hnd-func). "target": 4369. "args": {"any": [2. 3]}}]. "default": {"tag": Interned(7d9cd340-27e5-4a09-b8f2-d333c28293cf#[Missing Tag#543]). "target": 4364. "args": {"any": []}}}')
+596: p50 = getfield_gc_r(ConstPtr(ptr49), descr=<FieldP rpyeffect.data.Data.inst_tag 8>)
+604: guard_value(p50, ConstPtr(ptr51), descr=<Guard0x120633ca0>) [p2, p7, p9, p11, p13, p15, p17, p19, p21, p23, p25, p27, p29, p31, p33, p35, p37, p0, p1, p3, p4]
debug_merge_point(0, 0, '4369<main.rpyeffect:36([match_main/@Hnd-func@[#100]#105])>+0: {"op": "Match". "type": Interned(std/core/hnd/clause0). "scrutinee": 3. "clauses": [{"tag": Interned(std/core/hnd/Clause0). "target": 4368. "args": {"any": [2]}}]. "default": {"tag": Interned(7d9cd340-27e5-4a09-b8f2-d333c28293cf#[Missing Tag#542]). "target": 4366. "args": {"any": []}}}')
+616: p53 = getfield_gc_r(ConstPtr(ptr52), descr=<FieldP rpyeffect.data.Data.inst_tag 8>)
+624: guard_value(p53, ConstPtr(ptr54), descr=<Guard0x120633cd0>) [p2, p7, p9, p11, p13, p15, p17, p19, p21, p23, p25, p27, p29, p31, p33, p35, p37, p0, p1, p3, p4]
debug_merge_point(0, 0, '4368<main.rpyeffect:35([#110])>+0: {"op": "Invoke". "receiver": 2. "tag": Interned(apply). "args" : {"any": [0. 1]}}')
debug_merge_point(0, 0, '4392<main.rpyeffect:59([method_apply@[mcore:[#144]#193]#199])>+0: {"op": "Const". "type": "ptr". "out": 2. "format": "string". "value": "Name(import$std/core/hnd)"}')
debug_merge_point(0, 0, '4392<main.rpyeffect:59([method_apply@[mcore:[#144]#193]#199])>+1: {"op": "PrimOp". "name": "getGlobal(String): Ptr". "out": {"any": [2]}. "in": {"any": [2]}}')
debug_merge_point(0, 0, '4392<main.rpyeffect:59([method_apply@[mcore:[#144]#193]#199])>+2: {"op": "Jump". "target": 4389}')
debug_merge_point(0, 0, '4389<main.rpyeffect:56([mcore:[#134]#176])>+0: {"op": "New". "out": 1. "targets": [4388]. "args": {"any": []}}')
debug_merge_point(0, 0, '4389<main.rpyeffect:56([mcore:[#134]#176])>+1: {"op": "Const". "type": "ptr". "out": 2. "format": "string". "value": "Name(import$std/core/hnd)"}')
debug_merge_point(0, 0, '4389<main.rpyeffect:56([mcore:[#134]#176])>+2: {"op": "PrimOp". "name": "getGlobal(String): Ptr". "out": {"any": [2]}. "in": {"any": [2]}}')
debug_merge_point(0, 0, '4389<main.rpyeffect:56([mcore:[#134]#176])>+3: {"op": "Jump". "target": 4382}')
debug_merge_point(0, 0, '4382<main.rpyeffect:49([mcore:[#120]#146])>+0: {"op": "Const". "type": "ptr". "out": 2. "format": "string". "value": "Name(import$std/core/hnd)"}')
debug_merge_point(0, 0, '4382<main.rpyeffect:49([mcore:[#120]#146])>+1: {"op": "PrimOp". "name": "getGlobal(String): Ptr". "out": {"any": [2]}. "in": {"any": [2]}}')
debug_merge_point(0, 0, '4382<main.rpyeffect:49([mcore:[#120]#146])>+2: {"op": "CallLib". "lib": "2". "symbol": "std/core/hnd/yield-to"}')
debug_merge_point(0, 0, '875<std_core_hnd.rpyeffect:574([mcore:[#899]#1511])>+0: {"op": "Push". "target": 874. "args": {"any": [1. 0]}}')
debug_merge_point(0, 0, '875<std_core_hnd.rpyeffect:574([mcore:[#899]#1511])>+1: {"op": "Jump". "target": 509}')
debug_merge_point(0, 0, '509<std_core_hnd.rpyeffect:208([mcore:[#477]#451])>+0: {"op": "Jump". "target": 301}')
debug_merge_point(0, 0, '301<std_core_hnd.rpyeffect:0(Name(getCurrentEvv))>+0: {"op": "Const". "type": "ptr". "out": 0. "format": "string". "value": "current-evv"}')
debug_merge_point(0, 0, '301<std_core_hnd.rpyeffect:0(Name(getCurrentEvv))>+1: {"op": "PrimOp". "name": "getGlobal(String): Ptr". "out": {"any": [0]}. "in": {"any": [0]}}')
debug_merge_point(0, 0, '301<std_core_hnd.rpyeffect:0(Name(getCurrentEvv))>+2: {"op": "PrimOp". "name": "getRef(Ref[Ptr]): Ptr". "out": {"any": [0]}. "in": {"any": [0]}}')
debug_merge_point(0, 0, '301<std_core_hnd.rpyeffect:0(Name(getCurrentEvv))>+3: {"op": "Return". "args": {"any": [0]}}')
debug_merge_point(0, 0, '874<std_core_hnd.rpyeffect:573([k@[mcore:[#899]#1511]#1513])>+0: {"op": "Push". "target": 873. "args": {"any": [0]}}')
debug_merge_point(0, 0, '874<std_core_hnd.rpyeffect:573([k@[mcore:[#899]#1511]#1513])>+1: {"op": "Copy". "type": "any". "from": 2. "to". 0}')
debug_merge_point(0, 0, '874<std_core_hnd.rpyeffect:573([k@[mcore:[#899]#1511]#1513])>+2: {"op": "Jump". "target": 507}')
debug_merge_point(0, 0, '507<std_core_hnd.rpyeffect:206([mcore:[#476]#441])>+0: {"op": "Const". "type": "ptr". "out": 2. "format": "int". "value": "<IntValue object at 0x15063ab80>"}')
debug_merge_point(0, 0, '507<std_core_hnd.rpyeffect:206([mcore:[#476]#441])>+1: {"op": "ShiftDyn". "out": 0. "n": 2. "label": 0}')
+636: i56 = instance_ptr_eq(p4, ConstPtr(ptr55))
guard_true(i56, descr=<Guard0x120633d00>) [p2, p7, p9, p11, p13, p15, p17, p19, p21, p23, p25, p27, p29, p31, p33, p35, p37, p0, p1, p3, p4]
+648: guard_nonnull(p0, descr=<Guard0x120633d30>) [p2, p7, p9, p11, p13, p15, p17, p19, p21, p23, p25, p27, p29, p31, p33, p35, p37, p0, p1, p3, p4]
+660: i57 = getfield_gc_i(p0, descr=<FieldS rpyeffect.stack.Label.inst_origin 8 pure>)
+668: guard_value(i57, 524288, descr=<Guard0x120633d60>) [p2, p7, p9, p11, p13, p15, p17, p19, p21, p23, p25, p27, p29, p31, p33, p35, p37, p0, p1, p3, p4]
+688: i60 = instance_ptr_eq(p0, ConstPtr(ptr59))
guard_true(i60, descr=<Guard0x120633d90>) [p2, p7, p9, p11, p13, p15, p17, p19, p21, p23, p25, p27, p29, p31, p33, p35, p37, p0, p1, p3, p4]
+696: guard_nonnull_class(p3, 4373161624, descr=<Guard0x1205d7808>) [p2, p7, p9, p11, p13, p15, p17, p19, p21, p23, p25, p27, p29, p31, p33, p35, p37, p0, p1, p3, p4]
+724: p62 = getfield_gc_r(p3, descr=<FieldP rpyeffect.stack.MetaStackLike.inst_stack 8 pure>)
+728: p63 = getfield_gc_r(p3, descr=<FieldP rpyeffect.stack.MetaStack.inst_label 16 pure>)
+732: p64 = getfield_gc_r(p3, descr=<FieldP rpyeffect.stack.MetaStack.inst_tail 32 pure>)
+736: guard_nonnull(p62, descr=<Guard0x120633dc0>) [p2, p7, p9, p11, p13, p15, p17, p19, p21, p23, p25, p27, p29, p31, p33, p35, p37, p0, p1, p3, p4]
+744: i65 = getfield_gc_i(p62, descr=<FieldS rpyeffect.stored_environment.Stack__arb.inst_target 16 pure>)
+748: guard_value(i65, 4384, descr=<Guard0x120633df0>) [p2, p7, p9, p11, p13, p15, p17, p19, p21, p23, p25, p27, p29, p31, p33, p35, p37, p0, p1, p3, p4]
debug_merge_point(0, 0, '507<std_core_hnd.rpyeffect:206([mcore:[#476]#441])>+2: {"op": "New". "out": 0. "targets": [506]. "args": {"any": [0]}}')
debug_merge_point(0, 0, '507<std_core_hnd.rpyeffect:206([mcore:[#476]#441])>+3: {"op": "Invoke". "receiver": 1. "tag": Interned(apply). "args" : {"any": [0]}}')
debug_merge_point(0, 0, '4388<main.rpyeffect:55([method_apply@[mcore:[#134]#176]#179])>+0: {"op": "Const". "type": "ptr". "out": 1. "format": "string". "value": "Name(import$std/core/hnd)"}')
debug_merge_point(0, 0, '4388<main.rpyeffect:55([method_apply@[mcore:[#134]#176]#179])>+1: {"op": "PrimOp". "name": "getGlobal(String): Ptr". "out": {"any": [1]}. "in": {"any": [1]}}')
debug_merge_point(0, 0, '4388<main.rpyeffect:55([method_apply@[mcore:[#134]#176]#179])>+2: {"op": "Jump". "target": 4387}')
debug_merge_point(0, 0, '4387<main.rpyeffect:54([mcore:[#132]#164])>+0: {"op": "Construct". "out": 1. "type": Interned(Unit). "tag": Interned(unit). "args": {"any": []}}')
debug_merge_point(0, 0, '4387<main.rpyeffect:54([mcore:[#132]#164])>+1: {"op": "New". "out": 2. "targets": [4386]. "args": {"any": []}}')
debug_merge_point(0, 0, '4387<main.rpyeffect:54([mcore:[#132]#164])>+2: {"op": "Const". "type": "ptr". "out": 3. "format": "string". "value": "Name(import$std/core/hnd)"}')
debug_merge_point(0, 0, '4387<main.rpyeffect:54([mcore:[#132]#164])>+3: {"op": "PrimOp". "name": "getGlobal(String): Ptr". "out": {"any": [3]}. "in": {"any": [3]}}')
debug_merge_point(0, 0, '4387<main.rpyeffect:54([mcore:[#132]#164])>+4: {"op": "Swap". "type": "any". "a": 0. "b". 1}')
debug_merge_point(0, 0, '4387<main.rpyeffect:54([mcore:[#132]#164])>+5: {"op": "Swap". "type": "any". "a": 2. "b". 1}')
debug_merge_point(0, 0, '4387<main.rpyeffect:54([mcore:[#132]#164])>+6: {"op": "Jump". "target": 4383}')
debug_merge_point(0, 0, '4383<main.rpyeffect:50([mcore:[#123]#152])>+0: {"op": "Const". "type": "ptr". "out": 3. "format": "string". "value": "Name(import$std/core/hnd)"}')
debug_merge_point(0, 0, '4383<main.rpyeffect:50([mcore:[#123]#152])>+1: {"op": "PrimOp". "name": "getGlobal(String): Ptr". "out": {"any": [3]}. "in": {"any": [3]}}')
debug_merge_point(0, 0, '4383<main.rpyeffect:50([mcore:[#123]#152])>+2: {"op": "CallLib". "lib": "3". "symbol": "std/core/hnd/protect"}')
debug_merge_point(0, 0, '503<std_core_hnd.rpyeffect:202([mcore:[#473]#439])>+0: {"op": "Swap". "type": "any". "a": 2. "b". 1}')
debug_merge_point(0, 0, '503<std_core_hnd.rpyeffect:202([mcore:[#473]#439])>+1: {"op": "Invoke". "receiver": 2. "tag": Interned(apply). "args" : {"any": [0. 1]}}')
debug_merge_point(0, 0, '4386<main.rpyeffect:53([method_apply@[mcore:[#132]#164]#170])>+0: {"op": "Jump". "target": 4385}')
debug_merge_point(0, 0, '4385<main.rpyeffect:52([mcore:[#129]#159])>+0: {"op": "Construct". "out": 0. "type": Interned(Unit). "tag": Interned(unit). "args": {"any": []}}')
debug_merge_point(0, 0, '4385<main.rpyeffect:52([mcore:[#129]#159])>+1: {"op": "Push". "target": 4384. "args": {"any": []}}')
debug_merge_point(0, 0, '4385<main.rpyeffect:52([mcore:[#129]#159])>+2: {"op": "Invoke". "receiver": 1. "tag": Interned(apply). "args" : {"any": [0]}}')
debug_merge_point(0, 0, '506<std_core_hnd.rpyeffect:205([method_apply@[mcore:[#476]#441]#448])>+0: {"op": "Jump". "target": 504}')
debug_merge_point(0, 0, '504<std_core_hnd.rpyeffect:203([mcore:[#475]#440])>+0: {"op": "PushStack". "arg": 1}')
debug_merge_point(0, 0, '504<std_core_hnd.rpyeffect:203([mcore:[#475]#440])>+1: {"op": "Return". "args": {"any": [0]}}')
debug_merge_point(0, 0, '873<std_core_hnd.rpyeffect:572([k@[k@[mcore:[#899]#1511]#1513]#1515])>+0: {"op": "Const". "type": "ptr". "out": 2. "format": "string". "value": "Name(import$std/core/hnd)"}')
debug_merge_point(0, 0, '873<std_core_hnd.rpyeffect:572([k@[k@[mcore:[#899]#1511]#1513]#1515])>+1: {"op": "PrimOp". "name": "getGlobal(String): Ptr". "out": {"any": [2]}. "in": {"any": [2]}}')
debug_merge_point(0, 0, '873<std_core_hnd.rpyeffect:572([k@[k@[mcore:[#899]#1511]#1513]#1515])>+2: {"op": "Push". "target": 872. "args": {"any": [0]}}')
debug_merge_point(0, 0, '873<std_core_hnd.rpyeffect:572([k@[k@[mcore:[#899]#1511]#1513]#1515])>+3: {"op": "Copy". "type": "any". "from": 1. "to". 0}')
debug_merge_point(0, 0, '873<std_core_hnd.rpyeffect:572([k@[k@[mcore:[#899]#1511]#1513]#1515])>+4: {"op": "Copy". "type": "any". "from": 2. "to". 1}')
debug_merge_point(0, 0, '873<std_core_hnd.rpyeffect:572([k@[k@[mcore:[#899]#1511]#1513]#1515])>+5: {"op": "Jump". "target": 871}')
debug_merge_point(0, 0, '871<std_core_hnd.rpyeffect:570([mcore:[#898]#1506])>+0: {"op": "Const". "type": "ptr". "out": 1. "format": "string". "value": "Name(import$std/core/hnd)"}')
debug_merge_point(0, 0, '871<std_core_hnd.rpyeffect:570([mcore:[#898]#1506])>+1: {"op": "PrimOp". "name": "getGlobal(String): Ptr". "out": {"any": [1]}. "in": {"any": [1]}}')
debug_merge_point(0, 0, '871<std_core_hnd.rpyeffect:570([mcore:[#898]#1506])>+2: {"op": "CallLib". "lib": "1". "symbol": "setCurrentEvv"}')
debug_merge_point(0, 0, '302<std_core_hnd.rpyeffect:1(Name(setCurrentEvv))>+0: {"op": "Const". "type": "ptr". "out": 1. "format": "string". "value": "current-evv"}')
debug_merge_point(0, 0, '302<std_core_hnd.rpyeffect:1(Name(setCurrentEvv))>+1: {"op": "PrimOp". "name": "getGlobal(String): Ptr". "out": {"any": [1]}. "in": {"any": [1]}}')
debug_merge_point(0, 0, '302<std_core_hnd.rpyeffect:1(Name(setCurrentEvv))>+2: {"op": "PrimOp". "name": "setRef(Ref[Ptr]. Ptr): Unit". "out": {"any": [0]}. "in": {"any": [1. 0]}}')
debug_merge_point(0, 0, '302<std_core_hnd.rpyeffect:1(Name(setCurrentEvv))>+3: {"op": "Return". "args": {"any": [0]}}')
debug_merge_point(0, 0, '872<std_core_hnd.rpyeffect:571([k@[k@[k@[mcore:[#899]#1511]#1513]#1515]#1520])>+0: {"op": "Copy". "type": "any". "from": 1. "to". 0}')
debug_merge_point(0, 0, '872<std_core_hnd.rpyeffect:571([k@[k@[k@[mcore:[#899]#1511]#1513]#1515]#1520])>+1: {"op": "Return". "args": {"any": [0]}}')
debug_merge_point(0, 0, '4375<main.rpyeffect:42([k@[switch case for Bool(true)#118]#123])>+0: {"op": "Const". "type": "ptr". "out": 0. "format": "int". "value": "<IntValue object at 0x12040c6f0>"}')
debug_merge_point(0, 0, '4375<main.rpyeffect:42([k@[switch case for Bool(true)#118]#123])>+1: {"op": "PrimOp". "name": "infixSub(Int. Int): Int". "out": {"any": [0]}. "in": {"any": [1. 0]}}')
+760: i67 = getfield_gc_i(p7, descr=<FieldS rpyeffect.value.IntValue.inst_value 8 pure>)
+764: i69 = int_sub(i67, 1)
debug_merge_point(0, 0, '4375<main.rpyeffect:42([k@[switch case for Bool(true)#118]#123])>+2: {"op": "Const". "type": "ptr". "out": 1. "format": "string". "value": "Name(import$std/core/hnd)"}')
debug_merge_point(0, 0, '4375<main.rpyeffect:42([k@[switch case for Bool(true)#118]#123])>+3: {"op": "PrimOp". "name": "getGlobal(String): Ptr". "out": {"any": [1]}. "in": {"any": [1]}}')
debug_merge_point(0, 0, '4375<main.rpyeffect:42([k@[switch case for Bool(true)#118]#123])>+4: {"op": "Jump". "target": 4380}')
debug_merge_point(0, 0, '4380<main.rpyeffect:47([mcore:[#114]#114])>+0: {"op": "Const". "type": "ptr". "out": 1. "format": "int". "value": "<IntValue object at 0x12040c560>"}')
debug_merge_point(0, 0, '4380<main.rpyeffect:47([mcore:[#114]#114])>+1: {"op": "PrimOp". "name": "infixGt(Int. Int): Boolean". "out": {"any": [1]}. "in": {"any": [0. 1]}}')
+768: i71 = int_gt(i69, 0)
debug_merge_point(0, 0, '4380<main.rpyeffect:47([mcore:[#114]#114])>+2: {"op": "Switch". "scrutinee": 1. "values": [<BoolValue object at 0x12040c530>]. "targets": [4376]. "default": 4379}')
guard_true(i71, descr=<Guard0x120633e20>) [p2, p7, p9, p11, p13, p15, p17, p19, p21, p23, p25, p27, p29, p31, p33, p35, p37, p0, p1, p3, p4]
+776: guard_nonnull(p1, descr=<Guard0x120633e50>) [p2, p7, p9, p11, p13, p15, p17, p19, p21, p23, p25, p27, p29, p31, p33, p35, p37, p0, p1, p3, p4]
+788: i72 = getfield_gc_i(p1, descr=<FieldS rpyeffect.stored_environment.Stack__arb.inst_target 16 pure>)
+796: guard_value(i72, 440, descr=<Guard0x120633e80>) [p2, p7, p9, p11, p13, p15, p17, p19, p21, p23, p25, p27, p29, p31, p33, p35, p37, p0, p1, p3, p4]
debug_merge_point(0, 0, '4376<main.rpyeffect:43([switch case for Bool(true)#118])>+0: {"op": "Const". "type": "ptr". "out": 1. "format": "string". "value": "Name(import$std/core/hnd)"}')
+808: label(p0, p1, p2, p62, p63, p64, i69, p17, p19, p21, p23, p25, p27, p29, p31, p33, p35, p37, descr=TargetToken(4838111840))
debug_merge_point(0, 0, '4376<main.rpyeffect:43([switch case for Bool(true)#118])>+0: {"op": "Const". "type": "ptr". "out": 1. "format": "string". "value": "Name(import$std/core/hnd)"}')
+816: guard_not_invalidated(descr=<Guard0x1205d7850>) [p2, p17, p19, p21, p23, p25, p27, p29, p31, p33, p35, p37, p0, p1, p62, p64, p63, i69]
debug_merge_point(0, 0, '4376<main.rpyeffect:43([switch case for Bool(true)#118])>+1: {"op": "PrimOp". "name": "getGlobal(String): Ptr". "out": {"any": [1]}. "in": {"any": [1]}}')
debug_merge_point(0, 0, '4376<main.rpyeffect:43([switch case for Bool(true)#118])>+2: {"op": "Push". "target": 4375. "args": {"any": [0]}}')
debug_merge_point(0, 0, '4376<main.rpyeffect:43([switch case for Bool(true)#118])>+3: {"op": "Copy". "type": "any". "from": 1. "to". 0}')
debug_merge_point(0, 0, '4376<main.rpyeffect:43([switch case for Bool(true)#118])>+4: {"op": "Jump". "target": 4373}')
debug_merge_point(0, 0, '4373<main.rpyeffect:40([mcore:[#105]#84])>+0: {"op": "Const". "type": "ptr". "out": 0. "format": "int". "value": "<IntValue object at 0x12040c770>"}')
debug_merge_point(0, 0, '4373<main.rpyeffect:40([mcore:[#105]#84])>+1: {"op": "Const". "type": "ptr". "out": 1. "format": "string". "value": "Name(import$std/core/hnd)"}')
debug_merge_point(0, 0, '4373<main.rpyeffect:40([mcore:[#105]#84])>+2: {"op": "PrimOp". "name": "getGlobal(String): Ptr". "out": {"any": [1]}. "in": {"any": [1]}}')
debug_merge_point(0, 0, '4373<main.rpyeffect:40([mcore:[#105]#84])>+3: {"op": "Push". "target": 4372. "args": {"any": [0]}}')
debug_merge_point(0, 0, '4373<main.rpyeffect:40([mcore:[#105]#84])>+4: {"op": "Copy". "type": "any". "from": 1. "to". 0}')
debug_merge_point(0, 0, '4373<main.rpyeffect:40([mcore:[#105]#84])>+5: {"op": "Jump". "target": 4361}')
debug_merge_point(0, 0, '4361<main.rpyeffect:28([mcore:[#97]#80])>+0: {"op": "Const". "type": "ptr". "out": 0. "format": "string". "value": "Name(import$std/core/hnd)"}')
debug_merge_point(0, 0, '4361<main.rpyeffect:28([mcore:[#97]#80])>+1: {"op": "PrimOp". "name": "getGlobal(String): Ptr". "out": {"any": [0]}. "in": {"any": [0]}}')
debug_merge_point(0, 0, '4361<main.rpyeffect:28([mcore:[#97]#80])>+2: {"op": "CallLib". "lib": "0". "symbol": "getCurrentEvv"}')
debug_merge_point(0, 0, '301<std_core_hnd.rpyeffect:0(Name(getCurrentEvv))>+0: {"op": "Const". "type": "ptr". "out": 0. "format": "string". "value": "current-evv"}')
debug_merge_point(0, 0, '301<std_core_hnd.rpyeffect:0(Name(getCurrentEvv))>+1: {"op": "PrimOp". "name": "getGlobal(String): Ptr". "out": {"any": [0]}. "in": {"any": [0]}}')
debug_merge_point(0, 0, '301<std_core_hnd.rpyeffect:0(Name(getCurrentEvv))>+2: {"op": "PrimOp". "name": "getRef(Ref[Ptr]): Ptr". "out": {"any": [0]}. "in": {"any": [0]}}')
debug_merge_point(0, 0, '301<std_core_hnd.rpyeffect:0(Name(getCurrentEvv))>+3: {"op": "Return". "args": {"any": [0]}}')
debug_merge_point(0, 0, '4372<main.rpyeffect:39([k@[mcore:[#105]#84]#90])>+0: {"op": "PrimOp". "name": "promote_ptr". "out": {"any": [0]}. "in": {"any": [0]}}')
debug_merge_point(0, 0, '4372<main.rpyeffect:39([k@[mcore:[#105]#84]#90])>+1: {"op": "Const". "type": "ptr". "out": 2. "format": "string". "value": "Name(import$std/core/hnd)"}')
debug_merge_point(0, 0, '4372<main.rpyeffect:39([k@[mcore:[#105]#84]#90])>+2: {"op": "PrimOp". "name": "getGlobal(String): Ptr". "out": {"any": [2]}. "in": {"any": [2]}}')
debug_merge_point(0, 0, '4372<main.rpyeffect:39([k@[mcore:[#105]#84]#90])>+3: {"op": "Push". "target": 4371. "args": {"any": []}}')
debug_merge_point(0, 0, '4372<main.rpyeffect:39([k@[mcore:[#105]#84]#90])>+4: {"op": "Jump". "target": 4360}')
debug_merge_point(0, 0, '4360<main.rpyeffect:27([mcore:[#96]#74])>+0: {"op": "Const". "type": "ptr". "out": 2. "format": "string". "value": "Name(import$std/core/hnd)"}')
debug_merge_point(0, 0, '4360<main.rpyeffect:27([mcore:[#96]#74])>+1: {"op": "PrimOp". "name": "getGlobal(String): Ptr". "out": {"any": [2]}. "in": {"any": [2]}}')
debug_merge_point(0, 0, '4360<main.rpyeffect:27([mcore:[#96]#74])>+2: {"op": "CallLib". "lib": "2". "symbol": "elt"}')
debug_merge_point(0, 0, '341<std_core_hnd.rpyeffect:40(Name(elt))>+0: {"op": "Switch". "scrutinee": 1. "values": [<IntValue object at 0x150617bf0>]. "targets": [339]. "default": 340}')
debug_merge_point(0, 0, '339<std_core_hnd.rpyeffect:38([switch case for Int(0)#100])>+0: {"op": "Proj". "out": 0. "type": Interned(evv). "scrutinee": 0. "tag": Interned(cons). "field": 0. "field_type": "any"}')
debug_merge_point(0, 0, '339<std_core_hnd.rpyeffect:38([switch case for Int(0)#100])>+1: {"op": "Return". "args": {"any": [0]}}')
debug_merge_point(0, 0, '4371<main.rpyeffect:38([k@[k@[mcore:[#105]#84]#90]#98])>+0: {"op": "Match". "type": Interned(std/core/hnd/ev). "scrutinee": 0. "clauses": [{"tag": Interned(std/core/hnd/Ev). "target": 4370. "args": {"any": [1. 2. 3. 4]}}]. "default": {"tag": Interned(7d9cd340-27e5-4a09-b8f2-d333c28293cf#[Missing Tag#544]). "target": 4362. "args": {"any": []}}}')
debug_merge_point(0, 0, '4370<main.rpyeffect:37([#100])>+0: {"op": "Copy". "type": "any". "from": 0. "to". 1}')
debug_merge_point(0, 0, '4370<main.rpyeffect:37([#100])>+1: {"op": "Copy". "type": "any". "from": 2. "to". 0}')
debug_merge_point(0, 0, '4370<main.rpyeffect:37([#100])>+2: {"op": "Match". "type": Interned(main/func). "scrutinee": 3. "clauses": [{"tag": Interned(main/@Hnd-func). "target": 4369. "args": {"any": [2. 3]}}]. "default": {"tag": Interned(7d9cd340-27e5-4a09-b8f2-d333c28293cf#[Missing Tag#543]). "target": 4364. "args": {"any": []}}}')
debug_merge_point(0, 0, '4369<main.rpyeffect:36([match_main/@Hnd-func@[#100]#105])>+0: {"op": "Match". "type": Interned(std/core/hnd/clause0). "scrutinee": 3. "clauses": [{"tag": Interned(std/core/hnd/Clause0). "target": 4368. "args": {"any": [2]}}]. "default": {"tag": Interned(7d9cd340-27e5-4a09-b8f2-d333c28293cf#[Missing Tag#542]). "target": 4366. "args": {"any": []}}}')
debug_merge_point(0, 0, '4368<main.rpyeffect:35([#110])>+0: {"op": "Invoke". "receiver": 2. "tag": Interned(apply). "args" : {"any": [0. 1]}}')
debug_merge_point(0, 0, '4392<main.rpyeffect:59([method_apply@[mcore:[#144]#193]#199])>+0: {"op": "Const". "type": "ptr". "out": 2. "format": "string". "value": "Name(import$std/core/hnd)"}')
debug_merge_point(0, 0, '4392<main.rpyeffect:59([method_apply@[mcore:[#144]#193]#199])>+1: {"op": "PrimOp". "name": "getGlobal(String): Ptr". "out": {"any": [2]}. "in": {"any": [2]}}')
debug_merge_point(0, 0, '4392<main.rpyeffect:59([method_apply@[mcore:[#144]#193]#199])>+2: {"op": "Jump". "target": 4389}')
debug_merge_point(0, 0, '4389<main.rpyeffect:56([mcore:[#134]#176])>+0: {"op": "New". "out": 1. "targets": [4388]. "args": {"any": []}}')
debug_merge_point(0, 0, '4389<main.rpyeffect:56([mcore:[#134]#176])>+1: {"op": "Const". "type": "ptr". "out": 2. "format": "string". "value": "Name(import$std/core/hnd)"}')
debug_merge_point(0, 0, '4389<main.rpyeffect:56([mcore:[#134]#176])>+2: {"op": "PrimOp". "name": "getGlobal(String): Ptr". "out": {"any": [2]}. "in": {"any": [2]}}')
debug_merge_point(0, 0, '4389<main.rpyeffect:56([mcore:[#134]#176])>+3: {"op": "Jump". "target": 4382}')
debug_merge_point(0, 0, '4382<main.rpyeffect:49([mcore:[#120]#146])>+0: {"op": "Const". "type": "ptr". "out": 2. "format": "string". "value": "Name(import$std/core/hnd)"}')
debug_merge_point(0, 0, '4382<main.rpyeffect:49([mcore:[#120]#146])>+1: {"op": "PrimOp". "name": "getGlobal(String): Ptr". "out": {"any": [2]}. "in": {"any": [2]}}')
debug_merge_point(0, 0, '4382<main.rpyeffect:49([mcore:[#120]#146])>+2: {"op": "CallLib". "lib": "2". "symbol": "std/core/hnd/yield-to"}')
debug_merge_point(0, 0, '875<std_core_hnd.rpyeffect:574([mcore:[#899]#1511])>+0: {"op": "Push". "target": 874. "args": {"any": [1. 0]}}')
debug_merge_point(0, 0, '875<std_core_hnd.rpyeffect:574([mcore:[#899]#1511])>+1: {"op": "Jump". "target": 509}')
debug_merge_point(0, 0, '509<std_core_hnd.rpyeffect:208([mcore:[#477]#451])>+0: {"op": "Jump". "target": 301}')
debug_merge_point(0, 0, '301<std_core_hnd.rpyeffect:0(Name(getCurrentEvv))>+0: {"op": "Const". "type": "ptr". "out": 0. "format": "string". "value": "current-evv"}')
debug_merge_point(0, 0, '301<std_core_hnd.rpyeffect:0(Name(getCurrentEvv))>+1: {"op": "PrimOp". "name": "getGlobal(String): Ptr". "out": {"any": [0]}. "in": {"any": [0]}}')
debug_merge_point(0, 0, '301<std_core_hnd.rpyeffect:0(Name(getCurrentEvv))>+2: {"op": "PrimOp". "name": "getRef(Ref[Ptr]): Ptr". "out": {"any": [0]}. "in": {"any": [0]}}')
debug_merge_point(0, 0, '301<std_core_hnd.rpyeffect:0(Name(getCurrentEvv))>+3: {"op": "Return". "args": {"any": [0]}}')
debug_merge_point(0, 0, '874<std_core_hnd.rpyeffect:573([k@[mcore:[#899]#1511]#1513])>+0: {"op": "Push". "target": 873. "args": {"any": [0]}}')
debug_merge_point(0, 0, '874<std_core_hnd.rpyeffect:573([k@[mcore:[#899]#1511]#1513])>+1: {"op": "Copy". "type": "any". "from": 2. "to". 0}')
debug_merge_point(0, 0, '874<std_core_hnd.rpyeffect:573([k@[mcore:[#899]#1511]#1513])>+2: {"op": "Jump". "target": 507}')
debug_merge_point(0, 0, '507<std_core_hnd.rpyeffect:206([mcore:[#476]#441])>+0: {"op": "Const". "type": "ptr". "out": 2. "format": "int". "value": "<IntValue object at 0x15063ab80>"}')
debug_merge_point(0, 0, '507<std_core_hnd.rpyeffect:206([mcore:[#476]#441])>+1: {"op": "ShiftDyn". "out": 0. "n": 2. "label": 0}')
debug_merge_point(0, 0, '507<std_core_hnd.rpyeffect:206([mcore:[#476]#441])>+2: {"op": "New". "out": 0. "targets": [506]. "args": {"any": [0]}}')
debug_merge_point(0, 0, '507<std_core_hnd.rpyeffect:206([mcore:[#476]#441])>+3: {"op": "Invoke". "receiver": 1. "tag": Interned(apply). "args" : {"any": [0]}}')
debug_merge_point(0, 0, '4388<main.rpyeffect:55([method_apply@[mcore:[#134]#176]#179])>+0: {"op": "Const". "type": "ptr". "out": 1. "format": "string". "value": "Name(import$std/core/hnd)"}')
debug_merge_point(0, 0, '4388<main.rpyeffect:55([method_apply@[mcore:[#134]#176]#179])>+1: {"op": "PrimOp". "name": "getGlobal(String): Ptr". "out": {"any": [1]}. "in": {"any": [1]}}')
debug_merge_point(0, 0, '4388<main.rpyeffect:55([method_apply@[mcore:[#134]#176]#179])>+2: {"op": "Jump". "target": 4387}')
debug_merge_point(0, 0, '4387<main.rpyeffect:54([mcore:[#132]#164])>+0: {"op": "Construct". "out": 1. "type": Interned(Unit). "tag": Interned(unit). "args": {"any": []}}')
debug_merge_point(0, 0, '4387<main.rpyeffect:54([mcore:[#132]#164])>+1: {"op": "New". "out": 2. "targets": [4386]. "args": {"any": []}}')
debug_merge_point(0, 0, '4387<main.rpyeffect:54([mcore:[#132]#164])>+2: {"op": "Const". "type": "ptr". "out": 3. "format": "string". "value": "Name(import$std/core/hnd)"}')
debug_merge_point(0, 0, '4387<main.rpyeffect:54([mcore:[#132]#164])>+3: {"op": "PrimOp". "name": "getGlobal(String): Ptr". "out": {"any": [3]}. "in": {"any": [3]}}')
debug_merge_point(0, 0, '4387<main.rpyeffect:54([mcore:[#132]#164])>+4: {"op": "Swap". "type": "any". "a": 0. "b". 1}')
debug_merge_point(0, 0, '4387<main.rpyeffect:54([mcore:[#132]#164])>+5: {"op": "Swap". "type": "any". "a": 2. "b". 1}')
debug_merge_point(0, 0, '4387<main.rpyeffect:54([mcore:[#132]#164])>+6: {"op": "Jump". "target": 4383}')
debug_merge_point(0, 0, '4383<main.rpyeffect:50([mcore:[#123]#152])>+0: {"op": "Const". "type": "ptr". "out": 3. "format": "string". "value": "Name(import$std/core/hnd)"}')
debug_merge_point(0, 0, '4383<main.rpyeffect:50([mcore:[#123]#152])>+1: {"op": "PrimOp". "name": "getGlobal(String): Ptr". "out": {"any": [3]}. "in": {"any": [3]}}')
debug_merge_point(0, 0, '4383<main.rpyeffect:50([mcore:[#123]#152])>+2: {"op": "CallLib". "lib": "3". "symbol": "std/core/hnd/protect"}')
debug_merge_point(0, 0, '503<std_core_hnd.rpyeffect:202([mcore:[#473]#439])>+0: {"op": "Swap". "type": "any". "a": 2. "b". 1}')
debug_merge_point(0, 0, '503<std_core_hnd.rpyeffect:202([mcore:[#473]#439])>+1: {"op": "Invoke". "receiver": 2. "tag": Interned(apply). "args" : {"any": [0. 1]}}')
debug_merge_point(0, 0, '4386<main.rpyeffect:53([method_apply@[mcore:[#132]#164]#170])>+0: {"op": "Jump". "target": 4385}')
debug_merge_point(0, 0, '4385<main.rpyeffect:52([mcore:[#129]#159])>+0: {"op": "Construct". "out": 0. "type": Interned(Unit). "tag": Interned(unit). "args": {"any": []}}')
debug_merge_point(0, 0, '4385<main.rpyeffect:52([mcore:[#129]#159])>+1: {"op": "Push". "target": 4384. "args": {"any": []}}')
debug_merge_point(0, 0, '4385<main.rpyeffect:52([mcore:[#129]#159])>+2: {"op": "Invoke". "receiver": 1. "tag": Interned(apply). "args" : {"any": [0]}}')
debug_merge_point(0, 0, '506<std_core_hnd.rpyeffect:205([method_apply@[mcore:[#476]#441]#448])>+0: {"op": "Jump". "target": 504}')
debug_merge_point(0, 0, '504<std_core_hnd.rpyeffect:203([mcore:[#475]#440])>+0: {"op": "PushStack". "arg": 1}')
debug_merge_point(0, 0, '504<std_core_hnd.rpyeffect:203([mcore:[#475]#440])>+1: {"op": "Return". "args": {"any": [0]}}')
debug_merge_point(0, 0, '873<std_core_hnd.rpyeffect:572([k@[k@[mcore:[#899]#1511]#1513]#1515])>+0: {"op": "Const". "type": "ptr". "out": 2. "format": "string". "value": "Name(import$std/core/hnd)"}')
debug_merge_point(0, 0, '873<std_core_hnd.rpyeffect:572([k@[k@[mcore:[#899]#1511]#1513]#1515])>+1: {"op": "PrimOp". "name": "getGlobal(String): Ptr". "out": {"any": [2]}. "in": {"any": [2]}}')
debug_merge_point(0, 0, '873<std_core_hnd.rpyeffect:572([k@[k@[mcore:[#899]#1511]#1513]#1515])>+2: {"op": "Push". "target": 872. "args": {"any": [0]}}')
debug_merge_point(0, 0, '873<std_core_hnd.rpyeffect:572([k@[k@[mcore:[#899]#1511]#1513]#1515])>+3: {"op": "Copy". "type": "any". "from": 1. "to". 0}')
debug_merge_point(0, 0, '873<std_core_hnd.rpyeffect:572([k@[k@[mcore:[#899]#1511]#1513]#1515])>+4: {"op": "Copy". "type": "any". "from": 2. "to". 1}')
debug_merge_point(0, 0, '873<std_core_hnd.rpyeffect:572([k@[k@[mcore:[#899]#1511]#1513]#1515])>+5: {"op": "Jump". "target": 871}')
debug_merge_point(0, 0, '871<std_core_hnd.rpyeffect:570([mcore:[#898]#1506])>+0: {"op": "Const". "type": "ptr". "out": 1. "format": "string". "value": "Name(import$std/core/hnd)"}')
debug_merge_point(0, 0, '871<std_core_hnd.rpyeffect:570([mcore:[#898]#1506])>+1: {"op": "PrimOp". "name": "getGlobal(String): Ptr". "out": {"any": [1]}. "in": {"any": [1]}}')
debug_merge_point(0, 0, '871<std_core_hnd.rpyeffect:570([mcore:[#898]#1506])>+2: {"op": "CallLib". "lib": "1". "symbol": "setCurrentEvv"}')
debug_merge_point(0, 0, '302<std_core_hnd.rpyeffect:1(Name(setCurrentEvv))>+0: {"op": "Const". "type": "ptr". "out": 1. "format": "string". "value": "current-evv"}')
debug_merge_point(0, 0, '302<std_core_hnd.rpyeffect:1(Name(setCurrentEvv))>+1: {"op": "PrimOp". "name": "getGlobal(String): Ptr". "out": {"any": [1]}. "in": {"any": [1]}}')
debug_merge_point(0, 0, '302<std_core_hnd.rpyeffect:1(Name(setCurrentEvv))>+2: {"op": "PrimOp". "name": "setRef(Ref[Ptr]. Ptr): Unit". "out": {"any": [0]}. "in": {"any": [1. 0]}}')
debug_merge_point(0, 0, '302<std_core_hnd.rpyeffect:1(Name(setCurrentEvv))>+3: {"op": "Return". "args": {"any": [0]}}')
debug_merge_point(0, 0, '872<std_core_hnd.rpyeffect:571([k@[k@[k@[mcore:[#899]#1511]#1513]#1515]#1520])>+0: {"op": "Copy". "type": "any". "from": 1. "to". 0}')
debug_merge_point(0, 0, '872<std_core_hnd.rpyeffect:571([k@[k@[k@[mcore:[#899]#1511]#1513]#1515]#1520])>+1: {"op": "Return". "args": {"any": [0]}}')
debug_merge_point(0, 0, '4375<main.rpyeffect:42([k@[switch case for Bool(true)#118]#123])>+0: {"op": "Const". "type": "ptr". "out": 0. "format": "int". "value": "<IntValue object at 0x12040c6f0>"}')
debug_merge_point(0, 0, '4375<main.rpyeffect:42([k@[switch case for Bool(true)#118]#123])>+1: {"op": "PrimOp". "name": "infixSub(Int. Int): Int". "out": {"any": [0]}. "in": {"any": [1. 0]}}')
+820: i75 = int_sub(i69, 1)
debug_merge_point(0, 0, '4375<main.rpyeffect:42([k@[switch case for Bool(true)#118]#123])>+2: {"op": "Const". "type": "ptr". "out": 1. "format": "string". "value": "Name(import$std/core/hnd)"}')
debug_merge_point(0, 0, '4375<main.rpyeffect:42([k@[switch case for Bool(true)#118]#123])>+3: {"op": "PrimOp". "name": "getGlobal(String): Ptr". "out": {"any": [1]}. "in": {"any": [1]}}')
debug_merge_point(0, 0, '4375<main.rpyeffect:42([k@[switch case for Bool(true)#118]#123])>+4: {"op": "Jump". "target": 4380}')
debug_merge_point(0, 0, '4380<main.rpyeffect:47([mcore:[#114]#114])>+0: {"op": "Const". "type": "ptr". "out": 1. "format": "int". "value": "<IntValue object at 0x12040c560>"}')
debug_merge_point(0, 0, '4380<main.rpyeffect:47([mcore:[#114]#114])>+1: {"op": "PrimOp". "name": "infixGt(Int. Int): Boolean". "out": {"any": [1]}. "in": {"any": [0. 1]}}')
+824: i77 = int_gt(i75, 0)
debug_merge_point(0, 0, '4380<main.rpyeffect:47([mcore:[#114]#114])>+2: {"op": "Switch". "scrutinee": 1. "values": [<BoolValue object at 0x12040c530>]. "targets": [4376]. "default": 4379}')
guard_true(i77, descr=<Guard0x120633eb0>) [p2, p17, p19, p21, p23, p25, p27, p29, p31, p33, p35, p37, p0, p1, p62, p64, p63, i69]
debug_merge_point(0, 0, '4376<main.rpyeffect:43([switch case for Bool(true)#118])>+0: {"op": "Const". "type": "ptr". "out": 1. "format": "string". "value": "Name(import$std/core/hnd)"}')
+832: p78 = new_with_vtable(descr=<SizeDescr 32>)
+936: setfield_gc(p78, 4384, descr=<FieldS rpyeffect.stored_environment.Stack__arb.inst_target 16 pure>)
+944: setfield_gc(p78, p62, descr=<FieldP rpyeffect.stored_environment.Stack__arb.inst_tail 8 pure>)
+956: jump(p0, p1, p2, p78, p63, p64, i75, p17, p19, p21, p23, p25, p27, p29, p31, p33, p35, p37, descr=TargetToken(4838111840))
+968: --end of the loop--
[aafc542] jit-log-opt-loop}
[ab347b2] {jit-log-opt-loop
# Loop 2 (4345<main.rpyeffect:12([mcore:[#85]#32])>+0: {"op": "Construct", "out": 0, "type": Interned(Unit), "tag": Interned(unit), "args": {"any": []}}) : loop with 41 ops
[p0, p1, p2, p3, p4]
+216: p5 = getfield_gc_r(p2, descr=<FieldP rpyeffect.environment.Environment.inst_values_ptr 16>)
+224: p7 = getarrayitem_gc_r(p5, 0, descr=<ArrayP 8>)
+228: p9 = getarrayitem_gc_r(p5, 1, descr=<ArrayP 8>)
+232: p11 = getarrayitem_gc_r(p5, 2, descr=<ArrayP 8>)
+236: p13 = getarrayitem_gc_r(p5, 3, descr=<ArrayP 8>)
+240: p15 = getarrayitem_gc_r(p5, 4, descr=<ArrayP 8>)
+244: p17 = getarrayitem_gc_r(p5, 5, descr=<ArrayP 8>)
+248: p19 = getarrayitem_gc_r(p5, 6, descr=<ArrayP 8>)
+252: p21 = getarrayitem_gc_r(p5, 7, descr=<ArrayP 8>)
+256: p23 = getarrayitem_gc_r(p5, 8, descr=<ArrayP 8>)
+260: p25 = getarrayitem_gc_r(p5, 9, descr=<ArrayP 8>)
+264: p27 = getarrayitem_gc_r(p5, 10, descr=<ArrayP 8>)
+268: p29 = getarrayitem_gc_r(p5, 11, descr=<ArrayP 8>)
+272: p31 = getarrayitem_gc_r(p5, 12, descr=<ArrayP 8>)
+276: p33 = getarrayitem_gc_r(p5, 13, descr=<ArrayP 8>)
+280: p35 = getarrayitem_gc_r(p5, 14, descr=<ArrayP 8>)
+284: p37 = getarrayitem_gc_r(p5, 15, descr=<ArrayP 8>)
+288: label(p0, p1, p2, p3, p4, p7, p9, p11, p13, p15, p17, p19, p21, p23, p25, p27, p29, p31, p33, p35, p37, descr=TargetToken(4838111904))
debug_merge_point(0, 0, '4345<main.rpyeffect:12([mcore:[#85]#32])>+0: {"op": "Construct". "out": 0. "type": Interned(Unit). "tag": Interned(unit). "args": {"any": []}}')
+352: guard_not_invalidated(descr=<Guard0x1205d7898>) [p2, p7, p9, p11, p13, p15, p17, p19, p21, p23, p25, p27, p29, p31, p33, p35, p37, p0, p1, p3, p4]
debug_merge_point(0, 0, '4345<main.rpyeffect:12([mcore:[#85]#32])>+1: {"op": "Return". "args": {"any": [0]}}')
+356: guard_nonnull(p1, descr=<Guard0x12064e050>) [p2, p7, p9, p11, p13, p15, p17, p19, p21, p23, p25, p27, p29, p31, p33, p35, p37, p0, p1, p3, p4]
+368: i38 = getfield_gc_i(p1, descr=<FieldS rpyeffect.stored_environment.Stack__arb.inst_target 16 pure>)
+376: guard_value(i38, 4384, descr=<Guard0x12064e080>) [p2, p7, p9, p11, p13, p15, p17, p19, p21, p23, p25, p27, p29, p31, p33, p35, p37, p0, p1, p3, p4]
+388: p40 = getfield_gc_r(p1, descr=<FieldP rpyeffect.stored_environment.Stack__arb.inst_tail 8 pure>)
debug_merge_point(0, 0, '4384<main.rpyeffect:51([k@[mcore:[#129]#159]#163])>+0: {"op": "Jump". "target": 4345}')
+392: guard_nonnull(p40, descr=<Guard0x12064e0b0>) [p2, p7, p9, p11, p13, p15, p17, p19, p21, p23, p25, p27, p29, p31, p33, p35, p37, p0, p1, p3, p4]
+400: i41 = getfield_gc_i(p40, descr=<FieldS rpyeffect.stored_environment.Stack__arb.inst_target 16 pure>)
+404: guard_value(i41, 4384, descr=<Guard0x12064e0e0>) [p2, p7, p9, p11, p13, p15, p17, p19, p21, p23, p25, p27, p29, p31, p33, p35, p37, p0, p1, p3, p4]
debug_merge_point(0, 0, '4345<main.rpyeffect:12([mcore:[#85]#32])>+0: {"op": "Construct". "out": 0. "type": Interned(Unit). "tag": Interned(unit). "args": {"any": []}}')
+416: label(p0, p40, p2, p3, p4, p9, p11, p13, p15, p17, p19, p21, p23, p25, p27, p29, p31, p33, p35, p37, descr=TargetToken(4838111968))
debug_merge_point(0, 0, '4345<main.rpyeffect:12([mcore:[#85]#32])>+0: {"op": "Construct". "out": 0. "type": Interned(Unit). "tag": Interned(unit). "args": {"any": []}}')
+416: guard_not_invalidated(descr=<Guard0x1205d78e0>) [p2, p9, p11, p13, p15, p17, p19, p21, p23, p25, p27, p29, p31, p33, p35, p37, p0, p40, p3, p4]
debug_merge_point(0, 0, '4345<main.rpyeffect:12([mcore:[#85]#32])>+1: {"op": "Return". "args": {"any": [0]}}')
+420: p43 = getfield_gc_r(p40, descr=<FieldP rpyeffect.stored_environment.Stack__arb.inst_tail 8 pure>)
debug_merge_point(0, 0, '4384<main.rpyeffect:51([k@[mcore:[#129]#159]#163])>+0: {"op": "Jump". "target": 4345}')
+424: guard_nonnull(p43, descr=<Guard0x12064e110>) [p2, p9, p11, p13, p15, p17, p19, p21, p23, p25, p27, p29, p31, p33, p35, p37, p0, p40, p3, p4]
+432: i44 = getfield_gc_i(p43, descr=<FieldS rpyeffect.stored_environment.Stack__arb.inst_target 16 pure>)
+436: guard_value(i44, 4384, descr=<Guard0x12064e140>) [p2, p9, p11, p13, p15, p17, p19, p21, p23, p25, p27, p29, p31, p33, p35, p37, p0, p40, p3, p4]
debug_merge_point(0, 0, '4345<main.rpyeffect:12([mcore:[#85]#32])>+0: {"op": "Construct". "out": 0. "type": Interned(Unit). "tag": Interned(unit). "args": {"any": []}}')
+448: jump(p0, p43, p2, p3, p4, p9, p11, p13, p15, p17, p19, p21, p23, p25, p27, p29, p31, p33, p35, p37, descr=TargetToken(4838111968))
+456: --end of the loop--
[ab40bfc] jit-log-opt-loop}
[ab4640a] {jit-summary
Tracing:      	2	0.001861
Backend:      	2	0.000257
TOTAL:      		0.002191
ops:             	5841
heapcached ops:  	627
recorded ops:    	3213
  calls:         	2743
guards:          	163
opt ops:         	277
opt guards:      	30
opt guards shared:	23
forcings:        	0
abort: trace too long:	0
abort: compiling:	0
abort: vable escape:	0
abort: bad loop: 	0
abort: force quasi-immut:	0
abort: segmenting trace:	0
virtualizables forced:	0
nvirtuals:       	5
nvholes:         	0
nvreused:        	0
vecopt tried:    	0
vecopt success:  	0
Total # of loops:	2
Total # of bridges:	0
Freed # of loops:	0
Freed # of bridges:	0
[ab486de] jit-summary}
