[aa4a2ac] {jit-log-opt-loop
# Loop 1 (4343<main.rpyeffect:10([switch default case#10])>+0: {"op": "Const", "type": "ptr", "out": 1, "format": "int", "value": "<IntValue object at 0x1384580b0>"}) : loop with 80 ops
[p0, p1, p2, p3, p4]
+216: p5 = getfield_gc_r(p2, descr=<FieldP rpyeffect.environment.Environment.inst_values_ptr 16>)
+224: p7 = getarrayitem_gc_r(p5, 0, descr=<ArrayP 8>)
+228: p9 = getarrayitem_gc_r(p5, 1, descr=<ArrayP 8>)
+232: p11 = getarrayitem_gc_r(p5, 2, descr=<ArrayP 8>)
+236: p13 = getarrayitem_gc_r(p5, 3, descr=<ArrayP 8>)
+240: p15 = getarrayitem_gc_r(p5, 4, descr=<ArrayP 8>)
+244: p17 = getarrayitem_gc_r(p5, 5, descr=<ArrayP 8>)
+248: p19 = getarrayitem_gc_r(p5, 6, descr=<ArrayP 8>)
+252: p21 = getarrayitem_gc_r(p5, 7, descr=<ArrayP 8>)
+256: p23 = getarrayitem_gc_r(p5, 8, descr=<ArrayP 8>)
+260: p25 = getarrayitem_gc_r(p5, 9, descr=<ArrayP 8>)
+264: p27 = getarrayitem_gc_r(p5, 10, descr=<ArrayP 8>)
+268: p29 = getarrayitem_gc_r(p5, 11, descr=<ArrayP 8>)
+272: p31 = getarrayitem_gc_r(p5, 12, descr=<ArrayP 8>)
+276: p33 = getarrayitem_gc_r(p5, 13, descr=<ArrayP 8>)
+280: p35 = getarrayitem_gc_r(p5, 14, descr=<ArrayP 8>)
+284: p37 = getarrayitem_gc_r(p5, 15, descr=<ArrayP 8>)
+288: label(p0, p1, p2, p3, p4, p7, p9, p11, p13, p15, p17, p19, p21, p23, p25, p27, p29, p31, p33, p35, p37, descr=TargetToken(5241278368))
debug_merge_point(0, 0, '4343<main.rpyeffect:10([switch default case#10])>+0: {"op": "Const". "type": "ptr". "out": 1. "format": "int". "value": "<IntValue object at 0x1384580b0>"}')
+348: guard_not_invalidated(descr=<Guard0x13864ef08>) [p2, p7, p9, p11, p13, p15, p17, p19, p21, p23, p25, p27, p29, p31, p33, p35, p37, p0, p1, p3, p4]
debug_merge_point(0, 0, '4343<main.rpyeffect:10([switch default case#10])>+1: {"op": "PrimOp". "name": "infixEq(Int. Int): Boolean". "out": {"any": [1]}. "in": {"any": [0. 1]}}')
+352: i38 = getfield_gc_i(p7, descr=<FieldS rpyeffect.value.IntValue.inst_value 8 pure>)
+356: i40 = int_eq(i38, 0)
debug_merge_point(0, 0, '4343<main.rpyeffect:10([switch default case#10])>+2: {"op": "Switch". "scrutinee": 1. "values": [<BoolValue object at 0x138458080>]. "targets": [4341]. "default": 4342}')
+364: i42 = int_eq(i40, 0)
guard_true(i42, descr=<Guard0x13869cce0>) [p2, p7, p9, p11, p13, p15, p17, p19, p21, p23, p25, p27, p29, p31, p33, p35, p37, p0, p1, p3, p4]
debug_merge_point(0, 0, '4341<main.rpyeffect:8([switch case for Bool(false)#14])>+0: {"op": "Const". "type": "ptr". "out": 1. "format": "int". "value": "<IntValue object at 0x138458140>"}')
debug_merge_point(0, 0, '4341<main.rpyeffect:8([switch case for Bool(false)#14])>+1: {"op": "PrimOp". "name": "infixEq(Int. Int): Boolean". "out": {"any": [1]}. "in": {"any": [0. 1]}}')
+372: i44 = int_eq(i38, 1)
debug_merge_point(0, 0, '4341<main.rpyeffect:8([switch case for Bool(false)#14])>+2: {"op": "Switch". "scrutinee": 1. "values": [<BoolValue object at 0x138458110>]. "targets": [4335]. "default": 4340}')
guard_false(i44, descr=<Guard0x13869cd10>) [p2, p7, p9, p11, p13, p15, p17, p19, p21, p23, p25, p27, p29, p31, p33, p35, p37, p0, p1, p3, p4]
debug_merge_point(0, 0, '4340<main.rpyeffect:7([switch default case#24])>+0: {"op": "Const". "type": "ptr". "out": 1. "format": "int". "value": "<IntValue object at 0x138458180>"}')
debug_merge_point(0, 0, '4340<main.rpyeffect:7([switch default case#24])>+1: {"op": "PrimOp". "name": "infixEq(Int. Int): Boolean". "out": {"any": [1]}. "in": {"any": [0. 1]}}')
debug_merge_point(0, 0, '4340<main.rpyeffect:7([switch default case#24])>+2: {"op": "Switch". "scrutinee": 1. "values": [<BoolValue object at 0x138458150>]. "targets": [4338]. "default": 4339}')
debug_merge_point(0, 0, '4338<main.rpyeffect:5([switch case for Bool(false)#28])>+0: {"op": "Const". "type": "ptr". "out": 1. "format": "int". "value": "<IntValue object at 0x1384490e0>"}')
debug_merge_point(0, 0, '4338<main.rpyeffect:5([switch case for Bool(false)#28])>+1: {"op": "PrimOp". "name": "infixSub(Int. Int): Int". "out": {"any": [1]}. "in": {"any": [0. 1]}}')
+380: i46 = int_sub(i38, 1)
debug_merge_point(0, 0, '4338<main.rpyeffect:5([switch case for Bool(false)#28])>+2: {"op": "Push". "target": 4337. "args": {"any": [0]}}')
debug_merge_point(0, 0, '4338<main.rpyeffect:5([switch case for Bool(false)#28])>+3: {"op": "Copy". "type": "any". "from": 1. "to". 0}')
debug_merge_point(0, 0, '4338<main.rpyeffect:5([switch case for Bool(false)#28])>+4: {"op": "Jump". "target": 4344}')
debug_merge_point(0, 0, '4344<main.rpyeffect:11([mcore:[#53]#3])>+0: {"op": "Const". "type": "ptr". "out": 1. "format": "int". "value": "<IntValue object at 0x138458070>"}')
debug_merge_point(0, 0, '4344<main.rpyeffect:11([mcore:[#53]#3])>+1: {"op": "PrimOp". "name": "infixEq(Int. Int): Boolean". "out": {"any": [1]}. "in": {"any": [0. 1]}}')
+384: i48 = int_eq(i46, 0)
debug_merge_point(0, 0, '4344<main.rpyeffect:11([mcore:[#53]#3])>+2: {"op": "Switch". "scrutinee": 1. "values": [<BoolValue object at 0x138458040>]. "targets": [4333]. "default": 4343}')
guard_false(i48, descr=<Guard0x13869cd40>) [p2, p7, p9, p11, p13, p15, p17, p19, p21, p23, p25, p27, p29, p31, p33, p35, p37, p0, p1, p3, p4]
debug_merge_point(0, 0, '4343<main.rpyeffect:10([switch default case#10])>+0: {"op": "Const". "type": "ptr". "out": 1. "format": "int". "value": "<IntValue object at 0x1384580b0>"}')
+392: label(p0, p1, p7, p2, p3, p4, i46, p11, p13, p15, p17, p19, p21, p23, p25, p27, p29, p31, p33, p35, p37, descr=TargetToken(5241278432))
debug_merge_point(0, 0, '4343<main.rpyeffect:10([switch default case#10])>+0: {"op": "Const". "type": "ptr". "out": 1. "format": "int". "value": "<IntValue object at 0x1384580b0>"}')
+392: guard_not_invalidated(descr=<Guard0x13864ef50>) [p2, p11, p13, p15, p17, p19, p21, p23, p25, p27, p29, p31, p33, p35, p37, p0, p3, p4, p7, p1, i46]
debug_merge_point(0, 0, '4343<main.rpyeffect:10([switch default case#10])>+1: {"op": "PrimOp". "name": "infixEq(Int. Int): Boolean". "out": {"any": [1]}. "in": {"any": [0. 1]}}')
debug_merge_point(0, 0, '4343<main.rpyeffect:10([switch default case#10])>+2: {"op": "Switch". "scrutinee": 1. "values": [<BoolValue object at 0x138458080>]. "targets": [4341]. "default": 4342}')
debug_merge_point(0, 0, '4341<main.rpyeffect:8([switch case for Bool(false)#14])>+0: {"op": "Const". "type": "ptr". "out": 1. "format": "int". "value": "<IntValue object at 0x138458140>"}')
debug_merge_point(0, 0, '4341<main.rpyeffect:8([switch case for Bool(false)#14])>+1: {"op": "PrimOp". "name": "infixEq(Int. Int): Boolean". "out": {"any": [1]}. "in": {"any": [0. 1]}}')
+396: i50 = int_eq(i46, 1)
debug_merge_point(0, 0, '4341<main.rpyeffect:8([switch case for Bool(false)#14])>+2: {"op": "Switch". "scrutinee": 1. "values": [<BoolValue object at 0x138458110>]. "targets": [4335]. "default": 4340}')
guard_false(i50, descr=<Guard0x13869cd70>) [p2, p11, p13, p15, p17, p19, p21, p23, p25, p27, p29, p31, p33, p35, p37, p0, p3, p4, p7, p1, i46]
debug_merge_point(0, 0, '4340<main.rpyeffect:7([switch default case#24])>+0: {"op": "Const". "type": "ptr". "out": 1. "format": "int". "value": "<IntValue object at 0x138458180>"}')
debug_merge_point(0, 0, '4340<main.rpyeffect:7([switch default case#24])>+1: {"op": "PrimOp". "name": "infixEq(Int. Int): Boolean". "out": {"any": [1]}. "in": {"any": [0. 1]}}')
debug_merge_point(0, 0, '4340<main.rpyeffect:7([switch default case#24])>+2: {"op": "Switch". "scrutinee": 1. "values": [<BoolValue object at 0x138458150>]. "targets": [4338]. "default": 4339}')
debug_merge_point(0, 0, '4338<main.rpyeffect:5([switch case for Bool(false)#28])>+0: {"op": "Const". "type": "ptr". "out": 1. "format": "int". "value": "<IntValue object at 0x1384490e0>"}')
debug_merge_point(0, 0, '4338<main.rpyeffect:5([switch case for Bool(false)#28])>+1: {"op": "PrimOp". "name": "infixSub(Int. Int): Int". "out": {"any": [1]}. "in": {"any": [0. 1]}}')
+404: i52 = int_sub(i46, 1)
debug_merge_point(0, 0, '4338<main.rpyeffect:5([switch case for Bool(false)#28])>+2: {"op": "Push". "target": 4337. "args": {"any": [0]}}')
debug_merge_point(0, 0, '4338<main.rpyeffect:5([switch case for Bool(false)#28])>+3: {"op": "Copy". "type": "any". "from": 1. "to". 0}')
debug_merge_point(0, 0, '4338<main.rpyeffect:5([switch case for Bool(false)#28])>+4: {"op": "Jump". "target": 4344}')
debug_merge_point(0, 0, '4344<main.rpyeffect:11([mcore:[#53]#3])>+0: {"op": "Const". "type": "ptr". "out": 1. "format": "int". "value": "<IntValue object at 0x138458070>"}')
debug_merge_point(0, 0, '4344<main.rpyeffect:11([mcore:[#53]#3])>+1: {"op": "PrimOp". "name": "infixEq(Int. Int): Boolean". "out": {"any": [1]}. "in": {"any": [0. 1]}}')
+408: i54 = int_eq(i52, 0)
debug_merge_point(0, 0, '4344<main.rpyeffect:11([mcore:[#53]#3])>+2: {"op": "Switch". "scrutinee": 1. "values": [<BoolValue object at 0x138458040>]. "targets": [4333]. "default": 4343}')
guard_false(i54, descr=<Guard0x13869cda0>) [p2, p11, p13, p15, p17, p19, p21, p23, p25, p27, p29, p31, p33, p35, p37, p0, p3, p4, p7, p1, i46]
debug_merge_point(0, 0, '4343<main.rpyeffect:10([switch default case#10])>+0: {"op": "Const". "type": "ptr". "out": 1. "format": "int". "value": "<IntValue object at 0x1384580b0>"}')
+416: p55 = new_with_vtable(descr=<SizeDescr 32>)
+528: p57 = new_array_clear(1, descr=<ArrayP 8>)
+548: setarrayitem_gc(p57, 0, p7, descr=<ArrayP 8>)
+552: p59 = new_with_vtable(descr=<SizeDescr 16>)
+564: setfield_gc(p59, i46, descr=<FieldS rpyeffect.value.IntValue.inst_value 8 pure>)
+568: setfield_gc(p55, p1, descr=<FieldP rpyeffect.stored_environment.Stack__arb.inst_tail 8 pure>)
+576: setfield_gc(p55, 4337, descr=<FieldS rpyeffect.stored_environment.Stack__arb.inst_target 16 pure>)
+584: setfield_gc(p55, p57, descr=<FieldP rpyeffect.stored_environment.Stack__arb.inst_values_ptr 24 pure>)
+588: jump(p0, p55, p59, p2, p3, p4, i52, p11, p13, p15, p17, p19, p21, p23, p25, p27, p29, p31, p33, p35, p37, descr=TargetToken(5241278432))
+600: --end of the loop--
[aa6b3f8] jit-log-opt-loop}
[aab0aa5] {jit-log-opt-loop
# Loop 2 (4341<main.rpyeffect:8([switch case for Bool(false)#14])>+0: {"op": "Const", "type": "ptr", "out": 1, "format": "int", "value": "<IntValue object at 0x138458140>"}) : entry bridge with 72 ops
[p0, p1, p2, p3, p4]
+232: p5 = getfield_gc_r(p2, descr=<FieldP rpyeffect.environment.Environment.inst_values_ptr 16>)
+240: p7 = getarrayitem_gc_r(p5, 0, descr=<ArrayP 8>)
+244: p9 = getarrayitem_gc_r(p5, 1, descr=<ArrayP 8>)
+248: p11 = getarrayitem_gc_r(p5, 2, descr=<ArrayP 8>)
+252: p13 = getarrayitem_gc_r(p5, 3, descr=<ArrayP 8>)
+256: p15 = getarrayitem_gc_r(p5, 4, descr=<ArrayP 8>)
+260: p17 = getarrayitem_gc_r(p5, 5, descr=<ArrayP 8>)
+264: p19 = getarrayitem_gc_r(p5, 6, descr=<ArrayP 8>)
+268: p21 = getarrayitem_gc_r(p5, 7, descr=<ArrayP 8>)
+272: p23 = getarrayitem_gc_r(p5, 8, descr=<ArrayP 8>)
+276: p25 = getarrayitem_gc_r(p5, 9, descr=<ArrayP 8>)
+280: p27 = getarrayitem_gc_r(p5, 10, descr=<ArrayP 8>)
+284: p29 = getarrayitem_gc_r(p5, 11, descr=<ArrayP 8>)
+288: p31 = getarrayitem_gc_r(p5, 12, descr=<ArrayP 8>)
+292: p33 = getarrayitem_gc_r(p5, 13, descr=<ArrayP 8>)
+296: p35 = getarrayitem_gc_r(p5, 14, descr=<ArrayP 8>)
+300: p37 = getarrayitem_gc_r(p5, 15, descr=<ArrayP 8>)
debug_merge_point(0, 0, '4341<main.rpyeffect:8([switch case for Bool(false)#14])>+0: {"op": "Const". "type": "ptr". "out": 1. "format": "int". "value": "<IntValue object at 0x138458140>"}')
+304: guard_not_invalidated(descr=<Guard0x13864efe0>) [p2, p7, p9, p11, p13, p15, p17, p19, p21, p23, p25, p27, p29, p31, p33, p35, p37, p0, p1, p3, p4]
debug_merge_point(0, 0, '4341<main.rpyeffect:8([switch case for Bool(false)#14])>+1: {"op": "PrimOp". "name": "infixEq(Int. Int): Boolean". "out": {"any": [1]}. "in": {"any": [0. 1]}}')
+308: i38 = getfield_gc_i(p7, descr=<FieldS rpyeffect.value.IntValue.inst_value 8 pure>)
+316: i40 = int_eq(i38, 1)
debug_merge_point(0, 0, '4341<main.rpyeffect:8([switch case for Bool(false)#14])>+2: {"op": "Switch". "scrutinee": 1. "values": [<BoolValue object at 0x138458110>]. "targets": [4335]. "default": 4340}')
guard_true(i40, descr=<Guard0x13869cf80>) [p2, p7, p9, p11, p13, p15, p17, p19, p21, p23, p25, p27, p29, p31, p33, p35, p37, p0, p1, p3, p4]
debug_merge_point(0, 0, '4335<main.rpyeffect:2([switch case for Bool(true)#21])>+0: {"op": "Const". "type": "ptr". "out": 0. "format": "int". "value": "<IntValue object at 0x138449040>"}')
debug_merge_point(0, 0, '4335<main.rpyeffect:2([switch case for Bool(true)#21])>+1: {"op": "Return". "args": {"any": [0]}}')
+324: guard_nonnull(p1, descr=<Guard0x13869cfb0>) [p2, p7, p9, p11, p13, p15, p17, p19, p21, p23, p25, p27, p29, p31, p33, p35, p37, p0, p1, p3, p4]
+336: i41 = getfield_gc_i(p1, descr=<FieldS rpyeffect.stored_environment.Stack__arb.inst_target 16 pure>)
+348: guard_value(i41, 4336, descr=<Guard0x13869cfe0>) [p2, p7, p9, p11, p13, p15, p17, p19, p21, p23, p25, p27, p29, p31, p33, p35, p37, p0, p1, p3, p4]
+364: p43 = getfield_gc_r(p1, descr=<FieldP rpyeffect.stored_environment.Stack__arb.inst_values_ptr 24 pure>)
+368: i44 = arraylen_gc(p43, descr=<ArrayP 8>)
+372: guard_value(i44, 1, descr=<Guard0x13869d010>) [p2, p7, p9, p11, p13, p15, p17, p19, p21, p23, p25, p27, p29, p31, p33, p35, p37, p0, p1, p3, p4]
+384: p47 = getarrayitem_gc_pure_r(p43, 0, descr=<ArrayP 8>)
+388: p48 = getfield_gc_r(p1, descr=<FieldP rpyeffect.stored_environment.Stack__arb.inst_tail 8 pure>)
debug_merge_point(0, 0, '4336<main.rpyeffect:3([#38])>+0: {"op": "PrimOp". "name": "infixAdd(Int. Int): Int". "out": {"any": [0]}. "in": {"any": [1. 0]}}')
+392: i49 = getfield_gc_i(p47, descr=<FieldS rpyeffect.value.IntValue.inst_value 8 pure>)
+396: i51 = int_add(i49, 1)
debug_merge_point(0, 0, '4336<main.rpyeffect:3([#38])>+1: {"op": "Return". "args": {"any": [0]}}')
+400: guard_nonnull(p48, descr=<Guard0x13869d040>) [p2, p7, p9, p11, p13, p15, p17, p19, p21, p23, p25, p27, p29, p31, p33, p35, p37, p0, p1, p3, p4]
+408: i52 = getfield_gc_i(p48, descr=<FieldS rpyeffect.stored_environment.Stack__arb.inst_target 16 pure>)
+416: guard_value(i52, 4337, descr=<Guard0x13869d070>) [p2, p7, p9, p11, p13, p15, p17, p19, p21, p23, p25, p27, p29, p31, p33, p35, p37, p0, p1, p3, p4]
+432: p54 = getfield_gc_r(p48, descr=<FieldP rpyeffect.stored_environment.Stack__arb.inst_values_ptr 24 pure>)
+436: i55 = arraylen_gc(p54, descr=<ArrayP 8>)
+440: guard_value(i55, 1, descr=<Guard0x13869d0a0>) [p2, p7, p9, p11, p13, p15, p17, p19, p21, p23, p25, p27, p29, p31, p33, p35, p37, p0, p1, p3, p4]
+452: p58 = getarrayitem_gc_pure_r(p54, 0, descr=<ArrayP 8>)
+456: p59 = getfield_gc_r(p48, descr=<FieldP rpyeffect.stored_environment.Stack__arb.inst_tail 8 pure>)
debug_merge_point(0, 0, '4337<main.rpyeffect:4([k@[switch case for Bool(false)#28]#33])>+0: {"op": "Const". "type": "ptr". "out": 2. "format": "int". "value": "<IntValue object at 0x138448fd0>"}')
debug_merge_point(0, 0, '4337<main.rpyeffect:4([k@[switch case for Bool(false)#28]#33])>+1: {"op": "PrimOp". "name": "infixSub(Int. Int): Int". "out": {"any": [1]}. "in": {"any": [1. 2]}}')
+460: i60 = getfield_gc_i(p58, descr=<FieldS rpyeffect.value.IntValue.inst_value 8 pure>)
+464: i62 = int_sub(i60, 2)
debug_merge_point(0, 0, '4337<main.rpyeffect:4([k@[switch case for Bool(false)#28]#33])>+2: {"op": "Push". "target": 4336. "args": {"any": [0]}}')
debug_merge_point(0, 0, '4337<main.rpyeffect:4([k@[switch case for Bool(false)#28]#33])>+3: {"op": "Copy". "type": "any". "from": 1. "to". 0}')
debug_merge_point(0, 0, '4337<main.rpyeffect:4([k@[switch case for Bool(false)#28]#33])>+4: {"op": "Jump". "target": 4344}')
debug_merge_point(0, 0, '4344<main.rpyeffect:11([mcore:[#53]#3])>+0: {"op": "Const". "type": "ptr". "out": 1. "format": "int". "value": "<IntValue object at 0x138458070>"}')
debug_merge_point(0, 0, '4344<main.rpyeffect:11([mcore:[#53]#3])>+1: {"op": "PrimOp". "name": "infixEq(Int. Int): Boolean". "out": {"any": [1]}. "in": {"any": [0. 1]}}')
+468: i64 = int_eq(i62, 0)
debug_merge_point(0, 0, '4344<main.rpyeffect:11([mcore:[#53]#3])>+2: {"op": "Switch". "scrutinee": 1. "values": [<BoolValue object at 0x138458040>]. "targets": [4333]. "default": 4343}')
guard_false(i64, descr=<Guard0x13869d0d0>) [p2, p7, p9, p11, p13, p15, p17, p19, p21, p23, p25, p27, p29, p31, p33, p35, p37, p0, p1, p3, p4]
debug_merge_point(0, 0, '4343<main.rpyeffect:10([switch default case#10])>+0: {"op": "Const". "type": "ptr". "out": 1. "format": "int". "value": "<IntValue object at 0x1384580b0>"}')
+476: p65 = new_with_vtable(descr=<SizeDescr 32>)
+588: p67 = new_array_clear(1, descr=<ArrayP 8>)
+608: p68 = new_with_vtable(descr=<SizeDescr 16>)
+620: setfield_gc(p68, i51, descr=<FieldS rpyeffect.value.IntValue.inst_value 8 pure>)
+624: setarrayitem_gc(p67, 0, p68, descr=<ArrayP 8>)
+628: p70 = new_with_vtable(descr=<SizeDescr 16>)
+640: p71 = new_with_vtable(descr=<SizeDescr 16>)
+652: setfield_gc(p70, i62, descr=<FieldS rpyeffect.value.IntValue.inst_value 8 pure>)
+656: setfield_gc(p65, 4336, descr=<FieldS rpyeffect.stored_environment.Stack__arb.inst_target 16 pure>)
+664: setfield_gc(p65, p67, descr=<FieldP rpyeffect.stored_environment.Stack__arb.inst_values_ptr 24 pure>)
+668: setfield_gc(p65, p59, descr=<FieldP rpyeffect.stored_environment.Stack__arb.inst_tail 8 pure>)
+672: setfield_gc(p71, 0, descr=<FieldU rpyeffect.value.BoolValue.inst_value 8 pure>)
+684: jump(p0, p65, p2, p3, p4, p70, p71, ConstPtr(ptr74), p13, p15, p17, p19, p21, p23, p25, p27, p29, p31, p33, p35, p37, descr=TargetToken(5241278368))
+860: --end of the loop--
[aabce9c] jit-log-opt-loop}
[ab5326b] {jit-log-opt-bridge
# bridge out of Guard 0x13869cd70 with 63 ops
[p0, p1, p2, p3, p4, p5, p6, p7, p8, p9, p10, p11, p12, p13, p14, p15, p16, p17, p18, p19, i20]
+152: guard_not_invalidated(descr=<Guard0x13864f610>) [p0, p1, p2, p3, p4, p5, p6, p7, p8, p9, p10, p11, p12, p13, p14, p15, p16, p17, p18, p19, i20]
debug_merge_point(0, 0, '4343<main.rpyeffect:10([switch default case#10])>+1: {"op": "PrimOp". "name": "infixEq(Int. Int): Boolean". "out": {"any": [1]}. "in": {"any": [0. 1]}}')
+156: i22 = int_eq(i20, 0)
debug_merge_point(0, 0, '4343<main.rpyeffect:10([switch default case#10])>+2: {"op": "Switch". "scrutinee": 1. "values": [<BoolValue object at 0x138458080>]. "targets": [4341]. "default": 4342}')
+164: i24 = int_eq(i22, 0)
guard_true(i24, descr=<Guard0x13869dfd0>) [p0, p1, p2, p3, p4, p5, p6, p7, p8, p9, p10, p11, p12, p13, p14, p15, p16, p17, p18, p19, i20]
debug_merge_point(0, 0, '4341<main.rpyeffect:8([switch case for Bool(false)#14])>+0: {"op": "Const". "type": "ptr". "out": 1. "format": "int". "value": "<IntValue object at 0x138458140>"}')
debug_merge_point(0, 0, '4341<main.rpyeffect:8([switch case for Bool(false)#14])>+1: {"op": "PrimOp". "name": "infixEq(Int. Int): Boolean". "out": {"any": [1]}. "in": {"any": [0. 1]}}')
+172: i26 = int_eq(i20, 1)
debug_merge_point(0, 0, '4341<main.rpyeffect:8([switch case for Bool(false)#14])>+2: {"op": "Switch". "scrutinee": 1. "values": [<BoolValue object at 0x138458110>]. "targets": [4335]. "default": 4340}')
guard_true(i26, descr=<Guard0x1386b0020>) [p0, p1, p2, p3, p4, p5, p6, p7, p8, p9, p10, p11, p12, p13, p14, p15, p16, p17, p18, p19, i20]
debug_merge_point(0, 0, '4335<main.rpyeffect:2([switch case for Bool(true)#21])>+0: {"op": "Const". "type": "ptr". "out": 0. "format": "int". "value": "<IntValue object at 0x138449040>"}')
debug_merge_point(0, 0, '4335<main.rpyeffect:2([switch case for Bool(true)#21])>+1: {"op": "Return". "args": {"any": [0]}}')
debug_merge_point(0, 0, '4337<main.rpyeffect:4([k@[switch case for Bool(false)#28]#33])>+0: {"op": "Const". "type": "ptr". "out": 2. "format": "int". "value": "<IntValue object at 0x138448fd0>"}')
debug_merge_point(0, 0, '4337<main.rpyeffect:4([k@[switch case for Bool(false)#28]#33])>+1: {"op": "PrimOp". "name": "infixSub(Int. Int): Int". "out": {"any": [1]}. "in": {"any": [1. 2]}}')
+180: i27 = getfield_gc_i(p18, descr=<FieldS rpyeffect.value.IntValue.inst_value 8 pure>)
+184: i29 = int_sub(i27, 2)
debug_merge_point(0, 0, '4337<main.rpyeffect:4([k@[switch case for Bool(false)#28]#33])>+2: {"op": "Push". "target": 4336. "args": {"any": [0]}}')
debug_merge_point(0, 0, '4337<main.rpyeffect:4([k@[switch case for Bool(false)#28]#33])>+3: {"op": "Copy". "type": "any". "from": 1. "to". 0}')
debug_merge_point(0, 0, '4337<main.rpyeffect:4([k@[switch case for Bool(false)#28]#33])>+4: {"op": "Jump". "target": 4344}')
debug_merge_point(0, 0, '4344<main.rpyeffect:11([mcore:[#53]#3])>+0: {"op": "Const". "type": "ptr". "out": 1. "format": "int". "value": "<IntValue object at 0x138458070>"}')
debug_merge_point(0, 0, '4344<main.rpyeffect:11([mcore:[#53]#3])>+1: {"op": "PrimOp". "name": "infixEq(Int. Int): Boolean". "out": {"any": [1]}. "in": {"any": [0. 1]}}')
+188: i31 = int_eq(i29, 0)
debug_merge_point(0, 0, '4344<main.rpyeffect:11([mcore:[#53]#3])>+2: {"op": "Switch". "scrutinee": 1. "values": [<BoolValue object at 0x138458040>]. "targets": [4333]. "default": 4343}')
guard_true(i31, descr=<Guard0x1386b0050>) [p0, p1, p2, p3, p4, p5, p6, p7, p8, p9, p10, p11, p12, p13, p14, p15, p16, p17, p18, p19, i20]
debug_merge_point(0, 0, '4333<main.rpyeffect:0([switch case for Bool(true)#7])>+0: {"op": "Const". "type": "ptr". "out": 0. "format": "int". "value": "<IntValue object at 0x138449090>"}')
debug_merge_point(0, 0, '4333<main.rpyeffect:0([switch case for Bool(true)#7])>+1: {"op": "Return". "args": {"any": [0]}}')
debug_merge_point(0, 0, '4336<main.rpyeffect:3([#38])>+0: {"op": "PrimOp". "name": "infixAdd(Int. Int): Int". "out": {"any": [0]}. "in": {"any": [1. 0]}}')
debug_merge_point(0, 0, '4336<main.rpyeffect:3([#38])>+1: {"op": "Return". "args": {"any": [0]}}')
+196: guard_nonnull(p19, descr=<Guard0x1386b0080>) [p0, p1, p2, p3, p4, p5, p6, p7, p8, p9, p10, p11, p12, p13, p14, p15, p16, p17, p18, p19, i20]
+208: i32 = getfield_gc_i(p19, descr=<FieldS rpyeffect.stored_environment.Stack__arb.inst_target 16 pure>)
+216: guard_value(i32, 4337, descr=<Guard0x1386b00b0>) [p0, p1, p2, p3, p4, p5, p6, p7, p8, p9, p10, p11, p12, p13, p14, p15, p16, p17, p18, p19, i20]
+228: p34 = getfield_gc_r(p19, descr=<FieldP rpyeffect.stored_environment.Stack__arb.inst_values_ptr 24 pure>)
+232: i35 = arraylen_gc(p34, descr=<ArrayP 8>)
+236: guard_value(i35, 1, descr=<Guard0x1386b00e0>) [p0, p1, p2, p3, p4, p5, p6, p7, p8, p9, p10, p11, p12, p13, p14, p15, p16, p17, p18, p19, i20]
+248: p38 = getarrayitem_gc_pure_r(p34, 0, descr=<ArrayP 8>)
+252: p39 = getfield_gc_r(p19, descr=<FieldP rpyeffect.stored_environment.Stack__arb.inst_tail 8 pure>)
debug_merge_point(0, 0, '4337<main.rpyeffect:4([k@[switch case for Bool(false)#28]#33])>+0: {"op": "Const". "type": "ptr". "out": 2. "format": "int". "value": "<IntValue object at 0x138448fd0>"}')
debug_merge_point(0, 0, '4337<main.rpyeffect:4([k@[switch case for Bool(false)#28]#33])>+1: {"op": "PrimOp". "name": "infixSub(Int. Int): Int". "out": {"any": [1]}. "in": {"any": [1. 2]}}')
+256: i40 = getfield_gc_i(p38, descr=<FieldS rpyeffect.value.IntValue.inst_value 8 pure>)
+260: i42 = int_sub(i40, 2)
debug_merge_point(0, 0, '4337<main.rpyeffect:4([k@[switch case for Bool(false)#28]#33])>+2: {"op": "Push". "target": 4336. "args": {"any": [0]}}')
debug_merge_point(0, 0, '4337<main.rpyeffect:4([k@[switch case for Bool(false)#28]#33])>+3: {"op": "Copy". "type": "any". "from": 1. "to". 0}')
debug_merge_point(0, 0, '4337<main.rpyeffect:4([k@[switch case for Bool(false)#28]#33])>+4: {"op": "Jump". "target": 4344}')
debug_merge_point(0, 0, '4344<main.rpyeffect:11([mcore:[#53]#3])>+0: {"op": "Const". "type": "ptr". "out": 1. "format": "int". "value": "<IntValue object at 0x138458070>"}')
debug_merge_point(0, 0, '4344<main.rpyeffect:11([mcore:[#53]#3])>+1: {"op": "PrimOp". "name": "infixEq(Int. Int): Boolean". "out": {"any": [1]}. "in": {"any": [0. 1]}}')
+264: i44 = int_eq(i42, 0)
debug_merge_point(0, 0, '4344<main.rpyeffect:11([mcore:[#53]#3])>+2: {"op": "Switch". "scrutinee": 1. "values": [<BoolValue object at 0x138458040>]. "targets": [4333]. "default": 4343}')
guard_false(i44, descr=<Guard0x1386b0110>) [p0, p1, p2, p3, p4, p5, p6, p7, p8, p9, p10, p11, p12, p13, p14, p15, p16, p17, p18, p19, i20]
debug_merge_point(0, 0, '4343<main.rpyeffect:10([switch default case#10])>+0: {"op": "Const". "type": "ptr". "out": 1. "format": "int". "value": "<IntValue object at 0x1384580b0>"}')
+272: p45 = new_with_vtable(descr=<SizeDescr 32>)
+376: p47 = new_array_clear(1, descr=<ArrayP 8>)
+396: p48 = new_with_vtable(descr=<SizeDescr 16>)
+408: setfield_gc(p48, 1, descr=<FieldS rpyeffect.value.IntValue.inst_value 8 pure>)
+416: setarrayitem_gc(p47, 0, p48, descr=<ArrayP 8>)
+420: p51 = new_with_vtable(descr=<SizeDescr 16>)
+432: p52 = new_with_vtable(descr=<SizeDescr 16>)
+444: setfield_gc(p51, i42, descr=<FieldS rpyeffect.value.IntValue.inst_value 8 pure>)
+448: setfield_gc(p45, 4336, descr=<FieldS rpyeffect.stored_environment.Stack__arb.inst_target 16 pure>)
+456: setfield_gc(p45, p47, descr=<FieldP rpyeffect.stored_environment.Stack__arb.inst_values_ptr 24 pure>)
+460: setfield_gc(p45, p39, descr=<FieldP rpyeffect.stored_environment.Stack__arb.inst_tail 8 pure>)
+464: setfield_gc(p52, 0, descr=<FieldU rpyeffect.value.BoolValue.inst_value 8 pure>)
+476: jump(p15, p45, p0, p16, p17, p51, p52, ConstPtr(ptr55), p2, p3, p4, p5, p6, p7, p8, p9, p10, p11, p12, p13, p14, descr=TargetToken(5241278368))
+512: --end of the loop--
[ab5da10] jit-log-opt-bridge}
[abac8eb] {jit-log-opt-loop
# Loop 4 (4336<main.rpyeffect:3([#38])>+0: {"op": "PrimOp", "name": "infixAdd(Int, Int): Int", "out": {"any": [0]}, "in": {"any": [1, 0]}}) : loop with 47 ops
[p0, p1, p2, p3, p4]
+216: p5 = getfield_gc_r(p2, descr=<FieldP rpyeffect.environment.Environment.inst_values_ptr 16>)
+224: p7 = getarrayitem_gc_r(p5, 0, descr=<ArrayP 8>)
+228: p9 = getarrayitem_gc_r(p5, 1, descr=<ArrayP 8>)
+232: p11 = getarrayitem_gc_r(p5, 2, descr=<ArrayP 8>)
+236: p13 = getarrayitem_gc_r(p5, 3, descr=<ArrayP 8>)
+240: p15 = getarrayitem_gc_r(p5, 4, descr=<ArrayP 8>)
+244: p17 = getarrayitem_gc_r(p5, 5, descr=<ArrayP 8>)
+248: p19 = getarrayitem_gc_r(p5, 6, descr=<ArrayP 8>)
+252: p21 = getarrayitem_gc_r(p5, 7, descr=<ArrayP 8>)
+256: p23 = getarrayitem_gc_r(p5, 8, descr=<ArrayP 8>)
+260: p25 = getarrayitem_gc_r(p5, 9, descr=<ArrayP 8>)
+264: p27 = getarrayitem_gc_r(p5, 10, descr=<ArrayP 8>)
+268: p29 = getarrayitem_gc_r(p5, 11, descr=<ArrayP 8>)
+272: p31 = getarrayitem_gc_r(p5, 12, descr=<ArrayP 8>)
+276: p33 = getarrayitem_gc_r(p5, 13, descr=<ArrayP 8>)
+280: p35 = getarrayitem_gc_r(p5, 14, descr=<ArrayP 8>)
+284: p37 = getarrayitem_gc_r(p5, 15, descr=<ArrayP 8>)
+288: label(p0, p1, p2, p3, p4, p7, p9, p11, p13, p15, p17, p19, p21, p23, p25, p27, p29, p31, p33, p35, p37, descr=TargetToken(5241280608))
+344: guard_not_invalidated(descr=<Guard0x13864f658>) [p2, p7, p9, p11, p13, p15, p17, p19, p21, p23, p25, p27, p29, p31, p33, p35, p37, p0, p1, p3, p4]
+348: i38 = getfield_gc_i(p9, descr=<FieldS rpyeffect.value.IntValue.inst_value 8 pure>)
+352: i39 = getfield_gc_i(p7, descr=<FieldS rpyeffect.value.IntValue.inst_value 8 pure>)
+356: i40 = int_add(i38, i39)
debug_merge_point(0, 0, '4336<main.rpyeffect:3([#38])>+1: {"op": "Return". "args": {"any": [0]}}')
+360: guard_nonnull(p1, descr=<Guard0x1386b0200>) [p2, p7, p9, p11, p13, p15, p17, p19, p21, p23, p25, p27, p29, p31, p33, p35, p37, p0, p1, p3, p4]
+372: i41 = getfield_gc_i(p1, descr=<FieldS rpyeffect.stored_environment.Stack__arb.inst_target 16 pure>)
+380: guard_value(i41, 4336, descr=<Guard0x1386b0230>) [p2, p7, p9, p11, p13, p15, p17, p19, p21, p23, p25, p27, p29, p31, p33, p35, p37, p0, p1, p3, p4]
+392: p43 = getfield_gc_r(p1, descr=<FieldP rpyeffect.stored_environment.Stack__arb.inst_values_ptr 24 pure>)
+396: i44 = arraylen_gc(p43, descr=<ArrayP 8>)
+400: guard_value(i44, 1, descr=<Guard0x1386b0260>) [p2, p7, p9, p11, p13, p15, p17, p19, p21, p23, p25, p27, p29, p31, p33, p35, p37, p0, p1, p3, p4]
+412: p47 = getarrayitem_gc_pure_r(p43, 0, descr=<ArrayP 8>)
+416: p48 = getfield_gc_r(p1, descr=<FieldP rpyeffect.stored_environment.Stack__arb.inst_tail 8 pure>)
debug_merge_point(0, 0, '4336<main.rpyeffect:3([#38])>+0: {"op": "PrimOp". "name": "infixAdd(Int. Int): Int". "out": {"any": [0]}. "in": {"any": [1. 0]}}')
+420: label(p0, p48, p2, p3, p4, i40, p47, p11, p13, p15, p17, p19, p21, p23, p25, p27, p29, p31, p33, p35, p37, descr=TargetToken(5241280672))
+420: guard_not_invalidated(descr=<Guard0x13864f6a0>) [p2, p47, p11, p13, p15, p17, p19, p21, p23, p25, p27, p29, p31, p33, p35, p37, p0, p48, p3, p4, i40]
+424: i49 = getfield_gc_i(p47, descr=<FieldS rpyeffect.value.IntValue.inst_value 8 pure>)
+428: i50 = int_add(i49, i40)
debug_merge_point(0, 0, '4336<main.rpyeffect:3([#38])>+1: {"op": "Return". "args": {"any": [0]}}')
+432: guard_nonnull(p48, descr=<Guard0x1386b0290>) [p2, p47, p11, p13, p15, p17, p19, p21, p23, p25, p27, p29, p31, p33, p35, p37, p0, p48, p3, p4, i40]
+440: i51 = getfield_gc_i(p48, descr=<FieldS rpyeffect.stored_environment.Stack__arb.inst_target 16 pure>)
+444: guard_value(i51, 4336, descr=<Guard0x1386b02c0>) [p2, p47, p11, p13, p15, p17, p19, p21, p23, p25, p27, p29, p31, p33, p35, p37, p0, p48, p3, p4, i40]
+456: p53 = getfield_gc_r(p48, descr=<FieldP rpyeffect.stored_environment.Stack__arb.inst_values_ptr 24 pure>)
+460: i54 = arraylen_gc(p53, descr=<ArrayP 8>)
+464: guard_value(i54, 1, descr=<Guard0x1386b02f0>) [p2, p47, p11, p13, p15, p17, p19, p21, p23, p25, p27, p29, p31, p33, p35, p37, p0, p48, p3, p4, i40]
+476: p57 = getarrayitem_gc_pure_r(p53, 0, descr=<ArrayP 8>)
+480: p58 = getfield_gc_r(p48, descr=<FieldP rpyeffect.stored_environment.Stack__arb.inst_tail 8 pure>)
debug_merge_point(0, 0, '4336<main.rpyeffect:3([#38])>+0: {"op": "PrimOp". "name": "infixAdd(Int. Int): Int". "out": {"any": [0]}. "in": {"any": [1. 0]}}')
+484: jump(p0, p58, p2, p3, p4, i50, p57, p11, p13, p15, p17, p19, p21, p23, p25, p27, p29, p31, p33, p35, p37, descr=TargetToken(5241280672))
+496: --end of the loop--
[abb5702] jit-log-opt-loop}
[abf58e3] {jit-log-opt-bridge
# bridge out of Guard 0x13869cfe0 with 42 ops
[p0, p1, p2, p3, p4, p5, p6, p7, p8, p9, p10, p11, p12, p13, p14, p15, p16, p17, p18, p19, p20]
+152: guard_not_invalidated(descr=<Guard0x13864f6e8>) [p0, p1, p2, p3, p4, p5, p6, p7, p8, p9, p10, p11, p12, p13, p14, p15, p16, p17, p18, p19, p20]
debug_merge_point(0, 0, '4341<main.rpyeffect:8([switch case for Bool(false)#14])>+1: {"op": "PrimOp". "name": "infixEq(Int. Int): Boolean". "out": {"any": [1]}. "in": {"any": [0. 1]}}')
+156: i21 = getfield_gc_i(p1, descr=<FieldS rpyeffect.value.IntValue.inst_value 8 pure>)
+160: i23 = int_eq(i21, 1)
debug_merge_point(0, 0, '4341<main.rpyeffect:8([switch case for Bool(false)#14])>+2: {"op": "Switch". "scrutinee": 1. "values": [<BoolValue object at 0x138458110>]. "targets": [4335]. "default": 4340}')
guard_true(i23, descr=<Guard0x1386b04a0>) [p0, p1, p2, p3, p4, p5, p6, p7, p8, p9, p10, p11, p12, p13, p14, p15, p16, p17, p18, p19, p20]
debug_merge_point(0, 0, '4335<main.rpyeffect:2([switch case for Bool(true)#21])>+0: {"op": "Const". "type": "ptr". "out": 0. "format": "int". "value": "<IntValue object at 0x138449040>"}')
debug_merge_point(0, 0, '4335<main.rpyeffect:2([switch case for Bool(true)#21])>+1: {"op": "Return". "args": {"any": [0]}}')
+168: guard_nonnull(p18, descr=<Guard0x1386b04d0>) [p0, p1, p2, p3, p4, p5, p6, p7, p8, p9, p10, p11, p12, p13, p14, p15, p16, p17, p18, p19, p20]
+176: i24 = getfield_gc_i(p18, descr=<FieldS rpyeffect.stored_environment.Stack__arb.inst_target 16 pure>)
+180: guard_value(i24, 4337, descr=<Guard0x1386b0500>) [p0, p1, p2, p3, p4, p5, p6, p7, p8, p9, p10, p11, p12, p13, p14, p15, p16, p17, p18, p19, p20]
+192: p26 = getfield_gc_r(p18, descr=<FieldP rpyeffect.stored_environment.Stack__arb.inst_values_ptr 24 pure>)
+196: i27 = arraylen_gc(p26, descr=<ArrayP 8>)
+200: guard_value(i27, 1, descr=<Guard0x1386b0530>) [p0, p1, p2, p3, p4, p5, p6, p7, p8, p9, p10, p11, p12, p13, p14, p15, p16, p17, p18, p19, p20]
+212: p30 = getarrayitem_gc_pure_r(p26, 0, descr=<ArrayP 8>)
+216: p31 = getfield_gc_r(p18, descr=<FieldP rpyeffect.stored_environment.Stack__arb.inst_tail 8 pure>)
debug_merge_point(0, 0, '4337<main.rpyeffect:4([k@[switch case for Bool(false)#28]#33])>+0: {"op": "Const". "type": "ptr". "out": 2. "format": "int". "value": "<IntValue object at 0x138448fd0>"}')
debug_merge_point(0, 0, '4337<main.rpyeffect:4([k@[switch case for Bool(false)#28]#33])>+1: {"op": "PrimOp". "name": "infixSub(Int. Int): Int". "out": {"any": [1]}. "in": {"any": [1. 2]}}')
+220: i32 = getfield_gc_i(p30, descr=<FieldS rpyeffect.value.IntValue.inst_value 8 pure>)
+224: i34 = int_sub(i32, 2)
debug_merge_point(0, 0, '4337<main.rpyeffect:4([k@[switch case for Bool(false)#28]#33])>+2: {"op": "Push". "target": 4336. "args": {"any": [0]}}')
debug_merge_point(0, 0, '4337<main.rpyeffect:4([k@[switch case for Bool(false)#28]#33])>+3: {"op": "Copy". "type": "any". "from": 1. "to". 0}')
debug_merge_point(0, 0, '4337<main.rpyeffect:4([k@[switch case for Bool(false)#28]#33])>+4: {"op": "Jump". "target": 4344}')
debug_merge_point(0, 0, '4344<main.rpyeffect:11([mcore:[#53]#3])>+0: {"op": "Const". "type": "ptr". "out": 1. "format": "int". "value": "<IntValue object at 0x138458070>"}')
debug_merge_point(0, 0, '4344<main.rpyeffect:11([mcore:[#53]#3])>+1: {"op": "PrimOp". "name": "infixEq(Int. Int): Boolean". "out": {"any": [1]}. "in": {"any": [0. 1]}}')
+228: i36 = int_eq(i34, 0)
debug_merge_point(0, 0, '4344<main.rpyeffect:11([mcore:[#53]#3])>+2: {"op": "Switch". "scrutinee": 1. "values": [<BoolValue object at 0x138458040>]. "targets": [4333]. "default": 4343}')
guard_true(i36, descr=<Guard0x1386b0560>) [p0, p1, p2, p3, p4, p5, p6, p7, p8, p9, p10, p11, p12, p13, p14, p15, p16, p17, p18, p19, p20]
debug_merge_point(0, 0, '4333<main.rpyeffect:0([switch case for Bool(true)#7])>+0: {"op": "Const". "type": "ptr". "out": 0. "format": "int". "value": "<IntValue object at 0x138449090>"}')
debug_merge_point(0, 0, '4333<main.rpyeffect:0([switch case for Bool(true)#7])>+1: {"op": "Return". "args": {"any": [0]}}')
debug_merge_point(0, 0, '4336<main.rpyeffect:3([#38])>+0: {"op": "PrimOp". "name": "infixAdd(Int. Int): Int". "out": {"any": [0]}. "in": {"any": [1. 0]}}')
debug_merge_point(0, 0, '4336<main.rpyeffect:3([#38])>+1: {"op": "Return". "args": {"any": [0]}}')
+236: guard_nonnull(p31, descr=<Guard0x1386b0590>) [p0, p1, p2, p3, p4, p5, p6, p7, p8, p9, p10, p11, p12, p13, p14, p15, p16, p17, p18, p19, p20]
+244: i37 = getfield_gc_i(p31, descr=<FieldS rpyeffect.stored_environment.Stack__arb.inst_target 16 pure>)
+248: guard_value(i37, 4336, descr=<Guard0x1386b05c0>) [p0, p1, p2, p3, p4, p5, p6, p7, p8, p9, p10, p11, p12, p13, p14, p15, p16, p17, p18, p19, p20]
+264: p39 = getfield_gc_r(p31, descr=<FieldP rpyeffect.stored_environment.Stack__arb.inst_values_ptr 24 pure>)
+268: i40 = arraylen_gc(p39, descr=<ArrayP 8>)
+272: guard_value(i40, 1, descr=<Guard0x1386b05f0>) [p0, p1, p2, p3, p4, p5, p6, p7, p8, p9, p10, p11, p12, p13, p14, p15, p16, p17, p18, p19, p20]
+284: p43 = getarrayitem_gc_pure_r(p39, 0, descr=<ArrayP 8>)
+288: p44 = getfield_gc_r(p31, descr=<FieldP rpyeffect.stored_environment.Stack__arb.inst_tail 8 pure>)
debug_merge_point(0, 0, '4336<main.rpyeffect:3([#38])>+0: {"op": "PrimOp". "name": "infixAdd(Int. Int): Int". "out": {"any": [0]}. "in": {"any": [1. 0]}}')
+296: jump(p17, p44, p0, p19, p20, 1, p43, ConstPtr(ptr46), p4, p5, p6, p7, p8, p9, p10, p11, p12, p13, p14, p15, p16, descr=TargetToken(5241280672))
+460: --end of the loop--
[abfdead] jit-log-opt-bridge}
[ac6bc7d] {jit-log-opt-bridge
# bridge out of Guard 0x13869cd10 with 60 ops
[p0, p1, p2, p3, p4, p5, p6, p7, p8, p9, p10, p11, p12, p13, p14, p15, p16, p17, p18, p19, p20]
+168: guard_not_invalidated(descr=<Guard0x13864f778>) [p0, p1, p2, p3, p4, p5, p6, p7, p8, p9, p10, p11, p12, p13, p14, p15, p16, p17, p18, p19, p20]
debug_merge_point(0, 0, '4343<main.rpyeffect:10([switch default case#10])>+1: {"op": "PrimOp". "name": "infixEq(Int. Int): Boolean". "out": {"any": [1]}. "in": {"any": [0. 1]}}')
+172: i21 = getfield_gc_i(p1, descr=<FieldS rpyeffect.value.IntValue.inst_value 8 pure>)
+176: i23 = int_eq(i21, 0)
debug_merge_point(0, 0, '4343<main.rpyeffect:10([switch default case#10])>+2: {"op": "Switch". "scrutinee": 1. "values": [<BoolValue object at 0x138458080>]. "targets": [4341]. "default": 4342}')
+184: i25 = int_eq(i23, 0)
guard_true(i25, descr=<Guard0x1386b0830>) [p0, p1, p2, p3, p4, p5, p6, p7, p8, p9, p10, p11, p12, p13, p14, p15, p16, p17, p18, p19, p20]
debug_merge_point(0, 0, '4341<main.rpyeffect:8([switch case for Bool(false)#14])>+0: {"op": "Const". "type": "ptr". "out": 1. "format": "int". "value": "<IntValue object at 0x138458140>"}')
debug_merge_point(0, 0, '4341<main.rpyeffect:8([switch case for Bool(false)#14])>+1: {"op": "PrimOp". "name": "infixEq(Int. Int): Boolean". "out": {"any": [1]}. "in": {"any": [0. 1]}}')
+192: i27 = int_eq(i21, 1)
debug_merge_point(0, 0, '4341<main.rpyeffect:8([switch case for Bool(false)#14])>+2: {"op": "Switch". "scrutinee": 1. "values": [<BoolValue object at 0x138458110>]. "targets": [4335]. "default": 4340}')
guard_true(i27, descr=<Guard0x1386b0860>) [p0, p1, p2, p3, p4, p5, p6, p7, p8, p9, p10, p11, p12, p13, p14, p15, p16, p17, p18, p19, p20]
debug_merge_point(0, 0, '4335<main.rpyeffect:2([switch case for Bool(true)#21])>+0: {"op": "Const". "type": "ptr". "out": 0. "format": "int". "value": "<IntValue object at 0x138449040>"}')
debug_merge_point(0, 0, '4335<main.rpyeffect:2([switch case for Bool(true)#21])>+1: {"op": "Return". "args": {"any": [0]}}')
+200: guard_nonnull(p18, descr=<Guard0x1386b0890>) [p0, p1, p2, p3, p4, p5, p6, p7, p8, p9, p10, p11, p12, p13, p14, p15, p16, p17, p18, p19, p20]
+212: i28 = getfield_gc_i(p18, descr=<FieldS rpyeffect.stored_environment.Stack__arb.inst_target 16 pure>)
+220: guard_value(i28, 4336, descr=<Guard0x1386b08c0>) [p0, p1, p2, p3, p4, p5, p6, p7, p8, p9, p10, p11, p12, p13, p14, p15, p16, p17, p18, p19, p20]
+232: p30 = getfield_gc_r(p18, descr=<FieldP rpyeffect.stored_environment.Stack__arb.inst_values_ptr 24 pure>)
+236: i31 = arraylen_gc(p30, descr=<ArrayP 8>)
+240: guard_value(i31, 1, descr=<Guard0x1386b08f0>) [p0, p1, p2, p3, p4, p5, p6, p7, p8, p9, p10, p11, p12, p13, p14, p15, p16, p17, p18, p19, p20]
+252: p34 = getarrayitem_gc_pure_r(p30, 0, descr=<ArrayP 8>)
+256: p35 = getfield_gc_r(p18, descr=<FieldP rpyeffect.stored_environment.Stack__arb.inst_tail 8 pure>)
debug_merge_point(0, 0, '4336<main.rpyeffect:3([#38])>+0: {"op": "PrimOp". "name": "infixAdd(Int. Int): Int". "out": {"any": [0]}. "in": {"any": [1. 0]}}')
+260: i36 = getfield_gc_i(p34, descr=<FieldS rpyeffect.value.IntValue.inst_value 8 pure>)
+264: i38 = int_add(i36, 1)
debug_merge_point(0, 0, '4336<main.rpyeffect:3([#38])>+1: {"op": "Return". "args": {"any": [0]}}')
+268: guard_nonnull(p35, descr=<Guard0x1386b0920>) [p0, p1, p2, p3, p4, p5, p6, p7, p8, p9, p10, p11, p12, p13, p14, p15, p16, p17, p18, p19, p20]
+276: i39 = getfield_gc_i(p35, descr=<FieldS rpyeffect.stored_environment.Stack__arb.inst_target 16 pure>)
+280: guard_value(i39, 4337, descr=<Guard0x1386b0950>) [p0, p1, p2, p3, p4, p5, p6, p7, p8, p9, p10, p11, p12, p13, p14, p15, p16, p17, p18, p19, p20]
+292: p41 = getfield_gc_r(p35, descr=<FieldP rpyeffect.stored_environment.Stack__arb.inst_values_ptr 24 pure>)
+296: i42 = arraylen_gc(p41, descr=<ArrayP 8>)
+300: guard_value(i42, 1, descr=<Guard0x1386b0980>) [p0, p1, p2, p3, p4, p5, p6, p7, p8, p9, p10, p11, p12, p13, p14, p15, p16, p17, p18, p19, p20]
+312: p45 = getarrayitem_gc_pure_r(p41, 0, descr=<ArrayP 8>)
+316: p46 = getfield_gc_r(p35, descr=<FieldP rpyeffect.stored_environment.Stack__arb.inst_tail 8 pure>)
debug_merge_point(0, 0, '4337<main.rpyeffect:4([k@[switch case for Bool(false)#28]#33])>+0: {"op": "Const". "type": "ptr". "out": 2. "format": "int". "value": "<IntValue object at 0x138448fd0>"}')
debug_merge_point(0, 0, '4337<main.rpyeffect:4([k@[switch case for Bool(false)#28]#33])>+1: {"op": "PrimOp". "name": "infixSub(Int. Int): Int". "out": {"any": [1]}. "in": {"any": [1. 2]}}')
+320: i47 = getfield_gc_i(p45, descr=<FieldS rpyeffect.value.IntValue.inst_value 8 pure>)
+324: i49 = int_sub(i47, 2)
debug_merge_point(0, 0, '4337<main.rpyeffect:4([k@[switch case for Bool(false)#28]#33])>+2: {"op": "Push". "target": 4336. "args": {"any": [0]}}')
debug_merge_point(0, 0, '4337<main.rpyeffect:4([k@[switch case for Bool(false)#28]#33])>+3: {"op": "Copy". "type": "any". "from": 1. "to". 0}')
debug_merge_point(0, 0, '4337<main.rpyeffect:4([k@[switch case for Bool(false)#28]#33])>+4: {"op": "Jump". "target": 4344}')
debug_merge_point(0, 0, '4344<main.rpyeffect:11([mcore:[#53]#3])>+0: {"op": "Const". "type": "ptr". "out": 1. "format": "int". "value": "<IntValue object at 0x138458070>"}')
debug_merge_point(0, 0, '4344<main.rpyeffect:11([mcore:[#53]#3])>+1: {"op": "PrimOp". "name": "infixEq(Int. Int): Boolean". "out": {"any": [1]}. "in": {"any": [0. 1]}}')
+328: i51 = int_eq(i49, 0)
debug_merge_point(0, 0, '4344<main.rpyeffect:11([mcore:[#53]#3])>+2: {"op": "Switch". "scrutinee": 1. "values": [<BoolValue object at 0x138458040>]. "targets": [4333]. "default": 4343}')
guard_false(i51, descr=<Guard0x1386b09b0>) [p0, p1, p2, p3, p4, p5, p6, p7, p8, p9, p10, p11, p12, p13, p14, p15, p16, p17, p18, p19, p20]
debug_merge_point(0, 0, '4343<main.rpyeffect:10([switch default case#10])>+0: {"op": "Const". "type": "ptr". "out": 1. "format": "int". "value": "<IntValue object at 0x1384580b0>"}')
+336: p52 = new_with_vtable(descr=<SizeDescr 32>)
+440: p54 = new_array_clear(1, descr=<ArrayP 8>)
+460: p55 = new_with_vtable(descr=<SizeDescr 16>)
+472: setfield_gc(p55, i38, descr=<FieldS rpyeffect.value.IntValue.inst_value 8 pure>)
+476: setarrayitem_gc(p54, 0, p55, descr=<ArrayP 8>)
+480: p57 = new_with_vtable(descr=<SizeDescr 16>)
+492: p58 = new_with_vtable(descr=<SizeDescr 16>)
+504: setfield_gc(p57, i49, descr=<FieldS rpyeffect.value.IntValue.inst_value 8 pure>)
+508: setfield_gc(p52, 4336, descr=<FieldS rpyeffect.stored_environment.Stack__arb.inst_target 16 pure>)
+516: setfield_gc(p52, p54, descr=<FieldP rpyeffect.stored_environment.Stack__arb.inst_values_ptr 24 pure>)
+520: setfield_gc(p52, p46, descr=<FieldP rpyeffect.stored_environment.Stack__arb.inst_tail 8 pure>)
+524: setfield_gc(p58, 0, descr=<FieldU rpyeffect.value.BoolValue.inst_value 8 pure>)
+536: jump(p17, p52, p0, p19, p20, p57, p58, ConstPtr(ptr61), p4, p5, p6, p7, p8, p9, p10, p11, p12, p13, p14, p15, p16, descr=TargetToken(5241278368))
+572: --end of the loop--
[ac7603a] jit-log-opt-bridge}
[acaff26] {jit-log-opt-bridge
# bridge out of Guard 0x1386b00b0 with 39 ops
[p0, p1, p2, p3, p4, p5, p6, p7, p8, p9, p10, p11, p12, p13, p14, p15, p16, p17, p18, p19, i20]
+136: guard_not_invalidated(descr=<Guard0x13864f7c0>) [p0, p1, p2, p3, p4, p5, p6, p7, p8, p9, p10, p11, p12, p13, p14, p15, p16, p17, p18, p19, i20]
debug_merge_point(0, 0, '4343<main.rpyeffect:10([switch default case#10])>+1: {"op": "PrimOp". "name": "infixEq(Int. Int): Boolean". "out": {"any": [1]}. "in": {"any": [0. 1]}}')
+140: i22 = int_eq(i20, 0)
debug_merge_point(0, 0, '4343<main.rpyeffect:10([switch default case#10])>+2: {"op": "Switch". "scrutinee": 1. "values": [<BoolValue object at 0x138458080>]. "targets": [4341]. "default": 4342}')
+148: i24 = int_eq(i22, 0)
guard_true(i24, descr=<Guard0x1386b0b60>) [p0, p1, p2, p3, p4, p5, p6, p7, p8, p9, p10, p11, p12, p13, p14, p15, p16, p17, p18, p19, i20]
debug_merge_point(0, 0, '4341<main.rpyeffect:8([switch case for Bool(false)#14])>+0: {"op": "Const". "type": "ptr". "out": 1. "format": "int". "value": "<IntValue object at 0x138458140>"}')
debug_merge_point(0, 0, '4341<main.rpyeffect:8([switch case for Bool(false)#14])>+1: {"op": "PrimOp". "name": "infixEq(Int. Int): Boolean". "out": {"any": [1]}. "in": {"any": [0. 1]}}')
+156: i26 = int_eq(i20, 1)
debug_merge_point(0, 0, '4341<main.rpyeffect:8([switch case for Bool(false)#14])>+2: {"op": "Switch". "scrutinee": 1. "values": [<BoolValue object at 0x138458110>]. "targets": [4335]. "default": 4340}')
guard_true(i26, descr=<Guard0x1386b0b90>) [p0, p1, p2, p3, p4, p5, p6, p7, p8, p9, p10, p11, p12, p13, p14, p15, p16, p17, p18, p19, i20]
debug_merge_point(0, 0, '4335<main.rpyeffect:2([switch case for Bool(true)#21])>+0: {"op": "Const". "type": "ptr". "out": 0. "format": "int". "value": "<IntValue object at 0x138449040>"}')
debug_merge_point(0, 0, '4335<main.rpyeffect:2([switch case for Bool(true)#21])>+1: {"op": "Return". "args": {"any": [0]}}')
debug_merge_point(0, 0, '4337<main.rpyeffect:4([k@[switch case for Bool(false)#28]#33])>+0: {"op": "Const". "type": "ptr". "out": 2. "format": "int". "value": "<IntValue object at 0x138448fd0>"}')
debug_merge_point(0, 0, '4337<main.rpyeffect:4([k@[switch case for Bool(false)#28]#33])>+1: {"op": "PrimOp". "name": "infixSub(Int. Int): Int". "out": {"any": [1]}. "in": {"any": [1. 2]}}')
+164: i27 = getfield_gc_i(p18, descr=<FieldS rpyeffect.value.IntValue.inst_value 8 pure>)
+168: i29 = int_sub(i27, 2)
debug_merge_point(0, 0, '4337<main.rpyeffect:4([k@[switch case for Bool(false)#28]#33])>+2: {"op": "Push". "target": 4336. "args": {"any": [0]}}')
debug_merge_point(0, 0, '4337<main.rpyeffect:4([k@[switch case for Bool(false)#28]#33])>+3: {"op": "Copy". "type": "any". "from": 1. "to". 0}')
debug_merge_point(0, 0, '4337<main.rpyeffect:4([k@[switch case for Bool(false)#28]#33])>+4: {"op": "Jump". "target": 4344}')
debug_merge_point(0, 0, '4344<main.rpyeffect:11([mcore:[#53]#3])>+0: {"op": "Const". "type": "ptr". "out": 1. "format": "int". "value": "<IntValue object at 0x138458070>"}')
debug_merge_point(0, 0, '4344<main.rpyeffect:11([mcore:[#53]#3])>+1: {"op": "PrimOp". "name": "infixEq(Int. Int): Boolean". "out": {"any": [1]}. "in": {"any": [0. 1]}}')
+172: i31 = int_eq(i29, 0)
debug_merge_point(0, 0, '4344<main.rpyeffect:11([mcore:[#53]#3])>+2: {"op": "Switch". "scrutinee": 1. "values": [<BoolValue object at 0x138458040>]. "targets": [4333]. "default": 4343}')
guard_true(i31, descr=<Guard0x1386b0bc0>) [p0, p1, p2, p3, p4, p5, p6, p7, p8, p9, p10, p11, p12, p13, p14, p15, p16, p17, p18, p19, i20]
debug_merge_point(0, 0, '4333<main.rpyeffect:0([switch case for Bool(true)#7])>+0: {"op": "Const". "type": "ptr". "out": 0. "format": "int". "value": "<IntValue object at 0x138449090>"}')
debug_merge_point(0, 0, '4333<main.rpyeffect:0([switch case for Bool(true)#7])>+1: {"op": "Return". "args": {"any": [0]}}')
debug_merge_point(0, 0, '4336<main.rpyeffect:3([#38])>+0: {"op": "PrimOp". "name": "infixAdd(Int. Int): Int". "out": {"any": [0]}. "in": {"any": [1. 0]}}')
debug_merge_point(0, 0, '4336<main.rpyeffect:3([#38])>+1: {"op": "Return". "args": {"any": [0]}}')
+180: guard_nonnull(p19, descr=<Guard0x1386b0bf0>) [p0, p1, p2, p3, p4, p5, p6, p7, p8, p9, p10, p11, p12, p13, p14, p15, p16, p17, p18, p19, i20]
+188: i32 = getfield_gc_i(p19, descr=<FieldS rpyeffect.stored_environment.Stack__arb.inst_target 16 pure>)
+192: guard_value(i32, 4336, descr=<Guard0x1386b0c20>) [p0, p1, p2, p3, p4, p5, p6, p7, p8, p9, p10, p11, p12, p13, p14, p15, p16, p17, p18, p19, i20]
+204: p34 = getfield_gc_r(p19, descr=<FieldP rpyeffect.stored_environment.Stack__arb.inst_values_ptr 24 pure>)
+208: i35 = arraylen_gc(p34, descr=<ArrayP 8>)
+212: guard_value(i35, 1, descr=<Guard0x1386b0c50>) [p0, p1, p2, p3, p4, p5, p6, p7, p8, p9, p10, p11, p12, p13, p14, p15, p16, p17, p18, p19, i20]
+224: p38 = getarrayitem_gc_pure_r(p34, 0, descr=<ArrayP 8>)
+228: p39 = getfield_gc_r(p19, descr=<FieldP rpyeffect.stored_environment.Stack__arb.inst_tail 8 pure>)
debug_merge_point(0, 0, '4336<main.rpyeffect:3([#38])>+0: {"op": "PrimOp". "name": "infixAdd(Int. Int): Int". "out": {"any": [0]}. "in": {"any": [1. 0]}}')
+236: jump(p15, p39, p0, p16, p17, 1, p38, ConstPtr(ptr41), p2, p3, p4, p5, p6, p7, p8, p9, p10, p11, p12, p13, p14, descr=TargetToken(5241280672))
+436: --end of the loop--
[acb73d9] jit-log-opt-bridge}
[ace4f74] {jit-log-opt-bridge
# bridge out of Guard 0x1386b02c0 with 38 ops
[p0, p1, p2, p3, p4, p5, p6, p7, p8, p9, p10, p11, p12, p13, p14, p15, p16, p17, p18, p19, i20]
+120: guard_not_invalidated(descr=<Guard0x13864f850>) [p0, p1, p2, p3, p4, p5, p6, p7, p8, p9, p10, p11, p12, p13, p14, p15, p16, p17, p18, p19, i20]
+124: i21 = getfield_gc_i(p1, descr=<FieldS rpyeffect.value.IntValue.inst_value 8 pure>)
+128: i22 = int_add(i21, i20)
debug_merge_point(0, 0, '4336<main.rpyeffect:3([#38])>+1: {"op": "Return". "args": {"any": [0]}}')
+132: guard_nonnull(p17, descr=<Guard0x1386b0d70>) [p0, p1, p2, p3, p4, p5, p6, p7, p8, p9, p10, p11, p12, p13, p14, p15, p16, p17, p18, p19, i20]
+140: i23 = getfield_gc_i(p17, descr=<FieldS rpyeffect.stored_environment.Stack__arb.inst_target 16 pure>)
+144: guard_value(i23, 4337, descr=<Guard0x1386b0da0>) [p0, p1, p2, p3, p4, p5, p6, p7, p8, p9, p10, p11, p12, p13, p14, p15, p16, p17, p18, p19, i20]
+156: p25 = getfield_gc_r(p17, descr=<FieldP rpyeffect.stored_environment.Stack__arb.inst_values_ptr 24 pure>)
+160: i26 = arraylen_gc(p25, descr=<ArrayP 8>)
+164: guard_value(i26, 1, descr=<Guard0x1386b0dd0>) [p0, p1, p2, p3, p4, p5, p6, p7, p8, p9, p10, p11, p12, p13, p14, p15, p16, p17, p18, p19, i20]
+176: p29 = getarrayitem_gc_pure_r(p25, 0, descr=<ArrayP 8>)
+180: p30 = getfield_gc_r(p17, descr=<FieldP rpyeffect.stored_environment.Stack__arb.inst_tail 8 pure>)
debug_merge_point(0, 0, '4337<main.rpyeffect:4([k@[switch case for Bool(false)#28]#33])>+0: {"op": "Const". "type": "ptr". "out": 2. "format": "int". "value": "<IntValue object at 0x138448fd0>"}')
debug_merge_point(0, 0, '4337<main.rpyeffect:4([k@[switch case for Bool(false)#28]#33])>+1: {"op": "PrimOp". "name": "infixSub(Int. Int): Int". "out": {"any": [1]}. "in": {"any": [1. 2]}}')
+184: i31 = getfield_gc_i(p29, descr=<FieldS rpyeffect.value.IntValue.inst_value 8 pure>)
+188: i33 = int_sub(i31, 2)
debug_merge_point(0, 0, '4337<main.rpyeffect:4([k@[switch case for Bool(false)#28]#33])>+2: {"op": "Push". "target": 4336. "args": {"any": [0]}}')
debug_merge_point(0, 0, '4337<main.rpyeffect:4([k@[switch case for Bool(false)#28]#33])>+3: {"op": "Copy". "type": "any". "from": 1. "to". 0}')
debug_merge_point(0, 0, '4337<main.rpyeffect:4([k@[switch case for Bool(false)#28]#33])>+4: {"op": "Jump". "target": 4344}')
debug_merge_point(0, 0, '4344<main.rpyeffect:11([mcore:[#53]#3])>+0: {"op": "Const". "type": "ptr". "out": 1. "format": "int". "value": "<IntValue object at 0x138458070>"}')
debug_merge_point(0, 0, '4344<main.rpyeffect:11([mcore:[#53]#3])>+1: {"op": "PrimOp". "name": "infixEq(Int. Int): Boolean". "out": {"any": [1]}. "in": {"any": [0. 1]}}')
+192: i35 = int_eq(i33, 0)
debug_merge_point(0, 0, '4344<main.rpyeffect:11([mcore:[#53]#3])>+2: {"op": "Switch". "scrutinee": 1. "values": [<BoolValue object at 0x138458040>]. "targets": [4333]. "default": 4343}')
guard_false(i35, descr=<Guard0x1386b0e00>) [p0, p1, p2, p3, p4, p5, p6, p7, p8, p9, p10, p11, p12, p13, p14, p15, p16, p17, p18, p19, i20]
debug_merge_point(0, 0, '4343<main.rpyeffect:10([switch default case#10])>+0: {"op": "Const". "type": "ptr". "out": 1. "format": "int". "value": "<IntValue object at 0x1384580b0>"}')
+200: p36 = new_with_vtable(descr=<SizeDescr 32>)
+304: p38 = new_array_clear(1, descr=<ArrayP 8>)
+324: p39 = new_with_vtable(descr=<SizeDescr 16>)
+336: setfield_gc(p39, i22, descr=<FieldS rpyeffect.value.IntValue.inst_value 8 pure>)
+340: setarrayitem_gc(p38, 0, p39, descr=<ArrayP 8>)
+344: p41 = new_with_vtable(descr=<SizeDescr 16>)
+356: p42 = new_with_vtable(descr=<SizeDescr 16>)
+368: setfield_gc(p41, i33, descr=<FieldS rpyeffect.value.IntValue.inst_value 8 pure>)
+372: setfield_gc(p36, 4336, descr=<FieldS rpyeffect.stored_environment.Stack__arb.inst_target 16 pure>)
+380: setfield_gc(p36, p38, descr=<FieldP rpyeffect.stored_environment.Stack__arb.inst_values_ptr 24 pure>)
+384: setfield_gc(p36, p30, descr=<FieldP rpyeffect.stored_environment.Stack__arb.inst_tail 8 pure>)
+388: setfield_gc(p42, 0, descr=<FieldU rpyeffect.value.BoolValue.inst_value 8 pure>)
+400: jump(p16, p36, p0, p18, p19, p41, p42, ConstPtr(ptr45), p3, p4, p5, p6, p7, p8, p9, p10, p11, p12, p13, p14, p15, descr=TargetToken(5241278368))
+600: --end of the loop--
[acecdeb] jit-log-opt-bridge}
[ad17aa7] {jit-log-opt-bridge
# bridge out of Guard 0x13869d070 with 30 ops
[p0, p1, p2, p3, p4, p5, p6, p7, p8, p9, p10, p11, p12, p13, p14, p15, p16, p17, p18, p19, p20]
+136: guard_not_invalidated(descr=<Guard0x13864f898>) [p0, p1, p2, p3, p4, p5, p6, p7, p8, p9, p10, p11, p12, p13, p14, p15, p16, p17, p18, p19, p20]
debug_merge_point(0, 0, '4341<main.rpyeffect:8([switch case for Bool(false)#14])>+1: {"op": "PrimOp". "name": "infixEq(Int. Int): Boolean". "out": {"any": [1]}. "in": {"any": [0. 1]}}')
+140: i21 = getfield_gc_i(p1, descr=<FieldS rpyeffect.value.IntValue.inst_value 8 pure>)
+144: i23 = int_eq(i21, 1)
debug_merge_point(0, 0, '4341<main.rpyeffect:8([switch case for Bool(false)#14])>+2: {"op": "Switch". "scrutinee": 1. "values": [<BoolValue object at 0x138458110>]. "targets": [4335]. "default": 4340}')
guard_true(i23, descr=<Guard0x1386b0f50>) [p0, p1, p2, p3, p4, p5, p6, p7, p8, p9, p10, p11, p12, p13, p14, p15, p16, p17, p18, p19, p20]
debug_merge_point(0, 0, '4335<main.rpyeffect:2([switch case for Bool(true)#21])>+0: {"op": "Const". "type": "ptr". "out": 0. "format": "int". "value": "<IntValue object at 0x138449040>"}')
debug_merge_point(0, 0, '4335<main.rpyeffect:2([switch case for Bool(true)#21])>+1: {"op": "Return". "args": {"any": [0]}}')
+152: guard_nonnull(p18, descr=<Guard0x1386b0f80>) [p0, p1, p2, p3, p4, p5, p6, p7, p8, p9, p10, p11, p12, p13, p14, p15, p16, p17, p18, p19, p20]
+160: i24 = getfield_gc_i(p18, descr=<FieldS rpyeffect.stored_environment.Stack__arb.inst_target 16 pure>)
+164: guard_value(i24, 4336, descr=<Guard0x1386b0fb0>) [p0, p1, p2, p3, p4, p5, p6, p7, p8, p9, p10, p11, p12, p13, p14, p15, p16, p17, p18, p19, p20]
+176: p26 = getfield_gc_r(p18, descr=<FieldP rpyeffect.stored_environment.Stack__arb.inst_values_ptr 24 pure>)
+180: i27 = arraylen_gc(p26, descr=<ArrayP 8>)
+184: guard_value(i27, 1, descr=<Guard0x1386b0fe0>) [p0, p1, p2, p3, p4, p5, p6, p7, p8, p9, p10, p11, p12, p13, p14, p15, p16, p17, p18, p19, p20]
+196: p30 = getarrayitem_gc_pure_r(p26, 0, descr=<ArrayP 8>)
+200: p31 = getfield_gc_r(p18, descr=<FieldP rpyeffect.stored_environment.Stack__arb.inst_tail 8 pure>)
debug_merge_point(0, 0, '4336<main.rpyeffect:3([#38])>+0: {"op": "PrimOp". "name": "infixAdd(Int. Int): Int". "out": {"any": [0]}. "in": {"any": [1. 0]}}')
+204: i32 = getfield_gc_i(p30, descr=<FieldS rpyeffect.value.IntValue.inst_value 8 pure>)
+208: i34 = int_add(i32, 1)
debug_merge_point(0, 0, '4336<main.rpyeffect:3([#38])>+1: {"op": "Return". "args": {"any": [0]}}')
+212: guard_nonnull(p31, descr=<Guard0x1386b1010>) [p0, p1, p2, p3, p4, p5, p6, p7, p8, p9, p10, p11, p12, p13, p14, p15, p16, p17, p18, p19, p20]
+220: i35 = getfield_gc_i(p31, descr=<FieldS rpyeffect.stored_environment.Stack__arb.inst_target 16 pure>)
+224: guard_value(i35, 4336, descr=<Guard0x1386b1040>) [p0, p1, p2, p3, p4, p5, p6, p7, p8, p9, p10, p11, p12, p13, p14, p15, p16, p17, p18, p19, p20]
+236: p37 = getfield_gc_r(p31, descr=<FieldP rpyeffect.stored_environment.Stack__arb.inst_values_ptr 24 pure>)
+240: i38 = arraylen_gc(p37, descr=<ArrayP 8>)
+244: guard_value(i38, 1, descr=<Guard0x1386b1070>) [p0, p1, p2, p3, p4, p5, p6, p7, p8, p9, p10, p11, p12, p13, p14, p15, p16, p17, p18, p19, p20]
+256: p41 = getarrayitem_gc_pure_r(p37, 0, descr=<ArrayP 8>)
+260: p42 = getfield_gc_r(p31, descr=<FieldP rpyeffect.stored_environment.Stack__arb.inst_tail 8 pure>)
debug_merge_point(0, 0, '4336<main.rpyeffect:3([#38])>+0: {"op": "PrimOp". "name": "infixAdd(Int. Int): Int". "out": {"any": [0]}. "in": {"any": [1. 0]}}')
+264: jump(p17, p42, p0, p19, p20, i34, p41, p3, p4, p5, p6, p7, p8, p9, p10, p11, p12, p13, p14, p15, p16, descr=TargetToken(5241280672))
+432: --end of the loop--
[ad1db7f] jit-log-opt-bridge}
[ad5e506] {jit-log-opt-bridge
# bridge out of Guard 0x1386b0950 with 36 ops
[p0, p1, p2, p3, p4, p5, p6, p7, p8, p9, p10, p11, p12, p13, p14, p15, p16, p17, p18, p19, p20]
+152: guard_not_invalidated(descr=<Guard0x13864f9b8>) [p0, p1, p2, p3, p4, p5, p6, p7, p8, p9, p10, p11, p12, p13, p14, p15, p16, p17, p18, p19, p20]
debug_merge_point(0, 0, '4343<main.rpyeffect:10([switch default case#10])>+1: {"op": "PrimOp". "name": "infixEq(Int. Int): Boolean". "out": {"any": [1]}. "in": {"any": [0. 1]}}')
+156: i21 = getfield_gc_i(p1, descr=<FieldS rpyeffect.value.IntValue.inst_value 8 pure>)
+160: i23 = int_eq(i21, 0)
debug_merge_point(0, 0, '4343<main.rpyeffect:10([switch default case#10])>+2: {"op": "Switch". "scrutinee": 1. "values": [<BoolValue object at 0x138458080>]. "targets": [4341]. "default": 4342}')
+168: i25 = int_eq(i23, 0)
guard_true(i25, descr=<Guard0x1386b1520>) [p0, p1, p2, p3, p4, p5, p6, p7, p8, p9, p10, p11, p12, p13, p14, p15, p16, p17, p18, p19, p20]
debug_merge_point(0, 0, '4341<main.rpyeffect:8([switch case for Bool(false)#14])>+0: {"op": "Const". "type": "ptr". "out": 1. "format": "int". "value": "<IntValue object at 0x138458140>"}')
debug_merge_point(0, 0, '4341<main.rpyeffect:8([switch case for Bool(false)#14])>+1: {"op": "PrimOp". "name": "infixEq(Int. Int): Boolean". "out": {"any": [1]}. "in": {"any": [0. 1]}}')
+176: i27 = int_eq(i21, 1)
debug_merge_point(0, 0, '4341<main.rpyeffect:8([switch case for Bool(false)#14])>+2: {"op": "Switch". "scrutinee": 1. "values": [<BoolValue object at 0x138458110>]. "targets": [4335]. "default": 4340}')
guard_true(i27, descr=<Guard0x1386b1550>) [p0, p1, p2, p3, p4, p5, p6, p7, p8, p9, p10, p11, p12, p13, p14, p15, p16, p17, p18, p19, p20]
debug_merge_point(0, 0, '4335<main.rpyeffect:2([switch case for Bool(true)#21])>+0: {"op": "Const". "type": "ptr". "out": 0. "format": "int". "value": "<IntValue object at 0x138449040>"}')
debug_merge_point(0, 0, '4335<main.rpyeffect:2([switch case for Bool(true)#21])>+1: {"op": "Return". "args": {"any": [0]}}')
+184: guard_nonnull(p18, descr=<Guard0x1386b1580>) [p0, p1, p2, p3, p4, p5, p6, p7, p8, p9, p10, p11, p12, p13, p14, p15, p16, p17, p18, p19, p20]
+192: i28 = getfield_gc_i(p18, descr=<FieldS rpyeffect.stored_environment.Stack__arb.inst_target 16 pure>)
+196: guard_value(i28, 4336, descr=<Guard0x1386b15b0>) [p0, p1, p2, p3, p4, p5, p6, p7, p8, p9, p10, p11, p12, p13, p14, p15, p16, p17, p18, p19, p20]
+208: p30 = getfield_gc_r(p18, descr=<FieldP rpyeffect.stored_environment.Stack__arb.inst_values_ptr 24 pure>)
+212: i31 = arraylen_gc(p30, descr=<ArrayP 8>)
+216: guard_value(i31, 1, descr=<Guard0x1386b15e0>) [p0, p1, p2, p3, p4, p5, p6, p7, p8, p9, p10, p11, p12, p13, p14, p15, p16, p17, p18, p19, p20]
+228: p34 = getarrayitem_gc_pure_r(p30, 0, descr=<ArrayP 8>)
+232: p35 = getfield_gc_r(p18, descr=<FieldP rpyeffect.stored_environment.Stack__arb.inst_tail 8 pure>)
debug_merge_point(0, 0, '4336<main.rpyeffect:3([#38])>+0: {"op": "PrimOp". "name": "infixAdd(Int. Int): Int". "out": {"any": [0]}. "in": {"any": [1. 0]}}')
+236: i36 = getfield_gc_i(p34, descr=<FieldS rpyeffect.value.IntValue.inst_value 8 pure>)
+240: i38 = int_add(i36, 1)
debug_merge_point(0, 0, '4336<main.rpyeffect:3([#38])>+1: {"op": "Return". "args": {"any": [0]}}')
+244: guard_nonnull(p35, descr=<Guard0x1386b1610>) [p0, p1, p2, p3, p4, p5, p6, p7, p8, p9, p10, p11, p12, p13, p14, p15, p16, p17, p18, p19, p20]
+252: i39 = getfield_gc_i(p35, descr=<FieldS rpyeffect.stored_environment.Stack__arb.inst_target 16 pure>)
+256: guard_value(i39, 4336, descr=<Guard0x1386b1640>) [p0, p1, p2, p3, p4, p5, p6, p7, p8, p9, p10, p11, p12, p13, p14, p15, p16, p17, p18, p19, p20]
+268: p41 = getfield_gc_r(p35, descr=<FieldP rpyeffect.stored_environment.Stack__arb.inst_values_ptr 24 pure>)
+272: i42 = arraylen_gc(p41, descr=<ArrayP 8>)
+276: guard_value(i42, 1, descr=<Guard0x1386b1670>) [p0, p1, p2, p3, p4, p5, p6, p7, p8, p9, p10, p11, p12, p13, p14, p15, p16, p17, p18, p19, p20]
+288: p45 = getarrayitem_gc_pure_r(p41, 0, descr=<ArrayP 8>)
+292: p46 = getfield_gc_r(p35, descr=<FieldP rpyeffect.stored_environment.Stack__arb.inst_tail 8 pure>)
debug_merge_point(0, 0, '4336<main.rpyeffect:3([#38])>+0: {"op": "PrimOp". "name": "infixAdd(Int. Int): Int". "out": {"any": [0]}. "in": {"any": [1. 0]}}')
+296: jump(p17, p46, p0, p19, p20, i38, p45, p3, p4, p5, p6, p7, p8, p9, p10, p11, p12, p13, p14, p15, p16, descr=TargetToken(5241280672))
+500: --end of the loop--
[ad65912] jit-log-opt-bridge}
[ae7c1093] {jit-summary
Tracing:      	10	0.001789
Backend:      	10	0.000752
TOTAL:      		2.751627
ops:             	4623
heapcached ops:  	1076
recorded ops:    	1488
  calls:         	630
guards:          	157
opt ops:         	452
opt guards:      	80
opt guards shared:	68
forcings:        	0
abort: trace too long:	0
abort: compiling:	0
abort: vable escape:	0
abort: bad loop: 	0
abort: force quasi-immut:	0
abort: segmenting trace:	0
virtualizables forced:	0
nvirtuals:       	14
nvholes:         	0
nvreused:        	0
vecopt tried:    	0
vecopt success:  	0
Total # of loops:	3
Total # of bridges:	7
Freed # of loops:	0
Freed # of bridges:	0
[ae7c442c] jit-summary}
