[6e07b1b] {jit-log-opt-loop
# Loop 2 (301<std_core_hnd.rpyeffect:0(Name(getCurrentEvv))>+0: {"op": "Const", "type": "ptr", "out": 0, "format": "string", "value": "current-evv"}) : loop with 152 ops
[p0, p1, p2, p3, p4]
+376: p5 = getfield_gc_r(p2, descr=<FieldP rpyeffect.environment.Environment.inst_values_ptr 16>)
+384: p7 = getarrayitem_gc_r(p5, 0, descr=<ArrayP 8>)
+388: p9 = getarrayitem_gc_r(p5, 1, descr=<ArrayP 8>)
+392: p11 = getarrayitem_gc_r(p5, 2, descr=<ArrayP 8>)
+396: p13 = getarrayitem_gc_r(p5, 3, descr=<ArrayP 8>)
+400: p15 = getarrayitem_gc_r(p5, 4, descr=<ArrayP 8>)
+404: p17 = getarrayitem_gc_r(p5, 5, descr=<ArrayP 8>)
+408: p19 = getarrayitem_gc_r(p5, 6, descr=<ArrayP 8>)
+412: p21 = getarrayitem_gc_r(p5, 7, descr=<ArrayP 8>)
+416: p23 = getarrayitem_gc_r(p5, 8, descr=<ArrayP 8>)
+420: p25 = getarrayitem_gc_r(p5, 9, descr=<ArrayP 8>)
+424: p27 = getarrayitem_gc_r(p5, 10, descr=<ArrayP 8>)
+428: p29 = getarrayitem_gc_r(p5, 11, descr=<ArrayP 8>)
+432: p31 = getarrayitem_gc_r(p5, 12, descr=<ArrayP 8>)
+436: p33 = getarrayitem_gc_r(p5, 13, descr=<ArrayP 8>)
+440: p35 = getarrayitem_gc_r(p5, 14, descr=<ArrayP 8>)
+444: p37 = getarrayitem_gc_r(p5, 15, descr=<ArrayP 8>)
+448: label(p0, p1, p2, p3, p4, p7, p9, p11, p13, p15, p17, p19, p21, p23, p25, p27, p29, p31, p33, p35, p37, descr=TargetToken(4837126816))
debug_merge_point(0, 0, '301<std_core_hnd.rpyeffect:0(Name(getCurrentEvv))>+0: {"op": "Const". "type": "ptr". "out": 0. "format": "string". "value": "current-evv"}')
+512: guard_not_invalidated(descr=<Guard0x120527a00>) [p2, p7, p9, p11, p13, p15, p17, p19, p21, p23, p25, p27, p29, p31, p33, p35, p37, p0, p1, p3, p4]
debug_merge_point(0, 0, '301<std_core_hnd.rpyeffect:0(Name(getCurrentEvv))>+1: {"op": "PrimOp". "name": "getGlobal(String): Ptr". "out": {"any": [0]}. "in": {"any": [0]}}')
debug_merge_point(0, 0, '301<std_core_hnd.rpyeffect:0(Name(getCurrentEvv))>+2: {"op": "PrimOp". "name": "getRef(Ref[Ptr]): Ptr". "out": {"any": [0]}. "in": {"any": [0]}}')
+520: p39 = getfield_gc_r(ConstPtr(ptr38), descr=<FieldP rpyeffect.region.Ref.inst_value 16>)
+528: guard_value(p39, ConstPtr(ptr40), descr=<Guard0x120527a48>) [p2, p7, p9, p11, p13, p15, p17, p19, p21, p23, p25, p27, p29, p31, p33, p35, p37, p0, p1, p3, p4]
debug_merge_point(0, 0, '301<std_core_hnd.rpyeffect:0(Name(getCurrentEvv))>+3: {"op": "Return". "args": {"any": [0]}}')
+536: guard_nonnull(p1, descr=<Guard0x12054c950>) [p2, p7, p9, p11, p13, p15, p17, p19, p21, p23, p25, p27, p29, p31, p33, p35, p37, p0, p1, p3, p4]
+548: i41 = getfield_gc_i(p1, descr=<FieldS rpyeffect.stored_environment.Stack__arb.inst_target 16 pure>)
+556: guard_value(i41, 4411, descr=<Guard0x12054c980>) [p2, p7, p9, p11, p13, p15, p17, p19, p21, p23, p25, p27, p29, p31, p33, p35, p37, p0, p1, p3, p4]
+568: p43 = getfield_gc_r(p1, descr=<FieldP rpyeffect.stored_environment.Stack__arb.inst_values_ptr 24 pure>)
+572: i44 = arraylen_gc(p43, descr=<ArrayP 8>)
+576: guard_value(i44, 2, descr=<Guard0x12054c9b0>) [p2, p7, p9, p11, p13, p15, p17, p19, p21, p23, p25, p27, p29, p31, p33, p35, p37, p0, p1, p3, p4]
+588: p47 = getarrayitem_gc_pure_r(p43, 0, descr=<ArrayP 8>)
+592: p49 = getarrayitem_gc_pure_r(p43, 1, descr=<ArrayP 8>)
+596: p50 = getfield_gc_r(p1, descr=<FieldP rpyeffect.stored_environment.Stack__arb.inst_tail 8 pure>)
debug_merge_point(0, 0, '4411<test_bench_koka_counter.rpyeffect:78([k@[mcore:[#153]#138]#144])>+0: {"op": "PrimOp". "name": "promote_ptr". "out": {"any": [0]}. "in": {"any": [0]}}')
+600: i52 = instance_ptr_eq(ConstPtr(ptr51), p39)
guard_true(i52, descr=<Guard0x12054c9e0>) [p2, p7, p9, p11, p13, p15, p17, p19, p21, p23, p25, p27, p29, p31, p33, p35, p37, p0, p1, p3, p4]
debug_merge_point(0, 0, '4411<test_bench_koka_counter.rpyeffect:78([k@[mcore:[#153]#138]#144])>+1: {"op": "Const". "type": "ptr". "out": 3. "format": "string". "value": "Name(import$std/core/hnd)"}')
debug_merge_point(0, 0, '4411<test_bench_koka_counter.rpyeffect:78([k@[mcore:[#153]#138]#144])>+2: {"op": "PrimOp". "name": "getGlobal(String): Ptr". "out": {"any": [3]}. "in": {"any": [3]}}')
debug_merge_point(0, 0, '4411<test_bench_koka_counter.rpyeffect:78([k@[mcore:[#153]#138]#144])>+3: {"op": "Push". "target": 4410. "args": {"any": [2]}}')
debug_merge_point(0, 0, '4411<test_bench_koka_counter.rpyeffect:78([k@[mcore:[#153]#138]#144])>+4: {"op": "Copy". "type": "any". "from": 3. "to". 2}')
debug_merge_point(0, 0, '4411<test_bench_koka_counter.rpyeffect:78([k@[mcore:[#153]#138]#144])>+5: {"op": "Jump". "target": 4379}')
debug_merge_point(0, 0, '4379<test_bench_koka_counter.rpyeffect:46([mcore:[#122]#118])>+0: {"op": "Const". "type": "ptr". "out": 2. "format": "string". "value": "Name(import$std/core/hnd)"}')
debug_merge_point(0, 0, '4379<test_bench_koka_counter.rpyeffect:46([mcore:[#122]#118])>+1: {"op": "PrimOp". "name": "getGlobal(String): Ptr". "out": {"any": [2]}. "in": {"any": [2]}}')
debug_merge_point(0, 0, '4379<test_bench_koka_counter.rpyeffect:46([mcore:[#122]#118])>+2: {"op": "CallLib". "lib": "2". "symbol": "elt"}')
debug_merge_point(0, 0, '341<std_core_hnd.rpyeffect:40(Name(elt))>+0: {"op": "Switch". "scrutinee": 1. "values": [<IntValue object at 0x130613dc0>]. "targets": [339]. "default": 340}')
+608: guard_nonnull_class(p47, ConstClass(IntValue), descr=<Guard0x120527a90>) [p2, p7, p9, p11, p13, p15, p17, p19, p21, p23, p25, p27, p29, p31, p33, p35, p37, p0, p1, p3, p4]
+632: i54 = getfield_gc_i(p47, descr=<FieldS rpyeffect.value.IntValue.inst_value 8 pure>)
+636: i56 = int_eq(i54, 0)
guard_true(i56, descr=<Guard0x12054ca10>) [p2, p7, p9, p11, p13, p15, p17, p19, p21, p23, p25, p27, p29, p31, p33, p35, p37, p0, p1, p3, p4]
debug_merge_point(0, 0, '339<std_core_hnd.rpyeffect:38([switch case for Int(0)#100])>+0: {"op": "Proj". "out": 0. "type": Interned(evv). "scrutinee": 0. "tag": Interned(cons). "field": 0. "field_type": "any"}')
+644: p58 = getfield_gc_r(ConstPtr(ptr57), descr=<FieldP rpyeffect.data.Data.inst_tag 8>)
+652: guard_value(p58, ConstPtr(ptr59), descr=<Guard0x12054cc50>) [p2, p7, p9, p11, p13, p15, p17, p19, p21, p23, p25, p27, p29, p31, p33, p35, p37, p0, p1, p3, p4]
debug_merge_point(0, 0, '339<std_core_hnd.rpyeffect:38([switch case for Int(0)#100])>+1: {"op": "Return". "args": {"any": [0]}}')
debug_merge_point(0, 0, '4410<test_bench_koka_counter.rpyeffect:77([k@[k@[mcore:[#153]#138]#144]#152])>+0: {"op": "Push". "target": 4400. "args": {"any": [1]}}')
debug_merge_point(0, 0, '4410<test_bench_koka_counter.rpyeffect:77([k@[k@[mcore:[#153]#138]#144]#152])>+1: {"op": "Match". "type": Interned(std/core/hnd/ev). "scrutinee": 0. "clauses": [{"tag": Interned(std/core/hnd/Ev). "target": 4409. "args": {"any": [1. 2. 3. 4]}}]. "default": {"tag": Interned(7883151d-b512-476f-adab-cb436f7b0e85#[Missing Tag#619]). "target": 4401. "args": {"any": []}}}')
+664: p61 = getfield_gc_r(ConstPtr(ptr60), descr=<FieldP rpyeffect.data.Data.inst_tag 8>)
+672: guard_value(p61, ConstPtr(ptr62), descr=<Guard0x12054cb90>) [p2, p7, p9, p11, p13, p15, p17, p19, p21, p23, p25, p27, p29, p31, p33, p35, p37, p0, p1, p3, p4]
debug_merge_point(0, 0, '4409<test_bench_koka_counter.rpyeffect:76([#212])>+0: {"op": "Copy". "type": "any". "from": 0. "to". 1}')
debug_merge_point(0, 0, '4409<test_bench_koka_counter.rpyeffect:76([#212])>+1: {"op": "Copy". "type": "any". "from": 2. "to". 0}')
debug_merge_point(0, 0, '4409<test_bench_koka_counter.rpyeffect:76([#212])>+2: {"op": "Match". "type": Interned(test/bench/koka/counter/st). "scrutinee": 3. "clauses": [{"tag": Interned(test/bench/koka/counter/@Hnd-st). "target": 4408. "args": {"any": [2. 3. 4]}}]. "default": {"tag": Interned(7883151d-b512-476f-adab-cb436f7b0e85#[Missing Tag#618]). "target": 4403. "args": {"any": []}}}')
+684: p64 = getfield_gc_r(ConstPtr(ptr63), descr=<FieldP rpyeffect.data.Data.inst_tag 8>)
+692: guard_value(p64, ConstPtr(ptr65), descr=<Guard0x12054cb60>) [p2, p7, p9, p11, p13, p15, p17, p19, p21, p23, p25, p27, p29, p31, p33, p35, p37, p0, p1, p3, p4]
debug_merge_point(0, 0, '4408<test_bench_koka_counter.rpyeffect:75([#217])>+0: {"op": "Match". "type": Interned(std/core/hnd/clause0). "scrutinee": 3. "clauses": [{"tag": Interned(std/core/hnd/Clause0). "target": 4407. "args": {"any": [2]}}]. "default": {"tag": Interned(7883151d-b512-476f-adab-cb436f7b0e85#[Missing Tag#617]). "target": 4405. "args": {"any": []}}}')
+704: p67 = getfield_gc_r(ConstPtr(ptr66), descr=<FieldP rpyeffect.data.Data.inst_tag 8>)
+712: guard_value(p67, ConstPtr(ptr68), descr=<Guard0x12054cb30>) [p2, p7, p9, p11, p13, p15, p17, p19, p21, p23, p25, p27, p29, p31, p33, p35, p37, p0, p1, p3, p4]
debug_merge_point(0, 0, '4407<test_bench_koka_counter.rpyeffect:74([match_std/core/hnd/Clause0@[#217]#222])>+0: {"op": "Invoke". "receiver": 2. "tag": Interned(apply). "args" : {"any": [0. 1]}}')
debug_merge_point(0, 0, '1119<std_core_hnd.rpyeffect:818([method_apply@[mcore:[#1231]#2267]#2271])>+0: {"op": "Const". "type": "ptr". "out": 3. "format": "string". "value": "Name(import$std/core/hnd)"}')
debug_merge_point(0, 0, '1119<std_core_hnd.rpyeffect:818([method_apply@[mcore:[#1231]#2267]#2271])>+1: {"op": "PrimOp". "name": "getGlobal(String): Ptr". "out": {"any": [3]}. "in": {"any": [3]}}')
debug_merge_point(0, 0, '1119<std_core_hnd.rpyeffect:818([method_apply@[mcore:[#1231]#2267]#2271])>+2: {"op": "Swap". "type": "any". "a": 2. "b". 3}')
debug_merge_point(0, 0, '1119<std_core_hnd.rpyeffect:818([method_apply@[mcore:[#1231]#2267]#2271])>+3: {"op": "Jump". "target": 1118}')
debug_merge_point(0, 0, '1118<std_core_hnd.rpyeffect:817([mcore:[#1229]#2231])>+0: {"op": "Push". "target": 1114. "args": {"any": [1. 3]}}')
debug_merge_point(0, 0, '1118<std_core_hnd.rpyeffect:817([mcore:[#1229]#2231])>+1: {"op": "Match". "type": Interned(std/core/hnd/ev). "scrutinee": 1. "clauses": [{"tag": Interned(std/core/hnd/Ev). "target": 1117. "args": {"any": [0. 1. 2. 3]}}]. "default": {"tag": Interned(9ecfa5c6-d050-4adc-badf-39eef9fcb0bd#[Missing Tag#3076]). "target": 1115. "args": {"any": []}}}')
debug_merge_point(0, 0, '1117<std_core_hnd.rpyeffect:816([#2260])>+0: {"op": "Const". "type": "ptr". "out": 0. "format": "string". "value": "Name(import$std/core/hnd)"}')
debug_merge_point(0, 0, '1117<std_core_hnd.rpyeffect:816([#2260])>+1: {"op": "PrimOp". "name": "getGlobal(String): Ptr". "out": {"any": [0]}. "in": {"any": [0]}}')
debug_merge_point(0, 0, '1117<std_core_hnd.rpyeffect:816([#2260])>+2: {"op": "Copy". "type": "any". "from": 0. "to". 1}')
debug_merge_point(0, 0, '1117<std_core_hnd.rpyeffect:816([#2260])>+3: {"op": "Copy". "type": "any". "from": 3. "to". 0}')
debug_merge_point(0, 0, '1117<std_core_hnd.rpyeffect:816([#2260])>+4: {"op": "Jump". "target": 1088}')
debug_merge_point(0, 0, '1088<std_core_hnd.rpyeffect:787([mcore:[#1212]#2170])>+0: {"op": "Const". "type": "ptr". "out": 1. "format": "string". "value": "Name(import$std/core/hnd)"}')
debug_merge_point(0, 0, '1088<std_core_hnd.rpyeffect:787([mcore:[#1212]#2170])>+1: {"op": "PrimOp". "name": "getGlobal(String): Ptr". "out": {"any": [1]}. "in": {"any": [1]}}')
debug_merge_point(0, 0, '1088<std_core_hnd.rpyeffect:787([mcore:[#1212]#2170])>+2: {"op": "CallLib". "lib": "1". "symbol": "swapCurrentEvv"}')
debug_merge_point(0, 0, '303<std_core_hnd.rpyeffect:2(Name(swapCurrentEvv))>+0: {"op": "Const". "type": "ptr". "out": 1. "format": "string". "value": "current-evv"}')
debug_merge_point(0, 0, '303<std_core_hnd.rpyeffect:2(Name(swapCurrentEvv))>+1: {"op": "PrimOp". "name": "getGlobal(String): Ptr". "out": {"any": [1]}. "in": {"any": [1]}}')
debug_merge_point(0, 0, '303<std_core_hnd.rpyeffect:2(Name(swapCurrentEvv))>+2: {"op": "PrimOp". "name": "getRef(Ref[Ptr]): Ptr". "out": {"any": [2]}. "in": {"any": [1]}}')
debug_merge_point(0, 0, '303<std_core_hnd.rpyeffect:2(Name(swapCurrentEvv))>+3: {"op": "PrimOp". "name": "setRef(Ref[Ptr]. Ptr): Unit". "out": {"any": [0]}. "in": {"any": [1. 0]}}')
debug_merge_point(0, 0, '303<std_core_hnd.rpyeffect:2(Name(swapCurrentEvv))>+4: {"op": "Copy". "type": "any". "from": 2. "to". 0}')
debug_merge_point(0, 0, '303<std_core_hnd.rpyeffect:2(Name(swapCurrentEvv))>+5: {"op": "Return". "args": {"any": [0]}}')
debug_merge_point(0, 0, '1114<std_core_hnd.rpyeffect:813([k@[mcore:[#1229]#2231]#2233])>+0: {"op": "Push". "target": 1113. "args": {"any": [1. 0]}}')
debug_merge_point(0, 0, '1114<std_core_hnd.rpyeffect:813([k@[mcore:[#1229]#2231]#2233])>+1: {"op": "Invoke". "receiver": 2. "tag": Interned(apply). "args" : {"any": []}}')
debug_merge_point(0, 0, '4419<test_bench_koka_counter.rpyeffect:86([method_apply@[mcore:[#177]#245]#249])>+0: {"op": "Jump". "target": 4415}')
debug_merge_point(0, 0, '4415<test_bench_koka_counter.rpyeffect:82([mcore:[#163]#237])>+0: {"op": "PrimOp". "name": "getRef(Ref[Ptr]): Ptr". "out": {"any": [0]}. "in": {"any": [0]}}')
+788: setfield_gc(ConstPtr(ptr69), ConstPtr(ptr70), descr=<FieldP rpyeffect.region.Ref.inst_value 16>)
+796: p72 = getfield_gc_r(ConstPtr(ptr71), descr=<FieldP rpyeffect.region.Ref.inst_value 16>)
+800: i73 = getfield_gc_i(p72, descr=<FieldS rpyeffect.value.UnboxedIntValueRef.inst_value 8>)
debug_merge_point(0, 0, '4415<test_bench_koka_counter.rpyeffect:82([mcore:[#163]#237])>+1: {"op": "Return". "args": {"any": [0]}}')
debug_merge_point(0, 0, '1113<std_core_hnd.rpyeffect:812([k@[k@[mcore:[#1229]#2231]#2233]#2235])>+0: {"op": "Const". "type": "ptr". "out": 3. "format": "string". "value": "Name(import$std/core/hnd)"}')
debug_merge_point(0, 0, '1113<std_core_hnd.rpyeffect:812([k@[k@[mcore:[#1229]#2231]#2233]#2235])>+1: {"op": "PrimOp". "name": "getGlobal(String): Ptr". "out": {"any": [3]}. "in": {"any": [3]}}')
debug_merge_point(0, 0, '1113<std_core_hnd.rpyeffect:812([k@[k@[mcore:[#1229]#2231]#2233]#2235])>+2: {"op": "Push". "target": 1112. "args": {"any": [1. 0]}}')
debug_merge_point(0, 0, '1113<std_core_hnd.rpyeffect:812([k@[k@[mcore:[#1229]#2231]#2233]#2235])>+3: {"op": "Copy". "type": "any". "from": 3. "to". 1}')
debug_merge_point(0, 0, '1113<std_core_hnd.rpyeffect:812([k@[k@[mcore:[#1229]#2231]#2233]#2235])>+4: {"op": "Copy". "type": "any". "from": 2. "to". 0}')
debug_merge_point(0, 0, '1113<std_core_hnd.rpyeffect:812([k@[k@[mcore:[#1229]#2231]#2233]#2235])>+5: {"op": "Jump". "target": 1089}')
debug_merge_point(0, 0, '1089<std_core_hnd.rpyeffect:788([mcore:[#1214]#2175])>+0: {"op": "Const". "type": "ptr". "out": 1. "format": "string". "value": "Name(import$std/core/hnd)"}')
debug_merge_point(0, 0, '1089<std_core_hnd.rpyeffect:788([mcore:[#1214]#2175])>+1: {"op": "PrimOp". "name": "getGlobal(String): Ptr". "out": {"any": [1]}. "in": {"any": [1]}}')
debug_merge_point(0, 0, '1089<std_core_hnd.rpyeffect:788([mcore:[#1214]#2175])>+2: {"op": "CallLib". "lib": "1". "symbol": "setCurrentEvv"}')
debug_merge_point(0, 0, '302<std_core_hnd.rpyeffect:1(Name(setCurrentEvv))>+0: {"op": "Const". "type": "ptr". "out": 1. "format": "string". "value": "current-evv"}')
debug_merge_point(0, 0, '302<std_core_hnd.rpyeffect:1(Name(setCurrentEvv))>+1: {"op": "PrimOp". "name": "getGlobal(String): Ptr". "out": {"any": [1]}. "in": {"any": [1]}}')
debug_merge_point(0, 0, '302<std_core_hnd.rpyeffect:1(Name(setCurrentEvv))>+2: {"op": "PrimOp". "name": "setRef(Ref[Ptr]. Ptr): Unit". "out": {"any": [0]}. "in": {"any": [1. 0]}}')
debug_merge_point(0, 0, '302<std_core_hnd.rpyeffect:1(Name(setCurrentEvv))>+3: {"op": "Return". "args": {"any": [0]}}')
debug_merge_point(0, 0, '1112<std_core_hnd.rpyeffect:811([#2240])>+0: {"op": "Const". "type": "ptr". "out": 0. "format": "bool". "value": "<BoolValue object at 0x13071c1f0>"}')
debug_merge_point(0, 0, '1112<std_core_hnd.rpyeffect:811([#2240])>+1: {"op": "Swap". "type": "any". "a": 0. "b". 1}')
debug_merge_point(0, 0, '1112<std_core_hnd.rpyeffect:811([#2240])>+2: {"op": "Swap". "type": "any". "a": 2. "b". 1}')
debug_merge_point(0, 0, '1112<std_core_hnd.rpyeffect:811([#2240])>+3: {"op": "Switch". "scrutinee": 2. "values": [<BoolValue object at 0x13071c1e0>]. "targets": [1108]. "default": 1111}')
debug_merge_point(0, 0, '1111<std_core_hnd.rpyeffect:810([switch default case#2255])>+0: {"op": "Const". "type": "ptr". "out": 0. "format": "bool". "value": "<BoolValue object at 0x13071c210>"}')
debug_merge_point(0, 0, '1111<std_core_hnd.rpyeffect:810([switch default case#2255])>+1: {"op": "Swap". "type": "any". "a": 0. "b". 1}')
debug_merge_point(0, 0, '1111<std_core_hnd.rpyeffect:810([switch default case#2255])>+2: {"op": "Switch". "scrutinee": 1. "values": [<BoolValue object at 0x13071c200>]. "targets": [1109]. "default": 1110}')
debug_merge_point(0, 0, '1109<std_core_hnd.rpyeffect:808([switch case for Bool(false)#2257])>+0: {"op": "Return". "args": {"any": [0]}}')
debug_merge_point(0, 0, '4400<test_bench_koka_counter.rpyeffect:67([k@[k@[k@[mcore:[#153]#138]#144]#152]#154])>+0: {"op": "Const". "type": "ptr". "out": 2. "format": "string". "value": "std/num/int32/zero"}')
debug_merge_point(0, 0, '4400<test_bench_koka_counter.rpyeffect:67([k@[k@[k@[mcore:[#153]#138]#144]#152]#154])>+1: {"op": "PrimOp". "name": "getGlobal(String): Num". "out": {"any": [2]}. "in": {"any": [2]}}')
debug_merge_point(0, 0, '4400<test_bench_koka_counter.rpyeffect:67([k@[k@[k@[mcore:[#153]#138]#144]#152]#154])>+2: {"op": "PrimOp". "name": "infixEq(Int. Int): Boolean". "out": {"any": [2]}. "in": {"any": [0. 2]}}')
+804: i75 = int_eq(i73, 0)
debug_merge_point(0, 0, '4400<test_bench_koka_counter.rpyeffect:67([k@[k@[k@[mcore:[#153]#138]#144]#152]#154])>+3: {"op": "Swap". "type": "any". "a": 0. "b". 1}')
debug_merge_point(0, 0, '4400<test_bench_koka_counter.rpyeffect:67([k@[k@[k@[mcore:[#153]#138]#144]#152]#154])>+4: {"op": "Switch". "scrutinee": 2. "values": [<BoolValue object at 0x12045ecb0>]. "targets": [4383]. "default": 4399}')
+876: setfield_gc(ConstPtr(ptr76), ConstPtr(ptr40), descr=<FieldP rpyeffect.region.Ref.inst_value 16>)
+880: guard_false(i75, descr=<Guard0x120527b20>) [p2, p49, p17, p19, p21, p23, p25, p27, p29, p31, p33, p35, p37, i75, p0, p50, p3, p4, i73]
debug_merge_point(0, 0, '4399<test_bench_koka_counter.rpyeffect:66([switch default case#161])>+0: {"op": "Const". "type": "ptr". "out": 2. "format": "string". "value": "std/num/int32/zero"}')
debug_merge_point(0, 0, '4399<test_bench_koka_counter.rpyeffect:66([switch default case#161])>+1: {"op": "PrimOp". "name": "getGlobal(String): Num". "out": {"any": [2]}. "in": {"any": [2]}}')
debug_merge_point(0, 0, '4399<test_bench_koka_counter.rpyeffect:66([switch default case#161])>+2: {"op": "PrimOp". "name": "infixEq(Int. Int): Boolean". "out": {"any": [2]}. "in": {"any": [1. 2]}}')
debug_merge_point(0, 0, '4399<test_bench_koka_counter.rpyeffect:66([switch default case#161])>+3: {"op": "Switch". "scrutinee": 2. "values": [<BoolValue object at 0x12045ed10>]. "targets": [4397]. "default": 4398}')
debug_merge_point(0, 0, '4397<test_bench_koka_counter.rpyeffect:64([switch case for Bool(false)#167])>+0: {"op": "Const". "type": "ptr". "out": 2. "format": "int". "value": "<IntValue object at 0x12045ee40>"}')
debug_merge_point(0, 0, '4397<test_bench_koka_counter.rpyeffect:64([switch case for Bool(false)#167])>+1: {"op": "PrimOp". "name": "infixSub(Int. Int): Int". "out": {"any": [1]}. "in": {"any": [1. 2]}}')
+888: i78 = int_sub(i73, 1)
debug_merge_point(0, 0, '4397<test_bench_koka_counter.rpyeffect:64([switch case for Bool(false)#167])>+2: {"op": "Const". "type": "ptr". "out": 2. "format": "int". "value": "<IntValue object at 0x12045ee10>"}')
debug_merge_point(0, 0, '4397<test_bench_koka_counter.rpyeffect:64([switch case for Bool(false)#167])>+3: {"op": "Const". "type": "ptr". "out": 3. "format": "string". "value": "Name(import$std/core/hnd)"}')
debug_merge_point(0, 0, '4397<test_bench_koka_counter.rpyeffect:64([switch case for Bool(false)#167])>+4: {"op": "PrimOp". "name": "getGlobal(String): Ptr". "out": {"any": [3]}. "in": {"any": [3]}}')
debug_merge_point(0, 0, '4397<test_bench_koka_counter.rpyeffect:64([switch case for Bool(false)#167])>+5: {"op": "Push". "target": 4396. "args": {"any": [2. 0. 1]}}')
debug_merge_point(0, 0, '4397<test_bench_koka_counter.rpyeffect:64([switch case for Bool(false)#167])>+6: {"op": "Copy". "type": "any". "from": 3. "to". 0}')
debug_merge_point(0, 0, '4397<test_bench_koka_counter.rpyeffect:64([switch case for Bool(false)#167])>+7: {"op": "Jump". "target": 4382}')
debug_merge_point(0, 0, '4382<test_bench_koka_counter.rpyeffect:49([mcore:[#140]#134])>+0: {"op": "Const". "type": "ptr". "out": 0. "format": "string". "value": "Name(import$std/core/hnd)"}')
debug_merge_point(0, 0, '4382<test_bench_koka_counter.rpyeffect:49([mcore:[#140]#134])>+1: {"op": "PrimOp". "name": "getGlobal(String): Ptr". "out": {"any": [0]}. "in": {"any": [0]}}')
debug_merge_point(0, 0, '4382<test_bench_koka_counter.rpyeffect:49([mcore:[#140]#134])>+2: {"op": "CallLib". "lib": "0". "symbol": "getCurrentEvv"}')
debug_merge_point(0, 0, '301<std_core_hnd.rpyeffect:0(Name(getCurrentEvv))>+0: {"op": "Const". "type": "ptr". "out": 0. "format": "string". "value": "current-evv"}')
+892: p79 = new_with_vtable(descr=<SizeDescr 32>)
+996: p81 = new_array_clear(3, descr=<ArrayP 8>)
+1020: setarrayitem_gc(p81, 0, ConstPtr(ptr83), descr=<ArrayP 8>)
+1024: setarrayitem_gc(p81, 1, p49, descr=<ArrayP 8>)
+1028: p85 = new_with_vtable(descr=<SizeDescr 16>)
+1040: setfield_gc(p85, i78, descr=<FieldS rpyeffect.value.IntValue.inst_value 8 pure>)
+1044: setarrayitem_gc(p81, 2, p85, descr=<ArrayP 8>)
+1048: setfield_gc(p79, 4396, descr=<FieldS rpyeffect.stored_environment.Stack__arb.inst_target 16 pure>)
+1056: setfield_gc(p79, p81, descr=<FieldP rpyeffect.stored_environment.Stack__arb.inst_values_ptr 24 pure>)
+1060: setfield_gc(p79, p50, descr=<FieldP rpyeffect.stored_environment.Stack__arb.inst_tail 8 pure>)
+1072: jump(p0, p79, p2, p3, p4, ConstPtr(ptr88), p85, ConstPtr(ptr89), ConstPtr(ptr90), ConstPtr(ptr91), p17, p19, p21, p23, p25, p27, p29, p31, p33, p35, p37, descr=TargetToken(4837126816))
+1100: --end of the loop--
[6e383a2] jit-log-opt-loop}
[6ea6b36] {jit-log-opt-loop
# Loop 3 (302<std_core_hnd.rpyeffect:1(Name(setCurrentEvv))>+0: {"op": "Const", "type": "ptr", "out": 1, "format": "string", "value": "current-evv"}) : entry bridge with 68 ops
[p0, p1, p2, p3, p4]
+232: p5 = getfield_gc_r(p2, descr=<FieldP rpyeffect.environment.Environment.inst_values_ptr 16>)
+240: p7 = getarrayitem_gc_r(p5, 0, descr=<ArrayP 8>)
+244: p9 = getarrayitem_gc_r(p5, 1, descr=<ArrayP 8>)
+248: p11 = getarrayitem_gc_r(p5, 2, descr=<ArrayP 8>)
+252: p13 = getarrayitem_gc_r(p5, 3, descr=<ArrayP 8>)
+256: p15 = getarrayitem_gc_r(p5, 4, descr=<ArrayP 8>)
+260: p17 = getarrayitem_gc_r(p5, 5, descr=<ArrayP 8>)
+264: p19 = getarrayitem_gc_r(p5, 6, descr=<ArrayP 8>)
+268: p21 = getarrayitem_gc_r(p5, 7, descr=<ArrayP 8>)
+272: p23 = getarrayitem_gc_r(p5, 8, descr=<ArrayP 8>)
+276: p25 = getarrayitem_gc_r(p5, 9, descr=<ArrayP 8>)
+280: p27 = getarrayitem_gc_r(p5, 10, descr=<ArrayP 8>)
+284: p29 = getarrayitem_gc_r(p5, 11, descr=<ArrayP 8>)
+288: p31 = getarrayitem_gc_r(p5, 12, descr=<ArrayP 8>)
+292: p33 = getarrayitem_gc_r(p5, 13, descr=<ArrayP 8>)
+296: p35 = getarrayitem_gc_r(p5, 14, descr=<ArrayP 8>)
+300: p37 = getarrayitem_gc_r(p5, 15, descr=<ArrayP 8>)
debug_merge_point(0, 0, '302<std_core_hnd.rpyeffect:1(Name(setCurrentEvv))>+0: {"op": "Const". "type": "ptr". "out": 1. "format": "string". "value": "current-evv"}')
+304: guard_not_invalidated(descr=<Guard0x120527b68>) [p2, p7, p9, p11, p13, p15, p17, p19, p21, p23, p25, p27, p29, p31, p33, p35, p37, p0, p1, p3, p4]
debug_merge_point(0, 0, '302<std_core_hnd.rpyeffect:1(Name(setCurrentEvv))>+1: {"op": "PrimOp". "name": "getGlobal(String): Ptr". "out": {"any": [1]}. "in": {"any": [1]}}')
debug_merge_point(0, 0, '302<std_core_hnd.rpyeffect:1(Name(setCurrentEvv))>+2: {"op": "PrimOp". "name": "setRef(Ref[Ptr]. Ptr): Unit". "out": {"any": [0]}. "in": {"any": [1. 0]}}')
debug_merge_point(0, 0, '302<std_core_hnd.rpyeffect:1(Name(setCurrentEvv))>+3: {"op": "Return". "args": {"any": [0]}}')
+376: setfield_gc(ConstPtr(ptr38), p7, descr=<FieldP rpyeffect.region.Ref.inst_value 16>)
+380: guard_nonnull(p1, descr=<Guard0x120527bb0>) [p2, p7, p11, p13, p15, p17, p19, p21, p23, p25, p27, p29, p31, p33, p35, p37, p0, p1, p3, p4]
+392: i39 = getfield_gc_i(p1, descr=<FieldS rpyeffect.stored_environment.Stack__arb.inst_target 16 pure>)
+404: guard_value(i39, 1127, descr=<Guard0x12054cfe0>) [p2, p7, p11, p13, p15, p17, p19, p21, p23, p25, p27, p29, p31, p33, p35, p37, p0, p1, p3, p4]
+416: p41 = getfield_gc_r(p1, descr=<FieldP rpyeffect.stored_environment.Stack__arb.inst_values_ptr 24 pure>)
+420: i42 = arraylen_gc(p41, descr=<ArrayP 8>)
+424: guard_value(i42, 1, descr=<Guard0x12054d010>) [p2, p7, p11, p13, p15, p17, p19, p21, p23, p25, p27, p29, p31, p33, p35, p37, p0, p1, p3, p4]
+436: p45 = getarrayitem_gc_pure_r(p41, 0, descr=<ArrayP 8>)
+436: p46 = getfield_gc_r(p1, descr=<FieldP rpyeffect.stored_environment.Stack__arb.inst_tail 8 pure>)
debug_merge_point(0, 0, '1127<std_core_hnd.rpyeffect:826([k@[switch case for Bool(false)#2312]#2317])>+0: {"op": "Copy". "type": "any". "from": 1. "to". 0}')
debug_merge_point(0, 0, '1127<std_core_hnd.rpyeffect:826([k@[switch case for Bool(false)#2312]#2317])>+1: {"op": "Return". "args": {"any": [0]}}')
+440: guard_nonnull(p46, descr=<Guard0x12054d040>) [p2, p7, p11, p13, p15, p17, p19, p21, p23, p25, p27, p29, p31, p33, p35, p37, p0, p1, p3, p4]
+448: i47 = getfield_gc_i(p46, descr=<FieldS rpyeffect.stored_environment.Stack__arb.inst_target 16 pure>)
+456: guard_value(i47, 4385, descr=<Guard0x12054d070>) [p2, p7, p11, p13, p15, p17, p19, p21, p23, p25, p27, p29, p31, p33, p35, p37, p0, p1, p3, p4]
+472: p49 = getfield_gc_r(p46, descr=<FieldP rpyeffect.stored_environment.Stack__arb.inst_values_ptr 24 pure>)
+476: i50 = arraylen_gc(p49, descr=<ArrayP 8>)
+480: guard_value(i50, 1, descr=<Guard0x12054d0a0>) [p2, p7, p11, p13, p15, p17, p19, p21, p23, p25, p27, p29, p31, p33, p35, p37, p0, p1, p3, p4]
+492: p53 = getarrayitem_gc_pure_r(p49, 0, descr=<ArrayP 8>)
+496: p54 = getfield_gc_r(p46, descr=<FieldP rpyeffect.stored_environment.Stack__arb.inst_tail 8 pure>)
debug_merge_point(0, 0, '4385<test_bench_koka_counter.rpyeffect:52([k@[#183]#185])>+0: {"op": "Const". "type": "ptr". "out": 0. "format": "int". "value": "<IntValue object at 0x12045e710>"}')
debug_merge_point(0, 0, '4385<test_bench_koka_counter.rpyeffect:52([k@[#183]#185])>+1: {"op": "PrimOp". "name": "infixAdd(Int. Int): Int". "out": {"any": [0]}. "in": {"any": [1. 0]}}')
+500: i55 = getfield_gc_i(p53, descr=<FieldS rpyeffect.value.IntValue.inst_value 8 pure>)
+504: i57 = int_add(i55, 1)
debug_merge_point(0, 0, '4385<test_bench_koka_counter.rpyeffect:52([k@[#183]#185])>+2: {"op": "Const". "type": "ptr". "out": 1. "format": "string". "value": "Name(import$std/core/hnd)"}')
debug_merge_point(0, 0, '4385<test_bench_koka_counter.rpyeffect:52([k@[#183]#185])>+3: {"op": "PrimOp". "name": "getGlobal(String): Ptr". "out": {"any": [1]}. "in": {"any": [1]}}')
debug_merge_point(0, 0, '4385<test_bench_koka_counter.rpyeffect:52([k@[#183]#185])>+4: {"op": "Jump". "target": 4412}')
debug_merge_point(0, 0, '4412<test_bench_koka_counter.rpyeffect:79([mcore:[#153]#138])>+0: {"op": "Const". "type": "ptr". "out": 1. "format": "int". "value": "<IntValue object at 0x12045f470>"}')
debug_merge_point(0, 0, '4412<test_bench_koka_counter.rpyeffect:79([mcore:[#153]#138])>+1: {"op": "Const". "type": "ptr". "out": 2. "format": "string". "value": "Name(import$std/core/hnd)"}')
debug_merge_point(0, 0, '4412<test_bench_koka_counter.rpyeffect:79([mcore:[#153]#138])>+2: {"op": "PrimOp". "name": "getGlobal(String): Ptr". "out": {"any": [2]}. "in": {"any": [2]}}')
debug_merge_point(0, 0, '4412<test_bench_koka_counter.rpyeffect:79([mcore:[#153]#138])>+3: {"op": "Push". "target": 4411. "args": {"any": [1. 0]}}')
debug_merge_point(0, 0, '4412<test_bench_koka_counter.rpyeffect:79([mcore:[#153]#138])>+4: {"op": "Copy". "type": "any". "from": 2. "to". 0}')
debug_merge_point(0, 0, '4412<test_bench_koka_counter.rpyeffect:79([mcore:[#153]#138])>+5: {"op": "Jump". "target": 4380}')
debug_merge_point(0, 0, '4380<test_bench_koka_counter.rpyeffect:47([mcore:[#123]#124])>+0: {"op": "Const". "type": "ptr". "out": 0. "format": "string". "value": "Name(import$std/core/hnd)"}')
debug_merge_point(0, 0, '4380<test_bench_koka_counter.rpyeffect:47([mcore:[#123]#124])>+1: {"op": "PrimOp". "name": "getGlobal(String): Ptr". "out": {"any": [0]}. "in": {"any": [0]}}')
debug_merge_point(0, 0, '4380<test_bench_koka_counter.rpyeffect:47([mcore:[#123]#124])>+2: {"op": "CallLib". "lib": "0". "symbol": "getCurrentEvv"}')
debug_merge_point(0, 0, '301<std_core_hnd.rpyeffect:0(Name(getCurrentEvv))>+0: {"op": "Const". "type": "ptr". "out": 0. "format": "string". "value": "current-evv"}')
+508: p58 = new_with_vtable(descr=<SizeDescr 32>)
+620: p60 = new_array_clear(2, descr=<ArrayP 8>)
+644: setarrayitem_gc(p60, 0, ConstPtr(ptr62), descr=<ArrayP 8>)
+648: p63 = new_with_vtable(descr=<SizeDescr 16>)
+660: setfield_gc(p63, i57, descr=<FieldS rpyeffect.value.IntValue.inst_value 8 pure>)
+664: setarrayitem_gc(p60, 1, p63, descr=<ArrayP 8>)
+668: setfield_gc(p58, 4411, descr=<FieldS rpyeffect.stored_environment.Stack__arb.inst_target 16 pure>)
+676: setfield_gc(p58, p60, descr=<FieldP rpyeffect.stored_environment.Stack__arb.inst_values_ptr 24 pure>)
+680: setfield_gc(p58, p54, descr=<FieldP rpyeffect.stored_environment.Stack__arb.inst_tail 8 pure>)
+688: jump(p0, p58, p2, p3, p4, ConstPtr(ptr66), ConstPtr(ptr67), ConstPtr(ptr68), p13, p15, p17, p19, p21, p23, p25, p27, p29, p31, p33, p35, p37, descr=TargetToken(4837126816))
+856: --end of the loop--
[6eb2787] jit-log-opt-loop}
[6f8759d] {jit-log-opt-loop
# Loop 4 (341<std_core_hnd.rpyeffect:40(Name(elt))>+0: {"op": "Switch", "scrutinee": 1, "values": [<IntValue object at 0x130613dc0>], "targets": [339], "default": 340}) : entry bridge with 161 ops
[p0, p1, p2, p3, p4]
+376: p5 = getfield_gc_r(p2, descr=<FieldP rpyeffect.environment.Environment.inst_values_ptr 16>)
+384: p7 = getarrayitem_gc_r(p5, 0, descr=<ArrayP 8>)
+388: p9 = getarrayitem_gc_r(p5, 1, descr=<ArrayP 8>)
+392: p11 = getarrayitem_gc_r(p5, 2, descr=<ArrayP 8>)
+396: p13 = getarrayitem_gc_r(p5, 3, descr=<ArrayP 8>)
+400: p15 = getarrayitem_gc_r(p5, 4, descr=<ArrayP 8>)
+404: p17 = getarrayitem_gc_r(p5, 5, descr=<ArrayP 8>)
+408: p19 = getarrayitem_gc_r(p5, 6, descr=<ArrayP 8>)
+412: p21 = getarrayitem_gc_r(p5, 7, descr=<ArrayP 8>)
+416: p23 = getarrayitem_gc_r(p5, 8, descr=<ArrayP 8>)
+420: p25 = getarrayitem_gc_r(p5, 9, descr=<ArrayP 8>)
+424: p27 = getarrayitem_gc_r(p5, 10, descr=<ArrayP 8>)
+428: p29 = getarrayitem_gc_r(p5, 11, descr=<ArrayP 8>)
+432: p31 = getarrayitem_gc_r(p5, 12, descr=<ArrayP 8>)
+436: p33 = getarrayitem_gc_r(p5, 13, descr=<ArrayP 8>)
+440: p35 = getarrayitem_gc_r(p5, 14, descr=<ArrayP 8>)
+444: p37 = getarrayitem_gc_r(p5, 15, descr=<ArrayP 8>)
debug_merge_point(0, 0, '341<std_core_hnd.rpyeffect:40(Name(elt))>+0: {"op": "Switch". "scrutinee": 1. "values": [<IntValue object at 0x130613dc0>]. "targets": [339]. "default": 340}')
+448: guard_not_invalidated(descr=<Guard0x120527bf8>) [p2, p7, p9, p11, p13, p15, p17, p19, p21, p23, p25, p27, p29, p31, p33, p35, p37, p0, p1, p3, p4]
+452: guard_nonnull_class(p9, ConstClass(IntValue), descr=<Guard0x120527c40>) [p2, p7, p9, p11, p13, p15, p17, p19, p21, p23, p25, p27, p29, p31, p33, p35, p37, p0, p1, p3, p4]
+476: i39 = getfield_gc_i(p9, descr=<FieldS rpyeffect.value.IntValue.inst_value 8 pure>)
+484: i41 = int_eq(i39, 0)
guard_true(i41, descr=<Guard0x12054d280>) [p2, p7, p9, p11, p13, p15, p17, p19, p21, p23, p25, p27, p29, p31, p33, p35, p37, p0, p1, p3, p4]
debug_merge_point(0, 0, '339<std_core_hnd.rpyeffect:38([switch case for Int(0)#100])>+0: {"op": "Proj". "out": 0. "type": Interned(evv). "scrutinee": 0. "tag": Interned(cons). "field": 0. "field_type": "any"}')
+492: p42 = getfield_gc_r(p7, descr=<FieldP rpyeffect.data.Data.inst_tag 8>)
+504: guard_value(p42, ConstPtr(ptr43), descr=<Guard0x12054d2b0>) [p2, p7, p9, p11, p13, p15, p17, p19, p21, p23, p25, p27, p29, p31, p33, p35, p37, p0, p1, p3, p4]
+512: p44 = getfield_gc_r(p7, descr=<FieldP rpyeffect.stored_environment.Data__arb.inst_values_ptr 16 pure>)
+516: p46 = getarrayitem_gc_pure_r(p44, 0, descr=<ArrayP 8>)
debug_merge_point(0, 0, '339<std_core_hnd.rpyeffect:38([switch case for Int(0)#100])>+1: {"op": "Return". "args": {"any": [0]}}')
+520: guard_nonnull(p1, descr=<Guard0x12054d2e0>) [p2, p7, p9, p11, p13, p15, p17, p19, p21, p23, p25, p27, p29, p31, p33, p35, p37, p0, p1, p3, p4]
+532: i47 = getfield_gc_i(p1, descr=<FieldS rpyeffect.stored_environment.Stack__arb.inst_target 16 pure>)
+544: guard_value(i47, 4395, descr=<Guard0x12054d310>) [p2, p7, p9, p11, p13, p15, p17, p19, p21, p23, p25, p27, p29, p31, p33, p35, p37, p0, p1, p3, p4]
+560: p49 = getfield_gc_r(p1, descr=<FieldP rpyeffect.stored_environment.Stack__arb.inst_values_ptr 24 pure>)
+564: i50 = arraylen_gc(p49, descr=<ArrayP 8>)
+568: guard_value(i50, 2, descr=<Guard0x12054d340>) [p2, p7, p9, p11, p13, p15, p17, p19, p21, p23, p25, p27, p29, p31, p33, p35, p37, p0, p1, p3, p4]
+580: p53 = getarrayitem_gc_pure_r(p49, 0, descr=<ArrayP 8>)
+584: p55 = getarrayitem_gc_pure_r(p49, 1, descr=<ArrayP 8>)
+588: p56 = getfield_gc_r(p1, descr=<FieldP rpyeffect.stored_environment.Stack__arb.inst_tail 8 pure>)
debug_merge_point(0, 0, '4395<test_bench_koka_counter.rpyeffect:62([#183])>+0: {"op": "Push". "target": 4385. "args": {"any": [1]}}')
debug_merge_point(0, 0, '4395<test_bench_koka_counter.rpyeffect:62([#183])>+1: {"op": "Copy". "type": "any". "from": 2. "to". 1}')
debug_merge_point(0, 0, '4395<test_bench_koka_counter.rpyeffect:62([#183])>+2: {"op": "Match". "type": Interned(std/core/hnd/ev). "scrutinee": 0. "clauses": [{"tag": Interned(std/core/hnd/Ev). "target": 4394. "args": {"any": [2. 3. 4. 5]}}]. "default": {"tag": Interned(7883151d-b512-476f-adab-cb436f7b0e85#[Missing Tag#616]). "target": 4386. "args": {"any": []}}}')
+596: p57 = getfield_gc_r(p46, descr=<FieldP rpyeffect.data.Data.inst_tag 8>)
+612: guard_value(p57, ConstPtr(ptr58), descr=<Guard0x12054d370>) [p2, p7, p9, p11, p13, p15, p17, p19, p21, p23, p25, p27, p29, p31, p33, p35, p37, p0, p1, p3, p4]
+620: p59 = getfield_gc_r(p46, descr=<FieldP rpyeffect.stored_environment.Data__arb.inst_values_ptr 16 pure>)
+624: p61 = getarrayitem_gc_pure_r(p59, 0, descr=<ArrayP 8>)
+624: p63 = getarrayitem_gc_pure_r(p59, 1, descr=<ArrayP 8>)
+624: p65 = getarrayitem_gc_pure_r(p59, 2, descr=<ArrayP 8>)
+628: p67 = getarrayitem_gc_pure_r(p59, 3, descr=<ArrayP 8>)
debug_merge_point(0, 0, '4394<test_bench_koka_counter.rpyeffect:61([match_std/core/hnd/Ev@[#183]#196])>+0: {"op": "Copy". "type": "any". "from": 1. "to". 2}')
debug_merge_point(0, 0, '4394<test_bench_koka_counter.rpyeffect:61([match_std/core/hnd/Ev@[#183]#196])>+1: {"op": "Copy". "type": "any". "from": 0. "to". 1}')
debug_merge_point(0, 0, '4394<test_bench_koka_counter.rpyeffect:61([match_std/core/hnd/Ev@[#183]#196])>+2: {"op": "Copy". "type": "any". "from": 3. "to". 0}')
debug_merge_point(0, 0, '4394<test_bench_koka_counter.rpyeffect:61([match_std/core/hnd/Ev@[#183]#196])>+3: {"op": "Match". "type": Interned(test/bench/koka/counter/st). "scrutinee": 4. "clauses": [{"tag": Interned(test/bench/koka/counter/@Hnd-st). "target": 4393. "args": {"any": [3. 4. 5]}}]. "default": {"tag": Interned(7883151d-b512-476f-adab-cb436f7b0e85#[Missing Tag#615]). "target": 4388. "args": {"any": []}}}')
+632: p68 = getfield_gc_r(p65, descr=<FieldP rpyeffect.data.Data.inst_tag 8>)
+648: guard_value(p68, ConstPtr(ptr69), descr=<Guard0x12054d3a0>) [p2, p7, p9, p11, p13, p15, p17, p19, p21, p23, p25, p27, p29, p31, p33, p35, p37, p0, p1, p3, p4]
+656: p70 = getfield_gc_r(p65, descr=<FieldP rpyeffect.stored_environment.Data__arb.inst_values_ptr 16 pure>)
+660: p72 = getarrayitem_gc_pure_r(p70, 0, descr=<ArrayP 8>)
+660: p74 = getarrayitem_gc_pure_r(p70, 1, descr=<ArrayP 8>)
+660: p76 = getarrayitem_gc_pure_r(p70, 2, descr=<ArrayP 8>)
debug_merge_point(0, 0, '4393<test_bench_koka_counter.rpyeffect:60([#201])>+0: {"op": "Match". "type": Interned(std/core/hnd/clause1). "scrutinee": 5. "clauses": [{"tag": Interned(std/core/hnd/Clause1). "target": 4392. "args": {"any": [3]}}]. "default": {"tag": Interned(7883151d-b512-476f-adab-cb436f7b0e85#[Missing Tag#614]). "target": 4390. "args": {"any": []}}}')
+664: p77 = getfield_gc_r(p76, descr=<FieldP rpyeffect.data.Data.inst_tag 8>)
+672: guard_value(p77, ConstPtr(ptr78), descr=<Guard0x12054d3d0>) [p2, p7, p9, p11, p13, p15, p17, p19, p21, p23, p25, p27, p29, p31, p33, p35, p37, p0, p1, p3, p4]
+680: p79 = getfield_gc_r(p76, descr=<FieldP rpyeffect.stored_environment.Data__arb.inst_values_ptr 16 pure>)
+684: p81 = getarrayitem_gc_pure_r(p79, 0, descr=<ArrayP 8>)
debug_merge_point(0, 0, '4392<test_bench_koka_counter.rpyeffect:59([match_std/core/hnd/Clause1@[#201]#206])>+0: {"op": "Invoke". "receiver": 3. "tag": Interned(apply). "args" : {"any": [0. 1. 2]}}')
+688: p82 = getfield_gc_r(p81, descr=<FieldP rpyeffect.codata.CoData.inst_vtable 8 pure>)
+700: guard_value(p82, ConstPtr(ptr83), descr=<Guard0x12054d400>) [p2, p7, p9, p11, p13, p15, p17, p19, p21, p23, p25, p27, p29, p31, p33, p35, p37, p0, p1, p3, p4]
+708: p84 = getfield_gc_r(p81, descr=<FieldP rpyeffect.stored_environment.CoData__arb.inst_values_ptr 16 pure>)
+712: i85 = arraylen_gc(p84, descr=<ArrayP 8>)
+716: guard_value(i85, 1, descr=<Guard0x12054d430>) [p2, p7, p9, p11, p13, p15, p17, p19, p21, p23, p25, p27, p29, p31, p33, p35, p37, p0, p1, p3, p4]
+728: p88 = getarrayitem_gc_pure_r(p84, 0, descr=<ArrayP 8>)
debug_merge_point(0, 0, '1137<std_core_hnd.rpyeffect:836([method_apply@[mcore:[#1246]#2328]#2333])>+0: {"op": "Const". "type": "ptr". "out": 4. "format": "string". "value": "Name(import$std/core/hnd)"}')
debug_merge_point(0, 0, '1137<std_core_hnd.rpyeffect:836([method_apply@[mcore:[#1246]#2328]#2333])>+1: {"op": "PrimOp". "name": "getGlobal(String): Ptr". "out": {"any": [4]}. "in": {"any": [4]}}')
debug_merge_point(0, 0, '1137<std_core_hnd.rpyeffect:836([method_apply@[mcore:[#1246]#2328]#2333])>+2: {"op": "Swap". "type": "any". "a": 3. "b". 4}')
debug_merge_point(0, 0, '1137<std_core_hnd.rpyeffect:836([method_apply@[mcore:[#1246]#2328]#2333])>+3: {"op": "Jump". "target": 1136}')
debug_merge_point(0, 0, '1136<std_core_hnd.rpyeffect:835([mcore:[#1244]#2291])>+0: {"op": "Push". "target": 1132. "args": {"any": [1. 4. 2]}}')
debug_merge_point(0, 0, '1136<std_core_hnd.rpyeffect:835([mcore:[#1244]#2291])>+1: {"op": "Match". "type": Interned(std/core/hnd/ev). "scrutinee": 1. "clauses": [{"tag": Interned(std/core/hnd/Ev). "target": 1135. "args": {"any": [0. 1. 2. 3]}}]. "default": {"tag": Interned(9ecfa5c6-d050-4adc-badf-39eef9fcb0bd#[Missing Tag#3077]). "target": 1133. "args": {"any": []}}}')
debug_merge_point(0, 0, '1135<std_core_hnd.rpyeffect:834([#2321])>+0: {"op": "Const". "type": "ptr". "out": 0. "format": "string". "value": "Name(import$std/core/hnd)"}')
debug_merge_point(0, 0, '1135<std_core_hnd.rpyeffect:834([#2321])>+1: {"op": "PrimOp". "name": "getGlobal(String): Ptr". "out": {"any": [0]}. "in": {"any": [0]}}')
debug_merge_point(0, 0, '1135<std_core_hnd.rpyeffect:834([#2321])>+2: {"op": "Copy". "type": "any". "from": 0. "to". 1}')
debug_merge_point(0, 0, '1135<std_core_hnd.rpyeffect:834([#2321])>+3: {"op": "Copy". "type": "any". "from": 3. "to". 0}')
debug_merge_point(0, 0, '1135<std_core_hnd.rpyeffect:834([#2321])>+4: {"op": "Jump". "target": 1121}')
debug_merge_point(0, 0, '1121<std_core_hnd.rpyeffect:820([mcore:[#1233]#2277])>+0: {"op": "Const". "type": "ptr". "out": 1. "format": "string". "value": "Name(import$std/core/hnd)"}')
debug_merge_point(0, 0, '1121<std_core_hnd.rpyeffect:820([mcore:[#1233]#2277])>+1: {"op": "PrimOp". "name": "getGlobal(String): Ptr". "out": {"any": [1]}. "in": {"any": [1]}}')
debug_merge_point(0, 0, '1121<std_core_hnd.rpyeffect:820([mcore:[#1233]#2277])>+2: {"op": "CallLib". "lib": "1". "symbol": "swapCurrentEvv"}')
debug_merge_point(0, 0, '303<std_core_hnd.rpyeffect:2(Name(swapCurrentEvv))>+0: {"op": "Const". "type": "ptr". "out": 1. "format": "string". "value": "current-evv"}')
debug_merge_point(0, 0, '303<std_core_hnd.rpyeffect:2(Name(swapCurrentEvv))>+1: {"op": "PrimOp". "name": "getGlobal(String): Ptr". "out": {"any": [1]}. "in": {"any": [1]}}')
debug_merge_point(0, 0, '303<std_core_hnd.rpyeffect:2(Name(swapCurrentEvv))>+2: {"op": "PrimOp". "name": "getRef(Ref[Ptr]): Ptr". "out": {"any": [2]}. "in": {"any": [1]}}')
+736: p90 = getfield_gc_r(ConstPtr(ptr89), descr=<FieldP rpyeffect.region.Ref.inst_value 16>)
+740: guard_nonnull_class(p90, ConstClass(Data__arb), descr=<Guard0x120527c88>) [p2, p7, p9, p11, p13, p15, p17, p19, p21, p23, p25, p27, p29, p31, p33, p35, p37, p0, p1, p3, p4]
debug_merge_point(0, 0, '303<std_core_hnd.rpyeffect:2(Name(swapCurrentEvv))>+3: {"op": "PrimOp". "name": "setRef(Ref[Ptr]. Ptr): Unit". "out": {"any": [0]}. "in": {"any": [1. 0]}}')
debug_merge_point(0, 0, '303<std_core_hnd.rpyeffect:2(Name(swapCurrentEvv))>+4: {"op": "Copy". "type": "any". "from": 2. "to". 0}')
debug_merge_point(0, 0, '303<std_core_hnd.rpyeffect:2(Name(swapCurrentEvv))>+5: {"op": "Return". "args": {"any": [0]}}')
debug_merge_point(0, 0, '1132<std_core_hnd.rpyeffect:831([k@[mcore:[#1244]#2291]#2293])>+0: {"op": "Push". "target": 1131. "args": {"any": [1. 0]}}')
debug_merge_point(0, 0, '1132<std_core_hnd.rpyeffect:831([k@[mcore:[#1244]#2291]#2293])>+1: {"op": "Copy". "type": "any". "from": 3. "to". 0}')
debug_merge_point(0, 0, '1132<std_core_hnd.rpyeffect:831([k@[mcore:[#1244]#2291]#2293])>+2: {"op": "Invoke". "receiver": 2. "tag": Interned(apply). "args" : {"any": [0]}}')
+764: p92 = getfield_gc_r(p88, descr=<FieldP rpyeffect.codata.CoData.inst_vtable 8 pure>)
+832: setfield_gc(ConstPtr(ptr93), p67, descr=<FieldP rpyeffect.region.Ref.inst_value 16>)
+840: guard_value(p92, ConstPtr(ptr94), descr=<Guard0x120527cd0>) [p2, p55, p46, p88, p76, p19, p21, p23, p25, p27, p29, p31, p33, p35, p37, p0, p3, p4, p92, p90, p53, p56]
+848: p95 = getfield_gc_r(p88, descr=<FieldP rpyeffect.stored_environment.CoData__arb.inst_values_ptr 16 pure>)
+852: i96 = arraylen_gc(p95, descr=<ArrayP 8>)
+856: guard_value(i96, 1, descr=<Guard0x12054d460>) [p2, p55, p46, p88, p76, p19, p21, p23, p25, p27, p29, p31, p33, p35, p37, p0, p3, p4, p92, p90, p53, p56]
+868: p99 = getarrayitem_gc_pure_r(p95, 0, descr=<ArrayP 8>)
debug_merge_point(0, 0, '4420<test_bench_koka_counter.rpyeffect:87([method_apply@[k@[mcore:[#177]#245]#256]#260])>+0: {"op": "Jump". "target": 4417}')
debug_merge_point(0, 0, '4417<test_bench_koka_counter.rpyeffect:84([mcore:[#170]#243])>+0: {"op": "PrimOp". "name": "setRef(Ref[Ptr]. Ptr): Unit". "out": {"any": [0]}. "in": {"any": [1. 0]}}')
+872: p100 = getfield_gc_r(p99, descr=<FieldP rpyeffect.region.Ref.inst_allocation_site 8 pure>)
+880: guard_value(p100, ConstPtr(ptr101), descr=<Guard0x12054d490>) [p2, p55, p46, p88, p76, p19, p21, p23, p25, p27, p29, p31, p33, p35, p37, p0, p3, p4, p92, p90, p53, p56]
+888: p102 = getfield_gc_r(p99, descr=<FieldP rpyeffect.region.Ref.inst_value 16>)
+892: guard_nonnull_class(p55, ConstClass(IntValue), descr=<Guard0x120527d18>) [p2, p55, p46, p88, p76, p19, p21, p23, p25, p27, p29, p31, p33, p35, p37, p0, p3, p4, p92, p90, p53, p56]
+916: i104 = getfield_gc_i(p55, descr=<FieldS rpyeffect.value.IntValue.inst_value 8 pure>)
debug_merge_point(0, 0, '4417<test_bench_koka_counter.rpyeffect:84([mcore:[#170]#243])>+1: {"op": "Return". "args": {"any": [0]}}')
debug_merge_point(0, 0, '1131<std_core_hnd.rpyeffect:830([k@[k@[mcore:[#1244]#2291]#2293]#2295])>+0: {"op": "Const". "type": "ptr". "out": 3. "format": "bool". "value": "<BoolValue object at 0x13071c600>"}')
debug_merge_point(0, 0, '1131<std_core_hnd.rpyeffect:830([k@[k@[mcore:[#1244]#2291]#2293]#2295])>+1: {"op": "Swap". "type": "any". "a": 0. "b". 1}')
debug_merge_point(0, 0, '1131<std_core_hnd.rpyeffect:830([k@[k@[mcore:[#1244]#2291]#2293]#2295])>+2: {"op": "Swap". "type": "any". "a": 2. "b". 1}')
debug_merge_point(0, 0, '1131<std_core_hnd.rpyeffect:830([k@[k@[mcore:[#1244]#2291]#2293]#2295])>+3: {"op": "Switch". "scrutinee": 3. "values": [<BoolValue object at 0x13071c5f0>]. "targets": [1126]. "default": 1130}')
debug_merge_point(0, 0, '1130<std_core_hnd.rpyeffect:829([switch default case#2310])>+0: {"op": "Const". "type": "ptr". "out": 0. "format": "bool". "value": "<BoolValue object at 0x13071c620>"}')
debug_merge_point(0, 0, '1130<std_core_hnd.rpyeffect:829([switch default case#2310])>+1: {"op": "Swap". "type": "any". "a": 0. "b". 1}')
debug_merge_point(0, 0, '1130<std_core_hnd.rpyeffect:829([switch default case#2310])>+2: {"op": "Swap". "type": "any". "a": 2. "b". 1}')
debug_merge_point(0, 0, '1130<std_core_hnd.rpyeffect:829([switch default case#2310])>+3: {"op": "Switch". "scrutinee": 2. "values": [<BoolValue object at 0x13071c610>]. "targets": [1128]. "default": 1129}')
debug_merge_point(0, 0, '1128<std_core_hnd.rpyeffect:827([switch case for Bool(false)#2312])>+0: {"op": "Const". "type": "ptr". "out": 2. "format": "string". "value": "Name(import$std/core/hnd)"}')
debug_merge_point(0, 0, '1128<std_core_hnd.rpyeffect:827([switch case for Bool(false)#2312])>+1: {"op": "PrimOp". "name": "getGlobal(String): Ptr". "out": {"any": [2]}. "in": {"any": [2]}}')
debug_merge_point(0, 0, '1128<std_core_hnd.rpyeffect:827([switch case for Bool(false)#2312])>+2: {"op": "Push". "target": 1127. "args": {"any": [1]}}')
debug_merge_point(0, 0, '1128<std_core_hnd.rpyeffect:827([switch case for Bool(false)#2312])>+3: {"op": "Copy". "type": "any". "from": 2. "to". 1}')
debug_merge_point(0, 0, '1128<std_core_hnd.rpyeffect:827([switch case for Bool(false)#2312])>+4: {"op": "Jump". "target": 1123}')
debug_merge_point(0, 0, '1123<std_core_hnd.rpyeffect:822([mcore:[#1243]#2286])>+0: {"op": "Const". "type": "ptr". "out": 1. "format": "string". "value": "Name(import$std/core/hnd)"}')
debug_merge_point(0, 0, '1123<std_core_hnd.rpyeffect:822([mcore:[#1243]#2286])>+1: {"op": "PrimOp". "name": "getGlobal(String): Ptr". "out": {"any": [1]}. "in": {"any": [1]}}')
debug_merge_point(0, 0, '1123<std_core_hnd.rpyeffect:822([mcore:[#1243]#2286])>+2: {"op": "CallLib". "lib": "1". "symbol": "setCurrentEvv"}')
debug_merge_point(0, 0, '302<std_core_hnd.rpyeffect:1(Name(setCurrentEvv))>+0: {"op": "Const". "type": "ptr". "out": 1. "format": "string". "value": "current-evv"}')
debug_merge_point(0, 0, '302<std_core_hnd.rpyeffect:1(Name(setCurrentEvv))>+1: {"op": "PrimOp". "name": "getGlobal(String): Ptr". "out": {"any": [1]}. "in": {"any": [1]}}')
debug_merge_point(0, 0, '302<std_core_hnd.rpyeffect:1(Name(setCurrentEvv))>+2: {"op": "PrimOp". "name": "setRef(Ref[Ptr]. Ptr): Unit". "out": {"any": [0]}. "in": {"any": [1. 0]}}')
debug_merge_point(0, 0, '302<std_core_hnd.rpyeffect:1(Name(setCurrentEvv))>+3: {"op": "Return". "args": {"any": [0]}}')
debug_merge_point(0, 0, '1127<std_core_hnd.rpyeffect:826([k@[switch case for Bool(false)#2312]#2317])>+0: {"op": "Copy". "type": "any". "from": 1. "to". 0}')
debug_merge_point(0, 0, '1127<std_core_hnd.rpyeffect:826([k@[switch case for Bool(false)#2312]#2317])>+1: {"op": "Return". "args": {"any": [0]}}')
debug_merge_point(0, 0, '4385<test_bench_koka_counter.rpyeffect:52([k@[#183]#185])>+0: {"op": "Const". "type": "ptr". "out": 0. "format": "int". "value": "<IntValue object at 0x12045e710>"}')
debug_merge_point(0, 0, '4385<test_bench_koka_counter.rpyeffect:52([k@[#183]#185])>+1: {"op": "PrimOp". "name": "infixAdd(Int. Int): Int". "out": {"any": [0]}. "in": {"any": [1. 0]}}')
+920: i105 = getfield_gc_i(p53, descr=<FieldS rpyeffect.value.IntValue.inst_value 8 pure>)
+924: i107 = int_add(i105, 1)
debug_merge_point(0, 0, '4385<test_bench_koka_counter.rpyeffect:52([k@[#183]#185])>+2: {"op": "Const". "type": "ptr". "out": 1. "format": "string". "value": "Name(import$std/core/hnd)"}')
debug_merge_point(0, 0, '4385<test_bench_koka_counter.rpyeffect:52([k@[#183]#185])>+3: {"op": "PrimOp". "name": "getGlobal(String): Ptr". "out": {"any": [1]}. "in": {"any": [1]}}')
debug_merge_point(0, 0, '4385<test_bench_koka_counter.rpyeffect:52([k@[#183]#185])>+4: {"op": "Jump". "target": 4412}')
debug_merge_point(0, 0, '4412<test_bench_koka_counter.rpyeffect:79([mcore:[#153]#138])>+0: {"op": "Const". "type": "ptr". "out": 1. "format": "int". "value": "<IntValue object at 0x12045f470>"}')
debug_merge_point(0, 0, '4412<test_bench_koka_counter.rpyeffect:79([mcore:[#153]#138])>+1: {"op": "Const". "type": "ptr". "out": 2. "format": "string". "value": "Name(import$std/core/hnd)"}')
debug_merge_point(0, 0, '4412<test_bench_koka_counter.rpyeffect:79([mcore:[#153]#138])>+2: {"op": "PrimOp". "name": "getGlobal(String): Ptr". "out": {"any": [2]}. "in": {"any": [2]}}')
debug_merge_point(0, 0, '4412<test_bench_koka_counter.rpyeffect:79([mcore:[#153]#138])>+3: {"op": "Push". "target": 4411. "args": {"any": [1. 0]}}')
debug_merge_point(0, 0, '4412<test_bench_koka_counter.rpyeffect:79([mcore:[#153]#138])>+4: {"op": "Copy". "type": "any". "from": 2. "to". 0}')
debug_merge_point(0, 0, '4412<test_bench_koka_counter.rpyeffect:79([mcore:[#153]#138])>+5: {"op": "Jump". "target": 4380}')
debug_merge_point(0, 0, '4380<test_bench_koka_counter.rpyeffect:47([mcore:[#123]#124])>+0: {"op": "Const". "type": "ptr". "out": 0. "format": "string". "value": "Name(import$std/core/hnd)"}')
debug_merge_point(0, 0, '4380<test_bench_koka_counter.rpyeffect:47([mcore:[#123]#124])>+1: {"op": "PrimOp". "name": "getGlobal(String): Ptr". "out": {"any": [0]}. "in": {"any": [0]}}')
debug_merge_point(0, 0, '4380<test_bench_koka_counter.rpyeffect:47([mcore:[#123]#124])>+2: {"op": "CallLib". "lib": "0". "symbol": "getCurrentEvv"}')
debug_merge_point(0, 0, '301<std_core_hnd.rpyeffect:0(Name(getCurrentEvv))>+0: {"op": "Const". "type": "ptr". "out": 0. "format": "string". "value": "current-evv"}')
+928: p108 = new_with_vtable(descr=<SizeDescr 32>)
+1040: p110 = new_array_clear(2, descr=<ArrayP 8>)
+1064: setarrayitem_gc(p110, 0, ConstPtr(ptr112), descr=<ArrayP 8>)
+1068: p113 = new_with_vtable(descr=<SizeDescr 16>)
+1080: setfield_gc(p113, i107, descr=<FieldS rpyeffect.value.IntValue.inst_value 8 pure>)
+1084: setarrayitem_gc(p110, 1, p113, descr=<ArrayP 8>)
+1088: setfield_gc(p108, 4411, descr=<FieldS rpyeffect.stored_environment.Stack__arb.inst_target 16 pure>)
+1096: setfield_gc(p108, p110, descr=<FieldP rpyeffect.stored_environment.Stack__arb.inst_values_ptr 24 pure>)
+1100: setfield_gc(p108, p56, descr=<FieldP rpyeffect.stored_environment.Stack__arb.inst_tail 8 pure>)
+1172: setfield_gc(ConstPtr(ptr116), p90, descr=<FieldP rpyeffect.region.Ref.inst_value 16>)
+1180: setfield_gc(p102, i104, descr=<FieldS rpyeffect.value.UnboxedIntValueRef.inst_value 8>)
+1192: jump(p0, p108, p2, p3, p4, ConstPtr(ptr117), ConstPtr(ptr118), ConstPtr(ptr119), ConstPtr(ptr120), p88, p76, p19, p21, p23, p25, p27, p29, p31, p33, p35, p37, descr=TargetToken(4837126816))
+1380: --end of the loop--
[6fa4cce] jit-log-opt-loop}
[709f5c2] {jit-log-opt-bridge
# bridge out of Guard 0x12054c980 with 132 ops
[p0, p1, p2, p3, p4, p5, p6, p7, p8, p9, p10, p11, p12, p13, p14, p15, p16, p17, p18, p19, p20]
+296: guard_not_invalidated(descr=<Guard0x120570020>) [p0, p1, p2, p3, p4, p5, p6, p7, p8, p9, p10, p11, p12, p13, p14, p15, p16, p17, p18, p19, p20]
debug_merge_point(0, 0, '301<std_core_hnd.rpyeffect:0(Name(getCurrentEvv))>+1: {"op": "PrimOp". "name": "getGlobal(String): Ptr". "out": {"any": [0]}. "in": {"any": [0]}}')
debug_merge_point(0, 0, '301<std_core_hnd.rpyeffect:0(Name(getCurrentEvv))>+2: {"op": "PrimOp". "name": "getRef(Ref[Ptr]): Ptr". "out": {"any": [0]}. "in": {"any": [0]}}')
+304: p22 = getfield_gc_r(ConstPtr(ptr21), descr=<FieldP rpyeffect.region.Ref.inst_value 16>)
+312: guard_value(p22, ConstPtr(ptr23), descr=<Guard0x120570068>) [p0, p1, p2, p3, p4, p5, p6, p7, p8, p9, p10, p11, p12, p13, p14, p15, p16, p17, p18, p19, p20]
debug_merge_point(0, 0, '301<std_core_hnd.rpyeffect:0(Name(getCurrentEvv))>+3: {"op": "Return". "args": {"any": [0]}}')
+320: guard_nonnull(p18, descr=<Guard0x1205656a0>) [p0, p1, p2, p3, p4, p5, p6, p7, p8, p9, p10, p11, p12, p13, p14, p15, p16, p17, p18, p19, p20]
+328: i24 = getfield_gc_i(p18, descr=<FieldS rpyeffect.stored_environment.Stack__arb.inst_target 16 pure>)
+332: guard_value(i24, 4396, descr=<Guard0x1205656d0>) [p0, p1, p2, p3, p4, p5, p6, p7, p8, p9, p10, p11, p12, p13, p14, p15, p16, p17, p18, p19, p20]
+344: p26 = getfield_gc_r(p18, descr=<FieldP rpyeffect.stored_environment.Stack__arb.inst_values_ptr 24 pure>)
+348: i27 = arraylen_gc(p26, descr=<ArrayP 8>)
+352: guard_value(i27, 3, descr=<Guard0x120565700>) [p0, p1, p2, p3, p4, p5, p6, p7, p8, p9, p10, p11, p12, p13, p14, p15, p16, p17, p18, p19, p20]
+364: p30 = getarrayitem_gc_pure_r(p26, 0, descr=<ArrayP 8>)
+368: p32 = getarrayitem_gc_pure_r(p26, 1, descr=<ArrayP 8>)
+372: p34 = getarrayitem_gc_pure_r(p26, 2, descr=<ArrayP 8>)
+376: p35 = getfield_gc_r(p18, descr=<FieldP rpyeffect.stored_environment.Stack__arb.inst_tail 8 pure>)
debug_merge_point(0, 0, '4396<test_bench_koka_counter.rpyeffect:63([k@[switch case for Bool(false)#167]#175])>+0: {"op": "PrimOp". "name": "promote_ptr". "out": {"any": [0]}. "in": {"any": [0]}}')
+380: i37 = instance_ptr_eq(ConstPtr(ptr36), p22)
guard_true(i37, descr=<Guard0x120565730>) [p0, p1, p2, p3, p4, p5, p6, p7, p8, p9, p10, p11, p12, p13, p14, p15, p16, p17, p18, p19, p20]
debug_merge_point(0, 0, '4396<test_bench_koka_counter.rpyeffect:63([k@[switch case for Bool(false)#167]#175])>+1: {"op": "Const". "type": "ptr". "out": 4. "format": "string". "value": "Name(import$std/core/hnd)"}')
debug_merge_point(0, 0, '4396<test_bench_koka_counter.rpyeffect:63([k@[switch case for Bool(false)#167]#175])>+2: {"op": "PrimOp". "name": "getGlobal(String): Ptr". "out": {"any": [4]}. "in": {"any": [4]}}')
debug_merge_point(0, 0, '4396<test_bench_koka_counter.rpyeffect:63([k@[switch case for Bool(false)#167]#175])>+3: {"op": "Push". "target": 4395. "args": {"any": [2. 3]}}')
debug_merge_point(0, 0, '4396<test_bench_koka_counter.rpyeffect:63([k@[switch case for Bool(false)#167]#175])>+4: {"op": "Copy". "type": "any". "from": 4. "to". 2}')
debug_merge_point(0, 0, '4396<test_bench_koka_counter.rpyeffect:63([k@[switch case for Bool(false)#167]#175])>+5: {"op": "Jump". "target": 4381}')
debug_merge_point(0, 0, '4381<test_bench_koka_counter.rpyeffect:48([mcore:[#139]#128])>+0: {"op": "Const". "type": "ptr". "out": 2. "format": "string". "value": "Name(import$std/core/hnd)"}')
debug_merge_point(0, 0, '4381<test_bench_koka_counter.rpyeffect:48([mcore:[#139]#128])>+1: {"op": "PrimOp". "name": "getGlobal(String): Ptr". "out": {"any": [2]}. "in": {"any": [2]}}')
debug_merge_point(0, 0, '4381<test_bench_koka_counter.rpyeffect:48([mcore:[#139]#128])>+2: {"op": "CallLib". "lib": "2". "symbol": "elt"}')
debug_merge_point(0, 0, '341<std_core_hnd.rpyeffect:40(Name(elt))>+0: {"op": "Switch". "scrutinee": 1. "values": [<IntValue object at 0x130613dc0>]. "targets": [339]. "default": 340}')
+388: guard_nonnull_class(p30, ConstClass(IntValue), descr=<Guard0x1205700b0>) [p0, p1, p2, p3, p4, p5, p6, p7, p8, p9, p10, p11, p12, p13, p14, p15, p16, p17, p18, p19, p20]
+412: i39 = getfield_gc_i(p30, descr=<FieldS rpyeffect.value.IntValue.inst_value 8 pure>)
+416: i41 = int_eq(i39, 0)
guard_true(i41, descr=<Guard0x120565760>) [p0, p1, p2, p3, p4, p5, p6, p7, p8, p9, p10, p11, p12, p13, p14, p15, p16, p17, p18, p19, p20]
debug_merge_point(0, 0, '339<std_core_hnd.rpyeffect:38([switch case for Int(0)#100])>+0: {"op": "Proj". "out": 0. "type": Interned(evv). "scrutinee": 0. "tag": Interned(cons). "field": 0. "field_type": "any"}')
+424: p43 = getfield_gc_r(ConstPtr(ptr42), descr=<FieldP rpyeffect.data.Data.inst_tag 8>)
+432: guard_value(p43, ConstPtr(ptr44), descr=<Guard0x120565790>) [p0, p1, p2, p3, p4, p5, p6, p7, p8, p9, p10, p11, p12, p13, p14, p15, p16, p17, p18, p19, p20]
debug_merge_point(0, 0, '339<std_core_hnd.rpyeffect:38([switch case for Int(0)#100])>+1: {"op": "Return". "args": {"any": [0]}}')
debug_merge_point(0, 0, '4395<test_bench_koka_counter.rpyeffect:62([#183])>+0: {"op": "Push". "target": 4385. "args": {"any": [1]}}')
debug_merge_point(0, 0, '4395<test_bench_koka_counter.rpyeffect:62([#183])>+1: {"op": "Copy". "type": "any". "from": 2. "to". 1}')
debug_merge_point(0, 0, '4395<test_bench_koka_counter.rpyeffect:62([#183])>+2: {"op": "Match". "type": Interned(std/core/hnd/ev). "scrutinee": 0. "clauses": [{"tag": Interned(std/core/hnd/Ev). "target": 4394. "args": {"any": [2. 3. 4. 5]}}]. "default": {"tag": Interned(7883151d-b512-476f-adab-cb436f7b0e85#[Missing Tag#616]). "target": 4386. "args": {"any": []}}}')
+444: p46 = getfield_gc_r(ConstPtr(ptr45), descr=<FieldP rpyeffect.data.Data.inst_tag 8>)
+452: guard_value(p46, ConstPtr(ptr47), descr=<Guard0x1205657c0>) [p0, p1, p2, p3, p4, p5, p6, p7, p8, p9, p10, p11, p12, p13, p14, p15, p16, p17, p18, p19, p20]
debug_merge_point(0, 0, '4394<test_bench_koka_counter.rpyeffect:61([match_std/core/hnd/Ev@[#183]#196])>+0: {"op": "Copy". "type": "any". "from": 1. "to". 2}')
debug_merge_point(0, 0, '4394<test_bench_koka_counter.rpyeffect:61([match_std/core/hnd/Ev@[#183]#196])>+1: {"op": "Copy". "type": "any". "from": 0. "to". 1}')
debug_merge_point(0, 0, '4394<test_bench_koka_counter.rpyeffect:61([match_std/core/hnd/Ev@[#183]#196])>+2: {"op": "Copy". "type": "any". "from": 3. "to". 0}')
debug_merge_point(0, 0, '4394<test_bench_koka_counter.rpyeffect:61([match_std/core/hnd/Ev@[#183]#196])>+3: {"op": "Match". "type": Interned(test/bench/koka/counter/st). "scrutinee": 4. "clauses": [{"tag": Interned(test/bench/koka/counter/@Hnd-st). "target": 4393. "args": {"any": [3. 4. 5]}}]. "default": {"tag": Interned(7883151d-b512-476f-adab-cb436f7b0e85#[Missing Tag#615]). "target": 4388. "args": {"any": []}}}')
+464: p49 = getfield_gc_r(ConstPtr(ptr48), descr=<FieldP rpyeffect.data.Data.inst_tag 8>)
+472: guard_value(p49, ConstPtr(ptr50), descr=<Guard0x1205657f0>) [p0, p1, p2, p3, p4, p5, p6, p7, p8, p9, p10, p11, p12, p13, p14, p15, p16, p17, p18, p19, p20]
debug_merge_point(0, 0, '4393<test_bench_koka_counter.rpyeffect:60([#201])>+0: {"op": "Match". "type": Interned(std/core/hnd/clause1). "scrutinee": 5. "clauses": [{"tag": Interned(std/core/hnd/Clause1). "target": 4392. "args": {"any": [3]}}]. "default": {"tag": Interned(7883151d-b512-476f-adab-cb436f7b0e85#[Missing Tag#614]). "target": 4390. "args": {"any": []}}}')
+484: p52 = getfield_gc_r(ConstPtr(ptr51), descr=<FieldP rpyeffect.data.Data.inst_tag 8>)
+492: guard_value(p52, ConstPtr(ptr53), descr=<Guard0x120565820>) [p0, p1, p2, p3, p4, p5, p6, p7, p8, p9, p10, p11, p12, p13, p14, p15, p16, p17, p18, p19, p20]
debug_merge_point(0, 0, '4392<test_bench_koka_counter.rpyeffect:59([match_std/core/hnd/Clause1@[#201]#206])>+0: {"op": "Invoke". "receiver": 3. "tag": Interned(apply). "args" : {"any": [0. 1. 2]}}')
debug_merge_point(0, 0, '1137<std_core_hnd.rpyeffect:836([method_apply@[mcore:[#1246]#2328]#2333])>+0: {"op": "Const". "type": "ptr". "out": 4. "format": "string". "value": "Name(import$std/core/hnd)"}')
debug_merge_point(0, 0, '1137<std_core_hnd.rpyeffect:836([method_apply@[mcore:[#1246]#2328]#2333])>+1: {"op": "PrimOp". "name": "getGlobal(String): Ptr". "out": {"any": [4]}. "in": {"any": [4]}}')
debug_merge_point(0, 0, '1137<std_core_hnd.rpyeffect:836([method_apply@[mcore:[#1246]#2328]#2333])>+2: {"op": "Swap". "type": "any". "a": 3. "b". 4}')
debug_merge_point(0, 0, '1137<std_core_hnd.rpyeffect:836([method_apply@[mcore:[#1246]#2328]#2333])>+3: {"op": "Jump". "target": 1136}')
debug_merge_point(0, 0, '1136<std_core_hnd.rpyeffect:835([mcore:[#1244]#2291])>+0: {"op": "Push". "target": 1132. "args": {"any": [1. 4. 2]}}')
debug_merge_point(0, 0, '1136<std_core_hnd.rpyeffect:835([mcore:[#1244]#2291])>+1: {"op": "Match". "type": Interned(std/core/hnd/ev). "scrutinee": 1. "clauses": [{"tag": Interned(std/core/hnd/Ev). "target": 1135. "args": {"any": [0. 1. 2. 3]}}]. "default": {"tag": Interned(9ecfa5c6-d050-4adc-badf-39eef9fcb0bd#[Missing Tag#3077]). "target": 1133. "args": {"any": []}}}')
debug_merge_point(0, 0, '1135<std_core_hnd.rpyeffect:834([#2321])>+0: {"op": "Const". "type": "ptr". "out": 0. "format": "string". "value": "Name(import$std/core/hnd)"}')
debug_merge_point(0, 0, '1135<std_core_hnd.rpyeffect:834([#2321])>+1: {"op": "PrimOp". "name": "getGlobal(String): Ptr". "out": {"any": [0]}. "in": {"any": [0]}}')
debug_merge_point(0, 0, '1135<std_core_hnd.rpyeffect:834([#2321])>+2: {"op": "Copy". "type": "any". "from": 0. "to". 1}')
debug_merge_point(0, 0, '1135<std_core_hnd.rpyeffect:834([#2321])>+3: {"op": "Copy". "type": "any". "from": 3. "to". 0}')
debug_merge_point(0, 0, '1135<std_core_hnd.rpyeffect:834([#2321])>+4: {"op": "Jump". "target": 1121}')
debug_merge_point(0, 0, '1121<std_core_hnd.rpyeffect:820([mcore:[#1233]#2277])>+0: {"op": "Const". "type": "ptr". "out": 1. "format": "string". "value": "Name(import$std/core/hnd)"}')
debug_merge_point(0, 0, '1121<std_core_hnd.rpyeffect:820([mcore:[#1233]#2277])>+1: {"op": "PrimOp". "name": "getGlobal(String): Ptr". "out": {"any": [1]}. "in": {"any": [1]}}')
debug_merge_point(0, 0, '1121<std_core_hnd.rpyeffect:820([mcore:[#1233]#2277])>+2: {"op": "CallLib". "lib": "1". "symbol": "swapCurrentEvv"}')
debug_merge_point(0, 0, '303<std_core_hnd.rpyeffect:2(Name(swapCurrentEvv))>+0: {"op": "Const". "type": "ptr". "out": 1. "format": "string". "value": "current-evv"}')
debug_merge_point(0, 0, '303<std_core_hnd.rpyeffect:2(Name(swapCurrentEvv))>+1: {"op": "PrimOp". "name": "getGlobal(String): Ptr". "out": {"any": [1]}. "in": {"any": [1]}}')
debug_merge_point(0, 0, '303<std_core_hnd.rpyeffect:2(Name(swapCurrentEvv))>+2: {"op": "PrimOp". "name": "getRef(Ref[Ptr]): Ptr". "out": {"any": [2]}. "in": {"any": [1]}}')
debug_merge_point(0, 0, '303<std_core_hnd.rpyeffect:2(Name(swapCurrentEvv))>+3: {"op": "PrimOp". "name": "setRef(Ref[Ptr]. Ptr): Unit". "out": {"any": [0]}. "in": {"any": [1. 0]}}')
debug_merge_point(0, 0, '303<std_core_hnd.rpyeffect:2(Name(swapCurrentEvv))>+4: {"op": "Copy". "type": "any". "from": 2. "to". 0}')
debug_merge_point(0, 0, '303<std_core_hnd.rpyeffect:2(Name(swapCurrentEvv))>+5: {"op": "Return". "args": {"any": [0]}}')
debug_merge_point(0, 0, '1132<std_core_hnd.rpyeffect:831([k@[mcore:[#1244]#2291]#2293])>+0: {"op": "Push". "target": 1131. "args": {"any": [1. 0]}}')
debug_merge_point(0, 0, '1132<std_core_hnd.rpyeffect:831([k@[mcore:[#1244]#2291]#2293])>+1: {"op": "Copy". "type": "any". "from": 3. "to". 0}')
debug_merge_point(0, 0, '1132<std_core_hnd.rpyeffect:831([k@[mcore:[#1244]#2291]#2293])>+2: {"op": "Invoke". "receiver": 2. "tag": Interned(apply). "args" : {"any": [0]}}')
debug_merge_point(0, 0, '4420<test_bench_koka_counter.rpyeffect:87([method_apply@[k@[mcore:[#177]#245]#256]#260])>+0: {"op": "Jump". "target": 4417}')
debug_merge_point(0, 0, '4417<test_bench_koka_counter.rpyeffect:84([mcore:[#170]#243])>+0: {"op": "PrimOp". "name": "setRef(Ref[Ptr]. Ptr): Unit". "out": {"any": [0]}. "in": {"any": [1. 0]}}')
+568: setfield_gc(ConstPtr(ptr54), ConstPtr(ptr55), descr=<FieldP rpyeffect.region.Ref.inst_value 16>)
+576: p57 = getfield_gc_r(ConstPtr(ptr56), descr=<FieldP rpyeffect.region.Ref.inst_value 16>)
+580: guard_nonnull_class(p34, ConstClass(IntValue), descr=<Guard0x1205700f8>) [p0, p34, p7, p8, p9, p10, p11, p12, p13, p14, p15, p16, p17, p19, p20, p57, p32, p35]
+604: i59 = getfield_gc_i(p34, descr=<FieldS rpyeffect.value.IntValue.inst_value 8 pure>)
debug_merge_point(0, 0, '4417<test_bench_koka_counter.rpyeffect:84([mcore:[#170]#243])>+1: {"op": "Return". "args": {"any": [0]}}')
debug_merge_point(0, 0, '1131<std_core_hnd.rpyeffect:830([k@[k@[mcore:[#1244]#2291]#2293]#2295])>+0: {"op": "Const". "type": "ptr". "out": 3. "format": "bool". "value": "<BoolValue object at 0x13071c600>"}')
debug_merge_point(0, 0, '1131<std_core_hnd.rpyeffect:830([k@[k@[mcore:[#1244]#2291]#2293]#2295])>+1: {"op": "Swap". "type": "any". "a": 0. "b". 1}')
debug_merge_point(0, 0, '1131<std_core_hnd.rpyeffect:830([k@[k@[mcore:[#1244]#2291]#2293]#2295])>+2: {"op": "Swap". "type": "any". "a": 2. "b". 1}')
debug_merge_point(0, 0, '1131<std_core_hnd.rpyeffect:830([k@[k@[mcore:[#1244]#2291]#2293]#2295])>+3: {"op": "Switch". "scrutinee": 3. "values": [<BoolValue object at 0x13071c5f0>]. "targets": [1126]. "default": 1130}')
debug_merge_point(0, 0, '1130<std_core_hnd.rpyeffect:829([switch default case#2310])>+0: {"op": "Const". "type": "ptr". "out": 0. "format": "bool". "value": "<BoolValue object at 0x13071c620>"}')
debug_merge_point(0, 0, '1130<std_core_hnd.rpyeffect:829([switch default case#2310])>+1: {"op": "Swap". "type": "any". "a": 0. "b". 1}')
debug_merge_point(0, 0, '1130<std_core_hnd.rpyeffect:829([switch default case#2310])>+2: {"op": "Swap". "type": "any". "a": 2. "b". 1}')
debug_merge_point(0, 0, '1130<std_core_hnd.rpyeffect:829([switch default case#2310])>+3: {"op": "Switch". "scrutinee": 2. "values": [<BoolValue object at 0x13071c610>]. "targets": [1128]. "default": 1129}')
debug_merge_point(0, 0, '1128<std_core_hnd.rpyeffect:827([switch case for Bool(false)#2312])>+0: {"op": "Const". "type": "ptr". "out": 2. "format": "string". "value": "Name(import$std/core/hnd)"}')
debug_merge_point(0, 0, '1128<std_core_hnd.rpyeffect:827([switch case for Bool(false)#2312])>+1: {"op": "PrimOp". "name": "getGlobal(String): Ptr". "out": {"any": [2]}. "in": {"any": [2]}}')
debug_merge_point(0, 0, '1128<std_core_hnd.rpyeffect:827([switch case for Bool(false)#2312])>+2: {"op": "Push". "target": 1127. "args": {"any": [1]}}')
debug_merge_point(0, 0, '1128<std_core_hnd.rpyeffect:827([switch case for Bool(false)#2312])>+3: {"op": "Copy". "type": "any". "from": 2. "to". 1}')
debug_merge_point(0, 0, '1128<std_core_hnd.rpyeffect:827([switch case for Bool(false)#2312])>+4: {"op": "Jump". "target": 1123}')
debug_merge_point(0, 0, '1123<std_core_hnd.rpyeffect:822([mcore:[#1243]#2286])>+0: {"op": "Const". "type": "ptr". "out": 1. "format": "string". "value": "Name(import$std/core/hnd)"}')
debug_merge_point(0, 0, '1123<std_core_hnd.rpyeffect:822([mcore:[#1243]#2286])>+1: {"op": "PrimOp". "name": "getGlobal(String): Ptr". "out": {"any": [1]}. "in": {"any": [1]}}')
debug_merge_point(0, 0, '1123<std_core_hnd.rpyeffect:822([mcore:[#1243]#2286])>+2: {"op": "CallLib". "lib": "1". "symbol": "setCurrentEvv"}')
debug_merge_point(0, 0, '302<std_core_hnd.rpyeffect:1(Name(setCurrentEvv))>+0: {"op": "Const". "type": "ptr". "out": 1. "format": "string". "value": "current-evv"}')
debug_merge_point(0, 0, '302<std_core_hnd.rpyeffect:1(Name(setCurrentEvv))>+1: {"op": "PrimOp". "name": "getGlobal(String): Ptr". "out": {"any": [1]}. "in": {"any": [1]}}')
debug_merge_point(0, 0, '302<std_core_hnd.rpyeffect:1(Name(setCurrentEvv))>+2: {"op": "PrimOp". "name": "setRef(Ref[Ptr]. Ptr): Unit". "out": {"any": [0]}. "in": {"any": [1. 0]}}')
debug_merge_point(0, 0, '302<std_core_hnd.rpyeffect:1(Name(setCurrentEvv))>+3: {"op": "Return". "args": {"any": [0]}}')
debug_merge_point(0, 0, '1127<std_core_hnd.rpyeffect:826([k@[switch case for Bool(false)#2312]#2317])>+0: {"op": "Copy". "type": "any". "from": 1. "to". 0}')
debug_merge_point(0, 0, '1127<std_core_hnd.rpyeffect:826([k@[switch case for Bool(false)#2312]#2317])>+1: {"op": "Return". "args": {"any": [0]}}')
debug_merge_point(0, 0, '4385<test_bench_koka_counter.rpyeffect:52([k@[#183]#185])>+0: {"op": "Const". "type": "ptr". "out": 0. "format": "int". "value": "<IntValue object at 0x12045e710>"}')
debug_merge_point(0, 0, '4385<test_bench_koka_counter.rpyeffect:52([k@[#183]#185])>+1: {"op": "PrimOp". "name": "infixAdd(Int. Int): Int". "out": {"any": [0]}. "in": {"any": [1. 0]}}')
+608: i60 = getfield_gc_i(p32, descr=<FieldS rpyeffect.value.IntValue.inst_value 8 pure>)
+612: i62 = int_add(i60, 1)
debug_merge_point(0, 0, '4385<test_bench_koka_counter.rpyeffect:52([k@[#183]#185])>+2: {"op": "Const". "type": "ptr". "out": 1. "format": "string". "value": "Name(import$std/core/hnd)"}')
debug_merge_point(0, 0, '4385<test_bench_koka_counter.rpyeffect:52([k@[#183]#185])>+3: {"op": "PrimOp". "name": "getGlobal(String): Ptr". "out": {"any": [1]}. "in": {"any": [1]}}')
debug_merge_point(0, 0, '4385<test_bench_koka_counter.rpyeffect:52([k@[#183]#185])>+4: {"op": "Jump". "target": 4412}')
debug_merge_point(0, 0, '4412<test_bench_koka_counter.rpyeffect:79([mcore:[#153]#138])>+0: {"op": "Const". "type": "ptr". "out": 1. "format": "int". "value": "<IntValue object at 0x12045f470>"}')
debug_merge_point(0, 0, '4412<test_bench_koka_counter.rpyeffect:79([mcore:[#153]#138])>+1: {"op": "Const". "type": "ptr". "out": 2. "format": "string". "value": "Name(import$std/core/hnd)"}')
debug_merge_point(0, 0, '4412<test_bench_koka_counter.rpyeffect:79([mcore:[#153]#138])>+2: {"op": "PrimOp". "name": "getGlobal(String): Ptr". "out": {"any": [2]}. "in": {"any": [2]}}')
debug_merge_point(0, 0, '4412<test_bench_koka_counter.rpyeffect:79([mcore:[#153]#138])>+3: {"op": "Push". "target": 4411. "args": {"any": [1. 0]}}')
debug_merge_point(0, 0, '4412<test_bench_koka_counter.rpyeffect:79([mcore:[#153]#138])>+4: {"op": "Copy". "type": "any". "from": 2. "to". 0}')
debug_merge_point(0, 0, '4412<test_bench_koka_counter.rpyeffect:79([mcore:[#153]#138])>+5: {"op": "Jump". "target": 4380}')
debug_merge_point(0, 0, '4380<test_bench_koka_counter.rpyeffect:47([mcore:[#123]#124])>+0: {"op": "Const". "type": "ptr". "out": 0. "format": "string". "value": "Name(import$std/core/hnd)"}')
debug_merge_point(0, 0, '4380<test_bench_koka_counter.rpyeffect:47([mcore:[#123]#124])>+1: {"op": "PrimOp". "name": "getGlobal(String): Ptr". "out": {"any": [0]}. "in": {"any": [0]}}')
debug_merge_point(0, 0, '4380<test_bench_koka_counter.rpyeffect:47([mcore:[#123]#124])>+2: {"op": "CallLib". "lib": "0". "symbol": "getCurrentEvv"}')
debug_merge_point(0, 0, '301<std_core_hnd.rpyeffect:0(Name(getCurrentEvv))>+0: {"op": "Const". "type": "ptr". "out": 0. "format": "string". "value": "current-evv"}')
+616: p63 = new_with_vtable(descr=<SizeDescr 32>)
+720: p65 = new_array_clear(2, descr=<ArrayP 8>)
+744: setarrayitem_gc(p65, 0, ConstPtr(ptr67), descr=<ArrayP 8>)
+748: p68 = new_with_vtable(descr=<SizeDescr 16>)
+760: setfield_gc(p68, i62, descr=<FieldS rpyeffect.value.IntValue.inst_value 8 pure>)
+764: setarrayitem_gc(p65, 1, p68, descr=<ArrayP 8>)
+832: setfield_gc(ConstPtr(ptr70), ConstPtr(ptr23), descr=<FieldP rpyeffect.region.Ref.inst_value 16>)
+836: setfield_gc(p63, 4411, descr=<FieldS rpyeffect.stored_environment.Stack__arb.inst_target 16 pure>)
+844: setfield_gc(p63, p65, descr=<FieldP rpyeffect.stored_environment.Stack__arb.inst_values_ptr 24 pure>)
+848: setfield_gc(p63, p35, descr=<FieldP rpyeffect.stored_environment.Stack__arb.inst_tail 8 pure>)
+852: setfield_gc(p57, i59, descr=<FieldS rpyeffect.value.UnboxedIntValueRef.inst_value 8>)
+868: jump(p17, p63, p0, p19, p20, ConstPtr(ptr72), ConstPtr(ptr73), ConstPtr(ptr74), ConstPtr(ptr75), ConstPtr(ptr76), ConstPtr(ptr51), p7, p8, p9, p10, p11, p12, p13, p14, p15, p16, descr=TargetToken(4837126816))
+916: --end of the loop--
[70b6c45] jit-log-opt-bridge}
[523bceb2] {jit-summary
Tracing:      	4	0.003184
Backend:      	4	0.000599
TOTAL:      		1.266395
ops:             	15009
heapcached ops:  	1680
recorded ops:    	8817
  calls:         	7590
guards:          	305
opt ops:         	602
opt guards:      	77
opt guards shared:	53
forcings:        	0
abort: trace too long:	0
abort: compiling:	0
abort: vable escape:	0
abort: bad loop: 	0
abort: force quasi-immut:	0
abort: segmenting trace:	0
virtualizables forced:	0
nvirtuals:       	12
nvholes:         	0
nvreused:        	0
vecopt tried:    	0
vecopt success:  	0
Total # of loops:	3
Total # of bridges:	1
Freed # of loops:	0
Freed # of bridges:	0
[523bf5c2] jit-summary}
