[767b8b] {jit-log-opt-loop
# Loop 1 (98<main.rpyeffect:90([mcore:[#33]#113])>+0: {"op": "Push", "target": 97, "args": {"any": [0, 2]}}) : loop with 341 ops
[p0, p1, p2, p3, p4]
+616: p5 = getfield_gc_r(p2, descr=<FieldP rpyeffect.environment.Environment.inst_values_ptr 16>)
+624: p7 = getarrayitem_gc_r(p5, 0, descr=<ArrayP 8>)
+628: p9 = getarrayitem_gc_r(p5, 1, descr=<ArrayP 8>)
+632: p11 = getarrayitem_gc_r(p5, 2, descr=<ArrayP 8>)
+636: p13 = getarrayitem_gc_r(p5, 3, descr=<ArrayP 8>)
+640: p15 = getarrayitem_gc_r(p5, 4, descr=<ArrayP 8>)
+644: p17 = getarrayitem_gc_r(p5, 5, descr=<ArrayP 8>)
+648: p19 = getarrayitem_gc_r(p5, 6, descr=<ArrayP 8>)
+652: p21 = getarrayitem_gc_r(p5, 7, descr=<ArrayP 8>)
+656: p23 = getarrayitem_gc_r(p5, 8, descr=<ArrayP 8>)
+660: p25 = getarrayitem_gc_r(p5, 9, descr=<ArrayP 8>)
+664: p27 = getarrayitem_gc_r(p5, 10, descr=<ArrayP 8>)
+668: p29 = getarrayitem_gc_r(p5, 11, descr=<ArrayP 8>)
+672: p31 = getarrayitem_gc_r(p5, 12, descr=<ArrayP 8>)
+676: p33 = getarrayitem_gc_r(p5, 13, descr=<ArrayP 8>)
+680: p35 = getarrayitem_gc_r(p5, 14, descr=<ArrayP 8>)
+684: p37 = getarrayitem_gc_r(p5, 15, descr=<ArrayP 8>)
+688: label(p0, p1, p2, p3, p4, p7, p9, p11, p13, p15, p17, p19, p21, p23, p25, p27, p29, p31, p33, p35, p37, descr=TargetToken(4836707424))
debug_merge_point(0, 0, '98<main.rpyeffect:90([mcore:[#33]#113])>+0: {"op": "Push". "target": 97. "args": {"any": [0. 2]}}')
+744: guard_not_invalidated(descr=<Guard0x12049aad0>) [p2, p7, p9, p11, p13, p15, p17, p19, p21, p23, p25, p27, p29, p31, p33, p35, p37, p0, p1, p3, p4]
debug_merge_point(0, 0, '98<main.rpyeffect:90([mcore:[#33]#113])>+1: {"op": "Copy". "type": "any". "from": 2. "to". 0}')
debug_merge_point(0, 0, '98<main.rpyeffect:90([mcore:[#33]#113])>+2: {"op": "Jump". "target": 16}')
debug_merge_point(0, 0, '16<main.rpyeffect:8(Name(>_2))>+0: {"op": "New". "out": 0. "targets": [15]. "args": {"any": [0]}}')
debug_merge_point(0, 0, '16<main.rpyeffect:8(Name(>_2))>+1: {"op": "Return". "args": {"any": [0]}}')
debug_merge_point(0, 0, '97<main.rpyeffect:89([k@[mcore:[#33]#113]#115])>+0: {"op": "Push". "target": 96. "args": {"any": [1. 2]}}')
debug_merge_point(0, 0, '97<main.rpyeffect:89([k@[mcore:[#33]#113]#115])>+1: {"op": "Swap". "type": "any". "a": 0. "b". 1}')
debug_merge_point(0, 0, '97<main.rpyeffect:89([k@[mcore:[#33]#113]#115])>+2: {"op": "Invoke". "receiver": 1. "tag": Interned(apply). "args" : {"any": [0]}}')
debug_merge_point(0, 0, '15<main.rpyeffect:7([method_apply@Name(>_2)#16])>+0: {"op": "Jump". "target": 14}')
debug_merge_point(0, 0, '14<main.rpyeffect:6([mcore:[#13]#13])>+0: {"op": "PrimOp". "name": "infixGt(Any. Any): Bool". "out": {"any": [0]}. "in": {"any": [1. 0]}}')
+748: guard_class(p11, ConstClass(IntValue), descr=<Guard0x1204b9c10>) [p2, p7, p9, p11, p13, p15, p17, p19, p21, p23, p25, p27, p29, p31, p33, p35, p37, p0, p1, p3, p4]
+764: guard_nonnull_class(p7, ConstClass(IntValue), descr=<Guard0x12049ab18>) [p2, p7, p9, p11, p13, p15, p17, p19, p21, p23, p25, p27, p29, p31, p33, p35, p37, p0, p1, p3, p4]
+788: i40 = getfield_gc_i(p11, descr=<FieldS rpyeffect.value.IntValue.inst_value 8 pure>)
+792: i41 = getfield_gc_i(p7, descr=<FieldS rpyeffect.value.IntValue.inst_value 8 pure>)
+796: i42 = int_eq(i40, i41)
guard_false(i42, descr=<Guard0x1204b9c40>) [p2, p7, p9, p11, p13, p15, p17, p19, p21, p23, p25, p27, p29, p31, p33, p35, p37, p0, p1, p3, p4]
+804: i43 = int_lt(i40, i41)
guard_true(i43, descr=<Guard0x1204b9c70>) [p2, p7, p9, p11, p13, p15, p17, p19, p21, p23, p25, p27, p29, p31, p33, p35, p37, p0, p1, p3, p4]
debug_merge_point(0, 0, '14<main.rpyeffect:6([mcore:[#13]#13])>+1: {"op": "Return". "args": {"any": [0]}}')
debug_merge_point(0, 0, '96<main.rpyeffect:88([k@[k@[mcore:[#33]#113]#115]#117])>+0: {"op": "Switch". "scrutinee": 0. "values": [<BoolValue object at 0x12049f830>]. "targets": [88]. "default": 95}')
+812: guard_nonnull(p1, descr=<Guard0x1204b9ca0>) [p2, p7, p9, p11, p13, p15, p17, p19, p21, p23, p25, p27, p29, p31, p33, p35, p37, p0, p1, p3, p4]
+824: i44 = getfield_gc_i(p1, descr=<FieldS rpyeffect.stored_environment.Stack__arb.inst_target 16 pure>)
+832: guard_value(i44, 128, descr=<Guard0x1204b9cd0>) [p2, p7, p9, p11, p13, p15, p17, p19, p21, p23, p25, p27, p29, p31, p33, p35, p37, p0, p1, p3, p4]
debug_merge_point(0, 0, '95<main.rpyeffect:87([switch default case#120])>+0: {"op": "Swap". "type": "any". "a": 0. "b". 1}')
debug_merge_point(0, 0, '95<main.rpyeffect:87([switch default case#120])>+1: {"op": "Swap". "type": "any". "a": 2. "b". 1}')
debug_merge_point(0, 0, '95<main.rpyeffect:87([switch default case#120])>+2: {"op": "Switch". "scrutinee": 2. "values": [<BoolValue object at 0x12049f840>]. "targets": [93]. "default": 94}')
debug_merge_point(0, 0, '93<main.rpyeffect:85([switch case for Bool(false)#121])>+0: {"op": "Const". "type": "ptr". "out": 2. "format": "int". "value": "<IntValue object at 0x12049f900>"}')
debug_merge_point(0, 0, '93<main.rpyeffect:85([switch case for Bool(false)#121])>+1: {"op": "Const". "type": "ptr". "out": 3. "format": "string". "value": "Name(Emit_0)"}')
debug_merge_point(0, 0, '93<main.rpyeffect:85([switch case for Bool(false)#121])>+2: {"op": "PrimOp". "name": "getGlobal(String): Ptr". "out": {"any": [3]}. "in": {"any": [3]}}')
debug_merge_point(0, 0, '93<main.rpyeffect:85([switch case for Bool(false)#121])>+3: {"op": "GetDynamic". "out": 2. "n": 2. "label": 3}')
+848: i47 = instance_ptr_eq(p4, ConstPtr(ptr46))
guard_false(i47, descr=<Guard0x1204b9d00>) [p2, p7, p9, p11, p13, p15, p17, p19, p21, p23, p25, p27, p29, p31, p33, p35, p37, p0, p1, p3, p4]
+860: guard_nonnull(p0, descr=<Guard0x1204b9d30>) [p2, p7, p9, p11, p13, p15, p17, p19, p21, p23, p25, p27, p29, p31, p33, p35, p37, p0, p1, p3, p4]
+872: i48 = getfield_gc_i(p0, descr=<FieldS rpyeffect.stack.Label.inst_origin 8 pure>)
+880: guard_value(i48, 139295, descr=<Guard0x1204b9d60>) [p2, p7, p9, p11, p13, p15, p17, p19, p21, p23, p25, p27, p29, p31, p33, p35, p37, p0, p1, p3, p4]
+900: i51 = instance_ptr_eq(p0, ConstPtr(ptr50))
guard_true(i51, descr=<Guard0x1204b9d90>) [p2, p7, p9, p11, p13, p15, p17, p19, p21, p23, p25, p27, p29, p31, p33, p35, p37, p0, p1, p3, p4]
debug_merge_point(0, 0, '93<main.rpyeffect:85([switch case for Bool(false)#121])>+4: {"op": "Push". "target": 92. "args": {"any": [0. 1]}}')
debug_merge_point(0, 0, '93<main.rpyeffect:85([switch case for Bool(false)#121])>+5: {"op": "Copy". "type": "any". "from": 1. "to". 0}')
debug_merge_point(0, 0, '93<main.rpyeffect:85([switch case for Bool(false)#121])>+6: {"op": "Invoke". "receiver": 2. "tag": Interned(Emit_0). "args" : {"any": [0]}}')
+908: p52 = getfield_gc_r(p4, descr=<FieldP rpyeffect.codata.CoData.inst_vtable 8 pure>)
+916: guard_value(p52, ConstPtr(ptr53), descr=<Guard0x1204b9dc0>) [p2, p7, p9, p11, p13, p15, p17, p19, p21, p23, p25, p27, p29, p31, p33, p35, p37, p0, p1, p3, p4]
debug_merge_point(0, 0, '124<main.rpyeffect:116([method_Emit_0@[mcore:[#49]#200]#202])>+0: {"op": "Const". "type": "ptr". "out": 1. "format": "int". "value": "<IntValue object at 0x1204c2c10>"}')
debug_merge_point(0, 0, '124<main.rpyeffect:116([method_Emit_0@[mcore:[#49]#200]#202])>+1: {"op": "Const". "type": "ptr". "out": 2. "format": "string". "value": "Name(Emit_0)"}')
debug_merge_point(0, 0, '124<main.rpyeffect:116([method_Emit_0@[mcore:[#49]#200]#202])>+2: {"op": "PrimOp". "name": "getGlobal(String): Ptr". "out": {"any": [2]}. "in": {"any": [2]}}')
debug_merge_point(0, 0, '124<main.rpyeffect:116([method_Emit_0@[mcore:[#49]#200]#202])>+3: {"op": "ShiftDyn". "out": 1. "n": 1. "label": 2}')
+924: guard_nonnull_class(p3, ConstClass(MetaStackWithBinding), descr=<Guard0x12049ab60>) [p2, p7, p9, p11, p13, p15, p17, p19, p21, p23, p25, p27, p29, p31, p33, p35, p37, p0, p1, p3, p4]
+952: p55 = getfield_gc_r(p3, descr=<FieldP rpyeffect.stack.MetaStackLike.inst_stack 8 pure>)
+956: p56 = getfield_gc_r(p3, descr=<FieldP rpyeffect.stack.MetaStack.inst_label 16 pure>)
+960: p57 = getfield_gc_r(p3, descr=<FieldP rpyeffect.stack.MetaStackWithBinding.inst_binding 40 pure>)
+964: p58 = getfield_gc_r(p3, descr=<FieldP rpyeffect.stack.MetaStack.inst_tail 32 pure>)
+968: guard_nonnull(p55, descr=<Guard0x1204b9df0>) [p2, p7, p9, p11, p13, p15, p17, p19, p21, p23, p25, p27, p29, p31, p33, p35, p37, p0, p1, p3, p4]
+976: i59 = getfield_gc_i(p55, descr=<FieldS rpyeffect.stored_environment.Stack__arb.inst_target 16 pure>)
+980: guard_value(i59, 117, descr=<Guard0x1204b9e20>) [p2, p7, p9, p11, p13, p15, p17, p19, p21, p23, p25, p27, p29, p31, p33, p35, p37, p0, p1, p3, p4]
debug_merge_point(0, 0, '124<main.rpyeffect:116([method_Emit_0@[mcore:[#49]#200]#202])>+4: {"op": "Const". "type": "ptr". "out": 2. "format": "int". "value": "<IntValue object at 0x1204c2bd0>"}')
debug_merge_point(0, 0, '124<main.rpyeffect:116([method_Emit_0@[mcore:[#49]#200]#202])>+5: {"op": "Const". "type": "ptr". "out": 3. "format": "string". "value": "Name(Get_1)"}')
debug_merge_point(0, 0, '124<main.rpyeffect:116([method_Emit_0@[mcore:[#49]#200]#202])>+6: {"op": "PrimOp". "name": "getGlobal(String): Ptr". "out": {"any": [3]}. "in": {"any": [3]}}')
debug_merge_point(0, 0, '124<main.rpyeffect:116([method_Emit_0@[mcore:[#49]#200]#202])>+7: {"op": "GetDynamic". "out": 2. "n": 2. "label": 3}')
+992: i62 = instance_ptr_eq(p57, ConstPtr(ptr61))
guard_false(i62, descr=<Guard0x1204b9e50>) [p2, p7, p9, p11, p13, p15, p17, p19, p21, p23, p25, p27, p29, p31, p33, p35, p37, p0, p1, p3, p4]
+1000: guard_nonnull(p56, descr=<Guard0x1204b9e80>) [p2, p7, p9, p11, p13, p15, p17, p19, p21, p23, p25, p27, p29, p31, p33, p35, p37, p0, p1, p3, p4]
+1008: i63 = getfield_gc_i(p56, descr=<FieldS rpyeffect.stack.Label.inst_origin 8 pure>)
+1012: guard_value(i63, 139305, descr=<Guard0x1204b9eb0>) [p2, p7, p9, p11, p13, p15, p17, p19, p21, p23, p25, p27, p29, p31, p33, p35, p37, p0, p1, p3, p4]
+1032: i66 = instance_ptr_eq(p56, ConstPtr(ptr65))
guard_false(i66, descr=<Guard0x1204b9ee0>) [p2, p7, p9, p11, p13, p15, p17, p19, p21, p23, p25, p27, p29, p31, p33, p35, p37, p0, p1, p3, p4]
+1040: guard_nonnull_class(p58, ConstClass(MetaStackWithBinding), descr=<Guard0x12049aba8>) [p2, p7, p9, p11, p13, p15, p17, p19, p21, p23, p25, p27, p29, p31, p33, p35, p37, p0, p1, p3, p4]
+1064: p68 = getfield_gc_r(p58, descr=<FieldP rpyeffect.stack.MetaStack.inst_label 16 pure>)
+1068: guard_nonnull(p68, descr=<Guard0x1204b9f10>) [p2, p7, p9, p11, p13, p15, p17, p19, p21, p23, p25, p27, p29, p31, p33, p35, p37, p0, p1, p3, p4]
+1076: i69 = getfield_gc_i(p68, descr=<FieldS rpyeffect.stack.Label.inst_origin 8 pure>)
+1080: guard_value(i69, 139300, descr=<Guard0x1204b9f40>) [p2, p7, p9, p11, p13, p15, p17, p19, p21, p23, p25, p27, p29, p31, p33, p35, p37, p0, p1, p3, p4]
+1096: i72 = instance_ptr_eq(p68, ConstPtr(ptr71))
guard_true(i72, descr=<Guard0x1204b9f70>) [p2, p7, p9, p11, p13, p15, p17, p19, p21, p23, p25, p27, p29, p31, p33, p35, p37, p0, p1, p3, p4]
+1104: p73 = getfield_gc_r(p58, descr=<FieldP rpyeffect.stack.MetaStackWithBinding.inst_binding 40 pure>)
debug_merge_point(0, 0, '124<main.rpyeffect:116([method_Emit_0@[mcore:[#49]#200]#202])>+8: {"op": "Construct". "out": 3. "type": Interned({"op": "eff$Tuple". "elements": []}). "tag": Interned({"op": "eff$Tuple". "elements": []}). "args": {"any": []}}')
debug_merge_point(0, 0, '124<main.rpyeffect:116([method_Emit_0@[mcore:[#49]#200]#202])>+9: {"op": "Push". "target": 123. "args": {"any": [0. 1]}}')
debug_merge_point(0, 0, '124<main.rpyeffect:116([method_Emit_0@[mcore:[#49]#200]#202])>+10: {"op": "Copy". "type": "any". "from": 3. "to". 0}')
debug_merge_point(0, 0, '124<main.rpyeffect:116([method_Emit_0@[mcore:[#49]#200]#202])>+11: {"op": "Invoke". "receiver": 2. "tag": Interned(Get_1). "args" : {"any": [0]}}')
+1108: p74 = getfield_gc_r(p73, descr=<FieldP rpyeffect.codata.CoData.inst_vtable 8 pure>)
+1116: guard_value(p74, ConstPtr(ptr75), descr=<Guard0x1204b9fa0>) [p2, p7, p9, p11, p13, p15, p17, p19, p21, p23, p25, p27, p29, p31, p33, p35, p37, p0, p1, p3, p4]
+1124: p76 = getfield_gc_r(p73, descr=<FieldP rpyeffect.stored_environment.CoData__1.inst_values_ptr_0 24 pure>)
debug_merge_point(0, 0, '113<main.rpyeffect:105([method_Get_1@[mcore:[#42]#160]#169])>+0: {"op": "Const". "type": "ptr". "out": 2. "format": "int". "value": "<IntValue object at 0x12049f5a0>"}')
debug_merge_point(0, 0, '113<main.rpyeffect:105([method_Get_1@[mcore:[#42]#160]#169])>+1: {"op": "ShiftDyn". "out": 1. "n": 2. "label": 1}')
+1128: guard_nonnull(p76, descr=<Guard0x1204b9fd0>) [p2, p7, p9, p11, p13, p15, p17, p19, p21, p23, p25, p27, p29, p31, p33, p35, p37, p0, p1, p3, p4]
+1136: i77 = getfield_gc_i(p76, descr=<FieldS rpyeffect.stack.Label.inst_origin 8 pure>)
+1140: guard_value(i77, 120832, descr=<Guard0x1204d2020>) [p2, p7, p9, p11, p13, p15, p17, p19, p21, p23, p25, p27, p29, p31, p33, p35, p37, p0, p1, p3, p4]
+1160: p79 = getfield_gc_r(p58, descr=<FieldP rpyeffect.stack.MetaStack.inst_region 24 pure>)
+1164: guard_isnull(p79, descr=<Guard0x1204d2050>) [p2, p7, p9, p11, p13, p15, p17, p19, p21, p23, p25, p27, p29, p31, p33, p35, p37, p0, p1, p3, p4]
+1172: p80 = getfield_gc_r(p58, descr=<FieldP rpyeffect.stack.MetaStack.inst_tail 32 pure>)
+1176: p81 = getfield_gc_r(p80, descr=<FieldP rpyeffect.stack.MetaStack.inst_region 24 pure>)
+1180: guard_isnull(p81, descr=<Guard0x1204d2080>) [p2, p7, p9, p11, p13, p15, p17, p19, p21, p23, p25, p27, p29, p31, p33, p35, p37, p0, p1, p3, p4]
+1188: p82 = getfield_gc_r(p80, descr=<FieldP rpyeffect.stack.MetaStack.inst_label 16 pure>)
+1192: guard_nonnull(p82, descr=<Guard0x1204d20b0>) [p2, p7, p9, p11, p13, p15, p17, p19, p21, p23, p25, p27, p29, p31, p33, p35, p37, p0, p1, p3, p4]
+1200: i83 = getfield_gc_i(p82, descr=<FieldS rpyeffect.stack.Label.inst_origin 8 pure>)
+1204: guard_value(i83, 120832, descr=<Guard0x1204d20e0>) [p2, p7, p9, p11, p13, p15, p17, p19, p21, p23, p25, p27, p29, p31, p33, p35, p37, p0, p1, p3, p4]
+1220: i85 = instance_ptr_eq(p82, p76)
guard_true(i85, descr=<Guard0x1204d2110>) [p2, p7, p9, p11, p13, p15, p17, p19, p21, p23, p25, p27, p29, p31, p33, p35, p37, p0, p1, p3, p4]
+1228: p86 = getfield_gc_r(p80, descr=<FieldP rpyeffect.stack.MetaStackLike.inst_stack 8 pure>)
+1232: guard_class(p80, 4343359128, descr=<Guard0x1204d2140>) [p2, p7, p9, p11, p13, p15, p17, p19, p21, p23, p25, p27, p29, p31, p33, p35, p37, p0, p1, p3, p4]
+1248: p88 = getfield_gc_r(p80, descr=<FieldP rpyeffect.stack.MetaStack.inst_tail 32 pure>)
+1252: p89 = getfield_gc_r(p58, descr=<FieldP rpyeffect.stack.MetaStackLike.inst_stack 8 pure>)
+1256: guard_nonnull_class(p88, 4343359128, descr=<Guard0x12049abf0>) [p2, p7, p9, p11, p13, p15, p17, p19, p21, p23, p25, p27, p29, p31, p33, p35, p37, p0, p1, p3, p4]
+1280: p91 = getfield_gc_r(p88, descr=<FieldP rpyeffect.stack.MetaStackLike.inst_stack 8 pure>)
+1284: p92 = getfield_gc_r(p88, descr=<FieldP rpyeffect.stack.MetaStack.inst_label 16 pure>)
+1292: p93 = getfield_gc_r(p88, descr=<FieldP rpyeffect.stack.MetaStack.inst_tail 32 pure>)
+1296: guard_nonnull(p91, descr=<Guard0x1204d2170>) [p2, p7, p9, p11, p13, p15, p17, p19, p21, p23, p25, p27, p29, p31, p33, p35, p37, p0, p1, p3, p4]
+1304: i94 = getfield_gc_i(p91, descr=<FieldS rpyeffect.stored_environment.Stack__arb.inst_target 16 pure>)
+1312: guard_value(i94, 105, descr=<Guard0x1204d21a0>) [p2, p7, p9, p11, p13, p15, p17, p19, p21, p23, p25, p27, p29, p31, p33, p35, p37, p0, p1, p3, p4]
debug_merge_point(0, 0, '113<main.rpyeffect:105([method_Get_1@[mcore:[#42]#160]#169])>+2: {"op": "Swap". "type": "any". "a": 0. "b". 1}')
debug_merge_point(0, 0, '113<main.rpyeffect:105([method_Get_1@[mcore:[#42]#160]#169])>+3: {"op": "Match". "type": Interned({"op": "eff$Tuple". "elements": []}). "scrutinee": 1. "clauses": [{"tag": Interned({"op": "eff$Tuple". "elements": []}). "target": 112. "args": {"any": []}}]. "default": {"tag": Interned(c18addbf-f1c8-4502-9995-3610f6e1fc2a#[Missing Tag#414]). "target": 110. "args": {"any": []}}}')
debug_merge_point(0, 0, '112<main.rpyeffect:104([#175])>+0: {"op": "New". "out": 0. "targets": [111]. "args": {"any": [0]}}')
debug_merge_point(0, 0, '112<main.rpyeffect:104([#175])>+1: {"op": "Return". "args": {"any": [0]}}')
+1324: p96 = getfield_gc_r(p91, descr=<FieldP rpyeffect.stored_environment.Stack__1.inst_values_ptr_0 32 pure>)
+1328: p97 = getfield_gc_r(p91, descr=<FieldP rpyeffect.stored_environment.Stack__arb.inst_tail 8 pure>)
+1332: guard_nonnull(p97, descr=<Guard0x1204d21d0>) [p2, p7, p9, p11, p13, p15, p17, p19, p21, p23, p25, p27, p29, p31, p33, p35, p37, p0, p1, p3, p4]
+1340: i98 = getfield_gc_i(p97, descr=<FieldS rpyeffect.stored_environment.Stack__arb.inst_target 16 pure>)
+1348: guard_value(i98, 1, descr=<Guard0x1204d2200>) [p2, p7, p9, p11, p13, p15, p17, p19, p21, p23, p25, p27, p29, p31, p33, p35, p37, p0, p1, p3, p4]
debug_merge_point(0, 0, '105<main.rpyeffect:97([k@[mcore:[#39]#154]#158])>+0: {"op": "Swap". "type": "any". "a": 0. "b". 1}')
debug_merge_point(0, 0, '105<main.rpyeffect:97([k@[mcore:[#39]#154]#158])>+1: {"op": "Invoke". "receiver": 1. "tag": Interned(apply). "args" : {"any": [0]}}')
debug_merge_point(0, 0, '111<main.rpyeffect:103([method_apply@[#175]#178])>+0: {"op": "Jump". "target": 103}')
debug_merge_point(0, 0, '103<main.rpyeffect:95([mcore:[#35]#151])>+0: {"op": "Push". "target": 102. "args": {"any": [0]}}')
debug_merge_point(0, 0, '103<main.rpyeffect:95([mcore:[#35]#151])>+1: {"op": "Jump". "target": 101}')
debug_merge_point(0, 0, '101<main.rpyeffect:93(Name(k_72))>+0: {"op": "PushStack". "arg": 1}')
debug_merge_point(0, 0, '101<main.rpyeffect:93(Name(k_72))>+1: {"op": "Return". "args": {"any": [0]}}')
debug_merge_point(0, 0, '123<main.rpyeffect:115([k@[method_Emit_0@[mcore:[#49]#200]#202]#217])>+0: {"op": "Push". "target": 122. "args": {"any": [1. 2]}}')
debug_merge_point(0, 0, '123<main.rpyeffect:115([k@[method_Emit_0@[mcore:[#49]#200]#202]#217])>+1: {"op": "Jump". "target": 59}')
debug_merge_point(0, 0, '59<main.rpyeffect:51(Name(+_27))>+0: {"op": "New". "out": 0. "targets": [58]. "args": {"any": [0]}}')
debug_merge_point(0, 0, '59<main.rpyeffect:51(Name(+_27))>+1: {"op": "Return". "args": {"any": [0]}}')
debug_merge_point(0, 0, '122<main.rpyeffect:114([#219])>+0: {"op": "Push". "target": 121. "args": {"any": [2]}}')
debug_merge_point(0, 0, '122<main.rpyeffect:114([#219])>+1: {"op": "Swap". "type": "any". "a": 0. "b". 1}')
debug_merge_point(0, 0, '122<main.rpyeffect:114([#219])>+2: {"op": "Invoke". "receiver": 1. "tag": Interned(apply). "args" : {"any": [0]}}')
debug_merge_point(0, 0, '58<main.rpyeffect:50([method_apply@Name(+_27)#74])>+0: {"op": "Jump". "target": 57}')
debug_merge_point(0, 0, '57<main.rpyeffect:49([mcore:[#23]#71])>+0: {"op": "PrimOp". "name": "infixAdd(Int. Int): Int". "out": {"any": [0]}. "in": {"any": [1. 0]}}')
+1360: i100 = getfield_gc_i(p96, descr=<FieldS rpyeffect.value.IntValue.inst_value 8 pure>)
+1364: i101 = int_add(i100, i40)
debug_merge_point(0, 0, '57<main.rpyeffect:49([mcore:[#23]#71])>+1: {"op": "Return". "args": {"any": [0]}}')
debug_merge_point(0, 0, '121<main.rpyeffect:113([k@[#219]#221])>+0: {"op": "Const". "type": "ptr". "out": 2. "format": "int". "value": "<IntValue object at 0x12049f2d0>"}')
debug_merge_point(0, 0, '121<main.rpyeffect:113([k@[#219]#221])>+1: {"op": "Const". "type": "ptr". "out": 3. "format": "string". "value": "Name(Set_2)"}')
debug_merge_point(0, 0, '121<main.rpyeffect:113([k@[#219]#221])>+2: {"op": "PrimOp". "name": "getGlobal(String): Ptr". "out": {"any": [3]}. "in": {"any": [3]}}')
debug_merge_point(0, 0, '121<main.rpyeffect:113([k@[#219]#221])>+3: {"op": "GetDynamic". "out": 2. "n": 2. "label": 3}')
+1372: i103 = instance_ptr_eq(p56, ConstPtr(ptr102))
guard_true(i103, descr=<Guard0x1204d2230>) [p2, p7, p9, p11, p13, p15, p17, p19, p21, p23, p25, p27, p29, p31, p33, p35, p37, p0, p1, p3, p4]
debug_merge_point(0, 0, '121<main.rpyeffect:113([k@[#219]#221])>+4: {"op": "Push". "target": 120. "args": {"any": [1]}}')
debug_merge_point(0, 0, '121<main.rpyeffect:113([k@[#219]#221])>+5: {"op": "Invoke". "receiver": 2. "tag": Interned(Set_2). "args" : {"any": [0]}}')
+1380: p104 = getfield_gc_r(p57, descr=<FieldP rpyeffect.codata.CoData.inst_vtable 8 pure>)
+1392: guard_value(p104, ConstPtr(ptr105), descr=<Guard0x1204d2260>) [p2, p7, p9, p11, p13, p15, p17, p19, p21, p23, p25, p27, p29, p31, p33, p35, p37, p0, p1, p3, p4]
+1400: p106 = getfield_gc_r(p57, descr=<FieldP rpyeffect.stored_environment.CoData__1.inst_values_ptr_0 24 pure>)
debug_merge_point(0, 0, '116<main.rpyeffect:108([method_Set_2@[mcore:[#42]#160]#187])>+0: {"op": "Const". "type": "ptr". "out": 2. "format": "int". "value": "<IntValue object at 0x12049f510>"}')
debug_merge_point(0, 0, '116<main.rpyeffect:108([method_Set_2@[mcore:[#42]#160]#187])>+1: {"op": "ShiftDyn". "out": 1. "n": 2. "label": 1}')
+1404: guard_nonnull(p106, descr=<Guard0x1204d2290>) [p2, p7, p9, p11, p13, p15, p17, p19, p21, p23, p25, p27, p29, p31, p33, p35, p37, p0, p1, p3, p4]
+1412: i107 = getfield_gc_i(p106, descr=<FieldS rpyeffect.stack.Label.inst_origin 8 pure>)
+1416: guard_value(i107, 120832, descr=<Guard0x1204d22c0>) [p2, p7, p9, p11, p13, p15, p17, p19, p21, p23, p25, p27, p29, p31, p33, p35, p37, p0, p1, p3, p4]
+1436: i109 = instance_ptr_eq(p82, p106)
guard_true(i109, descr=<Guard0x1204d22f0>) [p2, p7, p9, p11, p13, p15, p17, p19, p21, p23, p25, p27, p29, p31, p33, p35, p37, p0, p1, p3, p4]
debug_merge_point(0, 0, '116<main.rpyeffect:108([method_Set_2@[mcore:[#42]#160]#187])>+2: {"op": "New". "out": 0. "targets": [115]. "args": {"any": [1. 0]}}')
debug_merge_point(0, 0, '116<main.rpyeffect:108([method_Set_2@[mcore:[#42]#160]#187])>+3: {"op": "Return". "args": {"any": [0]}}')
debug_merge_point(0, 0, '102<main.rpyeffect:94([k@[mcore:[#35]#151]#153])>+0: {"op": "Swap". "type": "any". "a": 0. "b". 1}')
debug_merge_point(0, 0, '102<main.rpyeffect:94([k@[mcore:[#35]#151]#153])>+1: {"op": "Invoke". "receiver": 1. "tag": Interned(apply). "args" : {"any": [0]}}')
debug_merge_point(0, 0, '115<main.rpyeffect:107([#192])>+0: {"op": "Jump". "target": 106}')
debug_merge_point(0, 0, '106<main.rpyeffect:98([mcore:[#39]#154])>+0: {"op": "Construct". "out": 0. "type": Interned({"op": "eff$Tuple". "elements": []}). "tag": Interned({"op": "eff$Tuple". "elements": []}). "args": {"any": []}}')
debug_merge_point(0, 0, '106<main.rpyeffect:98([mcore:[#39]#154])>+1: {"op": "Push". "target": 105. "args": {"any": [2]}}')
debug_merge_point(0, 0, '106<main.rpyeffect:98([mcore:[#39]#154])>+2: {"op": "Jump". "target": 104}')
debug_merge_point(0, 0, '104<main.rpyeffect:96(Name(k_76))>+0: {"op": "PushStack". "arg": 1}')
debug_merge_point(0, 0, '104<main.rpyeffect:96(Name(k_76))>+1: {"op": "Return". "args": {"any": [0]}}')
debug_merge_point(0, 0, '120<main.rpyeffect:112([k@[k@[#219]#221]#229])>+0: {"op": "Construct". "out": 0. "type": Interned({"op": "eff$Tuple". "elements": []}). "tag": Interned({"op": "eff$Tuple". "elements": []}). "args": {"any": []}}')
debug_merge_point(0, 0, '120<main.rpyeffect:112([k@[k@[#219]#221]#229])>+1: {"op": "Jump". "target": 119}')
debug_merge_point(0, 0, '119<main.rpyeffect:111(Name(k_82))>+0: {"op": "PushStack". "arg": 1}')
debug_merge_point(0, 0, '119<main.rpyeffect:111(Name(k_82))>+1: {"op": "Return". "args": {"any": [0]}}')
debug_merge_point(0, 0, '92<main.rpyeffect:84([k@[switch case for Bool(false)#121]#129])>+0: {"op": "Push". "target": 91. "args": {"any": [1]}}')
debug_merge_point(0, 0, '92<main.rpyeffect:84([k@[switch case for Bool(false)#121]#129])>+1: {"op": "Copy". "type": "any". "from": 2. "to". 0}')
debug_merge_point(0, 0, '92<main.rpyeffect:84([k@[switch case for Bool(false)#121]#129])>+2: {"op": "Jump". "target": 59}')
debug_merge_point(0, 0, '59<main.rpyeffect:51(Name(+_27))>+0: {"op": "New". "out": 0. "targets": [58]. "args": {"any": [0]}}')
debug_merge_point(0, 0, '59<main.rpyeffect:51(Name(+_27))>+1: {"op": "Return". "args": {"any": [0]}}')
debug_merge_point(0, 0, '91<main.rpyeffect:83([#131])>+0: {"op": "Const". "type": "ptr". "out": 2. "format": "int". "value": "<IntValue object at 0x12049f950>"}')
debug_merge_point(0, 0, '91<main.rpyeffect:83([#131])>+1: {"op": "Push". "target": 90. "args": {"any": [1]}}')
debug_merge_point(0, 0, '91<main.rpyeffect:83([#131])>+2: {"op": "Copy". "type": "any". "from": 0. "to". 1}')
debug_merge_point(0, 0, '91<main.rpyeffect:83([#131])>+3: {"op": "Copy". "type": "any". "from": 2. "to". 0}')
debug_merge_point(0, 0, '91<main.rpyeffect:83([#131])>+4: {"op": "Invoke". "receiver": 1. "tag": Interned(apply). "args" : {"any": [0]}}')
debug_merge_point(0, 0, '58<main.rpyeffect:50([method_apply@Name(+_27)#74])>+0: {"op": "Jump". "target": 57}')
debug_merge_point(0, 0, '57<main.rpyeffect:49([mcore:[#23]#71])>+0: {"op": "PrimOp". "name": "infixAdd(Int. Int): Int". "out": {"any": [0]}. "in": {"any": [1. 0]}}')
+1444: i111 = int_add(i40, 1)
debug_merge_point(0, 0, '57<main.rpyeffect:49([mcore:[#23]#71])>+1: {"op": "Return". "args": {"any": [0]}}')
debug_merge_point(0, 0, '90<main.rpyeffect:82([k@[#131]#135])>+0: {"op": "Const". "type": "ptr". "out": 2. "format": "string". "value": "Name(Emit_0)"}')
debug_merge_point(0, 0, '90<main.rpyeffect:82([k@[#131]#135])>+1: {"op": "PrimOp". "name": "getGlobal(String): Ptr". "out": {"any": [2]}. "in": {"any": [2]}}')
debug_merge_point(0, 0, '90<main.rpyeffect:82([k@[#131]#135])>+2: {"op": "Push". "target": 89. "args": {"any": [1]}}')
debug_merge_point(0, 0, '90<main.rpyeffect:82([k@[#131]#135])>+3: {"op": "Copy". "type": "any". "from": 2. "to". 1}')
debug_merge_point(0, 0, '90<main.rpyeffect:82([k@[#131]#135])>+4: {"op": "Jump". "target": 100}')
debug_merge_point(0, 0, '100<main.rpyeffect:92(Name(range_48))>+0: {"op": "New". "out": 0. "targets": [99]. "args": {"any": [0]}}')
debug_merge_point(0, 0, '100<main.rpyeffect:92(Name(range_48))>+1: {"op": "Return". "args": {"any": [0]}}')
debug_merge_point(0, 0, '89<main.rpyeffect:81([k@[k@[#131]#135]#140])>+0: {"op": "Swap". "type": "any". "a": 0. "b". 1}')
debug_merge_point(0, 0, '89<main.rpyeffect:81([k@[k@[#131]#135]#140])>+1: {"op": "Invoke". "receiver": 1. "tag": Interned(apply). "args" : {"any": [0]}}')
debug_merge_point(0, 0, '99<main.rpyeffect:91([method_apply@Name(range_48)#146])>+0: {"op": "Const". "type": "ptr". "out": 2. "format": "string". "value": "Name(Emit_0)"}')
debug_merge_point(0, 0, '99<main.rpyeffect:91([method_apply@Name(range_48)#146])>+1: {"op": "PrimOp". "name": "getGlobal(String): Ptr". "out": {"any": [2]}. "in": {"any": [2]}}')
debug_merge_point(0, 0, '99<main.rpyeffect:91([method_apply@Name(range_48)#146])>+2: {"op": "Swap". "type": "any". "a": 2. "b". 1}')
debug_merge_point(0, 0, '99<main.rpyeffect:91([method_apply@Name(range_48)#146])>+3: {"op": "Jump". "target": 98}')
debug_merge_point(0, 0, '98<main.rpyeffect:90([mcore:[#33]#113])>+0: {"op": "Push". "target": 97. "args": {"any": [0. 2]}}')
+1448: label(p0, p1, p2, p55, p56, p89, p68, p86, p82, p97, i101, p92, p93, p73, p57, p4, p7, i111, p15, p17, p19, p21, p23, p25, p27, p29, p31, p33, p35, p37, i41, p76, p106, descr=TargetToken(4836707488))
debug_merge_point(0, 0, '98<main.rpyeffect:90([mcore:[#33]#113])>+0: {"op": "Push". "target": 97. "args": {"any": [0. 2]}}')
+1460: guard_not_invalidated(descr=<Guard0x12049ac38>) [p2, p7, p15, p17, p19, p21, p23, p25, p27, p29, p31, p33, p35, p37, p0, p1, p4, i101, p97, p93, p92, p82, p86, p73, p68, p89, p57, p56, p55, i111]
debug_merge_point(0, 0, '98<main.rpyeffect:90([mcore:[#33]#113])>+1: {"op": "Copy". "type": "any". "from": 2. "to". 0}')
debug_merge_point(0, 0, '98<main.rpyeffect:90([mcore:[#33]#113])>+2: {"op": "Jump". "target": 16}')
debug_merge_point(0, 0, '16<main.rpyeffect:8(Name(>_2))>+0: {"op": "New". "out": 0. "targets": [15]. "args": {"any": [0]}}')
debug_merge_point(0, 0, '16<main.rpyeffect:8(Name(>_2))>+1: {"op": "Return". "args": {"any": [0]}}')
debug_merge_point(0, 0, '97<main.rpyeffect:89([k@[mcore:[#33]#113]#115])>+0: {"op": "Push". "target": 96. "args": {"any": [1. 2]}}')
debug_merge_point(0, 0, '97<main.rpyeffect:89([k@[mcore:[#33]#113]#115])>+1: {"op": "Swap". "type": "any". "a": 0. "b". 1}')
debug_merge_point(0, 0, '97<main.rpyeffect:89([k@[mcore:[#33]#113]#115])>+2: {"op": "Invoke". "receiver": 1. "tag": Interned(apply). "args" : {"any": [0]}}')
debug_merge_point(0, 0, '15<main.rpyeffect:7([method_apply@Name(>_2)#16])>+0: {"op": "Jump". "target": 14}')
debug_merge_point(0, 0, '14<main.rpyeffect:6([mcore:[#13]#13])>+0: {"op": "PrimOp". "name": "infixGt(Any. Any): Bool". "out": {"any": [0]}. "in": {"any": [1. 0]}}')
+1464: i112 = int_eq(i111, i41)
guard_false(i112, descr=<Guard0x1204d2320>) [p2, p7, p15, p17, p19, p21, p23, p25, p27, p29, p31, p33, p35, p37, p0, p1, p4, i101, p97, p93, p92, p82, p86, p73, p68, p89, p57, p56, p55, i111]
+1472: i113 = int_lt(i111, i41)
guard_true(i113, descr=<Guard0x1204d2350>) [p2, p7, p15, p17, p19, p21, p23, p25, p27, p29, p31, p33, p35, p37, p0, p1, p4, i101, p97, p93, p92, p82, p86, p73, p68, p89, p57, p56, p55, i111]
debug_merge_point(0, 0, '14<main.rpyeffect:6([mcore:[#13]#13])>+1: {"op": "Return". "args": {"any": [0]}}')
debug_merge_point(0, 0, '96<main.rpyeffect:88([k@[k@[mcore:[#33]#113]#115]#117])>+0: {"op": "Switch". "scrutinee": 0. "values": [<BoolValue object at 0x12049f830>]. "targets": [88]. "default": 95}')
debug_merge_point(0, 0, '95<main.rpyeffect:87([switch default case#120])>+0: {"op": "Swap". "type": "any". "a": 0. "b". 1}')
debug_merge_point(0, 0, '95<main.rpyeffect:87([switch default case#120])>+1: {"op": "Swap". "type": "any". "a": 2. "b". 1}')
debug_merge_point(0, 0, '95<main.rpyeffect:87([switch default case#120])>+2: {"op": "Switch". "scrutinee": 2. "values": [<BoolValue object at 0x12049f840>]. "targets": [93]. "default": 94}')
debug_merge_point(0, 0, '93<main.rpyeffect:85([switch case for Bool(false)#121])>+0: {"op": "Const". "type": "ptr". "out": 2. "format": "int". "value": "<IntValue object at 0x12049f900>"}')
debug_merge_point(0, 0, '93<main.rpyeffect:85([switch case for Bool(false)#121])>+1: {"op": "Const". "type": "ptr". "out": 3. "format": "string". "value": "Name(Emit_0)"}')
debug_merge_point(0, 0, '93<main.rpyeffect:85([switch case for Bool(false)#121])>+2: {"op": "PrimOp". "name": "getGlobal(String): Ptr". "out": {"any": [3]}. "in": {"any": [3]}}')
debug_merge_point(0, 0, '93<main.rpyeffect:85([switch case for Bool(false)#121])>+3: {"op": "GetDynamic". "out": 2. "n": 2. "label": 3}')
debug_merge_point(0, 0, '93<main.rpyeffect:85([switch case for Bool(false)#121])>+4: {"op": "Push". "target": 92. "args": {"any": [0. 1]}}')
debug_merge_point(0, 0, '93<main.rpyeffect:85([switch case for Bool(false)#121])>+5: {"op": "Copy". "type": "any". "from": 1. "to". 0}')
debug_merge_point(0, 0, '93<main.rpyeffect:85([switch case for Bool(false)#121])>+6: {"op": "Invoke". "receiver": 2. "tag": Interned(Emit_0). "args" : {"any": [0]}}')
debug_merge_point(0, 0, '124<main.rpyeffect:116([method_Emit_0@[mcore:[#49]#200]#202])>+0: {"op": "Const". "type": "ptr". "out": 1. "format": "int". "value": "<IntValue object at 0x1204c2c10>"}')
debug_merge_point(0, 0, '124<main.rpyeffect:116([method_Emit_0@[mcore:[#49]#200]#202])>+1: {"op": "Const". "type": "ptr". "out": 2. "format": "string". "value": "Name(Emit_0)"}')
debug_merge_point(0, 0, '124<main.rpyeffect:116([method_Emit_0@[mcore:[#49]#200]#202])>+2: {"op": "PrimOp". "name": "getGlobal(String): Ptr". "out": {"any": [2]}. "in": {"any": [2]}}')
debug_merge_point(0, 0, '124<main.rpyeffect:116([method_Emit_0@[mcore:[#49]#200]#202])>+3: {"op": "ShiftDyn". "out": 1. "n": 1. "label": 2}')
debug_merge_point(0, 0, '124<main.rpyeffect:116([method_Emit_0@[mcore:[#49]#200]#202])>+4: {"op": "Const". "type": "ptr". "out": 2. "format": "int". "value": "<IntValue object at 0x1204c2bd0>"}')
debug_merge_point(0, 0, '124<main.rpyeffect:116([method_Emit_0@[mcore:[#49]#200]#202])>+5: {"op": "Const". "type": "ptr". "out": 3. "format": "string". "value": "Name(Get_1)"}')
debug_merge_point(0, 0, '124<main.rpyeffect:116([method_Emit_0@[mcore:[#49]#200]#202])>+6: {"op": "PrimOp". "name": "getGlobal(String): Ptr". "out": {"any": [3]}. "in": {"any": [3]}}')
debug_merge_point(0, 0, '124<main.rpyeffect:116([method_Emit_0@[mcore:[#49]#200]#202])>+7: {"op": "GetDynamic". "out": 2. "n": 2. "label": 3}')
debug_merge_point(0, 0, '124<main.rpyeffect:116([method_Emit_0@[mcore:[#49]#200]#202])>+8: {"op": "Construct". "out": 3. "type": Interned({"op": "eff$Tuple". "elements": []}). "tag": Interned({"op": "eff$Tuple". "elements": []}). "args": {"any": []}}')
debug_merge_point(0, 0, '124<main.rpyeffect:116([method_Emit_0@[mcore:[#49]#200]#202])>+9: {"op": "Push". "target": 123. "args": {"any": [0. 1]}}')
debug_merge_point(0, 0, '124<main.rpyeffect:116([method_Emit_0@[mcore:[#49]#200]#202])>+10: {"op": "Copy". "type": "any". "from": 3. "to". 0}')
debug_merge_point(0, 0, '124<main.rpyeffect:116([method_Emit_0@[mcore:[#49]#200]#202])>+11: {"op": "Invoke". "receiver": 2. "tag": Interned(Get_1). "args" : {"any": [0]}}')
debug_merge_point(0, 0, '113<main.rpyeffect:105([method_Get_1@[mcore:[#42]#160]#169])>+0: {"op": "Const". "type": "ptr". "out": 2. "format": "int". "value": "<IntValue object at 0x12049f5a0>"}')
debug_merge_point(0, 0, '113<main.rpyeffect:105([method_Get_1@[mcore:[#42]#160]#169])>+1: {"op": "ShiftDyn". "out": 1. "n": 2. "label": 1}')
debug_merge_point(0, 0, '113<main.rpyeffect:105([method_Get_1@[mcore:[#42]#160]#169])>+2: {"op": "Swap". "type": "any". "a": 0. "b". 1}')
debug_merge_point(0, 0, '113<main.rpyeffect:105([method_Get_1@[mcore:[#42]#160]#169])>+3: {"op": "Match". "type": Interned({"op": "eff$Tuple". "elements": []}). "scrutinee": 1. "clauses": [{"tag": Interned({"op": "eff$Tuple". "elements": []}). "target": 112. "args": {"any": []}}]. "default": {"tag": Interned(c18addbf-f1c8-4502-9995-3610f6e1fc2a#[Missing Tag#414]). "target": 110. "args": {"any": []}}}')
debug_merge_point(0, 0, '112<main.rpyeffect:104([#175])>+0: {"op": "New". "out": 0. "targets": [111]. "args": {"any": [0]}}')
debug_merge_point(0, 0, '112<main.rpyeffect:104([#175])>+1: {"op": "Return". "args": {"any": [0]}}')
debug_merge_point(0, 0, '105<main.rpyeffect:97([k@[mcore:[#39]#154]#158])>+0: {"op": "Swap". "type": "any". "a": 0. "b". 1}')
debug_merge_point(0, 0, '105<main.rpyeffect:97([k@[mcore:[#39]#154]#158])>+1: {"op": "Invoke". "receiver": 1. "tag": Interned(apply). "args" : {"any": [0]}}')
debug_merge_point(0, 0, '111<main.rpyeffect:103([method_apply@[#175]#178])>+0: {"op": "Jump". "target": 103}')
debug_merge_point(0, 0, '103<main.rpyeffect:95([mcore:[#35]#151])>+0: {"op": "Push". "target": 102. "args": {"any": [0]}}')
debug_merge_point(0, 0, '103<main.rpyeffect:95([mcore:[#35]#151])>+1: {"op": "Jump". "target": 101}')
debug_merge_point(0, 0, '101<main.rpyeffect:93(Name(k_72))>+0: {"op": "PushStack". "arg": 1}')
debug_merge_point(0, 0, '101<main.rpyeffect:93(Name(k_72))>+1: {"op": "Return". "args": {"any": [0]}}')
debug_merge_point(0, 0, '123<main.rpyeffect:115([k@[method_Emit_0@[mcore:[#49]#200]#202]#217])>+0: {"op": "Push". "target": 122. "args": {"any": [1. 2]}}')
debug_merge_point(0, 0, '123<main.rpyeffect:115([k@[method_Emit_0@[mcore:[#49]#200]#202]#217])>+1: {"op": "Jump". "target": 59}')
debug_merge_point(0, 0, '59<main.rpyeffect:51(Name(+_27))>+0: {"op": "New". "out": 0. "targets": [58]. "args": {"any": [0]}}')
debug_merge_point(0, 0, '59<main.rpyeffect:51(Name(+_27))>+1: {"op": "Return". "args": {"any": [0]}}')
debug_merge_point(0, 0, '122<main.rpyeffect:114([#219])>+0: {"op": "Push". "target": 121. "args": {"any": [2]}}')
debug_merge_point(0, 0, '122<main.rpyeffect:114([#219])>+1: {"op": "Swap". "type": "any". "a": 0. "b". 1}')
debug_merge_point(0, 0, '122<main.rpyeffect:114([#219])>+2: {"op": "Invoke". "receiver": 1. "tag": Interned(apply). "args" : {"any": [0]}}')
debug_merge_point(0, 0, '58<main.rpyeffect:50([method_apply@Name(+_27)#74])>+0: {"op": "Jump". "target": 57}')
debug_merge_point(0, 0, '57<main.rpyeffect:49([mcore:[#23]#71])>+0: {"op": "PrimOp". "name": "infixAdd(Int. Int): Int". "out": {"any": [0]}. "in": {"any": [1. 0]}}')
+1480: i114 = int_add(i101, i111)
debug_merge_point(0, 0, '57<main.rpyeffect:49([mcore:[#23]#71])>+1: {"op": "Return". "args": {"any": [0]}}')
debug_merge_point(0, 0, '121<main.rpyeffect:113([k@[#219]#221])>+0: {"op": "Const". "type": "ptr". "out": 2. "format": "int". "value": "<IntValue object at 0x12049f2d0>"}')
debug_merge_point(0, 0, '121<main.rpyeffect:113([k@[#219]#221])>+1: {"op": "Const". "type": "ptr". "out": 3. "format": "string". "value": "Name(Set_2)"}')
debug_merge_point(0, 0, '121<main.rpyeffect:113([k@[#219]#221])>+2: {"op": "PrimOp". "name": "getGlobal(String): Ptr". "out": {"any": [3]}. "in": {"any": [3]}}')
debug_merge_point(0, 0, '121<main.rpyeffect:113([k@[#219]#221])>+3: {"op": "GetDynamic". "out": 2. "n": 2. "label": 3}')
+1488: i116 = instance_ptr_eq(p56, ConstPtr(ptr115))
guard_true(i116, descr=<Guard0x1204d2380>) [p2, p7, p15, p17, p19, p21, p23, p25, p27, p29, p31, p33, p35, p37, p0, p1, p4, i101, p97, p93, p92, p82, p86, p73, p68, p89, p57, p56, p55, i111]
debug_merge_point(0, 0, '121<main.rpyeffect:113([k@[#219]#221])>+4: {"op": "Push". "target": 120. "args": {"any": [1]}}')
debug_merge_point(0, 0, '121<main.rpyeffect:113([k@[#219]#221])>+5: {"op": "Invoke". "receiver": 2. "tag": Interned(Set_2). "args" : {"any": [0]}}')
debug_merge_point(0, 0, '116<main.rpyeffect:108([method_Set_2@[mcore:[#42]#160]#187])>+0: {"op": "Const". "type": "ptr". "out": 2. "format": "int". "value": "<IntValue object at 0x12049f510>"}')
debug_merge_point(0, 0, '116<main.rpyeffect:108([method_Set_2@[mcore:[#42]#160]#187])>+1: {"op": "ShiftDyn". "out": 1. "n": 2. "label": 1}')
+1496: i117 = instance_ptr_eq(p82, p106)
guard_true(i117, descr=<Guard0x1204d23b0>) [p2, p7, p15, p17, p19, p21, p23, p25, p27, p29, p31, p33, p35, p37, p0, p1, p4, i101, p97, p93, p92, p82, p86, p73, p68, p89, p57, p56, p55, i111]
debug_merge_point(0, 0, '116<main.rpyeffect:108([method_Set_2@[mcore:[#42]#160]#187])>+2: {"op": "New". "out": 0. "targets": [115]. "args": {"any": [1. 0]}}')
debug_merge_point(0, 0, '116<main.rpyeffect:108([method_Set_2@[mcore:[#42]#160]#187])>+3: {"op": "Return". "args": {"any": [0]}}')
debug_merge_point(0, 0, '102<main.rpyeffect:94([k@[mcore:[#35]#151]#153])>+0: {"op": "Swap". "type": "any". "a": 0. "b". 1}')
debug_merge_point(0, 0, '102<main.rpyeffect:94([k@[mcore:[#35]#151]#153])>+1: {"op": "Invoke". "receiver": 1. "tag": Interned(apply). "args" : {"any": [0]}}')
debug_merge_point(0, 0, '115<main.rpyeffect:107([#192])>+0: {"op": "Jump". "target": 106}')
debug_merge_point(0, 0, '106<main.rpyeffect:98([mcore:[#39]#154])>+0: {"op": "Construct". "out": 0. "type": Interned({"op": "eff$Tuple". "elements": []}). "tag": Interned({"op": "eff$Tuple". "elements": []}). "args": {"any": []}}')
debug_merge_point(0, 0, '106<main.rpyeffect:98([mcore:[#39]#154])>+1: {"op": "Push". "target": 105. "args": {"any": [2]}}')
debug_merge_point(0, 0, '106<main.rpyeffect:98([mcore:[#39]#154])>+2: {"op": "Jump". "target": 104}')
debug_merge_point(0, 0, '104<main.rpyeffect:96(Name(k_76))>+0: {"op": "PushStack". "arg": 1}')
debug_merge_point(0, 0, '104<main.rpyeffect:96(Name(k_76))>+1: {"op": "Return". "args": {"any": [0]}}')
debug_merge_point(0, 0, '120<main.rpyeffect:112([k@[k@[#219]#221]#229])>+0: {"op": "Construct". "out": 0. "type": Interned({"op": "eff$Tuple". "elements": []}). "tag": Interned({"op": "eff$Tuple". "elements": []}). "args": {"any": []}}')
debug_merge_point(0, 0, '120<main.rpyeffect:112([k@[k@[#219]#221]#229])>+1: {"op": "Jump". "target": 119}')
debug_merge_point(0, 0, '119<main.rpyeffect:111(Name(k_82))>+0: {"op": "PushStack". "arg": 1}')
debug_merge_point(0, 0, '119<main.rpyeffect:111(Name(k_82))>+1: {"op": "Return". "args": {"any": [0]}}')
debug_merge_point(0, 0, '92<main.rpyeffect:84([k@[switch case for Bool(false)#121]#129])>+0: {"op": "Push". "target": 91. "args": {"any": [1]}}')
debug_merge_point(0, 0, '92<main.rpyeffect:84([k@[switch case for Bool(false)#121]#129])>+1: {"op": "Copy". "type": "any". "from": 2. "to". 0}')
debug_merge_point(0, 0, '92<main.rpyeffect:84([k@[switch case for Bool(false)#121]#129])>+2: {"op": "Jump". "target": 59}')
debug_merge_point(0, 0, '59<main.rpyeffect:51(Name(+_27))>+0: {"op": "New". "out": 0. "targets": [58]. "args": {"any": [0]}}')
debug_merge_point(0, 0, '59<main.rpyeffect:51(Name(+_27))>+1: {"op": "Return". "args": {"any": [0]}}')
debug_merge_point(0, 0, '91<main.rpyeffect:83([#131])>+0: {"op": "Const". "type": "ptr". "out": 2. "format": "int". "value": "<IntValue object at 0x12049f950>"}')
debug_merge_point(0, 0, '91<main.rpyeffect:83([#131])>+1: {"op": "Push". "target": 90. "args": {"any": [1]}}')
debug_merge_point(0, 0, '91<main.rpyeffect:83([#131])>+2: {"op": "Copy". "type": "any". "from": 0. "to". 1}')
debug_merge_point(0, 0, '91<main.rpyeffect:83([#131])>+3: {"op": "Copy". "type": "any". "from": 2. "to". 0}')
debug_merge_point(0, 0, '91<main.rpyeffect:83([#131])>+4: {"op": "Invoke". "receiver": 1. "tag": Interned(apply). "args" : {"any": [0]}}')
debug_merge_point(0, 0, '58<main.rpyeffect:50([method_apply@Name(+_27)#74])>+0: {"op": "Jump". "target": 57}')
debug_merge_point(0, 0, '57<main.rpyeffect:49([mcore:[#23]#71])>+0: {"op": "PrimOp". "name": "infixAdd(Int. Int): Int". "out": {"any": [0]}. "in": {"any": [1. 0]}}')
+1504: i119 = int_add(i111, 1)
debug_merge_point(0, 0, '57<main.rpyeffect:49([mcore:[#23]#71])>+1: {"op": "Return". "args": {"any": [0]}}')
debug_merge_point(0, 0, '90<main.rpyeffect:82([k@[#131]#135])>+0: {"op": "Const". "type": "ptr". "out": 2. "format": "string". "value": "Name(Emit_0)"}')
debug_merge_point(0, 0, '90<main.rpyeffect:82([k@[#131]#135])>+1: {"op": "PrimOp". "name": "getGlobal(String): Ptr". "out": {"any": [2]}. "in": {"any": [2]}}')
debug_merge_point(0, 0, '90<main.rpyeffect:82([k@[#131]#135])>+2: {"op": "Push". "target": 89. "args": {"any": [1]}}')
debug_merge_point(0, 0, '90<main.rpyeffect:82([k@[#131]#135])>+3: {"op": "Copy". "type": "any". "from": 2. "to". 1}')
debug_merge_point(0, 0, '90<main.rpyeffect:82([k@[#131]#135])>+4: {"op": "Jump". "target": 100}')
debug_merge_point(0, 0, '100<main.rpyeffect:92(Name(range_48))>+0: {"op": "New". "out": 0. "targets": [99]. "args": {"any": [0]}}')
debug_merge_point(0, 0, '100<main.rpyeffect:92(Name(range_48))>+1: {"op": "Return". "args": {"any": [0]}}')
debug_merge_point(0, 0, '89<main.rpyeffect:81([k@[k@[#131]#135]#140])>+0: {"op": "Swap". "type": "any". "a": 0. "b". 1}')
debug_merge_point(0, 0, '89<main.rpyeffect:81([k@[k@[#131]#135]#140])>+1: {"op": "Invoke". "receiver": 1. "tag": Interned(apply). "args" : {"any": [0]}}')
debug_merge_point(0, 0, '99<main.rpyeffect:91([method_apply@Name(range_48)#146])>+0: {"op": "Const". "type": "ptr". "out": 2. "format": "string". "value": "Name(Emit_0)"}')
debug_merge_point(0, 0, '99<main.rpyeffect:91([method_apply@Name(range_48)#146])>+1: {"op": "PrimOp". "name": "getGlobal(String): Ptr". "out": {"any": [2]}. "in": {"any": [2]}}')
debug_merge_point(0, 0, '99<main.rpyeffect:91([method_apply@Name(range_48)#146])>+2: {"op": "Swap". "type": "any". "a": 2. "b". 1}')
debug_merge_point(0, 0, '99<main.rpyeffect:91([method_apply@Name(range_48)#146])>+3: {"op": "Jump". "target": 98}')
debug_merge_point(0, 0, '98<main.rpyeffect:90([mcore:[#33]#113])>+0: {"op": "Push". "target": 97. "args": {"any": [0. 2]}}')
+1512: i120 = instance_ptr_eq(p0, ConstPtr(ptr50))
guard_true(i120, descr=<Guard0x12049ac80>) [p2, p7, p15, p17, p19, p21, p23, p25, p27, p29, p31, p33, p35, p37, p0, p1, p4, i114, i119, None, p97, p93, p92, p82, p86, p73, p68, p89, p57, p56, p55, None]
+1524: i122 = instance_ptr_eq(p56, ConstPtr(ptr65))
guard_false(i122, descr=<Guard0x12049acc8>) [p2, p7, p15, p17, p19, p21, p23, p25, p27, p29, p31, p33, p35, p37, p0, p1, p4, i114, i119, None, p97, p93, p92, p82, p86, p73, p68, p89, p57, p56, p55, None]
+1532: i123 = instance_ptr_eq(p68, ConstPtr(ptr71))
guard_true(i123, descr=<Guard0x12049ad10>) [p2, p7, p15, p17, p19, p21, p23, p25, p27, p29, p31, p33, p35, p37, p0, p1, p4, i114, i119, None, p97, p93, p92, p82, p86, p73, p68, p89, p57, p56, p55, None]
+1540: i124 = instance_ptr_eq(p82, p76)
guard_true(i124, descr=<Guard0x12049ad58>) [p2, p7, p15, p17, p19, p21, p23, p25, p27, p29, p31, p33, p35, p37, p0, p1, p4, i114, i119, None, p97, p93, p92, p82, p86, p73, p68, p89, p57, p56, p55, None]
+1548: jump(p0, p1, p2, p55, p56, p89, p68, p86, p82, p97, i114, p92, p93, p73, p57, p4, p7, i119, p15, p17, p19, p21, p23, p25, p27, p29, p31, p33, p35, p37, i41, p76, p106, descr=TargetToken(4836707488))
+1556: --end of the loop--
[7ad114] jit-log-opt-loop}
[38620d3] {jit-summary
Tracing:      	1	0.001532
Backend:      	1	0.000291
TOTAL:      		0.052999
ops:             	5062
heapcached ops:  	784
recorded ops:    	1792
  calls:         	931
guards:          	237
opt ops:         	326
opt guards:      	55
opt guards shared:	45
forcings:        	0
abort: trace too long:	0
abort: compiling:	0
abort: vable escape:	0
abort: bad loop: 	0
abort: force quasi-immut:	0
abort: segmenting trace:	0
virtualizables forced:	0
nvirtuals:       	7
nvholes:         	0
nvreused:        	0
vecopt tried:    	0
vecopt success:  	0
Total # of loops:	1
Total # of bridges:	0
Freed # of loops:	0
Freed # of bridges:	0
[38647e3] jit-summary}
