[6706d6] {jit-log-opt-loop
# Loop 1 (16<main.rpyeffect:8(Name(>_2))>+0: {"op": "New", "out": 0, "targets": [15], "args": {"any": [0]}}) : loop with 261 ops
[p0, p1, p2, p3, p4]
+392: p5 = getfield_gc_r(p2, descr=<FieldP rpyeffect.environment.Environment.inst_values_ptr 16>)
+400: p7 = getarrayitem_gc_r(p5, 0, descr=<ArrayP 8>)
+404: p9 = getarrayitem_gc_r(p5, 1, descr=<ArrayP 8>)
+408: p11 = getarrayitem_gc_r(p5, 2, descr=<ArrayP 8>)
+412: p13 = getarrayitem_gc_r(p5, 3, descr=<ArrayP 8>)
+416: p15 = getarrayitem_gc_r(p5, 4, descr=<ArrayP 8>)
+420: p17 = getarrayitem_gc_r(p5, 5, descr=<ArrayP 8>)
+424: p19 = getarrayitem_gc_r(p5, 6, descr=<ArrayP 8>)
+428: p21 = getarrayitem_gc_r(p5, 7, descr=<ArrayP 8>)
+432: p23 = getarrayitem_gc_r(p5, 8, descr=<ArrayP 8>)
+436: p25 = getarrayitem_gc_r(p5, 9, descr=<ArrayP 8>)
+440: p27 = getarrayitem_gc_r(p5, 10, descr=<ArrayP 8>)
+444: p29 = getarrayitem_gc_r(p5, 11, descr=<ArrayP 8>)
+448: p31 = getarrayitem_gc_r(p5, 12, descr=<ArrayP 8>)
+452: p33 = getarrayitem_gc_r(p5, 13, descr=<ArrayP 8>)
+456: p35 = getarrayitem_gc_r(p5, 14, descr=<ArrayP 8>)
+460: p37 = getarrayitem_gc_r(p5, 15, descr=<ArrayP 8>)
+464: label(p0, p1, p2, p3, p4, p7, p9, p11, p13, p15, p17, p19, p21, p23, p25, p27, p29, p31, p33, p35, p37, descr=TargetToken(5509106912))
debug_merge_point(0, 0, '16<main.rpyeffect:8(Name(>_2))>+0: {"op": "New". "out": 0. "targets": [15]. "args": {"any": [0]}}')
+524: guard_not_invalidated(descr=<Guard0x1485daa88>) [p2, p7, p9, p11, p13, p15, p17, p19, p21, p23, p25, p27, p29, p31, p33, p35, p37, p0, p1, p3, p4]
debug_merge_point(0, 0, '16<main.rpyeffect:8(Name(>_2))>+1: {"op": "Return". "args": {"any": [0]}}')
+528: guard_nonnull(p1, descr=<Guard0x1485f9370>) [p2, p7, p9, p11, p13, p15, p17, p19, p21, p23, p25, p27, p29, p31, p33, p35, p37, p0, p1, p3, p4]
+540: i38 = getfield_gc_i(p1, descr=<FieldS rpyeffect.stored_environment.Stack__arb.inst_target 16 pure>)
+548: guard_value(i38, 119, descr=<Guard0x1485f9340>) [p2, p7, p9, p11, p13, p15, p17, p19, p21, p23, p25, p27, p29, p31, p33, p35, p37, p0, p1, p3, p4]
+560: p40 = getfield_gc_r(p1, descr=<FieldP rpyeffect.stored_environment.Stack__1.inst_values_ptr_0 32 pure>)
+564: p41 = getfield_gc_r(p1, descr=<FieldP rpyeffect.stored_environment.Stack__arb.inst_tail 8 pure>)
debug_merge_point(0, 0, '119<main.rpyeffect:111([k@Name(loop_72)#182])>+0: {"op": "Const". "type": "ptr". "out": 2. "format": "int". "value": "<IntValue object at 0x1485fe9a0>"}')
debug_merge_point(0, 0, '119<main.rpyeffect:111([k@Name(loop_72)#182])>+1: {"op": "Push". "target": 118. "args": {"any": [1]}}')
debug_merge_point(0, 0, '119<main.rpyeffect:111([k@Name(loop_72)#182])>+2: {"op": "Copy". "type": "any". "from": 0. "to". 1}')
debug_merge_point(0, 0, '119<main.rpyeffect:111([k@Name(loop_72)#182])>+3: {"op": "Copy". "type": "any". "from": 2. "to". 0}')
debug_merge_point(0, 0, '119<main.rpyeffect:111([k@Name(loop_72)#182])>+4: {"op": "Invoke". "receiver": 1. "tag": Interned(apply). "args" : {"any": [0]}}')
debug_merge_point(0, 0, '15<main.rpyeffect:7([method_apply@Name(>_2)#16])>+0: {"op": "Jump". "target": 14}')
debug_merge_point(0, 0, '14<main.rpyeffect:6([mcore:[#14]#13])>+0: {"op": "PrimOp". "name": "infixGt(Any. Any): Bool". "out": {"any": [0]}. "in": {"any": [1. 0]}}')
+568: guard_class(p7, ConstClass(IntValue), descr=<Guard0x1485f9310>) [p2, p7, p9, p11, p13, p15, p17, p19, p21, p23, p25, p27, p29, p31, p33, p35, p37, p0, p1, p3, p4]
+584: i43 = getfield_gc_i(p7, descr=<FieldS rpyeffect.value.IntValue.inst_value 8 pure>)
+588: i45 = int_eq(i43, 0)
guard_false(i45, descr=<Guard0x1485f92e0>) [p2, p7, p9, p11, p13, p15, p17, p19, p21, p23, p25, p27, p29, p31, p33, p35, p37, p0, p1, p3, p4]
+596: i46 = int_lt(i43, 0)
guard_false(i46, descr=<Guard0x1485f92b0>) [p2, p7, p9, p11, p13, p15, p17, p19, p21, p23, p25, p27, p29, p31, p33, p35, p37, p0, p1, p3, p4]
debug_merge_point(0, 0, '14<main.rpyeffect:6([mcore:[#14]#13])>+1: {"op": "Return". "args": {"any": [0]}}')
debug_merge_point(0, 0, '118<main.rpyeffect:110([k@[k@Name(loop_72)#182]#186])>+0: {"op": "Switch". "scrutinee": 0. "values": [<BoolValue object at 0x1485fe9b0>]. "targets": [114]. "default": 117}')
+604: guard_nonnull(p41, descr=<Guard0x1485f9280>) [p2, p7, p9, p11, p13, p15, p17, p19, p21, p23, p25, p27, p29, p31, p33, p35, p37, p0, p1, p3, p4]
+612: i47 = getfield_gc_i(p41, descr=<FieldS rpyeffect.stored_environment.Stack__arb.inst_target 16 pure>)
+616: guard_value(i47, 103, descr=<Guard0x1485f9250>) [p2, p7, p9, p11, p13, p15, p17, p19, p21, p23, p25, p27, p29, p31, p33, p35, p37, p0, p1, p3, p4]
debug_merge_point(0, 0, '114<main.rpyeffect:106([switch case for Bool(true)#187])>+0: {"op": "Push". "target": 113. "args": {"any": [1]}}')
debug_merge_point(0, 0, '114<main.rpyeffect:106([switch case for Bool(true)#187])>+1: {"op": "Copy". "type": "any". "from": 1. "to". 0}')
debug_merge_point(0, 0, '114<main.rpyeffect:106([switch case for Bool(true)#187])>+2: {"op": "Jump". "target": 93}')
debug_merge_point(0, 0, '93<main.rpyeffect:85(Name(measure_51))>+0: {"op": "Push". "target": 92. "args": {"any": []}}')
debug_merge_point(0, 0, '93<main.rpyeffect:85(Name(measure_51))>+1: {"op": "Jump". "target": 59}')
debug_merge_point(0, 0, '59<main.rpyeffect:51(Name(+_27))>+0: {"op": "New". "out": 0. "targets": [58]. "args": {"any": [0]}}')
debug_merge_point(0, 0, '59<main.rpyeffect:51(Name(+_27))>+1: {"op": "Return". "args": {"any": [0]}}')
debug_merge_point(0, 0, '92<main.rpyeffect:84([k@Name(measure_51)#118])>+0: {"op": "Const". "type": "ptr". "out": 1. "format": "int". "value": "<IntValue object at 0x1485df890>"}')
debug_merge_point(0, 0, '92<main.rpyeffect:84([k@Name(measure_51)#118])>+1: {"op": "Push". "target": 91. "args": {"any": []}}')
debug_merge_point(0, 0, '92<main.rpyeffect:84([k@Name(measure_51)#118])>+2: {"op": "Swap". "type": "any". "a": 0. "b". 1}')
debug_merge_point(0, 0, '92<main.rpyeffect:84([k@Name(measure_51)#118])>+3: {"op": "Invoke". "receiver": 1. "tag": Interned(apply). "args" : {"any": [0]}}')
debug_merge_point(0, 0, '58<main.rpyeffect:50([method_apply@Name(+_27)#74])>+0: {"op": "Jump". "target": 57}')
debug_merge_point(0, 0, '57<main.rpyeffect:49([mcore:[#24]#71])>+0: {"op": "PrimOp". "name": "infixAdd(Int. Int): Int". "out": {"any": [0]}. "in": {"any": [1. 0]}}')
+628: i49 = getfield_gc_i(p40, descr=<FieldS rpyeffect.value.IntValue.inst_value 8 pure>)
+632: i51 = int_add(i49, 30)
debug_merge_point(0, 0, '57<main.rpyeffect:49([mcore:[#24]#71])>+1: {"op": "Return". "args": {"any": [0]}}')
debug_merge_point(0, 0, '91<main.rpyeffect:83([k@[k@Name(measure_51)#118]#122])>+0: {"op": "Push". "target": 90. "args": {"any": []}}')
debug_merge_point(0, 0, '91<main.rpyeffect:83([k@[k@Name(measure_51)#118]#122])>+1: {"op": "Jump". "target": 65}')
debug_merge_point(0, 0, '65<main.rpyeffect:57(Name(mod_29))>+0: {"op": "New". "out": 0. "targets": [64]. "args": {"any": [0]}}')
debug_merge_point(0, 0, '65<main.rpyeffect:57(Name(mod_29))>+1: {"op": "Return". "args": {"any": [0]}}')
debug_merge_point(0, 0, '90<main.rpyeffect:82([k@[k@[k@Name(measure_51)#118]#122]#124])>+0: {"op": "Const". "type": "ptr". "out": 1. "format": "int". "value": "<IntValue object at 0x1485df8e0>"}')
debug_merge_point(0, 0, '90<main.rpyeffect:82([k@[k@[k@Name(measure_51)#118]#122]#124])>+1: {"op": "Swap". "type": "any". "a": 0. "b". 1}')
debug_merge_point(0, 0, '90<main.rpyeffect:82([k@[k@[k@Name(measure_51)#118]#122]#124])>+2: {"op": "Invoke". "receiver": 1. "tag": Interned(apply). "args" : {"any": [0]}}')
debug_merge_point(0, 0, '64<main.rpyeffect:56([method_apply@Name(mod_29)#84])>+0: {"op": "Jump". "target": 63}')
debug_merge_point(0, 0, '63<main.rpyeffect:55([mcore:[#26]#81])>+0: {"op": "PrimOp". "name": "mod(Int. Int): Int". "out": {"any": [0]}. "in": {"any": [1. 0]}}')
+636: i53 = int_rshift(i51, 63)
+644: i54 = int_xor(i51, i53)
+648: i56 = uint_mul_high(i54, -4392081922311798003)
+668: i58 = uint_rshift(i56, 5)
+676: i59 = int_xor(i58, i53)
+680: i61 = int_mul(i59, 42)
+688: i62 = int_sub(i51, i61)
debug_merge_point(0, 0, '63<main.rpyeffect:55([mcore:[#26]#81])>+1: {"op": "Return". "args": {"any": [0]}}')
debug_merge_point(0, 0, '113<main.rpyeffect:105([k@[switch case for Bool(true)#187]#189])>+0: {"op": "Const". "type": "ptr". "out": 2. "format": "int". "value": "<IntValue object at 0x1485df390>"}')
debug_merge_point(0, 0, '113<main.rpyeffect:105([k@[switch case for Bool(true)#187]#189])>+1: {"op": "Const". "type": "ptr". "out": 3. "format": "string". "value": "Name(Emit_0)"}')
debug_merge_point(0, 0, '113<main.rpyeffect:105([k@[switch case for Bool(true)#187]#189])>+2: {"op": "PrimOp". "name": "getGlobal(String): Ptr". "out": {"any": [3]}. "in": {"any": [3]}}')
debug_merge_point(0, 0, '113<main.rpyeffect:105([k@[switch case for Bool(true)#187]#189])>+3: {"op": "GetDynamic". "out": 2. "n": 2. "label": 3}')
+696: i64 = instance_ptr_eq(p4, ConstPtr(ptr63))
guard_false(i64, descr=<Guard0x1485f9220>) [p2, p7, p9, p11, p13, p15, p17, p19, p21, p23, p25, p27, p29, p31, p33, p35, p37, p0, p1, p3, p4]
+708: guard_nonnull(p0, descr=<Guard0x1485f91f0>) [p2, p7, p9, p11, p13, p15, p17, p19, p21, p23, p25, p27, p29, p31, p33, p35, p37, p0, p1, p3, p4]
+720: i65 = getfield_gc_i(p0, descr=<FieldS rpyeffect.stack.Label.inst_origin 8 pure>)
+728: guard_value(i65, 141343, descr=<Guard0x1485f91c0>) [p2, p7, p9, p11, p13, p15, p17, p19, p21, p23, p25, p27, p29, p31, p33, p35, p37, p0, p1, p3, p4]
+748: i68 = instance_ptr_eq(p0, ConstPtr(ptr67))
guard_true(i68, descr=<Guard0x1485f9190>) [p2, p7, p9, p11, p13, p15, p17, p19, p21, p23, p25, p27, p29, p31, p33, p35, p37, p0, p1, p3, p4]
debug_merge_point(0, 0, '113<main.rpyeffect:105([k@[switch case for Bool(true)#187]#189])>+4: {"op": "Push". "target": 112. "args": {"any": [1]}}')
debug_merge_point(0, 0, '113<main.rpyeffect:105([k@[switch case for Bool(true)#187]#189])>+5: {"op": "Invoke". "receiver": 2. "tag": Interned(Emit_0). "args" : {"any": [0]}}')
+756: p69 = getfield_gc_r(p4, descr=<FieldP rpyeffect.codata.CoData.inst_vtable 8 pure>)
+764: guard_value(p69, ConstPtr(ptr70), descr=<Guard0x1485f9160>) [p2, p7, p9, p11, p13, p15, p17, p19, p21, p23, p25, p27, p29, p31, p33, p35, p37, p0, p1, p3, p4]
+772: p71 = getfield_gc_r(p4, descr=<FieldP rpyeffect.stored_environment.CoData__1.inst_values_ptr_0 24 pure>)
debug_merge_point(0, 0, '102<main.rpyeffect:94([method_Emit_0@[mcore:[#39]#127]#129])>+0: {"op": "Const". "type": "ptr". "out": 2. "format": "int". "value": "<IntValue object at 0x1485df670>"}')
debug_merge_point(0, 0, '102<main.rpyeffect:94([method_Emit_0@[mcore:[#39]#127]#129])>+1: {"op": "Const". "type": "ptr". "out": 3. "format": "string". "value": "Name(Emit_0)"}')
debug_merge_point(0, 0, '102<main.rpyeffect:94([method_Emit_0@[mcore:[#39]#127]#129])>+2: {"op": "PrimOp". "name": "getGlobal(String): Ptr". "out": {"any": [3]}. "in": {"any": [3]}}')
debug_merge_point(0, 0, '102<main.rpyeffect:94([method_Emit_0@[mcore:[#39]#127]#129])>+3: {"op": "ShiftDyn". "out": 2. "n": 2. "label": 3}')
+776: guard_nonnull_class(p3, ConstClass(MetaStackWithBinding), descr=<Guard0x1485dab18>) [p2, p7, p9, p11, p13, p15, p17, p19, p21, p23, p25, p27, p29, p31, p33, p35, p37, p0, p1, p3, p4]
+804: p73 = getfield_gc_r(p3, descr=<FieldP rpyeffect.stack.MetaStackLike.inst_stack 8 pure>)
+808: p74 = getfield_gc_r(p3, descr=<FieldP rpyeffect.stack.MetaStack.inst_label 16 pure>)
+812: p75 = getfield_gc_r(p3, descr=<FieldP rpyeffect.stack.MetaStackWithBinding.inst_binding 40 pure>)
+816: p76 = getfield_gc_r(p3, descr=<FieldP rpyeffect.stack.MetaStack.inst_tail 32 pure>)
+820: guard_nonnull(p73, descr=<Guard0x1485f9130>) [p2, p7, p9, p11, p13, p15, p17, p19, p21, p23, p25, p27, p29, p31, p33, p35, p37, p0, p1, p3, p4]
+828: i77 = getfield_gc_i(p73, descr=<FieldS rpyeffect.stored_environment.Stack__arb.inst_target 16 pure>)
+832: guard_value(i77, 126, descr=<Guard0x1485f9100>) [p2, p7, p9, p11, p13, p15, p17, p19, p21, p23, p25, p27, p29, p31, p33, p35, p37, p0, p1, p3, p4]
debug_merge_point(0, 0, '102<main.rpyeffect:94([method_Emit_0@[mcore:[#39]#127]#129])>+4: {"op": "Push". "target": 101. "args": {"any": [2. 0]}}')
debug_merge_point(0, 0, '102<main.rpyeffect:94([method_Emit_0@[mcore:[#39]#127]#129])>+5: {"op": "Invoke". "receiver": 1. "tag": Interned(apply). "args" : {"any": [0]}}')
+844: p79 = getfield_gc_r(p71, descr=<FieldP rpyeffect.codata.CoData.inst_vtable 8 pure>)
+852: guard_value(p79, ConstPtr(ptr80), descr=<Guard0x1485f90d0>) [p2, p7, p9, p11, p13, p15, p17, p19, p21, p23, p25, p27, p29, p31, p33, p35, p37, p0, p1, p3, p4]
debug_merge_point(0, 0, '128<main.rpyeffect:120([method_apply@[mcore:[#52]#238]#241])>+0: {"op": "Jump". "target": 89}')
debug_merge_point(0, 0, '89<main.rpyeffect:81(Name(isValueTooBig_48))>+0: {"op": "Push". "target": 88. "args": {"any": []}}')
debug_merge_point(0, 0, '89<main.rpyeffect:81(Name(isValueTooBig_48))>+1: {"op": "Jump". "target": 16}')
debug_merge_point(0, 0, '16<main.rpyeffect:8(Name(>_2))>+0: {"op": "New". "out": 0. "targets": [15]. "args": {"any": [0]}}')
debug_merge_point(0, 0, '16<main.rpyeffect:8(Name(>_2))>+1: {"op": "Return". "args": {"any": [0]}}')
debug_merge_point(0, 0, '88<main.rpyeffect:80([k@Name(isValueTooBig_48)#114])>+0: {"op": "Const". "type": "ptr". "out": 1. "format": "int". "value": "<IntValue object at 0x1485df930>"}')
debug_merge_point(0, 0, '88<main.rpyeffect:80([k@Name(isValueTooBig_48)#114])>+1: {"op": "Swap". "type": "any". "a": 0. "b". 1}')
debug_merge_point(0, 0, '88<main.rpyeffect:80([k@Name(isValueTooBig_48)#114])>+2: {"op": "Invoke". "receiver": 1. "tag": Interned(apply). "args" : {"any": [0]}}')
debug_merge_point(0, 0, '15<main.rpyeffect:7([method_apply@Name(>_2)#16])>+0: {"op": "Jump". "target": 14}')
debug_merge_point(0, 0, '14<main.rpyeffect:6([mcore:[#14]#13])>+0: {"op": "PrimOp". "name": "infixGt(Any. Any): Bool". "out": {"any": [0]}. "in": {"any": [1. 0]}}')
+860: i82 = int_eq(i62, 39)
guard_false(i82, descr=<Guard0x1485f90a0>) [p2, p7, p9, p11, p13, p15, p17, p19, p21, p23, p25, p27, p29, p31, p33, p35, p37, p0, p1, p3, p4]
+868: i83 = int_lt(i62, 39)
guard_true(i83, descr=<Guard0x1485f9070>) [p2, p7, p9, p11, p13, p15, p17, p19, p21, p23, p25, p27, p29, p31, p33, p35, p37, p0, p1, p3, p4]
debug_merge_point(0, 0, '14<main.rpyeffect:6([mcore:[#14]#13])>+1: {"op": "Return". "args": {"any": [0]}}')
debug_merge_point(0, 0, '101<main.rpyeffect:93([k@[method_Emit_0@[mcore:[#39]#127]#129]#136])>+0: {"op": "Push". "target": 95. "args": {"any": [1]}}')
debug_merge_point(0, 0, '101<main.rpyeffect:93([k@[method_Emit_0@[mcore:[#39]#127]#129]#136])>+1: {"op": "Copy". "type": "any". "from": 2. "to". 1}')
debug_merge_point(0, 0, '101<main.rpyeffect:93([k@[method_Emit_0@[mcore:[#39]#127]#129]#136])>+2: {"op": "Switch". "scrutinee": 0. "values": [<BoolValue object at 0x1485df680>]. "targets": [97]. "default": 100}')
debug_merge_point(0, 0, '100<main.rpyeffect:92([switch default case#150])>+0: {"op": "Switch". "scrutinee": 0. "values": [<BoolValue object at 0x1485df6a0>]. "targets": [98]. "default": 99}')
debug_merge_point(0, 0, '98<main.rpyeffect:90([switch case for Bool(false)#151])>+0: {"op": "Construct". "out": 0. "type": Interned({"op": "eff$Tuple". "elements": []}). "tag": Interned({"op": "eff$Tuple". "elements": []}). "args": {"any": []}}')
debug_merge_point(0, 0, '98<main.rpyeffect:90([switch case for Bool(false)#151])>+1: {"op": "Return". "args": {"any": [0]}}')
debug_merge_point(0, 0, '95<main.rpyeffect:87([#138])>+0: {"op": "Construct". "out": 0. "type": Interned({"op": "eff$Tuple". "elements": []}). "tag": Interned({"op": "eff$Tuple". "elements": []}). "args": {"any": []}}')
debug_merge_point(0, 0, '95<main.rpyeffect:87([#138])>+1: {"op": "Jump". "target": 94}')
debug_merge_point(0, 0, '94<main.rpyeffect:86(Name(k_60))>+0: {"op": "PushStack". "arg": 1}')
+876: i85 = instance_ptr_eq(p75, ConstPtr(ptr84))
guard_false(i85, descr=<Guard0x1485f8fe0>) [p2, p7, p9, p11, p13, p15, p17, p19, p21, p23, p25, p27, p29, p31, p33, p35, p37, p0, p1, p3, p4]
debug_merge_point(0, 0, '94<main.rpyeffect:86(Name(k_60))>+1: {"op": "Return". "args": {"any": [0]}}')
debug_merge_point(0, 0, '112<main.rpyeffect:104([#197])>+0: {"op": "Push". "target": 111. "args": {"any": []}}')
debug_merge_point(0, 0, '112<main.rpyeffect:104([#197])>+1: {"op": "Copy". "type": "any". "from": 1. "to". 0}')
debug_merge_point(0, 0, '112<main.rpyeffect:104([#197])>+2: {"op": "Jump". "target": 74}')
debug_merge_point(0, 0, '74<main.rpyeffect:66(Name(-_34))>+0: {"op": "New". "out": 0. "targets": [73]. "args": {"any": [0]}}')
debug_merge_point(0, 0, '74<main.rpyeffect:66(Name(-_34))>+1: {"op": "Return". "args": {"any": [0]}}')
debug_merge_point(0, 0, '111<main.rpyeffect:103([k@[#197]#199])>+0: {"op": "Const". "type": "ptr". "out": 1. "format": "int". "value": "<IntValue object at 0x1485df400>"}')
debug_merge_point(0, 0, '111<main.rpyeffect:103([k@[#197]#199])>+1: {"op": "Push". "target": 110. "args": {"any": []}}')
debug_merge_point(0, 0, '111<main.rpyeffect:103([k@[#197]#199])>+2: {"op": "Swap". "type": "any". "a": 0. "b". 1}')
debug_merge_point(0, 0, '111<main.rpyeffect:103([k@[#197]#199])>+3: {"op": "Invoke". "receiver": 1. "tag": Interned(apply). "args" : {"any": [0]}}')
debug_merge_point(0, 0, '73<main.rpyeffect:65([method_apply@Name(-_34)#96])>+0: {"op": "Jump". "target": 72}')
debug_merge_point(0, 0, '72<main.rpyeffect:64([mcore:[#28]#93])>+0: {"op": "PrimOp". "name": "infixSub(Int. Int): Int". "out": {"any": [0]}. "in": {"any": [1. 0]}}')
+884: i87 = int_sub(i49, 1)
debug_merge_point(0, 0, '72<main.rpyeffect:64([mcore:[#28]#93])>+1: {"op": "Return". "args": {"any": [0]}}')
debug_merge_point(0, 0, '110<main.rpyeffect:102([k@[k@[#197]#199]#203])>+0: {"op": "Const". "type": "ptr". "out": 1. "format": "string". "value": "Name(Emit_0)"}')
debug_merge_point(0, 0, '110<main.rpyeffect:102([k@[k@[#197]#199]#203])>+1: {"op": "PrimOp". "name": "getGlobal(String): Ptr". "out": {"any": [1]}. "in": {"any": [1]}}')
debug_merge_point(0, 0, '110<main.rpyeffect:102([k@[k@[#197]#199]#203])>+2: {"op": "Jump". "target": 120}')
debug_merge_point(0, 0, '120<main.rpyeffect:112(Name(loop_72))>+0: {"op": "Push". "target": 119. "args": {"any": [0]}}')
debug_merge_point(0, 0, '120<main.rpyeffect:112(Name(loop_72))>+1: {"op": "Jump". "target": 16}')
debug_merge_point(0, 0, '16<main.rpyeffect:8(Name(>_2))>+0: {"op": "New". "out": 0. "targets": [15]. "args": {"any": [0]}}')
+888: label(p0, p41, i87, p2, p73, p74, p76, p75, p4, i62, p15, p17, p19, p21, p23, p25, p27, p29, p31, p33, p35, p37, p71, descr=TargetToken(5509108512))
debug_merge_point(0, 0, '16<main.rpyeffect:8(Name(>_2))>+0: {"op": "New". "out": 0. "targets": [15]. "args": {"any": [0]}}')
+916: guard_not_invalidated(descr=<Guard0x1485dac38>) [p2, p15, p17, p19, p21, p23, p25, p27, p29, p31, p33, p35, p37, p0, p4, p75, p76, p74, p73, p41, i62, i87]
debug_merge_point(0, 0, '16<main.rpyeffect:8(Name(>_2))>+1: {"op": "Return". "args": {"any": [0]}}')
debug_merge_point(0, 0, '119<main.rpyeffect:111([k@Name(loop_72)#182])>+0: {"op": "Const". "type": "ptr". "out": 2. "format": "int". "value": "<IntValue object at 0x1485fe9a0>"}')
debug_merge_point(0, 0, '119<main.rpyeffect:111([k@Name(loop_72)#182])>+1: {"op": "Push". "target": 118. "args": {"any": [1]}}')
debug_merge_point(0, 0, '119<main.rpyeffect:111([k@Name(loop_72)#182])>+2: {"op": "Copy". "type": "any". "from": 0. "to". 1}')
debug_merge_point(0, 0, '119<main.rpyeffect:111([k@Name(loop_72)#182])>+3: {"op": "Copy". "type": "any". "from": 2. "to". 0}')
debug_merge_point(0, 0, '119<main.rpyeffect:111([k@Name(loop_72)#182])>+4: {"op": "Invoke". "receiver": 1. "tag": Interned(apply). "args" : {"any": [0]}}')
debug_merge_point(0, 0, '15<main.rpyeffect:7([method_apply@Name(>_2)#16])>+0: {"op": "Jump". "target": 14}')
debug_merge_point(0, 0, '14<main.rpyeffect:6([mcore:[#14]#13])>+0: {"op": "PrimOp". "name": "infixGt(Any. Any): Bool". "out": {"any": [0]}. "in": {"any": [1. 0]}}')
+920: i89 = int_eq(i87, 0)
guard_false(i89, descr=<Guard0x14861d010>) [p2, p15, p17, p19, p21, p23, p25, p27, p29, p31, p33, p35, p37, p0, p4, p75, p76, p74, p73, p41, i62, i87]
+928: i90 = int_lt(i87, 0)
guard_false(i90, descr=<Guard0x14861cfe0>) [p2, p15, p17, p19, p21, p23, p25, p27, p29, p31, p33, p35, p37, p0, p4, p75, p76, p74, p73, p41, i62, i87]
debug_merge_point(0, 0, '14<main.rpyeffect:6([mcore:[#14]#13])>+1: {"op": "Return". "args": {"any": [0]}}')
debug_merge_point(0, 0, '118<main.rpyeffect:110([k@[k@Name(loop_72)#182]#186])>+0: {"op": "Switch". "scrutinee": 0. "values": [<BoolValue object at 0x1485fe9b0>]. "targets": [114]. "default": 117}')
debug_merge_point(0, 0, '114<main.rpyeffect:106([switch case for Bool(true)#187])>+0: {"op": "Push". "target": 113. "args": {"any": [1]}}')
debug_merge_point(0, 0, '114<main.rpyeffect:106([switch case for Bool(true)#187])>+1: {"op": "Copy". "type": "any". "from": 1. "to". 0}')
debug_merge_point(0, 0, '114<main.rpyeffect:106([switch case for Bool(true)#187])>+2: {"op": "Jump". "target": 93}')
debug_merge_point(0, 0, '93<main.rpyeffect:85(Name(measure_51))>+0: {"op": "Push". "target": 92. "args": {"any": []}}')
debug_merge_point(0, 0, '93<main.rpyeffect:85(Name(measure_51))>+1: {"op": "Jump". "target": 59}')
debug_merge_point(0, 0, '59<main.rpyeffect:51(Name(+_27))>+0: {"op": "New". "out": 0. "targets": [58]. "args": {"any": [0]}}')
debug_merge_point(0, 0, '59<main.rpyeffect:51(Name(+_27))>+1: {"op": "Return". "args": {"any": [0]}}')
debug_merge_point(0, 0, '92<main.rpyeffect:84([k@Name(measure_51)#118])>+0: {"op": "Const". "type": "ptr". "out": 1. "format": "int". "value": "<IntValue object at 0x1485df890>"}')
debug_merge_point(0, 0, '92<main.rpyeffect:84([k@Name(measure_51)#118])>+1: {"op": "Push". "target": 91. "args": {"any": []}}')
debug_merge_point(0, 0, '92<main.rpyeffect:84([k@Name(measure_51)#118])>+2: {"op": "Swap". "type": "any". "a": 0. "b". 1}')
debug_merge_point(0, 0, '92<main.rpyeffect:84([k@Name(measure_51)#118])>+3: {"op": "Invoke". "receiver": 1. "tag": Interned(apply). "args" : {"any": [0]}}')
debug_merge_point(0, 0, '58<main.rpyeffect:50([method_apply@Name(+_27)#74])>+0: {"op": "Jump". "target": 57}')
debug_merge_point(0, 0, '57<main.rpyeffect:49([mcore:[#24]#71])>+0: {"op": "PrimOp". "name": "infixAdd(Int. Int): Int". "out": {"any": [0]}. "in": {"any": [1. 0]}}')
+936: i92 = int_add(i87, 30)
debug_merge_point(0, 0, '57<main.rpyeffect:49([mcore:[#24]#71])>+1: {"op": "Return". "args": {"any": [0]}}')
debug_merge_point(0, 0, '91<main.rpyeffect:83([k@[k@Name(measure_51)#118]#122])>+0: {"op": "Push". "target": 90. "args": {"any": []}}')
debug_merge_point(0, 0, '91<main.rpyeffect:83([k@[k@Name(measure_51)#118]#122])>+1: {"op": "Jump". "target": 65}')
debug_merge_point(0, 0, '65<main.rpyeffect:57(Name(mod_29))>+0: {"op": "New". "out": 0. "targets": [64]. "args": {"any": [0]}}')
debug_merge_point(0, 0, '65<main.rpyeffect:57(Name(mod_29))>+1: {"op": "Return". "args": {"any": [0]}}')
debug_merge_point(0, 0, '90<main.rpyeffect:82([k@[k@[k@Name(measure_51)#118]#122]#124])>+0: {"op": "Const". "type": "ptr". "out": 1. "format": "int". "value": "<IntValue object at 0x1485df8e0>"}')
debug_merge_point(0, 0, '90<main.rpyeffect:82([k@[k@[k@Name(measure_51)#118]#122]#124])>+1: {"op": "Swap". "type": "any". "a": 0. "b". 1}')
debug_merge_point(0, 0, '90<main.rpyeffect:82([k@[k@[k@Name(measure_51)#118]#122]#124])>+2: {"op": "Invoke". "receiver": 1. "tag": Interned(apply). "args" : {"any": [0]}}')
debug_merge_point(0, 0, '64<main.rpyeffect:56([method_apply@Name(mod_29)#84])>+0: {"op": "Jump". "target": 63}')
debug_merge_point(0, 0, '63<main.rpyeffect:55([mcore:[#26]#81])>+0: {"op": "PrimOp". "name": "mod(Int. Int): Int". "out": {"any": [0]}. "in": {"any": [1. 0]}}')
+940: i94 = int_rshift(i92, 63)
+948: i95 = int_xor(i92, i94)
+952: i97 = uint_mul_high(i95, -4392081922311798003)
+972: i99 = uint_rshift(i97, 5)
+980: i100 = int_xor(i99, i94)
+984: i102 = int_mul(i100, 42)
+992: i103 = int_sub(i92, i102)
debug_merge_point(0, 0, '63<main.rpyeffect:55([mcore:[#26]#81])>+1: {"op": "Return". "args": {"any": [0]}}')
debug_merge_point(0, 0, '113<main.rpyeffect:105([k@[switch case for Bool(true)#187]#189])>+0: {"op": "Const". "type": "ptr". "out": 2. "format": "int". "value": "<IntValue object at 0x1485df390>"}')
debug_merge_point(0, 0, '113<main.rpyeffect:105([k@[switch case for Bool(true)#187]#189])>+1: {"op": "Const". "type": "ptr". "out": 3. "format": "string". "value": "Name(Emit_0)"}')
debug_merge_point(0, 0, '113<main.rpyeffect:105([k@[switch case for Bool(true)#187]#189])>+2: {"op": "PrimOp". "name": "getGlobal(String): Ptr". "out": {"any": [3]}. "in": {"any": [3]}}')
debug_merge_point(0, 0, '113<main.rpyeffect:105([k@[switch case for Bool(true)#187]#189])>+3: {"op": "GetDynamic". "out": 2. "n": 2. "label": 3}')
debug_merge_point(0, 0, '113<main.rpyeffect:105([k@[switch case for Bool(true)#187]#189])>+4: {"op": "Push". "target": 112. "args": {"any": [1]}}')
debug_merge_point(0, 0, '113<main.rpyeffect:105([k@[switch case for Bool(true)#187]#189])>+5: {"op": "Invoke". "receiver": 2. "tag": Interned(Emit_0). "args" : {"any": [0]}}')
debug_merge_point(0, 0, '102<main.rpyeffect:94([method_Emit_0@[mcore:[#39]#127]#129])>+0: {"op": "Const". "type": "ptr". "out": 2. "format": "int". "value": "<IntValue object at 0x1485df670>"}')
debug_merge_point(0, 0, '102<main.rpyeffect:94([method_Emit_0@[mcore:[#39]#127]#129])>+1: {"op": "Const". "type": "ptr". "out": 3. "format": "string". "value": "Name(Emit_0)"}')
debug_merge_point(0, 0, '102<main.rpyeffect:94([method_Emit_0@[mcore:[#39]#127]#129])>+2: {"op": "PrimOp". "name": "getGlobal(String): Ptr". "out": {"any": [3]}. "in": {"any": [3]}}')
debug_merge_point(0, 0, '102<main.rpyeffect:94([method_Emit_0@[mcore:[#39]#127]#129])>+3: {"op": "ShiftDyn". "out": 2. "n": 2. "label": 3}')
debug_merge_point(0, 0, '102<main.rpyeffect:94([method_Emit_0@[mcore:[#39]#127]#129])>+4: {"op": "Push". "target": 101. "args": {"any": [2. 0]}}')
debug_merge_point(0, 0, '102<main.rpyeffect:94([method_Emit_0@[mcore:[#39]#127]#129])>+5: {"op": "Invoke". "receiver": 1. "tag": Interned(apply). "args" : {"any": [0]}}')
debug_merge_point(0, 0, '128<main.rpyeffect:120([method_apply@[mcore:[#52]#238]#241])>+0: {"op": "Jump". "target": 89}')
debug_merge_point(0, 0, '89<main.rpyeffect:81(Name(isValueTooBig_48))>+0: {"op": "Push". "target": 88. "args": {"any": []}}')
debug_merge_point(0, 0, '89<main.rpyeffect:81(Name(isValueTooBig_48))>+1: {"op": "Jump". "target": 16}')
debug_merge_point(0, 0, '16<main.rpyeffect:8(Name(>_2))>+0: {"op": "New". "out": 0. "targets": [15]. "args": {"any": [0]}}')
debug_merge_point(0, 0, '16<main.rpyeffect:8(Name(>_2))>+1: {"op": "Return". "args": {"any": [0]}}')
debug_merge_point(0, 0, '88<main.rpyeffect:80([k@Name(isValueTooBig_48)#114])>+0: {"op": "Const". "type": "ptr". "out": 1. "format": "int". "value": "<IntValue object at 0x1485df930>"}')
debug_merge_point(0, 0, '88<main.rpyeffect:80([k@Name(isValueTooBig_48)#114])>+1: {"op": "Swap". "type": "any". "a": 0. "b". 1}')
debug_merge_point(0, 0, '88<main.rpyeffect:80([k@Name(isValueTooBig_48)#114])>+2: {"op": "Invoke". "receiver": 1. "tag": Interned(apply). "args" : {"any": [0]}}')
debug_merge_point(0, 0, '15<main.rpyeffect:7([method_apply@Name(>_2)#16])>+0: {"op": "Jump". "target": 14}')
debug_merge_point(0, 0, '14<main.rpyeffect:6([mcore:[#14]#13])>+0: {"op": "PrimOp". "name": "infixGt(Any. Any): Bool". "out": {"any": [0]}. "in": {"any": [1. 0]}}')
+996: i105 = int_eq(i103, 39)
guard_false(i105, descr=<Guard0x14861cfb0>) [p2, p15, p17, p19, p21, p23, p25, p27, p29, p31, p33, p35, p37, p0, p4, p75, p76, p74, p73, p41, i62, i87]
+1004: i106 = int_lt(i103, 39)
guard_true(i106, descr=<Guard0x14861c470>) [p2, p15, p17, p19, p21, p23, p25, p27, p29, p31, p33, p35, p37, p0, p4, p75, p76, p74, p73, p41, i62, i87]
debug_merge_point(0, 0, '14<main.rpyeffect:6([mcore:[#14]#13])>+1: {"op": "Return". "args": {"any": [0]}}')
debug_merge_point(0, 0, '101<main.rpyeffect:93([k@[method_Emit_0@[mcore:[#39]#127]#129]#136])>+0: {"op": "Push". "target": 95. "args": {"any": [1]}}')
debug_merge_point(0, 0, '101<main.rpyeffect:93([k@[method_Emit_0@[mcore:[#39]#127]#129]#136])>+1: {"op": "Copy". "type": "any". "from": 2. "to". 1}')
debug_merge_point(0, 0, '101<main.rpyeffect:93([k@[method_Emit_0@[mcore:[#39]#127]#129]#136])>+2: {"op": "Switch". "scrutinee": 0. "values": [<BoolValue object at 0x1485df680>]. "targets": [97]. "default": 100}')
debug_merge_point(0, 0, '100<main.rpyeffect:92([switch default case#150])>+0: {"op": "Switch". "scrutinee": 0. "values": [<BoolValue object at 0x1485df6a0>]. "targets": [98]. "default": 99}')
debug_merge_point(0, 0, '98<main.rpyeffect:90([switch case for Bool(false)#151])>+0: {"op": "Construct". "out": 0. "type": Interned({"op": "eff$Tuple". "elements": []}). "tag": Interned({"op": "eff$Tuple". "elements": []}). "args": {"any": []}}')
debug_merge_point(0, 0, '98<main.rpyeffect:90([switch case for Bool(false)#151])>+1: {"op": "Return". "args": {"any": [0]}}')
debug_merge_point(0, 0, '95<main.rpyeffect:87([#138])>+0: {"op": "Construct". "out": 0. "type": Interned({"op": "eff$Tuple". "elements": []}). "tag": Interned({"op": "eff$Tuple". "elements": []}). "args": {"any": []}}')
debug_merge_point(0, 0, '95<main.rpyeffect:87([#138])>+1: {"op": "Jump". "target": 94}')
debug_merge_point(0, 0, '94<main.rpyeffect:86(Name(k_60))>+0: {"op": "PushStack". "arg": 1}')
debug_merge_point(0, 0, '94<main.rpyeffect:86(Name(k_60))>+1: {"op": "Return". "args": {"any": [0]}}')
debug_merge_point(0, 0, '112<main.rpyeffect:104([#197])>+0: {"op": "Push". "target": 111. "args": {"any": []}}')
debug_merge_point(0, 0, '112<main.rpyeffect:104([#197])>+1: {"op": "Copy". "type": "any". "from": 1. "to". 0}')
debug_merge_point(0, 0, '112<main.rpyeffect:104([#197])>+2: {"op": "Jump". "target": 74}')
debug_merge_point(0, 0, '74<main.rpyeffect:66(Name(-_34))>+0: {"op": "New". "out": 0. "targets": [73]. "args": {"any": [0]}}')
debug_merge_point(0, 0, '74<main.rpyeffect:66(Name(-_34))>+1: {"op": "Return". "args": {"any": [0]}}')
debug_merge_point(0, 0, '111<main.rpyeffect:103([k@[#197]#199])>+0: {"op": "Const". "type": "ptr". "out": 1. "format": "int". "value": "<IntValue object at 0x1485df400>"}')
debug_merge_point(0, 0, '111<main.rpyeffect:103([k@[#197]#199])>+1: {"op": "Push". "target": 110. "args": {"any": []}}')
debug_merge_point(0, 0, '111<main.rpyeffect:103([k@[#197]#199])>+2: {"op": "Swap". "type": "any". "a": 0. "b". 1}')
debug_merge_point(0, 0, '111<main.rpyeffect:103([k@[#197]#199])>+3: {"op": "Invoke". "receiver": 1. "tag": Interned(apply). "args" : {"any": [0]}}')
debug_merge_point(0, 0, '73<main.rpyeffect:65([method_apply@Name(-_34)#96])>+0: {"op": "Jump". "target": 72}')
debug_merge_point(0, 0, '72<main.rpyeffect:64([mcore:[#28]#93])>+0: {"op": "PrimOp". "name": "infixSub(Int. Int): Int". "out": {"any": [0]}. "in": {"any": [1. 0]}}')
+1012: i108 = int_sub(i87, 1)
debug_merge_point(0, 0, '72<main.rpyeffect:64([mcore:[#28]#93])>+1: {"op": "Return". "args": {"any": [0]}}')
debug_merge_point(0, 0, '110<main.rpyeffect:102([k@[k@[#197]#199]#203])>+0: {"op": "Const". "type": "ptr". "out": 1. "format": "string". "value": "Name(Emit_0)"}')
debug_merge_point(0, 0, '110<main.rpyeffect:102([k@[k@[#197]#199]#203])>+1: {"op": "PrimOp". "name": "getGlobal(String): Ptr". "out": {"any": [1]}. "in": {"any": [1]}}')
debug_merge_point(0, 0, '110<main.rpyeffect:102([k@[k@[#197]#199]#203])>+2: {"op": "Jump". "target": 120}')
debug_merge_point(0, 0, '120<main.rpyeffect:112(Name(loop_72))>+0: {"op": "Push". "target": 119. "args": {"any": [0]}}')
debug_merge_point(0, 0, '120<main.rpyeffect:112(Name(loop_72))>+1: {"op": "Jump". "target": 16}')
debug_merge_point(0, 0, '16<main.rpyeffect:8(Name(>_2))>+0: {"op": "New". "out": 0. "targets": [15]. "args": {"any": [0]}}')
+1016: jump(p0, p41, i108, p2, p73, p74, p76, p75, p4, i103, p15, p17, p19, p21, p23, p25, p27, p29, p31, p33, p35, p37, p71, descr=TargetToken(5509108512))
+1024: --end of the loop--
[6c4766] jit-log-opt-loop}
[7b36ce] {jit-log-opt-loop
# Loop 2 (15<main.rpyeffect:7([method_apply@Name(>_2)#16])>+0: {"op": "Jump", "target": 14}) : entry bridge with 211 ops
[p0, p1, p2, p3, p4]
+440: p5 = getfield_gc_r(p2, descr=<FieldP rpyeffect.environment.Environment.inst_values_ptr 16>)
+448: p7 = getarrayitem_gc_r(p5, 0, descr=<ArrayP 8>)
+452: p9 = getarrayitem_gc_r(p5, 1, descr=<ArrayP 8>)
+456: p11 = getarrayitem_gc_r(p5, 2, descr=<ArrayP 8>)
+460: p13 = getarrayitem_gc_r(p5, 3, descr=<ArrayP 8>)
+464: p15 = getarrayitem_gc_r(p5, 4, descr=<ArrayP 8>)
+468: p17 = getarrayitem_gc_r(p5, 5, descr=<ArrayP 8>)
+472: p19 = getarrayitem_gc_r(p5, 6, descr=<ArrayP 8>)
+476: p21 = getarrayitem_gc_r(p5, 7, descr=<ArrayP 8>)
+480: p23 = getarrayitem_gc_r(p5, 8, descr=<ArrayP 8>)
+484: p25 = getarrayitem_gc_r(p5, 9, descr=<ArrayP 8>)
+488: p27 = getarrayitem_gc_r(p5, 10, descr=<ArrayP 8>)
+492: p29 = getarrayitem_gc_r(p5, 11, descr=<ArrayP 8>)
+496: p31 = getarrayitem_gc_r(p5, 12, descr=<ArrayP 8>)
+500: p33 = getarrayitem_gc_r(p5, 13, descr=<ArrayP 8>)
+504: p35 = getarrayitem_gc_r(p5, 14, descr=<ArrayP 8>)
+508: p37 = getarrayitem_gc_r(p5, 15, descr=<ArrayP 8>)
debug_merge_point(0, 0, '15<main.rpyeffect:7([method_apply@Name(>_2)#16])>+0: {"op": "Jump". "target": 14}')
+512: guard_not_invalidated(descr=<Guard0x1485db4a8>) [p2, p7, p9, p11, p13, p15, p17, p19, p21, p23, p25, p27, p29, p31, p33, p35, p37, p0, p1, p3, p4]
+516: guard_nonnull(p1, descr=<Guard0x14861dac0>) [p2, p7, p9, p11, p13, p15, p17, p19, p21, p23, p25, p27, p29, p31, p33, p35, p37, p0, p1, p3, p4]
+528: i38 = getfield_gc_i(p1, descr=<FieldS rpyeffect.stored_environment.Stack__arb.inst_target 16 pure>)
+544: guard_value(i38, 118, descr=<Guard0x14861daf0>) [p2, p7, p9, p11, p13, p15, p17, p19, p21, p23, p25, p27, p29, p31, p33, p35, p37, p0, p1, p3, p4]
debug_merge_point(0, 0, '14<main.rpyeffect:6([mcore:[#14]#13])>+0: {"op": "PrimOp". "name": "infixGt(Any. Any): Bool". "out": {"any": [0]}. "in": {"any": [1. 0]}}')
+556: guard_class(p9, ConstClass(IntValue), descr=<Guard0x14861db20>) [p2, p7, p9, p11, p13, p15, p17, p19, p21, p23, p25, p27, p29, p31, p33, p35, p37, p0, p1, p3, p4]
+572: guard_nonnull_class(p7, ConstClass(IntValue), descr=<Guard0x1485db4f0>) [p2, p7, p9, p11, p13, p15, p17, p19, p21, p23, p25, p27, p29, p31, p33, p35, p37, p0, p1, p3, p4]
+596: i42 = getfield_gc_i(p9, descr=<FieldS rpyeffect.value.IntValue.inst_value 8 pure>)
+600: i43 = getfield_gc_i(p7, descr=<FieldS rpyeffect.value.IntValue.inst_value 8 pure>)
+608: i44 = int_eq(i42, i43)
guard_false(i44, descr=<Guard0x14861db50>) [p2, p7, p9, p11, p13, p15, p17, p19, p21, p23, p25, p27, p29, p31, p33, p35, p37, p0, p1, p3, p4]
+616: i45 = int_lt(i42, i43)
guard_false(i45, descr=<Guard0x14861db80>) [p2, p7, p9, p11, p13, p15, p17, p19, p21, p23, p25, p27, p29, p31, p33, p35, p37, p0, p1, p3, p4]
debug_merge_point(0, 0, '14<main.rpyeffect:6([mcore:[#14]#13])>+1: {"op": "Return". "args": {"any": [0]}}')
+624: p46 = getfield_gc_r(p1, descr=<FieldP rpyeffect.stored_environment.Stack__1.inst_values_ptr_0 32 pure>)
+628: p47 = getfield_gc_r(p1, descr=<FieldP rpyeffect.stored_environment.Stack__arb.inst_tail 8 pure>)
debug_merge_point(0, 0, '118<main.rpyeffect:110([k@[k@Name(loop_72)#182]#186])>+0: {"op": "Switch". "scrutinee": 0. "values": [<BoolValue object at 0x1485fe9b0>]. "targets": [114]. "default": 117}')
+632: guard_nonnull(p47, descr=<Guard0x14861dbb0>) [p2, p7, p9, p11, p13, p15, p17, p19, p21, p23, p25, p27, p29, p31, p33, p35, p37, p0, p1, p3, p4]
+640: i48 = getfield_gc_i(p47, descr=<FieldS rpyeffect.stored_environment.Stack__arb.inst_target 16 pure>)
+648: guard_value(i48, 103, descr=<Guard0x14861dbe0>) [p2, p7, p9, p11, p13, p15, p17, p19, p21, p23, p25, p27, p29, p31, p33, p35, p37, p0, p1, p3, p4]
debug_merge_point(0, 0, '114<main.rpyeffect:106([switch case for Bool(true)#187])>+0: {"op": "Push". "target": 113. "args": {"any": [1]}}')
debug_merge_point(0, 0, '114<main.rpyeffect:106([switch case for Bool(true)#187])>+1: {"op": "Copy". "type": "any". "from": 1. "to". 0}')
debug_merge_point(0, 0, '114<main.rpyeffect:106([switch case for Bool(true)#187])>+2: {"op": "Jump". "target": 93}')
debug_merge_point(0, 0, '93<main.rpyeffect:85(Name(measure_51))>+0: {"op": "Push". "target": 92. "args": {"any": []}}')
debug_merge_point(0, 0, '93<main.rpyeffect:85(Name(measure_51))>+1: {"op": "Jump". "target": 59}')
debug_merge_point(0, 0, '59<main.rpyeffect:51(Name(+_27))>+0: {"op": "New". "out": 0. "targets": [58]. "args": {"any": [0]}}')
debug_merge_point(0, 0, '59<main.rpyeffect:51(Name(+_27))>+1: {"op": "Return". "args": {"any": [0]}}')
debug_merge_point(0, 0, '92<main.rpyeffect:84([k@Name(measure_51)#118])>+0: {"op": "Const". "type": "ptr". "out": 1. "format": "int". "value": "<IntValue object at 0x1485df890>"}')
debug_merge_point(0, 0, '92<main.rpyeffect:84([k@Name(measure_51)#118])>+1: {"op": "Push". "target": 91. "args": {"any": []}}')
debug_merge_point(0, 0, '92<main.rpyeffect:84([k@Name(measure_51)#118])>+2: {"op": "Swap". "type": "any". "a": 0. "b". 1}')
debug_merge_point(0, 0, '92<main.rpyeffect:84([k@Name(measure_51)#118])>+3: {"op": "Invoke". "receiver": 1. "tag": Interned(apply). "args" : {"any": [0]}}')
debug_merge_point(0, 0, '58<main.rpyeffect:50([method_apply@Name(+_27)#74])>+0: {"op": "Jump". "target": 57}')
debug_merge_point(0, 0, '57<main.rpyeffect:49([mcore:[#24]#71])>+0: {"op": "PrimOp". "name": "infixAdd(Int. Int): Int". "out": {"any": [0]}. "in": {"any": [1. 0]}}')
+660: i50 = getfield_gc_i(p46, descr=<FieldS rpyeffect.value.IntValue.inst_value 8 pure>)
+664: i52 = int_add(i50, 30)
debug_merge_point(0, 0, '57<main.rpyeffect:49([mcore:[#24]#71])>+1: {"op": "Return". "args": {"any": [0]}}')
debug_merge_point(0, 0, '91<main.rpyeffect:83([k@[k@Name(measure_51)#118]#122])>+0: {"op": "Push". "target": 90. "args": {"any": []}}')
debug_merge_point(0, 0, '91<main.rpyeffect:83([k@[k@Name(measure_51)#118]#122])>+1: {"op": "Jump". "target": 65}')
debug_merge_point(0, 0, '65<main.rpyeffect:57(Name(mod_29))>+0: {"op": "New". "out": 0. "targets": [64]. "args": {"any": [0]}}')
debug_merge_point(0, 0, '65<main.rpyeffect:57(Name(mod_29))>+1: {"op": "Return". "args": {"any": [0]}}')
debug_merge_point(0, 0, '90<main.rpyeffect:82([k@[k@[k@Name(measure_51)#118]#122]#124])>+0: {"op": "Const". "type": "ptr". "out": 1. "format": "int". "value": "<IntValue object at 0x1485df8e0>"}')
debug_merge_point(0, 0, '90<main.rpyeffect:82([k@[k@[k@Name(measure_51)#118]#122]#124])>+1: {"op": "Swap". "type": "any". "a": 0. "b". 1}')
debug_merge_point(0, 0, '90<main.rpyeffect:82([k@[k@[k@Name(measure_51)#118]#122]#124])>+2: {"op": "Invoke". "receiver": 1. "tag": Interned(apply). "args" : {"any": [0]}}')
debug_merge_point(0, 0, '64<main.rpyeffect:56([method_apply@Name(mod_29)#84])>+0: {"op": "Jump". "target": 63}')
debug_merge_point(0, 0, '63<main.rpyeffect:55([mcore:[#26]#81])>+0: {"op": "PrimOp". "name": "mod(Int. Int): Int". "out": {"any": [0]}. "in": {"any": [1. 0]}}')
+668: i54 = int_rshift(i52, 63)
+684: i55 = int_xor(i52, i54)
+688: i57 = uint_mul_high(i55, -4392081922311798003)
+712: i59 = uint_rshift(i57, 5)
+720: i60 = int_xor(i59, i54)
+724: i62 = int_mul(i60, 42)
+732: i63 = int_sub(i52, i62)
debug_merge_point(0, 0, '63<main.rpyeffect:55([mcore:[#26]#81])>+1: {"op": "Return". "args": {"any": [0]}}')
debug_merge_point(0, 0, '113<main.rpyeffect:105([k@[switch case for Bool(true)#187]#189])>+0: {"op": "Const". "type": "ptr". "out": 2. "format": "int". "value": "<IntValue object at 0x1485df390>"}')
debug_merge_point(0, 0, '113<main.rpyeffect:105([k@[switch case for Bool(true)#187]#189])>+1: {"op": "Const". "type": "ptr". "out": 3. "format": "string". "value": "Name(Emit_0)"}')
debug_merge_point(0, 0, '113<main.rpyeffect:105([k@[switch case for Bool(true)#187]#189])>+2: {"op": "PrimOp". "name": "getGlobal(String): Ptr". "out": {"any": [3]}. "in": {"any": [3]}}')
debug_merge_point(0, 0, '113<main.rpyeffect:105([k@[switch case for Bool(true)#187]#189])>+3: {"op": "GetDynamic". "out": 2. "n": 2. "label": 3}')
+740: i65 = instance_ptr_eq(p4, ConstPtr(ptr64))
guard_false(i65, descr=<Guard0x14861dc10>) [p2, p7, p9, p11, p13, p15, p17, p19, p21, p23, p25, p27, p29, p31, p33, p35, p37, p0, p1, p3, p4]
+752: guard_nonnull(p0, descr=<Guard0x14861dc40>) [p2, p7, p9, p11, p13, p15, p17, p19, p21, p23, p25, p27, p29, p31, p33, p35, p37, p0, p1, p3, p4]
+764: i66 = getfield_gc_i(p0, descr=<FieldS rpyeffect.stack.Label.inst_origin 8 pure>)
+776: guard_value(i66, 141343, descr=<Guard0x14861dc70>) [p2, p7, p9, p11, p13, p15, p17, p19, p21, p23, p25, p27, p29, p31, p33, p35, p37, p0, p1, p3, p4]
+800: i69 = instance_ptr_eq(p0, ConstPtr(ptr68))
guard_true(i69, descr=<Guard0x14861dca0>) [p2, p7, p9, p11, p13, p15, p17, p19, p21, p23, p25, p27, p29, p31, p33, p35, p37, p0, p1, p3, p4]
debug_merge_point(0, 0, '113<main.rpyeffect:105([k@[switch case for Bool(true)#187]#189])>+4: {"op": "Push". "target": 112. "args": {"any": [1]}}')
debug_merge_point(0, 0, '113<main.rpyeffect:105([k@[switch case for Bool(true)#187]#189])>+5: {"op": "Invoke". "receiver": 2. "tag": Interned(Emit_0). "args" : {"any": [0]}}')
+808: p70 = getfield_gc_r(p4, descr=<FieldP rpyeffect.codata.CoData.inst_vtable 8 pure>)
+820: guard_value(p70, ConstPtr(ptr71), descr=<Guard0x14861dcd0>) [p2, p7, p9, p11, p13, p15, p17, p19, p21, p23, p25, p27, p29, p31, p33, p35, p37, p0, p1, p3, p4]
+828: p72 = getfield_gc_r(p4, descr=<FieldP rpyeffect.stored_environment.CoData__1.inst_values_ptr_0 24 pure>)
debug_merge_point(0, 0, '102<main.rpyeffect:94([method_Emit_0@[mcore:[#39]#127]#129])>+0: {"op": "Const". "type": "ptr". "out": 2. "format": "int". "value": "<IntValue object at 0x1485df670>"}')
debug_merge_point(0, 0, '102<main.rpyeffect:94([method_Emit_0@[mcore:[#39]#127]#129])>+1: {"op": "Const". "type": "ptr". "out": 3. "format": "string". "value": "Name(Emit_0)"}')
debug_merge_point(0, 0, '102<main.rpyeffect:94([method_Emit_0@[mcore:[#39]#127]#129])>+2: {"op": "PrimOp". "name": "getGlobal(String): Ptr". "out": {"any": [3]}. "in": {"any": [3]}}')
debug_merge_point(0, 0, '102<main.rpyeffect:94([method_Emit_0@[mcore:[#39]#127]#129])>+3: {"op": "ShiftDyn". "out": 2. "n": 2. "label": 3}')
+832: guard_nonnull_class(p3, ConstClass(MetaStackWithBinding), descr=<Guard0x1485db538>) [p2, p7, p9, p11, p13, p15, p17, p19, p21, p23, p25, p27, p29, p31, p33, p35, p37, p0, p1, p3, p4]
+860: p74 = getfield_gc_r(p3, descr=<FieldP rpyeffect.stack.MetaStackLike.inst_stack 8 pure>)
+868: p75 = getfield_gc_r(p3, descr=<FieldP rpyeffect.stack.MetaStack.inst_label 16 pure>)
+876: p76 = getfield_gc_r(p3, descr=<FieldP rpyeffect.stack.MetaStackWithBinding.inst_binding 40 pure>)
+880: p77 = getfield_gc_r(p3, descr=<FieldP rpyeffect.stack.MetaStack.inst_tail 32 pure>)
+884: guard_nonnull(p74, descr=<Guard0x14861dd00>) [p2, p7, p9, p11, p13, p15, p17, p19, p21, p23, p25, p27, p29, p31, p33, p35, p37, p0, p1, p3, p4]
+892: i78 = getfield_gc_i(p74, descr=<FieldS rpyeffect.stored_environment.Stack__arb.inst_target 16 pure>)
+900: guard_value(i78, 126, descr=<Guard0x14861dd30>) [p2, p7, p9, p11, p13, p15, p17, p19, p21, p23, p25, p27, p29, p31, p33, p35, p37, p0, p1, p3, p4]
debug_merge_point(0, 0, '102<main.rpyeffect:94([method_Emit_0@[mcore:[#39]#127]#129])>+4: {"op": "Push". "target": 101. "args": {"any": [2. 0]}}')
debug_merge_point(0, 0, '102<main.rpyeffect:94([method_Emit_0@[mcore:[#39]#127]#129])>+5: {"op": "Invoke". "receiver": 1. "tag": Interned(apply). "args" : {"any": [0]}}')
+912: p80 = getfield_gc_r(p72, descr=<FieldP rpyeffect.codata.CoData.inst_vtable 8 pure>)
+920: guard_value(p80, ConstPtr(ptr81), descr=<Guard0x14861dd60>) [p2, p7, p9, p11, p13, p15, p17, p19, p21, p23, p25, p27, p29, p31, p33, p35, p37, p0, p1, p3, p4]
debug_merge_point(0, 0, '128<main.rpyeffect:120([method_apply@[mcore:[#52]#238]#241])>+0: {"op": "Jump". "target": 89}')
debug_merge_point(0, 0, '89<main.rpyeffect:81(Name(isValueTooBig_48))>+0: {"op": "Push". "target": 88. "args": {"any": []}}')
debug_merge_point(0, 0, '89<main.rpyeffect:81(Name(isValueTooBig_48))>+1: {"op": "Jump". "target": 16}')
debug_merge_point(0, 0, '16<main.rpyeffect:8(Name(>_2))>+0: {"op": "New". "out": 0. "targets": [15]. "args": {"any": [0]}}')
debug_merge_point(0, 0, '16<main.rpyeffect:8(Name(>_2))>+1: {"op": "Return". "args": {"any": [0]}}')
debug_merge_point(0, 0, '88<main.rpyeffect:80([k@Name(isValueTooBig_48)#114])>+0: {"op": "Const". "type": "ptr". "out": 1. "format": "int". "value": "<IntValue object at 0x1485df930>"}')
debug_merge_point(0, 0, '88<main.rpyeffect:80([k@Name(isValueTooBig_48)#114])>+1: {"op": "Swap". "type": "any". "a": 0. "b". 1}')
debug_merge_point(0, 0, '88<main.rpyeffect:80([k@Name(isValueTooBig_48)#114])>+2: {"op": "Invoke". "receiver": 1. "tag": Interned(apply). "args" : {"any": [0]}}')
debug_merge_point(0, 0, '15<main.rpyeffect:7([method_apply@Name(>_2)#16])>+0: {"op": "Jump". "target": 14}')
debug_merge_point(0, 0, '14<main.rpyeffect:6([mcore:[#14]#13])>+0: {"op": "PrimOp". "name": "infixGt(Any. Any): Bool". "out": {"any": [0]}. "in": {"any": [1. 0]}}')
+928: i83 = int_eq(i63, 39)
guard_false(i83, descr=<Guard0x14861dd90>) [p2, p7, p9, p11, p13, p15, p17, p19, p21, p23, p25, p27, p29, p31, p33, p35, p37, p0, p1, p3, p4]
+936: i84 = int_lt(i63, 39)
guard_false(i84, descr=<Guard0x14861ddc0>) [p2, p7, p9, p11, p13, p15, p17, p19, p21, p23, p25, p27, p29, p31, p33, p35, p37, p0, p1, p3, p4]
debug_merge_point(0, 0, '14<main.rpyeffect:6([mcore:[#14]#13])>+1: {"op": "Return". "args": {"any": [0]}}')
debug_merge_point(0, 0, '101<main.rpyeffect:93([k@[method_Emit_0@[mcore:[#39]#127]#129]#136])>+0: {"op": "Push". "target": 95. "args": {"any": [1]}}')
debug_merge_point(0, 0, '101<main.rpyeffect:93([k@[method_Emit_0@[mcore:[#39]#127]#129]#136])>+1: {"op": "Copy". "type": "any". "from": 2. "to". 1}')
debug_merge_point(0, 0, '101<main.rpyeffect:93([k@[method_Emit_0@[mcore:[#39]#127]#129]#136])>+2: {"op": "Switch". "scrutinee": 0. "values": [<BoolValue object at 0x1485df680>]. "targets": [97]. "default": 100}')
debug_merge_point(0, 0, '97<main.rpyeffect:89([switch case for Bool(true)#141])>+0: {"op": "Const". "type": "ptr". "out": 0. "format": "int". "value": "<IntValue object at 0x1485df7a0>"}')
debug_merge_point(0, 0, '97<main.rpyeffect:89([switch case for Bool(true)#141])>+1: {"op": "Const". "type": "ptr". "out": 2. "format": "string". "value": "Name(Emit_0)"}')
debug_merge_point(0, 0, '97<main.rpyeffect:89([switch case for Bool(true)#141])>+2: {"op": "PrimOp". "name": "getGlobal(String): Ptr". "out": {"any": [2]}. "in": {"any": [2]}}')
debug_merge_point(0, 0, '97<main.rpyeffect:89([switch case for Bool(true)#141])>+3: {"op": "GetDynamic". "out": 0. "n": 0. "label": 2}')
+944: i86 = instance_ptr_eq(p76, ConstPtr(ptr85))
guard_false(i86, descr=<Guard0x14861ddf0>) [p2, p7, p9, p11, p13, p15, p17, p19, p21, p23, p25, p27, p29, p31, p33, p35, p37, p0, p1, p3, p4]
+952: guard_nonnull(p75, descr=<Guard0x14861de20>) [p2, p7, p9, p11, p13, p15, p17, p19, p21, p23, p25, p27, p29, p31, p33, p35, p37, p0, p1, p3, p4]
+960: i87 = getfield_gc_i(p75, descr=<FieldS rpyeffect.stack.Label.inst_origin 8 pure>)
+964: guard_value(i87, 141343, descr=<Guard0x14861de50>) [p2, p7, p9, p11, p13, p15, p17, p19, p21, p23, p25, p27, p29, p31, p33, p35, p37, p0, p1, p3, p4]
+980: i90 = instance_ptr_eq(p75, ConstPtr(ptr89))
guard_true(i90, descr=<Guard0x14861de80>) [p2, p7, p9, p11, p13, p15, p17, p19, p21, p23, p25, p27, p29, p31, p33, p35, p37, p0, p1, p3, p4]
debug_merge_point(0, 0, '97<main.rpyeffect:89([switch case for Bool(true)#141])>+4: {"op": "Push". "target": 96. "args": {"any": []}}')
debug_merge_point(0, 0, '97<main.rpyeffect:89([switch case for Bool(true)#141])>+5: {"op": "Swap". "type": "any". "a": 0. "b". 1}')
debug_merge_point(0, 0, '97<main.rpyeffect:89([switch case for Bool(true)#141])>+6: {"op": "Invoke". "receiver": 1. "tag": Interned(Emit_0). "args" : {"any": [0]}}')
+988: p91 = getfield_gc_r(p76, descr=<FieldP rpyeffect.codata.CoData.inst_vtable 8 pure>)
+996: guard_value(p91, ConstPtr(ptr92), descr=<Guard0x14861deb0>) [p2, p7, p9, p11, p13, p15, p17, p19, p21, p23, p25, p27, p29, p31, p33, p35, p37, p0, p1, p3, p4]
debug_merge_point(0, 0, '125<main.rpyeffect:117([method_Emit_0@Name(count_91)#217])>+0: {"op": "Const". "type": "ptr". "out": 0. "format": "int". "value": "<IntValue object at 0x1485fe890>"}')
debug_merge_point(0, 0, '125<main.rpyeffect:117([method_Emit_0@Name(count_91)#217])>+1: {"op": "Const". "type": "ptr". "out": 1. "format": "string". "value": "Name(Emit_0)"}')
debug_merge_point(0, 0, '125<main.rpyeffect:117([method_Emit_0@Name(count_91)#217])>+2: {"op": "PrimOp". "name": "getGlobal(String): Ptr". "out": {"any": [1]}. "in": {"any": [1]}}')
debug_merge_point(0, 0, '125<main.rpyeffect:117([method_Emit_0@Name(count_91)#217])>+3: {"op": "ShiftDyn". "out": 0. "n": 0. "label": 1}')
+1004: guard_nonnull_class(p77, 4346685080, descr=<Guard0x1485db580>) [p2, p7, p9, p11, p13, p15, p17, p19, p21, p23, p25, p27, p29, p31, p33, p35, p37, p0, p1, p3, p4]
+1028: p94 = getfield_gc_r(p77, descr=<FieldP rpyeffect.stack.MetaStackLike.inst_stack 8 pure>)
+1032: p95 = getfield_gc_r(p77, descr=<FieldP rpyeffect.stack.MetaStack.inst_label 16 pure>)
+1036: p96 = getfield_gc_r(p77, descr=<FieldP rpyeffect.stack.MetaStack.inst_tail 32 pure>)
+1040: guard_nonnull(p94, descr=<Guard0x14861dee0>) [p2, p7, p9, p11, p13, p15, p17, p19, p21, p23, p25, p27, p29, p31, p33, p35, p37, p0, p1, p3, p4]
+1048: i97 = getfield_gc_i(p94, descr=<FieldS rpyeffect.stored_environment.Stack__arb.inst_target 16 pure>)
+1052: guard_value(i97, 123, descr=<Guard0x14861df10>) [p2, p7, p9, p11, p13, p15, p17, p19, p21, p23, p25, p27, p29, p31, p33, p35, p37, p0, p1, p3, p4]
debug_merge_point(0, 0, '125<main.rpyeffect:117([method_Emit_0@Name(count_91)#217])>+4: {"op": "Const". "type": "ptr". "out": 1. "format": "int". "value": "<IntValue object at 0x1485fe850>"}')
debug_merge_point(0, 0, '125<main.rpyeffect:117([method_Emit_0@Name(count_91)#217])>+5: {"op": "Push". "target": 124. "args": {"any": [0]}}')
debug_merge_point(0, 0, '125<main.rpyeffect:117([method_Emit_0@Name(count_91)#217])>+6: {"op": "Copy". "type": "any". "from": 1. "to". 0}')
debug_merge_point(0, 0, '125<main.rpyeffect:117([method_Emit_0@Name(count_91)#217])>+7: {"op": "Jump". "target": 59}')
debug_merge_point(0, 0, '59<main.rpyeffect:51(Name(+_27))>+0: {"op": "New". "out": 0. "targets": [58]. "args": {"any": [0]}}')
debug_merge_point(0, 0, '59<main.rpyeffect:51(Name(+_27))>+1: {"op": "Return". "args": {"any": [0]}}')
debug_merge_point(0, 0, '124<main.rpyeffect:116([k@[method_Emit_0@Name(count_91)#217]#226])>+0: {"op": "Construct". "out": 2. "type": Interned({"op": "eff$Tuple". "elements": []}). "tag": Interned({"op": "eff$Tuple". "elements": []}). "args": {"any": []}}')
debug_merge_point(0, 0, '124<main.rpyeffect:116([k@[method_Emit_0@Name(count_91)#217]#226])>+1: {"op": "Push". "target": 123. "args": {"any": [0]}}')
debug_merge_point(0, 0, '124<main.rpyeffect:116([k@[method_Emit_0@Name(count_91)#217]#226])>+2: {"op": "Copy". "type": "any". "from": 2. "to". 0}')
debug_merge_point(0, 0, '124<main.rpyeffect:116([k@[method_Emit_0@Name(count_91)#217]#226])>+3: {"op": "Jump". "target": 122}')
debug_merge_point(0, 0, '122<main.rpyeffect:114(Name(k_93))>+0: {"op": "PushStack". "arg": 1}')
debug_merge_point(0, 0, '122<main.rpyeffect:114(Name(k_93))>+1: {"op": "Return". "args": {"any": [0]}}')
debug_merge_point(0, 0, '96<main.rpyeffect:88([k@[switch case for Bool(true)#141]#149])>+0: {"op": "Return". "args": {"any": [0]}}')
debug_merge_point(0, 0, '95<main.rpyeffect:87([#138])>+0: {"op": "Construct". "out": 0. "type": Interned({"op": "eff$Tuple". "elements": []}). "tag": Interned({"op": "eff$Tuple". "elements": []}). "args": {"any": []}}')
debug_merge_point(0, 0, '95<main.rpyeffect:87([#138])>+1: {"op": "Jump". "target": 94}')
debug_merge_point(0, 0, '94<main.rpyeffect:86(Name(k_60))>+0: {"op": "PushStack". "arg": 1}')
debug_merge_point(0, 0, '94<main.rpyeffect:86(Name(k_60))>+1: {"op": "Return". "args": {"any": [0]}}')
debug_merge_point(0, 0, '112<main.rpyeffect:104([#197])>+0: {"op": "Push". "target": 111. "args": {"any": []}}')
debug_merge_point(0, 0, '112<main.rpyeffect:104([#197])>+1: {"op": "Copy". "type": "any". "from": 1. "to". 0}')
debug_merge_point(0, 0, '112<main.rpyeffect:104([#197])>+2: {"op": "Jump". "target": 74}')
debug_merge_point(0, 0, '74<main.rpyeffect:66(Name(-_34))>+0: {"op": "New". "out": 0. "targets": [73]. "args": {"any": [0]}}')
debug_merge_point(0, 0, '74<main.rpyeffect:66(Name(-_34))>+1: {"op": "Return". "args": {"any": [0]}}')
debug_merge_point(0, 0, '111<main.rpyeffect:103([k@[#197]#199])>+0: {"op": "Const". "type": "ptr". "out": 1. "format": "int". "value": "<IntValue object at 0x1485df400>"}')
debug_merge_point(0, 0, '111<main.rpyeffect:103([k@[#197]#199])>+1: {"op": "Push". "target": 110. "args": {"any": []}}')
debug_merge_point(0, 0, '111<main.rpyeffect:103([k@[#197]#199])>+2: {"op": "Swap". "type": "any". "a": 0. "b". 1}')
debug_merge_point(0, 0, '111<main.rpyeffect:103([k@[#197]#199])>+3: {"op": "Invoke". "receiver": 1. "tag": Interned(apply). "args" : {"any": [0]}}')
debug_merge_point(0, 0, '73<main.rpyeffect:65([method_apply@Name(-_34)#96])>+0: {"op": "Jump". "target": 72}')
debug_merge_point(0, 0, '72<main.rpyeffect:64([mcore:[#28]#93])>+0: {"op": "PrimOp". "name": "infixSub(Int. Int): Int". "out": {"any": [0]}. "in": {"any": [1. 0]}}')
+1064: i100 = int_sub(i50, 1)
debug_merge_point(0, 0, '72<main.rpyeffect:64([mcore:[#28]#93])>+1: {"op": "Return". "args": {"any": [0]}}')
debug_merge_point(0, 0, '110<main.rpyeffect:102([k@[k@[#197]#199]#203])>+0: {"op": "Const". "type": "ptr". "out": 1. "format": "string". "value": "Name(Emit_0)"}')
debug_merge_point(0, 0, '110<main.rpyeffect:102([k@[k@[#197]#199]#203])>+1: {"op": "PrimOp". "name": "getGlobal(String): Ptr". "out": {"any": [1]}. "in": {"any": [1]}}')
debug_merge_point(0, 0, '110<main.rpyeffect:102([k@[k@[#197]#199]#203])>+2: {"op": "Jump". "target": 120}')
debug_merge_point(0, 0, '120<main.rpyeffect:112(Name(loop_72))>+0: {"op": "Push". "target": 119. "args": {"any": [0]}}')
debug_merge_point(0, 0, '120<main.rpyeffect:112(Name(loop_72))>+1: {"op": "Jump". "target": 16}')
debug_merge_point(0, 0, '16<main.rpyeffect:8(Name(>_2))>+0: {"op": "New". "out": 0. "targets": [15]. "args": {"any": [0]}}')
+1068: p101 = new_with_vtable(descr=<SizeDescr 40>)
+1180: p102 = new_with_vtable(descr=<SizeDescr 16>)
+1192: setfield_gc(p102, i100, descr=<FieldS rpyeffect.value.IntValue.inst_value 8 pure>)
+1196: p103 = new_with_vtable(descr=<SizeDescr 48>)
+1208: p104 = new_with_vtable(descr=<SizeDescr 40>)
+1220: p105 = new_with_vtable(descr=<SizeDescr 40>)
+1232: setfield_gc(p105, p94, descr=<FieldP rpyeffect.stored_environment.Stack__arb.inst_tail 8 pure>)
+1236: setfield_gc(p105, 123, descr=<FieldS rpyeffect.stored_environment.Stack__arb.inst_target 16 pure>)
+1244: p107 = new_with_vtable(descr=<SizeDescr 32>)
+1260: setfield_gc(p107, ConstPtr(ptr108), descr=<FieldP rpyeffect.codata.CoData.inst_vtable 8 pure>)
+1268: setfield_gc(p107, ConstPtr(ptr109), descr=<FieldP rpyeffect.stored_environment.CoData__1.inst_values_ptr_0 24 pure>)
+1272: setfield_gc(p105, p107, descr=<FieldP rpyeffect.stored_environment.Stack__1.inst_values_ptr_0 32 pure>)
+1276: setfield_gc(p104, p105, descr=<FieldP rpyeffect.stack.MetaStackLike.inst_stack 8 pure>)
+1280: setfield_gc(p104, p95, descr=<FieldP rpyeffect.stack.MetaStack.inst_label 16 pure>)
+1284: setfield_gc(p104, ConstPtr(null), descr=<FieldP rpyeffect.stack.MetaStack.inst_region 24 pure>)
+1292: setfield_gc(p104, p96, descr=<FieldP rpyeffect.stack.MetaStack.inst_tail 32 pure>)
+1296: p111 = new_with_vtable(descr=<SizeDescr 24>)
+1308: setfield_gc(p101, 119, descr=<FieldS rpyeffect.stored_environment.Stack__arb.inst_target 16 pure>)
+1316: setfield_gc(p101, p102, descr=<FieldP rpyeffect.stored_environment.Stack__1.inst_values_ptr_0 32 pure>)
+1320: setfield_gc(p101, p47, descr=<FieldP rpyeffect.stored_environment.Stack__arb.inst_tail 8 pure>)
+1324: setfield_gc(p103, p74, descr=<FieldP rpyeffect.stack.MetaStackLike.inst_stack 8 pure>)
+1328: setfield_gc(p103, p75, descr=<FieldP rpyeffect.stack.MetaStack.inst_label 16 pure>)
+1336: setfield_gc(p103, p76, descr=<FieldP rpyeffect.stack.MetaStackWithBinding.inst_binding 40 pure>)
+1340: setfield_gc(p103, p104, descr=<FieldP rpyeffect.stack.MetaStack.inst_tail 32 pure>)
+1344: setfield_gc(p103, ConstPtr(null), descr=<FieldP rpyeffect.stack.MetaStack.inst_region 24 pure>)
+1356: setfield_gc(p111, ConstPtr(ptr114), descr=<FieldP rpyeffect.data.Data.inst_tag 8>)
+1392: jump(p0, p101, p2, p103, p4, p102, ConstPtr(ptr115), p111, ConstPtr(ptr116), p15, p17, p19, p21, p23, p25, p27, p29, p31, p33, p35, p37, descr=TargetToken(5509106912))
+1592: --end of the loop--
[7eb93e] jit-log-opt-loop}
[7fcbd2] {jit-summary
Tracing:      	2	0.002187
Backend:      	2	0.000402
TOTAL:      		0.002777
ops:             	8212
heapcached ops:  	1262
recorded ops:    	2832
  calls:         	1686
guards:          	308
opt ops:         	440
opt guards:      	57
opt guards shared:	50
forcings:        	0
abort: trace too long:	0
abort: compiling:	0
abort: vable escape:	0
abort: bad loop: 	0
abort: force quasi-immut:	0
abort: segmenting trace:	0
virtualizables forced:	0
nvirtuals:       	4
nvholes:         	0
nvreused:        	0
vecopt tried:    	0
vecopt success:  	0
Total # of loops:	2
Total # of bridges:	0
Freed # of loops:	0
Freed # of bridges:	0
[7feb65] jit-summary}
