[9d0326] {jit-log-opt-loop
# Loop 1 (10<main.rpyeffect:2(Name(=_0))>+0: {"op": "New", "out": 0, "targets": [9], "args": {"any": [0]}}) : loop with 183 ops
[p0, p1, p2, p3, p4]
+280: p5 = getfield_gc_r(p2, descr=<FieldP rpyeffect.environment.Environment.inst_values_ptr 16>)
+288: p7 = getarrayitem_gc_r(p5, 0, descr=<ArrayP 8>)
+292: p9 = getarrayitem_gc_r(p5, 1, descr=<ArrayP 8>)
+296: p11 = getarrayitem_gc_r(p5, 2, descr=<ArrayP 8>)
+300: p13 = getarrayitem_gc_r(p5, 3, descr=<ArrayP 8>)
+304: p15 = getarrayitem_gc_r(p5, 4, descr=<ArrayP 8>)
+308: p17 = getarrayitem_gc_r(p5, 5, descr=<ArrayP 8>)
+312: p19 = getarrayitem_gc_r(p5, 6, descr=<ArrayP 8>)
+316: p21 = getarrayitem_gc_r(p5, 7, descr=<ArrayP 8>)
+320: p23 = getarrayitem_gc_r(p5, 8, descr=<ArrayP 8>)
+324: p25 = getarrayitem_gc_r(p5, 9, descr=<ArrayP 8>)
+328: p27 = getarrayitem_gc_r(p5, 10, descr=<ArrayP 8>)
+332: p29 = getarrayitem_gc_r(p5, 11, descr=<ArrayP 8>)
+336: p31 = getarrayitem_gc_r(p5, 12, descr=<ArrayP 8>)
+340: p33 = getarrayitem_gc_r(p5, 13, descr=<ArrayP 8>)
+344: p35 = getarrayitem_gc_r(p5, 14, descr=<ArrayP 8>)
+348: p37 = getarrayitem_gc_r(p5, 15, descr=<ArrayP 8>)
+352: label(p0, p1, p2, p3, p4, p7, p9, p11, p13, p15, p17, p19, p21, p23, p25, p27, p29, p31, p33, p35, p37, descr=TargetToken(5106445344))
debug_merge_point(0, 0, '10<main.rpyeffect:2(Name(=_0))>+0: {"op": "New". "out": 0. "targets": [9]. "args": {"any": [0]}}')
+412: guard_not_invalidated(descr=<Guard0x1305dac80>) [p2, p7, p9, p11, p13, p15, p17, p19, p21, p23, p25, p27, p29, p31, p33, p35, p37, p0, p1, p3, p4]
debug_merge_point(0, 0, '10<main.rpyeffect:2(Name(=_0))>+1: {"op": "Return". "args": {"any": [0]}}')
+416: guard_nonnull(p1, descr=<Guard0x1305f6f80>) [p2, p7, p9, p11, p13, p15, p17, p19, p21, p23, p25, p27, p29, p31, p33, p35, p37, p0, p1, p3, p4]
+428: i38 = getfield_gc_i(p1, descr=<FieldS rpyeffect.stored_environment.Stack__arb.inst_target 16 pure>)
+436: guard_value(i38, 97, descr=<Guard0x1305f6fb0>) [p2, p7, p9, p11, p13, p15, p17, p19, p21, p23, p25, p27, p29, p31, p33, p35, p37, p0, p1, p3, p4]
+448: p40 = getfield_gc_r(p1, descr=<FieldP rpyeffect.stored_environment.Stack__arb.inst_values_ptr 24 pure>)
+452: i41 = arraylen_gc(p40, descr=<ArrayP 8>)
+456: guard_value(i41, 2, descr=<Guard0x1305f6fe0>) [p2, p7, p9, p11, p13, p15, p17, p19, p21, p23, p25, p27, p29, p31, p33, p35, p37, p0, p1, p3, p4]
+468: p44 = getarrayitem_gc_pure_r(p40, 0, descr=<ArrayP 8>)
+472: p46 = getarrayitem_gc_pure_r(p40, 1, descr=<ArrayP 8>)
+476: p47 = getfield_gc_r(p1, descr=<FieldP rpyeffect.stored_environment.Stack__arb.inst_tail 8 pure>)
debug_merge_point(0, 0, '97<main.rpyeffect:89([k@[mcore:[#34]#113]#115])>+0: {"op": "Const". "type": "ptr". "out": 3. "format": "int". "value": "<IntValue object at 0x1305df480>"}')
debug_merge_point(0, 0, '97<main.rpyeffect:89([k@[mcore:[#34]#113]#115])>+1: {"op": "Push". "target": 96. "args": {"any": [1. 2]}}')
debug_merge_point(0, 0, '97<main.rpyeffect:89([k@[mcore:[#34]#113]#115])>+2: {"op": "Copy". "type": "any". "from": 0. "to". 1}')
debug_merge_point(0, 0, '97<main.rpyeffect:89([k@[mcore:[#34]#113]#115])>+3: {"op": "Copy". "type": "any". "from": 3. "to". 0}')
debug_merge_point(0, 0, '97<main.rpyeffect:89([k@[mcore:[#34]#113]#115])>+4: {"op": "Invoke". "receiver": 1. "tag": Interned(apply). "args" : {"any": [0]}}')
debug_merge_point(0, 0, '9<main.rpyeffect:1([method_apply@Name(=_0)#6])>+0: {"op": "Jump". "target": 8}')
debug_merge_point(0, 0, '8<main.rpyeffect:0([mcore:[#11]#3])>+0: {"op": "PrimOp". "name": "equals(Any. Any): Bool". "out": {"any": [0]}. "in": {"any": [1. 0]}}')
+480: guard_class(p7, ConstClass(IntValue), descr=<Guard0x1305f7010>) [p2, p7, p9, p11, p13, p15, p17, p19, p21, p23, p25, p27, p29, p31, p33, p35, p37, p0, p1, p3, p4]
+496: i49 = getfield_gc_i(p7, descr=<FieldS rpyeffect.value.IntValue.inst_value 8 pure>)
+500: i51 = int_eq(i49, 0)
debug_merge_point(0, 0, '8<main.rpyeffect:0([mcore:[#11]#3])>+1: {"op": "Return". "args": {"any": [0]}}')
debug_merge_point(0, 0, '96<main.rpyeffect:88([k@[k@[mcore:[#34]#113]#115]#119])>+0: {"op": "Switch". "scrutinee": 0. "values": [<BoolValue object at 0x1305df490>]. "targets": [88]. "default": 95}')
guard_false(i51, descr=<Guard0x1305f7040>) [p2, p7, p9, p11, p13, p15, p17, p19, p21, p23, p25, p27, p29, p31, p33, p35, p37, p0, p1, p3, p4]
debug_merge_point(0, 0, '95<main.rpyeffect:87([switch default case#121])>+0: {"op": "Swap". "type": "any". "a": 0. "b". 1}')
debug_merge_point(0, 0, '95<main.rpyeffect:87([switch default case#121])>+1: {"op": "Swap". "type": "any". "a": 2. "b". 1}')
debug_merge_point(0, 0, '95<main.rpyeffect:87([switch default case#121])>+2: {"op": "Switch". "scrutinee": 2. "values": [<BoolValue object at 0x1305df4a0>]. "targets": [93]. "default": 94}')
debug_merge_point(0, 0, '93<main.rpyeffect:85([switch case for Bool(false)#122])>+0: {"op": "Const". "type": "ptr". "out": 2. "format": "int". "value": "<IntValue object at 0x1305df560>"}')
debug_merge_point(0, 0, '93<main.rpyeffect:85([switch case for Bool(false)#122])>+1: {"op": "Const". "type": "ptr". "out": 3. "format": "string". "value": "Name(Operator_0)"}')
debug_merge_point(0, 0, '93<main.rpyeffect:85([switch case for Bool(false)#122])>+2: {"op": "PrimOp". "name": "getGlobal(String): Ptr". "out": {"any": [3]}. "in": {"any": [3]}}')
debug_merge_point(0, 0, '93<main.rpyeffect:85([switch case for Bool(false)#122])>+3: {"op": "GetDynamic". "out": 2. "n": 2. "label": 3}')
+512: i53 = instance_ptr_eq(p4, ConstPtr(ptr52))
guard_false(i53, descr=<Guard0x1305f7070>) [p2, p7, p9, p11, p13, p15, p17, p19, p21, p23, p25, p27, p29, p31, p33, p35, p37, p0, p1, p3, p4]
+528: i55 = instance_ptr_eq(p0, ConstPtr(ptr54))
guard_true(i55, descr=<Guard0x1305f70a0>) [p2, p7, p9, p11, p13, p15, p17, p19, p21, p23, p25, p27, p29, p31, p33, p35, p37, p0, p1, p3, p4]
debug_merge_point(0, 0, '93<main.rpyeffect:85([switch case for Bool(false)#122])>+4: {"op": "Push". "target": 92. "args": {"any": [0. 1]}}')
debug_merge_point(0, 0, '93<main.rpyeffect:85([switch case for Bool(false)#122])>+5: {"op": "Copy". "type": "any". "from": 1. "to". 0}')
debug_merge_point(0, 0, '93<main.rpyeffect:85([switch case for Bool(false)#122])>+6: {"op": "Invoke". "receiver": 2. "tag": Interned(Operator_0). "args" : {"any": [0]}}')
+540: p56 = getfield_gc_r(p4, descr=<FieldP rpyeffect.codata.CoData.inst_vtable 8 pure>)
+548: guard_value(p56, ConstPtr(ptr57), descr=<Guard0x1305f70d0>) [p2, p7, p9, p11, p13, p15, p17, p19, p21, p23, p25, p27, p29, p31, p33, p35, p37, p0, p1, p3, p4]
+556: p58 = getfield_gc_r(p4, descr=<FieldP rpyeffect.stored_environment.CoData__arb.inst_values_ptr 16 pure>)
+560: i59 = arraylen_gc(p58, descr=<ArrayP 8>)
+564: guard_value(i59, 0, descr=<Guard0x1305f7100>) [p2, p7, p9, p11, p13, p15, p17, p19, p21, p23, p25, p27, p29, p31, p33, p35, p37, p0, p1, p3, p4]
debug_merge_point(0, 0, '111<main.rpyeffect:103([method_Operator_0@[mcore:[#43]#152]#154])>+0: {"op": "Const". "type": "ptr". "out": 1. "format": "int". "value": "<IntValue object at 0x1305dfad0>"}')
debug_merge_point(0, 0, '111<main.rpyeffect:103([method_Operator_0@[mcore:[#43]#152]#154])>+1: {"op": "Const". "type": "ptr". "out": 2. "format": "string". "value": "Name(Operator_0)"}')
debug_merge_point(0, 0, '111<main.rpyeffect:103([method_Operator_0@[mcore:[#43]#152]#154])>+2: {"op": "PrimOp". "name": "getGlobal(String): Ptr". "out": {"any": [2]}. "in": {"any": [2]}}')
debug_merge_point(0, 0, '111<main.rpyeffect:103([method_Operator_0@[mcore:[#43]#152]#154])>+3: {"op": "ShiftDyn". "out": 1. "n": 1. "label": 2}')
+576: guard_nonnull_class(p3, 4313807832, descr=<Guard0x1305dacc8>) [p2, p7, p9, p11, p13, p15, p17, p19, p21, p23, p25, p27, p29, p31, p33, p35, p37, p0, p1, p3, p4]
+604: p62 = getfield_gc_r(p3, descr=<FieldP rpyeffect.stack.MetaStackLike.inst_stack 8 pure>)
+608: p63 = getfield_gc_r(p3, descr=<FieldP rpyeffect.stack.MetaStack.inst_label 16 pure>)
+612: p64 = getfield_gc_r(p3, descr=<FieldP rpyeffect.stack.MetaStack.inst_tail 32 pure>)
debug_merge_point(0, 0, '111<main.rpyeffect:103([method_Operator_0@[mcore:[#43]#152]#154])>+4: {"op": "Construct". "out": 2. "type": Interned({"op": "eff$Tuple". "elements": []}). "tag": Interned({"op": "eff$Tuple". "elements": []}). "args": {"any": []}}')
debug_merge_point(0, 0, '111<main.rpyeffect:103([method_Operator_0@[mcore:[#43]#152]#154])>+5: {"op": "Push". "target": 110. "args": {"any": [0]}}')
debug_merge_point(0, 0, '111<main.rpyeffect:103([method_Operator_0@[mcore:[#43]#152]#154])>+6: {"op": "Copy". "type": "any". "from": 2. "to". 0}')
debug_merge_point(0, 0, '111<main.rpyeffect:103([method_Operator_0@[mcore:[#43]#152]#154])>+7: {"op": "Jump". "target": 101}')
debug_merge_point(0, 0, '101<main.rpyeffect:93(Name(k_146))>+0: {"op": "PushStack". "arg": 1}')
debug_merge_point(0, 0, '101<main.rpyeffect:93(Name(k_146))>+1: {"op": "Return". "args": {"any": [0]}}')
debug_merge_point(0, 0, '92<main.rpyeffect:84([k@[switch case for Bool(false)#122]#130])>+0: {"op": "Push". "target": 91. "args": {"any": [1]}}')
debug_merge_point(0, 0, '92<main.rpyeffect:84([k@[switch case for Bool(false)#122]#130])>+1: {"op": "Copy". "type": "any". "from": 2. "to". 0}')
debug_merge_point(0, 0, '92<main.rpyeffect:84([k@[switch case for Bool(false)#122]#130])>+2: {"op": "Jump". "target": 74}')
debug_merge_point(0, 0, '74<main.rpyeffect:66(Name(-_34))>+0: {"op": "New". "out": 0. "targets": [73]. "args": {"any": [0]}}')
debug_merge_point(0, 0, '74<main.rpyeffect:66(Name(-_34))>+1: {"op": "Return". "args": {"any": [0]}}')
debug_merge_point(0, 0, '91<main.rpyeffect:83([#132])>+0: {"op": "Const". "type": "ptr". "out": 2. "format": "int". "value": "<IntValue object at 0x1305df5b0>"}')
debug_merge_point(0, 0, '91<main.rpyeffect:83([#132])>+1: {"op": "Push". "target": 90. "args": {"any": [1]}}')
debug_merge_point(0, 0, '91<main.rpyeffect:83([#132])>+2: {"op": "Copy". "type": "any". "from": 0. "to". 1}')
debug_merge_point(0, 0, '91<main.rpyeffect:83([#132])>+3: {"op": "Copy". "type": "any". "from": 2. "to". 0}')
debug_merge_point(0, 0, '91<main.rpyeffect:83([#132])>+4: {"op": "Invoke". "receiver": 1. "tag": Interned(apply). "args" : {"any": [0]}}')
debug_merge_point(0, 0, '73<main.rpyeffect:65([method_apply@Name(-_34)#96])>+0: {"op": "Jump". "target": 72}')
debug_merge_point(0, 0, '72<main.rpyeffect:64([mcore:[#27]#93])>+0: {"op": "PrimOp". "name": "infixSub(Int. Int): Int". "out": {"any": [0]}. "in": {"any": [1. 0]}}')
+616: i65 = getfield_gc_i(p46, descr=<FieldS rpyeffect.value.IntValue.inst_value 8 pure>)
+620: i67 = int_sub(i65, 1)
debug_merge_point(0, 0, '72<main.rpyeffect:64([mcore:[#27]#93])>+1: {"op": "Return". "args": {"any": [0]}}')
debug_merge_point(0, 0, '90<main.rpyeffect:82([k@[#132]#136])>+0: {"op": "Const". "type": "ptr". "out": 2. "format": "string". "value": "Name(Operator_0)"}')
debug_merge_point(0, 0, '90<main.rpyeffect:82([k@[#132]#136])>+1: {"op": "PrimOp". "name": "getGlobal(String): Ptr". "out": {"any": [2]}. "in": {"any": [2]}}')
debug_merge_point(0, 0, '90<main.rpyeffect:82([k@[#132]#136])>+2: {"op": "Push". "target": 89. "args": {"any": [1]}}')
debug_merge_point(0, 0, '90<main.rpyeffect:82([k@[#132]#136])>+3: {"op": "Copy". "type": "any". "from": 2. "to". 1}')
debug_merge_point(0, 0, '90<main.rpyeffect:82([k@[#132]#136])>+4: {"op": "Jump". "target": 100}')
debug_merge_point(0, 0, '100<main.rpyeffect:92(Name(loop_50))>+0: {"op": "New". "out": 0. "targets": [99]. "args": {"any": [0]}}')
debug_merge_point(0, 0, '100<main.rpyeffect:92(Name(loop_50))>+1: {"op": "Return". "args": {"any": [0]}}')
debug_merge_point(0, 0, '89<main.rpyeffect:81([k@[k@[#132]#136]#141])>+0: {"op": "Swap". "type": "any". "a": 0. "b". 1}')
debug_merge_point(0, 0, '89<main.rpyeffect:81([k@[k@[#132]#136]#141])>+1: {"op": "Invoke". "receiver": 1. "tag": Interned(apply). "args" : {"any": [0]}}')
debug_merge_point(0, 0, '99<main.rpyeffect:91([method_apply@Name(loop_50)#147])>+0: {"op": "Const". "type": "ptr". "out": 2. "format": "string". "value": "Name(Operator_0)"}')
debug_merge_point(0, 0, '99<main.rpyeffect:91([method_apply@Name(loop_50)#147])>+1: {"op": "PrimOp". "name": "getGlobal(String): Ptr". "out": {"any": [2]}. "in": {"any": [2]}}')
debug_merge_point(0, 0, '99<main.rpyeffect:91([method_apply@Name(loop_50)#147])>+2: {"op": "Swap". "type": "any". "a": 2. "b". 1}')
debug_merge_point(0, 0, '99<main.rpyeffect:91([method_apply@Name(loop_50)#147])>+3: {"op": "Jump". "target": 98}')
debug_merge_point(0, 0, '98<main.rpyeffect:90([mcore:[#34]#113])>+0: {"op": "Push". "target": 97. "args": {"any": [0. 2]}}')
debug_merge_point(0, 0, '98<main.rpyeffect:90([mcore:[#34]#113])>+1: {"op": "Copy". "type": "any". "from": 2. "to". 0}')
debug_merge_point(0, 0, '98<main.rpyeffect:90([mcore:[#34]#113])>+2: {"op": "Jump". "target": 10}')
debug_merge_point(0, 0, '10<main.rpyeffect:2(Name(=_0))>+0: {"op": "New". "out": 0. "targets": [9]. "args": {"any": [0]}}')
+624: label(p0, p47, p44, i67, p2, p62, p46, p63, p64, p4, p15, p17, p19, p21, p23, p25, p27, p29, p31, p33, p35, p37, descr=TargetToken(5106445408))
debug_merge_point(0, 0, '10<main.rpyeffect:2(Name(=_0))>+0: {"op": "New". "out": 0. "targets": [9]. "args": {"any": [0]}}')
+640: guard_not_invalidated(descr=<Guard0x1305dad10>) [p2, p15, p17, p19, p21, p23, p25, p27, p29, p31, p33, p35, p37, p0, p4, p46, p62, p64, p63, p44, p47, i67]
debug_merge_point(0, 0, '10<main.rpyeffect:2(Name(=_0))>+1: {"op": "Return". "args": {"any": [0]}}')
debug_merge_point(0, 0, '97<main.rpyeffect:89([k@[mcore:[#34]#113]#115])>+0: {"op": "Const". "type": "ptr". "out": 3. "format": "int". "value": "<IntValue object at 0x1305df480>"}')
debug_merge_point(0, 0, '97<main.rpyeffect:89([k@[mcore:[#34]#113]#115])>+1: {"op": "Push". "target": 96. "args": {"any": [1. 2]}}')
debug_merge_point(0, 0, '97<main.rpyeffect:89([k@[mcore:[#34]#113]#115])>+2: {"op": "Copy". "type": "any". "from": 0. "to". 1}')
debug_merge_point(0, 0, '97<main.rpyeffect:89([k@[mcore:[#34]#113]#115])>+3: {"op": "Copy". "type": "any". "from": 3. "to". 0}')
debug_merge_point(0, 0, '97<main.rpyeffect:89([k@[mcore:[#34]#113]#115])>+4: {"op": "Invoke". "receiver": 1. "tag": Interned(apply). "args" : {"any": [0]}}')
debug_merge_point(0, 0, '9<main.rpyeffect:1([method_apply@Name(=_0)#6])>+0: {"op": "Jump". "target": 8}')
debug_merge_point(0, 0, '8<main.rpyeffect:0([mcore:[#11]#3])>+0: {"op": "PrimOp". "name": "equals(Any. Any): Bool". "out": {"any": [0]}. "in": {"any": [1. 0]}}')
+644: i69 = int_eq(i67, 0)
debug_merge_point(0, 0, '8<main.rpyeffect:0([mcore:[#11]#3])>+1: {"op": "Return". "args": {"any": [0]}}')
debug_merge_point(0, 0, '96<main.rpyeffect:88([k@[k@[mcore:[#34]#113]#115]#119])>+0: {"op": "Switch". "scrutinee": 0. "values": [<BoolValue object at 0x1305df490>]. "targets": [88]. "default": 95}')
guard_false(i69, descr=<Guard0x1305f7130>) [p2, p15, p17, p19, p21, p23, p25, p27, p29, p31, p33, p35, p37, p0, p4, p46, p62, p64, p63, p44, p47, i67]
debug_merge_point(0, 0, '95<main.rpyeffect:87([switch default case#121])>+0: {"op": "Swap". "type": "any". "a": 0. "b". 1}')
debug_merge_point(0, 0, '95<main.rpyeffect:87([switch default case#121])>+1: {"op": "Swap". "type": "any". "a": 2. "b". 1}')
debug_merge_point(0, 0, '95<main.rpyeffect:87([switch default case#121])>+2: {"op": "Switch". "scrutinee": 2. "values": [<BoolValue object at 0x1305df4a0>]. "targets": [93]. "default": 94}')
debug_merge_point(0, 0, '93<main.rpyeffect:85([switch case for Bool(false)#122])>+0: {"op": "Const". "type": "ptr". "out": 2. "format": "int". "value": "<IntValue object at 0x1305df560>"}')
debug_merge_point(0, 0, '93<main.rpyeffect:85([switch case for Bool(false)#122])>+1: {"op": "Const". "type": "ptr". "out": 3. "format": "string". "value": "Name(Operator_0)"}')
debug_merge_point(0, 0, '93<main.rpyeffect:85([switch case for Bool(false)#122])>+2: {"op": "PrimOp". "name": "getGlobal(String): Ptr". "out": {"any": [3]}. "in": {"any": [3]}}')
debug_merge_point(0, 0, '93<main.rpyeffect:85([switch case for Bool(false)#122])>+3: {"op": "GetDynamic". "out": 2. "n": 2. "label": 3}')
debug_merge_point(0, 0, '93<main.rpyeffect:85([switch case for Bool(false)#122])>+4: {"op": "Push". "target": 92. "args": {"any": [0. 1]}}')
debug_merge_point(0, 0, '93<main.rpyeffect:85([switch case for Bool(false)#122])>+5: {"op": "Copy". "type": "any". "from": 1. "to". 0}')
debug_merge_point(0, 0, '93<main.rpyeffect:85([switch case for Bool(false)#122])>+6: {"op": "Invoke". "receiver": 2. "tag": Interned(Operator_0). "args" : {"any": [0]}}')
debug_merge_point(0, 0, '111<main.rpyeffect:103([method_Operator_0@[mcore:[#43]#152]#154])>+0: {"op": "Const". "type": "ptr". "out": 1. "format": "int". "value": "<IntValue object at 0x1305dfad0>"}')
debug_merge_point(0, 0, '111<main.rpyeffect:103([method_Operator_0@[mcore:[#43]#152]#154])>+1: {"op": "Const". "type": "ptr". "out": 2. "format": "string". "value": "Name(Operator_0)"}')
debug_merge_point(0, 0, '111<main.rpyeffect:103([method_Operator_0@[mcore:[#43]#152]#154])>+2: {"op": "PrimOp". "name": "getGlobal(String): Ptr". "out": {"any": [2]}. "in": {"any": [2]}}')
debug_merge_point(0, 0, '111<main.rpyeffect:103([method_Operator_0@[mcore:[#43]#152]#154])>+3: {"op": "ShiftDyn". "out": 1. "n": 1. "label": 2}')
debug_merge_point(0, 0, '111<main.rpyeffect:103([method_Operator_0@[mcore:[#43]#152]#154])>+4: {"op": "Construct". "out": 2. "type": Interned({"op": "eff$Tuple". "elements": []}). "tag": Interned({"op": "eff$Tuple". "elements": []}). "args": {"any": []}}')
debug_merge_point(0, 0, '111<main.rpyeffect:103([method_Operator_0@[mcore:[#43]#152]#154])>+5: {"op": "Push". "target": 110. "args": {"any": [0]}}')
debug_merge_point(0, 0, '111<main.rpyeffect:103([method_Operator_0@[mcore:[#43]#152]#154])>+6: {"op": "Copy". "type": "any". "from": 2. "to". 0}')
debug_merge_point(0, 0, '111<main.rpyeffect:103([method_Operator_0@[mcore:[#43]#152]#154])>+7: {"op": "Jump". "target": 101}')
debug_merge_point(0, 0, '101<main.rpyeffect:93(Name(k_146))>+0: {"op": "PushStack". "arg": 1}')
debug_merge_point(0, 0, '101<main.rpyeffect:93(Name(k_146))>+1: {"op": "Return". "args": {"any": [0]}}')
debug_merge_point(0, 0, '92<main.rpyeffect:84([k@[switch case for Bool(false)#122]#130])>+0: {"op": "Push". "target": 91. "args": {"any": [1]}}')
debug_merge_point(0, 0, '92<main.rpyeffect:84([k@[switch case for Bool(false)#122]#130])>+1: {"op": "Copy". "type": "any". "from": 2. "to". 0}')
debug_merge_point(0, 0, '92<main.rpyeffect:84([k@[switch case for Bool(false)#122]#130])>+2: {"op": "Jump". "target": 74}')
debug_merge_point(0, 0, '74<main.rpyeffect:66(Name(-_34))>+0: {"op": "New". "out": 0. "targets": [73]. "args": {"any": [0]}}')
debug_merge_point(0, 0, '74<main.rpyeffect:66(Name(-_34))>+1: {"op": "Return". "args": {"any": [0]}}')
debug_merge_point(0, 0, '91<main.rpyeffect:83([#132])>+0: {"op": "Const". "type": "ptr". "out": 2. "format": "int". "value": "<IntValue object at 0x1305df5b0>"}')
debug_merge_point(0, 0, '91<main.rpyeffect:83([#132])>+1: {"op": "Push". "target": 90. "args": {"any": [1]}}')
debug_merge_point(0, 0, '91<main.rpyeffect:83([#132])>+2: {"op": "Copy". "type": "any". "from": 0. "to". 1}')
debug_merge_point(0, 0, '91<main.rpyeffect:83([#132])>+3: {"op": "Copy". "type": "any". "from": 2. "to". 0}')
debug_merge_point(0, 0, '91<main.rpyeffect:83([#132])>+4: {"op": "Invoke". "receiver": 1. "tag": Interned(apply). "args" : {"any": [0]}}')
debug_merge_point(0, 0, '73<main.rpyeffect:65([method_apply@Name(-_34)#96])>+0: {"op": "Jump". "target": 72}')
debug_merge_point(0, 0, '72<main.rpyeffect:64([mcore:[#27]#93])>+0: {"op": "PrimOp". "name": "infixSub(Int. Int): Int". "out": {"any": [0]}. "in": {"any": [1. 0]}}')
+652: i71 = int_sub(i67, 1)
debug_merge_point(0, 0, '72<main.rpyeffect:64([mcore:[#27]#93])>+1: {"op": "Return". "args": {"any": [0]}}')
debug_merge_point(0, 0, '90<main.rpyeffect:82([k@[#132]#136])>+0: {"op": "Const". "type": "ptr". "out": 2. "format": "string". "value": "Name(Operator_0)"}')
debug_merge_point(0, 0, '90<main.rpyeffect:82([k@[#132]#136])>+1: {"op": "PrimOp". "name": "getGlobal(String): Ptr". "out": {"any": [2]}. "in": {"any": [2]}}')
debug_merge_point(0, 0, '90<main.rpyeffect:82([k@[#132]#136])>+2: {"op": "Push". "target": 89. "args": {"any": [1]}}')
debug_merge_point(0, 0, '90<main.rpyeffect:82([k@[#132]#136])>+3: {"op": "Copy". "type": "any". "from": 2. "to". 1}')
debug_merge_point(0, 0, '90<main.rpyeffect:82([k@[#132]#136])>+4: {"op": "Jump". "target": 100}')
debug_merge_point(0, 0, '100<main.rpyeffect:92(Name(loop_50))>+0: {"op": "New". "out": 0. "targets": [99]. "args": {"any": [0]}}')
debug_merge_point(0, 0, '100<main.rpyeffect:92(Name(loop_50))>+1: {"op": "Return". "args": {"any": [0]}}')
debug_merge_point(0, 0, '89<main.rpyeffect:81([k@[k@[#132]#136]#141])>+0: {"op": "Swap". "type": "any". "a": 0. "b". 1}')
debug_merge_point(0, 0, '89<main.rpyeffect:81([k@[k@[#132]#136]#141])>+1: {"op": "Invoke". "receiver": 1. "tag": Interned(apply). "args" : {"any": [0]}}')
debug_merge_point(0, 0, '99<main.rpyeffect:91([method_apply@Name(loop_50)#147])>+0: {"op": "Const". "type": "ptr". "out": 2. "format": "string". "value": "Name(Operator_0)"}')
debug_merge_point(0, 0, '99<main.rpyeffect:91([method_apply@Name(loop_50)#147])>+1: {"op": "PrimOp". "name": "getGlobal(String): Ptr". "out": {"any": [2]}. "in": {"any": [2]}}')
debug_merge_point(0, 0, '99<main.rpyeffect:91([method_apply@Name(loop_50)#147])>+2: {"op": "Swap". "type": "any". "a": 2. "b". 1}')
debug_merge_point(0, 0, '99<main.rpyeffect:91([method_apply@Name(loop_50)#147])>+3: {"op": "Jump". "target": 98}')
debug_merge_point(0, 0, '98<main.rpyeffect:90([mcore:[#34]#113])>+0: {"op": "Push". "target": 97. "args": {"any": [0. 2]}}')
debug_merge_point(0, 0, '98<main.rpyeffect:90([mcore:[#34]#113])>+1: {"op": "Copy". "type": "any". "from": 2. "to". 0}')
debug_merge_point(0, 0, '98<main.rpyeffect:90([mcore:[#34]#113])>+2: {"op": "Jump". "target": 10}')
debug_merge_point(0, 0, '10<main.rpyeffect:2(Name(=_0))>+0: {"op": "New". "out": 0. "targets": [9]. "args": {"any": [0]}}')
+656: p72 = new_with_vtable(descr=<SizeDescr 32>)
+768: p74 = new_array_clear(1, descr=<ArrayP 8>)
+788: setarrayitem_gc(p74, 0, p46, descr=<ArrayP 8>)
+792: p76 = new_with_vtable(descr=<SizeDescr 16>)
+804: setfield_gc(p76, i67, descr=<FieldS rpyeffect.value.IntValue.inst_value 8 pure>)
+808: setfield_gc(p72, p62, descr=<FieldP rpyeffect.stored_environment.Stack__arb.inst_tail 8 pure>)
+812: setfield_gc(p72, 110, descr=<FieldS rpyeffect.stored_environment.Stack__arb.inst_target 16 pure>)
+820: setfield_gc(p72, p74, descr=<FieldP rpyeffect.stored_environment.Stack__arb.inst_values_ptr 24 pure>)
+824: jump(p0, p47, p44, i71, p2, p72, p76, p63, p64, p4, p15, p17, p19, p21, p23, p25, p27, p29, p31, p33, p35, p37, descr=TargetToken(5106445408))
+840: --end of the loop--
[9fa4fa] jit-log-opt-loop}
[a8a409] {jit-log-opt-loop
# Loop 2 (74<main.rpyeffect:66(Name(-_34))>+0: {"op": "New", "out": 0, "targets": [73], "args": {"any": [0]}}) : loop with 175 ops
[p0, p1, p2, p3, p4]
+248: p5 = getfield_gc_r(p2, descr=<FieldP rpyeffect.environment.Environment.inst_values_ptr 16>)
+256: p7 = getarrayitem_gc_r(p5, 0, descr=<ArrayP 8>)
+260: p9 = getarrayitem_gc_r(p5, 1, descr=<ArrayP 8>)
+264: p11 = getarrayitem_gc_r(p5, 2, descr=<ArrayP 8>)
+268: p13 = getarrayitem_gc_r(p5, 3, descr=<ArrayP 8>)
+272: p15 = getarrayitem_gc_r(p5, 4, descr=<ArrayP 8>)
+276: p17 = getarrayitem_gc_r(p5, 5, descr=<ArrayP 8>)
+280: p19 = getarrayitem_gc_r(p5, 6, descr=<ArrayP 8>)
+284: p21 = getarrayitem_gc_r(p5, 7, descr=<ArrayP 8>)
+288: p23 = getarrayitem_gc_r(p5, 8, descr=<ArrayP 8>)
+292: p25 = getarrayitem_gc_r(p5, 9, descr=<ArrayP 8>)
+296: p27 = getarrayitem_gc_r(p5, 10, descr=<ArrayP 8>)
+300: p29 = getarrayitem_gc_r(p5, 11, descr=<ArrayP 8>)
+304: p31 = getarrayitem_gc_r(p5, 12, descr=<ArrayP 8>)
+308: p33 = getarrayitem_gc_r(p5, 13, descr=<ArrayP 8>)
+312: p35 = getarrayitem_gc_r(p5, 14, descr=<ArrayP 8>)
+316: p37 = getarrayitem_gc_r(p5, 15, descr=<ArrayP 8>)
+320: label(p0, p1, p2, p3, p4, p7, p9, p11, p13, p15, p17, p19, p21, p23, p25, p27, p29, p31, p33, p35, p37, descr=TargetToken(5106445472))
debug_merge_point(0, 0, '74<main.rpyeffect:66(Name(-_34))>+0: {"op": "New". "out": 0. "targets": [73]. "args": {"any": [0]}}')
+380: guard_not_invalidated(descr=<Guard0x1305dade8>) [p2, p7, p9, p11, p13, p15, p17, p19, p21, p23, p25, p27, p29, p31, p33, p35, p37, p0, p1, p3, p4]
debug_merge_point(0, 0, '74<main.rpyeffect:66(Name(-_34))>+1: {"op": "Return". "args": {"any": [0]}}')
+384: guard_nonnull(p1, descr=<Guard0x1305f7280>) [p2, p7, p9, p11, p13, p15, p17, p19, p21, p23, p25, p27, p29, p31, p33, p35, p37, p0, p1, p3, p4]
+396: i38 = getfield_gc_i(p1, descr=<FieldS rpyeffect.stored_environment.Stack__arb.inst_target 16 pure>)
+404: guard_value(i38, 109, descr=<Guard0x1305f72b0>) [p2, p7, p9, p11, p13, p15, p17, p19, p21, p23, p25, p27, p29, p31, p33, p35, p37, p0, p1, p3, p4]
+416: p40 = getfield_gc_r(p1, descr=<FieldP rpyeffect.stored_environment.Stack__arb.inst_values_ptr 24 pure>)
+420: i41 = arraylen_gc(p40, descr=<ArrayP 8>)
+424: guard_value(i41, 1, descr=<Guard0x1305f72e0>) [p2, p7, p9, p11, p13, p15, p17, p19, p21, p23, p25, p27, p29, p31, p33, p35, p37, p0, p1, p3, p4]
+436: p44 = getarrayitem_gc_pure_r(p40, 0, descr=<ArrayP 8>)
+440: p45 = getfield_gc_r(p1, descr=<FieldP rpyeffect.stored_environment.Stack__arb.inst_tail 8 pure>)
debug_merge_point(0, 0, '109<main.rpyeffect:101([k@[#163]#165])>+0: {"op": "Const". "type": "ptr". "out": 2. "format": "int". "value": "<IntValue object at 0x1305dfb20>"}')
debug_merge_point(0, 0, '109<main.rpyeffect:101([k@[#163]#165])>+1: {"op": "Push". "target": 108. "args": {"any": [0. 1]}}')
debug_merge_point(0, 0, '109<main.rpyeffect:101([k@[#163]#165])>+2: {"op": "Copy". "type": "any". "from": 2. "to". 0}')
debug_merge_point(0, 0, '109<main.rpyeffect:101([k@[#163]#165])>+3: {"op": "Jump". "target": 68}')
debug_merge_point(0, 0, '68<main.rpyeffect:60(Name(*_30))>+0: {"op": "New". "out": 0. "targets": [67]. "args": {"any": [0]}}')
debug_merge_point(0, 0, '68<main.rpyeffect:60(Name(*_30))>+1: {"op": "Return". "args": {"any": [0]}}')
debug_merge_point(0, 0, '108<main.rpyeffect:100([k@[k@[#163]#165]#169])>+0: {"op": "Push". "target": 107. "args": {"any": [1]}}')
debug_merge_point(0, 0, '108<main.rpyeffect:100([k@[k@[#163]#165]#169])>+1: {"op": "Copy". "type": "any". "from": 0. "to". 1}')
debug_merge_point(0, 0, '108<main.rpyeffect:100([k@[k@[#163]#165]#169])>+2: {"op": "Copy". "type": "any". "from": 2. "to". 0}')
debug_merge_point(0, 0, '108<main.rpyeffect:100([k@[k@[#163]#165]#169])>+3: {"op": "Invoke". "receiver": 1. "tag": Interned(apply). "args" : {"any": [0]}}')
debug_merge_point(0, 0, '67<main.rpyeffect:59([method_apply@Name(*_30)#89])>+0: {"op": "Jump". "target": 66}')
debug_merge_point(0, 0, '66<main.rpyeffect:58([mcore:[#26]#86])>+0: {"op": "PrimOp". "name": "infixMul(Int. Int): Int". "out": {"any": [0]}. "in": {"any": [1. 0]}}')
+444: i46 = getfield_gc_i(p44, descr=<FieldS rpyeffect.value.IntValue.inst_value 8 pure>)
+448: i48 = int_mul(503, i46)
debug_merge_point(0, 0, '66<main.rpyeffect:58([mcore:[#26]#86])>+1: {"op": "Return". "args": {"any": [0]}}')
debug_merge_point(0, 0, '107<main.rpyeffect:99([k@[k@[k@[#163]#165]#169]#171])>+0: {"op": "Push". "target": 106. "args": {"any": []}}')
debug_merge_point(0, 0, '107<main.rpyeffect:99([k@[k@[k@[#163]#165]#169]#171])>+1: {"op": "Invoke". "receiver": 1. "tag": Interned(apply). "args" : {"any": [0]}}')
debug_merge_point(0, 0, '73<main.rpyeffect:65([method_apply@Name(-_34)#96])>+0: {"op": "Jump". "target": 72}')
debug_merge_point(0, 0, '72<main.rpyeffect:64([mcore:[#27]#93])>+0: {"op": "PrimOp". "name": "infixSub(Int. Int): Int". "out": {"any": [0]}. "in": {"any": [1. 0]}}')
+456: i49 = getfield_gc_i(p7, descr=<FieldS rpyeffect.value.IntValue.inst_value 8 pure>)
+460: i50 = int_sub(i49, i48)
debug_merge_point(0, 0, '72<main.rpyeffect:64([mcore:[#27]#93])>+1: {"op": "Return". "args": {"any": [0]}}')
debug_merge_point(0, 0, '106<main.rpyeffect:98([k@[k@[k@[k@[#163]#165]#169]#171]#173])>+0: {"op": "Push". "target": 105. "args": {"any": []}}')
debug_merge_point(0, 0, '106<main.rpyeffect:98([k@[k@[k@[k@[#163]#165]#169]#171]#173])>+1: {"op": "Jump". "target": 59}')
debug_merge_point(0, 0, '59<main.rpyeffect:51(Name(+_27))>+0: {"op": "New". "out": 0. "targets": [58]. "args": {"any": [0]}}')
debug_merge_point(0, 0, '59<main.rpyeffect:51(Name(+_27))>+1: {"op": "Return". "args": {"any": [0]}}')
debug_merge_point(0, 0, '105<main.rpyeffect:97([#175])>+0: {"op": "Const". "type": "ptr". "out": 1. "format": "int". "value": "<IntValue object at 0x1305df310>"}')
debug_merge_point(0, 0, '105<main.rpyeffect:97([#175])>+1: {"op": "Push". "target": 104. "args": {"any": []}}')
debug_merge_point(0, 0, '105<main.rpyeffect:97([#175])>+2: {"op": "Swap". "type": "any". "a": 0. "b". 1}')
debug_merge_point(0, 0, '105<main.rpyeffect:97([#175])>+3: {"op": "Invoke". "receiver": 1. "tag": Interned(apply). "args" : {"any": [0]}}')
debug_merge_point(0, 0, '58<main.rpyeffect:50([method_apply@Name(+_27)#74])>+0: {"op": "Jump". "target": 57}')
debug_merge_point(0, 0, '57<main.rpyeffect:49([mcore:[#23]#71])>+0: {"op": "PrimOp". "name": "infixAdd(Int. Int): Int". "out": {"any": [0]}. "in": {"any": [1. 0]}}')
+464: i52 = int_add(i50, 37)
debug_merge_point(0, 0, '57<main.rpyeffect:49([mcore:[#23]#71])>+1: {"op": "Return". "args": {"any": [0]}}')
debug_merge_point(0, 0, '104<main.rpyeffect:96([k@[#175]#179])>+0: {"op": "Push". "target": 103. "args": {"any": []}}')
debug_merge_point(0, 0, '104<main.rpyeffect:96([k@[#175]#179])>+1: {"op": "Jump". "target": 70}')
debug_merge_point(0, 0, '70<main.rpyeffect:62(Name(abs_32))>+0: {"op": "PrimOp". "name": "abs(Int): Int". "out": {"any": [0]}. "in": {"any": [0]}}')
+468: i54 = int_rshift(i52, 63)
+476: i55 = int_xor(i52, i54)
+480: i56 = int_sub(i55, i54)
debug_merge_point(0, 0, '70<main.rpyeffect:62(Name(abs_32))>+1: {"op": "Return". "args": {"any": [0]}}')
debug_merge_point(0, 0, '103<main.rpyeffect:95([k@[k@[#175]#179]#181])>+0: {"op": "Push". "target": 102. "args": {"any": []}}')
debug_merge_point(0, 0, '103<main.rpyeffect:95([k@[k@[#175]#179]#181])>+1: {"op": "Jump". "target": 65}')
debug_merge_point(0, 0, '65<main.rpyeffect:57(Name(mod_29))>+0: {"op": "New". "out": 0. "targets": [64]. "args": {"any": [0]}}')
debug_merge_point(0, 0, '65<main.rpyeffect:57(Name(mod_29))>+1: {"op": "Return". "args": {"any": [0]}}')
debug_merge_point(0, 0, '102<main.rpyeffect:94([k@[k@[k@[#175]#179]#181]#183])>+0: {"op": "Const". "type": "ptr". "out": 1. "format": "int". "value": "<IntValue object at 0x1305df390>"}')
debug_merge_point(0, 0, '102<main.rpyeffect:94([k@[k@[k@[#175]#179]#181]#183])>+1: {"op": "Swap". "type": "any". "a": 0. "b". 1}')
debug_merge_point(0, 0, '102<main.rpyeffect:94([k@[k@[k@[#175]#179]#181]#183])>+2: {"op": "Invoke". "receiver": 1. "tag": Interned(apply). "args" : {"any": [0]}}')
debug_merge_point(0, 0, '64<main.rpyeffect:56([method_apply@Name(mod_29)#84])>+0: {"op": "Jump". "target": 63}')
debug_merge_point(0, 0, '63<main.rpyeffect:55([mcore:[#25]#81])>+0: {"op": "PrimOp". "name": "mod(Int. Int): Int". "out": {"any": [0]}. "in": {"any": [1. 0]}}')
+484: i58 = int_rshift(i56, 63)
+492: i59 = int_xor(i56, i58)
+496: i61 = uint_mul_high(i59, -9086255505087856445)
+516: i63 = uint_rshift(i61, 9)
+524: i64 = int_xor(i63, i58)
+528: i66 = int_mul(i64, 1009)
+536: i67 = int_sub(i56, i66)
debug_merge_point(0, 0, '63<main.rpyeffect:55([mcore:[#25]#81])>+1: {"op": "Return". "args": {"any": [0]}}')
+540: guard_nonnull(p45, descr=<Guard0x1305f7310>) [p2, p7, p9, p11, p13, p15, p17, p19, p21, p23, p25, p27, p29, p31, p33, p35, p37, p0, p1, p3, p4]
+548: i68 = getfield_gc_i(p45, descr=<FieldS rpyeffect.stored_environment.Stack__arb.inst_target 16 pure>)
+552: guard_value(i68, 110, descr=<Guard0x1305f7340>) [p2, p7, p9, p11, p13, p15, p17, p19, p21, p23, p25, p27, p29, p31, p33, p35, p37, p0, p1, p3, p4]
+564: p70 = getfield_gc_r(p45, descr=<FieldP rpyeffect.stored_environment.Stack__arb.inst_values_ptr 24 pure>)
+568: i71 = arraylen_gc(p70, descr=<ArrayP 8>)
+572: guard_value(i71, 1, descr=<Guard0x1305f7370>) [p2, p7, p9, p11, p13, p15, p17, p19, p21, p23, p25, p27, p29, p31, p33, p35, p37, p0, p1, p3, p4]
+584: p74 = getarrayitem_gc_pure_r(p70, 0, descr=<ArrayP 8>)
+588: p75 = getfield_gc_r(p45, descr=<FieldP rpyeffect.stored_environment.Stack__arb.inst_tail 8 pure>)
debug_merge_point(0, 0, '110<main.rpyeffect:102([#163])>+0: {"op": "Push". "target": 109. "args": {"any": [0]}}')
debug_merge_point(0, 0, '110<main.rpyeffect:102([#163])>+1: {"op": "Copy". "type": "any". "from": 1. "to". 0}')
debug_merge_point(0, 0, '110<main.rpyeffect:102([#163])>+2: {"op": "Jump". "target": 74}')
debug_merge_point(0, 0, '74<main.rpyeffect:66(Name(-_34))>+0: {"op": "New". "out": 0. "targets": [73]. "args": {"any": [0]}}')
+592: label(p0, p75, i67, p2, p3, p4, p74, p44, p13, p15, p17, p19, p21, p23, p25, p27, p29, p31, p33, p35, p37, descr=TargetToken(5106445536))
debug_merge_point(0, 0, '74<main.rpyeffect:66(Name(-_34))>+0: {"op": "New". "out": 0. "targets": [73]. "args": {"any": [0]}}')
+596: guard_not_invalidated(descr=<Guard0x1305dae30>) [p2, p74, p44, p13, p15, p17, p19, p21, p23, p25, p27, p29, p31, p33, p35, p37, p0, p3, p4, i67, p75]
debug_merge_point(0, 0, '74<main.rpyeffect:66(Name(-_34))>+1: {"op": "Return". "args": {"any": [0]}}')
debug_merge_point(0, 0, '109<main.rpyeffect:101([k@[#163]#165])>+0: {"op": "Const". "type": "ptr". "out": 2. "format": "int". "value": "<IntValue object at 0x1305dfb20>"}')
debug_merge_point(0, 0, '109<main.rpyeffect:101([k@[#163]#165])>+1: {"op": "Push". "target": 108. "args": {"any": [0. 1]}}')
debug_merge_point(0, 0, '109<main.rpyeffect:101([k@[#163]#165])>+2: {"op": "Copy". "type": "any". "from": 2. "to". 0}')
debug_merge_point(0, 0, '109<main.rpyeffect:101([k@[#163]#165])>+3: {"op": "Jump". "target": 68}')
debug_merge_point(0, 0, '68<main.rpyeffect:60(Name(*_30))>+0: {"op": "New". "out": 0. "targets": [67]. "args": {"any": [0]}}')
debug_merge_point(0, 0, '68<main.rpyeffect:60(Name(*_30))>+1: {"op": "Return". "args": {"any": [0]}}')
debug_merge_point(0, 0, '108<main.rpyeffect:100([k@[k@[#163]#165]#169])>+0: {"op": "Push". "target": 107. "args": {"any": [1]}}')
debug_merge_point(0, 0, '108<main.rpyeffect:100([k@[k@[#163]#165]#169])>+1: {"op": "Copy". "type": "any". "from": 0. "to". 1}')
debug_merge_point(0, 0, '108<main.rpyeffect:100([k@[k@[#163]#165]#169])>+2: {"op": "Copy". "type": "any". "from": 2. "to". 0}')
debug_merge_point(0, 0, '108<main.rpyeffect:100([k@[k@[#163]#165]#169])>+3: {"op": "Invoke". "receiver": 1. "tag": Interned(apply). "args" : {"any": [0]}}')
debug_merge_point(0, 0, '67<main.rpyeffect:59([method_apply@Name(*_30)#89])>+0: {"op": "Jump". "target": 66}')
debug_merge_point(0, 0, '66<main.rpyeffect:58([mcore:[#26]#86])>+0: {"op": "PrimOp". "name": "infixMul(Int. Int): Int". "out": {"any": [0]}. "in": {"any": [1. 0]}}')
+600: i77 = int_mul(503, i67)
debug_merge_point(0, 0, '66<main.rpyeffect:58([mcore:[#26]#86])>+1: {"op": "Return". "args": {"any": [0]}}')
debug_merge_point(0, 0, '107<main.rpyeffect:99([k@[k@[k@[#163]#165]#169]#171])>+0: {"op": "Push". "target": 106. "args": {"any": []}}')
debug_merge_point(0, 0, '107<main.rpyeffect:99([k@[k@[k@[#163]#165]#169]#171])>+1: {"op": "Invoke". "receiver": 1. "tag": Interned(apply). "args" : {"any": [0]}}')
debug_merge_point(0, 0, '73<main.rpyeffect:65([method_apply@Name(-_34)#96])>+0: {"op": "Jump". "target": 72}')
debug_merge_point(0, 0, '72<main.rpyeffect:64([mcore:[#27]#93])>+0: {"op": "PrimOp". "name": "infixSub(Int. Int): Int". "out": {"any": [0]}. "in": {"any": [1. 0]}}')
+608: i78 = getfield_gc_i(p74, descr=<FieldS rpyeffect.value.IntValue.inst_value 8 pure>)
+612: i79 = int_sub(i78, i77)
debug_merge_point(0, 0, '72<main.rpyeffect:64([mcore:[#27]#93])>+1: {"op": "Return". "args": {"any": [0]}}')
debug_merge_point(0, 0, '106<main.rpyeffect:98([k@[k@[k@[k@[#163]#165]#169]#171]#173])>+0: {"op": "Push". "target": 105. "args": {"any": []}}')
debug_merge_point(0, 0, '106<main.rpyeffect:98([k@[k@[k@[k@[#163]#165]#169]#171]#173])>+1: {"op": "Jump". "target": 59}')
debug_merge_point(0, 0, '59<main.rpyeffect:51(Name(+_27))>+0: {"op": "New". "out": 0. "targets": [58]. "args": {"any": [0]}}')
debug_merge_point(0, 0, '59<main.rpyeffect:51(Name(+_27))>+1: {"op": "Return". "args": {"any": [0]}}')
debug_merge_point(0, 0, '105<main.rpyeffect:97([#175])>+0: {"op": "Const". "type": "ptr". "out": 1. "format": "int". "value": "<IntValue object at 0x1305df310>"}')
debug_merge_point(0, 0, '105<main.rpyeffect:97([#175])>+1: {"op": "Push". "target": 104. "args": {"any": []}}')
debug_merge_point(0, 0, '105<main.rpyeffect:97([#175])>+2: {"op": "Swap". "type": "any". "a": 0. "b". 1}')
debug_merge_point(0, 0, '105<main.rpyeffect:97([#175])>+3: {"op": "Invoke". "receiver": 1. "tag": Interned(apply). "args" : {"any": [0]}}')
debug_merge_point(0, 0, '58<main.rpyeffect:50([method_apply@Name(+_27)#74])>+0: {"op": "Jump". "target": 57}')
debug_merge_point(0, 0, '57<main.rpyeffect:49([mcore:[#23]#71])>+0: {"op": "PrimOp". "name": "infixAdd(Int. Int): Int". "out": {"any": [0]}. "in": {"any": [1. 0]}}')
+616: i81 = int_add(i79, 37)
debug_merge_point(0, 0, '57<main.rpyeffect:49([mcore:[#23]#71])>+1: {"op": "Return". "args": {"any": [0]}}')
debug_merge_point(0, 0, '104<main.rpyeffect:96([k@[#175]#179])>+0: {"op": "Push". "target": 103. "args": {"any": []}}')
debug_merge_point(0, 0, '104<main.rpyeffect:96([k@[#175]#179])>+1: {"op": "Jump". "target": 70}')
debug_merge_point(0, 0, '70<main.rpyeffect:62(Name(abs_32))>+0: {"op": "PrimOp". "name": "abs(Int): Int". "out": {"any": [0]}. "in": {"any": [0]}}')
+620: i83 = int_rshift(i81, 63)
+628: i84 = int_xor(i81, i83)
+632: i85 = int_sub(i84, i83)
debug_merge_point(0, 0, '70<main.rpyeffect:62(Name(abs_32))>+1: {"op": "Return". "args": {"any": [0]}}')
debug_merge_point(0, 0, '103<main.rpyeffect:95([k@[k@[#175]#179]#181])>+0: {"op": "Push". "target": 102. "args": {"any": []}}')
debug_merge_point(0, 0, '103<main.rpyeffect:95([k@[k@[#175]#179]#181])>+1: {"op": "Jump". "target": 65}')
debug_merge_point(0, 0, '65<main.rpyeffect:57(Name(mod_29))>+0: {"op": "New". "out": 0. "targets": [64]. "args": {"any": [0]}}')
debug_merge_point(0, 0, '65<main.rpyeffect:57(Name(mod_29))>+1: {"op": "Return". "args": {"any": [0]}}')
debug_merge_point(0, 0, '102<main.rpyeffect:94([k@[k@[k@[#175]#179]#181]#183])>+0: {"op": "Const". "type": "ptr". "out": 1. "format": "int". "value": "<IntValue object at 0x1305df390>"}')
debug_merge_point(0, 0, '102<main.rpyeffect:94([k@[k@[k@[#175]#179]#181]#183])>+1: {"op": "Swap". "type": "any". "a": 0. "b". 1}')
debug_merge_point(0, 0, '102<main.rpyeffect:94([k@[k@[k@[#175]#179]#181]#183])>+2: {"op": "Invoke". "receiver": 1. "tag": Interned(apply). "args" : {"any": [0]}}')
debug_merge_point(0, 0, '64<main.rpyeffect:56([method_apply@Name(mod_29)#84])>+0: {"op": "Jump". "target": 63}')
debug_merge_point(0, 0, '63<main.rpyeffect:55([mcore:[#25]#81])>+0: {"op": "PrimOp". "name": "mod(Int. Int): Int". "out": {"any": [0]}. "in": {"any": [1. 0]}}')
+636: i87 = int_rshift(i85, 63)
+644: i88 = int_xor(i85, i87)
+648: i90 = uint_mul_high(i88, -9086255505087856445)
+668: i92 = uint_rshift(i90, 9)
+676: i93 = int_xor(i92, i87)
+680: i95 = int_mul(i93, 1009)
+688: i96 = int_sub(i85, i95)
debug_merge_point(0, 0, '63<main.rpyeffect:55([mcore:[#25]#81])>+1: {"op": "Return". "args": {"any": [0]}}')
+692: guard_nonnull(p75, descr=<Guard0x1305f73a0>) [p2, p74, p44, p13, p15, p17, p19, p21, p23, p25, p27, p29, p31, p33, p35, p37, p0, p3, p4, i67, p75]
+700: i97 = getfield_gc_i(p75, descr=<FieldS rpyeffect.stored_environment.Stack__arb.inst_target 16 pure>)
+704: guard_value(i97, 110, descr=<Guard0x1305f73d0>) [p2, p74, p44, p13, p15, p17, p19, p21, p23, p25, p27, p29, p31, p33, p35, p37, p0, p3, p4, i67, p75]
+716: p99 = getfield_gc_r(p75, descr=<FieldP rpyeffect.stored_environment.Stack__arb.inst_values_ptr 24 pure>)
+720: i100 = arraylen_gc(p99, descr=<ArrayP 8>)
+724: guard_value(i100, 1, descr=<Guard0x1305f7400>) [p2, p74, p44, p13, p15, p17, p19, p21, p23, p25, p27, p29, p31, p33, p35, p37, p0, p3, p4, i67, p75]
+736: p103 = getarrayitem_gc_pure_r(p99, 0, descr=<ArrayP 8>)
+740: p104 = getfield_gc_r(p75, descr=<FieldP rpyeffect.stored_environment.Stack__arb.inst_tail 8 pure>)
debug_merge_point(0, 0, '110<main.rpyeffect:102([#163])>+0: {"op": "Push". "target": 109. "args": {"any": [0]}}')
debug_merge_point(0, 0, '110<main.rpyeffect:102([#163])>+1: {"op": "Copy". "type": "any". "from": 1. "to". 0}')
debug_merge_point(0, 0, '110<main.rpyeffect:102([#163])>+2: {"op": "Jump". "target": 74}')
debug_merge_point(0, 0, '74<main.rpyeffect:66(Name(-_34))>+0: {"op": "New". "out": 0. "targets": [73]. "args": {"any": [0]}}')
+744: p105 = new_with_vtable(descr=<SizeDescr 16>)
+856: setfield_gc(p105, i67, descr=<FieldS rpyeffect.value.IntValue.inst_value 8 pure>)
+860: jump(p0, p104, i96, p2, p3, p4, p103, p105, p13, p15, p17, p19, p21, p23, p25, p27, p29, p31, p33, p35, p37, descr=TargetToken(5106445536))
+876: --end of the loop--
[aab2bb] jit-log-opt-loop}
[e8aa56] {jit-log-opt-loop
# Loop 3 (73<main.rpyeffect:65([method_apply@Name(-_34)#96])>+0: {"op": "Jump", "target": 72}) : entry bridge with 114 ops
[p0, p1, p2, p3, p4]
+232: p5 = getfield_gc_r(p2, descr=<FieldP rpyeffect.environment.Environment.inst_values_ptr 16>)
+240: p7 = getarrayitem_gc_r(p5, 0, descr=<ArrayP 8>)
+244: p9 = getarrayitem_gc_r(p5, 1, descr=<ArrayP 8>)
+248: p11 = getarrayitem_gc_r(p5, 2, descr=<ArrayP 8>)
+252: p13 = getarrayitem_gc_r(p5, 3, descr=<ArrayP 8>)
+256: p15 = getarrayitem_gc_r(p5, 4, descr=<ArrayP 8>)
+260: p17 = getarrayitem_gc_r(p5, 5, descr=<ArrayP 8>)
+264: p19 = getarrayitem_gc_r(p5, 6, descr=<ArrayP 8>)
+268: p21 = getarrayitem_gc_r(p5, 7, descr=<ArrayP 8>)
+272: p23 = getarrayitem_gc_r(p5, 8, descr=<ArrayP 8>)
+276: p25 = getarrayitem_gc_r(p5, 9, descr=<ArrayP 8>)
+280: p27 = getarrayitem_gc_r(p5, 10, descr=<ArrayP 8>)
+284: p29 = getarrayitem_gc_r(p5, 11, descr=<ArrayP 8>)
+288: p31 = getarrayitem_gc_r(p5, 12, descr=<ArrayP 8>)
+292: p33 = getarrayitem_gc_r(p5, 13, descr=<ArrayP 8>)
+296: p35 = getarrayitem_gc_r(p5, 14, descr=<ArrayP 8>)
+300: p37 = getarrayitem_gc_r(p5, 15, descr=<ArrayP 8>)
debug_merge_point(0, 0, '73<main.rpyeffect:65([method_apply@Name(-_34)#96])>+0: {"op": "Jump". "target": 72}')
+304: guard_not_invalidated(descr=<Guard0x1305db148>) [p2, p7, p9, p11, p13, p15, p17, p19, p21, p23, p25, p27, p29, p31, p33, p35, p37, p0, p1, p3, p4]
debug_merge_point(0, 0, '72<main.rpyeffect:64([mcore:[#27]#93])>+0: {"op": "PrimOp". "name": "infixSub(Int. Int): Int". "out": {"any": [0]}. "in": {"any": [1. 0]}}')
+308: i38 = getfield_gc_i(p9, descr=<FieldS rpyeffect.value.IntValue.inst_value 8 pure>)
+316: i39 = getfield_gc_i(p7, descr=<FieldS rpyeffect.value.IntValue.inst_value 8 pure>)
+324: i40 = int_sub(i38, i39)
debug_merge_point(0, 0, '72<main.rpyeffect:64([mcore:[#27]#93])>+1: {"op": "Return". "args": {"any": [0]}}')
+328: guard_nonnull(p1, descr=<Guard0x1305f7c10>) [p2, p7, p9, p11, p13, p15, p17, p19, p21, p23, p25, p27, p29, p31, p33, p35, p37, p0, p1, p3, p4]
+340: i41 = getfield_gc_i(p1, descr=<FieldS rpyeffect.stored_environment.Stack__arb.inst_target 16 pure>)
+352: guard_value(i41, 120, descr=<Guard0x1305f7c40>) [p2, p7, p9, p11, p13, p15, p17, p19, p21, p23, p25, p27, p29, p31, p33, p35, p37, p0, p1, p3, p4]
+364: p43 = getfield_gc_r(p1, descr=<FieldP rpyeffect.stored_environment.Stack__arb.inst_values_ptr 24 pure>)
+368: i44 = arraylen_gc(p43, descr=<ArrayP 8>)
+376: guard_value(i44, 2, descr=<Guard0x1305f7c70>) [p2, p7, p9, p11, p13, p15, p17, p19, p21, p23, p25, p27, p29, p31, p33, p35, p37, p0, p1, p3, p4]
+388: p47 = getarrayitem_gc_pure_r(p43, 0, descr=<ArrayP 8>)
+392: p49 = getarrayitem_gc_pure_r(p43, 1, descr=<ArrayP 8>)
+396: p50 = getfield_gc_r(p1, descr=<FieldP rpyeffect.stored_environment.Stack__arb.inst_tail 8 pure>)
debug_merge_point(0, 0, '120<main.rpyeffect:112([#213])>+0: {"op": "Const". "type": "ptr". "out": 3. "format": "string". "value": "Name(Operator_0)"}')
debug_merge_point(0, 0, '120<main.rpyeffect:112([#213])>+1: {"op": "PrimOp". "name": "getGlobal(String): Ptr". "out": {"any": [3]}. "in": {"any": [3]}}')
debug_merge_point(0, 0, '120<main.rpyeffect:112([#213])>+2: {"op": "Push". "target": 119. "args": {"any": [1. 2]}}')
debug_merge_point(0, 0, '120<main.rpyeffect:112([#213])>+3: {"op": "Copy". "type": "any". "from": 1. "to". 2}')
debug_merge_point(0, 0, '120<main.rpyeffect:112([#213])>+4: {"op": "Copy". "type": "any". "from": 3. "to". 1}')
debug_merge_point(0, 0, '120<main.rpyeffect:112([#213])>+5: {"op": "Jump". "target": 129}')
debug_merge_point(0, 0, '129<main.rpyeffect:121(Name(step_102))>+0: {"op": "New". "out": 0. "targets": [128]. "args": {"any": [2. 0]}}')
debug_merge_point(0, 0, '129<main.rpyeffect:121(Name(step_102))>+1: {"op": "Return". "args": {"any": [0]}}')
debug_merge_point(0, 0, '119<main.rpyeffect:111([k@[#213]#218])>+0: {"op": "New". "out": 1. "targets": [117]. "args": {"any": [1. 2]}}')
debug_merge_point(0, 0, '119<main.rpyeffect:111([k@[#213]#218])>+1: {"op": "Const". "type": "ptr". "out": 2. "format": "string". "value": "Name(Operator_0)"}')
debug_merge_point(0, 0, '119<main.rpyeffect:111([k@[#213]#218])>+2: {"op": "PrimOp". "name": "getGlobal(String): Ptr". "out": {"any": [2]}. "in": {"any": [2]}}')
debug_merge_point(0, 0, '119<main.rpyeffect:111([k@[#213]#218])>+3: {"op": "Push". "target": 118. "args": {"any": [0]}}')
debug_merge_point(0, 0, '119<main.rpyeffect:111([k@[#213]#218])>+4: {"op": "Copy". "type": "any". "from": 1. "to". 0}')
debug_merge_point(0, 0, '119<main.rpyeffect:111([k@[#213]#218])>+5: {"op": "Copy". "type": "any". "from": 2. "to". 1}')
debug_merge_point(0, 0, '119<main.rpyeffect:111([k@[#213]#218])>+6: {"op": "Jump". "target": 113}')
debug_merge_point(0, 0, '113<main.rpyeffect:105([mcore:[#43]#152])>+0: {"op": "New". "out": 1. "targets": [111]. "args": {"any": []}}')
debug_merge_point(0, 0, '113<main.rpyeffect:105([mcore:[#43]#152])>+1: {"op": "Const". "type": "ptr". "out": 2. "format": "string". "value": "Name(Operator_0)"}')
debug_merge_point(0, 0, '113<main.rpyeffect:105([mcore:[#43]#152])>+2: {"op": "PrimOp". "name": "getGlobal(String): Ptr". "out": {"any": [2]}. "in": {"any": [2]}}')
debug_merge_point(0, 0, '113<main.rpyeffect:105([mcore:[#43]#152])>+3: {"op": "NewStackWithBinding". "out": 1. "target": 112. "region": 2. "args": {"any": []}. "label": 2. "binding": 1}')
debug_merge_point(0, 0, '113<main.rpyeffect:105([mcore:[#43]#152])>+4: {"op": "PushStack". "arg": 1}')
+412: i52 = instance_ptr_eq(p4, ConstPtr(ptr51))
guard_true(i52, descr=<Guard0x1305f7ca0>) [p2, p7, p9, p11, p13, p15, p17, p19, p21, p23, p25, p27, p29, p31, p33, p35, p37, p0, p1, p3, p4]
debug_merge_point(0, 0, '113<main.rpyeffect:105([mcore:[#43]#152])>+5: {"op": "Invoke". "receiver": 0. "tag": Interned(apply). "args" : {"any": []}}')
debug_merge_point(0, 0, '117<main.rpyeffect:109([method_apply@[k@[#213]#218]#220])>+0: {"op": "Const". "type": "ptr". "out": 2. "format": "string". "value": "Name(Operator_0)"}')
debug_merge_point(0, 0, '117<main.rpyeffect:109([method_apply@[k@[#213]#218]#220])>+1: {"op": "PrimOp". "name": "getGlobal(String): Ptr". "out": {"any": [2]}. "in": {"any": [2]}}')
debug_merge_point(0, 0, '117<main.rpyeffect:109([method_apply@[k@[#213]#218]#220])>+2: {"op": "Swap". "type": "any". "a": 2. "b". 1}')
debug_merge_point(0, 0, '117<main.rpyeffect:109([method_apply@[k@[#213]#218]#220])>+3: {"op": "Swap". "type": "any". "a": 0. "b". 1}')
debug_merge_point(0, 0, '117<main.rpyeffect:109([method_apply@[k@[#213]#218]#220])>+4: {"op": "Jump". "target": 115}')
debug_merge_point(0, 0, '115<main.rpyeffect:107([mcore:[#44]#192])>+0: {"op": "Const". "type": "ptr". "out": 0. "format": "string". "value": "Name(Operator_0)"}')
debug_merge_point(0, 0, '115<main.rpyeffect:107([mcore:[#44]#192])>+1: {"op": "PrimOp". "name": "getGlobal(String): Ptr". "out": {"any": [0]}. "in": {"any": [0]}}')
debug_merge_point(0, 0, '115<main.rpyeffect:107([mcore:[#44]#192])>+2: {"op": "Push". "target": 114. "args": {"any": [2]}}')
debug_merge_point(0, 0, '115<main.rpyeffect:107([mcore:[#44]#192])>+3: {"op": "Swap". "type": "any". "a": 0. "b". 1}')
debug_merge_point(0, 0, '115<main.rpyeffect:107([mcore:[#44]#192])>+4: {"op": "Jump". "target": 100}')
debug_merge_point(0, 0, '100<main.rpyeffect:92(Name(loop_50))>+0: {"op": "New". "out": 0. "targets": [99]. "args": {"any": [0]}}')
debug_merge_point(0, 0, '100<main.rpyeffect:92(Name(loop_50))>+1: {"op": "Return". "args": {"any": [0]}}')
debug_merge_point(0, 0, '114<main.rpyeffect:106([k@[mcore:[#44]#192]#197])>+0: {"op": "Swap". "type": "any". "a": 0. "b". 1}')
debug_merge_point(0, 0, '114<main.rpyeffect:106([k@[mcore:[#44]#192]#197])>+1: {"op": "Invoke". "receiver": 1. "tag": Interned(apply). "args" : {"any": [0]}}')
debug_merge_point(0, 0, '99<main.rpyeffect:91([method_apply@Name(loop_50)#147])>+0: {"op": "Const". "type": "ptr". "out": 2. "format": "string". "value": "Name(Operator_0)"}')
debug_merge_point(0, 0, '99<main.rpyeffect:91([method_apply@Name(loop_50)#147])>+1: {"op": "PrimOp". "name": "getGlobal(String): Ptr". "out": {"any": [2]}. "in": {"any": [2]}}')
debug_merge_point(0, 0, '99<main.rpyeffect:91([method_apply@Name(loop_50)#147])>+2: {"op": "Swap". "type": "any". "a": 2. "b". 1}')
debug_merge_point(0, 0, '99<main.rpyeffect:91([method_apply@Name(loop_50)#147])>+3: {"op": "Jump". "target": 98}')
debug_merge_point(0, 0, '98<main.rpyeffect:90([mcore:[#34]#113])>+0: {"op": "Push". "target": 97. "args": {"any": [0. 2]}}')
debug_merge_point(0, 0, '98<main.rpyeffect:90([mcore:[#34]#113])>+1: {"op": "Copy". "type": "any". "from": 2. "to". 0}')
debug_merge_point(0, 0, '98<main.rpyeffect:90([mcore:[#34]#113])>+2: {"op": "Jump". "target": 10}')
debug_merge_point(0, 0, '10<main.rpyeffect:2(Name(=_0))>+0: {"op": "New". "out": 0. "targets": [9]. "args": {"any": [0]}}')
+428: p53 = new_with_vtable(descr=<SizeDescr 32>)
+540: p54 = new_with_vtable(descr=<SizeDescr 32>)
+552: setfield_gc(p54, ConstPtr(null), descr=<FieldP rpyeffect.stored_environment.Stack__arb.inst_tail 8 pure>)
+560: setfield_gc(p54, 112, descr=<FieldS rpyeffect.stored_environment.Stack__arb.inst_target 16 pure>)
+568: p58 = new_array_clear(0, descr=<ArrayP 8>)
+588: setfield_gc(p54, p58, descr=<FieldP rpyeffect.stored_environment.Stack__arb.inst_values_ptr 24 pure>)
+592: p60 = new_array_clear(2, descr=<ArrayP 8>)
+612: setarrayitem_gc(p60, 0, p49, descr=<ArrayP 8>)
+616: setarrayitem_gc(p60, 1, p47, descr=<ArrayP 8>)
+620: p63 = new_with_vtable(descr=<SizeDescr 40>)
+632: p64 = new_with_vtable(descr=<SizeDescr 32>)
+644: setfield_gc(p64, p50, descr=<FieldP rpyeffect.stored_environment.Stack__arb.inst_tail 8 pure>)
+648: setfield_gc(p64, 118, descr=<FieldS rpyeffect.stored_environment.Stack__arb.inst_target 16 pure>)
+656: p67 = new_array_clear(1, descr=<ArrayP 8>)
+676: p68 = new_with_vtable(descr=<SizeDescr 24>)
+692: setfield_gc(p68, ConstPtr(ptr69), descr=<FieldP rpyeffect.codata.CoData.inst_vtable 8 pure>)
+696: p71 = new_array_clear(2, descr=<ArrayP 8>)
+716: setarrayitem_gc(p71, 0, p47, descr=<ArrayP 8>)
+720: p73 = new_with_vtable(descr=<SizeDescr 16>)
+732: setfield_gc(p73, i40, descr=<FieldS rpyeffect.value.IntValue.inst_value 8 pure>)
+736: setarrayitem_gc(p71, 1, p73, descr=<ArrayP 8>)
+740: setfield_gc(p68, p71, descr=<FieldP rpyeffect.stored_environment.CoData__arb.inst_values_ptr 16 pure>)
+744: setarrayitem_gc(p67, 0, p68, descr=<ArrayP 8>)
+748: setfield_gc(p64, p67, descr=<FieldP rpyeffect.stored_environment.Stack__arb.inst_values_ptr 24 pure>)
+752: p76 = new_with_vtable(descr=<SizeDescr 24>)
+764: p78 = new_array_clear(0, descr=<ArrayP 8>)
+784: setfield_gc(p53, 97, descr=<FieldS rpyeffect.stored_environment.Stack__arb.inst_target 16 pure>)
+792: setfield_gc(p53, p60, descr=<FieldP rpyeffect.stored_environment.Stack__arb.inst_values_ptr 24 pure>)
+796: setfield_gc(p53, p54, descr=<FieldP rpyeffect.stored_environment.Stack__arb.inst_tail 8 pure>)
+800: setfield_gc(p63, p64, descr=<FieldP rpyeffect.stack.MetaStackLike.inst_stack 8 pure>)
+804: setfield_gc(p63, p0, descr=<FieldP rpyeffect.stack.MetaStack.inst_label 16 pure>)
+812: setfield_gc(p63, ConstPtr(null), descr=<FieldP rpyeffect.stack.MetaStack.inst_region 24 pure>)
+820: setfield_gc(p63, p3, descr=<FieldP rpyeffect.stack.MetaStack.inst_tail 32 pure>)
+832: setfield_gc(p76, ConstPtr(ptr81), descr=<FieldP rpyeffect.codata.CoData.inst_vtable 8 pure>)
+836: setfield_gc(p76, p78, descr=<FieldP rpyeffect.stored_environment.CoData__arb.inst_values_ptr 16 pure>)
+844: jump(ConstPtr(ptr82), p53, p2, p63, p76, p47, ConstPtr(ptr83), p47, ConstPtr(ptr84), p15, p17, p19, p21, p23, p25, p27, p29, p31, p33, p35, p37, descr=TargetToken(5106445344))
+1040: --end of the loop--
[ea110f] jit-log-opt-loop}
[14d070b] {jit-log-opt-loop
# Loop 4 (9<main.rpyeffect:1([method_apply@Name(=_0)#6])>+0: {"op": "Jump", "target": 8}) : entry bridge with 56 ops
[p0, p1, p2, p3, p4]
+216: p5 = getfield_gc_r(p2, descr=<FieldP rpyeffect.environment.Environment.inst_values_ptr 16>)
+224: p7 = getarrayitem_gc_r(p5, 0, descr=<ArrayP 8>)
+228: p9 = getarrayitem_gc_r(p5, 1, descr=<ArrayP 8>)
+232: p11 = getarrayitem_gc_r(p5, 2, descr=<ArrayP 8>)
+236: p13 = getarrayitem_gc_r(p5, 3, descr=<ArrayP 8>)
+240: p15 = getarrayitem_gc_r(p5, 4, descr=<ArrayP 8>)
+244: p17 = getarrayitem_gc_r(p5, 5, descr=<ArrayP 8>)
+248: p19 = getarrayitem_gc_r(p5, 6, descr=<ArrayP 8>)
+252: p21 = getarrayitem_gc_r(p5, 7, descr=<ArrayP 8>)
+256: p23 = getarrayitem_gc_r(p5, 8, descr=<ArrayP 8>)
+260: p25 = getarrayitem_gc_r(p5, 9, descr=<ArrayP 8>)
+264: p27 = getarrayitem_gc_r(p5, 10, descr=<ArrayP 8>)
+268: p29 = getarrayitem_gc_r(p5, 11, descr=<ArrayP 8>)
+272: p31 = getarrayitem_gc_r(p5, 12, descr=<ArrayP 8>)
+276: p33 = getarrayitem_gc_r(p5, 13, descr=<ArrayP 8>)
+280: p35 = getarrayitem_gc_r(p5, 14, descr=<ArrayP 8>)
+284: p37 = getarrayitem_gc_r(p5, 15, descr=<ArrayP 8>)
debug_merge_point(0, 0, '9<main.rpyeffect:1([method_apply@Name(=_0)#6])>+0: {"op": "Jump". "target": 8}')
+288: guard_not_invalidated(descr=<Guard0x1305db268>) [p2, p7, p9, p11, p13, p15, p17, p19, p21, p23, p25, p27, p29, p31, p33, p35, p37, p0, p1, p3, p4]
debug_merge_point(0, 0, '8<main.rpyeffect:0([mcore:[#11]#3])>+0: {"op": "PrimOp". "name": "equals(Any. Any): Bool". "out": {"any": [0]}. "in": {"any": [1. 0]}}')
+292: guard_class(p9, ConstClass(IntValue), descr=<Guard0x130f3e050>) [p2, p7, p9, p11, p13, p15, p17, p19, p21, p23, p25, p27, p29, p31, p33, p35, p37, p0, p1, p3, p4]
+308: guard_nonnull_class(p7, ConstClass(IntValue), descr=<Guard0x1305db2b0>) [p2, p7, p9, p11, p13, p15, p17, p19, p21, p23, p25, p27, p29, p31, p33, p35, p37, p0, p1, p3, p4]
+332: i40 = getfield_gc_i(p9, descr=<FieldS rpyeffect.value.IntValue.inst_value 8 pure>)
+340: i41 = getfield_gc_i(p7, descr=<FieldS rpyeffect.value.IntValue.inst_value 8 pure>)
+348: i42 = int_eq(i40, i41)
debug_merge_point(0, 0, '8<main.rpyeffect:0([mcore:[#11]#3])>+1: {"op": "Return". "args": {"any": [0]}}')
+356: guard_nonnull(p1, descr=<Guard0x130f3e080>) [p2, p7, p9, p11, p13, p15, p17, p19, p21, p23, p25, p27, p29, p31, p33, p35, p37, p0, p1, p3, p4]
+368: i43 = getfield_gc_i(p1, descr=<FieldS rpyeffect.stored_environment.Stack__arb.inst_target 16 pure>)
+380: guard_value(i43, 125, descr=<Guard0x130f3e0b0>) [p2, p7, p9, p11, p13, p15, p17, p19, p21, p23, p25, p27, p29, p31, p33, p35, p37, p0, p1, p3, p4]
+392: p45 = getfield_gc_r(p1, descr=<FieldP rpyeffect.stored_environment.Stack__arb.inst_values_ptr 24 pure>)
+396: i46 = arraylen_gc(p45, descr=<ArrayP 8>)
+404: guard_value(i46, 3, descr=<Guard0x130f3e0e0>) [p2, p7, p9, p11, p13, p15, p17, p19, p21, p23, p25, p27, p29, p31, p33, p35, p37, p0, p1, p3, p4]
+416: p49 = getarrayitem_gc_pure_r(p45, 0, descr=<ArrayP 8>)
+420: p51 = getarrayitem_gc_pure_r(p45, 1, descr=<ArrayP 8>)
+428: p53 = getarrayitem_gc_pure_r(p45, 2, descr=<ArrayP 8>)
+432: p54 = getfield_gc_r(p1, descr=<FieldP rpyeffect.stored_environment.Stack__arb.inst_tail 8 pure>)
debug_merge_point(0, 0, '125<main.rpyeffect:117([k@[k@[mcore:[#45]#198]#200]#204])>+0: {"op": "Switch". "scrutinee": 0. "values": [<BoolValue object at 0x1305df750>]. "targets": [116]. "default": 124}')
+440: guard_false(i42, descr=<Guard0x130f3e110>) [p2, p7, p9, p11, p13, p15, p17, p19, p21, p23, p25, p27, p29, p31, p33, p35, p37, p0, p1, p3, p4]
debug_merge_point(0, 0, '124<main.rpyeffect:116([switch default case#206])>+0: {"op": "Swap". "type": "any". "a": 0. "b". 1}')
debug_merge_point(0, 0, '124<main.rpyeffect:116([switch default case#206])>+1: {"op": "Swap". "type": "any". "a": 3. "b". 1}')
debug_merge_point(0, 0, '124<main.rpyeffect:116([switch default case#206])>+2: {"op": "Swap". "type": "any". "a": 2. "b". 1}')
debug_merge_point(0, 0, '124<main.rpyeffect:116([switch default case#206])>+3: {"op": "Switch". "scrutinee": 3. "values": [<BoolValue object at 0x1305df760>]. "targets": [122]. "default": 123}')
debug_merge_point(0, 0, '122<main.rpyeffect:114([switch case for Bool(false)#207])>+0: {"op": "Push". "target": 121. "args": {"any": [0. 1]}}')
debug_merge_point(0, 0, '122<main.rpyeffect:114([switch case for Bool(false)#207])>+1: {"op": "Copy". "type": "any". "from": 2. "to". 0}')
debug_merge_point(0, 0, '122<main.rpyeffect:114([switch case for Bool(false)#207])>+2: {"op": "Jump". "target": 74}')
debug_merge_point(0, 0, '74<main.rpyeffect:66(Name(-_34))>+0: {"op": "New". "out": 0. "targets": [73]. "args": {"any": [0]}}')
+448: p55 = new_with_vtable(descr=<SizeDescr 32>)
+560: p57 = new_array_clear(2, descr=<ArrayP 8>)
+580: setarrayitem_gc(p57, 0, p49, descr=<ArrayP 8>)
+584: setarrayitem_gc(p57, 1, p51, descr=<ArrayP 8>)
+588: p60 = new_with_vtable(descr=<SizeDescr 16>)
+600: setfield_gc(p55, 121, descr=<FieldS rpyeffect.stored_environment.Stack__arb.inst_target 16 pure>)
+608: setfield_gc(p55, p57, descr=<FieldP rpyeffect.stored_environment.Stack__arb.inst_values_ptr 24 pure>)
+612: setfield_gc(p55, p54, descr=<FieldP rpyeffect.stored_environment.Stack__arb.inst_tail 8 pure>)
+616: setfield_gc(p60, 0, descr=<FieldU rpyeffect.value.BoolValue.inst_value 8 pure>)
+624: jump(p0, p55, p2, p3, p4, p53, p51, p53, p60, p15, p17, p19, p21, p23, p25, p27, p29, p31, p33, p35, p37, descr=TargetToken(5106445472))
+804: --end of the loop--
[14e2721] jit-log-opt-loop}
[2c1d244] {jit-log-opt-bridge
# bridge out of Guard 0x1305f7130 with 37 ops
[p0, p1, p2, p3, p4, p5, p6, p7, p8, p9, p10, p11, p12, p13, p14, p15, p16, p17, p18, p19, p20, i21]
+136: guard_not_invalidated(descr=<Guard0x1305db3d0>) [p0, p1, p2, p3, p4, p5, p6, p7, p8, p9, p10, p11, p12, p13, p14, p15, p16, p17, p18, p19, p20, i21]
debug_merge_point(0, 0, '10<main.rpyeffect:2(Name(=_0))>+1: {"op": "Return". "args": {"any": [0]}}')
debug_merge_point(0, 0, '97<main.rpyeffect:89([k@[mcore:[#34]#113]#115])>+0: {"op": "Const". "type": "ptr". "out": 3. "format": "int". "value": "<IntValue object at 0x1305df480>"}')
debug_merge_point(0, 0, '97<main.rpyeffect:89([k@[mcore:[#34]#113]#115])>+1: {"op": "Push". "target": 96. "args": {"any": [1. 2]}}')
debug_merge_point(0, 0, '97<main.rpyeffect:89([k@[mcore:[#34]#113]#115])>+2: {"op": "Copy". "type": "any". "from": 0. "to". 1}')
debug_merge_point(0, 0, '97<main.rpyeffect:89([k@[mcore:[#34]#113]#115])>+3: {"op": "Copy". "type": "any". "from": 3. "to". 0}')
debug_merge_point(0, 0, '97<main.rpyeffect:89([k@[mcore:[#34]#113]#115])>+4: {"op": "Invoke". "receiver": 1. "tag": Interned(apply). "args" : {"any": [0]}}')
debug_merge_point(0, 0, '9<main.rpyeffect:1([method_apply@Name(=_0)#6])>+0: {"op": "Jump". "target": 8}')
debug_merge_point(0, 0, '8<main.rpyeffect:0([mcore:[#11]#3])>+0: {"op": "PrimOp". "name": "equals(Any. Any): Bool". "out": {"any": [0]}. "in": {"any": [1. 0]}}')
+140: i23 = int_eq(i21, 0)
debug_merge_point(0, 0, '8<main.rpyeffect:0([mcore:[#11]#3])>+1: {"op": "Return". "args": {"any": [0]}}')
debug_merge_point(0, 0, '96<main.rpyeffect:88([k@[k@[mcore:[#34]#113]#115]#119])>+0: {"op": "Switch". "scrutinee": 0. "values": [<BoolValue object at 0x1305df490>]. "targets": [88]. "default": 95}')
guard_true(i23, descr=<Guard0x130f3e440>) [p0, p1, p2, p3, p4, p5, p6, p7, p8, p9, p10, p11, p12, p13, p14, p15, p16, p17, p18, p19, p20, i21]
debug_merge_point(0, 0, '88<main.rpyeffect:80([switch case for Bool(true)#120])>+0: {"op": "Copy". "type": "any". "from": 1. "to". 0}')
debug_merge_point(0, 0, '88<main.rpyeffect:80([switch case for Bool(true)#120])>+1: {"op": "Return". "args": {"any": [0]}}')
+148: guard_nonnull(p20, descr=<Guard0x130f3e470>) [p0, p1, p2, p3, p4, p5, p6, p7, p8, p9, p10, p11, p12, p13, p14, p15, p16, p17, p18, p19, p20, i21]
+160: i24 = getfield_gc_i(p20, descr=<FieldS rpyeffect.stored_environment.Stack__arb.inst_target 16 pure>)
+168: guard_value(i24, 112, descr=<Guard0x130f3e4a0>) [p0, p1, p2, p3, p4, p5, p6, p7, p8, p9, p10, p11, p12, p13, p14, p15, p16, p17, p18, p19, p20, i21]
+180: p26 = getfield_gc_r(p20, descr=<FieldP rpyeffect.stored_environment.Stack__arb.inst_values_ptr 24 pure>)
+184: i27 = arraylen_gc(p26, descr=<ArrayP 8>)
+188: guard_value(i27, 0, descr=<Guard0x130f3e4d0>) [p0, p1, p2, p3, p4, p5, p6, p7, p8, p9, p10, p11, p12, p13, p14, p15, p16, p17, p18, p19, p20, i21]
+200: p29 = getfield_gc_r(p20, descr=<FieldP rpyeffect.stored_environment.Stack__arb.inst_tail 8 pure>)
debug_merge_point(0, 0, '112<main.rpyeffect:104([return_clause@[mcore:[#43]#152]#191])>+0: {"op": "Return". "args": {"any": [0]}}')
+204: guard_isnull(p29, descr=<Guard0x130f3e500>) [p0, p1, p2, p3, p4, p5, p6, p7, p8, p9, p10, p11, p12, p13, p14, p15, p16, p17, p18, p19, p20, i21]
debug_merge_point(0, 0, '110<main.rpyeffect:102([#163])>+0: {"op": "Push". "target": 109. "args": {"any": [0]}}')
debug_merge_point(0, 0, '110<main.rpyeffect:102([#163])>+1: {"op": "Copy". "type": "any". "from": 1. "to". 0}')
debug_merge_point(0, 0, '110<main.rpyeffect:102([#163])>+2: {"op": "Jump". "target": 74}')
debug_merge_point(0, 0, '74<main.rpyeffect:66(Name(-_34))>+0: {"op": "New". "out": 0. "targets": [73]. "args": {"any": [0]}}')
+212: p30 = new_with_vtable(descr=<SizeDescr 32>)
+324: p32 = new_array_clear(1, descr=<ArrayP 8>)
+344: setarrayitem_gc(p32, 0, p19, descr=<ArrayP 8>)
+352: p34 = new_with_vtable(descr=<SizeDescr 16>)
+364: setfield_gc(p30, 109, descr=<FieldS rpyeffect.stored_environment.Stack__arb.inst_target 16 pure>)
+372: setfield_gc(p30, p32, descr=<FieldP rpyeffect.stored_environment.Stack__arb.inst_values_ptr 24 pure>)
+376: setfield_gc(p30, p16, descr=<FieldP rpyeffect.stored_environment.Stack__arb.inst_tail 8 pure>)
+380: setfield_gc(p34, 0, descr=<FieldS rpyeffect.value.IntValue.inst_value 8 pure>)
+396: jump(p18, p30, p0, p17, ConstPtr(ptr37), p15, p15, p34, ConstPtr(ptr38), p1, p2, p3, p4, p5, p6, p7, p8, p9, p10, p11, p12, descr=TargetToken(5106445472))
+516: --end of the loop--
[2c2de7f] jit-log-opt-bridge}
[2c9bad8] {jit-log-opt-bridge
# bridge out of Guard 0x1305f73d0 with 95 ops
[p0, p1, p2, p3, p4, p5, p6, p7, p8, p9, p10, p11, p12, p13, p14, p15, p16, p17, p18, i19, p20]
+136: guard_not_invalidated(descr=<Guard0x1305db460>) [p0, p1, p2, p3, p4, p5, p6, p7, p8, p9, p10, p11, p12, p13, p14, p15, p16, p17, p18, i19, p20]
debug_merge_point(0, 0, '74<main.rpyeffect:66(Name(-_34))>+1: {"op": "Return". "args": {"any": [0]}}')
debug_merge_point(0, 0, '109<main.rpyeffect:101([k@[#163]#165])>+0: {"op": "Const". "type": "ptr". "out": 2. "format": "int". "value": "<IntValue object at 0x1305dfb20>"}')
debug_merge_point(0, 0, '109<main.rpyeffect:101([k@[#163]#165])>+1: {"op": "Push". "target": 108. "args": {"any": [0. 1]}}')
debug_merge_point(0, 0, '109<main.rpyeffect:101([k@[#163]#165])>+2: {"op": "Copy". "type": "any". "from": 2. "to". 0}')
debug_merge_point(0, 0, '109<main.rpyeffect:101([k@[#163]#165])>+3: {"op": "Jump". "target": 68}')
debug_merge_point(0, 0, '68<main.rpyeffect:60(Name(*_30))>+0: {"op": "New". "out": 0. "targets": [67]. "args": {"any": [0]}}')
debug_merge_point(0, 0, '68<main.rpyeffect:60(Name(*_30))>+1: {"op": "Return". "args": {"any": [0]}}')
debug_merge_point(0, 0, '108<main.rpyeffect:100([k@[k@[#163]#165]#169])>+0: {"op": "Push". "target": 107. "args": {"any": [1]}}')
debug_merge_point(0, 0, '108<main.rpyeffect:100([k@[k@[#163]#165]#169])>+1: {"op": "Copy". "type": "any". "from": 0. "to". 1}')
debug_merge_point(0, 0, '108<main.rpyeffect:100([k@[k@[#163]#165]#169])>+2: {"op": "Copy". "type": "any". "from": 2. "to". 0}')
debug_merge_point(0, 0, '108<main.rpyeffect:100([k@[k@[#163]#165]#169])>+3: {"op": "Invoke". "receiver": 1. "tag": Interned(apply). "args" : {"any": [0]}}')
debug_merge_point(0, 0, '67<main.rpyeffect:59([method_apply@Name(*_30)#89])>+0: {"op": "Jump". "target": 66}')
debug_merge_point(0, 0, '66<main.rpyeffect:58([mcore:[#26]#86])>+0: {"op": "PrimOp". "name": "infixMul(Int. Int): Int". "out": {"any": [0]}. "in": {"any": [1. 0]}}')
+140: i22 = int_mul(503, i19)
debug_merge_point(0, 0, '66<main.rpyeffect:58([mcore:[#26]#86])>+1: {"op": "Return". "args": {"any": [0]}}')
debug_merge_point(0, 0, '107<main.rpyeffect:99([k@[k@[k@[#163]#165]#169]#171])>+0: {"op": "Push". "target": 106. "args": {"any": []}}')
debug_merge_point(0, 0, '107<main.rpyeffect:99([k@[k@[k@[#163]#165]#169]#171])>+1: {"op": "Invoke". "receiver": 1. "tag": Interned(apply). "args" : {"any": [0]}}')
debug_merge_point(0, 0, '73<main.rpyeffect:65([method_apply@Name(-_34)#96])>+0: {"op": "Jump". "target": 72}')
debug_merge_point(0, 0, '72<main.rpyeffect:64([mcore:[#27]#93])>+0: {"op": "PrimOp". "name": "infixSub(Int. Int): Int". "out": {"any": [0]}. "in": {"any": [1. 0]}}')
+148: i23 = getfield_gc_i(p1, descr=<FieldS rpyeffect.value.IntValue.inst_value 8 pure>)
+152: i24 = int_sub(i23, i22)
debug_merge_point(0, 0, '72<main.rpyeffect:64([mcore:[#27]#93])>+1: {"op": "Return". "args": {"any": [0]}}')
debug_merge_point(0, 0, '106<main.rpyeffect:98([k@[k@[k@[k@[#163]#165]#169]#171]#173])>+0: {"op": "Push". "target": 105. "args": {"any": []}}')
debug_merge_point(0, 0, '106<main.rpyeffect:98([k@[k@[k@[k@[#163]#165]#169]#171]#173])>+1: {"op": "Jump". "target": 59}')
debug_merge_point(0, 0, '59<main.rpyeffect:51(Name(+_27))>+0: {"op": "New". "out": 0. "targets": [58]. "args": {"any": [0]}}')
debug_merge_point(0, 0, '59<main.rpyeffect:51(Name(+_27))>+1: {"op": "Return". "args": {"any": [0]}}')
debug_merge_point(0, 0, '105<main.rpyeffect:97([#175])>+0: {"op": "Const". "type": "ptr". "out": 1. "format": "int". "value": "<IntValue object at 0x1305df310>"}')
debug_merge_point(0, 0, '105<main.rpyeffect:97([#175])>+1: {"op": "Push". "target": 104. "args": {"any": []}}')
debug_merge_point(0, 0, '105<main.rpyeffect:97([#175])>+2: {"op": "Swap". "type": "any". "a": 0. "b". 1}')
debug_merge_point(0, 0, '105<main.rpyeffect:97([#175])>+3: {"op": "Invoke". "receiver": 1. "tag": Interned(apply). "args" : {"any": [0]}}')
debug_merge_point(0, 0, '58<main.rpyeffect:50([method_apply@Name(+_27)#74])>+0: {"op": "Jump". "target": 57}')
debug_merge_point(0, 0, '57<main.rpyeffect:49([mcore:[#23]#71])>+0: {"op": "PrimOp". "name": "infixAdd(Int. Int): Int". "out": {"any": [0]}. "in": {"any": [1. 0]}}')
+156: i26 = int_add(i24, 37)
debug_merge_point(0, 0, '57<main.rpyeffect:49([mcore:[#23]#71])>+1: {"op": "Return". "args": {"any": [0]}}')
debug_merge_point(0, 0, '104<main.rpyeffect:96([k@[#175]#179])>+0: {"op": "Push". "target": 103. "args": {"any": []}}')
debug_merge_point(0, 0, '104<main.rpyeffect:96([k@[#175]#179])>+1: {"op": "Jump". "target": 70}')
debug_merge_point(0, 0, '70<main.rpyeffect:62(Name(abs_32))>+0: {"op": "PrimOp". "name": "abs(Int): Int". "out": {"any": [0]}. "in": {"any": [0]}}')
+160: i28 = int_rshift(i26, 63)
+168: i29 = int_xor(i26, i28)
+172: i30 = int_sub(i29, i28)
debug_merge_point(0, 0, '70<main.rpyeffect:62(Name(abs_32))>+1: {"op": "Return". "args": {"any": [0]}}')
debug_merge_point(0, 0, '103<main.rpyeffect:95([k@[k@[#175]#179]#181])>+0: {"op": "Push". "target": 102. "args": {"any": []}}')
debug_merge_point(0, 0, '103<main.rpyeffect:95([k@[k@[#175]#179]#181])>+1: {"op": "Jump". "target": 65}')
debug_merge_point(0, 0, '65<main.rpyeffect:57(Name(mod_29))>+0: {"op": "New". "out": 0. "targets": [64]. "args": {"any": [0]}}')
debug_merge_point(0, 0, '65<main.rpyeffect:57(Name(mod_29))>+1: {"op": "Return". "args": {"any": [0]}}')
debug_merge_point(0, 0, '102<main.rpyeffect:94([k@[k@[k@[#175]#179]#181]#183])>+0: {"op": "Const". "type": "ptr". "out": 1. "format": "int". "value": "<IntValue object at 0x1305df390>"}')
debug_merge_point(0, 0, '102<main.rpyeffect:94([k@[k@[k@[#175]#179]#181]#183])>+1: {"op": "Swap". "type": "any". "a": 0. "b". 1}')
debug_merge_point(0, 0, '102<main.rpyeffect:94([k@[k@[k@[#175]#179]#181]#183])>+2: {"op": "Invoke". "receiver": 1. "tag": Interned(apply). "args" : {"any": [0]}}')
debug_merge_point(0, 0, '64<main.rpyeffect:56([method_apply@Name(mod_29)#84])>+0: {"op": "Jump". "target": 63}')
debug_merge_point(0, 0, '63<main.rpyeffect:55([mcore:[#25]#81])>+0: {"op": "PrimOp". "name": "mod(Int. Int): Int". "out": {"any": [0]}. "in": {"any": [1. 0]}}')
+176: i32 = int_rshift(i30, 63)
+184: i33 = int_xor(i30, i32)
+188: i35 = uint_mul_high(i33, -9086255505087856445)
+208: i37 = uint_rshift(i35, 9)
+216: i38 = int_xor(i37, i32)
+220: i40 = int_mul(i38, 1009)
+228: i41 = int_sub(i30, i40)
debug_merge_point(0, 0, '63<main.rpyeffect:55([mcore:[#25]#81])>+1: {"op": "Return". "args": {"any": [0]}}')
+232: guard_nonnull(p20, descr=<Guard0x130f3e620>) [p0, p1, p2, p3, p4, p5, p6, p7, p8, p9, p10, p11, p12, p13, p14, p15, p16, p17, p18, i19, p20]
+240: i42 = getfield_gc_i(p20, descr=<FieldS rpyeffect.stored_environment.Stack__arb.inst_target 16 pure>)
+244: guard_value(i42, 118, descr=<Guard0x130f3e650>) [p0, p1, p2, p3, p4, p5, p6, p7, p8, p9, p10, p11, p12, p13, p14, p15, p16, p17, p18, i19, p20]
+256: p44 = getfield_gc_r(p20, descr=<FieldP rpyeffect.stored_environment.Stack__arb.inst_values_ptr 24 pure>)
+260: i45 = arraylen_gc(p44, descr=<ArrayP 8>)
+264: guard_value(i45, 1, descr=<Guard0x130f3e680>) [p0, p1, p2, p3, p4, p5, p6, p7, p8, p9, p10, p11, p12, p13, p14, p15, p16, p17, p18, i19, p20]
+276: p48 = getarrayitem_gc_pure_r(p44, 0, descr=<ArrayP 8>)
+280: p49 = getfield_gc_r(p20, descr=<FieldP rpyeffect.stored_environment.Stack__arb.inst_tail 8 pure>)
debug_merge_point(0, 0, '118<main.rpyeffect:110([k@[k@[#213]#218]#230])>+0: {"op": "Invoke". "receiver": 1. "tag": Interned(apply). "args" : {"any": [0]}}')
+284: p50 = getfield_gc_r(p48, descr=<FieldP rpyeffect.codata.CoData.inst_vtable 8 pure>)
+292: guard_value(p50, ConstPtr(ptr51), descr=<Guard0x130f3e6b0>) [p0, p1, p2, p3, p4, p5, p6, p7, p8, p9, p10, p11, p12, p13, p14, p15, p16, p17, p18, i19, p20]
+300: p52 = getfield_gc_r(p48, descr=<FieldP rpyeffect.stored_environment.CoData__arb.inst_values_ptr 16 pure>)
+304: i53 = arraylen_gc(p52, descr=<ArrayP 8>)
+308: guard_value(i53, 2, descr=<Guard0x130f3e6e0>) [p0, p1, p2, p3, p4, p5, p6, p7, p8, p9, p10, p11, p12, p13, p14, p15, p16, p17, p18, i19, p20]
+320: p56 = getarrayitem_gc_pure_r(p52, 0, descr=<ArrayP 8>)
+324: p58 = getarrayitem_gc_pure_r(p52, 1, descr=<ArrayP 8>)
debug_merge_point(0, 0, '128<main.rpyeffect:120([method_apply@Name(step_102)#236])>+0: {"op": "Const". "type": "ptr". "out": 3. "format": "string". "value": "Name(Operator_0)"}')
debug_merge_point(0, 0, '128<main.rpyeffect:120([method_apply@Name(step_102)#236])>+1: {"op": "PrimOp". "name": "getGlobal(String): Ptr". "out": {"any": [3]}. "in": {"any": [3]}}')
debug_merge_point(0, 0, '128<main.rpyeffect:120([method_apply@Name(step_102)#236])>+2: {"op": "Swap". "type": "any". "a": 2. "b". 1}')
debug_merge_point(0, 0, '128<main.rpyeffect:120([method_apply@Name(step_102)#236])>+3: {"op": "Swap". "type": "any". "a": 3. "b". 1}')
debug_merge_point(0, 0, '128<main.rpyeffect:120([method_apply@Name(step_102)#236])>+4: {"op": "Jump". "target": 127}')
debug_merge_point(0, 0, '127<main.rpyeffect:119([mcore:[#45]#198])>+0: {"op": "Push". "target": 126. "args": {"any": [2. 0. 3]}}')
debug_merge_point(0, 0, '127<main.rpyeffect:119([mcore:[#45]#198])>+1: {"op": "Copy". "type": "any". "from": 3. "to". 0}')
debug_merge_point(0, 0, '127<main.rpyeffect:119([mcore:[#45]#198])>+2: {"op": "Jump". "target": 10}')
debug_merge_point(0, 0, '10<main.rpyeffect:2(Name(=_0))>+0: {"op": "New". "out": 0. "targets": [9]. "args": {"any": [0]}}')
+328: p59 = new_with_vtable(descr=<SizeDescr 32>)
+432: p61 = new_array_clear(3, descr=<ArrayP 8>)
+452: setarrayitem_gc(p61, 0, p56, descr=<ArrayP 8>)
+456: p63 = new_with_vtable(descr=<SizeDescr 16>)
+468: setfield_gc(p63, i41, descr=<FieldS rpyeffect.value.IntValue.inst_value 8 pure>)
+472: setarrayitem_gc(p61, 1, p63, descr=<ArrayP 8>)
+476: setarrayitem_gc(p61, 2, p58, descr=<ArrayP 8>)
+480: setfield_gc(p59, 126, descr=<FieldS rpyeffect.stored_environment.Stack__arb.inst_target 16 pure>)
+488: setfield_gc(p59, p61, descr=<FieldP rpyeffect.stored_environment.Stack__arb.inst_values_ptr 24 pure>)
+492: setfield_gc(p59, p49, descr=<FieldP rpyeffect.stored_environment.Stack__arb.inst_tail 8 pure>)
+500: jump(p16, p59, p0, p17, p18, p58, ConstPtr(ptr67), p56, p58, p4, p5, p6, p7, p8, p9, p10, p11, p12, p13, p14, p15, descr=TargetToken(5106445344))
+600: --end of the loop--
[2cab5fb] jit-log-opt-bridge}
[2cef3c2] {jit-log-opt-bridge
# bridge out of Guard 0x1305f6fb0 with 43 ops
[p0, p1, p2, p3, p4, p5, p6, p7, p8, p9, p10, p11, p12, p13, p14, p15, p16, p17, p18, p19, p20]
+136: guard_not_invalidated(descr=<Guard0x1305db4f0>) [p0, p1, p2, p3, p4, p5, p6, p7, p8, p9, p10, p11, p12, p13, p14, p15, p16, p17, p18, p19, p20]
debug_merge_point(0, 0, '10<main.rpyeffect:2(Name(=_0))>+1: {"op": "Return". "args": {"any": [0]}}')
+140: guard_nonnull(p18, descr=<Guard0x130f3e830>) [p0, p1, p2, p3, p4, p5, p6, p7, p8, p9, p10, p11, p12, p13, p14, p15, p16, p17, p18, p19, p20]
+148: i21 = getfield_gc_i(p18, descr=<FieldS rpyeffect.stored_environment.Stack__arb.inst_target 16 pure>)
+152: guard_value(i21, 126, descr=<Guard0x130f3e860>) [p0, p1, p2, p3, p4, p5, p6, p7, p8, p9, p10, p11, p12, p13, p14, p15, p16, p17, p18, p19, p20]
+164: p23 = getfield_gc_r(p18, descr=<FieldP rpyeffect.stored_environment.Stack__arb.inst_values_ptr 24 pure>)
+168: i24 = arraylen_gc(p23, descr=<ArrayP 8>)
+172: guard_value(i24, 3, descr=<Guard0x130f3e890>) [p0, p1, p2, p3, p4, p5, p6, p7, p8, p9, p10, p11, p12, p13, p14, p15, p16, p17, p18, p19, p20]
+184: p27 = getarrayitem_gc_pure_r(p23, 0, descr=<ArrayP 8>)
+188: p29 = getarrayitem_gc_pure_r(p23, 1, descr=<ArrayP 8>)
+192: p31 = getarrayitem_gc_pure_r(p23, 2, descr=<ArrayP 8>)
+196: p32 = getfield_gc_r(p18, descr=<FieldP rpyeffect.stored_environment.Stack__arb.inst_tail 8 pure>)
debug_merge_point(0, 0, '126<main.rpyeffect:118([k@[mcore:[#45]#198]#200])>+0: {"op": "Const". "type": "ptr". "out": 4. "format": "int". "value": "<IntValue object at 0x1305df740>"}')
debug_merge_point(0, 0, '126<main.rpyeffect:118([k@[mcore:[#45]#198]#200])>+1: {"op": "Push". "target": 125. "args": {"any": [1. 2. 3]}}')
debug_merge_point(0, 0, '126<main.rpyeffect:118([k@[mcore:[#45]#198]#200])>+2: {"op": "Copy". "type": "any". "from": 0. "to". 1}')
debug_merge_point(0, 0, '126<main.rpyeffect:118([k@[mcore:[#45]#198]#200])>+3: {"op": "Copy". "type": "any". "from": 4. "to". 0}')
debug_merge_point(0, 0, '126<main.rpyeffect:118([k@[mcore:[#45]#198]#200])>+4: {"op": "Invoke". "receiver": 1. "tag": Interned(apply). "args" : {"any": [0]}}')
debug_merge_point(0, 0, '9<main.rpyeffect:1([method_apply@Name(=_0)#6])>+0: {"op": "Jump". "target": 8}')
debug_merge_point(0, 0, '8<main.rpyeffect:0([mcore:[#11]#3])>+0: {"op": "PrimOp". "name": "equals(Any. Any): Bool". "out": {"any": [0]}. "in": {"any": [1. 0]}}')
+200: guard_class(p1, ConstClass(IntValue), descr=<Guard0x130f3e8c0>) [p0, p1, p2, p3, p4, p5, p6, p7, p8, p9, p10, p11, p12, p13, p14, p15, p16, p17, p18, p19, p20]
+216: i34 = getfield_gc_i(p1, descr=<FieldS rpyeffect.value.IntValue.inst_value 8 pure>)
+220: i36 = int_eq(i34, 0)
debug_merge_point(0, 0, '8<main.rpyeffect:0([mcore:[#11]#3])>+1: {"op": "Return". "args": {"any": [0]}}')
debug_merge_point(0, 0, '125<main.rpyeffect:117([k@[k@[mcore:[#45]#198]#200]#204])>+0: {"op": "Switch". "scrutinee": 0. "values": [<BoolValue object at 0x1305df750>]. "targets": [116]. "default": 124}')
guard_false(i36, descr=<Guard0x130f3e8f0>) [p0, p1, p2, p3, p4, p5, p6, p7, p8, p9, p10, p11, p12, p13, p14, p15, p16, p17, p18, p19, p20]
debug_merge_point(0, 0, '124<main.rpyeffect:116([switch default case#206])>+0: {"op": "Swap". "type": "any". "a": 0. "b". 1}')
debug_merge_point(0, 0, '124<main.rpyeffect:116([switch default case#206])>+1: {"op": "Swap". "type": "any". "a": 3. "b". 1}')
debug_merge_point(0, 0, '124<main.rpyeffect:116([switch default case#206])>+2: {"op": "Swap". "type": "any". "a": 2. "b". 1}')
debug_merge_point(0, 0, '124<main.rpyeffect:116([switch default case#206])>+3: {"op": "Switch". "scrutinee": 3. "values": [<BoolValue object at 0x1305df760>]. "targets": [122]. "default": 123}')
debug_merge_point(0, 0, '122<main.rpyeffect:114([switch case for Bool(false)#207])>+0: {"op": "Push". "target": 121. "args": {"any": [0. 1]}}')
debug_merge_point(0, 0, '122<main.rpyeffect:114([switch case for Bool(false)#207])>+1: {"op": "Copy". "type": "any". "from": 2. "to". 0}')
debug_merge_point(0, 0, '122<main.rpyeffect:114([switch case for Bool(false)#207])>+2: {"op": "Jump". "target": 74}')
debug_merge_point(0, 0, '74<main.rpyeffect:66(Name(-_34))>+0: {"op": "New". "out": 0. "targets": [73]. "args": {"any": [0]}}')
+228: p37 = new_with_vtable(descr=<SizeDescr 32>)
+332: p39 = new_array_clear(2, descr=<ArrayP 8>)
+352: setarrayitem_gc(p39, 0, p27, descr=<ArrayP 8>)
+356: setarrayitem_gc(p39, 1, p29, descr=<ArrayP 8>)
+360: p42 = new_with_vtable(descr=<SizeDescr 16>)
+372: setfield_gc(p37, 121, descr=<FieldS rpyeffect.stored_environment.Stack__arb.inst_target 16 pure>)
+380: setfield_gc(p37, p39, descr=<FieldP rpyeffect.stored_environment.Stack__arb.inst_values_ptr 24 pure>)
+384: setfield_gc(p37, p32, descr=<FieldP rpyeffect.stored_environment.Stack__arb.inst_tail 8 pure>)
+388: setfield_gc(p42, 0, descr=<FieldU rpyeffect.value.BoolValue.inst_value 8 pure>)
+400: jump(p17, p37, p0, p19, p20, p31, p29, p31, p42, ConstPtr(ptr45), p6, p7, p8, p9, p10, p11, p12, p13, p14, p15, p16, descr=TargetToken(5106445472))
+504: --end of the loop--
[2cf74d3] jit-log-opt-bridge}
[2dc8416] {jit-log-opt-bridge
# bridge out of Guard 0x1305f72b0 with 102 ops
[p0, p1, p2, p3, p4, p5, p6, p7, p8, p9, p10, p11, p12, p13, p14, p15, p16, p17, p18, p19, p20]
+152: guard_not_invalidated(descr=<Guard0x1305db7c0>) [p0, p1, p2, p3, p4, p5, p6, p7, p8, p9, p10, p11, p12, p13, p14, p15, p16, p17, p18, p19, p20]
debug_merge_point(0, 0, '74<main.rpyeffect:66(Name(-_34))>+1: {"op": "Return". "args": {"any": [0]}}')
+156: guard_nonnull(p18, descr=<Guard0x130f3f070>) [p0, p1, p2, p3, p4, p5, p6, p7, p8, p9, p10, p11, p12, p13, p14, p15, p16, p17, p18, p19, p20]
+164: i21 = getfield_gc_i(p18, descr=<FieldS rpyeffect.stored_environment.Stack__arb.inst_target 16 pure>)
+168: guard_value(i21, 121, descr=<Guard0x130f3f0a0>) [p0, p1, p2, p3, p4, p5, p6, p7, p8, p9, p10, p11, p12, p13, p14, p15, p16, p17, p18, p19, p20]
+180: p23 = getfield_gc_r(p18, descr=<FieldP rpyeffect.stored_environment.Stack__arb.inst_values_ptr 24 pure>)
+184: i24 = arraylen_gc(p23, descr=<ArrayP 8>)
+188: guard_value(i24, 2, descr=<Guard0x130f3f0d0>) [p0, p1, p2, p3, p4, p5, p6, p7, p8, p9, p10, p11, p12, p13, p14, p15, p16, p17, p18, p19, p20]
+200: p27 = getarrayitem_gc_pure_r(p23, 0, descr=<ArrayP 8>)
+204: p29 = getarrayitem_gc_pure_r(p23, 1, descr=<ArrayP 8>)
+208: p30 = getfield_gc_r(p18, descr=<FieldP rpyeffect.stored_environment.Stack__arb.inst_tail 8 pure>)
debug_merge_point(0, 0, '121<main.rpyeffect:113([k@[switch case for Bool(false)#207]#209])>+0: {"op": "Const". "type": "ptr". "out": 3. "format": "int". "value": "<IntValue object at 0x1305df800>"}')
debug_merge_point(0, 0, '121<main.rpyeffect:113([k@[switch case for Bool(false)#207]#209])>+1: {"op": "Push". "target": 120. "args": {"any": [1. 2]}}')
debug_merge_point(0, 0, '121<main.rpyeffect:113([k@[switch case for Bool(false)#207]#209])>+2: {"op": "Copy". "type": "any". "from": 0. "to". 1}')
debug_merge_point(0, 0, '121<main.rpyeffect:113([k@[switch case for Bool(false)#207]#209])>+3: {"op": "Copy". "type": "any". "from": 3. "to". 0}')
debug_merge_point(0, 0, '121<main.rpyeffect:113([k@[switch case for Bool(false)#207]#209])>+4: {"op": "Invoke". "receiver": 1. "tag": Interned(apply). "args" : {"any": [0]}}')
debug_merge_point(0, 0, '73<main.rpyeffect:65([method_apply@Name(-_34)#96])>+0: {"op": "Jump". "target": 72}')
debug_merge_point(0, 0, '72<main.rpyeffect:64([mcore:[#27]#93])>+0: {"op": "PrimOp". "name": "infixSub(Int. Int): Int". "out": {"any": [0]}. "in": {"any": [1. 0]}}')
+212: i31 = getfield_gc_i(p1, descr=<FieldS rpyeffect.value.IntValue.inst_value 8 pure>)
+216: i33 = int_sub(i31, 1)
debug_merge_point(0, 0, '72<main.rpyeffect:64([mcore:[#27]#93])>+1: {"op": "Return". "args": {"any": [0]}}')
debug_merge_point(0, 0, '120<main.rpyeffect:112([#213])>+0: {"op": "Const". "type": "ptr". "out": 3. "format": "string". "value": "Name(Operator_0)"}')
debug_merge_point(0, 0, '120<main.rpyeffect:112([#213])>+1: {"op": "PrimOp". "name": "getGlobal(String): Ptr". "out": {"any": [3]}. "in": {"any": [3]}}')
debug_merge_point(0, 0, '120<main.rpyeffect:112([#213])>+2: {"op": "Push". "target": 119. "args": {"any": [1. 2]}}')
debug_merge_point(0, 0, '120<main.rpyeffect:112([#213])>+3: {"op": "Copy". "type": "any". "from": 1. "to". 2}')
debug_merge_point(0, 0, '120<main.rpyeffect:112([#213])>+4: {"op": "Copy". "type": "any". "from": 3. "to". 1}')
debug_merge_point(0, 0, '120<main.rpyeffect:112([#213])>+5: {"op": "Jump". "target": 129}')
debug_merge_point(0, 0, '129<main.rpyeffect:121(Name(step_102))>+0: {"op": "New". "out": 0. "targets": [128]. "args": {"any": [2. 0]}}')
debug_merge_point(0, 0, '129<main.rpyeffect:121(Name(step_102))>+1: {"op": "Return". "args": {"any": [0]}}')
debug_merge_point(0, 0, '119<main.rpyeffect:111([k@[#213]#218])>+0: {"op": "New". "out": 1. "targets": [117]. "args": {"any": [1. 2]}}')
debug_merge_point(0, 0, '119<main.rpyeffect:111([k@[#213]#218])>+1: {"op": "Const". "type": "ptr". "out": 2. "format": "string". "value": "Name(Operator_0)"}')
debug_merge_point(0, 0, '119<main.rpyeffect:111([k@[#213]#218])>+2: {"op": "PrimOp". "name": "getGlobal(String): Ptr". "out": {"any": [2]}. "in": {"any": [2]}}')
debug_merge_point(0, 0, '119<main.rpyeffect:111([k@[#213]#218])>+3: {"op": "Push". "target": 118. "args": {"any": [0]}}')
debug_merge_point(0, 0, '119<main.rpyeffect:111([k@[#213]#218])>+4: {"op": "Copy". "type": "any". "from": 1. "to". 0}')
debug_merge_point(0, 0, '119<main.rpyeffect:111([k@[#213]#218])>+5: {"op": "Copy". "type": "any". "from": 2. "to". 1}')
debug_merge_point(0, 0, '119<main.rpyeffect:111([k@[#213]#218])>+6: {"op": "Jump". "target": 113}')
debug_merge_point(0, 0, '113<main.rpyeffect:105([mcore:[#43]#152])>+0: {"op": "New". "out": 1. "targets": [111]. "args": {"any": []}}')
debug_merge_point(0, 0, '113<main.rpyeffect:105([mcore:[#43]#152])>+1: {"op": "Const". "type": "ptr". "out": 2. "format": "string". "value": "Name(Operator_0)"}')
debug_merge_point(0, 0, '113<main.rpyeffect:105([mcore:[#43]#152])>+2: {"op": "PrimOp". "name": "getGlobal(String): Ptr". "out": {"any": [2]}. "in": {"any": [2]}}')
debug_merge_point(0, 0, '113<main.rpyeffect:105([mcore:[#43]#152])>+3: {"op": "NewStackWithBinding". "out": 1. "target": 112. "region": 2. "args": {"any": []}. "label": 2. "binding": 1}')
debug_merge_point(0, 0, '113<main.rpyeffect:105([mcore:[#43]#152])>+4: {"op": "PushStack". "arg": 1}')
+224: i35 = instance_ptr_eq(p20, ConstPtr(ptr34))
guard_true(i35, descr=<Guard0x130f3f100>) [p0, p1, p2, p3, p4, p5, p6, p7, p8, p9, p10, p11, p12, p13, p14, p15, p16, p17, p18, p19, p20]
debug_merge_point(0, 0, '113<main.rpyeffect:105([mcore:[#43]#152])>+5: {"op": "Invoke". "receiver": 0. "tag": Interned(apply). "args" : {"any": []}}')
debug_merge_point(0, 0, '117<main.rpyeffect:109([method_apply@[k@[#213]#218]#220])>+0: {"op": "Const". "type": "ptr". "out": 2. "format": "string". "value": "Name(Operator_0)"}')
debug_merge_point(0, 0, '117<main.rpyeffect:109([method_apply@[k@[#213]#218]#220])>+1: {"op": "PrimOp". "name": "getGlobal(String): Ptr". "out": {"any": [2]}. "in": {"any": [2]}}')
debug_merge_point(0, 0, '117<main.rpyeffect:109([method_apply@[k@[#213]#218]#220])>+2: {"op": "Swap". "type": "any". "a": 2. "b". 1}')
debug_merge_point(0, 0, '117<main.rpyeffect:109([method_apply@[k@[#213]#218]#220])>+3: {"op": "Swap". "type": "any". "a": 0. "b". 1}')
debug_merge_point(0, 0, '117<main.rpyeffect:109([method_apply@[k@[#213]#218]#220])>+4: {"op": "Jump". "target": 115}')
debug_merge_point(0, 0, '115<main.rpyeffect:107([mcore:[#44]#192])>+0: {"op": "Const". "type": "ptr". "out": 0. "format": "string". "value": "Name(Operator_0)"}')
debug_merge_point(0, 0, '115<main.rpyeffect:107([mcore:[#44]#192])>+1: {"op": "PrimOp". "name": "getGlobal(String): Ptr". "out": {"any": [0]}. "in": {"any": [0]}}')
debug_merge_point(0, 0, '115<main.rpyeffect:107([mcore:[#44]#192])>+2: {"op": "Push". "target": 114. "args": {"any": [2]}}')
debug_merge_point(0, 0, '115<main.rpyeffect:107([mcore:[#44]#192])>+3: {"op": "Swap". "type": "any". "a": 0. "b". 1}')
debug_merge_point(0, 0, '115<main.rpyeffect:107([mcore:[#44]#192])>+4: {"op": "Jump". "target": 100}')
debug_merge_point(0, 0, '100<main.rpyeffect:92(Name(loop_50))>+0: {"op": "New". "out": 0. "targets": [99]. "args": {"any": [0]}}')
debug_merge_point(0, 0, '100<main.rpyeffect:92(Name(loop_50))>+1: {"op": "Return". "args": {"any": [0]}}')
debug_merge_point(0, 0, '114<main.rpyeffect:106([k@[mcore:[#44]#192]#197])>+0: {"op": "Swap". "type": "any". "a": 0. "b". 1}')
debug_merge_point(0, 0, '114<main.rpyeffect:106([k@[mcore:[#44]#192]#197])>+1: {"op": "Invoke". "receiver": 1. "tag": Interned(apply). "args" : {"any": [0]}}')
debug_merge_point(0, 0, '99<main.rpyeffect:91([method_apply@Name(loop_50)#147])>+0: {"op": "Const". "type": "ptr". "out": 2. "format": "string". "value": "Name(Operator_0)"}')
debug_merge_point(0, 0, '99<main.rpyeffect:91([method_apply@Name(loop_50)#147])>+1: {"op": "PrimOp". "name": "getGlobal(String): Ptr". "out": {"any": [2]}. "in": {"any": [2]}}')
debug_merge_point(0, 0, '99<main.rpyeffect:91([method_apply@Name(loop_50)#147])>+2: {"op": "Swap". "type": "any". "a": 2. "b". 1}')
debug_merge_point(0, 0, '99<main.rpyeffect:91([method_apply@Name(loop_50)#147])>+3: {"op": "Jump". "target": 98}')
debug_merge_point(0, 0, '98<main.rpyeffect:90([mcore:[#34]#113])>+0: {"op": "Push". "target": 97. "args": {"any": [0. 2]}}')
debug_merge_point(0, 0, '98<main.rpyeffect:90([mcore:[#34]#113])>+1: {"op": "Copy". "type": "any". "from": 2. "to". 0}')
debug_merge_point(0, 0, '98<main.rpyeffect:90([mcore:[#34]#113])>+2: {"op": "Jump". "target": 10}')
debug_merge_point(0, 0, '10<main.rpyeffect:2(Name(=_0))>+0: {"op": "New". "out": 0. "targets": [9]. "args": {"any": [0]}}')
+236: p36 = new_with_vtable(descr=<SizeDescr 32>)
+340: p37 = new_with_vtable(descr=<SizeDescr 32>)
+352: setfield_gc(p37, ConstPtr(null), descr=<FieldP rpyeffect.stored_environment.Stack__arb.inst_tail 8 pure>)
+360: setfield_gc(p37, 112, descr=<FieldS rpyeffect.stored_environment.Stack__arb.inst_target 16 pure>)
+368: p41 = new_array_clear(0, descr=<ArrayP 8>)
+388: setfield_gc(p37, p41, descr=<FieldP rpyeffect.stored_environment.Stack__arb.inst_values_ptr 24 pure>)
+392: p43 = new_array_clear(2, descr=<ArrayP 8>)
+412: setarrayitem_gc(p43, 0, p29, descr=<ArrayP 8>)
+416: setarrayitem_gc(p43, 1, p27, descr=<ArrayP 8>)
+420: p46 = new_with_vtable(descr=<SizeDescr 40>)
+432: p47 = new_with_vtable(descr=<SizeDescr 32>)
+444: setfield_gc(p47, p30, descr=<FieldP rpyeffect.stored_environment.Stack__arb.inst_tail 8 pure>)
+448: setfield_gc(p47, 118, descr=<FieldS rpyeffect.stored_environment.Stack__arb.inst_target 16 pure>)
+456: p50 = new_array_clear(1, descr=<ArrayP 8>)
+476: p51 = new_with_vtable(descr=<SizeDescr 24>)
+492: setfield_gc(p51, ConstPtr(ptr52), descr=<FieldP rpyeffect.codata.CoData.inst_vtable 8 pure>)
+496: p54 = new_array_clear(2, descr=<ArrayP 8>)
+516: setarrayitem_gc(p54, 0, p27, descr=<ArrayP 8>)
+520: p56 = new_with_vtable(descr=<SizeDescr 16>)
+532: setfield_gc(p56, i33, descr=<FieldS rpyeffect.value.IntValue.inst_value 8 pure>)
+536: setarrayitem_gc(p54, 1, p56, descr=<ArrayP 8>)
+540: setfield_gc(p51, p54, descr=<FieldP rpyeffect.stored_environment.CoData__arb.inst_values_ptr 16 pure>)
+544: setarrayitem_gc(p50, 0, p51, descr=<ArrayP 8>)
+548: setfield_gc(p47, p50, descr=<FieldP rpyeffect.stored_environment.Stack__arb.inst_values_ptr 24 pure>)
+552: p59 = new_with_vtable(descr=<SizeDescr 24>)
+564: p61 = new_array_clear(0, descr=<ArrayP 8>)
+584: setfield_gc(p36, 97, descr=<FieldS rpyeffect.stored_environment.Stack__arb.inst_target 16 pure>)
+592: setfield_gc(p36, p43, descr=<FieldP rpyeffect.stored_environment.Stack__arb.inst_values_ptr 24 pure>)
+596: setfield_gc(p36, p37, descr=<FieldP rpyeffect.stored_environment.Stack__arb.inst_tail 8 pure>)
+600: setfield_gc(p46, p47, descr=<FieldP rpyeffect.stack.MetaStackLike.inst_stack 8 pure>)
+604: setfield_gc(p46, p17, descr=<FieldP rpyeffect.stack.MetaStack.inst_label 16 pure>)
+612: setfield_gc(p46, ConstPtr(null), descr=<FieldP rpyeffect.stack.MetaStack.inst_region 24 pure>)
+620: setfield_gc(p46, p19, descr=<FieldP rpyeffect.stack.MetaStack.inst_tail 32 pure>)
+632: setfield_gc(p59, ConstPtr(ptr64), descr=<FieldP rpyeffect.codata.CoData.inst_vtable 8 pure>)
+636: setfield_gc(p59, p61, descr=<FieldP rpyeffect.stored_environment.CoData__arb.inst_values_ptr 16 pure>)
+644: jump(ConstPtr(ptr65), p36, p0, p46, p59, p27, ConstPtr(ptr66), p27, ConstPtr(ptr67), p5, p6, p7, p8, p9, p10, p11, p12, p13, p14, p15, p16, descr=TargetToken(5106445344))
+756: --end of the loop--
[2dd7017] jit-log-opt-bridge}
[8cfe065] {jit-summary
Tracing:      	8	0.003686
Backend:      	8	0.000871
TOTAL:      		0.138868
ops:             	12793
heapcached ops:  	2241
recorded ops:    	4863
  calls:         	2915
guards:          	342
opt ops:         	735
opt guards:      	61
opt guards shared:	49
forcings:        	0
abort: trace too long:	0
abort: compiling:	0
abort: vable escape:	0
abort: bad loop: 	0
abort: force quasi-immut:	0
abort: segmenting trace:	0
virtualizables forced:	0
nvirtuals:       	18
nvholes:         	0
nvreused:        	0
vecopt tried:    	0
vecopt success:  	0
Total # of loops:	4
Total # of bridges:	4
Freed # of loops:	0
Freed # of bridges:	0
[8d00e9e] jit-summary}
