[a4906b] {jit-log-opt-loop
# Loop 1 (98<main.rpyeffect:90(Name(countdown_48))>+5: {"op": "Push", "target": 97, "args": {"any": []}}) : loop with 267 ops
[p0, p1, p2, p3, p4]
+584: p5 = getfield_gc_r(p2, descr=<FieldP rpyeffect.environment.Environment.inst_values_ptr 16>)
+592: p7 = getarrayitem_gc_r(p5, 0, descr=<ArrayP 8>)
+596: p9 = getarrayitem_gc_r(p5, 1, descr=<ArrayP 8>)
+600: p11 = getarrayitem_gc_r(p5, 2, descr=<ArrayP 8>)
+604: p13 = getarrayitem_gc_r(p5, 3, descr=<ArrayP 8>)
+608: p15 = getarrayitem_gc_r(p5, 4, descr=<ArrayP 8>)
+612: p17 = getarrayitem_gc_r(p5, 5, descr=<ArrayP 8>)
+616: p19 = getarrayitem_gc_r(p5, 6, descr=<ArrayP 8>)
+620: p21 = getarrayitem_gc_r(p5, 7, descr=<ArrayP 8>)
+624: p23 = getarrayitem_gc_r(p5, 8, descr=<ArrayP 8>)
+628: p25 = getarrayitem_gc_r(p5, 9, descr=<ArrayP 8>)
+632: p27 = getarrayitem_gc_r(p5, 10, descr=<ArrayP 8>)
+636: p29 = getarrayitem_gc_r(p5, 11, descr=<ArrayP 8>)
+640: p31 = getarrayitem_gc_r(p5, 12, descr=<ArrayP 8>)
+644: p33 = getarrayitem_gc_r(p5, 13, descr=<ArrayP 8>)
+648: p35 = getarrayitem_gc_r(p5, 14, descr=<ArrayP 8>)
+652: p37 = getarrayitem_gc_r(p5, 15, descr=<ArrayP 8>)
+656: label(p0, p1, p2, p3, p4, p7, p9, p11, p13, p15, p17, p19, p21, p23, p25, p27, p29, p31, p33, p35, p37, descr=TargetToken(5374946208))
debug_merge_point(0, 0, '98<main.rpyeffect:90(Name(countdown_48))>+5: {"op": "Push". "target": 97. "args": {"any": []}}')
+712: guard_not_invalidated(descr=<Guard0x1405daa40>) [p2, p7, p9, p11, p13, p15, p17, p19, p21, p23, p25, p27, p29, p31, p33, p35, p37, p0, p1, p3, p4]
debug_merge_point(0, 0, '98<main.rpyeffect:90(Name(countdown_48))>+6: {"op": "Swap". "type": "any". "a": 0. "b". 1}')
debug_merge_point(0, 0, '98<main.rpyeffect:90(Name(countdown_48))>+7: {"op": "Invoke". "receiver": 1. "tag": Interned(Get_0). "args" : {"any": [0]}}')
+716: p38 = getfield_gc_r(p7, descr=<FieldP rpyeffect.codata.CoData.inst_vtable 8 pure>)
+724: guard_value(p38, ConstPtr(ptr39), descr=<Guard0x1405fd460>) [p2, p7, p9, p11, p13, p15, p17, p19, p21, p23, p25, p27, p29, p31, p33, p35, p37, p0, p1, p3, p4]
+732: p40 = getfield_gc_r(p7, descr=<FieldP rpyeffect.stored_environment.CoData__arb.inst_values_ptr 16 pure>)
+736: i41 = arraylen_gc(p40, descr=<ArrayP 8>)
+740: guard_value(i41, 1, descr=<Guard0x1405fd490>) [p2, p7, p9, p11, p13, p15, p17, p19, p21, p23, p25, p27, p29, p31, p33, p35, p37, p0, p1, p3, p4]
+752: p44 = getarrayitem_gc_pure_r(p40, 0, descr=<ArrayP 8>)
debug_merge_point(0, 0, '111<main.rpyeffect:103([method_Get_0@[mcore:[#45]#166]#175])>+0: {"op": "Const". "type": "ptr". "out": 2. "format": "int". "value": "<IntValue object at 0x1405df6a0>"}')
debug_merge_point(0, 0, '111<main.rpyeffect:103([method_Get_0@[mcore:[#45]#166]#175])>+1: {"op": "ShiftDyn". "out": 1. "n": 2. "label": 1}')
+760: i46 = instance_ptr_eq(p4, ConstPtr(ptr45))
guard_false(i46, descr=<Guard0x1405fd4c0>) [p2, p7, p9, p11, p13, p15, p17, p19, p21, p23, p25, p27, p29, p31, p33, p35, p37, p0, p1, p3, p4]
+772: guard_nonnull(p0, descr=<Guard0x1405fd4f0>) [p2, p7, p9, p11, p13, p15, p17, p19, p21, p23, p25, p27, p29, p31, p33, p35, p37, p0, p1, p3, p4]
+784: guard_nonnull(p44, descr=<Guard0x1405fd520>) [p2, p7, p9, p11, p13, p15, p17, p19, p21, p23, p25, p27, p29, p31, p33, p35, p37, p0, p1, p3, p4]
+792: i47 = getfield_gc_i(p0, descr=<FieldS rpyeffect.stack.Label.inst_origin 8 pure>)
+800: guard_value(i47, 123940, descr=<Guard0x1405fd550>) [p2, p7, p9, p11, p13, p15, p17, p19, p21, p23, p25, p27, p29, p31, p33, p35, p37, p0, p1, p3, p4]
+816: i49 = getfield_gc_i(p44, descr=<FieldS rpyeffect.stack.Label.inst_origin 8 pure>)
+820: guard_value(i49, 118784, descr=<Guard0x1405fd580>) [p2, p7, p9, p11, p13, p15, p17, p19, p21, p23, p25, p27, p29, p31, p33, p35, p37, p0, p1, p3, p4]
+836: p51 = getfield_gc_r(p3, descr=<FieldP rpyeffect.stack.MetaStack.inst_region 24 pure>)
+844: guard_isnull(p51, descr=<Guard0x1405fd5b0>) [p2, p7, p9, p11, p13, p15, p17, p19, p21, p23, p25, p27, p29, p31, p33, p35, p37, p0, p1, p3, p4]
+852: p52 = getfield_gc_r(p3, descr=<FieldP rpyeffect.stack.MetaStack.inst_label 16 pure>)
+856: guard_nonnull(p52, descr=<Guard0x1405fd5e0>) [p2, p7, p9, p11, p13, p15, p17, p19, p21, p23, p25, p27, p29, p31, p33, p35, p37, p0, p1, p3, p4]
+864: i53 = getfield_gc_i(p52, descr=<FieldS rpyeffect.stack.Label.inst_origin 8 pure>)
+868: guard_value(i53, 123935, descr=<Guard0x1405fd610>) [p2, p7, p9, p11, p13, p15, p17, p19, p21, p23, p25, p27, p29, p31, p33, p35, p37, p0, p1, p3, p4]
+884: p55 = getfield_gc_r(p3, descr=<FieldP rpyeffect.stack.MetaStack.inst_tail 32 pure>)
+888: p56 = getfield_gc_r(p55, descr=<FieldP rpyeffect.stack.MetaStack.inst_region 24 pure>)
+892: guard_isnull(p56, descr=<Guard0x1405fd640>) [p2, p7, p9, p11, p13, p15, p17, p19, p21, p23, p25, p27, p29, p31, p33, p35, p37, p0, p1, p3, p4]
+900: p57 = getfield_gc_r(p55, descr=<FieldP rpyeffect.stack.MetaStack.inst_label 16 pure>)
+904: guard_nonnull(p57, descr=<Guard0x1405fd670>) [p2, p7, p9, p11, p13, p15, p17, p19, p21, p23, p25, p27, p29, p31, p33, p35, p37, p0, p1, p3, p4]
+912: i58 = getfield_gc_i(p57, descr=<FieldS rpyeffect.stack.Label.inst_origin 8 pure>)
+916: guard_value(i58, 118784, descr=<Guard0x1405fd6a0>) [p2, p7, p9, p11, p13, p15, p17, p19, p21, p23, p25, p27, p29, p31, p33, p35, p37, p0, p1, p3, p4]
+932: i60 = instance_ptr_eq(p57, p44)
guard_true(i60, descr=<Guard0x1405fd6d0>) [p2, p7, p9, p11, p13, p15, p17, p19, p21, p23, p25, p27, p29, p31, p33, p35, p37, p0, p1, p3, p4]
+940: p61 = getfield_gc_r(p55, descr=<FieldP rpyeffect.stack.MetaStackLike.inst_stack 8 pure>)
+944: guard_class(p55, 4336795080, descr=<Guard0x1405fd700>) [p2, p7, p9, p11, p13, p15, p17, p19, p21, p23, p25, p27, p29, p31, p33, p35, p37, p0, p1, p3, p4]
+960: p63 = getfield_gc_r(p55, descr=<FieldP rpyeffect.stack.MetaStack.inst_tail 32 pure>)
+964: p64 = getfield_gc_r(p3, descr=<FieldP rpyeffect.stack.MetaStackLike.inst_stack 8 pure>)
+968: guard_class(p3, ConstClass(MetaStackWithBinding), descr=<Guard0x1405fd730>) [p2, p7, p9, p11, p13, p15, p17, p19, p21, p23, p25, p27, p29, p31, p33, p35, p37, p0, p1, p3, p4]
+984: p66 = getfield_gc_r(p3, descr=<FieldP rpyeffect.stack.MetaStackWithBinding.inst_binding 40 pure>)
+988: i68 = instance_ptr_eq(p66, ConstPtr(ptr67))
guard_false(i68, descr=<Guard0x1405fd760>) [p2, p7, p9, p11, p13, p15, p17, p19, p21, p23, p25, p27, p29, p31, p33, p35, p37, p0, p1, p3, p4]
+996: guard_nonnull_class(p63, 4336795080, descr=<Guard0x1405daa88>) [p2, p7, p9, p11, p13, p15, p17, p19, p21, p23, p25, p27, p29, p31, p33, p35, p37, p0, p1, p3, p4]
+1020: p70 = getfield_gc_r(p63, descr=<FieldP rpyeffect.stack.MetaStackLike.inst_stack 8 pure>)
+1024: p71 = getfield_gc_r(p63, descr=<FieldP rpyeffect.stack.MetaStack.inst_label 16 pure>)
+1028: p72 = getfield_gc_r(p63, descr=<FieldP rpyeffect.stack.MetaStack.inst_tail 32 pure>)
+1032: guard_nonnull(p70, descr=<Guard0x1405fd790>) [p2, p7, p9, p11, p13, p15, p17, p19, p21, p23, p25, p27, p29, p31, p33, p35, p37, p0, p1, p3, p4]
+1040: i73 = getfield_gc_i(p70, descr=<FieldS rpyeffect.stored_environment.Stack__arb.inst_target 16 pure>)
+1044: guard_value(i73, 103, descr=<Guard0x1405fd7c0>) [p2, p7, p9, p11, p13, p15, p17, p19, p21, p23, p25, p27, p29, p31, p33, p35, p37, p0, p1, p3, p4]
debug_merge_point(0, 0, '111<main.rpyeffect:103([method_Get_0@[mcore:[#45]#166]#175])>+2: {"op": "Swap". "type": "any". "a": 0. "b". 1}')
debug_merge_point(0, 0, '111<main.rpyeffect:103([method_Get_0@[mcore:[#45]#166]#175])>+3: {"op": "Match". "type": Interned({"op": "eff$Tuple". "elements": []}). "scrutinee": 1. "clauses": [{"tag": Interned({"op": "eff$Tuple". "elements": []}). "target": 110. "args": {"any": []}}]. "default": {"tag": Interned(3c1a54e1-0809-44cf-a4c6-ab9c076d549b#[Missing Tag#340]). "target": 108. "args": {"any": []}}}')
+1056: p75 = getfield_gc_r(p9, descr=<FieldP rpyeffect.data.Data.inst_tag 8>)
+1064: guard_value(p75, ConstPtr(ptr76), descr=<Guard0x1405fd7f0>) [p2, p7, p9, p11, p13, p15, p17, p19, p21, p23, p25, p27, p29, p31, p33, p35, p37, p0, p1, p3, p4]
debug_merge_point(0, 0, '110<main.rpyeffect:102([#181])>+0: {"op": "New". "out": 0. "targets": [109]. "args": {"any": [0]}}')
debug_merge_point(0, 0, '110<main.rpyeffect:102([#181])>+1: {"op": "Return". "args": {"any": [0]}}')
+1072: p77 = getfield_gc_r(p70, descr=<FieldP rpyeffect.stored_environment.Stack__arb.inst_values_ptr 24 pure>)
+1076: i78 = arraylen_gc(p77, descr=<ArrayP 8>)
+1080: guard_value(i78, 1, descr=<Guard0x1405fd820>) [p2, p7, p9, p11, p13, p15, p17, p19, p21, p23, p25, p27, p29, p31, p33, p35, p37, p0, p1, p3, p4]
+1092: p81 = getarrayitem_gc_pure_r(p77, 0, descr=<ArrayP 8>)
+1096: p82 = getfield_gc_r(p70, descr=<FieldP rpyeffect.stored_environment.Stack__arb.inst_tail 8 pure>)
+1100: guard_nonnull(p82, descr=<Guard0x1405fd850>) [p2, p7, p9, p11, p13, p15, p17, p19, p21, p23, p25, p27, p29, p31, p33, p35, p37, p0, p1, p3, p4]
+1108: i83 = getfield_gc_i(p82, descr=<FieldS rpyeffect.stored_environment.Stack__arb.inst_target 16 pure>)
+1112: guard_value(i83, 1, descr=<Guard0x1405fd880>) [p2, p7, p9, p11, p13, p15, p17, p19, p21, p23, p25, p27, p29, p31, p33, p35, p37, p0, p1, p3, p4]
debug_merge_point(0, 0, '103<main.rpyeffect:95([k@[mcore:[#42]#160]#164])>+0: {"op": "Swap". "type": "any". "a": 0. "b". 1}')
debug_merge_point(0, 0, '103<main.rpyeffect:95([k@[mcore:[#42]#160]#164])>+1: {"op": "Invoke". "receiver": 1. "tag": Interned(apply). "args" : {"any": [0]}}')
debug_merge_point(0, 0, '109<main.rpyeffect:101([method_apply@[#181]#184])>+0: {"op": "Jump". "target": 101}')
debug_merge_point(0, 0, '101<main.rpyeffect:93([mcore:[#38]#157])>+0: {"op": "Push". "target": 100. "args": {"any": [0]}}')
debug_merge_point(0, 0, '101<main.rpyeffect:93([mcore:[#38]#157])>+1: {"op": "Jump". "target": 99}')
debug_merge_point(0, 0, '99<main.rpyeffect:91(Name(k_66))>+0: {"op": "PushStack". "arg": 1}')
debug_merge_point(0, 0, '99<main.rpyeffect:91(Name(k_66))>+1: {"op": "Return". "args": {"any": [0]}}')
+1124: guard_nonnull(p1, descr=<Guard0x1405fd8b0>) [p2, p7, p9, p11, p13, p15, p17, p19, p21, p23, p25, p27, p29, p31, p33, p35, p37, p0, p1, p3, p4]
+1136: i85 = getfield_gc_i(p1, descr=<FieldS rpyeffect.stored_environment.Stack__arb.inst_target 16 pure>)
+1144: guard_value(i85, 115, descr=<Guard0x1405fd8e0>) [p2, p7, p9, p11, p13, p15, p17, p19, p21, p23, p25, p27, p29, p31, p33, p35, p37, p0, p1, p3, p4]
debug_merge_point(0, 0, '97<main.rpyeffect:89([k@Name(countdown_48)#122])>+0: {"op": "Push". "target": 96. "args": {"any": [0]}}')
debug_merge_point(0, 0, '97<main.rpyeffect:89([k@Name(countdown_48)#122])>+1: {"op": "Jump". "target": 10}')
debug_merge_point(0, 0, '10<main.rpyeffect:2(Name(=_0))>+0: {"op": "New". "out": 0. "targets": [9]. "args": {"any": [0]}}')
debug_merge_point(0, 0, '10<main.rpyeffect:2(Name(=_0))>+1: {"op": "Return". "args": {"any": [0]}}')
debug_merge_point(0, 0, '96<main.rpyeffect:88([k@[k@Name(countdown_48)#122]#124])>+0: {"op": "Const". "type": "ptr". "out": 2. "format": "int". "value": "<IntValue object at 0x1405df950>"}')
debug_merge_point(0, 0, '96<main.rpyeffect:88([k@[k@Name(countdown_48)#122]#124])>+1: {"op": "Push". "target": 95. "args": {"any": [1]}}')
debug_merge_point(0, 0, '96<main.rpyeffect:88([k@[k@Name(countdown_48)#122]#124])>+2: {"op": "Copy". "type": "any". "from": 0. "to". 1}')
debug_merge_point(0, 0, '96<main.rpyeffect:88([k@[k@Name(countdown_48)#122]#124])>+3: {"op": "Copy". "type": "any". "from": 2. "to". 0}')
debug_merge_point(0, 0, '96<main.rpyeffect:88([k@[k@Name(countdown_48)#122]#124])>+4: {"op": "Invoke". "receiver": 1. "tag": Interned(apply). "args" : {"any": [0]}}')
debug_merge_point(0, 0, '9<main.rpyeffect:1([method_apply@Name(=_0)#6])>+0: {"op": "Jump". "target": 8}')
debug_merge_point(0, 0, '8<main.rpyeffect:0([mcore:[#11]#3])>+0: {"op": "PrimOp". "name": "equals(Any. Any): Bool". "out": {"any": [0]}. "in": {"any": [1. 0]}}')
+1156: guard_class(p81, ConstClass(IntValue), descr=<Guard0x1405fd910>) [p2, p7, p9, p11, p13, p15, p17, p19, p21, p23, p25, p27, p29, p31, p33, p35, p37, p0, p1, p3, p4]
+1172: i88 = getfield_gc_i(p81, descr=<FieldS rpyeffect.value.IntValue.inst_value 8 pure>)
+1176: i90 = int_eq(i88, 0)
debug_merge_point(0, 0, '8<main.rpyeffect:0([mcore:[#11]#3])>+1: {"op": "Return". "args": {"any": [0]}}')
debug_merge_point(0, 0, '95<main.rpyeffect:87([k@[k@[k@Name(countdown_48)#122]#124]#128])>+0: {"op": "Switch". "scrutinee": 0. "values": [<BoolValue object at 0x1405df960>]. "targets": [88]. "default": 94}')
guard_false(i90, descr=<Guard0x1405fd940>) [p2, p7, p9, p11, p13, p15, p17, p19, p21, p23, p25, p27, p29, p31, p33, p35, p37, p0, p1, p3, p4]
debug_merge_point(0, 0, '94<main.rpyeffect:86([switch default case#130])>+0: {"op": "Swap". "type": "any". "a": 0. "b". 1}')
debug_merge_point(0, 0, '94<main.rpyeffect:86([switch default case#130])>+1: {"op": "Switch". "scrutinee": 1. "values": [<BoolValue object at 0x1405df970>]. "targets": [92]. "default": 93}')
debug_merge_point(0, 0, '92<main.rpyeffect:84([switch case for Bool(false)#131])>+0: {"op": "Push". "target": 91. "args": {"any": []}}')
debug_merge_point(0, 0, '92<main.rpyeffect:84([switch case for Bool(false)#131])>+1: {"op": "Jump". "target": 74}')
debug_merge_point(0, 0, '74<main.rpyeffect:66(Name(-_34))>+0: {"op": "New". "out": 0. "targets": [73]. "args": {"any": [0]}}')
debug_merge_point(0, 0, '74<main.rpyeffect:66(Name(-_34))>+1: {"op": "Return". "args": {"any": [0]}}')
debug_merge_point(0, 0, '91<main.rpyeffect:83([k@[switch case for Bool(false)#131]#133])>+0: {"op": "Const". "type": "ptr". "out": 1. "format": "int". "value": "<IntValue object at 0x1405dfa30>"}')
debug_merge_point(0, 0, '91<main.rpyeffect:83([k@[switch case for Bool(false)#131]#133])>+1: {"op": "Push". "target": 90. "args": {"any": []}}')
debug_merge_point(0, 0, '91<main.rpyeffect:83([k@[switch case for Bool(false)#131]#133])>+2: {"op": "Swap". "type": "any". "a": 0. "b". 1}')
debug_merge_point(0, 0, '91<main.rpyeffect:83([k@[switch case for Bool(false)#131]#133])>+3: {"op": "Invoke". "receiver": 1. "tag": Interned(apply). "args" : {"any": [0]}}')
debug_merge_point(0, 0, '73<main.rpyeffect:65([method_apply@Name(-_34)#96])>+0: {"op": "Jump". "target": 72}')
debug_merge_point(0, 0, '72<main.rpyeffect:64([mcore:[#27]#93])>+0: {"op": "PrimOp". "name": "infixSub(Int. Int): Int". "out": {"any": [0]}. "in": {"any": [1. 0]}}')
+1184: i92 = int_sub(i88, 1)
debug_merge_point(0, 0, '72<main.rpyeffect:64([mcore:[#27]#93])>+1: {"op": "Return". "args": {"any": [0]}}')
debug_merge_point(0, 0, '90<main.rpyeffect:82([#137])>+0: {"op": "Const". "type": "ptr". "out": 1. "format": "int". "value": "<IntValue object at 0x1405dfaa0>"}')
debug_merge_point(0, 0, '90<main.rpyeffect:82([#137])>+1: {"op": "Const". "type": "ptr". "out": 2. "format": "string". "value": "Name(Set_1)"}')
debug_merge_point(0, 0, '90<main.rpyeffect:82([#137])>+2: {"op": "PrimOp". "name": "getGlobal(String): Ptr". "out": {"any": [2]}. "in": {"any": [2]}}')
debug_merge_point(0, 0, '90<main.rpyeffect:82([#137])>+3: {"op": "GetDynamic". "out": 1. "n": 1. "label": 2}')
+1192: i94 = instance_ptr_eq(p0, ConstPtr(ptr93))
guard_true(i94, descr=<Guard0x1405fd970>) [p2, p7, p9, p11, p13, p15, p17, p19, p21, p23, p25, p27, p29, p31, p33, p35, p37, p0, p1, p3, p4]
debug_merge_point(0, 0, '90<main.rpyeffect:82([#137])>+4: {"op": "Push". "target": 89. "args": {"any": []}}')
debug_merge_point(0, 0, '90<main.rpyeffect:82([#137])>+5: {"op": "Invoke". "receiver": 1. "tag": Interned(Set_1). "args" : {"any": [0]}}')
+1200: p95 = getfield_gc_r(p4, descr=<FieldP rpyeffect.codata.CoData.inst_vtable 8 pure>)
+1212: guard_value(p95, ConstPtr(ptr96), descr=<Guard0x1405fd9a0>) [p2, p7, p9, p11, p13, p15, p17, p19, p21, p23, p25, p27, p29, p31, p33, p35, p37, p0, p1, p3, p4]
+1220: p97 = getfield_gc_r(p4, descr=<FieldP rpyeffect.stored_environment.CoData__arb.inst_values_ptr 16 pure>)
+1224: i98 = arraylen_gc(p97, descr=<ArrayP 8>)
+1228: guard_value(i98, 1, descr=<Guard0x1405fd9d0>) [p2, p7, p9, p11, p13, p15, p17, p19, p21, p23, p25, p27, p29, p31, p33, p35, p37, p0, p1, p3, p4]
+1240: p101 = getarrayitem_gc_pure_r(p97, 0, descr=<ArrayP 8>)
debug_merge_point(0, 0, '114<main.rpyeffect:106([method_Set_1@[mcore:[#45]#166]#193])>+0: {"op": "Const". "type": "ptr". "out": 2. "format": "int". "value": "<IntValue object at 0x1405df610>"}')
debug_merge_point(0, 0, '114<main.rpyeffect:106([method_Set_1@[mcore:[#45]#166]#193])>+1: {"op": "ShiftDyn". "out": 1. "n": 2. "label": 1}')
+1244: guard_nonnull(p101, descr=<Guard0x1405fda00>) [p2, p7, p9, p11, p13, p15, p17, p19, p21, p23, p25, p27, p29, p31, p33, p35, p37, p0, p1, p3, p4]
+1252: i102 = getfield_gc_i(p101, descr=<FieldS rpyeffect.stack.Label.inst_origin 8 pure>)
+1256: guard_value(i102, 118784, descr=<Guard0x1405fda30>) [p2, p7, p9, p11, p13, p15, p17, p19, p21, p23, p25, p27, p29, p31, p33, p35, p37, p0, p1, p3, p4]
+1272: i104 = instance_ptr_eq(p57, p101)
guard_true(i104, descr=<Guard0x1405fda60>) [p2, p7, p9, p11, p13, p15, p17, p19, p21, p23, p25, p27, p29, p31, p33, p35, p37, p0, p1, p3, p4]
debug_merge_point(0, 0, '114<main.rpyeffect:106([method_Set_1@[mcore:[#45]#166]#193])>+2: {"op": "New". "out": 0. "targets": [113]. "args": {"any": [1. 0]}}')
debug_merge_point(0, 0, '114<main.rpyeffect:106([method_Set_1@[mcore:[#45]#166]#193])>+3: {"op": "Return". "args": {"any": [0]}}')
debug_merge_point(0, 0, '100<main.rpyeffect:92([k@[mcore:[#38]#157]#159])>+0: {"op": "Swap". "type": "any". "a": 0. "b". 1}')
debug_merge_point(0, 0, '100<main.rpyeffect:92([k@[mcore:[#38]#157]#159])>+1: {"op": "Invoke". "receiver": 1. "tag": Interned(apply). "args" : {"any": [0]}}')
debug_merge_point(0, 0, '113<main.rpyeffect:105([#198])>+0: {"op": "Jump". "target": 104}')
debug_merge_point(0, 0, '104<main.rpyeffect:96([mcore:[#42]#160])>+0: {"op": "Construct". "out": 0. "type": Interned({"op": "eff$Tuple". "elements": []}). "tag": Interned({"op": "eff$Tuple". "elements": []}). "args": {"any": []}}')
debug_merge_point(0, 0, '104<main.rpyeffect:96([mcore:[#42]#160])>+1: {"op": "Push". "target": 103. "args": {"any": [2]}}')
debug_merge_point(0, 0, '104<main.rpyeffect:96([mcore:[#42]#160])>+2: {"op": "Jump". "target": 102}')
debug_merge_point(0, 0, '102<main.rpyeffect:94(Name(k_70))>+0: {"op": "PushStack". "arg": 1}')
debug_merge_point(0, 0, '102<main.rpyeffect:94(Name(k_70))>+1: {"op": "Return". "args": {"any": [0]}}')
debug_merge_point(0, 0, '89<main.rpyeffect:81([k@[#137]#145])>+0: {"op": "Construct". "out": 0. "type": Interned({"op": "eff$Tuple". "elements": []}). "tag": Interned({"op": "eff$Tuple". "elements": []}). "args": {"any": []}}')
debug_merge_point(0, 0, '89<main.rpyeffect:81([k@[#137]#145])>+1: {"op": "Const". "type": "ptr". "out": 1. "format": "string". "value": "Name(Get_0)"}')
debug_merge_point(0, 0, '89<main.rpyeffect:81([k@[#137]#145])>+2: {"op": "PrimOp". "name": "getGlobal(String): Ptr". "out": {"any": [1]}. "in": {"any": [1]}}')
debug_merge_point(0, 0, '89<main.rpyeffect:81([k@[#137]#145])>+3: {"op": "Const". "type": "ptr". "out": 2. "format": "string". "value": "Name(Set_1)"}')
debug_merge_point(0, 0, '89<main.rpyeffect:81([k@[#137]#145])>+4: {"op": "PrimOp". "name": "getGlobal(String): Ptr". "out": {"any": [2]}. "in": {"any": [2]}}')
debug_merge_point(0, 0, '89<main.rpyeffect:81([k@[#137]#145])>+5: {"op": "Jump". "target": 98}')
debug_merge_point(0, 0, '98<main.rpyeffect:90(Name(countdown_48))>+0: {"op": "Const". "type": "ptr". "out": 0. "format": "int". "value": "<IntValue object at 0x1405df900>"}')
debug_merge_point(0, 0, '98<main.rpyeffect:90(Name(countdown_48))>+1: {"op": "Const". "type": "ptr". "out": 1. "format": "string". "value": "Name(Get_0)"}')
debug_merge_point(0, 0, '98<main.rpyeffect:90(Name(countdown_48))>+2: {"op": "PrimOp". "name": "getGlobal(String): Ptr". "out": {"any": [1]}. "in": {"any": [1]}}')
debug_merge_point(0, 0, '98<main.rpyeffect:90(Name(countdown_48))>+3: {"op": "GetDynamic". "out": 0. "n": 0. "label": 1}')
+1284: i106 = instance_ptr_eq(p0, ConstPtr(ptr105))
guard_false(i106, descr=<Guard0x1405fda90>) [p2, p7, p9, p11, p13, p15, p17, p19, p21, p23, p25, p27, p29, p31, p33, p35, p37, p0, p1, p3, p4]
+1292: i108 = instance_ptr_eq(p52, ConstPtr(ptr107))
guard_true(i108, descr=<Guard0x1405fdac0>) [p2, p7, p9, p11, p13, p15, p17, p19, p21, p23, p25, p27, p29, p31, p33, p35, p37, p0, p1, p3, p4]
debug_merge_point(0, 0, '98<main.rpyeffect:90(Name(countdown_48))>+4: {"op": "Construct". "out": 1. "type": Interned({"op": "eff$Tuple". "elements": []}). "tag": Interned({"op": "eff$Tuple". "elements": []}). "args": {"any": []}}')
debug_merge_point(0, 0, '98<main.rpyeffect:90(Name(countdown_48))>+5: {"op": "Push". "target": 97. "args": {"any": []}}')
+1300: label(p0, p1, p2, p64, p52, p61, p57, p82, i92, p71, p72, p66, p4, p13, p15, p17, p19, p21, p23, p25, p27, p29, p31, p33, p35, p37, p101, descr=TargetToken(5374946272))
debug_merge_point(0, 0, '98<main.rpyeffect:90(Name(countdown_48))>+5: {"op": "Push". "target": 97. "args": {"any": []}}')
+1316: guard_not_invalidated(descr=<Guard0x1405daad0>) [p2, p66, p13, p15, p17, p19, p21, p23, p25, p27, p29, p31, p33, p35, p37, p0, p1, p4, i92, p82, p72, p71, p57, p61, p52, p64]
debug_merge_point(0, 0, '98<main.rpyeffect:90(Name(countdown_48))>+6: {"op": "Swap". "type": "any". "a": 0. "b". 1}')
debug_merge_point(0, 0, '98<main.rpyeffect:90(Name(countdown_48))>+7: {"op": "Invoke". "receiver": 1. "tag": Interned(Get_0). "args" : {"any": [0]}}')
+1320: p109 = getfield_gc_r(p66, descr=<FieldP rpyeffect.codata.CoData.inst_vtable 8 pure>)
+1328: guard_value(p109, ConstPtr(ptr110), descr=<Guard0x1405fdaf0>) [p2, p66, p13, p15, p17, p19, p21, p23, p25, p27, p29, p31, p33, p35, p37, p0, p1, p4, i92, p82, p72, p71, p57, p61, p52, p64]
+1336: p111 = getfield_gc_r(p66, descr=<FieldP rpyeffect.stored_environment.CoData__arb.inst_values_ptr 16 pure>)
+1340: i112 = arraylen_gc(p111, descr=<ArrayP 8>)
+1344: guard_value(i112, 1, descr=<Guard0x1405fdb20>) [p2, p66, p13, p15, p17, p19, p21, p23, p25, p27, p29, p31, p33, p35, p37, p0, p1, p4, i92, p82, p72, p71, p57, p61, p52, p64]
+1356: p115 = getarrayitem_gc_pure_r(p111, 0, descr=<ArrayP 8>)
debug_merge_point(0, 0, '111<main.rpyeffect:103([method_Get_0@[mcore:[#45]#166]#175])>+0: {"op": "Const". "type": "ptr". "out": 2. "format": "int". "value": "<IntValue object at 0x1405df6a0>"}')
debug_merge_point(0, 0, '111<main.rpyeffect:103([method_Get_0@[mcore:[#45]#166]#175])>+1: {"op": "ShiftDyn". "out": 1. "n": 2. "label": 1}')
+1360: guard_nonnull(p115, descr=<Guard0x1405fdb50>) [p2, p66, p13, p15, p17, p19, p21, p23, p25, p27, p29, p31, p33, p35, p37, p0, p1, p4, i92, p82, p72, p71, p57, p61, p52, p64]
+1368: i116 = getfield_gc_i(p115, descr=<FieldS rpyeffect.stack.Label.inst_origin 8 pure>)
+1372: guard_value(i116, 118784, descr=<Guard0x1405fdb80>) [p2, p66, p13, p15, p17, p19, p21, p23, p25, p27, p29, p31, p33, p35, p37, p0, p1, p4, i92, p82, p72, p71, p57, p61, p52, p64]
+1388: i118 = instance_ptr_eq(p57, p115)
guard_true(i118, descr=<Guard0x1405fdbb0>) [p2, p66, p13, p15, p17, p19, p21, p23, p25, p27, p29, p31, p33, p35, p37, p0, p1, p4, i92, p82, p72, p71, p57, p61, p52, p64]
debug_merge_point(0, 0, '111<main.rpyeffect:103([method_Get_0@[mcore:[#45]#166]#175])>+2: {"op": "Swap". "type": "any". "a": 0. "b". 1}')
debug_merge_point(0, 0, '111<main.rpyeffect:103([method_Get_0@[mcore:[#45]#166]#175])>+3: {"op": "Match". "type": Interned({"op": "eff$Tuple". "elements": []}). "scrutinee": 1. "clauses": [{"tag": Interned({"op": "eff$Tuple". "elements": []}). "target": 110. "args": {"any": []}}]. "default": {"tag": Interned(3c1a54e1-0809-44cf-a4c6-ab9c076d549b#[Missing Tag#340]). "target": 108. "args": {"any": []}}}')
debug_merge_point(0, 0, '110<main.rpyeffect:102([#181])>+0: {"op": "New". "out": 0. "targets": [109]. "args": {"any": [0]}}')
debug_merge_point(0, 0, '110<main.rpyeffect:102([#181])>+1: {"op": "Return". "args": {"any": [0]}}')
debug_merge_point(0, 0, '103<main.rpyeffect:95([k@[mcore:[#42]#160]#164])>+0: {"op": "Swap". "type": "any". "a": 0. "b". 1}')
debug_merge_point(0, 0, '103<main.rpyeffect:95([k@[mcore:[#42]#160]#164])>+1: {"op": "Invoke". "receiver": 1. "tag": Interned(apply). "args" : {"any": [0]}}')
debug_merge_point(0, 0, '109<main.rpyeffect:101([method_apply@[#181]#184])>+0: {"op": "Jump". "target": 101}')
debug_merge_point(0, 0, '101<main.rpyeffect:93([mcore:[#38]#157])>+0: {"op": "Push". "target": 100. "args": {"any": [0]}}')
debug_merge_point(0, 0, '101<main.rpyeffect:93([mcore:[#38]#157])>+1: {"op": "Jump". "target": 99}')
debug_merge_point(0, 0, '99<main.rpyeffect:91(Name(k_66))>+0: {"op": "PushStack". "arg": 1}')
debug_merge_point(0, 0, '99<main.rpyeffect:91(Name(k_66))>+1: {"op": "Return". "args": {"any": [0]}}')
debug_merge_point(0, 0, '97<main.rpyeffect:89([k@Name(countdown_48)#122])>+0: {"op": "Push". "target": 96. "args": {"any": [0]}}')
debug_merge_point(0, 0, '97<main.rpyeffect:89([k@Name(countdown_48)#122])>+1: {"op": "Jump". "target": 10}')
debug_merge_point(0, 0, '10<main.rpyeffect:2(Name(=_0))>+0: {"op": "New". "out": 0. "targets": [9]. "args": {"any": [0]}}')
debug_merge_point(0, 0, '10<main.rpyeffect:2(Name(=_0))>+1: {"op": "Return". "args": {"any": [0]}}')
debug_merge_point(0, 0, '96<main.rpyeffect:88([k@[k@Name(countdown_48)#122]#124])>+0: {"op": "Const". "type": "ptr". "out": 2. "format": "int". "value": "<IntValue object at 0x1405df950>"}')
debug_merge_point(0, 0, '96<main.rpyeffect:88([k@[k@Name(countdown_48)#122]#124])>+1: {"op": "Push". "target": 95. "args": {"any": [1]}}')
debug_merge_point(0, 0, '96<main.rpyeffect:88([k@[k@Name(countdown_48)#122]#124])>+2: {"op": "Copy". "type": "any". "from": 0. "to". 1}')
debug_merge_point(0, 0, '96<main.rpyeffect:88([k@[k@Name(countdown_48)#122]#124])>+3: {"op": "Copy". "type": "any". "from": 2. "to". 0}')
debug_merge_point(0, 0, '96<main.rpyeffect:88([k@[k@Name(countdown_48)#122]#124])>+4: {"op": "Invoke". "receiver": 1. "tag": Interned(apply). "args" : {"any": [0]}}')
debug_merge_point(0, 0, '9<main.rpyeffect:1([method_apply@Name(=_0)#6])>+0: {"op": "Jump". "target": 8}')
debug_merge_point(0, 0, '8<main.rpyeffect:0([mcore:[#11]#3])>+0: {"op": "PrimOp". "name": "equals(Any. Any): Bool". "out": {"any": [0]}. "in": {"any": [1. 0]}}')
+1396: i120 = int_eq(i92, 0)
debug_merge_point(0, 0, '8<main.rpyeffect:0([mcore:[#11]#3])>+1: {"op": "Return". "args": {"any": [0]}}')
debug_merge_point(0, 0, '95<main.rpyeffect:87([k@[k@[k@Name(countdown_48)#122]#124]#128])>+0: {"op": "Switch". "scrutinee": 0. "values": [<BoolValue object at 0x1405df960>]. "targets": [88]. "default": 94}')
guard_false(i120, descr=<Guard0x1405fdbe0>) [p2, p66, p13, p15, p17, p19, p21, p23, p25, p27, p29, p31, p33, p35, p37, p0, p1, p4, i92, p82, p72, p71, p57, p61, p52, p64]
debug_merge_point(0, 0, '94<main.rpyeffect:86([switch default case#130])>+0: {"op": "Swap". "type": "any". "a": 0. "b". 1}')
debug_merge_point(0, 0, '94<main.rpyeffect:86([switch default case#130])>+1: {"op": "Switch". "scrutinee": 1. "values": [<BoolValue object at 0x1405df970>]. "targets": [92]. "default": 93}')
debug_merge_point(0, 0, '92<main.rpyeffect:84([switch case for Bool(false)#131])>+0: {"op": "Push". "target": 91. "args": {"any": []}}')
debug_merge_point(0, 0, '92<main.rpyeffect:84([switch case for Bool(false)#131])>+1: {"op": "Jump". "target": 74}')
debug_merge_point(0, 0, '74<main.rpyeffect:66(Name(-_34))>+0: {"op": "New". "out": 0. "targets": [73]. "args": {"any": [0]}}')
debug_merge_point(0, 0, '74<main.rpyeffect:66(Name(-_34))>+1: {"op": "Return". "args": {"any": [0]}}')
debug_merge_point(0, 0, '91<main.rpyeffect:83([k@[switch case for Bool(false)#131]#133])>+0: {"op": "Const". "type": "ptr". "out": 1. "format": "int". "value": "<IntValue object at 0x1405dfa30>"}')
debug_merge_point(0, 0, '91<main.rpyeffect:83([k@[switch case for Bool(false)#131]#133])>+1: {"op": "Push". "target": 90. "args": {"any": []}}')
debug_merge_point(0, 0, '91<main.rpyeffect:83([k@[switch case for Bool(false)#131]#133])>+2: {"op": "Swap". "type": "any". "a": 0. "b". 1}')
debug_merge_point(0, 0, '91<main.rpyeffect:83([k@[switch case for Bool(false)#131]#133])>+3: {"op": "Invoke". "receiver": 1. "tag": Interned(apply). "args" : {"any": [0]}}')
debug_merge_point(0, 0, '73<main.rpyeffect:65([method_apply@Name(-_34)#96])>+0: {"op": "Jump". "target": 72}')
debug_merge_point(0, 0, '72<main.rpyeffect:64([mcore:[#27]#93])>+0: {"op": "PrimOp". "name": "infixSub(Int. Int): Int". "out": {"any": [0]}. "in": {"any": [1. 0]}}')
+1404: i122 = int_sub(i92, 1)
debug_merge_point(0, 0, '72<main.rpyeffect:64([mcore:[#27]#93])>+1: {"op": "Return". "args": {"any": [0]}}')
debug_merge_point(0, 0, '90<main.rpyeffect:82([#137])>+0: {"op": "Const". "type": "ptr". "out": 1. "format": "int". "value": "<IntValue object at 0x1405dfaa0>"}')
debug_merge_point(0, 0, '90<main.rpyeffect:82([#137])>+1: {"op": "Const". "type": "ptr". "out": 2. "format": "string". "value": "Name(Set_1)"}')
debug_merge_point(0, 0, '90<main.rpyeffect:82([#137])>+2: {"op": "PrimOp". "name": "getGlobal(String): Ptr". "out": {"any": [2]}. "in": {"any": [2]}}')
debug_merge_point(0, 0, '90<main.rpyeffect:82([#137])>+3: {"op": "GetDynamic". "out": 1. "n": 1. "label": 2}')
debug_merge_point(0, 0, '90<main.rpyeffect:82([#137])>+4: {"op": "Push". "target": 89. "args": {"any": []}}')
debug_merge_point(0, 0, '90<main.rpyeffect:82([#137])>+5: {"op": "Invoke". "receiver": 1. "tag": Interned(Set_1). "args" : {"any": [0]}}')
debug_merge_point(0, 0, '114<main.rpyeffect:106([method_Set_1@[mcore:[#45]#166]#193])>+0: {"op": "Const". "type": "ptr". "out": 2. "format": "int". "value": "<IntValue object at 0x1405df610>"}')
debug_merge_point(0, 0, '114<main.rpyeffect:106([method_Set_1@[mcore:[#45]#166]#193])>+1: {"op": "ShiftDyn". "out": 1. "n": 2. "label": 1}')
debug_merge_point(0, 0, '114<main.rpyeffect:106([method_Set_1@[mcore:[#45]#166]#193])>+2: {"op": "New". "out": 0. "targets": [113]. "args": {"any": [1. 0]}}')
debug_merge_point(0, 0, '114<main.rpyeffect:106([method_Set_1@[mcore:[#45]#166]#193])>+3: {"op": "Return". "args": {"any": [0]}}')
debug_merge_point(0, 0, '100<main.rpyeffect:92([k@[mcore:[#38]#157]#159])>+0: {"op": "Swap". "type": "any". "a": 0. "b". 1}')
debug_merge_point(0, 0, '100<main.rpyeffect:92([k@[mcore:[#38]#157]#159])>+1: {"op": "Invoke". "receiver": 1. "tag": Interned(apply). "args" : {"any": [0]}}')
debug_merge_point(0, 0, '113<main.rpyeffect:105([#198])>+0: {"op": "Jump". "target": 104}')
debug_merge_point(0, 0, '104<main.rpyeffect:96([mcore:[#42]#160])>+0: {"op": "Construct". "out": 0. "type": Interned({"op": "eff$Tuple". "elements": []}). "tag": Interned({"op": "eff$Tuple". "elements": []}). "args": {"any": []}}')
debug_merge_point(0, 0, '104<main.rpyeffect:96([mcore:[#42]#160])>+1: {"op": "Push". "target": 103. "args": {"any": [2]}}')
debug_merge_point(0, 0, '104<main.rpyeffect:96([mcore:[#42]#160])>+2: {"op": "Jump". "target": 102}')
debug_merge_point(0, 0, '102<main.rpyeffect:94(Name(k_70))>+0: {"op": "PushStack". "arg": 1}')
debug_merge_point(0, 0, '102<main.rpyeffect:94(Name(k_70))>+1: {"op": "Return". "args": {"any": [0]}}')
debug_merge_point(0, 0, '89<main.rpyeffect:81([k@[#137]#145])>+0: {"op": "Construct". "out": 0. "type": Interned({"op": "eff$Tuple". "elements": []}). "tag": Interned({"op": "eff$Tuple". "elements": []}). "args": {"any": []}}')
debug_merge_point(0, 0, '89<main.rpyeffect:81([k@[#137]#145])>+1: {"op": "Const". "type": "ptr". "out": 1. "format": "string". "value": "Name(Get_0)"}')
debug_merge_point(0, 0, '89<main.rpyeffect:81([k@[#137]#145])>+2: {"op": "PrimOp". "name": "getGlobal(String): Ptr". "out": {"any": [1]}. "in": {"any": [1]}}')
debug_merge_point(0, 0, '89<main.rpyeffect:81([k@[#137]#145])>+3: {"op": "Const". "type": "ptr". "out": 2. "format": "string". "value": "Name(Set_1)"}')
debug_merge_point(0, 0, '89<main.rpyeffect:81([k@[#137]#145])>+4: {"op": "PrimOp". "name": "getGlobal(String): Ptr". "out": {"any": [2]}. "in": {"any": [2]}}')
debug_merge_point(0, 0, '89<main.rpyeffect:81([k@[#137]#145])>+5: {"op": "Jump". "target": 98}')
debug_merge_point(0, 0, '98<main.rpyeffect:90(Name(countdown_48))>+0: {"op": "Const". "type": "ptr". "out": 0. "format": "int". "value": "<IntValue object at 0x1405df900>"}')
debug_merge_point(0, 0, '98<main.rpyeffect:90(Name(countdown_48))>+1: {"op": "Const". "type": "ptr". "out": 1. "format": "string". "value": "Name(Get_0)"}')
debug_merge_point(0, 0, '98<main.rpyeffect:90(Name(countdown_48))>+2: {"op": "PrimOp". "name": "getGlobal(String): Ptr". "out": {"any": [1]}. "in": {"any": [1]}}')
debug_merge_point(0, 0, '98<main.rpyeffect:90(Name(countdown_48))>+3: {"op": "GetDynamic". "out": 0. "n": 0. "label": 1}')
+1412: i124 = instance_ptr_eq(p0, ConstPtr(ptr123))
guard_false(i124, descr=<Guard0x1405fdc10>) [p2, p66, p13, p15, p17, p19, p21, p23, p25, p27, p29, p31, p33, p35, p37, p0, p1, p4, i92, p82, p72, p71, p57, p61, p52, p64]
+1420: i126 = instance_ptr_eq(p52, ConstPtr(ptr125))
guard_true(i126, descr=<Guard0x1405fdc40>) [p2, p66, p13, p15, p17, p19, p21, p23, p25, p27, p29, p31, p33, p35, p37, p0, p1, p4, i92, p82, p72, p71, p57, p61, p52, p64]
debug_merge_point(0, 0, '98<main.rpyeffect:90(Name(countdown_48))>+4: {"op": "Construct". "out": 1. "type": Interned({"op": "eff$Tuple". "elements": []}). "tag": Interned({"op": "eff$Tuple". "elements": []}). "args": {"any": []}}')
debug_merge_point(0, 0, '98<main.rpyeffect:90(Name(countdown_48))>+5: {"op": "Push". "target": 97. "args": {"any": []}}')
+1432: i127 = instance_ptr_eq(p0, ConstPtr(ptr93))
guard_true(i127, descr=<Guard0x1405dab18>) [p2, p66, p13, p15, p17, p19, p21, p23, p25, p27, p29, p31, p33, p35, p37, p0, p1, p4, i122, None, p82, p72, p71, p57, p61, p52, p64]
+1440: i129 = instance_ptr_eq(p57, p101)
guard_true(i129, descr=<Guard0x1405dab60>) [p2, p66, p13, p15, p17, p19, p21, p23, p25, p27, p29, p31, p33, p35, p37, p0, p1, p4, i122, None, p82, p72, p71, p57, p61, p52, p64]
+1448: jump(p0, p1, p2, p64, p52, p61, p57, p82, i122, p71, p72, p66, p4, p13, p15, p17, p19, p21, p23, p25, p27, p29, p31, p33, p35, p37, p101, descr=TargetToken(5374946272))
+1456: --end of the loop--
[a8822f] jit-log-opt-loop}
[13afb393] {jit-summary
Tracing:      	1	0.001273
Backend:      	1	0.000300
TOTAL:      		0.321828
ops:             	3376
heapcached ops:  	632
recorded ops:    	1349
  calls:         	666
guards:          	213
opt ops:         	249
opt guards:      	49
opt guards shared:	44
forcings:        	0
abort: trace too long:	0
abort: compiling:	0
abort: vable escape:	0
abort: bad loop: 	0
abort: force quasi-immut:	0
abort: segmenting trace:	0
virtualizables forced:	0
nvirtuals:       	8
nvholes:         	0
nvreused:        	0
vecopt tried:    	0
vecopt success:  	0
Total # of loops:	1
Total # of bridges:	0
Freed # of loops:	0
Freed # of bridges:	0
[13afdf85] jit-summary}
