[955c00] {jit-log-opt-loop
# Loop 2 (16<main.rpyeffect:8(Name(>_2))>+0: {"op": "New", "out": 0, "targets": [15], "args": {"any": [0]}}) : loop with 114 ops
[p0, p1, p2, p3, p4]
+312: p5 = getfield_gc_r(p2, descr=<FieldP rpyeffect.environment.Environment.inst_values_ptr 16>)
+320: p7 = getarrayitem_gc_r(p5, 0, descr=<ArrayP 8>)
+324: p9 = getarrayitem_gc_r(p5, 1, descr=<ArrayP 8>)
+328: p11 = getarrayitem_gc_r(p5, 2, descr=<ArrayP 8>)
+332: p13 = getarrayitem_gc_r(p5, 3, descr=<ArrayP 8>)
+336: p15 = getarrayitem_gc_r(p5, 4, descr=<ArrayP 8>)
+340: p17 = getarrayitem_gc_r(p5, 5, descr=<ArrayP 8>)
+344: p19 = getarrayitem_gc_r(p5, 6, descr=<ArrayP 8>)
+348: p21 = getarrayitem_gc_r(p5, 7, descr=<ArrayP 8>)
+352: p23 = getarrayitem_gc_r(p5, 8, descr=<ArrayP 8>)
+356: p25 = getarrayitem_gc_r(p5, 9, descr=<ArrayP 8>)
+360: p27 = getarrayitem_gc_r(p5, 10, descr=<ArrayP 8>)
+364: p29 = getarrayitem_gc_r(p5, 11, descr=<ArrayP 8>)
+368: p31 = getarrayitem_gc_r(p5, 12, descr=<ArrayP 8>)
+372: p33 = getarrayitem_gc_r(p5, 13, descr=<ArrayP 8>)
+376: p35 = getarrayitem_gc_r(p5, 14, descr=<ArrayP 8>)
+380: p37 = getarrayitem_gc_r(p5, 15, descr=<ArrayP 8>)
+384: label(p0, p1, p2, p3, p4, p7, p9, p11, p13, p15, p17, p19, p21, p23, p25, p27, p29, p31, p33, p35, p37, descr=TargetToken(5106453728))
debug_merge_point(0, 0, '16<main.rpyeffect:8(Name(>_2))>+0: {"op": "New". "out": 0. "targets": [15]. "args": {"any": [0]}}')
+444: guard_not_invalidated(descr=<Guard0x1305daa88>) [p2, p7, p9, p11, p13, p15, p17, p19, p21, p23, p25, p27, p29, p31, p33, p35, p37, p0, p1, p3, p4]
debug_merge_point(0, 0, '16<main.rpyeffect:8(Name(>_2))>+1: {"op": "Return". "args": {"any": [0]}}')
+448: guard_nonnull(p1, descr=<Guard0x1305f91f0>) [p2, p7, p9, p11, p13, p15, p17, p19, p21, p23, p25, p27, p29, p31, p33, p35, p37, p0, p1, p3, p4]
+460: i38 = getfield_gc_i(p1, descr=<FieldS rpyeffect.stored_environment.Stack__arb.inst_target 16 pure>)
+468: guard_value(i38, 88, descr=<Guard0x1305f9220>) [p2, p7, p9, p11, p13, p15, p17, p19, p21, p23, p25, p27, p29, p31, p33, p35, p37, p0, p1, p3, p4]
+480: p40 = getfield_gc_r(p1, descr=<FieldP rpyeffect.stored_environment.Stack__arb.inst_values_ptr 24 pure>)
+484: i41 = arraylen_gc(p40, descr=<ArrayP 8>)
+488: guard_value(i41, 0, descr=<Guard0x1305f9250>) [p2, p7, p9, p11, p13, p15, p17, p19, p21, p23, p25, p27, p29, p31, p33, p35, p37, p0, p1, p3, p4]
+500: p43 = getfield_gc_r(p1, descr=<FieldP rpyeffect.stored_environment.Stack__arb.inst_tail 8 pure>)
debug_merge_point(0, 0, '88<main.rpyeffect:80([k@Name(isValueTooBig_48)#114])>+0: {"op": "Const". "type": "ptr". "out": 1. "format": "int". "value": "<IntValue object at 0x1305df940>"}')
debug_merge_point(0, 0, '88<main.rpyeffect:80([k@Name(isValueTooBig_48)#114])>+1: {"op": "Swap". "type": "any". "a": 0. "b". 1}')
debug_merge_point(0, 0, '88<main.rpyeffect:80([k@Name(isValueTooBig_48)#114])>+2: {"op": "Invoke". "receiver": 1. "tag": Interned(apply). "args" : {"any": [0]}}')
debug_merge_point(0, 0, '15<main.rpyeffect:7([method_apply@Name(>_2)#16])>+0: {"op": "Jump". "target": 14}')
debug_merge_point(0, 0, '14<main.rpyeffect:6([mcore:[#14]#13])>+0: {"op": "PrimOp". "name": "infixGt(Any. Any): Bool". "out": {"any": [0]}. "in": {"any": [1. 0]}}')
+504: guard_class(p7, ConstClass(IntValue), descr=<Guard0x1305f9280>) [p2, p7, p9, p11, p13, p15, p17, p19, p21, p23, p25, p27, p29, p31, p33, p35, p37, p0, p1, p3, p4]
+520: i45 = getfield_gc_i(p7, descr=<FieldS rpyeffect.value.IntValue.inst_value 8 pure>)
+524: i47 = int_eq(i45, 39)
guard_false(i47, descr=<Guard0x1305f92b0>) [p2, p7, p9, p11, p13, p15, p17, p19, p21, p23, p25, p27, p29, p31, p33, p35, p37, p0, p1, p3, p4]
+532: i48 = int_lt(i45, 39)
guard_true(i48, descr=<Guard0x1305f92e0>) [p2, p7, p9, p11, p13, p15, p17, p19, p21, p23, p25, p27, p29, p31, p33, p35, p37, p0, p1, p3, p4]
debug_merge_point(0, 0, '14<main.rpyeffect:6([mcore:[#14]#13])>+1: {"op": "Return". "args": {"any": [0]}}')
+540: guard_nonnull(p43, descr=<Guard0x1305f9310>) [p2, p7, p9, p11, p13, p15, p17, p19, p21, p23, p25, p27, p29, p31, p33, p35, p37, p0, p1, p3, p4]
+548: i49 = getfield_gc_i(p43, descr=<FieldS rpyeffect.stored_environment.Stack__arb.inst_target 16 pure>)
+552: guard_value(i49, 101, descr=<Guard0x1305f9340>) [p2, p7, p9, p11, p13, p15, p17, p19, p21, p23, p25, p27, p29, p31, p33, p35, p37, p0, p1, p3, p4]
+564: p51 = getfield_gc_r(p43, descr=<FieldP rpyeffect.stored_environment.Stack__arb.inst_values_ptr 24 pure>)
+568: i52 = arraylen_gc(p51, descr=<ArrayP 8>)
+572: guard_value(i52, 2, descr=<Guard0x1305f9370>) [p2, p7, p9, p11, p13, p15, p17, p19, p21, p23, p25, p27, p29, p31, p33, p35, p37, p0, p1, p3, p4]
+584: p55 = getarrayitem_gc_pure_r(p51, 0, descr=<ArrayP 8>)
+588: p57 = getarrayitem_gc_pure_r(p51, 1, descr=<ArrayP 8>)
+592: p58 = getfield_gc_r(p43, descr=<FieldP rpyeffect.stored_environment.Stack__arb.inst_tail 8 pure>)
debug_merge_point(0, 0, '101<main.rpyeffect:93([k@[method_Emit_0@[mcore:[#39]#127]#129]#136])>+0: {"op": "Push". "target": 95. "args": {"any": [1]}}')
debug_merge_point(0, 0, '101<main.rpyeffect:93([k@[method_Emit_0@[mcore:[#39]#127]#129]#136])>+1: {"op": "Copy". "type": "any". "from": 2. "to". 1}')
debug_merge_point(0, 0, '101<main.rpyeffect:93([k@[method_Emit_0@[mcore:[#39]#127]#129]#136])>+2: {"op": "Switch". "scrutinee": 0. "values": [<BoolValue object at 0x1305df690>]. "targets": [97]. "default": 100}')
debug_merge_point(0, 0, '100<main.rpyeffect:92([switch default case#150])>+0: {"op": "Switch". "scrutinee": 0. "values": [<BoolValue object at 0x1305df6b0>]. "targets": [98]. "default": 99}')
debug_merge_point(0, 0, '98<main.rpyeffect:90([switch case for Bool(false)#151])>+0: {"op": "Construct". "out": 0. "type": Interned({"op": "eff$Tuple". "elements": []}). "tag": Interned({"op": "eff$Tuple". "elements": []}). "args": {"any": []}}')
debug_merge_point(0, 0, '98<main.rpyeffect:90([switch case for Bool(false)#151])>+1: {"op": "Return". "args": {"any": [0]}}')
debug_merge_point(0, 0, '95<main.rpyeffect:87([#138])>+0: {"op": "Construct". "out": 0. "type": Interned({"op": "eff$Tuple". "elements": []}). "tag": Interned({"op": "eff$Tuple". "elements": []}). "args": {"any": []}}')
debug_merge_point(0, 0, '95<main.rpyeffect:87([#138])>+1: {"op": "Jump". "target": 94}')
debug_merge_point(0, 0, '94<main.rpyeffect:86(Name(k_60))>+0: {"op": "PushStack". "arg": 1}')
+600: i60 = instance_ptr_eq(p4, ConstPtr(ptr59))
guard_false(i60, descr=<Guard0x1305f93a0>) [p2, p7, p9, p11, p13, p15, p17, p19, p21, p23, p25, p27, p29, p31, p33, p35, p37, p0, p1, p3, p4]
+612: guard_nonnull_class(p55, ConstClass(MetaStackWithBinding), descr=<Guard0x1305daad0>) [p2, p7, p9, p11, p13, p15, p17, p19, p21, p23, p25, p27, p29, p31, p33, p35, p37, p0, p1, p3, p4]
+636: p62 = getfield_gc_r(p55, descr=<FieldP rpyeffect.stack.MetaStack.inst_region 24 pure>)
+640: guard_isnull(p62, descr=<Guard0x1305f93d0>) [p2, p7, p9, p11, p13, p15, p17, p19, p21, p23, p25, p27, p29, p31, p33, p35, p37, p0, p1, p3, p4]
+648: p63 = getfield_gc_r(p55, descr=<FieldP rpyeffect.stack.MetaStackLike.inst_stack 8 pure>)
+652: p64 = getfield_gc_r(p55, descr=<FieldP rpyeffect.stack.MetaStack.inst_tail 32 pure>)
+656: guard_isnull(p64, descr=<Guard0x1305f9400>) [p2, p7, p9, p11, p13, p15, p17, p19, p21, p23, p25, p27, p29, p31, p33, p35, p37, p0, p1, p3, p4]
+664: p65 = getfield_gc_r(p55, descr=<FieldP rpyeffect.stack.MetaStack.inst_label 16 pure>)
+668: p66 = getfield_gc_r(p55, descr=<FieldP rpyeffect.stack.MetaStackWithBinding.inst_binding 40 pure>)
+672: i68 = instance_ptr_eq(p66, ConstPtr(ptr67))
guard_false(i68, descr=<Guard0x1305f9430>) [p2, p7, p9, p11, p13, p15, p17, p19, p21, p23, p25, p27, p29, p31, p33, p35, p37, p0, p1, p3, p4]
debug_merge_point(0, 0, '94<main.rpyeffect:86(Name(k_60))>+1: {"op": "Return". "args": {"any": [0]}}')
+680: guard_nonnull(p63, descr=<Guard0x1305f9460>) [p2, p7, p9, p11, p13, p15, p17, p19, p21, p23, p25, p27, p29, p31, p33, p35, p37, p0, p1, p3, p4]
+688: i69 = getfield_gc_i(p63, descr=<FieldS rpyeffect.stored_environment.Stack__arb.inst_target 16 pure>)
+692: guard_value(i69, 112, descr=<Guard0x1305f9490>) [p2, p7, p9, p11, p13, p15, p17, p19, p21, p23, p25, p27, p29, p31, p33, p35, p37, p0, p1, p3, p4]
+704: p71 = getfield_gc_r(p63, descr=<FieldP rpyeffect.stored_environment.Stack__arb.inst_values_ptr 24 pure>)
+708: i72 = arraylen_gc(p71, descr=<ArrayP 8>)
+712: guard_value(i72, 1, descr=<Guard0x1305f94c0>) [p2, p7, p9, p11, p13, p15, p17, p19, p21, p23, p25, p27, p29, p31, p33, p35, p37, p0, p1, p3, p4]
+724: p75 = getarrayitem_gc_pure_r(p71, 0, descr=<ArrayP 8>)
+728: p76 = getfield_gc_r(p63, descr=<FieldP rpyeffect.stored_environment.Stack__arb.inst_tail 8 pure>)
debug_merge_point(0, 0, '112<main.rpyeffect:104([#197])>+0: {"op": "Push". "target": 111. "args": {"any": []}}')
debug_merge_point(0, 0, '112<main.rpyeffect:104([#197])>+1: {"op": "Copy". "type": "any". "from": 1. "to". 0}')
debug_merge_point(0, 0, '112<main.rpyeffect:104([#197])>+2: {"op": "Jump". "target": 74}')
debug_merge_point(0, 0, '74<main.rpyeffect:66(Name(-_34))>+0: {"op": "New". "out": 0. "targets": [73]. "args": {"any": [0]}}')
debug_merge_point(0, 0, '74<main.rpyeffect:66(Name(-_34))>+1: {"op": "Return". "args": {"any": [0]}}')
debug_merge_point(0, 0, '111<main.rpyeffect:103([k@[#197]#199])>+0: {"op": "Const". "type": "ptr". "out": 1. "format": "int". "value": "<IntValue object at 0x1305df410>"}')
debug_merge_point(0, 0, '111<main.rpyeffect:103([k@[#197]#199])>+1: {"op": "Push". "target": 110. "args": {"any": []}}')
debug_merge_point(0, 0, '111<main.rpyeffect:103([k@[#197]#199])>+2: {"op": "Swap". "type": "any". "a": 0. "b". 1}')
debug_merge_point(0, 0, '111<main.rpyeffect:103([k@[#197]#199])>+3: {"op": "Invoke". "receiver": 1. "tag": Interned(apply). "args" : {"any": [0]}}')
debug_merge_point(0, 0, '73<main.rpyeffect:65([method_apply@Name(-_34)#96])>+0: {"op": "Jump". "target": 72}')
debug_merge_point(0, 0, '72<main.rpyeffect:64([mcore:[#28]#93])>+0: {"op": "PrimOp". "name": "infixSub(Int. Int): Int". "out": {"any": [0]}. "in": {"any": [1. 0]}}')
+732: i77 = getfield_gc_i(p75, descr=<FieldS rpyeffect.value.IntValue.inst_value 8 pure>)
+736: i79 = int_sub(i77, 1)
debug_merge_point(0, 0, '72<main.rpyeffect:64([mcore:[#28]#93])>+1: {"op": "Return". "args": {"any": [0]}}')
debug_merge_point(0, 0, '110<main.rpyeffect:102([k@[k@[#197]#199]#203])>+0: {"op": "Const". "type": "ptr". "out": 1. "format": "string". "value": "Name(Emit_0)"}')
debug_merge_point(0, 0, '110<main.rpyeffect:102([k@[k@[#197]#199]#203])>+1: {"op": "PrimOp". "name": "getGlobal(String): Ptr". "out": {"any": [1]}. "in": {"any": [1]}}')
debug_merge_point(0, 0, '110<main.rpyeffect:102([k@[k@[#197]#199]#203])>+2: {"op": "Jump". "target": 120}')
debug_merge_point(0, 0, '120<main.rpyeffect:112(Name(loop_72))>+0: {"op": "Push". "target": 119. "args": {"any": [0]}}')
debug_merge_point(0, 0, '120<main.rpyeffect:112(Name(loop_72))>+1: {"op": "Jump". "target": 16}')
debug_merge_point(0, 0, '16<main.rpyeffect:8(Name(>_2))>+0: {"op": "New". "out": 0. "targets": [15]. "args": {"any": [0]}}')
+740: p80 = new_with_vtable(descr=<SizeDescr 32>)
+848: p82 = new_array_clear(1, descr=<ArrayP 8>)
+868: p83 = new_with_vtable(descr=<SizeDescr 16>)
+880: setfield_gc(p83, i79, descr=<FieldS rpyeffect.value.IntValue.inst_value 8 pure>)
+884: setarrayitem_gc(p82, 0, p83, descr=<ArrayP 8>)
+888: p85 = new_with_vtable(descr=<SizeDescr 48>)
+900: setfield_gc(p80, 119, descr=<FieldS rpyeffect.stored_environment.Stack__arb.inst_target 16 pure>)
+908: setfield_gc(p80, p82, descr=<FieldP rpyeffect.stored_environment.Stack__arb.inst_values_ptr 24 pure>)
+912: setfield_gc(p80, p76, descr=<FieldP rpyeffect.stored_environment.Stack__arb.inst_tail 8 pure>)
+916: setfield_gc(p85, ConstPtr(null), descr=<FieldP rpyeffect.stack.MetaStack.inst_region 24 pure>)
+924: setfield_gc(p85, p58, descr=<FieldP rpyeffect.stack.MetaStackLike.inst_stack 8 pure>)
+932: setfield_gc(p85, p3, descr=<FieldP rpyeffect.stack.MetaStack.inst_tail 32 pure>)
+940: setfield_gc(p85, p0, descr=<FieldP rpyeffect.stack.MetaStack.inst_label 16 pure>)
+948: setfield_gc(p85, p4, descr=<FieldP rpyeffect.stack.MetaStackWithBinding.inst_binding 40 pure>)
+956: jump(p65, p80, p2, p85, p66, p83, ConstPtr(ptr88), p57, p13, p15, p17, p19, p21, p23, p25, p27, p29, p31, p33, p35, p37, descr=TargetToken(5106453728))
+988: --end of the loop--
[978a6f] jit-log-opt-loop}
[a05b45] {jit-log-opt-loop
# Loop 3 (15<main.rpyeffect:7([method_apply@Name(>_2)#16])>+0: {"op": "Jump", "target": 14}) : entry bridge with 134 ops
[p0, p1, p2, p3, p4]
+312: p5 = getfield_gc_r(p2, descr=<FieldP rpyeffect.environment.Environment.inst_values_ptr 16>)
+320: p7 = getarrayitem_gc_r(p5, 0, descr=<ArrayP 8>)
+324: p9 = getarrayitem_gc_r(p5, 1, descr=<ArrayP 8>)
+328: p11 = getarrayitem_gc_r(p5, 2, descr=<ArrayP 8>)
+332: p13 = getarrayitem_gc_r(p5, 3, descr=<ArrayP 8>)
+336: p15 = getarrayitem_gc_r(p5, 4, descr=<ArrayP 8>)
+340: p17 = getarrayitem_gc_r(p5, 5, descr=<ArrayP 8>)
+344: p19 = getarrayitem_gc_r(p5, 6, descr=<ArrayP 8>)
+348: p21 = getarrayitem_gc_r(p5, 7, descr=<ArrayP 8>)
+352: p23 = getarrayitem_gc_r(p5, 8, descr=<ArrayP 8>)
+356: p25 = getarrayitem_gc_r(p5, 9, descr=<ArrayP 8>)
+360: p27 = getarrayitem_gc_r(p5, 10, descr=<ArrayP 8>)
+364: p29 = getarrayitem_gc_r(p5, 11, descr=<ArrayP 8>)
+368: p31 = getarrayitem_gc_r(p5, 12, descr=<ArrayP 8>)
+372: p33 = getarrayitem_gc_r(p5, 13, descr=<ArrayP 8>)
+376: p35 = getarrayitem_gc_r(p5, 14, descr=<ArrayP 8>)
+380: p37 = getarrayitem_gc_r(p5, 15, descr=<ArrayP 8>)
debug_merge_point(0, 0, '15<main.rpyeffect:7([method_apply@Name(>_2)#16])>+0: {"op": "Jump". "target": 14}')
+384: guard_not_invalidated(descr=<Guard0x1305dab18>) [p2, p7, p9, p11, p13, p15, p17, p19, p21, p23, p25, p27, p29, p31, p33, p35, p37, p0, p1, p3, p4]
debug_merge_point(0, 0, '14<main.rpyeffect:6([mcore:[#14]#13])>+0: {"op": "PrimOp". "name": "infixGt(Any. Any): Bool". "out": {"any": [0]}. "in": {"any": [1. 0]}}')
+388: guard_class(p9, ConstClass(IntValue), descr=<Guard0x1305f97c0>) [p2, p7, p9, p11, p13, p15, p17, p19, p21, p23, p25, p27, p29, p31, p33, p35, p37, p0, p1, p3, p4]
+404: guard_nonnull_class(p7, ConstClass(IntValue), descr=<Guard0x1305dab60>) [p2, p7, p9, p11, p13, p15, p17, p19, p21, p23, p25, p27, p29, p31, p33, p35, p37, p0, p1, p3, p4]
+428: i40 = getfield_gc_i(p9, descr=<FieldS rpyeffect.value.IntValue.inst_value 8 pure>)
+436: i41 = getfield_gc_i(p7, descr=<FieldS rpyeffect.value.IntValue.inst_value 8 pure>)
+444: i42 = int_eq(i40, i41)
guard_false(i42, descr=<Guard0x1305f97f0>) [p2, p7, p9, p11, p13, p15, p17, p19, p21, p23, p25, p27, p29, p31, p33, p35, p37, p0, p1, p3, p4]
+452: i43 = int_lt(i40, i41)
guard_false(i43, descr=<Guard0x1305f9820>) [p2, p7, p9, p11, p13, p15, p17, p19, p21, p23, p25, p27, p29, p31, p33, p35, p37, p0, p1, p3, p4]
debug_merge_point(0, 0, '14<main.rpyeffect:6([mcore:[#14]#13])>+1: {"op": "Return". "args": {"any": [0]}}')
+460: guard_nonnull(p1, descr=<Guard0x1305f9850>) [p2, p7, p9, p11, p13, p15, p17, p19, p21, p23, p25, p27, p29, p31, p33, p35, p37, p0, p1, p3, p4]
+472: i44 = getfield_gc_i(p1, descr=<FieldS rpyeffect.stored_environment.Stack__arb.inst_target 16 pure>)
+480: guard_value(i44, 118, descr=<Guard0x1305f9880>) [p2, p7, p9, p11, p13, p15, p17, p19, p21, p23, p25, p27, p29, p31, p33, p35, p37, p0, p1, p3, p4]
+492: p46 = getfield_gc_r(p1, descr=<FieldP rpyeffect.stored_environment.Stack__arb.inst_values_ptr 24 pure>)
+496: i47 = arraylen_gc(p46, descr=<ArrayP 8>)
+504: guard_value(i47, 1, descr=<Guard0x1305f98b0>) [p2, p7, p9, p11, p13, p15, p17, p19, p21, p23, p25, p27, p29, p31, p33, p35, p37, p0, p1, p3, p4]
+516: p50 = getarrayitem_gc_pure_r(p46, 0, descr=<ArrayP 8>)
+520: p51 = getfield_gc_r(p1, descr=<FieldP rpyeffect.stored_environment.Stack__arb.inst_tail 8 pure>)
debug_merge_point(0, 0, '118<main.rpyeffect:110([k@[k@Name(loop_72)#182]#186])>+0: {"op": "Switch". "scrutinee": 0. "values": [<BoolValue object at 0x1306009c0>]. "targets": [114]. "default": 117}')
debug_merge_point(0, 0, '114<main.rpyeffect:106([switch case for Bool(true)#187])>+0: {"op": "Push". "target": 113. "args": {"any": [1]}}')
debug_merge_point(0, 0, '114<main.rpyeffect:106([switch case for Bool(true)#187])>+1: {"op": "Copy". "type": "any". "from": 1. "to". 0}')
debug_merge_point(0, 0, '114<main.rpyeffect:106([switch case for Bool(true)#187])>+2: {"op": "Jump". "target": 93}')
debug_merge_point(0, 0, '93<main.rpyeffect:85(Name(measure_51))>+0: {"op": "Push". "target": 92. "args": {"any": []}}')
debug_merge_point(0, 0, '93<main.rpyeffect:85(Name(measure_51))>+1: {"op": "Jump". "target": 59}')
debug_merge_point(0, 0, '59<main.rpyeffect:51(Name(+_27))>+0: {"op": "New". "out": 0. "targets": [58]. "args": {"any": [0]}}')
debug_merge_point(0, 0, '59<main.rpyeffect:51(Name(+_27))>+1: {"op": "Return". "args": {"any": [0]}}')
debug_merge_point(0, 0, '92<main.rpyeffect:84([k@Name(measure_51)#118])>+0: {"op": "Const". "type": "ptr". "out": 1. "format": "int". "value": "<IntValue object at 0x1305df8a0>"}')
debug_merge_point(0, 0, '92<main.rpyeffect:84([k@Name(measure_51)#118])>+1: {"op": "Push". "target": 91. "args": {"any": []}}')
debug_merge_point(0, 0, '92<main.rpyeffect:84([k@Name(measure_51)#118])>+2: {"op": "Swap". "type": "any". "a": 0. "b". 1}')
debug_merge_point(0, 0, '92<main.rpyeffect:84([k@Name(measure_51)#118])>+3: {"op": "Invoke". "receiver": 1. "tag": Interned(apply). "args" : {"any": [0]}}')
debug_merge_point(0, 0, '58<main.rpyeffect:50([method_apply@Name(+_27)#74])>+0: {"op": "Jump". "target": 57}')
debug_merge_point(0, 0, '57<main.rpyeffect:49([mcore:[#24]#71])>+0: {"op": "PrimOp". "name": "infixAdd(Int. Int): Int". "out": {"any": [0]}. "in": {"any": [1. 0]}}')
+524: i52 = getfield_gc_i(p50, descr=<FieldS rpyeffect.value.IntValue.inst_value 8 pure>)
+532: i54 = int_add(i52, 30)
debug_merge_point(0, 0, '57<main.rpyeffect:49([mcore:[#24]#71])>+1: {"op": "Return". "args": {"any": [0]}}')
debug_merge_point(0, 0, '91<main.rpyeffect:83([k@[k@Name(measure_51)#118]#122])>+0: {"op": "Push". "target": 90. "args": {"any": []}}')
debug_merge_point(0, 0, '91<main.rpyeffect:83([k@[k@Name(measure_51)#118]#122])>+1: {"op": "Jump". "target": 65}')
debug_merge_point(0, 0, '65<main.rpyeffect:57(Name(mod_29))>+0: {"op": "New". "out": 0. "targets": [64]. "args": {"any": [0]}}')
debug_merge_point(0, 0, '65<main.rpyeffect:57(Name(mod_29))>+1: {"op": "Return". "args": {"any": [0]}}')
debug_merge_point(0, 0, '90<main.rpyeffect:82([k@[k@[k@Name(measure_51)#118]#122]#124])>+0: {"op": "Const". "type": "ptr". "out": 1. "format": "int". "value": "<IntValue object at 0x1305df8f0>"}')
debug_merge_point(0, 0, '90<main.rpyeffect:82([k@[k@[k@Name(measure_51)#118]#122]#124])>+1: {"op": "Swap". "type": "any". "a": 0. "b". 1}')
debug_merge_point(0, 0, '90<main.rpyeffect:82([k@[k@[k@Name(measure_51)#118]#122]#124])>+2: {"op": "Invoke". "receiver": 1. "tag": Interned(apply). "args" : {"any": [0]}}')
debug_merge_point(0, 0, '64<main.rpyeffect:56([method_apply@Name(mod_29)#84])>+0: {"op": "Jump". "target": 63}')
debug_merge_point(0, 0, '63<main.rpyeffect:55([mcore:[#26]#81])>+0: {"op": "PrimOp". "name": "mod(Int. Int): Int". "out": {"any": [0]}. "in": {"any": [1. 0]}}')
+536: i56 = int_rshift(i54, 63)
+552: i57 = int_xor(i54, i56)
+556: i59 = uint_mul_high(i57, -4392081922311798003)
+580: i61 = uint_rshift(i59, 5)
+588: i62 = int_xor(i61, i56)
+592: i64 = int_mul(i62, 42)
+600: i65 = int_sub(i54, i64)
debug_merge_point(0, 0, '63<main.rpyeffect:55([mcore:[#26]#81])>+1: {"op": "Return". "args": {"any": [0]}}')
debug_merge_point(0, 0, '113<main.rpyeffect:105([k@[switch case for Bool(true)#187]#189])>+0: {"op": "Const". "type": "ptr". "out": 2. "format": "int". "value": "<IntValue object at 0x1305df3a0>"}')
debug_merge_point(0, 0, '113<main.rpyeffect:105([k@[switch case for Bool(true)#187]#189])>+1: {"op": "Const". "type": "ptr". "out": 3. "format": "string". "value": "Name(Emit_0)"}')
debug_merge_point(0, 0, '113<main.rpyeffect:105([k@[switch case for Bool(true)#187]#189])>+2: {"op": "PrimOp". "name": "getGlobal(String): Ptr". "out": {"any": [3]}. "in": {"any": [3]}}')
debug_merge_point(0, 0, '113<main.rpyeffect:105([k@[switch case for Bool(true)#187]#189])>+3: {"op": "GetDynamic". "out": 2. "n": 2. "label": 3}')
+608: i67 = instance_ptr_eq(p4, ConstPtr(ptr66))
guard_false(i67, descr=<Guard0x1305f98e0>) [p2, p7, p9, p11, p13, p15, p17, p19, p21, p23, p25, p27, p29, p31, p33, p35, p37, p0, p1, p3, p4]
+624: i69 = instance_ptr_eq(p0, ConstPtr(ptr68))
guard_true(i69, descr=<Guard0x1305f9910>) [p2, p7, p9, p11, p13, p15, p17, p19, p21, p23, p25, p27, p29, p31, p33, p35, p37, p0, p1, p3, p4]
debug_merge_point(0, 0, '113<main.rpyeffect:105([k@[switch case for Bool(true)#187]#189])>+4: {"op": "Push". "target": 112. "args": {"any": [1]}}')
debug_merge_point(0, 0, '113<main.rpyeffect:105([k@[switch case for Bool(true)#187]#189])>+5: {"op": "Invoke". "receiver": 2. "tag": Interned(Emit_0). "args" : {"any": [0]}}')
+636: p70 = getfield_gc_r(p4, descr=<FieldP rpyeffect.codata.CoData.inst_vtable 8 pure>)
+652: guard_value(p70, ConstPtr(ptr71), descr=<Guard0x1305f9940>) [p2, p7, p9, p11, p13, p15, p17, p19, p21, p23, p25, p27, p29, p31, p33, p35, p37, p0, p1, p3, p4]
+660: p72 = getfield_gc_r(p4, descr=<FieldP rpyeffect.stored_environment.CoData__arb.inst_values_ptr 16 pure>)
+664: i73 = arraylen_gc(p72, descr=<ArrayP 8>)
+668: guard_value(i73, 1, descr=<Guard0x1305f9970>) [p2, p7, p9, p11, p13, p15, p17, p19, p21, p23, p25, p27, p29, p31, p33, p35, p37, p0, p1, p3, p4]
+680: p76 = getarrayitem_gc_pure_r(p72, 0, descr=<ArrayP 8>)
debug_merge_point(0, 0, '102<main.rpyeffect:94([method_Emit_0@[mcore:[#39]#127]#129])>+0: {"op": "Const". "type": "ptr". "out": 2. "format": "int". "value": "<IntValue object at 0x1305df680>"}')
debug_merge_point(0, 0, '102<main.rpyeffect:94([method_Emit_0@[mcore:[#39]#127]#129])>+1: {"op": "Const". "type": "ptr". "out": 3. "format": "string". "value": "Name(Emit_0)"}')
debug_merge_point(0, 0, '102<main.rpyeffect:94([method_Emit_0@[mcore:[#39]#127]#129])>+2: {"op": "PrimOp". "name": "getGlobal(String): Ptr". "out": {"any": [3]}. "in": {"any": [3]}}')
debug_merge_point(0, 0, '102<main.rpyeffect:94([method_Emit_0@[mcore:[#39]#127]#129])>+3: {"op": "ShiftDyn". "out": 2. "n": 2. "label": 3}')
+684: guard_nonnull_class(p3, ConstClass(MetaStackWithBinding), descr=<Guard0x1305daba8>) [p2, p7, p9, p11, p13, p15, p17, p19, p21, p23, p25, p27, p29, p31, p33, p35, p37, p0, p1, p3, p4]
+712: p78 = getfield_gc_r(p3, descr=<FieldP rpyeffect.stack.MetaStackLike.inst_stack 8 pure>)
+720: p79 = getfield_gc_r(p3, descr=<FieldP rpyeffect.stack.MetaStack.inst_label 16 pure>)
+728: p80 = getfield_gc_r(p3, descr=<FieldP rpyeffect.stack.MetaStackWithBinding.inst_binding 40 pure>)
+736: p81 = getfield_gc_r(p3, descr=<FieldP rpyeffect.stack.MetaStack.inst_tail 32 pure>)
debug_merge_point(0, 0, '102<main.rpyeffect:94([method_Emit_0@[mcore:[#39]#127]#129])>+4: {"op": "Push". "target": 101. "args": {"any": [2. 0]}}')
debug_merge_point(0, 0, '102<main.rpyeffect:94([method_Emit_0@[mcore:[#39]#127]#129])>+5: {"op": "Invoke". "receiver": 1. "tag": Interned(apply). "args" : {"any": [0]}}')
+744: p82 = getfield_gc_r(p76, descr=<FieldP rpyeffect.codata.CoData.inst_vtable 8 pure>)
+760: guard_value(p82, ConstPtr(ptr83), descr=<Guard0x1305f99a0>) [p2, p7, p9, p11, p13, p15, p17, p19, p21, p23, p25, p27, p29, p31, p33, p35, p37, p0, p1, p3, p4]
+768: p84 = getfield_gc_r(p76, descr=<FieldP rpyeffect.stored_environment.CoData__arb.inst_values_ptr 16 pure>)
+772: i85 = arraylen_gc(p84, descr=<ArrayP 8>)
+776: guard_value(i85, 0, descr=<Guard0x1305f99d0>) [p2, p7, p9, p11, p13, p15, p17, p19, p21, p23, p25, p27, p29, p31, p33, p35, p37, p0, p1, p3, p4]
debug_merge_point(0, 0, '128<main.rpyeffect:120([method_apply@[mcore:[#52]#238]#241])>+0: {"op": "Jump". "target": 89}')
debug_merge_point(0, 0, '89<main.rpyeffect:81(Name(isValueTooBig_48))>+0: {"op": "Push". "target": 88. "args": {"any": []}}')
debug_merge_point(0, 0, '89<main.rpyeffect:81(Name(isValueTooBig_48))>+1: {"op": "Jump". "target": 16}')
debug_merge_point(0, 0, '16<main.rpyeffect:8(Name(>_2))>+0: {"op": "New". "out": 0. "targets": [15]. "args": {"any": [0]}}')
+788: p87 = new_with_vtable(descr=<SizeDescr 32>)
+892: p88 = new_with_vtable(descr=<SizeDescr 32>)
+904: setfield_gc(p88, p78, descr=<FieldP rpyeffect.stored_environment.Stack__arb.inst_tail 8 pure>)
+908: setfield_gc(p88, 101, descr=<FieldS rpyeffect.stored_environment.Stack__arb.inst_target 16 pure>)
+916: p91 = new_array_clear(2, descr=<ArrayP 8>)
+936: p92 = new_with_vtable(descr=<SizeDescr 48>)
+948: p93 = new_with_vtable(descr=<SizeDescr 32>)
+960: setfield_gc(p93, p51, descr=<FieldP rpyeffect.stored_environment.Stack__arb.inst_tail 8 pure>)
+964: setfield_gc(p93, 112, descr=<FieldS rpyeffect.stored_environment.Stack__arb.inst_target 16 pure>)
+972: p96 = new_array_clear(1, descr=<ArrayP 8>)
+992: setarrayitem_gc(p96, 0, p50, descr=<ArrayP 8>)
+996: setfield_gc(p93, p96, descr=<FieldP rpyeffect.stored_environment.Stack__arb.inst_values_ptr 24 pure>)
+1000: setfield_gc(p92, p93, descr=<FieldP rpyeffect.stack.MetaStackLike.inst_stack 8 pure>)
+1004: setfield_gc(p92, p0, descr=<FieldP rpyeffect.stack.MetaStack.inst_label 16 pure>)
+1008: setfield_gc(p92, ConstPtr(null), descr=<FieldP rpyeffect.stack.MetaStack.inst_region 24 pure>)
+1016: setfield_gc(p92, ConstPtr(null), descr=<FieldP rpyeffect.stack.MetaStack.inst_tail 32 pure>)
+1024: setfield_gc(p92, p4, descr=<FieldP rpyeffect.stack.MetaStackWithBinding.inst_binding 40 pure>)
+1028: setarrayitem_gc(p91, 0, p92, descr=<ArrayP 8>)
+1032: p101 = new_with_vtable(descr=<SizeDescr 16>)
+1044: setfield_gc(p101, i65, descr=<FieldS rpyeffect.value.IntValue.inst_value 8 pure>)
+1048: setarrayitem_gc(p91, 1, p101, descr=<ArrayP 8>)
+1052: setfield_gc(p88, p91, descr=<FieldP rpyeffect.stored_environment.Stack__arb.inst_values_ptr 24 pure>)
+1056: p104 = new_array_clear(0, descr=<ArrayP 8>)
+1076: setfield_gc(p87, 88, descr=<FieldS rpyeffect.stored_environment.Stack__arb.inst_target 16 pure>)
+1084: setfield_gc(p87, p104, descr=<FieldP rpyeffect.stored_environment.Stack__arb.inst_values_ptr 24 pure>)
+1088: setfield_gc(p87, p88, descr=<FieldP rpyeffect.stored_environment.Stack__arb.inst_tail 8 pure>)
+1092: jump(p79, p87, p2, p81, p80, p101, p76, p92, ConstPtr(ptr106), p15, p17, p19, p21, p23, p25, p27, p29, p31, p33, p35, p37, descr=TargetToken(5106453728))
+1312: --end of the loop--
[a1dda9] jit-log-opt-loop}
[abd9d0] {jit-log-opt-bridge
# bridge out of Guard 0x1305f9220 with 121 ops
[p0, p1, p2, p3, p4, p5, p6, p7, p8, p9, p10, p11, p12, p13, p14, p15, p16, p17, p18, p19, p20]
+216: guard_not_invalidated(descr=<Guard0x1305dada0>) [p0, p1, p2, p3, p4, p5, p6, p7, p8, p9, p10, p11, p12, p13, p14, p15, p16, p17, p18, p19, p20]
debug_merge_point(0, 0, '16<main.rpyeffect:8(Name(>_2))>+1: {"op": "Return". "args": {"any": [0]}}')
+220: guard_nonnull(p18, descr=<Guard0x13061c620>) [p0, p1, p2, p3, p4, p5, p6, p7, p8, p9, p10, p11, p12, p13, p14, p15, p16, p17, p18, p19, p20]
+228: i21 = getfield_gc_i(p18, descr=<FieldS rpyeffect.stored_environment.Stack__arb.inst_target 16 pure>)
+232: guard_value(i21, 119, descr=<Guard0x13061c650>) [p0, p1, p2, p3, p4, p5, p6, p7, p8, p9, p10, p11, p12, p13, p14, p15, p16, p17, p18, p19, p20]
+244: p23 = getfield_gc_r(p18, descr=<FieldP rpyeffect.stored_environment.Stack__arb.inst_values_ptr 24 pure>)
+248: i24 = arraylen_gc(p23, descr=<ArrayP 8>)
+252: guard_value(i24, 1, descr=<Guard0x13061c680>) [p0, p1, p2, p3, p4, p5, p6, p7, p8, p9, p10, p11, p12, p13, p14, p15, p16, p17, p18, p19, p20]
+264: p27 = getarrayitem_gc_pure_r(p23, 0, descr=<ArrayP 8>)
+268: p28 = getfield_gc_r(p18, descr=<FieldP rpyeffect.stored_environment.Stack__arb.inst_tail 8 pure>)
debug_merge_point(0, 0, '119<main.rpyeffect:111([k@Name(loop_72)#182])>+0: {"op": "Const". "type": "ptr". "out": 2. "format": "int". "value": "<IntValue object at 0x1306009b0>"}')
debug_merge_point(0, 0, '119<main.rpyeffect:111([k@Name(loop_72)#182])>+1: {"op": "Push". "target": 118. "args": {"any": [1]}}')
debug_merge_point(0, 0, '119<main.rpyeffect:111([k@Name(loop_72)#182])>+2: {"op": "Copy". "type": "any". "from": 0. "to". 1}')
debug_merge_point(0, 0, '119<main.rpyeffect:111([k@Name(loop_72)#182])>+3: {"op": "Copy". "type": "any". "from": 2. "to". 0}')
debug_merge_point(0, 0, '119<main.rpyeffect:111([k@Name(loop_72)#182])>+4: {"op": "Invoke". "receiver": 1. "tag": Interned(apply). "args" : {"any": [0]}}')
debug_merge_point(0, 0, '15<main.rpyeffect:7([method_apply@Name(>_2)#16])>+0: {"op": "Jump". "target": 14}')
debug_merge_point(0, 0, '14<main.rpyeffect:6([mcore:[#14]#13])>+0: {"op": "PrimOp". "name": "infixGt(Any. Any): Bool". "out": {"any": [0]}. "in": {"any": [1. 0]}}')
+272: guard_class(p1, ConstClass(IntValue), descr=<Guard0x13061c6b0>) [p0, p1, p2, p3, p4, p5, p6, p7, p8, p9, p10, p11, p12, p13, p14, p15, p16, p17, p18, p19, p20]
+288: i30 = getfield_gc_i(p1, descr=<FieldS rpyeffect.value.IntValue.inst_value 8 pure>)
+292: i32 = int_eq(i30, 0)
guard_false(i32, descr=<Guard0x13061c6e0>) [p0, p1, p2, p3, p4, p5, p6, p7, p8, p9, p10, p11, p12, p13, p14, p15, p16, p17, p18, p19, p20]
+300: i33 = int_lt(i30, 0)
guard_false(i33, descr=<Guard0x13061c710>) [p0, p1, p2, p3, p4, p5, p6, p7, p8, p9, p10, p11, p12, p13, p14, p15, p16, p17, p18, p19, p20]
debug_merge_point(0, 0, '14<main.rpyeffect:6([mcore:[#14]#13])>+1: {"op": "Return". "args": {"any": [0]}}')
debug_merge_point(0, 0, '118<main.rpyeffect:110([k@[k@Name(loop_72)#182]#186])>+0: {"op": "Switch". "scrutinee": 0. "values": [<BoolValue object at 0x1306009c0>]. "targets": [114]. "default": 117}')
debug_merge_point(0, 0, '114<main.rpyeffect:106([switch case for Bool(true)#187])>+0: {"op": "Push". "target": 113. "args": {"any": [1]}}')
debug_merge_point(0, 0, '114<main.rpyeffect:106([switch case for Bool(true)#187])>+1: {"op": "Copy". "type": "any". "from": 1. "to". 0}')
debug_merge_point(0, 0, '114<main.rpyeffect:106([switch case for Bool(true)#187])>+2: {"op": "Jump". "target": 93}')
debug_merge_point(0, 0, '93<main.rpyeffect:85(Name(measure_51))>+0: {"op": "Push". "target": 92. "args": {"any": []}}')
debug_merge_point(0, 0, '93<main.rpyeffect:85(Name(measure_51))>+1: {"op": "Jump". "target": 59}')
debug_merge_point(0, 0, '59<main.rpyeffect:51(Name(+_27))>+0: {"op": "New". "out": 0. "targets": [58]. "args": {"any": [0]}}')
debug_merge_point(0, 0, '59<main.rpyeffect:51(Name(+_27))>+1: {"op": "Return". "args": {"any": [0]}}')
debug_merge_point(0, 0, '92<main.rpyeffect:84([k@Name(measure_51)#118])>+0: {"op": "Const". "type": "ptr". "out": 1. "format": "int". "value": "<IntValue object at 0x1305df8a0>"}')
debug_merge_point(0, 0, '92<main.rpyeffect:84([k@Name(measure_51)#118])>+1: {"op": "Push". "target": 91. "args": {"any": []}}')
debug_merge_point(0, 0, '92<main.rpyeffect:84([k@Name(measure_51)#118])>+2: {"op": "Swap". "type": "any". "a": 0. "b". 1}')
debug_merge_point(0, 0, '92<main.rpyeffect:84([k@Name(measure_51)#118])>+3: {"op": "Invoke". "receiver": 1. "tag": Interned(apply). "args" : {"any": [0]}}')
debug_merge_point(0, 0, '58<main.rpyeffect:50([method_apply@Name(+_27)#74])>+0: {"op": "Jump". "target": 57}')
debug_merge_point(0, 0, '57<main.rpyeffect:49([mcore:[#24]#71])>+0: {"op": "PrimOp". "name": "infixAdd(Int. Int): Int". "out": {"any": [0]}. "in": {"any": [1. 0]}}')
+308: i34 = getfield_gc_i(p27, descr=<FieldS rpyeffect.value.IntValue.inst_value 8 pure>)
+312: i36 = int_add(i34, 30)
debug_merge_point(0, 0, '57<main.rpyeffect:49([mcore:[#24]#71])>+1: {"op": "Return". "args": {"any": [0]}}')
debug_merge_point(0, 0, '91<main.rpyeffect:83([k@[k@Name(measure_51)#118]#122])>+0: {"op": "Push". "target": 90. "args": {"any": []}}')
debug_merge_point(0, 0, '91<main.rpyeffect:83([k@[k@Name(measure_51)#118]#122])>+1: {"op": "Jump". "target": 65}')
debug_merge_point(0, 0, '65<main.rpyeffect:57(Name(mod_29))>+0: {"op": "New". "out": 0. "targets": [64]. "args": {"any": [0]}}')
debug_merge_point(0, 0, '65<main.rpyeffect:57(Name(mod_29))>+1: {"op": "Return". "args": {"any": [0]}}')
debug_merge_point(0, 0, '90<main.rpyeffect:82([k@[k@[k@Name(measure_51)#118]#122]#124])>+0: {"op": "Const". "type": "ptr". "out": 1. "format": "int". "value": "<IntValue object at 0x1305df8f0>"}')
debug_merge_point(0, 0, '90<main.rpyeffect:82([k@[k@[k@Name(measure_51)#118]#122]#124])>+1: {"op": "Swap". "type": "any". "a": 0. "b". 1}')
debug_merge_point(0, 0, '90<main.rpyeffect:82([k@[k@[k@Name(measure_51)#118]#122]#124])>+2: {"op": "Invoke". "receiver": 1. "tag": Interned(apply). "args" : {"any": [0]}}')
debug_merge_point(0, 0, '64<main.rpyeffect:56([method_apply@Name(mod_29)#84])>+0: {"op": "Jump". "target": 63}')
debug_merge_point(0, 0, '63<main.rpyeffect:55([mcore:[#26]#81])>+0: {"op": "PrimOp". "name": "mod(Int. Int): Int". "out": {"any": [0]}. "in": {"any": [1. 0]}}')
+316: i38 = int_rshift(i36, 63)
+324: i39 = int_xor(i36, i38)
+328: i41 = uint_mul_high(i39, -4392081922311798003)
+348: i43 = uint_rshift(i41, 5)
+356: i44 = int_xor(i43, i38)
+360: i46 = int_mul(i44, 42)
+368: i47 = int_sub(i36, i46)
debug_merge_point(0, 0, '63<main.rpyeffect:55([mcore:[#26]#81])>+1: {"op": "Return". "args": {"any": [0]}}')
debug_merge_point(0, 0, '113<main.rpyeffect:105([k@[switch case for Bool(true)#187]#189])>+0: {"op": "Const". "type": "ptr". "out": 2. "format": "int". "value": "<IntValue object at 0x1305df3a0>"}')
debug_merge_point(0, 0, '113<main.rpyeffect:105([k@[switch case for Bool(true)#187]#189])>+1: {"op": "Const". "type": "ptr". "out": 3. "format": "string". "value": "Name(Emit_0)"}')
debug_merge_point(0, 0, '113<main.rpyeffect:105([k@[switch case for Bool(true)#187]#189])>+2: {"op": "PrimOp". "name": "getGlobal(String): Ptr". "out": {"any": [3]}. "in": {"any": [3]}}')
debug_merge_point(0, 0, '113<main.rpyeffect:105([k@[switch case for Bool(true)#187]#189])>+3: {"op": "GetDynamic". "out": 2. "n": 2. "label": 3}')
+376: i49 = instance_ptr_eq(p20, ConstPtr(ptr48))
guard_false(i49, descr=<Guard0x13061c740>) [p0, p1, p2, p3, p4, p5, p6, p7, p8, p9, p10, p11, p12, p13, p14, p15, p16, p17, p18, p19, p20]
+392: i51 = instance_ptr_eq(p17, ConstPtr(ptr50))
guard_true(i51, descr=<Guard0x13061c770>) [p0, p1, p2, p3, p4, p5, p6, p7, p8, p9, p10, p11, p12, p13, p14, p15, p16, p17, p18, p19, p20]
debug_merge_point(0, 0, '113<main.rpyeffect:105([k@[switch case for Bool(true)#187]#189])>+4: {"op": "Push". "target": 112. "args": {"any": [1]}}')
debug_merge_point(0, 0, '113<main.rpyeffect:105([k@[switch case for Bool(true)#187]#189])>+5: {"op": "Invoke". "receiver": 2. "tag": Interned(Emit_0). "args" : {"any": [0]}}')
+404: p52 = getfield_gc_r(p20, descr=<FieldP rpyeffect.codata.CoData.inst_vtable 8 pure>)
+412: guard_value(p52, ConstPtr(ptr53), descr=<Guard0x13061c7a0>) [p0, p1, p2, p3, p4, p5, p6, p7, p8, p9, p10, p11, p12, p13, p14, p15, p16, p17, p18, p19, p20]
+420: p54 = getfield_gc_r(p20, descr=<FieldP rpyeffect.stored_environment.CoData__arb.inst_values_ptr 16 pure>)
+424: i55 = arraylen_gc(p54, descr=<ArrayP 8>)
+428: guard_value(i55, 1, descr=<Guard0x13061c7d0>) [p0, p1, p2, p3, p4, p5, p6, p7, p8, p9, p10, p11, p12, p13, p14, p15, p16, p17, p18, p19, p20]
+440: p58 = getarrayitem_gc_pure_r(p54, 0, descr=<ArrayP 8>)
debug_merge_point(0, 0, '102<main.rpyeffect:94([method_Emit_0@[mcore:[#39]#127]#129])>+0: {"op": "Const". "type": "ptr". "out": 2. "format": "int". "value": "<IntValue object at 0x1305df680>"}')
debug_merge_point(0, 0, '102<main.rpyeffect:94([method_Emit_0@[mcore:[#39]#127]#129])>+1: {"op": "Const". "type": "ptr". "out": 3. "format": "string". "value": "Name(Emit_0)"}')
debug_merge_point(0, 0, '102<main.rpyeffect:94([method_Emit_0@[mcore:[#39]#127]#129])>+2: {"op": "PrimOp". "name": "getGlobal(String): Ptr". "out": {"any": [3]}. "in": {"any": [3]}}')
debug_merge_point(0, 0, '102<main.rpyeffect:94([method_Emit_0@[mcore:[#39]#127]#129])>+3: {"op": "ShiftDyn". "out": 2. "n": 2. "label": 3}')
+444: guard_nonnull_class(p19, ConstClass(MetaStackWithBinding), descr=<Guard0x1305dade8>) [p0, p1, p2, p3, p4, p5, p6, p7, p8, p9, p10, p11, p12, p13, p14, p15, p16, p17, p18, p19, p20]
+472: p60 = getfield_gc_r(p19, descr=<FieldP rpyeffect.stack.MetaStackLike.inst_stack 8 pure>)
+476: p61 = getfield_gc_r(p19, descr=<FieldP rpyeffect.stack.MetaStack.inst_label 16 pure>)
+480: p62 = getfield_gc_r(p19, descr=<FieldP rpyeffect.stack.MetaStackWithBinding.inst_binding 40 pure>)
+484: p63 = getfield_gc_r(p19, descr=<FieldP rpyeffect.stack.MetaStack.inst_tail 32 pure>)
debug_merge_point(0, 0, '102<main.rpyeffect:94([method_Emit_0@[mcore:[#39]#127]#129])>+4: {"op": "Push". "target": 101. "args": {"any": [2. 0]}}')
debug_merge_point(0, 0, '102<main.rpyeffect:94([method_Emit_0@[mcore:[#39]#127]#129])>+5: {"op": "Invoke". "receiver": 1. "tag": Interned(apply). "args" : {"any": [0]}}')
+488: p64 = getfield_gc_r(p58, descr=<FieldP rpyeffect.codata.CoData.inst_vtable 8 pure>)
+496: guard_value(p64, ConstPtr(ptr65), descr=<Guard0x13061c800>) [p0, p1, p2, p3, p4, p5, p6, p7, p8, p9, p10, p11, p12, p13, p14, p15, p16, p17, p18, p19, p20]
+504: p66 = getfield_gc_r(p58, descr=<FieldP rpyeffect.stored_environment.CoData__arb.inst_values_ptr 16 pure>)
+508: i67 = arraylen_gc(p66, descr=<ArrayP 8>)
+512: guard_value(i67, 0, descr=<Guard0x13061c830>) [p0, p1, p2, p3, p4, p5, p6, p7, p8, p9, p10, p11, p12, p13, p14, p15, p16, p17, p18, p19, p20]
debug_merge_point(0, 0, '128<main.rpyeffect:120([method_apply@[mcore:[#52]#238]#241])>+0: {"op": "Jump". "target": 89}')
debug_merge_point(0, 0, '89<main.rpyeffect:81(Name(isValueTooBig_48))>+0: {"op": "Push". "target": 88. "args": {"any": []}}')
debug_merge_point(0, 0, '89<main.rpyeffect:81(Name(isValueTooBig_48))>+1: {"op": "Jump". "target": 16}')
debug_merge_point(0, 0, '16<main.rpyeffect:8(Name(>_2))>+0: {"op": "New". "out": 0. "targets": [15]. "args": {"any": [0]}}')
+524: p69 = new_with_vtable(descr=<SizeDescr 32>)
+628: p70 = new_with_vtable(descr=<SizeDescr 32>)
+640: setfield_gc(p70, p60, descr=<FieldP rpyeffect.stored_environment.Stack__arb.inst_tail 8 pure>)
+644: setfield_gc(p70, 101, descr=<FieldS rpyeffect.stored_environment.Stack__arb.inst_target 16 pure>)
+652: p73 = new_array_clear(2, descr=<ArrayP 8>)
+672: p74 = new_with_vtable(descr=<SizeDescr 48>)
+684: p75 = new_with_vtable(descr=<SizeDescr 32>)
+696: setfield_gc(p75, p28, descr=<FieldP rpyeffect.stored_environment.Stack__arb.inst_tail 8 pure>)
+700: setfield_gc(p75, 112, descr=<FieldS rpyeffect.stored_environment.Stack__arb.inst_target 16 pure>)
+708: p78 = new_array_clear(1, descr=<ArrayP 8>)
+728: setarrayitem_gc(p78, 0, p27, descr=<ArrayP 8>)
+732: setfield_gc(p75, p78, descr=<FieldP rpyeffect.stored_environment.Stack__arb.inst_values_ptr 24 pure>)
+736: setfield_gc(p74, p75, descr=<FieldP rpyeffect.stack.MetaStackLike.inst_stack 8 pure>)
+740: setfield_gc(p74, p17, descr=<FieldP rpyeffect.stack.MetaStack.inst_label 16 pure>)
+744: setfield_gc(p74, ConstPtr(null), descr=<FieldP rpyeffect.stack.MetaStack.inst_region 24 pure>)
+752: setfield_gc(p74, ConstPtr(null), descr=<FieldP rpyeffect.stack.MetaStack.inst_tail 32 pure>)
+760: setfield_gc(p74, p20, descr=<FieldP rpyeffect.stack.MetaStackWithBinding.inst_binding 40 pure>)
+764: setarrayitem_gc(p73, 0, p74, descr=<ArrayP 8>)
+768: p83 = new_with_vtable(descr=<SizeDescr 16>)
+780: setfield_gc(p83, i47, descr=<FieldS rpyeffect.value.IntValue.inst_value 8 pure>)
+784: setarrayitem_gc(p73, 1, p83, descr=<ArrayP 8>)
+788: setfield_gc(p70, p73, descr=<FieldP rpyeffect.stored_environment.Stack__arb.inst_values_ptr 24 pure>)
+792: p86 = new_array_clear(0, descr=<ArrayP 8>)
+812: setfield_gc(p69, 88, descr=<FieldS rpyeffect.stored_environment.Stack__arb.inst_target 16 pure>)
+820: setfield_gc(p69, p86, descr=<FieldP rpyeffect.stored_environment.Stack__arb.inst_values_ptr 24 pure>)
+824: setfield_gc(p69, p70, descr=<FieldP rpyeffect.stored_environment.Stack__arb.inst_tail 8 pure>)
+828: jump(p61, p69, p0, p63, p62, p83, p58, p74, ConstPtr(ptr88), p5, p6, p7, p8, p9, p10, p11, p12, p13, p14, p15, p16, descr=TargetToken(5106453728))
+880: --end of the loop--
[ad2f73] jit-log-opt-bridge}
[bf1cce] {jit-log-opt-bridge
# bridge out of Guard 0x1305f92e0 with 147 ops
[p0, p1, p2, p3, p4, p5, p6, p7, p8, p9, p10, p11, p12, p13, p14, p15, p16, p17, p18, p19, p20]
+296: guard_not_invalidated(descr=<Guard0x1305dae30>) [p0, p1, p2, p3, p4, p5, p6, p7, p8, p9, p10, p11, p12, p13, p14, p15, p16, p17, p18, p19, p20]
debug_merge_point(0, 0, '16<main.rpyeffect:8(Name(>_2))>+1: {"op": "Return". "args": {"any": [0]}}')
+300: guard_nonnull(p18, descr=<Guard0x13061cd10>) [p0, p1, p2, p3, p4, p5, p6, p7, p8, p9, p10, p11, p12, p13, p14, p15, p16, p17, p18, p19, p20]
+308: i21 = getfield_gc_i(p18, descr=<FieldS rpyeffect.stored_environment.Stack__arb.inst_target 16 pure>)
+312: guard_value(i21, 88, descr=<Guard0x13061cd40>) [p0, p1, p2, p3, p4, p5, p6, p7, p8, p9, p10, p11, p12, p13, p14, p15, p16, p17, p18, p19, p20]
+324: p23 = getfield_gc_r(p18, descr=<FieldP rpyeffect.stored_environment.Stack__arb.inst_values_ptr 24 pure>)
+328: i24 = arraylen_gc(p23, descr=<ArrayP 8>)
+332: guard_value(i24, 0, descr=<Guard0x13061cd70>) [p0, p1, p2, p3, p4, p5, p6, p7, p8, p9, p10, p11, p12, p13, p14, p15, p16, p17, p18, p19, p20]
+344: p26 = getfield_gc_r(p18, descr=<FieldP rpyeffect.stored_environment.Stack__arb.inst_tail 8 pure>)
debug_merge_point(0, 0, '88<main.rpyeffect:80([k@Name(isValueTooBig_48)#114])>+0: {"op": "Const". "type": "ptr". "out": 1. "format": "int". "value": "<IntValue object at 0x1305df940>"}')
debug_merge_point(0, 0, '88<main.rpyeffect:80([k@Name(isValueTooBig_48)#114])>+1: {"op": "Swap". "type": "any". "a": 0. "b". 1}')
debug_merge_point(0, 0, '88<main.rpyeffect:80([k@Name(isValueTooBig_48)#114])>+2: {"op": "Invoke". "receiver": 1. "tag": Interned(apply). "args" : {"any": [0]}}')
debug_merge_point(0, 0, '15<main.rpyeffect:7([method_apply@Name(>_2)#16])>+0: {"op": "Jump". "target": 14}')
debug_merge_point(0, 0, '14<main.rpyeffect:6([mcore:[#14]#13])>+0: {"op": "PrimOp". "name": "infixGt(Any. Any): Bool". "out": {"any": [0]}. "in": {"any": [1. 0]}}')
+348: guard_class(p1, ConstClass(IntValue), descr=<Guard0x13061cda0>) [p0, p1, p2, p3, p4, p5, p6, p7, p8, p9, p10, p11, p12, p13, p14, p15, p16, p17, p18, p19, p20]
+364: i28 = getfield_gc_i(p1, descr=<FieldS rpyeffect.value.IntValue.inst_value 8 pure>)
+368: i30 = int_eq(i28, 39)
guard_false(i30, descr=<Guard0x13061cdd0>) [p0, p1, p2, p3, p4, p5, p6, p7, p8, p9, p10, p11, p12, p13, p14, p15, p16, p17, p18, p19, p20]
+376: i31 = int_lt(i28, 39)
guard_false(i31, descr=<Guard0x13061ce00>) [p0, p1, p2, p3, p4, p5, p6, p7, p8, p9, p10, p11, p12, p13, p14, p15, p16, p17, p18, p19, p20]
debug_merge_point(0, 0, '14<main.rpyeffect:6([mcore:[#14]#13])>+1: {"op": "Return". "args": {"any": [0]}}')
+384: guard_nonnull(p26, descr=<Guard0x13061ce30>) [p0, p1, p2, p3, p4, p5, p6, p7, p8, p9, p10, p11, p12, p13, p14, p15, p16, p17, p18, p19, p20]
+392: i32 = getfield_gc_i(p26, descr=<FieldS rpyeffect.stored_environment.Stack__arb.inst_target 16 pure>)
+396: guard_value(i32, 101, descr=<Guard0x13061ce60>) [p0, p1, p2, p3, p4, p5, p6, p7, p8, p9, p10, p11, p12, p13, p14, p15, p16, p17, p18, p19, p20]
+408: p34 = getfield_gc_r(p26, descr=<FieldP rpyeffect.stored_environment.Stack__arb.inst_values_ptr 24 pure>)
+412: i35 = arraylen_gc(p34, descr=<ArrayP 8>)
+416: guard_value(i35, 2, descr=<Guard0x13061ce90>) [p0, p1, p2, p3, p4, p5, p6, p7, p8, p9, p10, p11, p12, p13, p14, p15, p16, p17, p18, p19, p20]
+428: p38 = getarrayitem_gc_pure_r(p34, 0, descr=<ArrayP 8>)
+432: p40 = getarrayitem_gc_pure_r(p34, 1, descr=<ArrayP 8>)
+432: p41 = getfield_gc_r(p26, descr=<FieldP rpyeffect.stored_environment.Stack__arb.inst_tail 8 pure>)
debug_merge_point(0, 0, '101<main.rpyeffect:93([k@[method_Emit_0@[mcore:[#39]#127]#129]#136])>+0: {"op": "Push". "target": 95. "args": {"any": [1]}}')
debug_merge_point(0, 0, '101<main.rpyeffect:93([k@[method_Emit_0@[mcore:[#39]#127]#129]#136])>+1: {"op": "Copy". "type": "any". "from": 2. "to". 1}')
debug_merge_point(0, 0, '101<main.rpyeffect:93([k@[method_Emit_0@[mcore:[#39]#127]#129]#136])>+2: {"op": "Switch". "scrutinee": 0. "values": [<BoolValue object at 0x1305df690>]. "targets": [97]. "default": 100}')
debug_merge_point(0, 0, '97<main.rpyeffect:89([switch case for Bool(true)#141])>+0: {"op": "Const". "type": "ptr". "out": 0. "format": "int". "value": "<IntValue object at 0x1305df7b0>"}')
debug_merge_point(0, 0, '97<main.rpyeffect:89([switch case for Bool(true)#141])>+1: {"op": "Const". "type": "ptr". "out": 2. "format": "string". "value": "Name(Emit_0)"}')
debug_merge_point(0, 0, '97<main.rpyeffect:89([switch case for Bool(true)#141])>+2: {"op": "PrimOp". "name": "getGlobal(String): Ptr". "out": {"any": [2]}. "in": {"any": [2]}}')
debug_merge_point(0, 0, '97<main.rpyeffect:89([switch case for Bool(true)#141])>+3: {"op": "GetDynamic". "out": 0. "n": 0. "label": 2}')
+440: i43 = instance_ptr_eq(p20, ConstPtr(ptr42))
guard_false(i43, descr=<Guard0x13061cec0>) [p0, p1, p2, p3, p4, p5, p6, p7, p8, p9, p10, p11, p12, p13, p14, p15, p16, p17, p18, p19, p20]
+456: i45 = instance_ptr_eq(p17, ConstPtr(ptr44))
guard_true(i45, descr=<Guard0x13061cef0>) [p0, p1, p2, p3, p4, p5, p6, p7, p8, p9, p10, p11, p12, p13, p14, p15, p16, p17, p18, p19, p20]
debug_merge_point(0, 0, '97<main.rpyeffect:89([switch case for Bool(true)#141])>+4: {"op": "Push". "target": 96. "args": {"any": []}}')
debug_merge_point(0, 0, '97<main.rpyeffect:89([switch case for Bool(true)#141])>+5: {"op": "Swap". "type": "any". "a": 0. "b". 1}')
debug_merge_point(0, 0, '97<main.rpyeffect:89([switch case for Bool(true)#141])>+6: {"op": "Invoke". "receiver": 1. "tag": Interned(Emit_0). "args" : {"any": [0]}}')
+468: p46 = getfield_gc_r(p20, descr=<FieldP rpyeffect.codata.CoData.inst_vtable 8 pure>)
+476: guard_value(p46, ConstPtr(ptr47), descr=<Guard0x13061cf20>) [p0, p1, p2, p3, p4, p5, p6, p7, p8, p9, p10, p11, p12, p13, p14, p15, p16, p17, p18, p19, p20]
+484: p48 = getfield_gc_r(p20, descr=<FieldP rpyeffect.stored_environment.CoData__arb.inst_values_ptr 16 pure>)
+488: i49 = arraylen_gc(p48, descr=<ArrayP 8>)
+492: guard_value(i49, 0, descr=<Guard0x13061cf50>) [p0, p1, p2, p3, p4, p5, p6, p7, p8, p9, p10, p11, p12, p13, p14, p15, p16, p17, p18, p19, p20]
debug_merge_point(0, 0, '125<main.rpyeffect:117([method_Emit_0@Name(count_91)#217])>+0: {"op": "Const". "type": "ptr". "out": 0. "format": "int". "value": "<IntValue object at 0x1306008a0>"}')
debug_merge_point(0, 0, '125<main.rpyeffect:117([method_Emit_0@Name(count_91)#217])>+1: {"op": "Const". "type": "ptr". "out": 1. "format": "string". "value": "Name(Emit_0)"}')
debug_merge_point(0, 0, '125<main.rpyeffect:117([method_Emit_0@Name(count_91)#217])>+2: {"op": "PrimOp". "name": "getGlobal(String): Ptr". "out": {"any": [1]}. "in": {"any": [1]}}')
debug_merge_point(0, 0, '125<main.rpyeffect:117([method_Emit_0@Name(count_91)#217])>+3: {"op": "ShiftDyn". "out": 0. "n": 0. "label": 1}')
+504: guard_nonnull_class(p19, 4374739928, descr=<Guard0x1305dae78>) [p0, p1, p2, p3, p4, p5, p6, p7, p8, p9, p10, p11, p12, p13, p14, p15, p16, p17, p18, p19, p20]
+532: p52 = getfield_gc_r(p19, descr=<FieldP rpyeffect.stack.MetaStackLike.inst_stack 8 pure>)
+536: p53 = getfield_gc_r(p19, descr=<FieldP rpyeffect.stack.MetaStack.inst_label 16 pure>)
+540: p54 = getfield_gc_r(p19, descr=<FieldP rpyeffect.stack.MetaStack.inst_tail 32 pure>)
debug_merge_point(0, 0, '125<main.rpyeffect:117([method_Emit_0@Name(count_91)#217])>+4: {"op": "Const". "type": "ptr". "out": 1. "format": "int". "value": "<IntValue object at 0x130600860>"}')
debug_merge_point(0, 0, '125<main.rpyeffect:117([method_Emit_0@Name(count_91)#217])>+5: {"op": "Push". "target": 124. "args": {"any": [0]}}')
debug_merge_point(0, 0, '125<main.rpyeffect:117([method_Emit_0@Name(count_91)#217])>+6: {"op": "Copy". "type": "any". "from": 1. "to". 0}')
debug_merge_point(0, 0, '125<main.rpyeffect:117([method_Emit_0@Name(count_91)#217])>+7: {"op": "Jump". "target": 59}')
debug_merge_point(0, 0, '59<main.rpyeffect:51(Name(+_27))>+0: {"op": "New". "out": 0. "targets": [58]. "args": {"any": [0]}}')
debug_merge_point(0, 0, '59<main.rpyeffect:51(Name(+_27))>+1: {"op": "Return". "args": {"any": [0]}}')
debug_merge_point(0, 0, '124<main.rpyeffect:116([k@[method_Emit_0@Name(count_91)#217]#226])>+0: {"op": "Construct". "out": 2. "type": Interned({"op": "eff$Tuple". "elements": []}). "tag": Interned({"op": "eff$Tuple". "elements": []}). "args": {"any": []}}')
debug_merge_point(0, 0, '124<main.rpyeffect:116([k@[method_Emit_0@Name(count_91)#217]#226])>+1: {"op": "Push". "target": 123. "args": {"any": [0]}}')
debug_merge_point(0, 0, '124<main.rpyeffect:116([k@[method_Emit_0@Name(count_91)#217]#226])>+2: {"op": "Copy". "type": "any". "from": 2. "to". 0}')
debug_merge_point(0, 0, '124<main.rpyeffect:116([k@[method_Emit_0@Name(count_91)#217]#226])>+3: {"op": "Jump". "target": 122}')
debug_merge_point(0, 0, '122<main.rpyeffect:114(Name(k_93))>+0: {"op": "PushStack". "arg": 1}')
debug_merge_point(0, 0, '122<main.rpyeffect:114(Name(k_93))>+1: {"op": "Return". "args": {"any": [0]}}')
debug_merge_point(0, 0, '96<main.rpyeffect:88([k@[switch case for Bool(true)#141]#149])>+0: {"op": "Return". "args": {"any": [0]}}')
debug_merge_point(0, 0, '95<main.rpyeffect:87([#138])>+0: {"op": "Construct". "out": 0. "type": Interned({"op": "eff$Tuple". "elements": []}). "tag": Interned({"op": "eff$Tuple". "elements": []}). "args": {"any": []}}')
debug_merge_point(0, 0, '95<main.rpyeffect:87([#138])>+1: {"op": "Jump". "target": 94}')
debug_merge_point(0, 0, '94<main.rpyeffect:86(Name(k_60))>+0: {"op": "PushStack". "arg": 1}')
+544: guard_nonnull_class(p38, ConstClass(MetaStackWithBinding), descr=<Guard0x1305daec0>) [p0, p1, p2, p3, p4, p5, p6, p7, p8, p9, p10, p11, p12, p13, p14, p15, p16, p17, p18, p19, p20]
+568: p56 = getfield_gc_r(p38, descr=<FieldP rpyeffect.stack.MetaStack.inst_region 24 pure>)
+572: guard_isnull(p56, descr=<Guard0x13061cf80>) [p0, p1, p2, p3, p4, p5, p6, p7, p8, p9, p10, p11, p12, p13, p14, p15, p16, p17, p18, p19, p20]
+580: p57 = getfield_gc_r(p38, descr=<FieldP rpyeffect.stack.MetaStackLike.inst_stack 8 pure>)
+584: p58 = getfield_gc_r(p38, descr=<FieldP rpyeffect.stack.MetaStack.inst_tail 32 pure>)
+588: guard_isnull(p58, descr=<Guard0x13061cfb0>) [p0, p1, p2, p3, p4, p5, p6, p7, p8, p9, p10, p11, p12, p13, p14, p15, p16, p17, p18, p19, p20]
+596: p59 = getfield_gc_r(p38, descr=<FieldP rpyeffect.stack.MetaStack.inst_label 16 pure>)
+600: p60 = getfield_gc_r(p38, descr=<FieldP rpyeffect.stack.MetaStackWithBinding.inst_binding 40 pure>)
+604: i62 = instance_ptr_eq(p60, ConstPtr(ptr61))
guard_false(i62, descr=<Guard0x13061cfe0>) [p0, p1, p2, p3, p4, p5, p6, p7, p8, p9, p10, p11, p12, p13, p14, p15, p16, p17, p18, p19, p20]
debug_merge_point(0, 0, '94<main.rpyeffect:86(Name(k_60))>+1: {"op": "Return". "args": {"any": [0]}}')
+612: guard_nonnull(p57, descr=<Guard0x13061d010>) [p0, p1, p2, p3, p4, p5, p6, p7, p8, p9, p10, p11, p12, p13, p14, p15, p16, p17, p18, p19, p20]
+620: i63 = getfield_gc_i(p57, descr=<FieldS rpyeffect.stored_environment.Stack__arb.inst_target 16 pure>)
+624: guard_value(i63, 112, descr=<Guard0x13061d040>) [p0, p1, p2, p3, p4, p5, p6, p7, p8, p9, p10, p11, p12, p13, p14, p15, p16, p17, p18, p19, p20]
+636: p65 = getfield_gc_r(p57, descr=<FieldP rpyeffect.stored_environment.Stack__arb.inst_values_ptr 24 pure>)
+640: i66 = arraylen_gc(p65, descr=<ArrayP 8>)
+644: guard_value(i66, 1, descr=<Guard0x13061d070>) [p0, p1, p2, p3, p4, p5, p6, p7, p8, p9, p10, p11, p12, p13, p14, p15, p16, p17, p18, p19, p20]
+656: p69 = getarrayitem_gc_pure_r(p65, 0, descr=<ArrayP 8>)
+660: p70 = getfield_gc_r(p57, descr=<FieldP rpyeffect.stored_environment.Stack__arb.inst_tail 8 pure>)
debug_merge_point(0, 0, '112<main.rpyeffect:104([#197])>+0: {"op": "Push". "target": 111. "args": {"any": []}}')
debug_merge_point(0, 0, '112<main.rpyeffect:104([#197])>+1: {"op": "Copy". "type": "any". "from": 1. "to". 0}')
debug_merge_point(0, 0, '112<main.rpyeffect:104([#197])>+2: {"op": "Jump". "target": 74}')
debug_merge_point(0, 0, '74<main.rpyeffect:66(Name(-_34))>+0: {"op": "New". "out": 0. "targets": [73]. "args": {"any": [0]}}')
debug_merge_point(0, 0, '74<main.rpyeffect:66(Name(-_34))>+1: {"op": "Return". "args": {"any": [0]}}')
debug_merge_point(0, 0, '111<main.rpyeffect:103([k@[#197]#199])>+0: {"op": "Const". "type": "ptr". "out": 1. "format": "int". "value": "<IntValue object at 0x1305df410>"}')
debug_merge_point(0, 0, '111<main.rpyeffect:103([k@[#197]#199])>+1: {"op": "Push". "target": 110. "args": {"any": []}}')
debug_merge_point(0, 0, '111<main.rpyeffect:103([k@[#197]#199])>+2: {"op": "Swap". "type": "any". "a": 0. "b". 1}')
debug_merge_point(0, 0, '111<main.rpyeffect:103([k@[#197]#199])>+3: {"op": "Invoke". "receiver": 1. "tag": Interned(apply). "args" : {"any": [0]}}')
debug_merge_point(0, 0, '73<main.rpyeffect:65([method_apply@Name(-_34)#96])>+0: {"op": "Jump". "target": 72}')
debug_merge_point(0, 0, '72<main.rpyeffect:64([mcore:[#28]#93])>+0: {"op": "PrimOp". "name": "infixSub(Int. Int): Int". "out": {"any": [0]}. "in": {"any": [1. 0]}}')
+664: i71 = getfield_gc_i(p69, descr=<FieldS rpyeffect.value.IntValue.inst_value 8 pure>)
+668: i73 = int_sub(i71, 1)
debug_merge_point(0, 0, '72<main.rpyeffect:64([mcore:[#28]#93])>+1: {"op": "Return". "args": {"any": [0]}}')
debug_merge_point(0, 0, '110<main.rpyeffect:102([k@[k@[#197]#199]#203])>+0: {"op": "Const". "type": "ptr". "out": 1. "format": "string". "value": "Name(Emit_0)"}')
debug_merge_point(0, 0, '110<main.rpyeffect:102([k@[k@[#197]#199]#203])>+1: {"op": "PrimOp". "name": "getGlobal(String): Ptr". "out": {"any": [1]}. "in": {"any": [1]}}')
debug_merge_point(0, 0, '110<main.rpyeffect:102([k@[k@[#197]#199]#203])>+2: {"op": "Jump". "target": 120}')
debug_merge_point(0, 0, '120<main.rpyeffect:112(Name(loop_72))>+0: {"op": "Push". "target": 119. "args": {"any": [0]}}')
debug_merge_point(0, 0, '120<main.rpyeffect:112(Name(loop_72))>+1: {"op": "Jump". "target": 16}')
debug_merge_point(0, 0, '16<main.rpyeffect:8(Name(>_2))>+0: {"op": "New". "out": 0. "targets": [15]. "args": {"any": [0]}}')
+672: p74 = new_with_vtable(descr=<SizeDescr 32>)
+776: p76 = new_array_clear(1, descr=<ArrayP 8>)
+796: p77 = new_with_vtable(descr=<SizeDescr 16>)
+808: setfield_gc(p77, i73, descr=<FieldS rpyeffect.value.IntValue.inst_value 8 pure>)
+812: setarrayitem_gc(p76, 0, p77, descr=<ArrayP 8>)
+816: p79 = new_with_vtable(descr=<SizeDescr 48>)
+828: p80 = new_with_vtable(descr=<SizeDescr 40>)
+840: p81 = new_with_vtable(descr=<SizeDescr 32>)
+856: setfield_gc(p81, p52, descr=<FieldP rpyeffect.stored_environment.Stack__arb.inst_tail 8 pure>)
+860: setfield_gc(p81, 123, descr=<FieldS rpyeffect.stored_environment.Stack__arb.inst_target 16 pure>)
+868: p84 = new_array_clear(1, descr=<ArrayP 8>)
+888: p85 = new_with_vtable(descr=<SizeDescr 24>)
+908: setfield_gc(p85, ConstPtr(ptr86), descr=<FieldP rpyeffect.codata.CoData.inst_vtable 8 pure>)
+912: p88 = new_array_clear(1, descr=<ArrayP 8>)
+940: setarrayitem_gc(p88, 0, ConstPtr(ptr90), descr=<ArrayP 8>)
+944: setfield_gc(p85, p88, descr=<FieldP rpyeffect.stored_environment.CoData__arb.inst_values_ptr 16 pure>)
+948: setarrayitem_gc(p84, 0, p85, descr=<ArrayP 8>)
+952: setfield_gc(p81, p84, descr=<FieldP rpyeffect.stored_environment.Stack__arb.inst_values_ptr 24 pure>)
+956: setfield_gc(p80, p81, descr=<FieldP rpyeffect.stack.MetaStackLike.inst_stack 8 pure>)
+960: setfield_gc(p80, p53, descr=<FieldP rpyeffect.stack.MetaStack.inst_label 16 pure>)
+964: setfield_gc(p80, ConstPtr(null), descr=<FieldP rpyeffect.stack.MetaStack.inst_region 24 pure>)
+972: setfield_gc(p80, p54, descr=<FieldP rpyeffect.stack.MetaStack.inst_tail 32 pure>)
+976: p93 = new_with_vtable(descr=<SizeDescr 24>)
+988: p95 = new_array_clear(0, descr=<ArrayP 8>)
+1008: setfield_gc(p74, 119, descr=<FieldS rpyeffect.stored_environment.Stack__arb.inst_target 16 pure>)
+1016: setfield_gc(p74, p76, descr=<FieldP rpyeffect.stored_environment.Stack__arb.inst_values_ptr 24 pure>)
+1020: setfield_gc(p74, p70, descr=<FieldP rpyeffect.stored_environment.Stack__arb.inst_tail 8 pure>)
+1024: setfield_gc(p79, p41, descr=<FieldP rpyeffect.stack.MetaStackLike.inst_stack 8 pure>)
+1028: setfield_gc(p79, p17, descr=<FieldP rpyeffect.stack.MetaStack.inst_label 16 pure>)
+1032: setfield_gc(p79, p80, descr=<FieldP rpyeffect.stack.MetaStack.inst_tail 32 pure>)
+1036: setfield_gc(p79, ConstPtr(null), descr=<FieldP rpyeffect.stack.MetaStack.inst_region 24 pure>)
+1044: setfield_gc(p79, p20, descr=<FieldP rpyeffect.stack.MetaStackWithBinding.inst_binding 40 pure>)
+1052: setfield_gc(p93, ConstPtr(ptr98), descr=<FieldP rpyeffect.data.Data.inst_tag 8>)
+1056: setfield_gc(p93, p95, descr=<FieldP rpyeffect.stored_environment.Data__arb.inst_values_ptr 16 pure>)
+1060: jump(p59, p74, p0, p79, p60, p77, ConstPtr(ptr99), p93, p4, p5, p6, p7, p8, p9, p10, p11, p12, p13, p14, p15, p16, descr=TargetToken(5106453728))
+1112: --end of the loop--
[c0b913] jit-log-opt-bridge}
[ca42cf] {jit-log-opt-bridge
# bridge out of Guard 0x1305f92b0 with 93 ops
[p0, p1, p2, p3, p4, p5, p6, p7, p8, p9, p10, p11, p12, p13, p14, p15, p16, p17, p18, p19, p20]
+232: guard_not_invalidated(descr=<Guard0x1305daf98>) [p0, p1, p2, p3, p4, p5, p6, p7, p8, p9, p10, p11, p12, p13, p14, p15, p16, p17, p18, p19, p20]
debug_merge_point(0, 0, '16<main.rpyeffect:8(Name(>_2))>+1: {"op": "Return". "args": {"any": [0]}}')
+236: guard_nonnull(p18, descr=<Guard0x13061dcd0>) [p0, p1, p2, p3, p4, p5, p6, p7, p8, p9, p10, p11, p12, p13, p14, p15, p16, p17, p18, p19, p20]
+244: i21 = getfield_gc_i(p18, descr=<FieldS rpyeffect.stored_environment.Stack__arb.inst_target 16 pure>)
+248: guard_value(i21, 88, descr=<Guard0x13061dd00>) [p0, p1, p2, p3, p4, p5, p6, p7, p8, p9, p10, p11, p12, p13, p14, p15, p16, p17, p18, p19, p20]
+260: p23 = getfield_gc_r(p18, descr=<FieldP rpyeffect.stored_environment.Stack__arb.inst_values_ptr 24 pure>)
+264: i24 = arraylen_gc(p23, descr=<ArrayP 8>)
+268: guard_value(i24, 0, descr=<Guard0x13061dd30>) [p0, p1, p2, p3, p4, p5, p6, p7, p8, p9, p10, p11, p12, p13, p14, p15, p16, p17, p18, p19, p20]
+280: p26 = getfield_gc_r(p18, descr=<FieldP rpyeffect.stored_environment.Stack__arb.inst_tail 8 pure>)
debug_merge_point(0, 0, '88<main.rpyeffect:80([k@Name(isValueTooBig_48)#114])>+0: {"op": "Const". "type": "ptr". "out": 1. "format": "int". "value": "<IntValue object at 0x1305df940>"}')
debug_merge_point(0, 0, '88<main.rpyeffect:80([k@Name(isValueTooBig_48)#114])>+1: {"op": "Swap". "type": "any". "a": 0. "b". 1}')
debug_merge_point(0, 0, '88<main.rpyeffect:80([k@Name(isValueTooBig_48)#114])>+2: {"op": "Invoke". "receiver": 1. "tag": Interned(apply). "args" : {"any": [0]}}')
debug_merge_point(0, 0, '15<main.rpyeffect:7([method_apply@Name(>_2)#16])>+0: {"op": "Jump". "target": 14}')
debug_merge_point(0, 0, '14<main.rpyeffect:6([mcore:[#14]#13])>+0: {"op": "PrimOp". "name": "infixGt(Any. Any): Bool". "out": {"any": [0]}. "in": {"any": [1. 0]}}')
+284: guard_class(p1, ConstClass(IntValue), descr=<Guard0x13061dd60>) [p0, p1, p2, p3, p4, p5, p6, p7, p8, p9, p10, p11, p12, p13, p14, p15, p16, p17, p18, p19, p20]
+300: i28 = getfield_gc_i(p1, descr=<FieldS rpyeffect.value.IntValue.inst_value 8 pure>)
+304: i30 = int_eq(i28, 39)
guard_true(i30, descr=<Guard0x13061dd90>) [p0, p1, p2, p3, p4, p5, p6, p7, p8, p9, p10, p11, p12, p13, p14, p15, p16, p17, p18, p19, p20]
debug_merge_point(0, 0, '14<main.rpyeffect:6([mcore:[#14]#13])>+1: {"op": "Return". "args": {"any": [0]}}')
+312: guard_nonnull(p26, descr=<Guard0x13061ddc0>) [p0, p1, p2, p3, p4, p5, p6, p7, p8, p9, p10, p11, p12, p13, p14, p15, p16, p17, p18, p19, p20]
+320: i31 = getfield_gc_i(p26, descr=<FieldS rpyeffect.stored_environment.Stack__arb.inst_target 16 pure>)
+324: guard_value(i31, 101, descr=<Guard0x13061ddf0>) [p0, p1, p2, p3, p4, p5, p6, p7, p8, p9, p10, p11, p12, p13, p14, p15, p16, p17, p18, p19, p20]
+336: p33 = getfield_gc_r(p26, descr=<FieldP rpyeffect.stored_environment.Stack__arb.inst_values_ptr 24 pure>)
+340: i34 = arraylen_gc(p33, descr=<ArrayP 8>)
+344: guard_value(i34, 2, descr=<Guard0x13061de20>) [p0, p1, p2, p3, p4, p5, p6, p7, p8, p9, p10, p11, p12, p13, p14, p15, p16, p17, p18, p19, p20]
+356: p37 = getarrayitem_gc_pure_r(p33, 0, descr=<ArrayP 8>)
+360: p39 = getarrayitem_gc_pure_r(p33, 1, descr=<ArrayP 8>)
+364: p40 = getfield_gc_r(p26, descr=<FieldP rpyeffect.stored_environment.Stack__arb.inst_tail 8 pure>)
debug_merge_point(0, 0, '101<main.rpyeffect:93([k@[method_Emit_0@[mcore:[#39]#127]#129]#136])>+0: {"op": "Push". "target": 95. "args": {"any": [1]}}')
debug_merge_point(0, 0, '101<main.rpyeffect:93([k@[method_Emit_0@[mcore:[#39]#127]#129]#136])>+1: {"op": "Copy". "type": "any". "from": 2. "to". 1}')
debug_merge_point(0, 0, '101<main.rpyeffect:93([k@[method_Emit_0@[mcore:[#39]#127]#129]#136])>+2: {"op": "Switch". "scrutinee": 0. "values": [<BoolValue object at 0x1305df690>]. "targets": [97]. "default": 100}')
debug_merge_point(0, 0, '100<main.rpyeffect:92([switch default case#150])>+0: {"op": "Switch". "scrutinee": 0. "values": [<BoolValue object at 0x1305df6b0>]. "targets": [98]. "default": 99}')
debug_merge_point(0, 0, '98<main.rpyeffect:90([switch case for Bool(false)#151])>+0: {"op": "Construct". "out": 0. "type": Interned({"op": "eff$Tuple". "elements": []}). "tag": Interned({"op": "eff$Tuple". "elements": []}). "args": {"any": []}}')
debug_merge_point(0, 0, '98<main.rpyeffect:90([switch case for Bool(false)#151])>+1: {"op": "Return". "args": {"any": [0]}}')
debug_merge_point(0, 0, '95<main.rpyeffect:87([#138])>+0: {"op": "Construct". "out": 0. "type": Interned({"op": "eff$Tuple". "elements": []}). "tag": Interned({"op": "eff$Tuple". "elements": []}). "args": {"any": []}}')
debug_merge_point(0, 0, '95<main.rpyeffect:87([#138])>+1: {"op": "Jump". "target": 94}')
debug_merge_point(0, 0, '94<main.rpyeffect:86(Name(k_60))>+0: {"op": "PushStack". "arg": 1}')
+372: i42 = instance_ptr_eq(p20, ConstPtr(ptr41))
guard_false(i42, descr=<Guard0x13061de50>) [p0, p1, p2, p3, p4, p5, p6, p7, p8, p9, p10, p11, p12, p13, p14, p15, p16, p17, p18, p19, p20]
+384: guard_nonnull_class(p37, ConstClass(MetaStackWithBinding), descr=<Guard0x1305dafe0>) [p0, p1, p2, p3, p4, p5, p6, p7, p8, p9, p10, p11, p12, p13, p14, p15, p16, p17, p18, p19, p20]
+408: p44 = getfield_gc_r(p37, descr=<FieldP rpyeffect.stack.MetaStack.inst_region 24 pure>)
+412: guard_isnull(p44, descr=<Guard0x13061de80>) [p0, p1, p2, p3, p4, p5, p6, p7, p8, p9, p10, p11, p12, p13, p14, p15, p16, p17, p18, p19, p20]
+420: p45 = getfield_gc_r(p37, descr=<FieldP rpyeffect.stack.MetaStackLike.inst_stack 8 pure>)
+424: p46 = getfield_gc_r(p37, descr=<FieldP rpyeffect.stack.MetaStack.inst_tail 32 pure>)
+428: guard_isnull(p46, descr=<Guard0x13061deb0>) [p0, p1, p2, p3, p4, p5, p6, p7, p8, p9, p10, p11, p12, p13, p14, p15, p16, p17, p18, p19, p20]
+436: p47 = getfield_gc_r(p37, descr=<FieldP rpyeffect.stack.MetaStack.inst_label 16 pure>)
+440: p48 = getfield_gc_r(p37, descr=<FieldP rpyeffect.stack.MetaStackWithBinding.inst_binding 40 pure>)
+444: i50 = instance_ptr_eq(p48, ConstPtr(ptr49))
guard_false(i50, descr=<Guard0x13061dee0>) [p0, p1, p2, p3, p4, p5, p6, p7, p8, p9, p10, p11, p12, p13, p14, p15, p16, p17, p18, p19, p20]
debug_merge_point(0, 0, '94<main.rpyeffect:86(Name(k_60))>+1: {"op": "Return". "args": {"any": [0]}}')
+452: guard_nonnull(p45, descr=<Guard0x13061df10>) [p0, p1, p2, p3, p4, p5, p6, p7, p8, p9, p10, p11, p12, p13, p14, p15, p16, p17, p18, p19, p20]
+460: i51 = getfield_gc_i(p45, descr=<FieldS rpyeffect.stored_environment.Stack__arb.inst_target 16 pure>)
+464: guard_value(i51, 112, descr=<Guard0x13061df40>) [p0, p1, p2, p3, p4, p5, p6, p7, p8, p9, p10, p11, p12, p13, p14, p15, p16, p17, p18, p19, p20]
+476: p53 = getfield_gc_r(p45, descr=<FieldP rpyeffect.stored_environment.Stack__arb.inst_values_ptr 24 pure>)
+480: i54 = arraylen_gc(p53, descr=<ArrayP 8>)
+484: guard_value(i54, 1, descr=<Guard0x13061df70>) [p0, p1, p2, p3, p4, p5, p6, p7, p8, p9, p10, p11, p12, p13, p14, p15, p16, p17, p18, p19, p20]
+496: p57 = getarrayitem_gc_pure_r(p53, 0, descr=<ArrayP 8>)
+500: p58 = getfield_gc_r(p45, descr=<FieldP rpyeffect.stored_environment.Stack__arb.inst_tail 8 pure>)
debug_merge_point(0, 0, '112<main.rpyeffect:104([#197])>+0: {"op": "Push". "target": 111. "args": {"any": []}}')
debug_merge_point(0, 0, '112<main.rpyeffect:104([#197])>+1: {"op": "Copy". "type": "any". "from": 1. "to". 0}')
debug_merge_point(0, 0, '112<main.rpyeffect:104([#197])>+2: {"op": "Jump". "target": 74}')
debug_merge_point(0, 0, '74<main.rpyeffect:66(Name(-_34))>+0: {"op": "New". "out": 0. "targets": [73]. "args": {"any": [0]}}')
debug_merge_point(0, 0, '74<main.rpyeffect:66(Name(-_34))>+1: {"op": "Return". "args": {"any": [0]}}')
debug_merge_point(0, 0, '111<main.rpyeffect:103([k@[#197]#199])>+0: {"op": "Const". "type": "ptr". "out": 1. "format": "int". "value": "<IntValue object at 0x1305df410>"}')
debug_merge_point(0, 0, '111<main.rpyeffect:103([k@[#197]#199])>+1: {"op": "Push". "target": 110. "args": {"any": []}}')
debug_merge_point(0, 0, '111<main.rpyeffect:103([k@[#197]#199])>+2: {"op": "Swap". "type": "any". "a": 0. "b". 1}')
debug_merge_point(0, 0, '111<main.rpyeffect:103([k@[#197]#199])>+3: {"op": "Invoke". "receiver": 1. "tag": Interned(apply). "args" : {"any": [0]}}')
debug_merge_point(0, 0, '73<main.rpyeffect:65([method_apply@Name(-_34)#96])>+0: {"op": "Jump". "target": 72}')
debug_merge_point(0, 0, '72<main.rpyeffect:64([mcore:[#28]#93])>+0: {"op": "PrimOp". "name": "infixSub(Int. Int): Int". "out": {"any": [0]}. "in": {"any": [1. 0]}}')
+504: i59 = getfield_gc_i(p57, descr=<FieldS rpyeffect.value.IntValue.inst_value 8 pure>)
+508: i61 = int_sub(i59, 1)
debug_merge_point(0, 0, '72<main.rpyeffect:64([mcore:[#28]#93])>+1: {"op": "Return". "args": {"any": [0]}}')
debug_merge_point(0, 0, '110<main.rpyeffect:102([k@[k@[#197]#199]#203])>+0: {"op": "Const". "type": "ptr". "out": 1. "format": "string". "value": "Name(Emit_0)"}')
debug_merge_point(0, 0, '110<main.rpyeffect:102([k@[k@[#197]#199]#203])>+1: {"op": "PrimOp". "name": "getGlobal(String): Ptr". "out": {"any": [1]}. "in": {"any": [1]}}')
debug_merge_point(0, 0, '110<main.rpyeffect:102([k@[k@[#197]#199]#203])>+2: {"op": "Jump". "target": 120}')
debug_merge_point(0, 0, '120<main.rpyeffect:112(Name(loop_72))>+0: {"op": "Push". "target": 119. "args": {"any": [0]}}')
debug_merge_point(0, 0, '120<main.rpyeffect:112(Name(loop_72))>+1: {"op": "Jump". "target": 16}')
debug_merge_point(0, 0, '16<main.rpyeffect:8(Name(>_2))>+0: {"op": "New". "out": 0. "targets": [15]. "args": {"any": [0]}}')
+512: p62 = new_with_vtable(descr=<SizeDescr 32>)
+616: p64 = new_array_clear(1, descr=<ArrayP 8>)
+636: p65 = new_with_vtable(descr=<SizeDescr 16>)
+648: setfield_gc(p65, i61, descr=<FieldS rpyeffect.value.IntValue.inst_value 8 pure>)
+652: setarrayitem_gc(p64, 0, p65, descr=<ArrayP 8>)
+656: p67 = new_with_vtable(descr=<SizeDescr 48>)
+668: setfield_gc(p62, 119, descr=<FieldS rpyeffect.stored_environment.Stack__arb.inst_target 16 pure>)
+676: setfield_gc(p62, p64, descr=<FieldP rpyeffect.stored_environment.Stack__arb.inst_values_ptr 24 pure>)
+680: setfield_gc(p62, p58, descr=<FieldP rpyeffect.stored_environment.Stack__arb.inst_tail 8 pure>)
+684: setfield_gc(p67, ConstPtr(null), descr=<FieldP rpyeffect.stack.MetaStack.inst_region 24 pure>)
+692: setfield_gc(p67, p40, descr=<FieldP rpyeffect.stack.MetaStackLike.inst_stack 8 pure>)
+696: setfield_gc(p67, p19, descr=<FieldP rpyeffect.stack.MetaStack.inst_tail 32 pure>)
+704: setfield_gc(p67, p17, descr=<FieldP rpyeffect.stack.MetaStack.inst_label 16 pure>)
+712: setfield_gc(p67, p20, descr=<FieldP rpyeffect.stack.MetaStackWithBinding.inst_binding 40 pure>)
+720: jump(p47, p62, p0, p67, p48, p65, ConstPtr(ptr70), p39, p4, p5, p6, p7, p8, p9, p10, p11, p12, p13, p14, p15, p16, descr=TargetToken(5106453728))
+768: --end of the loop--
[cb3f40] jit-log-opt-bridge}
[d9e322] {jit-log-opt-loop
# Loop 7 (58<main.rpyeffect:50([method_apply@Name(+_27)#74])>+0: {"op": "Jump", "target": 57}) : loop with 63 ops
[p0, p1, p2, p3, p4]
+264: p5 = getfield_gc_r(p2, descr=<FieldP rpyeffect.environment.Environment.inst_values_ptr 16>)
+272: p7 = getarrayitem_gc_r(p5, 0, descr=<ArrayP 8>)
+276: p9 = getarrayitem_gc_r(p5, 1, descr=<ArrayP 8>)
+280: p11 = getarrayitem_gc_r(p5, 2, descr=<ArrayP 8>)
+284: p13 = getarrayitem_gc_r(p5, 3, descr=<ArrayP 8>)
+288: p15 = getarrayitem_gc_r(p5, 4, descr=<ArrayP 8>)
+292: p17 = getarrayitem_gc_r(p5, 5, descr=<ArrayP 8>)
+296: p19 = getarrayitem_gc_r(p5, 6, descr=<ArrayP 8>)
+300: p21 = getarrayitem_gc_r(p5, 7, descr=<ArrayP 8>)
+304: p23 = getarrayitem_gc_r(p5, 8, descr=<ArrayP 8>)
+308: p25 = getarrayitem_gc_r(p5, 9, descr=<ArrayP 8>)
+312: p27 = getarrayitem_gc_r(p5, 10, descr=<ArrayP 8>)
+316: p29 = getarrayitem_gc_r(p5, 11, descr=<ArrayP 8>)
+320: p31 = getarrayitem_gc_r(p5, 12, descr=<ArrayP 8>)
+324: p33 = getarrayitem_gc_r(p5, 13, descr=<ArrayP 8>)
+328: p35 = getarrayitem_gc_r(p5, 14, descr=<ArrayP 8>)
+332: p37 = getarrayitem_gc_r(p5, 15, descr=<ArrayP 8>)
+336: label(p0, p1, p2, p3, p4, p7, p9, p11, p13, p15, p17, p19, p21, p23, p25, p27, p29, p31, p33, p35, p37, descr=TargetToken(5106455200))
+392: guard_not_invalidated(descr=<Guard0x1305db070>) [p2, p7, p9, p11, p13, p15, p17, p19, p21, p23, p25, p27, p29, p31, p33, p35, p37, p0, p1, p3, p4]
debug_merge_point(0, 0, '57<main.rpyeffect:49([mcore:[#24]#71])>+0: {"op": "PrimOp". "name": "infixAdd(Int. Int): Int". "out": {"any": [0]}. "in": {"any": [1. 0]}}')
+396: i38 = getfield_gc_i(p9, descr=<FieldS rpyeffect.value.IntValue.inst_value 8 pure>)
+400: i39 = getfield_gc_i(p7, descr=<FieldS rpyeffect.value.IntValue.inst_value 8 pure>)
+404: i40 = int_add(i38, i39)
debug_merge_point(0, 0, '57<main.rpyeffect:49([mcore:[#24]#71])>+1: {"op": "Return". "args": {"any": [0]}}')
+408: guard_nonnull(p1, descr=<Guard0x13063c1a0>) [p2, p7, p9, p11, p13, p15, p17, p19, p21, p23, p25, p27, p29, p31, p33, p35, p37, p0, p1, p3, p4]
+420: i41 = getfield_gc_i(p1, descr=<FieldS rpyeffect.stored_environment.Stack__arb.inst_target 16 pure>)
+428: guard_value(i41, 123, descr=<Guard0x13063c1d0>) [p2, p7, p9, p11, p13, p15, p17, p19, p21, p23, p25, p27, p29, p31, p33, p35, p37, p0, p1, p3, p4]
+440: p43 = getfield_gc_r(p1, descr=<FieldP rpyeffect.stored_environment.Stack__arb.inst_values_ptr 24 pure>)
+444: i44 = arraylen_gc(p43, descr=<ArrayP 8>)
+448: guard_value(i44, 1, descr=<Guard0x13063c200>) [p2, p7, p9, p11, p13, p15, p17, p19, p21, p23, p25, p27, p29, p31, p33, p35, p37, p0, p1, p3, p4]
+460: p47 = getarrayitem_gc_pure_r(p43, 0, descr=<ArrayP 8>)
+464: p48 = getfield_gc_r(p1, descr=<FieldP rpyeffect.stored_environment.Stack__arb.inst_tail 8 pure>)
debug_merge_point(0, 0, '123<main.rpyeffect:115([#230])>+0: {"op": "Invoke". "receiver": 1. "tag": Interned(apply). "args" : {"any": [0]}}')
+468: p49 = getfield_gc_r(p47, descr=<FieldP rpyeffect.codata.CoData.inst_vtable 8 pure>)
+476: guard_value(p49, ConstPtr(ptr50), descr=<Guard0x13063c230>) [p2, p7, p9, p11, p13, p15, p17, p19, p21, p23, p25, p27, p29, p31, p33, p35, p37, p0, p1, p3, p4]
+484: p51 = getfield_gc_r(p47, descr=<FieldP rpyeffect.stored_environment.CoData__arb.inst_values_ptr 16 pure>)
+488: i52 = arraylen_gc(p51, descr=<ArrayP 8>)
+492: guard_value(i52, 1, descr=<Guard0x13063c260>) [p2, p7, p9, p11, p13, p15, p17, p19, p21, p23, p25, p27, p29, p31, p33, p35, p37, p0, p1, p3, p4]
+504: p55 = getarrayitem_gc_pure_r(p51, 0, descr=<ArrayP 8>)
debug_merge_point(0, 0, '58<main.rpyeffect:50([method_apply@Name(+_27)#74])>+0: {"op": "Jump". "target": 57}')
+508: label(p0, p48, p2, p3, p4, i40, p55, p11, p13, p15, p17, p19, p21, p23, p25, p27, p29, p31, p33, p35, p37, descr=TargetToken(5106455264))
+508: guard_not_invalidated(descr=<Guard0x1305db0b8>) [p2, p55, p11, p13, p15, p17, p19, p21, p23, p25, p27, p29, p31, p33, p35, p37, p0, p48, p3, p4, i40]
debug_merge_point(0, 0, '57<main.rpyeffect:49([mcore:[#24]#71])>+0: {"op": "PrimOp". "name": "infixAdd(Int. Int): Int". "out": {"any": [0]}. "in": {"any": [1. 0]}}')
+512: i56 = getfield_gc_i(p55, descr=<FieldS rpyeffect.value.IntValue.inst_value 8 pure>)
+516: i57 = int_add(i56, i40)
debug_merge_point(0, 0, '57<main.rpyeffect:49([mcore:[#24]#71])>+1: {"op": "Return". "args": {"any": [0]}}')
+520: guard_nonnull(p48, descr=<Guard0x13063c290>) [p2, p55, p11, p13, p15, p17, p19, p21, p23, p25, p27, p29, p31, p33, p35, p37, p0, p48, p3, p4, i40]
+528: i58 = getfield_gc_i(p48, descr=<FieldS rpyeffect.stored_environment.Stack__arb.inst_target 16 pure>)
+532: guard_value(i58, 123, descr=<Guard0x13063c2c0>) [p2, p55, p11, p13, p15, p17, p19, p21, p23, p25, p27, p29, p31, p33, p35, p37, p0, p48, p3, p4, i40]
+544: p60 = getfield_gc_r(p48, descr=<FieldP rpyeffect.stored_environment.Stack__arb.inst_values_ptr 24 pure>)
+548: i61 = arraylen_gc(p60, descr=<ArrayP 8>)
+552: guard_value(i61, 1, descr=<Guard0x13063c2f0>) [p2, p55, p11, p13, p15, p17, p19, p21, p23, p25, p27, p29, p31, p33, p35, p37, p0, p48, p3, p4, i40]
+564: p64 = getarrayitem_gc_pure_r(p60, 0, descr=<ArrayP 8>)
+568: p65 = getfield_gc_r(p48, descr=<FieldP rpyeffect.stored_environment.Stack__arb.inst_tail 8 pure>)
debug_merge_point(0, 0, '123<main.rpyeffect:115([#230])>+0: {"op": "Invoke". "receiver": 1. "tag": Interned(apply). "args" : {"any": [0]}}')
+572: p66 = getfield_gc_r(p64, descr=<FieldP rpyeffect.codata.CoData.inst_vtable 8 pure>)
+580: guard_value(p66, ConstPtr(ptr67), descr=<Guard0x13063c320>) [p2, p55, p11, p13, p15, p17, p19, p21, p23, p25, p27, p29, p31, p33, p35, p37, p0, p48, p3, p4, i40]
+588: p68 = getfield_gc_r(p64, descr=<FieldP rpyeffect.stored_environment.CoData__arb.inst_values_ptr 16 pure>)
+592: i69 = arraylen_gc(p68, descr=<ArrayP 8>)
+596: guard_value(i69, 1, descr=<Guard0x13063c350>) [p2, p55, p11, p13, p15, p17, p19, p21, p23, p25, p27, p29, p31, p33, p35, p37, p0, p48, p3, p4, i40]
+608: p72 = getarrayitem_gc_pure_r(p68, 0, descr=<ArrayP 8>)
debug_merge_point(0, 0, '58<main.rpyeffect:50([method_apply@Name(+_27)#74])>+0: {"op": "Jump". "target": 57}')
+612: jump(p0, p65, p2, p3, p4, i57, p72, p11, p13, p15, p17, p19, p21, p23, p25, p27, p29, p31, p33, p35, p37, descr=TargetToken(5106455264))
+628: --end of the loop--
[daa3d7] jit-log-opt-loop}
[dafb68] {jit-summary
Tracing:      	6	0.002568
Backend:      	6	0.000853
TOTAL:      		0.005298
ops:             	9750
heapcached ops:  	1738
recorded ops:    	3783
  calls:         	2132
guards:          	382
opt ops:         	710
opt guards:      	125
opt guards shared:	108
forcings:        	0
abort: trace too long:	0
abort: compiling:	0
abort: vable escape:	0
abort: bad loop: 	0
abort: force quasi-immut:	0
abort: segmenting trace:	0
virtualizables forced:	0
nvirtuals:       	1
nvholes:         	0
nvreused:        	0
vecopt tried:    	0
vecopt success:  	0
Total # of loops:	3
Total # of bridges:	3
Freed # of loops:	0
Freed # of bridges:	0
[db1fdd] jit-summary}
