[a31b0b] {jit-log-opt-loop
# Loop 1 (98<main.rpyeffect:90(Name(countdown_48))>+5: {"op": "Push", "target": 97, "args": {"any": []}}) : loop with 263 ops
[p0, p1, p2, p3, p4]
+584: p5 = getfield_gc_r(p2, descr=<FieldP rpyeffect.environment.Environment.inst_values_ptr 16>)
+592: p7 = getarrayitem_gc_r(p5, 0, descr=<ArrayP 8>)
+596: p9 = getarrayitem_gc_r(p5, 1, descr=<ArrayP 8>)
+600: p11 = getarrayitem_gc_r(p5, 2, descr=<ArrayP 8>)
+604: p13 = getarrayitem_gc_r(p5, 3, descr=<ArrayP 8>)
+608: p15 = getarrayitem_gc_r(p5, 4, descr=<ArrayP 8>)
+612: p17 = getarrayitem_gc_r(p5, 5, descr=<ArrayP 8>)
+616: p19 = getarrayitem_gc_r(p5, 6, descr=<ArrayP 8>)
+620: p21 = getarrayitem_gc_r(p5, 7, descr=<ArrayP 8>)
+624: p23 = getarrayitem_gc_r(p5, 8, descr=<ArrayP 8>)
+628: p25 = getarrayitem_gc_r(p5, 9, descr=<ArrayP 8>)
+632: p27 = getarrayitem_gc_r(p5, 10, descr=<ArrayP 8>)
+636: p29 = getarrayitem_gc_r(p5, 11, descr=<ArrayP 8>)
+640: p31 = getarrayitem_gc_r(p5, 12, descr=<ArrayP 8>)
+644: p33 = getarrayitem_gc_r(p5, 13, descr=<ArrayP 8>)
+648: p35 = getarrayitem_gc_r(p5, 14, descr=<ArrayP 8>)
+652: p37 = getarrayitem_gc_r(p5, 15, descr=<ArrayP 8>)
+656: label(p0, p1, p2, p3, p4, p7, p9, p11, p13, p15, p17, p19, p21, p23, p25, p27, p29, p31, p33, p35, p37, descr=TargetToken(5374938016))
debug_merge_point(0, 0, '98<main.rpyeffect:90(Name(countdown_48))>+5: {"op": "Push". "target": 97. "args": {"any": []}}')
+712: guard_not_invalidated(descr=<Guard0x1405da920>) [p2, p7, p9, p11, p13, p15, p17, p19, p21, p23, p25, p27, p29, p31, p33, p35, p37, p0, p1, p3, p4]
debug_merge_point(0, 0, '98<main.rpyeffect:90(Name(countdown_48))>+6: {"op": "Swap". "type": "any". "a": 0. "b". 1}')
debug_merge_point(0, 0, '98<main.rpyeffect:90(Name(countdown_48))>+7: {"op": "Invoke". "receiver": 1. "tag": Interned(Get_0). "args" : {"any": [0]}}')
+716: p38 = getfield_gc_r(p7, descr=<FieldP rpyeffect.codata.CoData.inst_vtable 8 pure>)
+724: guard_value(p38, ConstPtr(ptr39), descr=<Guard0x1405fb550>) [p2, p7, p9, p11, p13, p15, p17, p19, p21, p23, p25, p27, p29, p31, p33, p35, p37, p0, p1, p3, p4]
+732: p40 = getfield_gc_r(p7, descr=<FieldP rpyeffect.stored_environment.CoData__1.inst_values_ptr_0 24 pure>)
debug_merge_point(0, 0, '111<main.rpyeffect:103([method_Get_0@[mcore:[#45]#166]#175])>+0: {"op": "Const". "type": "ptr". "out": 2. "format": "int". "value": "<IntValue object at 0x1405df690>"}')
debug_merge_point(0, 0, '111<main.rpyeffect:103([method_Get_0@[mcore:[#45]#166]#175])>+1: {"op": "ShiftDyn". "out": 1. "n": 2. "label": 1}')
+740: i42 = instance_ptr_eq(p4, ConstPtr(ptr41))
guard_false(i42, descr=<Guard0x1405fb580>) [p2, p7, p9, p11, p13, p15, p17, p19, p21, p23, p25, p27, p29, p31, p33, p35, p37, p0, p1, p3, p4]
+752: guard_nonnull(p0, descr=<Guard0x1405fb5b0>) [p2, p7, p9, p11, p13, p15, p17, p19, p21, p23, p25, p27, p29, p31, p33, p35, p37, p0, p1, p3, p4]
+764: guard_nonnull(p40, descr=<Guard0x1405fb5e0>) [p2, p7, p9, p11, p13, p15, p17, p19, p21, p23, p25, p27, p29, p31, p33, p35, p37, p0, p1, p3, p4]
+772: i43 = getfield_gc_i(p0, descr=<FieldS rpyeffect.stack.Label.inst_origin 8 pure>)
+780: guard_value(i43, 123940, descr=<Guard0x1405fb610>) [p2, p7, p9, p11, p13, p15, p17, p19, p21, p23, p25, p27, p29, p31, p33, p35, p37, p0, p1, p3, p4]
+796: i45 = getfield_gc_i(p40, descr=<FieldS rpyeffect.stack.Label.inst_origin 8 pure>)
+800: guard_value(i45, 118784, descr=<Guard0x1405fb640>) [p2, p7, p9, p11, p13, p15, p17, p19, p21, p23, p25, p27, p29, p31, p33, p35, p37, p0, p1, p3, p4]
+816: p47 = getfield_gc_r(p3, descr=<FieldP rpyeffect.stack.MetaStack.inst_region 24 pure>)
+824: guard_isnull(p47, descr=<Guard0x1405fb670>) [p2, p7, p9, p11, p13, p15, p17, p19, p21, p23, p25, p27, p29, p31, p33, p35, p37, p0, p1, p3, p4]
+832: p48 = getfield_gc_r(p3, descr=<FieldP rpyeffect.stack.MetaStack.inst_label 16 pure>)
+836: guard_nonnull(p48, descr=<Guard0x1405fb6a0>) [p2, p7, p9, p11, p13, p15, p17, p19, p21, p23, p25, p27, p29, p31, p33, p35, p37, p0, p1, p3, p4]
+844: i49 = getfield_gc_i(p48, descr=<FieldS rpyeffect.stack.Label.inst_origin 8 pure>)
+848: guard_value(i49, 123935, descr=<Guard0x1405fb6d0>) [p2, p7, p9, p11, p13, p15, p17, p19, p21, p23, p25, p27, p29, p31, p33, p35, p37, p0, p1, p3, p4]
+864: p51 = getfield_gc_r(p3, descr=<FieldP rpyeffect.stack.MetaStack.inst_tail 32 pure>)
+868: p52 = getfield_gc_r(p51, descr=<FieldP rpyeffect.stack.MetaStack.inst_region 24 pure>)
+872: guard_isnull(p52, descr=<Guard0x1405fb700>) [p2, p7, p9, p11, p13, p15, p17, p19, p21, p23, p25, p27, p29, p31, p33, p35, p37, p0, p1, p3, p4]
+880: p53 = getfield_gc_r(p51, descr=<FieldP rpyeffect.stack.MetaStack.inst_label 16 pure>)
+884: guard_nonnull(p53, descr=<Guard0x1405fb730>) [p2, p7, p9, p11, p13, p15, p17, p19, p21, p23, p25, p27, p29, p31, p33, p35, p37, p0, p1, p3, p4]
+892: i54 = getfield_gc_i(p53, descr=<FieldS rpyeffect.stack.Label.inst_origin 8 pure>)
+896: guard_value(i54, 118784, descr=<Guard0x1405fb760>) [p2, p7, p9, p11, p13, p15, p17, p19, p21, p23, p25, p27, p29, p31, p33, p35, p37, p0, p1, p3, p4]
+912: i56 = instance_ptr_eq(p53, p40)
guard_true(i56, descr=<Guard0x1405fb790>) [p2, p7, p9, p11, p13, p15, p17, p19, p21, p23, p25, p27, p29, p31, p33, p35, p37, p0, p1, p3, p4]
+920: p57 = getfield_gc_r(p51, descr=<FieldP rpyeffect.stack.MetaStackLike.inst_stack 8 pure>)
+924: guard_class(p51, 4303530368, descr=<Guard0x1405fb7c0>) [p2, p7, p9, p11, p13, p15, p17, p19, p21, p23, p25, p27, p29, p31, p33, p35, p37, p0, p1, p3, p4]
+940: p59 = getfield_gc_r(p51, descr=<FieldP rpyeffect.stack.MetaStack.inst_tail 32 pure>)
+944: p60 = getfield_gc_r(p3, descr=<FieldP rpyeffect.stack.MetaStackLike.inst_stack 8 pure>)
+948: guard_class(p3, ConstClass(MetaStackWithBinding), descr=<Guard0x1405fb7f0>) [p2, p7, p9, p11, p13, p15, p17, p19, p21, p23, p25, p27, p29, p31, p33, p35, p37, p0, p1, p3, p4]
+964: p62 = getfield_gc_r(p3, descr=<FieldP rpyeffect.stack.MetaStackWithBinding.inst_binding 40 pure>)
+968: i64 = instance_ptr_eq(p62, ConstPtr(ptr63))
guard_false(i64, descr=<Guard0x1405fb820>) [p2, p7, p9, p11, p13, p15, p17, p19, p21, p23, p25, p27, p29, p31, p33, p35, p37, p0, p1, p3, p4]
+976: guard_nonnull_class(p59, 4303530368, descr=<Guard0x1405da968>) [p2, p7, p9, p11, p13, p15, p17, p19, p21, p23, p25, p27, p29, p31, p33, p35, p37, p0, p1, p3, p4]
+1000: p66 = getfield_gc_r(p59, descr=<FieldP rpyeffect.stack.MetaStackLike.inst_stack 8 pure>)
+1004: p67 = getfield_gc_r(p59, descr=<FieldP rpyeffect.stack.MetaStack.inst_label 16 pure>)
+1008: p68 = getfield_gc_r(p59, descr=<FieldP rpyeffect.stack.MetaStack.inst_tail 32 pure>)
+1012: guard_nonnull(p66, descr=<Guard0x1405fb850>) [p2, p7, p9, p11, p13, p15, p17, p19, p21, p23, p25, p27, p29, p31, p33, p35, p37, p0, p1, p3, p4]
+1020: p69 = getfield_gc_r(p66, descr=<FieldP rpyeffect.stored_environment.Stack__arb.inst_tail 8 pure>)
+1024: guard_nonnull(p69, descr=<Guard0x1405fb880>) [p2, p7, p9, p11, p13, p15, p17, p19, p21, p23, p25, p27, p29, p31, p33, p35, p37, p0, p1, p3, p4]
+1032: i70 = getfield_gc_i(p66, descr=<FieldS rpyeffect.stored_environment.Stack__arb.inst_target 16 pure>)
+1036: i72 = int_lshift(i70, 14)
+1048: i73 = getfield_gc_i(p69, descr=<FieldS rpyeffect.stored_environment.Stack__arb.inst_target 16 pure>)
+1052: i74 = int_add(i72, i73)
+1056: guard_value(i74, 1687553, descr=<Guard0x1405fb8b0>) [p2, p7, p9, p11, p13, p15, p17, p19, p21, p23, p25, p27, p29, p31, p33, p35, p37, p0, p1, p3, p4]
debug_merge_point(0, 0, '111<main.rpyeffect:103([method_Get_0@[mcore:[#45]#166]#175])>+2: {"op": "Swap". "type": "any". "a": 0. "b". 1}')
debug_merge_point(0, 0, '111<main.rpyeffect:103([method_Get_0@[mcore:[#45]#166]#175])>+3: {"op": "Match". "type": Interned({"op": "eff$Tuple". "elements": []}). "scrutinee": 1. "clauses": [{"tag": Interned({"op": "eff$Tuple". "elements": []}). "target": 110. "args": {"any": []}}]. "default": {"tag": Interned(2eb3a550-a135-409b-8f47-6ab99e6a9e6b#[Missing Tag#340]). "target": 108. "args": {"any": []}}}')
+1076: p76 = getfield_gc_r(p9, descr=<FieldP rpyeffect.data.Data.inst_tag 8>)
+1084: guard_value(p76, ConstPtr(ptr77), descr=<Guard0x1405fb8e0>) [p2, p7, p9, p11, p13, p15, p17, p19, p21, p23, p25, p27, p29, p31, p33, p35, p37, p0, p1, p3, p4]
debug_merge_point(0, 0, '110<main.rpyeffect:102([#181])>+0: {"op": "New". "out": 0. "targets": [109]. "args": {"any": [0]}}')
debug_merge_point(0, 0, '110<main.rpyeffect:102([#181])>+1: {"op": "Return". "args": {"any": [0]}}')
+1092: guard_value(i70, 103, descr=<Guard0x1405fb910>) [p2, p7, p9, p11, p13, p15, p17, p19, p21, p23, p25, p27, p29, p31, p33, p35, p37, p0, p1, p3, p4]
+1104: p79 = getfield_gc_r(p66, descr=<FieldP rpyeffect.stored_environment.Stack__1.inst_values_ptr_0 32 pure>)
+1108: p80 = getfield_gc_r(p69, descr=<FieldP rpyeffect.stored_environment.Stack__arb.inst_tail 8 pure>)
+1112: guard_isnull(p80, descr=<Guard0x1405fb940>) [p2, p7, p9, p11, p13, p15, p17, p19, p21, p23, p25, p27, p29, p31, p33, p35, p37, p0, p1, p3, p4]
+1120: guard_value(i73, 1, descr=<Guard0x1405fb970>) [p2, p7, p9, p11, p13, p15, p17, p19, p21, p23, p25, p27, p29, p31, p33, p35, p37, p0, p1, p3, p4]
debug_merge_point(0, 0, '103<main.rpyeffect:95([k@[mcore:[#42]#160]#164])>+0: {"op": "Swap". "type": "any". "a": 0. "b". 1}')
debug_merge_point(0, 0, '103<main.rpyeffect:95([k@[mcore:[#42]#160]#164])>+1: {"op": "Invoke". "receiver": 1. "tag": Interned(apply). "args" : {"any": [0]}}')
debug_merge_point(0, 0, '109<main.rpyeffect:101([method_apply@[#181]#184])>+0: {"op": "Jump". "target": 101}')
debug_merge_point(0, 0, '101<main.rpyeffect:93([mcore:[#38]#157])>+0: {"op": "Push". "target": 100. "args": {"any": [0]}}')
debug_merge_point(0, 0, '101<main.rpyeffect:93([mcore:[#38]#157])>+1: {"op": "Jump". "target": 99}')
debug_merge_point(0, 0, '99<main.rpyeffect:91(Name(k_66))>+0: {"op": "PushStack". "arg": 1}')
+1132: guard_nonnull(p1, descr=<Guard0x1405fb9a0>) [p2, p7, p9, p11, p13, p15, p17, p19, p21, p23, p25, p27, p29, p31, p33, p35, p37, p0, p1, p3, p4]
+1144: i82 = getfield_gc_i(p1, descr=<FieldS rpyeffect.stored_environment.Stack__arb.inst_target 16 pure>)
+1152: i84 = int_add(1589248, i82)
+1164: guard_value(i84, 1589363, descr=<Guard0x1405fb9d0>) [p2, p7, p9, p11, p13, p15, p17, p19, p21, p23, p25, p27, p29, p31, p33, p35, p37, p0, p1, p3, p4]
debug_merge_point(0, 0, '99<main.rpyeffect:91(Name(k_66))>+1: {"op": "Return". "args": {"any": [0]}}')
+1180: p86 = getfield_gc_r(p1, descr=<FieldP rpyeffect.stored_environment.Stack__arb.inst_tail 8 pure>)
+1184: guard_isnull(p86, descr=<Guard0x1405fba00>) [p2, p7, p9, p11, p13, p15, p17, p19, p21, p23, p25, p27, p29, p31, p33, p35, p37, p0, p1, p3, p4]
debug_merge_point(0, 0, '97<main.rpyeffect:89([k@Name(countdown_48)#122])>+0: {"op": "Push". "target": 96. "args": {"any": [0]}}')
debug_merge_point(0, 0, '97<main.rpyeffect:89([k@Name(countdown_48)#122])>+1: {"op": "Jump". "target": 10}')
debug_merge_point(0, 0, '10<main.rpyeffect:2(Name(=_0))>+0: {"op": "New". "out": 0. "targets": [9]. "args": {"any": [0]}}')
debug_merge_point(0, 0, '10<main.rpyeffect:2(Name(=_0))>+1: {"op": "Return". "args": {"any": [0]}}')
debug_merge_point(0, 0, '96<main.rpyeffect:88([k@[k@Name(countdown_48)#122]#124])>+0: {"op": "Const". "type": "ptr". "out": 2. "format": "int". "value": "<IntValue object at 0x1405df940>"}')
debug_merge_point(0, 0, '96<main.rpyeffect:88([k@[k@Name(countdown_48)#122]#124])>+1: {"op": "Push". "target": 95. "args": {"any": [1]}}')
debug_merge_point(0, 0, '96<main.rpyeffect:88([k@[k@Name(countdown_48)#122]#124])>+2: {"op": "Copy". "type": "any". "from": 0. "to". 1}')
debug_merge_point(0, 0, '96<main.rpyeffect:88([k@[k@Name(countdown_48)#122]#124])>+3: {"op": "Copy". "type": "any". "from": 2. "to". 0}')
debug_merge_point(0, 0, '96<main.rpyeffect:88([k@[k@Name(countdown_48)#122]#124])>+4: {"op": "Invoke". "receiver": 1. "tag": Interned(apply). "args" : {"any": [0]}}')
debug_merge_point(0, 0, '9<main.rpyeffect:1([method_apply@Name(=_0)#6])>+0: {"op": "Jump". "target": 8}')
debug_merge_point(0, 0, '8<main.rpyeffect:0([mcore:[#11]#3])>+0: {"op": "PrimOp". "name": "equals(Any. Any): Bool". "out": {"any": [0]}. "in": {"any": [1. 0]}}')
+1192: guard_class(p79, ConstClass(IntValue), descr=<Guard0x1405fba30>) [p2, p7, p9, p11, p13, p15, p17, p19, p21, p23, p25, p27, p29, p31, p33, p35, p37, p0, p1, p3, p4]
+1208: i88 = getfield_gc_i(p79, descr=<FieldS rpyeffect.value.IntValue.inst_value 8 pure>)
+1212: i90 = int_eq(i88, 0)
debug_merge_point(0, 0, '8<main.rpyeffect:0([mcore:[#11]#3])>+1: {"op": "Return". "args": {"any": [0]}}')
debug_merge_point(0, 0, '95<main.rpyeffect:87([k@[k@[k@Name(countdown_48)#122]#124]#128])>+0: {"op": "Switch". "scrutinee": 0. "values": [<BoolValue object at 0x1405df950>]. "targets": [88]. "default": 94}')
guard_false(i90, descr=<Guard0x1405fba60>) [p2, p7, p9, p11, p13, p15, p17, p19, p21, p23, p25, p27, p29, p31, p33, p35, p37, p0, p1, p3, p4]
debug_merge_point(0, 0, '94<main.rpyeffect:86([switch default case#130])>+0: {"op": "Swap". "type": "any". "a": 0. "b". 1}')
debug_merge_point(0, 0, '94<main.rpyeffect:86([switch default case#130])>+1: {"op": "Switch". "scrutinee": 1. "values": [<BoolValue object at 0x1405df960>]. "targets": [92]. "default": 93}')
debug_merge_point(0, 0, '92<main.rpyeffect:84([switch case for Bool(false)#131])>+0: {"op": "Push". "target": 91. "args": {"any": []}}')
debug_merge_point(0, 0, '92<main.rpyeffect:84([switch case for Bool(false)#131])>+1: {"op": "Jump". "target": 74}')
debug_merge_point(0, 0, '74<main.rpyeffect:66(Name(-_34))>+0: {"op": "New". "out": 0. "targets": [73]. "args": {"any": [0]}}')
debug_merge_point(0, 0, '74<main.rpyeffect:66(Name(-_34))>+1: {"op": "Return". "args": {"any": [0]}}')
debug_merge_point(0, 0, '91<main.rpyeffect:83([k@[switch case for Bool(false)#131]#133])>+0: {"op": "Const". "type": "ptr". "out": 1. "format": "int". "value": "<IntValue object at 0x1405dfa20>"}')
debug_merge_point(0, 0, '91<main.rpyeffect:83([k@[switch case for Bool(false)#131]#133])>+1: {"op": "Push". "target": 90. "args": {"any": []}}')
debug_merge_point(0, 0, '91<main.rpyeffect:83([k@[switch case for Bool(false)#131]#133])>+2: {"op": "Swap". "type": "any". "a": 0. "b". 1}')
debug_merge_point(0, 0, '91<main.rpyeffect:83([k@[switch case for Bool(false)#131]#133])>+3: {"op": "Invoke". "receiver": 1. "tag": Interned(apply). "args" : {"any": [0]}}')
debug_merge_point(0, 0, '73<main.rpyeffect:65([method_apply@Name(-_34)#96])>+0: {"op": "Jump". "target": 72}')
debug_merge_point(0, 0, '72<main.rpyeffect:64([mcore:[#27]#93])>+0: {"op": "PrimOp". "name": "infixSub(Int. Int): Int". "out": {"any": [0]}. "in": {"any": [1. 0]}}')
+1220: i92 = int_sub(i88, 1)
debug_merge_point(0, 0, '72<main.rpyeffect:64([mcore:[#27]#93])>+1: {"op": "Return". "args": {"any": [0]}}')
debug_merge_point(0, 0, '90<main.rpyeffect:82([#137])>+0: {"op": "Const". "type": "ptr". "out": 1. "format": "int". "value": "<IntValue object at 0x1405dfa90>"}')
debug_merge_point(0, 0, '90<main.rpyeffect:82([#137])>+1: {"op": "Const". "type": "ptr". "out": 2. "format": "string". "value": "Name(Set_1)"}')
debug_merge_point(0, 0, '90<main.rpyeffect:82([#137])>+2: {"op": "PrimOp". "name": "getGlobal(String): Ptr". "out": {"any": [2]}. "in": {"any": [2]}}')
debug_merge_point(0, 0, '90<main.rpyeffect:82([#137])>+3: {"op": "GetDynamic". "out": 1. "n": 1. "label": 2}')
+1228: i94 = instance_ptr_eq(p0, ConstPtr(ptr93))
guard_true(i94, descr=<Guard0x1405fba90>) [p2, p7, p9, p11, p13, p15, p17, p19, p21, p23, p25, p27, p29, p31, p33, p35, p37, p0, p1, p3, p4]
debug_merge_point(0, 0, '90<main.rpyeffect:82([#137])>+4: {"op": "Push". "target": 89. "args": {"any": []}}')
debug_merge_point(0, 0, '90<main.rpyeffect:82([#137])>+5: {"op": "Invoke". "receiver": 1. "tag": Interned(Set_1). "args" : {"any": [0]}}')
+1236: p95 = getfield_gc_r(p4, descr=<FieldP rpyeffect.codata.CoData.inst_vtable 8 pure>)
+1244: guard_value(p95, ConstPtr(ptr96), descr=<Guard0x1405fbac0>) [p2, p7, p9, p11, p13, p15, p17, p19, p21, p23, p25, p27, p29, p31, p33, p35, p37, p0, p1, p3, p4]
+1252: p97 = getfield_gc_r(p4, descr=<FieldP rpyeffect.stored_environment.CoData__1.inst_values_ptr_0 24 pure>)
debug_merge_point(0, 0, '114<main.rpyeffect:106([method_Set_1@[mcore:[#45]#166]#193])>+0: {"op": "Const". "type": "ptr". "out": 2. "format": "int". "value": "<IntValue object at 0x1405df600>"}')
debug_merge_point(0, 0, '114<main.rpyeffect:106([method_Set_1@[mcore:[#45]#166]#193])>+1: {"op": "ShiftDyn". "out": 1. "n": 2. "label": 1}')
+1256: guard_nonnull(p97, descr=<Guard0x1405fbaf0>) [p2, p7, p9, p11, p13, p15, p17, p19, p21, p23, p25, p27, p29, p31, p33, p35, p37, p0, p1, p3, p4]
+1264: i98 = getfield_gc_i(p97, descr=<FieldS rpyeffect.stack.Label.inst_origin 8 pure>)
+1268: guard_value(i98, 118784, descr=<Guard0x1405fbb20>) [p2, p7, p9, p11, p13, p15, p17, p19, p21, p23, p25, p27, p29, p31, p33, p35, p37, p0, p1, p3, p4]
+1284: i100 = instance_ptr_eq(p53, p97)
guard_true(i100, descr=<Guard0x1405fbb50>) [p2, p7, p9, p11, p13, p15, p17, p19, p21, p23, p25, p27, p29, p31, p33, p35, p37, p0, p1, p3, p4]
debug_merge_point(0, 0, '114<main.rpyeffect:106([method_Set_1@[mcore:[#45]#166]#193])>+2: {"op": "New". "out": 0. "targets": [113]. "args": {"any": [1. 0]}}')
debug_merge_point(0, 0, '114<main.rpyeffect:106([method_Set_1@[mcore:[#45]#166]#193])>+3: {"op": "Return". "args": {"any": [0]}}')
debug_merge_point(0, 0, '100<main.rpyeffect:92([k@[mcore:[#38]#157]#159])>+0: {"op": "Swap". "type": "any". "a": 0. "b". 1}')
debug_merge_point(0, 0, '100<main.rpyeffect:92([k@[mcore:[#38]#157]#159])>+1: {"op": "Invoke". "receiver": 1. "tag": Interned(apply). "args" : {"any": [0]}}')
debug_merge_point(0, 0, '113<main.rpyeffect:105([#198])>+0: {"op": "Jump". "target": 104}')
debug_merge_point(0, 0, '104<main.rpyeffect:96([mcore:[#42]#160])>+0: {"op": "Construct". "out": 0. "type": Interned({"op": "eff$Tuple". "elements": []}). "tag": Interned({"op": "eff$Tuple". "elements": []}). "args": {"any": []}}')
debug_merge_point(0, 0, '104<main.rpyeffect:96([mcore:[#42]#160])>+1: {"op": "Push". "target": 103. "args": {"any": [2]}}')
debug_merge_point(0, 0, '104<main.rpyeffect:96([mcore:[#42]#160])>+2: {"op": "Jump". "target": 102}')
debug_merge_point(0, 0, '102<main.rpyeffect:94(Name(k_70))>+0: {"op": "PushStack". "arg": 1}')
debug_merge_point(0, 0, '102<main.rpyeffect:94(Name(k_70))>+1: {"op": "Return". "args": {"any": [0]}}')
debug_merge_point(0, 0, '89<main.rpyeffect:81([k@[#137]#145])>+0: {"op": "Construct". "out": 0. "type": Interned({"op": "eff$Tuple". "elements": []}). "tag": Interned({"op": "eff$Tuple". "elements": []}). "args": {"any": []}}')
debug_merge_point(0, 0, '89<main.rpyeffect:81([k@[#137]#145])>+1: {"op": "Const". "type": "ptr". "out": 1. "format": "string". "value": "Name(Get_0)"}')
debug_merge_point(0, 0, '89<main.rpyeffect:81([k@[#137]#145])>+2: {"op": "PrimOp". "name": "getGlobal(String): Ptr". "out": {"any": [1]}. "in": {"any": [1]}}')
debug_merge_point(0, 0, '89<main.rpyeffect:81([k@[#137]#145])>+3: {"op": "Const". "type": "ptr". "out": 2. "format": "string". "value": "Name(Set_1)"}')
debug_merge_point(0, 0, '89<main.rpyeffect:81([k@[#137]#145])>+4: {"op": "PrimOp". "name": "getGlobal(String): Ptr". "out": {"any": [2]}. "in": {"any": [2]}}')
debug_merge_point(0, 0, '89<main.rpyeffect:81([k@[#137]#145])>+5: {"op": "Jump". "target": 98}')
debug_merge_point(0, 0, '98<main.rpyeffect:90(Name(countdown_48))>+0: {"op": "Const". "type": "ptr". "out": 0. "format": "int". "value": "<IntValue object at 0x1405df8f0>"}')
debug_merge_point(0, 0, '98<main.rpyeffect:90(Name(countdown_48))>+1: {"op": "Const". "type": "ptr". "out": 1. "format": "string". "value": "Name(Get_0)"}')
debug_merge_point(0, 0, '98<main.rpyeffect:90(Name(countdown_48))>+2: {"op": "PrimOp". "name": "getGlobal(String): Ptr". "out": {"any": [1]}. "in": {"any": [1]}}')
debug_merge_point(0, 0, '98<main.rpyeffect:90(Name(countdown_48))>+3: {"op": "GetDynamic". "out": 0. "n": 0. "label": 1}')
+1296: i102 = instance_ptr_eq(p0, ConstPtr(ptr101))
guard_false(i102, descr=<Guard0x1405fbb80>) [p2, p7, p9, p11, p13, p15, p17, p19, p21, p23, p25, p27, p29, p31, p33, p35, p37, p0, p1, p3, p4]
+1304: i104 = instance_ptr_eq(p48, ConstPtr(ptr103))
guard_true(i104, descr=<Guard0x1405fbbb0>) [p2, p7, p9, p11, p13, p15, p17, p19, p21, p23, p25, p27, p29, p31, p33, p35, p37, p0, p1, p3, p4]
debug_merge_point(0, 0, '98<main.rpyeffect:90(Name(countdown_48))>+4: {"op": "Construct". "out": 1. "type": Interned({"op": "eff$Tuple". "elements": []}). "tag": Interned({"op": "eff$Tuple". "elements": []}). "args": {"any": []}}')
debug_merge_point(0, 0, '98<main.rpyeffect:90(Name(countdown_48))>+5: {"op": "Push". "target": 97. "args": {"any": []}}')
+1312: label(p0, p1, p2, p60, p48, p57, p53, p69, i92, p67, p68, p62, p4, p13, p15, p17, p19, p21, p23, p25, p27, p29, p31, p33, p35, p37, p97, descr=TargetToken(5374938080))
debug_merge_point(0, 0, '98<main.rpyeffect:90(Name(countdown_48))>+5: {"op": "Push". "target": 97. "args": {"any": []}}')
+1324: guard_not_invalidated(descr=<Guard0x1405da9b0>) [p2, p62, p13, p15, p17, p19, p21, p23, p25, p27, p29, p31, p33, p35, p37, p0, p1, p4, i92, p69, p68, p67, p53, p57, p48, p60]
debug_merge_point(0, 0, '98<main.rpyeffect:90(Name(countdown_48))>+6: {"op": "Swap". "type": "any". "a": 0. "b". 1}')
debug_merge_point(0, 0, '98<main.rpyeffect:90(Name(countdown_48))>+7: {"op": "Invoke". "receiver": 1. "tag": Interned(Get_0). "args" : {"any": [0]}}')
+1328: p105 = getfield_gc_r(p62, descr=<FieldP rpyeffect.codata.CoData.inst_vtable 8 pure>)
+1336: guard_value(p105, ConstPtr(ptr106), descr=<Guard0x1405fbbe0>) [p2, p62, p13, p15, p17, p19, p21, p23, p25, p27, p29, p31, p33, p35, p37, p0, p1, p4, i92, p69, p68, p67, p53, p57, p48, p60]
+1344: p107 = getfield_gc_r(p62, descr=<FieldP rpyeffect.stored_environment.CoData__1.inst_values_ptr_0 24 pure>)
debug_merge_point(0, 0, '111<main.rpyeffect:103([method_Get_0@[mcore:[#45]#166]#175])>+0: {"op": "Const". "type": "ptr". "out": 2. "format": "int". "value": "<IntValue object at 0x1405df690>"}')
debug_merge_point(0, 0, '111<main.rpyeffect:103([method_Get_0@[mcore:[#45]#166]#175])>+1: {"op": "ShiftDyn". "out": 1. "n": 2. "label": 1}')
+1348: guard_nonnull(p107, descr=<Guard0x1405fbc10>) [p2, p62, p13, p15, p17, p19, p21, p23, p25, p27, p29, p31, p33, p35, p37, p0, p1, p4, i92, p69, p68, p67, p53, p57, p48, p60]
+1356: i108 = getfield_gc_i(p107, descr=<FieldS rpyeffect.stack.Label.inst_origin 8 pure>)
+1360: guard_value(i108, 118784, descr=<Guard0x1405fbc40>) [p2, p62, p13, p15, p17, p19, p21, p23, p25, p27, p29, p31, p33, p35, p37, p0, p1, p4, i92, p69, p68, p67, p53, p57, p48, p60]
+1376: i110 = instance_ptr_eq(p53, p107)
guard_true(i110, descr=<Guard0x1405fbc70>) [p2, p62, p13, p15, p17, p19, p21, p23, p25, p27, p29, p31, p33, p35, p37, p0, p1, p4, i92, p69, p68, p67, p53, p57, p48, p60]
debug_merge_point(0, 0, '111<main.rpyeffect:103([method_Get_0@[mcore:[#45]#166]#175])>+2: {"op": "Swap". "type": "any". "a": 0. "b". 1}')
debug_merge_point(0, 0, '111<main.rpyeffect:103([method_Get_0@[mcore:[#45]#166]#175])>+3: {"op": "Match". "type": Interned({"op": "eff$Tuple". "elements": []}). "scrutinee": 1. "clauses": [{"tag": Interned({"op": "eff$Tuple". "elements": []}). "target": 110. "args": {"any": []}}]. "default": {"tag": Interned(2eb3a550-a135-409b-8f47-6ab99e6a9e6b#[Missing Tag#340]). "target": 108. "args": {"any": []}}}')
debug_merge_point(0, 0, '110<main.rpyeffect:102([#181])>+0: {"op": "New". "out": 0. "targets": [109]. "args": {"any": [0]}}')
debug_merge_point(0, 0, '110<main.rpyeffect:102([#181])>+1: {"op": "Return". "args": {"any": [0]}}')
debug_merge_point(0, 0, '103<main.rpyeffect:95([k@[mcore:[#42]#160]#164])>+0: {"op": "Swap". "type": "any". "a": 0. "b". 1}')
debug_merge_point(0, 0, '103<main.rpyeffect:95([k@[mcore:[#42]#160]#164])>+1: {"op": "Invoke". "receiver": 1. "tag": Interned(apply). "args" : {"any": [0]}}')
debug_merge_point(0, 0, '109<main.rpyeffect:101([method_apply@[#181]#184])>+0: {"op": "Jump". "target": 101}')
debug_merge_point(0, 0, '101<main.rpyeffect:93([mcore:[#38]#157])>+0: {"op": "Push". "target": 100. "args": {"any": [0]}}')
debug_merge_point(0, 0, '101<main.rpyeffect:93([mcore:[#38]#157])>+1: {"op": "Jump". "target": 99}')
debug_merge_point(0, 0, '99<main.rpyeffect:91(Name(k_66))>+0: {"op": "PushStack". "arg": 1}')
debug_merge_point(0, 0, '99<main.rpyeffect:91(Name(k_66))>+1: {"op": "Return". "args": {"any": [0]}}')
debug_merge_point(0, 0, '97<main.rpyeffect:89([k@Name(countdown_48)#122])>+0: {"op": "Push". "target": 96. "args": {"any": [0]}}')
debug_merge_point(0, 0, '97<main.rpyeffect:89([k@Name(countdown_48)#122])>+1: {"op": "Jump". "target": 10}')
debug_merge_point(0, 0, '10<main.rpyeffect:2(Name(=_0))>+0: {"op": "New". "out": 0. "targets": [9]. "args": {"any": [0]}}')
debug_merge_point(0, 0, '10<main.rpyeffect:2(Name(=_0))>+1: {"op": "Return". "args": {"any": [0]}}')
debug_merge_point(0, 0, '96<main.rpyeffect:88([k@[k@Name(countdown_48)#122]#124])>+0: {"op": "Const". "type": "ptr". "out": 2. "format": "int". "value": "<IntValue object at 0x1405df940>"}')
debug_merge_point(0, 0, '96<main.rpyeffect:88([k@[k@Name(countdown_48)#122]#124])>+1: {"op": "Push". "target": 95. "args": {"any": [1]}}')
debug_merge_point(0, 0, '96<main.rpyeffect:88([k@[k@Name(countdown_48)#122]#124])>+2: {"op": "Copy". "type": "any". "from": 0. "to". 1}')
debug_merge_point(0, 0, '96<main.rpyeffect:88([k@[k@Name(countdown_48)#122]#124])>+3: {"op": "Copy". "type": "any". "from": 2. "to". 0}')
debug_merge_point(0, 0, '96<main.rpyeffect:88([k@[k@Name(countdown_48)#122]#124])>+4: {"op": "Invoke". "receiver": 1. "tag": Interned(apply). "args" : {"any": [0]}}')
debug_merge_point(0, 0, '9<main.rpyeffect:1([method_apply@Name(=_0)#6])>+0: {"op": "Jump". "target": 8}')
debug_merge_point(0, 0, '8<main.rpyeffect:0([mcore:[#11]#3])>+0: {"op": "PrimOp". "name": "equals(Any. Any): Bool". "out": {"any": [0]}. "in": {"any": [1. 0]}}')
+1384: i112 = int_eq(i92, 0)
debug_merge_point(0, 0, '8<main.rpyeffect:0([mcore:[#11]#3])>+1: {"op": "Return". "args": {"any": [0]}}')
debug_merge_point(0, 0, '95<main.rpyeffect:87([k@[k@[k@Name(countdown_48)#122]#124]#128])>+0: {"op": "Switch". "scrutinee": 0. "values": [<BoolValue object at 0x1405df950>]. "targets": [88]. "default": 94}')
guard_false(i112, descr=<Guard0x1405fbca0>) [p2, p62, p13, p15, p17, p19, p21, p23, p25, p27, p29, p31, p33, p35, p37, p0, p1, p4, i92, p69, p68, p67, p53, p57, p48, p60]
debug_merge_point(0, 0, '94<main.rpyeffect:86([switch default case#130])>+0: {"op": "Swap". "type": "any". "a": 0. "b". 1}')
debug_merge_point(0, 0, '94<main.rpyeffect:86([switch default case#130])>+1: {"op": "Switch". "scrutinee": 1. "values": [<BoolValue object at 0x1405df960>]. "targets": [92]. "default": 93}')
debug_merge_point(0, 0, '92<main.rpyeffect:84([switch case for Bool(false)#131])>+0: {"op": "Push". "target": 91. "args": {"any": []}}')
debug_merge_point(0, 0, '92<main.rpyeffect:84([switch case for Bool(false)#131])>+1: {"op": "Jump". "target": 74}')
debug_merge_point(0, 0, '74<main.rpyeffect:66(Name(-_34))>+0: {"op": "New". "out": 0. "targets": [73]. "args": {"any": [0]}}')
debug_merge_point(0, 0, '74<main.rpyeffect:66(Name(-_34))>+1: {"op": "Return". "args": {"any": [0]}}')
debug_merge_point(0, 0, '91<main.rpyeffect:83([k@[switch case for Bool(false)#131]#133])>+0: {"op": "Const". "type": "ptr". "out": 1. "format": "int". "value": "<IntValue object at 0x1405dfa20>"}')
debug_merge_point(0, 0, '91<main.rpyeffect:83([k@[switch case for Bool(false)#131]#133])>+1: {"op": "Push". "target": 90. "args": {"any": []}}')
debug_merge_point(0, 0, '91<main.rpyeffect:83([k@[switch case for Bool(false)#131]#133])>+2: {"op": "Swap". "type": "any". "a": 0. "b". 1}')
debug_merge_point(0, 0, '91<main.rpyeffect:83([k@[switch case for Bool(false)#131]#133])>+3: {"op": "Invoke". "receiver": 1. "tag": Interned(apply). "args" : {"any": [0]}}')
debug_merge_point(0, 0, '73<main.rpyeffect:65([method_apply@Name(-_34)#96])>+0: {"op": "Jump". "target": 72}')
debug_merge_point(0, 0, '72<main.rpyeffect:64([mcore:[#27]#93])>+0: {"op": "PrimOp". "name": "infixSub(Int. Int): Int". "out": {"any": [0]}. "in": {"any": [1. 0]}}')
+1392: i114 = int_sub(i92, 1)
debug_merge_point(0, 0, '72<main.rpyeffect:64([mcore:[#27]#93])>+1: {"op": "Return". "args": {"any": [0]}}')
debug_merge_point(0, 0, '90<main.rpyeffect:82([#137])>+0: {"op": "Const". "type": "ptr". "out": 1. "format": "int". "value": "<IntValue object at 0x1405dfa90>"}')
debug_merge_point(0, 0, '90<main.rpyeffect:82([#137])>+1: {"op": "Const". "type": "ptr". "out": 2. "format": "string". "value": "Name(Set_1)"}')
debug_merge_point(0, 0, '90<main.rpyeffect:82([#137])>+2: {"op": "PrimOp". "name": "getGlobal(String): Ptr". "out": {"any": [2]}. "in": {"any": [2]}}')
debug_merge_point(0, 0, '90<main.rpyeffect:82([#137])>+3: {"op": "GetDynamic". "out": 1. "n": 1. "label": 2}')
debug_merge_point(0, 0, '90<main.rpyeffect:82([#137])>+4: {"op": "Push". "target": 89. "args": {"any": []}}')
debug_merge_point(0, 0, '90<main.rpyeffect:82([#137])>+5: {"op": "Invoke". "receiver": 1. "tag": Interned(Set_1). "args" : {"any": [0]}}')
debug_merge_point(0, 0, '114<main.rpyeffect:106([method_Set_1@[mcore:[#45]#166]#193])>+0: {"op": "Const". "type": "ptr". "out": 2. "format": "int". "value": "<IntValue object at 0x1405df600>"}')
debug_merge_point(0, 0, '114<main.rpyeffect:106([method_Set_1@[mcore:[#45]#166]#193])>+1: {"op": "ShiftDyn". "out": 1. "n": 2. "label": 1}')
debug_merge_point(0, 0, '114<main.rpyeffect:106([method_Set_1@[mcore:[#45]#166]#193])>+2: {"op": "New". "out": 0. "targets": [113]. "args": {"any": [1. 0]}}')
debug_merge_point(0, 0, '114<main.rpyeffect:106([method_Set_1@[mcore:[#45]#166]#193])>+3: {"op": "Return". "args": {"any": [0]}}')
debug_merge_point(0, 0, '100<main.rpyeffect:92([k@[mcore:[#38]#157]#159])>+0: {"op": "Swap". "type": "any". "a": 0. "b". 1}')
debug_merge_point(0, 0, '100<main.rpyeffect:92([k@[mcore:[#38]#157]#159])>+1: {"op": "Invoke". "receiver": 1. "tag": Interned(apply). "args" : {"any": [0]}}')
debug_merge_point(0, 0, '113<main.rpyeffect:105([#198])>+0: {"op": "Jump". "target": 104}')
debug_merge_point(0, 0, '104<main.rpyeffect:96([mcore:[#42]#160])>+0: {"op": "Construct". "out": 0. "type": Interned({"op": "eff$Tuple". "elements": []}). "tag": Interned({"op": "eff$Tuple". "elements": []}). "args": {"any": []}}')
debug_merge_point(0, 0, '104<main.rpyeffect:96([mcore:[#42]#160])>+1: {"op": "Push". "target": 103. "args": {"any": [2]}}')
debug_merge_point(0, 0, '104<main.rpyeffect:96([mcore:[#42]#160])>+2: {"op": "Jump". "target": 102}')
debug_merge_point(0, 0, '102<main.rpyeffect:94(Name(k_70))>+0: {"op": "PushStack". "arg": 1}')
debug_merge_point(0, 0, '102<main.rpyeffect:94(Name(k_70))>+1: {"op": "Return". "args": {"any": [0]}}')
debug_merge_point(0, 0, '89<main.rpyeffect:81([k@[#137]#145])>+0: {"op": "Construct". "out": 0. "type": Interned({"op": "eff$Tuple". "elements": []}). "tag": Interned({"op": "eff$Tuple". "elements": []}). "args": {"any": []}}')
debug_merge_point(0, 0, '89<main.rpyeffect:81([k@[#137]#145])>+1: {"op": "Const". "type": "ptr". "out": 1. "format": "string". "value": "Name(Get_0)"}')
debug_merge_point(0, 0, '89<main.rpyeffect:81([k@[#137]#145])>+2: {"op": "PrimOp". "name": "getGlobal(String): Ptr". "out": {"any": [1]}. "in": {"any": [1]}}')
debug_merge_point(0, 0, '89<main.rpyeffect:81([k@[#137]#145])>+3: {"op": "Const". "type": "ptr". "out": 2. "format": "string". "value": "Name(Set_1)"}')
debug_merge_point(0, 0, '89<main.rpyeffect:81([k@[#137]#145])>+4: {"op": "PrimOp". "name": "getGlobal(String): Ptr". "out": {"any": [2]}. "in": {"any": [2]}}')
debug_merge_point(0, 0, '89<main.rpyeffect:81([k@[#137]#145])>+5: {"op": "Jump". "target": 98}')
debug_merge_point(0, 0, '98<main.rpyeffect:90(Name(countdown_48))>+0: {"op": "Const". "type": "ptr". "out": 0. "format": "int". "value": "<IntValue object at 0x1405df8f0>"}')
debug_merge_point(0, 0, '98<main.rpyeffect:90(Name(countdown_48))>+1: {"op": "Const". "type": "ptr". "out": 1. "format": "string". "value": "Name(Get_0)"}')
debug_merge_point(0, 0, '98<main.rpyeffect:90(Name(countdown_48))>+2: {"op": "PrimOp". "name": "getGlobal(String): Ptr". "out": {"any": [1]}. "in": {"any": [1]}}')
debug_merge_point(0, 0, '98<main.rpyeffect:90(Name(countdown_48))>+3: {"op": "GetDynamic". "out": 0. "n": 0. "label": 1}')
+1400: i116 = instance_ptr_eq(p0, ConstPtr(ptr115))
guard_false(i116, descr=<Guard0x1405fbcd0>) [p2, p62, p13, p15, p17, p19, p21, p23, p25, p27, p29, p31, p33, p35, p37, p0, p1, p4, i92, p69, p68, p67, p53, p57, p48, p60]
+1408: i118 = instance_ptr_eq(p48, ConstPtr(ptr117))
guard_true(i118, descr=<Guard0x1405fbd00>) [p2, p62, p13, p15, p17, p19, p21, p23, p25, p27, p29, p31, p33, p35, p37, p0, p1, p4, i92, p69, p68, p67, p53, p57, p48, p60]
debug_merge_point(0, 0, '98<main.rpyeffect:90(Name(countdown_48))>+4: {"op": "Construct". "out": 1. "type": Interned({"op": "eff$Tuple". "elements": []}). "tag": Interned({"op": "eff$Tuple". "elements": []}). "args": {"any": []}}')
debug_merge_point(0, 0, '98<main.rpyeffect:90(Name(countdown_48))>+5: {"op": "Push". "target": 97. "args": {"any": []}}')
+1420: i119 = instance_ptr_eq(p0, ConstPtr(ptr93))
guard_true(i119, descr=<Guard0x1405da9f8>) [p2, p62, p13, p15, p17, p19, p21, p23, p25, p27, p29, p31, p33, p35, p37, p0, p1, p4, i114, None, p69, p68, p67, p53, p57, p48, p60]
+1428: i121 = instance_ptr_eq(p53, p97)
guard_true(i121, descr=<Guard0x1405daa40>) [p2, p62, p13, p15, p17, p19, p21, p23, p25, p27, p29, p31, p33, p35, p37, p0, p1, p4, i114, None, p69, p68, p67, p53, p57, p48, p60]
+1436: jump(p0, p1, p2, p60, p48, p57, p53, p69, i114, p67, p68, p62, p4, p13, p15, p17, p19, p21, p23, p25, p27, p29, p31, p33, p35, p37, p97, descr=TargetToken(5374938080))
+1444: --end of the loop--
[a6fb3b] jit-log-opt-loop}
[11c8fb50] {jit-summary
Tracing:      	1	0.001265
Backend:      	1	0.000295
TOTAL:      		0.289355
ops:             	3628
heapcached ops:  	596
recorded ops:    	1327
  calls:         	666
guards:          	231
opt ops:         	245
opt guards:      	48
opt guards shared:	43
forcings:        	0
abort: trace too long:	0
abort: compiling:	0
abort: vable escape:	0
abort: bad loop: 	0
abort: force quasi-immut:	0
abort: segmenting trace:	0
virtualizables forced:	0
nvirtuals:       	6
nvholes:         	0
nvreused:        	0
vecopt tried:    	0
vecopt success:  	0
Total # of loops:	1
Total # of bridges:	0
Freed # of loops:	0
Freed # of bridges:	0
[11c920e9] jit-summary}
