[b58155] {jit-log-opt-loop
# Loop 1 (97<main.rpyeffect:89(Name(go_50))>+0: {"op": "Push", "target": 96, "args": {"any": [2, 0]}}) : loop with 258 ops
[p0, p1, p2, p3, p4]
+328: p5 = getfield_gc_r(p2, descr=<FieldP rpyeffect.environment.Environment.inst_values_ptr 16>)
+336: p7 = getarrayitem_gc_r(p5, 0, descr=<ArrayP 8>)
+340: p9 = getarrayitem_gc_r(p5, 1, descr=<ArrayP 8>)
+344: p11 = getarrayitem_gc_r(p5, 2, descr=<ArrayP 8>)
+348: p13 = getarrayitem_gc_r(p5, 3, descr=<ArrayP 8>)
+352: p15 = getarrayitem_gc_r(p5, 4, descr=<ArrayP 8>)
+356: p17 = getarrayitem_gc_r(p5, 5, descr=<ArrayP 8>)
+360: p19 = getarrayitem_gc_r(p5, 6, descr=<ArrayP 8>)
+364: p21 = getarrayitem_gc_r(p5, 7, descr=<ArrayP 8>)
+368: p23 = getarrayitem_gc_r(p5, 8, descr=<ArrayP 8>)
+372: p25 = getarrayitem_gc_r(p5, 9, descr=<ArrayP 8>)
+376: p27 = getarrayitem_gc_r(p5, 10, descr=<ArrayP 8>)
+380: p29 = getarrayitem_gc_r(p5, 11, descr=<ArrayP 8>)
+384: p31 = getarrayitem_gc_r(p5, 12, descr=<ArrayP 8>)
+388: p33 = getarrayitem_gc_r(p5, 13, descr=<ArrayP 8>)
+392: p35 = getarrayitem_gc_r(p5, 14, descr=<ArrayP 8>)
+396: p37 = getarrayitem_gc_r(p5, 15, descr=<ArrayP 8>)
+400: label(p0, p1, p2, p3, p4, p7, p9, p11, p13, p15, p17, p19, p21, p23, p25, p27, p29, p31, p33, p35, p37, descr=TargetToken(4972294368))
debug_merge_point(0, 0, '97<main.rpyeffect:89(Name(go_50))>+0: {"op": "Push". "target": 96. "args": {"any": [2. 0]}}')
+456: guard_not_invalidated(descr=<Guard0x1285daba8>) [p2, p7, p9, p11, p13, p15, p17, p19, p21, p23, p25, p27, p29, p31, p33, p35, p37, p0, p1, p3, p4]
debug_merge_point(0, 0, '97<main.rpyeffect:89(Name(go_50))>+1: {"op": "Jump". "target": 16}')
debug_merge_point(0, 0, '16<main.rpyeffect:8(Name(>_2))>+0: {"op": "New". "out": 0. "targets": [15]. "args": {"any": [0]}}')
debug_merge_point(0, 0, '16<main.rpyeffect:8(Name(>_2))>+1: {"op": "Return". "args": {"any": [0]}}')
+460: guard_nonnull(p1, descr=<Guard0x1285fda60>) [p2, p7, p9, p11, p13, p15, p17, p19, p21, p23, p25, p27, p29, p31, p33, p35, p37, p0, p1, p3, p4]
+472: i38 = getfield_gc_i(p1, descr=<FieldS rpyeffect.stored_environment.Stack__arb.inst_target 16 pure>)
+480: guard_value(i38, 146, descr=<Guard0x1285fda90>) [p2, p7, p9, p11, p13, p15, p17, p19, p21, p23, p25, p27, p29, p31, p33, p35, p37, p0, p1, p3, p4]
debug_merge_point(0, 0, '96<main.rpyeffect:88([k@Name(go_50)#114])>+0: {"op": "Push". "target": 95. "args": {"any": [1. 2]}}')
debug_merge_point(0, 0, '96<main.rpyeffect:88([k@Name(go_50)#114])>+1: {"op": "Swap". "type": "any". "a": 0. "b". 1}')
debug_merge_point(0, 0, '96<main.rpyeffect:88([k@Name(go_50)#114])>+2: {"op": "Invoke". "receiver": 1. "tag": Interned(apply). "args" : {"any": [0]}}')
debug_merge_point(0, 0, '15<main.rpyeffect:7([method_apply@Name(>_2)#16])>+0: {"op": "Jump". "target": 14}')
debug_merge_point(0, 0, '14<main.rpyeffect:6([mcore:[#15]#13])>+0: {"op": "PrimOp". "name": "infixGt(Any. Any): Bool". "out": {"any": [0]}. "in": {"any": [1. 0]}}')
+492: guard_class(p7, ConstClass(IntValue), descr=<Guard0x1285fdac0>) [p2, p7, p9, p11, p13, p15, p17, p19, p21, p23, p25, p27, p29, p31, p33, p35, p37, p0, p1, p3, p4]
+508: guard_nonnull_class(p11, ConstClass(IntValue), descr=<Guard0x1285dabf0>) [p2, p7, p9, p11, p13, p15, p17, p19, p21, p23, p25, p27, p29, p31, p33, p35, p37, p0, p1, p3, p4]
+532: i42 = getfield_gc_i(p7, descr=<FieldS rpyeffect.value.IntValue.inst_value 8 pure>)
+536: i43 = getfield_gc_i(p11, descr=<FieldS rpyeffect.value.IntValue.inst_value 8 pure>)
+540: i44 = int_eq(i42, i43)
guard_false(i44, descr=<Guard0x1285fdaf0>) [p2, p7, p9, p11, p13, p15, p17, p19, p21, p23, p25, p27, p29, p31, p33, p35, p37, p0, p1, p3, p4]
+548: i45 = int_lt(i42, i43)
guard_true(i45, descr=<Guard0x1285fdb20>) [p2, p7, p9, p11, p13, p15, p17, p19, p21, p23, p25, p27, p29, p31, p33, p35, p37, p0, p1, p3, p4]
debug_merge_point(0, 0, '14<main.rpyeffect:6([mcore:[#15]#13])>+1: {"op": "Return". "args": {"any": [0]}}')
debug_merge_point(0, 0, '95<main.rpyeffect:87([k@[k@Name(go_50)#114]#116])>+0: {"op": "Switch". "scrutinee": 0. "values": [<BoolValue object at 0x1285df5e0>]. "targets": [88]. "default": 94}')
debug_merge_point(0, 0, '94<main.rpyeffect:86([switch default case#119])>+0: {"op": "Swap". "type": "any". "a": 0. "b". 1}')
debug_merge_point(0, 0, '94<main.rpyeffect:86([switch default case#119])>+1: {"op": "Swap". "type": "any". "a": 2. "b". 1}')
debug_merge_point(0, 0, '94<main.rpyeffect:86([switch default case#119])>+2: {"op": "Switch". "scrutinee": 2. "values": [<BoolValue object at 0x1285df5f0>]. "targets": [92]. "default": 93}')
debug_merge_point(0, 0, '92<main.rpyeffect:84([switch case for Bool(false)#120])>+0: {"op": "Const". "type": "ptr". "out": 2. "format": "int". "value": "<IntValue object at 0x1285df6a0>"}')
debug_merge_point(0, 0, '92<main.rpyeffect:84([switch case for Bool(false)#120])>+1: {"op": "Const". "type": "ptr". "out": 3. "format": "string". "value": "Name(Emit_0)"}')
debug_merge_point(0, 0, '92<main.rpyeffect:84([switch case for Bool(false)#120])>+2: {"op": "PrimOp". "name": "getGlobal(String): Ptr". "out": {"any": [3]}. "in": {"any": [3]}}')
debug_merge_point(0, 0, '92<main.rpyeffect:84([switch case for Bool(false)#120])>+3: {"op": "GetDynamic". "out": 2. "n": 2. "label": 3}')
+560: i47 = instance_ptr_eq(p4, ConstPtr(ptr46))
guard_false(i47, descr=<Guard0x1285fdb50>) [p2, p7, p9, p11, p13, p15, p17, p19, p21, p23, p25, p27, p29, p31, p33, p35, p37, p0, p1, p3, p4]
+576: i49 = instance_ptr_eq(p0, ConstPtr(ptr48))
guard_true(i49, descr=<Guard0x1285fdb80>) [p2, p7, p9, p11, p13, p15, p17, p19, p21, p23, p25, p27, p29, p31, p33, p35, p37, p0, p1, p3, p4]
debug_merge_point(0, 0, '92<main.rpyeffect:84([switch case for Bool(false)#120])>+4: {"op": "Push". "target": 91. "args": {"any": [0. 1]}}')
debug_merge_point(0, 0, '92<main.rpyeffect:84([switch case for Bool(false)#120])>+5: {"op": "Copy". "type": "any". "from": 1. "to". 0}')
debug_merge_point(0, 0, '92<main.rpyeffect:84([switch case for Bool(false)#120])>+6: {"op": "Invoke". "receiver": 2. "tag": Interned(Emit_0). "args" : {"any": [0]}}')
+588: p50 = getfield_gc_r(p4, descr=<FieldP rpyeffect.codata.CoData.inst_vtable 8 pure>)
+596: guard_value(p50, ConstPtr(ptr51), descr=<Guard0x1285fdbb0>) [p2, p7, p9, p11, p13, p15, p17, p19, p21, p23, p25, p27, p29, p31, p33, p35, p37, p0, p1, p3, p4]
debug_merge_point(0, 0, '144<main.rpyeffect:136([method_Emit_0@[mcore:[#63]#272]#274])>+0: {"op": "Const". "type": "ptr". "out": 1. "format": "int". "value": "<IntValue object at 0x1286003d0>"}')
debug_merge_point(0, 0, '144<main.rpyeffect:136([method_Emit_0@[mcore:[#63]#272]#274])>+1: {"op": "Const". "type": "ptr". "out": 2. "format": "string". "value": "Name(Emit_0)"}')
debug_merge_point(0, 0, '144<main.rpyeffect:136([method_Emit_0@[mcore:[#63]#272]#274])>+2: {"op": "PrimOp". "name": "getGlobal(String): Ptr". "out": {"any": [2]}. "in": {"any": [2]}}')
debug_merge_point(0, 0, '144<main.rpyeffect:136([method_Emit_0@[mcore:[#63]#272]#274])>+3: {"op": "ShiftDyn". "out": 1. "n": 1. "label": 2}')
+604: guard_nonnull_class(p3, 4311459744, descr=<Guard0x1285dac38>) [p2, p7, p9, p11, p13, p15, p17, p19, p21, p23, p25, p27, p29, p31, p33, p35, p37, p0, p1, p3, p4]
+632: p53 = getfield_gc_r(p3, descr=<FieldP rpyeffect.stack.MetaStackLike.inst_stack 8 pure>)
+636: p54 = getfield_gc_r(p3, descr=<FieldP rpyeffect.stack.MetaStack.inst_label 16 pure>)
+640: p55 = getfield_gc_r(p3, descr=<FieldP rpyeffect.stack.MetaStack.inst_tail 32 pure>)
+644: guard_nonnull(p53, descr=<Guard0x1285fdbe0>) [p2, p7, p9, p11, p13, p15, p17, p19, p21, p23, p25, p27, p29, p31, p33, p35, p37, p0, p1, p3, p4]
+652: i56 = getfield_gc_i(p53, descr=<FieldS rpyeffect.stored_environment.Stack__arb.inst_target 16 pure>)
+656: guard_value(i56, 140, descr=<Guard0x1285fdc10>) [p2, p7, p9, p11, p13, p15, p17, p19, p21, p23, p25, p27, p29, p31, p33, p35, p37, p0, p1, p3, p4]
debug_merge_point(0, 0, '144<main.rpyeffect:136([method_Emit_0@[mcore:[#63]#272]#274])>+4: {"op": "New". "out": 0. "targets": [143]. "args": {"any": [0. 1]}}')
debug_merge_point(0, 0, '144<main.rpyeffect:136([method_Emit_0@[mcore:[#63]#272]#274])>+5: {"op": "Return". "args": {"any": [0]}}')
+668: p58 = getfield_gc_r(p53, descr=<FieldP rpyeffect.stored_environment.Stack__2.inst_values_ptr_0 32 pure>)
+672: p59 = getfield_gc_r(p53, descr=<FieldP rpyeffect.stored_environment.Stack__2.inst_values_ptr_1 40 pure>)
+676: p60 = getfield_gc_r(p53, descr=<FieldP rpyeffect.stored_environment.Stack__arb.inst_tail 8 pure>)
+680: guard_nonnull(p60, descr=<Guard0x1285fdc40>) [p2, p7, p9, p11, p13, p15, p17, p19, p21, p23, p25, p27, p29, p31, p33, p35, p37, p0, p1, p3, p4]
+688: i61 = getfield_gc_i(p60, descr=<FieldS rpyeffect.stored_environment.Stack__arb.inst_target 16 pure>)
+692: guard_value(i61, 173, descr=<Guard0x1285fdc70>) [p2, p7, p9, p11, p13, p15, p17, p19, p21, p23, p25, p27, p29, p31, p33, p35, p37, p0, p1, p3, p4]
debug_merge_point(0, 0, '140<main.rpyeffect:132([k@[mcore:[#60]#252]#256])>+0: {"op": "Push". "target": 139. "args": {"any": [0. 2]}}')
debug_merge_point(0, 0, '140<main.rpyeffect:132([k@[mcore:[#60]#252]#256])>+1: {"op": "Copy". "type": "any". "from": 1. "to". 0}')
debug_merge_point(0, 0, '140<main.rpyeffect:132([k@[mcore:[#60]#252]#256])>+2: {"op": "Jump". "target": 59}')
debug_merge_point(0, 0, '59<main.rpyeffect:51(Name(+_27))>+0: {"op": "New". "out": 0. "targets": [58]. "args": {"any": [0]}}')
debug_merge_point(0, 0, '59<main.rpyeffect:51(Name(+_27))>+1: {"op": "Return". "args": {"any": [0]}}')
debug_merge_point(0, 0, '139<main.rpyeffect:131([k@[k@[mcore:[#60]#252]#256]#258])>+0: {"op": "Push". "target": 138. "args": {"any": [1. 0. 2]}}')
debug_merge_point(0, 0, '139<main.rpyeffect:131([k@[k@[mcore:[#60]#252]#256]#258])>+1: {"op": "Copy". "type": "any". "from": 2. "to". 0}')
debug_merge_point(0, 0, '139<main.rpyeffect:131([k@[k@[mcore:[#60]#252]#256]#258])>+2: {"op": "Jump". "target": 68}')
debug_merge_point(0, 0, '68<main.rpyeffect:60(Name(*_30))>+0: {"op": "New". "out": 0. "targets": [67]. "args": {"any": [0]}}')
debug_merge_point(0, 0, '68<main.rpyeffect:60(Name(*_30))>+1: {"op": "Return". "args": {"any": [0]}}')
debug_merge_point(0, 0, '138<main.rpyeffect:130([k@[k@[k@[mcore:[#60]#252]#256]#258]#260])>+0: {"op": "Push". "target": 137. "args": {"any": [1. 2]}}')
debug_merge_point(0, 0, '138<main.rpyeffect:130([k@[k@[k@[mcore:[#60]#252]#256]#258]#260])>+1: {"op": "Copy". "type": "any". "from": 0. "to". 1}')
debug_merge_point(0, 0, '138<main.rpyeffect:130([k@[k@[k@[mcore:[#60]#252]#256]#258]#260])>+2: {"op": "Copy". "type": "any". "from": 3. "to". 0}')
debug_merge_point(0, 0, '138<main.rpyeffect:130([k@[k@[k@[mcore:[#60]#252]#256]#258]#260])>+3: {"op": "Invoke". "receiver": 1. "tag": Interned(apply). "args" : {"any": [0]}}')
debug_merge_point(0, 0, '67<main.rpyeffect:59([method_apply@Name(*_30)#89])>+0: {"op": "Jump". "target": 66}')
debug_merge_point(0, 0, '66<main.rpyeffect:58([mcore:[#28]#86])>+0: {"op": "PrimOp". "name": "infixMul(Int. Int): Int". "out": {"any": [0]}. "in": {"any": [1. 0]}}')
+704: i63 = getfield_gc_i(p59, descr=<FieldS rpyeffect.value.IntValue.inst_value 8 pure>)
+708: i64 = int_mul(i63, i63)
debug_merge_point(0, 0, '66<main.rpyeffect:58([mcore:[#28]#86])>+1: {"op": "Return". "args": {"any": [0]}}')
debug_merge_point(0, 0, '137<main.rpyeffect:129([#262])>+0: {"op": "Push". "target": 136. "args": {"any": [1]}}')
debug_merge_point(0, 0, '137<main.rpyeffect:129([#262])>+1: {"op": "Invoke". "receiver": 2. "tag": Interned(apply). "args" : {"any": [0]}}')
debug_merge_point(0, 0, '58<main.rpyeffect:50([method_apply@Name(+_27)#74])>+0: {"op": "Jump". "target": 57}')
debug_merge_point(0, 0, '57<main.rpyeffect:49([mcore:[#25]#71])>+0: {"op": "PrimOp". "name": "infixAdd(Int. Int): Int". "out": {"any": [0]}. "in": {"any": [1. 0]}}')
+712: i65 = getfield_gc_i(p58, descr=<FieldS rpyeffect.value.IntValue.inst_value 8 pure>)
+716: i66 = int_add(i65, i64)
debug_merge_point(0, 0, '57<main.rpyeffect:49([mcore:[#25]#71])>+1: {"op": "Return". "args": {"any": [0]}}')
debug_merge_point(0, 0, '136<main.rpyeffect:128([k@[#262]#264])>+0: {"op": "Push". "target": 135. "args": {"any": [1]}}')
debug_merge_point(0, 0, '136<main.rpyeffect:128([k@[#262]#264])>+1: {"op": "Jump". "target": 65}')
debug_merge_point(0, 0, '65<main.rpyeffect:57(Name(mod_29))>+0: {"op": "New". "out": 0. "targets": [64]. "args": {"any": [0]}}')
debug_merge_point(0, 0, '65<main.rpyeffect:57(Name(mod_29))>+1: {"op": "Return". "args": {"any": [0]}}')
debug_merge_point(0, 0, '135<main.rpyeffect:127([k@[k@[#262]#264]#266])>+0: {"op": "Const". "type": "ptr". "out": 2. "format": "int". "value": "<IntValue object at 0x1285df920>"}')
debug_merge_point(0, 0, '135<main.rpyeffect:127([k@[k@[#262]#264]#266])>+1: {"op": "Push". "target": 134. "args": {"any": [1]}}')
debug_merge_point(0, 0, '135<main.rpyeffect:127([k@[k@[#262]#264]#266])>+2: {"op": "Copy". "type": "any". "from": 0. "to". 1}')
debug_merge_point(0, 0, '135<main.rpyeffect:127([k@[k@[#262]#264]#266])>+3: {"op": "Copy". "type": "any". "from": 2. "to". 0}')
debug_merge_point(0, 0, '135<main.rpyeffect:127([k@[k@[#262]#264]#266])>+4: {"op": "Invoke". "receiver": 1. "tag": Interned(apply). "args" : {"any": [0]}}')
debug_merge_point(0, 0, '64<main.rpyeffect:56([method_apply@Name(mod_29)#84])>+0: {"op": "Jump". "target": 63}')
debug_merge_point(0, 0, '63<main.rpyeffect:55([mcore:[#27]#81])>+0: {"op": "PrimOp". "name": "mod(Int. Int): Int". "out": {"any": [0]}. "in": {"any": [1. 0]}}')
+720: i68 = int_rshift(i66, 63)
+728: i69 = int_xor(i66, i68)
+732: i71 = uint_mul_high(i69, -9086255505087856445)
+752: i73 = uint_rshift(i71, 9)
+760: i74 = int_xor(i73, i68)
+764: i76 = int_mul(i74, 1009)
+772: i77 = int_sub(i66, i76)
debug_merge_point(0, 0, '63<main.rpyeffect:55([mcore:[#27]#81])>+1: {"op": "Return". "args": {"any": [0]}}')
debug_merge_point(0, 0, '134<main.rpyeffect:126([k@[k@[k@[#262]#264]#266]#270])>+0: {"op": "Invoke". "receiver": 1. "tag": Interned(apply). "args" : {"any": [0]}}')
debug_merge_point(0, 0, '143<main.rpyeffect:135([#282])>+0: {"op": "Jump". "target": 141}')
debug_merge_point(0, 0, '141<main.rpyeffect:133([mcore:[#60]#252])>+0: {"op": "Construct". "out": 3. "type": Interned({"op": "eff$Tuple". "elements": []}). "tag": Interned({"op": "eff$Tuple". "elements": []}). "args": {"any": []}}')
debug_merge_point(0, 0, '141<main.rpyeffect:133([mcore:[#60]#252])>+1: {"op": "Push". "target": 140. "args": {"any": [0. 1]}}')
debug_merge_point(0, 0, '141<main.rpyeffect:133([mcore:[#60]#252])>+2: {"op": "Copy". "type": "any". "from": 3. "to". 0}')
debug_merge_point(0, 0, '141<main.rpyeffect:133([mcore:[#60]#252])>+3: {"op": "Copy". "type": "any". "from": 2. "to". 1}')
debug_merge_point(0, 0, '141<main.rpyeffect:133([mcore:[#60]#252])>+4: {"op": "Jump". "target": 133}')
debug_merge_point(0, 0, '133<main.rpyeffect:125(Name(k_105))>+0: {"op": "PushStack". "arg": 1}')
debug_merge_point(0, 0, '133<main.rpyeffect:125(Name(k_105))>+1: {"op": "Return". "args": {"any": [0]}}')
debug_merge_point(0, 0, '91<main.rpyeffect:83([k@[switch case for Bool(false)#120]#128])>+0: {"op": "Push". "target": 90. "args": {"any": [1]}}')
debug_merge_point(0, 0, '91<main.rpyeffect:83([k@[switch case for Bool(false)#120]#128])>+1: {"op": "Copy". "type": "any". "from": 2. "to". 0}')
debug_merge_point(0, 0, '91<main.rpyeffect:83([k@[switch case for Bool(false)#120]#128])>+2: {"op": "Jump". "target": 59}')
debug_merge_point(0, 0, '59<main.rpyeffect:51(Name(+_27))>+0: {"op": "New". "out": 0. "targets": [58]. "args": {"any": [0]}}')
debug_merge_point(0, 0, '59<main.rpyeffect:51(Name(+_27))>+1: {"op": "Return". "args": {"any": [0]}}')
debug_merge_point(0, 0, '90<main.rpyeffect:82([#130])>+0: {"op": "Const". "type": "ptr". "out": 2. "format": "int". "value": "<IntValue object at 0x1285df6f0>"}')
debug_merge_point(0, 0, '90<main.rpyeffect:82([#130])>+1: {"op": "Push". "target": 89. "args": {"any": [1]}}')
debug_merge_point(0, 0, '90<main.rpyeffect:82([#130])>+2: {"op": "Copy". "type": "any". "from": 0. "to". 1}')
debug_merge_point(0, 0, '90<main.rpyeffect:82([#130])>+3: {"op": "Copy". "type": "any". "from": 2. "to". 0}')
debug_merge_point(0, 0, '90<main.rpyeffect:82([#130])>+4: {"op": "Invoke". "receiver": 1. "tag": Interned(apply). "args" : {"any": [0]}}')
debug_merge_point(0, 0, '58<main.rpyeffect:50([method_apply@Name(+_27)#74])>+0: {"op": "Jump". "target": 57}')
debug_merge_point(0, 0, '57<main.rpyeffect:49([mcore:[#25]#71])>+0: {"op": "PrimOp". "name": "infixAdd(Int. Int): Int". "out": {"any": [0]}. "in": {"any": [1. 0]}}')
+776: i79 = int_add(i42, 1)
debug_merge_point(0, 0, '57<main.rpyeffect:49([mcore:[#25]#71])>+1: {"op": "Return". "args": {"any": [0]}}')
debug_merge_point(0, 0, '89<main.rpyeffect:81([k@[#130]#134])>+0: {"op": "Const". "type": "ptr". "out": 2. "format": "string". "value": "Name(Emit_0)"}')
debug_merge_point(0, 0, '89<main.rpyeffect:81([k@[#130]#134])>+1: {"op": "PrimOp". "name": "getGlobal(String): Ptr". "out": {"any": [2]}. "in": {"any": [2]}}')
debug_merge_point(0, 0, '89<main.rpyeffect:81([k@[#130]#134])>+2: {"op": "Swap". "type": "any". "a": 2. "b". 1}')
debug_merge_point(0, 0, '89<main.rpyeffect:81([k@[#130]#134])>+3: {"op": "Jump". "target": 97}')
debug_merge_point(0, 0, '97<main.rpyeffect:89(Name(go_50))>+0: {"op": "Push". "target": 96. "args": {"any": [2. 0]}}')
+780: label(p0, p1, p2, p60, i77, p7, p54, p55, p4, i79, p11, p15, p17, p19, p21, p23, p25, p27, p29, p31, p33, p35, p37, i43, i42, descr=TargetToken(4972294432))
debug_merge_point(0, 0, '97<main.rpyeffect:89(Name(go_50))>+0: {"op": "Push". "target": 96. "args": {"any": [2. 0]}}')
+800: guard_not_invalidated(descr=<Guard0x1285dae78>) [p2, p11, p15, p17, p19, p21, p23, p25, p27, p29, p31, p33, p35, p37, p0, p1, p4, i77, p7, p60, p55, p54, i79]
debug_merge_point(0, 0, '97<main.rpyeffect:89(Name(go_50))>+1: {"op": "Jump". "target": 16}')
debug_merge_point(0, 0, '16<main.rpyeffect:8(Name(>_2))>+0: {"op": "New". "out": 0. "targets": [15]. "args": {"any": [0]}}')
debug_merge_point(0, 0, '16<main.rpyeffect:8(Name(>_2))>+1: {"op": "Return". "args": {"any": [0]}}')
debug_merge_point(0, 0, '96<main.rpyeffect:88([k@Name(go_50)#114])>+0: {"op": "Push". "target": 95. "args": {"any": [1. 2]}}')
debug_merge_point(0, 0, '96<main.rpyeffect:88([k@Name(go_50)#114])>+1: {"op": "Swap". "type": "any". "a": 0. "b". 1}')
debug_merge_point(0, 0, '96<main.rpyeffect:88([k@Name(go_50)#114])>+2: {"op": "Invoke". "receiver": 1. "tag": Interned(apply). "args" : {"any": [0]}}')
debug_merge_point(0, 0, '15<main.rpyeffect:7([method_apply@Name(>_2)#16])>+0: {"op": "Jump". "target": 14}')
debug_merge_point(0, 0, '14<main.rpyeffect:6([mcore:[#15]#13])>+0: {"op": "PrimOp". "name": "infixGt(Any. Any): Bool". "out": {"any": [0]}. "in": {"any": [1. 0]}}')
+804: i80 = int_eq(i79, i43)
guard_false(i80, descr=<Guard0x12861f280>) [p2, p11, p15, p17, p19, p21, p23, p25, p27, p29, p31, p33, p35, p37, p0, p1, p4, i77, p7, p60, p55, p54, i79]
+812: i81 = int_lt(i79, i43)
guard_true(i81, descr=<Guard0x12861f250>) [p2, p11, p15, p17, p19, p21, p23, p25, p27, p29, p31, p33, p35, p37, p0, p1, p4, i77, p7, p60, p55, p54, i79]
debug_merge_point(0, 0, '14<main.rpyeffect:6([mcore:[#15]#13])>+1: {"op": "Return". "args": {"any": [0]}}')
debug_merge_point(0, 0, '95<main.rpyeffect:87([k@[k@Name(go_50)#114]#116])>+0: {"op": "Switch". "scrutinee": 0. "values": [<BoolValue object at 0x1285df5e0>]. "targets": [88]. "default": 94}')
debug_merge_point(0, 0, '94<main.rpyeffect:86([switch default case#119])>+0: {"op": "Swap". "type": "any". "a": 0. "b". 1}')
debug_merge_point(0, 0, '94<main.rpyeffect:86([switch default case#119])>+1: {"op": "Swap". "type": "any". "a": 2. "b". 1}')
debug_merge_point(0, 0, '94<main.rpyeffect:86([switch default case#119])>+2: {"op": "Switch". "scrutinee": 2. "values": [<BoolValue object at 0x1285df5f0>]. "targets": [92]. "default": 93}')
debug_merge_point(0, 0, '92<main.rpyeffect:84([switch case for Bool(false)#120])>+0: {"op": "Const". "type": "ptr". "out": 2. "format": "int". "value": "<IntValue object at 0x1285df6a0>"}')
debug_merge_point(0, 0, '92<main.rpyeffect:84([switch case for Bool(false)#120])>+1: {"op": "Const". "type": "ptr". "out": 3. "format": "string". "value": "Name(Emit_0)"}')
debug_merge_point(0, 0, '92<main.rpyeffect:84([switch case for Bool(false)#120])>+2: {"op": "PrimOp". "name": "getGlobal(String): Ptr". "out": {"any": [3]}. "in": {"any": [3]}}')
debug_merge_point(0, 0, '92<main.rpyeffect:84([switch case for Bool(false)#120])>+3: {"op": "GetDynamic". "out": 2. "n": 2. "label": 3}')
debug_merge_point(0, 0, '92<main.rpyeffect:84([switch case for Bool(false)#120])>+4: {"op": "Push". "target": 91. "args": {"any": [0. 1]}}')
debug_merge_point(0, 0, '92<main.rpyeffect:84([switch case for Bool(false)#120])>+5: {"op": "Copy". "type": "any". "from": 1. "to". 0}')
debug_merge_point(0, 0, '92<main.rpyeffect:84([switch case for Bool(false)#120])>+6: {"op": "Invoke". "receiver": 2. "tag": Interned(Emit_0). "args" : {"any": [0]}}')
debug_merge_point(0, 0, '144<main.rpyeffect:136([method_Emit_0@[mcore:[#63]#272]#274])>+0: {"op": "Const". "type": "ptr". "out": 1. "format": "int". "value": "<IntValue object at 0x1286003d0>"}')
debug_merge_point(0, 0, '144<main.rpyeffect:136([method_Emit_0@[mcore:[#63]#272]#274])>+1: {"op": "Const". "type": "ptr". "out": 2. "format": "string". "value": "Name(Emit_0)"}')
debug_merge_point(0, 0, '144<main.rpyeffect:136([method_Emit_0@[mcore:[#63]#272]#274])>+2: {"op": "PrimOp". "name": "getGlobal(String): Ptr". "out": {"any": [2]}. "in": {"any": [2]}}')
debug_merge_point(0, 0, '144<main.rpyeffect:136([method_Emit_0@[mcore:[#63]#272]#274])>+3: {"op": "ShiftDyn". "out": 1. "n": 1. "label": 2}')
debug_merge_point(0, 0, '144<main.rpyeffect:136([method_Emit_0@[mcore:[#63]#272]#274])>+4: {"op": "New". "out": 0. "targets": [143]. "args": {"any": [0. 1]}}')
debug_merge_point(0, 0, '144<main.rpyeffect:136([method_Emit_0@[mcore:[#63]#272]#274])>+5: {"op": "Return". "args": {"any": [0]}}')
debug_merge_point(0, 0, '140<main.rpyeffect:132([k@[mcore:[#60]#252]#256])>+0: {"op": "Push". "target": 139. "args": {"any": [0. 2]}}')
debug_merge_point(0, 0, '140<main.rpyeffect:132([k@[mcore:[#60]#252]#256])>+1: {"op": "Copy". "type": "any". "from": 1. "to". 0}')
debug_merge_point(0, 0, '140<main.rpyeffect:132([k@[mcore:[#60]#252]#256])>+2: {"op": "Jump". "target": 59}')
debug_merge_point(0, 0, '59<main.rpyeffect:51(Name(+_27))>+0: {"op": "New". "out": 0. "targets": [58]. "args": {"any": [0]}}')
debug_merge_point(0, 0, '59<main.rpyeffect:51(Name(+_27))>+1: {"op": "Return". "args": {"any": [0]}}')
debug_merge_point(0, 0, '139<main.rpyeffect:131([k@[k@[mcore:[#60]#252]#256]#258])>+0: {"op": "Push". "target": 138. "args": {"any": [1. 0. 2]}}')
debug_merge_point(0, 0, '139<main.rpyeffect:131([k@[k@[mcore:[#60]#252]#256]#258])>+1: {"op": "Copy". "type": "any". "from": 2. "to". 0}')
debug_merge_point(0, 0, '139<main.rpyeffect:131([k@[k@[mcore:[#60]#252]#256]#258])>+2: {"op": "Jump". "target": 68}')
debug_merge_point(0, 0, '68<main.rpyeffect:60(Name(*_30))>+0: {"op": "New". "out": 0. "targets": [67]. "args": {"any": [0]}}')
debug_merge_point(0, 0, '68<main.rpyeffect:60(Name(*_30))>+1: {"op": "Return". "args": {"any": [0]}}')
debug_merge_point(0, 0, '138<main.rpyeffect:130([k@[k@[k@[mcore:[#60]#252]#256]#258]#260])>+0: {"op": "Push". "target": 137. "args": {"any": [1. 2]}}')
debug_merge_point(0, 0, '138<main.rpyeffect:130([k@[k@[k@[mcore:[#60]#252]#256]#258]#260])>+1: {"op": "Copy". "type": "any". "from": 0. "to". 1}')
debug_merge_point(0, 0, '138<main.rpyeffect:130([k@[k@[k@[mcore:[#60]#252]#256]#258]#260])>+2: {"op": "Copy". "type": "any". "from": 3. "to". 0}')
debug_merge_point(0, 0, '138<main.rpyeffect:130([k@[k@[k@[mcore:[#60]#252]#256]#258]#260])>+3: {"op": "Invoke". "receiver": 1. "tag": Interned(apply). "args" : {"any": [0]}}')
debug_merge_point(0, 0, '67<main.rpyeffect:59([method_apply@Name(*_30)#89])>+0: {"op": "Jump". "target": 66}')
debug_merge_point(0, 0, '66<main.rpyeffect:58([mcore:[#28]#86])>+0: {"op": "PrimOp". "name": "infixMul(Int. Int): Int". "out": {"any": [0]}. "in": {"any": [1. 0]}}')
+820: i82 = int_mul(i42, i42)
debug_merge_point(0, 0, '66<main.rpyeffect:58([mcore:[#28]#86])>+1: {"op": "Return". "args": {"any": [0]}}')
debug_merge_point(0, 0, '137<main.rpyeffect:129([#262])>+0: {"op": "Push". "target": 136. "args": {"any": [1]}}')
debug_merge_point(0, 0, '137<main.rpyeffect:129([#262])>+1: {"op": "Invoke". "receiver": 2. "tag": Interned(apply). "args" : {"any": [0]}}')
debug_merge_point(0, 0, '58<main.rpyeffect:50([method_apply@Name(+_27)#74])>+0: {"op": "Jump". "target": 57}')
debug_merge_point(0, 0, '57<main.rpyeffect:49([mcore:[#25]#71])>+0: {"op": "PrimOp". "name": "infixAdd(Int. Int): Int". "out": {"any": [0]}. "in": {"any": [1. 0]}}')
+824: i83 = int_add(i77, i82)
debug_merge_point(0, 0, '57<main.rpyeffect:49([mcore:[#25]#71])>+1: {"op": "Return". "args": {"any": [0]}}')
debug_merge_point(0, 0, '136<main.rpyeffect:128([k@[#262]#264])>+0: {"op": "Push". "target": 135. "args": {"any": [1]}}')
debug_merge_point(0, 0, '136<main.rpyeffect:128([k@[#262]#264])>+1: {"op": "Jump". "target": 65}')
debug_merge_point(0, 0, '65<main.rpyeffect:57(Name(mod_29))>+0: {"op": "New". "out": 0. "targets": [64]. "args": {"any": [0]}}')
debug_merge_point(0, 0, '65<main.rpyeffect:57(Name(mod_29))>+1: {"op": "Return". "args": {"any": [0]}}')
debug_merge_point(0, 0, '135<main.rpyeffect:127([k@[k@[#262]#264]#266])>+0: {"op": "Const". "type": "ptr". "out": 2. "format": "int". "value": "<IntValue object at 0x1285df920>"}')
debug_merge_point(0, 0, '135<main.rpyeffect:127([k@[k@[#262]#264]#266])>+1: {"op": "Push". "target": 134. "args": {"any": [1]}}')
debug_merge_point(0, 0, '135<main.rpyeffect:127([k@[k@[#262]#264]#266])>+2: {"op": "Copy". "type": "any". "from": 0. "to". 1}')
debug_merge_point(0, 0, '135<main.rpyeffect:127([k@[k@[#262]#264]#266])>+3: {"op": "Copy". "type": "any". "from": 2. "to". 0}')
debug_merge_point(0, 0, '135<main.rpyeffect:127([k@[k@[#262]#264]#266])>+4: {"op": "Invoke". "receiver": 1. "tag": Interned(apply). "args" : {"any": [0]}}')
debug_merge_point(0, 0, '64<main.rpyeffect:56([method_apply@Name(mod_29)#84])>+0: {"op": "Jump". "target": 63}')
debug_merge_point(0, 0, '63<main.rpyeffect:55([mcore:[#27]#81])>+0: {"op": "PrimOp". "name": "mod(Int. Int): Int". "out": {"any": [0]}. "in": {"any": [1. 0]}}')
+828: i85 = int_rshift(i83, 63)
+836: i86 = int_xor(i83, i85)
+840: i88 = uint_mul_high(i86, -9086255505087856445)
+860: i90 = uint_rshift(i88, 9)
+868: i91 = int_xor(i90, i85)
+872: i93 = int_mul(i91, 1009)
+880: i94 = int_sub(i83, i93)
debug_merge_point(0, 0, '63<main.rpyeffect:55([mcore:[#27]#81])>+1: {"op": "Return". "args": {"any": [0]}}')
debug_merge_point(0, 0, '134<main.rpyeffect:126([k@[k@[k@[#262]#264]#266]#270])>+0: {"op": "Invoke". "receiver": 1. "tag": Interned(apply). "args" : {"any": [0]}}')
debug_merge_point(0, 0, '143<main.rpyeffect:135([#282])>+0: {"op": "Jump". "target": 141}')
debug_merge_point(0, 0, '141<main.rpyeffect:133([mcore:[#60]#252])>+0: {"op": "Construct". "out": 3. "type": Interned({"op": "eff$Tuple". "elements": []}). "tag": Interned({"op": "eff$Tuple". "elements": []}). "args": {"any": []}}')
debug_merge_point(0, 0, '141<main.rpyeffect:133([mcore:[#60]#252])>+1: {"op": "Push". "target": 140. "args": {"any": [0. 1]}}')
debug_merge_point(0, 0, '141<main.rpyeffect:133([mcore:[#60]#252])>+2: {"op": "Copy". "type": "any". "from": 3. "to". 0}')
debug_merge_point(0, 0, '141<main.rpyeffect:133([mcore:[#60]#252])>+3: {"op": "Copy". "type": "any". "from": 2. "to". 1}')
debug_merge_point(0, 0, '141<main.rpyeffect:133([mcore:[#60]#252])>+4: {"op": "Jump". "target": 133}')
debug_merge_point(0, 0, '133<main.rpyeffect:125(Name(k_105))>+0: {"op": "PushStack". "arg": 1}')
debug_merge_point(0, 0, '133<main.rpyeffect:125(Name(k_105))>+1: {"op": "Return". "args": {"any": [0]}}')
debug_merge_point(0, 0, '91<main.rpyeffect:83([k@[switch case for Bool(false)#120]#128])>+0: {"op": "Push". "target": 90. "args": {"any": [1]}}')
debug_merge_point(0, 0, '91<main.rpyeffect:83([k@[switch case for Bool(false)#120]#128])>+1: {"op": "Copy". "type": "any". "from": 2. "to". 0}')
debug_merge_point(0, 0, '91<main.rpyeffect:83([k@[switch case for Bool(false)#120]#128])>+2: {"op": "Jump". "target": 59}')
debug_merge_point(0, 0, '59<main.rpyeffect:51(Name(+_27))>+0: {"op": "New". "out": 0. "targets": [58]. "args": {"any": [0]}}')
debug_merge_point(0, 0, '59<main.rpyeffect:51(Name(+_27))>+1: {"op": "Return". "args": {"any": [0]}}')
debug_merge_point(0, 0, '90<main.rpyeffect:82([#130])>+0: {"op": "Const". "type": "ptr". "out": 2. "format": "int". "value": "<IntValue object at 0x1285df6f0>"}')
debug_merge_point(0, 0, '90<main.rpyeffect:82([#130])>+1: {"op": "Push". "target": 89. "args": {"any": [1]}}')
debug_merge_point(0, 0, '90<main.rpyeffect:82([#130])>+2: {"op": "Copy". "type": "any". "from": 0. "to". 1}')
debug_merge_point(0, 0, '90<main.rpyeffect:82([#130])>+3: {"op": "Copy". "type": "any". "from": 2. "to". 0}')
debug_merge_point(0, 0, '90<main.rpyeffect:82([#130])>+4: {"op": "Invoke". "receiver": 1. "tag": Interned(apply). "args" : {"any": [0]}}')
debug_merge_point(0, 0, '58<main.rpyeffect:50([method_apply@Name(+_27)#74])>+0: {"op": "Jump". "target": 57}')
debug_merge_point(0, 0, '57<main.rpyeffect:49([mcore:[#25]#71])>+0: {"op": "PrimOp". "name": "infixAdd(Int. Int): Int". "out": {"any": [0]}. "in": {"any": [1. 0]}}')
+884: i96 = int_add(i79, 1)
debug_merge_point(0, 0, '57<main.rpyeffect:49([mcore:[#25]#71])>+1: {"op": "Return". "args": {"any": [0]}}')
debug_merge_point(0, 0, '89<main.rpyeffect:81([k@[#130]#134])>+0: {"op": "Const". "type": "ptr". "out": 2. "format": "string". "value": "Name(Emit_0)"}')
debug_merge_point(0, 0, '89<main.rpyeffect:81([k@[#130]#134])>+1: {"op": "PrimOp". "name": "getGlobal(String): Ptr". "out": {"any": [2]}. "in": {"any": [2]}}')
debug_merge_point(0, 0, '89<main.rpyeffect:81([k@[#130]#134])>+2: {"op": "Swap". "type": "any". "a": 2. "b". 1}')
debug_merge_point(0, 0, '89<main.rpyeffect:81([k@[#130]#134])>+3: {"op": "Jump". "target": 97}')
debug_merge_point(0, 0, '97<main.rpyeffect:89(Name(go_50))>+0: {"op": "Push". "target": 96. "args": {"any": [2. 0]}}')
+888: p97 = new_with_vtable(descr=<SizeDescr 16>)
+996: setfield_gc(p97, i79, descr=<FieldS rpyeffect.value.IntValue.inst_value 8 pure>)
+1000: i99 = int_le(i79, 9223372036854775806)
guard_true(i99, descr=<Guard0x1285dad58>) [p2, p11, p15, p17, p19, p21, p23, p25, p27, p29, p31, p33, p35, p37, p0, p1, p4, i94, p97, i96, None, None, p60, p55, p54, None]
+1024: jump(p0, p1, p2, p60, i94, p97, p54, p55, p4, i96, p11, p15, p17, p19, p21, p23, p25, p27, p29, p31, p33, p35, p37, i43, i79, descr=TargetToken(4972294432))
+1044: --end of the loop--
[ba5e73] jit-log-opt-loop}
[c4f6bd5] {jit-log-opt-loop
# Loop 2 (16<main.rpyeffect:8(Name(>_2))>+0: {"op": "New", "out": 0, "targets": [15], "args": {"any": [0]}}) : loop with 241 ops
[p0, p1, p2, p3, p4]
+344: p5 = getfield_gc_r(p2, descr=<FieldP rpyeffect.environment.Environment.inst_values_ptr 16>)
+352: p7 = getarrayitem_gc_r(p5, 0, descr=<ArrayP 8>)
+356: p9 = getarrayitem_gc_r(p5, 1, descr=<ArrayP 8>)
+360: p11 = getarrayitem_gc_r(p5, 2, descr=<ArrayP 8>)
+364: p13 = getarrayitem_gc_r(p5, 3, descr=<ArrayP 8>)
+368: p15 = getarrayitem_gc_r(p5, 4, descr=<ArrayP 8>)
+372: p17 = getarrayitem_gc_r(p5, 5, descr=<ArrayP 8>)
+376: p19 = getarrayitem_gc_r(p5, 6, descr=<ArrayP 8>)
+380: p21 = getarrayitem_gc_r(p5, 7, descr=<ArrayP 8>)
+384: p23 = getarrayitem_gc_r(p5, 8, descr=<ArrayP 8>)
+388: p25 = getarrayitem_gc_r(p5, 9, descr=<ArrayP 8>)
+392: p27 = getarrayitem_gc_r(p5, 10, descr=<ArrayP 8>)
+396: p29 = getarrayitem_gc_r(p5, 11, descr=<ArrayP 8>)
+400: p31 = getarrayitem_gc_r(p5, 12, descr=<ArrayP 8>)
+404: p33 = getarrayitem_gc_r(p5, 13, descr=<ArrayP 8>)
+408: p35 = getarrayitem_gc_r(p5, 14, descr=<ArrayP 8>)
+412: p37 = getarrayitem_gc_r(p5, 15, descr=<ArrayP 8>)
+416: label(p0, p1, p2, p3, p4, p7, p9, p11, p13, p15, p17, p19, p21, p23, p25, p27, p29, p31, p33, p35, p37, descr=TargetToken(4972296480))
debug_merge_point(0, 0, '16<main.rpyeffect:8(Name(>_2))>+0: {"op": "New". "out": 0. "targets": [15]. "args": {"any": [0]}}')
+476: guard_not_invalidated(descr=<Guard0x1285db028>) [p2, p7, p9, p11, p13, p15, p17, p19, p21, p23, p25, p27, p29, p31, p33, p35, p37, p0, p1, p3, p4]
debug_merge_point(0, 0, '16<main.rpyeffect:8(Name(>_2))>+1: {"op": "Return". "args": {"any": [0]}}')
+480: guard_nonnull(p1, descr=<Guard0x128644260>) [p2, p7, p9, p11, p13, p15, p17, p19, p21, p23, p25, p27, p29, p31, p33, p35, p37, p0, p1, p3, p4]
+492: i38 = getfield_gc_i(p1, descr=<FieldS rpyeffect.stored_environment.Stack__arb.inst_target 16 pure>)
+500: guard_value(i38, 96, descr=<Guard0x128644290>) [p2, p7, p9, p11, p13, p15, p17, p19, p21, p23, p25, p27, p29, p31, p33, p35, p37, p0, p1, p3, p4]
+512: p40 = getfield_gc_r(p1, descr=<FieldP rpyeffect.stored_environment.Stack__2.inst_values_ptr_0 32 pure>)
+516: p41 = getfield_gc_r(p1, descr=<FieldP rpyeffect.stored_environment.Stack__2.inst_values_ptr_1 40 pure>)
+520: p42 = getfield_gc_r(p1, descr=<FieldP rpyeffect.stored_environment.Stack__arb.inst_tail 8 pure>)
+524: guard_nonnull(p42, descr=<Guard0x1286442c0>) [p2, p7, p9, p11, p13, p15, p17, p19, p21, p23, p25, p27, p29, p31, p33, p35, p37, p0, p1, p3, p4]
+532: i43 = getfield_gc_i(p42, descr=<FieldS rpyeffect.stored_environment.Stack__arb.inst_target 16 pure>)
+536: guard_value(i43, 110, descr=<Guard0x1286442f0>) [p2, p7, p9, p11, p13, p15, p17, p19, p21, p23, p25, p27, p29, p31, p33, p35, p37, p0, p1, p3, p4]
debug_merge_point(0, 0, '96<main.rpyeffect:88([k@Name(go_50)#114])>+0: {"op": "Push". "target": 95. "args": {"any": [1. 2]}}')
debug_merge_point(0, 0, '96<main.rpyeffect:88([k@Name(go_50)#114])>+1: {"op": "Swap". "type": "any". "a": 0. "b". 1}')
debug_merge_point(0, 0, '96<main.rpyeffect:88([k@Name(go_50)#114])>+2: {"op": "Invoke". "receiver": 1. "tag": Interned(apply). "args" : {"any": [0]}}')
debug_merge_point(0, 0, '15<main.rpyeffect:7([method_apply@Name(>_2)#16])>+0: {"op": "Jump". "target": 14}')
debug_merge_point(0, 0, '14<main.rpyeffect:6([mcore:[#15]#13])>+0: {"op": "PrimOp". "name": "infixGt(Any. Any): Bool". "out": {"any": [0]}. "in": {"any": [1. 0]}}')
+548: guard_class(p7, ConstClass(IntValue), descr=<Guard0x128644320>) [p2, p7, p9, p11, p13, p15, p17, p19, p21, p23, p25, p27, p29, p31, p33, p35, p37, p0, p1, p3, p4]
+564: guard_nonnull_class(p40, ConstClass(IntValue), descr=<Guard0x1285db070>) [p2, p7, p9, p11, p13, p15, p17, p19, p21, p23, p25, p27, p29, p31, p33, p35, p37, p0, p1, p3, p4]
+588: i47 = getfield_gc_i(p7, descr=<FieldS rpyeffect.value.IntValue.inst_value 8 pure>)
+592: i48 = getfield_gc_i(p40, descr=<FieldS rpyeffect.value.IntValue.inst_value 8 pure>)
+596: i49 = int_eq(i47, i48)
guard_false(i49, descr=<Guard0x128644350>) [p2, p7, p9, p11, p13, p15, p17, p19, p21, p23, p25, p27, p29, p31, p33, p35, p37, p0, p1, p3, p4]
+604: i50 = int_lt(i47, i48)
guard_true(i50, descr=<Guard0x128644380>) [p2, p7, p9, p11, p13, p15, p17, p19, p21, p23, p25, p27, p29, p31, p33, p35, p37, p0, p1, p3, p4]
debug_merge_point(0, 0, '14<main.rpyeffect:6([mcore:[#15]#13])>+1: {"op": "Return". "args": {"any": [0]}}')
debug_merge_point(0, 0, '95<main.rpyeffect:87([k@[k@Name(go_50)#114]#116])>+0: {"op": "Switch". "scrutinee": 0. "values": [<BoolValue object at 0x1285df5e0>]. "targets": [88]. "default": 94}')
debug_merge_point(0, 0, '94<main.rpyeffect:86([switch default case#119])>+0: {"op": "Swap". "type": "any". "a": 0. "b". 1}')
debug_merge_point(0, 0, '94<main.rpyeffect:86([switch default case#119])>+1: {"op": "Swap". "type": "any". "a": 2. "b". 1}')
debug_merge_point(0, 0, '94<main.rpyeffect:86([switch default case#119])>+2: {"op": "Switch". "scrutinee": 2. "values": [<BoolValue object at 0x1285df5f0>]. "targets": [92]. "default": 93}')
debug_merge_point(0, 0, '92<main.rpyeffect:84([switch case for Bool(false)#120])>+0: {"op": "Const". "type": "ptr". "out": 2. "format": "int". "value": "<IntValue object at 0x1285df6a0>"}')
debug_merge_point(0, 0, '92<main.rpyeffect:84([switch case for Bool(false)#120])>+1: {"op": "Const". "type": "ptr". "out": 3. "format": "string". "value": "Name(Emit_0)"}')
debug_merge_point(0, 0, '92<main.rpyeffect:84([switch case for Bool(false)#120])>+2: {"op": "PrimOp". "name": "getGlobal(String): Ptr". "out": {"any": [3]}. "in": {"any": [3]}}')
debug_merge_point(0, 0, '92<main.rpyeffect:84([switch case for Bool(false)#120])>+3: {"op": "GetDynamic". "out": 2. "n": 2. "label": 3}')
+616: i52 = instance_ptr_eq(p4, ConstPtr(ptr51))
guard_false(i52, descr=<Guard0x1286443b0>) [p2, p7, p9, p11, p13, p15, p17, p19, p21, p23, p25, p27, p29, p31, p33, p35, p37, p0, p1, p3, p4]
+632: i54 = instance_ptr_eq(p0, ConstPtr(ptr53))
guard_true(i54, descr=<Guard0x1286443e0>) [p2, p7, p9, p11, p13, p15, p17, p19, p21, p23, p25, p27, p29, p31, p33, p35, p37, p0, p1, p3, p4]
debug_merge_point(0, 0, '92<main.rpyeffect:84([switch case for Bool(false)#120])>+4: {"op": "Push". "target": 91. "args": {"any": [0. 1]}}')
debug_merge_point(0, 0, '92<main.rpyeffect:84([switch case for Bool(false)#120])>+5: {"op": "Copy". "type": "any". "from": 1. "to". 0}')
debug_merge_point(0, 0, '92<main.rpyeffect:84([switch case for Bool(false)#120])>+6: {"op": "Invoke". "receiver": 2. "tag": Interned(Emit_0). "args" : {"any": [0]}}')
+644: p55 = getfield_gc_r(p4, descr=<FieldP rpyeffect.codata.CoData.inst_vtable 8 pure>)
+652: guard_value(p55, ConstPtr(ptr56), descr=<Guard0x128644410>) [p2, p7, p9, p11, p13, p15, p17, p19, p21, p23, p25, p27, p29, p31, p33, p35, p37, p0, p1, p3, p4]
debug_merge_point(0, 0, '108<main.rpyeffect:100([method_Emit_0@[mcore:[#42]#162]#164])>+0: {"op": "Const". "type": "ptr". "out": 1. "format": "int". "value": "<IntValue object at 0x1285df400>"}')
debug_merge_point(0, 0, '108<main.rpyeffect:100([method_Emit_0@[mcore:[#42]#162]#164])>+1: {"op": "Const". "type": "ptr". "out": 2. "format": "string". "value": "Name(Emit_0)"}')
debug_merge_point(0, 0, '108<main.rpyeffect:100([method_Emit_0@[mcore:[#42]#162]#164])>+2: {"op": "PrimOp". "name": "getGlobal(String): Ptr". "out": {"any": [2]}. "in": {"any": [2]}}')
debug_merge_point(0, 0, '108<main.rpyeffect:100([method_Emit_0@[mcore:[#42]#162]#164])>+3: {"op": "ShiftDyn". "out": 1. "n": 1. "label": 2}')
+660: guard_nonnull_class(p3, 4311459744, descr=<Guard0x1285db0b8>) [p2, p7, p9, p11, p13, p15, p17, p19, p21, p23, p25, p27, p29, p31, p33, p35, p37, p0, p1, p3, p4]
+688: p58 = getfield_gc_r(p3, descr=<FieldP rpyeffect.stack.MetaStackLike.inst_stack 8 pure>)
+692: p59 = getfield_gc_r(p3, descr=<FieldP rpyeffect.stack.MetaStack.inst_label 16 pure>)
+696: p60 = getfield_gc_r(p3, descr=<FieldP rpyeffect.stack.MetaStack.inst_tail 32 pure>)
+700: guard_nonnull(p58, descr=<Guard0x128644440>) [p2, p7, p9, p11, p13, p15, p17, p19, p21, p23, p25, p27, p29, p31, p33, p35, p37, p0, p1, p3, p4]
+708: i61 = getfield_gc_i(p58, descr=<FieldS rpyeffect.stored_environment.Stack__arb.inst_target 16 pure>)
+712: guard_value(i61, 104, descr=<Guard0x128644470>) [p2, p7, p9, p11, p13, p15, p17, p19, p21, p23, p25, p27, p29, p31, p33, p35, p37, p0, p1, p3, p4]
debug_merge_point(0, 0, '108<main.rpyeffect:100([method_Emit_0@[mcore:[#42]#162]#164])>+4: {"op": "New". "out": 0. "targets": [107]. "args": {"any": [0. 1]}}')
debug_merge_point(0, 0, '108<main.rpyeffect:100([method_Emit_0@[mcore:[#42]#162]#164])>+5: {"op": "Return". "args": {"any": [0]}}')
+724: p63 = getfield_gc_r(p58, descr=<FieldP rpyeffect.stored_environment.Stack__2.inst_values_ptr_0 32 pure>)
+728: p64 = getfield_gc_r(p58, descr=<FieldP rpyeffect.stored_environment.Stack__2.inst_values_ptr_1 40 pure>)
+732: p65 = getfield_gc_r(p58, descr=<FieldP rpyeffect.stored_environment.Stack__arb.inst_tail 8 pure>)
+736: guard_nonnull(p65, descr=<Guard0x1286444a0>) [p2, p7, p9, p11, p13, p15, p17, p19, p21, p23, p25, p27, p29, p31, p33, p35, p37, p0, p1, p3, p4]
+744: i66 = getfield_gc_i(p65, descr=<FieldS rpyeffect.stored_environment.Stack__arb.inst_target 16 pure>)
+748: guard_value(i66, 172, descr=<Guard0x1286444d0>) [p2, p7, p9, p11, p13, p15, p17, p19, p21, p23, p25, p27, p29, p31, p33, p35, p37, p0, p1, p3, p4]
debug_merge_point(0, 0, '104<main.rpyeffect:96([k@[mcore:[#39]#146]#150])>+0: {"op": "Push". "target": 103. "args": {"any": [0. 2]}}')
debug_merge_point(0, 0, '104<main.rpyeffect:96([k@[mcore:[#39]#146]#150])>+1: {"op": "Copy". "type": "any". "from": 1. "to". 0}')
debug_merge_point(0, 0, '104<main.rpyeffect:96([k@[mcore:[#39]#146]#150])>+2: {"op": "Jump". "target": 59}')
debug_merge_point(0, 0, '59<main.rpyeffect:51(Name(+_27))>+0: {"op": "New". "out": 0. "targets": [58]. "args": {"any": [0]}}')
debug_merge_point(0, 0, '59<main.rpyeffect:51(Name(+_27))>+1: {"op": "Return". "args": {"any": [0]}}')
debug_merge_point(0, 0, '103<main.rpyeffect:95([k@[k@[mcore:[#39]#146]#150]#152])>+0: {"op": "Push". "target": 102. "args": {"any": [1]}}')
debug_merge_point(0, 0, '103<main.rpyeffect:95([k@[k@[mcore:[#39]#146]#150]#152])>+1: {"op": "Copy". "type": "any". "from": 0. "to". 1}')
debug_merge_point(0, 0, '103<main.rpyeffect:95([k@[k@[mcore:[#39]#146]#150]#152])>+2: {"op": "Copy". "type": "any". "from": 2. "to". 0}')
debug_merge_point(0, 0, '103<main.rpyeffect:95([k@[k@[mcore:[#39]#146]#150]#152])>+3: {"op": "Invoke". "receiver": 1. "tag": Interned(apply). "args" : {"any": [0]}}')
debug_merge_point(0, 0, '58<main.rpyeffect:50([method_apply@Name(+_27)#74])>+0: {"op": "Jump". "target": 57}')
debug_merge_point(0, 0, '57<main.rpyeffect:49([mcore:[#25]#71])>+0: {"op": "PrimOp". "name": "infixAdd(Int. Int): Int". "out": {"any": [0]}. "in": {"any": [1. 0]}}')
+760: i68 = getfield_gc_i(p63, descr=<FieldS rpyeffect.value.IntValue.inst_value 8 pure>)
+764: i69 = getfield_gc_i(p64, descr=<FieldS rpyeffect.value.IntValue.inst_value 8 pure>)
+768: i70 = int_add(i68, i69)
debug_merge_point(0, 0, '57<main.rpyeffect:49([mcore:[#25]#71])>+1: {"op": "Return". "args": {"any": [0]}}')
debug_merge_point(0, 0, '102<main.rpyeffect:94([k@[k@[k@[mcore:[#39]#146]#150]#152]#154])>+0: {"op": "Push". "target": 101. "args": {"any": [1]}}')
debug_merge_point(0, 0, '102<main.rpyeffect:94([k@[k@[k@[mcore:[#39]#146]#150]#152]#154])>+1: {"op": "Jump". "target": 65}')
debug_merge_point(0, 0, '65<main.rpyeffect:57(Name(mod_29))>+0: {"op": "New". "out": 0. "targets": [64]. "args": {"any": [0]}}')
debug_merge_point(0, 0, '65<main.rpyeffect:57(Name(mod_29))>+1: {"op": "Return". "args": {"any": [0]}}')
debug_merge_point(0, 0, '101<main.rpyeffect:93([#156])>+0: {"op": "Const". "type": "ptr". "out": 2. "format": "int". "value": "<IntValue object at 0x1285df500>"}')
debug_merge_point(0, 0, '101<main.rpyeffect:93([#156])>+1: {"op": "Push". "target": 100. "args": {"any": [1]}}')
debug_merge_point(0, 0, '101<main.rpyeffect:93([#156])>+2: {"op": "Copy". "type": "any". "from": 0. "to". 1}')
debug_merge_point(0, 0, '101<main.rpyeffect:93([#156])>+3: {"op": "Copy". "type": "any". "from": 2. "to". 0}')
debug_merge_point(0, 0, '101<main.rpyeffect:93([#156])>+4: {"op": "Invoke". "receiver": 1. "tag": Interned(apply). "args" : {"any": [0]}}')
debug_merge_point(0, 0, '64<main.rpyeffect:56([method_apply@Name(mod_29)#84])>+0: {"op": "Jump". "target": 63}')
debug_merge_point(0, 0, '63<main.rpyeffect:55([mcore:[#27]#81])>+0: {"op": "PrimOp". "name": "mod(Int. Int): Int". "out": {"any": [0]}. "in": {"any": [1. 0]}}')
+772: i72 = int_rshift(i70, 63)
+780: i73 = int_xor(i70, i72)
+784: i75 = uint_mul_high(i73, -9086255505087856445)
+804: i77 = uint_rshift(i75, 9)
+812: i78 = int_xor(i77, i72)
+816: i80 = int_mul(i78, 1009)
+824: i81 = int_sub(i70, i80)
debug_merge_point(0, 0, '63<main.rpyeffect:55([mcore:[#27]#81])>+1: {"op": "Return". "args": {"any": [0]}}')
debug_merge_point(0, 0, '100<main.rpyeffect:92([k@[#156]#160])>+0: {"op": "Invoke". "receiver": 1. "tag": Interned(apply). "args" : {"any": [0]}}')
debug_merge_point(0, 0, '107<main.rpyeffect:99([#172])>+0: {"op": "Jump". "target": 105}')
debug_merge_point(0, 0, '105<main.rpyeffect:97([mcore:[#39]#146])>+0: {"op": "Construct". "out": 3. "type": Interned({"op": "eff$Tuple". "elements": []}). "tag": Interned({"op": "eff$Tuple". "elements": []}). "args": {"any": []}}')
debug_merge_point(0, 0, '105<main.rpyeffect:97([mcore:[#39]#146])>+1: {"op": "Push". "target": 104. "args": {"any": [0. 1]}}')
debug_merge_point(0, 0, '105<main.rpyeffect:97([mcore:[#39]#146])>+2: {"op": "Copy". "type": "any". "from": 3. "to". 0}')
debug_merge_point(0, 0, '105<main.rpyeffect:97([mcore:[#39]#146])>+3: {"op": "Copy". "type": "any". "from": 2. "to". 1}')
debug_merge_point(0, 0, '105<main.rpyeffect:97([mcore:[#39]#146])>+4: {"op": "Jump". "target": 99}')
debug_merge_point(0, 0, '99<main.rpyeffect:91(Name(k_71))>+0: {"op": "PushStack". "arg": 1}')
debug_merge_point(0, 0, '99<main.rpyeffect:91(Name(k_71))>+1: {"op": "Return". "args": {"any": [0]}}')
debug_merge_point(0, 0, '91<main.rpyeffect:83([k@[switch case for Bool(false)#120]#128])>+0: {"op": "Push". "target": 90. "args": {"any": [1]}}')
debug_merge_point(0, 0, '91<main.rpyeffect:83([k@[switch case for Bool(false)#120]#128])>+1: {"op": "Copy". "type": "any". "from": 2. "to". 0}')
debug_merge_point(0, 0, '91<main.rpyeffect:83([k@[switch case for Bool(false)#120]#128])>+2: {"op": "Jump". "target": 59}')
debug_merge_point(0, 0, '59<main.rpyeffect:51(Name(+_27))>+0: {"op": "New". "out": 0. "targets": [58]. "args": {"any": [0]}}')
debug_merge_point(0, 0, '59<main.rpyeffect:51(Name(+_27))>+1: {"op": "Return". "args": {"any": [0]}}')
debug_merge_point(0, 0, '90<main.rpyeffect:82([#130])>+0: {"op": "Const". "type": "ptr". "out": 2. "format": "int". "value": "<IntValue object at 0x1285df6f0>"}')
debug_merge_point(0, 0, '90<main.rpyeffect:82([#130])>+1: {"op": "Push". "target": 89. "args": {"any": [1]}}')
debug_merge_point(0, 0, '90<main.rpyeffect:82([#130])>+2: {"op": "Copy". "type": "any". "from": 0. "to". 1}')
debug_merge_point(0, 0, '90<main.rpyeffect:82([#130])>+3: {"op": "Copy". "type": "any". "from": 2. "to". 0}')
debug_merge_point(0, 0, '90<main.rpyeffect:82([#130])>+4: {"op": "Invoke". "receiver": 1. "tag": Interned(apply). "args" : {"any": [0]}}')
debug_merge_point(0, 0, '58<main.rpyeffect:50([method_apply@Name(+_27)#74])>+0: {"op": "Jump". "target": 57}')
debug_merge_point(0, 0, '57<main.rpyeffect:49([mcore:[#25]#71])>+0: {"op": "PrimOp". "name": "infixAdd(Int. Int): Int". "out": {"any": [0]}. "in": {"any": [1. 0]}}')
+828: i82 = getfield_gc_i(p41, descr=<FieldS rpyeffect.value.IntValue.inst_value 8 pure>)
+832: i84 = int_add(i82, 1)
debug_merge_point(0, 0, '57<main.rpyeffect:49([mcore:[#25]#71])>+1: {"op": "Return". "args": {"any": [0]}}')
debug_merge_point(0, 0, '89<main.rpyeffect:81([k@[#130]#134])>+0: {"op": "Const". "type": "ptr". "out": 2. "format": "string". "value": "Name(Emit_0)"}')
debug_merge_point(0, 0, '89<main.rpyeffect:81([k@[#130]#134])>+1: {"op": "PrimOp". "name": "getGlobal(String): Ptr". "out": {"any": [2]}. "in": {"any": [2]}}')
debug_merge_point(0, 0, '89<main.rpyeffect:81([k@[#130]#134])>+2: {"op": "Swap". "type": "any". "a": 2. "b". 1}')
debug_merge_point(0, 0, '89<main.rpyeffect:81([k@[#130]#134])>+3: {"op": "Jump". "target": 97}')
debug_merge_point(0, 0, '97<main.rpyeffect:89(Name(go_50))>+0: {"op": "Push". "target": 96. "args": {"any": [2. 0]}}')
debug_merge_point(0, 0, '97<main.rpyeffect:89(Name(go_50))>+1: {"op": "Jump". "target": 16}')
debug_merge_point(0, 0, '16<main.rpyeffect:8(Name(>_2))>+0: {"op": "New". "out": 0. "targets": [15]. "args": {"any": [0]}}')
+836: label(p0, p42, p40, i84, p2, p65, i81, p41, p59, p60, p4, p15, p17, p19, p21, p23, p25, p27, p29, p31, p33, p35, p37, i48, i82, descr=TargetToken(4972296544))
debug_merge_point(0, 0, '16<main.rpyeffect:8(Name(>_2))>+0: {"op": "New". "out": 0. "targets": [15]. "args": {"any": [0]}}')
+860: guard_not_invalidated(descr=<Guard0x1285db100>) [p2, p40, p15, p17, p19, p21, p23, p25, p27, p29, p31, p33, p35, p37, p0, p4, i81, p41, p65, p60, p59, p42, i84]
debug_merge_point(0, 0, '16<main.rpyeffect:8(Name(>_2))>+1: {"op": "Return". "args": {"any": [0]}}')
debug_merge_point(0, 0, '96<main.rpyeffect:88([k@Name(go_50)#114])>+0: {"op": "Push". "target": 95. "args": {"any": [1. 2]}}')
debug_merge_point(0, 0, '96<main.rpyeffect:88([k@Name(go_50)#114])>+1: {"op": "Swap". "type": "any". "a": 0. "b". 1}')
debug_merge_point(0, 0, '96<main.rpyeffect:88([k@Name(go_50)#114])>+2: {"op": "Invoke". "receiver": 1. "tag": Interned(apply). "args" : {"any": [0]}}')
debug_merge_point(0, 0, '15<main.rpyeffect:7([method_apply@Name(>_2)#16])>+0: {"op": "Jump". "target": 14}')
debug_merge_point(0, 0, '14<main.rpyeffect:6([mcore:[#15]#13])>+0: {"op": "PrimOp". "name": "infixGt(Any. Any): Bool". "out": {"any": [0]}. "in": {"any": [1. 0]}}')
+864: i85 = int_eq(i84, i48)
guard_false(i85, descr=<Guard0x128644500>) [p2, p40, p15, p17, p19, p21, p23, p25, p27, p29, p31, p33, p35, p37, p0, p4, i81, p41, p65, p60, p59, p42, i84]
+872: i86 = int_lt(i84, i48)
guard_true(i86, descr=<Guard0x128644530>) [p2, p40, p15, p17, p19, p21, p23, p25, p27, p29, p31, p33, p35, p37, p0, p4, i81, p41, p65, p60, p59, p42, i84]
debug_merge_point(0, 0, '14<main.rpyeffect:6([mcore:[#15]#13])>+1: {"op": "Return". "args": {"any": [0]}}')
debug_merge_point(0, 0, '95<main.rpyeffect:87([k@[k@Name(go_50)#114]#116])>+0: {"op": "Switch". "scrutinee": 0. "values": [<BoolValue object at 0x1285df5e0>]. "targets": [88]. "default": 94}')
debug_merge_point(0, 0, '94<main.rpyeffect:86([switch default case#119])>+0: {"op": "Swap". "type": "any". "a": 0. "b". 1}')
debug_merge_point(0, 0, '94<main.rpyeffect:86([switch default case#119])>+1: {"op": "Swap". "type": "any". "a": 2. "b". 1}')
debug_merge_point(0, 0, '94<main.rpyeffect:86([switch default case#119])>+2: {"op": "Switch". "scrutinee": 2. "values": [<BoolValue object at 0x1285df5f0>]. "targets": [92]. "default": 93}')
debug_merge_point(0, 0, '92<main.rpyeffect:84([switch case for Bool(false)#120])>+0: {"op": "Const". "type": "ptr". "out": 2. "format": "int". "value": "<IntValue object at 0x1285df6a0>"}')
debug_merge_point(0, 0, '92<main.rpyeffect:84([switch case for Bool(false)#120])>+1: {"op": "Const". "type": "ptr". "out": 3. "format": "string". "value": "Name(Emit_0)"}')
debug_merge_point(0, 0, '92<main.rpyeffect:84([switch case for Bool(false)#120])>+2: {"op": "PrimOp". "name": "getGlobal(String): Ptr". "out": {"any": [3]}. "in": {"any": [3]}}')
debug_merge_point(0, 0, '92<main.rpyeffect:84([switch case for Bool(false)#120])>+3: {"op": "GetDynamic". "out": 2. "n": 2. "label": 3}')
debug_merge_point(0, 0, '92<main.rpyeffect:84([switch case for Bool(false)#120])>+4: {"op": "Push". "target": 91. "args": {"any": [0. 1]}}')
debug_merge_point(0, 0, '92<main.rpyeffect:84([switch case for Bool(false)#120])>+5: {"op": "Copy". "type": "any". "from": 1. "to". 0}')
debug_merge_point(0, 0, '92<main.rpyeffect:84([switch case for Bool(false)#120])>+6: {"op": "Invoke". "receiver": 2. "tag": Interned(Emit_0). "args" : {"any": [0]}}')
debug_merge_point(0, 0, '108<main.rpyeffect:100([method_Emit_0@[mcore:[#42]#162]#164])>+0: {"op": "Const". "type": "ptr". "out": 1. "format": "int". "value": "<IntValue object at 0x1285df400>"}')
debug_merge_point(0, 0, '108<main.rpyeffect:100([method_Emit_0@[mcore:[#42]#162]#164])>+1: {"op": "Const". "type": "ptr". "out": 2. "format": "string". "value": "Name(Emit_0)"}')
debug_merge_point(0, 0, '108<main.rpyeffect:100([method_Emit_0@[mcore:[#42]#162]#164])>+2: {"op": "PrimOp". "name": "getGlobal(String): Ptr". "out": {"any": [2]}. "in": {"any": [2]}}')
debug_merge_point(0, 0, '108<main.rpyeffect:100([method_Emit_0@[mcore:[#42]#162]#164])>+3: {"op": "ShiftDyn". "out": 1. "n": 1. "label": 2}')
debug_merge_point(0, 0, '108<main.rpyeffect:100([method_Emit_0@[mcore:[#42]#162]#164])>+4: {"op": "New". "out": 0. "targets": [107]. "args": {"any": [0. 1]}}')
debug_merge_point(0, 0, '108<main.rpyeffect:100([method_Emit_0@[mcore:[#42]#162]#164])>+5: {"op": "Return". "args": {"any": [0]}}')
debug_merge_point(0, 0, '104<main.rpyeffect:96([k@[mcore:[#39]#146]#150])>+0: {"op": "Push". "target": 103. "args": {"any": [0. 2]}}')
debug_merge_point(0, 0, '104<main.rpyeffect:96([k@[mcore:[#39]#146]#150])>+1: {"op": "Copy". "type": "any". "from": 1. "to". 0}')
debug_merge_point(0, 0, '104<main.rpyeffect:96([k@[mcore:[#39]#146]#150])>+2: {"op": "Jump". "target": 59}')
debug_merge_point(0, 0, '59<main.rpyeffect:51(Name(+_27))>+0: {"op": "New". "out": 0. "targets": [58]. "args": {"any": [0]}}')
debug_merge_point(0, 0, '59<main.rpyeffect:51(Name(+_27))>+1: {"op": "Return". "args": {"any": [0]}}')
debug_merge_point(0, 0, '103<main.rpyeffect:95([k@[k@[mcore:[#39]#146]#150]#152])>+0: {"op": "Push". "target": 102. "args": {"any": [1]}}')
debug_merge_point(0, 0, '103<main.rpyeffect:95([k@[k@[mcore:[#39]#146]#150]#152])>+1: {"op": "Copy". "type": "any". "from": 0. "to". 1}')
debug_merge_point(0, 0, '103<main.rpyeffect:95([k@[k@[mcore:[#39]#146]#150]#152])>+2: {"op": "Copy". "type": "any". "from": 2. "to". 0}')
debug_merge_point(0, 0, '103<main.rpyeffect:95([k@[k@[mcore:[#39]#146]#150]#152])>+3: {"op": "Invoke". "receiver": 1. "tag": Interned(apply). "args" : {"any": [0]}}')
debug_merge_point(0, 0, '58<main.rpyeffect:50([method_apply@Name(+_27)#74])>+0: {"op": "Jump". "target": 57}')
debug_merge_point(0, 0, '57<main.rpyeffect:49([mcore:[#25]#71])>+0: {"op": "PrimOp". "name": "infixAdd(Int. Int): Int". "out": {"any": [0]}. "in": {"any": [1. 0]}}')
+880: i87 = int_add(i81, i82)
debug_merge_point(0, 0, '57<main.rpyeffect:49([mcore:[#25]#71])>+1: {"op": "Return". "args": {"any": [0]}}')
debug_merge_point(0, 0, '102<main.rpyeffect:94([k@[k@[k@[mcore:[#39]#146]#150]#152]#154])>+0: {"op": "Push". "target": 101. "args": {"any": [1]}}')
debug_merge_point(0, 0, '102<main.rpyeffect:94([k@[k@[k@[mcore:[#39]#146]#150]#152]#154])>+1: {"op": "Jump". "target": 65}')
debug_merge_point(0, 0, '65<main.rpyeffect:57(Name(mod_29))>+0: {"op": "New". "out": 0. "targets": [64]. "args": {"any": [0]}}')
debug_merge_point(0, 0, '65<main.rpyeffect:57(Name(mod_29))>+1: {"op": "Return". "args": {"any": [0]}}')
debug_merge_point(0, 0, '101<main.rpyeffect:93([#156])>+0: {"op": "Const". "type": "ptr". "out": 2. "format": "int". "value": "<IntValue object at 0x1285df500>"}')
debug_merge_point(0, 0, '101<main.rpyeffect:93([#156])>+1: {"op": "Push". "target": 100. "args": {"any": [1]}}')
debug_merge_point(0, 0, '101<main.rpyeffect:93([#156])>+2: {"op": "Copy". "type": "any". "from": 0. "to". 1}')
debug_merge_point(0, 0, '101<main.rpyeffect:93([#156])>+3: {"op": "Copy". "type": "any". "from": 2. "to". 0}')
debug_merge_point(0, 0, '101<main.rpyeffect:93([#156])>+4: {"op": "Invoke". "receiver": 1. "tag": Interned(apply). "args" : {"any": [0]}}')
debug_merge_point(0, 0, '64<main.rpyeffect:56([method_apply@Name(mod_29)#84])>+0: {"op": "Jump". "target": 63}')
debug_merge_point(0, 0, '63<main.rpyeffect:55([mcore:[#27]#81])>+0: {"op": "PrimOp". "name": "mod(Int. Int): Int". "out": {"any": [0]}. "in": {"any": [1. 0]}}')
+884: i89 = int_rshift(i87, 63)
+892: i90 = int_xor(i87, i89)
+896: i92 = uint_mul_high(i90, -9086255505087856445)
+916: i94 = uint_rshift(i92, 9)
+924: i95 = int_xor(i94, i89)
+928: i97 = int_mul(i95, 1009)
+936: i98 = int_sub(i87, i97)
debug_merge_point(0, 0, '63<main.rpyeffect:55([mcore:[#27]#81])>+1: {"op": "Return". "args": {"any": [0]}}')
debug_merge_point(0, 0, '100<main.rpyeffect:92([k@[#156]#160])>+0: {"op": "Invoke". "receiver": 1. "tag": Interned(apply). "args" : {"any": [0]}}')
debug_merge_point(0, 0, '107<main.rpyeffect:99([#172])>+0: {"op": "Jump". "target": 105}')
debug_merge_point(0, 0, '105<main.rpyeffect:97([mcore:[#39]#146])>+0: {"op": "Construct". "out": 3. "type": Interned({"op": "eff$Tuple". "elements": []}). "tag": Interned({"op": "eff$Tuple". "elements": []}). "args": {"any": []}}')
debug_merge_point(0, 0, '105<main.rpyeffect:97([mcore:[#39]#146])>+1: {"op": "Push". "target": 104. "args": {"any": [0. 1]}}')
debug_merge_point(0, 0, '105<main.rpyeffect:97([mcore:[#39]#146])>+2: {"op": "Copy". "type": "any". "from": 3. "to". 0}')
debug_merge_point(0, 0, '105<main.rpyeffect:97([mcore:[#39]#146])>+3: {"op": "Copy". "type": "any". "from": 2. "to". 1}')
debug_merge_point(0, 0, '105<main.rpyeffect:97([mcore:[#39]#146])>+4: {"op": "Jump". "target": 99}')
debug_merge_point(0, 0, '99<main.rpyeffect:91(Name(k_71))>+0: {"op": "PushStack". "arg": 1}')
debug_merge_point(0, 0, '99<main.rpyeffect:91(Name(k_71))>+1: {"op": "Return". "args": {"any": [0]}}')
debug_merge_point(0, 0, '91<main.rpyeffect:83([k@[switch case for Bool(false)#120]#128])>+0: {"op": "Push". "target": 90. "args": {"any": [1]}}')
debug_merge_point(0, 0, '91<main.rpyeffect:83([k@[switch case for Bool(false)#120]#128])>+1: {"op": "Copy". "type": "any". "from": 2. "to". 0}')
debug_merge_point(0, 0, '91<main.rpyeffect:83([k@[switch case for Bool(false)#120]#128])>+2: {"op": "Jump". "target": 59}')
debug_merge_point(0, 0, '59<main.rpyeffect:51(Name(+_27))>+0: {"op": "New". "out": 0. "targets": [58]. "args": {"any": [0]}}')
debug_merge_point(0, 0, '59<main.rpyeffect:51(Name(+_27))>+1: {"op": "Return". "args": {"any": [0]}}')
debug_merge_point(0, 0, '90<main.rpyeffect:82([#130])>+0: {"op": "Const". "type": "ptr". "out": 2. "format": "int". "value": "<IntValue object at 0x1285df6f0>"}')
debug_merge_point(0, 0, '90<main.rpyeffect:82([#130])>+1: {"op": "Push". "target": 89. "args": {"any": [1]}}')
debug_merge_point(0, 0, '90<main.rpyeffect:82([#130])>+2: {"op": "Copy". "type": "any". "from": 0. "to". 1}')
debug_merge_point(0, 0, '90<main.rpyeffect:82([#130])>+3: {"op": "Copy". "type": "any". "from": 2. "to". 0}')
debug_merge_point(0, 0, '90<main.rpyeffect:82([#130])>+4: {"op": "Invoke". "receiver": 1. "tag": Interned(apply). "args" : {"any": [0]}}')
debug_merge_point(0, 0, '58<main.rpyeffect:50([method_apply@Name(+_27)#74])>+0: {"op": "Jump". "target": 57}')
debug_merge_point(0, 0, '57<main.rpyeffect:49([mcore:[#25]#71])>+0: {"op": "PrimOp". "name": "infixAdd(Int. Int): Int". "out": {"any": [0]}. "in": {"any": [1. 0]}}')
+940: i100 = int_add(i84, 1)
debug_merge_point(0, 0, '57<main.rpyeffect:49([mcore:[#25]#71])>+1: {"op": "Return". "args": {"any": [0]}}')
debug_merge_point(0, 0, '89<main.rpyeffect:81([k@[#130]#134])>+0: {"op": "Const". "type": "ptr". "out": 2. "format": "string". "value": "Name(Emit_0)"}')
debug_merge_point(0, 0, '89<main.rpyeffect:81([k@[#130]#134])>+1: {"op": "PrimOp". "name": "getGlobal(String): Ptr". "out": {"any": [2]}. "in": {"any": [2]}}')
debug_merge_point(0, 0, '89<main.rpyeffect:81([k@[#130]#134])>+2: {"op": "Swap". "type": "any". "a": 2. "b". 1}')
debug_merge_point(0, 0, '89<main.rpyeffect:81([k@[#130]#134])>+3: {"op": "Jump". "target": 97}')
debug_merge_point(0, 0, '97<main.rpyeffect:89(Name(go_50))>+0: {"op": "Push". "target": 96. "args": {"any": [2. 0]}}')
debug_merge_point(0, 0, '97<main.rpyeffect:89(Name(go_50))>+1: {"op": "Jump". "target": 16}')
debug_merge_point(0, 0, '16<main.rpyeffect:8(Name(>_2))>+0: {"op": "New". "out": 0. "targets": [15]. "args": {"any": [0]}}')
+944: p101 = new_with_vtable(descr=<SizeDescr 16>)
+1048: setfield_gc(p101, i84, descr=<FieldS rpyeffect.value.IntValue.inst_value 8 pure>)
+1052: jump(p0, p42, p40, i100, p2, p65, i98, p101, p59, p60, p4, p15, p17, p19, p21, p23, p25, p27, p29, p31, p33, p35, p37, i48, i84, descr=TargetToken(4972296544))
+1084: --end of the loop--
[c52452a] jit-log-opt-loop}
[17daeaee] {jit-log-opt-bridge
# bridge out of Guard 0x1286442f0 with 143 ops
[p0, p1, p2, p3, p4, p5, p6, p7, p8, p9, p10, p11, p12, p13, p14, p15, p16, p17, p18, p19, p20]
+232: guard_not_invalidated(descr=<Guard0x1285db1d8>) [p0, p1, p2, p3, p4, p5, p6, p7, p8, p9, p10, p11, p12, p13, p14, p15, p16, p17, p18, p19, p20]
debug_merge_point(0, 0, '16<main.rpyeffect:8(Name(>_2))>+1: {"op": "Return". "args": {"any": [0]}}')
+236: guard_nonnull(p18, descr=<Guard0x1286456a0>) [p0, p1, p2, p3, p4, p5, p6, p7, p8, p9, p10, p11, p12, p13, p14, p15, p16, p17, p18, p19, p20]
+244: i21 = getfield_gc_i(p18, descr=<FieldS rpyeffect.stored_environment.Stack__arb.inst_target 16 pure>)
+248: guard_value(i21, 96, descr=<Guard0x1286456d0>) [p0, p1, p2, p3, p4, p5, p6, p7, p8, p9, p10, p11, p12, p13, p14, p15, p16, p17, p18, p19, p20]
+260: p23 = getfield_gc_r(p18, descr=<FieldP rpyeffect.stored_environment.Stack__2.inst_values_ptr_0 32 pure>)
+264: p24 = getfield_gc_r(p18, descr=<FieldP rpyeffect.stored_environment.Stack__2.inst_values_ptr_1 40 pure>)
+268: p25 = getfield_gc_r(p18, descr=<FieldP rpyeffect.stored_environment.Stack__arb.inst_tail 8 pure>)
+272: guard_nonnull(p25, descr=<Guard0x128645700>) [p0, p1, p2, p3, p4, p5, p6, p7, p8, p9, p10, p11, p12, p13, p14, p15, p16, p17, p18, p19, p20]
+280: i26 = getfield_gc_i(p25, descr=<FieldS rpyeffect.stored_environment.Stack__arb.inst_target 16 pure>)
+284: guard_value(i26, 127, descr=<Guard0x128645730>) [p0, p1, p2, p3, p4, p5, p6, p7, p8, p9, p10, p11, p12, p13, p14, p15, p16, p17, p18, p19, p20]
debug_merge_point(0, 0, '96<main.rpyeffect:88([k@Name(go_50)#114])>+0: {"op": "Push". "target": 95. "args": {"any": [1. 2]}}')
debug_merge_point(0, 0, '96<main.rpyeffect:88([k@Name(go_50)#114])>+1: {"op": "Swap". "type": "any". "a": 0. "b". 1}')
debug_merge_point(0, 0, '96<main.rpyeffect:88([k@Name(go_50)#114])>+2: {"op": "Invoke". "receiver": 1. "tag": Interned(apply). "args" : {"any": [0]}}')
debug_merge_point(0, 0, '15<main.rpyeffect:7([method_apply@Name(>_2)#16])>+0: {"op": "Jump". "target": 14}')
debug_merge_point(0, 0, '14<main.rpyeffect:6([mcore:[#15]#13])>+0: {"op": "PrimOp". "name": "infixGt(Any. Any): Bool". "out": {"any": [0]}. "in": {"any": [1. 0]}}')
+296: guard_class(p1, ConstClass(IntValue), descr=<Guard0x128645760>) [p0, p1, p2, p3, p4, p5, p6, p7, p8, p9, p10, p11, p12, p13, p14, p15, p16, p17, p18, p19, p20]
+312: guard_nonnull_class(p23, ConstClass(IntValue), descr=<Guard0x1285db220>) [p0, p1, p2, p3, p4, p5, p6, p7, p8, p9, p10, p11, p12, p13, p14, p15, p16, p17, p18, p19, p20]
+336: i30 = getfield_gc_i(p1, descr=<FieldS rpyeffect.value.IntValue.inst_value 8 pure>)
+340: i31 = getfield_gc_i(p23, descr=<FieldS rpyeffect.value.IntValue.inst_value 8 pure>)
+344: i32 = int_eq(i30, i31)
guard_false(i32, descr=<Guard0x128645790>) [p0, p1, p2, p3, p4, p5, p6, p7, p8, p9, p10, p11, p12, p13, p14, p15, p16, p17, p18, p19, p20]
+352: i33 = int_lt(i30, i31)
guard_true(i33, descr=<Guard0x1286457c0>) [p0, p1, p2, p3, p4, p5, p6, p7, p8, p9, p10, p11, p12, p13, p14, p15, p16, p17, p18, p19, p20]
debug_merge_point(0, 0, '14<main.rpyeffect:6([mcore:[#15]#13])>+1: {"op": "Return". "args": {"any": [0]}}')
debug_merge_point(0, 0, '95<main.rpyeffect:87([k@[k@Name(go_50)#114]#116])>+0: {"op": "Switch". "scrutinee": 0. "values": [<BoolValue object at 0x1285df5e0>]. "targets": [88]. "default": 94}')
debug_merge_point(0, 0, '94<main.rpyeffect:86([switch default case#119])>+0: {"op": "Swap". "type": "any". "a": 0. "b". 1}')
debug_merge_point(0, 0, '94<main.rpyeffect:86([switch default case#119])>+1: {"op": "Swap". "type": "any". "a": 2. "b". 1}')
debug_merge_point(0, 0, '94<main.rpyeffect:86([switch default case#119])>+2: {"op": "Switch". "scrutinee": 2. "values": [<BoolValue object at 0x1285df5f0>]. "targets": [92]. "default": 93}')
debug_merge_point(0, 0, '92<main.rpyeffect:84([switch case for Bool(false)#120])>+0: {"op": "Const". "type": "ptr". "out": 2. "format": "int". "value": "<IntValue object at 0x1285df6a0>"}')
debug_merge_point(0, 0, '92<main.rpyeffect:84([switch case for Bool(false)#120])>+1: {"op": "Const". "type": "ptr". "out": 3. "format": "string". "value": "Name(Emit_0)"}')
debug_merge_point(0, 0, '92<main.rpyeffect:84([switch case for Bool(false)#120])>+2: {"op": "PrimOp". "name": "getGlobal(String): Ptr". "out": {"any": [3]}. "in": {"any": [3]}}')
debug_merge_point(0, 0, '92<main.rpyeffect:84([switch case for Bool(false)#120])>+3: {"op": "GetDynamic". "out": 2. "n": 2. "label": 3}')
+364: i35 = instance_ptr_eq(p20, ConstPtr(ptr34))
guard_false(i35, descr=<Guard0x1286457f0>) [p0, p1, p2, p3, p4, p5, p6, p7, p8, p9, p10, p11, p12, p13, p14, p15, p16, p17, p18, p19, p20]
+380: i37 = instance_ptr_eq(p17, ConstPtr(ptr36))
guard_true(i37, descr=<Guard0x128645820>) [p0, p1, p2, p3, p4, p5, p6, p7, p8, p9, p10, p11, p12, p13, p14, p15, p16, p17, p18, p19, p20]
debug_merge_point(0, 0, '92<main.rpyeffect:84([switch case for Bool(false)#120])>+4: {"op": "Push". "target": 91. "args": {"any": [0. 1]}}')
debug_merge_point(0, 0, '92<main.rpyeffect:84([switch case for Bool(false)#120])>+5: {"op": "Copy". "type": "any". "from": 1. "to". 0}')
debug_merge_point(0, 0, '92<main.rpyeffect:84([switch case for Bool(false)#120])>+6: {"op": "Invoke". "receiver": 2. "tag": Interned(Emit_0). "args" : {"any": [0]}}')
+392: p38 = getfield_gc_r(p20, descr=<FieldP rpyeffect.codata.CoData.inst_vtable 8 pure>)
+400: guard_value(p38, ConstPtr(ptr39), descr=<Guard0x128645850>) [p0, p1, p2, p3, p4, p5, p6, p7, p8, p9, p10, p11, p12, p13, p14, p15, p16, p17, p18, p19, p20]
debug_merge_point(0, 0, '125<main.rpyeffect:117([method_Emit_0@[mcore:[#53]#216]#218])>+0: {"op": "Const". "type": "ptr". "out": 0. "format": "int". "value": "<IntValue object at 0x1285dfb90>"}')
debug_merge_point(0, 0, '125<main.rpyeffect:117([method_Emit_0@[mcore:[#53]#216]#218])>+1: {"op": "Const". "type": "ptr". "out": 1. "format": "string". "value": "Name(Emit_0)"}')
debug_merge_point(0, 0, '125<main.rpyeffect:117([method_Emit_0@[mcore:[#53]#216]#218])>+2: {"op": "PrimOp". "name": "getGlobal(String): Ptr". "out": {"any": [1]}. "in": {"any": [1]}}')
debug_merge_point(0, 0, '125<main.rpyeffect:117([method_Emit_0@[mcore:[#53]#216]#218])>+3: {"op": "ShiftDyn". "out": 0. "n": 0. "label": 1}')
+408: guard_nonnull_class(p19, 4311459744, descr=<Guard0x1285db268>) [p0, p1, p2, p3, p4, p5, p6, p7, p8, p9, p10, p11, p12, p13, p14, p15, p16, p17, p18, p19, p20]
+436: p41 = getfield_gc_r(p19, descr=<FieldP rpyeffect.stack.MetaStackLike.inst_stack 8 pure>)
+440: p42 = getfield_gc_r(p19, descr=<FieldP rpyeffect.stack.MetaStack.inst_label 16 pure>)
+444: p43 = getfield_gc_r(p19, descr=<FieldP rpyeffect.stack.MetaStack.inst_tail 32 pure>)
+448: guard_nonnull(p41, descr=<Guard0x128645880>) [p0, p1, p2, p3, p4, p5, p6, p7, p8, p9, p10, p11, p12, p13, p14, p15, p16, p17, p18, p19, p20]
+456: i44 = getfield_gc_i(p41, descr=<FieldS rpyeffect.stored_environment.Stack__arb.inst_target 16 pure>)
+460: guard_value(i44, 121, descr=<Guard0x1286458b0>) [p0, p1, p2, p3, p4, p5, p6, p7, p8, p9, p10, p11, p12, p13, p14, p15, p16, p17, p18, p19, p20]
debug_merge_point(0, 0, '125<main.rpyeffect:117([method_Emit_0@[mcore:[#53]#216]#218])>+4: {"op": "New". "out": 0. "targets": [124]. "args": {"any": [0]}}')
debug_merge_point(0, 0, '125<main.rpyeffect:117([method_Emit_0@[mcore:[#53]#216]#218])>+5: {"op": "Return". "args": {"any": [0]}}')
+472: p46 = getfield_gc_r(p41, descr=<FieldP rpyeffect.stored_environment.Stack__1.inst_values_ptr_0 32 pure>)
+476: p47 = getfield_gc_r(p41, descr=<FieldP rpyeffect.stored_environment.Stack__arb.inst_tail 8 pure>)
+480: guard_nonnull(p47, descr=<Guard0x1286458e0>) [p0, p1, p2, p3, p4, p5, p6, p7, p8, p9, p10, p11, p12, p13, p14, p15, p16, p17, p18, p19, p20]
+488: i48 = getfield_gc_i(p47, descr=<FieldS rpyeffect.stored_environment.Stack__arb.inst_target 16 pure>)
+492: guard_value(i48, 171, descr=<Guard0x128645910>) [p0, p1, p2, p3, p4, p5, p6, p7, p8, p9, p10, p11, p12, p13, p14, p15, p16, p17, p18, p19, p20]
debug_merge_point(0, 0, '121<main.rpyeffect:113([k@[mcore:[#50]#198]#202])>+0: {"op": "Push". "target": 120. "args": {"any": [0]}}')
debug_merge_point(0, 0, '121<main.rpyeffect:113([k@[mcore:[#50]#198]#202])>+1: {"op": "Copy". "type": "any". "from": 1. "to". 0}')
debug_merge_point(0, 0, '121<main.rpyeffect:113([k@[mcore:[#50]#198]#202])>+2: {"op": "Jump". "target": 59}')
debug_merge_point(0, 0, '59<main.rpyeffect:51(Name(+_27))>+0: {"op": "New". "out": 0. "targets": [58]. "args": {"any": [0]}}')
debug_merge_point(0, 0, '59<main.rpyeffect:51(Name(+_27))>+1: {"op": "Return". "args": {"any": [0]}}')
debug_merge_point(0, 0, '120<main.rpyeffect:112([k@[k@[mcore:[#50]#198]#202]#204])>+0: {"op": "Const". "type": "ptr". "out": 2. "format": "int". "value": "<IntValue object at 0x1285dfc50>"}')
debug_merge_point(0, 0, '120<main.rpyeffect:112([k@[k@[mcore:[#50]#198]#202]#204])>+1: {"op": "Push". "target": 119. "args": {"any": [1]}}')
debug_merge_point(0, 0, '120<main.rpyeffect:112([k@[k@[mcore:[#50]#198]#202]#204])>+2: {"op": "Copy". "type": "any". "from": 0. "to". 1}')
debug_merge_point(0, 0, '120<main.rpyeffect:112([k@[k@[mcore:[#50]#198]#202]#204])>+3: {"op": "Copy". "type": "any". "from": 2. "to". 0}')
debug_merge_point(0, 0, '120<main.rpyeffect:112([k@[k@[mcore:[#50]#198]#202]#204])>+4: {"op": "Invoke". "receiver": 1. "tag": Interned(apply). "args" : {"any": [0]}}')
debug_merge_point(0, 0, '58<main.rpyeffect:50([method_apply@Name(+_27)#74])>+0: {"op": "Jump". "target": 57}')
debug_merge_point(0, 0, '57<main.rpyeffect:49([mcore:[#25]#71])>+0: {"op": "PrimOp". "name": "infixAdd(Int. Int): Int". "out": {"any": [0]}. "in": {"any": [1. 0]}}')
+504: i50 = getfield_gc_i(p46, descr=<FieldS rpyeffect.value.IntValue.inst_value 8 pure>)
+508: i52 = int_add(i50, 1)
debug_merge_point(0, 0, '57<main.rpyeffect:49([mcore:[#25]#71])>+1: {"op": "Return". "args": {"any": [0]}}')
debug_merge_point(0, 0, '119<main.rpyeffect:111([k@[k@[k@[mcore:[#50]#198]#202]#204]#208])>+0: {"op": "Push". "target": 118. "args": {"any": [1]}}')
debug_merge_point(0, 0, '119<main.rpyeffect:111([k@[k@[k@[mcore:[#50]#198]#202]#204]#208])>+1: {"op": "Jump". "target": 65}')
debug_merge_point(0, 0, '65<main.rpyeffect:57(Name(mod_29))>+0: {"op": "New". "out": 0. "targets": [64]. "args": {"any": [0]}}')
debug_merge_point(0, 0, '65<main.rpyeffect:57(Name(mod_29))>+1: {"op": "Return". "args": {"any": [0]}}')
debug_merge_point(0, 0, '118<main.rpyeffect:110([#210])>+0: {"op": "Const". "type": "ptr". "out": 2. "format": "int". "value": "<IntValue object at 0x1285dfca0>"}')
debug_merge_point(0, 0, '118<main.rpyeffect:110([#210])>+1: {"op": "Push". "target": 117. "args": {"any": [1]}}')
debug_merge_point(0, 0, '118<main.rpyeffect:110([#210])>+2: {"op": "Copy". "type": "any". "from": 0. "to". 1}')
debug_merge_point(0, 0, '118<main.rpyeffect:110([#210])>+3: {"op": "Copy". "type": "any". "from": 2. "to". 0}')
debug_merge_point(0, 0, '118<main.rpyeffect:110([#210])>+4: {"op": "Invoke". "receiver": 1. "tag": Interned(apply). "args" : {"any": [0]}}')
debug_merge_point(0, 0, '64<main.rpyeffect:56([method_apply@Name(mod_29)#84])>+0: {"op": "Jump". "target": 63}')
debug_merge_point(0, 0, '63<main.rpyeffect:55([mcore:[#27]#81])>+0: {"op": "PrimOp". "name": "mod(Int. Int): Int". "out": {"any": [0]}. "in": {"any": [1. 0]}}')
+512: i54 = int_rshift(i52, 63)
+520: i55 = int_xor(i52, i54)
+524: i57 = uint_mul_high(i55, -9086255505087856445)
+544: i59 = uint_rshift(i57, 9)
+552: i60 = int_xor(i59, i54)
+556: i62 = int_mul(i60, 1009)
+564: i63 = int_sub(i52, i62)
debug_merge_point(0, 0, '63<main.rpyeffect:55([mcore:[#27]#81])>+1: {"op": "Return". "args": {"any": [0]}}')
debug_merge_point(0, 0, '117<main.rpyeffect:109([k@[#210]#214])>+0: {"op": "Invoke". "receiver": 1. "tag": Interned(apply). "args" : {"any": [0]}}')
debug_merge_point(0, 0, '124<main.rpyeffect:116([#226])>+0: {"op": "Jump". "target": 122}')
debug_merge_point(0, 0, '122<main.rpyeffect:114([mcore:[#50]#198])>+0: {"op": "Construct". "out": 2. "type": Interned({"op": "eff$Tuple". "elements": []}). "tag": Interned({"op": "eff$Tuple". "elements": []}). "args": {"any": []}}')
debug_merge_point(0, 0, '122<main.rpyeffect:114([mcore:[#50]#198])>+1: {"op": "Push". "target": 121. "args": {"any": [0]}}')
debug_merge_point(0, 0, '122<main.rpyeffect:114([mcore:[#50]#198])>+2: {"op": "Copy". "type": "any". "from": 2. "to". 0}')
debug_merge_point(0, 0, '122<main.rpyeffect:114([mcore:[#50]#198])>+3: {"op": "Jump". "target": 116}')
debug_merge_point(0, 0, '116<main.rpyeffect:108(Name(k_88))>+0: {"op": "PushStack". "arg": 1}')
debug_merge_point(0, 0, '116<main.rpyeffect:108(Name(k_88))>+1: {"op": "Return". "args": {"any": [0]}}')
debug_merge_point(0, 0, '91<main.rpyeffect:83([k@[switch case for Bool(false)#120]#128])>+0: {"op": "Push". "target": 90. "args": {"any": [1]}}')
debug_merge_point(0, 0, '91<main.rpyeffect:83([k@[switch case for Bool(false)#120]#128])>+1: {"op": "Copy". "type": "any". "from": 2. "to". 0}')
debug_merge_point(0, 0, '91<main.rpyeffect:83([k@[switch case for Bool(false)#120]#128])>+2: {"op": "Jump". "target": 59}')
debug_merge_point(0, 0, '59<main.rpyeffect:51(Name(+_27))>+0: {"op": "New". "out": 0. "targets": [58]. "args": {"any": [0]}}')
debug_merge_point(0, 0, '59<main.rpyeffect:51(Name(+_27))>+1: {"op": "Return". "args": {"any": [0]}}')
debug_merge_point(0, 0, '90<main.rpyeffect:82([#130])>+0: {"op": "Const". "type": "ptr". "out": 2. "format": "int". "value": "<IntValue object at 0x1285df6f0>"}')
debug_merge_point(0, 0, '90<main.rpyeffect:82([#130])>+1: {"op": "Push". "target": 89. "args": {"any": [1]}}')
debug_merge_point(0, 0, '90<main.rpyeffect:82([#130])>+2: {"op": "Copy". "type": "any". "from": 0. "to". 1}')
debug_merge_point(0, 0, '90<main.rpyeffect:82([#130])>+3: {"op": "Copy". "type": "any". "from": 2. "to". 0}')
debug_merge_point(0, 0, '90<main.rpyeffect:82([#130])>+4: {"op": "Invoke". "receiver": 1. "tag": Interned(apply). "args" : {"any": [0]}}')
debug_merge_point(0, 0, '58<main.rpyeffect:50([method_apply@Name(+_27)#74])>+0: {"op": "Jump". "target": 57}')
debug_merge_point(0, 0, '57<main.rpyeffect:49([mcore:[#25]#71])>+0: {"op": "PrimOp". "name": "infixAdd(Int. Int): Int". "out": {"any": [0]}. "in": {"any": [1. 0]}}')
+568: i64 = getfield_gc_i(p24, descr=<FieldS rpyeffect.value.IntValue.inst_value 8 pure>)
+572: i66 = int_add(i64, 1)
debug_merge_point(0, 0, '57<main.rpyeffect:49([mcore:[#25]#71])>+1: {"op": "Return". "args": {"any": [0]}}')
debug_merge_point(0, 0, '89<main.rpyeffect:81([k@[#130]#134])>+0: {"op": "Const". "type": "ptr". "out": 2. "format": "string". "value": "Name(Emit_0)"}')
debug_merge_point(0, 0, '89<main.rpyeffect:81([k@[#130]#134])>+1: {"op": "PrimOp". "name": "getGlobal(String): Ptr". "out": {"any": [2]}. "in": {"any": [2]}}')
debug_merge_point(0, 0, '89<main.rpyeffect:81([k@[#130]#134])>+2: {"op": "Swap". "type": "any". "a": 2. "b". 1}')
debug_merge_point(0, 0, '89<main.rpyeffect:81([k@[#130]#134])>+3: {"op": "Jump". "target": 97}')
debug_merge_point(0, 0, '97<main.rpyeffect:89(Name(go_50))>+0: {"op": "Push". "target": 96. "args": {"any": [2. 0]}}')
debug_merge_point(0, 0, '97<main.rpyeffect:89(Name(go_50))>+1: {"op": "Jump". "target": 16}')
debug_merge_point(0, 0, '16<main.rpyeffect:8(Name(>_2))>+0: {"op": "New". "out": 0. "targets": [15]. "args": {"any": [0]}}')
+576: p67 = new_with_vtable(descr=<SizeDescr 48>)
+680: p68 = new_with_vtable(descr=<SizeDescr 16>)
+692: setfield_gc(p68, i66, descr=<FieldS rpyeffect.value.IntValue.inst_value 8 pure>)
+696: p69 = new_with_vtable(descr=<SizeDescr 40>)
+708: p70 = new_with_vtable(descr=<SizeDescr 40>)
+720: setfield_gc(p70, p47, descr=<FieldP rpyeffect.stored_environment.Stack__arb.inst_tail 8 pure>)
+724: setfield_gc(p70, 121, descr=<FieldS rpyeffect.stored_environment.Stack__arb.inst_target 16 pure>)
+732: p72 = new_with_vtable(descr=<SizeDescr 16>)
+744: setfield_gc(p72, i63, descr=<FieldS rpyeffect.value.IntValue.inst_value 8 pure>)
+748: setfield_gc(p70, p72, descr=<FieldP rpyeffect.stored_environment.Stack__1.inst_values_ptr_0 32 pure>)
+752: setfield_gc(p67, 96, descr=<FieldS rpyeffect.stored_environment.Stack__arb.inst_target 16 pure>)
+760: setfield_gc(p67, p23, descr=<FieldP rpyeffect.stored_environment.Stack__2.inst_values_ptr_0 32 pure>)
+764: setfield_gc(p67, p68, descr=<FieldP rpyeffect.stored_environment.Stack__2.inst_values_ptr_1 40 pure>)
+768: setfield_gc(p67, p25, descr=<FieldP rpyeffect.stored_environment.Stack__arb.inst_tail 8 pure>)
+772: setfield_gc(p69, p70, descr=<FieldP rpyeffect.stack.MetaStackLike.inst_stack 8 pure>)
+776: setfield_gc(p69, p42, descr=<FieldP rpyeffect.stack.MetaStack.inst_label 16 pure>)
+780: setfield_gc(p69, p43, descr=<FieldP rpyeffect.stack.MetaStack.inst_tail 32 pure>)
+784: setfield_gc(p69, ConstPtr(null), descr=<FieldP rpyeffect.stack.MetaStack.inst_region 24 pure>)
+808: jump(p17, p67, p0, p69, p20, p68, ConstPtr(ptr75), p23, ConstPtr(ptr76), p5, p6, p7, p8, p9, p10, p11, p12, p13, p14, p15, p16, descr=TargetToken(4972296480))
+860: --end of the loop--
[17dc7ad5] jit-log-opt-bridge}
[3158b5f5] {jit-summary
Tracing:      	3	0.002879
Backend:      	3	0.000537
TOTAL:      		0.818033
ops:             	11025
heapcached ops:  	1742
recorded ops:    	3270
  calls:         	1710
guards:          	454
opt ops:         	610
opt guards:      	62
opt guards shared:	50
forcings:        	0
abort: trace too long:	0
abort: compiling:	0
abort: vable escape:	0
abort: bad loop: 	0
abort: force quasi-immut:	0
abort: segmenting trace:	0
virtualizables forced:	0
nvirtuals:       	11
nvholes:         	0
nvreused:        	0
vecopt tried:    	0
vecopt success:  	0
Total # of loops:	2
Total # of bridges:	1
Freed # of loops:	0
Freed # of bridges:	0
[3158dc5e] jit-summary}
