[645efc] {jit-log-opt-loop
# Loop 1 (225<main.rpyeffect:217([mcore:[eta-expanded fn#385]#587])>+0: {"op": "Push", "target": 224, "args": {"num": [], "ptr": []}}) : loop with 153 ops
[p0, p1, p2, p3, p4]
+232: p5 = getfield_gc_r(p2, descr=<FieldP rpyeffect.environment.Environment.inst_values_num 16>)
+240: i7 = getarrayitem_gc_i(p5, 0, descr=<ArrayS 8>)
+244: i9 = getarrayitem_gc_i(p5, 1, descr=<ArrayS 8>)
+248: i11 = getarrayitem_gc_i(p5, 2, descr=<ArrayS 8>)
+252: i13 = getarrayitem_gc_i(p5, 3, descr=<ArrayS 8>)
+256: i15 = getarrayitem_gc_i(p5, 4, descr=<ArrayS 8>)
+260: i17 = getarrayitem_gc_i(p5, 5, descr=<ArrayS 8>)
+264: i19 = getarrayitem_gc_i(p5, 6, descr=<ArrayS 8>)
+268: i21 = getarrayitem_gc_i(p5, 7, descr=<ArrayS 8>)
+272: i23 = getarrayitem_gc_i(p5, 8, descr=<ArrayS 8>)
+276: i25 = getarrayitem_gc_i(p5, 9, descr=<ArrayS 8>)
+280: i27 = getarrayitem_gc_i(p5, 10, descr=<ArrayS 8>)
+284: i29 = getarrayitem_gc_i(p5, 11, descr=<ArrayS 8>)
+288: i31 = getarrayitem_gc_i(p5, 12, descr=<ArrayS 8>)
+292: i33 = getarrayitem_gc_i(p5, 13, descr=<ArrayS 8>)
+296: i35 = getarrayitem_gc_i(p5, 14, descr=<ArrayS 8>)
+304: i37 = getarrayitem_gc_i(p5, 15, descr=<ArrayS 8>)
+308: p38 = getfield_gc_r(p2, descr=<FieldP rpyeffect.environment.Environment.inst_values_ptr 24>)
+312: p40 = getarrayitem_gc_r(p38, 0, descr=<ArrayP 8>)
+320: p42 = getarrayitem_gc_r(p38, 1, descr=<ArrayP 8>)
+328: p44 = getarrayitem_gc_r(p38, 2, descr=<ArrayP 8>)
+336: p46 = getarrayitem_gc_r(p38, 3, descr=<ArrayP 8>)
+344: p48 = getarrayitem_gc_r(p38, 4, descr=<ArrayP 8>)
+352: p50 = getarrayitem_gc_r(p38, 5, descr=<ArrayP 8>)
+360: p52 = getarrayitem_gc_r(p38, 6, descr=<ArrayP 8>)
+368: p54 = getarrayitem_gc_r(p38, 7, descr=<ArrayP 8>)
+376: p56 = getarrayitem_gc_r(p38, 8, descr=<ArrayP 8>)
+384: p58 = getarrayitem_gc_r(p38, 9, descr=<ArrayP 8>)
+392: p60 = getarrayitem_gc_r(p38, 10, descr=<ArrayP 8>)
+400: p62 = getarrayitem_gc_r(p38, 11, descr=<ArrayP 8>)
+408: p64 = getarrayitem_gc_r(p38, 12, descr=<ArrayP 8>)
+416: p66 = getarrayitem_gc_r(p38, 13, descr=<ArrayP 8>)
+424: p68 = getarrayitem_gc_r(p38, 14, descr=<ArrayP 8>)
+432: p70 = getarrayitem_gc_r(p38, 15, descr=<ArrayP 8>)
+436: label(p0, p1, p2, p3, p4, i7, i9, i11, i13, i15, i17, i19, i21, i23, i25, i27, i29, i31, i33, i35, i37, p40, p42, p44, p46, p48, p50, p52, p54, p56, p58, p60, p62, p64, p66, p68, p70, descr=TargetToken(5106502560))
debug_merge_point(0, 0, '225<main.rpyeffect:217([mcore:[eta-expanded fn#385]#587])>+0: {"op": "Push". "target": 224. "args": {"num": []. "ptr": []}}')
+496: guard_not_invalidated(descr=<Guard0x1305da5c0>) [p2, i7, i9, i11, i13, i15, i17, i19, i21, i23, i25, i27, i29, i31, i33, i35, i37, p40, p42, p44, p46, p48, p50, p52, p54, p56, p58, p60, p62, p64, p66, p68, p70, p0, p1, p3, p4]
+500: guard_nonnull(p1, descr=<Guard0x130608650>) [p2, i7, i9, i11, i13, i15, i17, i19, i21, i23, i25, i27, i29, i31, i33, i35, i37, p40, p42, p44, p46, p48, p50, p52, p54, p56, p58, p60, p62, p64, p66, p68, p70, p0, p1, p3, p4]
+512: i71 = getfield_gc_i(p1, descr=<FieldS rpyeffect.stored_environment.Stack__arb_arb.inst_target 16 pure>)
+520: i73 = int_add(3670016, i71)
+532: guard_value(i73, 3670228, descr=<Guard0x130608680>) [p2, i7, i9, i11, i13, i15, i17, i19, i21, i23, i25, i27, i29, i31, i33, i35, i37, p40, p42, p44, p46, p48, p50, p52, p54, p56, p58, p60, p62, p64, p66, p68, p70, p0, p1, p3, p4]
debug_merge_point(0, 0, '225<main.rpyeffect:217([mcore:[eta-expanded fn#385]#587])>+1: {"op": "Jump". "target": 223}')
debug_merge_point(0, 0, '223<main.rpyeffect:215([mcore:[#34]#558])>+0: {"op": "Push". "target": 222. "args": {"num": [0]. "ptr": []}}')
debug_merge_point(0, 0, '223<main.rpyeffect:215([mcore:[#34]#558])>+1: {"op": "Jump". "target": 37}')
debug_merge_point(0, 0, '37<main.rpyeffect:29(Name(>_2))>+0: {"op": "New". "out": 0. "targets": [30. 32. 34. 36]. "args": {"num": [0]. "ptr": []}}')
debug_merge_point(0, 0, '37<main.rpyeffect:29(Name(>_2))>+1: {"op": "Return". "args": {"num": []. "ptr": [0]}}')
debug_merge_point(0, 0, '222<main.rpyeffect:214([k@[mcore:[#34]#558]#560])>+0: {"op": "Const". "type": "num". "out": 1. "value": 0}')
debug_merge_point(0, 0, '222<main.rpyeffect:214([k@[mcore:[#34]#558]#560])>+1: {"op": "Push". "target": 221. "args": {"num": [0]. "ptr": []}}')
debug_merge_point(0, 0, '222<main.rpyeffect:214([k@[mcore:[#34]#558]#560])>+2: {"op": "Copy". "type": "num". "from": 1. "to". 0}')
debug_merge_point(0, 0, '222<main.rpyeffect:214([k@[mcore:[#34]#558]#560])>+3: {"op": "Invoke". "receiver": 0. "tag": Interned(%apply(n):n). "args" : {"num": [0]. "ptr": []}}')
debug_merge_point(0, 0, '30<main.rpyeffect:22([method_%apply(n):n@Name(>_2)#67])>+0: {"op": "Jump". "target": 28}')
debug_merge_point(0, 0, '28<main.rpyeffect:20([mcore:[#11]#63])>+0: {"op": "PrimOp". "name": "infixGt(Int. Int): Boolean". "out": {"num": [0]. "ptr": []}. "in": {"num": [1. 0]. "ptr": []}}')
+548: i76 = int_gt(i7, 0)
guard_true(i76, descr=<Guard0x1306086b0>) [p2, i7, i9, i11, i13, i15, i17, i19, i21, i23, i25, i27, i29, i31, i33, i35, i37, p40, p42, p44, p46, p48, p50, p52, p54, p56, p58, p60, p62, p64, p66, p68, p70, p0, p1, p3, p4]
debug_merge_point(0, 0, '28<main.rpyeffect:20([mcore:[#11]#63])>+1: {"op": "Return". "args": {"num": [0]. "ptr": []}}')
debug_merge_point(0, 0, '221<main.rpyeffect:213([k@[k@[mcore:[#34]#558]#560]#564])>+0: {"op": "Switch". "scrutinee": 0. "values": [1]. "targets": [217]. "default": 220}')
debug_merge_point(0, 0, '217<main.rpyeffect:209([switch case for 1#565])>+0: {"op": "Push". "target": 216. "args": {"num": []. "ptr": []}}')
debug_merge_point(0, 0, '217<main.rpyeffect:209([switch case for 1#565])>+1: {"op": "Copy". "type": "num". "from": 1. "to". 0}')
debug_merge_point(0, 0, '217<main.rpyeffect:209([switch case for 1#565])>+2: {"op": "Jump". "target": 186}')
debug_merge_point(0, 0, '186<main.rpyeffect:178(Name(-_34))>+0: {"op": "New". "out": 0. "targets": [179. 181. 183. 185]. "args": {"num": [0]. "ptr": []}}')
debug_merge_point(0, 0, '186<main.rpyeffect:178(Name(-_34))>+1: {"op": "Return". "args": {"num": []. "ptr": [0]}}')
debug_merge_point(0, 0, '216<main.rpyeffect:208([k@[switch case for 1#565]#567])>+0: {"op": "Const". "type": "num". "out": 0. "value": 1}')
debug_merge_point(0, 0, '216<main.rpyeffect:208([k@[switch case for 1#565]#567])>+1: {"op": "Push". "target": 215. "args": {"num": []. "ptr": []}}')
debug_merge_point(0, 0, '216<main.rpyeffect:208([k@[switch case for 1#565]#567])>+2: {"op": "Invoke". "receiver": 0. "tag": Interned(%apply(n):n). "args" : {"num": [0]. "ptr": []}}')
debug_merge_point(0, 0, '179<main.rpyeffect:171([method_%apply(n):n@Name(-_34)#469])>+0: {"op": "Jump". "target": 177}')
debug_merge_point(0, 0, '177<main.rpyeffect:169([mcore:[#24]#465])>+0: {"op": "PrimOp". "name": "infixSub(Int. Int): Int". "out": {"num": [0]. "ptr": []}. "in": {"num": [1. 0]. "ptr": []}}')
+556: i78 = int_sub(i7, 1)
debug_merge_point(0, 0, '177<main.rpyeffect:169([mcore:[#24]#465])>+1: {"op": "Return". "args": {"num": [0]. "ptr": []}}')
debug_merge_point(0, 0, '215<main.rpyeffect:207([k@[k@[switch case for 1#565]#567]#571])>+0: {"op": "Const". "type": "ptr". "out": 0. "format": "string". "value": "Name(Fun_0)"}')
debug_merge_point(0, 0, '215<main.rpyeffect:207([k@[k@[switch case for 1#565]#567]#571])>+1: {"op": "PrimOp". "name": "getGlobal(String): Ptr". "out": {"num": []. "ptr": [0]}. "in": {"num": []. "ptr": [0]}}')
debug_merge_point(0, 0, '215<main.rpyeffect:207([k@[k@[switch case for 1#565]#567]#571])>+2: {"op": "Push". "target": 214. "args": {"num": []. "ptr": []}}')
debug_merge_point(0, 0, '215<main.rpyeffect:207([k@[k@[switch case for 1#565]#567]#571])>+3: {"op": "Jump". "target": 232}')
debug_merge_point(0, 0, '232<main.rpyeffect:224(Name(outer_48))>+0: {"op": "New". "out": 0. "targets": [229. 231]. "args": {"num": [0]. "ptr": []}}')
debug_merge_point(0, 0, '232<main.rpyeffect:224(Name(outer_48))>+1: {"op": "Const". "type": "ptr". "out": 1. "format": "string". "value": "Name(Fun_0)"}')
debug_merge_point(0, 0, '232<main.rpyeffect:224(Name(outer_48))>+2: {"op": "PrimOp". "name": "getGlobal(String): Ptr". "out": {"num": []. "ptr": [1]}. "in": {"num": []. "ptr": [1]}}')
debug_merge_point(0, 0, '232<main.rpyeffect:224(Name(outer_48))>+3: {"op": "Jump". "target": 213}')
debug_merge_point(0, 0, '213<main.rpyeffect:205([mcore:[#31]#533])>+0: {"op": "New". "out": 1. "targets": [211]. "args": {"num": []. "ptr": []}}')
debug_merge_point(0, 0, '213<main.rpyeffect:205([mcore:[#31]#533])>+1: {"op": "Const". "type": "ptr". "out": 2. "format": "string". "value": "Name(Fun_0)"}')
debug_merge_point(0, 0, '213<main.rpyeffect:205([mcore:[#31]#533])>+2: {"op": "PrimOp". "name": "getGlobal(String): Ptr". "out": {"num": []. "ptr": [2]}. "in": {"num": []. "ptr": [2]}}')
debug_merge_point(0, 0, '213<main.rpyeffect:205([mcore:[#31]#533])>+3: {"op": "NewStackWithBinding". "out": 1. "target": 212. "region": 2. "args": {"num": []. "ptr": []}. "label": 2. "binding": 1}')
debug_merge_point(0, 0, '213<main.rpyeffect:205([mcore:[#31]#533])>+4: {"op": "PushStack". "arg": 1}')
+560: guard_nonnull(p4, descr=<Guard0x1306086e0>) [p2, i7, i9, i11, i13, i15, i17, i19, i21, i23, i25, i27, i29, i31, i33, i35, i37, p40, p42, p44, p46, p48, p50, p52, p54, p56, p58, p60, p62, p64, p66, p68, p70, p0, p1, p3, p4]
debug_merge_point(0, 0, '213<main.rpyeffect:205([mcore:[#31]#533])>+5: {"op": "Invoke". "receiver": 0. "tag": Interned(%apply():n). "args" : {"num": []. "ptr": []}}')
debug_merge_point(0, 0, '229<main.rpyeffect:221([method_%apply():n@Name(outer_48)#605])>+0: {"op": "Const". "type": "ptr". "out": 0. "format": "string". "value": "Name(Fun_0)"}')
debug_merge_point(0, 0, '229<main.rpyeffect:221([method_%apply():n@Name(outer_48)#605])>+1: {"op": "PrimOp". "name": "getGlobal(String): Ptr". "out": {"num": []. "ptr": [0]}. "in": {"num": []. "ptr": [0]}}')
debug_merge_point(0, 0, '229<main.rpyeffect:221([method_%apply():n@Name(outer_48)#605])>+2: {"op": "Jump". "target": 225}')
debug_merge_point(0, 0, '225<main.rpyeffect:217([mcore:[eta-expanded fn#385]#587])>+0: {"op": "Push". "target": 224. "args": {"num": []. "ptr": []}}')
+572: label(p2, p1, p0, p3, p4, i78, i7, i11, i13, i15, i17, i19, i21, i23, i25, i27, i29, i31, i33, i35, i37, p46, p48, p50, p52, p54, p56, p58, p60, p62, p64, p66, p68, p70, descr=TargetToken(5106502624))
debug_merge_point(0, 0, '225<main.rpyeffect:217([mcore:[eta-expanded fn#385]#587])>+0: {"op": "Push". "target": 224. "args": {"num": []. "ptr": []}}')
+576: guard_not_invalidated(descr=<Guard0x1305da608>) [p2, i78, i7, i11, i13, i15, i17, i19, i21, i23, i25, i27, i29, i31, i33, i35, i37, p46, p48, p50, p52, p54, p56, p58, p60, p62, p64, p66, p68, p70, p1, p4, p3, p0]
debug_merge_point(0, 0, '225<main.rpyeffect:217([mcore:[eta-expanded fn#385]#587])>+1: {"op": "Jump". "target": 223}')
debug_merge_point(0, 0, '223<main.rpyeffect:215([mcore:[#34]#558])>+0: {"op": "Push". "target": 222. "args": {"num": [0]. "ptr": []}}')
debug_merge_point(0, 0, '223<main.rpyeffect:215([mcore:[#34]#558])>+1: {"op": "Jump". "target": 37}')
debug_merge_point(0, 0, '37<main.rpyeffect:29(Name(>_2))>+0: {"op": "New". "out": 0. "targets": [30. 32. 34. 36]. "args": {"num": [0]. "ptr": []}}')
debug_merge_point(0, 0, '37<main.rpyeffect:29(Name(>_2))>+1: {"op": "Return". "args": {"num": []. "ptr": [0]}}')
debug_merge_point(0, 0, '222<main.rpyeffect:214([k@[mcore:[#34]#558]#560])>+0: {"op": "Const". "type": "num". "out": 1. "value": 0}')
debug_merge_point(0, 0, '222<main.rpyeffect:214([k@[mcore:[#34]#558]#560])>+1: {"op": "Push". "target": 221. "args": {"num": [0]. "ptr": []}}')
debug_merge_point(0, 0, '222<main.rpyeffect:214([k@[mcore:[#34]#558]#560])>+2: {"op": "Copy". "type": "num". "from": 1. "to". 0}')
debug_merge_point(0, 0, '222<main.rpyeffect:214([k@[mcore:[#34]#558]#560])>+3: {"op": "Invoke". "receiver": 0. "tag": Interned(%apply(n):n). "args" : {"num": [0]. "ptr": []}}')
debug_merge_point(0, 0, '30<main.rpyeffect:22([method_%apply(n):n@Name(>_2)#67])>+0: {"op": "Jump". "target": 28}')
debug_merge_point(0, 0, '28<main.rpyeffect:20([mcore:[#11]#63])>+0: {"op": "PrimOp". "name": "infixGt(Int. Int): Boolean". "out": {"num": [0]. "ptr": []}. "in": {"num": [1. 0]. "ptr": []}}')
+580: i80 = int_gt(i78, 0)
guard_true(i80, descr=<Guard0x130608710>) [p2, i78, i7, i11, i13, i15, i17, i19, i21, i23, i25, i27, i29, i31, i33, i35, i37, p46, p48, p50, p52, p54, p56, p58, p60, p62, p64, p66, p68, p70, p1, p4, p3, p0]
debug_merge_point(0, 0, '28<main.rpyeffect:20([mcore:[#11]#63])>+1: {"op": "Return". "args": {"num": [0]. "ptr": []}}')
debug_merge_point(0, 0, '221<main.rpyeffect:213([k@[k@[mcore:[#34]#558]#560]#564])>+0: {"op": "Switch". "scrutinee": 0. "values": [1]. "targets": [217]. "default": 220}')
debug_merge_point(0, 0, '217<main.rpyeffect:209([switch case for 1#565])>+0: {"op": "Push". "target": 216. "args": {"num": []. "ptr": []}}')
debug_merge_point(0, 0, '217<main.rpyeffect:209([switch case for 1#565])>+1: {"op": "Copy". "type": "num". "from": 1. "to". 0}')
debug_merge_point(0, 0, '217<main.rpyeffect:209([switch case for 1#565])>+2: {"op": "Jump". "target": 186}')
debug_merge_point(0, 0, '186<main.rpyeffect:178(Name(-_34))>+0: {"op": "New". "out": 0. "targets": [179. 181. 183. 185]. "args": {"num": [0]. "ptr": []}}')
debug_merge_point(0, 0, '186<main.rpyeffect:178(Name(-_34))>+1: {"op": "Return". "args": {"num": []. "ptr": [0]}}')
debug_merge_point(0, 0, '216<main.rpyeffect:208([k@[switch case for 1#565]#567])>+0: {"op": "Const". "type": "num". "out": 0. "value": 1}')
debug_merge_point(0, 0, '216<main.rpyeffect:208([k@[switch case for 1#565]#567])>+1: {"op": "Push". "target": 215. "args": {"num": []. "ptr": []}}')
debug_merge_point(0, 0, '216<main.rpyeffect:208([k@[switch case for 1#565]#567])>+2: {"op": "Invoke". "receiver": 0. "tag": Interned(%apply(n):n). "args" : {"num": [0]. "ptr": []}}')
debug_merge_point(0, 0, '179<main.rpyeffect:171([method_%apply(n):n@Name(-_34)#469])>+0: {"op": "Jump". "target": 177}')
debug_merge_point(0, 0, '177<main.rpyeffect:169([mcore:[#24]#465])>+0: {"op": "PrimOp". "name": "infixSub(Int. Int): Int". "out": {"num": [0]. "ptr": []}. "in": {"num": [1. 0]. "ptr": []}}')
+588: i82 = int_sub(i78, 1)
debug_merge_point(0, 0, '177<main.rpyeffect:169([mcore:[#24]#465])>+1: {"op": "Return". "args": {"num": [0]. "ptr": []}}')
debug_merge_point(0, 0, '215<main.rpyeffect:207([k@[k@[switch case for 1#565]#567]#571])>+0: {"op": "Const". "type": "ptr". "out": 0. "format": "string". "value": "Name(Fun_0)"}')
debug_merge_point(0, 0, '215<main.rpyeffect:207([k@[k@[switch case for 1#565]#567]#571])>+1: {"op": "PrimOp". "name": "getGlobal(String): Ptr". "out": {"num": []. "ptr": [0]}. "in": {"num": []. "ptr": [0]}}')
debug_merge_point(0, 0, '215<main.rpyeffect:207([k@[k@[switch case for 1#565]#567]#571])>+2: {"op": "Push". "target": 214. "args": {"num": []. "ptr": []}}')
debug_merge_point(0, 0, '215<main.rpyeffect:207([k@[k@[switch case for 1#565]#567]#571])>+3: {"op": "Jump". "target": 232}')
debug_merge_point(0, 0, '232<main.rpyeffect:224(Name(outer_48))>+0: {"op": "New". "out": 0. "targets": [229. 231]. "args": {"num": [0]. "ptr": []}}')
debug_merge_point(0, 0, '232<main.rpyeffect:224(Name(outer_48))>+1: {"op": "Const". "type": "ptr". "out": 1. "format": "string". "value": "Name(Fun_0)"}')
debug_merge_point(0, 0, '232<main.rpyeffect:224(Name(outer_48))>+2: {"op": "PrimOp". "name": "getGlobal(String): Ptr". "out": {"num": []. "ptr": [1]}. "in": {"num": []. "ptr": [1]}}')
debug_merge_point(0, 0, '232<main.rpyeffect:224(Name(outer_48))>+3: {"op": "Jump". "target": 213}')
debug_merge_point(0, 0, '213<main.rpyeffect:205([mcore:[#31]#533])>+0: {"op": "New". "out": 1. "targets": [211]. "args": {"num": []. "ptr": []}}')
debug_merge_point(0, 0, '213<main.rpyeffect:205([mcore:[#31]#533])>+1: {"op": "Const". "type": "ptr". "out": 2. "format": "string". "value": "Name(Fun_0)"}')
debug_merge_point(0, 0, '213<main.rpyeffect:205([mcore:[#31]#533])>+2: {"op": "PrimOp". "name": "getGlobal(String): Ptr". "out": {"num": []. "ptr": [2]}. "in": {"num": []. "ptr": [2]}}')
debug_merge_point(0, 0, '213<main.rpyeffect:205([mcore:[#31]#533])>+3: {"op": "NewStackWithBinding". "out": 1. "target": 212. "region": 2. "args": {"num": []. "ptr": []}. "label": 2. "binding": 1}')
debug_merge_point(0, 0, '213<main.rpyeffect:205([mcore:[#31]#533])>+4: {"op": "PushStack". "arg": 1}')
debug_merge_point(0, 0, '213<main.rpyeffect:205([mcore:[#31]#533])>+5: {"op": "Invoke". "receiver": 0. "tag": Interned(%apply():n). "args" : {"num": []. "ptr": []}}')
debug_merge_point(0, 0, '229<main.rpyeffect:221([method_%apply():n@Name(outer_48)#605])>+0: {"op": "Const". "type": "ptr". "out": 0. "format": "string". "value": "Name(Fun_0)"}')
debug_merge_point(0, 0, '229<main.rpyeffect:221([method_%apply():n@Name(outer_48)#605])>+1: {"op": "PrimOp". "name": "getGlobal(String): Ptr". "out": {"num": []. "ptr": [0]}. "in": {"num": []. "ptr": [0]}}')
debug_merge_point(0, 0, '229<main.rpyeffect:221([method_%apply():n@Name(outer_48)#605])>+2: {"op": "Jump". "target": 225}')
debug_merge_point(0, 0, '225<main.rpyeffect:217([mcore:[eta-expanded fn#385]#587])>+0: {"op": "Push". "target": 224. "args": {"num": []. "ptr": []}}')
+592: p83 = new_with_vtable(descr=<SizeDescr 40>)
+700: p84 = new_with_vtable(descr=<SizeDescr 48>)
+712: p85 = new_with_vtable(descr=<SizeDescr 40>)
+724: p86 = new_with_vtable(descr=<SizeDescr 40>)
+736: setfield_gc(p86, p1, descr=<FieldP rpyeffect.stored_environment.Stack__arb_arb.inst_tail 8 pure>)
+740: setfield_gc(p86, 224, descr=<FieldS rpyeffect.stored_environment.Stack__arb_arb.inst_target 16 pure>)
+748: setfield_gc(p85, p86, descr=<FieldP rpyeffect.stored_environment.Stack__arb_arb.inst_tail 8 pure>)
+752: setfield_gc(p85, 214, descr=<FieldS rpyeffect.stored_environment.Stack__arb_arb.inst_target 16 pure>)
+760: p89 = new_with_vtable(descr=<SizeDescr 32>)
+772: setfield_gc(p83, 212, descr=<FieldS rpyeffect.stored_environment.Stack__arb_arb.inst_target 16 pure>)
+780: setfield_gc(p83, ConstPtr(null), descr=<FieldP rpyeffect.stored_environment.Stack__arb_arb.inst_tail 8 pure>)
+788: setfield_gc(p84, p85, descr=<FieldP rpyeffect.stack.MetaStackLike.inst_stack 8 pure>)
+792: setfield_gc(p84, p0, descr=<FieldP rpyeffect.stack.MetaStack.inst_label 16 pure>)
+800: setfield_gc(p84, ConstPtr(null), descr=<FieldP rpyeffect.stack.MetaStack.inst_region 24 pure>)
+808: setfield_gc(p84, p3, descr=<FieldP rpyeffect.stack.MetaStack.inst_tail 32 pure>)
+816: setfield_gc(p84, p4, descr=<FieldP rpyeffect.stack.MetaStackWithBinding.inst_binding 40 pure>)
+828: setfield_gc(p89, ConstPtr(ptr93), descr=<FieldP rpyeffect.stored_environment.CoData__arb_arb.inst_vtable 24 pure>)
+900: jump(p2, p83, ConstPtr(ptr94), p84, p89, i82, i78, i11, i13, i15, i17, i19, i21, i23, i25, i27, i29, i31, i33, i35, i37, p46, p48, p50, p52, p54, p56, p58, p60, p62, p64, p66, p68, p70, descr=TargetToken(5106502624))
+924: --end of the loop--
[66fc95] jit-log-opt-loop}
[6ff793] {jit-log-opt-loop
# Loop 2 (212<main.rpyeffect:204([return_clause@[mcore:[#31]#533]#557])>+0: {"op": "Return", "args": {"num": [0], "ptr": []}}) : loop with 88 ops
[p0, p1, p2, p3, p4]
+312: p5 = getfield_gc_r(p2, descr=<FieldP rpyeffect.environment.Environment.inst_values_num 16>)
+320: i7 = getarrayitem_gc_i(p5, 0, descr=<ArrayS 8>)
+324: i9 = getarrayitem_gc_i(p5, 1, descr=<ArrayS 8>)
+328: i11 = getarrayitem_gc_i(p5, 2, descr=<ArrayS 8>)
+332: i13 = getarrayitem_gc_i(p5, 3, descr=<ArrayS 8>)
+336: i15 = getarrayitem_gc_i(p5, 4, descr=<ArrayS 8>)
+340: i17 = getarrayitem_gc_i(p5, 5, descr=<ArrayS 8>)
+344: i19 = getarrayitem_gc_i(p5, 6, descr=<ArrayS 8>)
+348: i21 = getarrayitem_gc_i(p5, 7, descr=<ArrayS 8>)
+352: i23 = getarrayitem_gc_i(p5, 8, descr=<ArrayS 8>)
+356: i25 = getarrayitem_gc_i(p5, 9, descr=<ArrayS 8>)
+360: i27 = getarrayitem_gc_i(p5, 10, descr=<ArrayS 8>)
+364: i29 = getarrayitem_gc_i(p5, 11, descr=<ArrayS 8>)
+368: i31 = getarrayitem_gc_i(p5, 12, descr=<ArrayS 8>)
+372: i33 = getarrayitem_gc_i(p5, 13, descr=<ArrayS 8>)
+376: i35 = getarrayitem_gc_i(p5, 14, descr=<ArrayS 8>)
+384: i37 = getarrayitem_gc_i(p5, 15, descr=<ArrayS 8>)
+388: p38 = getfield_gc_r(p2, descr=<FieldP rpyeffect.environment.Environment.inst_values_ptr 24>)
+392: p40 = getarrayitem_gc_r(p38, 0, descr=<ArrayP 8>)
+400: p42 = getarrayitem_gc_r(p38, 1, descr=<ArrayP 8>)
+408: p44 = getarrayitem_gc_r(p38, 2, descr=<ArrayP 8>)
+416: p46 = getarrayitem_gc_r(p38, 3, descr=<ArrayP 8>)
+424: p48 = getarrayitem_gc_r(p38, 4, descr=<ArrayP 8>)
+432: p50 = getarrayitem_gc_r(p38, 5, descr=<ArrayP 8>)
+440: p52 = getarrayitem_gc_r(p38, 6, descr=<ArrayP 8>)
+448: p54 = getarrayitem_gc_r(p38, 7, descr=<ArrayP 8>)
+456: p56 = getarrayitem_gc_r(p38, 8, descr=<ArrayP 8>)
+464: p58 = getarrayitem_gc_r(p38, 9, descr=<ArrayP 8>)
+472: p60 = getarrayitem_gc_r(p38, 10, descr=<ArrayP 8>)
+480: p62 = getarrayitem_gc_r(p38, 11, descr=<ArrayP 8>)
+488: p64 = getarrayitem_gc_r(p38, 12, descr=<ArrayP 8>)
+496: p66 = getarrayitem_gc_r(p38, 13, descr=<ArrayP 8>)
+504: p68 = getarrayitem_gc_r(p38, 14, descr=<ArrayP 8>)
+512: p70 = getarrayitem_gc_r(p38, 15, descr=<ArrayP 8>)
+516: label(p0, p1, p2, p3, p4, i7, i9, i11, i13, i15, i17, i19, i21, i23, i25, i27, i29, i31, i33, i35, i37, p40, p42, p44, p46, p48, p50, p52, p54, p56, p58, p60, p62, p64, p66, p68, p70, descr=TargetToken(5106502688))
debug_merge_point(0, 0, '212<main.rpyeffect:204([return_clause@[mcore:[#31]#533]#557])>+0: {"op": "Return". "args": {"num": [0]. "ptr": []}}')
+580: guard_not_invalidated(descr=<Guard0x1305da650>) [p2, i7, i9, i11, i13, i15, i17, i19, i21, i23, i25, i27, i29, i31, i33, i35, i37, p40, p42, p44, p46, p48, p50, p52, p54, p56, p58, p60, p62, p64, p66, p68, p70, p0, p1, p3, p4]
+584: guard_isnull(p1, descr=<Guard0x130608aa0>) [p2, i7, i9, i11, i13, i15, i17, i19, i21, i23, i25, i27, i29, i31, i33, i35, i37, p40, p42, p44, p46, p48, p50, p52, p54, p56, p58, p60, p62, p64, p66, p68, p70, p0, p1, p3, p4]
+596: guard_nonnull_class(p3, ConstClass(MetaStackWithBinding), descr=<Guard0x1305da698>) [p2, i7, i9, i11, i13, i15, i17, i19, i21, i23, i25, i27, i29, i31, i33, i35, i37, p40, p42, p44, p46, p48, p50, p52, p54, p56, p58, p60, p62, p64, p66, p68, p70, p0, p1, p3, p4]
+624: p72 = getfield_gc_r(p3, descr=<FieldP rpyeffect.stack.MetaStackLike.inst_stack 8 pure>)
+628: p73 = getfield_gc_r(p3, descr=<FieldP rpyeffect.stack.MetaStack.inst_label 16 pure>)
+632: p74 = getfield_gc_r(p3, descr=<FieldP rpyeffect.stack.MetaStackWithBinding.inst_binding 40 pure>)
+636: p75 = getfield_gc_r(p3, descr=<FieldP rpyeffect.stack.MetaStack.inst_tail 32 pure>)
+640: guard_nonnull(p72, descr=<Guard0x130608ad0>) [p2, i7, i9, i11, i13, i15, i17, i19, i21, i23, i25, i27, i29, i31, i33, i35, i37, p40, p42, p44, p46, p48, p50, p52, p54, p56, p58, p60, p62, p64, p66, p68, p70, p0, p1, p3, p4]
+648: i76 = getfield_gc_i(p72, descr=<FieldS rpyeffect.stored_environment.Stack__arb_arb.inst_target 16 pure>)
+652: guard_value(i76, 214, descr=<Guard0x130608b00>) [p2, i7, i9, i11, i13, i15, i17, i19, i21, i23, i25, i27, i29, i31, i33, i35, i37, p40, p42, p44, p46, p48, p50, p52, p54, p56, p58, p60, p62, p64, p66, p68, p70, p0, p1, p3, p4]
+664: p78 = getfield_gc_r(p72, descr=<FieldP rpyeffect.stored_environment.Stack__arb_arb.inst_tail 8 pure>)
debug_merge_point(0, 0, '214<main.rpyeffect:206([#576])>+0: {"op": "PrimOp". "name": "box(Num): Ptr". "out": {"num": []. "ptr": [0]}. "in": {"num": [0]. "ptr": []}}')
debug_merge_point(0, 0, '214<main.rpyeffect:206([#576])>+1: {"op": "Return". "args": {"num": []. "ptr": [0]}}')
+668: guard_nonnull(p78, descr=<Guard0x130608b30>) [p2, i7, i9, i11, i13, i15, i17, i19, i21, i23, i25, i27, i29, i31, i33, i35, i37, p40, p42, p44, p46, p48, p50, p52, p54, p56, p58, p60, p62, p64, p66, p68, p70, p0, p1, p3, p4]
+676: i79 = getfield_gc_i(p78, descr=<FieldS rpyeffect.stored_environment.Stack__arb_arb.inst_target 16 pure>)
+680: guard_value(i79, 224, descr=<Guard0x130608b60>) [p2, i7, i9, i11, i13, i15, i17, i19, i21, i23, i25, i27, i29, i31, i33, i35, i37, p40, p42, p44, p46, p48, p50, p52, p54, p56, p58, p60, p62, p64, p66, p68, p70, p0, p1, p3, p4]
+692: p81 = getfield_gc_r(p78, descr=<FieldP rpyeffect.stored_environment.Stack__arb_arb.inst_tail 8 pure>)
debug_merge_point(0, 0, '224<main.rpyeffect:216([k@[mcore:[eta-expanded fn#385]#587]#591])>+0: {"op": "PrimOp". "name": "unbox(Ptr): Num". "out": {"num": [0]. "ptr": []}. "in": {"num": []. "ptr": [0]}}')
debug_merge_point(0, 0, '224<main.rpyeffect:216([k@[mcore:[eta-expanded fn#385]#587]#591])>+1: {"op": "Return". "args": {"num": [0]. "ptr": []}}')
+696: guard_nonnull_class(p81, ConstClass(Stack__0_0), descr=<Guard0x1305da6e0>) [p2, i7, i9, i11, i13, i15, i17, i19, i21, i23, i25, i27, i29, i31, i33, i35, i37, p40, p42, p44, p46, p48, p50, p52, p54, p56, p58, p60, p62, p64, p66, p68, p70, p0, p1, p3, p4]
+720: i83 = getfield_gc_i(p81, descr=<FieldS rpyeffect.stored_environment.Stack__arb_arb.inst_target 16 pure>)
+724: guard_value(i83, 212, descr=<Guard0x130608b90>) [p2, i7, i9, i11, i13, i15, i17, i19, i21, i23, i25, i27, i29, i31, i33, i35, i37, p40, p42, p44, p46, p48, p50, p52, p54, p56, p58, p60, p62, p64, p66, p68, p70, p0, p1, p3, p4]
+736: p85 = getfield_gc_r(p81, descr=<FieldP rpyeffect.stored_environment.Stack__arb_arb.inst_tail 8 pure>)
+740: guard_isnull(p85, descr=<Guard0x130608bc0>) [p2, i7, i9, i11, i13, i15, i17, i19, i21, i23, i25, i27, i29, i31, i33, i35, i37, p40, p42, p44, p46, p48, p50, p52, p54, p56, p58, p60, p62, p64, p66, p68, p70, p0, p1, p3, p4]
debug_merge_point(0, 0, '212<main.rpyeffect:204([return_clause@[mcore:[#31]#533]#557])>+0: {"op": "Return". "args": {"num": [0]. "ptr": []}}')
+748: label(p73, p2, p75, p74, i7, i9, i11, i13, i15, i17, i19, i21, i23, i25, i27, i29, i31, i33, i35, i37, p42, p44, p46, p48, p50, p52, p54, p56, p58, p60, p62, p64, p66, p68, p70, descr=TargetToken(5106502752))
debug_merge_point(0, 0, '212<main.rpyeffect:204([return_clause@[mcore:[#31]#533]#557])>+0: {"op": "Return". "args": {"num": [0]. "ptr": []}}')
+756: guard_not_invalidated(descr=<Guard0x1305da728>) [p2, i7, i9, i11, i13, i15, i17, i19, i21, i23, i25, i27, i29, i31, i33, i35, i37, p42, p44, p46, p48, p50, p52, p54, p56, p58, p60, p62, p64, p66, p68, p70, p73, p75, p74]
+760: guard_nonnull_class(p75, ConstClass(MetaStackWithBinding), descr=<Guard0x1305da770>) [p2, i7, i9, i11, i13, i15, i17, i19, i21, i23, i25, i27, i29, i31, i33, i35, i37, p42, p44, p46, p48, p50, p52, p54, p56, p58, p60, p62, p64, p66, p68, p70, p73, p75, p74]
+784: p87 = getfield_gc_r(p75, descr=<FieldP rpyeffect.stack.MetaStackLike.inst_stack 8 pure>)
+788: p88 = getfield_gc_r(p75, descr=<FieldP rpyeffect.stack.MetaStack.inst_label 16 pure>)
+792: p89 = getfield_gc_r(p75, descr=<FieldP rpyeffect.stack.MetaStackWithBinding.inst_binding 40 pure>)
+796: p90 = getfield_gc_r(p75, descr=<FieldP rpyeffect.stack.MetaStack.inst_tail 32 pure>)
+800: guard_nonnull(p87, descr=<Guard0x130608bf0>) [p2, i7, i9, i11, i13, i15, i17, i19, i21, i23, i25, i27, i29, i31, i33, i35, i37, p42, p44, p46, p48, p50, p52, p54, p56, p58, p60, p62, p64, p66, p68, p70, p73, p75, p74]
+808: i91 = getfield_gc_i(p87, descr=<FieldS rpyeffect.stored_environment.Stack__arb_arb.inst_target 16 pure>)
+812: guard_value(i91, 214, descr=<Guard0x130608c20>) [p2, i7, i9, i11, i13, i15, i17, i19, i21, i23, i25, i27, i29, i31, i33, i35, i37, p42, p44, p46, p48, p50, p52, p54, p56, p58, p60, p62, p64, p66, p68, p70, p73, p75, p74]
+824: p93 = getfield_gc_r(p87, descr=<FieldP rpyeffect.stored_environment.Stack__arb_arb.inst_tail 8 pure>)
debug_merge_point(0, 0, '214<main.rpyeffect:206([#576])>+0: {"op": "PrimOp". "name": "box(Num): Ptr". "out": {"num": []. "ptr": [0]}. "in": {"num": [0]. "ptr": []}}')
debug_merge_point(0, 0, '214<main.rpyeffect:206([#576])>+1: {"op": "Return". "args": {"num": []. "ptr": [0]}}')
+828: guard_nonnull(p93, descr=<Guard0x130608c50>) [p2, i7, i9, i11, i13, i15, i17, i19, i21, i23, i25, i27, i29, i31, i33, i35, i37, p42, p44, p46, p48, p50, p52, p54, p56, p58, p60, p62, p64, p66, p68, p70, p73, p75, p74]
+836: i94 = getfield_gc_i(p93, descr=<FieldS rpyeffect.stored_environment.Stack__arb_arb.inst_target 16 pure>)
+840: guard_value(i94, 224, descr=<Guard0x130608c80>) [p2, i7, i9, i11, i13, i15, i17, i19, i21, i23, i25, i27, i29, i31, i33, i35, i37, p42, p44, p46, p48, p50, p52, p54, p56, p58, p60, p62, p64, p66, p68, p70, p73, p75, p74]
+852: p96 = getfield_gc_r(p93, descr=<FieldP rpyeffect.stored_environment.Stack__arb_arb.inst_tail 8 pure>)
debug_merge_point(0, 0, '224<main.rpyeffect:216([k@[mcore:[eta-expanded fn#385]#587]#591])>+0: {"op": "PrimOp". "name": "unbox(Ptr): Num". "out": {"num": [0]. "ptr": []}. "in": {"num": []. "ptr": [0]}}')
debug_merge_point(0, 0, '224<main.rpyeffect:216([k@[mcore:[eta-expanded fn#385]#587]#591])>+1: {"op": "Return". "args": {"num": [0]. "ptr": []}}')
+856: guard_nonnull_class(p96, ConstClass(Stack__0_0), descr=<Guard0x1305da7b8>) [p2, i7, i9, i11, i13, i15, i17, i19, i21, i23, i25, i27, i29, i31, i33, i35, i37, p42, p44, p46, p48, p50, p52, p54, p56, p58, p60, p62, p64, p66, p68, p70, p73, p75, p74]
+880: i98 = getfield_gc_i(p96, descr=<FieldS rpyeffect.stored_environment.Stack__arb_arb.inst_target 16 pure>)
+884: guard_value(i98, 212, descr=<Guard0x130608cb0>) [p2, i7, i9, i11, i13, i15, i17, i19, i21, i23, i25, i27, i29, i31, i33, i35, i37, p42, p44, p46, p48, p50, p52, p54, p56, p58, p60, p62, p64, p66, p68, p70, p73, p75, p74]
+896: p100 = getfield_gc_r(p96, descr=<FieldP rpyeffect.stored_environment.Stack__arb_arb.inst_tail 8 pure>)
+900: guard_isnull(p100, descr=<Guard0x130608ce0>) [p2, i7, i9, i11, i13, i15, i17, i19, i21, i23, i25, i27, i29, i31, i33, i35, i37, p42, p44, p46, p48, p50, p52, p54, p56, p58, p60, p62, p64, p66, p68, p70, p73, p75, p74]
debug_merge_point(0, 0, '212<main.rpyeffect:204([return_clause@[mcore:[#31]#533]#557])>+0: {"op": "Return". "args": {"num": [0]. "ptr": []}}')
+908: jump(p88, p2, p90, p89, i7, i9, i11, i13, i15, i17, i19, i21, i23, i25, i27, i29, i31, i33, i35, i37, p42, p44, p46, p48, p50, p52, p54, p56, p58, p60, p62, p64, p66, p68, p70, descr=TargetToken(5106502752))
+924: --end of the loop--
[713f5f] jit-log-opt-loop}
[71dc99] {jit-summary
Tracing:      	2	0.001190
Backend:      	2	0.000353
TOTAL:      		0.001788
ops:             	3235
heapcached ops:  	356
recorded ops:    	1145
  calls:         	804
guards:          	105
opt ops:         	173
opt guards:      	30
opt guards shared:	22
forcings:        	0
abort: trace too long:	0
abort: compiling:	0
abort: vable escape:	0
abort: bad loop: 	0
abort: force quasi-immut:	0
abort: segmenting trace:	0
virtualizables forced:	0
nvirtuals:       	8
nvholes:         	0
nvreused:        	0
vecopt tried:    	0
vecopt success:  	0
Total # of loops:	2
Total # of bridges:	0
Freed # of loops:	0
Freed # of bridges:	0
[722b60] jit-summary}
