[9e6ccd] {jit-log-opt-loop
# Loop 2 (59<main.rpyeffect:51(Name(+_27))>+0: {"op": "New", "out": 0, "targets": [58], "args": {"any": [0]}}) : loop with 216 ops
[p0, p1, p2, p3, p4]
+440: p5 = getfield_gc_r(p2, descr=<FieldP rpyeffect.environment.Environment.inst_values_ptr 16>)
+448: p7 = getarrayitem_gc_r(p5, 0, descr=<ArrayP 8>)
+452: p9 = getarrayitem_gc_r(p5, 1, descr=<ArrayP 8>)
+456: p11 = getarrayitem_gc_r(p5, 2, descr=<ArrayP 8>)
+460: p13 = getarrayitem_gc_r(p5, 3, descr=<ArrayP 8>)
+464: p15 = getarrayitem_gc_r(p5, 4, descr=<ArrayP 8>)
+468: p17 = getarrayitem_gc_r(p5, 5, descr=<ArrayP 8>)
+472: p19 = getarrayitem_gc_r(p5, 6, descr=<ArrayP 8>)
+476: p21 = getarrayitem_gc_r(p5, 7, descr=<ArrayP 8>)
+480: p23 = getarrayitem_gc_r(p5, 8, descr=<ArrayP 8>)
+484: p25 = getarrayitem_gc_r(p5, 9, descr=<ArrayP 8>)
+488: p27 = getarrayitem_gc_r(p5, 10, descr=<ArrayP 8>)
+492: p29 = getarrayitem_gc_r(p5, 11, descr=<ArrayP 8>)
+496: p31 = getarrayitem_gc_r(p5, 12, descr=<ArrayP 8>)
+500: p33 = getarrayitem_gc_r(p5, 13, descr=<ArrayP 8>)
+504: p35 = getarrayitem_gc_r(p5, 14, descr=<ArrayP 8>)
+508: p37 = getarrayitem_gc_r(p5, 15, descr=<ArrayP 8>)
+512: label(p0, p1, p2, p3, p4, p7, p9, p11, p13, p15, p17, p19, p21, p23, p25, p27, p29, p31, p33, p35, p37, descr=TargetToken(5374889056))
debug_merge_point(0, 0, '59<main.rpyeffect:51(Name(+_27))>+0: {"op": "New". "out": 0. "targets": [58]. "args": {"any": [0]}}')
+572: guard_not_invalidated(descr=<Guard0x1405dabf0>) [p2, p7, p9, p11, p13, p15, p17, p19, p21, p23, p25, p27, p29, p31, p33, p35, p37, p0, p1, p3, p4]
debug_merge_point(0, 0, '59<main.rpyeffect:51(Name(+_27))>+1: {"op": "Return". "args": {"any": [0]}}')
+576: guard_nonnull(p1, descr=<Guard0x1405f7700>) [p2, p7, p9, p11, p13, p15, p17, p19, p21, p23, p25, p27, p29, p31, p33, p35, p37, p0, p1, p3, p4]
+588: i38 = getfield_gc_i(p1, descr=<FieldS rpyeffect.stored_environment.Stack__arb.inst_target 16 pure>)
+596: guard_value(i38, 91, descr=<Guard0x1405f7730>) [p2, p7, p9, p11, p13, p15, p17, p19, p21, p23, p25, p27, p29, p31, p33, p35, p37, p0, p1, p3, p4]
+608: p40 = getfield_gc_r(p1, descr=<FieldP rpyeffect.stored_environment.Stack__arb.inst_values_ptr 24 pure>)
+612: i41 = arraylen_gc(p40, descr=<ArrayP 8>)
+616: guard_value(i41, 1, descr=<Guard0x1405f7760>) [p2, p7, p9, p11, p13, p15, p17, p19, p21, p23, p25, p27, p29, p31, p33, p35, p37, p0, p1, p3, p4]
+628: p44 = getarrayitem_gc_pure_r(p40, 0, descr=<ArrayP 8>)
+632: p45 = getfield_gc_r(p1, descr=<FieldP rpyeffect.stored_environment.Stack__arb.inst_tail 8 pure>)
debug_merge_point(0, 0, '91<main.rpyeffect:83([#131])>+0: {"op": "Const". "type": "ptr". "out": 2. "format": "int". "value": "<IntValue object at 0x1405df960>"}')
debug_merge_point(0, 0, '91<main.rpyeffect:83([#131])>+1: {"op": "Push". "target": 90. "args": {"any": [1]}}')
debug_merge_point(0, 0, '91<main.rpyeffect:83([#131])>+2: {"op": "Copy". "type": "any". "from": 0. "to". 1}')
debug_merge_point(0, 0, '91<main.rpyeffect:83([#131])>+3: {"op": "Copy". "type": "any". "from": 2. "to". 0}')
debug_merge_point(0, 0, '91<main.rpyeffect:83([#131])>+4: {"op": "Invoke". "receiver": 1. "tag": Interned(apply). "args" : {"any": [0]}}')
debug_merge_point(0, 0, '58<main.rpyeffect:50([method_apply@Name(+_27)#74])>+0: {"op": "Jump". "target": 57}')
debug_merge_point(0, 0, '57<main.rpyeffect:49([mcore:[#23]#71])>+0: {"op": "PrimOp". "name": "infixAdd(Int. Int): Int". "out": {"any": [0]}. "in": {"any": [1. 0]}}')
+636: i46 = getfield_gc_i(p7, descr=<FieldS rpyeffect.value.IntValue.inst_value 8 pure>)
+640: i48 = int_add(i46, 1)
debug_merge_point(0, 0, '57<main.rpyeffect:49([mcore:[#23]#71])>+1: {"op": "Return". "args": {"any": [0]}}')
debug_merge_point(0, 0, '90<main.rpyeffect:82([k@[#131]#135])>+0: {"op": "Const". "type": "ptr". "out": 2. "format": "string". "value": "Name(Emit_0)"}')
debug_merge_point(0, 0, '90<main.rpyeffect:82([k@[#131]#135])>+1: {"op": "PrimOp". "name": "getGlobal(String): Ptr". "out": {"any": [2]}. "in": {"any": [2]}}')
debug_merge_point(0, 0, '90<main.rpyeffect:82([k@[#131]#135])>+2: {"op": "Push". "target": 89. "args": {"any": [1]}}')
debug_merge_point(0, 0, '90<main.rpyeffect:82([k@[#131]#135])>+3: {"op": "Copy". "type": "any". "from": 2. "to". 1}')
debug_merge_point(0, 0, '90<main.rpyeffect:82([k@[#131]#135])>+4: {"op": "Jump". "target": 100}')
debug_merge_point(0, 0, '100<main.rpyeffect:92(Name(range_48))>+0: {"op": "New". "out": 0. "targets": [99]. "args": {"any": [0]}}')
debug_merge_point(0, 0, '100<main.rpyeffect:92(Name(range_48))>+1: {"op": "Return". "args": {"any": [0]}}')
debug_merge_point(0, 0, '89<main.rpyeffect:81([k@[k@[#131]#135]#140])>+0: {"op": "Swap". "type": "any". "a": 0. "b". 1}')
debug_merge_point(0, 0, '89<main.rpyeffect:81([k@[k@[#131]#135]#140])>+1: {"op": "Invoke". "receiver": 1. "tag": Interned(apply). "args" : {"any": [0]}}')
debug_merge_point(0, 0, '99<main.rpyeffect:91([method_apply@Name(range_48)#146])>+0: {"op": "Const". "type": "ptr". "out": 2. "format": "string". "value": "Name(Emit_0)"}')
debug_merge_point(0, 0, '99<main.rpyeffect:91([method_apply@Name(range_48)#146])>+1: {"op": "PrimOp". "name": "getGlobal(String): Ptr". "out": {"any": [2]}. "in": {"any": [2]}}')
debug_merge_point(0, 0, '99<main.rpyeffect:91([method_apply@Name(range_48)#146])>+2: {"op": "Swap". "type": "any". "a": 2. "b". 1}')
debug_merge_point(0, 0, '99<main.rpyeffect:91([method_apply@Name(range_48)#146])>+3: {"op": "Jump". "target": 98}')
debug_merge_point(0, 0, '98<main.rpyeffect:90([mcore:[#33]#113])>+0: {"op": "Push". "target": 97. "args": {"any": [0. 2]}}')
debug_merge_point(0, 0, '98<main.rpyeffect:90([mcore:[#33]#113])>+1: {"op": "Copy". "type": "any". "from": 2. "to". 0}')
debug_merge_point(0, 0, '98<main.rpyeffect:90([mcore:[#33]#113])>+2: {"op": "Jump". "target": 16}')
debug_merge_point(0, 0, '16<main.rpyeffect:8(Name(>_2))>+0: {"op": "New". "out": 0. "targets": [15]. "args": {"any": [0]}}')
debug_merge_point(0, 0, '16<main.rpyeffect:8(Name(>_2))>+1: {"op": "Return". "args": {"any": [0]}}')
debug_merge_point(0, 0, '97<main.rpyeffect:89([k@[mcore:[#33]#113]#115])>+0: {"op": "Push". "target": 96. "args": {"any": [1. 2]}}')
debug_merge_point(0, 0, '97<main.rpyeffect:89([k@[mcore:[#33]#113]#115])>+1: {"op": "Swap". "type": "any". "a": 0. "b". 1}')
debug_merge_point(0, 0, '97<main.rpyeffect:89([k@[mcore:[#33]#113]#115])>+2: {"op": "Invoke". "receiver": 1. "tag": Interned(apply). "args" : {"any": [0]}}')
debug_merge_point(0, 0, '15<main.rpyeffect:7([method_apply@Name(>_2)#16])>+0: {"op": "Jump". "target": 14}')
debug_merge_point(0, 0, '14<main.rpyeffect:6([mcore:[#13]#13])>+0: {"op": "PrimOp". "name": "infixGt(Any. Any): Bool". "out": {"any": [0]}. "in": {"any": [1. 0]}}')
+644: guard_nonnull_class(p44, ConstClass(IntValue), descr=<Guard0x1405dac38>) [p2, p7, p9, p11, p13, p15, p17, p19, p21, p23, p25, p27, p29, p31, p33, p35, p37, p0, p1, p3, p4]
+668: i50 = getfield_gc_i(p44, descr=<FieldS rpyeffect.value.IntValue.inst_value 8 pure>)
+672: i51 = int_eq(i48, i50)
guard_false(i51, descr=<Guard0x1405f7790>) [p2, p7, p9, p11, p13, p15, p17, p19, p21, p23, p25, p27, p29, p31, p33, p35, p37, p0, p1, p3, p4]
+680: i52 = int_lt(i48, i50)
guard_true(i52, descr=<Guard0x1405f77c0>) [p2, p7, p9, p11, p13, p15, p17, p19, p21, p23, p25, p27, p29, p31, p33, p35, p37, p0, p1, p3, p4]
debug_merge_point(0, 0, '14<main.rpyeffect:6([mcore:[#13]#13])>+1: {"op": "Return". "args": {"any": [0]}}')
debug_merge_point(0, 0, '96<main.rpyeffect:88([k@[k@[mcore:[#33]#113]#115]#117])>+0: {"op": "Switch". "scrutinee": 0. "values": [<BoolValue object at 0x1405df840>]. "targets": [88]. "default": 95}')
debug_merge_point(0, 0, '95<main.rpyeffect:87([switch default case#120])>+0: {"op": "Swap". "type": "any". "a": 0. "b". 1}')
debug_merge_point(0, 0, '95<main.rpyeffect:87([switch default case#120])>+1: {"op": "Swap". "type": "any". "a": 2. "b". 1}')
debug_merge_point(0, 0, '95<main.rpyeffect:87([switch default case#120])>+2: {"op": "Switch". "scrutinee": 2. "values": [<BoolValue object at 0x1405df850>]. "targets": [93]. "default": 94}')
debug_merge_point(0, 0, '93<main.rpyeffect:85([switch case for Bool(false)#121])>+0: {"op": "Const". "type": "ptr". "out": 2. "format": "int". "value": "<IntValue object at 0x1405df910>"}')
debug_merge_point(0, 0, '93<main.rpyeffect:85([switch case for Bool(false)#121])>+1: {"op": "Const". "type": "ptr". "out": 3. "format": "string". "value": "Name(Emit_0)"}')
debug_merge_point(0, 0, '93<main.rpyeffect:85([switch case for Bool(false)#121])>+2: {"op": "PrimOp". "name": "getGlobal(String): Ptr". "out": {"any": [3]}. "in": {"any": [3]}}')
debug_merge_point(0, 0, '93<main.rpyeffect:85([switch case for Bool(false)#121])>+3: {"op": "GetDynamic". "out": 2. "n": 2. "label": 3}')
+692: i54 = instance_ptr_eq(p4, ConstPtr(ptr53))
guard_false(i54, descr=<Guard0x1405f77f0>) [p2, p7, p9, p11, p13, p15, p17, p19, p21, p23, p25, p27, p29, p31, p33, p35, p37, p0, p1, p3, p4]
+708: i56 = instance_ptr_eq(p0, ConstPtr(ptr55))
guard_true(i56, descr=<Guard0x1405f7820>) [p2, p7, p9, p11, p13, p15, p17, p19, p21, p23, p25, p27, p29, p31, p33, p35, p37, p0, p1, p3, p4]
debug_merge_point(0, 0, '93<main.rpyeffect:85([switch case for Bool(false)#121])>+4: {"op": "Push". "target": 92. "args": {"any": [0. 1]}}')
debug_merge_point(0, 0, '93<main.rpyeffect:85([switch case for Bool(false)#121])>+5: {"op": "Copy". "type": "any". "from": 1. "to". 0}')
debug_merge_point(0, 0, '93<main.rpyeffect:85([switch case for Bool(false)#121])>+6: {"op": "Invoke". "receiver": 2. "tag": Interned(Emit_0). "args" : {"any": [0]}}')
+720: p57 = getfield_gc_r(p4, descr=<FieldP rpyeffect.codata.CoData.inst_vtable 8 pure>)
+728: guard_value(p57, ConstPtr(ptr58), descr=<Guard0x140615670>) [p2, p7, p9, p11, p13, p15, p17, p19, p21, p23, p25, p27, p29, p31, p33, p35, p37, p0, p1, p3, p4]
+736: p59 = getfield_gc_r(p4, descr=<FieldP rpyeffect.stored_environment.CoData__arb.inst_values_ptr 16 pure>)
+740: i60 = arraylen_gc(p59, descr=<ArrayP 8>)
+744: guard_value(i60, 0, descr=<Guard0x140615640>) [p2, p7, p9, p11, p13, p15, p17, p19, p21, p23, p25, p27, p29, p31, p33, p35, p37, p0, p1, p3, p4]
debug_merge_point(0, 0, '124<main.rpyeffect:116([method_Emit_0@[mcore:[#49]#200]#202])>+0: {"op": "Const". "type": "ptr". "out": 1. "format": "int". "value": "<IntValue object at 0x140600c20>"}')
debug_merge_point(0, 0, '124<main.rpyeffect:116([method_Emit_0@[mcore:[#49]#200]#202])>+1: {"op": "Const". "type": "ptr". "out": 2. "format": "string". "value": "Name(Emit_0)"}')
debug_merge_point(0, 0, '124<main.rpyeffect:116([method_Emit_0@[mcore:[#49]#200]#202])>+2: {"op": "PrimOp". "name": "getGlobal(String): Ptr". "out": {"any": [2]}. "in": {"any": [2]}}')
debug_merge_point(0, 0, '124<main.rpyeffect:116([method_Emit_0@[mcore:[#49]#200]#202])>+3: {"op": "ShiftDyn". "out": 1. "n": 1. "label": 2}')
+756: guard_nonnull_class(p3, ConstClass(MetaStackWithBinding), descr=<Guard0x1405dae30>) [p2, p7, p9, p11, p13, p15, p17, p19, p21, p23, p25, p27, p29, p31, p33, p35, p37, p0, p1, p3, p4]
+784: p63 = getfield_gc_r(p3, descr=<FieldP rpyeffect.stack.MetaStackLike.inst_stack 8 pure>)
+788: p64 = getfield_gc_r(p3, descr=<FieldP rpyeffect.stack.MetaStack.inst_label 16 pure>)
+792: p65 = getfield_gc_r(p3, descr=<FieldP rpyeffect.stack.MetaStackWithBinding.inst_binding 40 pure>)
+796: p66 = getfield_gc_r(p3, descr=<FieldP rpyeffect.stack.MetaStack.inst_tail 32 pure>)
debug_merge_point(0, 0, '124<main.rpyeffect:116([method_Emit_0@[mcore:[#49]#200]#202])>+4: {"op": "Const". "type": "ptr". "out": 2. "format": "int". "value": "<IntValue object at 0x140600be0>"}')
debug_merge_point(0, 0, '124<main.rpyeffect:116([method_Emit_0@[mcore:[#49]#200]#202])>+5: {"op": "Const". "type": "ptr". "out": 3. "format": "string". "value": "Name(Get_1)"}')
debug_merge_point(0, 0, '124<main.rpyeffect:116([method_Emit_0@[mcore:[#49]#200]#202])>+6: {"op": "PrimOp". "name": "getGlobal(String): Ptr". "out": {"any": [3]}. "in": {"any": [3]}}')
debug_merge_point(0, 0, '124<main.rpyeffect:116([method_Emit_0@[mcore:[#49]#200]#202])>+7: {"op": "GetDynamic". "out": 2. "n": 2. "label": 3}')
+800: i68 = instance_ptr_eq(p65, ConstPtr(ptr67))
guard_false(i68, descr=<Guard0x140615610>) [p2, p7, p9, p11, p13, p15, p17, p19, p21, p23, p25, p27, p29, p31, p33, p35, p37, p0, p1, p3, p4]
+812: i70 = instance_ptr_eq(p64, ConstPtr(ptr69))
guard_false(i70, descr=<Guard0x1406155e0>) [p2, p7, p9, p11, p13, p15, p17, p19, p21, p23, p25, p27, p29, p31, p33, p35, p37, p0, p1, p3, p4]
+820: guard_nonnull_class(p66, ConstClass(MetaStackWithBinding), descr=<Guard0x1405dade8>) [p2, p7, p9, p11, p13, p15, p17, p19, p21, p23, p25, p27, p29, p31, p33, p35, p37, p0, p1, p3, p4]
+844: p72 = getfield_gc_r(p66, descr=<FieldP rpyeffect.stack.MetaStack.inst_label 16 pure>)
+848: i74 = instance_ptr_eq(p72, ConstPtr(ptr73))
guard_true(i74, descr=<Guard0x1406155b0>) [p2, p7, p9, p11, p13, p15, p17, p19, p21, p23, p25, p27, p29, p31, p33, p35, p37, p0, p1, p3, p4]
+856: p75 = getfield_gc_r(p66, descr=<FieldP rpyeffect.stack.MetaStackWithBinding.inst_binding 40 pure>)
debug_merge_point(0, 0, '124<main.rpyeffect:116([method_Emit_0@[mcore:[#49]#200]#202])>+8: {"op": "Construct". "out": 3. "type": Interned({"op": "eff$Tuple". "elements": []}). "tag": Interned({"op": "eff$Tuple". "elements": []}). "args": {"any": []}}')
debug_merge_point(0, 0, '124<main.rpyeffect:116([method_Emit_0@[mcore:[#49]#200]#202])>+9: {"op": "Push". "target": 123. "args": {"any": [0. 1]}}')
debug_merge_point(0, 0, '124<main.rpyeffect:116([method_Emit_0@[mcore:[#49]#200]#202])>+10: {"op": "Copy". "type": "any". "from": 3. "to". 0}')
debug_merge_point(0, 0, '124<main.rpyeffect:116([method_Emit_0@[mcore:[#49]#200]#202])>+11: {"op": "Invoke". "receiver": 2. "tag": Interned(Get_1). "args" : {"any": [0]}}')
+860: p76 = getfield_gc_r(p75, descr=<FieldP rpyeffect.codata.CoData.inst_vtable 8 pure>)
+872: guard_value(p76, ConstPtr(ptr77), descr=<Guard0x140615580>) [p2, p7, p9, p11, p13, p15, p17, p19, p21, p23, p25, p27, p29, p31, p33, p35, p37, p0, p1, p3, p4]
+880: p78 = getfield_gc_r(p75, descr=<FieldP rpyeffect.stored_environment.CoData__arb.inst_values_ptr 16 pure>)
+884: i79 = arraylen_gc(p78, descr=<ArrayP 8>)
+888: guard_value(i79, 1, descr=<Guard0x140615550>) [p2, p7, p9, p11, p13, p15, p17, p19, p21, p23, p25, p27, p29, p31, p33, p35, p37, p0, p1, p3, p4]
+900: p82 = getarrayitem_gc_pure_r(p78, 0, descr=<ArrayP 8>)
debug_merge_point(0, 0, '113<main.rpyeffect:105([method_Get_1@[mcore:[#42]#160]#169])>+0: {"op": "Const". "type": "ptr". "out": 2. "format": "int". "value": "<IntValue object at 0x1405df5b0>"}')
debug_merge_point(0, 0, '113<main.rpyeffect:105([method_Get_1@[mcore:[#42]#160]#169])>+1: {"op": "ShiftDyn". "out": 1. "n": 2. "label": 1}')
+904: i83 = instance_ptr_eq(p64, p82)
guard_false(i83, descr=<Guard0x140615520>) [p2, p7, p9, p11, p13, p15, p17, p19, p21, p23, p25, p27, p29, p31, p33, p35, p37, p0, p1, p3, p4]
+912: p84 = getfield_gc_r(p66, descr=<FieldP rpyeffect.stack.MetaStack.inst_region 24 pure>)
+916: guard_isnull(p84, descr=<Guard0x1406154f0>) [p2, p7, p9, p11, p13, p15, p17, p19, p21, p23, p25, p27, p29, p31, p33, p35, p37, p0, p1, p3, p4]
+924: i85 = instance_ptr_eq(p72, p82)
guard_false(i85, descr=<Guard0x1406154c0>) [p2, p7, p9, p11, p13, p15, p17, p19, p21, p23, p25, p27, p29, p31, p33, p35, p37, p0, p1, p3, p4]
+932: p86 = getfield_gc_r(p66, descr=<FieldP rpyeffect.stack.MetaStack.inst_tail 32 pure>)
+936: p87 = getfield_gc_r(p86, descr=<FieldP rpyeffect.stack.MetaStack.inst_region 24 pure>)
+944: guard_isnull(p87, descr=<Guard0x140615490>) [p2, p7, p9, p11, p13, p15, p17, p19, p21, p23, p25, p27, p29, p31, p33, p35, p37, p0, p1, p3, p4]
+952: p88 = getfield_gc_r(p86, descr=<FieldP rpyeffect.stack.MetaStack.inst_label 16 pure>)
+956: i89 = instance_ptr_eq(p88, p82)
guard_true(i89, descr=<Guard0x140615460>) [p2, p7, p9, p11, p13, p15, p17, p19, p21, p23, p25, p27, p29, p31, p33, p35, p37, p0, p1, p3, p4]
+964: p90 = getfield_gc_r(p86, descr=<FieldP rpyeffect.stack.MetaStackLike.inst_stack 8 pure>)
+968: guard_class(p86, 4314414040, descr=<Guard0x140615430>) [p2, p7, p9, p11, p13, p15, p17, p19, p21, p23, p25, p27, p29, p31, p33, p35, p37, p0, p1, p3, p4]
+984: p92 = getfield_gc_r(p86, descr=<FieldP rpyeffect.stack.MetaStack.inst_tail 32 pure>)
+988: p93 = getfield_gc_r(p66, descr=<FieldP rpyeffect.stack.MetaStackLike.inst_stack 8 pure>)
+992: i95 = instance_ptr_eq(p65, ConstPtr(ptr94))
guard_false(i95, descr=<Guard0x140615400>) [p2, p7, p9, p11, p13, p15, p17, p19, p21, p23, p25, p27, p29, p31, p33, p35, p37, p0, p1, p3, p4]
+1000: guard_nonnull_class(p92, 4314414040, descr=<Guard0x1405dada0>) [p2, p7, p9, p11, p13, p15, p17, p19, p21, p23, p25, p27, p29, p31, p33, p35, p37, p0, p1, p3, p4]
+1024: p97 = getfield_gc_r(p92, descr=<FieldP rpyeffect.stack.MetaStackLike.inst_stack 8 pure>)
+1028: p98 = getfield_gc_r(p92, descr=<FieldP rpyeffect.stack.MetaStack.inst_label 16 pure>)
+1036: p99 = getfield_gc_r(p92, descr=<FieldP rpyeffect.stack.MetaStack.inst_tail 32 pure>)
debug_merge_point(0, 0, '113<main.rpyeffect:105([method_Get_1@[mcore:[#42]#160]#169])>+2: {"op": "Swap". "type": "any". "a": 0. "b". 1}')
debug_merge_point(0, 0, '113<main.rpyeffect:105([method_Get_1@[mcore:[#42]#160]#169])>+3: {"op": "Match". "type": Interned({"op": "eff$Tuple". "elements": []}). "scrutinee": 1. "clauses": [{"tag": Interned({"op": "eff$Tuple". "elements": []}). "target": 112. "args": {"any": []}}]. "default": {"tag": Interned(33101fd8-1bdd-48fe-99e2-81998521f8fb#[Missing Tag#414]). "target": 110. "args": {"any": []}}}')
debug_merge_point(0, 0, '112<main.rpyeffect:104([#175])>+0: {"op": "New". "out": 0. "targets": [111]. "args": {"any": [0]}}')
debug_merge_point(0, 0, '112<main.rpyeffect:104([#175])>+1: {"op": "Return". "args": {"any": [0]}}')
+1040: guard_nonnull(p97, descr=<Guard0x1406153d0>) [p2, p7, p9, p11, p13, p15, p17, p19, p21, p23, p25, p27, p29, p31, p33, p35, p37, p0, p1, p3, p4]
+1048: i100 = getfield_gc_i(p97, descr=<FieldS rpyeffect.stored_environment.Stack__arb.inst_target 16 pure>)
+1052: guard_value(i100, 105, descr=<Guard0x1406153a0>) [p2, p7, p9, p11, p13, p15, p17, p19, p21, p23, p25, p27, p29, p31, p33, p35, p37, p0, p1, p3, p4]
+1064: p102 = getfield_gc_r(p97, descr=<FieldP rpyeffect.stored_environment.Stack__arb.inst_values_ptr 24 pure>)
+1068: i103 = arraylen_gc(p102, descr=<ArrayP 8>)
+1072: guard_value(i103, 1, descr=<Guard0x140615340>) [p2, p7, p9, p11, p13, p15, p17, p19, p21, p23, p25, p27, p29, p31, p33, p35, p37, p0, p1, p3, p4]
+1084: p106 = getarrayitem_gc_pure_r(p102, 0, descr=<ArrayP 8>)
+1088: p107 = getfield_gc_r(p97, descr=<FieldP rpyeffect.stored_environment.Stack__arb.inst_tail 8 pure>)
debug_merge_point(0, 0, '105<main.rpyeffect:97([k@[mcore:[#39]#154]#158])>+0: {"op": "Swap". "type": "any". "a": 0. "b". 1}')
debug_merge_point(0, 0, '105<main.rpyeffect:97([k@[mcore:[#39]#154]#158])>+1: {"op": "Invoke". "receiver": 1. "tag": Interned(apply). "args" : {"any": [0]}}')
debug_merge_point(0, 0, '111<main.rpyeffect:103([method_apply@[#175]#178])>+0: {"op": "Jump". "target": 103}')
debug_merge_point(0, 0, '103<main.rpyeffect:95([mcore:[#35]#151])>+0: {"op": "Push". "target": 102. "args": {"any": [0]}}')
debug_merge_point(0, 0, '103<main.rpyeffect:95([mcore:[#35]#151])>+1: {"op": "Jump". "target": 101}')
debug_merge_point(0, 0, '101<main.rpyeffect:93(Name(k_72))>+0: {"op": "PushStack". "arg": 1}')
debug_merge_point(0, 0, '101<main.rpyeffect:93(Name(k_72))>+1: {"op": "Return". "args": {"any": [0]}}')
debug_merge_point(0, 0, '123<main.rpyeffect:115([k@[method_Emit_0@[mcore:[#49]#200]#202]#217])>+0: {"op": "Push". "target": 122. "args": {"any": [1. 2]}}')
debug_merge_point(0, 0, '123<main.rpyeffect:115([k@[method_Emit_0@[mcore:[#49]#200]#202]#217])>+1: {"op": "Jump". "target": 59}')
debug_merge_point(0, 0, '59<main.rpyeffect:51(Name(+_27))>+0: {"op": "New". "out": 0. "targets": [58]. "args": {"any": [0]}}')
+1092: p108 = new_with_vtable(descr=<SizeDescr 32>)
+1204: p110 = new_array_clear(2, descr=<ArrayP 8>)
+1224: p111 = new_with_vtable(descr=<SizeDescr 16>)
+1240: setfield_gc(p111, i48, descr=<FieldS rpyeffect.value.IntValue.inst_value 8 pure>)
+1244: setarrayitem_gc(p110, 0, p111, descr=<ArrayP 8>)
+1248: p113 = new_with_vtable(descr=<SizeDescr 48>)
+1260: p114 = new_with_vtable(descr=<SizeDescr 32>)
+1276: setfield_gc(p114, p45, descr=<FieldP rpyeffect.stored_environment.Stack__arb.inst_tail 8 pure>)
+1280: setfield_gc(p114, 92, descr=<FieldS rpyeffect.stored_environment.Stack__arb.inst_target 16 pure>)
+1288: p117 = new_array_clear(2, descr=<ArrayP 8>)
+1308: setarrayitem_gc(p117, 0, p44, descr=<ArrayP 8>)
+1316: setarrayitem_gc(p117, 1, p111, descr=<ArrayP 8>)
+1320: setfield_gc(p114, p117, descr=<FieldP rpyeffect.stored_environment.Stack__arb.inst_values_ptr 24 pure>)
+1324: setfield_gc(p113, p114, descr=<FieldP rpyeffect.stack.MetaStackLike.inst_stack 8 pure>)
+1328: setfield_gc(p113, p0, descr=<FieldP rpyeffect.stack.MetaStack.inst_label 16 pure>)
+1332: setfield_gc(p113, ConstPtr(null), descr=<FieldP rpyeffect.stack.MetaStack.inst_region 24 pure>)
+1340: setfield_gc(p113, ConstPtr(null), descr=<FieldP rpyeffect.stack.MetaStack.inst_tail 32 pure>)
+1348: setfield_gc(p113, p4, descr=<FieldP rpyeffect.stack.MetaStackWithBinding.inst_binding 40 pure>)
+1352: setarrayitem_gc(p110, 1, p113, descr=<ArrayP 8>)
+1356: p123 = new_with_vtable(descr=<SizeDescr 48>)
+1368: p124 = new_with_vtable(descr=<SizeDescr 40>)
+1380: setfield_gc(p124, p90, descr=<FieldP rpyeffect.stack.MetaStackLike.inst_stack 8 pure>)
+1384: setfield_gc(p124, p88, descr=<FieldP rpyeffect.stack.MetaStack.inst_label 16 pure>)
+1388: setfield_gc(p124, ConstPtr(null), descr=<FieldP rpyeffect.stack.MetaStack.inst_region 24 pure>)
+1396: p126 = new_with_vtable(descr=<SizeDescr 40>)
+1408: p127 = new_with_vtable(descr=<SizeDescr 32>)
+1420: setfield_gc(p127, p107, descr=<FieldP rpyeffect.stored_environment.Stack__arb.inst_tail 8 pure>)
+1424: setfield_gc(p127, 102, descr=<FieldS rpyeffect.stored_environment.Stack__arb.inst_target 16 pure>)
+1432: p130 = new_array_clear(1, descr=<ArrayP 8>)
+1452: setarrayitem_gc(p130, 0, p106, descr=<ArrayP 8>)
+1460: setfield_gc(p127, p130, descr=<FieldP rpyeffect.stored_environment.Stack__arb.inst_values_ptr 24 pure>)
+1464: setfield_gc(p126, p127, descr=<FieldP rpyeffect.stack.MetaStackLike.inst_stack 8 pure>)
+1468: setfield_gc(p126, p98, descr=<FieldP rpyeffect.stack.MetaStack.inst_label 16 pure>)
+1472: setfield_gc(p126, ConstPtr(null), descr=<FieldP rpyeffect.stack.MetaStack.inst_region 24 pure>)
+1480: setfield_gc(p126, p99, descr=<FieldP rpyeffect.stack.MetaStack.inst_tail 32 pure>)
+1484: setfield_gc(p124, p126, descr=<FieldP rpyeffect.stack.MetaStack.inst_tail 32 pure>)
+1488: p133 = new_with_vtable(descr=<SizeDescr 24>)
+1500: p135 = new_array_clear(0, descr=<ArrayP 8>)
+1520: setfield_gc(p108, 122, descr=<FieldS rpyeffect.stored_environment.Stack__arb.inst_target 16 pure>)
+1528: setfield_gc(p108, p110, descr=<FieldP rpyeffect.stored_environment.Stack__arb.inst_values_ptr 24 pure>)
+1532: setfield_gc(p108, p63, descr=<FieldP rpyeffect.stored_environment.Stack__arb.inst_tail 8 pure>)
+1536: setfield_gc(p123, p93, descr=<FieldP rpyeffect.stack.MetaStackLike.inst_stack 8 pure>)
+1540: setfield_gc(p123, p72, descr=<FieldP rpyeffect.stack.MetaStack.inst_label 16 pure>)
+1548: setfield_gc(p123, p75, descr=<FieldP rpyeffect.stack.MetaStackWithBinding.inst_binding 40 pure>)
+1556: setfield_gc(p123, p124, descr=<FieldP rpyeffect.stack.MetaStack.inst_tail 32 pure>)
+1560: setfield_gc(p123, ConstPtr(null), descr=<FieldP rpyeffect.stack.MetaStack.inst_region 24 pure>)
+1572: setfield_gc(p133, ConstPtr(ptr138), descr=<FieldP rpyeffect.data.Data.inst_tag 8>)
+1576: setfield_gc(p133, p135, descr=<FieldP rpyeffect.stored_environment.Data__arb.inst_values_ptr 16 pure>)
+1580: jump(p64, p108, p2, p123, p65, p106, p111, p113, p133, p15, p17, p19, p21, p23, p25, p27, p29, p31, p33, p35, p37, descr=TargetToken(5374889056))
+1624: --end of the loop--
[a29036] jit-log-opt-loop}
[ab2238] {jit-log-opt-loop
# Loop 3 (58<main.rpyeffect:50([method_apply@Name(+_27)#74])>+0: {"op": "Jump", "target": 57}) : entry bridge with 157 ops
[p0, p1, p2, p3, p4]
+392: p5 = getfield_gc_r(p2, descr=<FieldP rpyeffect.environment.Environment.inst_values_ptr 16>)
+400: p7 = getarrayitem_gc_r(p5, 0, descr=<ArrayP 8>)
+404: p9 = getarrayitem_gc_r(p5, 1, descr=<ArrayP 8>)
+408: p11 = getarrayitem_gc_r(p5, 2, descr=<ArrayP 8>)
+412: p13 = getarrayitem_gc_r(p5, 3, descr=<ArrayP 8>)
+416: p15 = getarrayitem_gc_r(p5, 4, descr=<ArrayP 8>)
+420: p17 = getarrayitem_gc_r(p5, 5, descr=<ArrayP 8>)
+424: p19 = getarrayitem_gc_r(p5, 6, descr=<ArrayP 8>)
+428: p21 = getarrayitem_gc_r(p5, 7, descr=<ArrayP 8>)
+432: p23 = getarrayitem_gc_r(p5, 8, descr=<ArrayP 8>)
+436: p25 = getarrayitem_gc_r(p5, 9, descr=<ArrayP 8>)
+440: p27 = getarrayitem_gc_r(p5, 10, descr=<ArrayP 8>)
+444: p29 = getarrayitem_gc_r(p5, 11, descr=<ArrayP 8>)
+448: p31 = getarrayitem_gc_r(p5, 12, descr=<ArrayP 8>)
+452: p33 = getarrayitem_gc_r(p5, 13, descr=<ArrayP 8>)
+456: p35 = getarrayitem_gc_r(p5, 14, descr=<ArrayP 8>)
+460: p37 = getarrayitem_gc_r(p5, 15, descr=<ArrayP 8>)
debug_merge_point(0, 0, '58<main.rpyeffect:50([method_apply@Name(+_27)#74])>+0: {"op": "Jump". "target": 57}')
+464: guard_not_invalidated(descr=<Guard0x1405dae78>) [p2, p7, p9, p11, p13, p15, p17, p19, p21, p23, p25, p27, p29, p31, p33, p35, p37, p0, p1, p3, p4]
debug_merge_point(0, 0, '57<main.rpyeffect:49([mcore:[#23]#71])>+0: {"op": "PrimOp". "name": "infixAdd(Int. Int): Int". "out": {"any": [0]}. "in": {"any": [1. 0]}}')
+468: i38 = getfield_gc_i(p9, descr=<FieldS rpyeffect.value.IntValue.inst_value 8 pure>)
+476: i39 = getfield_gc_i(p7, descr=<FieldS rpyeffect.value.IntValue.inst_value 8 pure>)
+484: i40 = int_add(i38, i39)
debug_merge_point(0, 0, '57<main.rpyeffect:49([mcore:[#23]#71])>+1: {"op": "Return". "args": {"any": [0]}}')
+488: guard_nonnull(p1, descr=<Guard0x140630290>) [p2, p7, p9, p11, p13, p15, p17, p19, p21, p23, p25, p27, p29, p31, p33, p35, p37, p0, p1, p3, p4]
+500: i41 = getfield_gc_i(p1, descr=<FieldS rpyeffect.stored_environment.Stack__arb.inst_target 16 pure>)
+512: guard_value(i41, 121, descr=<Guard0x1406302c0>) [p2, p7, p9, p11, p13, p15, p17, p19, p21, p23, p25, p27, p29, p31, p33, p35, p37, p0, p1, p3, p4]
+524: p43 = getfield_gc_r(p1, descr=<FieldP rpyeffect.stored_environment.Stack__arb.inst_values_ptr 24 pure>)
+528: i44 = arraylen_gc(p43, descr=<ArrayP 8>)
+536: guard_value(i44, 1, descr=<Guard0x1406302f0>) [p2, p7, p9, p11, p13, p15, p17, p19, p21, p23, p25, p27, p29, p31, p33, p35, p37, p0, p1, p3, p4]
+548: p47 = getarrayitem_gc_pure_r(p43, 0, descr=<ArrayP 8>)
+552: p48 = getfield_gc_r(p1, descr=<FieldP rpyeffect.stored_environment.Stack__arb.inst_tail 8 pure>)
debug_merge_point(0, 0, '121<main.rpyeffect:113([k@[#219]#221])>+0: {"op": "Const". "type": "ptr". "out": 2. "format": "int". "value": "<IntValue object at 0x1405df2e0>"}')
debug_merge_point(0, 0, '121<main.rpyeffect:113([k@[#219]#221])>+1: {"op": "Const". "type": "ptr". "out": 3. "format": "string". "value": "Name(Set_2)"}')
debug_merge_point(0, 0, '121<main.rpyeffect:113([k@[#219]#221])>+2: {"op": "PrimOp". "name": "getGlobal(String): Ptr". "out": {"any": [3]}. "in": {"any": [3]}}')
debug_merge_point(0, 0, '121<main.rpyeffect:113([k@[#219]#221])>+3: {"op": "GetDynamic". "out": 2. "n": 2. "label": 3}')
+564: i50 = instance_ptr_eq(p4, ConstPtr(ptr49))
guard_false(i50, descr=<Guard0x140630320>) [p2, p7, p9, p11, p13, p15, p17, p19, p21, p23, p25, p27, p29, p31, p33, p35, p37, p0, p1, p3, p4]
+588: i52 = instance_ptr_eq(p0, ConstPtr(ptr51))
guard_true(i52, descr=<Guard0x140630350>) [p2, p7, p9, p11, p13, p15, p17, p19, p21, p23, p25, p27, p29, p31, p33, p35, p37, p0, p1, p3, p4]
debug_merge_point(0, 0, '121<main.rpyeffect:113([k@[#219]#221])>+4: {"op": "Push". "target": 120. "args": {"any": [1]}}')
debug_merge_point(0, 0, '121<main.rpyeffect:113([k@[#219]#221])>+5: {"op": "Invoke". "receiver": 2. "tag": Interned(Set_2). "args" : {"any": [0]}}')
+604: p53 = getfield_gc_r(p4, descr=<FieldP rpyeffect.codata.CoData.inst_vtable 8 pure>)
+620: guard_value(p53, ConstPtr(ptr54), descr=<Guard0x140630380>) [p2, p7, p9, p11, p13, p15, p17, p19, p21, p23, p25, p27, p29, p31, p33, p35, p37, p0, p1, p3, p4]
+628: p55 = getfield_gc_r(p4, descr=<FieldP rpyeffect.stored_environment.CoData__arb.inst_values_ptr 16 pure>)
+632: i56 = arraylen_gc(p55, descr=<ArrayP 8>)
+636: guard_value(i56, 1, descr=<Guard0x1406303b0>) [p2, p7, p9, p11, p13, p15, p17, p19, p21, p23, p25, p27, p29, p31, p33, p35, p37, p0, p1, p3, p4]
+648: p59 = getarrayitem_gc_pure_r(p55, 0, descr=<ArrayP 8>)
debug_merge_point(0, 0, '116<main.rpyeffect:108([method_Set_2@[mcore:[#42]#160]#187])>+0: {"op": "Const". "type": "ptr". "out": 2. "format": "int". "value": "<IntValue object at 0x1405df520>"}')
debug_merge_point(0, 0, '116<main.rpyeffect:108([method_Set_2@[mcore:[#42]#160]#187])>+1: {"op": "ShiftDyn". "out": 1. "n": 2. "label": 1}')
+652: i60 = instance_ptr_eq(p0, p59)
guard_false(i60, descr=<Guard0x1406303e0>) [p2, p7, p9, p11, p13, p15, p17, p19, p21, p23, p25, p27, p29, p31, p33, p35, p37, p0, p1, p3, p4]
+660: p61 = getfield_gc_r(p3, descr=<FieldP rpyeffect.stack.MetaStack.inst_region 24 pure>)
+672: guard_isnull(p61, descr=<Guard0x140630410>) [p2, p7, p9, p11, p13, p15, p17, p19, p21, p23, p25, p27, p29, p31, p33, p35, p37, p0, p1, p3, p4]
+680: p62 = getfield_gc_r(p3, descr=<FieldP rpyeffect.stack.MetaStack.inst_label 16 pure>)
+684: i63 = instance_ptr_eq(p62, p59)
guard_false(i63, descr=<Guard0x140630440>) [p2, p7, p9, p11, p13, p15, p17, p19, p21, p23, p25, p27, p29, p31, p33, p35, p37, p0, p1, p3, p4]
+692: p64 = getfield_gc_r(p3, descr=<FieldP rpyeffect.stack.MetaStack.inst_tail 32 pure>)
+700: p65 = getfield_gc_r(p64, descr=<FieldP rpyeffect.stack.MetaStack.inst_region 24 pure>)
+708: guard_isnull(p65, descr=<Guard0x140630470>) [p2, p7, p9, p11, p13, p15, p17, p19, p21, p23, p25, p27, p29, p31, p33, p35, p37, p0, p1, p3, p4]
+716: p66 = getfield_gc_r(p64, descr=<FieldP rpyeffect.stack.MetaStack.inst_label 16 pure>)
+720: i67 = instance_ptr_eq(p66, p59)
guard_true(i67, descr=<Guard0x1406304a0>) [p2, p7, p9, p11, p13, p15, p17, p19, p21, p23, p25, p27, p29, p31, p33, p35, p37, p0, p1, p3, p4]
+728: p68 = getfield_gc_r(p64, descr=<FieldP rpyeffect.stack.MetaStackLike.inst_stack 8 pure>)
+732: guard_class(p64, 4314414040, descr=<Guard0x1406304d0>) [p2, p7, p9, p11, p13, p15, p17, p19, p21, p23, p25, p27, p29, p31, p33, p35, p37, p0, p1, p3, p4]
+748: p70 = getfield_gc_r(p64, descr=<FieldP rpyeffect.stack.MetaStack.inst_tail 32 pure>)
+752: p71 = getfield_gc_r(p3, descr=<FieldP rpyeffect.stack.MetaStackLike.inst_stack 8 pure>)
+760: guard_class(p3, ConstClass(MetaStackWithBinding), descr=<Guard0x140630500>) [p2, p7, p9, p11, p13, p15, p17, p19, p21, p23, p25, p27, p29, p31, p33, p35, p37, p0, p1, p3, p4]
+776: p73 = getfield_gc_r(p3, descr=<FieldP rpyeffect.stack.MetaStackWithBinding.inst_binding 40 pure>)
+784: i75 = instance_ptr_eq(p73, ConstPtr(ptr74))
guard_false(i75, descr=<Guard0x140630530>) [p2, p7, p9, p11, p13, p15, p17, p19, p21, p23, p25, p27, p29, p31, p33, p35, p37, p0, p1, p3, p4]
+792: guard_nonnull_class(p70, 4314414040, descr=<Guard0x1405daec0>) [p2, p7, p9, p11, p13, p15, p17, p19, p21, p23, p25, p27, p29, p31, p33, p35, p37, p0, p1, p3, p4]
+816: p77 = getfield_gc_r(p70, descr=<FieldP rpyeffect.stack.MetaStackLike.inst_stack 8 pure>)
+824: p78 = getfield_gc_r(p70, descr=<FieldP rpyeffect.stack.MetaStack.inst_label 16 pure>)
+832: p79 = getfield_gc_r(p70, descr=<FieldP rpyeffect.stack.MetaStack.inst_tail 32 pure>)
debug_merge_point(0, 0, '116<main.rpyeffect:108([method_Set_2@[mcore:[#42]#160]#187])>+2: {"op": "New". "out": 0. "targets": [115]. "args": {"any": [1. 0]}}')
debug_merge_point(0, 0, '116<main.rpyeffect:108([method_Set_2@[mcore:[#42]#160]#187])>+3: {"op": "Return". "args": {"any": [0]}}')
+836: guard_nonnull(p77, descr=<Guard0x140630560>) [p2, p7, p9, p11, p13, p15, p17, p19, p21, p23, p25, p27, p29, p31, p33, p35, p37, p0, p1, p3, p4]
+844: i80 = getfield_gc_i(p77, descr=<FieldS rpyeffect.stored_environment.Stack__arb.inst_target 16 pure>)
+848: guard_value(i80, 102, descr=<Guard0x140630590>) [p2, p7, p9, p11, p13, p15, p17, p19, p21, p23, p25, p27, p29, p31, p33, p35, p37, p0, p1, p3, p4]
+860: p82 = getfield_gc_r(p77, descr=<FieldP rpyeffect.stored_environment.Stack__arb.inst_values_ptr 24 pure>)
+864: i83 = arraylen_gc(p82, descr=<ArrayP 8>)
+868: guard_value(i83, 1, descr=<Guard0x1406305c0>) [p2, p7, p9, p11, p13, p15, p17, p19, p21, p23, p25, p27, p29, p31, p33, p35, p37, p0, p1, p3, p4]
+880: p86 = getarrayitem_gc_pure_r(p82, 0, descr=<ArrayP 8>)
+880: p87 = getfield_gc_r(p77, descr=<FieldP rpyeffect.stored_environment.Stack__arb.inst_tail 8 pure>)
debug_merge_point(0, 0, '102<main.rpyeffect:94([k@[mcore:[#35]#151]#153])>+0: {"op": "Swap". "type": "any". "a": 0. "b". 1}')
debug_merge_point(0, 0, '102<main.rpyeffect:94([k@[mcore:[#35]#151]#153])>+1: {"op": "Invoke". "receiver": 1. "tag": Interned(apply). "args" : {"any": [0]}}')
debug_merge_point(0, 0, '115<main.rpyeffect:107([#192])>+0: {"op": "Jump". "target": 106}')
debug_merge_point(0, 0, '106<main.rpyeffect:98([mcore:[#39]#154])>+0: {"op": "Construct". "out": 0. "type": Interned({"op": "eff$Tuple". "elements": []}). "tag": Interned({"op": "eff$Tuple". "elements": []}). "args": {"any": []}}')
debug_merge_point(0, 0, '106<main.rpyeffect:98([mcore:[#39]#154])>+1: {"op": "Push". "target": 105. "args": {"any": [2]}}')
debug_merge_point(0, 0, '106<main.rpyeffect:98([mcore:[#39]#154])>+2: {"op": "Jump". "target": 104}')
debug_merge_point(0, 0, '104<main.rpyeffect:96(Name(k_76))>+0: {"op": "PushStack". "arg": 1}')
debug_merge_point(0, 0, '104<main.rpyeffect:96(Name(k_76))>+1: {"op": "Return". "args": {"any": [0]}}')
debug_merge_point(0, 0, '120<main.rpyeffect:112([k@[k@[#219]#221]#229])>+0: {"op": "Construct". "out": 0. "type": Interned({"op": "eff$Tuple". "elements": []}). "tag": Interned({"op": "eff$Tuple". "elements": []}). "args": {"any": []}}')
debug_merge_point(0, 0, '120<main.rpyeffect:112([k@[k@[#219]#221]#229])>+1: {"op": "Jump". "target": 119}')
debug_merge_point(0, 0, '119<main.rpyeffect:111(Name(k_82))>+0: {"op": "PushStack". "arg": 1}')
+884: guard_nonnull_class(p47, ConstClass(MetaStackWithBinding), descr=<Guard0x1405daf08>) [p2, p7, p9, p11, p13, p15, p17, p19, p21, p23, p25, p27, p29, p31, p33, p35, p37, p0, p1, p3, p4]
+908: p89 = getfield_gc_r(p47, descr=<FieldP rpyeffect.stack.MetaStack.inst_region 24 pure>)
+912: guard_isnull(p89, descr=<Guard0x1406305f0>) [p2, p7, p9, p11, p13, p15, p17, p19, p21, p23, p25, p27, p29, p31, p33, p35, p37, p0, p1, p3, p4]
+920: p90 = getfield_gc_r(p47, descr=<FieldP rpyeffect.stack.MetaStackLike.inst_stack 8 pure>)
+924: p91 = getfield_gc_r(p47, descr=<FieldP rpyeffect.stack.MetaStack.inst_tail 32 pure>)
+928: guard_isnull(p91, descr=<Guard0x140630620>) [p2, p7, p9, p11, p13, p15, p17, p19, p21, p23, p25, p27, p29, p31, p33, p35, p37, p0, p1, p3, p4]
+936: p92 = getfield_gc_r(p47, descr=<FieldP rpyeffect.stack.MetaStack.inst_label 16 pure>)
+940: p93 = getfield_gc_r(p47, descr=<FieldP rpyeffect.stack.MetaStackWithBinding.inst_binding 40 pure>)
+944: i95 = instance_ptr_eq(p93, ConstPtr(ptr94))
guard_false(i95, descr=<Guard0x140630650>) [p2, p7, p9, p11, p13, p15, p17, p19, p21, p23, p25, p27, p29, p31, p33, p35, p37, p0, p1, p3, p4]
debug_merge_point(0, 0, '119<main.rpyeffect:111(Name(k_82))>+1: {"op": "Return". "args": {"any": [0]}}')
+952: guard_nonnull(p90, descr=<Guard0x140630680>) [p2, p7, p9, p11, p13, p15, p17, p19, p21, p23, p25, p27, p29, p31, p33, p35, p37, p0, p1, p3, p4]
+960: i96 = getfield_gc_i(p90, descr=<FieldS rpyeffect.stored_environment.Stack__arb.inst_target 16 pure>)
+964: guard_value(i96, 92, descr=<Guard0x1406306b0>) [p2, p7, p9, p11, p13, p15, p17, p19, p21, p23, p25, p27, p29, p31, p33, p35, p37, p0, p1, p3, p4]
+976: p98 = getfield_gc_r(p90, descr=<FieldP rpyeffect.stored_environment.Stack__arb.inst_values_ptr 24 pure>)
+980: i99 = arraylen_gc(p98, descr=<ArrayP 8>)
+988: guard_value(i99, 2, descr=<Guard0x1406306e0>) [p2, p7, p9, p11, p13, p15, p17, p19, p21, p23, p25, p27, p29, p31, p33, p35, p37, p0, p1, p3, p4]
+1000: p102 = getarrayitem_gc_pure_r(p98, 0, descr=<ArrayP 8>)
+1004: p104 = getarrayitem_gc_pure_r(p98, 1, descr=<ArrayP 8>)
+1008: p105 = getfield_gc_r(p90, descr=<FieldP rpyeffect.stored_environment.Stack__arb.inst_tail 8 pure>)
debug_merge_point(0, 0, '92<main.rpyeffect:84([k@[switch case for Bool(false)#121]#129])>+0: {"op": "Push". "target": 91. "args": {"any": [1]}}')
debug_merge_point(0, 0, '92<main.rpyeffect:84([k@[switch case for Bool(false)#121]#129])>+1: {"op": "Copy". "type": "any". "from": 2. "to". 0}')
debug_merge_point(0, 0, '92<main.rpyeffect:84([k@[switch case for Bool(false)#121]#129])>+2: {"op": "Jump". "target": 59}')
debug_merge_point(0, 0, '59<main.rpyeffect:51(Name(+_27))>+0: {"op": "New". "out": 0. "targets": [58]. "args": {"any": [0]}}')
+1012: p106 = new_with_vtable(descr=<SizeDescr 32>)
+1124: p108 = new_array_clear(1, descr=<ArrayP 8>)
+1148: setarrayitem_gc(p108, 0, p102, descr=<ArrayP 8>)
+1152: p110 = new_with_vtable(descr=<SizeDescr 48>)
+1168: p111 = new_with_vtable(descr=<SizeDescr 48>)
+1184: setfield_gc(p111, p71, descr=<FieldP rpyeffect.stack.MetaStackLike.inst_stack 8 pure>)
+1188: setfield_gc(p111, p62, descr=<FieldP rpyeffect.stack.MetaStack.inst_label 16 pure>)
+1196: setfield_gc(p111, ConstPtr(null), descr=<FieldP rpyeffect.stack.MetaStack.inst_region 24 pure>)
+1204: p113 = new_with_vtable(descr=<SizeDescr 40>)
+1216: setfield_gc(p113, p68, descr=<FieldP rpyeffect.stack.MetaStackLike.inst_stack 8 pure>)
+1220: setfield_gc(p113, p66, descr=<FieldP rpyeffect.stack.MetaStack.inst_label 16 pure>)
+1224: setfield_gc(p113, ConstPtr(null), descr=<FieldP rpyeffect.stack.MetaStack.inst_region 24 pure>)
+1232: p115 = new_with_vtable(descr=<SizeDescr 40>)
+1244: p116 = new_with_vtable(descr=<SizeDescr 32>)
+1256: setfield_gc(p116, p87, descr=<FieldP rpyeffect.stored_environment.Stack__arb.inst_tail 8 pure>)
+1260: setfield_gc(p116, 105, descr=<FieldS rpyeffect.stored_environment.Stack__arb.inst_target 16 pure>)
+1268: p119 = new_array_clear(1, descr=<ArrayP 8>)
+1288: p120 = new_with_vtable(descr=<SizeDescr 16>)
+1300: setfield_gc(p120, i40, descr=<FieldS rpyeffect.value.IntValue.inst_value 8 pure>)
+1304: setarrayitem_gc(p119, 0, p120, descr=<ArrayP 8>)
+1308: setfield_gc(p116, p119, descr=<FieldP rpyeffect.stored_environment.Stack__arb.inst_values_ptr 24 pure>)
+1312: setfield_gc(p115, p116, descr=<FieldP rpyeffect.stack.MetaStackLike.inst_stack 8 pure>)
+1316: setfield_gc(p115, p78, descr=<FieldP rpyeffect.stack.MetaStack.inst_label 16 pure>)
+1320: setfield_gc(p115, ConstPtr(null), descr=<FieldP rpyeffect.stack.MetaStack.inst_region 24 pure>)
+1328: setfield_gc(p115, p79, descr=<FieldP rpyeffect.stack.MetaStack.inst_tail 32 pure>)
+1336: setfield_gc(p113, p115, descr=<FieldP rpyeffect.stack.MetaStack.inst_tail 32 pure>)
+1340: setfield_gc(p111, p113, descr=<FieldP rpyeffect.stack.MetaStack.inst_tail 32 pure>)
+1344: setfield_gc(p111, p73, descr=<FieldP rpyeffect.stack.MetaStackWithBinding.inst_binding 40 pure>)
+1348: setfield_gc(p106, 91, descr=<FieldS rpyeffect.stored_environment.Stack__arb.inst_target 16 pure>)
+1356: setfield_gc(p106, p108, descr=<FieldP rpyeffect.stored_environment.Stack__arb.inst_values_ptr 24 pure>)
+1360: setfield_gc(p106, p105, descr=<FieldP rpyeffect.stored_environment.Stack__arb.inst_tail 8 pure>)
+1364: setfield_gc(p110, ConstPtr(null), descr=<FieldP rpyeffect.stack.MetaStack.inst_region 24 pure>)
+1372: setfield_gc(p110, p0, descr=<FieldP rpyeffect.stack.MetaStack.inst_label 16 pure>)
+1376: setfield_gc(p110, p111, descr=<FieldP rpyeffect.stack.MetaStack.inst_tail 32 pure>)
+1380: setfield_gc(p110, p48, descr=<FieldP rpyeffect.stack.MetaStackLike.inst_stack 8 pure>)
+1384: setfield_gc(p110, p4, descr=<FieldP rpyeffect.stack.MetaStackWithBinding.inst_binding 40 pure>)
+1392: jump(p92, p106, p2, p110, p93, p104, p102, p104, ConstPtr(ptr125), p15, p17, p19, p21, p23, p25, p27, p29, p31, p33, p35, p37, descr=TargetToken(5374889056))
+1636: --end of the loop--
[acdad0] jit-log-opt-loop}
[b607ef] {jit-log-opt-bridge
# bridge out of Guard 0x1405f7730 with 145 ops
[p0, p1, p2, p3, p4, p5, p6, p7, p8, p9, p10, p11, p12, p13, p14, p15, p16, p17, p18, p19, p20]
+312: guard_not_invalidated(descr=<Guard0x1405daf50>) [p0, p1, p2, p3, p4, p5, p6, p7, p8, p9, p10, p11, p12, p13, p14, p15, p16, p17, p18, p19, p20]
debug_merge_point(0, 0, '59<main.rpyeffect:51(Name(+_27))>+1: {"op": "Return". "args": {"any": [0]}}')
+316: guard_nonnull(p18, descr=<Guard0x140630d10>) [p0, p1, p2, p3, p4, p5, p6, p7, p8, p9, p10, p11, p12, p13, p14, p15, p16, p17, p18, p19, p20]
+324: i21 = getfield_gc_i(p18, descr=<FieldS rpyeffect.stored_environment.Stack__arb.inst_target 16 pure>)
+328: guard_value(i21, 122, descr=<Guard0x140630d40>) [p0, p1, p2, p3, p4, p5, p6, p7, p8, p9, p10, p11, p12, p13, p14, p15, p16, p17, p18, p19, p20]
+340: p23 = getfield_gc_r(p18, descr=<FieldP rpyeffect.stored_environment.Stack__arb.inst_values_ptr 24 pure>)
+344: i24 = arraylen_gc(p23, descr=<ArrayP 8>)
+348: guard_value(i24, 2, descr=<Guard0x140630d70>) [p0, p1, p2, p3, p4, p5, p6, p7, p8, p9, p10, p11, p12, p13, p14, p15, p16, p17, p18, p19, p20]
+360: p27 = getarrayitem_gc_pure_r(p23, 0, descr=<ArrayP 8>)
+364: p29 = getarrayitem_gc_pure_r(p23, 1, descr=<ArrayP 8>)
+368: p30 = getfield_gc_r(p18, descr=<FieldP rpyeffect.stored_environment.Stack__arb.inst_tail 8 pure>)
debug_merge_point(0, 0, '122<main.rpyeffect:114([#219])>+0: {"op": "Push". "target": 121. "args": {"any": [2]}}')
debug_merge_point(0, 0, '122<main.rpyeffect:114([#219])>+1: {"op": "Swap". "type": "any". "a": 0. "b". 1}')
debug_merge_point(0, 0, '122<main.rpyeffect:114([#219])>+2: {"op": "Invoke". "receiver": 1. "tag": Interned(apply). "args" : {"any": [0]}}')
debug_merge_point(0, 0, '58<main.rpyeffect:50([method_apply@Name(+_27)#74])>+0: {"op": "Jump". "target": 57}')
debug_merge_point(0, 0, '57<main.rpyeffect:49([mcore:[#23]#71])>+0: {"op": "PrimOp". "name": "infixAdd(Int. Int): Int". "out": {"any": [0]}. "in": {"any": [1. 0]}}')
+372: i31 = getfield_gc_i(p1, descr=<FieldS rpyeffect.value.IntValue.inst_value 8 pure>)
+376: i32 = getfield_gc_i(p27, descr=<FieldS rpyeffect.value.IntValue.inst_value 8 pure>)
+380: i33 = int_add(i31, i32)
debug_merge_point(0, 0, '57<main.rpyeffect:49([mcore:[#23]#71])>+1: {"op": "Return". "args": {"any": [0]}}')
debug_merge_point(0, 0, '121<main.rpyeffect:113([k@[#219]#221])>+0: {"op": "Const". "type": "ptr". "out": 2. "format": "int". "value": "<IntValue object at 0x1405df2e0>"}')
debug_merge_point(0, 0, '121<main.rpyeffect:113([k@[#219]#221])>+1: {"op": "Const". "type": "ptr". "out": 3. "format": "string". "value": "Name(Set_2)"}')
debug_merge_point(0, 0, '121<main.rpyeffect:113([k@[#219]#221])>+2: {"op": "PrimOp". "name": "getGlobal(String): Ptr". "out": {"any": [3]}. "in": {"any": [3]}}')
debug_merge_point(0, 0, '121<main.rpyeffect:113([k@[#219]#221])>+3: {"op": "GetDynamic". "out": 2. "n": 2. "label": 3}')
+388: i35 = instance_ptr_eq(p20, ConstPtr(ptr34))
guard_false(i35, descr=<Guard0x140630da0>) [p0, p1, p2, p3, p4, p5, p6, p7, p8, p9, p10, p11, p12, p13, p14, p15, p16, p17, p18, p19, p20]
+404: i37 = instance_ptr_eq(p17, ConstPtr(ptr36))
guard_true(i37, descr=<Guard0x140630dd0>) [p0, p1, p2, p3, p4, p5, p6, p7, p8, p9, p10, p11, p12, p13, p14, p15, p16, p17, p18, p19, p20]
debug_merge_point(0, 0, '121<main.rpyeffect:113([k@[#219]#221])>+4: {"op": "Push". "target": 120. "args": {"any": [1]}}')
debug_merge_point(0, 0, '121<main.rpyeffect:113([k@[#219]#221])>+5: {"op": "Invoke". "receiver": 2. "tag": Interned(Set_2). "args" : {"any": [0]}}')
+416: p38 = getfield_gc_r(p20, descr=<FieldP rpyeffect.codata.CoData.inst_vtable 8 pure>)
+424: guard_value(p38, ConstPtr(ptr39), descr=<Guard0x140630e00>) [p0, p1, p2, p3, p4, p5, p6, p7, p8, p9, p10, p11, p12, p13, p14, p15, p16, p17, p18, p19, p20]
+432: p40 = getfield_gc_r(p20, descr=<FieldP rpyeffect.stored_environment.CoData__arb.inst_values_ptr 16 pure>)
+436: i41 = arraylen_gc(p40, descr=<ArrayP 8>)
+440: guard_value(i41, 1, descr=<Guard0x140630e30>) [p0, p1, p2, p3, p4, p5, p6, p7, p8, p9, p10, p11, p12, p13, p14, p15, p16, p17, p18, p19, p20]
+452: p44 = getarrayitem_gc_pure_r(p40, 0, descr=<ArrayP 8>)
debug_merge_point(0, 0, '116<main.rpyeffect:108([method_Set_2@[mcore:[#42]#160]#187])>+0: {"op": "Const". "type": "ptr". "out": 2. "format": "int". "value": "<IntValue object at 0x1405df520>"}')
debug_merge_point(0, 0, '116<main.rpyeffect:108([method_Set_2@[mcore:[#42]#160]#187])>+1: {"op": "ShiftDyn". "out": 1. "n": 2. "label": 1}')
+456: i45 = instance_ptr_eq(p17, p44)
guard_false(i45, descr=<Guard0x140630e60>) [p0, p1, p2, p3, p4, p5, p6, p7, p8, p9, p10, p11, p12, p13, p14, p15, p16, p17, p18, p19, p20]
+464: p46 = getfield_gc_r(p19, descr=<FieldP rpyeffect.stack.MetaStack.inst_region 24 pure>)
+472: guard_isnull(p46, descr=<Guard0x140630e90>) [p0, p1, p2, p3, p4, p5, p6, p7, p8, p9, p10, p11, p12, p13, p14, p15, p16, p17, p18, p19, p20]
+480: p47 = getfield_gc_r(p19, descr=<FieldP rpyeffect.stack.MetaStack.inst_label 16 pure>)
+484: i48 = instance_ptr_eq(p47, p44)
guard_false(i48, descr=<Guard0x140630ec0>) [p0, p1, p2, p3, p4, p5, p6, p7, p8, p9, p10, p11, p12, p13, p14, p15, p16, p17, p18, p19, p20]
+492: p49 = getfield_gc_r(p19, descr=<FieldP rpyeffect.stack.MetaStack.inst_tail 32 pure>)
+496: p50 = getfield_gc_r(p49, descr=<FieldP rpyeffect.stack.MetaStack.inst_region 24 pure>)
+500: guard_isnull(p50, descr=<Guard0x140630ef0>) [p0, p1, p2, p3, p4, p5, p6, p7, p8, p9, p10, p11, p12, p13, p14, p15, p16, p17, p18, p19, p20]
+508: p51 = getfield_gc_r(p49, descr=<FieldP rpyeffect.stack.MetaStack.inst_label 16 pure>)
+512: i52 = instance_ptr_eq(p51, p44)
guard_true(i52, descr=<Guard0x140630f20>) [p0, p1, p2, p3, p4, p5, p6, p7, p8, p9, p10, p11, p12, p13, p14, p15, p16, p17, p18, p19, p20]
+520: p53 = getfield_gc_r(p49, descr=<FieldP rpyeffect.stack.MetaStackLike.inst_stack 8 pure>)
+524: guard_class(p49, 4314414040, descr=<Guard0x140630f50>) [p0, p1, p2, p3, p4, p5, p6, p7, p8, p9, p10, p11, p12, p13, p14, p15, p16, p17, p18, p19, p20]
+540: p55 = getfield_gc_r(p49, descr=<FieldP rpyeffect.stack.MetaStack.inst_tail 32 pure>)
+544: p56 = getfield_gc_r(p19, descr=<FieldP rpyeffect.stack.MetaStackLike.inst_stack 8 pure>)
+548: guard_class(p19, ConstClass(MetaStackWithBinding), descr=<Guard0x140630f80>) [p0, p1, p2, p3, p4, p5, p6, p7, p8, p9, p10, p11, p12, p13, p14, p15, p16, p17, p18, p19, p20]
+564: p58 = getfield_gc_r(p19, descr=<FieldP rpyeffect.stack.MetaStackWithBinding.inst_binding 40 pure>)
+568: i60 = instance_ptr_eq(p58, ConstPtr(ptr59))
guard_false(i60, descr=<Guard0x140630fb0>) [p0, p1, p2, p3, p4, p5, p6, p7, p8, p9, p10, p11, p12, p13, p14, p15, p16, p17, p18, p19, p20]
+576: guard_nonnull_class(p55, 4314414040, descr=<Guard0x1405daf98>) [p0, p1, p2, p3, p4, p5, p6, p7, p8, p9, p10, p11, p12, p13, p14, p15, p16, p17, p18, p19, p20]
+600: p62 = getfield_gc_r(p55, descr=<FieldP rpyeffect.stack.MetaStackLike.inst_stack 8 pure>)
+608: p63 = getfield_gc_r(p55, descr=<FieldP rpyeffect.stack.MetaStack.inst_label 16 pure>)
+616: p64 = getfield_gc_r(p55, descr=<FieldP rpyeffect.stack.MetaStack.inst_tail 32 pure>)
debug_merge_point(0, 0, '116<main.rpyeffect:108([method_Set_2@[mcore:[#42]#160]#187])>+2: {"op": "New". "out": 0. "targets": [115]. "args": {"any": [1. 0]}}')
debug_merge_point(0, 0, '116<main.rpyeffect:108([method_Set_2@[mcore:[#42]#160]#187])>+3: {"op": "Return". "args": {"any": [0]}}')
+620: guard_nonnull(p62, descr=<Guard0x140630fe0>) [p0, p1, p2, p3, p4, p5, p6, p7, p8, p9, p10, p11, p12, p13, p14, p15, p16, p17, p18, p19, p20]
+628: i65 = getfield_gc_i(p62, descr=<FieldS rpyeffect.stored_environment.Stack__arb.inst_target 16 pure>)
+636: guard_value(i65, 102, descr=<Guard0x140631010>) [p0, p1, p2, p3, p4, p5, p6, p7, p8, p9, p10, p11, p12, p13, p14, p15, p16, p17, p18, p19, p20]
+648: p67 = getfield_gc_r(p62, descr=<FieldP rpyeffect.stored_environment.Stack__arb.inst_values_ptr 24 pure>)
+652: i68 = arraylen_gc(p67, descr=<ArrayP 8>)
+656: guard_value(i68, 1, descr=<Guard0x140631040>) [p0, p1, p2, p3, p4, p5, p6, p7, p8, p9, p10, p11, p12, p13, p14, p15, p16, p17, p18, p19, p20]
+668: p71 = getarrayitem_gc_pure_r(p67, 0, descr=<ArrayP 8>)
+668: p72 = getfield_gc_r(p62, descr=<FieldP rpyeffect.stored_environment.Stack__arb.inst_tail 8 pure>)
debug_merge_point(0, 0, '102<main.rpyeffect:94([k@[mcore:[#35]#151]#153])>+0: {"op": "Swap". "type": "any". "a": 0. "b". 1}')
debug_merge_point(0, 0, '102<main.rpyeffect:94([k@[mcore:[#35]#151]#153])>+1: {"op": "Invoke". "receiver": 1. "tag": Interned(apply). "args" : {"any": [0]}}')
debug_merge_point(0, 0, '115<main.rpyeffect:107([#192])>+0: {"op": "Jump". "target": 106}')
debug_merge_point(0, 0, '106<main.rpyeffect:98([mcore:[#39]#154])>+0: {"op": "Construct". "out": 0. "type": Interned({"op": "eff$Tuple". "elements": []}). "tag": Interned({"op": "eff$Tuple". "elements": []}). "args": {"any": []}}')
debug_merge_point(0, 0, '106<main.rpyeffect:98([mcore:[#39]#154])>+1: {"op": "Push". "target": 105. "args": {"any": [2]}}')
debug_merge_point(0, 0, '106<main.rpyeffect:98([mcore:[#39]#154])>+2: {"op": "Jump". "target": 104}')
debug_merge_point(0, 0, '104<main.rpyeffect:96(Name(k_76))>+0: {"op": "PushStack". "arg": 1}')
debug_merge_point(0, 0, '104<main.rpyeffect:96(Name(k_76))>+1: {"op": "Return". "args": {"any": [0]}}')
debug_merge_point(0, 0, '120<main.rpyeffect:112([k@[k@[#219]#221]#229])>+0: {"op": "Construct". "out": 0. "type": Interned({"op": "eff$Tuple". "elements": []}). "tag": Interned({"op": "eff$Tuple". "elements": []}). "args": {"any": []}}')
debug_merge_point(0, 0, '120<main.rpyeffect:112([k@[k@[#219]#221]#229])>+1: {"op": "Jump". "target": 119}')
debug_merge_point(0, 0, '119<main.rpyeffect:111(Name(k_82))>+0: {"op": "PushStack". "arg": 1}')
+672: guard_nonnull_class(p29, ConstClass(MetaStackWithBinding), descr=<Guard0x1405dafe0>) [p0, p1, p2, p3, p4, p5, p6, p7, p8, p9, p10, p11, p12, p13, p14, p15, p16, p17, p18, p19, p20]
+696: p74 = getfield_gc_r(p29, descr=<FieldP rpyeffect.stack.MetaStack.inst_region 24 pure>)
+700: guard_isnull(p74, descr=<Guard0x140631070>) [p0, p1, p2, p3, p4, p5, p6, p7, p8, p9, p10, p11, p12, p13, p14, p15, p16, p17, p18, p19, p20]
+708: p75 = getfield_gc_r(p29, descr=<FieldP rpyeffect.stack.MetaStackLike.inst_stack 8 pure>)
+712: p76 = getfield_gc_r(p29, descr=<FieldP rpyeffect.stack.MetaStack.inst_tail 32 pure>)
+716: guard_isnull(p76, descr=<Guard0x1406310a0>) [p0, p1, p2, p3, p4, p5, p6, p7, p8, p9, p10, p11, p12, p13, p14, p15, p16, p17, p18, p19, p20]
+724: p77 = getfield_gc_r(p29, descr=<FieldP rpyeffect.stack.MetaStack.inst_label 16 pure>)
+728: p78 = getfield_gc_r(p29, descr=<FieldP rpyeffect.stack.MetaStackWithBinding.inst_binding 40 pure>)
+732: i80 = instance_ptr_eq(p78, ConstPtr(ptr79))
guard_false(i80, descr=<Guard0x1406310d0>) [p0, p1, p2, p3, p4, p5, p6, p7, p8, p9, p10, p11, p12, p13, p14, p15, p16, p17, p18, p19, p20]
debug_merge_point(0, 0, '119<main.rpyeffect:111(Name(k_82))>+1: {"op": "Return". "args": {"any": [0]}}')
+740: guard_nonnull(p75, descr=<Guard0x140631100>) [p0, p1, p2, p3, p4, p5, p6, p7, p8, p9, p10, p11, p12, p13, p14, p15, p16, p17, p18, p19, p20]
+748: i81 = getfield_gc_i(p75, descr=<FieldS rpyeffect.stored_environment.Stack__arb.inst_target 16 pure>)
+752: guard_value(i81, 92, descr=<Guard0x140631130>) [p0, p1, p2, p3, p4, p5, p6, p7, p8, p9, p10, p11, p12, p13, p14, p15, p16, p17, p18, p19, p20]
+764: p83 = getfield_gc_r(p75, descr=<FieldP rpyeffect.stored_environment.Stack__arb.inst_values_ptr 24 pure>)
+768: i84 = arraylen_gc(p83, descr=<ArrayP 8>)
+776: guard_value(i84, 2, descr=<Guard0x140631160>) [p0, p1, p2, p3, p4, p5, p6, p7, p8, p9, p10, p11, p12, p13, p14, p15, p16, p17, p18, p19, p20]
+788: p87 = getarrayitem_gc_pure_r(p83, 0, descr=<ArrayP 8>)
+792: p89 = getarrayitem_gc_pure_r(p83, 1, descr=<ArrayP 8>)
+796: p90 = getfield_gc_r(p75, descr=<FieldP rpyeffect.stored_environment.Stack__arb.inst_tail 8 pure>)
debug_merge_point(0, 0, '92<main.rpyeffect:84([k@[switch case for Bool(false)#121]#129])>+0: {"op": "Push". "target": 91. "args": {"any": [1]}}')
debug_merge_point(0, 0, '92<main.rpyeffect:84([k@[switch case for Bool(false)#121]#129])>+1: {"op": "Copy". "type": "any". "from": 2. "to". 0}')
debug_merge_point(0, 0, '92<main.rpyeffect:84([k@[switch case for Bool(false)#121]#129])>+2: {"op": "Jump". "target": 59}')
debug_merge_point(0, 0, '59<main.rpyeffect:51(Name(+_27))>+0: {"op": "New". "out": 0. "targets": [58]. "args": {"any": [0]}}')
+800: p91 = new_with_vtable(descr=<SizeDescr 32>)
+912: p93 = new_array_clear(1, descr=<ArrayP 8>)
+936: setarrayitem_gc(p93, 0, p87, descr=<ArrayP 8>)
+940: p95 = new_with_vtable(descr=<SizeDescr 48>)
+956: p96 = new_with_vtable(descr=<SizeDescr 48>)
+972: setfield_gc(p96, p56, descr=<FieldP rpyeffect.stack.MetaStackLike.inst_stack 8 pure>)
+976: setfield_gc(p96, p47, descr=<FieldP rpyeffect.stack.MetaStack.inst_label 16 pure>)
+980: setfield_gc(p96, ConstPtr(null), descr=<FieldP rpyeffect.stack.MetaStack.inst_region 24 pure>)
+988: p98 = new_with_vtable(descr=<SizeDescr 40>)
+1000: setfield_gc(p98, p53, descr=<FieldP rpyeffect.stack.MetaStackLike.inst_stack 8 pure>)
+1004: setfield_gc(p98, p51, descr=<FieldP rpyeffect.stack.MetaStack.inst_label 16 pure>)
+1008: setfield_gc(p98, ConstPtr(null), descr=<FieldP rpyeffect.stack.MetaStack.inst_region 24 pure>)
+1016: p100 = new_with_vtable(descr=<SizeDescr 40>)
+1028: p101 = new_with_vtable(descr=<SizeDescr 32>)
+1040: setfield_gc(p101, p72, descr=<FieldP rpyeffect.stored_environment.Stack__arb.inst_tail 8 pure>)
+1044: setfield_gc(p101, 105, descr=<FieldS rpyeffect.stored_environment.Stack__arb.inst_target 16 pure>)
+1052: p104 = new_array_clear(1, descr=<ArrayP 8>)
+1072: p105 = new_with_vtable(descr=<SizeDescr 16>)
+1084: setfield_gc(p105, i33, descr=<FieldS rpyeffect.value.IntValue.inst_value 8 pure>)
+1088: setarrayitem_gc(p104, 0, p105, descr=<ArrayP 8>)
+1092: setfield_gc(p101, p104, descr=<FieldP rpyeffect.stored_environment.Stack__arb.inst_values_ptr 24 pure>)
+1096: setfield_gc(p100, p101, descr=<FieldP rpyeffect.stack.MetaStackLike.inst_stack 8 pure>)
+1100: setfield_gc(p100, p63, descr=<FieldP rpyeffect.stack.MetaStack.inst_label 16 pure>)
+1104: setfield_gc(p100, ConstPtr(null), descr=<FieldP rpyeffect.stack.MetaStack.inst_region 24 pure>)
+1112: setfield_gc(p100, p64, descr=<FieldP rpyeffect.stack.MetaStack.inst_tail 32 pure>)
+1116: setfield_gc(p98, p100, descr=<FieldP rpyeffect.stack.MetaStack.inst_tail 32 pure>)
+1120: setfield_gc(p96, p98, descr=<FieldP rpyeffect.stack.MetaStack.inst_tail 32 pure>)
+1124: setfield_gc(p96, p58, descr=<FieldP rpyeffect.stack.MetaStackWithBinding.inst_binding 40 pure>)
+1132: setfield_gc(p91, 91, descr=<FieldS rpyeffect.stored_environment.Stack__arb.inst_target 16 pure>)
+1140: setfield_gc(p91, p93, descr=<FieldP rpyeffect.stored_environment.Stack__arb.inst_values_ptr 24 pure>)
+1144: setfield_gc(p91, p90, descr=<FieldP rpyeffect.stored_environment.Stack__arb.inst_tail 8 pure>)
+1152: setfield_gc(p95, ConstPtr(null), descr=<FieldP rpyeffect.stack.MetaStack.inst_region 24 pure>)
+1160: setfield_gc(p95, p17, descr=<FieldP rpyeffect.stack.MetaStack.inst_label 16 pure>)
+1164: setfield_gc(p95, p96, descr=<FieldP rpyeffect.stack.MetaStack.inst_tail 32 pure>)
+1168: setfield_gc(p95, p30, descr=<FieldP rpyeffect.stack.MetaStackLike.inst_stack 8 pure>)
+1172: setfield_gc(p95, p20, descr=<FieldP rpyeffect.stack.MetaStackWithBinding.inst_binding 40 pure>)
+1176: jump(p77, p91, p0, p95, p78, p89, p87, p89, ConstPtr(ptr110), p5, p6, p7, p8, p9, p10, p11, p12, p13, p14, p15, p16, descr=TargetToken(5374889056))
+1248: --end of the loop--
[b79eff] jit-log-opt-bridge}
[4c4f8737] {jit-summary
Tracing:      	3	0.001931
Backend:      	3	0.000743
TOTAL:      		1.272103
ops:             	5994
heapcached ops:  	1040
recorded ops:    	2327
  calls:         	1069
guards:          	273
opt ops:         	647
opt guards:      	125
opt guards shared:	108
forcings:        	0
abort: trace too long:	0
abort: compiling:	0
abort: vable escape:	0
abort: bad loop: 	0
abort: force quasi-immut:	0
abort: segmenting trace:	0
virtualizables forced:	0
nvirtuals:       	0
nvholes:         	0
nvreused:        	0
vecopt tried:    	0
vecopt success:  	0
Total # of loops:	2
Total # of bridges:	1
Freed # of loops:	0
Freed # of bridges:	0
[4c4fc469] jit-summary}
