[961aeb] {jit-log-opt-loop
# Loop 1 (8<main.rpyeffect:8(Name(infixSub105))>+0: {"op": "PrimOp", "name": "infixSub(Int, Int): Int", "out": {"any": [0]}, "in": {"any": [0, 1]}}) : loop with 228 ops
[p0, p1, p2, p3, p4]
+664: p5 = getfield_gc_r(p2, descr=<FieldP rpyeffect.environment.Environment.inst_values_ptr 16>)
+672: p7 = getarrayitem_gc_r(p5, 0, descr=<ArrayP 8>)
+676: p9 = getarrayitem_gc_r(p5, 1, descr=<ArrayP 8>)
+680: p11 = getarrayitem_gc_r(p5, 2, descr=<ArrayP 8>)
+684: p13 = getarrayitem_gc_r(p5, 3, descr=<ArrayP 8>)
+688: p15 = getarrayitem_gc_r(p5, 4, descr=<ArrayP 8>)
+692: p17 = getarrayitem_gc_r(p5, 5, descr=<ArrayP 8>)
+696: p19 = getarrayitem_gc_r(p5, 6, descr=<ArrayP 8>)
+700: label(p0, p1, p2, p3, p4, p7, p9, p11, p13, p15, p17, p19, descr=TargetToken(5106480352))
debug_merge_point(0, 0, '8<main.rpyeffect:8(Name(infixSub105))>+0: {"op": "PrimOp". "name": "infixSub(Int. Int): Int". "out": {"any": [0]}. "in": {"any": [0. 1]}}')
+720: guard_not_invalidated(descr=<Guard0x1305e8e78>) [p2, p7, p9, p11, p13, p15, p17, p19, p0, p1, p3, p4]
+724: i20 = getfield_gc_i(p7, descr=<FieldS rpyeffect.value.IntValue.inst_value 8 pure>)
+728: i21 = getfield_gc_i(p9, descr=<FieldS rpyeffect.value.IntValue.inst_value 8 pure>)
+732: i22 = int_sub(i20, i21)
debug_merge_point(0, 0, '8<main.rpyeffect:8(Name(infixSub105))>+1: {"op": "Return". "args": {"any": [0]}}')
+736: guard_nonnull(p1, descr=<Guard0x1305f5d30>) [p2, p7, p9, p11, p13, p15, p17, p19, p0, p1, p3, p4]
+748: i23 = getfield_gc_i(p1, descr=<FieldS rpyeffect.stored_environment.Stack__arb.inst_target 16 pure>)
+756: guard_value(i23, 146, descr=<Guard0x1305f5d60>) [p2, p7, p9, p11, p13, p15, p17, p19, p0, p1, p3, p4]
+768: p25 = getfield_gc_r(p1, descr=<FieldP rpyeffect.stored_environment.Stack__2.inst_values_ptr_0 32 pure>)
+772: p26 = getfield_gc_r(p1, descr=<FieldP rpyeffect.stored_environment.Stack__2.inst_values_ptr_1 40 pure>)
+776: p27 = getfield_gc_r(p1, descr=<FieldP rpyeffect.stored_environment.Stack__arb.inst_tail 8 pure>)
debug_merge_point(0, 0, '146<main.rpyeffect:146([k@[then#294]#298])>+0: {"op": "Push". "target": 145. "args": {"any": [1. 2]}}')
debug_merge_point(0, 0, '146<main.rpyeffect:146([k@[then#294]#298])>+1: {"op": "Invoke". "receiver": 2. "tag": Interned(Set2832). "args" : {"any": [0]}}')
+780: p28 = getfield_gc_r(p26, descr=<FieldP rpyeffect.codata.CoData.inst_vtable 8 pure>)
+788: guard_value(p28, ConstPtr(ptr29), descr=<Guard0x1305f5d90>) [p2, p7, p9, p11, p13, p15, p17, p19, p0, p1, p3, p4]
+796: p30 = getfield_gc_r(p26, descr=<FieldP rpyeffect.stored_environment.CoData__2.inst_values_ptr_0 24 pure>)
+800: p31 = getfield_gc_r(p26, descr=<FieldP rpyeffect.stored_environment.CoData__2.inst_values_ptr_1 32 pure>)
debug_merge_point(0, 0, '169<main.rpyeffect:169([method_Set2832@Name(run2828)#346])>+0: {"op": "Const". "type": "ptr". "out": 3. "format": "int". "value": "<IntValue object at 0x1305dbf10>"}')
debug_merge_point(0, 0, '169<main.rpyeffect:169([method_Set2832@Name(run2828)#346])>+1: {"op": "ShiftDyn". "out": 1. "n": 3. "label": 1}')
+808: i33 = instance_ptr_eq(p4, ConstPtr(ptr32))
guard_true(i33, descr=<Guard0x1305f5dc0>) [p2, p7, p9, p11, p13, p15, p17, p19, p0, p1, p3, p4]
+820: guard_nonnull(p0, descr=<Guard0x1305f5df0>) [p2, p7, p9, p11, p13, p15, p17, p19, p0, p1, p3, p4]
+832: guard_nonnull(p30, descr=<Guard0x1305f5e20>) [p2, p7, p9, p11, p13, p15, p17, p19, p0, p1, p3, p4]
+840: i34 = getfield_gc_i(p0, descr=<FieldS rpyeffect.stack.Label.inst_origin 8 pure>)
+848: guard_value(i34, 145408, descr=<Guard0x1305f5e50>) [p2, p7, p9, p11, p13, p15, p17, p19, p0, p1, p3, p4]
+864: i36 = getfield_gc_i(p30, descr=<FieldS rpyeffect.stack.Label.inst_origin 8 pure>)
+868: guard_value(i36, 175108, descr=<Guard0x1305f5e80>) [p2, p7, p9, p11, p13, p15, p17, p19, p0, p1, p3, p4]
+884: p38 = getfield_gc_r(p3, descr=<FieldP rpyeffect.stack.MetaStack.inst_region 24 pure>)
+892: guard_isnull(p38, descr=<Guard0x1305f5eb0>) [p2, p7, p9, p11, p13, p15, p17, p19, p0, p1, p3, p4]
+900: p39 = getfield_gc_r(p3, descr=<FieldP rpyeffect.stack.MetaStack.inst_label 16 pure>)
+904: guard_nonnull(p39, descr=<Guard0x1305f5ee0>) [p2, p7, p9, p11, p13, p15, p17, p19, p0, p1, p3, p4]
+912: i40 = getfield_gc_i(p39, descr=<FieldS rpyeffect.stack.Label.inst_origin 8 pure>)
+916: guard_value(i40, 145408, descr=<Guard0x1305f5f10>) [p2, p7, p9, p11, p13, p15, p17, p19, p0, p1, p3, p4]
+932: p42 = getfield_gc_r(p3, descr=<FieldP rpyeffect.stack.MetaStack.inst_tail 32 pure>)
+936: p43 = getfield_gc_r(p42, descr=<FieldP rpyeffect.stack.MetaStack.inst_region 24 pure>)
+940: guard_isnull(p43, descr=<Guard0x1305f5f40>) [p2, p7, p9, p11, p13, p15, p17, p19, p0, p1, p3, p4]
+948: p44 = getfield_gc_r(p42, descr=<FieldP rpyeffect.stack.MetaStack.inst_label 16 pure>)
+952: guard_nonnull(p44, descr=<Guard0x1305f5f70>) [p2, p7, p9, p11, p13, p15, p17, p19, p0, p1, p3, p4]
+960: i45 = getfield_gc_i(p44, descr=<FieldS rpyeffect.stack.Label.inst_origin 8 pure>)
+964: guard_value(i45, 145408, descr=<Guard0x1305f5fa0>) [p2, p7, p9, p11, p13, p15, p17, p19, p0, p1, p3, p4]
+984: p47 = getfield_gc_r(p42, descr=<FieldP rpyeffect.stack.MetaStack.inst_tail 32 pure>)
+988: p48 = getfield_gc_r(p47, descr=<FieldP rpyeffect.stack.MetaStack.inst_region 24 pure>)
+992: guard_isnull(p48, descr=<Guard0x1305f5fd0>) [p2, p7, p9, p11, p13, p15, p17, p19, p0, p1, p3, p4]
+1000: p49 = getfield_gc_r(p47, descr=<FieldP rpyeffect.stack.MetaStack.inst_label 16 pure>)
+1004: guard_nonnull(p49, descr=<Guard0x13060a020>) [p2, p7, p9, p11, p13, p15, p17, p19, p0, p1, p3, p4]
+1012: i50 = getfield_gc_i(p49, descr=<FieldS rpyeffect.stack.Label.inst_origin 8 pure>)
+1020: guard_value(i50, 145408, descr=<Guard0x13060a050>) [p2, p7, p9, p11, p13, p15, p17, p19, p0, p1, p3, p4]
+1036: p52 = getfield_gc_r(p47, descr=<FieldP rpyeffect.stack.MetaStack.inst_tail 32 pure>)
+1040: p53 = getfield_gc_r(p52, descr=<FieldP rpyeffect.stack.MetaStack.inst_region 24 pure>)
+1044: guard_isnull(p53, descr=<Guard0x13060a080>) [p2, p7, p9, p11, p13, p15, p17, p19, p0, p1, p3, p4]
+1052: p54 = getfield_gc_r(p52, descr=<FieldP rpyeffect.stack.MetaStack.inst_label 16 pure>)
+1056: guard_nonnull(p54, descr=<Guard0x13060a0b0>) [p2, p7, p9, p11, p13, p15, p17, p19, p0, p1, p3, p4]
+1064: i55 = getfield_gc_i(p54, descr=<FieldS rpyeffect.stack.Label.inst_origin 8 pure>)
+1072: guard_value(i55, 145408, descr=<Guard0x13060a0e0>) [p2, p7, p9, p11, p13, p15, p17, p19, p0, p1, p3, p4]
+1092: p57 = getfield_gc_r(p52, descr=<FieldP rpyeffect.stack.MetaStack.inst_tail 32 pure>)
+1096: p58 = getfield_gc_r(p57, descr=<FieldP rpyeffect.stack.MetaStack.inst_region 24 pure>)
+1100: guard_isnull(p58, descr=<Guard0x13060a110>) [p2, p7, p9, p11, p13, p15, p17, p19, p0, p1, p3, p4]
+1108: p59 = getfield_gc_r(p57, descr=<FieldP rpyeffect.stack.MetaStack.inst_label 16 pure>)
+1112: guard_nonnull(p59, descr=<Guard0x13060a140>) [p2, p7, p9, p11, p13, p15, p17, p19, p0, p1, p3, p4]
+1120: i60 = getfield_gc_i(p59, descr=<FieldS rpyeffect.stack.Label.inst_origin 8 pure>)
+1128: guard_value(i60, 145408, descr=<Guard0x13060a170>) [p2, p7, p9, p11, p13, p15, p17, p19, p0, p1, p3, p4]
+1148: p62 = getfield_gc_r(p57, descr=<FieldP rpyeffect.stack.MetaStack.inst_tail 32 pure>)
+1152: p63 = getfield_gc_r(p62, descr=<FieldP rpyeffect.stack.MetaStack.inst_region 24 pure>)
+1156: guard_isnull(p63, descr=<Guard0x13060a1a0>) [p2, p7, p9, p11, p13, p15, p17, p19, p0, p1, p3, p4]
+1164: p64 = getfield_gc_r(p62, descr=<FieldP rpyeffect.stack.MetaStack.inst_label 16 pure>)
+1168: guard_nonnull(p64, descr=<Guard0x13060a1d0>) [p2, p7, p9, p11, p13, p15, p17, p19, p0, p1, p3, p4]
+1176: i65 = getfield_gc_i(p64, descr=<FieldS rpyeffect.stack.Label.inst_origin 8 pure>)
+1184: guard_value(i65, 145408, descr=<Guard0x13060a200>) [p2, p7, p9, p11, p13, p15, p17, p19, p0, p1, p3, p4]
+1204: p67 = getfield_gc_r(p62, descr=<FieldP rpyeffect.stack.MetaStack.inst_tail 32 pure>)
+1208: p68 = getfield_gc_r(p67, descr=<FieldP rpyeffect.stack.MetaStack.inst_region 24 pure>)
+1212: guard_isnull(p68, descr=<Guard0x13060a230>) [p2, p7, p9, p11, p13, p15, p17, p19, p0, p1, p3, p4]
+1220: p69 = getfield_gc_r(p67, descr=<FieldP rpyeffect.stack.MetaStack.inst_label 16 pure>)
+1224: guard_nonnull(p69, descr=<Guard0x13060a260>) [p2, p7, p9, p11, p13, p15, p17, p19, p0, p1, p3, p4]
+1232: i70 = getfield_gc_i(p69, descr=<FieldS rpyeffect.stack.Label.inst_origin 8 pure>)
+1240: guard_value(i70, 145408, descr=<Guard0x13060a290>) [p2, p7, p9, p11, p13, p15, p17, p19, p0, p1, p3, p4]
+1260: p72 = getfield_gc_r(p67, descr=<FieldP rpyeffect.stack.MetaStack.inst_tail 32 pure>)
+1264: p73 = getfield_gc_r(p72, descr=<FieldP rpyeffect.stack.MetaStack.inst_region 24 pure>)
+1268: guard_isnull(p73, descr=<Guard0x13060a2c0>) [p2, p7, p9, p11, p13, p15, p17, p19, p0, p1, p3, p4]
+1276: p74 = getfield_gc_r(p72, descr=<FieldP rpyeffect.stack.MetaStack.inst_label 16 pure>)
+1280: guard_nonnull(p74, descr=<Guard0x13060a2f0>) [p2, p7, p9, p11, p13, p15, p17, p19, p0, p1, p3, p4]
+1288: i75 = getfield_gc_i(p74, descr=<FieldS rpyeffect.stack.Label.inst_origin 8 pure>)
+1296: guard_value(i75, 145408, descr=<Guard0x13060a320>) [p2, p7, p9, p11, p13, p15, p17, p19, p0, p1, p3, p4]
+1316: p77 = getfield_gc_r(p72, descr=<FieldP rpyeffect.stack.MetaStack.inst_tail 32 pure>)
+1320: p78 = getfield_gc_r(p77, descr=<FieldP rpyeffect.stack.MetaStack.inst_region 24 pure>)
+1324: guard_isnull(p78, descr=<Guard0x13060a350>) [p2, p7, p9, p11, p13, p15, p17, p19, p0, p1, p3, p4]
+1332: p79 = getfield_gc_r(p77, descr=<FieldP rpyeffect.stack.MetaStack.inst_label 16 pure>)
+1336: guard_nonnull(p79, descr=<Guard0x13060a380>) [p2, p7, p9, p11, p13, p15, p17, p19, p0, p1, p3, p4]
+1344: i80 = getfield_gc_i(p79, descr=<FieldS rpyeffect.stack.Label.inst_origin 8 pure>)
+1352: guard_value(i80, 145408, descr=<Guard0x13060a3b0>) [p2, p7, p9, p11, p13, p15, p17, p19, p0, p1, p3, p4]
+1368: p82 = getfield_gc_r(p77, descr=<FieldP rpyeffect.stack.MetaStack.inst_tail 32 pure>)
+1372: p83 = getfield_gc_r(p82, descr=<FieldP rpyeffect.stack.MetaStack.inst_region 24 pure>)
+1376: guard_isnull(p83, descr=<Guard0x13060a3e0>) [p2, p7, p9, p11, p13, p15, p17, p19, p0, p1, p3, p4]
+1384: p84 = getfield_gc_r(p82, descr=<FieldP rpyeffect.stack.MetaStack.inst_label 16 pure>)
+1388: guard_nonnull(p84, descr=<Guard0x13060a410>) [p2, p7, p9, p11, p13, p15, p17, p19, p0, p1, p3, p4]
+1396: i85 = getfield_gc_i(p84, descr=<FieldS rpyeffect.stack.Label.inst_origin 8 pure>)
+1400: guard_value(i85, 175108, descr=<Guard0x13060a440>) [p2, p7, p9, p11, p13, p15, p17, p19, p0, p1, p3, p4]
+1420: i87 = instance_ptr_eq(p84, p30)
guard_true(i87, descr=<Guard0x13060a470>) [p2, p7, p9, p11, p13, p15, p17, p19, p0, p1, p3, p4]
+1428: p88 = getfield_gc_r(p82, descr=<FieldP rpyeffect.stack.MetaStackLike.inst_stack 8 pure>)
+1432: guard_class(p82, 4299237168, descr=<Guard0x13060a4a0>) [p2, p7, p9, p11, p13, p15, p17, p19, p0, p1, p3, p4]
+1448: p90 = getfield_gc_r(p82, descr=<FieldP rpyeffect.stack.MetaStack.inst_tail 32 pure>)
+1452: p91 = getfield_gc_r(p77, descr=<FieldP rpyeffect.stack.MetaStackLike.inst_stack 8 pure>)
+1456: guard_class(p77, 4299237168, descr=<Guard0x13060a4d0>) [p2, p7, p9, p11, p13, p15, p17, p19, p0, p1, p3, p4]
+1472: p93 = getfield_gc_r(p72, descr=<FieldP rpyeffect.stack.MetaStackLike.inst_stack 8 pure>)
+1476: guard_class(p72, 4299237168, descr=<Guard0x13060a500>) [p2, p7, p9, p11, p13, p15, p17, p19, p0, p1, p3, p4]
+1492: p95 = getfield_gc_r(p67, descr=<FieldP rpyeffect.stack.MetaStackLike.inst_stack 8 pure>)
+1496: guard_class(p67, 4299237168, descr=<Guard0x13060a530>) [p2, p7, p9, p11, p13, p15, p17, p19, p0, p1, p3, p4]
+1512: p97 = getfield_gc_r(p62, descr=<FieldP rpyeffect.stack.MetaStackLike.inst_stack 8 pure>)
+1516: guard_class(p62, 4299237168, descr=<Guard0x13060a560>) [p2, p7, p9, p11, p13, p15, p17, p19, p0, p1, p3, p4]
+1532: p99 = getfield_gc_r(p57, descr=<FieldP rpyeffect.stack.MetaStackLike.inst_stack 8 pure>)
+1536: guard_class(p57, 4299237168, descr=<Guard0x13060a590>) [p2, p7, p9, p11, p13, p15, p17, p19, p0, p1, p3, p4]
+1552: p101 = getfield_gc_r(p52, descr=<FieldP rpyeffect.stack.MetaStackLike.inst_stack 8 pure>)
+1556: guard_class(p52, 4299237168, descr=<Guard0x13060a5c0>) [p2, p7, p9, p11, p13, p15, p17, p19, p0, p1, p3, p4]
+1572: p103 = getfield_gc_r(p47, descr=<FieldP rpyeffect.stack.MetaStackLike.inst_stack 8 pure>)
+1576: guard_class(p47, 4299237168, descr=<Guard0x13060a5f0>) [p2, p7, p9, p11, p13, p15, p17, p19, p0, p1, p3, p4]
+1592: p105 = getfield_gc_r(p42, descr=<FieldP rpyeffect.stack.MetaStackLike.inst_stack 8 pure>)
+1596: guard_class(p42, 4299237168, descr=<Guard0x13060a620>) [p2, p7, p9, p11, p13, p15, p17, p19, p0, p1, p3, p4]
+1612: p107 = getfield_gc_r(p3, descr=<FieldP rpyeffect.stack.MetaStackLike.inst_stack 8 pure>)
+1616: guard_class(p3, 4299237168, descr=<Guard0x13060a650>) [p2, p7, p9, p11, p13, p15, p17, p19, p0, p1, p3, p4]
+1632: guard_nonnull_class(p90, 4299237168, descr=<Guard0x1305e8ec0>) [p2, p7, p9, p11, p13, p15, p17, p19, p0, p1, p3, p4]
+1656: p110 = getfield_gc_r(p90, descr=<FieldP rpyeffect.stack.MetaStackLike.inst_stack 8 pure>)
+1664: p111 = getfield_gc_r(p90, descr=<FieldP rpyeffect.stack.MetaStack.inst_label 16 pure>)
+1672: p112 = getfield_gc_r(p90, descr=<FieldP rpyeffect.stack.MetaStack.inst_tail 32 pure>)
debug_merge_point(0, 0, '169<main.rpyeffect:169([method_Set2832@Name(run2828)#346])>+2: {"op": "Store". "ref": 2. "type": "any". "value": 0}')
+1676: p113 = getfield_gc_r(p31, descr=<FieldP rpyeffect.region.Ref.inst_allocation_site 8 pure>)
+1692: guard_value(p113, ConstPtr(ptr114), descr=<Guard0x13060a680>) [p2, p7, p9, p11, p13, p15, p17, p19, p0, p1, p3, p4]
+1700: p115 = getfield_gc_r(p31, descr=<FieldP rpyeffect.region.Ref.inst_value 16>)
debug_merge_point(0, 0, '169<main.rpyeffect:169([method_Set2832@Name(run2828)#346])>+3: {"op": "Construct". "out": 0. "type": Interned(Unit). "tag": Interned(unit). "args": {"any": []}}')
debug_merge_point(0, 0, '169<main.rpyeffect:169([method_Set2832@Name(run2828)#346])>+4: {"op": "Construct". "out": 0. "type": Interned(Unit). "tag": Interned(unit). "args": {"any": []}}')
debug_merge_point(0, 0, '169<main.rpyeffect:169([method_Set2832@Name(run2828)#346])>+5: {"op": "Jump". "target": 162}')
debug_merge_point(0, 0, '162<main.rpyeffect:162(Name(resume2841))>+0: {"op": "PushStack". "arg": 1}')
debug_merge_point(0, 0, '162<main.rpyeffect:162(Name(resume2841))>+1: {"op": "Return". "args": {"any": [0]}}')
debug_merge_point(0, 0, '145<main.rpyeffect:145([k@[k@[then#294]#298]#301])>+0: {"op": "Copy". "type": "any". "from": 1. "to". 0}')
debug_merge_point(0, 0, '145<main.rpyeffect:145([k@[k@[then#294]#298]#301])>+1: {"op": "Copy". "type": "any". "from": 2. "to". 1}')
debug_merge_point(0, 0, '145<main.rpyeffect:145([k@[k@[then#294]#298]#301])>+2: {"op": "Jump". "target": 150}')
debug_merge_point(0, 0, '150<main.rpyeffect:150(Name(countdown2822))>+0: {"op": "Push". "target": 149. "args": {"any": [0. 1]}}')
debug_merge_point(0, 0, '150<main.rpyeffect:150(Name(countdown2822))>+1: {"op": "Invoke". "receiver": 0. "tag": Interned(Get2830). "args" : {"any": []}}')
+1704: p116 = getfield_gc_r(p25, descr=<FieldP rpyeffect.codata.CoData.inst_vtable 8 pure>)
+1708: setfield_gc(p115, i22, descr=<FieldS rpyeffect.value.UnboxedIntValueRef.inst_value 8>)
+1724: guard_value(p116, ConstPtr(ptr117), descr=<Guard0x1305e8f08>) [p2, p25, p26, p15, p17, p19, p0, p116, p112, p111, p110, p84, p88, p79, p91, p74, p93, p69, p95, p64, p97, p59, p99, p54, p101, p49, p103, p44, p105, p39, p107, p27]
+1732: p118 = getfield_gc_r(p25, descr=<FieldP rpyeffect.stored_environment.CoData__2.inst_values_ptr_0 24 pure>)
+1736: p119 = getfield_gc_r(p25, descr=<FieldP rpyeffect.stored_environment.CoData__2.inst_values_ptr_1 32 pure>)
debug_merge_point(0, 0, '167<main.rpyeffect:167([method_Get2830@Name(run2828)#339])>+0: {"op": "Const". "type": "ptr". "out": 2. "format": "int". "value": "<IntValue object at 0x1305db230>"}')
debug_merge_point(0, 0, '167<main.rpyeffect:167([method_Get2830@Name(run2828)#339])>+1: {"op": "ShiftDyn". "out": 0. "n": 2. "label": 0}')
+1744: guard_nonnull(p118, descr=<Guard0x13060a6b0>) [p2, p25, p26, p15, p17, p19, p0, p116, p112, p111, p110, p84, p88, p79, p91, p74, p93, p69, p95, p64, p97, p59, p99, p54, p101, p49, p103, p44, p105, p39, p107, p27]
+1752: i120 = getfield_gc_i(p118, descr=<FieldS rpyeffect.stack.Label.inst_origin 8 pure>)
+1760: guard_value(i120, 175108, descr=<Guard0x13060a6e0>) [p2, p25, p26, p15, p17, p19, p0, p116, p112, p111, p110, p84, p88, p79, p91, p74, p93, p69, p95, p64, p97, p59, p99, p54, p101, p49, p103, p44, p105, p39, p107, p27]
+1780: i122 = instance_ptr_eq(p84, p118)
guard_true(i122, descr=<Guard0x13060a710>) [p2, p25, p26, p15, p17, p19, p0, p116, p112, p111, p110, p84, p88, p79, p91, p74, p93, p69, p95, p64, p97, p59, p99, p54, p101, p49, p103, p44, p105, p39, p107, p27]
debug_merge_point(0, 0, '167<main.rpyeffect:167([method_Get2830@Name(run2828)#339])>+2: {"op": "Load". "out": 1. "type": "any". "ref": 1}')
+1788: p123 = getfield_gc_r(p119, descr=<FieldP rpyeffect.region.Ref.inst_allocation_site 8 pure>)
+1792: guard_value(p123, ConstPtr(ptr124), descr=<Guard0x13060a740>) [p2, p25, p26, p15, p17, p19, p0, p116, p112, p111, p110, p84, p88, p79, p91, p74, p93, p69, p95, p64, p97, p59, p99, p54, p101, p49, p103, p44, p105, p39, p107, p27]
+1800: p125 = getfield_gc_r(p119, descr=<FieldP rpyeffect.region.Ref.inst_value 16>)
+1804: i126 = getfield_gc_i(p125, descr=<FieldS rpyeffect.value.UnboxedIntValueRef.inst_value 8>)
debug_merge_point(0, 0, '167<main.rpyeffect:167([method_Get2830@Name(run2828)#339])>+3: {"op": "Swap". "type": "any". "a": 0. "b". 1}')
debug_merge_point(0, 0, '167<main.rpyeffect:167([method_Get2830@Name(run2828)#339])>+4: {"op": "Jump". "target": 161}')
debug_merge_point(0, 0, '161<main.rpyeffect:161(Name(resume2839))>+0: {"op": "PushStack". "arg": 1}')
debug_merge_point(0, 0, '161<main.rpyeffect:161(Name(resume2839))>+1: {"op": "Return". "args": {"any": [0]}}')
debug_merge_point(0, 0, '149<main.rpyeffect:149([k@Name(countdown2822)#286])>+0: {"op": "Const". "type": "ptr". "out": 3. "format": "int". "value": "<IntValue object at 0x1305db4d0>"}')
debug_merge_point(0, 0, '149<main.rpyeffect:149([k@Name(countdown2822)#286])>+1: {"op": "Push". "target": 148. "args": {"any": [1. 2. 0]}}')
debug_merge_point(0, 0, '149<main.rpyeffect:149([k@Name(countdown2822)#286])>+2: {"op": "Copy". "type": "any". "from": 3. "to". 1}')
debug_merge_point(0, 0, '149<main.rpyeffect:149([k@Name(countdown2822)#286])>+3: {"op": "Jump". "target": 4}')
debug_merge_point(0, 0, '4<main.rpyeffect:4(Name(infixEq72))>+0: {"op": "PrimOp". "name": "infixEq(Int. Int): Boolean". "out": {"any": [0]}. "in": {"any": [0. 1]}}')
+1808: i128 = int_eq(i126, 0)
debug_merge_point(0, 0, '4<main.rpyeffect:4(Name(infixEq72))>+1: {"op": "Return". "args": {"any": [0]}}')
debug_merge_point(0, 0, '148<main.rpyeffect:148([k@[k@Name(countdown2822)#286]#290])>+0: {"op": "Swap". "type": "any". "a": 0. "b". 1}')
debug_merge_point(0, 0, '148<main.rpyeffect:148([k@[k@Name(countdown2822)#286]#290])>+1: {"op": "IfZero". "cond": 1. "then": {"tag": null. "target": 147. "args": {"any": []}}}')
guard_false(i128, descr=<Guard0x13060a770>) [p2, p25, p26, p15, p17, p19, p0, p116, p112, p111, p110, p84, p88, p79, p91, p74, p93, p69, p95, p64, p97, p59, p99, p54, p101, p49, p103, p44, p105, p39, p107, p27]
debug_merge_point(0, 0, '147<main.rpyeffect:147([then#294])>+0: {"op": "Const". "type": "ptr". "out": 1. "format": "int". "value": "<IntValue object at 0x1305db540>"}')
debug_merge_point(0, 0, '147<main.rpyeffect:147([then#294])>+1: {"op": "Push". "target": 146. "args": {"any": [0. 2]}}')
debug_merge_point(0, 0, '147<main.rpyeffect:147([then#294])>+2: {"op": "Copy". "type": "any". "from": 3. "to". 0}')
debug_merge_point(0, 0, '147<main.rpyeffect:147([then#294])>+3: {"op": "Jump". "target": 8}')
debug_merge_point(0, 0, '8<main.rpyeffect:8(Name(infixSub105))>+0: {"op": "PrimOp". "name": "infixSub(Int. Int): Int". "out": {"any": [0]}. "in": {"any": [0. 1]}}')
+1816: label(p0, p27, p25, p26, p2, p107, p39, p105, p44, p103, p49, p101, p54, p99, p59, p97, p64, p95, p69, p93, p74, p91, p79, p88, p84, p110, p111, p112, i126, p15, p17, p19, p30, p31, p118, p119, p125, p115, descr=TargetToken(5106480416))
debug_merge_point(0, 0, '8<main.rpyeffect:8(Name(infixSub105))>+0: {"op": "PrimOp". "name": "infixSub(Int. Int): Int". "out": {"any": [0]}. "in": {"any": [0. 1]}}')
+1860: guard_not_invalidated(descr=<Guard0x1305e8f50>) [p2, p26, p15, p17, p19, p0, p112, p111, p110, p84, p88, p79, p91, p74, p93, p69, p95, p64, p97, p59, p99, p54, p101, p49, p103, p44, p105, p39, p107, p25, p27, i126]
+1864: i130 = int_sub(i126, 1)
debug_merge_point(0, 0, '8<main.rpyeffect:8(Name(infixSub105))>+1: {"op": "Return". "args": {"any": [0]}}')
debug_merge_point(0, 0, '146<main.rpyeffect:146([k@[then#294]#298])>+0: {"op": "Push". "target": 145. "args": {"any": [1. 2]}}')
debug_merge_point(0, 0, '146<main.rpyeffect:146([k@[then#294]#298])>+1: {"op": "Invoke". "receiver": 2. "tag": Interned(Set2832). "args" : {"any": [0]}}')
debug_merge_point(0, 0, '169<main.rpyeffect:169([method_Set2832@Name(run2828)#346])>+0: {"op": "Const". "type": "ptr". "out": 3. "format": "int". "value": "<IntValue object at 0x1305dbf10>"}')
debug_merge_point(0, 0, '169<main.rpyeffect:169([method_Set2832@Name(run2828)#346])>+1: {"op": "ShiftDyn". "out": 1. "n": 3. "label": 1}')
debug_merge_point(0, 0, '169<main.rpyeffect:169([method_Set2832@Name(run2828)#346])>+2: {"op": "Store". "ref": 2. "type": "any". "value": 0}')
debug_merge_point(0, 0, '169<main.rpyeffect:169([method_Set2832@Name(run2828)#346])>+3: {"op": "Construct". "out": 0. "type": Interned(Unit). "tag": Interned(unit). "args": {"any": []}}')
debug_merge_point(0, 0, '169<main.rpyeffect:169([method_Set2832@Name(run2828)#346])>+4: {"op": "Construct". "out": 0. "type": Interned(Unit). "tag": Interned(unit). "args": {"any": []}}')
debug_merge_point(0, 0, '169<main.rpyeffect:169([method_Set2832@Name(run2828)#346])>+5: {"op": "Jump". "target": 162}')
debug_merge_point(0, 0, '162<main.rpyeffect:162(Name(resume2841))>+0: {"op": "PushStack". "arg": 1}')
debug_merge_point(0, 0, '162<main.rpyeffect:162(Name(resume2841))>+1: {"op": "Return". "args": {"any": [0]}}')
debug_merge_point(0, 0, '145<main.rpyeffect:145([k@[k@[then#294]#298]#301])>+0: {"op": "Copy". "type": "any". "from": 1. "to". 0}')
debug_merge_point(0, 0, '145<main.rpyeffect:145([k@[k@[then#294]#298]#301])>+1: {"op": "Copy". "type": "any". "from": 2. "to". 1}')
debug_merge_point(0, 0, '145<main.rpyeffect:145([k@[k@[then#294]#298]#301])>+2: {"op": "Jump". "target": 150}')
debug_merge_point(0, 0, '150<main.rpyeffect:150(Name(countdown2822))>+0: {"op": "Push". "target": 149. "args": {"any": [0. 1]}}')
debug_merge_point(0, 0, '150<main.rpyeffect:150(Name(countdown2822))>+1: {"op": "Invoke". "receiver": 0. "tag": Interned(Get2830). "args" : {"any": []}}')
debug_merge_point(0, 0, '167<main.rpyeffect:167([method_Get2830@Name(run2828)#339])>+0: {"op": "Const". "type": "ptr". "out": 2. "format": "int". "value": "<IntValue object at 0x1305db230>"}')
debug_merge_point(0, 0, '167<main.rpyeffect:167([method_Get2830@Name(run2828)#339])>+1: {"op": "ShiftDyn". "out": 0. "n": 2. "label": 0}')
debug_merge_point(0, 0, '167<main.rpyeffect:167([method_Get2830@Name(run2828)#339])>+2: {"op": "Load". "out": 1. "type": "any". "ref": 1}')
+1868: setfield_gc(p115, i130, descr=<FieldS rpyeffect.value.UnboxedIntValueRef.inst_value 8>)
+1872: i131 = getfield_gc_i(p125, descr=<FieldS rpyeffect.value.UnboxedIntValueRef.inst_value 8>)
debug_merge_point(0, 0, '167<main.rpyeffect:167([method_Get2830@Name(run2828)#339])>+3: {"op": "Swap". "type": "any". "a": 0. "b". 1}')
debug_merge_point(0, 0, '167<main.rpyeffect:167([method_Get2830@Name(run2828)#339])>+4: {"op": "Jump". "target": 161}')
debug_merge_point(0, 0, '161<main.rpyeffect:161(Name(resume2839))>+0: {"op": "PushStack". "arg": 1}')
debug_merge_point(0, 0, '161<main.rpyeffect:161(Name(resume2839))>+1: {"op": "Return". "args": {"any": [0]}}')
debug_merge_point(0, 0, '149<main.rpyeffect:149([k@Name(countdown2822)#286])>+0: {"op": "Const". "type": "ptr". "out": 3. "format": "int". "value": "<IntValue object at 0x1305db4d0>"}')
debug_merge_point(0, 0, '149<main.rpyeffect:149([k@Name(countdown2822)#286])>+1: {"op": "Push". "target": 148. "args": {"any": [1. 2. 0]}}')
debug_merge_point(0, 0, '149<main.rpyeffect:149([k@Name(countdown2822)#286])>+2: {"op": "Copy". "type": "any". "from": 3. "to". 1}')
debug_merge_point(0, 0, '149<main.rpyeffect:149([k@Name(countdown2822)#286])>+3: {"op": "Jump". "target": 4}')
debug_merge_point(0, 0, '4<main.rpyeffect:4(Name(infixEq72))>+0: {"op": "PrimOp". "name": "infixEq(Int. Int): Boolean". "out": {"any": [0]}. "in": {"any": [0. 1]}}')
+1876: i133 = int_eq(i131, 0)
debug_merge_point(0, 0, '4<main.rpyeffect:4(Name(infixEq72))>+1: {"op": "Return". "args": {"any": [0]}}')
debug_merge_point(0, 0, '148<main.rpyeffect:148([k@[k@Name(countdown2822)#286]#290])>+0: {"op": "Swap". "type": "any". "a": 0. "b". 1}')
debug_merge_point(0, 0, '148<main.rpyeffect:148([k@[k@Name(countdown2822)#286]#290])>+1: {"op": "IfZero". "cond": 1. "then": {"tag": null. "target": 147. "args": {"any": []}}}')
+1884: guard_false(i133, descr=<Guard0x1305e8f98>) [p2, p25, p26, p15, p17, p19, i133, p0, p27, i131, p112, p111, p110, p84, p88, p79, p91, p74, p93, p69, p95, p64, p97, p59, p99, p54, p101, p49, p103, p44, p105, p39, p107, None, None, None]
debug_merge_point(0, 0, '147<main.rpyeffect:147([then#294])>+0: {"op": "Const". "type": "ptr". "out": 1. "format": "int". "value": "<IntValue object at 0x1305db540>"}')
debug_merge_point(0, 0, '147<main.rpyeffect:147([then#294])>+1: {"op": "Push". "target": 146. "args": {"any": [0. 2]}}')
debug_merge_point(0, 0, '147<main.rpyeffect:147([then#294])>+2: {"op": "Copy". "type": "any". "from": 3. "to". 0}')
debug_merge_point(0, 0, '147<main.rpyeffect:147([then#294])>+3: {"op": "Jump". "target": 8}')
debug_merge_point(0, 0, '8<main.rpyeffect:8(Name(infixSub105))>+0: {"op": "PrimOp". "name": "infixSub(Int. Int): Int". "out": {"any": [0]}. "in": {"any": [0. 1]}}')
+1892: jump(p0, p27, p25, p26, p2, p107, p39, p105, p44, p103, p49, p101, p54, p99, p59, p97, p64, p95, p69, p93, p74, p91, p79, p88, p84, p110, p111, p112, i131, p15, p17, p19, p30, p31, p118, p119, p125, p115, descr=TargetToken(5106480416))
+1896: --end of the loop--
[9982fd] jit-log-opt-loop}
[1a81b640] {jit-summary
Tracing:      	1	0.001113
Backend:      	1	0.000363
TOTAL:      		0.436439
ops:             	2120
heapcached ops:  	450
recorded ops:    	840
  calls:         	31
guards:          	251
opt ops:         	219
opt guards:      	61
opt guards shared:	56
forcings:        	0
abort: trace too long:	0
abort: compiling:	0
abort: vable escape:	0
abort: bad loop: 	0
abort: force quasi-immut:	0
abort: segmenting trace:	0
virtualizables forced:	0
nvirtuals:       	48
nvholes:         	10
nvreused:        	0
vecopt tried:    	0
vecopt success:  	0
Total # of loops:	1
Total # of bridges:	0
Freed # of loops:	0
Freed # of bridges:	0
[1a81e286] jit-summary}
