[84cd65] {jit-log-opt-loop
# Loop 1 (130<main.rpyeffect:130(Name(range2819))>+0: {"op": "Push", "target": 129, "args": {"any": [2, 0, 1]}}) : loop with 129 ops
[p0, p1, p2, p3, p4]
+344: p5 = getfield_gc_r(p2, descr=<FieldP rpyeffect.environment.Environment.inst_values_ptr 16>)
+352: p7 = getarrayitem_gc_r(p5, 0, descr=<ArrayP 8>)
+356: p9 = getarrayitem_gc_r(p5, 1, descr=<ArrayP 8>)
+360: p11 = getarrayitem_gc_r(p5, 2, descr=<ArrayP 8>)
+364: p13 = getarrayitem_gc_r(p5, 3, descr=<ArrayP 8>)
+368: p15 = getarrayitem_gc_r(p5, 4, descr=<ArrayP 8>)
+372: p17 = getarrayitem_gc_r(p5, 5, descr=<ArrayP 8>)
+376: p19 = getarrayitem_gc_r(p5, 6, descr=<ArrayP 8>)
+380: label(p0, p1, p2, p3, p4, p7, p9, p11, p13, p15, p17, p19, descr=TargetToken(5374881888))
debug_merge_point(0, 0, '130<main.rpyeffect:130(Name(range2819))>+0: {"op": "Push". "target": 129. "args": {"any": [2. 0. 1]}}')
+396: guard_not_invalidated(descr=<Guard0x1405e8ba8>) [p2, p7, p9, p11, p13, p15, p17, p19, p0, p1, p3, p4]
debug_merge_point(0, 0, '130<main.rpyeffect:130(Name(range2819))>+1: {"op": "Jump". "target": 9}')
+400: guard_nonnull(p1, descr=<Guard0x1405f89e0>) [p2, p7, p9, p11, p13, p15, p17, p19, p0, p1, p3, p4]
+412: i20 = getfield_gc_i(p1, descr=<FieldS rpyeffect.stored_environment.Stack__arb.inst_target 16 pure>)
+420: i22 = int_add(2113536, i20)
+432: guard_value(i22, 2113674, descr=<Guard0x1405f8a10>) [p2, p7, p9, p11, p13, p15, p17, p19, p0, p1, p3, p4]
debug_merge_point(0, 0, '9<main.rpyeffect:9(Name(infixGt184))>+0: {"op": "PrimOp". "name": "infixGt(Int. Int): Boolean". "out": {"any": [0]}. "in": {"any": [0. 1]}}')
+448: i24 = getfield_gc_i(p7, descr=<FieldS rpyeffect.value.IntValue.inst_value 8 pure>)
+452: i25 = getfield_gc_i(p9, descr=<FieldS rpyeffect.value.IntValue.inst_value 8 pure>)
+456: i26 = int_gt(i24, i25)
debug_merge_point(0, 0, '9<main.rpyeffect:9(Name(infixGt184))>+1: {"op": "Return". "args": {"any": [0]}}')
debug_merge_point(0, 0, '129<main.rpyeffect:129([k@Name(range2819)#252])>+0: {"op": "Swap". "type": "any". "a": 2. "b". 3}')
debug_merge_point(0, 0, '129<main.rpyeffect:129([k@Name(range2819)#252])>+1: {"op": "Swap". "type": "any". "a": 0. "b". 3}')
debug_merge_point(0, 0, '129<main.rpyeffect:129([k@Name(range2819)#252])>+2: {"op": "IfZero". "cond": 3. "then": {"tag": null. "target": 128. "args": {"any": []}}}')
guard_false(i26, descr=<Guard0x1405f8a40>) [p2, p7, p9, p11, p13, p15, p17, p19, p0, p1, p3, p4]
+464: p27 = getfield_gc_r(p1, descr=<FieldP rpyeffect.stored_environment.Stack__arb.inst_tail 8 pure>)
+468: guard_nonnull(p27, descr=<Guard0x1405f8a70>) [p2, p7, p9, p11, p13, p15, p17, p19, p0, p1, p3, p4]
+476: i28 = getfield_gc_i(p27, descr=<FieldS rpyeffect.stored_environment.Stack__arb.inst_target 16 pure>)
+480: i30 = int_add(2260992, i28)
+492: guard_value(i30, 2261126, descr=<Guard0x1405f8aa0>) [p2, p7, p9, p11, p13, p15, p17, p19, p0, p1, p3, p4]
debug_merge_point(0, 0, '128<main.rpyeffect:128([then#256])>+0: {"op": "Push". "target": 127. "args": {"any": [1. 0. 2]}}')
debug_merge_point(0, 0, '128<main.rpyeffect:128([then#256])>+1: {"op": "Invoke". "receiver": 1. "tag": Interned(Emit2824). "args" : {"any": [0]}}')
+508: p32 = getfield_gc_r(p11, descr=<FieldP rpyeffect.codata.CoData.inst_vtable 8 pure>)
+516: guard_value(p32, ConstPtr(ptr33), descr=<Guard0x1405f8ad0>) [p2, p7, p9, p11, p13, p15, p17, p19, p0, p1, p3, p4]
+524: p34 = getfield_gc_r(p11, descr=<FieldP rpyeffect.stored_environment.CoData__2.inst_values_ptr_0 24 pure>)
+528: p35 = getfield_gc_r(p11, descr=<FieldP rpyeffect.stored_environment.CoData__2.inst_values_ptr_1 32 pure>)
debug_merge_point(0, 0, '137<main.rpyeffect:137([method_Emit2824@Name(run2821)#278])>+0: {"op": "Const". "type": "ptr". "out": 3. "format": "int". "value": "<IntValue object at 0x1405db5a0>"}')
debug_merge_point(0, 0, '137<main.rpyeffect:137([method_Emit2824@Name(run2821)#278])>+1: {"op": "ShiftDyn". "out": 1. "n": 3. "label": 1}')
+536: i37 = instance_ptr_eq(p4, ConstPtr(ptr36))
guard_true(i37, descr=<Guard0x1405f8b00>) [p2, p7, p9, p11, p13, p15, p17, p19, p0, p1, p3, p4]
+548: guard_nonnull(p0, descr=<Guard0x1405f8b30>) [p2, p7, p9, p11, p13, p15, p17, p19, p0, p1, p3, p4]
+560: guard_nonnull(p34, descr=<Guard0x1405f8b60>) [p2, p7, p9, p11, p13, p15, p17, p19, p0, p1, p3, p4]
+568: i38 = getfield_gc_i(p0, descr=<FieldS rpyeffect.stack.Label.inst_origin 8 pure>)
+576: guard_value(i38, 142341, descr=<Guard0x1405f8b90>) [p2, p7, p9, p11, p13, p15, p17, p19, p0, p1, p3, p4]
+592: i40 = getfield_gc_i(p34, descr=<FieldS rpyeffect.stack.Label.inst_origin 8 pure>)
+596: guard_value(i40, 142341, descr=<Guard0x1405f8bc0>) [p2, p7, p9, p11, p13, p15, p17, p19, p0, p1, p3, p4]
+612: i42 = instance_ptr_eq(p0, p34)
guard_true(i42, descr=<Guard0x1405f8bf0>) [p2, p7, p9, p11, p13, p15, p17, p19, p0, p1, p3, p4]
+620: guard_nonnull_class(p3, 4373834112, descr=<Guard0x1405e8bf0>) [p2, p7, p9, p11, p13, p15, p17, p19, p0, p1, p3, p4]
+648: p44 = getfield_gc_r(p3, descr=<FieldP rpyeffect.stack.MetaStackLike.inst_stack 8 pure>)
+652: p45 = getfield_gc_r(p3, descr=<FieldP rpyeffect.stack.MetaStack.inst_label 16 pure>)
+656: p46 = getfield_gc_r(p3, descr=<FieldP rpyeffect.stack.MetaStack.inst_tail 32 pure>)
+660: guard_nonnull(p44, descr=<Guard0x1405f8c20>) [p2, p7, p9, p11, p13, p15, p17, p19, p0, p1, p3, p4]
+668: p47 = getfield_gc_r(p44, descr=<FieldP rpyeffect.stored_environment.Stack__arb.inst_tail 8 pure>)
+672: guard_isnull(p47, descr=<Guard0x1405f8c50>) [p2, p7, p9, p11, p13, p15, p17, p19, p0, p1, p3, p4]
+680: i48 = getfield_gc_i(p44, descr=<FieldS rpyeffect.stored_environment.Stack__arb.inst_target 16 pure>)
+684: guard_value(i48, 132, descr=<Guard0x1405f8c80>) [p2, p7, p9, p11, p13, p15, p17, p19, p0, p1, p3, p4]
debug_merge_point(0, 0, '137<main.rpyeffect:137([method_Emit2824@Name(run2821)#278])>+2: {"op": "Load". "out": 3. "type": "any". "ref": 2}')
+696: p50 = getfield_gc_r(p35, descr=<FieldP rpyeffect.region.Ref.inst_allocation_site 8 pure>)
+708: guard_value(p50, ConstPtr(ptr51), descr=<Guard0x1405f8cb0>) [p2, p7, p9, p11, p13, p15, p17, p19, p0, p1, p3, p4]
+716: p52 = getfield_gc_r(p35, descr=<FieldP rpyeffect.region.Ref.inst_value 16>)
+720: i53 = getfield_gc_i(p52, descr=<FieldS rpyeffect.value.UnboxedIntValueRef.inst_value 8>)
debug_merge_point(0, 0, '137<main.rpyeffect:137([method_Emit2824@Name(run2821)#278])>+3: {"op": "Push". "target": 136. "args": {"any": [1. 2]}}')
debug_merge_point(0, 0, '137<main.rpyeffect:137([method_Emit2824@Name(run2821)#278])>+4: {"op": "Copy". "type": "any". "from": 0. "to". 1}')
debug_merge_point(0, 0, '137<main.rpyeffect:137([method_Emit2824@Name(run2821)#278])>+5: {"op": "Copy". "type": "any". "from": 3. "to". 0}')
debug_merge_point(0, 0, '137<main.rpyeffect:137([method_Emit2824@Name(run2821)#278])>+6: {"op": "Jump". "target": 5}')
debug_merge_point(0, 0, '5<main.rpyeffect:5(Name(infixAdd96))>+0: {"op": "PrimOp". "name": "infixAdd(Int. Int): Int". "out": {"any": [0]}. "in": {"any": [0. 1]}}')
+724: i54 = int_add(i53, i24)
debug_merge_point(0, 0, '5<main.rpyeffect:5(Name(infixAdd96))>+1: {"op": "Return". "args": {"any": [0]}}')
debug_merge_point(0, 0, '136<main.rpyeffect:136([k@[method_Emit2824@Name(run2821)#278]#283])>+0: {"op": "Store". "ref": 2. "type": "any". "value": 0}')
debug_merge_point(0, 0, '136<main.rpyeffect:136([k@[method_Emit2824@Name(run2821)#278]#283])>+1: {"op": "Construct". "out": 0. "type": Interned(Unit). "tag": Interned(unit). "args": {"any": []}}')
debug_merge_point(0, 0, '136<main.rpyeffect:136([k@[method_Emit2824@Name(run2821)#278]#283])>+2: {"op": "Construct". "out": 0. "type": Interned(Unit). "tag": Interned(unit). "args": {"any": []}}')
debug_merge_point(0, 0, '136<main.rpyeffect:136([k@[method_Emit2824@Name(run2821)#278]#283])>+3: {"op": "Jump". "target": 131}')
debug_merge_point(0, 0, '131<main.rpyeffect:131(Name(resume2827))>+0: {"op": "PushStack". "arg": 1}')
debug_merge_point(0, 0, '131<main.rpyeffect:131(Name(resume2827))>+1: {"op": "Return". "args": {"any": [0]}}')
debug_merge_point(0, 0, '127<main.rpyeffect:127([k@[then#256]#258])>+0: {"op": "Const". "type": "ptr". "out": 0. "format": "int". "value": "<IntValue object at 0x1405db790>"}')
debug_merge_point(0, 0, '127<main.rpyeffect:127([k@[then#256]#258])>+1: {"op": "Push". "target": 126. "args": {"any": [1. 3]}}')
debug_merge_point(0, 0, '127<main.rpyeffect:127([k@[then#256]#258])>+2: {"op": "Copy". "type": "any". "from": 0. "to". 1}')
debug_merge_point(0, 0, '127<main.rpyeffect:127([k@[then#256]#258])>+3: {"op": "Copy". "type": "any". "from": 2. "to". 0}')
debug_merge_point(0, 0, '127<main.rpyeffect:127([k@[then#256]#258])>+4: {"op": "Jump". "target": 5}')
debug_merge_point(0, 0, '5<main.rpyeffect:5(Name(infixAdd96))>+0: {"op": "PrimOp". "name": "infixAdd(Int. Int): Int". "out": {"any": [0]}. "in": {"any": [0. 1]}}')
+728: i56 = int_add(i24, 1)
debug_merge_point(0, 0, '5<main.rpyeffect:5(Name(infixAdd96))>+1: {"op": "Return". "args": {"any": [0]}}')
debug_merge_point(0, 0, '126<main.rpyeffect:126([k@[k@[then#256]#258]#262])>+0: {"op": "Swap". "type": "any". "a": 2. "b". 1}')
debug_merge_point(0, 0, '126<main.rpyeffect:126([k@[k@[then#256]#258]#262])>+1: {"op": "Jump". "target": 130}')
debug_merge_point(0, 0, '130<main.rpyeffect:130(Name(range2819))>+0: {"op": "Push". "target": 129. "args": {"any": [2. 0. 1]}}')
+732: setfield_gc(p52, i54, descr=<FieldS rpyeffect.value.UnboxedIntValueRef.inst_value 8>)
+736: label(p0, p1, p2, p44, p45, p46, i56, p9, p11, p15, p17, p19, i25, p27, p34, p35, p52, i54, descr=TargetToken(5374881952))
debug_merge_point(0, 0, '130<main.rpyeffect:130(Name(range2819))>+0: {"op": "Push". "target": 129. "args": {"any": [2. 0. 1]}}')
+764: guard_not_invalidated(descr=<Guard0x1405e8c38>) [p2, p9, p11, p15, p17, p19, p0, p1, p46, p45, p44, i56]
debug_merge_point(0, 0, '130<main.rpyeffect:130(Name(range2819))>+1: {"op": "Jump". "target": 9}')
debug_merge_point(0, 0, '9<main.rpyeffect:9(Name(infixGt184))>+0: {"op": "PrimOp". "name": "infixGt(Int. Int): Boolean". "out": {"any": [0]}. "in": {"any": [0. 1]}}')
+768: i57 = int_gt(i56, i25)
debug_merge_point(0, 0, '9<main.rpyeffect:9(Name(infixGt184))>+1: {"op": "Return". "args": {"any": [0]}}')
debug_merge_point(0, 0, '129<main.rpyeffect:129([k@Name(range2819)#252])>+0: {"op": "Swap". "type": "any". "a": 2. "b". 3}')
debug_merge_point(0, 0, '129<main.rpyeffect:129([k@Name(range2819)#252])>+1: {"op": "Swap". "type": "any". "a": 0. "b". 3}')
debug_merge_point(0, 0, '129<main.rpyeffect:129([k@Name(range2819)#252])>+2: {"op": "IfZero". "cond": 3. "then": {"tag": null. "target": 128. "args": {"any": []}}}')
guard_false(i57, descr=<Guard0x1405f8ce0>) [p2, p9, p11, p15, p17, p19, p0, p1, p46, p45, p44, i56]
debug_merge_point(0, 0, '128<main.rpyeffect:128([then#256])>+0: {"op": "Push". "target": 127. "args": {"any": [1. 0. 2]}}')
debug_merge_point(0, 0, '128<main.rpyeffect:128([then#256])>+1: {"op": "Invoke". "receiver": 1. "tag": Interned(Emit2824). "args" : {"any": [0]}}')
debug_merge_point(0, 0, '137<main.rpyeffect:137([method_Emit2824@Name(run2821)#278])>+0: {"op": "Const". "type": "ptr". "out": 3. "format": "int". "value": "<IntValue object at 0x1405db5a0>"}')
debug_merge_point(0, 0, '137<main.rpyeffect:137([method_Emit2824@Name(run2821)#278])>+1: {"op": "ShiftDyn". "out": 1. "n": 3. "label": 1}')
debug_merge_point(0, 0, '137<main.rpyeffect:137([method_Emit2824@Name(run2821)#278])>+2: {"op": "Load". "out": 3. "type": "any". "ref": 2}')
debug_merge_point(0, 0, '137<main.rpyeffect:137([method_Emit2824@Name(run2821)#278])>+3: {"op": "Push". "target": 136. "args": {"any": [1. 2]}}')
debug_merge_point(0, 0, '137<main.rpyeffect:137([method_Emit2824@Name(run2821)#278])>+4: {"op": "Copy". "type": "any". "from": 0. "to". 1}')
debug_merge_point(0, 0, '137<main.rpyeffect:137([method_Emit2824@Name(run2821)#278])>+5: {"op": "Copy". "type": "any". "from": 3. "to". 0}')
debug_merge_point(0, 0, '137<main.rpyeffect:137([method_Emit2824@Name(run2821)#278])>+6: {"op": "Jump". "target": 5}')
debug_merge_point(0, 0, '5<main.rpyeffect:5(Name(infixAdd96))>+0: {"op": "PrimOp". "name": "infixAdd(Int. Int): Int". "out": {"any": [0]}. "in": {"any": [0. 1]}}')
+776: i58 = int_add(i54, i56)
debug_merge_point(0, 0, '5<main.rpyeffect:5(Name(infixAdd96))>+1: {"op": "Return". "args": {"any": [0]}}')
debug_merge_point(0, 0, '136<main.rpyeffect:136([k@[method_Emit2824@Name(run2821)#278]#283])>+0: {"op": "Store". "ref": 2. "type": "any". "value": 0}')
debug_merge_point(0, 0, '136<main.rpyeffect:136([k@[method_Emit2824@Name(run2821)#278]#283])>+1: {"op": "Construct". "out": 0. "type": Interned(Unit). "tag": Interned(unit). "args": {"any": []}}')
debug_merge_point(0, 0, '136<main.rpyeffect:136([k@[method_Emit2824@Name(run2821)#278]#283])>+2: {"op": "Construct". "out": 0. "type": Interned(Unit). "tag": Interned(unit). "args": {"any": []}}')
debug_merge_point(0, 0, '136<main.rpyeffect:136([k@[method_Emit2824@Name(run2821)#278]#283])>+3: {"op": "Jump". "target": 131}')
debug_merge_point(0, 0, '131<main.rpyeffect:131(Name(resume2827))>+0: {"op": "PushStack". "arg": 1}')
debug_merge_point(0, 0, '131<main.rpyeffect:131(Name(resume2827))>+1: {"op": "Return". "args": {"any": [0]}}')
debug_merge_point(0, 0, '127<main.rpyeffect:127([k@[then#256]#258])>+0: {"op": "Const". "type": "ptr". "out": 0. "format": "int". "value": "<IntValue object at 0x1405db790>"}')
debug_merge_point(0, 0, '127<main.rpyeffect:127([k@[then#256]#258])>+1: {"op": "Push". "target": 126. "args": {"any": [1. 3]}}')
debug_merge_point(0, 0, '127<main.rpyeffect:127([k@[then#256]#258])>+2: {"op": "Copy". "type": "any". "from": 0. "to". 1}')
debug_merge_point(0, 0, '127<main.rpyeffect:127([k@[then#256]#258])>+3: {"op": "Copy". "type": "any". "from": 2. "to". 0}')
debug_merge_point(0, 0, '127<main.rpyeffect:127([k@[then#256]#258])>+4: {"op": "Jump". "target": 5}')
debug_merge_point(0, 0, '5<main.rpyeffect:5(Name(infixAdd96))>+0: {"op": "PrimOp". "name": "infixAdd(Int. Int): Int". "out": {"any": [0]}. "in": {"any": [0. 1]}}')
+780: i60 = int_add(i56, 1)
debug_merge_point(0, 0, '5<main.rpyeffect:5(Name(infixAdd96))>+1: {"op": "Return". "args": {"any": [0]}}')
debug_merge_point(0, 0, '126<main.rpyeffect:126([k@[k@[then#256]#258]#262])>+0: {"op": "Swap". "type": "any". "a": 2. "b". 1}')
debug_merge_point(0, 0, '126<main.rpyeffect:126([k@[k@[then#256]#258]#262])>+1: {"op": "Jump". "target": 130}')
debug_merge_point(0, 0, '130<main.rpyeffect:130(Name(range2819))>+0: {"op": "Push". "target": 129. "args": {"any": [2. 0. 1]}}')
+784: setfield_gc(p52, i58, descr=<FieldS rpyeffect.value.UnboxedIntValueRef.inst_value 8>)
+788: jump(p0, p1, p2, p44, p45, p46, i60, p9, p11, p15, p17, p19, i25, p27, p34, p35, p52, i58, descr=TargetToken(5374881952))
+792: --end of the loop--
[870062] jit-log-opt-loop}
[14a74d7] {jit-summary
Tracing:      	1	0.000702
Backend:      	1	0.000147
TOTAL:      		0.013662
ops:             	1336
heapcached ops:  	255
recorded ops:    	306
  calls:         	43
guards:          	74
opt ops:         	120
opt guards:      	21
opt guards shared:	18
forcings:        	0
abort: trace too long:	0
abort: compiling:	0
abort: vable escape:	0
abort: bad loop: 	0
abort: force quasi-immut:	0
abort: segmenting trace:	0
virtualizables forced:	0
nvirtuals:       	2
nvholes:         	0
nvreused:        	0
vecopt tried:    	0
vecopt success:  	0
Total # of loops:	1
Total # of bridges:	0
Freed # of loops:	0
Freed # of bridges:	0
[14a987c] jit-summary}
