[8a27d6] {jit-log-opt-loop
# Loop 2 (4<main.rpyeffect:4(Name(infixEq72))>+0: {"op": "PrimOp", "name": "infixEq(Int, Int): Boolean", "out": {"any": [0]}, "in": {"any": [0, 1]}}) : loop with 93 ops
[p0, p1, p2, p3, p4]
+296: p5 = getfield_gc_r(p2, descr=<FieldP rpyeffect.environment.Environment.inst_values_ptr 16>)
+304: p7 = getarrayitem_gc_r(p5, 0, descr=<ArrayP 8>)
+308: p9 = getarrayitem_gc_r(p5, 1, descr=<ArrayP 8>)
+312: p11 = getarrayitem_gc_r(p5, 2, descr=<ArrayP 8>)
+316: p13 = getarrayitem_gc_r(p5, 3, descr=<ArrayP 8>)
+320: p15 = getarrayitem_gc_r(p5, 4, descr=<ArrayP 8>)
+324: p17 = getarrayitem_gc_r(p5, 5, descr=<ArrayP 8>)
+328: p19 = getarrayitem_gc_r(p5, 6, descr=<ArrayP 8>)
+332: p21 = getarrayitem_gc_r(p5, 7, descr=<ArrayP 8>)
+336: label(p0, p1, p2, p3, p4, p7, p9, p11, p13, p15, p17, p19, p21, descr=TargetToken(4972270048))
debug_merge_point(0, 0, '4<main.rpyeffect:4(Name(infixEq72))>+0: {"op": "PrimOp". "name": "infixEq(Int. Int): Boolean". "out": {"any": [0]}. "in": {"any": [0. 1]}}')
+360: guard_not_invalidated(descr=<Guard0x1285e2c80>) [p2, p7, p9, p11, p13, p15, p17, p19, p21, p0, p1, p3, p4]
+364: i22 = getfield_gc_i(p7, descr=<FieldS rpyeffect.value.IntValue.inst_value 8 pure>)
+368: i23 = getfield_gc_i(p9, descr=<FieldS rpyeffect.value.IntValue.inst_value 8 pure>)
+372: i24 = int_eq(i22, i23)
debug_merge_point(0, 0, '4<main.rpyeffect:4(Name(infixEq72))>+1: {"op": "Return". "args": {"any": [0]}}')
+380: guard_nonnull(p1, descr=<Guard0x1285f8c50>) [p2, p7, p9, p11, p13, p15, p17, p19, p21, p0, p1, p3, p4]
+392: i25 = getfield_gc_i(p1, descr=<FieldS rpyeffect.stored_environment.Stack__arb.inst_target 16 pure>)
+400: guard_value(i25, 170, descr=<Guard0x1285f8c80>) [p2, p7, p9, p11, p13, p15, p17, p19, p21, p0, p1, p3, p4]
+412: p27 = getfield_gc_r(p1, descr=<FieldP rpyeffect.stored_environment.Stack__arb.inst_values_ptr 24 pure>)
+416: i28 = arraylen_gc(p27, descr=<ArrayP 8>)
+420: guard_value(i28, 3, descr=<Guard0x1285f8cb0>) [p2, p7, p9, p11, p13, p15, p17, p19, p21, p0, p1, p3, p4]
+432: p31 = getarrayitem_gc_pure_r(p27, 0, descr=<ArrayP 8>)
+432: p33 = getarrayitem_gc_pure_r(p27, 1, descr=<ArrayP 8>)
+436: p35 = getarrayitem_gc_pure_r(p27, 2, descr=<ArrayP 8>)
+440: p36 = getfield_gc_r(p1, descr=<FieldP rpyeffect.stored_environment.Stack__arb.inst_tail 8 pure>)
debug_merge_point(0, 0, '170<main.rpyeffect:170([k@[then#347]#352])>+0: {"op": "Swap". "type": "any". "a": 0. "b". 1}')
debug_merge_point(0, 0, '170<main.rpyeffect:170([k@[then#347]#352])>+1: {"op": "Swap". "type": "any". "a": 2. "b". 1}')
debug_merge_point(0, 0, '170<main.rpyeffect:170([k@[then#347]#352])>+2: {"op": "IfZero". "cond": 2. "then": {"tag": null. "target": 166. "args": {"any": []}}}')
+444: guard_false(i24, descr=<Guard0x1285f8ce0>) [p2, p7, p9, p11, p13, p15, p17, p19, p21, p0, p1, p3, p4]
debug_merge_point(0, 0, '166<main.rpyeffect:166([then#356])>+0: {"op": "Load". "out": 0. "type": "any". "ref": 1}')
+452: p37 = getfield_gc_r(p33, descr=<FieldP rpyeffect.region.Ref.inst_allocation_site 8 pure>)
+460: guard_value(p37, ConstPtr(ptr38), descr=<Guard0x1285f8d10>) [p2, p7, p9, p11, p13, p15, p17, p19, p21, p0, p1, p3, p4]
+468: p39 = getfield_gc_r(p33, descr=<FieldP rpyeffect.region.Ref.inst_value 16>)
+472: i40 = getfield_gc_i(p39, descr=<FieldS rpyeffect.value.UnboxedIntValueRef.inst_value 8>)
debug_merge_point(0, 0, '166<main.rpyeffect:166([then#356])>+1: {"op": "Const". "type": "ptr". "out": 2. "format": "int". "value": "<IntValue object at 0x1285df190>"}')
debug_merge_point(0, 0, '166<main.rpyeffect:166([then#356])>+2: {"op": "Push". "target": 165. "args": {"any": [1. 3]}}')
debug_merge_point(0, 0, '166<main.rpyeffect:166([then#356])>+3: {"op": "Copy". "type": "any". "from": 2. "to". 1}')
debug_merge_point(0, 0, '166<main.rpyeffect:166([then#356])>+4: {"op": "Jump". "target": 8}')
debug_merge_point(0, 0, '8<main.rpyeffect:8(Name(infixSub105))>+0: {"op": "PrimOp". "name": "infixSub(Int. Int): Int". "out": {"any": [0]}. "in": {"any": [0. 1]}}')
+476: i42 = int_sub(i40, 1)
debug_merge_point(0, 0, '8<main.rpyeffect:8(Name(infixSub105))>+1: {"op": "Return". "args": {"any": [0]}}')
debug_merge_point(0, 0, '165<main.rpyeffect:165([k@[then#356]#361])>+0: {"op": "Store". "ref": 1. "type": "any". "value": 0}')
debug_merge_point(0, 0, '165<main.rpyeffect:165([k@[then#356]#361])>+1: {"op": "Construct". "out": 0. "type": Interned(Unit). "tag": Interned(unit). "args": {"any": []}}')
debug_merge_point(0, 0, '165<main.rpyeffect:165([k@[then#356]#361])>+2: {"op": "Push". "target": 164. "args": {"any": [2]}}')
debug_merge_point(0, 0, '165<main.rpyeffect:165([k@[then#356]#361])>+3: {"op": "Jump". "target": 127}')
debug_merge_point(0, 0, '127<main.rpyeffect:127(Name(dollar2823))>+0: {"op": "Const". "type": "ptr". "out": 0. "format": "int". "value": "<IntValue object at 0x1285df900>"}')
debug_merge_point(0, 0, '127<main.rpyeffect:127(Name(dollar2823))>+1: {"op": "Return". "args": {"any": [0]}}')
debug_merge_point(0, 0, '164<main.rpyeffect:164([k@[k@[then#356]#361]#365])>+0: {"op": "Jump". "target": 156}')
debug_merge_point(0, 0, '156<main.rpyeffect:156(Name(resume2849))>+0: {"op": "PushStack". "arg": 1}')
+480: setfield_gc(p39, i42, descr=<FieldS rpyeffect.value.UnboxedIntValueRef.inst_value 8>)
+492: i44 = instance_ptr_eq(p4, ConstPtr(ptr43))
guard_true(i44, descr=<Guard0x1285e2cc8>) [p2, p35, p15, p17, p19, p21, i44, p0, p36, p3, p4]
+512: guard_nonnull_class(p35, 4309449688, descr=<Guard0x1285e2d10>) [p2, p35, p15, p17, p19, p21, i44, p0, p36, p3, p4]
+536: p46 = getfield_gc_r(p35, descr=<FieldP rpyeffect.stack.MetaStack.inst_region 24 pure>)
+540: guard_isnull(p46, descr=<Guard0x1285f8d70>) [p2, p35, p15, p17, p19, p21, i44, p0, p36, p3, p4]
+548: p47 = getfield_gc_r(p35, descr=<FieldP rpyeffect.stack.MetaStackLike.inst_stack 8 pure>)
+552: p48 = getfield_gc_r(p35, descr=<FieldP rpyeffect.stack.MetaStack.inst_tail 32 pure>)
+556: guard_isnull(p48, descr=<Guard0x1285f8da0>) [p2, p35, p15, p17, p19, p21, i44, p0, p36, p3, p4]
+564: p49 = getfield_gc_r(p35, descr=<FieldP rpyeffect.stack.MetaStack.inst_label 16 pure>)
debug_merge_point(0, 0, '156<main.rpyeffect:156(Name(resume2849))>+1: {"op": "Return". "args": {"any": [0]}}')
+568: guard_nonnull(p47, descr=<Guard0x1285f8dd0>) [p2, p35, p15, p17, p19, p21, i44, p0, p36, p3, p4]
+576: i50 = getfield_gc_i(p47, descr=<FieldS rpyeffect.stored_environment.Stack__arb.inst_target 16 pure>)
+580: guard_value(i50, 140, descr=<Guard0x1285f8e00>) [p2, p35, p15, p17, p19, p21, i44, p0, p36, p3, p4]
+592: p52 = getfield_gc_r(p47, descr=<FieldP rpyeffect.stored_environment.Stack__arb.inst_values_ptr 24 pure>)
+596: i53 = arraylen_gc(p52, descr=<ArrayP 8>)
+600: guard_value(i53, 4, descr=<Guard0x1285f8e30>) [p2, p35, p15, p17, p19, p21, i44, p0, p36, p3, p4]
+612: p56 = getarrayitem_gc_pure_r(p52, 0, descr=<ArrayP 8>)
+616: p58 = getarrayitem_gc_pure_r(p52, 1, descr=<ArrayP 8>)
+620: p60 = getarrayitem_gc_pure_r(p52, 2, descr=<ArrayP 8>)
+624: p62 = getarrayitem_gc_pure_r(p52, 3, descr=<ArrayP 8>)
+628: p63 = getfield_gc_r(p47, descr=<FieldP rpyeffect.stored_environment.Stack__arb.inst_tail 8 pure>)
debug_merge_point(0, 0, '140<main.rpyeffect:140([k@Name(parse2827)#258])>+0: {"op": "Push". "target": 139. "args": {"any": [1. 2. 3. 4. 0]}}')
debug_merge_point(0, 0, '140<main.rpyeffect:140([k@Name(parse2827)#258])>+1: {"op": "Jump". "target": 128}')
debug_merge_point(0, 0, '128<main.rpyeffect:128(Name(isDollar2825))>+0: {"op": "Const". "type": "ptr". "out": 1. "format": "int". "value": "<IntValue object at 0x1285df8d0>"}')
debug_merge_point(0, 0, '128<main.rpyeffect:128(Name(isDollar2825))>+1: {"op": "Jump". "target": 4}')
debug_merge_point(0, 0, '4<main.rpyeffect:4(Name(infixEq72))>+0: {"op": "PrimOp". "name": "infixEq(Int. Int): Boolean". "out": {"any": [0]}. "in": {"any": [0. 1]}}')
+632: p64 = new_with_vtable(descr=<SizeDescr 32>)
+744: p66 = new_array_clear(5, descr=<ArrayP 8>)
+764: setarrayitem_gc(p66, 0, p56, descr=<ArrayP 8>)
+768: setarrayitem_gc(p66, 1, p58, descr=<ArrayP 8>)
+772: setarrayitem_gc(p66, 2, p60, descr=<ArrayP 8>)
+776: setarrayitem_gc(p66, 3, p62, descr=<ArrayP 8>)
+784: setarrayitem_gc(p66, 4, ConstPtr(ptr72), descr=<ArrayP 8>)
+788: p73 = new_with_vtable(descr=<SizeDescr 40>)
+800: setfield_gc(p64, 139, descr=<FieldS rpyeffect.stored_environment.Stack__arb.inst_target 16 pure>)
+808: setfield_gc(p64, p66, descr=<FieldP rpyeffect.stored_environment.Stack__arb.inst_values_ptr 24 pure>)
+812: setfield_gc(p64, p63, descr=<FieldP rpyeffect.stored_environment.Stack__arb.inst_tail 8 pure>)
+816: setfield_gc(p73, ConstPtr(null), descr=<FieldP rpyeffect.stack.MetaStack.inst_region 24 pure>)
+824: setfield_gc(p73, p36, descr=<FieldP rpyeffect.stack.MetaStackLike.inst_stack 8 pure>)
+828: setfield_gc(p73, p3, descr=<FieldP rpyeffect.stack.MetaStack.inst_tail 32 pure>)
+836: setfield_gc(p73, p0, descr=<FieldP rpyeffect.stack.MetaStack.inst_label 16 pure>)
+848: jump(p49, p64, p2, p73, ConstPtr(ptr76), ConstPtr(ptr72), ConstPtr(ptr77), p58, p60, p62, p17, p19, p21, descr=TargetToken(4972270048))
+888: --end of the loop--
[8bf420] jit-log-opt-loop}
[96c2e3] {jit-log-opt-bridge
# bridge out of Guard 0x1285f8c80 with 111 ops
[p0, p1, p2, p3, p4, p5, p6, p7, p8, p9, p10, p11, p12]
+216: guard_not_invalidated(descr=<Guard0x1285e3100>) [p0, p1, p2, p3, p4, p5, p6, p7, p8, p9, p10, p11, p12]
+220: i13 = getfield_gc_i(p1, descr=<FieldS rpyeffect.value.IntValue.inst_value 8 pure>)
+224: i14 = getfield_gc_i(p2, descr=<FieldS rpyeffect.value.IntValue.inst_value 8 pure>)
+228: i15 = int_eq(i13, i14)
debug_merge_point(0, 0, '4<main.rpyeffect:4(Name(infixEq72))>+1: {"op": "Return". "args": {"any": [0]}}')
+236: guard_nonnull(p10, descr=<Guard0x1285f9d60>) [p0, p1, p2, p3, p4, p5, p6, p7, p8, p9, p10, p11, p12]
+244: i16 = getfield_gc_i(p10, descr=<FieldS rpyeffect.stored_environment.Stack__arb.inst_target 16 pure>)
+248: guard_value(i16, 139, descr=<Guard0x1285f9d90>) [p0, p1, p2, p3, p4, p5, p6, p7, p8, p9, p10, p11, p12]
+260: p18 = getfield_gc_r(p10, descr=<FieldP rpyeffect.stored_environment.Stack__arb.inst_values_ptr 24 pure>)
+264: i19 = arraylen_gc(p18, descr=<ArrayP 8>)
+268: guard_value(i19, 5, descr=<Guard0x1285f9dc0>) [p0, p1, p2, p3, p4, p5, p6, p7, p8, p9, p10, p11, p12]
+280: p22 = getarrayitem_gc_pure_r(p18, 0, descr=<ArrayP 8>)
+284: p24 = getarrayitem_gc_pure_r(p18, 1, descr=<ArrayP 8>)
+288: p26 = getarrayitem_gc_pure_r(p18, 2, descr=<ArrayP 8>)
+292: p28 = getarrayitem_gc_pure_r(p18, 3, descr=<ArrayP 8>)
+296: p30 = getarrayitem_gc_pure_r(p18, 4, descr=<ArrayP 8>)
+296: p31 = getfield_gc_r(p10, descr=<FieldP rpyeffect.stored_environment.Stack__arb.inst_tail 8 pure>)
debug_merge_point(0, 0, '139<main.rpyeffect:139([k@[k@Name(parse2827)#258]#260])>+0: {"op": "Swap". "type": "any". "a": 2. "b". 5}')
debug_merge_point(0, 0, '139<main.rpyeffect:139([k@[k@Name(parse2827)#258]#260])>+1: {"op": "Swap". "type": "any". "a": 4. "b". 5}')
debug_merge_point(0, 0, '139<main.rpyeffect:139([k@[k@Name(parse2827)#258]#260])>+2: {"op": "Swap". "type": "any". "a": 1. "b". 5}')
debug_merge_point(0, 0, '139<main.rpyeffect:139([k@[k@Name(parse2827)#258]#260])>+3: {"op": "IfZero". "cond": 0. "then": {"tag": null. "target": 136. "args": {"any": []}}}')
+300: guard_true(i15, descr=<Guard0x1285f9df0>) [p0, p1, p2, p3, p4, p5, p6, p7, p8, p9, p10, p11, p12]
debug_merge_point(0, 0, '139<main.rpyeffect:139([k@[k@Name(parse2827)#258]#260])>+4: {"op": "Const". "type": "ptr". "out": 0. "format": "int". "value": "<IntValue object at 0x1285df740>"}')
debug_merge_point(0, 0, '139<main.rpyeffect:139([k@[k@Name(parse2827)#258]#260])>+5: {"op": "Push". "target": 138. "args": {"any": [5. 4. 3]}}')
debug_merge_point(0, 0, '139<main.rpyeffect:139([k@[k@Name(parse2827)#258]#260])>+6: {"op": "Swap". "type": "any". "a": 0. "b". 1}')
debug_merge_point(0, 0, '139<main.rpyeffect:139([k@[k@Name(parse2827)#258]#260])>+7: {"op": "Jump". "target": 6}')
debug_merge_point(0, 0, '6<main.rpyeffect:6(Name(infixAdd96))>+0: {"op": "PrimOp". "name": "infixAdd(Int. Int): Int". "out": {"any": [0]}. "in": {"any": [0. 1]}}')
+308: i32 = getfield_gc_i(p28, descr=<FieldS rpyeffect.value.IntValue.inst_value 8 pure>)
+312: i34 = int_add(i32, 1)
debug_merge_point(0, 0, '6<main.rpyeffect:6(Name(infixAdd96))>+1: {"op": "Return". "args": {"any": [0]}}')
debug_merge_point(0, 0, '138<main.rpyeffect:138([k@[k@[k@Name(parse2827)#258]#260]#280])>+0: {"op": "Swap". "type": "any". "a": 2. "b". 1}')
debug_merge_point(0, 0, '138<main.rpyeffect:138([k@[k@[k@Name(parse2827)#258]#260]#280])>+1: {"op": "Jump". "target": 141}')
debug_merge_point(0, 0, '141<main.rpyeffect:141(Name(parse2827))>+0: {"op": "Push". "target": 140. "args": {"any": [2. 1. 3. 0]}}')
debug_merge_point(0, 0, '141<main.rpyeffect:141(Name(parse2827))>+1: {"op": "Invoke". "receiver": 1. "tag": Interned(Read2838). "args" : {"any": []}}')
+316: p35 = getfield_gc_r(p24, descr=<FieldP rpyeffect.codata.CoData.inst_vtable 8 pure>)
+324: guard_value(p35, ConstPtr(ptr36), descr=<Guard0x1285f9e20>) [p0, p1, p2, p3, p4, p5, p6, p7, p8, p9, p10, p11, p12]
+332: p37 = getfield_gc_r(p24, descr=<FieldP rpyeffect.stored_environment.CoData__arb.inst_values_ptr 16 pure>)
+336: i38 = arraylen_gc(p37, descr=<ArrayP 8>)
+340: guard_value(i38, 5, descr=<Guard0x1285f9e50>) [p0, p1, p2, p3, p4, p5, p6, p7, p8, p9, p10, p11, p12]
+352: p41 = getarrayitem_gc_pure_r(p37, 0, descr=<ArrayP 8>)
+352: p43 = getarrayitem_gc_pure_r(p37, 1, descr=<ArrayP 8>)
+356: p45 = getarrayitem_gc_pure_r(p37, 2, descr=<ArrayP 8>)
+360: p47 = getarrayitem_gc_pure_r(p37, 3, descr=<ArrayP 8>)
+364: p49 = getarrayitem_gc_pure_r(p37, 4, descr=<ArrayP 8>)
debug_merge_point(0, 0, '176<main.rpyeffect:176([method_Read2838@Name(feed2834)#338])>+0: {"op": "Const". "type": "ptr". "out": 5. "format": "int". "value": "<IntValue object at 0x1285fe8e0>"}')
debug_merge_point(0, 0, '176<main.rpyeffect:176([method_Read2838@Name(feed2834)#338])>+1: {"op": "ShiftDyn". "out": 4. "n": 5. "label": 4}')
+372: i51 = instance_ptr_eq(p12, ConstPtr(ptr50))
guard_true(i51, descr=<Guard0x1285f9e80>) [p0, p1, p2, p3, p4, p5, p6, p7, p8, p9, p10, p11, p12]
+384: i52 = instance_ptr_eq(p9, p49)
guard_true(i52, descr=<Guard0x1285f9eb0>) [p0, p1, p2, p3, p4, p5, p6, p7, p8, p9, p10, p11, p12]
+396: guard_nonnull_class(p11, 4309449688, descr=<Guard0x1285e3148>) [p0, p1, p2, p3, p4, p5, p6, p7, p8, p9, p10, p11, p12]
+424: p54 = getfield_gc_r(p11, descr=<FieldP rpyeffect.stack.MetaStackLike.inst_stack 8 pure>)
+428: p55 = getfield_gc_r(p11, descr=<FieldP rpyeffect.stack.MetaStack.inst_label 16 pure>)
+436: p56 = getfield_gc_r(p11, descr=<FieldP rpyeffect.stack.MetaStack.inst_tail 32 pure>)
debug_merge_point(0, 0, '176<main.rpyeffect:176([method_Read2838@Name(feed2834)#338])>+2: {"op": "Load". "out": 5. "type": "any". "ref": 1}')
+444: p57 = getfield_gc_r(p43, descr=<FieldP rpyeffect.region.Ref.inst_allocation_site 8 pure>)
+460: guard_value(p57, ConstPtr(ptr58), descr=<Guard0x1285f9ee0>) [p0, p1, p2, p3, p4, p5, p6, p7, p8, p9, p10, p11, p12]
+468: p59 = getfield_gc_r(p43, descr=<FieldP rpyeffect.region.Ref.inst_value 16>)
+472: i60 = getfield_gc_i(p59, descr=<FieldS rpyeffect.value.UnboxedIntValueRef.inst_value 8>)
debug_merge_point(0, 0, '176<main.rpyeffect:176([method_Read2838@Name(feed2834)#338])>+3: {"op": "Push". "target": 175. "args": {"any": [0. 1. 2. 4]}}')
debug_merge_point(0, 0, '176<main.rpyeffect:176([method_Read2838@Name(feed2834)#338])>+4: {"op": "Copy". "type": "any". "from": 5. "to". 0}')
debug_merge_point(0, 0, '176<main.rpyeffect:176([method_Read2838@Name(feed2834)#338])>+5: {"op": "Copy". "type": "any". "from": 3. "to". 1}')
debug_merge_point(0, 0, '176<main.rpyeffect:176([method_Read2838@Name(feed2834)#338])>+6: {"op": "Jump". "target": 10}')
debug_merge_point(0, 0, '10<main.rpyeffect:10(Name(infixGt184))>+0: {"op": "PrimOp". "name": "infixGt(Int. Int): Boolean". "out": {"any": [0]}. "in": {"any": [0. 1]}}')
+476: i61 = getfield_gc_i(p47, descr=<FieldS rpyeffect.value.IntValue.inst_value 8 pure>)
+480: i62 = int_gt(i60, i61)
debug_merge_point(0, 0, '10<main.rpyeffect:10(Name(infixGt184))>+1: {"op": "Return". "args": {"any": [0]}}')
debug_merge_point(0, 0, '175<main.rpyeffect:175([k@[method_Read2838@Name(feed2834)#338]#343])>+0: {"op": "Swap". "type": "any". "a": 3. "b". 4}')
debug_merge_point(0, 0, '175<main.rpyeffect:175([k@[method_Read2838@Name(feed2834)#338]#343])>+1: {"op": "Swap". "type": "any". "a": 2. "b". 4}')
debug_merge_point(0, 0, '175<main.rpyeffect:175([k@[method_Read2838@Name(feed2834)#338]#343])>+2: {"op": "Swap". "type": "any". "a": 1. "b". 4}')
debug_merge_point(0, 0, '175<main.rpyeffect:175([k@[method_Read2838@Name(feed2834)#338]#343])>+3: {"op": "IfZero". "cond": 0. "then": {"tag": null. "target": 171. "args": {"any": []}}}')
guard_false(i62, descr=<Guard0x1285f9f10>) [p0, p1, p2, p3, p4, p5, p6, p7, p8, p9, p10, p11, p12]
debug_merge_point(0, 0, '171<main.rpyeffect:171([then#347])>+0: {"op": "Load". "out": 0. "type": "any". "ref": 2}')
+488: p63 = getfield_gc_r(p45, descr=<FieldP rpyeffect.region.Ref.inst_allocation_site 8 pure>)
+496: guard_value(p63, ConstPtr(ptr64), descr=<Guard0x1285f9f40>) [p0, p1, p2, p3, p4, p5, p6, p7, p8, p9, p10, p11, p12]
+504: p65 = getfield_gc_r(p45, descr=<FieldP rpyeffect.region.Ref.inst_value 16>)
+508: i66 = getfield_gc_i(p65, descr=<FieldS rpyeffect.value.UnboxedIntValueRef.inst_value 8>)
debug_merge_point(0, 0, '171<main.rpyeffect:171([then#347])>+1: {"op": "Const". "type": "ptr". "out": 4. "format": "int". "value": "<IntValue object at 0x1285fe9f0>"}')
debug_merge_point(0, 0, '171<main.rpyeffect:171([then#347])>+2: {"op": "Push". "target": 170. "args": {"any": [1. 2. 3]}}')
debug_merge_point(0, 0, '171<main.rpyeffect:171([then#347])>+3: {"op": "Copy". "type": "any". "from": 4. "to". 1}')
debug_merge_point(0, 0, '171<main.rpyeffect:171([then#347])>+4: {"op": "Jump". "target": 4}')
debug_merge_point(0, 0, '4<main.rpyeffect:4(Name(infixEq72))>+0: {"op": "PrimOp". "name": "infixEq(Int. Int): Boolean". "out": {"any": [0]}. "in": {"any": [0. 1]}}')
+512: p67 = new_with_vtable(descr=<SizeDescr 32>)
+620: p69 = new_array_clear(3, descr=<ArrayP 8>)
+640: setarrayitem_gc(p69, 0, p43, descr=<ArrayP 8>)
+644: setarrayitem_gc(p69, 1, p45, descr=<ArrayP 8>)
+648: p72 = new_with_vtable(descr=<SizeDescr 40>)
+660: p73 = new_with_vtable(descr=<SizeDescr 32>)
+672: setfield_gc(p73, p31, descr=<FieldP rpyeffect.stored_environment.Stack__arb.inst_tail 8 pure>)
+676: setfield_gc(p73, 140, descr=<FieldS rpyeffect.stored_environment.Stack__arb.inst_target 16 pure>)
+684: p76 = new_array_clear(4, descr=<ArrayP 8>)
+704: setarrayitem_gc(p76, 0, p22, descr=<ArrayP 8>)
+708: setarrayitem_gc(p76, 1, p24, descr=<ArrayP 8>)
+712: setarrayitem_gc(p76, 2, p26, descr=<ArrayP 8>)
+716: p80 = new_with_vtable(descr=<SizeDescr 16>)
+728: setfield_gc(p80, i34, descr=<FieldS rpyeffect.value.IntValue.inst_value 8 pure>)
+732: setarrayitem_gc(p76, 3, p80, descr=<ArrayP 8>)
+736: setfield_gc(p73, p76, descr=<FieldP rpyeffect.stored_environment.Stack__arb.inst_values_ptr 24 pure>)
+740: setfield_gc(p72, p73, descr=<FieldP rpyeffect.stack.MetaStackLike.inst_stack 8 pure>)
+744: setfield_gc(p72, p9, descr=<FieldP rpyeffect.stack.MetaStack.inst_label 16 pure>)
+748: setfield_gc(p72, ConstPtr(null), descr=<FieldP rpyeffect.stack.MetaStack.inst_region 24 pure>)
+756: setfield_gc(p72, ConstPtr(null), descr=<FieldP rpyeffect.stack.MetaStack.inst_tail 32 pure>)
+764: setarrayitem_gc(p69, 2, p72, descr=<ArrayP 8>)
+768: p85 = new_with_vtable(descr=<SizeDescr 16>)
+780: p86 = new_with_vtable(descr=<SizeDescr 16>)
+792: setfield_gc(p85, i66, descr=<FieldS rpyeffect.value.IntValue.inst_value 8 pure>)
+796: setfield_gc(p86, i60, descr=<FieldS rpyeffect.value.IntValue.inst_value 8 pure>)
+800: setfield_gc(p67, 170, descr=<FieldS rpyeffect.stored_environment.Stack__arb.inst_target 16 pure>)
+808: setfield_gc(p67, p69, descr=<FieldP rpyeffect.stored_environment.Stack__arb.inst_values_ptr 24 pure>)
+812: setfield_gc(p67, p54, descr=<FieldP rpyeffect.stored_environment.Stack__arb.inst_tail 8 pure>)
+824: jump(p55, p67, p0, p56, ConstPtr(ptr88), p85, ConstPtr(ptr89), p45, p72, ConstPtr(ptr90), p86, p7, p8, descr=TargetToken(4972270048))
+896: --end of the loop--
[97fdd4] jit-log-opt-bridge}
[a044cf] {jit-log-opt-loop
# Loop 4 (6<main.rpyeffect:6(Name(infixAdd96))>+0: {"op": "PrimOp", "name": "infixAdd(Int, Int): Int", "out": {"any": [0]}, "in": {"any": [0, 1]}}) : entry bridge with 86 ops
[p0, p1, p2, p3, p4]
+296: p5 = getfield_gc_r(p2, descr=<FieldP rpyeffect.environment.Environment.inst_values_ptr 16>)
+304: p7 = getarrayitem_gc_r(p5, 0, descr=<ArrayP 8>)
+308: p9 = getarrayitem_gc_r(p5, 1, descr=<ArrayP 8>)
+312: p11 = getarrayitem_gc_r(p5, 2, descr=<ArrayP 8>)
+316: p13 = getarrayitem_gc_r(p5, 3, descr=<ArrayP 8>)
+320: p15 = getarrayitem_gc_r(p5, 4, descr=<ArrayP 8>)
+324: p17 = getarrayitem_gc_r(p5, 5, descr=<ArrayP 8>)
+328: p19 = getarrayitem_gc_r(p5, 6, descr=<ArrayP 8>)
+332: p21 = getarrayitem_gc_r(p5, 7, descr=<ArrayP 8>)
debug_merge_point(0, 0, '6<main.rpyeffect:6(Name(infixAdd96))>+0: {"op": "PrimOp". "name": "infixAdd(Int. Int): Int". "out": {"any": [0]}. "in": {"any": [0. 1]}}')
+336: guard_not_invalidated(descr=<Guard0x1285e3190>) [p2, p7, p9, p11, p13, p15, p17, p19, p21, p0, p1, p3, p4]
+340: i22 = getfield_gc_i(p7, descr=<FieldS rpyeffect.value.IntValue.inst_value 8 pure>)
+344: i23 = getfield_gc_i(p9, descr=<FieldS rpyeffect.value.IntValue.inst_value 8 pure>)
+348: i24 = int_add(i22, i23)
debug_merge_point(0, 0, '6<main.rpyeffect:6(Name(infixAdd96))>+1: {"op": "Return". "args": {"any": [0]}}')
+352: guard_nonnull(p1, descr=<Guard0x128616290>) [p2, p7, p9, p11, p13, p15, p17, p19, p21, p0, p1, p3, p4]
+364: i25 = getfield_gc_i(p1, descr=<FieldS rpyeffect.stored_environment.Stack__arb.inst_target 16 pure>)
+372: guard_value(i25, 169, descr=<Guard0x1286162c0>) [p2, p7, p9, p11, p13, p15, p17, p19, p21, p0, p1, p3, p4]
+384: p27 = getfield_gc_r(p1, descr=<FieldP rpyeffect.stored_environment.Stack__arb.inst_values_ptr 24 pure>)
+388: i28 = arraylen_gc(p27, descr=<ArrayP 8>)
+392: guard_value(i28, 3, descr=<Guard0x1286162f0>) [p2, p7, p9, p11, p13, p15, p17, p19, p21, p0, p1, p3, p4]
+404: p31 = getarrayitem_gc_pure_r(p27, 0, descr=<ArrayP 8>)
+408: p33 = getarrayitem_gc_pure_r(p27, 1, descr=<ArrayP 8>)
+412: p35 = getarrayitem_gc_pure_r(p27, 2, descr=<ArrayP 8>)
+416: p36 = getfield_gc_r(p1, descr=<FieldP rpyeffect.stored_environment.Stack__arb.inst_tail 8 pure>)
debug_merge_point(0, 0, '169<main.rpyeffect:169([k@[k@[then#347]#352]#372])>+0: {"op": "Store". "ref": 1. "type": "any". "value": 0}')
+420: p37 = getfield_gc_r(p31, descr=<FieldP rpyeffect.region.Ref.inst_allocation_site 8 pure>)
+428: guard_value(p37, ConstPtr(ptr38), descr=<Guard0x128616320>) [p2, p7, p9, p11, p13, p15, p17, p19, p21, p0, p1, p3, p4]
+436: p39 = getfield_gc_r(p31, descr=<FieldP rpyeffect.region.Ref.inst_value 16>)
debug_merge_point(0, 0, '169<main.rpyeffect:169([k@[k@[then#347]#352]#372])>+1: {"op": "Construct". "out": 0. "type": Interned(Unit). "tag": Interned(unit). "args": {"any": []}}')
debug_merge_point(0, 0, '169<main.rpyeffect:169([k@[k@[then#347]#352]#372])>+2: {"op": "Load". "out": 0. "type": "any". "ref": 1}')
debug_merge_point(0, 0, '169<main.rpyeffect:169([k@[k@[then#347]#352]#372])>+3: {"op": "Store". "ref": 2. "type": "any". "value": 0}')
+440: p40 = getfield_gc_r(p33, descr=<FieldP rpyeffect.region.Ref.inst_allocation_site 8 pure>)
+444: setfield_gc(p39, i24, descr=<FieldS rpyeffect.value.UnboxedIntValueRef.inst_value 8>)
+452: guard_value(p40, ConstPtr(ptr41), descr=<Guard0x1285e31d8>) [p2, p31, p33, p35, p15, p17, p19, p21, p0, p36, p3, p4, p40, i24]
+460: p42 = getfield_gc_r(p33, descr=<FieldP rpyeffect.region.Ref.inst_value 16>)
debug_merge_point(0, 0, '169<main.rpyeffect:169([k@[k@[then#347]#352]#372])>+4: {"op": "Construct". "out": 0. "type": Interned(Unit). "tag": Interned(unit). "args": {"any": []}}')
debug_merge_point(0, 0, '169<main.rpyeffect:169([k@[k@[then#347]#352]#372])>+5: {"op": "Push". "target": 168. "args": {"any": [3]}}')
debug_merge_point(0, 0, '169<main.rpyeffect:169([k@[k@[then#347]#352]#372])>+6: {"op": "Jump". "target": 125}')
debug_merge_point(0, 0, '125<main.rpyeffect:125(Name(newline2820))>+0: {"op": "Const". "type": "ptr". "out": 0. "format": "int". "value": "<IntValue object at 0x1285df950>"}')
debug_merge_point(0, 0, '125<main.rpyeffect:125(Name(newline2820))>+1: {"op": "Return". "args": {"any": [0]}}')
debug_merge_point(0, 0, '168<main.rpyeffect:168([k@[k@[k@[then#347]#352]#372]#378])>+0: {"op": "Jump". "target": 156}')
debug_merge_point(0, 0, '156<main.rpyeffect:156(Name(resume2849))>+0: {"op": "PushStack". "arg": 1}')
+464: setfield_gc(p42, i24, descr=<FieldS rpyeffect.value.UnboxedIntValueRef.inst_value 8>)
+476: i44 = instance_ptr_eq(p4, ConstPtr(ptr43))
guard_true(i44, descr=<Guard0x1285e3220>) [p2, p35, p33, p15, p17, p19, p21, i44, p0, p36, p3, p4, None]
+496: guard_nonnull_class(p35, 4309449688, descr=<Guard0x1285e3268>) [p2, p35, p33, p15, p17, p19, p21, i44, p0, p36, p3, p4, None]
+520: p47 = getfield_gc_r(p35, descr=<FieldP rpyeffect.stack.MetaStack.inst_region 24 pure>)
+524: guard_isnull(p47, descr=<Guard0x128616380>) [p2, p35, p33, p15, p17, p19, p21, i44, p0, p36, p3, p4, None]
+532: p48 = getfield_gc_r(p35, descr=<FieldP rpyeffect.stack.MetaStackLike.inst_stack 8 pure>)
+536: p49 = getfield_gc_r(p35, descr=<FieldP rpyeffect.stack.MetaStack.inst_tail 32 pure>)
+540: guard_isnull(p49, descr=<Guard0x1286163b0>) [p2, p35, p33, p15, p17, p19, p21, i44, p0, p36, p3, p4, None]
+548: p50 = getfield_gc_r(p35, descr=<FieldP rpyeffect.stack.MetaStack.inst_label 16 pure>)
debug_merge_point(0, 0, '156<main.rpyeffect:156(Name(resume2849))>+1: {"op": "Return". "args": {"any": [0]}}')
+552: guard_nonnull(p48, descr=<Guard0x1286163e0>) [p2, p35, p33, p15, p17, p19, p21, i44, p0, p36, p3, p4, None]
+560: i51 = getfield_gc_i(p48, descr=<FieldS rpyeffect.stored_environment.Stack__arb.inst_target 16 pure>)
+564: guard_value(i51, 140, descr=<Guard0x128616410>) [p2, p35, p33, p15, p17, p19, p21, i44, p0, p36, p3, p4, None]
+576: p53 = getfield_gc_r(p48, descr=<FieldP rpyeffect.stored_environment.Stack__arb.inst_values_ptr 24 pure>)
+580: i54 = arraylen_gc(p53, descr=<ArrayP 8>)
+584: guard_value(i54, 4, descr=<Guard0x128616440>) [p2, p35, p33, p15, p17, p19, p21, i44, p0, p36, p3, p4, None]
+596: p57 = getarrayitem_gc_pure_r(p53, 0, descr=<ArrayP 8>)
+600: p59 = getarrayitem_gc_pure_r(p53, 1, descr=<ArrayP 8>)
+604: p61 = getarrayitem_gc_pure_r(p53, 2, descr=<ArrayP 8>)
+608: p63 = getarrayitem_gc_pure_r(p53, 3, descr=<ArrayP 8>)
+612: p64 = getfield_gc_r(p48, descr=<FieldP rpyeffect.stored_environment.Stack__arb.inst_tail 8 pure>)
debug_merge_point(0, 0, '140<main.rpyeffect:140([k@Name(parse2827)#258])>+0: {"op": "Push". "target": 139. "args": {"any": [1. 2. 3. 4. 0]}}')
debug_merge_point(0, 0, '140<main.rpyeffect:140([k@Name(parse2827)#258])>+1: {"op": "Jump". "target": 128}')
debug_merge_point(0, 0, '128<main.rpyeffect:128(Name(isDollar2825))>+0: {"op": "Const". "type": "ptr". "out": 1. "format": "int". "value": "<IntValue object at 0x1285df8d0>"}')
debug_merge_point(0, 0, '128<main.rpyeffect:128(Name(isDollar2825))>+1: {"op": "Jump". "target": 4}')
debug_merge_point(0, 0, '4<main.rpyeffect:4(Name(infixEq72))>+0: {"op": "PrimOp". "name": "infixEq(Int. Int): Boolean". "out": {"any": [0]}. "in": {"any": [0. 1]}}')
+616: p65 = new_with_vtable(descr=<SizeDescr 32>)
+728: p67 = new_array_clear(5, descr=<ArrayP 8>)
+748: setarrayitem_gc(p67, 0, p57, descr=<ArrayP 8>)
+752: setarrayitem_gc(p67, 1, p59, descr=<ArrayP 8>)
+756: setarrayitem_gc(p67, 2, p61, descr=<ArrayP 8>)
+760: setarrayitem_gc(p67, 3, p63, descr=<ArrayP 8>)
+768: setarrayitem_gc(p67, 4, ConstPtr(ptr73), descr=<ArrayP 8>)
+772: p74 = new_with_vtable(descr=<SizeDescr 40>)
+784: setfield_gc(p65, 139, descr=<FieldS rpyeffect.stored_environment.Stack__arb.inst_target 16 pure>)
+792: setfield_gc(p65, p67, descr=<FieldP rpyeffect.stored_environment.Stack__arb.inst_values_ptr 24 pure>)
+796: setfield_gc(p65, p64, descr=<FieldP rpyeffect.stored_environment.Stack__arb.inst_tail 8 pure>)
+800: setfield_gc(p74, ConstPtr(null), descr=<FieldP rpyeffect.stack.MetaStack.inst_region 24 pure>)
+808: setfield_gc(p74, p36, descr=<FieldP rpyeffect.stack.MetaStackLike.inst_stack 8 pure>)
+812: setfield_gc(p74, p3, descr=<FieldP rpyeffect.stack.MetaStack.inst_tail 32 pure>)
+820: setfield_gc(p74, p0, descr=<FieldP rpyeffect.stack.MetaStack.inst_label 16 pure>)
+832: jump(p50, p65, p2, p74, ConstPtr(ptr77), ConstPtr(ptr73), ConstPtr(ptr78), p59, p61, p63, p17, p19, p21, descr=TargetToken(4972270048))
+960: --end of the loop--
[a12c17] jit-log-opt-loop}
[b0cce7] {jit-log-opt-bridge
# bridge out of Guard 0x1285f8ce0 with 90 ops
[p0, p1, p2, p3, p4, p5, p6, p7, p8, p9, p10, p11, p12]
+232: guard_not_invalidated(descr=<Guard0x1285e3388>) [p0, p1, p2, p3, p4, p5, p6, p7, p8, p9, p10, p11, p12]
+236: i13 = getfield_gc_i(p1, descr=<FieldS rpyeffect.value.IntValue.inst_value 8 pure>)
+240: i14 = getfield_gc_i(p2, descr=<FieldS rpyeffect.value.IntValue.inst_value 8 pure>)
+244: i15 = int_eq(i13, i14)
debug_merge_point(0, 0, '4<main.rpyeffect:4(Name(infixEq72))>+1: {"op": "Return". "args": {"any": [0]}}')
+252: guard_nonnull(p10, descr=<Guard0x128616e60>) [p0, p1, p2, p3, p4, p5, p6, p7, p8, p9, p10, p11, p12]
+260: i16 = getfield_gc_i(p10, descr=<FieldS rpyeffect.stored_environment.Stack__arb.inst_target 16 pure>)
+264: guard_value(i16, 170, descr=<Guard0x128616e90>) [p0, p1, p2, p3, p4, p5, p6, p7, p8, p9, p10, p11, p12]
+276: p18 = getfield_gc_r(p10, descr=<FieldP rpyeffect.stored_environment.Stack__arb.inst_values_ptr 24 pure>)
+280: i19 = arraylen_gc(p18, descr=<ArrayP 8>)
+284: guard_value(i19, 3, descr=<Guard0x128616ec0>) [p0, p1, p2, p3, p4, p5, p6, p7, p8, p9, p10, p11, p12]
+296: p22 = getarrayitem_gc_pure_r(p18, 0, descr=<ArrayP 8>)
+300: p24 = getarrayitem_gc_pure_r(p18, 1, descr=<ArrayP 8>)
+304: p26 = getarrayitem_gc_pure_r(p18, 2, descr=<ArrayP 8>)
+308: p27 = getfield_gc_r(p10, descr=<FieldP rpyeffect.stored_environment.Stack__arb.inst_tail 8 pure>)
debug_merge_point(0, 0, '170<main.rpyeffect:170([k@[then#347]#352])>+0: {"op": "Swap". "type": "any". "a": 0. "b". 1}')
debug_merge_point(0, 0, '170<main.rpyeffect:170([k@[then#347]#352])>+1: {"op": "Swap". "type": "any". "a": 2. "b". 1}')
debug_merge_point(0, 0, '170<main.rpyeffect:170([k@[then#347]#352])>+2: {"op": "IfZero". "cond": 2. "then": {"tag": null. "target": 166. "args": {"any": []}}}')
+312: guard_true(i15, descr=<Guard0x128616ef0>) [p0, p1, p2, p3, p4, p5, p6, p7, p8, p9, p10, p11, p12]
debug_merge_point(0, 0, '170<main.rpyeffect:170([k@[then#347]#352])>+3: {"op": "Load". "out": 2. "type": "any". "ref": 0}')
+320: p28 = getfield_gc_r(p22, descr=<FieldP rpyeffect.region.Ref.inst_allocation_site 8 pure>)
+328: guard_value(p28, ConstPtr(ptr29), descr=<Guard0x128616f20>) [p0, p1, p2, p3, p4, p5, p6, p7, p8, p9, p10, p11, p12]
+336: p30 = getfield_gc_r(p22, descr=<FieldP rpyeffect.region.Ref.inst_value 16>)
+340: i31 = getfield_gc_i(p30, descr=<FieldS rpyeffect.value.UnboxedIntValueRef.inst_value 8>)
debug_merge_point(0, 0, '170<main.rpyeffect:170([k@[then#347]#352])>+4: {"op": "Const". "type": "ptr". "out": 4. "format": "int". "value": "<IntValue object at 0x1285fea20>"}')
debug_merge_point(0, 0, '170<main.rpyeffect:170([k@[then#347]#352])>+5: {"op": "Push". "target": 169. "args": {"any": [0. 1. 3]}}')
debug_merge_point(0, 0, '170<main.rpyeffect:170([k@[then#347]#352])>+6: {"op": "Copy". "type": "any". "from": 4. "to". 1}')
debug_merge_point(0, 0, '170<main.rpyeffect:170([k@[then#347]#352])>+7: {"op": "Copy". "type": "any". "from": 2. "to". 0}')
debug_merge_point(0, 0, '170<main.rpyeffect:170([k@[then#347]#352])>+8: {"op": "Jump". "target": 6}')
debug_merge_point(0, 0, '6<main.rpyeffect:6(Name(infixAdd96))>+0: {"op": "PrimOp". "name": "infixAdd(Int. Int): Int". "out": {"any": [0]}. "in": {"any": [0. 1]}}')
+344: i33 = int_add(i31, 1)
debug_merge_point(0, 0, '6<main.rpyeffect:6(Name(infixAdd96))>+1: {"op": "Return". "args": {"any": [0]}}')
debug_merge_point(0, 0, '169<main.rpyeffect:169([k@[k@[then#347]#352]#372])>+0: {"op": "Store". "ref": 1. "type": "any". "value": 0}')
debug_merge_point(0, 0, '169<main.rpyeffect:169([k@[k@[then#347]#352]#372])>+1: {"op": "Construct". "out": 0. "type": Interned(Unit). "tag": Interned(unit). "args": {"any": []}}')
debug_merge_point(0, 0, '169<main.rpyeffect:169([k@[k@[then#347]#352]#372])>+2: {"op": "Load". "out": 0. "type": "any". "ref": 1}')
debug_merge_point(0, 0, '169<main.rpyeffect:169([k@[k@[then#347]#352]#372])>+3: {"op": "Store". "ref": 2. "type": "any". "value": 0}')
+348: p34 = getfield_gc_r(p24, descr=<FieldP rpyeffect.region.Ref.inst_allocation_site 8 pure>)
+352: setfield_gc(p30, i33, descr=<FieldS rpyeffect.value.UnboxedIntValueRef.inst_value 8>)
+360: guard_value(p34, ConstPtr(ptr35), descr=<Guard0x1285e33d0>) [p0, p22, p24, p26, p6, p7, p8, p9, p27, p11, p12, p34, i33]
+368: p36 = getfield_gc_r(p24, descr=<FieldP rpyeffect.region.Ref.inst_value 16>)
debug_merge_point(0, 0, '169<main.rpyeffect:169([k@[k@[then#347]#352]#372])>+4: {"op": "Construct". "out": 0. "type": Interned(Unit). "tag": Interned(unit). "args": {"any": []}}')
debug_merge_point(0, 0, '169<main.rpyeffect:169([k@[k@[then#347]#352]#372])>+5: {"op": "Push". "target": 168. "args": {"any": [3]}}')
debug_merge_point(0, 0, '169<main.rpyeffect:169([k@[k@[then#347]#352]#372])>+6: {"op": "Jump". "target": 125}')
debug_merge_point(0, 0, '125<main.rpyeffect:125(Name(newline2820))>+0: {"op": "Const". "type": "ptr". "out": 0. "format": "int". "value": "<IntValue object at 0x1285df950>"}')
debug_merge_point(0, 0, '125<main.rpyeffect:125(Name(newline2820))>+1: {"op": "Return". "args": {"any": [0]}}')
debug_merge_point(0, 0, '168<main.rpyeffect:168([k@[k@[k@[then#347]#352]#372]#378])>+0: {"op": "Jump". "target": 156}')
debug_merge_point(0, 0, '156<main.rpyeffect:156(Name(resume2849))>+0: {"op": "PushStack". "arg": 1}')
+372: setfield_gc(p36, i33, descr=<FieldS rpyeffect.value.UnboxedIntValueRef.inst_value 8>)
+384: i38 = instance_ptr_eq(p12, ConstPtr(ptr37))
guard_true(i38, descr=<Guard0x1285e3418>) [p0, p26, p24, p6, p7, p8, i38, p9, p27, p11, p12, None]
+404: guard_nonnull_class(p26, 4309449688, descr=<Guard0x1285e3460>) [p0, p26, p24, p6, p7, p8, i38, p9, p27, p11, p12, None]
+428: p41 = getfield_gc_r(p26, descr=<FieldP rpyeffect.stack.MetaStack.inst_region 24 pure>)
+432: guard_isnull(p41, descr=<Guard0x128616f50>) [p0, p26, p24, p6, p7, p8, i38, p9, p27, p11, p12, None]
+440: p42 = getfield_gc_r(p26, descr=<FieldP rpyeffect.stack.MetaStackLike.inst_stack 8 pure>)
+444: p43 = getfield_gc_r(p26, descr=<FieldP rpyeffect.stack.MetaStack.inst_tail 32 pure>)
+448: guard_isnull(p43, descr=<Guard0x128616f80>) [p0, p26, p24, p6, p7, p8, i38, p9, p27, p11, p12, None]
+456: p44 = getfield_gc_r(p26, descr=<FieldP rpyeffect.stack.MetaStack.inst_label 16 pure>)
debug_merge_point(0, 0, '156<main.rpyeffect:156(Name(resume2849))>+1: {"op": "Return". "args": {"any": [0]}}')
+460: guard_nonnull(p42, descr=<Guard0x128616fb0>) [p0, p26, p24, p6, p7, p8, i38, p9, p27, p11, p12, None]
+468: i45 = getfield_gc_i(p42, descr=<FieldS rpyeffect.stored_environment.Stack__arb.inst_target 16 pure>)
+472: guard_value(i45, 140, descr=<Guard0x128616fe0>) [p0, p26, p24, p6, p7, p8, i38, p9, p27, p11, p12, None]
+484: p47 = getfield_gc_r(p42, descr=<FieldP rpyeffect.stored_environment.Stack__arb.inst_values_ptr 24 pure>)
+488: i48 = arraylen_gc(p47, descr=<ArrayP 8>)
+492: guard_value(i48, 4, descr=<Guard0x128617010>) [p0, p26, p24, p6, p7, p8, i38, p9, p27, p11, p12, None]
+504: p51 = getarrayitem_gc_pure_r(p47, 0, descr=<ArrayP 8>)
+508: p53 = getarrayitem_gc_pure_r(p47, 1, descr=<ArrayP 8>)
+512: p55 = getarrayitem_gc_pure_r(p47, 2, descr=<ArrayP 8>)
+516: p57 = getarrayitem_gc_pure_r(p47, 3, descr=<ArrayP 8>)
+520: p58 = getfield_gc_r(p42, descr=<FieldP rpyeffect.stored_environment.Stack__arb.inst_tail 8 pure>)
debug_merge_point(0, 0, '140<main.rpyeffect:140([k@Name(parse2827)#258])>+0: {"op": "Push". "target": 139. "args": {"any": [1. 2. 3. 4. 0]}}')
debug_merge_point(0, 0, '140<main.rpyeffect:140([k@Name(parse2827)#258])>+1: {"op": "Jump". "target": 128}')
debug_merge_point(0, 0, '128<main.rpyeffect:128(Name(isDollar2825))>+0: {"op": "Const". "type": "ptr". "out": 1. "format": "int". "value": "<IntValue object at 0x1285df8d0>"}')
debug_merge_point(0, 0, '128<main.rpyeffect:128(Name(isDollar2825))>+1: {"op": "Jump". "target": 4}')
debug_merge_point(0, 0, '4<main.rpyeffect:4(Name(infixEq72))>+0: {"op": "PrimOp". "name": "infixEq(Int. Int): Boolean". "out": {"any": [0]}. "in": {"any": [0. 1]}}')
+524: p59 = new_with_vtable(descr=<SizeDescr 32>)
+632: p61 = new_array_clear(5, descr=<ArrayP 8>)
+652: setarrayitem_gc(p61, 0, p51, descr=<ArrayP 8>)
+656: setarrayitem_gc(p61, 1, p53, descr=<ArrayP 8>)
+660: setarrayitem_gc(p61, 2, p55, descr=<ArrayP 8>)
+664: setarrayitem_gc(p61, 3, p57, descr=<ArrayP 8>)
+672: setarrayitem_gc(p61, 4, ConstPtr(ptr67), descr=<ArrayP 8>)
+676: p68 = new_with_vtable(descr=<SizeDescr 40>)
+688: setfield_gc(p59, 139, descr=<FieldS rpyeffect.stored_environment.Stack__arb.inst_target 16 pure>)
+696: setfield_gc(p59, p61, descr=<FieldP rpyeffect.stored_environment.Stack__arb.inst_values_ptr 24 pure>)
+700: setfield_gc(p59, p58, descr=<FieldP rpyeffect.stored_environment.Stack__arb.inst_tail 8 pure>)
+704: setfield_gc(p68, ConstPtr(null), descr=<FieldP rpyeffect.stack.MetaStack.inst_region 24 pure>)
+712: setfield_gc(p68, p27, descr=<FieldP rpyeffect.stack.MetaStackLike.inst_stack 8 pure>)
+716: setfield_gc(p68, p11, descr=<FieldP rpyeffect.stack.MetaStack.inst_tail 32 pure>)
+724: setfield_gc(p68, p9, descr=<FieldP rpyeffect.stack.MetaStack.inst_label 16 pure>)
+736: jump(p44, p59, p0, p68, ConstPtr(ptr71), ConstPtr(ptr67), ConstPtr(ptr72), p53, p55, p57, p6, p7, p8, descr=TargetToken(4972270048))
+792: --end of the loop--
[b1be47] jit-log-opt-bridge}
[b4a765] {jit-log-opt-bridge
# bridge out of Guard 0x1285f9df0 with 38 ops
[p0, p1, p2, p3, p4, p5, p6, p7, p8, p9, p10, p11, p12]
+120: guard_not_invalidated(descr=<Guard0x1285e34a8>) [p0, p1, p2, p3, p4, p5, p6, p7, p8, p9, p10, p11, p12]
+124: i13 = getfield_gc_i(p1, descr=<FieldS rpyeffect.value.IntValue.inst_value 8 pure>)
+128: i14 = getfield_gc_i(p2, descr=<FieldS rpyeffect.value.IntValue.inst_value 8 pure>)
+132: i15 = int_eq(i13, i14)
debug_merge_point(0, 0, '4<main.rpyeffect:4(Name(infixEq72))>+1: {"op": "Return". "args": {"any": [0]}}')
+140: guard_nonnull(p10, descr=<Guard0x1286171c0>) [p0, p1, p2, p3, p4, p5, p6, p7, p8, p9, p10, p11, p12]
+148: i16 = getfield_gc_i(p10, descr=<FieldS rpyeffect.stored_environment.Stack__arb.inst_target 16 pure>)
+152: guard_value(i16, 139, descr=<Guard0x1286171f0>) [p0, p1, p2, p3, p4, p5, p6, p7, p8, p9, p10, p11, p12]
+164: p18 = getfield_gc_r(p10, descr=<FieldP rpyeffect.stored_environment.Stack__arb.inst_values_ptr 24 pure>)
+168: i19 = arraylen_gc(p18, descr=<ArrayP 8>)
+172: guard_value(i19, 5, descr=<Guard0x128617220>) [p0, p1, p2, p3, p4, p5, p6, p7, p8, p9, p10, p11, p12]
+184: p22 = getarrayitem_gc_pure_r(p18, 0, descr=<ArrayP 8>)
+188: p24 = getarrayitem_gc_pure_r(p18, 1, descr=<ArrayP 8>)
+192: p26 = getarrayitem_gc_pure_r(p18, 2, descr=<ArrayP 8>)
+196: p28 = getarrayitem_gc_pure_r(p18, 3, descr=<ArrayP 8>)
+200: p30 = getarrayitem_gc_pure_r(p18, 4, descr=<ArrayP 8>)
+204: p31 = getfield_gc_r(p10, descr=<FieldP rpyeffect.stored_environment.Stack__arb.inst_tail 8 pure>)
debug_merge_point(0, 0, '139<main.rpyeffect:139([k@[k@Name(parse2827)#258]#260])>+0: {"op": "Swap". "type": "any". "a": 2. "b". 5}')
debug_merge_point(0, 0, '139<main.rpyeffect:139([k@[k@Name(parse2827)#258]#260])>+1: {"op": "Swap". "type": "any". "a": 4. "b". 5}')
debug_merge_point(0, 0, '139<main.rpyeffect:139([k@[k@Name(parse2827)#258]#260])>+2: {"op": "Swap". "type": "any". "a": 1. "b". 5}')
debug_merge_point(0, 0, '139<main.rpyeffect:139([k@[k@Name(parse2827)#258]#260])>+3: {"op": "IfZero". "cond": 0. "then": {"tag": null. "target": 136. "args": {"any": []}}}')
+208: guard_false(i15, descr=<Guard0x128617250>) [p0, p1, p2, p3, p4, p5, p6, p7, p8, p9, p10, p11, p12]
debug_merge_point(0, 0, '136<main.rpyeffect:136([then#263])>+0: {"op": "Push". "target": 135. "args": {"any": [5. 4. 3. 1]}}')
debug_merge_point(0, 0, '136<main.rpyeffect:136([then#263])>+1: {"op": "Copy". "type": "any". "from": 2. "to". 0}')
debug_merge_point(0, 0, '136<main.rpyeffect:136([then#263])>+2: {"op": "Jump". "target": 126}')
debug_merge_point(0, 0, '126<main.rpyeffect:126(Name(isNewline2822))>+0: {"op": "Const". "type": "ptr". "out": 1. "format": "int". "value": "<IntValue object at 0x1285df920>"}')
debug_merge_point(0, 0, '126<main.rpyeffect:126(Name(isNewline2822))>+1: {"op": "Jump". "target": 4}')
debug_merge_point(0, 0, '4<main.rpyeffect:4(Name(infixEq72))>+0: {"op": "PrimOp". "name": "infixEq(Int. Int): Boolean". "out": {"any": [0]}. "in": {"any": [0. 1]}}')
+216: p32 = new_with_vtable(descr=<SizeDescr 32>)
+320: p34 = new_array_clear(4, descr=<ArrayP 8>)
+340: setarrayitem_gc(p34, 0, p22, descr=<ArrayP 8>)
+344: setarrayitem_gc(p34, 1, p24, descr=<ArrayP 8>)
+348: setarrayitem_gc(p34, 2, p26, descr=<ArrayP 8>)
+352: setarrayitem_gc(p34, 3, p28, descr=<ArrayP 8>)
+356: setfield_gc(p32, 135, descr=<FieldS rpyeffect.stored_environment.Stack__arb.inst_target 16 pure>)
+364: setfield_gc(p32, p34, descr=<FieldP rpyeffect.stored_environment.Stack__arb.inst_values_ptr 24 pure>)
+368: setfield_gc(p32, p31, descr=<FieldP rpyeffect.stored_environment.Stack__arb.inst_tail 8 pure>)
+376: jump(p9, p32, p0, p11, p12, p30, ConstPtr(ptr40), p30, p26, p24, p22, p7, p8, descr=TargetToken(4972270048))
+424: --end of the loop--
[b4f849] jit-log-opt-bridge}
[ba4b14] {jit-log-opt-loop
# Loop 7 (10<main.rpyeffect:10(Name(infixGt184))>+0: {"op": "PrimOp", "name": "infixGt(Int, Int): Boolean", "out": {"any": [0]}, "in": {"any": [0, 1]}}) : entry bridge with 52 ops
[p0, p1, p2, p3, p4]
+216: p5 = getfield_gc_r(p2, descr=<FieldP rpyeffect.environment.Environment.inst_values_ptr 16>)
+224: p7 = getarrayitem_gc_r(p5, 0, descr=<ArrayP 8>)
+228: p9 = getarrayitem_gc_r(p5, 1, descr=<ArrayP 8>)
+232: p11 = getarrayitem_gc_r(p5, 2, descr=<ArrayP 8>)
+236: p13 = getarrayitem_gc_r(p5, 3, descr=<ArrayP 8>)
+240: p15 = getarrayitem_gc_r(p5, 4, descr=<ArrayP 8>)
+244: p17 = getarrayitem_gc_r(p5, 5, descr=<ArrayP 8>)
+248: p19 = getarrayitem_gc_r(p5, 6, descr=<ArrayP 8>)
+252: p21 = getarrayitem_gc_r(p5, 7, descr=<ArrayP 8>)
debug_merge_point(0, 0, '10<main.rpyeffect:10(Name(infixGt184))>+0: {"op": "PrimOp". "name": "infixGt(Int. Int): Boolean". "out": {"any": [0]}. "in": {"any": [0. 1]}}')
+256: guard_not_invalidated(descr=<Guard0x1285e34f0>) [p2, p7, p9, p11, p13, p15, p17, p19, p21, p0, p1, p3, p4]
+260: i22 = getfield_gc_i(p7, descr=<FieldS rpyeffect.value.IntValue.inst_value 8 pure>)
+264: i23 = getfield_gc_i(p9, descr=<FieldS rpyeffect.value.IntValue.inst_value 8 pure>)
+268: i24 = int_gt(i22, i23)
debug_merge_point(0, 0, '10<main.rpyeffect:10(Name(infixGt184))>+1: {"op": "Return". "args": {"any": [0]}}')
+276: guard_nonnull(p1, descr=<Guard0x128617970>) [p2, p7, p9, p11, p13, p15, p17, p19, p21, p0, p1, p3, p4]
+288: i25 = getfield_gc_i(p1, descr=<FieldS rpyeffect.stored_environment.Stack__arb.inst_target 16 pure>)
+296: guard_value(i25, 175, descr=<Guard0x1286179a0>) [p2, p7, p9, p11, p13, p15, p17, p19, p21, p0, p1, p3, p4]
+308: p27 = getfield_gc_r(p1, descr=<FieldP rpyeffect.stored_environment.Stack__arb.inst_values_ptr 24 pure>)
+312: i28 = arraylen_gc(p27, descr=<ArrayP 8>)
+316: guard_value(i28, 4, descr=<Guard0x1286179d0>) [p2, p7, p9, p11, p13, p15, p17, p19, p21, p0, p1, p3, p4]
+328: p31 = getarrayitem_gc_pure_r(p27, 0, descr=<ArrayP 8>)
+328: p33 = getarrayitem_gc_pure_r(p27, 1, descr=<ArrayP 8>)
+332: p35 = getarrayitem_gc_pure_r(p27, 2, descr=<ArrayP 8>)
+336: p37 = getarrayitem_gc_pure_r(p27, 3, descr=<ArrayP 8>)
+340: p38 = getfield_gc_r(p1, descr=<FieldP rpyeffect.stored_environment.Stack__arb.inst_tail 8 pure>)
debug_merge_point(0, 0, '175<main.rpyeffect:175([k@[method_Read2838@Name(feed2834)#338]#343])>+0: {"op": "Swap". "type": "any". "a": 3. "b". 4}')
debug_merge_point(0, 0, '175<main.rpyeffect:175([k@[method_Read2838@Name(feed2834)#338]#343])>+1: {"op": "Swap". "type": "any". "a": 2. "b". 4}')
debug_merge_point(0, 0, '175<main.rpyeffect:175([k@[method_Read2838@Name(feed2834)#338]#343])>+2: {"op": "Swap". "type": "any". "a": 1. "b". 4}')
debug_merge_point(0, 0, '175<main.rpyeffect:175([k@[method_Read2838@Name(feed2834)#338]#343])>+3: {"op": "IfZero". "cond": 0. "then": {"tag": null. "target": 171. "args": {"any": []}}}')
+344: guard_false(i24, descr=<Guard0x128617a00>) [p2, p7, p9, p11, p13, p15, p17, p19, p21, p0, p1, p3, p4]
debug_merge_point(0, 0, '171<main.rpyeffect:171([then#347])>+0: {"op": "Load". "out": 0. "type": "any". "ref": 2}')
+352: p39 = getfield_gc_r(p35, descr=<FieldP rpyeffect.region.Ref.inst_allocation_site 8 pure>)
+360: guard_value(p39, ConstPtr(ptr40), descr=<Guard0x128617a30>) [p2, p7, p9, p11, p13, p15, p17, p19, p21, p0, p1, p3, p4]
+368: p41 = getfield_gc_r(p35, descr=<FieldP rpyeffect.region.Ref.inst_value 16>)
+372: i42 = getfield_gc_i(p41, descr=<FieldS rpyeffect.value.UnboxedIntValueRef.inst_value 8>)
debug_merge_point(0, 0, '171<main.rpyeffect:171([then#347])>+1: {"op": "Const". "type": "ptr". "out": 4. "format": "int". "value": "<IntValue object at 0x1285fe9f0>"}')
debug_merge_point(0, 0, '171<main.rpyeffect:171([then#347])>+2: {"op": "Push". "target": 170. "args": {"any": [1. 2. 3]}}')
debug_merge_point(0, 0, '171<main.rpyeffect:171([then#347])>+3: {"op": "Copy". "type": "any". "from": 4. "to". 1}')
debug_merge_point(0, 0, '171<main.rpyeffect:171([then#347])>+4: {"op": "Jump". "target": 4}')
debug_merge_point(0, 0, '4<main.rpyeffect:4(Name(infixEq72))>+0: {"op": "PrimOp". "name": "infixEq(Int. Int): Boolean". "out": {"any": [0]}. "in": {"any": [0. 1]}}')
+376: p43 = new_with_vtable(descr=<SizeDescr 32>)
+484: p45 = new_array_clear(3, descr=<ArrayP 8>)
+504: setarrayitem_gc(p45, 0, p33, descr=<ArrayP 8>)
+508: setarrayitem_gc(p45, 1, p35, descr=<ArrayP 8>)
+512: setarrayitem_gc(p45, 2, p37, descr=<ArrayP 8>)
+516: p49 = new_with_vtable(descr=<SizeDescr 16>)
+528: setfield_gc(p49, i42, descr=<FieldS rpyeffect.value.IntValue.inst_value 8 pure>)
+532: setfield_gc(p43, 170, descr=<FieldS rpyeffect.stored_environment.Stack__arb.inst_target 16 pure>)
+540: setfield_gc(p43, p45, descr=<FieldP rpyeffect.stored_environment.Stack__arb.inst_values_ptr 24 pure>)
+544: setfield_gc(p43, p38, descr=<FieldP rpyeffect.stored_environment.Stack__arb.inst_tail 8 pure>)
+552: jump(p0, p43, p2, p3, p4, p49, ConstPtr(ptr51), p35, p37, ConstPtr(ptr52), p17, p19, p21, descr=TargetToken(4972270048))
+672: --end of the loop--
[bacf14] jit-log-opt-loop}
[c6d8f2] {jit-log-opt-bridge
# bridge out of Guard 0x1286162c0 with 161 ops
[p0, p1, p2, p3, p4, p5, p6, p7, p8, p9, p10, p11, p12]
+344: guard_not_invalidated(descr=<Guard0x1285e3580>) [p0, p1, p2, p3, p4, p5, p6, p7, p8, p9, p10, p11, p12]
+348: i13 = getfield_gc_i(p1, descr=<FieldS rpyeffect.value.IntValue.inst_value 8 pure>)
+352: i14 = getfield_gc_i(p2, descr=<FieldS rpyeffect.value.IntValue.inst_value 8 pure>)
+356: i15 = int_add(i13, i14)
debug_merge_point(0, 0, '6<main.rpyeffect:6(Name(infixAdd96))>+1: {"op": "Return". "args": {"any": [0]}}')
+360: guard_nonnull(p10, descr=<Guard0x12862a320>) [p0, p1, p2, p3, p4, p5, p6, p7, p8, p9, p10, p11, p12]
+368: i16 = getfield_gc_i(p10, descr=<FieldS rpyeffect.stored_environment.Stack__arb.inst_target 16 pure>)
+372: guard_value(i16, 147, descr=<Guard0x12862a350>) [p0, p1, p2, p3, p4, p5, p6, p7, p8, p9, p10, p11, p12]
+384: p18 = getfield_gc_r(p10, descr=<FieldP rpyeffect.stored_environment.Stack__arb.inst_values_ptr 24 pure>)
+388: i19 = arraylen_gc(p18, descr=<ArrayP 8>)
+392: guard_value(i19, 2, descr=<Guard0x12862a380>) [p0, p1, p2, p3, p4, p5, p6, p7, p8, p9, p10, p11, p12]
+404: p22 = getarrayitem_gc_pure_r(p18, 0, descr=<ArrayP 8>)
+408: p24 = getarrayitem_gc_pure_r(p18, 1, descr=<ArrayP 8>)
+412: p25 = getfield_gc_r(p10, descr=<FieldP rpyeffect.stored_environment.Stack__arb.inst_tail 8 pure>)
debug_merge_point(0, 0, '147<main.rpyeffect:147([k@[method_Emit2840@Name(sum2829)#296]#301])>+0: {"op": "Store". "ref": 2. "type": "any". "value": 0}')
+416: p26 = getfield_gc_r(p24, descr=<FieldP rpyeffect.region.Ref.inst_allocation_site 8 pure>)
+424: guard_value(p26, ConstPtr(ptr27), descr=<Guard0x12862a3b0>) [p0, p1, p2, p3, p4, p5, p6, p7, p8, p9, p10, p11, p12]
+432: p28 = getfield_gc_r(p24, descr=<FieldP rpyeffect.region.Ref.inst_value 16>)
debug_merge_point(0, 0, '147<main.rpyeffect:147([k@[method_Emit2840@Name(sum2829)#296]#301])>+1: {"op": "Construct". "out": 0. "type": Interned(Unit). "tag": Interned(unit). "args": {"any": []}}')
debug_merge_point(0, 0, '147<main.rpyeffect:147([k@[method_Emit2840@Name(sum2829)#296]#301])>+2: {"op": "Construct". "out": 0. "type": Interned(Unit). "tag": Interned(unit). "args": {"any": []}}')
debug_merge_point(0, 0, '147<main.rpyeffect:147([k@[method_Emit2840@Name(sum2829)#296]#301])>+3: {"op": "Jump". "target": 142}')
debug_merge_point(0, 0, '142<main.rpyeffect:142(Name(resume2845))>+0: {"op": "PushStack". "arg": 1}')
+436: setfield_gc(p28, i15, descr=<FieldS rpyeffect.value.UnboxedIntValueRef.inst_value 8>)
+448: i30 = instance_ptr_eq(p12, ConstPtr(ptr29))
guard_true(i30, descr=<Guard0x1285e35c8>) [p0, p22, p24, p4, p5, p6, p7, p8, i30, p9, p25, p11, p12]
+468: guard_nonnull_class(p22, 4309449688, descr=<Guard0x1285e3610>) [p0, p22, p24, p4, p5, p6, p7, p8, i30, p9, p25, p11, p12]
+492: p32 = getfield_gc_r(p22, descr=<FieldP rpyeffect.stack.MetaStack.inst_region 24 pure>)
+496: guard_isnull(p32, descr=<Guard0x12862a3e0>) [p0, p22, p24, p4, p5, p6, p7, p8, i30, p9, p25, p11, p12]
+504: p33 = getfield_gc_r(p22, descr=<FieldP rpyeffect.stack.MetaStackLike.inst_stack 8 pure>)
+508: p34 = getfield_gc_r(p22, descr=<FieldP rpyeffect.stack.MetaStack.inst_tail 32 pure>)
+512: guard_nonnull_class(p34, 4309449688, descr=<Guard0x1285e3658>) [p0, p22, p24, p4, p5, p6, p7, p8, i30, p9, p25, p11, p12]
+536: p36 = getfield_gc_r(p34, descr=<FieldP rpyeffect.stack.MetaStack.inst_region 24 pure>)
+540: guard_isnull(p36, descr=<Guard0x12862a410>) [p0, p22, p24, p4, p5, p6, p7, p8, i30, p9, p25, p11, p12]
+548: p37 = getfield_gc_r(p34, descr=<FieldP rpyeffect.stack.MetaStackLike.inst_stack 8 pure>)
+552: p38 = getfield_gc_r(p34, descr=<FieldP rpyeffect.stack.MetaStack.inst_tail 32 pure>)
+556: guard_nonnull_class(p38, 4309449688, descr=<Guard0x1285e36a0>) [p0, p22, p24, p4, p5, p6, p7, p8, i30, p9, p25, p11, p12]
+580: p40 = getfield_gc_r(p38, descr=<FieldP rpyeffect.stack.MetaStack.inst_region 24 pure>)
+588: guard_isnull(p40, descr=<Guard0x12862a440>) [p0, p22, p24, p4, p5, p6, p7, p8, i30, p9, p25, p11, p12]
+596: p41 = getfield_gc_r(p38, descr=<FieldP rpyeffect.stack.MetaStackLike.inst_stack 8 pure>)
+600: p42 = getfield_gc_r(p38, descr=<FieldP rpyeffect.stack.MetaStack.inst_tail 32 pure>)
+608: guard_nonnull_class(p42, 4309449688, descr=<Guard0x1285e36e8>) [p0, p22, p24, p4, p5, p6, p7, p8, i30, p9, p25, p11, p12]
+632: p44 = getfield_gc_r(p42, descr=<FieldP rpyeffect.stack.MetaStack.inst_region 24 pure>)
+640: guard_isnull(p44, descr=<Guard0x12862a470>) [p0, p22, p24, p4, p5, p6, p7, p8, i30, p9, p25, p11, p12]
+648: p45 = getfield_gc_r(p42, descr=<FieldP rpyeffect.stack.MetaStackLike.inst_stack 8 pure>)
+652: p46 = getfield_gc_r(p42, descr=<FieldP rpyeffect.stack.MetaStack.inst_tail 32 pure>)
+660: guard_nonnull_class(p46, 4309449688, descr=<Guard0x1285e3730>) [p0, p22, p24, p4, p5, p6, p7, p8, i30, p9, p25, p11, p12]
+684: p48 = getfield_gc_r(p46, descr=<FieldP rpyeffect.stack.MetaStack.inst_region 24 pure>)
+692: guard_isnull(p48, descr=<Guard0x12862a4a0>) [p0, p22, p24, p4, p5, p6, p7, p8, i30, p9, p25, p11, p12]
+700: p49 = getfield_gc_r(p46, descr=<FieldP rpyeffect.stack.MetaStackLike.inst_stack 8 pure>)
+704: p50 = getfield_gc_r(p46, descr=<FieldP rpyeffect.stack.MetaStack.inst_tail 32 pure>)
+712: guard_isnull(p50, descr=<Guard0x12862a4d0>) [p0, p22, p24, p4, p5, p6, p7, p8, i30, p9, p25, p11, p12]
+720: p51 = getfield_gc_r(p46, descr=<FieldP rpyeffect.stack.MetaStack.inst_label 16 pure>)
+724: p52 = getfield_gc_r(p42, descr=<FieldP rpyeffect.stack.MetaStack.inst_label 16 pure>)
+728: p53 = getfield_gc_r(p38, descr=<FieldP rpyeffect.stack.MetaStack.inst_label 16 pure>)
+732: p54 = getfield_gc_r(p34, descr=<FieldP rpyeffect.stack.MetaStack.inst_label 16 pure>)
+736: p55 = getfield_gc_r(p22, descr=<FieldP rpyeffect.stack.MetaStack.inst_label 16 pure>)
debug_merge_point(0, 0, '142<main.rpyeffect:142(Name(resume2845))>+1: {"op": "Return". "args": {"any": [0]}}')
+740: guard_nonnull(p33, descr=<Guard0x12862a500>) [p0, p22, p24, p4, p5, p6, p7, p8, i30, p9, p25, p11, p12]
+748: i56 = getfield_gc_i(p33, descr=<FieldS rpyeffect.stored_environment.Stack__arb.inst_target 16 pure>)
+756: guard_value(i56, 134, descr=<Guard0x12862a530>) [p0, p22, p24, p4, p5, p6, p7, p8, i30, p9, p25, p11, p12]
+768: p58 = getfield_gc_r(p33, descr=<FieldP rpyeffect.stored_environment.Stack__arb.inst_values_ptr 24 pure>)
+772: i59 = arraylen_gc(p58, descr=<ArrayP 8>)
+780: guard_value(i59, 3, descr=<Guard0x12862a560>) [p0, p22, p24, p4, p5, p6, p7, p8, i30, p9, p25, p11, p12]
+792: p62 = getarrayitem_gc_pure_r(p58, 0, descr=<ArrayP 8>)
+796: p64 = getarrayitem_gc_pure_r(p58, 1, descr=<ArrayP 8>)
+804: p66 = getarrayitem_gc_pure_r(p58, 2, descr=<ArrayP 8>)
+808: p67 = getfield_gc_r(p33, descr=<FieldP rpyeffect.stored_environment.Stack__arb.inst_tail 8 pure>)
debug_merge_point(0, 0, '134<main.rpyeffect:134([k@[k@[then#263]#265]#272])>+0: {"op": "Const". "type": "ptr". "out": 0. "format": "int". "value": "<IntValue object at 0x1285df810>"}')
debug_merge_point(0, 0, '134<main.rpyeffect:134([k@[k@[then#263]#265]#272])>+1: {"op": "Swap". "type": "any". "a": 2. "b". 1}')
debug_merge_point(0, 0, '134<main.rpyeffect:134([k@[k@[then#263]#265]#272])>+2: {"op": "Jump". "target": 141}')
debug_merge_point(0, 0, '141<main.rpyeffect:141(Name(parse2827))>+0: {"op": "Push". "target": 140. "args": {"any": [2. 1. 3. 0]}}')
debug_merge_point(0, 0, '141<main.rpyeffect:141(Name(parse2827))>+1: {"op": "Invoke". "receiver": 1. "tag": Interned(Read2838). "args" : {"any": []}}')
+812: p68 = getfield_gc_r(p64, descr=<FieldP rpyeffect.codata.CoData.inst_vtable 8 pure>)
+824: guard_value(p68, ConstPtr(ptr69), descr=<Guard0x12862a590>) [p0, p22, p24, p4, p5, p6, p7, p8, i30, p9, p25, p11, p12]
+832: p70 = getfield_gc_r(p64, descr=<FieldP rpyeffect.stored_environment.CoData__arb.inst_values_ptr 16 pure>)
+836: i71 = arraylen_gc(p70, descr=<ArrayP 8>)
+840: guard_value(i71, 5, descr=<Guard0x12862a5c0>) [p0, p22, p24, p4, p5, p6, p7, p8, i30, p9, p25, p11, p12]
+852: p74 = getarrayitem_gc_pure_r(p70, 0, descr=<ArrayP 8>)
+852: p76 = getarrayitem_gc_pure_r(p70, 1, descr=<ArrayP 8>)
+856: p78 = getarrayitem_gc_pure_r(p70, 2, descr=<ArrayP 8>)
+864: p80 = getarrayitem_gc_pure_r(p70, 3, descr=<ArrayP 8>)
+872: p82 = getarrayitem_gc_pure_r(p70, 4, descr=<ArrayP 8>)
debug_merge_point(0, 0, '176<main.rpyeffect:176([method_Read2838@Name(feed2834)#338])>+0: {"op": "Const". "type": "ptr". "out": 5. "format": "int". "value": "<IntValue object at 0x1285fe8e0>"}')
debug_merge_point(0, 0, '176<main.rpyeffect:176([method_Read2838@Name(feed2834)#338])>+1: {"op": "ShiftDyn". "out": 4. "n": 5. "label": 4}')
+876: i83 = instance_ptr_eq(p55, p82)
guard_true(i83, descr=<Guard0x12862a5f0>) [p0, p22, p24, p4, p5, p6, p7, p8, i30, p9, p25, p11, p12]
debug_merge_point(0, 0, '176<main.rpyeffect:176([method_Read2838@Name(feed2834)#338])>+2: {"op": "Load". "out": 5. "type": "any". "ref": 1}')
+884: p84 = getfield_gc_r(p76, descr=<FieldP rpyeffect.region.Ref.inst_allocation_site 8 pure>)
+896: guard_value(p84, ConstPtr(ptr85), descr=<Guard0x12862a620>) [p0, p22, p24, p4, p5, p6, p7, p8, i30, p9, p25, p11, p12]
+904: p86 = getfield_gc_r(p76, descr=<FieldP rpyeffect.region.Ref.inst_value 16>)
+908: i87 = getfield_gc_i(p86, descr=<FieldS rpyeffect.value.UnboxedIntValueRef.inst_value 8>)
debug_merge_point(0, 0, '176<main.rpyeffect:176([method_Read2838@Name(feed2834)#338])>+3: {"op": "Push". "target": 175. "args": {"any": [0. 1. 2. 4]}}')
debug_merge_point(0, 0, '176<main.rpyeffect:176([method_Read2838@Name(feed2834)#338])>+4: {"op": "Copy". "type": "any". "from": 5. "to". 0}')
debug_merge_point(0, 0, '176<main.rpyeffect:176([method_Read2838@Name(feed2834)#338])>+5: {"op": "Copy". "type": "any". "from": 3. "to". 1}')
debug_merge_point(0, 0, '176<main.rpyeffect:176([method_Read2838@Name(feed2834)#338])>+6: {"op": "Jump". "target": 10}')
debug_merge_point(0, 0, '10<main.rpyeffect:10(Name(infixGt184))>+0: {"op": "PrimOp". "name": "infixGt(Int. Int): Boolean". "out": {"any": [0]}. "in": {"any": [0. 1]}}')
+912: i88 = getfield_gc_i(p80, descr=<FieldS rpyeffect.value.IntValue.inst_value 8 pure>)
+916: i89 = int_gt(i87, i88)
debug_merge_point(0, 0, '10<main.rpyeffect:10(Name(infixGt184))>+1: {"op": "Return". "args": {"any": [0]}}')
debug_merge_point(0, 0, '175<main.rpyeffect:175([k@[method_Read2838@Name(feed2834)#338]#343])>+0: {"op": "Swap". "type": "any". "a": 3. "b". 4}')
debug_merge_point(0, 0, '175<main.rpyeffect:175([k@[method_Read2838@Name(feed2834)#338]#343])>+1: {"op": "Swap". "type": "any". "a": 2. "b". 4}')
debug_merge_point(0, 0, '175<main.rpyeffect:175([k@[method_Read2838@Name(feed2834)#338]#343])>+2: {"op": "Swap". "type": "any". "a": 1. "b". 4}')
debug_merge_point(0, 0, '175<main.rpyeffect:175([k@[method_Read2838@Name(feed2834)#338]#343])>+3: {"op": "IfZero". "cond": 0. "then": {"tag": null. "target": 171. "args": {"any": []}}}')
guard_false(i89, descr=<Guard0x12862a650>) [p0, p22, p24, p4, p5, p6, p7, p8, i30, p9, p25, p11, p12]
debug_merge_point(0, 0, '171<main.rpyeffect:171([then#347])>+0: {"op": "Load". "out": 0. "type": "any". "ref": 2}')
+924: p90 = getfield_gc_r(p78, descr=<FieldP rpyeffect.region.Ref.inst_allocation_site 8 pure>)
+932: guard_value(p90, ConstPtr(ptr91), descr=<Guard0x12862a680>) [p0, p22, p24, p4, p5, p6, p7, p8, i30, p9, p25, p11, p12]
+940: p92 = getfield_gc_r(p78, descr=<FieldP rpyeffect.region.Ref.inst_value 16>)
+944: i93 = getfield_gc_i(p92, descr=<FieldS rpyeffect.value.UnboxedIntValueRef.inst_value 8>)
debug_merge_point(0, 0, '171<main.rpyeffect:171([then#347])>+1: {"op": "Const". "type": "ptr". "out": 4. "format": "int". "value": "<IntValue object at 0x1285fe9f0>"}')
debug_merge_point(0, 0, '171<main.rpyeffect:171([then#347])>+2: {"op": "Push". "target": 170. "args": {"any": [1. 2. 3]}}')
debug_merge_point(0, 0, '171<main.rpyeffect:171([then#347])>+3: {"op": "Copy". "type": "any". "from": 4. "to". 1}')
debug_merge_point(0, 0, '171<main.rpyeffect:171([then#347])>+4: {"op": "Jump". "target": 4}')
debug_merge_point(0, 0, '4<main.rpyeffect:4(Name(infixEq72))>+0: {"op": "PrimOp". "name": "infixEq(Int. Int): Boolean". "out": {"any": [0]}. "in": {"any": [0. 1]}}')
+948: p94 = new_with_vtable(descr=<SizeDescr 32>)
+1060: p96 = new_array_clear(3, descr=<ArrayP 8>)
+1080: setarrayitem_gc(p96, 0, p76, descr=<ArrayP 8>)
+1084: setarrayitem_gc(p96, 1, p78, descr=<ArrayP 8>)
+1088: p99 = new_with_vtable(descr=<SizeDescr 40>)
+1100: p100 = new_with_vtable(descr=<SizeDescr 32>)
+1116: setfield_gc(p100, p67, descr=<FieldP rpyeffect.stored_environment.Stack__arb.inst_tail 8 pure>)
+1120: setfield_gc(p100, 140, descr=<FieldS rpyeffect.stored_environment.Stack__arb.inst_target 16 pure>)
+1128: p103 = new_array_clear(4, descr=<ArrayP 8>)
+1148: setarrayitem_gc(p103, 0, p62, descr=<ArrayP 8>)
+1152: setarrayitem_gc(p103, 1, p64, descr=<ArrayP 8>)
+1156: setarrayitem_gc(p103, 2, p66, descr=<ArrayP 8>)
+1164: setarrayitem_gc(p103, 3, ConstPtr(ptr108), descr=<ArrayP 8>)
+1168: setfield_gc(p100, p103, descr=<FieldP rpyeffect.stored_environment.Stack__arb.inst_values_ptr 24 pure>)
+1172: setfield_gc(p99, p100, descr=<FieldP rpyeffect.stack.MetaStackLike.inst_stack 8 pure>)
+1176: setfield_gc(p99, p55, descr=<FieldP rpyeffect.stack.MetaStack.inst_label 16 pure>)
+1180: setfield_gc(p99, ConstPtr(null), descr=<FieldP rpyeffect.stack.MetaStack.inst_region 24 pure>)
+1188: setfield_gc(p99, ConstPtr(null), descr=<FieldP rpyeffect.stack.MetaStack.inst_tail 32 pure>)
+1196: setarrayitem_gc(p96, 2, p99, descr=<ArrayP 8>)
+1200: p112 = new_with_vtable(descr=<SizeDescr 40>)
+1212: p113 = new_with_vtable(descr=<SizeDescr 40>)
+1224: setfield_gc(p113, p45, descr=<FieldP rpyeffect.stack.MetaStackLike.inst_stack 8 pure>)
+1232: setfield_gc(p113, p52, descr=<FieldP rpyeffect.stack.MetaStack.inst_label 16 pure>)
+1236: setfield_gc(p113, ConstPtr(null), descr=<FieldP rpyeffect.stack.MetaStack.inst_region 24 pure>)
+1244: p115 = new_with_vtable(descr=<SizeDescr 40>)
+1256: setfield_gc(p115, p49, descr=<FieldP rpyeffect.stack.MetaStackLike.inst_stack 8 pure>)
+1260: setfield_gc(p115, p51, descr=<FieldP rpyeffect.stack.MetaStack.inst_label 16 pure>)
+1264: setfield_gc(p115, ConstPtr(null), descr=<FieldP rpyeffect.stack.MetaStack.inst_region 24 pure>)
+1272: p117 = new_with_vtable(descr=<SizeDescr 40>)
+1284: setfield_gc(p117, p25, descr=<FieldP rpyeffect.stack.MetaStackLike.inst_stack 8 pure>)
+1288: setfield_gc(p117, p9, descr=<FieldP rpyeffect.stack.MetaStack.inst_label 16 pure>)
+1296: setfield_gc(p117, ConstPtr(null), descr=<FieldP rpyeffect.stack.MetaStack.inst_region 24 pure>)
+1304: setfield_gc(p117, p11, descr=<FieldP rpyeffect.stack.MetaStack.inst_tail 32 pure>)
+1312: setfield_gc(p115, p117, descr=<FieldP rpyeffect.stack.MetaStack.inst_tail 32 pure>)
+1316: setfield_gc(p113, p115, descr=<FieldP rpyeffect.stack.MetaStack.inst_tail 32 pure>)
+1320: p119 = new_with_vtable(descr=<SizeDescr 16>)
+1332: p120 = new_with_vtable(descr=<SizeDescr 16>)
+1344: setfield_gc(p119, i93, descr=<FieldS rpyeffect.value.IntValue.inst_value 8 pure>)
+1348: setfield_gc(p120, i87, descr=<FieldS rpyeffect.value.IntValue.inst_value 8 pure>)
+1356: setfield_gc(p94, 170, descr=<FieldS rpyeffect.stored_environment.Stack__arb.inst_target 16 pure>)
+1364: setfield_gc(p94, p96, descr=<FieldP rpyeffect.stored_environment.Stack__arb.inst_values_ptr 24 pure>)
+1368: setfield_gc(p94, p37, descr=<FieldP rpyeffect.stored_environment.Stack__arb.inst_tail 8 pure>)
+1372: setfield_gc(p112, ConstPtr(null), descr=<FieldP rpyeffect.stack.MetaStack.inst_region 24 pure>)
+1380: setfield_gc(p112, p41, descr=<FieldP rpyeffect.stack.MetaStackLike.inst_stack 8 pure>)
+1388: setfield_gc(p112, p113, descr=<FieldP rpyeffect.stack.MetaStack.inst_tail 32 pure>)
+1392: setfield_gc(p112, p53, descr=<FieldP rpyeffect.stack.MetaStack.inst_label 16 pure>)
+1404: jump(p54, p94, p0, p112, ConstPtr(ptr123), p119, ConstPtr(ptr124), p78, p99, ConstPtr(ptr125), p120, p7, p8, descr=TargetToken(4972270048))
+1552: --end of the loop--
[c84dfe] jit-log-opt-bridge}
[d07565] {jit-log-opt-bridge
# bridge out of Guard 0x1285f9d90 with 186 ops
[p0, p1, p2, p3, p4, p5, p6, p7, p8, p9, p10, p11, p12]
+376: guard_not_invalidated(descr=<Guard0x1285e3778>) [p0, p1, p2, p3, p4, p5, p6, p7, p8, p9, p10, p11, p12]
+380: i13 = getfield_gc_i(p1, descr=<FieldS rpyeffect.value.IntValue.inst_value 8 pure>)
+384: i14 = getfield_gc_i(p2, descr=<FieldS rpyeffect.value.IntValue.inst_value 8 pure>)
+388: i15 = int_eq(i13, i14)
debug_merge_point(0, 0, '4<main.rpyeffect:4(Name(infixEq72))>+1: {"op": "Return". "args": {"any": [0]}}')
+396: guard_nonnull(p10, descr=<Guard0x12862ad70>) [p0, p1, p2, p3, p4, p5, p6, p7, p8, p9, p10, p11, p12]
+404: i16 = getfield_gc_i(p10, descr=<FieldS rpyeffect.stored_environment.Stack__arb.inst_target 16 pure>)
+408: guard_value(i16, 135, descr=<Guard0x12862ada0>) [p0, p1, p2, p3, p4, p5, p6, p7, p8, p9, p10, p11, p12]
+420: p18 = getfield_gc_r(p10, descr=<FieldP rpyeffect.stored_environment.Stack__arb.inst_values_ptr 24 pure>)
+424: i19 = arraylen_gc(p18, descr=<ArrayP 8>)
+428: guard_value(i19, 4, descr=<Guard0x12862add0>) [p0, p1, p2, p3, p4, p5, p6, p7, p8, p9, p10, p11, p12]
+440: p22 = getarrayitem_gc_pure_r(p18, 0, descr=<ArrayP 8>)
+444: p24 = getarrayitem_gc_pure_r(p18, 1, descr=<ArrayP 8>)
+448: p26 = getarrayitem_gc_pure_r(p18, 2, descr=<ArrayP 8>)
+452: p28 = getarrayitem_gc_pure_r(p18, 3, descr=<ArrayP 8>)
+456: p29 = getfield_gc_r(p10, descr=<FieldP rpyeffect.stored_environment.Stack__arb.inst_tail 8 pure>)
debug_merge_point(0, 0, '135<main.rpyeffect:135([k@[then#263]#265])>+0: {"op": "Swap". "type": "any". "a": 1. "b". 4}')
debug_merge_point(0, 0, '135<main.rpyeffect:135([k@[then#263]#265])>+1: {"op": "Swap". "type": "any". "a": 2. "b". 3}')
debug_merge_point(0, 0, '135<main.rpyeffect:135([k@[then#263]#265])>+2: {"op": "IfZero". "cond": 0. "then": {"tag": null. "target": 132. "args": {"any": []}}}')
+460: guard_true(i15, descr=<Guard0x12862ae00>) [p0, p1, p2, p3, p4, p5, p6, p7, p8, p9, p10, p11, p12]
debug_merge_point(0, 0, '135<main.rpyeffect:135([k@[then#263]#265])>+3: {"op": "Push". "target": 134. "args": {"any": [4. 3. 2]}}')
debug_merge_point(0, 0, '135<main.rpyeffect:135([k@[then#263]#265])>+4: {"op": "Copy". "type": "any". "from": 1. "to". 0}')
debug_merge_point(0, 0, '135<main.rpyeffect:135([k@[then#263]#265])>+5: {"op": "Invoke". "receiver": 4. "tag": Interned(Emit2840). "args" : {"any": [0]}}')
+468: p30 = getfield_gc_r(p22, descr=<FieldP rpyeffect.codata.CoData.inst_vtable 8 pure>)
+476: guard_value(p30, ConstPtr(ptr31), descr=<Guard0x12862ae30>) [p0, p1, p2, p3, p4, p5, p6, p7, p8, p9, p10, p11, p12]
+484: p32 = getfield_gc_r(p22, descr=<FieldP rpyeffect.stored_environment.CoData__arb.inst_values_ptr 16 pure>)
+488: i33 = arraylen_gc(p32, descr=<ArrayP 8>)
+492: guard_value(i33, 2, descr=<Guard0x12862ae60>) [p0, p1, p2, p3, p4, p5, p6, p7, p8, p9, p10, p11, p12]
+504: p36 = getarrayitem_gc_pure_r(p32, 0, descr=<ArrayP 8>)
+508: p38 = getarrayitem_gc_pure_r(p32, 1, descr=<ArrayP 8>)
debug_merge_point(0, 0, '148<main.rpyeffect:148([method_Emit2840@Name(sum2829)#296])>+0: {"op": "Const". "type": "ptr". "out": 3. "format": "int". "value": "<IntValue object at 0x1285df5b0>"}')
debug_merge_point(0, 0, '148<main.rpyeffect:148([method_Emit2840@Name(sum2829)#296])>+1: {"op": "ShiftDyn". "out": 1. "n": 3. "label": 1}')
+516: i40 = instance_ptr_eq(p12, ConstPtr(ptr39))
guard_true(i40, descr=<Guard0x12862ae90>) [p0, p1, p2, p3, p4, p5, p6, p7, p8, p9, p10, p11, p12]
+528: i41 = instance_ptr_eq(p9, p36)
guard_false(i41, descr=<Guard0x12862aec0>) [p0, p1, p2, p3, p4, p5, p6, p7, p8, p9, p10, p11, p12]
+540: p42 = getfield_gc_r(p11, descr=<FieldP rpyeffect.stack.MetaStack.inst_region 24 pure>)
+548: guard_isnull(p42, descr=<Guard0x12862aef0>) [p0, p1, p2, p3, p4, p5, p6, p7, p8, p9, p10, p11, p12]
+556: p43 = getfield_gc_r(p11, descr=<FieldP rpyeffect.stack.MetaStack.inst_label 16 pure>)
+560: i44 = instance_ptr_eq(p43, p36)
guard_false(i44, descr=<Guard0x12862af20>) [p0, p1, p2, p3, p4, p5, p6, p7, p8, p9, p10, p11, p12]
+568: p45 = getfield_gc_r(p11, descr=<FieldP rpyeffect.stack.MetaStack.inst_tail 32 pure>)
+572: p46 = getfield_gc_r(p45, descr=<FieldP rpyeffect.stack.MetaStack.inst_region 24 pure>)
+580: guard_isnull(p46, descr=<Guard0x12862af50>) [p0, p1, p2, p3, p4, p5, p6, p7, p8, p9, p10, p11, p12]
+588: p47 = getfield_gc_r(p45, descr=<FieldP rpyeffect.stack.MetaStack.inst_label 16 pure>)
+592: i48 = instance_ptr_eq(p47, p36)
guard_false(i48, descr=<Guard0x12862af80>) [p0, p1, p2, p3, p4, p5, p6, p7, p8, p9, p10, p11, p12]
+600: p49 = getfield_gc_r(p45, descr=<FieldP rpyeffect.stack.MetaStack.inst_tail 32 pure>)
+608: p50 = getfield_gc_r(p49, descr=<FieldP rpyeffect.stack.MetaStack.inst_region 24 pure>)
+616: guard_isnull(p50, descr=<Guard0x12862afb0>) [p0, p1, p2, p3, p4, p5, p6, p7, p8, p9, p10, p11, p12]
+624: p51 = getfield_gc_r(p49, descr=<FieldP rpyeffect.stack.MetaStack.inst_label 16 pure>)
+628: i52 = instance_ptr_eq(p51, p36)
guard_false(i52, descr=<Guard0x12862afe0>) [p0, p1, p2, p3, p4, p5, p6, p7, p8, p9, p10, p11, p12]
+636: p53 = getfield_gc_r(p49, descr=<FieldP rpyeffect.stack.MetaStack.inst_tail 32 pure>)
+644: p54 = getfield_gc_r(p53, descr=<FieldP rpyeffect.stack.MetaStack.inst_region 24 pure>)
+652: guard_isnull(p54, descr=<Guard0x12862b010>) [p0, p1, p2, p3, p4, p5, p6, p7, p8, p9, p10, p11, p12]
+660: p55 = getfield_gc_r(p53, descr=<FieldP rpyeffect.stack.MetaStack.inst_label 16 pure>)
+664: i56 = instance_ptr_eq(p55, p36)
guard_true(i56, descr=<Guard0x12862b040>) [p0, p1, p2, p3, p4, p5, p6, p7, p8, p9, p10, p11, p12]
+672: p57 = getfield_gc_r(p53, descr=<FieldP rpyeffect.stack.MetaStackLike.inst_stack 8 pure>)
+676: guard_class(p53, 4309449688, descr=<Guard0x12862b070>) [p0, p1, p2, p3, p4, p5, p6, p7, p8, p9, p10, p11, p12]
+692: p59 = getfield_gc_r(p53, descr=<FieldP rpyeffect.stack.MetaStack.inst_tail 32 pure>)
+696: p60 = getfield_gc_r(p49, descr=<FieldP rpyeffect.stack.MetaStackLike.inst_stack 8 pure>)
+700: guard_class(p49, 4309449688, descr=<Guard0x12862b0a0>) [p0, p1, p2, p3, p4, p5, p6, p7, p8, p9, p10, p11, p12]
+716: p62 = getfield_gc_r(p45, descr=<FieldP rpyeffect.stack.MetaStackLike.inst_stack 8 pure>)
+720: guard_class(p45, 4309449688, descr=<Guard0x12862b0d0>) [p0, p1, p2, p3, p4, p5, p6, p7, p8, p9, p10, p11, p12]
+736: p64 = getfield_gc_r(p11, descr=<FieldP rpyeffect.stack.MetaStackLike.inst_stack 8 pure>)
+740: guard_class(p11, 4309449688, descr=<Guard0x12862b100>) [p0, p1, p2, p3, p4, p5, p6, p7, p8, p9, p10, p11, p12]
+756: guard_nonnull_class(p59, 4309449688, descr=<Guard0x1285e37c0>) [p0, p1, p2, p3, p4, p5, p6, p7, p8, p9, p10, p11, p12]
+780: p67 = getfield_gc_r(p59, descr=<FieldP rpyeffect.stack.MetaStackLike.inst_stack 8 pure>)
+784: p68 = getfield_gc_r(p59, descr=<FieldP rpyeffect.stack.MetaStack.inst_label 16 pure>)
+792: p69 = getfield_gc_r(p59, descr=<FieldP rpyeffect.stack.MetaStack.inst_tail 32 pure>)
debug_merge_point(0, 0, '148<main.rpyeffect:148([method_Emit2840@Name(sum2829)#296])>+2: {"op": "Load". "out": 3. "type": "any". "ref": 2}')
+796: p70 = getfield_gc_r(p38, descr=<FieldP rpyeffect.region.Ref.inst_allocation_site 8 pure>)
+812: guard_value(p70, ConstPtr(ptr71), descr=<Guard0x12862b130>) [p0, p1, p2, p3, p4, p5, p6, p7, p8, p9, p10, p11, p12]
+820: p72 = getfield_gc_r(p38, descr=<FieldP rpyeffect.region.Ref.inst_value 16>)
+824: i73 = getfield_gc_i(p72, descr=<FieldS rpyeffect.value.UnboxedIntValueRef.inst_value 8>)
debug_merge_point(0, 0, '148<main.rpyeffect:148([method_Emit2840@Name(sum2829)#296])>+3: {"op": "Push". "target": 147. "args": {"any": [1. 2]}}')
debug_merge_point(0, 0, '148<main.rpyeffect:148([method_Emit2840@Name(sum2829)#296])>+4: {"op": "Copy". "type": "any". "from": 0. "to". 1}')
debug_merge_point(0, 0, '148<main.rpyeffect:148([method_Emit2840@Name(sum2829)#296])>+5: {"op": "Copy". "type": "any". "from": 3. "to". 0}')
debug_merge_point(0, 0, '148<main.rpyeffect:148([method_Emit2840@Name(sum2829)#296])>+6: {"op": "Jump". "target": 6}')
debug_merge_point(0, 0, '6<main.rpyeffect:6(Name(infixAdd96))>+0: {"op": "PrimOp". "name": "infixAdd(Int. Int): Int". "out": {"any": [0]}. "in": {"any": [0. 1]}}')
+828: i74 = getfield_gc_i(p28, descr=<FieldS rpyeffect.value.IntValue.inst_value 8 pure>)
+832: i75 = int_add(i73, i74)
debug_merge_point(0, 0, '6<main.rpyeffect:6(Name(infixAdd96))>+1: {"op": "Return". "args": {"any": [0]}}')
debug_merge_point(0, 0, '147<main.rpyeffect:147([k@[method_Emit2840@Name(sum2829)#296]#301])>+0: {"op": "Store". "ref": 2. "type": "any". "value": 0}')
debug_merge_point(0, 0, '147<main.rpyeffect:147([k@[method_Emit2840@Name(sum2829)#296]#301])>+1: {"op": "Construct". "out": 0. "type": Interned(Unit). "tag": Interned(unit). "args": {"any": []}}')
debug_merge_point(0, 0, '147<main.rpyeffect:147([k@[method_Emit2840@Name(sum2829)#296]#301])>+2: {"op": "Construct". "out": 0. "type": Interned(Unit). "tag": Interned(unit). "args": {"any": []}}')
debug_merge_point(0, 0, '147<main.rpyeffect:147([k@[method_Emit2840@Name(sum2829)#296]#301])>+3: {"op": "Jump". "target": 142}')
debug_merge_point(0, 0, '142<main.rpyeffect:142(Name(resume2845))>+0: {"op": "PushStack". "arg": 1}')
debug_merge_point(0, 0, '142<main.rpyeffect:142(Name(resume2845))>+1: {"op": "Return". "args": {"any": [0]}}')
debug_merge_point(0, 0, '134<main.rpyeffect:134([k@[k@[then#263]#265]#272])>+0: {"op": "Const". "type": "ptr". "out": 0. "format": "int". "value": "<IntValue object at 0x1285df810>"}')
debug_merge_point(0, 0, '134<main.rpyeffect:134([k@[k@[then#263]#265]#272])>+1: {"op": "Swap". "type": "any". "a": 2. "b". 1}')
debug_merge_point(0, 0, '134<main.rpyeffect:134([k@[k@[then#263]#265]#272])>+2: {"op": "Jump". "target": 141}')
debug_merge_point(0, 0, '141<main.rpyeffect:141(Name(parse2827))>+0: {"op": "Push". "target": 140. "args": {"any": [2. 1. 3. 0]}}')
debug_merge_point(0, 0, '141<main.rpyeffect:141(Name(parse2827))>+1: {"op": "Invoke". "receiver": 1. "tag": Interned(Read2838). "args" : {"any": []}}')
+836: p76 = getfield_gc_r(p24, descr=<FieldP rpyeffect.codata.CoData.inst_vtable 8 pure>)
+840: setfield_gc(p72, i75, descr=<FieldS rpyeffect.value.UnboxedIntValueRef.inst_value 8>)
+848: guard_value(p76, ConstPtr(ptr77), descr=<Guard0x1285e3808>) [p0, p24, p22, p26, p6, p7, p8, p9, p76, p69, p68, p67, p55, p57, p51, p60, p47, p62, p43, p64, p29]
+856: p78 = getfield_gc_r(p24, descr=<FieldP rpyeffect.stored_environment.CoData__arb.inst_values_ptr 16 pure>)
+860: i79 = arraylen_gc(p78, descr=<ArrayP 8>)
+864: guard_value(i79, 5, descr=<Guard0x12862b160>) [p0, p24, p22, p26, p6, p7, p8, p9, p76, p69, p68, p67, p55, p57, p51, p60, p47, p62, p43, p64, p29]
+876: p82 = getarrayitem_gc_pure_r(p78, 0, descr=<ArrayP 8>)
+876: p84 = getarrayitem_gc_pure_r(p78, 1, descr=<ArrayP 8>)
+880: p86 = getarrayitem_gc_pure_r(p78, 2, descr=<ArrayP 8>)
+884: p88 = getarrayitem_gc_pure_r(p78, 3, descr=<ArrayP 8>)
+892: p90 = getarrayitem_gc_pure_r(p78, 4, descr=<ArrayP 8>)
debug_merge_point(0, 0, '176<main.rpyeffect:176([method_Read2838@Name(feed2834)#338])>+0: {"op": "Const". "type": "ptr". "out": 5. "format": "int". "value": "<IntValue object at 0x1285fe8e0>"}')
debug_merge_point(0, 0, '176<main.rpyeffect:176([method_Read2838@Name(feed2834)#338])>+1: {"op": "ShiftDyn". "out": 4. "n": 5. "label": 4}')
+896: i91 = instance_ptr_eq(p9, p90)
guard_true(i91, descr=<Guard0x12862b190>) [p0, p24, p22, p26, p6, p7, p8, p9, p76, p69, p68, p67, p55, p57, p51, p60, p47, p62, p43, p64, p29]
debug_merge_point(0, 0, '176<main.rpyeffect:176([method_Read2838@Name(feed2834)#338])>+2: {"op": "Load". "out": 5. "type": "any". "ref": 1}')
+904: p92 = getfield_gc_r(p84, descr=<FieldP rpyeffect.region.Ref.inst_allocation_site 8 pure>)
+916: guard_value(p92, ConstPtr(ptr93), descr=<Guard0x12862b1c0>) [p0, p24, p22, p26, p6, p7, p8, p9, p76, p69, p68, p67, p55, p57, p51, p60, p47, p62, p43, p64, p29]
+924: p94 = getfield_gc_r(p84, descr=<FieldP rpyeffect.region.Ref.inst_value 16>)
+928: i95 = getfield_gc_i(p94, descr=<FieldS rpyeffect.value.UnboxedIntValueRef.inst_value 8>)
debug_merge_point(0, 0, '176<main.rpyeffect:176([method_Read2838@Name(feed2834)#338])>+3: {"op": "Push". "target": 175. "args": {"any": [0. 1. 2. 4]}}')
debug_merge_point(0, 0, '176<main.rpyeffect:176([method_Read2838@Name(feed2834)#338])>+4: {"op": "Copy". "type": "any". "from": 5. "to". 0}')
debug_merge_point(0, 0, '176<main.rpyeffect:176([method_Read2838@Name(feed2834)#338])>+5: {"op": "Copy". "type": "any". "from": 3. "to". 1}')
debug_merge_point(0, 0, '176<main.rpyeffect:176([method_Read2838@Name(feed2834)#338])>+6: {"op": "Jump". "target": 10}')
debug_merge_point(0, 0, '10<main.rpyeffect:10(Name(infixGt184))>+0: {"op": "PrimOp". "name": "infixGt(Int. Int): Boolean". "out": {"any": [0]}. "in": {"any": [0. 1]}}')
+932: i96 = getfield_gc_i(p88, descr=<FieldS rpyeffect.value.IntValue.inst_value 8 pure>)
+936: i97 = int_gt(i95, i96)
debug_merge_point(0, 0, '10<main.rpyeffect:10(Name(infixGt184))>+1: {"op": "Return". "args": {"any": [0]}}')
debug_merge_point(0, 0, '175<main.rpyeffect:175([k@[method_Read2838@Name(feed2834)#338]#343])>+0: {"op": "Swap". "type": "any". "a": 3. "b". 4}')
debug_merge_point(0, 0, '175<main.rpyeffect:175([k@[method_Read2838@Name(feed2834)#338]#343])>+1: {"op": "Swap". "type": "any". "a": 2. "b". 4}')
debug_merge_point(0, 0, '175<main.rpyeffect:175([k@[method_Read2838@Name(feed2834)#338]#343])>+2: {"op": "Swap". "type": "any". "a": 1. "b". 4}')
debug_merge_point(0, 0, '175<main.rpyeffect:175([k@[method_Read2838@Name(feed2834)#338]#343])>+3: {"op": "IfZero". "cond": 0. "then": {"tag": null. "target": 171. "args": {"any": []}}}')
guard_false(i97, descr=<Guard0x12862b1f0>) [p0, p24, p22, p26, p6, p7, p8, p9, p76, p69, p68, p67, p55, p57, p51, p60, p47, p62, p43, p64, p29]
debug_merge_point(0, 0, '171<main.rpyeffect:171([then#347])>+0: {"op": "Load". "out": 0. "type": "any". "ref": 2}')
+944: p98 = getfield_gc_r(p86, descr=<FieldP rpyeffect.region.Ref.inst_allocation_site 8 pure>)
+952: guard_value(p98, ConstPtr(ptr99), descr=<Guard0x12862b220>) [p0, p24, p22, p26, p6, p7, p8, p9, p76, p69, p68, p67, p55, p57, p51, p60, p47, p62, p43, p64, p29]
+960: p100 = getfield_gc_r(p86, descr=<FieldP rpyeffect.region.Ref.inst_value 16>)
+964: i101 = getfield_gc_i(p100, descr=<FieldS rpyeffect.value.UnboxedIntValueRef.inst_value 8>)
debug_merge_point(0, 0, '171<main.rpyeffect:171([then#347])>+1: {"op": "Const". "type": "ptr". "out": 4. "format": "int". "value": "<IntValue object at 0x1285fe9f0>"}')
debug_merge_point(0, 0, '171<main.rpyeffect:171([then#347])>+2: {"op": "Push". "target": 170. "args": {"any": [1. 2. 3]}}')
debug_merge_point(0, 0, '171<main.rpyeffect:171([then#347])>+3: {"op": "Copy". "type": "any". "from": 4. "to". 1}')
debug_merge_point(0, 0, '171<main.rpyeffect:171([then#347])>+4: {"op": "Jump". "target": 4}')
debug_merge_point(0, 0, '4<main.rpyeffect:4(Name(infixEq72))>+0: {"op": "PrimOp". "name": "infixEq(Int. Int): Boolean". "out": {"any": [0]}. "in": {"any": [0. 1]}}')
+968: p102 = new_with_vtable(descr=<SizeDescr 32>)
+1076: p104 = new_array_clear(3, descr=<ArrayP 8>)
+1100: setarrayitem_gc(p104, 0, p84, descr=<ArrayP 8>)
+1104: setarrayitem_gc(p104, 1, p86, descr=<ArrayP 8>)
+1108: p107 = new_with_vtable(descr=<SizeDescr 40>)
+1120: p108 = new_with_vtable(descr=<SizeDescr 32>)
+1136: setfield_gc(p108, p29, descr=<FieldP rpyeffect.stored_environment.Stack__arb.inst_tail 8 pure>)
+1140: setfield_gc(p108, 140, descr=<FieldS rpyeffect.stored_environment.Stack__arb.inst_target 16 pure>)
+1148: p111 = new_array_clear(4, descr=<ArrayP 8>)
+1168: setarrayitem_gc(p111, 0, p22, descr=<ArrayP 8>)
+1172: setarrayitem_gc(p111, 1, p24, descr=<ArrayP 8>)
+1176: setarrayitem_gc(p111, 2, p26, descr=<ArrayP 8>)
+1184: setarrayitem_gc(p111, 3, ConstPtr(ptr116), descr=<ArrayP 8>)
+1188: setfield_gc(p108, p111, descr=<FieldP rpyeffect.stored_environment.Stack__arb.inst_values_ptr 24 pure>)
+1192: setfield_gc(p107, p108, descr=<FieldP rpyeffect.stack.MetaStackLike.inst_stack 8 pure>)
+1196: setfield_gc(p107, p9, descr=<FieldP rpyeffect.stack.MetaStack.inst_label 16 pure>)
+1200: setfield_gc(p107, ConstPtr(null), descr=<FieldP rpyeffect.stack.MetaStack.inst_region 24 pure>)
+1208: setfield_gc(p107, ConstPtr(null), descr=<FieldP rpyeffect.stack.MetaStack.inst_tail 32 pure>)
+1216: setarrayitem_gc(p104, 2, p107, descr=<ArrayP 8>)
+1220: p120 = new_with_vtable(descr=<SizeDescr 40>)
+1232: p121 = new_with_vtable(descr=<SizeDescr 40>)
+1244: setfield_gc(p121, p60, descr=<FieldP rpyeffect.stack.MetaStackLike.inst_stack 8 pure>)
+1248: setfield_gc(p121, p51, descr=<FieldP rpyeffect.stack.MetaStack.inst_label 16 pure>)
+1252: setfield_gc(p121, ConstPtr(null), descr=<FieldP rpyeffect.stack.MetaStack.inst_region 24 pure>)
+1260: p123 = new_with_vtable(descr=<SizeDescr 40>)
+1272: setfield_gc(p123, p57, descr=<FieldP rpyeffect.stack.MetaStackLike.inst_stack 8 pure>)
+1276: setfield_gc(p123, p55, descr=<FieldP rpyeffect.stack.MetaStack.inst_label 16 pure>)
+1284: setfield_gc(p123, ConstPtr(null), descr=<FieldP rpyeffect.stack.MetaStack.inst_region 24 pure>)
+1292: p125 = new_with_vtable(descr=<SizeDescr 40>)
+1304: setfield_gc(p125, p67, descr=<FieldP rpyeffect.stack.MetaStackLike.inst_stack 8 pure>)
+1308: setfield_gc(p125, p68, descr=<FieldP rpyeffect.stack.MetaStack.inst_label 16 pure>)
+1312: setfield_gc(p125, ConstPtr(null), descr=<FieldP rpyeffect.stack.MetaStack.inst_region 24 pure>)
+1320: setfield_gc(p125, p69, descr=<FieldP rpyeffect.stack.MetaStack.inst_tail 32 pure>)
+1328: setfield_gc(p123, p125, descr=<FieldP rpyeffect.stack.MetaStack.inst_tail 32 pure>)
+1332: setfield_gc(p121, p123, descr=<FieldP rpyeffect.stack.MetaStack.inst_tail 32 pure>)
+1336: p127 = new_with_vtable(descr=<SizeDescr 16>)
+1348: p128 = new_with_vtable(descr=<SizeDescr 16>)
+1360: setfield_gc(p127, i101, descr=<FieldS rpyeffect.value.IntValue.inst_value 8 pure>)
+1364: setfield_gc(p128, i95, descr=<FieldS rpyeffect.value.IntValue.inst_value 8 pure>)
+1368: setfield_gc(p102, 170, descr=<FieldS rpyeffect.stored_environment.Stack__arb.inst_target 16 pure>)
+1380: setfield_gc(p102, p104, descr=<FieldP rpyeffect.stored_environment.Stack__arb.inst_values_ptr 24 pure>)
+1384: setfield_gc(p102, p64, descr=<FieldP rpyeffect.stored_environment.Stack__arb.inst_tail 8 pure>)
+1392: setfield_gc(p120, ConstPtr(null), descr=<FieldP rpyeffect.stack.MetaStack.inst_region 24 pure>)
+1400: setfield_gc(p120, p47, descr=<FieldP rpyeffect.stack.MetaStack.inst_label 16 pure>)
+1408: setfield_gc(p120, p121, descr=<FieldP rpyeffect.stack.MetaStack.inst_tail 32 pure>)
+1412: setfield_gc(p120, p62, descr=<FieldP rpyeffect.stack.MetaStackLike.inst_stack 8 pure>)
+1424: jump(p43, p102, p0, p120, ConstPtr(ptr131), p127, ConstPtr(ptr132), p86, p107, ConstPtr(ptr133), p128, p7, p8, descr=TargetToken(4972270048))
+1496: --end of the loop--
[d23e44] jit-log-opt-bridge}
[eaa2bfe4] {jit-summary
Tracing:      	8	0.002194
Backend:      	8	0.001080
TOTAL:      		3.931162
ops:             	7552
heapcached ops:  	1498
recorded ops:    	1908
  calls:         	238
guards:          	287
opt ops:         	870
opt guards:      	144
opt guards shared:	115
forcings:        	0
abort: trace too long:	0
abort: compiling:	0
abort: vable escape:	0
abort: bad loop: 	0
abort: force quasi-immut:	0
abort: segmenting trace:	0
virtualizables forced:	0
nvirtuals:       	11
nvholes:         	0
nvreused:        	0
vecopt tried:    	0
vecopt success:  	0
Total # of loops:	3
Total # of bridges:	5
Freed # of loops:	0
Freed # of bridges:	0
[eaa2ec29] jit-summary}
