[5845a8] {jit-log-opt-loop
# Loop 2 (12<permute.rpyeffect:12(Name(unsafeGet2049))>+0: {"op": "PrimOp", "name": "unsafeIndex(Array[Ptr], Int): Ptr", "out": {"any": [0]}, "in": {"any": [0, 1]}}) : loop with 118 ops
[p0, p1, p2, p3, p4]
+248: p5 = getfield_gc_r(p2, descr=<FieldP rpyeffect.environment.Environment.inst_values_ptr 16>)
+256: p7 = getarrayitem_gc_r(p5, 0, descr=<ArrayP 8>)
+260: p9 = getarrayitem_gc_r(p5, 1, descr=<ArrayP 8>)
+264: p11 = getarrayitem_gc_r(p5, 2, descr=<ArrayP 8>)
+268: p13 = getarrayitem_gc_r(p5, 3, descr=<ArrayP 8>)
+272: p15 = getarrayitem_gc_r(p5, 4, descr=<ArrayP 8>)
+276: p17 = getarrayitem_gc_r(p5, 5, descr=<ArrayP 8>)
+280: p19 = getarrayitem_gc_r(p5, 6, descr=<ArrayP 8>)
+284: label(p0, p1, p2, p3, p4, p7, p9, p11, p13, p15, p17, p19, descr=TargetToken(4838068576))
debug_merge_point(0, 0, '12<permute.rpyeffect:12(Name(unsafeGet2049))>+0: {"op": "PrimOp". "name": "unsafeIndex(Array[Ptr]. Int): Ptr". "out": {"any": [0]}. "in": {"any": [0. 1]}}')
+304: guard_not_invalidated(descr=<Guard0x1205e7610>) [p2, p7, p9, p11, p13, p15, p17, p19, p0, p1, p3, p4]
+308: p20 = getfield_gc_r(p7, descr=<FieldP rpyeffect.value.ArrayValue.inst_value 8 pure>)
+312: i21 = getfield_gc_i(p9, descr=<FieldS rpyeffect.value.IntValue.inst_value 8 pure>)
+316: i23 = int_lt(i21, 0)
guard_false(i23, descr=<Guard0x1205f9c70>) [p2, p7, p9, p11, p13, p15, p17, p19, p0, p1, p3, p4]
+332: p24 = getarrayitem_gc_r(p20, i21, descr=<ArrayP 8>)
debug_merge_point(0, 0, '12<permute.rpyeffect:12(Name(unsafeGet2049))>+1: {"op": "Return". "args": {"any": [0]}}')
+340: guard_nonnull(p1, descr=<Guard0x1205f9ca0>) [p2, p7, p9, p11, p13, p15, p17, p19, p0, p1, p3, p4]
+352: i25 = getfield_gc_i(p1, descr=<FieldS rpyeffect.stored_environment.Stack__arb.inst_target 16 pure>)
+360: guard_value(i25, 145, descr=<Guard0x1205f9cd0>) [p2, p7, p9, p11, p13, p15, p17, p19, p0, p1, p3, p4]
+372: p27 = getfield_gc_r(p1, descr=<FieldP rpyeffect.stored_environment.Stack__3.inst_values_ptr_0 32 pure>)
+376: p28 = getfield_gc_r(p1, descr=<FieldP rpyeffect.stored_environment.Stack__3.inst_values_ptr_1 40 pure>)
+380: p29 = getfield_gc_r(p1, descr=<FieldP rpyeffect.stored_environment.Stack__3.inst_values_ptr_2 48 pure>)
+384: p30 = getfield_gc_r(p1, descr=<FieldP rpyeffect.stored_environment.Stack__arb.inst_tail 8 pure>)
debug_merge_point(0, 0, '145<permute.rpyeffect:145([k@Name(swap2856)#284])>+0: {"op": "Push". "target": 144. "args": {"any": [1. 2. 3. 0]}}')
debug_merge_point(0, 0, '145<permute.rpyeffect:145([k@Name(swap2856)#284])>+1: {"op": "Copy". "type": "any". "from": 1. "to". 0}')
debug_merge_point(0, 0, '145<permute.rpyeffect:145([k@Name(swap2856)#284])>+2: {"op": "Copy". "type": "any". "from": 3. "to". 1}')
debug_merge_point(0, 0, '145<permute.rpyeffect:145([k@Name(swap2856)#284])>+3: {"op": "Jump". "target": 12}')
debug_merge_point(0, 0, '12<permute.rpyeffect:12(Name(unsafeGet2049))>+0: {"op": "PrimOp". "name": "unsafeIndex(Array[Ptr]. Int): Ptr". "out": {"any": [0]}. "in": {"any": [0. 1]}}')
+388: p31 = getfield_gc_r(p27, descr=<FieldP rpyeffect.value.ArrayValue.inst_value 8 pure>)
+392: i32 = getfield_gc_i(p29, descr=<FieldS rpyeffect.value.IntValue.inst_value 8 pure>)
+396: i34 = int_lt(i32, 0)
guard_false(i34, descr=<Guard0x1205f9d00>) [p2, p7, p9, p11, p13, p15, p17, p19, p0, p1, p3, p4]
+412: p35 = getarrayitem_gc_r(p31, i32, descr=<ArrayP 8>)
debug_merge_point(0, 0, '12<permute.rpyeffect:12(Name(unsafeGet2049))>+1: {"op": "Return". "args": {"any": [0]}}')
debug_merge_point(0, 0, '144<permute.rpyeffect:144([k@[k@Name(swap2856)#284]#286])>+0: {"op": "Push". "target": 143. "args": {"any": [1. 3. 4]}}')
debug_merge_point(0, 0, '144<permute.rpyeffect:144([k@[k@Name(swap2856)#284]#286])>+1: {"op": "Swap". "type": "any". "a": 0. "b". 1}')
debug_merge_point(0, 0, '144<permute.rpyeffect:144([k@[k@Name(swap2856)#284]#286])>+2: {"op": "Swap". "type": "any". "a": 2. "b". 1}')
debug_merge_point(0, 0, '144<permute.rpyeffect:144([k@[k@Name(swap2856)#284]#286])>+3: {"op": "Jump". "target": 13}')
debug_merge_point(0, 0, '13<permute.rpyeffect:13(Name(unsafeSet2054))>+0: {"op": "PrimOp". "name": "unsafeSet(Array[Top]. Int. Top): Unit". "out": {"any": [0]}. "in": {"any": [0. 1. 2]}}')
+420: i36 = getfield_gc_i(p28, descr=<FieldS rpyeffect.value.IntValue.inst_value 8 pure>)
+424: i38 = int_lt(i36, 0)
guard_false(i38, descr=<Guard0x1205f9d30>) [p2, p7, p9, p11, p13, p15, p17, p19, p0, p1, p3, p4]
+552: setarrayitem_gc(p31, i36, p35, descr=<ArrayP 8>)
debug_merge_point(0, 0, '13<permute.rpyeffect:13(Name(unsafeSet2054))>+1: {"op": "Return". "args": {"any": [0]}}')
debug_merge_point(0, 0, '143<permute.rpyeffect:143([k@[k@[k@Name(swap2856)#284]#286]#288])>+0: {"op": "Copy". "type": "any". "from": 1. "to". 0}')
debug_merge_point(0, 0, '143<permute.rpyeffect:143([k@[k@[k@Name(swap2856)#284]#286]#288])>+1: {"op": "Copy". "type": "any". "from": 2. "to". 1}')
debug_merge_point(0, 0, '143<permute.rpyeffect:143([k@[k@[k@Name(swap2856)#284]#286]#288])>+2: {"op": "Copy". "type": "any". "from": 3. "to". 2}')
debug_merge_point(0, 0, '143<permute.rpyeffect:143([k@[k@[k@Name(swap2856)#284]#286]#288])>+3: {"op": "Jump". "target": 13}')
+560: guard_nonnull(p30, descr=<Guard0x1205e7658>) [p2, p27, p29, p24, p17, p19, p0, p30, p3, p4]
+568: i39 = getfield_gc_i(p30, descr=<FieldS rpyeffect.stored_environment.Stack__arb.inst_target 16 pure>)
+572: guard_value(i39, 149, descr=<Guard0x1205f9d60>) [p2, p27, p29, p24, p17, p19, p0, p30, p3, p4]
debug_merge_point(0, 0, '13<permute.rpyeffect:13(Name(unsafeSet2054))>+0: {"op": "PrimOp". "name": "unsafeSet(Array[Top]. Int. Top): Unit". "out": {"any": [0]}. "in": {"any": [0. 1. 2]}}')
+704: setarrayitem_gc(p31, i32, p24, descr=<ArrayP 8>)
debug_merge_point(0, 0, '13<permute.rpyeffect:13(Name(unsafeSet2054))>+1: {"op": "Return". "args": {"any": [0]}}')
+712: p41 = getfield_gc_r(p30, descr=<FieldP rpyeffect.stored_environment.Stack__4.inst_values_ptr_0 32 pure>)
+716: p42 = getfield_gc_r(p30, descr=<FieldP rpyeffect.stored_environment.Stack__4.inst_values_ptr_1 40 pure>)
+720: p43 = getfield_gc_r(p30, descr=<FieldP rpyeffect.stored_environment.Stack__4.inst_values_ptr_2 48 pure>)
+724: p44 = getfield_gc_r(p30, descr=<FieldP rpyeffect.stored_environment.Stack__4.inst_values_ptr_3 56 pure>)
+728: p45 = getfield_gc_r(p30, descr=<FieldP rpyeffect.stored_environment.Stack__arb.inst_tail 8 pure>)
debug_merge_point(0, 0, '149<permute.rpyeffect:149([k@[#303]#306])>+0: {"op": "Load". "out": 0. "type": "any". "ref": 3}')
+732: p46 = getfield_gc_r(p43, descr=<FieldP rpyeffect.region.Ref.inst_allocation_site 8 pure>)
+740: guard_value(p46, ConstPtr(ptr47), descr=<Guard0x1205e76a0>) [p2, p27, p41, p42, p43, p44, p17, p19, p0, p45, p3, p4, p46]
+748: p48 = getfield_gc_r(p43, descr=<FieldP rpyeffect.region.Ref.inst_value 16>)
+752: i49 = getfield_gc_i(p48, descr=<FieldS rpyeffect.value.UnboxedIntValueRef.inst_value 8>)
debug_merge_point(0, 0, '149<permute.rpyeffect:149([k@[#303]#306])>+1: {"op": "Const". "type": "ptr". "out": 5. "format": "int". "value": "<IntValue object at 0x1205dd4d0>"}')
debug_merge_point(0, 0, '149<permute.rpyeffect:149([k@[#303]#306])>+2: {"op": "Push". "target": 148. "args": {"any": [1. 2. 3. 4]}}')
debug_merge_point(0, 0, '149<permute.rpyeffect:149([k@[#303]#306])>+3: {"op": "Copy". "type": "any". "from": 5. "to". 1}')
debug_merge_point(0, 0, '149<permute.rpyeffect:149([k@[#303]#306])>+4: {"op": "Jump". "target": 8}')
debug_merge_point(0, 0, '8<permute.rpyeffect:8(Name(infixSub105))>+0: {"op": "PrimOp". "name": "infixSub(Int. Int): Int". "out": {"any": [0]}. "in": {"any": [0. 1]}}')
+756: i51 = int_sub(i49, 1)
debug_merge_point(0, 0, '8<permute.rpyeffect:8(Name(infixSub105))>+1: {"op": "Return". "args": {"any": [0]}}')
debug_merge_point(0, 0, '148<permute.rpyeffect:148([k@[k@[#303]#306]#311])>+0: {"op": "Store". "ref": 3. "type": "any". "value": 0}')
debug_merge_point(0, 0, '148<permute.rpyeffect:148([k@[k@[#303]#306]#311])>+1: {"op": "Construct". "out": 0. "type": Interned(Unit). "tag": Interned(unit). "args": {"any": []}}')
debug_merge_point(0, 0, '148<permute.rpyeffect:148([k@[k@[#303]#306]#311])>+2: {"op": "Copy". "type": "any". "from": 1. "to". 0}')
debug_merge_point(0, 0, '148<permute.rpyeffect:148([k@[k@[#303]#306]#311])>+3: {"op": "Copy". "type": "any". "from": 2. "to". 1}')
debug_merge_point(0, 0, '148<permute.rpyeffect:148([k@[k@[#303]#306]#311])>+4: {"op": "Copy". "type": "any". "from": 3. "to". 2}')
debug_merge_point(0, 0, '148<permute.rpyeffect:148([k@[k@[#303]#306]#311])>+5: {"op": "Copy". "type": "any". "from": 4. "to". 3}')
debug_merge_point(0, 0, '148<permute.rpyeffect:148([k@[k@[#303]#306]#311])>+6: {"op": "Jump". "target": 153}')
debug_merge_point(0, 0, '153<permute.rpyeffect:153(Name(b_whileLoop_29223991))>+0: {"op": "Load". "out": 4. "type": "any". "ref": 2}')
debug_merge_point(0, 0, '153<permute.rpyeffect:153(Name(b_whileLoop_29223991))>+1: {"op": "Const". "type": "ptr". "out": 5. "format": "int". "value": "<IntValue object at 0x1205dd420>"}')
debug_merge_point(0, 0, '153<permute.rpyeffect:153(Name(b_whileLoop_29223991))>+2: {"op": "Push". "target": 152. "args": {"any": [0. 1. 2. 3]}}')
debug_merge_point(0, 0, '153<permute.rpyeffect:153(Name(b_whileLoop_29223991))>+3: {"op": "Copy". "type": "any". "from": 5. "to". 1}')
debug_merge_point(0, 0, '153<permute.rpyeffect:153(Name(b_whileLoop_29223991))>+4: {"op": "Copy". "type": "any". "from": 4. "to". 0}')
debug_merge_point(0, 0, '153<permute.rpyeffect:153(Name(b_whileLoop_29223991))>+5: {"op": "Jump". "target": 10}')
debug_merge_point(0, 0, '10<permute.rpyeffect:10(Name(infixGte187))>+0: {"op": "PrimOp". "name": "infixGte(Int. Int): Boolean". "out": {"any": [0]}. "in": {"any": [0. 1]}}')
+760: i53 = int_ge(i51, 0)
debug_merge_point(0, 0, '10<permute.rpyeffect:10(Name(infixGte187))>+1: {"op": "Return". "args": {"any": [0]}}')
debug_merge_point(0, 0, '152<permute.rpyeffect:152([k@Name(b_whileLoop_29223991)#295])>+0: {"op": "Swap". "type": "any". "a": 2. "b". 4}')
debug_merge_point(0, 0, '152<permute.rpyeffect:152([k@Name(b_whileLoop_29223991)#295])>+1: {"op": "Swap". "type": "any". "a": 0. "b". 4}')
debug_merge_point(0, 0, '152<permute.rpyeffect:152([k@Name(b_whileLoop_29223991)#295])>+2: {"op": "IfZero". "cond": 4. "then": {"tag": null. "target": 147. "args": {"any": []}}}')
+768: setfield_gc(p48, i51, descr=<FieldS rpyeffect.value.UnboxedIntValueRef.inst_value 8>)
+772: guard_true(i53, descr=<Guard0x1205e76e8>) [p2, p42, p41, p44, p43, p19, i53, p0, p45, p3, p4]
debug_merge_point(0, 0, '152<permute.rpyeffect:152([k@Name(b_whileLoop_29223991)#295])>+3: {"op": "Load". "out": 4. "type": "any". "ref": 3}')
debug_merge_point(0, 0, '152<permute.rpyeffect:152([k@Name(b_whileLoop_29223991)#295])>+4: {"op": "Push". "target": 151. "args": {"any": [1. 0. 3. 2]}}')
debug_merge_point(0, 0, '152<permute.rpyeffect:152([k@Name(b_whileLoop_29223991)#295])>+5: {"op": "Copy". "type": "any". "from": 1. "to". 0}')
debug_merge_point(0, 0, '152<permute.rpyeffect:152([k@Name(b_whileLoop_29223991)#295])>+6: {"op": "Copy". "type": "any". "from": 2. "to". 1}')
debug_merge_point(0, 0, '152<permute.rpyeffect:152([k@Name(b_whileLoop_29223991)#295])>+7: {"op": "Copy". "type": "any". "from": 4. "to". 2}')
debug_merge_point(0, 0, '152<permute.rpyeffect:152([k@Name(b_whileLoop_29223991)#295])>+8: {"op": "Jump". "target": 146}')
debug_merge_point(0, 0, '146<permute.rpyeffect:146(Name(swap2856))>+0: {"op": "Push". "target": 145. "args": {"any": [0. 1. 2]}}')
debug_merge_point(0, 0, '146<permute.rpyeffect:146(Name(swap2856))>+1: {"op": "Jump". "target": 12}')
debug_merge_point(0, 0, '12<permute.rpyeffect:12(Name(unsafeGet2049))>+0: {"op": "PrimOp". "name": "unsafeIndex(Array[Ptr]. Int): Ptr". "out": {"any": [0]}. "in": {"any": [0. 1]}}')
+780: p54 = new_with_vtable(descr=<SizeDescr 56>)
+888: p55 = new_with_vtable(descr=<SizeDescr 64>)
+900: setfield_gc(p55, p45, descr=<FieldP rpyeffect.stored_environment.Stack__arb.inst_tail 8 pure>)
+904: setfield_gc(p55, 151, descr=<FieldS rpyeffect.stored_environment.Stack__arb.inst_target 16 pure>)
+912: setfield_gc(p55, p41, descr=<FieldP rpyeffect.stored_environment.Stack__4.inst_values_ptr_0 32 pure>)
+916: setfield_gc(p55, p42, descr=<FieldP rpyeffect.stored_environment.Stack__4.inst_values_ptr_1 40 pure>)
+920: setfield_gc(p55, p43, descr=<FieldP rpyeffect.stored_environment.Stack__4.inst_values_ptr_2 48 pure>)
+924: setfield_gc(p55, p44, descr=<FieldP rpyeffect.stored_environment.Stack__4.inst_values_ptr_3 56 pure>)
+928: p57 = new_with_vtable(descr=<SizeDescr 16>)
+940: setfield_gc(p57, i51, descr=<FieldS rpyeffect.value.IntValue.inst_value 8 pure>)
+944: setfield_gc(p54, 145, descr=<FieldS rpyeffect.stored_environment.Stack__arb.inst_target 16 pure>)
+952: setfield_gc(p54, p41, descr=<FieldP rpyeffect.stored_environment.Stack__3.inst_values_ptr_0 32 pure>)
+956: setfield_gc(p54, p44, descr=<FieldP rpyeffect.stored_environment.Stack__3.inst_values_ptr_1 40 pure>)
+960: setfield_gc(p54, p57, descr=<FieldP rpyeffect.stored_environment.Stack__3.inst_values_ptr_2 48 pure>)
+964: setfield_gc(p54, p55, descr=<FieldP rpyeffect.stored_environment.Stack__arb.inst_tail 8 pure>)
+988: jump(p0, p54, p2, p3, p4, p41, p44, p57, p43, p57, ConstPtr(ptr59), p19, descr=TargetToken(4838068576))
+1020: --end of the loop--
[5a7ed4] jit-log-opt-loop}
[6264a3] {jit-log-opt-loop
# Loop 3 (6<permute.rpyeffect:6(Name(infixAdd96))>+0: {"op": "PrimOp", "name": "infixAdd(Int, Int): Int", "out": {"any": [0]}, "in": {"any": [0, 1]}}) : loop with 104 ops
[p0, p1, p2, p3, p4]
+216: p5 = getfield_gc_r(p2, descr=<FieldP rpyeffect.environment.Environment.inst_values_ptr 16>)
+224: p7 = getarrayitem_gc_r(p5, 0, descr=<ArrayP 8>)
+228: p9 = getarrayitem_gc_r(p5, 1, descr=<ArrayP 8>)
+232: p11 = getarrayitem_gc_r(p5, 2, descr=<ArrayP 8>)
+236: p13 = getarrayitem_gc_r(p5, 3, descr=<ArrayP 8>)
+240: p15 = getarrayitem_gc_r(p5, 4, descr=<ArrayP 8>)
+244: p17 = getarrayitem_gc_r(p5, 5, descr=<ArrayP 8>)
+248: p19 = getarrayitem_gc_r(p5, 6, descr=<ArrayP 8>)
+252: label(p0, p1, p2, p3, p4, p7, p9, p11, p13, p15, p17, p19, descr=TargetToken(4838068640))
debug_merge_point(0, 0, '6<permute.rpyeffect:6(Name(infixAdd96))>+0: {"op": "PrimOp". "name": "infixAdd(Int. Int): Int". "out": {"any": [0]}. "in": {"any": [0. 1]}}')
+272: guard_not_invalidated(descr=<Guard0x1205e7730>) [p2, p7, p9, p11, p13, p15, p17, p19, p0, p1, p3, p4]
+276: i20 = getfield_gc_i(p7, descr=<FieldS rpyeffect.value.IntValue.inst_value 8 pure>)
+280: i21 = getfield_gc_i(p9, descr=<FieldS rpyeffect.value.IntValue.inst_value 8 pure>)
+284: i22 = int_add(i20, i21)
debug_merge_point(0, 0, '6<permute.rpyeffect:6(Name(infixAdd96))>+1: {"op": "Return". "args": {"any": [0]}}')
+288: guard_nonnull(p1, descr=<Guard0x1205f9f10>) [p2, p7, p9, p11, p13, p15, p17, p19, p0, p1, p3, p4]
+300: i23 = getfield_gc_i(p1, descr=<FieldS rpyeffect.stored_environment.Stack__arb.inst_target 16 pure>)
+308: guard_value(i23, 161, descr=<Guard0x1205f9f40>) [p2, p7, p9, p11, p13, p15, p17, p19, p0, p1, p3, p4]
+320: p25 = getfield_gc_r(p1, descr=<FieldP rpyeffect.stored_environment.Stack__3.inst_values_ptr_0 32 pure>)
+324: p26 = getfield_gc_r(p1, descr=<FieldP rpyeffect.stored_environment.Stack__3.inst_values_ptr_1 40 pure>)
+328: p27 = getfield_gc_r(p1, descr=<FieldP rpyeffect.stored_environment.Stack__3.inst_values_ptr_2 48 pure>)
+332: p28 = getfield_gc_r(p1, descr=<FieldP rpyeffect.stored_environment.Stack__arb.inst_tail 8 pure>)
debug_merge_point(0, 0, '161<permute.rpyeffect:161([k@Name(permute2866)#318])>+0: {"op": "Store". "ref": 2. "type": "any". "value": 0}')
+336: p29 = getfield_gc_r(p26, descr=<FieldP rpyeffect.region.Ref.inst_allocation_site 8 pure>)
+344: guard_value(p29, ConstPtr(ptr30), descr=<Guard0x1205f9f70>) [p2, p7, p9, p11, p13, p15, p17, p19, p0, p1, p3, p4]
+352: p31 = getfield_gc_r(p26, descr=<FieldP rpyeffect.region.Ref.inst_value 16>)
debug_merge_point(0, 0, '161<permute.rpyeffect:161([k@Name(permute2866)#318])>+1: {"op": "Construct". "out": 0. "type": Interned(Unit). "tag": Interned(unit). "args": {"any": []}}')
debug_merge_point(0, 0, '161<permute.rpyeffect:161([k@Name(permute2866)#318])>+2: {"op": "Const". "type": "ptr". "out": 0. "format": "int". "value": "<IntValue object at 0x1205dd250>"}')
debug_merge_point(0, 0, '161<permute.rpyeffect:161([k@Name(permute2866)#318])>+3: {"op": "Push". "target": 160. "args": {"any": [1. 2. 3]}}')
debug_merge_point(0, 0, '161<permute.rpyeffect:161([k@Name(permute2866)#318])>+4: {"op": "Copy". "type": "any". "from": 0. "to". 1}')
debug_merge_point(0, 0, '161<permute.rpyeffect:161([k@Name(permute2866)#318])>+5: {"op": "Copy". "type": "any". "from": 3. "to". 0}')
debug_merge_point(0, 0, '161<permute.rpyeffect:161([k@Name(permute2866)#318])>+6: {"op": "Jump". "target": 4}')
debug_merge_point(0, 0, '4<permute.rpyeffect:4(Name(infixNeq75))>+0: {"op": "PrimOp". "name": "infixNeq(Int. Int): Boolean". "out": {"any": [0]}. "in": {"any": [0. 1]}}')
+356: i32 = getfield_gc_i(p27, descr=<FieldS rpyeffect.value.IntValue.inst_value 8 pure>)
+360: i34 = int_ne(i32, 0)
debug_merge_point(0, 0, '4<permute.rpyeffect:4(Name(infixNeq75))>+1: {"op": "Return". "args": {"any": [0]}}')
debug_merge_point(0, 0, '160<permute.rpyeffect:160([k@[k@Name(permute2866)#318]#324])>+0: {"op": "Swap". "type": "any". "a": 2. "b". 1}')
debug_merge_point(0, 0, '160<permute.rpyeffect:160([k@[k@Name(permute2866)#318]#324])>+1: {"op": "Swap". "type": "any". "a": 0. "b". 1}')
debug_merge_point(0, 0, '160<permute.rpyeffect:160([k@[k@Name(permute2866)#318]#324])>+2: {"op": "IfZero". "cond": 1. "then": {"tag": null. "target": 155. "args": {"any": []}}}')
+368: setfield_gc(p31, i22, descr=<FieldS rpyeffect.value.UnboxedIntValueRef.inst_value 8>)
+372: guard_true(i34, descr=<Guard0x1205e7778>) [p2, p26, p25, p27, p15, p17, p19, i34, p0, p28, p3, p4]
debug_merge_point(0, 0, '160<permute.rpyeffect:160([k@[k@Name(permute2866)#318]#324])>+3: {"op": "Const". "type": "ptr". "out": 1. "format": "int". "value": "<IntValue object at 0x1205dd2a0>"}')
debug_merge_point(0, 0, '160<permute.rpyeffect:160([k@[k@Name(permute2866)#318]#324])>+4: {"op": "Push". "target": 159. "args": {"any": [2. 0]}}')
debug_merge_point(0, 0, '160<permute.rpyeffect:160([k@[k@Name(permute2866)#318]#324])>+5: {"op": "Copy". "type": "any". "from": 3. "to". 0}')
debug_merge_point(0, 0, '160<permute.rpyeffect:160([k@[k@Name(permute2866)#318]#324])>+6: {"op": "Jump". "target": 8}')
debug_merge_point(0, 0, '8<permute.rpyeffect:8(Name(infixSub105))>+0: {"op": "PrimOp". "name": "infixSub(Int. Int): Int". "out": {"any": [0]}. "in": {"any": [0. 1]}}')
+380: i36 = int_sub(i32, 1)
debug_merge_point(0, 0, '8<permute.rpyeffect:8(Name(infixSub105))>+1: {"op": "Return". "args": {"any": [0]}}')
debug_merge_point(0, 0, '159<permute.rpyeffect:159([k@[k@[k@Name(permute2866)#318]#324]#333])>+0: {"op": "Push". "target": 158. "args": {"any": [1. 2. 0]}}')
debug_merge_point(0, 0, '159<permute.rpyeffect:159([k@[k@[k@Name(permute2866)#318]#324]#333])>+1: {"op": "Swap". "type": "any". "a": 0. "b". 1}')
debug_merge_point(0, 0, '159<permute.rpyeffect:159([k@[k@[k@Name(permute2866)#318]#324]#333])>+2: {"op": "Jump". "target": 162}')
debug_merge_point(0, 0, '162<permute.rpyeffect:162(Name(permute2866))>+0: {"op": "Load". "out": 3. "type": "any". "ref": 2}')
debug_merge_point(0, 0, '162<permute.rpyeffect:162(Name(permute2866))>+1: {"op": "Const". "type": "ptr". "out": 4. "format": "int". "value": "<IntValue object at 0x1205dd220>"}')
debug_merge_point(0, 0, '162<permute.rpyeffect:162(Name(permute2866))>+2: {"op": "Push". "target": 161. "args": {"any": [0. 2. 1]}}')
debug_merge_point(0, 0, '162<permute.rpyeffect:162(Name(permute2866))>+3: {"op": "Copy". "type": "any". "from": 4. "to". 1}')
debug_merge_point(0, 0, '162<permute.rpyeffect:162(Name(permute2866))>+4: {"op": "Copy". "type": "any". "from": 3. "to". 0}')
debug_merge_point(0, 0, '162<permute.rpyeffect:162(Name(permute2866))>+5: {"op": "Jump". "target": 6}')
debug_merge_point(0, 0, '6<permute.rpyeffect:6(Name(infixAdd96))>+0: {"op": "PrimOp". "name": "infixAdd(Int. Int): Int". "out": {"any": [0]}. "in": {"any": [0. 1]}}')
+384: label(p0, p28, p25, p26, i36, p2, p3, p4, i22, p17, p19, p31, descr=TargetToken(4838068704))
debug_merge_point(0, 0, '6<permute.rpyeffect:6(Name(infixAdd96))>+0: {"op": "PrimOp". "name": "infixAdd(Int. Int): Int". "out": {"any": [0]}. "in": {"any": [0. 1]}}')
+384: guard_not_invalidated(descr=<Guard0x1205e77c0>) [p2, p26, p17, p19, p0, p3, p4, i36, p28, p25, i22]
+388: i38 = int_add(i22, 1)
debug_merge_point(0, 0, '6<permute.rpyeffect:6(Name(infixAdd96))>+1: {"op": "Return". "args": {"any": [0]}}')
debug_merge_point(0, 0, '161<permute.rpyeffect:161([k@Name(permute2866)#318])>+0: {"op": "Store". "ref": 2. "type": "any". "value": 0}')
debug_merge_point(0, 0, '161<permute.rpyeffect:161([k@Name(permute2866)#318])>+1: {"op": "Construct". "out": 0. "type": Interned(Unit). "tag": Interned(unit). "args": {"any": []}}')
debug_merge_point(0, 0, '161<permute.rpyeffect:161([k@Name(permute2866)#318])>+2: {"op": "Const". "type": "ptr". "out": 0. "format": "int". "value": "<IntValue object at 0x1205dd250>"}')
debug_merge_point(0, 0, '161<permute.rpyeffect:161([k@Name(permute2866)#318])>+3: {"op": "Push". "target": 160. "args": {"any": [1. 2. 3]}}')
debug_merge_point(0, 0, '161<permute.rpyeffect:161([k@Name(permute2866)#318])>+4: {"op": "Copy". "type": "any". "from": 0. "to". 1}')
debug_merge_point(0, 0, '161<permute.rpyeffect:161([k@Name(permute2866)#318])>+5: {"op": "Copy". "type": "any". "from": 3. "to". 0}')
debug_merge_point(0, 0, '161<permute.rpyeffect:161([k@Name(permute2866)#318])>+6: {"op": "Jump". "target": 4}')
debug_merge_point(0, 0, '4<permute.rpyeffect:4(Name(infixNeq75))>+0: {"op": "PrimOp". "name": "infixNeq(Int. Int): Boolean". "out": {"any": [0]}. "in": {"any": [0. 1]}}')
+392: i40 = int_ne(i36, 0)
debug_merge_point(0, 0, '4<permute.rpyeffect:4(Name(infixNeq75))>+1: {"op": "Return". "args": {"any": [0]}}')
debug_merge_point(0, 0, '160<permute.rpyeffect:160([k@[k@Name(permute2866)#318]#324])>+0: {"op": "Swap". "type": "any". "a": 2. "b". 1}')
debug_merge_point(0, 0, '160<permute.rpyeffect:160([k@[k@Name(permute2866)#318]#324])>+1: {"op": "Swap". "type": "any". "a": 0. "b". 1}')
debug_merge_point(0, 0, '160<permute.rpyeffect:160([k@[k@Name(permute2866)#318]#324])>+2: {"op": "IfZero". "cond": 1. "then": {"tag": null. "target": 155. "args": {"any": []}}}')
+400: setfield_gc(p31, i38, descr=<FieldS rpyeffect.value.UnboxedIntValueRef.inst_value 8>)
+404: guard_true(i40, descr=<Guard0x1205e7808>) [p2, p26, p25, p17, p19, i40, p0, p3, p4, i36, p28, None, None]
debug_merge_point(0, 0, '160<permute.rpyeffect:160([k@[k@Name(permute2866)#318]#324])>+3: {"op": "Const". "type": "ptr". "out": 1. "format": "int". "value": "<IntValue object at 0x1205dd2a0>"}')
debug_merge_point(0, 0, '160<permute.rpyeffect:160([k@[k@Name(permute2866)#318]#324])>+4: {"op": "Push". "target": 159. "args": {"any": [2. 0]}}')
debug_merge_point(0, 0, '160<permute.rpyeffect:160([k@[k@Name(permute2866)#318]#324])>+5: {"op": "Copy". "type": "any". "from": 3. "to". 0}')
debug_merge_point(0, 0, '160<permute.rpyeffect:160([k@[k@Name(permute2866)#318]#324])>+6: {"op": "Jump". "target": 8}')
debug_merge_point(0, 0, '8<permute.rpyeffect:8(Name(infixSub105))>+0: {"op": "PrimOp". "name": "infixSub(Int. Int): Int". "out": {"any": [0]}. "in": {"any": [0. 1]}}')
+412: i43 = int_sub(i36, 1)
debug_merge_point(0, 0, '8<permute.rpyeffect:8(Name(infixSub105))>+1: {"op": "Return". "args": {"any": [0]}}')
debug_merge_point(0, 0, '159<permute.rpyeffect:159([k@[k@[k@Name(permute2866)#318]#324]#333])>+0: {"op": "Push". "target": 158. "args": {"any": [1. 2. 0]}}')
debug_merge_point(0, 0, '159<permute.rpyeffect:159([k@[k@[k@Name(permute2866)#318]#324]#333])>+1: {"op": "Swap". "type": "any". "a": 0. "b". 1}')
debug_merge_point(0, 0, '159<permute.rpyeffect:159([k@[k@[k@Name(permute2866)#318]#324]#333])>+2: {"op": "Jump". "target": 162}')
debug_merge_point(0, 0, '162<permute.rpyeffect:162(Name(permute2866))>+0: {"op": "Load". "out": 3. "type": "any". "ref": 2}')
debug_merge_point(0, 0, '162<permute.rpyeffect:162(Name(permute2866))>+1: {"op": "Const". "type": "ptr". "out": 4. "format": "int". "value": "<IntValue object at 0x1205dd220>"}')
debug_merge_point(0, 0, '162<permute.rpyeffect:162(Name(permute2866))>+2: {"op": "Push". "target": 161. "args": {"any": [0. 2. 1]}}')
debug_merge_point(0, 0, '162<permute.rpyeffect:162(Name(permute2866))>+3: {"op": "Copy". "type": "any". "from": 4. "to". 1}')
debug_merge_point(0, 0, '162<permute.rpyeffect:162(Name(permute2866))>+4: {"op": "Copy". "type": "any". "from": 3. "to". 0}')
debug_merge_point(0, 0, '162<permute.rpyeffect:162(Name(permute2866))>+5: {"op": "Jump". "target": 6}')
debug_merge_point(0, 0, '6<permute.rpyeffect:6(Name(infixAdd96))>+0: {"op": "PrimOp". "name": "infixAdd(Int. Int): Int". "out": {"any": [0]}. "in": {"any": [0. 1]}}')
+416: p44 = new_with_vtable(descr=<SizeDescr 56>)
+528: p45 = new_with_vtable(descr=<SizeDescr 16>)
+540: setfield_gc(p45, i36, descr=<FieldS rpyeffect.value.IntValue.inst_value 8 pure>)
+544: setfield_gc(p44, p28, descr=<FieldP rpyeffect.stored_environment.Stack__arb.inst_tail 8 pure>)
+548: setfield_gc(p44, 158, descr=<FieldS rpyeffect.stored_environment.Stack__arb.inst_target 16 pure>)
+556: setfield_gc(p44, p25, descr=<FieldP rpyeffect.stored_environment.Stack__3.inst_values_ptr_0 32 pure>)
+560: setfield_gc(p44, p26, descr=<FieldP rpyeffect.stored_environment.Stack__3.inst_values_ptr_1 40 pure>)
+564: setfield_gc(p44, p45, descr=<FieldP rpyeffect.stored_environment.Stack__3.inst_values_ptr_2 48 pure>)
+576: jump(p0, p44, p25, p26, i43, p2, p3, p4, i38, p17, p19, p31, descr=TargetToken(4838068704))
+584: --end of the loop--
[63797e] jit-log-opt-loop}
[68e507] {jit-log-opt-bridge
# bridge out of Guard 0x1205f9d60 with 47 ops
[p0, p1, p2, p3, p4, p5, p6, p7, p8, p9]
+136: guard_nonnull(p7, descr=<Guard0x1205e7850>) [p0, p1, p2, p3, p4, p5, p6, p7, p8, p9]
+144: i10 = getfield_gc_i(p7, descr=<FieldS rpyeffect.stored_environment.Stack__arb.inst_target 16 pure>)
+148: guard_not_invalidated(descr=<Guard0x12061c0b0>) [p0, p1, p2, p3, p4, p5, p6, p7, p8, p9]
+152: guard_value(i10, 151, descr=<Guard0x12061c0e0>) [p0, p1, p2, p3, p4, p5, p6, p7, p8, p9]
debug_merge_point(0, 0, '13<permute.rpyeffect:13(Name(unsafeSet2054))>+0: {"op": "PrimOp". "name": "unsafeSet(Array[Top]. Int. Top): Unit". "out": {"any": [0]}. "in": {"any": [0. 1. 2]}}')
+164: p12 = getfield_gc_r(p1, descr=<FieldP rpyeffect.value.ArrayValue.inst_value 8 pure>)
+168: i13 = getfield_gc_i(p2, descr=<FieldS rpyeffect.value.IntValue.inst_value 8 pure>)
+172: i15 = int_lt(i13, 0)
guard_false(i15, descr=<Guard0x12061c110>) [p0, p1, p2, p3, p4, p5, p6, p7, p8, p9]
+300: setarrayitem_gc(p12, i13, p3, descr=<ArrayP 8>)
debug_merge_point(0, 0, '13<permute.rpyeffect:13(Name(unsafeSet2054))>+1: {"op": "Return". "args": {"any": [0]}}')
+308: p16 = getfield_gc_r(p7, descr=<FieldP rpyeffect.stored_environment.Stack__4.inst_values_ptr_0 32 pure>)
+312: p17 = getfield_gc_r(p7, descr=<FieldP rpyeffect.stored_environment.Stack__4.inst_values_ptr_1 40 pure>)
+316: p18 = getfield_gc_r(p7, descr=<FieldP rpyeffect.stored_environment.Stack__4.inst_values_ptr_2 48 pure>)
+320: p19 = getfield_gc_r(p7, descr=<FieldP rpyeffect.stored_environment.Stack__4.inst_values_ptr_3 56 pure>)
+324: p20 = getfield_gc_r(p7, descr=<FieldP rpyeffect.stored_environment.Stack__arb.inst_tail 8 pure>)
debug_merge_point(0, 0, '151<permute.rpyeffect:151([k@[k@Name(b_whileLoop_29223991)#295]#301])>+0: {"op": "Push". "target": 150. "args": {"any": [1. 2. 3. 4]}}')
debug_merge_point(0, 0, '151<permute.rpyeffect:151([k@[k@Name(b_whileLoop_29223991)#295]#301])>+1: {"op": "Copy". "type": "any". "from": 1. "to". 0}')
debug_merge_point(0, 0, '151<permute.rpyeffect:151([k@[k@Name(b_whileLoop_29223991)#295]#301])>+2: {"op": "Copy". "type": "any". "from": 4. "to". 1}')
debug_merge_point(0, 0, '151<permute.rpyeffect:151([k@[k@Name(b_whileLoop_29223991)#295]#301])>+3: {"op": "Jump". "target": 162}')
debug_merge_point(0, 0, '162<permute.rpyeffect:162(Name(permute2866))>+0: {"op": "Load". "out": 3. "type": "any". "ref": 2}')
+328: p21 = getfield_gc_r(p17, descr=<FieldP rpyeffect.region.Ref.inst_allocation_site 8 pure>)
+336: guard_value(p21, ConstPtr(ptr22), descr=<Guard0x1205e7898>) [p0, p16, p19, p17, p18, p4, p5, p6, p8, p9, p21, p20]
+344: p23 = getfield_gc_r(p17, descr=<FieldP rpyeffect.region.Ref.inst_value 16>)
+348: i24 = getfield_gc_i(p23, descr=<FieldS rpyeffect.value.UnboxedIntValueRef.inst_value 8>)
debug_merge_point(0, 0, '162<permute.rpyeffect:162(Name(permute2866))>+1: {"op": "Const". "type": "ptr". "out": 4. "format": "int". "value": "<IntValue object at 0x1205dd220>"}')
debug_merge_point(0, 0, '162<permute.rpyeffect:162(Name(permute2866))>+2: {"op": "Push". "target": 161. "args": {"any": [0. 2. 1]}}')
debug_merge_point(0, 0, '162<permute.rpyeffect:162(Name(permute2866))>+3: {"op": "Copy". "type": "any". "from": 4. "to". 1}')
debug_merge_point(0, 0, '162<permute.rpyeffect:162(Name(permute2866))>+4: {"op": "Copy". "type": "any". "from": 3. "to". 0}')
debug_merge_point(0, 0, '162<permute.rpyeffect:162(Name(permute2866))>+5: {"op": "Jump". "target": 6}')
debug_merge_point(0, 0, '6<permute.rpyeffect:6(Name(infixAdd96))>+0: {"op": "PrimOp". "name": "infixAdd(Int. Int): Int". "out": {"any": [0]}. "in": {"any": [0. 1]}}')
+352: p25 = new_with_vtable(descr=<SizeDescr 56>)
+460: p26 = new_with_vtable(descr=<SizeDescr 64>)
+472: setfield_gc(p26, p20, descr=<FieldP rpyeffect.stored_environment.Stack__arb.inst_tail 8 pure>)
+480: setfield_gc(p26, 150, descr=<FieldS rpyeffect.stored_environment.Stack__arb.inst_target 16 pure>)
+488: setfield_gc(p26, p16, descr=<FieldP rpyeffect.stored_environment.Stack__4.inst_values_ptr_0 32 pure>)
+492: setfield_gc(p26, p17, descr=<FieldP rpyeffect.stored_environment.Stack__4.inst_values_ptr_1 40 pure>)
+496: setfield_gc(p26, p18, descr=<FieldP rpyeffect.stored_environment.Stack__4.inst_values_ptr_2 48 pure>)
+500: setfield_gc(p26, p19, descr=<FieldP rpyeffect.stored_environment.Stack__4.inst_values_ptr_3 56 pure>)
+504: p28 = new_with_vtable(descr=<SizeDescr 16>)
+516: setfield_gc(p25, 161, descr=<FieldS rpyeffect.stored_environment.Stack__arb.inst_target 16 pure>)
+524: setfield_gc(p28, i24, descr=<FieldS rpyeffect.value.IntValue.inst_value 8 pure>)
+528: setfield_gc(p25, p26, descr=<FieldP rpyeffect.stored_environment.Stack__arb.inst_tail 8 pure>)
+532: setfield_gc(p25, p16, descr=<FieldP rpyeffect.stored_environment.Stack__3.inst_values_ptr_0 32 pure>)
+536: setfield_gc(p25, p17, descr=<FieldP rpyeffect.stored_environment.Stack__3.inst_values_ptr_1 40 pure>)
+540: setfield_gc(p25, p19, descr=<FieldP rpyeffect.stored_environment.Stack__3.inst_values_ptr_2 48 pure>)
+564: jump(p6, p25, p0, p8, p9, p28, ConstPtr(ptr30), p17, p28, ConstPtr(ptr31), p4, p5, descr=TargetToken(4838068640))
+668: --end of the loop--
[6966bf] jit-log-opt-bridge}
[6d2ed8] {jit-log-opt-bridge
# bridge out of Guard 0x1205e76e8 with 54 ops
[p0, p1, p2, p3, p4, p5, i6, p7, p8, p9, p10]
+184: guard_false(i6, descr=<Guard0x1205e78e0>) [p0, p1, p2, p3, p4, p5, i6, p7, p8, p9, p10]
+192: guard_nonnull_class(p8, ConstClass(Stack__0), descr=<Guard0x1205e7928>) [p0, p1, p2, p3, p4, p5, i6, p7, p8, p9, p10]
+216: i12 = getfield_gc_i(p8, descr=<FieldS rpyeffect.stored_environment.Stack__arb.inst_target 16 pure>)
+220: guard_not_invalidated(descr=<Guard0x12061c320>) [p0, p1, p2, p3, p4, p5, i6, p7, p8, p9, p10]
+224: guard_value(i12, 156, descr=<Guard0x12061c350>) [p0, p1, p2, p3, p4, p5, i6, p7, p8, p9, p10]
debug_merge_point(0, 0, '147<permute.rpyeffect:147([then#297])>+0: {"op": "Construct". "out": 0. "type": Interned(Unit). "tag": Interned(unit). "args": {"any": []}}')
debug_merge_point(0, 0, '147<permute.rpyeffect:147([then#297])>+1: {"op": "Return". "args": {"any": [0]}}')
+236: p14 = getfield_gc_r(p8, descr=<FieldP rpyeffect.stored_environment.Stack__arb.inst_tail 8 pure>)
debug_merge_point(0, 0, '156<permute.rpyeffect:156([return_clause@[#335]#339])>+0: {"op": "Return". "args": {"any": [0]}}')
+240: guard_isnull(p14, descr=<Guard0x12061c380>) [p0, p1, p2, p3, p4, p5, i6, p7, p8, p9, p10]
+248: guard_nonnull_class(p9, 4302251672, descr=<Guard0x1205e7970>) [p0, p1, p2, p3, p4, p5, i6, p7, p8, p9, p10]
+276: p16 = getfield_gc_r(p9, descr=<FieldP rpyeffect.stack.MetaStackLike.inst_stack 8 pure>)
+280: p17 = getfield_gc_r(p9, descr=<FieldP rpyeffect.stack.MetaStack.inst_label 16 pure>)
+284: p18 = getfield_gc_r(p9, descr=<FieldP rpyeffect.stack.MetaStack.inst_tail 32 pure>)
+288: guard_nonnull(p16, descr=<Guard0x12061c3b0>) [p0, p1, p2, p3, p4, p5, i6, p7, p8, p9, p10]
+296: i19 = getfield_gc_i(p16, descr=<FieldS rpyeffect.stored_environment.Stack__arb.inst_target 16 pure>)
+300: guard_value(i19, 150, descr=<Guard0x12061c3e0>) [p0, p1, p2, p3, p4, p5, i6, p7, p8, p9, p10]
+312: p21 = getfield_gc_r(p16, descr=<FieldP rpyeffect.stored_environment.Stack__4.inst_values_ptr_0 32 pure>)
+316: p22 = getfield_gc_r(p16, descr=<FieldP rpyeffect.stored_environment.Stack__4.inst_values_ptr_1 40 pure>)
+320: p23 = getfield_gc_r(p16, descr=<FieldP rpyeffect.stored_environment.Stack__4.inst_values_ptr_2 48 pure>)
+324: p24 = getfield_gc_r(p16, descr=<FieldP rpyeffect.stored_environment.Stack__4.inst_values_ptr_3 56 pure>)
+328: p25 = getfield_gc_r(p16, descr=<FieldP rpyeffect.stored_environment.Stack__arb.inst_tail 8 pure>)
+332: guard_nonnull(p25, descr=<Guard0x12061c410>) [p0, p1, p2, p3, p4, p5, i6, p7, p8, p9, p10]
+340: i26 = getfield_gc_i(p25, descr=<FieldS rpyeffect.stored_environment.Stack__arb.inst_target 16 pure>)
+344: guard_value(i26, 156, descr=<Guard0x12061c440>) [p0, p1, p2, p3, p4, p5, i6, p7, p8, p9, p10]
debug_merge_point(0, 0, '150<permute.rpyeffect:150([#303])>+0: {"op": "Load". "out": 0. "type": "any". "ref": 3}')
+356: p28 = getfield_gc_r(p23, descr=<FieldP rpyeffect.region.Ref.inst_allocation_site 8 pure>)
+364: guard_value(p28, ConstPtr(ptr29), descr=<Guard0x12061c470>) [p0, p1, p2, p3, p4, p5, i6, p7, p8, p9, p10]
+372: p30 = getfield_gc_r(p23, descr=<FieldP rpyeffect.region.Ref.inst_value 16>)
+376: i31 = getfield_gc_i(p30, descr=<FieldS rpyeffect.value.UnboxedIntValueRef.inst_value 8>)
debug_merge_point(0, 0, '150<permute.rpyeffect:150([#303])>+1: {"op": "Push". "target": 149. "args": {"any": [1. 2. 3. 4]}}')
debug_merge_point(0, 0, '150<permute.rpyeffect:150([#303])>+2: {"op": "Copy". "type": "any". "from": 0. "to". 2}')
debug_merge_point(0, 0, '150<permute.rpyeffect:150([#303])>+3: {"op": "Copy". "type": "any". "from": 1. "to". 0}')
debug_merge_point(0, 0, '150<permute.rpyeffect:150([#303])>+4: {"op": "Copy". "type": "any". "from": 4. "to". 1}')
debug_merge_point(0, 0, '150<permute.rpyeffect:150([#303])>+5: {"op": "Jump". "target": 146}')
debug_merge_point(0, 0, '146<permute.rpyeffect:146(Name(swap2856))>+0: {"op": "Push". "target": 145. "args": {"any": [0. 1. 2]}}')
debug_merge_point(0, 0, '146<permute.rpyeffect:146(Name(swap2856))>+1: {"op": "Jump". "target": 12}')
debug_merge_point(0, 0, '12<permute.rpyeffect:12(Name(unsafeGet2049))>+0: {"op": "PrimOp". "name": "unsafeIndex(Array[Ptr]. Int): Ptr". "out": {"any": [0]}. "in": {"any": [0. 1]}}')
+380: p32 = new_with_vtable(descr=<SizeDescr 56>)
+488: p33 = new_with_vtable(descr=<SizeDescr 64>)
+500: setfield_gc(p33, p25, descr=<FieldP rpyeffect.stored_environment.Stack__arb.inst_tail 8 pure>)
+504: setfield_gc(p33, 149, descr=<FieldS rpyeffect.stored_environment.Stack__arb.inst_target 16 pure>)
+512: setfield_gc(p33, p21, descr=<FieldP rpyeffect.stored_environment.Stack__4.inst_values_ptr_0 32 pure>)
+516: setfield_gc(p33, p22, descr=<FieldP rpyeffect.stored_environment.Stack__4.inst_values_ptr_1 40 pure>)
+520: setfield_gc(p33, p23, descr=<FieldP rpyeffect.stored_environment.Stack__4.inst_values_ptr_2 48 pure>)
+524: setfield_gc(p33, p24, descr=<FieldP rpyeffect.stored_environment.Stack__4.inst_values_ptr_3 56 pure>)
+528: p35 = new_with_vtable(descr=<SizeDescr 16>)
+540: setfield_gc(p35, i31, descr=<FieldS rpyeffect.value.IntValue.inst_value 8 pure>)
+544: setfield_gc(p32, 145, descr=<FieldS rpyeffect.stored_environment.Stack__arb.inst_target 16 pure>)
+552: setfield_gc(p32, p33, descr=<FieldP rpyeffect.stored_environment.Stack__arb.inst_tail 8 pure>)
+556: setfield_gc(p32, p21, descr=<FieldP rpyeffect.stored_environment.Stack__3.inst_values_ptr_0 32 pure>)
+560: setfield_gc(p32, p24, descr=<FieldP rpyeffect.stored_environment.Stack__3.inst_values_ptr_1 40 pure>)
+564: setfield_gc(p32, p35, descr=<FieldP rpyeffect.stored_environment.Stack__3.inst_values_ptr_2 48 pure>)
+592: jump(p17, p32, p0, p18, ConstPtr(ptr37), p21, p24, p35, p23, p24, ConstPtr(ptr38), p5, descr=TargetToken(4838068576))
+648: --end of the loop--
[6ddc06] jit-log-opt-bridge}
[705bd5] {jit-log-opt-loop
# Loop 6 (10<permute.rpyeffect:10(Name(infixGte187))>+0: {"op": "PrimOp", "name": "infixGte(Int, Int): Boolean", "out": {"any": [0]}, "in": {"any": [0, 1]}}) : entry bridge with 55 ops
[p0, p1, p2, p3, p4]
+200: p5 = getfield_gc_r(p2, descr=<FieldP rpyeffect.environment.Environment.inst_values_ptr 16>)
+208: p7 = getarrayitem_gc_r(p5, 0, descr=<ArrayP 8>)
+212: p9 = getarrayitem_gc_r(p5, 1, descr=<ArrayP 8>)
+216: p11 = getarrayitem_gc_r(p5, 2, descr=<ArrayP 8>)
+220: p13 = getarrayitem_gc_r(p5, 3, descr=<ArrayP 8>)
+224: p15 = getarrayitem_gc_r(p5, 4, descr=<ArrayP 8>)
+228: p17 = getarrayitem_gc_r(p5, 5, descr=<ArrayP 8>)
+232: p19 = getarrayitem_gc_r(p5, 6, descr=<ArrayP 8>)
debug_merge_point(0, 0, '10<permute.rpyeffect:10(Name(infixGte187))>+0: {"op": "PrimOp". "name": "infixGte(Int. Int): Boolean". "out": {"any": [0]}. "in": {"any": [0. 1]}}')
+236: guard_not_invalidated(descr=<Guard0x1205e79b8>) [p2, p7, p9, p11, p13, p15, p17, p19, p0, p1, p3, p4]
+240: i20 = getfield_gc_i(p7, descr=<FieldS rpyeffect.value.IntValue.inst_value 8 pure>)
+244: i21 = getfield_gc_i(p9, descr=<FieldS rpyeffect.value.IntValue.inst_value 8 pure>)
+248: i22 = int_ge(i20, i21)
debug_merge_point(0, 0, '10<permute.rpyeffect:10(Name(infixGte187))>+1: {"op": "Return". "args": {"any": [0]}}')
+256: guard_nonnull(p1, descr=<Guard0x12061c560>) [p2, p7, p9, p11, p13, p15, p17, p19, p0, p1, p3, p4]
+268: i23 = getfield_gc_i(p1, descr=<FieldS rpyeffect.stored_environment.Stack__arb.inst_target 16 pure>)
+276: guard_value(i23, 152, descr=<Guard0x12061c590>) [p2, p7, p9, p11, p13, p15, p17, p19, p0, p1, p3, p4]
+288: p25 = getfield_gc_r(p1, descr=<FieldP rpyeffect.stored_environment.Stack__4.inst_values_ptr_0 32 pure>)
+292: p26 = getfield_gc_r(p1, descr=<FieldP rpyeffect.stored_environment.Stack__4.inst_values_ptr_1 40 pure>)
+296: p27 = getfield_gc_r(p1, descr=<FieldP rpyeffect.stored_environment.Stack__4.inst_values_ptr_2 48 pure>)
+300: p28 = getfield_gc_r(p1, descr=<FieldP rpyeffect.stored_environment.Stack__4.inst_values_ptr_3 56 pure>)
+304: p29 = getfield_gc_r(p1, descr=<FieldP rpyeffect.stored_environment.Stack__arb.inst_tail 8 pure>)
debug_merge_point(0, 0, '152<permute.rpyeffect:152([k@Name(b_whileLoop_29223991)#295])>+0: {"op": "Swap". "type": "any". "a": 2. "b". 4}')
debug_merge_point(0, 0, '152<permute.rpyeffect:152([k@Name(b_whileLoop_29223991)#295])>+1: {"op": "Swap". "type": "any". "a": 0. "b". 4}')
debug_merge_point(0, 0, '152<permute.rpyeffect:152([k@Name(b_whileLoop_29223991)#295])>+2: {"op": "IfZero". "cond": 4. "then": {"tag": null. "target": 147. "args": {"any": []}}}')
+308: guard_true(i22, descr=<Guard0x12061c5c0>) [p2, p7, p9, p11, p13, p15, p17, p19, p0, p1, p3, p4]
debug_merge_point(0, 0, '152<permute.rpyeffect:152([k@Name(b_whileLoop_29223991)#295])>+3: {"op": "Load". "out": 4. "type": "any". "ref": 3}')
+316: p30 = getfield_gc_r(p27, descr=<FieldP rpyeffect.region.Ref.inst_allocation_site 8 pure>)
+324: guard_value(p30, ConstPtr(ptr31), descr=<Guard0x12061c5f0>) [p2, p7, p9, p11, p13, p15, p17, p19, p0, p1, p3, p4]
+332: p32 = getfield_gc_r(p27, descr=<FieldP rpyeffect.region.Ref.inst_value 16>)
+336: i33 = getfield_gc_i(p32, descr=<FieldS rpyeffect.value.UnboxedIntValueRef.inst_value 8>)
debug_merge_point(0, 0, '152<permute.rpyeffect:152([k@Name(b_whileLoop_29223991)#295])>+4: {"op": "Push". "target": 151. "args": {"any": [1. 0. 3. 2]}}')
debug_merge_point(0, 0, '152<permute.rpyeffect:152([k@Name(b_whileLoop_29223991)#295])>+5: {"op": "Copy". "type": "any". "from": 1. "to". 0}')
debug_merge_point(0, 0, '152<permute.rpyeffect:152([k@Name(b_whileLoop_29223991)#295])>+6: {"op": "Copy". "type": "any". "from": 2. "to". 1}')
debug_merge_point(0, 0, '152<permute.rpyeffect:152([k@Name(b_whileLoop_29223991)#295])>+7: {"op": "Copy". "type": "any". "from": 4. "to". 2}')
debug_merge_point(0, 0, '152<permute.rpyeffect:152([k@Name(b_whileLoop_29223991)#295])>+8: {"op": "Jump". "target": 146}')
debug_merge_point(0, 0, '146<permute.rpyeffect:146(Name(swap2856))>+0: {"op": "Push". "target": 145. "args": {"any": [0. 1. 2]}}')
debug_merge_point(0, 0, '146<permute.rpyeffect:146(Name(swap2856))>+1: {"op": "Jump". "target": 12}')
debug_merge_point(0, 0, '12<permute.rpyeffect:12(Name(unsafeGet2049))>+0: {"op": "PrimOp". "name": "unsafeIndex(Array[Ptr]. Int): Ptr". "out": {"any": [0]}. "in": {"any": [0. 1]}}')
+340: p34 = new_with_vtable(descr=<SizeDescr 56>)
+448: p35 = new_with_vtable(descr=<SizeDescr 64>)
+460: setfield_gc(p35, p29, descr=<FieldP rpyeffect.stored_environment.Stack__arb.inst_tail 8 pure>)
+464: setfield_gc(p35, 151, descr=<FieldS rpyeffect.stored_environment.Stack__arb.inst_target 16 pure>)
+472: setfield_gc(p35, p25, descr=<FieldP rpyeffect.stored_environment.Stack__4.inst_values_ptr_0 32 pure>)
+476: setfield_gc(p35, p26, descr=<FieldP rpyeffect.stored_environment.Stack__4.inst_values_ptr_1 40 pure>)
+480: setfield_gc(p35, p27, descr=<FieldP rpyeffect.stored_environment.Stack__4.inst_values_ptr_2 48 pure>)
+484: setfield_gc(p35, p28, descr=<FieldP rpyeffect.stored_environment.Stack__4.inst_values_ptr_3 56 pure>)
+488: p37 = new_with_vtable(descr=<SizeDescr 16>)
+500: setfield_gc(p37, i33, descr=<FieldS rpyeffect.value.IntValue.inst_value 8 pure>)
+504: setfield_gc(p34, 145, descr=<FieldS rpyeffect.stored_environment.Stack__arb.inst_target 16 pure>)
+512: setfield_gc(p34, p35, descr=<FieldP rpyeffect.stored_environment.Stack__arb.inst_tail 8 pure>)
+516: setfield_gc(p34, p25, descr=<FieldP rpyeffect.stored_environment.Stack__3.inst_values_ptr_0 32 pure>)
+520: setfield_gc(p34, p28, descr=<FieldP rpyeffect.stored_environment.Stack__3.inst_values_ptr_1 40 pure>)
+524: setfield_gc(p34, p37, descr=<FieldP rpyeffect.stored_environment.Stack__3.inst_values_ptr_2 48 pure>)
+544: jump(p0, p34, p2, p3, p4, p25, p28, p37, p27, p37, p17, p19, descr=TargetToken(4838068576))
+660: --end of the loop--
[70e07c] jit-log-opt-loop}
[76fd96] {jit-log-opt-bridge
# bridge out of Guard 0x1205e7808 with 68 ops
[p0, p1, p2, p3, p4, i5, p6, p7, p8, i9, p10]
+136: guard_false(i5, descr=<Guard0x1205e7a00>) [p0, p1, p2, p3, p4, i5, p6, p7, p8, p10, i9]
+144: guard_not_invalidated(descr=<Guard0x12061c740>) [p0, p1, p2, p3, p4, i5, p6, p7, p8, p10, i9]
debug_merge_point(0, 0, '155<permute.rpyeffect:155([then#328])>+0: {"op": "Construct". "out": 0. "type": Interned(Unit). "tag": Interned(unit). "args": {"any": []}}')
debug_merge_point(0, 0, '155<permute.rpyeffect:155([then#328])>+1: {"op": "Return". "args": {"any": [0]}}')
debug_merge_point(0, 0, '158<permute.rpyeffect:158([#335])>+0: {"op": "PrimOp". "name": "freshlabel". "out": {"any": [0]}. "in": {"any": []}}')
debug_merge_point(0, 0, '158<permute.rpyeffect:158([#335])>+1: {"op": "NewStack". "out": 0. "target": 156. "region": 4. "args": {"any": []}. "label": 0}')
debug_merge_point(0, 0, '158<permute.rpyeffect:158([#335])>+2: {"op": "PushStack". "arg": 0}')
+152: i12 = instance_ptr_eq(p8, ConstPtr(ptr11))
guard_true(i12, descr=<Guard0x12061c770>) [p0, p1, p2, p3, p4, i5, p6, p7, p8, p10, i9]
debug_merge_point(0, 0, '158<permute.rpyeffect:158([#335])>+3: {"op": "Allocate". "out": 0. "type": "any". "init": 3. "region": 4}')
debug_merge_point(0, 0, '158<permute.rpyeffect:158([#335])>+4: {"op": "Swap". "type": "any". "a": 0. "b". 1}')
debug_merge_point(0, 0, '158<permute.rpyeffect:158([#335])>+5: {"op": "Swap". "type": "any". "a": 2. "b". 1}')
debug_merge_point(0, 0, '158<permute.rpyeffect:158([#335])>+6: {"op": "Jump". "target": 153}')
debug_merge_point(0, 0, '153<permute.rpyeffect:153(Name(b_whileLoop_29223991))>+0: {"op": "Load". "out": 4. "type": "any". "ref": 2}')
debug_merge_point(0, 0, '153<permute.rpyeffect:153(Name(b_whileLoop_29223991))>+1: {"op": "Const". "type": "ptr". "out": 5. "format": "int". "value": "<IntValue object at 0x1205dd420>"}')
debug_merge_point(0, 0, '153<permute.rpyeffect:153(Name(b_whileLoop_29223991))>+2: {"op": "Push". "target": 152. "args": {"any": [0. 1. 2. 3]}}')
debug_merge_point(0, 0, '153<permute.rpyeffect:153(Name(b_whileLoop_29223991))>+3: {"op": "Copy". "type": "any". "from": 5. "to". 1}')
debug_merge_point(0, 0, '153<permute.rpyeffect:153(Name(b_whileLoop_29223991))>+4: {"op": "Copy". "type": "any". "from": 4. "to". 0}')
debug_merge_point(0, 0, '153<permute.rpyeffect:153(Name(b_whileLoop_29223991))>+5: {"op": "Jump". "target": 10}')
debug_merge_point(0, 0, '10<permute.rpyeffect:10(Name(infixGte187))>+0: {"op": "PrimOp". "name": "infixGte(Int. Int): Boolean". "out": {"any": [0]}. "in": {"any": [0. 1]}}')
+164: i14 = int_ge(i9, 0)
debug_merge_point(0, 0, '10<permute.rpyeffect:10(Name(infixGte187))>+1: {"op": "Return". "args": {"any": [0]}}')
debug_merge_point(0, 0, '152<permute.rpyeffect:152([k@Name(b_whileLoop_29223991)#295])>+0: {"op": "Swap". "type": "any". "a": 2. "b". 4}')
debug_merge_point(0, 0, '152<permute.rpyeffect:152([k@Name(b_whileLoop_29223991)#295])>+1: {"op": "Swap". "type": "any". "a": 0. "b". 4}')
debug_merge_point(0, 0, '152<permute.rpyeffect:152([k@Name(b_whileLoop_29223991)#295])>+2: {"op": "IfZero". "cond": 4. "then": {"tag": null. "target": 147. "args": {"any": []}}}')
guard_true(i14, descr=<Guard0x12061c7a0>) [p0, p1, p2, p3, p4, i5, p6, p7, p8, p10, i9]
debug_merge_point(0, 0, '152<permute.rpyeffect:152([k@Name(b_whileLoop_29223991)#295])>+3: {"op": "Load". "out": 4. "type": "any". "ref": 3}')
debug_merge_point(0, 0, '152<permute.rpyeffect:152([k@Name(b_whileLoop_29223991)#295])>+4: {"op": "Push". "target": 151. "args": {"any": [1. 0. 3. 2]}}')
debug_merge_point(0, 0, '152<permute.rpyeffect:152([k@Name(b_whileLoop_29223991)#295])>+5: {"op": "Copy". "type": "any". "from": 1. "to". 0}')
debug_merge_point(0, 0, '152<permute.rpyeffect:152([k@Name(b_whileLoop_29223991)#295])>+6: {"op": "Copy". "type": "any". "from": 2. "to". 1}')
debug_merge_point(0, 0, '152<permute.rpyeffect:152([k@Name(b_whileLoop_29223991)#295])>+7: {"op": "Copy". "type": "any". "from": 4. "to". 2}')
debug_merge_point(0, 0, '152<permute.rpyeffect:152([k@Name(b_whileLoop_29223991)#295])>+8: {"op": "Jump". "target": 146}')
debug_merge_point(0, 0, '146<permute.rpyeffect:146(Name(swap2856))>+0: {"op": "Push". "target": 145. "args": {"any": [0. 1. 2]}}')
debug_merge_point(0, 0, '146<permute.rpyeffect:146(Name(swap2856))>+1: {"op": "Jump". "target": 12}')
debug_merge_point(0, 0, '12<permute.rpyeffect:12(Name(unsafeGet2049))>+0: {"op": "PrimOp". "name": "unsafeIndex(Array[Ptr]. Int): Ptr". "out": {"any": [0]}. "in": {"any": [0. 1]}}')
+172: p15 = new_with_vtable(descr=<SizeDescr 16>)
+280: p16 = new_with_vtable(descr=<SizeDescr 56>)
+292: p17 = new_with_vtable(descr=<SizeDescr 64>)
+304: p18 = new_with_vtable(descr=<SizeDescr 32>)
+316: setfield_gc(p18, ConstPtr(null), descr=<FieldP rpyeffect.stored_environment.Stack__arb.inst_tail 8 pure>)
+324: setfield_gc(p18, 156, descr=<FieldS rpyeffect.stored_environment.Stack__arb.inst_target 16 pure>)
+332: setfield_gc(p17, p18, descr=<FieldP rpyeffect.stored_environment.Stack__arb.inst_tail 8 pure>)
+336: setfield_gc(p17, 151, descr=<FieldS rpyeffect.stored_environment.Stack__arb.inst_target 16 pure>)
+344: setfield_gc(p17, p2, descr=<FieldP rpyeffect.stored_environment.Stack__4.inst_values_ptr_0 32 pure>)
+348: setfield_gc(p17, p1, descr=<FieldP rpyeffect.stored_environment.Stack__4.inst_values_ptr_1 40 pure>)
+352: p22 = new_with_vtable(descr=<SizeDescr 24>)
+368: setfield_gc(p22, ConstPtr(ptr23), descr=<FieldP rpyeffect.region.Ref.inst_allocation_site 8 pure>)
+372: p24 = new_with_vtable(descr=<SizeDescr 16>)
+384: setfield_gc(p24, i9, descr=<FieldS rpyeffect.value.UnboxedIntValueRef.inst_value 8>)
+388: setfield_gc(p22, p24, descr=<FieldP rpyeffect.region.Ref.inst_value 16>)
+392: setfield_gc(p17, p22, descr=<FieldP rpyeffect.stored_environment.Stack__4.inst_values_ptr_2 48 pure>)
+396: p25 = new_with_vtable(descr=<SizeDescr 16>)
+408: setfield_gc(p25, i9, descr=<FieldS rpyeffect.value.IntValue.inst_value 8 pure>)
+412: setfield_gc(p17, p25, descr=<FieldP rpyeffect.stored_environment.Stack__4.inst_values_ptr_3 56 pure>)
+416: p26 = new_with_vtable(descr=<SizeDescr 16>)
+428: setfield_gc(p26, i9, descr=<FieldS rpyeffect.value.IntValue.inst_value 8 pure>)
+432: p27 = new_with_vtable(descr=<SizeDescr 40>)
+444: setfield_gc(p15, 161792, descr=<FieldS rpyeffect.stack.Label.inst_origin 8 pure>)
+456: setfield_gc(p16, p17, descr=<FieldP rpyeffect.stored_environment.Stack__arb.inst_tail 8 pure>)
+460: setfield_gc(p16, 145, descr=<FieldS rpyeffect.stored_environment.Stack__arb.inst_target 16 pure>)
+468: setfield_gc(p16, p2, descr=<FieldP rpyeffect.stored_environment.Stack__3.inst_values_ptr_0 32 pure>)
+472: setfield_gc(p16, p25, descr=<FieldP rpyeffect.stored_environment.Stack__3.inst_values_ptr_1 40 pure>)
+476: setfield_gc(p16, p26, descr=<FieldP rpyeffect.stored_environment.Stack__3.inst_values_ptr_2 48 pure>)
+480: setfield_gc(p27, p10, descr=<FieldP rpyeffect.stack.MetaStackLike.inst_stack 8 pure>)
+484: setfield_gc(p27, p6, descr=<FieldP rpyeffect.stack.MetaStack.inst_label 16 pure>)
+492: setfield_gc(p27, ConstPtr(null), descr=<FieldP rpyeffect.stack.MetaStack.inst_region 24 pure>)
+500: setfield_gc(p27, p7, descr=<FieldP rpyeffect.stack.MetaStack.inst_tail 32 pure>)
+536: jump(p15, p16, p0, p27, ConstPtr(ptr31), p2, p25, p26, p22, p26, ConstPtr(ptr32), p4, descr=TargetToken(4838068576))
+656: --end of the loop--
[7791b3] jit-log-opt-bridge}
[795dd3] {jit-log-opt-bridge
# bridge out of Guard 0x1205e7778 with 44 ops
[p0, p1, p2, p3, p4, p5, p6, i7, p8, p9, p10, p11]
+136: guard_false(i7, descr=<Guard0x1205e7a48>) [p0, p1, p2, p3, p4, p5, p6, i7, p8, p9, p10, p11]
+144: guard_nonnull(p9, descr=<Guard0x12061c8f0>) [p0, p1, p2, p3, p4, p5, p6, i7, p8, p9, p10, p11]
+152: i12 = getfield_gc_i(p9, descr=<FieldS rpyeffect.stored_environment.Stack__arb.inst_target 16 pure>)
+156: guard_not_invalidated(descr=<Guard0x12061c920>) [p0, p1, p2, p3, p4, p5, p6, i7, p8, p9, p10, p11]
+160: guard_value(i12, 150, descr=<Guard0x12061c950>) [p0, p1, p2, p3, p4, p5, p6, i7, p8, p9, p10, p11]
debug_merge_point(0, 0, '155<permute.rpyeffect:155([then#328])>+0: {"op": "Construct". "out": 0. "type": Interned(Unit). "tag": Interned(unit). "args": {"any": []}}')
debug_merge_point(0, 0, '155<permute.rpyeffect:155([then#328])>+1: {"op": "Return". "args": {"any": [0]}}')
+172: p14 = getfield_gc_r(p9, descr=<FieldP rpyeffect.stored_environment.Stack__4.inst_values_ptr_0 32 pure>)
+176: p15 = getfield_gc_r(p9, descr=<FieldP rpyeffect.stored_environment.Stack__4.inst_values_ptr_1 40 pure>)
+180: p16 = getfield_gc_r(p9, descr=<FieldP rpyeffect.stored_environment.Stack__4.inst_values_ptr_2 48 pure>)
+184: p17 = getfield_gc_r(p9, descr=<FieldP rpyeffect.stored_environment.Stack__4.inst_values_ptr_3 56 pure>)
+188: p18 = getfield_gc_r(p9, descr=<FieldP rpyeffect.stored_environment.Stack__arb.inst_tail 8 pure>)
+192: guard_nonnull(p18, descr=<Guard0x12061c980>) [p0, p1, p2, p3, p4, p5, p6, i7, p8, p9, p10, p11]
+200: i19 = getfield_gc_i(p18, descr=<FieldS rpyeffect.stored_environment.Stack__arb.inst_target 16 pure>)
+204: guard_value(i19, 156, descr=<Guard0x12061c9b0>) [p0, p1, p2, p3, p4, p5, p6, i7, p8, p9, p10, p11]
debug_merge_point(0, 0, '150<permute.rpyeffect:150([#303])>+0: {"op": "Load". "out": 0. "type": "any". "ref": 3}')
+216: p21 = getfield_gc_r(p16, descr=<FieldP rpyeffect.region.Ref.inst_allocation_site 8 pure>)
+224: guard_value(p21, ConstPtr(ptr22), descr=<Guard0x12061c9e0>) [p0, p1, p2, p3, p4, p5, p6, i7, p8, p9, p10, p11]
+232: p23 = getfield_gc_r(p16, descr=<FieldP rpyeffect.region.Ref.inst_value 16>)
+236: i24 = getfield_gc_i(p23, descr=<FieldS rpyeffect.value.UnboxedIntValueRef.inst_value 8>)
debug_merge_point(0, 0, '150<permute.rpyeffect:150([#303])>+1: {"op": "Push". "target": 149. "args": {"any": [1. 2. 3. 4]}}')
debug_merge_point(0, 0, '150<permute.rpyeffect:150([#303])>+2: {"op": "Copy". "type": "any". "from": 0. "to". 2}')
debug_merge_point(0, 0, '150<permute.rpyeffect:150([#303])>+3: {"op": "Copy". "type": "any". "from": 1. "to". 0}')
debug_merge_point(0, 0, '150<permute.rpyeffect:150([#303])>+4: {"op": "Copy". "type": "any". "from": 4. "to". 1}')
debug_merge_point(0, 0, '150<permute.rpyeffect:150([#303])>+5: {"op": "Jump". "target": 146}')
debug_merge_point(0, 0, '146<permute.rpyeffect:146(Name(swap2856))>+0: {"op": "Push". "target": 145. "args": {"any": [0. 1. 2]}}')
debug_merge_point(0, 0, '146<permute.rpyeffect:146(Name(swap2856))>+1: {"op": "Jump". "target": 12}')
debug_merge_point(0, 0, '12<permute.rpyeffect:12(Name(unsafeGet2049))>+0: {"op": "PrimOp". "name": "unsafeIndex(Array[Ptr]. Int): Ptr". "out": {"any": [0]}. "in": {"any": [0. 1]}}')
+240: p25 = new_with_vtable(descr=<SizeDescr 56>)
+344: p26 = new_with_vtable(descr=<SizeDescr 64>)
+356: setfield_gc(p26, p18, descr=<FieldP rpyeffect.stored_environment.Stack__arb.inst_tail 8 pure>)
+360: setfield_gc(p26, 149, descr=<FieldS rpyeffect.stored_environment.Stack__arb.inst_target 16 pure>)
+368: setfield_gc(p26, p14, descr=<FieldP rpyeffect.stored_environment.Stack__4.inst_values_ptr_0 32 pure>)
+372: setfield_gc(p26, p15, descr=<FieldP rpyeffect.stored_environment.Stack__4.inst_values_ptr_1 40 pure>)
+376: setfield_gc(p26, p16, descr=<FieldP rpyeffect.stored_environment.Stack__4.inst_values_ptr_2 48 pure>)
+380: setfield_gc(p26, p17, descr=<FieldP rpyeffect.stored_environment.Stack__4.inst_values_ptr_3 56 pure>)
+384: p28 = new_with_vtable(descr=<SizeDescr 16>)
+396: setfield_gc(p28, i24, descr=<FieldS rpyeffect.value.IntValue.inst_value 8 pure>)
+400: setfield_gc(p25, 145, descr=<FieldS rpyeffect.stored_environment.Stack__arb.inst_target 16 pure>)
+408: setfield_gc(p25, p26, descr=<FieldP rpyeffect.stored_environment.Stack__arb.inst_tail 8 pure>)
+412: setfield_gc(p25, p14, descr=<FieldP rpyeffect.stored_environment.Stack__3.inst_values_ptr_0 32 pure>)
+416: setfield_gc(p25, p17, descr=<FieldP rpyeffect.stored_environment.Stack__3.inst_values_ptr_1 40 pure>)
+420: setfield_gc(p25, p28, descr=<FieldP rpyeffect.stored_environment.Stack__3.inst_values_ptr_2 48 pure>)
+440: jump(p8, p25, p0, p10, p11, p14, p17, p28, p16, p17, p5, p6, descr=TargetToken(4838068576))
+544: --end of the loop--
[79cbd9] jit-log-opt-bridge}
[818975] {jit-log-opt-bridge
# bridge out of Guard 0x12061c3e0 with 83 ops
[p0, p1, p2, p3, p4, p5, i6, p7, p8, p9, p10]
+184: guard_false(i6, descr=<Guard0x120632068>) [p0, p1, p2, p3, p4, p5, i6, p7, p8, p9, p10]
+192: guard_nonnull_class(p8, ConstClass(Stack__0), descr=<Guard0x1206320b0>) [p0, p1, p2, p3, p4, p5, i6, p7, p8, p9, p10]
+216: i12 = getfield_gc_i(p8, descr=<FieldS rpyeffect.stored_environment.Stack__arb.inst_target 16 pure>)
+220: guard_not_invalidated(descr=<Guard0x12061dcd0>) [p0, p1, p2, p3, p4, p5, i6, p7, p8, p9, p10]
+224: guard_value(i12, 156, descr=<Guard0x12061dd00>) [p0, p1, p2, p3, p4, p5, i6, p7, p8, p9, p10]
debug_merge_point(0, 0, '147<permute.rpyeffect:147([then#297])>+0: {"op": "Construct". "out": 0. "type": Interned(Unit). "tag": Interned(unit). "args": {"any": []}}')
debug_merge_point(0, 0, '147<permute.rpyeffect:147([then#297])>+1: {"op": "Return". "args": {"any": [0]}}')
+236: p14 = getfield_gc_r(p8, descr=<FieldP rpyeffect.stored_environment.Stack__arb.inst_tail 8 pure>)
debug_merge_point(0, 0, '156<permute.rpyeffect:156([return_clause@[#335]#339])>+0: {"op": "Return". "args": {"any": [0]}}')
+240: guard_isnull(p14, descr=<Guard0x12061dd30>) [p0, p1, p2, p3, p4, p5, i6, p7, p8, p9, p10]
+248: guard_nonnull_class(p9, 4302251672, descr=<Guard0x1206320f8>) [p0, p1, p2, p3, p4, p5, i6, p7, p8, p9, p10]
+272: p16 = getfield_gc_r(p9, descr=<FieldP rpyeffect.stack.MetaStackLike.inst_stack 8 pure>)
+276: p17 = getfield_gc_r(p9, descr=<FieldP rpyeffect.stack.MetaStack.inst_label 16 pure>)
+280: p18 = getfield_gc_r(p9, descr=<FieldP rpyeffect.stack.MetaStack.inst_tail 32 pure>)
+284: guard_nonnull(p16, descr=<Guard0x12061dd60>) [p0, p1, p2, p3, p4, p5, i6, p7, p8, p9, p10]
+292: i19 = getfield_gc_i(p16, descr=<FieldS rpyeffect.stored_environment.Stack__arb.inst_target 16 pure>)
+296: guard_value(i19, 158, descr=<Guard0x12061dd90>) [p0, p1, p2, p3, p4, p5, i6, p7, p8, p9, p10]
+308: p21 = getfield_gc_r(p16, descr=<FieldP rpyeffect.stored_environment.Stack__3.inst_values_ptr_0 32 pure>)
+312: p22 = getfield_gc_r(p16, descr=<FieldP rpyeffect.stored_environment.Stack__3.inst_values_ptr_1 40 pure>)
+316: p23 = getfield_gc_r(p16, descr=<FieldP rpyeffect.stored_environment.Stack__3.inst_values_ptr_2 48 pure>)
+320: p24 = getfield_gc_r(p16, descr=<FieldP rpyeffect.stored_environment.Stack__arb.inst_tail 8 pure>)
debug_merge_point(0, 0, '158<permute.rpyeffect:158([#335])>+0: {"op": "PrimOp". "name": "freshlabel". "out": {"any": [0]}. "in": {"any": []}}')
debug_merge_point(0, 0, '158<permute.rpyeffect:158([#335])>+1: {"op": "NewStack". "out": 0. "target": 156. "region": 4. "args": {"any": []}. "label": 0}')
debug_merge_point(0, 0, '158<permute.rpyeffect:158([#335])>+2: {"op": "PushStack". "arg": 0}')
debug_merge_point(0, 0, '158<permute.rpyeffect:158([#335])>+3: {"op": "Allocate". "out": 0. "type": "any". "init": 3. "region": 4}')
+324: guard_class(p23, ConstClass(IntValue), descr=<Guard0x12061ddc0>) [p0, p1, p2, p3, p4, p5, i6, p7, p8, p9, p10]
+340: i26 = getfield_gc_i(p23, descr=<FieldS rpyeffect.value.IntValue.inst_value 8 pure>)
debug_merge_point(0, 0, '158<permute.rpyeffect:158([#335])>+4: {"op": "Swap". "type": "any". "a": 0. "b". 1}')
debug_merge_point(0, 0, '158<permute.rpyeffect:158([#335])>+5: {"op": "Swap". "type": "any". "a": 2. "b". 1}')
debug_merge_point(0, 0, '158<permute.rpyeffect:158([#335])>+6: {"op": "Jump". "target": 153}')
debug_merge_point(0, 0, '153<permute.rpyeffect:153(Name(b_whileLoop_29223991))>+0: {"op": "Load". "out": 4. "type": "any". "ref": 2}')
debug_merge_point(0, 0, '153<permute.rpyeffect:153(Name(b_whileLoop_29223991))>+1: {"op": "Const". "type": "ptr". "out": 5. "format": "int". "value": "<IntValue object at 0x1205dd420>"}')
debug_merge_point(0, 0, '153<permute.rpyeffect:153(Name(b_whileLoop_29223991))>+2: {"op": "Push". "target": 152. "args": {"any": [0. 1. 2. 3]}}')
debug_merge_point(0, 0, '153<permute.rpyeffect:153(Name(b_whileLoop_29223991))>+3: {"op": "Copy". "type": "any". "from": 5. "to". 1}')
debug_merge_point(0, 0, '153<permute.rpyeffect:153(Name(b_whileLoop_29223991))>+4: {"op": "Copy". "type": "any". "from": 4. "to". 0}')
debug_merge_point(0, 0, '153<permute.rpyeffect:153(Name(b_whileLoop_29223991))>+5: {"op": "Jump". "target": 10}')
debug_merge_point(0, 0, '10<permute.rpyeffect:10(Name(infixGte187))>+0: {"op": "PrimOp". "name": "infixGte(Int. Int): Boolean". "out": {"any": [0]}. "in": {"any": [0. 1]}}')
+344: i28 = int_ge(i26, 0)
debug_merge_point(0, 0, '10<permute.rpyeffect:10(Name(infixGte187))>+1: {"op": "Return". "args": {"any": [0]}}')
debug_merge_point(0, 0, '152<permute.rpyeffect:152([k@Name(b_whileLoop_29223991)#295])>+0: {"op": "Swap". "type": "any". "a": 2. "b". 4}')
debug_merge_point(0, 0, '152<permute.rpyeffect:152([k@Name(b_whileLoop_29223991)#295])>+1: {"op": "Swap". "type": "any". "a": 0. "b". 4}')
debug_merge_point(0, 0, '152<permute.rpyeffect:152([k@Name(b_whileLoop_29223991)#295])>+2: {"op": "IfZero". "cond": 4. "then": {"tag": null. "target": 147. "args": {"any": []}}}')
guard_true(i28, descr=<Guard0x12061ddf0>) [p0, p1, p2, p3, p4, p5, i6, p7, p8, p9, p10]
debug_merge_point(0, 0, '152<permute.rpyeffect:152([k@Name(b_whileLoop_29223991)#295])>+3: {"op": "Load". "out": 4. "type": "any". "ref": 3}')
debug_merge_point(0, 0, '152<permute.rpyeffect:152([k@Name(b_whileLoop_29223991)#295])>+4: {"op": "Push". "target": 151. "args": {"any": [1. 0. 3. 2]}}')
debug_merge_point(0, 0, '152<permute.rpyeffect:152([k@Name(b_whileLoop_29223991)#295])>+5: {"op": "Copy". "type": "any". "from": 1. "to". 0}')
debug_merge_point(0, 0, '152<permute.rpyeffect:152([k@Name(b_whileLoop_29223991)#295])>+6: {"op": "Copy". "type": "any". "from": 2. "to". 1}')
debug_merge_point(0, 0, '152<permute.rpyeffect:152([k@Name(b_whileLoop_29223991)#295])>+7: {"op": "Copy". "type": "any". "from": 4. "to". 2}')
debug_merge_point(0, 0, '152<permute.rpyeffect:152([k@Name(b_whileLoop_29223991)#295])>+8: {"op": "Jump". "target": 146}')
debug_merge_point(0, 0, '146<permute.rpyeffect:146(Name(swap2856))>+0: {"op": "Push". "target": 145. "args": {"any": [0. 1. 2]}}')
debug_merge_point(0, 0, '146<permute.rpyeffect:146(Name(swap2856))>+1: {"op": "Jump". "target": 12}')
debug_merge_point(0, 0, '12<permute.rpyeffect:12(Name(unsafeGet2049))>+0: {"op": "PrimOp". "name": "unsafeIndex(Array[Ptr]. Int): Ptr". "out": {"any": [0]}. "in": {"any": [0. 1]}}')
+352: p29 = new_with_vtable(descr=<SizeDescr 16>)
+456: p30 = new_with_vtable(descr=<SizeDescr 56>)
+468: p31 = new_with_vtable(descr=<SizeDescr 64>)
+480: p32 = new_with_vtable(descr=<SizeDescr 32>)
+492: setfield_gc(p32, ConstPtr(null), descr=<FieldP rpyeffect.stored_environment.Stack__arb.inst_tail 8 pure>)
+500: setfield_gc(p32, 156, descr=<FieldS rpyeffect.stored_environment.Stack__arb.inst_target 16 pure>)
+508: setfield_gc(p31, p32, descr=<FieldP rpyeffect.stored_environment.Stack__arb.inst_tail 8 pure>)
+512: setfield_gc(p31, 151, descr=<FieldS rpyeffect.stored_environment.Stack__arb.inst_target 16 pure>)
+520: setfield_gc(p31, p21, descr=<FieldP rpyeffect.stored_environment.Stack__4.inst_values_ptr_0 32 pure>)
+524: setfield_gc(p31, p22, descr=<FieldP rpyeffect.stored_environment.Stack__4.inst_values_ptr_1 40 pure>)
+528: p36 = new_with_vtable(descr=<SizeDescr 24>)
+544: setfield_gc(p36, ConstPtr(ptr37), descr=<FieldP rpyeffect.region.Ref.inst_allocation_site 8 pure>)
+548: p38 = new_with_vtable(descr=<SizeDescr 16>)
+560: setfield_gc(p38, i26, descr=<FieldS rpyeffect.value.UnboxedIntValueRef.inst_value 8>)
+564: setfield_gc(p36, p38, descr=<FieldP rpyeffect.region.Ref.inst_value 16>)
+568: setfield_gc(p31, p36, descr=<FieldP rpyeffect.stored_environment.Stack__4.inst_values_ptr_2 48 pure>)
+572: setfield_gc(p31, p23, descr=<FieldP rpyeffect.stored_environment.Stack__4.inst_values_ptr_3 56 pure>)
+576: p39 = new_with_vtable(descr=<SizeDescr 16>)
+588: setfield_gc(p39, i26, descr=<FieldS rpyeffect.value.IntValue.inst_value 8 pure>)
+592: p40 = new_with_vtable(descr=<SizeDescr 40>)
+604: setfield_gc(p30, 145, descr=<FieldS rpyeffect.stored_environment.Stack__arb.inst_target 16 pure>)
+612: setfield_gc(p30, p31, descr=<FieldP rpyeffect.stored_environment.Stack__arb.inst_tail 8 pure>)
+616: setfield_gc(p40, p24, descr=<FieldP rpyeffect.stack.MetaStackLike.inst_stack 8 pure>)
+620: setfield_gc(p40, p17, descr=<FieldP rpyeffect.stack.MetaStack.inst_label 16 pure>)
+624: setfield_gc(p40, p18, descr=<FieldP rpyeffect.stack.MetaStack.inst_tail 32 pure>)
+628: setfield_gc(p30, p21, descr=<FieldP rpyeffect.stored_environment.Stack__3.inst_values_ptr_0 32 pure>)
+632: setfield_gc(p30, p23, descr=<FieldP rpyeffect.stored_environment.Stack__3.inst_values_ptr_1 40 pure>)
+636: setfield_gc(p30, p39, descr=<FieldP rpyeffect.stored_environment.Stack__3.inst_values_ptr_2 48 pure>)
+640: setfield_gc(p29, 161792, descr=<FieldS rpyeffect.stack.Label.inst_origin 8 pure>)
+652: setfield_gc(p40, ConstPtr(null), descr=<FieldP rpyeffect.stack.MetaStack.inst_region 24 pure>)
+692: jump(p29, p30, p0, p40, ConstPtr(ptr44), p21, p23, p39, p36, p39, ConstPtr(ptr45), p5, descr=TargetToken(4838068576))
+752: --end of the loop--
[8249ad] jit-log-opt-bridge}
[1aa9c13] {jit-log-opt-loop
# Loop 10 (9<permute.rpyeffect:9(Name(infixLt178))>+0: {"op": "PrimOp", "name": "infixLt(Int, Int): Boolean", "out": {"any": [0]}, "in": {"any": [0, 1]}}) : loop with 95 ops
[p0, p1, p2, p3, p4]
+232: p5 = getfield_gc_r(p2, descr=<FieldP rpyeffect.environment.Environment.inst_values_ptr 16>)
+240: p7 = getarrayitem_gc_r(p5, 0, descr=<ArrayP 8>)
+244: p9 = getarrayitem_gc_r(p5, 1, descr=<ArrayP 8>)
+248: p11 = getarrayitem_gc_r(p5, 2, descr=<ArrayP 8>)
+252: p13 = getarrayitem_gc_r(p5, 3, descr=<ArrayP 8>)
+256: p15 = getarrayitem_gc_r(p5, 4, descr=<ArrayP 8>)
+260: p17 = getarrayitem_gc_r(p5, 5, descr=<ArrayP 8>)
+264: p19 = getarrayitem_gc_r(p5, 6, descr=<ArrayP 8>)
+268: label(p0, p1, p2, p3, p4, p7, p9, p11, p13, p15, p17, p19, descr=TargetToken(4838438432))
debug_merge_point(0, 0, '9<permute.rpyeffect:9(Name(infixLt178))>+0: {"op": "PrimOp". "name": "infixLt(Int. Int): Boolean". "out": {"any": [0]}. "in": {"any": [0. 1]}}')
+288: guard_not_invalidated(descr=<Guard0x120632140>) [p2, p7, p9, p11, p13, p15, p17, p19, p0, p1, p3, p4]
+292: i20 = getfield_gc_i(p7, descr=<FieldS rpyeffect.value.IntValue.inst_value 8 pure>)
+296: i21 = getfield_gc_i(p9, descr=<FieldS rpyeffect.value.IntValue.inst_value 8 pure>)
+300: i22 = int_lt(i20, i21)
debug_merge_point(0, 0, '9<permute.rpyeffect:9(Name(infixLt178))>+1: {"op": "Return". "args": {"any": [0]}}')
+308: guard_nonnull(p1, descr=<Guard0x120650170>) [p2, p7, p9, p11, p13, p15, p17, p19, p0, p1, p3, p4]
+320: i23 = getfield_gc_i(p1, descr=<FieldS rpyeffect.stored_environment.Stack__arb.inst_target 16 pure>)
+328: guard_value(i23, 33, descr=<Guard0x1206501a0>) [p2, p7, p9, p11, p13, p15, p17, p19, p0, p1, p3, p4]
+340: p25 = getfield_gc_r(p1, descr=<FieldP rpyeffect.stored_environment.Stack__3.inst_values_ptr_0 32 pure>)
+344: p26 = getfield_gc_r(p1, descr=<FieldP rpyeffect.stored_environment.Stack__3.inst_values_ptr_1 40 pure>)
+348: p27 = getfield_gc_r(p1, descr=<FieldP rpyeffect.stored_environment.Stack__3.inst_values_ptr_2 48 pure>)
+352: p28 = getfield_gc_r(p1, descr=<FieldP rpyeffect.stored_environment.Stack__arb.inst_tail 8 pure>)
debug_merge_point(0, 0, '33<permute.rpyeffect:33([k@Name(loop388)#18])>+0: {"op": "Swap". "type": "any". "a": 2. "b". 1}')
debug_merge_point(0, 0, '33<permute.rpyeffect:33([k@Name(loop388)#18])>+1: {"op": "Swap". "type": "any". "a": 0. "b". 1}')
debug_merge_point(0, 0, '33<permute.rpyeffect:33([k@Name(loop388)#18])>+2: {"op": "IfZero". "cond": 1. "then": {"tag": null. "target": 29. "args": {"any": []}}}')
+356: guard_true(i22, descr=<Guard0x1206501d0>) [p2, p7, p9, p11, p13, p15, p17, p19, p0, p1, p3, p4]
debug_merge_point(0, 0, '33<permute.rpyeffect:33([k@Name(loop388)#18])>+3: {"op": "Push". "target": 32. "args": {"any": [2. 0. 3]}}')
debug_merge_point(0, 0, '33<permute.rpyeffect:33([k@Name(loop388)#18])>+4: {"op": "Copy". "type": "any". "from": 3. "to". 0}')
debug_merge_point(0, 0, '33<permute.rpyeffect:33([k@Name(loop388)#18])>+5: {"op": "Invoke". "receiver": 2. "tag": Interned(apply). "args" : {"any": [0]}}')
+364: p29 = getfield_gc_r(p25, descr=<FieldP rpyeffect.codata.CoData.inst_vtable 8 pure>)
+372: guard_value(p29, ConstPtr(ptr30), descr=<Guard0x120650200>) [p2, p7, p9, p11, p13, p15, p17, p19, p0, p1, p3, p4]
+380: p31 = getfield_gc_r(p25, descr=<FieldP rpyeffect.stored_environment.CoData__2.inst_values_ptr_0 24 pure>)
+384: p32 = getfield_gc_r(p25, descr=<FieldP rpyeffect.stored_environment.CoData__2.inst_values_ptr_1 32 pure>)
debug_merge_point(0, 0, '69<permute.rpyeffect:69([method_apply@[k@Name(array2039)#89]#94])>+0: {"op": "Jump". "target": 68}')
debug_merge_point(0, 0, '68<permute.rpyeffect:68([mcore:[#18]#85])>+0: {"op": "Swap". "type": "any". "a": 2. "b". 1}')
debug_merge_point(0, 0, '68<permute.rpyeffect:68([mcore:[#18]#85])>+1: {"op": "Swap". "type": "any". "a": 0. "b". 1}')
debug_merge_point(0, 0, '68<permute.rpyeffect:68([mcore:[#18]#85])>+2: {"op": "Jump". "target": 13}')
debug_merge_point(0, 0, '13<permute.rpyeffect:13(Name(unsafeSet2054))>+0: {"op": "PrimOp". "name": "unsafeSet(Array[Top]. Int. Top): Unit". "out": {"any": [0]}. "in": {"any": [0. 1. 2]}}')
+388: p33 = getfield_gc_r(p32, descr=<FieldP rpyeffect.value.ArrayValue.inst_value 8 pure>)
+392: i34 = getfield_gc_i(p27, descr=<FieldS rpyeffect.value.IntValue.inst_value 8 pure>)
+396: i36 = int_lt(i34, 0)
guard_false(i36, descr=<Guard0x120650230>) [p2, p7, p9, p11, p13, p15, p17, p19, p0, p1, p3, p4]
+524: setarrayitem_gc(p33, i34, p31, descr=<ArrayP 8>)
debug_merge_point(0, 0, '13<permute.rpyeffect:13(Name(unsafeSet2054))>+1: {"op": "Return". "args": {"any": [0]}}')
debug_merge_point(0, 0, '32<permute.rpyeffect:32([k@[k@Name(loop388)#18]#25])>+0: {"op": "Const". "type": "ptr". "out": 0. "format": "int". "value": "<IntValue object at 0x1205dca10>"}')
debug_merge_point(0, 0, '32<permute.rpyeffect:32([k@[k@Name(loop388)#18]#25])>+1: {"op": "Push". "target": 31. "args": {"any": [1. 2]}}')
debug_merge_point(0, 0, '32<permute.rpyeffect:32([k@[k@Name(loop388)#18]#25])>+2: {"op": "Copy". "type": "any". "from": 0. "to". 1}')
debug_merge_point(0, 0, '32<permute.rpyeffect:32([k@[k@Name(loop388)#18]#25])>+3: {"op": "Copy". "type": "any". "from": 3. "to". 0}')
debug_merge_point(0, 0, '32<permute.rpyeffect:32([k@[k@Name(loop388)#18]#25])>+4: {"op": "Jump". "target": 6}')
debug_merge_point(0, 0, '6<permute.rpyeffect:6(Name(infixAdd96))>+0: {"op": "PrimOp". "name": "infixAdd(Int. Int): Int". "out": {"any": [0]}. "in": {"any": [0. 1]}}')
+532: i38 = int_add(i34, 1)
debug_merge_point(0, 0, '6<permute.rpyeffect:6(Name(infixAdd96))>+1: {"op": "Return". "args": {"any": [0]}}')
debug_merge_point(0, 0, '31<permute.rpyeffect:31([k@[k@[k@Name(loop388)#18]#25]#29])>+0: {"op": "Jump". "target": 34}')
debug_merge_point(0, 0, '34<permute.rpyeffect:34(Name(loop388))>+0: {"op": "Push". "target": 33. "args": {"any": [1. 2. 0]}}')
debug_merge_point(0, 0, '34<permute.rpyeffect:34(Name(loop388))>+1: {"op": "Copy". "type": "any". "from": 2. "to". 1}')
debug_merge_point(0, 0, '34<permute.rpyeffect:34(Name(loop388))>+2: {"op": "Jump". "target": 9}')
debug_merge_point(0, 0, '9<permute.rpyeffect:9(Name(infixLt178))>+0: {"op": "PrimOp". "name": "infixLt(Int. Int): Boolean". "out": {"any": [0]}. "in": {"any": [0. 1]}}')
+536: label(p0, p28, p25, p26, i38, p2, p3, p4, p27, p15, p17, p19, p32, p33, p31, descr=TargetToken(4838438496))
debug_merge_point(0, 0, '9<permute.rpyeffect:9(Name(infixLt178))>+0: {"op": "PrimOp". "name": "infixLt(Int. Int): Boolean". "out": {"any": [0]}. "in": {"any": [0. 1]}}')
+552: guard_not_invalidated(descr=<Guard0x120632188>) [p2, p26, p27, p15, p17, p19, p0, p3, p4, p25, p28, i38]
+556: i39 = getfield_gc_i(p26, descr=<FieldS rpyeffect.value.IntValue.inst_value 8 pure>)
+560: i40 = int_lt(i38, i39)
debug_merge_point(0, 0, '9<permute.rpyeffect:9(Name(infixLt178))>+1: {"op": "Return". "args": {"any": [0]}}')
debug_merge_point(0, 0, '33<permute.rpyeffect:33([k@Name(loop388)#18])>+0: {"op": "Swap". "type": "any". "a": 2. "b". 1}')
debug_merge_point(0, 0, '33<permute.rpyeffect:33([k@Name(loop388)#18])>+1: {"op": "Swap". "type": "any". "a": 0. "b". 1}')
debug_merge_point(0, 0, '33<permute.rpyeffect:33([k@Name(loop388)#18])>+2: {"op": "IfZero". "cond": 1. "then": {"tag": null. "target": 29. "args": {"any": []}}}')
guard_true(i40, descr=<Guard0x120650260>) [p2, p26, p27, p15, p17, p19, p0, p3, p4, p25, p28, i38]
debug_merge_point(0, 0, '33<permute.rpyeffect:33([k@Name(loop388)#18])>+3: {"op": "Push". "target": 32. "args": {"any": [2. 0. 3]}}')
debug_merge_point(0, 0, '33<permute.rpyeffect:33([k@Name(loop388)#18])>+4: {"op": "Copy". "type": "any". "from": 3. "to". 0}')
debug_merge_point(0, 0, '33<permute.rpyeffect:33([k@Name(loop388)#18])>+5: {"op": "Invoke". "receiver": 2. "tag": Interned(apply). "args" : {"any": [0]}}')
debug_merge_point(0, 0, '69<permute.rpyeffect:69([method_apply@[k@Name(array2039)#89]#94])>+0: {"op": "Jump". "target": 68}')
debug_merge_point(0, 0, '68<permute.rpyeffect:68([mcore:[#18]#85])>+0: {"op": "Swap". "type": "any". "a": 2. "b". 1}')
debug_merge_point(0, 0, '68<permute.rpyeffect:68([mcore:[#18]#85])>+1: {"op": "Swap". "type": "any". "a": 0. "b". 1}')
debug_merge_point(0, 0, '68<permute.rpyeffect:68([mcore:[#18]#85])>+2: {"op": "Jump". "target": 13}')
debug_merge_point(0, 0, '13<permute.rpyeffect:13(Name(unsafeSet2054))>+0: {"op": "PrimOp". "name": "unsafeSet(Array[Top]. Int. Top): Unit". "out": {"any": [0]}. "in": {"any": [0. 1. 2]}}')
+568: i42 = int_lt(i38, 0)
guard_false(i42, descr=<Guard0x120650290>) [p2, p26, p27, p15, p17, p19, p0, p3, p4, p25, p28, i38]
+696: setarrayitem_gc(p33, i38, p31, descr=<ArrayP 8>)
debug_merge_point(0, 0, '13<permute.rpyeffect:13(Name(unsafeSet2054))>+1: {"op": "Return". "args": {"any": [0]}}')
debug_merge_point(0, 0, '32<permute.rpyeffect:32([k@[k@Name(loop388)#18]#25])>+0: {"op": "Const". "type": "ptr". "out": 0. "format": "int". "value": "<IntValue object at 0x1205dca10>"}')
debug_merge_point(0, 0, '32<permute.rpyeffect:32([k@[k@Name(loop388)#18]#25])>+1: {"op": "Push". "target": 31. "args": {"any": [1. 2]}}')
debug_merge_point(0, 0, '32<permute.rpyeffect:32([k@[k@Name(loop388)#18]#25])>+2: {"op": "Copy". "type": "any". "from": 0. "to". 1}')
debug_merge_point(0, 0, '32<permute.rpyeffect:32([k@[k@Name(loop388)#18]#25])>+3: {"op": "Copy". "type": "any". "from": 3. "to". 0}')
debug_merge_point(0, 0, '32<permute.rpyeffect:32([k@[k@Name(loop388)#18]#25])>+4: {"op": "Jump". "target": 6}')
debug_merge_point(0, 0, '6<permute.rpyeffect:6(Name(infixAdd96))>+0: {"op": "PrimOp". "name": "infixAdd(Int. Int): Int". "out": {"any": [0]}. "in": {"any": [0. 1]}}')
+704: i44 = int_add(i38, 1)
debug_merge_point(0, 0, '6<permute.rpyeffect:6(Name(infixAdd96))>+1: {"op": "Return". "args": {"any": [0]}}')
debug_merge_point(0, 0, '31<permute.rpyeffect:31([k@[k@[k@Name(loop388)#18]#25]#29])>+0: {"op": "Jump". "target": 34}')
debug_merge_point(0, 0, '34<permute.rpyeffect:34(Name(loop388))>+0: {"op": "Push". "target": 33. "args": {"any": [1. 2. 0]}}')
debug_merge_point(0, 0, '34<permute.rpyeffect:34(Name(loop388))>+1: {"op": "Copy". "type": "any". "from": 2. "to". 1}')
debug_merge_point(0, 0, '34<permute.rpyeffect:34(Name(loop388))>+2: {"op": "Jump". "target": 9}')
debug_merge_point(0, 0, '9<permute.rpyeffect:9(Name(infixLt178))>+0: {"op": "PrimOp". "name": "infixLt(Int. Int): Boolean". "out": {"any": [0]}. "in": {"any": [0. 1]}}')
+708: p45 = new_with_vtable(descr=<SizeDescr 16>)
+812: setfield_gc(p45, i38, descr=<FieldS rpyeffect.value.IntValue.inst_value 8 pure>)
+816: jump(p0, p28, p25, p26, i44, p2, p3, p4, p45, p15, p17, p19, p32, p33, p31, descr=TargetToken(4838438496))
+828: --end of the loop--
[1acc288] jit-log-opt-loop}
[270040c] {jit-log-opt-bridge
# bridge out of Guard 0x12061dd90 with 67 ops
[p0, p1, p2, p3, p4, p5, i6, p7, p8, p9, p10]
+216: guard_false(i6, descr=<Guard0x120632218>) [p0, p1, p2, p3, p4, p5, i6, p7, p8, p9, p10]
+224: guard_nonnull_class(p8, ConstClass(Stack__0), descr=<Guard0x120632260>) [p0, p1, p2, p3, p4, p5, i6, p7, p8, p9, p10]
+248: i12 = getfield_gc_i(p8, descr=<FieldS rpyeffect.stored_environment.Stack__arb.inst_target 16 pure>)
+252: guard_not_invalidated(descr=<Guard0x120650740>) [p0, p1, p2, p3, p4, p5, i6, p7, p8, p9, p10]
+256: guard_value(i12, 156, descr=<Guard0x120650770>) [p0, p1, p2, p3, p4, p5, i6, p7, p8, p9, p10]
debug_merge_point(0, 0, '147<permute.rpyeffect:147([then#297])>+0: {"op": "Construct". "out": 0. "type": Interned(Unit). "tag": Interned(unit). "args": {"any": []}}')
debug_merge_point(0, 0, '147<permute.rpyeffect:147([then#297])>+1: {"op": "Return". "args": {"any": [0]}}')
+268: p14 = getfield_gc_r(p8, descr=<FieldP rpyeffect.stored_environment.Stack__arb.inst_tail 8 pure>)
debug_merge_point(0, 0, '156<permute.rpyeffect:156([return_clause@[#335]#339])>+0: {"op": "Return". "args": {"any": [0]}}')
+272: guard_isnull(p14, descr=<Guard0x1206507a0>) [p0, p1, p2, p3, p4, p5, i6, p7, p8, p9, p10]
+280: guard_nonnull_class(p9, 4302251672, descr=<Guard0x1206322a8>) [p0, p1, p2, p3, p4, p5, i6, p7, p8, p9, p10]
+304: p16 = getfield_gc_r(p9, descr=<FieldP rpyeffect.stack.MetaStackLike.inst_stack 8 pure>)
+308: p17 = getfield_gc_r(p9, descr=<FieldP rpyeffect.stack.MetaStack.inst_label 16 pure>)
+312: p18 = getfield_gc_r(p9, descr=<FieldP rpyeffect.stack.MetaStack.inst_tail 32 pure>)
+316: guard_nonnull(p16, descr=<Guard0x1206507d0>) [p0, p1, p2, p3, p4, p5, i6, p7, p8, p9, p10]
+324: i19 = getfield_gc_i(p16, descr=<FieldS rpyeffect.stored_environment.Stack__arb.inst_target 16 pure>)
+328: guard_value(i19, 163, descr=<Guard0x120650800>) [p0, p1, p2, p3, p4, p5, i6, p7, p8, p9, p10]
+340: p21 = getfield_gc_r(p16, descr=<FieldP rpyeffect.stored_environment.Stack__1.inst_values_ptr_0 32 pure>)
+344: p22 = getfield_gc_r(p16, descr=<FieldP rpyeffect.stored_environment.Stack__arb.inst_tail 8 pure>)
debug_merge_point(0, 0, '163<permute.rpyeffect:163([k@[k@Name(run2858)#346]#348])>+0: {"op": "Load". "out": 0. "type": "any". "ref": 1}')
+348: p23 = getfield_gc_r(p21, descr=<FieldP rpyeffect.region.Ref.inst_allocation_site 8 pure>)
+356: guard_value(p23, ConstPtr(ptr24), descr=<Guard0x120650830>) [p0, p1, p2, p3, p4, p5, i6, p7, p8, p9, p10]
+364: p25 = getfield_gc_r(p21, descr=<FieldP rpyeffect.region.Ref.inst_value 16>)
+364: i26 = getfield_gc_i(p25, descr=<FieldS rpyeffect.value.UnboxedIntValueRef.inst_value 8>)
debug_merge_point(0, 0, '163<permute.rpyeffect:163([k@[k@Name(run2858)#346]#348])>+1: {"op": "Return". "args": {"any": [0]}}')
+364: guard_nonnull(p22, descr=<Guard0x120650860>) [p0, p1, p2, p3, p4, p5, i6, p7, p8, p9, p10]
+372: i27 = getfield_gc_i(p22, descr=<FieldS rpyeffect.stored_environment.Stack__arb.inst_target 16 pure>)
+376: guard_value(i27, 175, descr=<Guard0x120650890>) [p0, p1, p2, p3, p4, p5, i6, p7, p8, p9, p10]
+388: p29 = getfield_gc_r(p22, descr=<FieldP rpyeffect.stored_environment.Stack__arb.inst_tail 8 pure>)
debug_merge_point(0, 0, '175<permute.rpyeffect:175([k@[mcore:[#83]#367]#371])>+0: {"op": "Jump". "target": 186}')
debug_merge_point(0, 0, '186<permute.rpyeffect:186(Name(relevant2861))>+0: {"op": "Construct". "out": 0. "type": Interned(Unit). "tag": Interned(unit). "args": {"any": []}}')
debug_merge_point(0, 0, '186<permute.rpyeffect:186(Name(relevant2861))>+1: {"op": "Return". "args": {"any": [0]}}')
+392: guard_nonnull(p29, descr=<Guard0x1206508c0>) [p0, p1, p2, p3, p4, p5, i6, p7, p8, p9, p10]
+400: i30 = getfield_gc_i(p29, descr=<FieldS rpyeffect.stored_environment.Stack__arb.inst_target 16 pure>)
+404: guard_value(i30, 32, descr=<Guard0x1206508f0>) [p0, p1, p2, p3, p4, p5, i6, p7, p8, p9, p10]
+416: p32 = getfield_gc_r(p29, descr=<FieldP rpyeffect.stored_environment.Stack__3.inst_values_ptr_0 32 pure>)
+420: p33 = getfield_gc_r(p29, descr=<FieldP rpyeffect.stored_environment.Stack__3.inst_values_ptr_1 40 pure>)
+424: p34 = getfield_gc_r(p29, descr=<FieldP rpyeffect.stored_environment.Stack__3.inst_values_ptr_2 48 pure>)
+428: p35 = getfield_gc_r(p29, descr=<FieldP rpyeffect.stored_environment.Stack__arb.inst_tail 8 pure>)
+432: guard_nonnull(p35, descr=<Guard0x120650920>) [p0, p1, p2, p3, p4, p5, i6, p7, p8, p9, p10]
+440: i36 = getfield_gc_i(p35, descr=<FieldS rpyeffect.stored_environment.Stack__arb.inst_target 16 pure>)
+444: guard_value(i36, 182, descr=<Guard0x120650950>) [p0, p1, p2, p3, p4, p5, i6, p7, p8, p9, p10]
debug_merge_point(0, 0, '32<permute.rpyeffect:32([k@[k@Name(loop388)#18]#25])>+0: {"op": "Const". "type": "ptr". "out": 0. "format": "int". "value": "<IntValue object at 0x1205dca10>"}')
debug_merge_point(0, 0, '32<permute.rpyeffect:32([k@[k@Name(loop388)#18]#25])>+1: {"op": "Push". "target": 31. "args": {"any": [1. 2]}}')
debug_merge_point(0, 0, '32<permute.rpyeffect:32([k@[k@Name(loop388)#18]#25])>+2: {"op": "Copy". "type": "any". "from": 0. "to". 1}')
debug_merge_point(0, 0, '32<permute.rpyeffect:32([k@[k@Name(loop388)#18]#25])>+3: {"op": "Copy". "type": "any". "from": 3. "to". 0}')
debug_merge_point(0, 0, '32<permute.rpyeffect:32([k@[k@Name(loop388)#18]#25])>+4: {"op": "Jump". "target": 6}')
debug_merge_point(0, 0, '6<permute.rpyeffect:6(Name(infixAdd96))>+0: {"op": "PrimOp". "name": "infixAdd(Int. Int): Int". "out": {"any": [0]}. "in": {"any": [0. 1]}}')
+456: i38 = getfield_gc_i(p34, descr=<FieldS rpyeffect.value.IntValue.inst_value 8 pure>)
+460: i40 = int_add(i38, 1)
debug_merge_point(0, 0, '6<permute.rpyeffect:6(Name(infixAdd96))>+1: {"op": "Return". "args": {"any": [0]}}')
debug_merge_point(0, 0, '31<permute.rpyeffect:31([k@[k@[k@Name(loop388)#18]#25]#29])>+0: {"op": "Jump". "target": 34}')
debug_merge_point(0, 0, '34<permute.rpyeffect:34(Name(loop388))>+0: {"op": "Push". "target": 33. "args": {"any": [1. 2. 0]}}')
debug_merge_point(0, 0, '34<permute.rpyeffect:34(Name(loop388))>+1: {"op": "Copy". "type": "any". "from": 2. "to". 1}')
debug_merge_point(0, 0, '34<permute.rpyeffect:34(Name(loop388))>+2: {"op": "Jump". "target": 9}')
debug_merge_point(0, 0, '9<permute.rpyeffect:9(Name(infixLt178))>+0: {"op": "PrimOp". "name": "infixLt(Int. Int): Boolean". "out": {"any": [0]}. "in": {"any": [0. 1]}}')
+464: p41 = new_with_vtable(descr=<SizeDescr 56>)
+568: p42 = new_with_vtable(descr=<SizeDescr 16>)
+580: setfield_gc(p42, i40, descr=<FieldS rpyeffect.value.IntValue.inst_value 8 pure>)
+584: p43 = new_with_vtable(descr=<SizeDescr 16>)
+596: setfield_gc(p41, 33, descr=<FieldS rpyeffect.stored_environment.Stack__arb.inst_target 16 pure>)
+604: setfield_gc(p41, p35, descr=<FieldP rpyeffect.stored_environment.Stack__arb.inst_tail 8 pure>)
+608: setfield_gc(p41, p32, descr=<FieldP rpyeffect.stored_environment.Stack__3.inst_values_ptr_0 32 pure>)
+612: setfield_gc(p41, p33, descr=<FieldP rpyeffect.stored_environment.Stack__3.inst_values_ptr_1 40 pure>)
+616: setfield_gc(p41, p42, descr=<FieldP rpyeffect.stored_environment.Stack__3.inst_values_ptr_2 48 pure>)
+620: setfield_gc(p43, 0, descr=<FieldU rpyeffect.value.BoolValue.inst_value 8 pure>)
+644: jump(p17, p41, p0, p18, ConstPtr(ptr46), p42, p33, p33, p34, p43, ConstPtr(ptr47), p5, descr=TargetToken(4838438432))
+764: --end of the loop--
[270dcae] jit-log-opt-bridge}
[38c9625] {jit-log-opt-bridge
# bridge out of Guard 0x120650260 with 50 ops
[p0, p1, p2, p3, p4, p5, p6, p7, p8, p9, p10, i11]
+152: guard_not_invalidated(descr=<Guard0x1206322f0>) [p0, p1, p2, p3, p4, p5, p6, p7, p8, p9, p10, i11]
+156: i12 = getfield_gc_i(p1, descr=<FieldS rpyeffect.value.IntValue.inst_value 8 pure>)
+160: i13 = int_lt(i11, i12)
debug_merge_point(0, 0, '9<permute.rpyeffect:9(Name(infixLt178))>+1: {"op": "Return". "args": {"any": [0]}}')
debug_merge_point(0, 0, '33<permute.rpyeffect:33([k@Name(loop388)#18])>+0: {"op": "Swap". "type": "any". "a": 2. "b". 1}')
debug_merge_point(0, 0, '33<permute.rpyeffect:33([k@Name(loop388)#18])>+1: {"op": "Swap". "type": "any". "a": 0. "b". 1}')
debug_merge_point(0, 0, '33<permute.rpyeffect:33([k@Name(loop388)#18])>+2: {"op": "IfZero". "cond": 1. "then": {"tag": null. "target": 29. "args": {"any": []}}}')
guard_false(i13, descr=<Guard0x120650b90>) [p0, p1, p2, p3, p4, p5, p6, p7, p8, p9, p10, i11]
+168: guard_nonnull(p10, descr=<Guard0x120650bc0>) [p0, p1, p2, p3, p4, p5, p6, p7, p8, p9, p10, i11]
+180: i14 = getfield_gc_i(p10, descr=<FieldS rpyeffect.stored_environment.Stack__arb.inst_target 16 pure>)
+188: guard_value(i14, 70, descr=<Guard0x120650bf0>) [p0, p1, p2, p3, p4, p5, p6, p7, p8, p9, p10, i11]
debug_merge_point(0, 0, '29<permute.rpyeffect:29([then#22])>+0: {"op": "Construct". "out": 0. "type": Interned(Unit). "tag": Interned(unit). "args": {"any": []}}')
debug_merge_point(0, 0, '29<permute.rpyeffect:29([then#22])>+1: {"op": "Return". "args": {"any": [0]}}')
+200: p16 = getfield_gc_r(p10, descr=<FieldP rpyeffect.stored_environment.Stack__1.inst_values_ptr_0 32 pure>)
+204: p17 = getfield_gc_r(p10, descr=<FieldP rpyeffect.stored_environment.Stack__arb.inst_tail 8 pure>)
debug_merge_point(0, 0, '70<permute.rpyeffect:70([k@[k@Name(array2039)#89]#98])>+0: {"op": "Copy". "type": "any". "from": 1. "to". 0}')
debug_merge_point(0, 0, '70<permute.rpyeffect:70([k@[k@Name(array2039)#89]#98])>+1: {"op": "Return". "args": {"any": [0]}}')
+208: guard_nonnull(p17, descr=<Guard0x120650c20>) [p0, p1, p2, p3, p4, p5, p6, p7, p8, p9, p10, i11]
+216: i18 = getfield_gc_i(p17, descr=<FieldS rpyeffect.stored_environment.Stack__arb.inst_target 16 pure>)
+220: guard_value(i18, 164, descr=<Guard0x120650c50>) [p0, p1, p2, p3, p4, p5, p6, p7, p8, p9, p10, i11]
+232: p20 = getfield_gc_r(p17, descr=<FieldP rpyeffect.stored_environment.Stack__2.inst_values_ptr_0 32 pure>)
+236: p21 = getfield_gc_r(p17, descr=<FieldP rpyeffect.stored_environment.Stack__2.inst_values_ptr_1 40 pure>)
+240: p22 = getfield_gc_r(p17, descr=<FieldP rpyeffect.stored_environment.Stack__arb.inst_tail 8 pure>)
debug_merge_point(0, 0, '164<permute.rpyeffect:164([k@Name(run2858)#346])>+0: {"op": "Push". "target": 163. "args": {"any": [1]}}')
debug_merge_point(0, 0, '164<permute.rpyeffect:164([k@Name(run2858)#346])>+1: {"op": "Swap". "type": "any". "a": 2. "b". 1}')
debug_merge_point(0, 0, '164<permute.rpyeffect:164([k@Name(run2858)#346])>+2: {"op": "Jump". "target": 162}')
debug_merge_point(0, 0, '162<permute.rpyeffect:162(Name(permute2866))>+0: {"op": "Load". "out": 3. "type": "any". "ref": 2}')
+244: p23 = getfield_gc_r(p20, descr=<FieldP rpyeffect.region.Ref.inst_allocation_site 8 pure>)
+252: guard_value(p23, ConstPtr(ptr24), descr=<Guard0x120650c80>) [p0, p1, p2, p3, p4, p5, p6, p7, p8, p9, p10, i11]
+260: p25 = getfield_gc_r(p20, descr=<FieldP rpyeffect.region.Ref.inst_value 16>)
+264: i26 = getfield_gc_i(p25, descr=<FieldS rpyeffect.value.UnboxedIntValueRef.inst_value 8>)
debug_merge_point(0, 0, '162<permute.rpyeffect:162(Name(permute2866))>+1: {"op": "Const". "type": "ptr". "out": 4. "format": "int". "value": "<IntValue object at 0x1205dd220>"}')
debug_merge_point(0, 0, '162<permute.rpyeffect:162(Name(permute2866))>+2: {"op": "Push". "target": 161. "args": {"any": [0. 2. 1]}}')
debug_merge_point(0, 0, '162<permute.rpyeffect:162(Name(permute2866))>+3: {"op": "Copy". "type": "any". "from": 4. "to". 1}')
debug_merge_point(0, 0, '162<permute.rpyeffect:162(Name(permute2866))>+4: {"op": "Copy". "type": "any". "from": 3. "to". 0}')
debug_merge_point(0, 0, '162<permute.rpyeffect:162(Name(permute2866))>+5: {"op": "Jump". "target": 6}')
debug_merge_point(0, 0, '6<permute.rpyeffect:6(Name(infixAdd96))>+0: {"op": "PrimOp". "name": "infixAdd(Int. Int): Int". "out": {"any": [0]}. "in": {"any": [0. 1]}}')
+268: p27 = new_with_vtable(descr=<SizeDescr 56>)
+372: p28 = new_with_vtable(descr=<SizeDescr 40>)
+384: setfield_gc(p28, p22, descr=<FieldP rpyeffect.stored_environment.Stack__arb.inst_tail 8 pure>)
+388: setfield_gc(p28, 163, descr=<FieldS rpyeffect.stored_environment.Stack__arb.inst_target 16 pure>)
+396: setfield_gc(p28, p20, descr=<FieldP rpyeffect.stored_environment.Stack__1.inst_values_ptr_0 32 pure>)
+400: p30 = new_with_vtable(descr=<SizeDescr 16>)
+412: setfield_gc(p30, i26, descr=<FieldS rpyeffect.value.IntValue.inst_value 8 pure>)
+416: setfield_gc(p27, 161, descr=<FieldS rpyeffect.stored_environment.Stack__arb.inst_target 16 pure>)
+424: setfield_gc(p27, p28, descr=<FieldP rpyeffect.stored_environment.Stack__arb.inst_tail 8 pure>)
+428: setfield_gc(p27, p16, descr=<FieldP rpyeffect.stored_environment.Stack__3.inst_values_ptr_0 32 pure>)
+432: setfield_gc(p27, p20, descr=<FieldP rpyeffect.stored_environment.Stack__3.inst_values_ptr_1 40 pure>)
+436: setfield_gc(p27, p21, descr=<FieldP rpyeffect.stored_environment.Stack__3.inst_values_ptr_2 48 pure>)
+460: jump(p6, p27, p0, p7, p8, p30, ConstPtr(ptr32), p20, p30, ConstPtr(ptr33), p4, p5, descr=TargetToken(4838068640))
+564: --end of the loop--
[38d250c] jit-log-opt-bridge}
[3964a08] {jit-log-opt-bridge
# bridge out of Guard 0x120650200 with 86 ops
[p0, p1, p2, p3, p4, p5, p6, p7, p8, p9, p10, p11]
+168: guard_not_invalidated(descr=<Guard0x1206323c8>) [p0, p1, p2, p3, p4, p5, p6, p7, p8, p9, p10, p11]
+172: i12 = getfield_gc_i(p1, descr=<FieldS rpyeffect.value.IntValue.inst_value 8 pure>)
+176: i13 = getfield_gc_i(p2, descr=<FieldS rpyeffect.value.IntValue.inst_value 8 pure>)
+180: i14 = int_lt(i12, i13)
debug_merge_point(0, 0, '9<permute.rpyeffect:9(Name(infixLt178))>+1: {"op": "Return". "args": {"any": [0]}}')
+188: guard_nonnull(p9, descr=<Guard0x1206512e0>) [p0, p1, p2, p3, p4, p5, p6, p7, p8, p9, p10, p11]
+196: i15 = getfield_gc_i(p9, descr=<FieldS rpyeffect.stored_environment.Stack__arb.inst_target 16 pure>)
+200: guard_value(i15, 33, descr=<Guard0x120651310>) [p0, p1, p2, p3, p4, p5, p6, p7, p8, p9, p10, p11]
+212: p17 = getfield_gc_r(p9, descr=<FieldP rpyeffect.stored_environment.Stack__3.inst_values_ptr_0 32 pure>)
+216: p18 = getfield_gc_r(p9, descr=<FieldP rpyeffect.stored_environment.Stack__3.inst_values_ptr_1 40 pure>)
+220: p19 = getfield_gc_r(p9, descr=<FieldP rpyeffect.stored_environment.Stack__3.inst_values_ptr_2 48 pure>)
+224: p20 = getfield_gc_r(p9, descr=<FieldP rpyeffect.stored_environment.Stack__arb.inst_tail 8 pure>)
debug_merge_point(0, 0, '33<permute.rpyeffect:33([k@Name(loop388)#18])>+0: {"op": "Swap". "type": "any". "a": 2. "b". 1}')
debug_merge_point(0, 0, '33<permute.rpyeffect:33([k@Name(loop388)#18])>+1: {"op": "Swap". "type": "any". "a": 0. "b". 1}')
debug_merge_point(0, 0, '33<permute.rpyeffect:33([k@Name(loop388)#18])>+2: {"op": "IfZero". "cond": 1. "then": {"tag": null. "target": 29. "args": {"any": []}}}')
+228: guard_true(i14, descr=<Guard0x120651340>) [p0, p1, p2, p3, p4, p5, p6, p7, p8, p9, p10, p11]
debug_merge_point(0, 0, '33<permute.rpyeffect:33([k@Name(loop388)#18])>+3: {"op": "Push". "target": 32. "args": {"any": [2. 0. 3]}}')
debug_merge_point(0, 0, '33<permute.rpyeffect:33([k@Name(loop388)#18])>+4: {"op": "Copy". "type": "any". "from": 3. "to". 0}')
debug_merge_point(0, 0, '33<permute.rpyeffect:33([k@Name(loop388)#18])>+5: {"op": "Invoke". "receiver": 2. "tag": Interned(apply). "args" : {"any": [0]}}')
+236: p21 = getfield_gc_r(p17, descr=<FieldP rpyeffect.codata.CoData.inst_vtable 8 pure>)
+244: guard_value(p21, ConstPtr(ptr22), descr=<Guard0x120651370>) [p0, p1, p2, p3, p4, p5, p6, p7, p8, p9, p10, p11]
debug_merge_point(0, 0, '179<permute.rpyeffect:179([#396])>+0: {"op": "Jump". "target": 176}')
debug_merge_point(0, 0, '176<permute.rpyeffect:176([mcore:[#83]#367])>+0: {"op": "Const". "type": "ptr". "out": 0. "format": "int". "value": "<IntValue object at 0x1206081a0>"}')
debug_merge_point(0, 0, '176<permute.rpyeffect:176([mcore:[#83]#367])>+1: {"op": "Push". "target": 175. "args": {"any": []}}')
debug_merge_point(0, 0, '176<permute.rpyeffect:176([mcore:[#83]#367])>+2: {"op": "Jump". "target": 165}')
debug_merge_point(0, 0, '165<permute.rpyeffect:165(Name(run2858))>+0: {"op": "Const". "type": "ptr". "out": 1. "format": "int". "value": "<IntValue object at 0x120608330>"}')
debug_merge_point(0, 0, '165<permute.rpyeffect:165(Name(run2858))>+1: {"op": "Allocate". "out": 1. "type": "any". "init": 1. "region": -1}')
debug_merge_point(0, 0, '165<permute.rpyeffect:165(Name(run2858))>+2: {"op": "Const". "type": "ptr". "out": 2. "format": "int". "value": "<IntValue object at 0x120608320>"}')
debug_merge_point(0, 0, '165<permute.rpyeffect:165(Name(run2858))>+3: {"op": "Push". "target": 164. "args": {"any": [1. 0]}}')
debug_merge_point(0, 0, '165<permute.rpyeffect:165(Name(run2858))>+4: {"op": "Copy". "type": "any". "from": 2. "to". 1}')
debug_merge_point(0, 0, '165<permute.rpyeffect:165(Name(run2858))>+5: {"op": "Jump". "target": 72}')
debug_merge_point(0, 0, '72<permute.rpyeffect:72(Name(array2039))>+0: {"op": "Push". "target": 71. "args": {"any": [1. 0]}}')
debug_merge_point(0, 0, '72<permute.rpyeffect:72(Name(array2039))>+1: {"op": "Jump". "target": 11}')
debug_merge_point(0, 0, '11<permute.rpyeffect:11(Name(allocate2035))>+0: {"op": "PrimOp". "name": "allocate(Int): Array[Top]". "out": {"any": [0]}. "in": {"any": [0]}}')
+252: p23 = new_with_vtable(descr=<SizeDescr 8>)
+356: p26 = call_r(ConstClass(_ll_alloc_and_set_nonnull_trampoline__v83___simple_call__function__l), 6, p23, descr=<Callr 8 ir EF=5>)
+512: guard_no_exception(descr=<Guard0x120632410>) [p0, p19, p5, p6, p7, p8, p10, p11, p26, p18, p17, p20]
debug_merge_point(0, 0, '11<permute.rpyeffect:11(Name(allocate2035))>+1: {"op": "Return". "args": {"any": [0]}}')
debug_merge_point(0, 0, '71<permute.rpyeffect:71([k@Name(array2039)#89])>+0: {"op": "Const". "type": "ptr". "out": 3. "format": "int". "value": "<IntValue object at 0x1205dc280>"}')
debug_merge_point(0, 0, '71<permute.rpyeffect:71([k@Name(array2039)#89])>+1: {"op": "New". "out": 1. "targets": [69]. "args": {"any": [1. 0]}}')
debug_merge_point(0, 0, '71<permute.rpyeffect:71([k@Name(array2039)#89])>+2: {"op": "Push". "target": 70. "args": {"any": [0]}}')
debug_merge_point(0, 0, '71<permute.rpyeffect:71([k@Name(array2039)#89])>+3: {"op": "Copy". "type": "any". "from": 3. "to". 0}')
debug_merge_point(0, 0, '71<permute.rpyeffect:71([k@Name(array2039)#89])>+4: {"op": "Swap". "type": "any". "a": 2. "b". 1}')
debug_merge_point(0, 0, '71<permute.rpyeffect:71([k@Name(array2039)#89])>+5: {"op": "Jump". "target": 36}')
debug_merge_point(0, 0, '36<permute.rpyeffect:36(Name(each283))>+0: {"op": "Swap". "type": "any". "a": 2. "b". 1}')
debug_merge_point(0, 0, '36<permute.rpyeffect:36(Name(each283))>+1: {"op": "Jump". "target": 34}')
debug_merge_point(0, 0, '34<permute.rpyeffect:34(Name(loop388))>+0: {"op": "Push". "target": 33. "args": {"any": [1. 2. 0]}}')
debug_merge_point(0, 0, '34<permute.rpyeffect:34(Name(loop388))>+1: {"op": "Copy". "type": "any". "from": 2. "to". 1}')
debug_merge_point(0, 0, '34<permute.rpyeffect:34(Name(loop388))>+2: {"op": "Jump". "target": 9}')
debug_merge_point(0, 0, '9<permute.rpyeffect:9(Name(infixLt178))>+0: {"op": "PrimOp". "name": "infixLt(Int. Int): Boolean". "out": {"any": [0]}. "in": {"any": [0. 1]}}')
+536: p27 = new_with_vtable(descr=<SizeDescr 56>)
+644: p28 = new_with_vtable(descr=<SizeDescr 40>)
+656: p29 = new_with_vtable(descr=<SizeDescr 48>)
+668: p30 = new_with_vtable(descr=<SizeDescr 32>)
+680: p31 = new_with_vtable(descr=<SizeDescr 56>)
+692: setfield_gc(p31, p20, descr=<FieldP rpyeffect.stored_environment.Stack__arb.inst_tail 8 pure>)
+700: setfield_gc(p31, 32, descr=<FieldS rpyeffect.stored_environment.Stack__arb.inst_target 16 pure>)
+708: setfield_gc(p31, p17, descr=<FieldP rpyeffect.stored_environment.Stack__3.inst_values_ptr_0 32 pure>)
+716: setfield_gc(p31, p18, descr=<FieldP rpyeffect.stored_environment.Stack__3.inst_values_ptr_1 40 pure>)
+724: setfield_gc(p31, p19, descr=<FieldP rpyeffect.stored_environment.Stack__3.inst_values_ptr_2 48 pure>)
+732: setfield_gc(p30, p31, descr=<FieldP rpyeffect.stored_environment.Stack__arb.inst_tail 8 pure>)
+736: setfield_gc(p30, 175, descr=<FieldS rpyeffect.stored_environment.Stack__arb.inst_target 16 pure>)
+744: setfield_gc(p29, p30, descr=<FieldP rpyeffect.stored_environment.Stack__arb.inst_tail 8 pure>)
+748: setfield_gc(p29, 164, descr=<FieldS rpyeffect.stored_environment.Stack__arb.inst_target 16 pure>)
+756: p35 = new_with_vtable(descr=<SizeDescr 24>)
+772: setfield_gc(p35, ConstPtr(ptr36), descr=<FieldP rpyeffect.region.Ref.inst_allocation_site 8 pure>)
+776: p37 = new_with_vtable(descr=<SizeDescr 16>)
+788: setfield_gc(p37, 0, descr=<FieldS rpyeffect.value.UnboxedIntValueRef.inst_value 8>)
+796: setfield_gc(p35, p37, descr=<FieldP rpyeffect.region.Ref.inst_value 16>)
+800: setfield_gc(p29, p35, descr=<FieldP rpyeffect.stored_environment.Stack__2.inst_values_ptr_0 32 pure>)
+808: setfield_gc(p29, ConstPtr(ptr39), descr=<FieldP rpyeffect.stored_environment.Stack__2.inst_values_ptr_1 40 pure>)
+812: setfield_gc(p28, p29, descr=<FieldP rpyeffect.stored_environment.Stack__arb.inst_tail 8 pure>)
+816: setfield_gc(p28, 70, descr=<FieldS rpyeffect.stored_environment.Stack__arb.inst_target 16 pure>)
+824: p41 = new_with_vtable(descr=<SizeDescr 16>)
+836: setfield_gc(p41, p26, descr=<FieldP rpyeffect.value.ArrayValue.inst_value 8 pure>)
+840: setfield_gc(p28, p41, descr=<FieldP rpyeffect.stored_environment.Stack__1.inst_values_ptr_0 32 pure>)
+844: p42 = new_with_vtable(descr=<SizeDescr 40>)
+860: setfield_gc(p42, ConstPtr(ptr43), descr=<FieldP rpyeffect.codata.CoData.inst_vtable 8 pure>)
+868: setfield_gc(p42, ConstPtr(ptr44), descr=<FieldP rpyeffect.stored_environment.CoData__2.inst_values_ptr_0 24 pure>)
+872: setfield_gc(p42, p41, descr=<FieldP rpyeffect.stored_environment.CoData__2.inst_values_ptr_1 32 pure>)
+876: setfield_gc(p27, 33, descr=<FieldS rpyeffect.stored_environment.Stack__arb.inst_target 16 pure>)
+884: setfield_gc(p27, p42, descr=<FieldP rpyeffect.stored_environment.Stack__3.inst_values_ptr_0 32 pure>)
+888: setfield_gc(p27, ConstPtr(ptr39), descr=<FieldP rpyeffect.stored_environment.Stack__3.inst_values_ptr_1 40 pure>)
+896: setfield_gc(p27, ConstPtr(ptr46), descr=<FieldP rpyeffect.stored_environment.Stack__3.inst_values_ptr_2 48 pure>)
+900: setfield_gc(p27, p28, descr=<FieldP rpyeffect.stored_environment.Stack__arb.inst_tail 8 pure>)
+952: jump(p8, p27, p0, p10, p11, ConstPtr(ptr46), ConstPtr(ptr39), ConstPtr(ptr39), ConstPtr(ptr47), p5, p6, p7, descr=TargetToken(4838438432))
+992: --end of the loop--
[397278c] jit-log-opt-bridge}
[52609374] {jit-summary
Tracing:      	12	0.003298
Backend:      	12	0.001001
TOTAL:      		1.378018
ops:             	11085
heapcached ops:  	1832
recorded ops:    	3038
  calls:         	1419
guards:          	260
opt ops:         	959
opt guards:      	114
opt guards shared:	82
forcings:        	0
abort: trace too long:	0
abort: compiling:	0
abort: vable escape:	0
abort: bad loop: 	0
abort: force quasi-immut:	0
abort: segmenting trace:	0
virtualizables forced:	0
nvirtuals:       	30
nvholes:         	2
nvreused:        	1
vecopt tried:    	0
vecopt success:  	0
Total # of loops:	4
Total # of bridges:	8
Freed # of loops:	0
Freed # of bridges:	0
[5260bdef] jit-summary}
