[82e353] {jit-log-opt-loop
# Loop 1 (4<main.rpyeffect:4(Name(infixEq72))>+0: {"op": "PrimOp", "name": "infixEq(Int, Int): Boolean", "out": {"any": [0]}, "in": {"any": [0, 1]}}) : loop with 83 ops
[p0, p1, p2, p3, p4]
+248: p5 = getfield_gc_r(p2, descr=<FieldP rpyeffect.environment.Environment.inst_values_ptr 16>)
+256: p7 = getarrayitem_gc_r(p5, 0, descr=<ArrayP 8>)
+260: p9 = getarrayitem_gc_r(p5, 1, descr=<ArrayP 8>)
+264: p11 = getarrayitem_gc_r(p5, 2, descr=<ArrayP 8>)
+268: p13 = getarrayitem_gc_r(p5, 3, descr=<ArrayP 8>)
+272: p15 = getarrayitem_gc_r(p5, 4, descr=<ArrayP 8>)
+276: p17 = getarrayitem_gc_r(p5, 5, descr=<ArrayP 8>)
+280: p19 = getarrayitem_gc_r(p5, 6, descr=<ArrayP 8>)
+284: label(p0, p1, p2, p3, p4, p7, p9, p11, p13, p15, p17, p19, descr=TargetToken(4972229024))
debug_merge_point(0, 0, '4<main.rpyeffect:4(Name(infixEq72))>+0: {"op": "PrimOp". "name": "infixEq(Int. Int): Boolean". "out": {"any": [0]}. "in": {"any": [0. 1]}}')
+304: guard_not_invalidated(descr=<Guard0x1285ead58>) [p2, p7, p9, p11, p13, p15, p17, p19, p0, p1, p3, p4]
+308: i20 = getfield_gc_i(p7, descr=<FieldS rpyeffect.value.IntValue.inst_value 8 pure>)
+312: i21 = getfield_gc_i(p9, descr=<FieldS rpyeffect.value.IntValue.inst_value 8 pure>)
+316: i22 = int_eq(i20, i21)
debug_merge_point(0, 0, '4<main.rpyeffect:4(Name(infixEq72))>+1: {"op": "Return". "args": {"any": [0]}}')
+324: guard_nonnull(p1, descr=<Guard0x1285fa9e0>) [p2, p7, p9, p11, p13, p15, p17, p19, p0, p1, p3, p4]
+336: i23 = getfield_gc_i(p1, descr=<FieldS rpyeffect.stored_environment.Stack__arb.inst_target 16 pure>)
+344: guard_value(i23, 129, descr=<Guard0x1285faa10>) [p2, p7, p9, p11, p13, p15, p17, p19, p0, p1, p3, p4]
+356: p25 = getfield_gc_r(p1, descr=<FieldP rpyeffect.stored_environment.Stack__arb.inst_values_ptr 24 pure>)
+360: i26 = arraylen_gc(p25, descr=<ArrayP 8>)
+364: guard_value(i26, 3, descr=<Guard0x1285faa40>) [p2, p7, p9, p11, p13, p15, p17, p19, p0, p1, p3, p4]
+376: p29 = getarrayitem_gc_pure_r(p25, 0, descr=<ArrayP 8>)
+380: p31 = getarrayitem_gc_pure_r(p25, 1, descr=<ArrayP 8>)
+384: p33 = getarrayitem_gc_pure_r(p25, 2, descr=<ArrayP 8>)
+388: p34 = getfield_gc_r(p1, descr=<FieldP rpyeffect.stored_environment.Stack__arb.inst_tail 8 pure>)
debug_merge_point(0, 0, '129<main.rpyeffect:129([k@Name(b_k_28903937)#255])>+0: {"op": "Swap". "type": "any". "a": 0. "b". 3}')
debug_merge_point(0, 0, '129<main.rpyeffect:129([k@Name(b_k_28903937)#255])>+1: {"op": "Swap". "type": "any". "a": 2. "b". 3}')
debug_merge_point(0, 0, '129<main.rpyeffect:129([k@Name(b_k_28903937)#255])>+2: {"op": "IfZero". "cond": 2. "then": {"tag": null. "target": 127. "args": {"any": []}}}')
+392: guard_false(i22, descr=<Guard0x1285faa70>) [p2, p7, p9, p11, p13, p15, p17, p19, p0, p1, p3, p4]
+400: guard_nonnull(p34, descr=<Guard0x1285faaa0>) [p2, p7, p9, p11, p13, p15, p17, p19, p0, p1, p3, p4]
+408: i35 = getfield_gc_i(p34, descr=<FieldS rpyeffect.stored_environment.Stack__arb.inst_target 16 pure>)
+412: guard_value(i35, 126, descr=<Guard0x1285faad0>) [p2, p7, p9, p11, p13, p15, p17, p19, p0, p1, p3, p4]
debug_merge_point(0, 0, '127<main.rpyeffect:127([then#259])>+0: {"op": "Push". "target": 126. "args": {"any": [3]}}')
debug_merge_point(0, 0, '127<main.rpyeffect:127([then#259])>+1: {"op": "Jump". "target": 135}')
debug_merge_point(0, 0, '135<main.rpyeffect:135(Name(product2818))>+0: {"op": "Swap". "type": "any". "a": 0. "b". 1}')
debug_merge_point(0, 0, '135<main.rpyeffect:135(Name(product2818))>+1: {"op": "Match". "type": Interned(List916). "scrutinee": 1. "clauses": [{"tag": Interned(Nil1153). "target": 133. "args": {"any": []}}. {"tag": Interned(Cons1154). "target": 134. "args": {"any": [1. 2]}}]. "default": {"tag": Interned(19886303-1a2c-4741-824c-ff6ddc840483#[Missing Tag#371]). "target": 132. "args": {"any": []}}}')
+424: p37 = getfield_gc_r(p33, descr=<FieldP rpyeffect.data.Data.inst_tag 8>)
+432: guard_value(p37, ConstPtr(ptr38), descr=<Guard0x1285fab00>) [p2, p7, p9, p11, p13, p15, p17, p19, p0, p1, p3, p4]
+440: p39 = getfield_gc_r(p33, descr=<FieldP rpyeffect.stored_environment.Data__arb.inst_values_ptr 16 pure>)
+444: p41 = getarrayitem_gc_pure_r(p39, 0, descr=<ArrayP 8>)
+448: p43 = getarrayitem_gc_pure_r(p39, 1, descr=<ArrayP 8>)
debug_merge_point(0, 0, '134<main.rpyeffect:134([match_Cons1154@Name(product2818)#270])>+0: {"op": "Swap". "type": "any". "a": 0. "b". 1}')
debug_merge_point(0, 0, '134<main.rpyeffect:134([match_Cons1154@Name(product2818)#270])>+1: {"op": "Swap". "type": "any". "a": 2. "b". 1}')
debug_merge_point(0, 0, '134<main.rpyeffect:134([match_Cons1154@Name(product2818)#270])>+2: {"op": "Jump". "target": 130}')
debug_merge_point(0, 0, '130<main.rpyeffect:130(Name(b_k_28903937))>+0: {"op": "Const". "type": "ptr". "out": 3. "format": "int". "value": "<IntValue object at 0x1285db830>"}')
debug_merge_point(0, 0, '130<main.rpyeffect:130(Name(b_k_28903937))>+1: {"op": "Push". "target": 129. "args": {"any": [2. 0. 1]}}')
debug_merge_point(0, 0, '130<main.rpyeffect:130(Name(b_k_28903937))>+2: {"op": "Copy". "type": "any". "from": 3. "to". 1}')
debug_merge_point(0, 0, '130<main.rpyeffect:130(Name(b_k_28903937))>+3: {"op": "Jump". "target": 4}')
debug_merge_point(0, 0, '4<main.rpyeffect:4(Name(infixEq72))>+0: {"op": "PrimOp". "name": "infixEq(Int. Int): Boolean". "out": {"any": [0]}. "in": {"any": [0. 1]}}')
+452: label(p0, p34, p31, p29, p41, p43, p2, p3, p4, p15, p17, p19, descr=TargetToken(4972229088))
debug_merge_point(0, 0, '4<main.rpyeffect:4(Name(infixEq72))>+0: {"op": "PrimOp". "name": "infixEq(Int. Int): Boolean". "out": {"any": [0]}. "in": {"any": [0. 1]}}')
+456: guard_not_invalidated(descr=<Guard0x1285eada0>) [p2, p41, p29, p15, p17, p19, p0, p3, p4, p43, p31, p34]
+460: i44 = getfield_gc_i(p41, descr=<FieldS rpyeffect.value.IntValue.inst_value 8 pure>)
+464: i46 = int_eq(i44, 0)
debug_merge_point(0, 0, '4<main.rpyeffect:4(Name(infixEq72))>+1: {"op": "Return". "args": {"any": [0]}}')
debug_merge_point(0, 0, '129<main.rpyeffect:129([k@Name(b_k_28903937)#255])>+0: {"op": "Swap". "type": "any". "a": 0. "b". 3}')
debug_merge_point(0, 0, '129<main.rpyeffect:129([k@Name(b_k_28903937)#255])>+1: {"op": "Swap". "type": "any". "a": 2. "b". 3}')
debug_merge_point(0, 0, '129<main.rpyeffect:129([k@Name(b_k_28903937)#255])>+2: {"op": "IfZero". "cond": 2. "then": {"tag": null. "target": 127. "args": {"any": []}}}')
guard_false(i46, descr=<Guard0x1285fab30>) [p2, p41, p29, p15, p17, p19, p0, p3, p4, p43, p31, p34]
debug_merge_point(0, 0, '127<main.rpyeffect:127([then#259])>+0: {"op": "Push". "target": 126. "args": {"any": [3]}}')
debug_merge_point(0, 0, '127<main.rpyeffect:127([then#259])>+1: {"op": "Jump". "target": 135}')
debug_merge_point(0, 0, '135<main.rpyeffect:135(Name(product2818))>+0: {"op": "Swap". "type": "any". "a": 0. "b". 1}')
debug_merge_point(0, 0, '135<main.rpyeffect:135(Name(product2818))>+1: {"op": "Match". "type": Interned(List916). "scrutinee": 1. "clauses": [{"tag": Interned(Nil1153). "target": 133. "args": {"any": []}}. {"tag": Interned(Cons1154). "target": 134. "args": {"any": [1. 2]}}]. "default": {"tag": Interned(19886303-1a2c-4741-824c-ff6ddc840483#[Missing Tag#371]). "target": 132. "args": {"any": []}}}')
+472: p47 = getfield_gc_r(p43, descr=<FieldP rpyeffect.data.Data.inst_tag 8>)
+480: guard_value(p47, ConstPtr(ptr48), descr=<Guard0x1285fab60>) [p2, p41, p29, p15, p17, p19, p0, p3, p4, p43, p31, p34]
+488: p49 = getfield_gc_r(p43, descr=<FieldP rpyeffect.stored_environment.Data__arb.inst_values_ptr 16 pure>)
+492: p51 = getarrayitem_gc_pure_r(p49, 0, descr=<ArrayP 8>)
+496: p53 = getarrayitem_gc_pure_r(p49, 1, descr=<ArrayP 8>)
debug_merge_point(0, 0, '134<main.rpyeffect:134([match_Cons1154@Name(product2818)#270])>+0: {"op": "Swap". "type": "any". "a": 0. "b". 1}')
debug_merge_point(0, 0, '134<main.rpyeffect:134([match_Cons1154@Name(product2818)#270])>+1: {"op": "Swap". "type": "any". "a": 2. "b". 1}')
debug_merge_point(0, 0, '134<main.rpyeffect:134([match_Cons1154@Name(product2818)#270])>+2: {"op": "Jump". "target": 130}')
debug_merge_point(0, 0, '130<main.rpyeffect:130(Name(b_k_28903937))>+0: {"op": "Const". "type": "ptr". "out": 3. "format": "int". "value": "<IntValue object at 0x1285db830>"}')
debug_merge_point(0, 0, '130<main.rpyeffect:130(Name(b_k_28903937))>+1: {"op": "Push". "target": 129. "args": {"any": [2. 0. 1]}}')
debug_merge_point(0, 0, '130<main.rpyeffect:130(Name(b_k_28903937))>+2: {"op": "Copy". "type": "any". "from": 3. "to". 1}')
debug_merge_point(0, 0, '130<main.rpyeffect:130(Name(b_k_28903937))>+3: {"op": "Jump". "target": 4}')
debug_merge_point(0, 0, '4<main.rpyeffect:4(Name(infixEq72))>+0: {"op": "PrimOp". "name": "infixEq(Int. Int): Boolean". "out": {"any": [0]}. "in": {"any": [0. 1]}}')
+500: p54 = new_with_vtable(descr=<SizeDescr 32>)
+608: p56 = new_array_clear(1, descr=<ArrayP 8>)
+628: setarrayitem_gc(p56, 0, p31, descr=<ArrayP 8>)
+632: setfield_gc(p54, 126, descr=<FieldS rpyeffect.stored_environment.Stack__arb.inst_target 16 pure>)
+640: setfield_gc(p54, p34, descr=<FieldP rpyeffect.stored_environment.Stack__arb.inst_tail 8 pure>)
+644: setfield_gc(p54, p56, descr=<FieldP rpyeffect.stored_environment.Stack__arb.inst_values_ptr 24 pure>)
+648: jump(p0, p54, p41, p29, p51, p53, p2, p3, p4, p15, p17, p19, descr=TargetToken(4972229088))
+660: --end of the loop--
[848bcd] jit-log-opt-loop}
[8ae068] {jit-log-opt-loop
# Loop 2 (134<main.rpyeffect:134([match_Cons1154@Name(product2818)#270])>+0: {"op": "Swap", "type": "any", "a": 0, "b", 1}) : entry bridge with 29 ops
[p0, p1, p2, p3, p4]
+184: p5 = getfield_gc_r(p2, descr=<FieldP rpyeffect.environment.Environment.inst_values_ptr 16>)
+192: p7 = getarrayitem_gc_r(p5, 0, descr=<ArrayP 8>)
+196: p9 = getarrayitem_gc_r(p5, 1, descr=<ArrayP 8>)
+200: p11 = getarrayitem_gc_r(p5, 2, descr=<ArrayP 8>)
+204: p13 = getarrayitem_gc_r(p5, 3, descr=<ArrayP 8>)
+208: p15 = getarrayitem_gc_r(p5, 4, descr=<ArrayP 8>)
+212: p17 = getarrayitem_gc_r(p5, 5, descr=<ArrayP 8>)
+216: p19 = getarrayitem_gc_r(p5, 6, descr=<ArrayP 8>)
debug_merge_point(0, 0, '134<main.rpyeffect:134([match_Cons1154@Name(product2818)#270])>+0: {"op": "Swap". "type": "any". "a": 0. "b". 1}')
+220: guard_not_invalidated(descr=<Guard0x1285eaf50>) [p2, p7, p9, p11, p13, p15, p17, p19, p0, p1, p3, p4]
debug_merge_point(0, 0, '134<main.rpyeffect:134([match_Cons1154@Name(product2818)#270])>+1: {"op": "Swap". "type": "any". "a": 2. "b". 1}')
debug_merge_point(0, 0, '134<main.rpyeffect:134([match_Cons1154@Name(product2818)#270])>+2: {"op": "Jump". "target": 130}')
+224: guard_nonnull(p1, descr=<Guard0x1285fafb0>) [p2, p7, p9, p11, p13, p15, p17, p19, p0, p1, p3, p4]
+236: i20 = getfield_gc_i(p1, descr=<FieldS rpyeffect.stored_environment.Stack__arb.inst_target 16 pure>)
+244: guard_value(i20, 126, descr=<Guard0x1285fafe0>) [p2, p7, p9, p11, p13, p15, p17, p19, p0, p1, p3, p4]
debug_merge_point(0, 0, '130<main.rpyeffect:130(Name(b_k_28903937))>+0: {"op": "Const". "type": "ptr". "out": 3. "format": "int". "value": "<IntValue object at 0x1285db830>"}')
debug_merge_point(0, 0, '130<main.rpyeffect:130(Name(b_k_28903937))>+1: {"op": "Push". "target": 129. "args": {"any": [2. 0. 1]}}')
debug_merge_point(0, 0, '130<main.rpyeffect:130(Name(b_k_28903937))>+2: {"op": "Copy". "type": "any". "from": 3. "to". 1}')
debug_merge_point(0, 0, '130<main.rpyeffect:130(Name(b_k_28903937))>+3: {"op": "Jump". "target": 4}')
debug_merge_point(0, 0, '4<main.rpyeffect:4(Name(infixEq72))>+0: {"op": "PrimOp". "name": "infixEq(Int. Int): Boolean". "out": {"any": [0]}. "in": {"any": [0. 1]}}')
+256: p22 = new_with_vtable(descr=<SizeDescr 32>)
+368: p24 = new_array_clear(3, descr=<ArrayP 8>)
+388: setarrayitem_gc(p24, 0, p7, descr=<ArrayP 8>)
+392: setarrayitem_gc(p24, 1, p9, descr=<ArrayP 8>)
+396: setarrayitem_gc(p24, 2, p11, descr=<ArrayP 8>)
+400: setfield_gc(p22, 129, descr=<FieldS rpyeffect.stored_environment.Stack__arb.inst_target 16 pure>)
+408: setfield_gc(p22, p1, descr=<FieldP rpyeffect.stored_environment.Stack__arb.inst_tail 8 pure>)
+412: setfield_gc(p22, p24, descr=<FieldP rpyeffect.stored_environment.Stack__arb.inst_values_ptr 24 pure>)
+420: jump(p0, p22, p2, p3, p4, p9, ConstPtr(ptr29), p7, ConstPtr(ptr29), p15, p17, p19, descr=TargetToken(4972229024))
+536: --end of the loop--
[8b22d0] jit-log-opt-loop}
[a0c416] {jit-log-opt-bridge
# bridge out of Guard 0x1285fab30 with 138 ops
[p0, p1, p2, p3, p4, p5, p6, p7, p8, p9, p10, p11]
+264: guard_not_invalidated(descr=<Guard0x1285eb100>) [p0, p1, p2, p3, p4, p5, p6, p7, p8, p9, p10, p11]
+268: i12 = getfield_gc_i(p1, descr=<FieldS rpyeffect.value.IntValue.inst_value 8 pure>)
+272: i14 = int_eq(i12, 0)
debug_merge_point(0, 0, '4<main.rpyeffect:4(Name(infixEq72))>+1: {"op": "Return". "args": {"any": [0]}}')
debug_merge_point(0, 0, '129<main.rpyeffect:129([k@Name(b_k_28903937)#255])>+0: {"op": "Swap". "type": "any". "a": 0. "b". 3}')
debug_merge_point(0, 0, '129<main.rpyeffect:129([k@Name(b_k_28903937)#255])>+1: {"op": "Swap". "type": "any". "a": 2. "b". 3}')
debug_merge_point(0, 0, '129<main.rpyeffect:129([k@Name(b_k_28903937)#255])>+2: {"op": "IfZero". "cond": 2. "then": {"tag": null. "target": 127. "args": {"any": []}}}')
guard_true(i14, descr=<Guard0x1285fb5e0>) [p0, p1, p2, p3, p4, p5, p6, p7, p8, p9, p10, p11]
debug_merge_point(0, 0, '129<main.rpyeffect:129([k@Name(b_k_28903937)#255])>+3: {"op": "Const". "type": "ptr". "out": 0. "format": "int". "value": "<IntValue object at 0x1285db850>"}')
debug_merge_point(0, 0, '129<main.rpyeffect:129([k@Name(b_k_28903937)#255])>+4: {"op": "Invoke". "receiver": 1. "tag": Interned(done2828). "args" : {"any": [0]}}')
+280: p15 = getfield_gc_r(p2, descr=<FieldP rpyeffect.codata.CoData.inst_vtable 8 pure>)
+292: guard_value(p15, ConstPtr(ptr16), descr=<Guard0x1285fb610>) [p0, p1, p2, p3, p4, p5, p6, p7, p8, p9, p10, p11]
+300: p17 = getfield_gc_r(p2, descr=<FieldP rpyeffect.stored_environment.CoData__arb.inst_values_ptr 16 pure>)
+304: i18 = arraylen_gc(p17, descr=<ArrayP 8>)
+308: guard_value(i18, 1, descr=<Guard0x1285fb640>) [p0, p1, p2, p3, p4, p5, p6, p7, p8, p9, p10, p11]
+320: p21 = getarrayitem_gc_pure_r(p17, 0, descr=<ArrayP 8>)
debug_merge_point(0, 0, '144<main.rpyeffect:144([method_done2828@Name(runProduct2822)#296])>+0: {"op": "Const". "type": "ptr". "out": 2. "format": "int". "value": "<IntValue object at 0x1285db5a0>"}')
debug_merge_point(0, 0, '144<main.rpyeffect:144([method_done2828@Name(runProduct2822)#296])>+1: {"op": "ShiftDyn". "out": 1. "n": 2. "label": 1}')
+328: i23 = instance_ptr_eq(p8, ConstPtr(ptr22))
guard_true(i23, descr=<Guard0x1285fb670>) [p0, p1, p2, p3, p4, p5, p6, p7, p8, p9, p10, p11]
+340: guard_nonnull(p6, descr=<Guard0x1285fb6a0>) [p0, p1, p2, p3, p4, p5, p6, p7, p8, p9, p10, p11]
+352: guard_nonnull(p21, descr=<Guard0x1285fb6d0>) [p0, p1, p2, p3, p4, p5, p6, p7, p8, p9, p10, p11]
+360: i24 = getfield_gc_i(p6, descr=<FieldS rpyeffect.stack.Label.inst_origin 8 pure>)
+368: guard_value(i24, 149504, descr=<Guard0x1285fb700>) [p0, p1, p2, p3, p4, p5, p6, p7, p8, p9, p10, p11]
+384: i26 = getfield_gc_i(p21, descr=<FieldS rpyeffect.stack.Label.inst_origin 8 pure>)
+388: guard_value(i26, 149504, descr=<Guard0x1285fb730>) [p0, p1, p2, p3, p4, p5, p6, p7, p8, p9, p10, p11]
+404: i28 = instance_ptr_eq(p6, p21)
guard_true(i28, descr=<Guard0x1285fb760>) [p0, p1, p2, p3, p4, p5, p6, p7, p8, p9, p10, p11]
+412: guard_nonnull_class(p7, 4340940232, descr=<Guard0x1285eb148>) [p0, p1, p2, p3, p4, p5, p6, p7, p8, p9, p10, p11]
+440: p30 = getfield_gc_r(p7, descr=<FieldP rpyeffect.stack.MetaStackLike.inst_stack 8 pure>)
+444: p31 = getfield_gc_r(p7, descr=<FieldP rpyeffect.stack.MetaStack.inst_label 16 pure>)
+448: p32 = getfield_gc_r(p7, descr=<FieldP rpyeffect.stack.MetaStack.inst_tail 32 pure>)
+452: guard_nonnull(p30, descr=<Guard0x1285fb790>) [p0, p1, p2, p3, p4, p5, p6, p7, p8, p9, p10, p11]
+460: i33 = getfield_gc_i(p30, descr=<FieldS rpyeffect.stored_environment.Stack__arb.inst_target 16 pure>)
+464: guard_value(i33, 151, descr=<Guard0x1285fb7c0>) [p0, p1, p2, p3, p4, p5, p6, p7, p8, p9, p10, p11]
debug_merge_point(0, 0, '144<main.rpyeffect:144([method_done2828@Name(runProduct2822)#296])>+2: {"op": "Return". "args": {"any": [0]}}')
+476: p35 = getfield_gc_r(p30, descr=<FieldP rpyeffect.stored_environment.Stack__arb.inst_values_ptr 24 pure>)
+480: i36 = arraylen_gc(p35, descr=<ArrayP 8>)
+484: guard_value(i36, 3, descr=<Guard0x1285fb7f0>) [p0, p1, p2, p3, p4, p5, p6, p7, p8, p9, p10, p11]
+496: p39 = getarrayitem_gc_pure_r(p35, 0, descr=<ArrayP 8>)
+500: p41 = getarrayitem_gc_pure_r(p35, 1, descr=<ArrayP 8>)
+504: p43 = getarrayitem_gc_pure_r(p35, 2, descr=<ArrayP 8>)
+508: p44 = getfield_gc_r(p30, descr=<FieldP rpyeffect.stored_environment.Stack__arb.inst_tail 8 pure>)
debug_merge_point(0, 0, '151<main.rpyeffect:151([k@[then#308]#310])>+0: {"op": "Const". "type": "ptr". "out": 4. "format": "int". "value": "<IntValue object at 0x1285db450>"}')
+512: guard_nonnull(p44, descr=<Guard0x1285fb820>) [p0, p1, p2, p3, p4, p5, p6, p7, p8, p9, p10, p11]
+520: i45 = getfield_gc_i(p44, descr=<FieldS rpyeffect.stored_environment.Stack__arb.inst_target 16 pure>)
+528: guard_value(i45, 169, descr=<Guard0x1285fb850>) [p0, p1, p2, p3, p4, p5, p6, p7, p8, p9, p10, p11]
debug_merge_point(0, 0, '151<main.rpyeffect:151([k@[then#308]#310])>+1: {"op": "Push". "target": 150. "args": {"any": [1. 3. 0]}}')
debug_merge_point(0, 0, '151<main.rpyeffect:151([k@[then#308]#310])>+2: {"op": "Copy". "type": "any". "from": 4. "to". 1}')
debug_merge_point(0, 0, '151<main.rpyeffect:151([k@[then#308]#310])>+3: {"op": "Copy". "type": "any". "from": 2. "to". 0}')
debug_merge_point(0, 0, '151<main.rpyeffect:151([k@[then#308]#310])>+4: {"op": "Jump". "target": 8}')
debug_merge_point(0, 0, '8<main.rpyeffect:8(Name(infixSub105))>+0: {"op": "PrimOp". "name": "infixSub(Int. Int): Int". "out": {"any": [0]}. "in": {"any": [0. 1]}}')
+540: i47 = getfield_gc_i(p41, descr=<FieldS rpyeffect.value.IntValue.inst_value 8 pure>)
+544: i49 = int_sub(i47, 1)
debug_merge_point(0, 0, '8<main.rpyeffect:8(Name(infixSub105))>+1: {"op": "Return". "args": {"any": [0]}}')
debug_merge_point(0, 0, '150<main.rpyeffect:150([k@[k@[then#308]#310]#314])>+0: {"op": "Push". "target": 149. "args": {"any": [2. 0]}}')
debug_merge_point(0, 0, '150<main.rpyeffect:150([k@[k@[then#308]#310]#314])>+1: {"op": "Copy". "type": "any". "from": 1. "to". 0}')
debug_merge_point(0, 0, '150<main.rpyeffect:150([k@[k@[then#308]#310]#314])>+2: {"op": "Copy". "type": "any". "from": 3. "to". 1}')
debug_merge_point(0, 0, '150<main.rpyeffect:150([k@[k@[then#308]#310]#314])>+3: {"op": "Jump". "target": 6}')
debug_merge_point(0, 0, '6<main.rpyeffect:6(Name(infixAdd96))>+0: {"op": "PrimOp". "name": "infixAdd(Int. Int): Int". "out": {"any": [0]}. "in": {"any": [0. 1]}}')
+548: i50 = getfield_gc_i(p39, descr=<FieldS rpyeffect.value.IntValue.inst_value 8 pure>)
debug_merge_point(0, 0, '6<main.rpyeffect:6(Name(infixAdd96))>+1: {"op": "Return". "args": {"any": [0]}}')
debug_merge_point(0, 0, '149<main.rpyeffect:149([k@[k@[k@[then#308]#310]#314]#317])>+0: {"op": "Swap". "type": "any". "a": 2. "b". 1}')
debug_merge_point(0, 0, '149<main.rpyeffect:149([k@[k@[k@[then#308]#310]#314]#317])>+1: {"op": "Swap". "type": "any". "a": 0. "b". 1}')
debug_merge_point(0, 0, '149<main.rpyeffect:149([k@[k@[k@[then#308]#310]#314]#317])>+2: {"op": "Jump". "target": 154}')
debug_merge_point(0, 0, '154<main.rpyeffect:154(Name(loop2837))>+0: {"op": "Const". "type": "ptr". "out": 3. "format": "int". "value": "<IntValue object at 0x1285db3c0>"}')
debug_merge_point(0, 0, '154<main.rpyeffect:154(Name(loop2837))>+1: {"op": "Push". "target": 153. "args": {"any": [1. 0. 2]}}')
debug_merge_point(0, 0, '154<main.rpyeffect:154(Name(loop2837))>+2: {"op": "Copy". "type": "any". "from": 3. "to". 1}')
debug_merge_point(0, 0, '154<main.rpyeffect:154(Name(loop2837))>+3: {"op": "Jump". "target": 4}')
debug_merge_point(0, 0, '4<main.rpyeffect:4(Name(infixEq72))>+0: {"op": "PrimOp". "name": "infixEq(Int. Int): Boolean". "out": {"any": [0]}. "in": {"any": [0. 1]}}')
+552: i52 = int_eq(i49, 0)
debug_merge_point(0, 0, '4<main.rpyeffect:4(Name(infixEq72))>+1: {"op": "Return". "args": {"any": [0]}}')
debug_merge_point(0, 0, '153<main.rpyeffect:153([k@Name(loop2837)#304])>+0: {"op": "Swap". "type": "any". "a": 3. "b". 1}')
debug_merge_point(0, 0, '153<main.rpyeffect:153([k@Name(loop2837)#304])>+1: {"op": "Swap". "type": "any". "a": 2. "b". 1}')
debug_merge_point(0, 0, '153<main.rpyeffect:153([k@Name(loop2837)#304])>+2: {"op": "Swap". "type": "any". "a": 0. "b". 1}')
debug_merge_point(0, 0, '153<main.rpyeffect:153([k@Name(loop2837)#304])>+3: {"op": "IfZero". "cond": 1. "then": {"tag": null. "target": 152. "args": {"any": []}}}')
guard_false(i52, descr=<Guard0x1285fb880>) [p0, p1, p2, p3, p4, p5, p6, p7, p8, p9, p10, p11]
debug_merge_point(0, 0, '152<main.rpyeffect:152([then#308])>+0: {"op": "Push". "target": 151. "args": {"any": [3. 0. 2]}}')
debug_merge_point(0, 0, '152<main.rpyeffect:152([then#308])>+1: {"op": "Copy". "type": "any". "from": 2. "to". 0}')
debug_merge_point(0, 0, '152<main.rpyeffect:152([then#308])>+2: {"op": "Jump". "target": 146}')
debug_merge_point(0, 0, '146<main.rpyeffect:146(Name(runProduct2822))>+0: {"op": "PrimOp". "name": "freshlabel". "out": {"any": [1]}. "in": {"any": []}}')
debug_merge_point(0, 0, '146<main.rpyeffect:146(Name(runProduct2822))>+1: {"op": "NewStack". "out": 2. "target": 143. "region": 3. "args": {"any": []}. "label": 1}')
debug_merge_point(0, 0, '146<main.rpyeffect:146(Name(runProduct2822))>+2: {"op": "PushStack". "arg": 2}')
debug_merge_point(0, 0, '146<main.rpyeffect:146(Name(runProduct2822))>+3: {"op": "New". "out": 1. "targets": [144]. "args": {"any": [1]}}')
debug_merge_point(0, 0, '146<main.rpyeffect:146(Name(runProduct2822))>+4: {"op": "Jump". "target": 135}')
debug_merge_point(0, 0, '135<main.rpyeffect:135(Name(product2818))>+0: {"op": "Swap". "type": "any". "a": 0. "b". 1}')
debug_merge_point(0, 0, '135<main.rpyeffect:135(Name(product2818))>+1: {"op": "Match". "type": Interned(List916). "scrutinee": 1. "clauses": [{"tag": Interned(Nil1153). "target": 133. "args": {"any": []}}. {"tag": Interned(Cons1154). "target": 134. "args": {"any": [1. 2]}}]. "default": {"tag": Interned(19886303-1a2c-4741-824c-ff6ddc840483#[Missing Tag#371]). "target": 132. "args": {"any": []}}}')
+560: p53 = getfield_gc_r(p43, descr=<FieldP rpyeffect.data.Data.inst_tag 8>)
+572: guard_value(p53, ConstPtr(ptr54), descr=<Guard0x1285fb8b0>) [p0, p1, p2, p3, p4, p5, p6, p7, p8, p9, p10, p11]
+580: p55 = getfield_gc_r(p43, descr=<FieldP rpyeffect.stored_environment.Data__arb.inst_values_ptr 16 pure>)
+584: p57 = getarrayitem_gc_pure_r(p55, 0, descr=<ArrayP 8>)
+588: p59 = getarrayitem_gc_pure_r(p55, 1, descr=<ArrayP 8>)
debug_merge_point(0, 0, '134<main.rpyeffect:134([match_Cons1154@Name(product2818)#270])>+0: {"op": "Swap". "type": "any". "a": 0. "b". 1}')
debug_merge_point(0, 0, '134<main.rpyeffect:134([match_Cons1154@Name(product2818)#270])>+1: {"op": "Swap". "type": "any". "a": 2. "b". 1}')
debug_merge_point(0, 0, '134<main.rpyeffect:134([match_Cons1154@Name(product2818)#270])>+2: {"op": "Jump". "target": 130}')
debug_merge_point(0, 0, '130<main.rpyeffect:130(Name(b_k_28903937))>+0: {"op": "Const". "type": "ptr". "out": 3. "format": "int". "value": "<IntValue object at 0x1285db830>"}')
debug_merge_point(0, 0, '130<main.rpyeffect:130(Name(b_k_28903937))>+1: {"op": "Push". "target": 129. "args": {"any": [2. 0. 1]}}')
debug_merge_point(0, 0, '130<main.rpyeffect:130(Name(b_k_28903937))>+2: {"op": "Copy". "type": "any". "from": 3. "to". 1}')
debug_merge_point(0, 0, '130<main.rpyeffect:130(Name(b_k_28903937))>+3: {"op": "Jump". "target": 4}')
debug_merge_point(0, 0, '4<main.rpyeffect:4(Name(infixEq72))>+0: {"op": "PrimOp". "name": "infixEq(Int. Int): Boolean". "out": {"any": [0]}. "in": {"any": [0. 1]}}')
+592: p60 = new_with_vtable(descr=<SizeDescr 16>)
+700: p61 = new_with_vtable(descr=<SizeDescr 32>)
+712: p62 = new_with_vtable(descr=<SizeDescr 32>)
+724: setfield_gc(p62, ConstPtr(null), descr=<FieldP rpyeffect.stored_environment.Stack__arb.inst_tail 8 pure>)
+732: setfield_gc(p62, 143, descr=<FieldS rpyeffect.stored_environment.Stack__arb.inst_target 16 pure>)
+740: p66 = new_array_clear(0, descr=<ArrayP 8>)
+760: setfield_gc(p62, p66, descr=<FieldP rpyeffect.stored_environment.Stack__arb.inst_values_ptr 24 pure>)
+764: p68 = new_array_clear(3, descr=<ArrayP 8>)
+784: p69 = new_with_vtable(descr=<SizeDescr 24>)
+796: setfield_gc(p69, ConstPtr(ptr70), descr=<FieldP rpyeffect.codata.CoData.inst_vtable 8 pure>)
+800: p72 = new_array_clear(1, descr=<ArrayP 8>)
+820: setarrayitem_gc(p72, 0, p60, descr=<ArrayP 8>)
+824: setfield_gc(p69, p72, descr=<FieldP rpyeffect.stored_environment.CoData__arb.inst_values_ptr 16 pure>)
+828: setarrayitem_gc(p68, 0, p69, descr=<ArrayP 8>)
+832: setarrayitem_gc(p68, 1, p57, descr=<ArrayP 8>)
+836: setarrayitem_gc(p68, 2, p59, descr=<ArrayP 8>)
+840: p77 = new_with_vtable(descr=<SizeDescr 40>)
+852: p78 = new_with_vtable(descr=<SizeDescr 32>)
+864: setfield_gc(p78, p44, descr=<FieldP rpyeffect.stored_environment.Stack__arb.inst_tail 8 pure>)
+868: setfield_gc(p78, 151, descr=<FieldS rpyeffect.stored_environment.Stack__arb.inst_target 16 pure>)
+876: p81 = new_array_clear(3, descr=<ArrayP 8>)
+896: p82 = new_with_vtable(descr=<SizeDescr 16>)
+908: setfield_gc(p82, i50, descr=<FieldS rpyeffect.value.IntValue.inst_value 8 pure>)
+912: setarrayitem_gc(p81, 0, p82, descr=<ArrayP 8>)
+916: p84 = new_with_vtable(descr=<SizeDescr 16>)
+928: setfield_gc(p84, i49, descr=<FieldS rpyeffect.value.IntValue.inst_value 8 pure>)
+932: setarrayitem_gc(p81, 1, p84, descr=<ArrayP 8>)
+936: setarrayitem_gc(p81, 2, p43, descr=<ArrayP 8>)
+940: setfield_gc(p78, p81, descr=<FieldP rpyeffect.stored_environment.Stack__arb.inst_values_ptr 24 pure>)
+944: setfield_gc(p60, 149504, descr=<FieldS rpyeffect.stack.Label.inst_origin 8 pure>)
+956: setfield_gc(p77, p78, descr=<FieldP rpyeffect.stack.MetaStackLike.inst_stack 8 pure>)
+960: setfield_gc(p77, p31, descr=<FieldP rpyeffect.stack.MetaStack.inst_label 16 pure>)
+964: setfield_gc(p77, p32, descr=<FieldP rpyeffect.stack.MetaStack.inst_tail 32 pure>)
+968: setfield_gc(p61, 129, descr=<FieldS rpyeffect.stored_environment.Stack__arb.inst_target 16 pure>)
+976: setfield_gc(p61, p68, descr=<FieldP rpyeffect.stored_environment.Stack__arb.inst_values_ptr 24 pure>)
+980: setfield_gc(p61, p62, descr=<FieldP rpyeffect.stored_environment.Stack__arb.inst_tail 8 pure>)
+984: setfield_gc(p77, ConstPtr(null), descr=<FieldP rpyeffect.stack.MetaStack.inst_region 24 pure>)
+1000: jump(p60, p61, p0, p77, ConstPtr(ptr90), p57, ConstPtr(ptr91), p69, ConstPtr(ptr91), ConstPtr(ptr92), p4, p5, descr=TargetToken(4972229024))
+1060: --end of the loop--
[a24339] jit-log-opt-bridge}
[a72e57] {jit-log-opt-bridge
# bridge out of Guard 0x1285faad0 with 40 ops
[p0, p1, p2, p3, p4, p5, p6, p7, p8, p9, p10, p11]
+152: guard_not_invalidated(descr=<Guard0x1285eb220>) [p0, p1, p2, p3, p4, p5, p6, p7, p8, p9, p10, p11]
+156: i12 = getfield_gc_i(p1, descr=<FieldS rpyeffect.value.IntValue.inst_value 8 pure>)
+160: i13 = getfield_gc_i(p2, descr=<FieldS rpyeffect.value.IntValue.inst_value 8 pure>)
+164: i14 = int_eq(i12, i13)
debug_merge_point(0, 0, '4<main.rpyeffect:4(Name(infixEq72))>+1: {"op": "Return". "args": {"any": [0]}}')
+172: guard_nonnull(p9, descr=<Guard0x1285fbbb0>) [p0, p1, p2, p3, p4, p5, p6, p7, p8, p9, p10, p11]
+180: i15 = getfield_gc_i(p9, descr=<FieldS rpyeffect.stored_environment.Stack__arb.inst_target 16 pure>)
+184: guard_value(i15, 129, descr=<Guard0x1285fbbe0>) [p0, p1, p2, p3, p4, p5, p6, p7, p8, p9, p10, p11]
+196: p17 = getfield_gc_r(p9, descr=<FieldP rpyeffect.stored_environment.Stack__arb.inst_values_ptr 24 pure>)
+200: i18 = arraylen_gc(p17, descr=<ArrayP 8>)
+204: guard_value(i18, 3, descr=<Guard0x1285fbc10>) [p0, p1, p2, p3, p4, p5, p6, p7, p8, p9, p10, p11]
+216: p21 = getarrayitem_gc_pure_r(p17, 0, descr=<ArrayP 8>)
+220: p23 = getarrayitem_gc_pure_r(p17, 1, descr=<ArrayP 8>)
+224: p25 = getarrayitem_gc_pure_r(p17, 2, descr=<ArrayP 8>)
+228: p26 = getfield_gc_r(p9, descr=<FieldP rpyeffect.stored_environment.Stack__arb.inst_tail 8 pure>)
debug_merge_point(0, 0, '129<main.rpyeffect:129([k@Name(b_k_28903937)#255])>+0: {"op": "Swap". "type": "any". "a": 0. "b". 3}')
debug_merge_point(0, 0, '129<main.rpyeffect:129([k@Name(b_k_28903937)#255])>+1: {"op": "Swap". "type": "any". "a": 2. "b". 3}')
debug_merge_point(0, 0, '129<main.rpyeffect:129([k@Name(b_k_28903937)#255])>+2: {"op": "IfZero". "cond": 2. "then": {"tag": null. "target": 127. "args": {"any": []}}}')
+232: guard_false(i14, descr=<Guard0x1285fbc40>) [p0, p1, p2, p3, p4, p5, p6, p7, p8, p9, p10, p11]
+240: guard_nonnull(p26, descr=<Guard0x1285fbc70>) [p0, p1, p2, p3, p4, p5, p6, p7, p8, p9, p10, p11]
+248: i27 = getfield_gc_i(p26, descr=<FieldS rpyeffect.stored_environment.Stack__arb.inst_target 16 pure>)
+252: guard_value(i27, 143, descr=<Guard0x1285fbca0>) [p0, p1, p2, p3, p4, p5, p6, p7, p8, p9, p10, p11]
debug_merge_point(0, 0, '127<main.rpyeffect:127([then#259])>+0: {"op": "Push". "target": 126. "args": {"any": [3]}}')
debug_merge_point(0, 0, '127<main.rpyeffect:127([then#259])>+1: {"op": "Jump". "target": 135}')
debug_merge_point(0, 0, '135<main.rpyeffect:135(Name(product2818))>+0: {"op": "Swap". "type": "any". "a": 0. "b". 1}')
debug_merge_point(0, 0, '135<main.rpyeffect:135(Name(product2818))>+1: {"op": "Match". "type": Interned(List916). "scrutinee": 1. "clauses": [{"tag": Interned(Nil1153). "target": 133. "args": {"any": []}}. {"tag": Interned(Cons1154). "target": 134. "args": {"any": [1. 2]}}]. "default": {"tag": Interned(19886303-1a2c-4741-824c-ff6ddc840483#[Missing Tag#371]). "target": 132. "args": {"any": []}}}')
+264: p29 = getfield_gc_r(p25, descr=<FieldP rpyeffect.data.Data.inst_tag 8>)
+272: guard_value(p29, ConstPtr(ptr30), descr=<Guard0x1285fbcd0>) [p0, p1, p2, p3, p4, p5, p6, p7, p8, p9, p10, p11]
+280: p31 = getfield_gc_r(p25, descr=<FieldP rpyeffect.stored_environment.Data__arb.inst_values_ptr 16 pure>)
+284: p33 = getarrayitem_gc_pure_r(p31, 0, descr=<ArrayP 8>)
+288: p35 = getarrayitem_gc_pure_r(p31, 1, descr=<ArrayP 8>)
debug_merge_point(0, 0, '134<main.rpyeffect:134([match_Cons1154@Name(product2818)#270])>+0: {"op": "Swap". "type": "any". "a": 0. "b". 1}')
debug_merge_point(0, 0, '134<main.rpyeffect:134([match_Cons1154@Name(product2818)#270])>+1: {"op": "Swap". "type": "any". "a": 2. "b". 1}')
debug_merge_point(0, 0, '134<main.rpyeffect:134([match_Cons1154@Name(product2818)#270])>+2: {"op": "Jump". "target": 130}')
debug_merge_point(0, 0, '130<main.rpyeffect:130(Name(b_k_28903937))>+0: {"op": "Const". "type": "ptr". "out": 3. "format": "int". "value": "<IntValue object at 0x1285db830>"}')
debug_merge_point(0, 0, '130<main.rpyeffect:130(Name(b_k_28903937))>+1: {"op": "Push". "target": 129. "args": {"any": [2. 0. 1]}}')
debug_merge_point(0, 0, '130<main.rpyeffect:130(Name(b_k_28903937))>+2: {"op": "Copy". "type": "any". "from": 3. "to". 1}')
debug_merge_point(0, 0, '130<main.rpyeffect:130(Name(b_k_28903937))>+3: {"op": "Jump". "target": 4}')
debug_merge_point(0, 0, '4<main.rpyeffect:4(Name(infixEq72))>+0: {"op": "PrimOp". "name": "infixEq(Int. Int): Boolean". "out": {"any": [0]}. "in": {"any": [0. 1]}}')
+292: jump(p8, p26, p23, p21, p33, p35, p0, p10, p11, p5, p6, p7, descr=TargetToken(4972229088))
+332: --end of the loop--
[a7a116] jit-log-opt-bridge}
[15da3d29] {jit-summary
Tracing:      	4	0.001082
Backend:      	4	0.000371
TOTAL:      		0.359089
ops:             	3199
heapcached ops:  	693
recorded ops:    	728
  calls:         	190
guards:          	127
opt ops:         	273
opt guards:      	41
opt guards shared:	35
forcings:        	0
abort: trace too long:	0
abort: compiling:	0
abort: vable escape:	0
abort: bad loop: 	0
abort: force quasi-immut:	0
abort: segmenting trace:	0
virtualizables forced:	0
nvirtuals:       	8
nvholes:         	0
nvreused:        	0
vecopt tried:    	0
vecopt success:  	0
Total # of loops:	2
Total # of bridges:	2
Freed # of loops:	0
Freed # of bridges:	0
[15da6945] jit-summary}
