[3e5c5b] {jit-log-opt-loop
# Loop 2 (4<main.rpyeffect:4(Name(infixEq72))>+0: {"op": "PrimOp", "name": "infixEq(Int, Int): Boolean", "out": {"any": [0]}, "in": {"any": [0, 1]}}) : loop with 69 ops
[p0, p1, p2, p3, p4]
+248: p5 = getfield_gc_r(p2, descr=<FieldP rpyeffect.environment.Environment.inst_values_ptr 16>)
+256: p7 = getarrayitem_gc_r(p5, 0, descr=<ArrayP 8>)
+260: p9 = getarrayitem_gc_r(p5, 1, descr=<ArrayP 8>)
+264: p11 = getarrayitem_gc_r(p5, 2, descr=<ArrayP 8>)
+268: p13 = getarrayitem_gc_r(p5, 3, descr=<ArrayP 8>)
+272: p15 = getarrayitem_gc_r(p5, 4, descr=<ArrayP 8>)
+276: p17 = getarrayitem_gc_r(p5, 5, descr=<ArrayP 8>)
+280: p19 = getarrayitem_gc_r(p5, 6, descr=<ArrayP 8>)
+284: label(p0, p1, p2, p3, p4, p7, p9, p11, p13, p15, p17, p19, descr=TargetToken(4838010976))
debug_merge_point(0, 0, '4<main.rpyeffect:4(Name(infixEq72))>+0: {"op": "PrimOp". "name": "infixEq(Int. Int): Boolean". "out": {"any": [0]}. "in": {"any": [0. 1]}}')
+304: guard_not_invalidated(descr=<Guard0x1205e8bf0>) [p2, p7, p9, p11, p13, p15, p17, p19, p0, p1, p3, p4]
+308: i20 = getfield_gc_i(p7, descr=<FieldS rpyeffect.value.IntValue.inst_value 8 pure>)
+312: i21 = getfield_gc_i(p9, descr=<FieldS rpyeffect.value.IntValue.inst_value 8 pure>)
+316: i22 = int_eq(i20, i21)
debug_merge_point(0, 0, '4<main.rpyeffect:4(Name(infixEq72))>+1: {"op": "Return". "args": {"any": [0]}}')
+324: guard_nonnull(p1, descr=<Guard0x1205fe9e0>) [p2, p7, p9, p11, p13, p15, p17, p19, p0, p1, p3, p4]
+336: i23 = getfield_gc_i(p1, descr=<FieldS rpyeffect.stored_environment.Stack__arb.inst_target 16 pure>)
+344: guard_value(i23, 133, descr=<Guard0x1205fea10>) [p2, p7, p9, p11, p13, p15, p17, p19, p0, p1, p3, p4]
+356: p25 = getfield_gc_r(p1, descr=<FieldP rpyeffect.stored_environment.Stack__1.inst_values_ptr_0 32 pure>)
+360: p26 = getfield_gc_r(p1, descr=<FieldP rpyeffect.stored_environment.Stack__arb.inst_tail 8 pure>)
debug_merge_point(0, 0, '133<main.rpyeffect:133([k@Name(fibonacci2817)#254])>+0: {"op": "Swap". "type": "any". "a": 0. "b". 1}')
debug_merge_point(0, 0, '133<main.rpyeffect:133([k@Name(fibonacci2817)#254])>+1: {"op": "IfZero". "cond": 1. "then": {"tag": null. "target": 132. "args": {"any": []}}}')
+364: guard_false(i22, descr=<Guard0x1205fea40>) [p2, p7, p9, p11, p13, p15, p17, p19, p0, p1, p3, p4]
+372: guard_nonnull(p26, descr=<Guard0x1205fea70>) [p2, p7, p9, p11, p13, p15, p17, p19, p0, p1, p3, p4]
+380: i27 = getfield_gc_i(p26, descr=<FieldS rpyeffect.stored_environment.Stack__arb.inst_target 16 pure>)
+384: guard_value(i27, 128, descr=<Guard0x1205feaa0>) [p2, p7, p9, p11, p13, p15, p17, p19, p0, p1, p3, p4]
debug_merge_point(0, 0, '132<main.rpyeffect:132([then#258])>+0: {"op": "Const". "type": "ptr". "out": 1. "format": "int". "value": "<IntValue object at 0x1205db130>"}')
debug_merge_point(0, 0, '132<main.rpyeffect:132([then#258])>+1: {"op": "Push". "target": 131. "args": {"any": [0]}}')
debug_merge_point(0, 0, '132<main.rpyeffect:132([then#258])>+2: {"op": "Jump". "target": 4}')
debug_merge_point(0, 0, '4<main.rpyeffect:4(Name(infixEq72))>+0: {"op": "PrimOp". "name": "infixEq(Int. Int): Boolean". "out": {"any": [0]}. "in": {"any": [0. 1]}}')
+396: i29 = getfield_gc_i(p25, descr=<FieldS rpyeffect.value.IntValue.inst_value 8 pure>)
+400: i31 = int_eq(i29, 1)
debug_merge_point(0, 0, '4<main.rpyeffect:4(Name(infixEq72))>+1: {"op": "Return". "args": {"any": [0]}}')
debug_merge_point(0, 0, '131<main.rpyeffect:131([k@[then#258]#262])>+0: {"op": "Swap". "type": "any". "a": 0. "b". 1}')
debug_merge_point(0, 0, '131<main.rpyeffect:131([k@[then#258]#262])>+1: {"op": "IfZero". "cond": 1. "then": {"tag": null. "target": 130. "args": {"any": []}}}')
guard_true(i31, descr=<Guard0x1205fead0>) [p2, p7, p9, p11, p13, p15, p17, p19, p0, p1, p3, p4]
debug_merge_point(0, 0, '131<main.rpyeffect:131([k@[then#258]#262])>+2: {"op": "Const". "type": "ptr". "out": 0. "format": "int". "value": "<IntValue object at 0x1205db140>"}')
debug_merge_point(0, 0, '131<main.rpyeffect:131([k@[then#258]#262])>+3: {"op": "Return". "args": {"any": [0]}}')
+408: p32 = getfield_gc_r(p26, descr=<FieldP rpyeffect.stored_environment.Stack__1.inst_values_ptr_0 32 pure>)
+412: p33 = getfield_gc_r(p26, descr=<FieldP rpyeffect.stored_environment.Stack__arb.inst_tail 8 pure>)
+416: guard_nonnull(p33, descr=<Guard0x1205feb00>) [p2, p7, p9, p11, p13, p15, p17, p19, p0, p1, p3, p4]
+424: i34 = getfield_gc_i(p33, descr=<FieldS rpyeffect.stored_environment.Stack__arb.inst_target 16 pure>)
+428: guard_value(i34, 126, descr=<Guard0x1205feb30>) [p2, p7, p9, p11, p13, p15, p17, p19, p0, p1, p3, p4]
debug_merge_point(0, 0, '128<main.rpyeffect:128([k@[k@[then#266]#270]#273])>+0: {"op": "Const". "type": "ptr". "out": 2. "format": "int". "value": "<IntValue object at 0x1205db150>"}')
debug_merge_point(0, 0, '128<main.rpyeffect:128([k@[k@[then#266]#270]#273])>+1: {"op": "Push". "target": 127. "args": {"any": [0]}}')
debug_merge_point(0, 0, '128<main.rpyeffect:128([k@[k@[then#266]#270]#273])>+2: {"op": "Copy". "type": "any". "from": 1. "to". 0}')
debug_merge_point(0, 0, '128<main.rpyeffect:128([k@[k@[then#266]#270]#273])>+3: {"op": "Copy". "type": "any". "from": 2. "to". 1}')
debug_merge_point(0, 0, '128<main.rpyeffect:128([k@[k@[then#266]#270]#273])>+4: {"op": "Jump". "target": 8}')
debug_merge_point(0, 0, '8<main.rpyeffect:8(Name(infixSub105))>+0: {"op": "PrimOp". "name": "infixSub(Int. Int): Int". "out": {"any": [0]}. "in": {"any": [0. 1]}}')
+440: i36 = getfield_gc_i(p32, descr=<FieldS rpyeffect.value.IntValue.inst_value 8 pure>)
+444: i38 = int_sub(i36, 2)
debug_merge_point(0, 0, '8<main.rpyeffect:8(Name(infixSub105))>+1: {"op": "Return". "args": {"any": [0]}}')
debug_merge_point(0, 0, '127<main.rpyeffect:127([k@[k@[k@[then#266]#270]#273]#277])>+0: {"op": "Push". "target": 126. "args": {"any": [1]}}')
debug_merge_point(0, 0, '127<main.rpyeffect:127([k@[k@[k@[then#266]#270]#273]#277])>+1: {"op": "Jump". "target": 134}')
debug_merge_point(0, 0, '134<main.rpyeffect:134(Name(fibonacci2817))>+0: {"op": "Const". "type": "ptr". "out": 1. "format": "int". "value": "<IntValue object at 0x1205db430>"}')
debug_merge_point(0, 0, '134<main.rpyeffect:134(Name(fibonacci2817))>+1: {"op": "Push". "target": 133. "args": {"any": [0]}}')
debug_merge_point(0, 0, '134<main.rpyeffect:134(Name(fibonacci2817))>+2: {"op": "Jump". "target": 4}')
debug_merge_point(0, 0, '4<main.rpyeffect:4(Name(infixEq72))>+0: {"op": "PrimOp". "name": "infixEq(Int. Int): Boolean". "out": {"any": [0]}. "in": {"any": [0. 1]}}')
+448: p39 = new_with_vtable(descr=<SizeDescr 40>)
+552: p40 = new_with_vtable(descr=<SizeDescr 40>)
+564: setfield_gc(p40, p33, descr=<FieldP rpyeffect.stored_environment.Stack__arb.inst_tail 8 pure>)
+568: setfield_gc(p40, 126, descr=<FieldS rpyeffect.stored_environment.Stack__arb.inst_target 16 pure>)
+580: setfield_gc(p40, ConstPtr(ptr42), descr=<FieldP rpyeffect.stored_environment.Stack__1.inst_values_ptr_0 32 pure>)
+584: p43 = new_with_vtable(descr=<SizeDescr 16>)
+596: setfield_gc(p43, i38, descr=<FieldS rpyeffect.value.IntValue.inst_value 8 pure>)
+600: setfield_gc(p39, 133, descr=<FieldS rpyeffect.stored_environment.Stack__arb.inst_target 16 pure>)
+608: setfield_gc(p39, p43, descr=<FieldP rpyeffect.stored_environment.Stack__1.inst_values_ptr_0 32 pure>)
+612: setfield_gc(p39, p40, descr=<FieldP rpyeffect.stored_environment.Stack__arb.inst_tail 8 pure>)
+640: jump(p0, p39, p2, p3, p4, p43, ConstPtr(ptr45), ConstPtr(ptr46), p13, p15, p17, p19, descr=TargetToken(4838010976))
+660: --end of the loop--
[3f9b5d] jit-log-opt-loop}
[455871] {jit-log-opt-loop
# Loop 3 (4<main.rpyeffect:4(Name(infixEq72))>+0: {"op": "PrimOp", "name": "infixEq(Int, Int): Boolean", "out": {"any": [0]}, "in": {"any": [0, 1]}}) : entry bridge with 49 ops
[p0, p1, p2, p3, p4]
+216: p5 = getfield_gc_r(p2, descr=<FieldP rpyeffect.environment.Environment.inst_values_ptr 16>)
+224: p7 = getarrayitem_gc_r(p5, 0, descr=<ArrayP 8>)
+228: p9 = getarrayitem_gc_r(p5, 1, descr=<ArrayP 8>)
+232: p11 = getarrayitem_gc_r(p5, 2, descr=<ArrayP 8>)
+236: p13 = getarrayitem_gc_r(p5, 3, descr=<ArrayP 8>)
+240: p15 = getarrayitem_gc_r(p5, 4, descr=<ArrayP 8>)
+244: p17 = getarrayitem_gc_r(p5, 5, descr=<ArrayP 8>)
+248: p19 = getarrayitem_gc_r(p5, 6, descr=<ArrayP 8>)
debug_merge_point(0, 0, '4<main.rpyeffect:4(Name(infixEq72))>+0: {"op": "PrimOp". "name": "infixEq(Int. Int): Boolean". "out": {"any": [0]}. "in": {"any": [0. 1]}}')
+252: guard_not_invalidated(descr=<Guard0x1205e8c38>) [p2, p7, p9, p11, p13, p15, p17, p19, p0, p1, p3, p4]
+256: i20 = getfield_gc_i(p7, descr=<FieldS rpyeffect.value.IntValue.inst_value 8 pure>)
+260: i21 = getfield_gc_i(p9, descr=<FieldS rpyeffect.value.IntValue.inst_value 8 pure>)
+264: i22 = int_eq(i20, i21)
debug_merge_point(0, 0, '4<main.rpyeffect:4(Name(infixEq72))>+1: {"op": "Return". "args": {"any": [0]}}')
+272: guard_nonnull(p1, descr=<Guard0x1205fec80>) [p2, p7, p9, p11, p13, p15, p17, p19, p0, p1, p3, p4]
+284: i23 = getfield_gc_i(p1, descr=<FieldS rpyeffect.stored_environment.Stack__arb.inst_target 16 pure>)
+292: guard_value(i23, 131, descr=<Guard0x1205fecb0>) [p2, p7, p9, p11, p13, p15, p17, p19, p0, p1, p3, p4]
+304: p25 = getfield_gc_r(p1, descr=<FieldP rpyeffect.stored_environment.Stack__1.inst_values_ptr_0 32 pure>)
+308: p26 = getfield_gc_r(p1, descr=<FieldP rpyeffect.stored_environment.Stack__arb.inst_tail 8 pure>)
debug_merge_point(0, 0, '131<main.rpyeffect:131([k@[then#258]#262])>+0: {"op": "Swap". "type": "any". "a": 0. "b". 1}')
debug_merge_point(0, 0, '131<main.rpyeffect:131([k@[then#258]#262])>+1: {"op": "IfZero". "cond": 1. "then": {"tag": null. "target": 130. "args": {"any": []}}}')
+312: guard_false(i22, descr=<Guard0x1205fece0>) [p2, p7, p9, p11, p13, p15, p17, p19, p0, p1, p3, p4]
+320: guard_nonnull(p26, descr=<Guard0x1205fed10>) [p2, p7, p9, p11, p13, p15, p17, p19, p0, p1, p3, p4]
+328: i27 = getfield_gc_i(p26, descr=<FieldS rpyeffect.stored_environment.Stack__arb.inst_target 16 pure>)
+332: guard_value(i27, 128, descr=<Guard0x1205fed40>) [p2, p7, p9, p11, p13, p15, p17, p19, p0, p1, p3, p4]
debug_merge_point(0, 0, '130<main.rpyeffect:130([then#266])>+0: {"op": "Const". "type": "ptr". "out": 1. "format": "int". "value": "<IntValue object at 0x1205db510>"}')
debug_merge_point(0, 0, '130<main.rpyeffect:130([then#266])>+1: {"op": "Push". "target": 129. "args": {"any": [0]}}')
debug_merge_point(0, 0, '130<main.rpyeffect:130([then#266])>+2: {"op": "Jump". "target": 8}')
debug_merge_point(0, 0, '8<main.rpyeffect:8(Name(infixSub105))>+0: {"op": "PrimOp". "name": "infixSub(Int. Int): Int". "out": {"any": [0]}. "in": {"any": [0. 1]}}')
+344: i29 = getfield_gc_i(p25, descr=<FieldS rpyeffect.value.IntValue.inst_value 8 pure>)
+348: i31 = int_sub(i29, 1)
debug_merge_point(0, 0, '8<main.rpyeffect:8(Name(infixSub105))>+1: {"op": "Return". "args": {"any": [0]}}')
debug_merge_point(0, 0, '129<main.rpyeffect:129([k@[then#266]#270])>+0: {"op": "Push". "target": 128. "args": {"any": [1]}}')
debug_merge_point(0, 0, '129<main.rpyeffect:129([k@[then#266]#270])>+1: {"op": "Jump". "target": 134}')
debug_merge_point(0, 0, '134<main.rpyeffect:134(Name(fibonacci2817))>+0: {"op": "Const". "type": "ptr". "out": 1. "format": "int". "value": "<IntValue object at 0x1205db430>"}')
debug_merge_point(0, 0, '134<main.rpyeffect:134(Name(fibonacci2817))>+1: {"op": "Push". "target": 133. "args": {"any": [0]}}')
debug_merge_point(0, 0, '134<main.rpyeffect:134(Name(fibonacci2817))>+2: {"op": "Jump". "target": 4}')
debug_merge_point(0, 0, '4<main.rpyeffect:4(Name(infixEq72))>+0: {"op": "PrimOp". "name": "infixEq(Int. Int): Boolean". "out": {"any": [0]}. "in": {"any": [0. 1]}}')
+352: p32 = new_with_vtable(descr=<SizeDescr 40>)
+464: p33 = new_with_vtable(descr=<SizeDescr 40>)
+476: setfield_gc(p33, p26, descr=<FieldP rpyeffect.stored_environment.Stack__arb.inst_tail 8 pure>)
+480: setfield_gc(p33, 128, descr=<FieldS rpyeffect.stored_environment.Stack__arb.inst_target 16 pure>)
+488: setfield_gc(p33, p25, descr=<FieldP rpyeffect.stored_environment.Stack__1.inst_values_ptr_0 32 pure>)
+492: p35 = new_with_vtable(descr=<SizeDescr 16>)
+504: setfield_gc(p35, i31, descr=<FieldS rpyeffect.value.IntValue.inst_value 8 pure>)
+508: setfield_gc(p32, 133, descr=<FieldS rpyeffect.stored_environment.Stack__arb.inst_target 16 pure>)
+516: setfield_gc(p32, p35, descr=<FieldP rpyeffect.stored_environment.Stack__1.inst_values_ptr_0 32 pure>)
+520: setfield_gc(p32, p33, descr=<FieldP rpyeffect.stored_environment.Stack__arb.inst_tail 8 pure>)
+544: jump(p0, p32, p2, p3, p4, p35, ConstPtr(ptr37), p11, p13, p15, p17, p19, descr=TargetToken(4838010976))
+660: --end of the loop--
[45dced] jit-log-opt-loop}
[4ca789] {jit-log-opt-bridge
# bridge out of Guard 0x1205feaa0 with 49 ops
[p0, p1, p2, p3, p4, p5, p6, p7, p8, p9, p10, p11]
+136: guard_not_invalidated(descr=<Guard0x1205e8c80>) [p0, p1, p2, p3, p4, p5, p6, p7, p8, p9, p10, p11]
+140: i12 = getfield_gc_i(p1, descr=<FieldS rpyeffect.value.IntValue.inst_value 8 pure>)
+144: i13 = getfield_gc_i(p2, descr=<FieldS rpyeffect.value.IntValue.inst_value 8 pure>)
+148: i14 = int_eq(i12, i13)
debug_merge_point(0, 0, '4<main.rpyeffect:4(Name(infixEq72))>+1: {"op": "Return". "args": {"any": [0]}}')
+156: guard_nonnull(p9, descr=<Guard0x1205feef0>) [p0, p1, p2, p3, p4, p5, p6, p7, p8, p9, p10, p11]
+164: i15 = getfield_gc_i(p9, descr=<FieldS rpyeffect.stored_environment.Stack__arb.inst_target 16 pure>)
+168: guard_value(i15, 133, descr=<Guard0x1205fef20>) [p0, p1, p2, p3, p4, p5, p6, p7, p8, p9, p10, p11]
+180: p17 = getfield_gc_r(p9, descr=<FieldP rpyeffect.stored_environment.Stack__1.inst_values_ptr_0 32 pure>)
+184: p18 = getfield_gc_r(p9, descr=<FieldP rpyeffect.stored_environment.Stack__arb.inst_tail 8 pure>)
debug_merge_point(0, 0, '133<main.rpyeffect:133([k@Name(fibonacci2817)#254])>+0: {"op": "Swap". "type": "any". "a": 0. "b". 1}')
debug_merge_point(0, 0, '133<main.rpyeffect:133([k@Name(fibonacci2817)#254])>+1: {"op": "IfZero". "cond": 1. "then": {"tag": null. "target": 132. "args": {"any": []}}}')
+188: guard_false(i14, descr=<Guard0x1205fef50>) [p0, p1, p2, p3, p4, p5, p6, p7, p8, p9, p10, p11]
+196: guard_nonnull(p18, descr=<Guard0x1205fef80>) [p0, p1, p2, p3, p4, p5, p6, p7, p8, p9, p10, p11]
+204: i19 = getfield_gc_i(p18, descr=<FieldS rpyeffect.stored_environment.Stack__arb.inst_target 16 pure>)
+208: guard_value(i19, 126, descr=<Guard0x1205fefb0>) [p0, p1, p2, p3, p4, p5, p6, p7, p8, p9, p10, p11]
debug_merge_point(0, 0, '132<main.rpyeffect:132([then#258])>+0: {"op": "Const". "type": "ptr". "out": 1. "format": "int". "value": "<IntValue object at 0x1205db130>"}')
debug_merge_point(0, 0, '132<main.rpyeffect:132([then#258])>+1: {"op": "Push". "target": 131. "args": {"any": [0]}}')
debug_merge_point(0, 0, '132<main.rpyeffect:132([then#258])>+2: {"op": "Jump". "target": 4}')
debug_merge_point(0, 0, '4<main.rpyeffect:4(Name(infixEq72))>+0: {"op": "PrimOp". "name": "infixEq(Int. Int): Boolean". "out": {"any": [0]}. "in": {"any": [0. 1]}}')
+220: i21 = getfield_gc_i(p17, descr=<FieldS rpyeffect.value.IntValue.inst_value 8 pure>)
+224: i23 = int_eq(i21, 1)
debug_merge_point(0, 0, '4<main.rpyeffect:4(Name(infixEq72))>+1: {"op": "Return". "args": {"any": [0]}}')
debug_merge_point(0, 0, '131<main.rpyeffect:131([k@[then#258]#262])>+0: {"op": "Swap". "type": "any". "a": 0. "b". 1}')
debug_merge_point(0, 0, '131<main.rpyeffect:131([k@[then#258]#262])>+1: {"op": "IfZero". "cond": 1. "then": {"tag": null. "target": 130. "args": {"any": []}}}')
guard_false(i23, descr=<Guard0x1205fefe0>) [p0, p1, p2, p3, p4, p5, p6, p7, p8, p9, p10, p11]
debug_merge_point(0, 0, '130<main.rpyeffect:130([then#266])>+0: {"op": "Const". "type": "ptr". "out": 1. "format": "int". "value": "<IntValue object at 0x1205db510>"}')
debug_merge_point(0, 0, '130<main.rpyeffect:130([then#266])>+1: {"op": "Push". "target": 129. "args": {"any": [0]}}')
debug_merge_point(0, 0, '130<main.rpyeffect:130([then#266])>+2: {"op": "Jump". "target": 8}')
debug_merge_point(0, 0, '8<main.rpyeffect:8(Name(infixSub105))>+0: {"op": "PrimOp". "name": "infixSub(Int. Int): Int". "out": {"any": [0]}. "in": {"any": [0. 1]}}')
+232: i25 = int_sub(i21, 1)
debug_merge_point(0, 0, '8<main.rpyeffect:8(Name(infixSub105))>+1: {"op": "Return". "args": {"any": [0]}}')
debug_merge_point(0, 0, '129<main.rpyeffect:129([k@[then#266]#270])>+0: {"op": "Push". "target": 128. "args": {"any": [1]}}')
debug_merge_point(0, 0, '129<main.rpyeffect:129([k@[then#266]#270])>+1: {"op": "Jump". "target": 134}')
debug_merge_point(0, 0, '134<main.rpyeffect:134(Name(fibonacci2817))>+0: {"op": "Const". "type": "ptr". "out": 1. "format": "int". "value": "<IntValue object at 0x1205db430>"}')
debug_merge_point(0, 0, '134<main.rpyeffect:134(Name(fibonacci2817))>+1: {"op": "Push". "target": 133. "args": {"any": [0]}}')
debug_merge_point(0, 0, '134<main.rpyeffect:134(Name(fibonacci2817))>+2: {"op": "Jump". "target": 4}')
debug_merge_point(0, 0, '4<main.rpyeffect:4(Name(infixEq72))>+0: {"op": "PrimOp". "name": "infixEq(Int. Int): Boolean". "out": {"any": [0]}. "in": {"any": [0. 1]}}')
+236: p26 = new_with_vtable(descr=<SizeDescr 40>)
+340: p27 = new_with_vtable(descr=<SizeDescr 40>)
+352: setfield_gc(p27, p18, descr=<FieldP rpyeffect.stored_environment.Stack__arb.inst_tail 8 pure>)
+356: setfield_gc(p27, 128, descr=<FieldS rpyeffect.stored_environment.Stack__arb.inst_target 16 pure>)
+364: setfield_gc(p27, p17, descr=<FieldP rpyeffect.stored_environment.Stack__1.inst_values_ptr_0 32 pure>)
+368: p29 = new_with_vtable(descr=<SizeDescr 16>)
+380: setfield_gc(p29, i25, descr=<FieldS rpyeffect.value.IntValue.inst_value 8 pure>)
+384: setfield_gc(p26, 133, descr=<FieldS rpyeffect.stored_environment.Stack__arb.inst_target 16 pure>)
+392: setfield_gc(p26, p29, descr=<FieldP rpyeffect.stored_environment.Stack__1.inst_values_ptr_0 32 pure>)
+396: setfield_gc(p26, p27, descr=<FieldP rpyeffect.stored_environment.Stack__arb.inst_tail 8 pure>)
+420: jump(p8, p26, p0, p10, p11, p29, ConstPtr(ptr31), p3, p4, p5, p6, p7, descr=TargetToken(4838010976))
+452: --end of the loop--
[4d2f9a] jit-log-opt-bridge}
[4f943b] {jit-log-opt-bridge
# bridge out of Guard 0x1205fead0 with 49 ops
[p0, p1, p2, p3, p4, p5, p6, p7, p8, p9, p10, p11]
+136: guard_not_invalidated(descr=<Guard0x1205e8cc8>) [p0, p1, p2, p3, p4, p5, p6, p7, p8, p9, p10, p11]
+140: i12 = getfield_gc_i(p1, descr=<FieldS rpyeffect.value.IntValue.inst_value 8 pure>)
+144: i13 = getfield_gc_i(p2, descr=<FieldS rpyeffect.value.IntValue.inst_value 8 pure>)
+148: i14 = int_eq(i12, i13)
debug_merge_point(0, 0, '4<main.rpyeffect:4(Name(infixEq72))>+1: {"op": "Return". "args": {"any": [0]}}')
+156: guard_nonnull(p9, descr=<Guard0x1205ff190>) [p0, p1, p2, p3, p4, p5, p6, p7, p8, p9, p10, p11]
+164: i15 = getfield_gc_i(p9, descr=<FieldS rpyeffect.stored_environment.Stack__arb.inst_target 16 pure>)
+168: guard_value(i15, 133, descr=<Guard0x1205ff1c0>) [p0, p1, p2, p3, p4, p5, p6, p7, p8, p9, p10, p11]
+180: p17 = getfield_gc_r(p9, descr=<FieldP rpyeffect.stored_environment.Stack__1.inst_values_ptr_0 32 pure>)
+184: p18 = getfield_gc_r(p9, descr=<FieldP rpyeffect.stored_environment.Stack__arb.inst_tail 8 pure>)
debug_merge_point(0, 0, '133<main.rpyeffect:133([k@Name(fibonacci2817)#254])>+0: {"op": "Swap". "type": "any". "a": 0. "b". 1}')
debug_merge_point(0, 0, '133<main.rpyeffect:133([k@Name(fibonacci2817)#254])>+1: {"op": "IfZero". "cond": 1. "then": {"tag": null. "target": 132. "args": {"any": []}}}')
+188: guard_false(i14, descr=<Guard0x1205ff1f0>) [p0, p1, p2, p3, p4, p5, p6, p7, p8, p9, p10, p11]
+196: guard_nonnull(p18, descr=<Guard0x1205ff220>) [p0, p1, p2, p3, p4, p5, p6, p7, p8, p9, p10, p11]
+204: i19 = getfield_gc_i(p18, descr=<FieldS rpyeffect.stored_environment.Stack__arb.inst_target 16 pure>)
+208: guard_value(i19, 128, descr=<Guard0x1205ff250>) [p0, p1, p2, p3, p4, p5, p6, p7, p8, p9, p10, p11]
debug_merge_point(0, 0, '132<main.rpyeffect:132([then#258])>+0: {"op": "Const". "type": "ptr". "out": 1. "format": "int". "value": "<IntValue object at 0x1205db130>"}')
debug_merge_point(0, 0, '132<main.rpyeffect:132([then#258])>+1: {"op": "Push". "target": 131. "args": {"any": [0]}}')
debug_merge_point(0, 0, '132<main.rpyeffect:132([then#258])>+2: {"op": "Jump". "target": 4}')
debug_merge_point(0, 0, '4<main.rpyeffect:4(Name(infixEq72))>+0: {"op": "PrimOp". "name": "infixEq(Int. Int): Boolean". "out": {"any": [0]}. "in": {"any": [0. 1]}}')
+220: i21 = getfield_gc_i(p17, descr=<FieldS rpyeffect.value.IntValue.inst_value 8 pure>)
+224: i23 = int_eq(i21, 1)
debug_merge_point(0, 0, '4<main.rpyeffect:4(Name(infixEq72))>+1: {"op": "Return". "args": {"any": [0]}}')
debug_merge_point(0, 0, '131<main.rpyeffect:131([k@[then#258]#262])>+0: {"op": "Swap". "type": "any". "a": 0. "b". 1}')
debug_merge_point(0, 0, '131<main.rpyeffect:131([k@[then#258]#262])>+1: {"op": "IfZero". "cond": 1. "then": {"tag": null. "target": 130. "args": {"any": []}}}')
guard_false(i23, descr=<Guard0x1205ff280>) [p0, p1, p2, p3, p4, p5, p6, p7, p8, p9, p10, p11]
debug_merge_point(0, 0, '130<main.rpyeffect:130([then#266])>+0: {"op": "Const". "type": "ptr". "out": 1. "format": "int". "value": "<IntValue object at 0x1205db510>"}')
debug_merge_point(0, 0, '130<main.rpyeffect:130([then#266])>+1: {"op": "Push". "target": 129. "args": {"any": [0]}}')
debug_merge_point(0, 0, '130<main.rpyeffect:130([then#266])>+2: {"op": "Jump". "target": 8}')
debug_merge_point(0, 0, '8<main.rpyeffect:8(Name(infixSub105))>+0: {"op": "PrimOp". "name": "infixSub(Int. Int): Int". "out": {"any": [0]}. "in": {"any": [0. 1]}}')
+232: i25 = int_sub(i21, 1)
debug_merge_point(0, 0, '8<main.rpyeffect:8(Name(infixSub105))>+1: {"op": "Return". "args": {"any": [0]}}')
debug_merge_point(0, 0, '129<main.rpyeffect:129([k@[then#266]#270])>+0: {"op": "Push". "target": 128. "args": {"any": [1]}}')
debug_merge_point(0, 0, '129<main.rpyeffect:129([k@[then#266]#270])>+1: {"op": "Jump". "target": 134}')
debug_merge_point(0, 0, '134<main.rpyeffect:134(Name(fibonacci2817))>+0: {"op": "Const". "type": "ptr". "out": 1. "format": "int". "value": "<IntValue object at 0x1205db430>"}')
debug_merge_point(0, 0, '134<main.rpyeffect:134(Name(fibonacci2817))>+1: {"op": "Push". "target": 133. "args": {"any": [0]}}')
debug_merge_point(0, 0, '134<main.rpyeffect:134(Name(fibonacci2817))>+2: {"op": "Jump". "target": 4}')
debug_merge_point(0, 0, '4<main.rpyeffect:4(Name(infixEq72))>+0: {"op": "PrimOp". "name": "infixEq(Int. Int): Boolean". "out": {"any": [0]}. "in": {"any": [0. 1]}}')
+236: p26 = new_with_vtable(descr=<SizeDescr 40>)
+340: p27 = new_with_vtable(descr=<SizeDescr 40>)
+352: setfield_gc(p27, p18, descr=<FieldP rpyeffect.stored_environment.Stack__arb.inst_tail 8 pure>)
+356: setfield_gc(p27, 128, descr=<FieldS rpyeffect.stored_environment.Stack__arb.inst_target 16 pure>)
+364: setfield_gc(p27, p17, descr=<FieldP rpyeffect.stored_environment.Stack__1.inst_values_ptr_0 32 pure>)
+368: p29 = new_with_vtable(descr=<SizeDescr 16>)
+380: setfield_gc(p29, i25, descr=<FieldS rpyeffect.value.IntValue.inst_value 8 pure>)
+384: setfield_gc(p26, 133, descr=<FieldS rpyeffect.stored_environment.Stack__arb.inst_target 16 pure>)
+392: setfield_gc(p26, p29, descr=<FieldP rpyeffect.stored_environment.Stack__1.inst_values_ptr_0 32 pure>)
+396: setfield_gc(p26, p27, descr=<FieldP rpyeffect.stored_environment.Stack__arb.inst_tail 8 pure>)
+420: jump(p8, p26, p0, p10, p11, p29, ConstPtr(ptr31), p3, p4, p5, p6, p7, descr=TargetToken(4838010976))
+452: --end of the loop--
[500c06] jit-log-opt-bridge}
[551faa] {jit-log-opt-bridge
# bridge out of Guard 0x1205fea40 with 58 ops
[p0, p1, p2, p3, p4, p5, p6, p7, p8, p9, p10, p11]
+152: guard_not_invalidated(descr=<Guard0x1205e8d10>) [p0, p1, p2, p3, p4, p5, p6, p7, p8, p9, p10, p11]
+156: i12 = getfield_gc_i(p1, descr=<FieldS rpyeffect.value.IntValue.inst_value 8 pure>)
+160: i13 = getfield_gc_i(p2, descr=<FieldS rpyeffect.value.IntValue.inst_value 8 pure>)
+164: i14 = int_eq(i12, i13)
debug_merge_point(0, 0, '4<main.rpyeffect:4(Name(infixEq72))>+1: {"op": "Return". "args": {"any": [0]}}')
+172: guard_nonnull(p9, descr=<Guard0x1205ff430>) [p0, p1, p2, p3, p4, p5, p6, p7, p8, p9, p10, p11]
+180: i15 = getfield_gc_i(p9, descr=<FieldS rpyeffect.stored_environment.Stack__arb.inst_target 16 pure>)
+184: guard_value(i15, 133, descr=<Guard0x1205ff460>) [p0, p1, p2, p3, p4, p5, p6, p7, p8, p9, p10, p11]
+196: p17 = getfield_gc_r(p9, descr=<FieldP rpyeffect.stored_environment.Stack__1.inst_values_ptr_0 32 pure>)
+196: p18 = getfield_gc_r(p9, descr=<FieldP rpyeffect.stored_environment.Stack__arb.inst_tail 8 pure>)
debug_merge_point(0, 0, '133<main.rpyeffect:133([k@Name(fibonacci2817)#254])>+0: {"op": "Swap". "type": "any". "a": 0. "b". 1}')
debug_merge_point(0, 0, '133<main.rpyeffect:133([k@Name(fibonacci2817)#254])>+1: {"op": "IfZero". "cond": 1. "then": {"tag": null. "target": 132. "args": {"any": []}}}')
+200: guard_true(i14, descr=<Guard0x1205ff490>) [p0, p1, p2, p3, p4, p5, p6, p7, p8, p9, p10, p11]
debug_merge_point(0, 0, '133<main.rpyeffect:133([k@Name(fibonacci2817)#254])>+2: {"op": "Const". "type": "ptr". "out": 0. "format": "int". "value": "<IntValue object at 0x1205db460>"}')
debug_merge_point(0, 0, '133<main.rpyeffect:133([k@Name(fibonacci2817)#254])>+3: {"op": "Return". "args": {"any": [0]}}')
+208: guard_nonnull(p18, descr=<Guard0x1205ff4c0>) [p0, p1, p2, p3, p4, p5, p6, p7, p8, p9, p10, p11]
+216: i19 = getfield_gc_i(p18, descr=<FieldS rpyeffect.stored_environment.Stack__arb.inst_target 16 pure>)
+220: guard_value(i19, 126, descr=<Guard0x1205ff4f0>) [p0, p1, p2, p3, p4, p5, p6, p7, p8, p9, p10, p11]
+232: p21 = getfield_gc_r(p18, descr=<FieldP rpyeffect.stored_environment.Stack__1.inst_values_ptr_0 32 pure>)
+236: p22 = getfield_gc_r(p18, descr=<FieldP rpyeffect.stored_environment.Stack__arb.inst_tail 8 pure>)
+240: guard_nonnull(p22, descr=<Guard0x1205ff520>) [p0, p1, p2, p3, p4, p5, p6, p7, p8, p9, p10, p11]
+248: i23 = getfield_gc_i(p22, descr=<FieldS rpyeffect.stored_environment.Stack__arb.inst_target 16 pure>)
+252: guard_value(i23, 128, descr=<Guard0x1205ff550>) [p0, p1, p2, p3, p4, p5, p6, p7, p8, p9, p10, p11]
debug_merge_point(0, 0, '126<main.rpyeffect:126([k@[k@[k@[k@[then#266]#270]#273]#277]#280])>+0: {"op": "Swap". "type": "any". "a": 0. "b". 1}')
debug_merge_point(0, 0, '126<main.rpyeffect:126([k@[k@[k@[k@[then#266]#270]#273]#277]#280])>+1: {"op": "Jump". "target": 6}')
debug_merge_point(0, 0, '6<main.rpyeffect:6(Name(infixAdd96))>+0: {"op": "PrimOp". "name": "infixAdd(Int. Int): Int". "out": {"any": [0]}. "in": {"any": [0. 1]}}')
+264: i25 = getfield_gc_i(p21, descr=<FieldS rpyeffect.value.IntValue.inst_value 8 pure>)
debug_merge_point(0, 0, '6<main.rpyeffect:6(Name(infixAdd96))>+1: {"op": "Return". "args": {"any": [0]}}')
+268: p26 = getfield_gc_r(p22, descr=<FieldP rpyeffect.stored_environment.Stack__1.inst_values_ptr_0 32 pure>)
+272: p27 = getfield_gc_r(p22, descr=<FieldP rpyeffect.stored_environment.Stack__arb.inst_tail 8 pure>)
debug_merge_point(0, 0, '128<main.rpyeffect:128([k@[k@[then#266]#270]#273])>+0: {"op": "Const". "type": "ptr". "out": 2. "format": "int". "value": "<IntValue object at 0x1205db150>"}')
debug_merge_point(0, 0, '128<main.rpyeffect:128([k@[k@[then#266]#270]#273])>+1: {"op": "Push". "target": 127. "args": {"any": [0]}}')
debug_merge_point(0, 0, '128<main.rpyeffect:128([k@[k@[then#266]#270]#273])>+2: {"op": "Copy". "type": "any". "from": 1. "to". 0}')
debug_merge_point(0, 0, '128<main.rpyeffect:128([k@[k@[then#266]#270]#273])>+3: {"op": "Copy". "type": "any". "from": 2. "to". 1}')
debug_merge_point(0, 0, '128<main.rpyeffect:128([k@[k@[then#266]#270]#273])>+4: {"op": "Jump". "target": 8}')
debug_merge_point(0, 0, '8<main.rpyeffect:8(Name(infixSub105))>+0: {"op": "PrimOp". "name": "infixSub(Int. Int): Int". "out": {"any": [0]}. "in": {"any": [0. 1]}}')
+276: i28 = getfield_gc_i(p26, descr=<FieldS rpyeffect.value.IntValue.inst_value 8 pure>)
+280: i30 = int_sub(i28, 2)
debug_merge_point(0, 0, '8<main.rpyeffect:8(Name(infixSub105))>+1: {"op": "Return". "args": {"any": [0]}}')
debug_merge_point(0, 0, '127<main.rpyeffect:127([k@[k@[k@[then#266]#270]#273]#277])>+0: {"op": "Push". "target": 126. "args": {"any": [1]}}')
debug_merge_point(0, 0, '127<main.rpyeffect:127([k@[k@[k@[then#266]#270]#273]#277])>+1: {"op": "Jump". "target": 134}')
debug_merge_point(0, 0, '134<main.rpyeffect:134(Name(fibonacci2817))>+0: {"op": "Const". "type": "ptr". "out": 1. "format": "int". "value": "<IntValue object at 0x1205db430>"}')
debug_merge_point(0, 0, '134<main.rpyeffect:134(Name(fibonacci2817))>+1: {"op": "Push". "target": 133. "args": {"any": [0]}}')
debug_merge_point(0, 0, '134<main.rpyeffect:134(Name(fibonacci2817))>+2: {"op": "Jump". "target": 4}')
debug_merge_point(0, 0, '4<main.rpyeffect:4(Name(infixEq72))>+0: {"op": "PrimOp". "name": "infixEq(Int. Int): Boolean". "out": {"any": [0]}. "in": {"any": [0. 1]}}')
+284: p31 = new_with_vtable(descr=<SizeDescr 40>)
+388: p32 = new_with_vtable(descr=<SizeDescr 40>)
+400: setfield_gc(p32, p27, descr=<FieldP rpyeffect.stored_environment.Stack__arb.inst_tail 8 pure>)
+404: setfield_gc(p32, 126, descr=<FieldS rpyeffect.stored_environment.Stack__arb.inst_target 16 pure>)
+412: p34 = new_with_vtable(descr=<SizeDescr 16>)
+424: setfield_gc(p34, i25, descr=<FieldS rpyeffect.value.IntValue.inst_value 8 pure>)
+428: setfield_gc(p32, p34, descr=<FieldP rpyeffect.stored_environment.Stack__1.inst_values_ptr_0 32 pure>)
+432: p35 = new_with_vtable(descr=<SizeDescr 16>)
+444: setfield_gc(p35, i30, descr=<FieldS rpyeffect.value.IntValue.inst_value 8 pure>)
+448: setfield_gc(p31, 133, descr=<FieldS rpyeffect.stored_environment.Stack__arb.inst_target 16 pure>)
+456: setfield_gc(p31, p35, descr=<FieldP rpyeffect.stored_environment.Stack__1.inst_values_ptr_0 32 pure>)
+460: setfield_gc(p31, p32, descr=<FieldP rpyeffect.stored_environment.Stack__arb.inst_tail 8 pure>)
+488: jump(p8, p31, p0, p10, p11, p35, ConstPtr(ptr37), ConstPtr(ptr38), p4, p5, p6, p7, descr=TargetToken(4838010976))
+524: --end of the loop--
[55a73f] jit-log-opt-bridge}
[584c7e] {jit-log-opt-bridge
# bridge out of Guard 0x1205fece0 with 49 ops
[p0, p1, p2, p3, p4, p5, p6, p7, p8, p9, p10, p11]
+168: guard_not_invalidated(descr=<Guard0x1205e8d58>) [p0, p1, p2, p3, p4, p5, p6, p7, p8, p9, p10, p11]
+172: i12 = getfield_gc_i(p1, descr=<FieldS rpyeffect.value.IntValue.inst_value 8 pure>)
+176: i13 = getfield_gc_i(p2, descr=<FieldS rpyeffect.value.IntValue.inst_value 8 pure>)
+180: i14 = int_eq(i12, i13)
debug_merge_point(0, 0, '4<main.rpyeffect:4(Name(infixEq72))>+1: {"op": "Return". "args": {"any": [0]}}')
+188: guard_nonnull(p9, descr=<Guard0x1205ff700>) [p0, p1, p2, p3, p4, p5, p6, p7, p8, p9, p10, p11]
+196: i15 = getfield_gc_i(p9, descr=<FieldS rpyeffect.stored_environment.Stack__arb.inst_target 16 pure>)
+200: guard_value(i15, 131, descr=<Guard0x1205ff730>) [p0, p1, p2, p3, p4, p5, p6, p7, p8, p9, p10, p11]
+212: p17 = getfield_gc_r(p9, descr=<FieldP rpyeffect.stored_environment.Stack__1.inst_values_ptr_0 32 pure>)
+212: p18 = getfield_gc_r(p9, descr=<FieldP rpyeffect.stored_environment.Stack__arb.inst_tail 8 pure>)
debug_merge_point(0, 0, '131<main.rpyeffect:131([k@[then#258]#262])>+0: {"op": "Swap". "type": "any". "a": 0. "b". 1}')
debug_merge_point(0, 0, '131<main.rpyeffect:131([k@[then#258]#262])>+1: {"op": "IfZero". "cond": 1. "then": {"tag": null. "target": 130. "args": {"any": []}}}')
+216: guard_true(i14, descr=<Guard0x1205ff760>) [p0, p1, p2, p3, p4, p5, p6, p7, p8, p9, p10, p11]
debug_merge_point(0, 0, '131<main.rpyeffect:131([k@[then#258]#262])>+2: {"op": "Const". "type": "ptr". "out": 0. "format": "int". "value": "<IntValue object at 0x1205db140>"}')
debug_merge_point(0, 0, '131<main.rpyeffect:131([k@[then#258]#262])>+3: {"op": "Return". "args": {"any": [0]}}')
+224: guard_nonnull(p18, descr=<Guard0x1205ff790>) [p0, p1, p2, p3, p4, p5, p6, p7, p8, p9, p10, p11]
+232: i19 = getfield_gc_i(p18, descr=<FieldS rpyeffect.stored_environment.Stack__arb.inst_target 16 pure>)
+236: guard_value(i19, 128, descr=<Guard0x1205ff7c0>) [p0, p1, p2, p3, p4, p5, p6, p7, p8, p9, p10, p11]
+248: p21 = getfield_gc_r(p18, descr=<FieldP rpyeffect.stored_environment.Stack__1.inst_values_ptr_0 32 pure>)
+252: p22 = getfield_gc_r(p18, descr=<FieldP rpyeffect.stored_environment.Stack__arb.inst_tail 8 pure>)
+256: guard_nonnull(p22, descr=<Guard0x1205ff7f0>) [p0, p1, p2, p3, p4, p5, p6, p7, p8, p9, p10, p11]
+264: i23 = getfield_gc_i(p22, descr=<FieldS rpyeffect.stored_environment.Stack__arb.inst_target 16 pure>)
+268: guard_value(i23, 128, descr=<Guard0x1205ff820>) [p0, p1, p2, p3, p4, p5, p6, p7, p8, p9, p10, p11]
debug_merge_point(0, 0, '128<main.rpyeffect:128([k@[k@[then#266]#270]#273])>+0: {"op": "Const". "type": "ptr". "out": 2. "format": "int". "value": "<IntValue object at 0x1205db150>"}')
debug_merge_point(0, 0, '128<main.rpyeffect:128([k@[k@[then#266]#270]#273])>+1: {"op": "Push". "target": 127. "args": {"any": [0]}}')
debug_merge_point(0, 0, '128<main.rpyeffect:128([k@[k@[then#266]#270]#273])>+2: {"op": "Copy". "type": "any". "from": 1. "to". 0}')
debug_merge_point(0, 0, '128<main.rpyeffect:128([k@[k@[then#266]#270]#273])>+3: {"op": "Copy". "type": "any". "from": 2. "to". 1}')
debug_merge_point(0, 0, '128<main.rpyeffect:128([k@[k@[then#266]#270]#273])>+4: {"op": "Jump". "target": 8}')
debug_merge_point(0, 0, '8<main.rpyeffect:8(Name(infixSub105))>+0: {"op": "PrimOp". "name": "infixSub(Int. Int): Int". "out": {"any": [0]}. "in": {"any": [0. 1]}}')
+280: i25 = getfield_gc_i(p21, descr=<FieldS rpyeffect.value.IntValue.inst_value 8 pure>)
+284: i27 = int_sub(i25, 2)
debug_merge_point(0, 0, '8<main.rpyeffect:8(Name(infixSub105))>+1: {"op": "Return". "args": {"any": [0]}}')
debug_merge_point(0, 0, '127<main.rpyeffect:127([k@[k@[k@[then#266]#270]#273]#277])>+0: {"op": "Push". "target": 126. "args": {"any": [1]}}')
debug_merge_point(0, 0, '127<main.rpyeffect:127([k@[k@[k@[then#266]#270]#273]#277])>+1: {"op": "Jump". "target": 134}')
debug_merge_point(0, 0, '134<main.rpyeffect:134(Name(fibonacci2817))>+0: {"op": "Const". "type": "ptr". "out": 1. "format": "int". "value": "<IntValue object at 0x1205db430>"}')
debug_merge_point(0, 0, '134<main.rpyeffect:134(Name(fibonacci2817))>+1: {"op": "Push". "target": 133. "args": {"any": [0]}}')
debug_merge_point(0, 0, '134<main.rpyeffect:134(Name(fibonacci2817))>+2: {"op": "Jump". "target": 4}')
debug_merge_point(0, 0, '4<main.rpyeffect:4(Name(infixEq72))>+0: {"op": "PrimOp". "name": "infixEq(Int. Int): Boolean". "out": {"any": [0]}. "in": {"any": [0. 1]}}')
+288: p28 = new_with_vtable(descr=<SizeDescr 40>)
+400: p29 = new_with_vtable(descr=<SizeDescr 40>)
+412: setfield_gc(p29, p22, descr=<FieldP rpyeffect.stored_environment.Stack__arb.inst_tail 8 pure>)
+416: setfield_gc(p29, 126, descr=<FieldS rpyeffect.stored_environment.Stack__arb.inst_target 16 pure>)
+428: setfield_gc(p29, ConstPtr(ptr31), descr=<FieldP rpyeffect.stored_environment.Stack__1.inst_values_ptr_0 32 pure>)
+432: p32 = new_with_vtable(descr=<SizeDescr 16>)
+444: setfield_gc(p32, i27, descr=<FieldS rpyeffect.value.IntValue.inst_value 8 pure>)
+448: setfield_gc(p28, 133, descr=<FieldS rpyeffect.stored_environment.Stack__arb.inst_target 16 pure>)
+456: setfield_gc(p28, p32, descr=<FieldP rpyeffect.stored_environment.Stack__1.inst_values_ptr_0 32 pure>)
+460: setfield_gc(p28, p29, descr=<FieldP rpyeffect.stored_environment.Stack__arb.inst_tail 8 pure>)
+488: jump(p8, p28, p0, p10, p11, p32, ConstPtr(ptr34), ConstPtr(ptr35), p4, p5, p6, p7, descr=TargetToken(4838010976))
+604: --end of the loop--
[58cedd] jit-log-opt-bridge}
[5c8080] {jit-log-opt-loop
# Loop 8 (8<main.rpyeffect:8(Name(infixSub105))>+0: {"op": "PrimOp", "name": "infixSub(Int, Int): Int", "out": {"any": [0]}, "in": {"any": [0, 1]}}) : entry bridge with 36 ops
[p0, p1, p2, p3, p4]
+184: p5 = getfield_gc_r(p2, descr=<FieldP rpyeffect.environment.Environment.inst_values_ptr 16>)
+192: p7 = getarrayitem_gc_r(p5, 0, descr=<ArrayP 8>)
+196: p9 = getarrayitem_gc_r(p5, 1, descr=<ArrayP 8>)
+200: p11 = getarrayitem_gc_r(p5, 2, descr=<ArrayP 8>)
+204: p13 = getarrayitem_gc_r(p5, 3, descr=<ArrayP 8>)
+208: p15 = getarrayitem_gc_r(p5, 4, descr=<ArrayP 8>)
+212: p17 = getarrayitem_gc_r(p5, 5, descr=<ArrayP 8>)
+216: p19 = getarrayitem_gc_r(p5, 6, descr=<ArrayP 8>)
debug_merge_point(0, 0, '8<main.rpyeffect:8(Name(infixSub105))>+0: {"op": "PrimOp". "name": "infixSub(Int. Int): Int". "out": {"any": [0]}. "in": {"any": [0. 1]}}')
+220: guard_not_invalidated(descr=<Guard0x1205e8da0>) [p2, p7, p9, p11, p13, p15, p17, p19, p0, p1, p3, p4]
+224: i20 = getfield_gc_i(p7, descr=<FieldS rpyeffect.value.IntValue.inst_value 8 pure>)
+228: i21 = getfield_gc_i(p9, descr=<FieldS rpyeffect.value.IntValue.inst_value 8 pure>)
+232: i22 = int_sub(i20, i21)
debug_merge_point(0, 0, '8<main.rpyeffect:8(Name(infixSub105))>+1: {"op": "Return". "args": {"any": [0]}}')
+236: guard_nonnull(p1, descr=<Guard0x1205ff8b0>) [p2, p7, p9, p11, p13, p15, p17, p19, p0, p1, p3, p4]
+248: i23 = getfield_gc_i(p1, descr=<FieldS rpyeffect.stored_environment.Stack__arb.inst_target 16 pure>)
+256: guard_value(i23, 127, descr=<Guard0x1205ff8e0>) [p2, p7, p9, p11, p13, p15, p17, p19, p0, p1, p3, p4]
+268: p25 = getfield_gc_r(p1, descr=<FieldP rpyeffect.stored_environment.Stack__1.inst_values_ptr_0 32 pure>)
+272: p26 = getfield_gc_r(p1, descr=<FieldP rpyeffect.stored_environment.Stack__arb.inst_tail 8 pure>)
debug_merge_point(0, 0, '127<main.rpyeffect:127([k@[k@[k@[then#266]#270]#273]#277])>+0: {"op": "Push". "target": 126. "args": {"any": [1]}}')
debug_merge_point(0, 0, '127<main.rpyeffect:127([k@[k@[k@[then#266]#270]#273]#277])>+1: {"op": "Jump". "target": 134}')
debug_merge_point(0, 0, '134<main.rpyeffect:134(Name(fibonacci2817))>+0: {"op": "Const". "type": "ptr". "out": 1. "format": "int". "value": "<IntValue object at 0x1205db430>"}')
debug_merge_point(0, 0, '134<main.rpyeffect:134(Name(fibonacci2817))>+1: {"op": "Push". "target": 133. "args": {"any": [0]}}')
debug_merge_point(0, 0, '134<main.rpyeffect:134(Name(fibonacci2817))>+2: {"op": "Jump". "target": 4}')
debug_merge_point(0, 0, '4<main.rpyeffect:4(Name(infixEq72))>+0: {"op": "PrimOp". "name": "infixEq(Int. Int): Boolean". "out": {"any": [0]}. "in": {"any": [0. 1]}}')
+276: p27 = new_with_vtable(descr=<SizeDescr 40>)
+388: p28 = new_with_vtable(descr=<SizeDescr 40>)
+400: setfield_gc(p28, p26, descr=<FieldP rpyeffect.stored_environment.Stack__arb.inst_tail 8 pure>)
+404: setfield_gc(p28, 126, descr=<FieldS rpyeffect.stored_environment.Stack__arb.inst_target 16 pure>)
+412: setfield_gc(p28, p25, descr=<FieldP rpyeffect.stored_environment.Stack__1.inst_values_ptr_0 32 pure>)
+416: p30 = new_with_vtable(descr=<SizeDescr 16>)
+428: setfield_gc(p30, i22, descr=<FieldS rpyeffect.value.IntValue.inst_value 8 pure>)
+432: setfield_gc(p27, 133, descr=<FieldS rpyeffect.stored_environment.Stack__arb.inst_target 16 pure>)
+440: setfield_gc(p27, p30, descr=<FieldP rpyeffect.stored_environment.Stack__1.inst_values_ptr_0 32 pure>)
+444: setfield_gc(p27, p28, descr=<FieldP rpyeffect.stored_environment.Stack__arb.inst_tail 8 pure>)
+468: jump(p0, p27, p2, p3, p4, p30, ConstPtr(ptr32), p11, p13, p15, p17, p19, descr=TargetToken(4838010976))
+584: --end of the loop--
[5cce23] jit-log-opt-loop}
[602712] {jit-log-opt-bridge
# bridge out of Guard 0x1205feb30 with 59 ops
[p0, p1, p2, p3, p4, p5, p6, p7, p8, p9, p10, p11]
+168: guard_not_invalidated(descr=<Guard0x1205e8de8>) [p0, p1, p2, p3, p4, p5, p6, p7, p8, p9, p10, p11]
+172: i12 = getfield_gc_i(p1, descr=<FieldS rpyeffect.value.IntValue.inst_value 8 pure>)
+176: i13 = getfield_gc_i(p2, descr=<FieldS rpyeffect.value.IntValue.inst_value 8 pure>)
+180: i14 = int_eq(i12, i13)
debug_merge_point(0, 0, '4<main.rpyeffect:4(Name(infixEq72))>+1: {"op": "Return". "args": {"any": [0]}}')
+188: guard_nonnull(p9, descr=<Guard0x1205ffaf0>) [p0, p1, p2, p3, p4, p5, p6, p7, p8, p9, p10, p11]
+196: i15 = getfield_gc_i(p9, descr=<FieldS rpyeffect.stored_environment.Stack__arb.inst_target 16 pure>)
+200: guard_value(i15, 133, descr=<Guard0x1205ffb20>) [p0, p1, p2, p3, p4, p5, p6, p7, p8, p9, p10, p11]
+212: p17 = getfield_gc_r(p9, descr=<FieldP rpyeffect.stored_environment.Stack__1.inst_values_ptr_0 32 pure>)
+216: p18 = getfield_gc_r(p9, descr=<FieldP rpyeffect.stored_environment.Stack__arb.inst_tail 8 pure>)
debug_merge_point(0, 0, '133<main.rpyeffect:133([k@Name(fibonacci2817)#254])>+0: {"op": "Swap". "type": "any". "a": 0. "b". 1}')
debug_merge_point(0, 0, '133<main.rpyeffect:133([k@Name(fibonacci2817)#254])>+1: {"op": "IfZero". "cond": 1. "then": {"tag": null. "target": 132. "args": {"any": []}}}')
+220: guard_false(i14, descr=<Guard0x1205ffb50>) [p0, p1, p2, p3, p4, p5, p6, p7, p8, p9, p10, p11]
+228: guard_nonnull(p18, descr=<Guard0x1205ffb80>) [p0, p1, p2, p3, p4, p5, p6, p7, p8, p9, p10, p11]
+236: i19 = getfield_gc_i(p18, descr=<FieldS rpyeffect.stored_environment.Stack__arb.inst_target 16 pure>)
+240: guard_value(i19, 128, descr=<Guard0x1205ffbb0>) [p0, p1, p2, p3, p4, p5, p6, p7, p8, p9, p10, p11]
debug_merge_point(0, 0, '132<main.rpyeffect:132([then#258])>+0: {"op": "Const". "type": "ptr". "out": 1. "format": "int". "value": "<IntValue object at 0x1205db130>"}')
debug_merge_point(0, 0, '132<main.rpyeffect:132([then#258])>+1: {"op": "Push". "target": 131. "args": {"any": [0]}}')
debug_merge_point(0, 0, '132<main.rpyeffect:132([then#258])>+2: {"op": "Jump". "target": 4}')
debug_merge_point(0, 0, '4<main.rpyeffect:4(Name(infixEq72))>+0: {"op": "PrimOp". "name": "infixEq(Int. Int): Boolean". "out": {"any": [0]}. "in": {"any": [0. 1]}}')
+252: i21 = getfield_gc_i(p17, descr=<FieldS rpyeffect.value.IntValue.inst_value 8 pure>)
+256: i23 = int_eq(i21, 1)
debug_merge_point(0, 0, '4<main.rpyeffect:4(Name(infixEq72))>+1: {"op": "Return". "args": {"any": [0]}}')
debug_merge_point(0, 0, '131<main.rpyeffect:131([k@[then#258]#262])>+0: {"op": "Swap". "type": "any". "a": 0. "b". 1}')
debug_merge_point(0, 0, '131<main.rpyeffect:131([k@[then#258]#262])>+1: {"op": "IfZero". "cond": 1. "then": {"tag": null. "target": 130. "args": {"any": []}}}')
guard_true(i23, descr=<Guard0x1205ffbe0>) [p0, p1, p2, p3, p4, p5, p6, p7, p8, p9, p10, p11]
debug_merge_point(0, 0, '131<main.rpyeffect:131([k@[then#258]#262])>+2: {"op": "Const". "type": "ptr". "out": 0. "format": "int". "value": "<IntValue object at 0x1205db140>"}')
debug_merge_point(0, 0, '131<main.rpyeffect:131([k@[then#258]#262])>+3: {"op": "Return". "args": {"any": [0]}}')
+264: p24 = getfield_gc_r(p18, descr=<FieldP rpyeffect.stored_environment.Stack__1.inst_values_ptr_0 32 pure>)
+268: p25 = getfield_gc_r(p18, descr=<FieldP rpyeffect.stored_environment.Stack__arb.inst_tail 8 pure>)
+272: guard_nonnull(p25, descr=<Guard0x1205ffc10>) [p0, p1, p2, p3, p4, p5, p6, p7, p8, p9, p10, p11]
+280: i26 = getfield_gc_i(p25, descr=<FieldS rpyeffect.stored_environment.Stack__arb.inst_target 16 pure>)
+284: guard_value(i26, 128, descr=<Guard0x1205ffc40>) [p0, p1, p2, p3, p4, p5, p6, p7, p8, p9, p10, p11]
debug_merge_point(0, 0, '128<main.rpyeffect:128([k@[k@[then#266]#270]#273])>+0: {"op": "Const". "type": "ptr". "out": 2. "format": "int". "value": "<IntValue object at 0x1205db150>"}')
debug_merge_point(0, 0, '128<main.rpyeffect:128([k@[k@[then#266]#270]#273])>+1: {"op": "Push". "target": 127. "args": {"any": [0]}}')
debug_merge_point(0, 0, '128<main.rpyeffect:128([k@[k@[then#266]#270]#273])>+2: {"op": "Copy". "type": "any". "from": 1. "to". 0}')
debug_merge_point(0, 0, '128<main.rpyeffect:128([k@[k@[then#266]#270]#273])>+3: {"op": "Copy". "type": "any". "from": 2. "to". 1}')
debug_merge_point(0, 0, '128<main.rpyeffect:128([k@[k@[then#266]#270]#273])>+4: {"op": "Jump". "target": 8}')
debug_merge_point(0, 0, '8<main.rpyeffect:8(Name(infixSub105))>+0: {"op": "PrimOp". "name": "infixSub(Int. Int): Int". "out": {"any": [0]}. "in": {"any": [0. 1]}}')
+296: i28 = getfield_gc_i(p24, descr=<FieldS rpyeffect.value.IntValue.inst_value 8 pure>)
+300: i30 = int_sub(i28, 2)
debug_merge_point(0, 0, '8<main.rpyeffect:8(Name(infixSub105))>+1: {"op": "Return". "args": {"any": [0]}}')
debug_merge_point(0, 0, '127<main.rpyeffect:127([k@[k@[k@[then#266]#270]#273]#277])>+0: {"op": "Push". "target": 126. "args": {"any": [1]}}')
debug_merge_point(0, 0, '127<main.rpyeffect:127([k@[k@[k@[then#266]#270]#273]#277])>+1: {"op": "Jump". "target": 134}')
debug_merge_point(0, 0, '134<main.rpyeffect:134(Name(fibonacci2817))>+0: {"op": "Const". "type": "ptr". "out": 1. "format": "int". "value": "<IntValue object at 0x1205db430>"}')
debug_merge_point(0, 0, '134<main.rpyeffect:134(Name(fibonacci2817))>+1: {"op": "Push". "target": 133. "args": {"any": [0]}}')
debug_merge_point(0, 0, '134<main.rpyeffect:134(Name(fibonacci2817))>+2: {"op": "Jump". "target": 4}')
debug_merge_point(0, 0, '4<main.rpyeffect:4(Name(infixEq72))>+0: {"op": "PrimOp". "name": "infixEq(Int. Int): Boolean". "out": {"any": [0]}. "in": {"any": [0. 1]}}')
+304: p31 = new_with_vtable(descr=<SizeDescr 40>)
+408: p32 = new_with_vtable(descr=<SizeDescr 40>)
+420: setfield_gc(p32, p25, descr=<FieldP rpyeffect.stored_environment.Stack__arb.inst_tail 8 pure>)
+424: setfield_gc(p32, 126, descr=<FieldS rpyeffect.stored_environment.Stack__arb.inst_target 16 pure>)
+436: setfield_gc(p32, ConstPtr(ptr34), descr=<FieldP rpyeffect.stored_environment.Stack__1.inst_values_ptr_0 32 pure>)
+440: p35 = new_with_vtable(descr=<SizeDescr 16>)
+452: setfield_gc(p35, i30, descr=<FieldS rpyeffect.value.IntValue.inst_value 8 pure>)
+456: setfield_gc(p31, 133, descr=<FieldS rpyeffect.stored_environment.Stack__arb.inst_target 16 pure>)
+464: setfield_gc(p31, p35, descr=<FieldP rpyeffect.stored_environment.Stack__1.inst_values_ptr_0 32 pure>)
+468: setfield_gc(p31, p32, descr=<FieldP rpyeffect.stored_environment.Stack__arb.inst_tail 8 pure>)
+496: jump(p8, p31, p0, p10, p11, p35, ConstPtr(ptr37), ConstPtr(ptr38), p4, p5, p6, p7, descr=TargetToken(4838010976))
+532: --end of the loop--
[60aae8] jit-log-opt-bridge}
[65a35e] {jit-log-opt-loop
# Loop 10 (6<main.rpyeffect:6(Name(infixAdd96))>+0: {"op": "PrimOp", "name": "infixAdd(Int, Int): Int", "out": {"any": [0]}, "in": {"any": [0, 1]}}) : loop with 39 ops
[p0, p1, p2, p3, p4]
+216: p5 = getfield_gc_r(p2, descr=<FieldP rpyeffect.environment.Environment.inst_values_ptr 16>)
+224: p7 = getarrayitem_gc_r(p5, 0, descr=<ArrayP 8>)
+228: p9 = getarrayitem_gc_r(p5, 1, descr=<ArrayP 8>)
+232: p11 = getarrayitem_gc_r(p5, 2, descr=<ArrayP 8>)
+236: p13 = getarrayitem_gc_r(p5, 3, descr=<ArrayP 8>)
+240: p15 = getarrayitem_gc_r(p5, 4, descr=<ArrayP 8>)
+244: p17 = getarrayitem_gc_r(p5, 5, descr=<ArrayP 8>)
+248: p19 = getarrayitem_gc_r(p5, 6, descr=<ArrayP 8>)
+252: label(p0, p1, p2, p3, p4, p7, p9, p11, p13, p15, p17, p19, descr=TargetToken(4838011104))
+272: guard_not_invalidated(descr=<Guard0x1205e8ec0>) [p2, p7, p9, p11, p13, p15, p17, p19, p0, p1, p3, p4]
+276: i20 = getfield_gc_i(p7, descr=<FieldS rpyeffect.value.IntValue.inst_value 8 pure>)
+280: i21 = getfield_gc_i(p9, descr=<FieldS rpyeffect.value.IntValue.inst_value 8 pure>)
+284: i22 = int_add(i20, i21)
debug_merge_point(0, 0, '6<main.rpyeffect:6(Name(infixAdd96))>+1: {"op": "Return". "args": {"any": [0]}}')
+288: guard_nonnull(p1, descr=<Guard0x1206201d0>) [p2, p7, p9, p11, p13, p15, p17, p19, p0, p1, p3, p4]
+300: i23 = getfield_gc_i(p1, descr=<FieldS rpyeffect.stored_environment.Stack__arb.inst_target 16 pure>)
+308: guard_value(i23, 126, descr=<Guard0x120620200>) [p2, p7, p9, p11, p13, p15, p17, p19, p0, p1, p3, p4]
+320: p25 = getfield_gc_r(p1, descr=<FieldP rpyeffect.stored_environment.Stack__1.inst_values_ptr_0 32 pure>)
+324: p26 = getfield_gc_r(p1, descr=<FieldP rpyeffect.stored_environment.Stack__arb.inst_tail 8 pure>)
debug_merge_point(0, 0, '126<main.rpyeffect:126([k@[k@[k@[k@[then#266]#270]#273]#277]#280])>+0: {"op": "Swap". "type": "any". "a": 0. "b". 1}')
debug_merge_point(0, 0, '126<main.rpyeffect:126([k@[k@[k@[k@[then#266]#270]#273]#277]#280])>+1: {"op": "Jump". "target": 6}')
+328: guard_nonnull(p26, descr=<Guard0x120620230>) [p2, p7, p9, p11, p13, p15, p17, p19, p0, p1, p3, p4]
+336: i27 = getfield_gc_i(p26, descr=<FieldS rpyeffect.stored_environment.Stack__arb.inst_target 16 pure>)
+340: guard_value(i27, 126, descr=<Guard0x120620260>) [p2, p7, p9, p11, p13, p15, p17, p19, p0, p1, p3, p4]
debug_merge_point(0, 0, '6<main.rpyeffect:6(Name(infixAdd96))>+0: {"op": "PrimOp". "name": "infixAdd(Int. Int): Int". "out": {"any": [0]}. "in": {"any": [0. 1]}}')
+352: label(p0, p26, p2, p3, p4, p25, i22, p11, p13, p15, p17, p19, descr=TargetToken(4838011168))
+352: guard_not_invalidated(descr=<Guard0x1205e8f08>) [p2, p25, p11, p13, p15, p17, p19, p0, p26, p3, p4, i22]
+356: i29 = getfield_gc_i(p25, descr=<FieldS rpyeffect.value.IntValue.inst_value 8 pure>)
+360: i30 = int_add(i29, i22)
debug_merge_point(0, 0, '6<main.rpyeffect:6(Name(infixAdd96))>+1: {"op": "Return". "args": {"any": [0]}}')
+364: p31 = getfield_gc_r(p26, descr=<FieldP rpyeffect.stored_environment.Stack__1.inst_values_ptr_0 32 pure>)
+368: p32 = getfield_gc_r(p26, descr=<FieldP rpyeffect.stored_environment.Stack__arb.inst_tail 8 pure>)
debug_merge_point(0, 0, '126<main.rpyeffect:126([k@[k@[k@[k@[then#266]#270]#273]#277]#280])>+0: {"op": "Swap". "type": "any". "a": 0. "b". 1}')
debug_merge_point(0, 0, '126<main.rpyeffect:126([k@[k@[k@[k@[then#266]#270]#273]#277]#280])>+1: {"op": "Jump". "target": 6}')
+372: guard_nonnull(p32, descr=<Guard0x120620290>) [p2, p25, p11, p13, p15, p17, p19, p0, p26, p3, p4, i22]
+380: i33 = getfield_gc_i(p32, descr=<FieldS rpyeffect.stored_environment.Stack__arb.inst_target 16 pure>)
+384: guard_value(i33, 126, descr=<Guard0x1206202c0>) [p2, p25, p11, p13, p15, p17, p19, p0, p26, p3, p4, i22]
debug_merge_point(0, 0, '6<main.rpyeffect:6(Name(infixAdd96))>+0: {"op": "PrimOp". "name": "infixAdd(Int. Int): Int". "out": {"any": [0]}. "in": {"any": [0. 1]}}')
+396: jump(p0, p32, p2, p3, p4, p31, i30, p11, p13, p15, p17, p19, descr=TargetToken(4838011168))
+412: --end of the loop--
[65fc66] jit-log-opt-loop}
[6bcc07] {jit-log-opt-loop
# Loop 11 (6<main.rpyeffect:6(Name(infixAdd96))>+0: {"op": "PrimOp", "name": "infixAdd(Int, Int): Int", "out": {"any": [0]}, "in": {"any": [0, 1]}}) : entry bridge with 47 ops
[p0, p1, p2, p3, p4]
+200: p5 = getfield_gc_r(p2, descr=<FieldP rpyeffect.environment.Environment.inst_values_ptr 16>)
+208: p7 = getarrayitem_gc_r(p5, 0, descr=<ArrayP 8>)
+212: p9 = getarrayitem_gc_r(p5, 1, descr=<ArrayP 8>)
+216: p11 = getarrayitem_gc_r(p5, 2, descr=<ArrayP 8>)
+220: p13 = getarrayitem_gc_r(p5, 3, descr=<ArrayP 8>)
+224: p15 = getarrayitem_gc_r(p5, 4, descr=<ArrayP 8>)
+228: p17 = getarrayitem_gc_r(p5, 5, descr=<ArrayP 8>)
+232: p19 = getarrayitem_gc_r(p5, 6, descr=<ArrayP 8>)
debug_merge_point(0, 0, '6<main.rpyeffect:6(Name(infixAdd96))>+0: {"op": "PrimOp". "name": "infixAdd(Int. Int): Int". "out": {"any": [0]}. "in": {"any": [0. 1]}}')
+236: guard_not_invalidated(descr=<Guard0x1205e8f50>) [p2, p7, p9, p11, p13, p15, p17, p19, p0, p1, p3, p4]
+240: i20 = getfield_gc_i(p7, descr=<FieldS rpyeffect.value.IntValue.inst_value 8 pure>)
+244: i21 = getfield_gc_i(p9, descr=<FieldS rpyeffect.value.IntValue.inst_value 8 pure>)
+248: i22 = int_add(i20, i21)
debug_merge_point(0, 0, '6<main.rpyeffect:6(Name(infixAdd96))>+1: {"op": "Return". "args": {"any": [0]}}')
+252: guard_nonnull(p1, descr=<Guard0x120620350>) [p2, p7, p9, p11, p13, p15, p17, p19, p0, p1, p3, p4]
+264: i23 = getfield_gc_i(p1, descr=<FieldS rpyeffect.stored_environment.Stack__arb.inst_target 16 pure>)
+272: guard_value(i23, 128, descr=<Guard0x120620380>) [p2, p7, p9, p11, p13, p15, p17, p19, p0, p1, p3, p4]
+284: p25 = getfield_gc_r(p1, descr=<FieldP rpyeffect.stored_environment.Stack__1.inst_values_ptr_0 32 pure>)
+288: p26 = getfield_gc_r(p1, descr=<FieldP rpyeffect.stored_environment.Stack__arb.inst_tail 8 pure>)
debug_merge_point(0, 0, '128<main.rpyeffect:128([k@[k@[then#266]#270]#273])>+0: {"op": "Const". "type": "ptr". "out": 2. "format": "int". "value": "<IntValue object at 0x1205db150>"}')
debug_merge_point(0, 0, '128<main.rpyeffect:128([k@[k@[then#266]#270]#273])>+1: {"op": "Push". "target": 127. "args": {"any": [0]}}')
debug_merge_point(0, 0, '128<main.rpyeffect:128([k@[k@[then#266]#270]#273])>+2: {"op": "Copy". "type": "any". "from": 1. "to". 0}')
debug_merge_point(0, 0, '128<main.rpyeffect:128([k@[k@[then#266]#270]#273])>+3: {"op": "Copy". "type": "any". "from": 2. "to". 1}')
debug_merge_point(0, 0, '128<main.rpyeffect:128([k@[k@[then#266]#270]#273])>+4: {"op": "Jump". "target": 8}')
debug_merge_point(0, 0, '8<main.rpyeffect:8(Name(infixSub105))>+0: {"op": "PrimOp". "name": "infixSub(Int. Int): Int". "out": {"any": [0]}. "in": {"any": [0. 1]}}')
+292: i27 = getfield_gc_i(p25, descr=<FieldS rpyeffect.value.IntValue.inst_value 8 pure>)
+296: i29 = int_sub(i27, 2)
debug_merge_point(0, 0, '8<main.rpyeffect:8(Name(infixSub105))>+1: {"op": "Return". "args": {"any": [0]}}')
debug_merge_point(0, 0, '127<main.rpyeffect:127([k@[k@[k@[then#266]#270]#273]#277])>+0: {"op": "Push". "target": 126. "args": {"any": [1]}}')
debug_merge_point(0, 0, '127<main.rpyeffect:127([k@[k@[k@[then#266]#270]#273]#277])>+1: {"op": "Jump". "target": 134}')
debug_merge_point(0, 0, '134<main.rpyeffect:134(Name(fibonacci2817))>+0: {"op": "Const". "type": "ptr". "out": 1. "format": "int". "value": "<IntValue object at 0x1205db430>"}')
debug_merge_point(0, 0, '134<main.rpyeffect:134(Name(fibonacci2817))>+1: {"op": "Push". "target": 133. "args": {"any": [0]}}')
debug_merge_point(0, 0, '134<main.rpyeffect:134(Name(fibonacci2817))>+2: {"op": "Jump". "target": 4}')
debug_merge_point(0, 0, '4<main.rpyeffect:4(Name(infixEq72))>+0: {"op": "PrimOp". "name": "infixEq(Int. Int): Boolean". "out": {"any": [0]}. "in": {"any": [0. 1]}}')
+300: p30 = new_with_vtable(descr=<SizeDescr 40>)
+412: p31 = new_with_vtable(descr=<SizeDescr 40>)
+424: setfield_gc(p31, p26, descr=<FieldP rpyeffect.stored_environment.Stack__arb.inst_tail 8 pure>)
+428: setfield_gc(p31, 126, descr=<FieldS rpyeffect.stored_environment.Stack__arb.inst_target 16 pure>)
+436: p33 = new_with_vtable(descr=<SizeDescr 16>)
+448: setfield_gc(p33, i22, descr=<FieldS rpyeffect.value.IntValue.inst_value 8 pure>)
+452: setfield_gc(p31, p33, descr=<FieldP rpyeffect.stored_environment.Stack__1.inst_values_ptr_0 32 pure>)
+456: p34 = new_with_vtable(descr=<SizeDescr 16>)
+468: setfield_gc(p34, i29, descr=<FieldS rpyeffect.value.IntValue.inst_value 8 pure>)
+472: setfield_gc(p30, 133, descr=<FieldS rpyeffect.stored_environment.Stack__arb.inst_target 16 pure>)
+480: setfield_gc(p30, p34, descr=<FieldP rpyeffect.stored_environment.Stack__1.inst_values_ptr_0 32 pure>)
+484: setfield_gc(p30, p31, descr=<FieldP rpyeffect.stored_environment.Stack__arb.inst_tail 8 pure>)
+512: jump(p0, p30, p2, p3, p4, p34, ConstPtr(ptr36), ConstPtr(ptr37), p13, p15, p17, p19, descr=TargetToken(4838010976))
+628: --end of the loop--
[6c4013] jit-log-opt-loop}
[6f43e3] {jit-log-opt-bridge
# bridge out of Guard 0x1205ff7c0 with 59 ops
[p0, p1, p2, p3, p4, p5, p6, p7, p8, p9, p10, p11]
+152: guard_not_invalidated(descr=<Guard0x1205e8f98>) [p0, p1, p2, p3, p4, p5, p6, p7, p8, p9, p10, p11]
+156: i12 = getfield_gc_i(p1, descr=<FieldS rpyeffect.value.IntValue.inst_value 8 pure>)
+160: i13 = getfield_gc_i(p2, descr=<FieldS rpyeffect.value.IntValue.inst_value 8 pure>)
+164: i14 = int_eq(i12, i13)
debug_merge_point(0, 0, '4<main.rpyeffect:4(Name(infixEq72))>+1: {"op": "Return". "args": {"any": [0]}}')
+172: guard_nonnull(p9, descr=<Guard0x120620530>) [p0, p1, p2, p3, p4, p5, p6, p7, p8, p9, p10, p11]
+180: i15 = getfield_gc_i(p9, descr=<FieldS rpyeffect.stored_environment.Stack__arb.inst_target 16 pure>)
+184: guard_value(i15, 131, descr=<Guard0x120620560>) [p0, p1, p2, p3, p4, p5, p6, p7, p8, p9, p10, p11]
+196: p17 = getfield_gc_r(p9, descr=<FieldP rpyeffect.stored_environment.Stack__1.inst_values_ptr_0 32 pure>)
+196: p18 = getfield_gc_r(p9, descr=<FieldP rpyeffect.stored_environment.Stack__arb.inst_tail 8 pure>)
debug_merge_point(0, 0, '131<main.rpyeffect:131([k@[then#258]#262])>+0: {"op": "Swap". "type": "any". "a": 0. "b". 1}')
debug_merge_point(0, 0, '131<main.rpyeffect:131([k@[then#258]#262])>+1: {"op": "IfZero". "cond": 1. "then": {"tag": null. "target": 130. "args": {"any": []}}}')
+200: guard_true(i14, descr=<Guard0x120620590>) [p0, p1, p2, p3, p4, p5, p6, p7, p8, p9, p10, p11]
debug_merge_point(0, 0, '131<main.rpyeffect:131([k@[then#258]#262])>+2: {"op": "Const". "type": "ptr". "out": 0. "format": "int". "value": "<IntValue object at 0x1205db140>"}')
debug_merge_point(0, 0, '131<main.rpyeffect:131([k@[then#258]#262])>+3: {"op": "Return". "args": {"any": [0]}}')
+208: guard_nonnull(p18, descr=<Guard0x1206205c0>) [p0, p1, p2, p3, p4, p5, p6, p7, p8, p9, p10, p11]
+216: i19 = getfield_gc_i(p18, descr=<FieldS rpyeffect.stored_environment.Stack__arb.inst_target 16 pure>)
+220: guard_value(i19, 126, descr=<Guard0x1206205f0>) [p0, p1, p2, p3, p4, p5, p6, p7, p8, p9, p10, p11]
+232: p21 = getfield_gc_r(p18, descr=<FieldP rpyeffect.stored_environment.Stack__1.inst_values_ptr_0 32 pure>)
+236: p22 = getfield_gc_r(p18, descr=<FieldP rpyeffect.stored_environment.Stack__arb.inst_tail 8 pure>)
+240: guard_nonnull(p22, descr=<Guard0x120620620>) [p0, p1, p2, p3, p4, p5, p6, p7, p8, p9, p10, p11]
+248: i23 = getfield_gc_i(p22, descr=<FieldS rpyeffect.stored_environment.Stack__arb.inst_target 16 pure>)
+252: guard_value(i23, 128, descr=<Guard0x120620650>) [p0, p1, p2, p3, p4, p5, p6, p7, p8, p9, p10, p11]
debug_merge_point(0, 0, '126<main.rpyeffect:126([k@[k@[k@[k@[then#266]#270]#273]#277]#280])>+0: {"op": "Swap". "type": "any". "a": 0. "b". 1}')
debug_merge_point(0, 0, '126<main.rpyeffect:126([k@[k@[k@[k@[then#266]#270]#273]#277]#280])>+1: {"op": "Jump". "target": 6}')
debug_merge_point(0, 0, '6<main.rpyeffect:6(Name(infixAdd96))>+0: {"op": "PrimOp". "name": "infixAdd(Int. Int): Int". "out": {"any": [0]}. "in": {"any": [0. 1]}}')
+264: i25 = getfield_gc_i(p21, descr=<FieldS rpyeffect.value.IntValue.inst_value 8 pure>)
+268: i27 = int_add(i25, 1)
debug_merge_point(0, 0, '6<main.rpyeffect:6(Name(infixAdd96))>+1: {"op": "Return". "args": {"any": [0]}}')
+272: p28 = getfield_gc_r(p22, descr=<FieldP rpyeffect.stored_environment.Stack__1.inst_values_ptr_0 32 pure>)
+276: p29 = getfield_gc_r(p22, descr=<FieldP rpyeffect.stored_environment.Stack__arb.inst_tail 8 pure>)
debug_merge_point(0, 0, '128<main.rpyeffect:128([k@[k@[then#266]#270]#273])>+0: {"op": "Const". "type": "ptr". "out": 2. "format": "int". "value": "<IntValue object at 0x1205db150>"}')
debug_merge_point(0, 0, '128<main.rpyeffect:128([k@[k@[then#266]#270]#273])>+1: {"op": "Push". "target": 127. "args": {"any": [0]}}')
debug_merge_point(0, 0, '128<main.rpyeffect:128([k@[k@[then#266]#270]#273])>+2: {"op": "Copy". "type": "any". "from": 1. "to". 0}')
debug_merge_point(0, 0, '128<main.rpyeffect:128([k@[k@[then#266]#270]#273])>+3: {"op": "Copy". "type": "any". "from": 2. "to". 1}')
debug_merge_point(0, 0, '128<main.rpyeffect:128([k@[k@[then#266]#270]#273])>+4: {"op": "Jump". "target": 8}')
debug_merge_point(0, 0, '8<main.rpyeffect:8(Name(infixSub105))>+0: {"op": "PrimOp". "name": "infixSub(Int. Int): Int". "out": {"any": [0]}. "in": {"any": [0. 1]}}')
+280: i30 = getfield_gc_i(p28, descr=<FieldS rpyeffect.value.IntValue.inst_value 8 pure>)
+284: i32 = int_sub(i30, 2)
debug_merge_point(0, 0, '8<main.rpyeffect:8(Name(infixSub105))>+1: {"op": "Return". "args": {"any": [0]}}')
debug_merge_point(0, 0, '127<main.rpyeffect:127([k@[k@[k@[then#266]#270]#273]#277])>+0: {"op": "Push". "target": 126. "args": {"any": [1]}}')
debug_merge_point(0, 0, '127<main.rpyeffect:127([k@[k@[k@[then#266]#270]#273]#277])>+1: {"op": "Jump". "target": 134}')
debug_merge_point(0, 0, '134<main.rpyeffect:134(Name(fibonacci2817))>+0: {"op": "Const". "type": "ptr". "out": 1. "format": "int". "value": "<IntValue object at 0x1205db430>"}')
debug_merge_point(0, 0, '134<main.rpyeffect:134(Name(fibonacci2817))>+1: {"op": "Push". "target": 133. "args": {"any": [0]}}')
debug_merge_point(0, 0, '134<main.rpyeffect:134(Name(fibonacci2817))>+2: {"op": "Jump". "target": 4}')
debug_merge_point(0, 0, '4<main.rpyeffect:4(Name(infixEq72))>+0: {"op": "PrimOp". "name": "infixEq(Int. Int): Boolean". "out": {"any": [0]}. "in": {"any": [0. 1]}}')
+288: p33 = new_with_vtable(descr=<SizeDescr 40>)
+400: p34 = new_with_vtable(descr=<SizeDescr 40>)
+412: setfield_gc(p34, p29, descr=<FieldP rpyeffect.stored_environment.Stack__arb.inst_tail 8 pure>)
+416: setfield_gc(p34, 126, descr=<FieldS rpyeffect.stored_environment.Stack__arb.inst_target 16 pure>)
+424: p36 = new_with_vtable(descr=<SizeDescr 16>)
+436: setfield_gc(p36, i27, descr=<FieldS rpyeffect.value.IntValue.inst_value 8 pure>)
+440: setfield_gc(p34, p36, descr=<FieldP rpyeffect.stored_environment.Stack__1.inst_values_ptr_0 32 pure>)
+444: p37 = new_with_vtable(descr=<SizeDescr 16>)
+456: setfield_gc(p37, i32, descr=<FieldS rpyeffect.value.IntValue.inst_value 8 pure>)
+460: setfield_gc(p33, 133, descr=<FieldS rpyeffect.stored_environment.Stack__arb.inst_target 16 pure>)
+468: setfield_gc(p33, p37, descr=<FieldP rpyeffect.stored_environment.Stack__1.inst_values_ptr_0 32 pure>)
+472: setfield_gc(p33, p34, descr=<FieldP rpyeffect.stored_environment.Stack__arb.inst_tail 8 pure>)
+500: jump(p8, p33, p0, p10, p11, p37, ConstPtr(ptr39), ConstPtr(ptr40), p4, p5, p6, p7, descr=TargetToken(4838010976))
+616: --end of the loop--
[6fc765] jit-log-opt-bridge}
[743b0b] {jit-log-opt-bridge
# bridge out of Guard 0x1205fefe0 with 69 ops
[p0, p1, p2, p3, p4, p5, p6, p7, p8, p9, p10, p11]
+168: guard_not_invalidated(descr=<Guard0x1205e8fe0>) [p0, p1, p2, p3, p4, p5, p6, p7, p8, p9, p10, p11]
+172: i12 = getfield_gc_i(p1, descr=<FieldS rpyeffect.value.IntValue.inst_value 8 pure>)
+176: i13 = getfield_gc_i(p2, descr=<FieldS rpyeffect.value.IntValue.inst_value 8 pure>)
+180: i14 = int_eq(i12, i13)
debug_merge_point(0, 0, '4<main.rpyeffect:4(Name(infixEq72))>+1: {"op": "Return". "args": {"any": [0]}}')
+188: guard_nonnull(p9, descr=<Guard0x120620860>) [p0, p1, p2, p3, p4, p5, p6, p7, p8, p9, p10, p11]
+196: i15 = getfield_gc_i(p9, descr=<FieldS rpyeffect.stored_environment.Stack__arb.inst_target 16 pure>)
+200: guard_value(i15, 133, descr=<Guard0x120620890>) [p0, p1, p2, p3, p4, p5, p6, p7, p8, p9, p10, p11]
+212: p17 = getfield_gc_r(p9, descr=<FieldP rpyeffect.stored_environment.Stack__1.inst_values_ptr_0 32 pure>)
+216: p18 = getfield_gc_r(p9, descr=<FieldP rpyeffect.stored_environment.Stack__arb.inst_tail 8 pure>)
debug_merge_point(0, 0, '133<main.rpyeffect:133([k@Name(fibonacci2817)#254])>+0: {"op": "Swap". "type": "any". "a": 0. "b". 1}')
debug_merge_point(0, 0, '133<main.rpyeffect:133([k@Name(fibonacci2817)#254])>+1: {"op": "IfZero". "cond": 1. "then": {"tag": null. "target": 132. "args": {"any": []}}}')
+220: guard_false(i14, descr=<Guard0x1206208c0>) [p0, p1, p2, p3, p4, p5, p6, p7, p8, p9, p10, p11]
+228: guard_nonnull(p18, descr=<Guard0x1206208f0>) [p0, p1, p2, p3, p4, p5, p6, p7, p8, p9, p10, p11]
+236: i19 = getfield_gc_i(p18, descr=<FieldS rpyeffect.stored_environment.Stack__arb.inst_target 16 pure>)
+240: guard_value(i19, 126, descr=<Guard0x120620920>) [p0, p1, p2, p3, p4, p5, p6, p7, p8, p9, p10, p11]
debug_merge_point(0, 0, '132<main.rpyeffect:132([then#258])>+0: {"op": "Const". "type": "ptr". "out": 1. "format": "int". "value": "<IntValue object at 0x1205db130>"}')
debug_merge_point(0, 0, '132<main.rpyeffect:132([then#258])>+1: {"op": "Push". "target": 131. "args": {"any": [0]}}')
debug_merge_point(0, 0, '132<main.rpyeffect:132([then#258])>+2: {"op": "Jump". "target": 4}')
debug_merge_point(0, 0, '4<main.rpyeffect:4(Name(infixEq72))>+0: {"op": "PrimOp". "name": "infixEq(Int. Int): Boolean". "out": {"any": [0]}. "in": {"any": [0. 1]}}')
+252: i21 = getfield_gc_i(p17, descr=<FieldS rpyeffect.value.IntValue.inst_value 8 pure>)
+256: i23 = int_eq(i21, 1)
debug_merge_point(0, 0, '4<main.rpyeffect:4(Name(infixEq72))>+1: {"op": "Return". "args": {"any": [0]}}')
debug_merge_point(0, 0, '131<main.rpyeffect:131([k@[then#258]#262])>+0: {"op": "Swap". "type": "any". "a": 0. "b". 1}')
debug_merge_point(0, 0, '131<main.rpyeffect:131([k@[then#258]#262])>+1: {"op": "IfZero". "cond": 1. "then": {"tag": null. "target": 130. "args": {"any": []}}}')
guard_true(i23, descr=<Guard0x120620950>) [p0, p1, p2, p3, p4, p5, p6, p7, p8, p9, p10, p11]
debug_merge_point(0, 0, '131<main.rpyeffect:131([k@[then#258]#262])>+2: {"op": "Const". "type": "ptr". "out": 0. "format": "int". "value": "<IntValue object at 0x1205db140>"}')
debug_merge_point(0, 0, '131<main.rpyeffect:131([k@[then#258]#262])>+3: {"op": "Return". "args": {"any": [0]}}')
+264: p24 = getfield_gc_r(p18, descr=<FieldP rpyeffect.stored_environment.Stack__1.inst_values_ptr_0 32 pure>)
+268: p25 = getfield_gc_r(p18, descr=<FieldP rpyeffect.stored_environment.Stack__arb.inst_tail 8 pure>)
+272: guard_nonnull(p25, descr=<Guard0x120620980>) [p0, p1, p2, p3, p4, p5, p6, p7, p8, p9, p10, p11]
+280: i26 = getfield_gc_i(p25, descr=<FieldS rpyeffect.stored_environment.Stack__arb.inst_target 16 pure>)
+284: guard_value(i26, 128, descr=<Guard0x1206209b0>) [p0, p1, p2, p3, p4, p5, p6, p7, p8, p9, p10, p11]
debug_merge_point(0, 0, '126<main.rpyeffect:126([k@[k@[k@[k@[then#266]#270]#273]#277]#280])>+0: {"op": "Swap". "type": "any". "a": 0. "b". 1}')
debug_merge_point(0, 0, '126<main.rpyeffect:126([k@[k@[k@[k@[then#266]#270]#273]#277]#280])>+1: {"op": "Jump". "target": 6}')
debug_merge_point(0, 0, '6<main.rpyeffect:6(Name(infixAdd96))>+0: {"op": "PrimOp". "name": "infixAdd(Int. Int): Int". "out": {"any": [0]}. "in": {"any": [0. 1]}}')
+296: i28 = getfield_gc_i(p24, descr=<FieldS rpyeffect.value.IntValue.inst_value 8 pure>)
+300: i30 = int_add(i28, 1)
debug_merge_point(0, 0, '6<main.rpyeffect:6(Name(infixAdd96))>+1: {"op": "Return". "args": {"any": [0]}}')
+304: p31 = getfield_gc_r(p25, descr=<FieldP rpyeffect.stored_environment.Stack__1.inst_values_ptr_0 32 pure>)
+308: p32 = getfield_gc_r(p25, descr=<FieldP rpyeffect.stored_environment.Stack__arb.inst_tail 8 pure>)
debug_merge_point(0, 0, '128<main.rpyeffect:128([k@[k@[then#266]#270]#273])>+0: {"op": "Const". "type": "ptr". "out": 2. "format": "int". "value": "<IntValue object at 0x1205db150>"}')
debug_merge_point(0, 0, '128<main.rpyeffect:128([k@[k@[then#266]#270]#273])>+1: {"op": "Push". "target": 127. "args": {"any": [0]}}')
debug_merge_point(0, 0, '128<main.rpyeffect:128([k@[k@[then#266]#270]#273])>+2: {"op": "Copy". "type": "any". "from": 1. "to". 0}')
debug_merge_point(0, 0, '128<main.rpyeffect:128([k@[k@[then#266]#270]#273])>+3: {"op": "Copy". "type": "any". "from": 2. "to". 1}')
debug_merge_point(0, 0, '128<main.rpyeffect:128([k@[k@[then#266]#270]#273])>+4: {"op": "Jump". "target": 8}')
debug_merge_point(0, 0, '8<main.rpyeffect:8(Name(infixSub105))>+0: {"op": "PrimOp". "name": "infixSub(Int. Int): Int". "out": {"any": [0]}. "in": {"any": [0. 1]}}')
+312: i33 = getfield_gc_i(p31, descr=<FieldS rpyeffect.value.IntValue.inst_value 8 pure>)
+316: i35 = int_sub(i33, 2)
debug_merge_point(0, 0, '8<main.rpyeffect:8(Name(infixSub105))>+1: {"op": "Return". "args": {"any": [0]}}')
debug_merge_point(0, 0, '127<main.rpyeffect:127([k@[k@[k@[then#266]#270]#273]#277])>+0: {"op": "Push". "target": 126. "args": {"any": [1]}}')
debug_merge_point(0, 0, '127<main.rpyeffect:127([k@[k@[k@[then#266]#270]#273]#277])>+1: {"op": "Jump". "target": 134}')
debug_merge_point(0, 0, '134<main.rpyeffect:134(Name(fibonacci2817))>+0: {"op": "Const". "type": "ptr". "out": 1. "format": "int". "value": "<IntValue object at 0x1205db430>"}')
debug_merge_point(0, 0, '134<main.rpyeffect:134(Name(fibonacci2817))>+1: {"op": "Push". "target": 133. "args": {"any": [0]}}')
debug_merge_point(0, 0, '134<main.rpyeffect:134(Name(fibonacci2817))>+2: {"op": "Jump". "target": 4}')
debug_merge_point(0, 0, '4<main.rpyeffect:4(Name(infixEq72))>+0: {"op": "PrimOp". "name": "infixEq(Int. Int): Boolean". "out": {"any": [0]}. "in": {"any": [0. 1]}}')
+320: p36 = new_with_vtable(descr=<SizeDescr 40>)
+424: p37 = new_with_vtable(descr=<SizeDescr 40>)
+436: setfield_gc(p37, p32, descr=<FieldP rpyeffect.stored_environment.Stack__arb.inst_tail 8 pure>)
+440: setfield_gc(p37, 126, descr=<FieldS rpyeffect.stored_environment.Stack__arb.inst_target 16 pure>)
+448: p39 = new_with_vtable(descr=<SizeDescr 16>)
+460: setfield_gc(p39, i30, descr=<FieldS rpyeffect.value.IntValue.inst_value 8 pure>)
+464: setfield_gc(p37, p39, descr=<FieldP rpyeffect.stored_environment.Stack__1.inst_values_ptr_0 32 pure>)
+468: p40 = new_with_vtable(descr=<SizeDescr 16>)
+480: setfield_gc(p40, i35, descr=<FieldS rpyeffect.value.IntValue.inst_value 8 pure>)
+484: setfield_gc(p36, 133, descr=<FieldS rpyeffect.stored_environment.Stack__arb.inst_target 16 pure>)
+492: setfield_gc(p36, p40, descr=<FieldP rpyeffect.stored_environment.Stack__1.inst_values_ptr_0 32 pure>)
+496: setfield_gc(p36, p37, descr=<FieldP rpyeffect.stored_environment.Stack__arb.inst_tail 8 pure>)
+524: jump(p8, p36, p0, p10, p11, p40, ConstPtr(ptr42), ConstPtr(ptr43), p4, p5, p6, p7, descr=TargetToken(4838010976))
+560: --end of the loop--
[74d4da] jit-log-opt-bridge}
[7757c2] {jit-log-opt-bridge
# bridge out of Guard 0x1205ff550 with 27 ops
[p0, p1, p2, p3, p4, p5, p6, p7, p8, p9, p10, p11]
+152: guard_not_invalidated(descr=<Guard0x1205e9028>) [p0, p1, p2, p3, p4, p5, p6, p7, p8, p9, p10, p11]
+156: i12 = getfield_gc_i(p1, descr=<FieldS rpyeffect.value.IntValue.inst_value 8 pure>)
+160: i13 = getfield_gc_i(p2, descr=<FieldS rpyeffect.value.IntValue.inst_value 8 pure>)
+164: i14 = int_eq(i12, i13)
debug_merge_point(0, 0, '4<main.rpyeffect:4(Name(infixEq72))>+1: {"op": "Return". "args": {"any": [0]}}')
+172: guard_nonnull(p9, descr=<Guard0x120620b60>) [p0, p1, p2, p3, p4, p5, p6, p7, p8, p9, p10, p11]
+180: i15 = getfield_gc_i(p9, descr=<FieldS rpyeffect.stored_environment.Stack__arb.inst_target 16 pure>)
+184: guard_value(i15, 133, descr=<Guard0x120620b90>) [p0, p1, p2, p3, p4, p5, p6, p7, p8, p9, p10, p11]
+196: p17 = getfield_gc_r(p9, descr=<FieldP rpyeffect.stored_environment.Stack__1.inst_values_ptr_0 32 pure>)
+196: p18 = getfield_gc_r(p9, descr=<FieldP rpyeffect.stored_environment.Stack__arb.inst_tail 8 pure>)
debug_merge_point(0, 0, '133<main.rpyeffect:133([k@Name(fibonacci2817)#254])>+0: {"op": "Swap". "type": "any". "a": 0. "b". 1}')
debug_merge_point(0, 0, '133<main.rpyeffect:133([k@Name(fibonacci2817)#254])>+1: {"op": "IfZero". "cond": 1. "then": {"tag": null. "target": 132. "args": {"any": []}}}')
+200: guard_true(i14, descr=<Guard0x120620bc0>) [p0, p1, p2, p3, p4, p5, p6, p7, p8, p9, p10, p11]
debug_merge_point(0, 0, '133<main.rpyeffect:133([k@Name(fibonacci2817)#254])>+2: {"op": "Const". "type": "ptr". "out": 0. "format": "int". "value": "<IntValue object at 0x1205db460>"}')
debug_merge_point(0, 0, '133<main.rpyeffect:133([k@Name(fibonacci2817)#254])>+3: {"op": "Return". "args": {"any": [0]}}')
+208: guard_nonnull(p18, descr=<Guard0x120620bf0>) [p0, p1, p2, p3, p4, p5, p6, p7, p8, p9, p10, p11]
+216: i19 = getfield_gc_i(p18, descr=<FieldS rpyeffect.stored_environment.Stack__arb.inst_target 16 pure>)
+220: guard_value(i19, 126, descr=<Guard0x120620c20>) [p0, p1, p2, p3, p4, p5, p6, p7, p8, p9, p10, p11]
+232: p21 = getfield_gc_r(p18, descr=<FieldP rpyeffect.stored_environment.Stack__1.inst_values_ptr_0 32 pure>)
+236: p22 = getfield_gc_r(p18, descr=<FieldP rpyeffect.stored_environment.Stack__arb.inst_tail 8 pure>)
+240: guard_nonnull(p22, descr=<Guard0x120620c50>) [p0, p1, p2, p3, p4, p5, p6, p7, p8, p9, p10, p11]
+248: i23 = getfield_gc_i(p22, descr=<FieldS rpyeffect.stored_environment.Stack__arb.inst_target 16 pure>)
+252: guard_value(i23, 126, descr=<Guard0x120620c80>) [p0, p1, p2, p3, p4, p5, p6, p7, p8, p9, p10, p11]
debug_merge_point(0, 0, '126<main.rpyeffect:126([k@[k@[k@[k@[then#266]#270]#273]#277]#280])>+0: {"op": "Swap". "type": "any". "a": 0. "b". 1}')
debug_merge_point(0, 0, '126<main.rpyeffect:126([k@[k@[k@[k@[then#266]#270]#273]#277]#280])>+1: {"op": "Jump". "target": 6}')
debug_merge_point(0, 0, '6<main.rpyeffect:6(Name(infixAdd96))>+0: {"op": "PrimOp". "name": "infixAdd(Int. Int): Int". "out": {"any": [0]}. "in": {"any": [0. 1]}}')
+268: jump(p8, p22, p0, p10, p11, p21, ConstPtr(ptr25), p3, p4, p5, p6, p7, descr=TargetToken(4838011104))
+360: --end of the loop--
[779765] jit-log-opt-bridge}
[7aa699] {jit-log-opt-bridge
# bridge out of Guard 0x120620260 with 49 ops
[p0, p1, p2, p3, p4, p5, p6, p7, p8, p9, p10, p11]
+136: guard_not_invalidated(descr=<Guard0x1205e9070>) [p0, p1, p2, p3, p4, p5, p6, p7, p8, p9, p10, p11]
+140: i12 = getfield_gc_i(p1, descr=<FieldS rpyeffect.value.IntValue.inst_value 8 pure>)
+144: i13 = getfield_gc_i(p2, descr=<FieldS rpyeffect.value.IntValue.inst_value 8 pure>)
+148: i14 = int_add(i12, i13)
debug_merge_point(0, 0, '6<main.rpyeffect:6(Name(infixAdd96))>+1: {"op": "Return". "args": {"any": [0]}}')
+152: guard_nonnull(p9, descr=<Guard0x120620d70>) [p0, p1, p2, p3, p4, p5, p6, p7, p8, p9, p10, p11]
+160: i15 = getfield_gc_i(p9, descr=<FieldS rpyeffect.stored_environment.Stack__arb.inst_target 16 pure>)
+164: guard_value(i15, 126, descr=<Guard0x120620da0>) [p0, p1, p2, p3, p4, p5, p6, p7, p8, p9, p10, p11]
+176: p17 = getfield_gc_r(p9, descr=<FieldP rpyeffect.stored_environment.Stack__1.inst_values_ptr_0 32 pure>)
+180: p18 = getfield_gc_r(p9, descr=<FieldP rpyeffect.stored_environment.Stack__arb.inst_tail 8 pure>)
debug_merge_point(0, 0, '126<main.rpyeffect:126([k@[k@[k@[k@[then#266]#270]#273]#277]#280])>+0: {"op": "Swap". "type": "any". "a": 0. "b". 1}')
debug_merge_point(0, 0, '126<main.rpyeffect:126([k@[k@[k@[k@[then#266]#270]#273]#277]#280])>+1: {"op": "Jump". "target": 6}')
+184: guard_nonnull(p18, descr=<Guard0x120620dd0>) [p0, p1, p2, p3, p4, p5, p6, p7, p8, p9, p10, p11]
+192: i19 = getfield_gc_i(p18, descr=<FieldS rpyeffect.stored_environment.Stack__arb.inst_target 16 pure>)
+196: guard_value(i19, 128, descr=<Guard0x120620e00>) [p0, p1, p2, p3, p4, p5, p6, p7, p8, p9, p10, p11]
debug_merge_point(0, 0, '6<main.rpyeffect:6(Name(infixAdd96))>+0: {"op": "PrimOp". "name": "infixAdd(Int. Int): Int". "out": {"any": [0]}. "in": {"any": [0. 1]}}')
+208: i21 = getfield_gc_i(p17, descr=<FieldS rpyeffect.value.IntValue.inst_value 8 pure>)
+212: i22 = int_add(i21, i14)
debug_merge_point(0, 0, '6<main.rpyeffect:6(Name(infixAdd96))>+1: {"op": "Return". "args": {"any": [0]}}')
+216: p23 = getfield_gc_r(p18, descr=<FieldP rpyeffect.stored_environment.Stack__1.inst_values_ptr_0 32 pure>)
+220: p24 = getfield_gc_r(p18, descr=<FieldP rpyeffect.stored_environment.Stack__arb.inst_tail 8 pure>)
debug_merge_point(0, 0, '128<main.rpyeffect:128([k@[k@[then#266]#270]#273])>+0: {"op": "Const". "type": "ptr". "out": 2. "format": "int". "value": "<IntValue object at 0x1205db150>"}')
debug_merge_point(0, 0, '128<main.rpyeffect:128([k@[k@[then#266]#270]#273])>+1: {"op": "Push". "target": 127. "args": {"any": [0]}}')
debug_merge_point(0, 0, '128<main.rpyeffect:128([k@[k@[then#266]#270]#273])>+2: {"op": "Copy". "type": "any". "from": 1. "to". 0}')
debug_merge_point(0, 0, '128<main.rpyeffect:128([k@[k@[then#266]#270]#273])>+3: {"op": "Copy". "type": "any". "from": 2. "to". 1}')
debug_merge_point(0, 0, '128<main.rpyeffect:128([k@[k@[then#266]#270]#273])>+4: {"op": "Jump". "target": 8}')
debug_merge_point(0, 0, '8<main.rpyeffect:8(Name(infixSub105))>+0: {"op": "PrimOp". "name": "infixSub(Int. Int): Int". "out": {"any": [0]}. "in": {"any": [0. 1]}}')
+224: i25 = getfield_gc_i(p23, descr=<FieldS rpyeffect.value.IntValue.inst_value 8 pure>)
+228: i27 = int_sub(i25, 2)
debug_merge_point(0, 0, '8<main.rpyeffect:8(Name(infixSub105))>+1: {"op": "Return". "args": {"any": [0]}}')
debug_merge_point(0, 0, '127<main.rpyeffect:127([k@[k@[k@[then#266]#270]#273]#277])>+0: {"op": "Push". "target": 126. "args": {"any": [1]}}')
debug_merge_point(0, 0, '127<main.rpyeffect:127([k@[k@[k@[then#266]#270]#273]#277])>+1: {"op": "Jump". "target": 134}')
debug_merge_point(0, 0, '134<main.rpyeffect:134(Name(fibonacci2817))>+0: {"op": "Const". "type": "ptr". "out": 1. "format": "int". "value": "<IntValue object at 0x1205db430>"}')
debug_merge_point(0, 0, '134<main.rpyeffect:134(Name(fibonacci2817))>+1: {"op": "Push". "target": 133. "args": {"any": [0]}}')
debug_merge_point(0, 0, '134<main.rpyeffect:134(Name(fibonacci2817))>+2: {"op": "Jump". "target": 4}')
debug_merge_point(0, 0, '4<main.rpyeffect:4(Name(infixEq72))>+0: {"op": "PrimOp". "name": "infixEq(Int. Int): Boolean". "out": {"any": [0]}. "in": {"any": [0. 1]}}')
+232: p28 = new_with_vtable(descr=<SizeDescr 40>)
+336: p29 = new_with_vtable(descr=<SizeDescr 40>)
+348: setfield_gc(p29, p24, descr=<FieldP rpyeffect.stored_environment.Stack__arb.inst_tail 8 pure>)
+352: setfield_gc(p29, 126, descr=<FieldS rpyeffect.stored_environment.Stack__arb.inst_target 16 pure>)
+360: p31 = new_with_vtable(descr=<SizeDescr 16>)
+372: setfield_gc(p31, i22, descr=<FieldS rpyeffect.value.IntValue.inst_value 8 pure>)
+376: setfield_gc(p29, p31, descr=<FieldP rpyeffect.stored_environment.Stack__1.inst_values_ptr_0 32 pure>)
+380: p32 = new_with_vtable(descr=<SizeDescr 16>)
+392: setfield_gc(p32, i27, descr=<FieldS rpyeffect.value.IntValue.inst_value 8 pure>)
+396: setfield_gc(p28, 133, descr=<FieldS rpyeffect.stored_environment.Stack__arb.inst_target 16 pure>)
+404: setfield_gc(p28, p32, descr=<FieldP rpyeffect.stored_environment.Stack__1.inst_values_ptr_0 32 pure>)
+408: setfield_gc(p28, p29, descr=<FieldP rpyeffect.stored_environment.Stack__arb.inst_tail 8 pure>)
+436: jump(p8, p28, p0, p10, p11, p32, ConstPtr(ptr34), ConstPtr(ptr35), p4, p5, p6, p7, descr=TargetToken(4838010976))
+532: --end of the loop--
[7b1958] jit-log-opt-bridge}
[7f40fc] {jit-log-opt-bridge
# bridge out of Guard 0x1206202c0 with 48 ops
[p0, p1, p2, p3, p4, p5, p6, p7, p8, p9, p10, i11]
+136: guard_not_invalidated(descr=<Guard0x1205e90b8>) [p0, p1, p2, p3, p4, p5, p6, p7, p8, p9, p10, i11]
+140: i12 = getfield_gc_i(p1, descr=<FieldS rpyeffect.value.IntValue.inst_value 8 pure>)
+144: i13 = int_add(i12, i11)
debug_merge_point(0, 0, '6<main.rpyeffect:6(Name(infixAdd96))>+1: {"op": "Return". "args": {"any": [0]}}')
+148: guard_nonnull(p8, descr=<Guard0x120620ef0>) [p0, p1, p2, p3, p4, p5, p6, p7, p8, p9, p10, i11]
+156: i14 = getfield_gc_i(p8, descr=<FieldS rpyeffect.stored_environment.Stack__arb.inst_target 16 pure>)
+160: guard_value(i14, 126, descr=<Guard0x120620f20>) [p0, p1, p2, p3, p4, p5, p6, p7, p8, p9, p10, i11]
+172: p16 = getfield_gc_r(p8, descr=<FieldP rpyeffect.stored_environment.Stack__1.inst_values_ptr_0 32 pure>)
+176: p17 = getfield_gc_r(p8, descr=<FieldP rpyeffect.stored_environment.Stack__arb.inst_tail 8 pure>)
debug_merge_point(0, 0, '126<main.rpyeffect:126([k@[k@[k@[k@[then#266]#270]#273]#277]#280])>+0: {"op": "Swap". "type": "any". "a": 0. "b". 1}')
debug_merge_point(0, 0, '126<main.rpyeffect:126([k@[k@[k@[k@[then#266]#270]#273]#277]#280])>+1: {"op": "Jump". "target": 6}')
+180: guard_nonnull(p17, descr=<Guard0x120620f50>) [p0, p1, p2, p3, p4, p5, p6, p7, p8, p9, p10, i11]
+188: i18 = getfield_gc_i(p17, descr=<FieldS rpyeffect.stored_environment.Stack__arb.inst_target 16 pure>)
+192: guard_value(i18, 128, descr=<Guard0x120620f80>) [p0, p1, p2, p3, p4, p5, p6, p7, p8, p9, p10, i11]
debug_merge_point(0, 0, '6<main.rpyeffect:6(Name(infixAdd96))>+0: {"op": "PrimOp". "name": "infixAdd(Int. Int): Int". "out": {"any": [0]}. "in": {"any": [0. 1]}}')
+204: i20 = getfield_gc_i(p16, descr=<FieldS rpyeffect.value.IntValue.inst_value 8 pure>)
+208: i21 = int_add(i20, i13)
debug_merge_point(0, 0, '6<main.rpyeffect:6(Name(infixAdd96))>+1: {"op": "Return". "args": {"any": [0]}}')
+212: p22 = getfield_gc_r(p17, descr=<FieldP rpyeffect.stored_environment.Stack__1.inst_values_ptr_0 32 pure>)
+216: p23 = getfield_gc_r(p17, descr=<FieldP rpyeffect.stored_environment.Stack__arb.inst_tail 8 pure>)
debug_merge_point(0, 0, '128<main.rpyeffect:128([k@[k@[then#266]#270]#273])>+0: {"op": "Const". "type": "ptr". "out": 2. "format": "int". "value": "<IntValue object at 0x1205db150>"}')
debug_merge_point(0, 0, '128<main.rpyeffect:128([k@[k@[then#266]#270]#273])>+1: {"op": "Push". "target": 127. "args": {"any": [0]}}')
debug_merge_point(0, 0, '128<main.rpyeffect:128([k@[k@[then#266]#270]#273])>+2: {"op": "Copy". "type": "any". "from": 1. "to". 0}')
debug_merge_point(0, 0, '128<main.rpyeffect:128([k@[k@[then#266]#270]#273])>+3: {"op": "Copy". "type": "any". "from": 2. "to". 1}')
debug_merge_point(0, 0, '128<main.rpyeffect:128([k@[k@[then#266]#270]#273])>+4: {"op": "Jump". "target": 8}')
debug_merge_point(0, 0, '8<main.rpyeffect:8(Name(infixSub105))>+0: {"op": "PrimOp". "name": "infixSub(Int. Int): Int". "out": {"any": [0]}. "in": {"any": [0. 1]}}')
+220: i24 = getfield_gc_i(p22, descr=<FieldS rpyeffect.value.IntValue.inst_value 8 pure>)
+224: i26 = int_sub(i24, 2)
debug_merge_point(0, 0, '8<main.rpyeffect:8(Name(infixSub105))>+1: {"op": "Return". "args": {"any": [0]}}')
debug_merge_point(0, 0, '127<main.rpyeffect:127([k@[k@[k@[then#266]#270]#273]#277])>+0: {"op": "Push". "target": 126. "args": {"any": [1]}}')
debug_merge_point(0, 0, '127<main.rpyeffect:127([k@[k@[k@[then#266]#270]#273]#277])>+1: {"op": "Jump". "target": 134}')
debug_merge_point(0, 0, '134<main.rpyeffect:134(Name(fibonacci2817))>+0: {"op": "Const". "type": "ptr". "out": 1. "format": "int". "value": "<IntValue object at 0x1205db430>"}')
debug_merge_point(0, 0, '134<main.rpyeffect:134(Name(fibonacci2817))>+1: {"op": "Push". "target": 133. "args": {"any": [0]}}')
debug_merge_point(0, 0, '134<main.rpyeffect:134(Name(fibonacci2817))>+2: {"op": "Jump". "target": 4}')
debug_merge_point(0, 0, '4<main.rpyeffect:4(Name(infixEq72))>+0: {"op": "PrimOp". "name": "infixEq(Int. Int): Boolean". "out": {"any": [0]}. "in": {"any": [0. 1]}}')
+228: p27 = new_with_vtable(descr=<SizeDescr 40>)
+332: p28 = new_with_vtable(descr=<SizeDescr 40>)
+344: setfield_gc(p28, p23, descr=<FieldP rpyeffect.stored_environment.Stack__arb.inst_tail 8 pure>)
+348: setfield_gc(p28, 126, descr=<FieldS rpyeffect.stored_environment.Stack__arb.inst_target 16 pure>)
+356: p30 = new_with_vtable(descr=<SizeDescr 16>)
+368: setfield_gc(p30, i21, descr=<FieldS rpyeffect.value.IntValue.inst_value 8 pure>)
+372: setfield_gc(p28, p30, descr=<FieldP rpyeffect.stored_environment.Stack__1.inst_values_ptr_0 32 pure>)
+376: p31 = new_with_vtable(descr=<SizeDescr 16>)
+388: setfield_gc(p31, i26, descr=<FieldS rpyeffect.value.IntValue.inst_value 8 pure>)
+392: setfield_gc(p27, 133, descr=<FieldS rpyeffect.stored_environment.Stack__arb.inst_target 16 pure>)
+400: setfield_gc(p27, p31, descr=<FieldP rpyeffect.stored_environment.Stack__1.inst_values_ptr_0 32 pure>)
+404: setfield_gc(p27, p28, descr=<FieldP rpyeffect.stored_environment.Stack__arb.inst_tail 8 pure>)
+432: jump(p7, p27, p0, p9, p10, p31, ConstPtr(ptr33), ConstPtr(ptr34), p3, p4, p5, p6, descr=TargetToken(4838010976))
+528: --end of the loop--
[7fb532] jit-log-opt-bridge}
[82d86b] {jit-log-opt-loop
# Loop 17 (132<main.rpyeffect:132([then#258])>+0: {"op": "Const", "type": "ptr", "out": 1, "format": "int", "value": "<IntValue object at 0x1205db130>"}) : entry bridge with 33 ops
[p0, p1, p2, p3, p4]
+216: p5 = getfield_gc_r(p2, descr=<FieldP rpyeffect.environment.Environment.inst_values_ptr 16>)
+224: p7 = getarrayitem_gc_r(p5, 0, descr=<ArrayP 8>)
+228: p9 = getarrayitem_gc_r(p5, 1, descr=<ArrayP 8>)
+232: p11 = getarrayitem_gc_r(p5, 2, descr=<ArrayP 8>)
+236: p13 = getarrayitem_gc_r(p5, 3, descr=<ArrayP 8>)
+240: p15 = getarrayitem_gc_r(p5, 4, descr=<ArrayP 8>)
+244: p17 = getarrayitem_gc_r(p5, 5, descr=<ArrayP 8>)
+248: p19 = getarrayitem_gc_r(p5, 6, descr=<ArrayP 8>)
debug_merge_point(0, 0, '132<main.rpyeffect:132([then#258])>+0: {"op": "Const". "type": "ptr". "out": 1. "format": "int". "value": "<IntValue object at 0x1205db130>"}')
+252: guard_not_invalidated(descr=<Guard0x1205e9190>) [p2, p7, p9, p11, p13, p15, p17, p19, p0, p1, p3, p4]
debug_merge_point(0, 0, '132<main.rpyeffect:132([then#258])>+1: {"op": "Push". "target": 131. "args": {"any": [0]}}')
debug_merge_point(0, 0, '132<main.rpyeffect:132([then#258])>+2: {"op": "Jump". "target": 4}')
debug_merge_point(0, 0, '4<main.rpyeffect:4(Name(infixEq72))>+0: {"op": "PrimOp". "name": "infixEq(Int. Int): Boolean". "out": {"any": [0]}. "in": {"any": [0. 1]}}')
+256: i20 = getfield_gc_i(p7, descr=<FieldS rpyeffect.value.IntValue.inst_value 8 pure>)
+260: i22 = int_eq(i20, 1)
debug_merge_point(0, 0, '4<main.rpyeffect:4(Name(infixEq72))>+1: {"op": "Return". "args": {"any": [0]}}')
debug_merge_point(0, 0, '131<main.rpyeffect:131([k@[then#258]#262])>+0: {"op": "Swap". "type": "any". "a": 0. "b". 1}')
debug_merge_point(0, 0, '131<main.rpyeffect:131([k@[then#258]#262])>+1: {"op": "IfZero". "cond": 1. "then": {"tag": null. "target": 130. "args": {"any": []}}}')
guard_true(i22, descr=<Guard0x1206213d0>) [p2, p7, p9, p11, p13, p15, p17, p19, p0, p1, p3, p4]
debug_merge_point(0, 0, '131<main.rpyeffect:131([k@[then#258]#262])>+2: {"op": "Const". "type": "ptr". "out": 0. "format": "int". "value": "<IntValue object at 0x1205db140>"}')
debug_merge_point(0, 0, '131<main.rpyeffect:131([k@[then#258]#262])>+3: {"op": "Return". "args": {"any": [0]}}')
+268: guard_nonnull(p1, descr=<Guard0x120621400>) [p2, p7, p9, p11, p13, p15, p17, p19, p0, p1, p3, p4]
+280: i23 = getfield_gc_i(p1, descr=<FieldS rpyeffect.stored_environment.Stack__arb.inst_target 16 pure>)
+288: guard_value(i23, 126, descr=<Guard0x120621430>) [p2, p7, p9, p11, p13, p15, p17, p19, p0, p1, p3, p4]
+300: p25 = getfield_gc_r(p1, descr=<FieldP rpyeffect.stored_environment.Stack__1.inst_values_ptr_0 32 pure>)
+304: p26 = getfield_gc_r(p1, descr=<FieldP rpyeffect.stored_environment.Stack__arb.inst_tail 8 pure>)
+308: guard_nonnull(p26, descr=<Guard0x120621460>) [p2, p7, p9, p11, p13, p15, p17, p19, p0, p1, p3, p4]
+316: i27 = getfield_gc_i(p26, descr=<FieldS rpyeffect.stored_environment.Stack__arb.inst_target 16 pure>)
+320: guard_value(i27, 126, descr=<Guard0x120621490>) [p2, p7, p9, p11, p13, p15, p17, p19, p0, p1, p3, p4]
debug_merge_point(0, 0, '126<main.rpyeffect:126([k@[k@[k@[k@[then#266]#270]#273]#277]#280])>+0: {"op": "Swap". "type": "any". "a": 0. "b". 1}')
debug_merge_point(0, 0, '126<main.rpyeffect:126([k@[k@[k@[k@[then#266]#270]#273]#277]#280])>+1: {"op": "Jump". "target": 6}')
debug_merge_point(0, 0, '6<main.rpyeffect:6(Name(infixAdd96))>+0: {"op": "PrimOp". "name": "infixAdd(Int. Int): Int". "out": {"any": [0]}. "in": {"any": [0. 1]}}')
+336: jump(p0, p26, p2, p3, p4, p25, ConstPtr(ptr29), p11, p13, p15, p17, p19, descr=TargetToken(4838011104))
+452: --end of the loop--
[83205c] jit-log-opt-loop}
[86a007] {jit-log-opt-bridge
# bridge out of Guard 0x1206209b0 with 37 ops
[p0, p1, p2, p3, p4, p5, p6, p7, p8, p9, p10, p11]
+152: guard_not_invalidated(descr=<Guard0x1205e91d8>) [p0, p1, p2, p3, p4, p5, p6, p7, p8, p9, p10, p11]
+156: i12 = getfield_gc_i(p1, descr=<FieldS rpyeffect.value.IntValue.inst_value 8 pure>)
+160: i13 = getfield_gc_i(p2, descr=<FieldS rpyeffect.value.IntValue.inst_value 8 pure>)
+164: i14 = int_eq(i12, i13)
debug_merge_point(0, 0, '4<main.rpyeffect:4(Name(infixEq72))>+1: {"op": "Return". "args": {"any": [0]}}')
+172: guard_nonnull(p9, descr=<Guard0x1206216a0>) [p0, p1, p2, p3, p4, p5, p6, p7, p8, p9, p10, p11]
+180: i15 = getfield_gc_i(p9, descr=<FieldS rpyeffect.stored_environment.Stack__arb.inst_target 16 pure>)
+184: guard_value(i15, 133, descr=<Guard0x1206216d0>) [p0, p1, p2, p3, p4, p5, p6, p7, p8, p9, p10, p11]
+196: p17 = getfield_gc_r(p9, descr=<FieldP rpyeffect.stored_environment.Stack__1.inst_values_ptr_0 32 pure>)
+200: p18 = getfield_gc_r(p9, descr=<FieldP rpyeffect.stored_environment.Stack__arb.inst_tail 8 pure>)
debug_merge_point(0, 0, '133<main.rpyeffect:133([k@Name(fibonacci2817)#254])>+0: {"op": "Swap". "type": "any". "a": 0. "b". 1}')
debug_merge_point(0, 0, '133<main.rpyeffect:133([k@Name(fibonacci2817)#254])>+1: {"op": "IfZero". "cond": 1. "then": {"tag": null. "target": 132. "args": {"any": []}}}')
+204: guard_false(i14, descr=<Guard0x120621700>) [p0, p1, p2, p3, p4, p5, p6, p7, p8, p9, p10, p11]
+212: guard_nonnull(p18, descr=<Guard0x120621730>) [p0, p1, p2, p3, p4, p5, p6, p7, p8, p9, p10, p11]
+220: i19 = getfield_gc_i(p18, descr=<FieldS rpyeffect.stored_environment.Stack__arb.inst_target 16 pure>)
+224: guard_value(i19, 126, descr=<Guard0x120621760>) [p0, p1, p2, p3, p4, p5, p6, p7, p8, p9, p10, p11]
debug_merge_point(0, 0, '132<main.rpyeffect:132([then#258])>+0: {"op": "Const". "type": "ptr". "out": 1. "format": "int". "value": "<IntValue object at 0x1205db130>"}')
debug_merge_point(0, 0, '132<main.rpyeffect:132([then#258])>+1: {"op": "Push". "target": 131. "args": {"any": [0]}}')
debug_merge_point(0, 0, '132<main.rpyeffect:132([then#258])>+2: {"op": "Jump". "target": 4}')
debug_merge_point(0, 0, '4<main.rpyeffect:4(Name(infixEq72))>+0: {"op": "PrimOp". "name": "infixEq(Int. Int): Boolean". "out": {"any": [0]}. "in": {"any": [0. 1]}}')
+236: i21 = getfield_gc_i(p17, descr=<FieldS rpyeffect.value.IntValue.inst_value 8 pure>)
+240: i23 = int_eq(i21, 1)
debug_merge_point(0, 0, '4<main.rpyeffect:4(Name(infixEq72))>+1: {"op": "Return". "args": {"any": [0]}}')
debug_merge_point(0, 0, '131<main.rpyeffect:131([k@[then#258]#262])>+0: {"op": "Swap". "type": "any". "a": 0. "b". 1}')
debug_merge_point(0, 0, '131<main.rpyeffect:131([k@[then#258]#262])>+1: {"op": "IfZero". "cond": 1. "then": {"tag": null. "target": 130. "args": {"any": []}}}')
guard_true(i23, descr=<Guard0x120621790>) [p0, p1, p2, p3, p4, p5, p6, p7, p8, p9, p10, p11]
debug_merge_point(0, 0, '131<main.rpyeffect:131([k@[then#258]#262])>+2: {"op": "Const". "type": "ptr". "out": 0. "format": "int". "value": "<IntValue object at 0x1205db140>"}')
debug_merge_point(0, 0, '131<main.rpyeffect:131([k@[then#258]#262])>+3: {"op": "Return". "args": {"any": [0]}}')
+248: p24 = getfield_gc_r(p18, descr=<FieldP rpyeffect.stored_environment.Stack__1.inst_values_ptr_0 32 pure>)
+252: p25 = getfield_gc_r(p18, descr=<FieldP rpyeffect.stored_environment.Stack__arb.inst_tail 8 pure>)
+256: guard_nonnull(p25, descr=<Guard0x1206217c0>) [p0, p1, p2, p3, p4, p5, p6, p7, p8, p9, p10, p11]
+264: i26 = getfield_gc_i(p25, descr=<FieldS rpyeffect.stored_environment.Stack__arb.inst_target 16 pure>)
+268: guard_value(i26, 126, descr=<Guard0x1206217f0>) [p0, p1, p2, p3, p4, p5, p6, p7, p8, p9, p10, p11]
debug_merge_point(0, 0, '126<main.rpyeffect:126([k@[k@[k@[k@[then#266]#270]#273]#277]#280])>+0: {"op": "Swap". "type": "any". "a": 0. "b". 1}')
debug_merge_point(0, 0, '126<main.rpyeffect:126([k@[k@[k@[k@[then#266]#270]#273]#277]#280])>+1: {"op": "Jump". "target": 6}')
debug_merge_point(0, 0, '6<main.rpyeffect:6(Name(infixAdd96))>+0: {"op": "PrimOp". "name": "infixAdd(Int. Int): Int". "out": {"any": [0]}. "in": {"any": [0. 1]}}')
+284: jump(p8, p25, p0, p10, p11, p24, ConstPtr(ptr28), p3, p4, p5, p6, p7, descr=TargetToken(4838011104))
+376: --end of the loop--
[8704f1] jit-log-opt-bridge}
[1452721ef] {jit-summary
Tracing:      	17	0.002406
Backend:      	17	0.000961
TOTAL:      		5.454225
ops:             	9620
heapcached ops:  	1952
recorded ops:    	2237
  calls:         	621
guards:          	352
opt ops:         	831
opt guards:      	129
opt guards shared:	109
forcings:        	0
abort: trace too long:	0
abort: compiling:	0
abort: vable escape:	0
abort: bad loop: 	0
abort: force quasi-immut:	0
abort: segmenting trace:	0
virtualizables forced:	0
nvirtuals:       	2
nvholes:         	0
nvreused:        	0
vecopt tried:    	0
vecopt success:  	0
Total # of loops:	6
Total # of bridges:	11
Freed # of loops:	0
Freed # of bridges:	0
[145274c41] jit-summary}
