[8d9e65] {jit-log-opt-loop
# Loop 1 (131<main.rpyeffect:131(Name(go2832))>+0: {"op": "Push", "target": 130, "args": {"any": [1, 0, 2]}}) : loop with 153 ops
[p0, p1, p2, p3, p4]
+280: p5 = getfield_gc_r(p2, descr=<FieldP rpyeffect.environment.Environment.inst_values_ptr 16>)
+288: p7 = getarrayitem_gc_r(p5, 0, descr=<ArrayP 8>)
+292: p9 = getarrayitem_gc_r(p5, 1, descr=<ArrayP 8>)
+296: p11 = getarrayitem_gc_r(p5, 2, descr=<ArrayP 8>)
+300: p13 = getarrayitem_gc_r(p5, 3, descr=<ArrayP 8>)
+304: p15 = getarrayitem_gc_r(p5, 4, descr=<ArrayP 8>)
+308: p17 = getarrayitem_gc_r(p5, 5, descr=<ArrayP 8>)
+312: p19 = getarrayitem_gc_r(p5, 6, descr=<ArrayP 8>)
+316: label(p0, p1, p2, p3, p4, p7, p9, p11, p13, p15, p17, p19, descr=TargetToken(4972261664))
debug_merge_point(0, 0, '131<main.rpyeffect:131(Name(go2832))>+0: {"op": "Push". "target": 130. "args": {"any": [1. 0. 2]}}')
+332: guard_not_invalidated(descr=<Guard0x1285e2c80>) [p2, p7, p9, p11, p13, p15, p17, p19, p0, p1, p3, p4]
debug_merge_point(0, 0, '131<main.rpyeffect:131(Name(go2832))>+1: {"op": "Copy". "type": "any". "from": 2. "to". 1}')
debug_merge_point(0, 0, '131<main.rpyeffect:131(Name(go2832))>+2: {"op": "Jump". "target": 10}')
debug_merge_point(0, 0, '10<main.rpyeffect:10(Name(infixGt184))>+0: {"op": "PrimOp". "name": "infixGt(Int. Int): Boolean". "out": {"any": [0]}. "in": {"any": [0. 1]}}')
+336: i20 = getfield_gc_i(p7, descr=<FieldS rpyeffect.value.IntValue.inst_value 8 pure>)
+340: i21 = getfield_gc_i(p11, descr=<FieldS rpyeffect.value.IntValue.inst_value 8 pure>)
+344: i22 = int_gt(i20, i21)
debug_merge_point(0, 0, '10<main.rpyeffect:10(Name(infixGt184))>+1: {"op": "Return". "args": {"any": [0]}}')
debug_merge_point(0, 0, '130<main.rpyeffect:130([k@Name(go2832)#252])>+0: {"op": "Swap". "type": "any". "a": 2. "b". 3}')
debug_merge_point(0, 0, '130<main.rpyeffect:130([k@Name(go2832)#252])>+1: {"op": "Swap". "type": "any". "a": 0. "b". 3}')
debug_merge_point(0, 0, '130<main.rpyeffect:130([k@Name(go2832)#252])>+2: {"op": "IfZero". "cond": 3. "then": {"tag": null. "target": 129. "args": {"any": []}}}')
guard_false(i22, descr=<Guard0x1285f8b60>) [p2, p7, p9, p11, p13, p15, p17, p19, p0, p1, p3, p4]
+352: guard_nonnull(p1, descr=<Guard0x1285f8b90>) [p2, p7, p9, p11, p13, p15, p17, p19, p0, p1, p3, p4]
+364: i23 = getfield_gc_i(p1, descr=<FieldS rpyeffect.stored_environment.Stack__arb.inst_target 16 pure>)
+372: guard_value(i23, 157, descr=<Guard0x1285f8bc0>) [p2, p7, p9, p11, p13, p15, p17, p19, p0, p1, p3, p4]
debug_merge_point(0, 0, '129<main.rpyeffect:129([then#256])>+0: {"op": "Push". "target": 128. "args": {"any": [1. 0. 2]}}')
debug_merge_point(0, 0, '129<main.rpyeffect:129([then#256])>+1: {"op": "Invoke". "receiver": 1. "tag": Interned(emit2830). "args" : {"any": [0]}}')
+384: p25 = getfield_gc_r(p9, descr=<FieldP rpyeffect.codata.CoData.inst_vtable 8 pure>)
+392: guard_value(p25, ConstPtr(ptr26), descr=<Guard0x1285f8bf0>) [p2, p7, p9, p11, p13, p15, p17, p19, p0, p1, p3, p4]
+400: p27 = getfield_gc_r(p9, descr=<FieldP rpyeffect.stored_environment.CoData__2.inst_values_ptr_0 24 pure>)
+404: p28 = getfield_gc_r(p9, descr=<FieldP rpyeffect.stored_environment.CoData__2.inst_values_ptr_1 32 pure>)
debug_merge_point(0, 0, '162<main.rpyeffect:162([method_emit2830@Name(sq_summing2825)#347])>+0: {"op": "Const". "type": "ptr". "out": 3. "format": "int". "value": "<IntValue object at 0x1285dd1a0>"}')
debug_merge_point(0, 0, '162<main.rpyeffect:162([method_emit2830@Name(sq_summing2825)#347])>+1: {"op": "ShiftDyn". "out": 1. "n": 3. "label": 1}')
+412: i30 = instance_ptr_eq(p4, ConstPtr(ptr29))
guard_true(i30, descr=<Guard0x1285f8c20>) [p2, p7, p9, p11, p13, p15, p17, p19, p0, p1, p3, p4]
+424: i31 = instance_ptr_eq(p0, p27)
guard_true(i31, descr=<Guard0x1285f8c50>) [p2, p7, p9, p11, p13, p15, p17, p19, p0, p1, p3, p4]
+436: guard_nonnull_class(p3, 4380780448, descr=<Guard0x1285e2cc8>) [p2, p7, p9, p11, p13, p15, p17, p19, p0, p1, p3, p4]
+464: p33 = getfield_gc_r(p3, descr=<FieldP rpyeffect.stack.MetaStackLike.inst_stack 8 pure>)
+468: p34 = getfield_gc_r(p3, descr=<FieldP rpyeffect.stack.MetaStack.inst_label 16 pure>)
+472: p35 = getfield_gc_r(p3, descr=<FieldP rpyeffect.stack.MetaStack.inst_tail 32 pure>)
+476: guard_nonnull(p33, descr=<Guard0x1285f8c80>) [p2, p7, p9, p11, p13, p15, p17, p19, p0, p1, p3, p4]
+484: i36 = getfield_gc_i(p33, descr=<FieldS rpyeffect.stored_environment.Stack__arb.inst_target 16 pure>)
+488: guard_value(i36, 156, descr=<Guard0x1285f8cb0>) [p2, p7, p9, p11, p13, p15, p17, p19, p0, p1, p3, p4]
debug_merge_point(0, 0, '162<main.rpyeffect:162([method_emit2830@Name(sq_summing2825)#347])>+2: {"op": "Load". "out": 3. "type": "any". "ref": 2}')
+500: p38 = getfield_gc_r(p28, descr=<FieldP rpyeffect.region.Ref.inst_allocation_site 8 pure>)
+508: guard_value(p38, ConstPtr(ptr39), descr=<Guard0x1285f8ce0>) [p2, p7, p9, p11, p13, p15, p17, p19, p0, p1, p3, p4]
+516: p40 = getfield_gc_r(p28, descr=<FieldP rpyeffect.region.Ref.inst_value 16>)
+520: i41 = getfield_gc_i(p40, descr=<FieldS rpyeffect.value.UnboxedIntValueRef.inst_value 8>)
debug_merge_point(0, 0, '162<main.rpyeffect:162([method_emit2830@Name(sq_summing2825)#347])>+3: {"op": "Push". "target": 161. "args": {"any": [1. 2. 3]}}')
debug_merge_point(0, 0, '162<main.rpyeffect:162([method_emit2830@Name(sq_summing2825)#347])>+4: {"op": "Copy". "type": "any". "from": 0. "to". 1}')
debug_merge_point(0, 0, '162<main.rpyeffect:162([method_emit2830@Name(sq_summing2825)#347])>+5: {"op": "Jump". "target": 6}')
debug_merge_point(0, 0, '6<main.rpyeffect:6(Name(infixMul99))>+0: {"op": "PrimOp". "name": "infixMul(Int. Int): Int". "out": {"any": [0]}. "in": {"any": [0. 1]}}')
+524: i42 = int_mul(i20, i20)
debug_merge_point(0, 0, '6<main.rpyeffect:6(Name(infixMul99))>+1: {"op": "Return". "args": {"any": [0]}}')
debug_merge_point(0, 0, '161<main.rpyeffect:161([#352])>+0: {"op": "Push". "target": 160. "args": {"any": [1. 2]}}')
debug_merge_point(0, 0, '161<main.rpyeffect:161([#352])>+1: {"op": "Copy". "type": "any". "from": 0. "to". 1}')
debug_merge_point(0, 0, '161<main.rpyeffect:161([#352])>+2: {"op": "Copy". "type": "any". "from": 3. "to". 0}')
debug_merge_point(0, 0, '161<main.rpyeffect:161([#352])>+3: {"op": "Jump". "target": 5}')
debug_merge_point(0, 0, '5<main.rpyeffect:5(Name(infixAdd96))>+0: {"op": "PrimOp". "name": "infixAdd(Int. Int): Int". "out": {"any": [0]}. "in": {"any": [0. 1]}}')
+528: i43 = int_add(i41, i42)
debug_merge_point(0, 0, '5<main.rpyeffect:5(Name(infixAdd96))>+1: {"op": "Return". "args": {"any": [0]}}')
debug_merge_point(0, 0, '160<main.rpyeffect:160([k@[#352]#355])>+0: {"op": "Const". "type": "ptr". "out": 3. "format": "int". "value": "<IntValue object at 0x1285dd1f0>"}')
debug_merge_point(0, 0, '160<main.rpyeffect:160([k@[#352]#355])>+1: {"op": "Push". "target": 159. "args": {"any": [1. 2]}}')
debug_merge_point(0, 0, '160<main.rpyeffect:160([k@[#352]#355])>+2: {"op": "Copy". "type": "any". "from": 3. "to". 1}')
debug_merge_point(0, 0, '160<main.rpyeffect:160([k@[#352]#355])>+3: {"op": "Jump". "target": 8}')
debug_merge_point(0, 0, '8<main.rpyeffect:8(Name(mod108))>+0: {"op": "PrimOp". "name": "mod(Int. Int): Int". "out": {"any": [0]}. "in": {"any": [0. 1]}}')
+532: i45 = int_rshift(i43, 63)
+540: i46 = int_xor(i43, i45)
+544: i48 = uint_mul_high(i46, -9086255505087856445)
+564: i50 = uint_rshift(i48, 9)
+572: i51 = int_xor(i50, i45)
+576: i53 = int_mul(i51, 1009)
+584: i54 = int_sub(i43, i53)
debug_merge_point(0, 0, '8<main.rpyeffect:8(Name(mod108))>+1: {"op": "Return". "args": {"any": [0]}}')
debug_merge_point(0, 0, '159<main.rpyeffect:159([k@[k@[#352]#355]#360])>+0: {"op": "Store". "ref": 2. "type": "any". "value": 0}')
debug_merge_point(0, 0, '159<main.rpyeffect:159([k@[k@[#352]#355]#360])>+1: {"op": "Construct". "out": 0. "type": Interned(Unit). "tag": Interned(unit). "args": {"any": []}}')
debug_merge_point(0, 0, '159<main.rpyeffect:159([k@[k@[#352]#355]#360])>+2: {"op": "Construct". "out": 0. "type": Interned(Unit). "tag": Interned(unit). "args": {"any": []}}')
debug_merge_point(0, 0, '159<main.rpyeffect:159([k@[k@[#352]#355]#360])>+3: {"op": "Jump". "target": 154}')
debug_merge_point(0, 0, '154<main.rpyeffect:154(Name(resume2841))>+0: {"op": "PushStack". "arg": 1}')
debug_merge_point(0, 0, '154<main.rpyeffect:154(Name(resume2841))>+1: {"op": "Return". "args": {"any": [0]}}')
debug_merge_point(0, 0, '128<main.rpyeffect:128([k@[then#256]#258])>+0: {"op": "Const". "type": "ptr". "out": 0. "format": "int". "value": "<IntValue object at 0x1285dd940>"}')
debug_merge_point(0, 0, '128<main.rpyeffect:128([k@[then#256]#258])>+1: {"op": "Push". "target": 127. "args": {"any": [1. 3]}}')
debug_merge_point(0, 0, '128<main.rpyeffect:128([k@[then#256]#258])>+2: {"op": "Copy". "type": "any". "from": 0. "to". 1}')
debug_merge_point(0, 0, '128<main.rpyeffect:128([k@[then#256]#258])>+3: {"op": "Copy". "type": "any". "from": 2. "to". 0}')
debug_merge_point(0, 0, '128<main.rpyeffect:128([k@[then#256]#258])>+4: {"op": "Jump". "target": 5}')
debug_merge_point(0, 0, '5<main.rpyeffect:5(Name(infixAdd96))>+0: {"op": "PrimOp". "name": "infixAdd(Int. Int): Int". "out": {"any": [0]}. "in": {"any": [0. 1]}}')
+588: i56 = int_add(i20, 1)
debug_merge_point(0, 0, '5<main.rpyeffect:5(Name(infixAdd96))>+1: {"op": "Return". "args": {"any": [0]}}')
debug_merge_point(0, 0, '127<main.rpyeffect:127([k@[k@[then#256]#258]#262])>+0: {"op": "Jump". "target": 131}')
debug_merge_point(0, 0, '131<main.rpyeffect:131(Name(go2832))>+0: {"op": "Push". "target": 130. "args": {"any": [1. 0. 2]}}')
+592: setfield_gc(p40, i54, descr=<FieldS rpyeffect.value.UnboxedIntValueRef.inst_value 8>)
+596: label(p0, p1, p2, p33, p34, p35, i56, p9, p11, p15, p17, p19, i21, p28, p40, i54, descr=TargetToken(4972261728))
debug_merge_point(0, 0, '131<main.rpyeffect:131(Name(go2832))>+0: {"op": "Push". "target": 130. "args": {"any": [1. 0. 2]}}')
+620: guard_not_invalidated(descr=<Guard0x1285e2d10>) [p2, p9, p11, p15, p17, p19, p0, p1, p35, p34, p33, i56]
debug_merge_point(0, 0, '131<main.rpyeffect:131(Name(go2832))>+1: {"op": "Copy". "type": "any". "from": 2. "to". 1}')
debug_merge_point(0, 0, '131<main.rpyeffect:131(Name(go2832))>+2: {"op": "Jump". "target": 10}')
debug_merge_point(0, 0, '10<main.rpyeffect:10(Name(infixGt184))>+0: {"op": "PrimOp". "name": "infixGt(Int. Int): Boolean". "out": {"any": [0]}. "in": {"any": [0. 1]}}')
+624: i57 = int_gt(i56, i21)
debug_merge_point(0, 0, '10<main.rpyeffect:10(Name(infixGt184))>+1: {"op": "Return". "args": {"any": [0]}}')
debug_merge_point(0, 0, '130<main.rpyeffect:130([k@Name(go2832)#252])>+0: {"op": "Swap". "type": "any". "a": 2. "b". 3}')
debug_merge_point(0, 0, '130<main.rpyeffect:130([k@Name(go2832)#252])>+1: {"op": "Swap". "type": "any". "a": 0. "b". 3}')
debug_merge_point(0, 0, '130<main.rpyeffect:130([k@Name(go2832)#252])>+2: {"op": "IfZero". "cond": 3. "then": {"tag": null. "target": 129. "args": {"any": []}}}')
guard_false(i57, descr=<Guard0x1285f8d10>) [p2, p9, p11, p15, p17, p19, p0, p1, p35, p34, p33, i56]
debug_merge_point(0, 0, '129<main.rpyeffect:129([then#256])>+0: {"op": "Push". "target": 128. "args": {"any": [1. 0. 2]}}')
debug_merge_point(0, 0, '129<main.rpyeffect:129([then#256])>+1: {"op": "Invoke". "receiver": 1. "tag": Interned(emit2830). "args" : {"any": [0]}}')
debug_merge_point(0, 0, '162<main.rpyeffect:162([method_emit2830@Name(sq_summing2825)#347])>+0: {"op": "Const". "type": "ptr". "out": 3. "format": "int". "value": "<IntValue object at 0x1285dd1a0>"}')
debug_merge_point(0, 0, '162<main.rpyeffect:162([method_emit2830@Name(sq_summing2825)#347])>+1: {"op": "ShiftDyn". "out": 1. "n": 3. "label": 1}')
debug_merge_point(0, 0, '162<main.rpyeffect:162([method_emit2830@Name(sq_summing2825)#347])>+2: {"op": "Load". "out": 3. "type": "any". "ref": 2}')
debug_merge_point(0, 0, '162<main.rpyeffect:162([method_emit2830@Name(sq_summing2825)#347])>+3: {"op": "Push". "target": 161. "args": {"any": [1. 2. 3]}}')
debug_merge_point(0, 0, '162<main.rpyeffect:162([method_emit2830@Name(sq_summing2825)#347])>+4: {"op": "Copy". "type": "any". "from": 0. "to". 1}')
debug_merge_point(0, 0, '162<main.rpyeffect:162([method_emit2830@Name(sq_summing2825)#347])>+5: {"op": "Jump". "target": 6}')
debug_merge_point(0, 0, '6<main.rpyeffect:6(Name(infixMul99))>+0: {"op": "PrimOp". "name": "infixMul(Int. Int): Int". "out": {"any": [0]}. "in": {"any": [0. 1]}}')
+632: i58 = int_mul(i56, i56)
debug_merge_point(0, 0, '6<main.rpyeffect:6(Name(infixMul99))>+1: {"op": "Return". "args": {"any": [0]}}')
debug_merge_point(0, 0, '161<main.rpyeffect:161([#352])>+0: {"op": "Push". "target": 160. "args": {"any": [1. 2]}}')
debug_merge_point(0, 0, '161<main.rpyeffect:161([#352])>+1: {"op": "Copy". "type": "any". "from": 0. "to". 1}')
debug_merge_point(0, 0, '161<main.rpyeffect:161([#352])>+2: {"op": "Copy". "type": "any". "from": 3. "to". 0}')
debug_merge_point(0, 0, '161<main.rpyeffect:161([#352])>+3: {"op": "Jump". "target": 5}')
debug_merge_point(0, 0, '5<main.rpyeffect:5(Name(infixAdd96))>+0: {"op": "PrimOp". "name": "infixAdd(Int. Int): Int". "out": {"any": [0]}. "in": {"any": [0. 1]}}')
+636: i59 = int_add(i54, i58)
debug_merge_point(0, 0, '5<main.rpyeffect:5(Name(infixAdd96))>+1: {"op": "Return". "args": {"any": [0]}}')
debug_merge_point(0, 0, '160<main.rpyeffect:160([k@[#352]#355])>+0: {"op": "Const". "type": "ptr". "out": 3. "format": "int". "value": "<IntValue object at 0x1285dd1f0>"}')
debug_merge_point(0, 0, '160<main.rpyeffect:160([k@[#352]#355])>+1: {"op": "Push". "target": 159. "args": {"any": [1. 2]}}')
debug_merge_point(0, 0, '160<main.rpyeffect:160([k@[#352]#355])>+2: {"op": "Copy". "type": "any". "from": 3. "to". 1}')
debug_merge_point(0, 0, '160<main.rpyeffect:160([k@[#352]#355])>+3: {"op": "Jump". "target": 8}')
debug_merge_point(0, 0, '8<main.rpyeffect:8(Name(mod108))>+0: {"op": "PrimOp". "name": "mod(Int. Int): Int". "out": {"any": [0]}. "in": {"any": [0. 1]}}')
+640: i61 = int_rshift(i59, 63)
+648: i62 = int_xor(i59, i61)
+652: i64 = uint_mul_high(i62, -9086255505087856445)
+672: i66 = uint_rshift(i64, 9)
+680: i67 = int_xor(i66, i61)
+684: i69 = int_mul(i67, 1009)
+692: i70 = int_sub(i59, i69)
debug_merge_point(0, 0, '8<main.rpyeffect:8(Name(mod108))>+1: {"op": "Return". "args": {"any": [0]}}')
debug_merge_point(0, 0, '159<main.rpyeffect:159([k@[k@[#352]#355]#360])>+0: {"op": "Store". "ref": 2. "type": "any". "value": 0}')
debug_merge_point(0, 0, '159<main.rpyeffect:159([k@[k@[#352]#355]#360])>+1: {"op": "Construct". "out": 0. "type": Interned(Unit). "tag": Interned(unit). "args": {"any": []}}')
debug_merge_point(0, 0, '159<main.rpyeffect:159([k@[k@[#352]#355]#360])>+2: {"op": "Construct". "out": 0. "type": Interned(Unit). "tag": Interned(unit). "args": {"any": []}}')
debug_merge_point(0, 0, '159<main.rpyeffect:159([k@[k@[#352]#355]#360])>+3: {"op": "Jump". "target": 154}')
debug_merge_point(0, 0, '154<main.rpyeffect:154(Name(resume2841))>+0: {"op": "PushStack". "arg": 1}')
debug_merge_point(0, 0, '154<main.rpyeffect:154(Name(resume2841))>+1: {"op": "Return". "args": {"any": [0]}}')
debug_merge_point(0, 0, '128<main.rpyeffect:128([k@[then#256]#258])>+0: {"op": "Const". "type": "ptr". "out": 0. "format": "int". "value": "<IntValue object at 0x1285dd940>"}')
debug_merge_point(0, 0, '128<main.rpyeffect:128([k@[then#256]#258])>+1: {"op": "Push". "target": 127. "args": {"any": [1. 3]}}')
debug_merge_point(0, 0, '128<main.rpyeffect:128([k@[then#256]#258])>+2: {"op": "Copy". "type": "any". "from": 0. "to". 1}')
debug_merge_point(0, 0, '128<main.rpyeffect:128([k@[then#256]#258])>+3: {"op": "Copy". "type": "any". "from": 2. "to". 0}')
debug_merge_point(0, 0, '128<main.rpyeffect:128([k@[then#256]#258])>+4: {"op": "Jump". "target": 5}')
debug_merge_point(0, 0, '5<main.rpyeffect:5(Name(infixAdd96))>+0: {"op": "PrimOp". "name": "infixAdd(Int. Int): Int". "out": {"any": [0]}. "in": {"any": [0. 1]}}')
+696: i72 = int_add(i56, 1)
debug_merge_point(0, 0, '5<main.rpyeffect:5(Name(infixAdd96))>+1: {"op": "Return". "args": {"any": [0]}}')
debug_merge_point(0, 0, '127<main.rpyeffect:127([k@[k@[then#256]#258]#262])>+0: {"op": "Jump". "target": 131}')
debug_merge_point(0, 0, '131<main.rpyeffect:131(Name(go2832))>+0: {"op": "Push". "target": 130. "args": {"any": [1. 0. 2]}}')
+700: setfield_gc(p40, i70, descr=<FieldS rpyeffect.value.UnboxedIntValueRef.inst_value 8>)
+704: jump(p0, p1, p2, p33, p34, p35, i72, p9, p11, p15, p17, p19, i21, p28, p40, i70, descr=TargetToken(4972261728))
+712: --end of the loop--
[8ff9bf] jit-log-opt-loop}
[c14267e] {jit-log-opt-loop
# Loop 2 (10<main.rpyeffect:10(Name(infixGt184))>+0: {"op": "PrimOp", "name": "infixGt(Int, Int): Boolean", "out": {"any": [0]}, "in": {"any": [0, 1]}}) : loop with 150 ops
[p0, p1, p2, p3, p4]
+296: p5 = getfield_gc_r(p2, descr=<FieldP rpyeffect.environment.Environment.inst_values_ptr 16>)
+304: p7 = getarrayitem_gc_r(p5, 0, descr=<ArrayP 8>)
+308: p9 = getarrayitem_gc_r(p5, 1, descr=<ArrayP 8>)
+312: p11 = getarrayitem_gc_r(p5, 2, descr=<ArrayP 8>)
+316: p13 = getarrayitem_gc_r(p5, 3, descr=<ArrayP 8>)
+320: p15 = getarrayitem_gc_r(p5, 4, descr=<ArrayP 8>)
+324: p17 = getarrayitem_gc_r(p5, 5, descr=<ArrayP 8>)
+328: p19 = getarrayitem_gc_r(p5, 6, descr=<ArrayP 8>)
+332: label(p0, p1, p2, p3, p4, p7, p9, p11, p13, p15, p17, p19, descr=TargetToken(4972263264))
debug_merge_point(0, 0, '10<main.rpyeffect:10(Name(infixGt184))>+0: {"op": "PrimOp". "name": "infixGt(Int. Int): Boolean". "out": {"any": [0]}. "in": {"any": [0. 1]}}')
+352: guard_not_invalidated(descr=<Guard0x1285e3028>) [p2, p7, p9, p11, p13, p15, p17, p19, p0, p1, p3, p4]
+356: i20 = getfield_gc_i(p7, descr=<FieldS rpyeffect.value.IntValue.inst_value 8 pure>)
+360: i21 = getfield_gc_i(p9, descr=<FieldS rpyeffect.value.IntValue.inst_value 8 pure>)
+364: i22 = int_gt(i20, i21)
debug_merge_point(0, 0, '10<main.rpyeffect:10(Name(infixGt184))>+1: {"op": "Return". "args": {"any": [0]}}')
+372: guard_nonnull(p1, descr=<Guard0x1285f9c40>) [p2, p7, p9, p11, p13, p15, p17, p19, p0, p1, p3, p4]
+384: i23 = getfield_gc_i(p1, descr=<FieldS rpyeffect.stored_environment.Stack__arb.inst_target 16 pure>)
+392: guard_value(i23, 130, descr=<Guard0x1285f9c70>) [p2, p7, p9, p11, p13, p15, p17, p19, p0, p1, p3, p4]
+404: p25 = getfield_gc_r(p1, descr=<FieldP rpyeffect.stored_environment.Stack__3.inst_values_ptr_0 32 pure>)
+408: p26 = getfield_gc_r(p1, descr=<FieldP rpyeffect.stored_environment.Stack__3.inst_values_ptr_1 40 pure>)
+412: p27 = getfield_gc_r(p1, descr=<FieldP rpyeffect.stored_environment.Stack__3.inst_values_ptr_2 48 pure>)
+416: p28 = getfield_gc_r(p1, descr=<FieldP rpyeffect.stored_environment.Stack__arb.inst_tail 8 pure>)
debug_merge_point(0, 0, '130<main.rpyeffect:130([k@Name(go2832)#252])>+0: {"op": "Swap". "type": "any". "a": 2. "b". 3}')
debug_merge_point(0, 0, '130<main.rpyeffect:130([k@Name(go2832)#252])>+1: {"op": "Swap". "type": "any". "a": 0. "b". 3}')
debug_merge_point(0, 0, '130<main.rpyeffect:130([k@Name(go2832)#252])>+2: {"op": "IfZero". "cond": 3. "then": {"tag": null. "target": 129. "args": {"any": []}}}')
+420: guard_false(i22, descr=<Guard0x1285f9ca0>) [p2, p7, p9, p11, p13, p15, p17, p19, p0, p1, p3, p4]
+428: guard_nonnull(p28, descr=<Guard0x1285f9cd0>) [p2, p7, p9, p11, p13, p15, p17, p19, p0, p1, p3, p4]
+436: i29 = getfield_gc_i(p28, descr=<FieldS rpyeffect.stored_environment.Stack__arb.inst_target 16 pure>)
+440: guard_value(i29, 137, descr=<Guard0x1285f9d00>) [p2, p7, p9, p11, p13, p15, p17, p19, p0, p1, p3, p4]
debug_merge_point(0, 0, '129<main.rpyeffect:129([then#256])>+0: {"op": "Push". "target": 128. "args": {"any": [1. 0. 2]}}')
debug_merge_point(0, 0, '129<main.rpyeffect:129([then#256])>+1: {"op": "Invoke". "receiver": 1. "tag": Interned(emit2830). "args" : {"any": [0]}}')
+452: p31 = getfield_gc_r(p25, descr=<FieldP rpyeffect.codata.CoData.inst_vtable 8 pure>)
+460: guard_value(p31, ConstPtr(ptr32), descr=<Guard0x1285f9d30>) [p2, p7, p9, p11, p13, p15, p17, p19, p0, p1, p3, p4]
+468: p33 = getfield_gc_r(p25, descr=<FieldP rpyeffect.stored_environment.CoData__2.inst_values_ptr_0 24 pure>)
+472: p34 = getfield_gc_r(p25, descr=<FieldP rpyeffect.stored_environment.CoData__2.inst_values_ptr_1 32 pure>)
debug_merge_point(0, 0, '141<main.rpyeffect:141([method_emit2830@Name(summing2821)#283])>+0: {"op": "Const". "type": "ptr". "out": 3. "format": "int". "value": "<IntValue object at 0x1285dd700>"}')
debug_merge_point(0, 0, '141<main.rpyeffect:141([method_emit2830@Name(summing2821)#283])>+1: {"op": "ShiftDyn". "out": 1. "n": 3. "label": 1}')
+480: i36 = instance_ptr_eq(p4, ConstPtr(ptr35))
guard_true(i36, descr=<Guard0x1285f9d60>) [p2, p7, p9, p11, p13, p15, p17, p19, p0, p1, p3, p4]
+492: i37 = instance_ptr_eq(p0, p33)
guard_true(i37, descr=<Guard0x1285f9d90>) [p2, p7, p9, p11, p13, p15, p17, p19, p0, p1, p3, p4]
+504: guard_nonnull_class(p3, 4380780448, descr=<Guard0x1285e3070>) [p2, p7, p9, p11, p13, p15, p17, p19, p0, p1, p3, p4]
+532: p39 = getfield_gc_r(p3, descr=<FieldP rpyeffect.stack.MetaStackLike.inst_stack 8 pure>)
+536: p40 = getfield_gc_r(p3, descr=<FieldP rpyeffect.stack.MetaStack.inst_label 16 pure>)
+540: p41 = getfield_gc_r(p3, descr=<FieldP rpyeffect.stack.MetaStack.inst_tail 32 pure>)
+544: guard_nonnull(p39, descr=<Guard0x1285f9dc0>) [p2, p7, p9, p11, p13, p15, p17, p19, p0, p1, p3, p4]
+552: i42 = getfield_gc_i(p39, descr=<FieldS rpyeffect.stored_environment.Stack__arb.inst_target 16 pure>)
+556: guard_value(i42, 136, descr=<Guard0x1285f9df0>) [p2, p7, p9, p11, p13, p15, p17, p19, p0, p1, p3, p4]
debug_merge_point(0, 0, '141<main.rpyeffect:141([method_emit2830@Name(summing2821)#283])>+2: {"op": "Load". "out": 3. "type": "any". "ref": 2}')
+568: p44 = getfield_gc_r(p34, descr=<FieldP rpyeffect.region.Ref.inst_allocation_site 8 pure>)
+576: guard_value(p44, ConstPtr(ptr45), descr=<Guard0x1285f9e20>) [p2, p7, p9, p11, p13, p15, p17, p19, p0, p1, p3, p4]
+584: p46 = getfield_gc_r(p34, descr=<FieldP rpyeffect.region.Ref.inst_value 16>)
+588: i47 = getfield_gc_i(p46, descr=<FieldS rpyeffect.value.UnboxedIntValueRef.inst_value 8>)
debug_merge_point(0, 0, '141<main.rpyeffect:141([method_emit2830@Name(summing2821)#283])>+3: {"op": "Push". "target": 140. "args": {"any": [1. 2]}}')
debug_merge_point(0, 0, '141<main.rpyeffect:141([method_emit2830@Name(summing2821)#283])>+4: {"op": "Copy". "type": "any". "from": 0. "to". 1}')
debug_merge_point(0, 0, '141<main.rpyeffect:141([method_emit2830@Name(summing2821)#283])>+5: {"op": "Copy". "type": "any". "from": 3. "to". 0}')
debug_merge_point(0, 0, '141<main.rpyeffect:141([method_emit2830@Name(summing2821)#283])>+6: {"op": "Jump". "target": 5}')
debug_merge_point(0, 0, '5<main.rpyeffect:5(Name(infixAdd96))>+0: {"op": "PrimOp". "name": "infixAdd(Int. Int): Int". "out": {"any": [0]}. "in": {"any": [0. 1]}}')
+592: i48 = getfield_gc_i(p26, descr=<FieldS rpyeffect.value.IntValue.inst_value 8 pure>)
+596: i49 = int_add(i47, i48)
debug_merge_point(0, 0, '5<main.rpyeffect:5(Name(infixAdd96))>+1: {"op": "Return". "args": {"any": [0]}}')
debug_merge_point(0, 0, '140<main.rpyeffect:140([#288])>+0: {"op": "Const". "type": "ptr". "out": 3. "format": "int". "value": "<IntValue object at 0x1285dd730>"}')
debug_merge_point(0, 0, '140<main.rpyeffect:140([#288])>+1: {"op": "Push". "target": 139. "args": {"any": [1. 2]}}')
debug_merge_point(0, 0, '140<main.rpyeffect:140([#288])>+2: {"op": "Copy". "type": "any". "from": 3. "to". 1}')
debug_merge_point(0, 0, '140<main.rpyeffect:140([#288])>+3: {"op": "Jump". "target": 8}')
debug_merge_point(0, 0, '8<main.rpyeffect:8(Name(mod108))>+0: {"op": "PrimOp". "name": "mod(Int. Int): Int". "out": {"any": [0]}. "in": {"any": [0. 1]}}')
+600: i51 = int_rshift(i49, 63)
+608: i52 = int_xor(i49, i51)
+612: i54 = uint_mul_high(i52, -9086255505087856445)
+632: i56 = uint_rshift(i54, 9)
+640: i57 = int_xor(i56, i51)
+644: i59 = int_mul(i57, 1009)
+652: i60 = int_sub(i49, i59)
debug_merge_point(0, 0, '8<main.rpyeffect:8(Name(mod108))>+1: {"op": "Return". "args": {"any": [0]}}')
debug_merge_point(0, 0, '139<main.rpyeffect:139([k@[#288]#293])>+0: {"op": "Store". "ref": 2. "type": "any". "value": 0}')
debug_merge_point(0, 0, '139<main.rpyeffect:139([k@[#288]#293])>+1: {"op": "Construct". "out": 0. "type": Interned(Unit). "tag": Interned(unit). "args": {"any": []}}')
debug_merge_point(0, 0, '139<main.rpyeffect:139([k@[#288]#293])>+2: {"op": "Construct". "out": 0. "type": Interned(Unit). "tag": Interned(unit). "args": {"any": []}}')
debug_merge_point(0, 0, '139<main.rpyeffect:139([k@[#288]#293])>+3: {"op": "Jump". "target": 134}')
debug_merge_point(0, 0, '134<main.rpyeffect:134(Name(resume2835))>+0: {"op": "PushStack". "arg": 1}')
debug_merge_point(0, 0, '134<main.rpyeffect:134(Name(resume2835))>+1: {"op": "Return". "args": {"any": [0]}}')
debug_merge_point(0, 0, '128<main.rpyeffect:128([k@[then#256]#258])>+0: {"op": "Const". "type": "ptr". "out": 0. "format": "int". "value": "<IntValue object at 0x1285dd940>"}')
debug_merge_point(0, 0, '128<main.rpyeffect:128([k@[then#256]#258])>+1: {"op": "Push". "target": 127. "args": {"any": [1. 3]}}')
debug_merge_point(0, 0, '128<main.rpyeffect:128([k@[then#256]#258])>+2: {"op": "Copy". "type": "any". "from": 0. "to". 1}')
debug_merge_point(0, 0, '128<main.rpyeffect:128([k@[then#256]#258])>+3: {"op": "Copy". "type": "any". "from": 2. "to". 0}')
debug_merge_point(0, 0, '128<main.rpyeffect:128([k@[then#256]#258])>+4: {"op": "Jump". "target": 5}')
debug_merge_point(0, 0, '5<main.rpyeffect:5(Name(infixAdd96))>+0: {"op": "PrimOp". "name": "infixAdd(Int. Int): Int". "out": {"any": [0]}. "in": {"any": [0. 1]}}')
+656: i62 = int_add(i48, 1)
debug_merge_point(0, 0, '5<main.rpyeffect:5(Name(infixAdd96))>+1: {"op": "Return". "args": {"any": [0]}}')
debug_merge_point(0, 0, '127<main.rpyeffect:127([k@[k@[then#256]#258]#262])>+0: {"op": "Jump". "target": 131}')
debug_merge_point(0, 0, '131<main.rpyeffect:131(Name(go2832))>+0: {"op": "Push". "target": 130. "args": {"any": [1. 0. 2]}}')
debug_merge_point(0, 0, '131<main.rpyeffect:131(Name(go2832))>+1: {"op": "Copy". "type": "any". "from": 2. "to". 1}')
debug_merge_point(0, 0, '131<main.rpyeffect:131(Name(go2832))>+2: {"op": "Jump". "target": 10}')
debug_merge_point(0, 0, '10<main.rpyeffect:10(Name(infixGt184))>+0: {"op": "PrimOp". "name": "infixGt(Int. Int): Boolean". "out": {"any": [0]}. "in": {"any": [0. 1]}}')
+660: setfield_gc(p46, i60, descr=<FieldS rpyeffect.value.UnboxedIntValueRef.inst_value 8>)
+664: label(p0, p28, p25, i62, p27, p2, p39, p40, p41, p15, p17, p19, p34, p46, i60, descr=TargetToken(4972263328))
debug_merge_point(0, 0, '10<main.rpyeffect:10(Name(infixGt184))>+0: {"op": "PrimOp". "name": "infixGt(Int. Int): Boolean". "out": {"any": [0]}. "in": {"any": [0. 1]}}')
+688: guard_not_invalidated(descr=<Guard0x1285e30b8>) [p2, p27, p15, p17, p19, p0, p41, p40, p39, p25, p28, i62]
+692: i63 = getfield_gc_i(p27, descr=<FieldS rpyeffect.value.IntValue.inst_value 8 pure>)
+696: i64 = int_gt(i62, i63)
debug_merge_point(0, 0, '10<main.rpyeffect:10(Name(infixGt184))>+1: {"op": "Return". "args": {"any": [0]}}')
debug_merge_point(0, 0, '130<main.rpyeffect:130([k@Name(go2832)#252])>+0: {"op": "Swap". "type": "any". "a": 2. "b". 3}')
debug_merge_point(0, 0, '130<main.rpyeffect:130([k@Name(go2832)#252])>+1: {"op": "Swap". "type": "any". "a": 0. "b". 3}')
debug_merge_point(0, 0, '130<main.rpyeffect:130([k@Name(go2832)#252])>+2: {"op": "IfZero". "cond": 3. "then": {"tag": null. "target": 129. "args": {"any": []}}}')
guard_false(i64, descr=<Guard0x1285f9e50>) [p2, p27, p15, p17, p19, p0, p41, p40, p39, p25, p28, i62]
debug_merge_point(0, 0, '129<main.rpyeffect:129([then#256])>+0: {"op": "Push". "target": 128. "args": {"any": [1. 0. 2]}}')
debug_merge_point(0, 0, '129<main.rpyeffect:129([then#256])>+1: {"op": "Invoke". "receiver": 1. "tag": Interned(emit2830). "args" : {"any": [0]}}')
debug_merge_point(0, 0, '141<main.rpyeffect:141([method_emit2830@Name(summing2821)#283])>+0: {"op": "Const". "type": "ptr". "out": 3. "format": "int". "value": "<IntValue object at 0x1285dd700>"}')
debug_merge_point(0, 0, '141<main.rpyeffect:141([method_emit2830@Name(summing2821)#283])>+1: {"op": "ShiftDyn". "out": 1. "n": 3. "label": 1}')
debug_merge_point(0, 0, '141<main.rpyeffect:141([method_emit2830@Name(summing2821)#283])>+2: {"op": "Load". "out": 3. "type": "any". "ref": 2}')
debug_merge_point(0, 0, '141<main.rpyeffect:141([method_emit2830@Name(summing2821)#283])>+3: {"op": "Push". "target": 140. "args": {"any": [1. 2]}}')
debug_merge_point(0, 0, '141<main.rpyeffect:141([method_emit2830@Name(summing2821)#283])>+4: {"op": "Copy". "type": "any". "from": 0. "to". 1}')
debug_merge_point(0, 0, '141<main.rpyeffect:141([method_emit2830@Name(summing2821)#283])>+5: {"op": "Copy". "type": "any". "from": 3. "to". 0}')
debug_merge_point(0, 0, '141<main.rpyeffect:141([method_emit2830@Name(summing2821)#283])>+6: {"op": "Jump". "target": 5}')
debug_merge_point(0, 0, '5<main.rpyeffect:5(Name(infixAdd96))>+0: {"op": "PrimOp". "name": "infixAdd(Int. Int): Int". "out": {"any": [0]}. "in": {"any": [0. 1]}}')
+704: i65 = int_add(i60, i62)
debug_merge_point(0, 0, '5<main.rpyeffect:5(Name(infixAdd96))>+1: {"op": "Return". "args": {"any": [0]}}')
debug_merge_point(0, 0, '140<main.rpyeffect:140([#288])>+0: {"op": "Const". "type": "ptr". "out": 3. "format": "int". "value": "<IntValue object at 0x1285dd730>"}')
debug_merge_point(0, 0, '140<main.rpyeffect:140([#288])>+1: {"op": "Push". "target": 139. "args": {"any": [1. 2]}}')
debug_merge_point(0, 0, '140<main.rpyeffect:140([#288])>+2: {"op": "Copy". "type": "any". "from": 3. "to". 1}')
debug_merge_point(0, 0, '140<main.rpyeffect:140([#288])>+3: {"op": "Jump". "target": 8}')
debug_merge_point(0, 0, '8<main.rpyeffect:8(Name(mod108))>+0: {"op": "PrimOp". "name": "mod(Int. Int): Int". "out": {"any": [0]}. "in": {"any": [0. 1]}}')
+708: i67 = int_rshift(i65, 63)
+716: i68 = int_xor(i65, i67)
+720: i70 = uint_mul_high(i68, -9086255505087856445)
+740: i72 = uint_rshift(i70, 9)
+748: i73 = int_xor(i72, i67)
+752: i75 = int_mul(i73, 1009)
+760: i76 = int_sub(i65, i75)
debug_merge_point(0, 0, '8<main.rpyeffect:8(Name(mod108))>+1: {"op": "Return". "args": {"any": [0]}}')
debug_merge_point(0, 0, '139<main.rpyeffect:139([k@[#288]#293])>+0: {"op": "Store". "ref": 2. "type": "any". "value": 0}')
debug_merge_point(0, 0, '139<main.rpyeffect:139([k@[#288]#293])>+1: {"op": "Construct". "out": 0. "type": Interned(Unit). "tag": Interned(unit). "args": {"any": []}}')
debug_merge_point(0, 0, '139<main.rpyeffect:139([k@[#288]#293])>+2: {"op": "Construct". "out": 0. "type": Interned(Unit). "tag": Interned(unit). "args": {"any": []}}')
debug_merge_point(0, 0, '139<main.rpyeffect:139([k@[#288]#293])>+3: {"op": "Jump". "target": 134}')
debug_merge_point(0, 0, '134<main.rpyeffect:134(Name(resume2835))>+0: {"op": "PushStack". "arg": 1}')
debug_merge_point(0, 0, '134<main.rpyeffect:134(Name(resume2835))>+1: {"op": "Return". "args": {"any": [0]}}')
debug_merge_point(0, 0, '128<main.rpyeffect:128([k@[then#256]#258])>+0: {"op": "Const". "type": "ptr". "out": 0. "format": "int". "value": "<IntValue object at 0x1285dd940>"}')
debug_merge_point(0, 0, '128<main.rpyeffect:128([k@[then#256]#258])>+1: {"op": "Push". "target": 127. "args": {"any": [1. 3]}}')
debug_merge_point(0, 0, '128<main.rpyeffect:128([k@[then#256]#258])>+2: {"op": "Copy". "type": "any". "from": 0. "to". 1}')
debug_merge_point(0, 0, '128<main.rpyeffect:128([k@[then#256]#258])>+3: {"op": "Copy". "type": "any". "from": 2. "to". 0}')
debug_merge_point(0, 0, '128<main.rpyeffect:128([k@[then#256]#258])>+4: {"op": "Jump". "target": 5}')
debug_merge_point(0, 0, '5<main.rpyeffect:5(Name(infixAdd96))>+0: {"op": "PrimOp". "name": "infixAdd(Int. Int): Int". "out": {"any": [0]}. "in": {"any": [0. 1]}}')
+764: i78 = int_add(i62, 1)
debug_merge_point(0, 0, '5<main.rpyeffect:5(Name(infixAdd96))>+1: {"op": "Return". "args": {"any": [0]}}')
debug_merge_point(0, 0, '127<main.rpyeffect:127([k@[k@[then#256]#258]#262])>+0: {"op": "Jump". "target": 131}')
debug_merge_point(0, 0, '131<main.rpyeffect:131(Name(go2832))>+0: {"op": "Push". "target": 130. "args": {"any": [1. 0. 2]}}')
debug_merge_point(0, 0, '131<main.rpyeffect:131(Name(go2832))>+1: {"op": "Copy". "type": "any". "from": 2. "to". 1}')
debug_merge_point(0, 0, '131<main.rpyeffect:131(Name(go2832))>+2: {"op": "Jump". "target": 10}')
debug_merge_point(0, 0, '10<main.rpyeffect:10(Name(infixGt184))>+0: {"op": "PrimOp". "name": "infixGt(Int. Int): Boolean". "out": {"any": [0]}. "in": {"any": [0. 1]}}')
+768: setfield_gc(p46, i76, descr=<FieldS rpyeffect.value.UnboxedIntValueRef.inst_value 8>)
+772: jump(p0, p28, p25, i78, p27, p2, p39, p40, p41, p15, p17, p19, p34, p46, i76, descr=TargetToken(4972263328))
+780: --end of the loop--
[c160d79] jit-log-opt-loop}
[1780be9f] {jit-log-opt-loop
# Loop 3 (5<main.rpyeffect:5(Name(infixAdd96))>+0: {"op": "PrimOp", "name": "infixAdd(Int, Int): Int", "out": {"any": [0]}, "in": {"any": [0, 1]}}) : entry bridge with 37 ops
[p0, p1, p2, p3, p4]
+200: p5 = getfield_gc_r(p2, descr=<FieldP rpyeffect.environment.Environment.inst_values_ptr 16>)
+208: p7 = getarrayitem_gc_r(p5, 0, descr=<ArrayP 8>)
+212: p9 = getarrayitem_gc_r(p5, 1, descr=<ArrayP 8>)
+216: p11 = getarrayitem_gc_r(p5, 2, descr=<ArrayP 8>)
+220: p13 = getarrayitem_gc_r(p5, 3, descr=<ArrayP 8>)
+224: p15 = getarrayitem_gc_r(p5, 4, descr=<ArrayP 8>)
+228: p17 = getarrayitem_gc_r(p5, 5, descr=<ArrayP 8>)
+232: p19 = getarrayitem_gc_r(p5, 6, descr=<ArrayP 8>)
debug_merge_point(0, 0, '5<main.rpyeffect:5(Name(infixAdd96))>+0: {"op": "PrimOp". "name": "infixAdd(Int. Int): Int". "out": {"any": [0]}. "in": {"any": [0. 1]}}')
+236: guard_not_invalidated(descr=<Guard0x1285e3100>) [p2, p7, p9, p11, p13, p15, p17, p19, p0, p1, p3, p4]
+240: i20 = getfield_gc_i(p7, descr=<FieldS rpyeffect.value.IntValue.inst_value 8 pure>)
+244: i21 = getfield_gc_i(p9, descr=<FieldS rpyeffect.value.IntValue.inst_value 8 pure>)
+248: i22 = int_add(i20, i21)
debug_merge_point(0, 0, '5<main.rpyeffect:5(Name(infixAdd96))>+1: {"op": "Return". "args": {"any": [0]}}')
+252: guard_nonnull(p1, descr=<Guard0x1285f9f40>) [p2, p7, p9, p11, p13, p15, p17, p19, p0, p1, p3, p4]
+264: i23 = getfield_gc_i(p1, descr=<FieldS rpyeffect.stored_environment.Stack__arb.inst_target 16 pure>)
+272: guard_value(i23, 127, descr=<Guard0x1285f9f70>) [p2, p7, p9, p11, p13, p15, p17, p19, p0, p1, p3, p4]
+284: p25 = getfield_gc_r(p1, descr=<FieldP rpyeffect.stored_environment.Stack__2.inst_values_ptr_0 32 pure>)
+288: p26 = getfield_gc_r(p1, descr=<FieldP rpyeffect.stored_environment.Stack__2.inst_values_ptr_1 40 pure>)
+292: p27 = getfield_gc_r(p1, descr=<FieldP rpyeffect.stored_environment.Stack__arb.inst_tail 8 pure>)
debug_merge_point(0, 0, '127<main.rpyeffect:127([k@[k@[then#256]#258]#262])>+0: {"op": "Jump". "target": 131}')
+296: guard_nonnull(p27, descr=<Guard0x1285f9fa0>) [p2, p7, p9, p11, p13, p15, p17, p19, p0, p1, p3, p4]
+304: i28 = getfield_gc_i(p27, descr=<FieldS rpyeffect.stored_environment.Stack__arb.inst_target 16 pure>)
+308: guard_value(i28, 147, descr=<Guard0x1285f9fd0>) [p2, p7, p9, p11, p13, p15, p17, p19, p0, p1, p3, p4]
debug_merge_point(0, 0, '131<main.rpyeffect:131(Name(go2832))>+0: {"op": "Push". "target": 130. "args": {"any": [1. 0. 2]}}')
debug_merge_point(0, 0, '131<main.rpyeffect:131(Name(go2832))>+1: {"op": "Copy". "type": "any". "from": 2. "to". 1}')
debug_merge_point(0, 0, '131<main.rpyeffect:131(Name(go2832))>+2: {"op": "Jump". "target": 10}')
debug_merge_point(0, 0, '10<main.rpyeffect:10(Name(infixGt184))>+0: {"op": "PrimOp". "name": "infixGt(Int. Int): Boolean". "out": {"any": [0]}. "in": {"any": [0. 1]}}')
+320: p30 = new_with_vtable(descr=<SizeDescr 56>)
+432: p31 = new_with_vtable(descr=<SizeDescr 16>)
+444: setfield_gc(p31, i22, descr=<FieldS rpyeffect.value.IntValue.inst_value 8 pure>)
+448: setfield_gc(p30, 130, descr=<FieldS rpyeffect.stored_environment.Stack__arb.inst_target 16 pure>)
+456: setfield_gc(p30, p27, descr=<FieldP rpyeffect.stored_environment.Stack__arb.inst_tail 8 pure>)
+460: setfield_gc(p30, p25, descr=<FieldP rpyeffect.stored_environment.Stack__3.inst_values_ptr_0 32 pure>)
+464: setfield_gc(p30, p31, descr=<FieldP rpyeffect.stored_environment.Stack__3.inst_values_ptr_1 40 pure>)
+468: setfield_gc(p30, p26, descr=<FieldP rpyeffect.stored_environment.Stack__3.inst_values_ptr_2 48 pure>)
+480: jump(p0, p30, p2, p3, p4, p31, p26, p26, p13, p15, p17, p19, descr=TargetToken(4972263264))
+596: --end of the loop--
[17811bb8] jit-log-opt-loop}
[1788e9c4] {jit-log-opt-bridge
# bridge out of Guard 0x1285f9d00 with 99 ops
[p0, p1, p2, p3, p4, p5, p6, p7, p8, p9, p10, p11]
+200: guard_not_invalidated(descr=<Guard0x1285e3190>) [p0, p1, p2, p3, p4, p5, p6, p7, p8, p9, p10, p11]
+204: i12 = getfield_gc_i(p1, descr=<FieldS rpyeffect.value.IntValue.inst_value 8 pure>)
+208: i13 = getfield_gc_i(p2, descr=<FieldS rpyeffect.value.IntValue.inst_value 8 pure>)
+212: i14 = int_gt(i12, i13)
debug_merge_point(0, 0, '10<main.rpyeffect:10(Name(infixGt184))>+1: {"op": "Return". "args": {"any": [0]}}')
+220: guard_nonnull(p9, descr=<Guard0x12861a290>) [p0, p1, p2, p3, p4, p5, p6, p7, p8, p9, p10, p11]
+228: i15 = getfield_gc_i(p9, descr=<FieldS rpyeffect.stored_environment.Stack__arb.inst_target 16 pure>)
+232: guard_value(i15, 130, descr=<Guard0x12861a2c0>) [p0, p1, p2, p3, p4, p5, p6, p7, p8, p9, p10, p11]
+244: p17 = getfield_gc_r(p9, descr=<FieldP rpyeffect.stored_environment.Stack__3.inst_values_ptr_0 32 pure>)
+248: p18 = getfield_gc_r(p9, descr=<FieldP rpyeffect.stored_environment.Stack__3.inst_values_ptr_1 40 pure>)
+252: p19 = getfield_gc_r(p9, descr=<FieldP rpyeffect.stored_environment.Stack__3.inst_values_ptr_2 48 pure>)
+256: p20 = getfield_gc_r(p9, descr=<FieldP rpyeffect.stored_environment.Stack__arb.inst_tail 8 pure>)
debug_merge_point(0, 0, '130<main.rpyeffect:130([k@Name(go2832)#252])>+0: {"op": "Swap". "type": "any". "a": 2. "b". 3}')
debug_merge_point(0, 0, '130<main.rpyeffect:130([k@Name(go2832)#252])>+1: {"op": "Swap". "type": "any". "a": 0. "b". 3}')
debug_merge_point(0, 0, '130<main.rpyeffect:130([k@Name(go2832)#252])>+2: {"op": "IfZero". "cond": 3. "then": {"tag": null. "target": 129. "args": {"any": []}}}')
+260: guard_false(i14, descr=<Guard0x12861a2f0>) [p0, p1, p2, p3, p4, p5, p6, p7, p8, p9, p10, p11]
+268: guard_nonnull(p20, descr=<Guard0x12861a320>) [p0, p1, p2, p3, p4, p5, p6, p7, p8, p9, p10, p11]
+276: i21 = getfield_gc_i(p20, descr=<FieldS rpyeffect.stored_environment.Stack__arb.inst_target 16 pure>)
+280: guard_value(i21, 147, descr=<Guard0x12861a350>) [p0, p1, p2, p3, p4, p5, p6, p7, p8, p9, p10, p11]
debug_merge_point(0, 0, '129<main.rpyeffect:129([then#256])>+0: {"op": "Push". "target": 128. "args": {"any": [1. 0. 2]}}')
debug_merge_point(0, 0, '129<main.rpyeffect:129([then#256])>+1: {"op": "Invoke". "receiver": 1. "tag": Interned(emit2830). "args" : {"any": [0]}}')
+292: p23 = getfield_gc_r(p17, descr=<FieldP rpyeffect.codata.CoData.inst_vtable 8 pure>)
+300: guard_value(p23, ConstPtr(ptr24), descr=<Guard0x12861a380>) [p0, p1, p2, p3, p4, p5, p6, p7, p8, p9, p10, p11]
+308: p25 = getfield_gc_r(p17, descr=<FieldP rpyeffect.stored_environment.CoData__2.inst_values_ptr_0 24 pure>)
+312: p26 = getfield_gc_r(p17, descr=<FieldP rpyeffect.stored_environment.CoData__2.inst_values_ptr_1 32 pure>)
debug_merge_point(0, 0, '151<main.rpyeffect:151([method_emit2830@Name(counting2823)#314])>+0: {"op": "Const". "type": "ptr". "out": 0. "format": "int". "value": "<IntValue object at 0x1285dd480>"}')
debug_merge_point(0, 0, '151<main.rpyeffect:151([method_emit2830@Name(counting2823)#314])>+1: {"op": "ShiftDyn". "out": 0. "n": 0. "label": 1}')
+320: i28 = instance_ptr_eq(p11, ConstPtr(ptr27))
guard_true(i28, descr=<Guard0x12861a3b0>) [p0, p1, p2, p3, p4, p5, p6, p7, p8, p9, p10, p11]
+332: i29 = instance_ptr_eq(p8, p25)
guard_true(i29, descr=<Guard0x12861a3e0>) [p0, p1, p2, p3, p4, p5, p6, p7, p8, p9, p10, p11]
+344: guard_nonnull_class(p10, 4380780448, descr=<Guard0x1285e31d8>) [p0, p1, p2, p3, p4, p5, p6, p7, p8, p9, p10, p11]
+372: p31 = getfield_gc_r(p10, descr=<FieldP rpyeffect.stack.MetaStackLike.inst_stack 8 pure>)
+376: p32 = getfield_gc_r(p10, descr=<FieldP rpyeffect.stack.MetaStack.inst_label 16 pure>)
+380: p33 = getfield_gc_r(p10, descr=<FieldP rpyeffect.stack.MetaStack.inst_tail 32 pure>)
+384: guard_nonnull(p31, descr=<Guard0x12861a410>) [p0, p1, p2, p3, p4, p5, p6, p7, p8, p9, p10, p11]
+392: i34 = getfield_gc_i(p31, descr=<FieldS rpyeffect.stored_environment.Stack__arb.inst_target 16 pure>)
+396: guard_value(i34, 146, descr=<Guard0x12861a440>) [p0, p1, p2, p3, p4, p5, p6, p7, p8, p9, p10, p11]
debug_merge_point(0, 0, '151<main.rpyeffect:151([method_emit2830@Name(counting2823)#314])>+2: {"op": "Load". "out": 1. "type": "any". "ref": 2}')
+408: p36 = getfield_gc_r(p26, descr=<FieldP rpyeffect.region.Ref.inst_allocation_site 8 pure>)
+420: guard_value(p36, ConstPtr(ptr37), descr=<Guard0x12861a470>) [p0, p1, p2, p3, p4, p5, p6, p7, p8, p9, p10, p11]
+428: p38 = getfield_gc_r(p26, descr=<FieldP rpyeffect.region.Ref.inst_value 16>)
+432: i39 = getfield_gc_i(p38, descr=<FieldS rpyeffect.value.UnboxedIntValueRef.inst_value 8>)
debug_merge_point(0, 0, '151<main.rpyeffect:151([method_emit2830@Name(counting2823)#314])>+3: {"op": "Const". "type": "ptr". "out": 3. "format": "int". "value": "<IntValue object at 0x1285dd470>"}')
debug_merge_point(0, 0, '151<main.rpyeffect:151([method_emit2830@Name(counting2823)#314])>+4: {"op": "Push". "target": 150. "args": {"any": [0. 2]}}')
debug_merge_point(0, 0, '151<main.rpyeffect:151([method_emit2830@Name(counting2823)#314])>+5: {"op": "Copy". "type": "any". "from": 1. "to". 0}')
debug_merge_point(0, 0, '151<main.rpyeffect:151([method_emit2830@Name(counting2823)#314])>+6: {"op": "Copy". "type": "any". "from": 3. "to". 1}')
debug_merge_point(0, 0, '151<main.rpyeffect:151([method_emit2830@Name(counting2823)#314])>+7: {"op": "Jump". "target": 5}')
debug_merge_point(0, 0, '5<main.rpyeffect:5(Name(infixAdd96))>+0: {"op": "PrimOp". "name": "infixAdd(Int. Int): Int". "out": {"any": [0]}. "in": {"any": [0. 1]}}')
+436: i41 = int_add(i39, 1)
debug_merge_point(0, 0, '5<main.rpyeffect:5(Name(infixAdd96))>+1: {"op": "Return". "args": {"any": [0]}}')
debug_merge_point(0, 0, '150<main.rpyeffect:150([#321])>+0: {"op": "Const". "type": "ptr". "out": 3. "format": "int". "value": "<IntValue object at 0x1285dd4b0>"}')
debug_merge_point(0, 0, '150<main.rpyeffect:150([#321])>+1: {"op": "Push". "target": 149. "args": {"any": [1. 2]}}')
debug_merge_point(0, 0, '150<main.rpyeffect:150([#321])>+2: {"op": "Copy". "type": "any". "from": 3. "to". 1}')
debug_merge_point(0, 0, '150<main.rpyeffect:150([#321])>+3: {"op": "Jump". "target": 8}')
debug_merge_point(0, 0, '8<main.rpyeffect:8(Name(mod108))>+0: {"op": "PrimOp". "name": "mod(Int. Int): Int". "out": {"any": [0]}. "in": {"any": [0. 1]}}')
+440: i43 = int_rshift(i41, 63)
+448: i44 = int_xor(i41, i43)
+452: i46 = uint_mul_high(i44, -9086255505087856445)
+472: i48 = uint_rshift(i46, 9)
+480: i49 = int_xor(i48, i43)
+484: i51 = int_mul(i49, 1009)
+492: i52 = int_sub(i41, i51)
debug_merge_point(0, 0, '8<main.rpyeffect:8(Name(mod108))>+1: {"op": "Return". "args": {"any": [0]}}')
debug_merge_point(0, 0, '149<main.rpyeffect:149([k@[#321]#326])>+0: {"op": "Store". "ref": 2. "type": "any". "value": 0}')
debug_merge_point(0, 0, '149<main.rpyeffect:149([k@[#321]#326])>+1: {"op": "Construct". "out": 0. "type": Interned(Unit). "tag": Interned(unit). "args": {"any": []}}')
debug_merge_point(0, 0, '149<main.rpyeffect:149([k@[#321]#326])>+2: {"op": "Construct". "out": 0. "type": Interned(Unit). "tag": Interned(unit). "args": {"any": []}}')
debug_merge_point(0, 0, '149<main.rpyeffect:149([k@[#321]#326])>+3: {"op": "Jump". "target": 144}')
debug_merge_point(0, 0, '144<main.rpyeffect:144(Name(resume2838))>+0: {"op": "PushStack". "arg": 1}')
debug_merge_point(0, 0, '144<main.rpyeffect:144(Name(resume2838))>+1: {"op": "Return". "args": {"any": [0]}}')
debug_merge_point(0, 0, '128<main.rpyeffect:128([k@[then#256]#258])>+0: {"op": "Const". "type": "ptr". "out": 0. "format": "int". "value": "<IntValue object at 0x1285dd940>"}')
debug_merge_point(0, 0, '128<main.rpyeffect:128([k@[then#256]#258])>+1: {"op": "Push". "target": 127. "args": {"any": [1. 3]}}')
debug_merge_point(0, 0, '128<main.rpyeffect:128([k@[then#256]#258])>+2: {"op": "Copy". "type": "any". "from": 0. "to". 1}')
debug_merge_point(0, 0, '128<main.rpyeffect:128([k@[then#256]#258])>+3: {"op": "Copy". "type": "any". "from": 2. "to". 0}')
debug_merge_point(0, 0, '128<main.rpyeffect:128([k@[then#256]#258])>+4: {"op": "Jump". "target": 5}')
debug_merge_point(0, 0, '5<main.rpyeffect:5(Name(infixAdd96))>+0: {"op": "PrimOp". "name": "infixAdd(Int. Int): Int". "out": {"any": [0]}. "in": {"any": [0. 1]}}')
+496: i53 = getfield_gc_i(p18, descr=<FieldS rpyeffect.value.IntValue.inst_value 8 pure>)
+500: i55 = int_add(i53, 1)
debug_merge_point(0, 0, '5<main.rpyeffect:5(Name(infixAdd96))>+1: {"op": "Return". "args": {"any": [0]}}')
debug_merge_point(0, 0, '127<main.rpyeffect:127([k@[k@[then#256]#258]#262])>+0: {"op": "Jump". "target": 131}')
debug_merge_point(0, 0, '131<main.rpyeffect:131(Name(go2832))>+0: {"op": "Push". "target": 130. "args": {"any": [1. 0. 2]}}')
debug_merge_point(0, 0, '131<main.rpyeffect:131(Name(go2832))>+1: {"op": "Copy". "type": "any". "from": 2. "to". 1}')
debug_merge_point(0, 0, '131<main.rpyeffect:131(Name(go2832))>+2: {"op": "Jump". "target": 10}')
debug_merge_point(0, 0, '10<main.rpyeffect:10(Name(infixGt184))>+0: {"op": "PrimOp". "name": "infixGt(Int. Int): Boolean". "out": {"any": [0]}. "in": {"any": [0. 1]}}')
+504: setfield_gc(p38, i52, descr=<FieldS rpyeffect.value.UnboxedIntValueRef.inst_value 8>)
+508: p56 = new_with_vtable(descr=<SizeDescr 56>)
+612: p57 = new_with_vtable(descr=<SizeDescr 16>)
+624: setfield_gc(p57, i55, descr=<FieldS rpyeffect.value.IntValue.inst_value 8 pure>)
+628: p58 = new_with_vtable(descr=<SizeDescr 40>)
+640: setfield_gc(p56, 130, descr=<FieldS rpyeffect.stored_environment.Stack__arb.inst_target 16 pure>)
+648: setfield_gc(p56, p17, descr=<FieldP rpyeffect.stored_environment.Stack__3.inst_values_ptr_0 32 pure>)
+652: setfield_gc(p56, p57, descr=<FieldP rpyeffect.stored_environment.Stack__3.inst_values_ptr_1 40 pure>)
+656: setfield_gc(p56, p19, descr=<FieldP rpyeffect.stored_environment.Stack__3.inst_values_ptr_2 48 pure>)
+660: setfield_gc(p56, p20, descr=<FieldP rpyeffect.stored_environment.Stack__arb.inst_tail 8 pure>)
+664: setfield_gc(p58, p31, descr=<FieldP rpyeffect.stack.MetaStackLike.inst_stack 8 pure>)
+668: setfield_gc(p58, p32, descr=<FieldP rpyeffect.stack.MetaStack.inst_label 16 pure>)
+672: setfield_gc(p58, p33, descr=<FieldP rpyeffect.stack.MetaStack.inst_tail 32 pure>)
+676: setfield_gc(p58, ConstPtr(null), descr=<FieldP rpyeffect.stack.MetaStack.inst_region 24 pure>)
+692: jump(p8, p56, p0, p58, ConstPtr(ptr61), p57, p19, p19, p19, p5, p6, p7, descr=TargetToken(4972263264))
+748: --end of the loop--
[1789f0f3] jit-log-opt-bridge}
[2d54cee4] {jit-summary
Tracing:      	4	0.001739
Backend:      	4	0.000459
TOTAL:      		0.752658
ops:             	4953
heapcached ops:  	950
recorded ops:    	1085
  calls:         	200
guards:          	219
opt ops:         	414
opt guards:      	49
opt guards shared:	40
forcings:        	0
abort: trace too long:	0
abort: compiling:	0
abort: vable escape:	0
abort: bad loop: 	0
abort: force quasi-immut:	0
abort: segmenting trace:	0
virtualizables forced:	0
nvirtuals:       	5
nvholes:         	0
nvreused:        	0
vecopt tried:    	0
vecopt success:  	0
Total # of loops:	3
Total # of bridges:	1
Freed # of loops:	0
Freed # of bridges:	0
[2d54f236] jit-summary}
