[88a1dd] {jit-log-opt-loop
# Loop 2 (4<main.rpyeffect:4(Name(infixEq72))>+0: {"op": "PrimOp", "name": "infixEq(Int, Int): Boolean", "out": {"any": [0]}, "in": {"any": [0, 1]}}) : loop with 85 ops
[p0, p1, p2, p3, p4]
+280: p5 = getfield_gc_r(p2, descr=<FieldP rpyeffect.environment.Environment.inst_values_ptr 16>)
+288: p7 = getarrayitem_gc_r(p5, 0, descr=<ArrayP 8>)
+292: p9 = getarrayitem_gc_r(p5, 1, descr=<ArrayP 8>)
+296: p11 = getarrayitem_gc_r(p5, 2, descr=<ArrayP 8>)
+300: p13 = getarrayitem_gc_r(p5, 3, descr=<ArrayP 8>)
+304: p15 = getarrayitem_gc_r(p5, 4, descr=<ArrayP 8>)
+308: p17 = getarrayitem_gc_r(p5, 5, descr=<ArrayP 8>)
+312: p19 = getarrayitem_gc_r(p5, 6, descr=<ArrayP 8>)
+316: p21 = getarrayitem_gc_r(p5, 7, descr=<ArrayP 8>)
+320: label(p0, p1, p2, p3, p4, p7, p9, p11, p13, p15, p17, p19, p21, descr=TargetToken(4972253664))
debug_merge_point(0, 0, '4<main.rpyeffect:4(Name(infixEq72))>+0: {"op": "PrimOp". "name": "infixEq(Int. Int): Boolean". "out": {"any": [0]}. "in": {"any": [0. 1]}}')
+344: guard_not_invalidated(descr=<Guard0x1285e0c38>) [p2, p7, p9, p11, p13, p15, p17, p19, p21, p0, p1, p3, p4]
+348: i22 = getfield_gc_i(p7, descr=<FieldS rpyeffect.value.IntValue.inst_value 8 pure>)
+352: i23 = getfield_gc_i(p9, descr=<FieldS rpyeffect.value.IntValue.inst_value 8 pure>)
+356: i24 = int_eq(i22, i23)
debug_merge_point(0, 0, '4<main.rpyeffect:4(Name(infixEq72))>+1: {"op": "Return". "args": {"any": [0]}}')
+364: guard_nonnull(p1, descr=<Guard0x1285f8bf0>) [p2, p7, p9, p11, p13, p15, p17, p19, p21, p0, p1, p3, p4]
+376: i25 = getfield_gc_i(p1, descr=<FieldS rpyeffect.stored_environment.Stack__arb.inst_target 16 pure>)
+384: guard_value(i25, 170, descr=<Guard0x1285f8c20>) [p2, p7, p9, p11, p13, p15, p17, p19, p21, p0, p1, p3, p4]
+396: p27 = getfield_gc_r(p1, descr=<FieldP rpyeffect.stored_environment.Stack__3.inst_values_ptr_0 32 pure>)
+396: p28 = getfield_gc_r(p1, descr=<FieldP rpyeffect.stored_environment.Stack__3.inst_values_ptr_1 40 pure>)
+400: p29 = getfield_gc_r(p1, descr=<FieldP rpyeffect.stored_environment.Stack__3.inst_values_ptr_2 48 pure>)
+404: p30 = getfield_gc_r(p1, descr=<FieldP rpyeffect.stored_environment.Stack__arb.inst_tail 8 pure>)
debug_merge_point(0, 0, '170<main.rpyeffect:170([k@[then#347]#352])>+0: {"op": "Swap". "type": "any". "a": 0. "b". 1}')
debug_merge_point(0, 0, '170<main.rpyeffect:170([k@[then#347]#352])>+1: {"op": "Swap". "type": "any". "a": 2. "b". 1}')
debug_merge_point(0, 0, '170<main.rpyeffect:170([k@[then#347]#352])>+2: {"op": "IfZero". "cond": 2. "then": {"tag": null. "target": 166. "args": {"any": []}}}')
+408: guard_false(i24, descr=<Guard0x1285f8c50>) [p2, p7, p9, p11, p13, p15, p17, p19, p21, p0, p1, p3, p4]
debug_merge_point(0, 0, '166<main.rpyeffect:166([then#356])>+0: {"op": "Load". "out": 0. "type": "any". "ref": 1}')
+416: p31 = getfield_gc_r(p28, descr=<FieldP rpyeffect.region.Ref.inst_allocation_site 8 pure>)
+424: guard_value(p31, ConstPtr(ptr32), descr=<Guard0x1285f8c80>) [p2, p7, p9, p11, p13, p15, p17, p19, p21, p0, p1, p3, p4]
+432: p33 = getfield_gc_r(p28, descr=<FieldP rpyeffect.region.Ref.inst_value 16>)
+436: i34 = getfield_gc_i(p33, descr=<FieldS rpyeffect.value.UnboxedIntValueRef.inst_value 8>)
debug_merge_point(0, 0, '166<main.rpyeffect:166([then#356])>+1: {"op": "Const". "type": "ptr". "out": 2. "format": "int". "value": "<IntValue object at 0x1285dd180>"}')
debug_merge_point(0, 0, '166<main.rpyeffect:166([then#356])>+2: {"op": "Push". "target": 165. "args": {"any": [1. 3]}}')
debug_merge_point(0, 0, '166<main.rpyeffect:166([then#356])>+3: {"op": "Copy". "type": "any". "from": 2. "to". 1}')
debug_merge_point(0, 0, '166<main.rpyeffect:166([then#356])>+4: {"op": "Jump". "target": 8}')
debug_merge_point(0, 0, '8<main.rpyeffect:8(Name(infixSub105))>+0: {"op": "PrimOp". "name": "infixSub(Int. Int): Int". "out": {"any": [0]}. "in": {"any": [0. 1]}}')
+440: i36 = int_sub(i34, 1)
debug_merge_point(0, 0, '8<main.rpyeffect:8(Name(infixSub105))>+1: {"op": "Return". "args": {"any": [0]}}')
debug_merge_point(0, 0, '165<main.rpyeffect:165([k@[then#356]#361])>+0: {"op": "Store". "ref": 1. "type": "any". "value": 0}')
debug_merge_point(0, 0, '165<main.rpyeffect:165([k@[then#356]#361])>+1: {"op": "Construct". "out": 0. "type": Interned(Unit). "tag": Interned(unit). "args": {"any": []}}')
debug_merge_point(0, 0, '165<main.rpyeffect:165([k@[then#356]#361])>+2: {"op": "Push". "target": 164. "args": {"any": [2]}}')
debug_merge_point(0, 0, '165<main.rpyeffect:165([k@[then#356]#361])>+3: {"op": "Jump". "target": 127}')
debug_merge_point(0, 0, '127<main.rpyeffect:127(Name(dollar2823))>+0: {"op": "Const". "type": "ptr". "out": 0. "format": "int". "value": "<IntValue object at 0x1285dd8f0>"}')
debug_merge_point(0, 0, '127<main.rpyeffect:127(Name(dollar2823))>+1: {"op": "Return". "args": {"any": [0]}}')
debug_merge_point(0, 0, '164<main.rpyeffect:164([k@[k@[then#356]#361]#365])>+0: {"op": "Jump". "target": 156}')
debug_merge_point(0, 0, '156<main.rpyeffect:156(Name(resume2849))>+0: {"op": "PushStack". "arg": 1}')
+444: setfield_gc(p33, i36, descr=<FieldS rpyeffect.value.UnboxedIntValueRef.inst_value 8>)
+456: i38 = instance_ptr_eq(p4, ConstPtr(ptr37))
guard_true(i38, descr=<Guard0x1285e0c80>) [p2, p29, p15, p17, p19, p21, i38, p0, p30, p3, p4]
+476: guard_nonnull_class(p29, 4341835568, descr=<Guard0x1285e0cc8>) [p2, p29, p15, p17, p19, p21, i38, p0, p30, p3, p4]
+500: p40 = getfield_gc_r(p29, descr=<FieldP rpyeffect.stack.MetaStack.inst_region 24 pure>)
+504: guard_isnull(p40, descr=<Guard0x1285f8ce0>) [p2, p29, p15, p17, p19, p21, i38, p0, p30, p3, p4]
+512: p41 = getfield_gc_r(p29, descr=<FieldP rpyeffect.stack.MetaStackLike.inst_stack 8 pure>)
+516: p42 = getfield_gc_r(p29, descr=<FieldP rpyeffect.stack.MetaStack.inst_tail 32 pure>)
+520: guard_isnull(p42, descr=<Guard0x1285f8d10>) [p2, p29, p15, p17, p19, p21, i38, p0, p30, p3, p4]
+528: p43 = getfield_gc_r(p29, descr=<FieldP rpyeffect.stack.MetaStack.inst_label 16 pure>)
debug_merge_point(0, 0, '156<main.rpyeffect:156(Name(resume2849))>+1: {"op": "Return". "args": {"any": [0]}}')
+532: guard_nonnull(p41, descr=<Guard0x1285f8d40>) [p2, p29, p15, p17, p19, p21, i38, p0, p30, p3, p4]
+540: i44 = getfield_gc_i(p41, descr=<FieldS rpyeffect.stored_environment.Stack__arb.inst_target 16 pure>)
+544: guard_value(i44, 140, descr=<Guard0x1285f8d70>) [p2, p29, p15, p17, p19, p21, i38, p0, p30, p3, p4]
+556: p46 = getfield_gc_r(p41, descr=<FieldP rpyeffect.stored_environment.Stack__4.inst_values_ptr_0 32 pure>)
+560: p47 = getfield_gc_r(p41, descr=<FieldP rpyeffect.stored_environment.Stack__4.inst_values_ptr_1 40 pure>)
+564: p48 = getfield_gc_r(p41, descr=<FieldP rpyeffect.stored_environment.Stack__4.inst_values_ptr_2 48 pure>)
+568: p49 = getfield_gc_r(p41, descr=<FieldP rpyeffect.stored_environment.Stack__4.inst_values_ptr_3 56 pure>)
+572: p50 = getfield_gc_r(p41, descr=<FieldP rpyeffect.stored_environment.Stack__arb.inst_tail 8 pure>)
debug_merge_point(0, 0, '140<main.rpyeffect:140([k@Name(parse2827)#258])>+0: {"op": "Push". "target": 139. "args": {"any": [1. 2. 3. 4. 0]}}')
debug_merge_point(0, 0, '140<main.rpyeffect:140([k@Name(parse2827)#258])>+1: {"op": "Jump". "target": 128}')
debug_merge_point(0, 0, '128<main.rpyeffect:128(Name(isDollar2825))>+0: {"op": "Const". "type": "ptr". "out": 1. "format": "int". "value": "<IntValue object at 0x1285dd8c0>"}')
debug_merge_point(0, 0, '128<main.rpyeffect:128(Name(isDollar2825))>+1: {"op": "Jump". "target": 4}')
debug_merge_point(0, 0, '4<main.rpyeffect:4(Name(infixEq72))>+0: {"op": "PrimOp". "name": "infixEq(Int. Int): Boolean". "out": {"any": [0]}. "in": {"any": [0. 1]}}')
+576: p51 = new_with_vtable(descr=<SizeDescr 72>)
+684: p52 = new_with_vtable(descr=<SizeDescr 40>)
+696: setfield_gc(p51, 139, descr=<FieldS rpyeffect.stored_environment.Stack__arb.inst_target 16 pure>)
+704: setfield_gc(p51, p50, descr=<FieldP rpyeffect.stored_environment.Stack__arb.inst_tail 8 pure>)
+708: setfield_gc(p52, ConstPtr(null), descr=<FieldP rpyeffect.stack.MetaStack.inst_region 24 pure>)
+716: setfield_gc(p52, p30, descr=<FieldP rpyeffect.stack.MetaStackLike.inst_stack 8 pure>)
+720: setfield_gc(p52, p3, descr=<FieldP rpyeffect.stack.MetaStack.inst_tail 32 pure>)
+728: setfield_gc(p52, p0, descr=<FieldP rpyeffect.stack.MetaStack.inst_label 16 pure>)
+736: setfield_gc(p51, p46, descr=<FieldP rpyeffect.stored_environment.Stack__5.inst_values_ptr_0 32 pure>)
+740: setfield_gc(p51, p47, descr=<FieldP rpyeffect.stored_environment.Stack__5.inst_values_ptr_1 40 pure>)
+744: setfield_gc(p51, p48, descr=<FieldP rpyeffect.stored_environment.Stack__5.inst_values_ptr_2 48 pure>)
+748: setfield_gc(p51, p49, descr=<FieldP rpyeffect.stored_environment.Stack__5.inst_values_ptr_3 56 pure>)
+756: setfield_gc(p51, ConstPtr(ptr55), descr=<FieldP rpyeffect.stored_environment.Stack__5.inst_values_ptr_4 64 pure>)
+772: jump(p43, p51, p2, p52, ConstPtr(ptr56), ConstPtr(ptr55), ConstPtr(ptr57), p47, p48, p49, p17, p19, p21, descr=TargetToken(4972253664))
+808: --end of the loop--
[8a7ad8] jit-log-opt-loop}
[968f4b] {jit-log-opt-bridge
# bridge out of Guard 0x1285f8c20 with 107 ops
[p0, p1, p2, p3, p4, p5, p6, p7, p8, p9, p10, p11, p12]
+232: guard_not_invalidated(descr=<Guard0x1285e1100>) [p0, p1, p2, p3, p4, p5, p6, p7, p8, p9, p10, p11, p12]
+236: i13 = getfield_gc_i(p1, descr=<FieldS rpyeffect.value.IntValue.inst_value 8 pure>)
+240: i14 = getfield_gc_i(p2, descr=<FieldS rpyeffect.value.IntValue.inst_value 8 pure>)
+244: i15 = int_eq(i13, i14)
debug_merge_point(0, 0, '4<main.rpyeffect:4(Name(infixEq72))>+1: {"op": "Return". "args": {"any": [0]}}')
+252: guard_nonnull(p10, descr=<Guard0x1285f9be0>) [p0, p1, p2, p3, p4, p5, p6, p7, p8, p9, p10, p11, p12]
+260: i16 = getfield_gc_i(p10, descr=<FieldS rpyeffect.stored_environment.Stack__arb.inst_target 16 pure>)
+264: guard_value(i16, 139, descr=<Guard0x1285f9c10>) [p0, p1, p2, p3, p4, p5, p6, p7, p8, p9, p10, p11, p12]
+276: p18 = getfield_gc_r(p10, descr=<FieldP rpyeffect.stored_environment.Stack__5.inst_values_ptr_0 32 pure>)
+280: p19 = getfield_gc_r(p10, descr=<FieldP rpyeffect.stored_environment.Stack__5.inst_values_ptr_1 40 pure>)
+284: p20 = getfield_gc_r(p10, descr=<FieldP rpyeffect.stored_environment.Stack__5.inst_values_ptr_2 48 pure>)
+288: p21 = getfield_gc_r(p10, descr=<FieldP rpyeffect.stored_environment.Stack__5.inst_values_ptr_3 56 pure>)
+292: p22 = getfield_gc_r(p10, descr=<FieldP rpyeffect.stored_environment.Stack__5.inst_values_ptr_4 64 pure>)
+292: p23 = getfield_gc_r(p10, descr=<FieldP rpyeffect.stored_environment.Stack__arb.inst_tail 8 pure>)
debug_merge_point(0, 0, '139<main.rpyeffect:139([k@[k@Name(parse2827)#258]#260])>+0: {"op": "Swap". "type": "any". "a": 2. "b". 5}')
debug_merge_point(0, 0, '139<main.rpyeffect:139([k@[k@Name(parse2827)#258]#260])>+1: {"op": "Swap". "type": "any". "a": 4. "b". 5}')
debug_merge_point(0, 0, '139<main.rpyeffect:139([k@[k@Name(parse2827)#258]#260])>+2: {"op": "Swap". "type": "any". "a": 1. "b". 5}')
debug_merge_point(0, 0, '139<main.rpyeffect:139([k@[k@Name(parse2827)#258]#260])>+3: {"op": "IfZero". "cond": 0. "then": {"tag": null. "target": 136. "args": {"any": []}}}')
+296: guard_true(i15, descr=<Guard0x1285f9c40>) [p0, p1, p2, p3, p4, p5, p6, p7, p8, p9, p10, p11, p12]
debug_merge_point(0, 0, '139<main.rpyeffect:139([k@[k@Name(parse2827)#258]#260])>+4: {"op": "Const". "type": "ptr". "out": 0. "format": "int". "value": "<IntValue object at 0x1285dd730>"}')
debug_merge_point(0, 0, '139<main.rpyeffect:139([k@[k@Name(parse2827)#258]#260])>+5: {"op": "Push". "target": 138. "args": {"any": [5. 4. 3]}}')
debug_merge_point(0, 0, '139<main.rpyeffect:139([k@[k@Name(parse2827)#258]#260])>+6: {"op": "Swap". "type": "any". "a": 0. "b". 1}')
debug_merge_point(0, 0, '139<main.rpyeffect:139([k@[k@Name(parse2827)#258]#260])>+7: {"op": "Jump". "target": 6}')
debug_merge_point(0, 0, '6<main.rpyeffect:6(Name(infixAdd96))>+0: {"op": "PrimOp". "name": "infixAdd(Int. Int): Int". "out": {"any": [0]}. "in": {"any": [0. 1]}}')
+304: i24 = getfield_gc_i(p21, descr=<FieldS rpyeffect.value.IntValue.inst_value 8 pure>)
+308: i26 = int_add(i24, 1)
debug_merge_point(0, 0, '6<main.rpyeffect:6(Name(infixAdd96))>+1: {"op": "Return". "args": {"any": [0]}}')
debug_merge_point(0, 0, '138<main.rpyeffect:138([k@[k@[k@Name(parse2827)#258]#260]#280])>+0: {"op": "Swap". "type": "any". "a": 2. "b". 1}')
debug_merge_point(0, 0, '138<main.rpyeffect:138([k@[k@[k@Name(parse2827)#258]#260]#280])>+1: {"op": "Jump". "target": 141}')
debug_merge_point(0, 0, '141<main.rpyeffect:141(Name(parse2827))>+0: {"op": "Push". "target": 140. "args": {"any": [2. 1. 3. 0]}}')
debug_merge_point(0, 0, '141<main.rpyeffect:141(Name(parse2827))>+1: {"op": "Invoke". "receiver": 1. "tag": Interned(Read2838). "args" : {"any": []}}')
+312: p27 = getfield_gc_r(p19, descr=<FieldP rpyeffect.codata.CoData.inst_vtable 8 pure>)
+320: guard_value(p27, ConstPtr(ptr28), descr=<Guard0x1285f9c70>) [p0, p1, p2, p3, p4, p5, p6, p7, p8, p9, p10, p11, p12]
+328: p29 = getfield_gc_r(p19, descr=<FieldP rpyeffect.stored_environment.CoData__5.inst_values_ptr_0 24 pure>)
+328: p30 = getfield_gc_r(p19, descr=<FieldP rpyeffect.stored_environment.CoData__5.inst_values_ptr_1 32 pure>)
+332: p31 = getfield_gc_r(p19, descr=<FieldP rpyeffect.stored_environment.CoData__5.inst_values_ptr_2 40 pure>)
+336: p32 = getfield_gc_r(p19, descr=<FieldP rpyeffect.stored_environment.CoData__5.inst_values_ptr_3 48 pure>)
+340: p33 = getfield_gc_r(p19, descr=<FieldP rpyeffect.stored_environment.CoData__5.inst_values_ptr_4 56 pure>)
debug_merge_point(0, 0, '176<main.rpyeffect:176([method_Read2838@Name(feed2834)#338])>+0: {"op": "Const". "type": "ptr". "out": 5. "format": "int". "value": "<IntValue object at 0x1285fe7c0>"}')
debug_merge_point(0, 0, '176<main.rpyeffect:176([method_Read2838@Name(feed2834)#338])>+1: {"op": "ShiftDyn". "out": 4. "n": 5. "label": 4}')
+348: i35 = instance_ptr_eq(p12, ConstPtr(ptr34))
guard_true(i35, descr=<Guard0x1285f9ca0>) [p0, p1, p2, p3, p4, p5, p6, p7, p8, p9, p10, p11, p12]
+360: guard_nonnull(p9, descr=<Guard0x1285f9cd0>) [p0, p1, p2, p3, p4, p5, p6, p7, p8, p9, p10, p11, p12]
+372: guard_nonnull(p33, descr=<Guard0x1285f9d00>) [p0, p1, p2, p3, p4, p5, p6, p7, p8, p9, p10, p11, p12]
+380: i36 = getfield_gc_i(p9, descr=<FieldS rpyeffect.stack.Label.inst_origin 8 pure>)
+388: guard_value(i36, 182282, descr=<Guard0x1285f9d30>) [p0, p1, p2, p3, p4, p5, p6, p7, p8, p9, p10, p11, p12]
+408: i38 = getfield_gc_i(p33, descr=<FieldS rpyeffect.stack.Label.inst_origin 8 pure>)
+412: guard_value(i38, 182282, descr=<Guard0x1285f9d60>) [p0, p1, p2, p3, p4, p5, p6, p7, p8, p9, p10, p11, p12]
+428: i40 = instance_ptr_eq(p9, p33)
guard_true(i40, descr=<Guard0x1285f9d90>) [p0, p1, p2, p3, p4, p5, p6, p7, p8, p9, p10, p11, p12]
+436: guard_nonnull_class(p11, 4341835568, descr=<Guard0x1285e1148>) [p0, p1, p2, p3, p4, p5, p6, p7, p8, p9, p10, p11, p12]
+464: p42 = getfield_gc_r(p11, descr=<FieldP rpyeffect.stack.MetaStackLike.inst_stack 8 pure>)
+468: p43 = getfield_gc_r(p11, descr=<FieldP rpyeffect.stack.MetaStack.inst_label 16 pure>)
+472: p44 = getfield_gc_r(p11, descr=<FieldP rpyeffect.stack.MetaStack.inst_tail 32 pure>)
debug_merge_point(0, 0, '176<main.rpyeffect:176([method_Read2838@Name(feed2834)#338])>+2: {"op": "Load". "out": 5. "type": "any". "ref": 1}')
+480: p45 = getfield_gc_r(p30, descr=<FieldP rpyeffect.region.Ref.inst_allocation_site 8 pure>)
+496: guard_value(p45, ConstPtr(ptr46), descr=<Guard0x1285f9dc0>) [p0, p1, p2, p3, p4, p5, p6, p7, p8, p9, p10, p11, p12]
+504: p47 = getfield_gc_r(p30, descr=<FieldP rpyeffect.region.Ref.inst_value 16>)
+508: i48 = getfield_gc_i(p47, descr=<FieldS rpyeffect.value.UnboxedIntValueRef.inst_value 8>)
debug_merge_point(0, 0, '176<main.rpyeffect:176([method_Read2838@Name(feed2834)#338])>+3: {"op": "Push". "target": 175. "args": {"any": [0. 1. 2. 4]}}')
debug_merge_point(0, 0, '176<main.rpyeffect:176([method_Read2838@Name(feed2834)#338])>+4: {"op": "Copy". "type": "any". "from": 5. "to". 0}')
debug_merge_point(0, 0, '176<main.rpyeffect:176([method_Read2838@Name(feed2834)#338])>+5: {"op": "Copy". "type": "any". "from": 3. "to". 1}')
debug_merge_point(0, 0, '176<main.rpyeffect:176([method_Read2838@Name(feed2834)#338])>+6: {"op": "Jump". "target": 10}')
debug_merge_point(0, 0, '10<main.rpyeffect:10(Name(infixGt184))>+0: {"op": "PrimOp". "name": "infixGt(Int. Int): Boolean". "out": {"any": [0]}. "in": {"any": [0. 1]}}')
+512: i49 = getfield_gc_i(p32, descr=<FieldS rpyeffect.value.IntValue.inst_value 8 pure>)
+516: i50 = int_gt(i48, i49)
debug_merge_point(0, 0, '10<main.rpyeffect:10(Name(infixGt184))>+1: {"op": "Return". "args": {"any": [0]}}')
debug_merge_point(0, 0, '175<main.rpyeffect:175([k@[method_Read2838@Name(feed2834)#338]#343])>+0: {"op": "Swap". "type": "any". "a": 3. "b". 4}')
debug_merge_point(0, 0, '175<main.rpyeffect:175([k@[method_Read2838@Name(feed2834)#338]#343])>+1: {"op": "Swap". "type": "any". "a": 2. "b". 4}')
debug_merge_point(0, 0, '175<main.rpyeffect:175([k@[method_Read2838@Name(feed2834)#338]#343])>+2: {"op": "Swap". "type": "any". "a": 1. "b". 4}')
debug_merge_point(0, 0, '175<main.rpyeffect:175([k@[method_Read2838@Name(feed2834)#338]#343])>+3: {"op": "IfZero". "cond": 0. "then": {"tag": null. "target": 171. "args": {"any": []}}}')
guard_false(i50, descr=<Guard0x1285f9df0>) [p0, p1, p2, p3, p4, p5, p6, p7, p8, p9, p10, p11, p12]
debug_merge_point(0, 0, '171<main.rpyeffect:171([then#347])>+0: {"op": "Load". "out": 0. "type": "any". "ref": 2}')
+524: p51 = getfield_gc_r(p31, descr=<FieldP rpyeffect.region.Ref.inst_allocation_site 8 pure>)
+532: guard_value(p51, ConstPtr(ptr52), descr=<Guard0x1285f9e20>) [p0, p1, p2, p3, p4, p5, p6, p7, p8, p9, p10, p11, p12]
+540: p53 = getfield_gc_r(p31, descr=<FieldP rpyeffect.region.Ref.inst_value 16>)
+544: i54 = getfield_gc_i(p53, descr=<FieldS rpyeffect.value.UnboxedIntValueRef.inst_value 8>)
debug_merge_point(0, 0, '171<main.rpyeffect:171([then#347])>+1: {"op": "Const". "type": "ptr". "out": 4. "format": "int". "value": "<IntValue object at 0x1285fe8d0>"}')
debug_merge_point(0, 0, '171<main.rpyeffect:171([then#347])>+2: {"op": "Push". "target": 170. "args": {"any": [1. 2. 3]}}')
debug_merge_point(0, 0, '171<main.rpyeffect:171([then#347])>+3: {"op": "Copy". "type": "any". "from": 4. "to". 1}')
debug_merge_point(0, 0, '171<main.rpyeffect:171([then#347])>+4: {"op": "Jump". "target": 4}')
debug_merge_point(0, 0, '4<main.rpyeffect:4(Name(infixEq72))>+0: {"op": "PrimOp". "name": "infixEq(Int. Int): Boolean". "out": {"any": [0]}. "in": {"any": [0. 1]}}')
+548: p55 = new_with_vtable(descr=<SizeDescr 56>)
+656: p56 = new_with_vtable(descr=<SizeDescr 40>)
+668: p57 = new_with_vtable(descr=<SizeDescr 64>)
+680: setfield_gc(p57, p23, descr=<FieldP rpyeffect.stored_environment.Stack__arb.inst_tail 8 pure>)
+684: setfield_gc(p57, 140, descr=<FieldS rpyeffect.stored_environment.Stack__arb.inst_target 16 pure>)
+692: setfield_gc(p57, p18, descr=<FieldP rpyeffect.stored_environment.Stack__4.inst_values_ptr_0 32 pure>)
+696: setfield_gc(p57, p19, descr=<FieldP rpyeffect.stored_environment.Stack__4.inst_values_ptr_1 40 pure>)
+700: setfield_gc(p57, p20, descr=<FieldP rpyeffect.stored_environment.Stack__4.inst_values_ptr_2 48 pure>)
+704: p59 = new_with_vtable(descr=<SizeDescr 16>)
+716: setfield_gc(p59, i26, descr=<FieldS rpyeffect.value.IntValue.inst_value 8 pure>)
+720: setfield_gc(p57, p59, descr=<FieldP rpyeffect.stored_environment.Stack__4.inst_values_ptr_3 56 pure>)
+724: setfield_gc(p56, p57, descr=<FieldP rpyeffect.stack.MetaStackLike.inst_stack 8 pure>)
+728: setfield_gc(p56, p9, descr=<FieldP rpyeffect.stack.MetaStack.inst_label 16 pure>)
+732: setfield_gc(p56, ConstPtr(null), descr=<FieldP rpyeffect.stack.MetaStack.inst_region 24 pure>)
+740: setfield_gc(p56, ConstPtr(null), descr=<FieldP rpyeffect.stack.MetaStack.inst_tail 32 pure>)
+748: p62 = new_with_vtable(descr=<SizeDescr 16>)
+760: p63 = new_with_vtable(descr=<SizeDescr 16>)
+772: setfield_gc(p62, i54, descr=<FieldS rpyeffect.value.IntValue.inst_value 8 pure>)
+776: setfield_gc(p63, i48, descr=<FieldS rpyeffect.value.IntValue.inst_value 8 pure>)
+780: setfield_gc(p55, 170, descr=<FieldS rpyeffect.stored_environment.Stack__arb.inst_target 16 pure>)
+788: setfield_gc(p55, p42, descr=<FieldP rpyeffect.stored_environment.Stack__arb.inst_tail 8 pure>)
+796: setfield_gc(p55, p30, descr=<FieldP rpyeffect.stored_environment.Stack__3.inst_values_ptr_0 32 pure>)
+800: setfield_gc(p55, p31, descr=<FieldP rpyeffect.stored_environment.Stack__3.inst_values_ptr_1 40 pure>)
+804: setfield_gc(p55, p56, descr=<FieldP rpyeffect.stored_environment.Stack__3.inst_values_ptr_2 48 pure>)
+828: jump(p43, p55, p0, p44, ConstPtr(ptr65), p62, ConstPtr(ptr66), p31, p56, ConstPtr(ptr66), p63, p7, p8, descr=TargetToken(4972253664))
+900: --end of the loop--
[97b87e] jit-log-opt-bridge}
[9ea1b3] {jit-log-opt-loop
# Loop 4 (6<main.rpyeffect:6(Name(infixAdd96))>+0: {"op": "PrimOp", "name": "infixAdd(Int, Int): Int", "out": {"any": [0]}, "in": {"any": [0, 1]}}) : entry bridge with 78 ops
[p0, p1, p2, p3, p4]
+280: p5 = getfield_gc_r(p2, descr=<FieldP rpyeffect.environment.Environment.inst_values_ptr 16>)
+288: p7 = getarrayitem_gc_r(p5, 0, descr=<ArrayP 8>)
+292: p9 = getarrayitem_gc_r(p5, 1, descr=<ArrayP 8>)
+296: p11 = getarrayitem_gc_r(p5, 2, descr=<ArrayP 8>)
+300: p13 = getarrayitem_gc_r(p5, 3, descr=<ArrayP 8>)
+304: p15 = getarrayitem_gc_r(p5, 4, descr=<ArrayP 8>)
+308: p17 = getarrayitem_gc_r(p5, 5, descr=<ArrayP 8>)
+312: p19 = getarrayitem_gc_r(p5, 6, descr=<ArrayP 8>)
+316: p21 = getarrayitem_gc_r(p5, 7, descr=<ArrayP 8>)
debug_merge_point(0, 0, '6<main.rpyeffect:6(Name(infixAdd96))>+0: {"op": "PrimOp". "name": "infixAdd(Int. Int): Int". "out": {"any": [0]}. "in": {"any": [0. 1]}}')
+320: guard_not_invalidated(descr=<Guard0x1285e1190>) [p2, p7, p9, p11, p13, p15, p17, p19, p21, p0, p1, p3, p4]
+324: i22 = getfield_gc_i(p7, descr=<FieldS rpyeffect.value.IntValue.inst_value 8 pure>)
+328: i23 = getfield_gc_i(p9, descr=<FieldS rpyeffect.value.IntValue.inst_value 8 pure>)
+332: i24 = int_add(i22, i23)
debug_merge_point(0, 0, '6<main.rpyeffect:6(Name(infixAdd96))>+1: {"op": "Return". "args": {"any": [0]}}')
+336: guard_nonnull(p1, descr=<Guard0x128616080>) [p2, p7, p9, p11, p13, p15, p17, p19, p21, p0, p1, p3, p4]
+348: i25 = getfield_gc_i(p1, descr=<FieldS rpyeffect.stored_environment.Stack__arb.inst_target 16 pure>)
+356: guard_value(i25, 169, descr=<Guard0x1286160b0>) [p2, p7, p9, p11, p13, p15, p17, p19, p21, p0, p1, p3, p4]
+368: p27 = getfield_gc_r(p1, descr=<FieldP rpyeffect.stored_environment.Stack__3.inst_values_ptr_0 32 pure>)
+372: p28 = getfield_gc_r(p1, descr=<FieldP rpyeffect.stored_environment.Stack__3.inst_values_ptr_1 40 pure>)
+376: p29 = getfield_gc_r(p1, descr=<FieldP rpyeffect.stored_environment.Stack__3.inst_values_ptr_2 48 pure>)
+380: p30 = getfield_gc_r(p1, descr=<FieldP rpyeffect.stored_environment.Stack__arb.inst_tail 8 pure>)
debug_merge_point(0, 0, '169<main.rpyeffect:169([k@[k@[then#347]#352]#372])>+0: {"op": "Store". "ref": 1. "type": "any". "value": 0}')
+384: p31 = getfield_gc_r(p27, descr=<FieldP rpyeffect.region.Ref.inst_allocation_site 8 pure>)
+392: guard_value(p31, ConstPtr(ptr32), descr=<Guard0x1286160e0>) [p2, p7, p9, p11, p13, p15, p17, p19, p21, p0, p1, p3, p4]
+400: p33 = getfield_gc_r(p27, descr=<FieldP rpyeffect.region.Ref.inst_value 16>)
debug_merge_point(0, 0, '169<main.rpyeffect:169([k@[k@[then#347]#352]#372])>+1: {"op": "Construct". "out": 0. "type": Interned(Unit). "tag": Interned(unit). "args": {"any": []}}')
debug_merge_point(0, 0, '169<main.rpyeffect:169([k@[k@[then#347]#352]#372])>+2: {"op": "Load". "out": 0. "type": "any". "ref": 1}')
debug_merge_point(0, 0, '169<main.rpyeffect:169([k@[k@[then#347]#352]#372])>+3: {"op": "Store". "ref": 2. "type": "any". "value": 0}')
+404: p34 = getfield_gc_r(p28, descr=<FieldP rpyeffect.region.Ref.inst_allocation_site 8 pure>)
+408: setfield_gc(p33, i24, descr=<FieldS rpyeffect.value.UnboxedIntValueRef.inst_value 8>)
+416: guard_value(p34, ConstPtr(ptr35), descr=<Guard0x1285e11d8>) [p2, p27, p28, p29, p15, p17, p19, p21, p0, p30, p3, p4, p34, i24]
+424: p36 = getfield_gc_r(p28, descr=<FieldP rpyeffect.region.Ref.inst_value 16>)
debug_merge_point(0, 0, '169<main.rpyeffect:169([k@[k@[then#347]#352]#372])>+4: {"op": "Construct". "out": 0. "type": Interned(Unit). "tag": Interned(unit). "args": {"any": []}}')
debug_merge_point(0, 0, '169<main.rpyeffect:169([k@[k@[then#347]#352]#372])>+5: {"op": "Push". "target": 168. "args": {"any": [3]}}')
debug_merge_point(0, 0, '169<main.rpyeffect:169([k@[k@[then#347]#352]#372])>+6: {"op": "Jump". "target": 125}')
debug_merge_point(0, 0, '125<main.rpyeffect:125(Name(newline2820))>+0: {"op": "Const". "type": "ptr". "out": 0. "format": "int". "value": "<IntValue object at 0x1285dd940>"}')
debug_merge_point(0, 0, '125<main.rpyeffect:125(Name(newline2820))>+1: {"op": "Return". "args": {"any": [0]}}')
debug_merge_point(0, 0, '168<main.rpyeffect:168([k@[k@[k@[then#347]#352]#372]#378])>+0: {"op": "Jump". "target": 156}')
debug_merge_point(0, 0, '156<main.rpyeffect:156(Name(resume2849))>+0: {"op": "PushStack". "arg": 1}')
+428: setfield_gc(p36, i24, descr=<FieldS rpyeffect.value.UnboxedIntValueRef.inst_value 8>)
+440: i38 = instance_ptr_eq(p4, ConstPtr(ptr37))
guard_true(i38, descr=<Guard0x1285e1220>) [p2, p29, p28, p15, p17, p19, p21, i38, p0, p30, p3, p4, None]
+460: guard_nonnull_class(p29, 4341835568, descr=<Guard0x1285e1268>) [p2, p29, p28, p15, p17, p19, p21, i38, p0, p30, p3, p4, None]
+484: p41 = getfield_gc_r(p29, descr=<FieldP rpyeffect.stack.MetaStack.inst_region 24 pure>)
+488: guard_isnull(p41, descr=<Guard0x128616140>) [p2, p29, p28, p15, p17, p19, p21, i38, p0, p30, p3, p4, None]
+496: p42 = getfield_gc_r(p29, descr=<FieldP rpyeffect.stack.MetaStackLike.inst_stack 8 pure>)
+500: p43 = getfield_gc_r(p29, descr=<FieldP rpyeffect.stack.MetaStack.inst_tail 32 pure>)
+504: guard_isnull(p43, descr=<Guard0x128616170>) [p2, p29, p28, p15, p17, p19, p21, i38, p0, p30, p3, p4, None]
+512: p44 = getfield_gc_r(p29, descr=<FieldP rpyeffect.stack.MetaStack.inst_label 16 pure>)
debug_merge_point(0, 0, '156<main.rpyeffect:156(Name(resume2849))>+1: {"op": "Return". "args": {"any": [0]}}')
+516: guard_nonnull(p42, descr=<Guard0x1286161a0>) [p2, p29, p28, p15, p17, p19, p21, i38, p0, p30, p3, p4, None]
+524: i45 = getfield_gc_i(p42, descr=<FieldS rpyeffect.stored_environment.Stack__arb.inst_target 16 pure>)
+528: guard_value(i45, 140, descr=<Guard0x1286161d0>) [p2, p29, p28, p15, p17, p19, p21, i38, p0, p30, p3, p4, None]
+540: p47 = getfield_gc_r(p42, descr=<FieldP rpyeffect.stored_environment.Stack__4.inst_values_ptr_0 32 pure>)
+544: p48 = getfield_gc_r(p42, descr=<FieldP rpyeffect.stored_environment.Stack__4.inst_values_ptr_1 40 pure>)
+548: p49 = getfield_gc_r(p42, descr=<FieldP rpyeffect.stored_environment.Stack__4.inst_values_ptr_2 48 pure>)
+552: p50 = getfield_gc_r(p42, descr=<FieldP rpyeffect.stored_environment.Stack__4.inst_values_ptr_3 56 pure>)
+556: p51 = getfield_gc_r(p42, descr=<FieldP rpyeffect.stored_environment.Stack__arb.inst_tail 8 pure>)
debug_merge_point(0, 0, '140<main.rpyeffect:140([k@Name(parse2827)#258])>+0: {"op": "Push". "target": 139. "args": {"any": [1. 2. 3. 4. 0]}}')
debug_merge_point(0, 0, '140<main.rpyeffect:140([k@Name(parse2827)#258])>+1: {"op": "Jump". "target": 128}')
debug_merge_point(0, 0, '128<main.rpyeffect:128(Name(isDollar2825))>+0: {"op": "Const". "type": "ptr". "out": 1. "format": "int". "value": "<IntValue object at 0x1285dd8c0>"}')
debug_merge_point(0, 0, '128<main.rpyeffect:128(Name(isDollar2825))>+1: {"op": "Jump". "target": 4}')
debug_merge_point(0, 0, '4<main.rpyeffect:4(Name(infixEq72))>+0: {"op": "PrimOp". "name": "infixEq(Int. Int): Boolean". "out": {"any": [0]}. "in": {"any": [0. 1]}}')
+560: p52 = new_with_vtable(descr=<SizeDescr 72>)
+672: p53 = new_with_vtable(descr=<SizeDescr 40>)
+684: setfield_gc(p52, 139, descr=<FieldS rpyeffect.stored_environment.Stack__arb.inst_target 16 pure>)
+692: setfield_gc(p52, p51, descr=<FieldP rpyeffect.stored_environment.Stack__arb.inst_tail 8 pure>)
+696: setfield_gc(p53, ConstPtr(null), descr=<FieldP rpyeffect.stack.MetaStack.inst_region 24 pure>)
+704: setfield_gc(p53, p30, descr=<FieldP rpyeffect.stack.MetaStackLike.inst_stack 8 pure>)
+708: setfield_gc(p53, p3, descr=<FieldP rpyeffect.stack.MetaStack.inst_tail 32 pure>)
+716: setfield_gc(p53, p0, descr=<FieldP rpyeffect.stack.MetaStack.inst_label 16 pure>)
+724: setfield_gc(p52, p47, descr=<FieldP rpyeffect.stored_environment.Stack__5.inst_values_ptr_0 32 pure>)
+728: setfield_gc(p52, p48, descr=<FieldP rpyeffect.stored_environment.Stack__5.inst_values_ptr_1 40 pure>)
+732: setfield_gc(p52, p49, descr=<FieldP rpyeffect.stored_environment.Stack__5.inst_values_ptr_2 48 pure>)
+736: setfield_gc(p52, p50, descr=<FieldP rpyeffect.stored_environment.Stack__5.inst_values_ptr_3 56 pure>)
+744: setfield_gc(p52, ConstPtr(ptr56), descr=<FieldP rpyeffect.stored_environment.Stack__5.inst_values_ptr_4 64 pure>)
+760: jump(p44, p52, p2, p53, ConstPtr(ptr57), ConstPtr(ptr56), ConstPtr(ptr58), p48, p49, p50, p17, p19, p21, descr=TargetToken(4972253664))
+888: --end of the loop--
[9f7dea] jit-log-opt-loop}
[af5035] {jit-log-opt-bridge
# bridge out of Guard 0x1285f8c50 with 82 ops
[p0, p1, p2, p3, p4, p5, p6, p7, p8, p9, p10, p11, p12]
+216: guard_not_invalidated(descr=<Guard0x1285e12f8>) [p0, p1, p2, p3, p4, p5, p6, p7, p8, p9, p10, p11, p12]
+220: i13 = getfield_gc_i(p1, descr=<FieldS rpyeffect.value.IntValue.inst_value 8 pure>)
+224: i14 = getfield_gc_i(p2, descr=<FieldS rpyeffect.value.IntValue.inst_value 8 pure>)
+228: i15 = int_eq(i13, i14)
debug_merge_point(0, 0, '4<main.rpyeffect:4(Name(infixEq72))>+1: {"op": "Return". "args": {"any": [0]}}')
+236: guard_nonnull(p10, descr=<Guard0x1286168c0>) [p0, p1, p2, p3, p4, p5, p6, p7, p8, p9, p10, p11, p12]
+244: i16 = getfield_gc_i(p10, descr=<FieldS rpyeffect.stored_environment.Stack__arb.inst_target 16 pure>)
+248: guard_value(i16, 170, descr=<Guard0x1286168f0>) [p0, p1, p2, p3, p4, p5, p6, p7, p8, p9, p10, p11, p12]
+260: p18 = getfield_gc_r(p10, descr=<FieldP rpyeffect.stored_environment.Stack__3.inst_values_ptr_0 32 pure>)
+264: p19 = getfield_gc_r(p10, descr=<FieldP rpyeffect.stored_environment.Stack__3.inst_values_ptr_1 40 pure>)
+268: p20 = getfield_gc_r(p10, descr=<FieldP rpyeffect.stored_environment.Stack__3.inst_values_ptr_2 48 pure>)
+272: p21 = getfield_gc_r(p10, descr=<FieldP rpyeffect.stored_environment.Stack__arb.inst_tail 8 pure>)
debug_merge_point(0, 0, '170<main.rpyeffect:170([k@[then#347]#352])>+0: {"op": "Swap". "type": "any". "a": 0. "b". 1}')
debug_merge_point(0, 0, '170<main.rpyeffect:170([k@[then#347]#352])>+1: {"op": "Swap". "type": "any". "a": 2. "b". 1}')
debug_merge_point(0, 0, '170<main.rpyeffect:170([k@[then#347]#352])>+2: {"op": "IfZero". "cond": 2. "then": {"tag": null. "target": 166. "args": {"any": []}}}')
+276: guard_true(i15, descr=<Guard0x128616920>) [p0, p1, p2, p3, p4, p5, p6, p7, p8, p9, p10, p11, p12]
debug_merge_point(0, 0, '170<main.rpyeffect:170([k@[then#347]#352])>+3: {"op": "Load". "out": 2. "type": "any". "ref": 0}')
+284: p22 = getfield_gc_r(p18, descr=<FieldP rpyeffect.region.Ref.inst_allocation_site 8 pure>)
+292: guard_value(p22, ConstPtr(ptr23), descr=<Guard0x128616950>) [p0, p1, p2, p3, p4, p5, p6, p7, p8, p9, p10, p11, p12]
+300: p24 = getfield_gc_r(p18, descr=<FieldP rpyeffect.region.Ref.inst_value 16>)
+304: i25 = getfield_gc_i(p24, descr=<FieldS rpyeffect.value.UnboxedIntValueRef.inst_value 8>)
debug_merge_point(0, 0, '170<main.rpyeffect:170([k@[then#347]#352])>+4: {"op": "Const". "type": "ptr". "out": 4. "format": "int". "value": "<IntValue object at 0x1285fe900>"}')
debug_merge_point(0, 0, '170<main.rpyeffect:170([k@[then#347]#352])>+5: {"op": "Push". "target": 169. "args": {"any": [0. 1. 3]}}')
debug_merge_point(0, 0, '170<main.rpyeffect:170([k@[then#347]#352])>+6: {"op": "Copy". "type": "any". "from": 4. "to". 1}')
debug_merge_point(0, 0, '170<main.rpyeffect:170([k@[then#347]#352])>+7: {"op": "Copy". "type": "any". "from": 2. "to". 0}')
debug_merge_point(0, 0, '170<main.rpyeffect:170([k@[then#347]#352])>+8: {"op": "Jump". "target": 6}')
debug_merge_point(0, 0, '6<main.rpyeffect:6(Name(infixAdd96))>+0: {"op": "PrimOp". "name": "infixAdd(Int. Int): Int". "out": {"any": [0]}. "in": {"any": [0. 1]}}')
+308: i27 = int_add(i25, 1)
debug_merge_point(0, 0, '6<main.rpyeffect:6(Name(infixAdd96))>+1: {"op": "Return". "args": {"any": [0]}}')
debug_merge_point(0, 0, '169<main.rpyeffect:169([k@[k@[then#347]#352]#372])>+0: {"op": "Store". "ref": 1. "type": "any". "value": 0}')
debug_merge_point(0, 0, '169<main.rpyeffect:169([k@[k@[then#347]#352]#372])>+1: {"op": "Construct". "out": 0. "type": Interned(Unit). "tag": Interned(unit). "args": {"any": []}}')
debug_merge_point(0, 0, '169<main.rpyeffect:169([k@[k@[then#347]#352]#372])>+2: {"op": "Load". "out": 0. "type": "any". "ref": 1}')
debug_merge_point(0, 0, '169<main.rpyeffect:169([k@[k@[then#347]#352]#372])>+3: {"op": "Store". "ref": 2. "type": "any". "value": 0}')
+312: p28 = getfield_gc_r(p19, descr=<FieldP rpyeffect.region.Ref.inst_allocation_site 8 pure>)
+316: setfield_gc(p24, i27, descr=<FieldS rpyeffect.value.UnboxedIntValueRef.inst_value 8>)
+324: guard_value(p28, ConstPtr(ptr29), descr=<Guard0x1285e1340>) [p0, p18, p19, p20, p6, p7, p8, p9, p21, p11, p12, p28, i27]
+332: p30 = getfield_gc_r(p19, descr=<FieldP rpyeffect.region.Ref.inst_value 16>)
debug_merge_point(0, 0, '169<main.rpyeffect:169([k@[k@[then#347]#352]#372])>+4: {"op": "Construct". "out": 0. "type": Interned(Unit). "tag": Interned(unit). "args": {"any": []}}')
debug_merge_point(0, 0, '169<main.rpyeffect:169([k@[k@[then#347]#352]#372])>+5: {"op": "Push". "target": 168. "args": {"any": [3]}}')
debug_merge_point(0, 0, '169<main.rpyeffect:169([k@[k@[then#347]#352]#372])>+6: {"op": "Jump". "target": 125}')
debug_merge_point(0, 0, '125<main.rpyeffect:125(Name(newline2820))>+0: {"op": "Const". "type": "ptr". "out": 0. "format": "int". "value": "<IntValue object at 0x1285dd940>"}')
debug_merge_point(0, 0, '125<main.rpyeffect:125(Name(newline2820))>+1: {"op": "Return". "args": {"any": [0]}}')
debug_merge_point(0, 0, '168<main.rpyeffect:168([k@[k@[k@[then#347]#352]#372]#378])>+0: {"op": "Jump". "target": 156}')
debug_merge_point(0, 0, '156<main.rpyeffect:156(Name(resume2849))>+0: {"op": "PushStack". "arg": 1}')
+336: setfield_gc(p30, i27, descr=<FieldS rpyeffect.value.UnboxedIntValueRef.inst_value 8>)
+348: i32 = instance_ptr_eq(p12, ConstPtr(ptr31))
guard_true(i32, descr=<Guard0x1285e1388>) [p0, p20, p19, p6, p7, p8, i32, p9, p21, p11, p12, None]
+368: guard_nonnull_class(p20, 4341835568, descr=<Guard0x1285e13d0>) [p0, p20, p19, p6, p7, p8, i32, p9, p21, p11, p12, None]
+392: p35 = getfield_gc_r(p20, descr=<FieldP rpyeffect.stack.MetaStack.inst_region 24 pure>)
+396: guard_isnull(p35, descr=<Guard0x128616980>) [p0, p20, p19, p6, p7, p8, i32, p9, p21, p11, p12, None]
+404: p36 = getfield_gc_r(p20, descr=<FieldP rpyeffect.stack.MetaStackLike.inst_stack 8 pure>)
+408: p37 = getfield_gc_r(p20, descr=<FieldP rpyeffect.stack.MetaStack.inst_tail 32 pure>)
+412: guard_isnull(p37, descr=<Guard0x1286169b0>) [p0, p20, p19, p6, p7, p8, i32, p9, p21, p11, p12, None]
+420: p38 = getfield_gc_r(p20, descr=<FieldP rpyeffect.stack.MetaStack.inst_label 16 pure>)
debug_merge_point(0, 0, '156<main.rpyeffect:156(Name(resume2849))>+1: {"op": "Return". "args": {"any": [0]}}')
+424: guard_nonnull(p36, descr=<Guard0x1286169e0>) [p0, p20, p19, p6, p7, p8, i32, p9, p21, p11, p12, None]
+432: i39 = getfield_gc_i(p36, descr=<FieldS rpyeffect.stored_environment.Stack__arb.inst_target 16 pure>)
+436: guard_value(i39, 140, descr=<Guard0x128616a10>) [p0, p20, p19, p6, p7, p8, i32, p9, p21, p11, p12, None]
+448: p41 = getfield_gc_r(p36, descr=<FieldP rpyeffect.stored_environment.Stack__4.inst_values_ptr_0 32 pure>)
+452: p42 = getfield_gc_r(p36, descr=<FieldP rpyeffect.stored_environment.Stack__4.inst_values_ptr_1 40 pure>)
+456: p43 = getfield_gc_r(p36, descr=<FieldP rpyeffect.stored_environment.Stack__4.inst_values_ptr_2 48 pure>)
+460: p44 = getfield_gc_r(p36, descr=<FieldP rpyeffect.stored_environment.Stack__4.inst_values_ptr_3 56 pure>)
+464: p45 = getfield_gc_r(p36, descr=<FieldP rpyeffect.stored_environment.Stack__arb.inst_tail 8 pure>)
debug_merge_point(0, 0, '140<main.rpyeffect:140([k@Name(parse2827)#258])>+0: {"op": "Push". "target": 139. "args": {"any": [1. 2. 3. 4. 0]}}')
debug_merge_point(0, 0, '140<main.rpyeffect:140([k@Name(parse2827)#258])>+1: {"op": "Jump". "target": 128}')
debug_merge_point(0, 0, '128<main.rpyeffect:128(Name(isDollar2825))>+0: {"op": "Const". "type": "ptr". "out": 1. "format": "int". "value": "<IntValue object at 0x1285dd8c0>"}')
debug_merge_point(0, 0, '128<main.rpyeffect:128(Name(isDollar2825))>+1: {"op": "Jump". "target": 4}')
debug_merge_point(0, 0, '4<main.rpyeffect:4(Name(infixEq72))>+0: {"op": "PrimOp". "name": "infixEq(Int. Int): Boolean". "out": {"any": [0]}. "in": {"any": [0. 1]}}')
+468: p46 = new_with_vtable(descr=<SizeDescr 72>)
+576: p47 = new_with_vtable(descr=<SizeDescr 40>)
+588: setfield_gc(p46, 139, descr=<FieldS rpyeffect.stored_environment.Stack__arb.inst_target 16 pure>)
+596: setfield_gc(p46, p45, descr=<FieldP rpyeffect.stored_environment.Stack__arb.inst_tail 8 pure>)
+600: setfield_gc(p47, ConstPtr(null), descr=<FieldP rpyeffect.stack.MetaStack.inst_region 24 pure>)
+608: setfield_gc(p47, p21, descr=<FieldP rpyeffect.stack.MetaStackLike.inst_stack 8 pure>)
+612: setfield_gc(p47, p11, descr=<FieldP rpyeffect.stack.MetaStack.inst_tail 32 pure>)
+620: setfield_gc(p47, p9, descr=<FieldP rpyeffect.stack.MetaStack.inst_label 16 pure>)
+628: setfield_gc(p46, p41, descr=<FieldP rpyeffect.stored_environment.Stack__5.inst_values_ptr_0 32 pure>)
+632: setfield_gc(p46, p42, descr=<FieldP rpyeffect.stored_environment.Stack__5.inst_values_ptr_1 40 pure>)
+640: setfield_gc(p46, p43, descr=<FieldP rpyeffect.stored_environment.Stack__5.inst_values_ptr_2 48 pure>)
+644: setfield_gc(p46, p44, descr=<FieldP rpyeffect.stored_environment.Stack__5.inst_values_ptr_3 56 pure>)
+652: setfield_gc(p46, ConstPtr(ptr50), descr=<FieldP rpyeffect.stored_environment.Stack__5.inst_values_ptr_4 64 pure>)
+668: jump(p38, p46, p0, p47, ConstPtr(ptr51), ConstPtr(ptr50), ConstPtr(ptr52), p42, p43, p44, p6, p7, p8, descr=TargetToken(4972253664))
+724: --end of the loop--
[b02d66] jit-log-opt-bridge}
[b42c2f] {jit-log-opt-loop
# Loop 6 (141<main.rpyeffect:141(Name(parse2827))>+0: {"op": "Push", "target": 140, "args": {"any": [2, 1, 3, 0]}}) : entry bridge with 86 ops
[p0, p1, p2, p3, p4]
+296: p5 = getfield_gc_r(p2, descr=<FieldP rpyeffect.environment.Environment.inst_values_ptr 16>)
+304: p7 = getarrayitem_gc_r(p5, 0, descr=<ArrayP 8>)
+308: p9 = getarrayitem_gc_r(p5, 1, descr=<ArrayP 8>)
+312: p11 = getarrayitem_gc_r(p5, 2, descr=<ArrayP 8>)
+316: p13 = getarrayitem_gc_r(p5, 3, descr=<ArrayP 8>)
+320: p15 = getarrayitem_gc_r(p5, 4, descr=<ArrayP 8>)
+324: p17 = getarrayitem_gc_r(p5, 5, descr=<ArrayP 8>)
+328: p19 = getarrayitem_gc_r(p5, 6, descr=<ArrayP 8>)
+332: p21 = getarrayitem_gc_r(p5, 7, descr=<ArrayP 8>)
debug_merge_point(0, 0, '141<main.rpyeffect:141(Name(parse2827))>+0: {"op": "Push". "target": 140. "args": {"any": [2. 1. 3. 0]}}')
+336: guard_not_invalidated(descr=<Guard0x1285e1418>) [p2, p7, p9, p11, p13, p15, p17, p19, p21, p0, p1, p3, p4]
debug_merge_point(0, 0, '141<main.rpyeffect:141(Name(parse2827))>+1: {"op": "Invoke". "receiver": 1. "tag": Interned(Read2838). "args" : {"any": []}}')
+340: p22 = getfield_gc_r(p9, descr=<FieldP rpyeffect.codata.CoData.inst_vtable 8 pure>)
+348: guard_value(p22, ConstPtr(ptr23), descr=<Guard0x128616c50>) [p2, p7, p9, p11, p13, p15, p17, p19, p21, p0, p1, p3, p4]
+356: p24 = getfield_gc_r(p9, descr=<FieldP rpyeffect.stored_environment.CoData__5.inst_values_ptr_0 24 pure>)
+356: p25 = getfield_gc_r(p9, descr=<FieldP rpyeffect.stored_environment.CoData__5.inst_values_ptr_1 32 pure>)
+360: p26 = getfield_gc_r(p9, descr=<FieldP rpyeffect.stored_environment.CoData__5.inst_values_ptr_2 40 pure>)
+364: p27 = getfield_gc_r(p9, descr=<FieldP rpyeffect.stored_environment.CoData__5.inst_values_ptr_3 48 pure>)
+368: p28 = getfield_gc_r(p9, descr=<FieldP rpyeffect.stored_environment.CoData__5.inst_values_ptr_4 56 pure>)
debug_merge_point(0, 0, '176<main.rpyeffect:176([method_Read2838@Name(feed2834)#338])>+0: {"op": "Const". "type": "ptr". "out": 5. "format": "int". "value": "<IntValue object at 0x1285fe7c0>"}')
debug_merge_point(0, 0, '176<main.rpyeffect:176([method_Read2838@Name(feed2834)#338])>+1: {"op": "ShiftDyn". "out": 4. "n": 5. "label": 4}')
+376: i30 = instance_ptr_eq(p4, ConstPtr(ptr29))
guard_true(i30, descr=<Guard0x128616c80>) [p2, p7, p9, p11, p13, p15, p17, p19, p21, p0, p1, p3, p4]
+388: guard_nonnull(p0, descr=<Guard0x128616cb0>) [p2, p7, p9, p11, p13, p15, p17, p19, p21, p0, p1, p3, p4]
+400: guard_nonnull(p28, descr=<Guard0x128616ce0>) [p2, p7, p9, p11, p13, p15, p17, p19, p21, p0, p1, p3, p4]
+408: i31 = getfield_gc_i(p0, descr=<FieldS rpyeffect.stack.Label.inst_origin 8 pure>)
+416: guard_value(i31, 182282, descr=<Guard0x128616d10>) [p2, p7, p9, p11, p13, p15, p17, p19, p21, p0, p1, p3, p4]
+436: i33 = getfield_gc_i(p28, descr=<FieldS rpyeffect.stack.Label.inst_origin 8 pure>)
+440: guard_value(i33, 182282, descr=<Guard0x128616d40>) [p2, p7, p9, p11, p13, p15, p17, p19, p21, p0, p1, p3, p4]
+456: i35 = instance_ptr_eq(p0, p28)
guard_true(i35, descr=<Guard0x128616d70>) [p2, p7, p9, p11, p13, p15, p17, p19, p21, p0, p1, p3, p4]
+464: guard_nonnull_class(p3, 4341835568, descr=<Guard0x1285e1460>) [p2, p7, p9, p11, p13, p15, p17, p19, p21, p0, p1, p3, p4]
+492: p37 = getfield_gc_r(p3, descr=<FieldP rpyeffect.stack.MetaStackLike.inst_stack 8 pure>)
+496: p38 = getfield_gc_r(p3, descr=<FieldP rpyeffect.stack.MetaStack.inst_label 16 pure>)
+500: p39 = getfield_gc_r(p3, descr=<FieldP rpyeffect.stack.MetaStack.inst_tail 32 pure>)
debug_merge_point(0, 0, '176<main.rpyeffect:176([method_Read2838@Name(feed2834)#338])>+2: {"op": "Load". "out": 5. "type": "any". "ref": 1}')
+508: p40 = getfield_gc_r(p25, descr=<FieldP rpyeffect.region.Ref.inst_allocation_site 8 pure>)
+524: guard_value(p40, ConstPtr(ptr41), descr=<Guard0x128616da0>) [p2, p7, p9, p11, p13, p15, p17, p19, p21, p0, p1, p3, p4]
+532: p42 = getfield_gc_r(p25, descr=<FieldP rpyeffect.region.Ref.inst_value 16>)
+536: i43 = getfield_gc_i(p42, descr=<FieldS rpyeffect.value.UnboxedIntValueRef.inst_value 8>)
debug_merge_point(0, 0, '176<main.rpyeffect:176([method_Read2838@Name(feed2834)#338])>+3: {"op": "Push". "target": 175. "args": {"any": [0. 1. 2. 4]}}')
debug_merge_point(0, 0, '176<main.rpyeffect:176([method_Read2838@Name(feed2834)#338])>+4: {"op": "Copy". "type": "any". "from": 5. "to". 0}')
debug_merge_point(0, 0, '176<main.rpyeffect:176([method_Read2838@Name(feed2834)#338])>+5: {"op": "Copy". "type": "any". "from": 3. "to". 1}')
debug_merge_point(0, 0, '176<main.rpyeffect:176([method_Read2838@Name(feed2834)#338])>+6: {"op": "Jump". "target": 10}')
debug_merge_point(0, 0, '10<main.rpyeffect:10(Name(infixGt184))>+0: {"op": "PrimOp". "name": "infixGt(Int. Int): Boolean". "out": {"any": [0]}. "in": {"any": [0. 1]}}')
+540: i44 = getfield_gc_i(p27, descr=<FieldS rpyeffect.value.IntValue.inst_value 8 pure>)
+544: i45 = int_gt(i43, i44)
debug_merge_point(0, 0, '10<main.rpyeffect:10(Name(infixGt184))>+1: {"op": "Return". "args": {"any": [0]}}')
debug_merge_point(0, 0, '175<main.rpyeffect:175([k@[method_Read2838@Name(feed2834)#338]#343])>+0: {"op": "Swap". "type": "any". "a": 3. "b". 4}')
debug_merge_point(0, 0, '175<main.rpyeffect:175([k@[method_Read2838@Name(feed2834)#338]#343])>+1: {"op": "Swap". "type": "any". "a": 2. "b". 4}')
debug_merge_point(0, 0, '175<main.rpyeffect:175([k@[method_Read2838@Name(feed2834)#338]#343])>+2: {"op": "Swap". "type": "any". "a": 1. "b". 4}')
debug_merge_point(0, 0, '175<main.rpyeffect:175([k@[method_Read2838@Name(feed2834)#338]#343])>+3: {"op": "IfZero". "cond": 0. "then": {"tag": null. "target": 171. "args": {"any": []}}}')
guard_false(i45, descr=<Guard0x128616dd0>) [p2, p7, p9, p11, p13, p15, p17, p19, p21, p0, p1, p3, p4]
debug_merge_point(0, 0, '171<main.rpyeffect:171([then#347])>+0: {"op": "Load". "out": 0. "type": "any". "ref": 2}')
+552: p46 = getfield_gc_r(p26, descr=<FieldP rpyeffect.region.Ref.inst_allocation_site 8 pure>)
+560: guard_value(p46, ConstPtr(ptr47), descr=<Guard0x128616e00>) [p2, p7, p9, p11, p13, p15, p17, p19, p21, p0, p1, p3, p4]
+568: p48 = getfield_gc_r(p26, descr=<FieldP rpyeffect.region.Ref.inst_value 16>)
+572: i49 = getfield_gc_i(p48, descr=<FieldS rpyeffect.value.UnboxedIntValueRef.inst_value 8>)
debug_merge_point(0, 0, '171<main.rpyeffect:171([then#347])>+1: {"op": "Const". "type": "ptr". "out": 4. "format": "int". "value": "<IntValue object at 0x1285fe8d0>"}')
debug_merge_point(0, 0, '171<main.rpyeffect:171([then#347])>+2: {"op": "Push". "target": 170. "args": {"any": [1. 2. 3]}}')
debug_merge_point(0, 0, '171<main.rpyeffect:171([then#347])>+3: {"op": "Copy". "type": "any". "from": 4. "to". 1}')
debug_merge_point(0, 0, '171<main.rpyeffect:171([then#347])>+4: {"op": "Jump". "target": 4}')
debug_merge_point(0, 0, '4<main.rpyeffect:4(Name(infixEq72))>+0: {"op": "PrimOp". "name": "infixEq(Int. Int): Boolean". "out": {"any": [0]}. "in": {"any": [0. 1]}}')
+576: p50 = new_with_vtable(descr=<SizeDescr 56>)
+688: p51 = new_with_vtable(descr=<SizeDescr 40>)
+700: p52 = new_with_vtable(descr=<SizeDescr 64>)
+712: setfield_gc(p52, p1, descr=<FieldP rpyeffect.stored_environment.Stack__arb.inst_tail 8 pure>)
+720: setfield_gc(p52, 140, descr=<FieldS rpyeffect.stored_environment.Stack__arb.inst_target 16 pure>)
+728: setfield_gc(p52, p11, descr=<FieldP rpyeffect.stored_environment.Stack__4.inst_values_ptr_0 32 pure>)
+732: setfield_gc(p52, p9, descr=<FieldP rpyeffect.stored_environment.Stack__4.inst_values_ptr_1 40 pure>)
+736: setfield_gc(p52, p13, descr=<FieldP rpyeffect.stored_environment.Stack__4.inst_values_ptr_2 48 pure>)
+740: setfield_gc(p52, p7, descr=<FieldP rpyeffect.stored_environment.Stack__4.inst_values_ptr_3 56 pure>)
+744: setfield_gc(p51, p52, descr=<FieldP rpyeffect.stack.MetaStackLike.inst_stack 8 pure>)
+748: setfield_gc(p51, p0, descr=<FieldP rpyeffect.stack.MetaStack.inst_label 16 pure>)
+752: setfield_gc(p51, ConstPtr(null), descr=<FieldP rpyeffect.stack.MetaStack.inst_region 24 pure>)
+760: setfield_gc(p51, ConstPtr(null), descr=<FieldP rpyeffect.stack.MetaStack.inst_tail 32 pure>)
+768: p56 = new_with_vtable(descr=<SizeDescr 16>)
+780: p57 = new_with_vtable(descr=<SizeDescr 16>)
+792: setfield_gc(p56, i49, descr=<FieldS rpyeffect.value.IntValue.inst_value 8 pure>)
+796: setfield_gc(p57, i43, descr=<FieldS rpyeffect.value.IntValue.inst_value 8 pure>)
+800: setfield_gc(p50, p37, descr=<FieldP rpyeffect.stored_environment.Stack__arb.inst_tail 8 pure>)
+804: setfield_gc(p50, 170, descr=<FieldS rpyeffect.stored_environment.Stack__arb.inst_target 16 pure>)
+812: setfield_gc(p50, p25, descr=<FieldP rpyeffect.stored_environment.Stack__3.inst_values_ptr_0 32 pure>)
+816: setfield_gc(p50, p26, descr=<FieldP rpyeffect.stored_environment.Stack__3.inst_values_ptr_1 40 pure>)
+820: setfield_gc(p50, p51, descr=<FieldP rpyeffect.stored_environment.Stack__3.inst_values_ptr_2 48 pure>)
+844: jump(p38, p50, p2, p39, ConstPtr(ptr59), p56, ConstPtr(ptr60), p26, p51, ConstPtr(ptr60), p57, p19, p21, descr=TargetToken(4972253664))
+984: --end of the loop--
[b502de] jit-log-opt-loop}
[b8179a] {jit-log-opt-bridge
# bridge out of Guard 0x1285f9c40 with 33 ops
[p0, p1, p2, p3, p4, p5, p6, p7, p8, p9, p10, p11, p12]
+120: guard_not_invalidated(descr=<Guard0x1285e14f0>) [p0, p1, p2, p3, p4, p5, p6, p7, p8, p9, p10, p11, p12]
+124: i13 = getfield_gc_i(p1, descr=<FieldS rpyeffect.value.IntValue.inst_value 8 pure>)
+128: i14 = getfield_gc_i(p2, descr=<FieldS rpyeffect.value.IntValue.inst_value 8 pure>)
+132: i15 = int_eq(i13, i14)
debug_merge_point(0, 0, '4<main.rpyeffect:4(Name(infixEq72))>+1: {"op": "Return". "args": {"any": [0]}}')
+140: guard_nonnull(p10, descr=<Guard0x128617190>) [p0, p1, p2, p3, p4, p5, p6, p7, p8, p9, p10, p11, p12]
+148: i16 = getfield_gc_i(p10, descr=<FieldS rpyeffect.stored_environment.Stack__arb.inst_target 16 pure>)
+152: guard_value(i16, 139, descr=<Guard0x1286171c0>) [p0, p1, p2, p3, p4, p5, p6, p7, p8, p9, p10, p11, p12]
+164: p18 = getfield_gc_r(p10, descr=<FieldP rpyeffect.stored_environment.Stack__5.inst_values_ptr_0 32 pure>)
+168: p19 = getfield_gc_r(p10, descr=<FieldP rpyeffect.stored_environment.Stack__5.inst_values_ptr_1 40 pure>)
+172: p20 = getfield_gc_r(p10, descr=<FieldP rpyeffect.stored_environment.Stack__5.inst_values_ptr_2 48 pure>)
+176: p21 = getfield_gc_r(p10, descr=<FieldP rpyeffect.stored_environment.Stack__5.inst_values_ptr_3 56 pure>)
+180: p22 = getfield_gc_r(p10, descr=<FieldP rpyeffect.stored_environment.Stack__5.inst_values_ptr_4 64 pure>)
+184: p23 = getfield_gc_r(p10, descr=<FieldP rpyeffect.stored_environment.Stack__arb.inst_tail 8 pure>)
debug_merge_point(0, 0, '139<main.rpyeffect:139([k@[k@Name(parse2827)#258]#260])>+0: {"op": "Swap". "type": "any". "a": 2. "b". 5}')
debug_merge_point(0, 0, '139<main.rpyeffect:139([k@[k@Name(parse2827)#258]#260])>+1: {"op": "Swap". "type": "any". "a": 4. "b". 5}')
debug_merge_point(0, 0, '139<main.rpyeffect:139([k@[k@Name(parse2827)#258]#260])>+2: {"op": "Swap". "type": "any". "a": 1. "b". 5}')
debug_merge_point(0, 0, '139<main.rpyeffect:139([k@[k@Name(parse2827)#258]#260])>+3: {"op": "IfZero". "cond": 0. "then": {"tag": null. "target": 136. "args": {"any": []}}}')
+188: guard_false(i15, descr=<Guard0x1286171f0>) [p0, p1, p2, p3, p4, p5, p6, p7, p8, p9, p10, p11, p12]
debug_merge_point(0, 0, '136<main.rpyeffect:136([then#263])>+0: {"op": "Push". "target": 135. "args": {"any": [5. 4. 3. 1]}}')
debug_merge_point(0, 0, '136<main.rpyeffect:136([then#263])>+1: {"op": "Copy". "type": "any". "from": 2. "to". 0}')
debug_merge_point(0, 0, '136<main.rpyeffect:136([then#263])>+2: {"op": "Jump". "target": 126}')
debug_merge_point(0, 0, '126<main.rpyeffect:126(Name(isNewline2822))>+0: {"op": "Const". "type": "ptr". "out": 1. "format": "int". "value": "<IntValue object at 0x1285dd910>"}')
debug_merge_point(0, 0, '126<main.rpyeffect:126(Name(isNewline2822))>+1: {"op": "Jump". "target": 4}')
debug_merge_point(0, 0, '4<main.rpyeffect:4(Name(infixEq72))>+0: {"op": "PrimOp". "name": "infixEq(Int. Int): Boolean". "out": {"any": [0]}. "in": {"any": [0. 1]}}')
+196: p24 = new_with_vtable(descr=<SizeDescr 64>)
+300: setfield_gc(p24, 135, descr=<FieldS rpyeffect.stored_environment.Stack__arb.inst_target 16 pure>)
+308: setfield_gc(p24, p23, descr=<FieldP rpyeffect.stored_environment.Stack__arb.inst_tail 8 pure>)
+312: setfield_gc(p24, p18, descr=<FieldP rpyeffect.stored_environment.Stack__4.inst_values_ptr_0 32 pure>)
+316: setfield_gc(p24, p19, descr=<FieldP rpyeffect.stored_environment.Stack__4.inst_values_ptr_1 40 pure>)
+320: setfield_gc(p24, p20, descr=<FieldP rpyeffect.stored_environment.Stack__4.inst_values_ptr_2 48 pure>)
+324: setfield_gc(p24, p21, descr=<FieldP rpyeffect.stored_environment.Stack__4.inst_values_ptr_3 56 pure>)
+340: jump(p9, p24, p0, p11, p12, p22, ConstPtr(ptr26), p22, p20, p19, p18, p7, p8, descr=TargetToken(4972253664))
+388: --end of the loop--
[b85afc] jit-log-opt-bridge}
[c60b38] {jit-log-opt-bridge
# bridge out of Guard 0x1286160b0 with 154 ops
[p0, p1, p2, p3, p4, p5, p6, p7, p8, p9, p10, p11, p12]
+344: guard_not_invalidated(descr=<Guard0x1285e1580>) [p0, p1, p2, p3, p4, p5, p6, p7, p8, p9, p10, p11, p12]
+348: i13 = getfield_gc_i(p1, descr=<FieldS rpyeffect.value.IntValue.inst_value 8 pure>)
+352: i14 = getfield_gc_i(p2, descr=<FieldS rpyeffect.value.IntValue.inst_value 8 pure>)
+356: i15 = int_add(i13, i14)
debug_merge_point(0, 0, '6<main.rpyeffect:6(Name(infixAdd96))>+1: {"op": "Return". "args": {"any": [0]}}')
+360: guard_nonnull(p10, descr=<Guard0x128617910>) [p0, p1, p2, p3, p4, p5, p6, p7, p8, p9, p10, p11, p12]
+368: i16 = getfield_gc_i(p10, descr=<FieldS rpyeffect.stored_environment.Stack__arb.inst_target 16 pure>)
+372: guard_value(i16, 147, descr=<Guard0x128617940>) [p0, p1, p2, p3, p4, p5, p6, p7, p8, p9, p10, p11, p12]
+384: p18 = getfield_gc_r(p10, descr=<FieldP rpyeffect.stored_environment.Stack__2.inst_values_ptr_0 32 pure>)
+388: p19 = getfield_gc_r(p10, descr=<FieldP rpyeffect.stored_environment.Stack__2.inst_values_ptr_1 40 pure>)
+392: p20 = getfield_gc_r(p10, descr=<FieldP rpyeffect.stored_environment.Stack__arb.inst_tail 8 pure>)
debug_merge_point(0, 0, '147<main.rpyeffect:147([k@[method_Emit2840@Name(sum2829)#296]#301])>+0: {"op": "Store". "ref": 2. "type": "any". "value": 0}')
+396: p21 = getfield_gc_r(p19, descr=<FieldP rpyeffect.region.Ref.inst_allocation_site 8 pure>)
+404: guard_value(p21, ConstPtr(ptr22), descr=<Guard0x128617970>) [p0, p1, p2, p3, p4, p5, p6, p7, p8, p9, p10, p11, p12]
+412: p23 = getfield_gc_r(p19, descr=<FieldP rpyeffect.region.Ref.inst_value 16>)
debug_merge_point(0, 0, '147<main.rpyeffect:147([k@[method_Emit2840@Name(sum2829)#296]#301])>+1: {"op": "Construct". "out": 0. "type": Interned(Unit). "tag": Interned(unit). "args": {"any": []}}')
debug_merge_point(0, 0, '147<main.rpyeffect:147([k@[method_Emit2840@Name(sum2829)#296]#301])>+2: {"op": "Construct". "out": 0. "type": Interned(Unit). "tag": Interned(unit). "args": {"any": []}}')
debug_merge_point(0, 0, '147<main.rpyeffect:147([k@[method_Emit2840@Name(sum2829)#296]#301])>+3: {"op": "Jump". "target": 142}')
debug_merge_point(0, 0, '142<main.rpyeffect:142(Name(resume2845))>+0: {"op": "PushStack". "arg": 1}')
+416: setfield_gc(p23, i15, descr=<FieldS rpyeffect.value.UnboxedIntValueRef.inst_value 8>)
+428: i25 = instance_ptr_eq(p12, ConstPtr(ptr24))
guard_true(i25, descr=<Guard0x1285e15c8>) [p0, p18, p19, p4, p5, p6, p7, p8, i25, p9, p20, p11, p12]
+448: guard_nonnull_class(p18, 4341835568, descr=<Guard0x1285e1610>) [p0, p18, p19, p4, p5, p6, p7, p8, i25, p9, p20, p11, p12]
+472: p27 = getfield_gc_r(p18, descr=<FieldP rpyeffect.stack.MetaStack.inst_region 24 pure>)
+476: guard_isnull(p27, descr=<Guard0x1286179a0>) [p0, p18, p19, p4, p5, p6, p7, p8, i25, p9, p20, p11, p12]
+484: p28 = getfield_gc_r(p18, descr=<FieldP rpyeffect.stack.MetaStackLike.inst_stack 8 pure>)
+488: p29 = getfield_gc_r(p18, descr=<FieldP rpyeffect.stack.MetaStack.inst_tail 32 pure>)
+492: guard_nonnull_class(p29, 4341835568, descr=<Guard0x1285e1658>) [p0, p18, p19, p4, p5, p6, p7, p8, i25, p9, p20, p11, p12]
+516: p31 = getfield_gc_r(p29, descr=<FieldP rpyeffect.stack.MetaStack.inst_region 24 pure>)
+520: guard_isnull(p31, descr=<Guard0x1286179d0>) [p0, p18, p19, p4, p5, p6, p7, p8, i25, p9, p20, p11, p12]
+528: p32 = getfield_gc_r(p29, descr=<FieldP rpyeffect.stack.MetaStackLike.inst_stack 8 pure>)
+532: p33 = getfield_gc_r(p29, descr=<FieldP rpyeffect.stack.MetaStack.inst_tail 32 pure>)
+536: guard_nonnull_class(p33, 4341835568, descr=<Guard0x1285e16a0>) [p0, p18, p19, p4, p5, p6, p7, p8, i25, p9, p20, p11, p12]
+560: p35 = getfield_gc_r(p33, descr=<FieldP rpyeffect.stack.MetaStack.inst_region 24 pure>)
+568: guard_isnull(p35, descr=<Guard0x128617a00>) [p0, p18, p19, p4, p5, p6, p7, p8, i25, p9, p20, p11, p12]
+576: p36 = getfield_gc_r(p33, descr=<FieldP rpyeffect.stack.MetaStackLike.inst_stack 8 pure>)
+580: p37 = getfield_gc_r(p33, descr=<FieldP rpyeffect.stack.MetaStack.inst_tail 32 pure>)
+588: guard_nonnull_class(p37, 4341835568, descr=<Guard0x1285e16e8>) [p0, p18, p19, p4, p5, p6, p7, p8, i25, p9, p20, p11, p12]
+612: p39 = getfield_gc_r(p37, descr=<FieldP rpyeffect.stack.MetaStack.inst_region 24 pure>)
+620: guard_isnull(p39, descr=<Guard0x128617a30>) [p0, p18, p19, p4, p5, p6, p7, p8, i25, p9, p20, p11, p12]
+628: p40 = getfield_gc_r(p37, descr=<FieldP rpyeffect.stack.MetaStackLike.inst_stack 8 pure>)
+632: p41 = getfield_gc_r(p37, descr=<FieldP rpyeffect.stack.MetaStack.inst_tail 32 pure>)
+640: guard_nonnull_class(p41, 4341835568, descr=<Guard0x1285e1730>) [p0, p18, p19, p4, p5, p6, p7, p8, i25, p9, p20, p11, p12]
+664: p43 = getfield_gc_r(p41, descr=<FieldP rpyeffect.stack.MetaStack.inst_region 24 pure>)
+672: guard_isnull(p43, descr=<Guard0x128617a60>) [p0, p18, p19, p4, p5, p6, p7, p8, i25, p9, p20, p11, p12]
+680: p44 = getfield_gc_r(p41, descr=<FieldP rpyeffect.stack.MetaStackLike.inst_stack 8 pure>)
+684: p45 = getfield_gc_r(p41, descr=<FieldP rpyeffect.stack.MetaStack.inst_tail 32 pure>)
+692: guard_isnull(p45, descr=<Guard0x128617a90>) [p0, p18, p19, p4, p5, p6, p7, p8, i25, p9, p20, p11, p12]
+700: p46 = getfield_gc_r(p41, descr=<FieldP rpyeffect.stack.MetaStack.inst_label 16 pure>)
+704: p47 = getfield_gc_r(p37, descr=<FieldP rpyeffect.stack.MetaStack.inst_label 16 pure>)
+708: p48 = getfield_gc_r(p33, descr=<FieldP rpyeffect.stack.MetaStack.inst_label 16 pure>)
+712: p49 = getfield_gc_r(p29, descr=<FieldP rpyeffect.stack.MetaStack.inst_label 16 pure>)
+716: p50 = getfield_gc_r(p18, descr=<FieldP rpyeffect.stack.MetaStack.inst_label 16 pure>)
debug_merge_point(0, 0, '142<main.rpyeffect:142(Name(resume2845))>+1: {"op": "Return". "args": {"any": [0]}}')
+720: guard_nonnull(p28, descr=<Guard0x128617ac0>) [p0, p18, p19, p4, p5, p6, p7, p8, i25, p9, p20, p11, p12]
+728: i51 = getfield_gc_i(p28, descr=<FieldS rpyeffect.stored_environment.Stack__arb.inst_target 16 pure>)
+736: guard_value(i51, 134, descr=<Guard0x128617af0>) [p0, p18, p19, p4, p5, p6, p7, p8, i25, p9, p20, p11, p12]
+748: p53 = getfield_gc_r(p28, descr=<FieldP rpyeffect.stored_environment.Stack__3.inst_values_ptr_0 32 pure>)
+752: p54 = getfield_gc_r(p28, descr=<FieldP rpyeffect.stored_environment.Stack__3.inst_values_ptr_1 40 pure>)
+760: p55 = getfield_gc_r(p28, descr=<FieldP rpyeffect.stored_environment.Stack__3.inst_values_ptr_2 48 pure>)
+768: p56 = getfield_gc_r(p28, descr=<FieldP rpyeffect.stored_environment.Stack__arb.inst_tail 8 pure>)
debug_merge_point(0, 0, '134<main.rpyeffect:134([k@[k@[then#263]#265]#272])>+0: {"op": "Const". "type": "ptr". "out": 0. "format": "int". "value": "<IntValue object at 0x1285dd800>"}')
debug_merge_point(0, 0, '134<main.rpyeffect:134([k@[k@[then#263]#265]#272])>+1: {"op": "Swap". "type": "any". "a": 2. "b". 1}')
debug_merge_point(0, 0, '134<main.rpyeffect:134([k@[k@[then#263]#265]#272])>+2: {"op": "Jump". "target": 141}')
debug_merge_point(0, 0, '141<main.rpyeffect:141(Name(parse2827))>+0: {"op": "Push". "target": 140. "args": {"any": [2. 1. 3. 0]}}')
debug_merge_point(0, 0, '141<main.rpyeffect:141(Name(parse2827))>+1: {"op": "Invoke". "receiver": 1. "tag": Interned(Read2838). "args" : {"any": []}}')
+772: p57 = getfield_gc_r(p54, descr=<FieldP rpyeffect.codata.CoData.inst_vtable 8 pure>)
+784: guard_value(p57, ConstPtr(ptr58), descr=<Guard0x128617b20>) [p0, p18, p19, p4, p5, p6, p7, p8, i25, p9, p20, p11, p12]
+792: p59 = getfield_gc_r(p54, descr=<FieldP rpyeffect.stored_environment.CoData__5.inst_values_ptr_0 24 pure>)
+792: p60 = getfield_gc_r(p54, descr=<FieldP rpyeffect.stored_environment.CoData__5.inst_values_ptr_1 32 pure>)
+796: p61 = getfield_gc_r(p54, descr=<FieldP rpyeffect.stored_environment.CoData__5.inst_values_ptr_2 40 pure>)
+800: p62 = getfield_gc_r(p54, descr=<FieldP rpyeffect.stored_environment.CoData__5.inst_values_ptr_3 48 pure>)
+808: p63 = getfield_gc_r(p54, descr=<FieldP rpyeffect.stored_environment.CoData__5.inst_values_ptr_4 56 pure>)
debug_merge_point(0, 0, '176<main.rpyeffect:176([method_Read2838@Name(feed2834)#338])>+0: {"op": "Const". "type": "ptr". "out": 5. "format": "int". "value": "<IntValue object at 0x1285fe7c0>"}')
debug_merge_point(0, 0, '176<main.rpyeffect:176([method_Read2838@Name(feed2834)#338])>+1: {"op": "ShiftDyn". "out": 4. "n": 5. "label": 4}')
+816: guard_nonnull(p50, descr=<Guard0x128617b50>) [p0, p18, p19, p4, p5, p6, p7, p8, i25, p9, p20, p11, p12]
+824: guard_nonnull(p63, descr=<Guard0x128617b80>) [p0, p18, p19, p4, p5, p6, p7, p8, i25, p9, p20, p11, p12]
+832: i64 = getfield_gc_i(p50, descr=<FieldS rpyeffect.stack.Label.inst_origin 8 pure>)
+840: guard_value(i64, 182282, descr=<Guard0x128617bb0>) [p0, p18, p19, p4, p5, p6, p7, p8, i25, p9, p20, p11, p12]
+860: i66 = getfield_gc_i(p63, descr=<FieldS rpyeffect.stack.Label.inst_origin 8 pure>)
+864: guard_value(i66, 182282, descr=<Guard0x128617be0>) [p0, p18, p19, p4, p5, p6, p7, p8, i25, p9, p20, p11, p12]
+880: i68 = instance_ptr_eq(p50, p63)
guard_true(i68, descr=<Guard0x128617c10>) [p0, p18, p19, p4, p5, p6, p7, p8, i25, p9, p20, p11, p12]
debug_merge_point(0, 0, '176<main.rpyeffect:176([method_Read2838@Name(feed2834)#338])>+2: {"op": "Load". "out": 5. "type": "any". "ref": 1}')
+888: p69 = getfield_gc_r(p60, descr=<FieldP rpyeffect.region.Ref.inst_allocation_site 8 pure>)
+896: guard_value(p69, ConstPtr(ptr70), descr=<Guard0x128617c40>) [p0, p18, p19, p4, p5, p6, p7, p8, i25, p9, p20, p11, p12]
+904: p71 = getfield_gc_r(p60, descr=<FieldP rpyeffect.region.Ref.inst_value 16>)
+908: i72 = getfield_gc_i(p71, descr=<FieldS rpyeffect.value.UnboxedIntValueRef.inst_value 8>)
debug_merge_point(0, 0, '176<main.rpyeffect:176([method_Read2838@Name(feed2834)#338])>+3: {"op": "Push". "target": 175. "args": {"any": [0. 1. 2. 4]}}')
debug_merge_point(0, 0, '176<main.rpyeffect:176([method_Read2838@Name(feed2834)#338])>+4: {"op": "Copy". "type": "any". "from": 5. "to". 0}')
debug_merge_point(0, 0, '176<main.rpyeffect:176([method_Read2838@Name(feed2834)#338])>+5: {"op": "Copy". "type": "any". "from": 3. "to". 1}')
debug_merge_point(0, 0, '176<main.rpyeffect:176([method_Read2838@Name(feed2834)#338])>+6: {"op": "Jump". "target": 10}')
debug_merge_point(0, 0, '10<main.rpyeffect:10(Name(infixGt184))>+0: {"op": "PrimOp". "name": "infixGt(Int. Int): Boolean". "out": {"any": [0]}. "in": {"any": [0. 1]}}')
+912: i73 = getfield_gc_i(p62, descr=<FieldS rpyeffect.value.IntValue.inst_value 8 pure>)
+916: i74 = int_gt(i72, i73)
debug_merge_point(0, 0, '10<main.rpyeffect:10(Name(infixGt184))>+1: {"op": "Return". "args": {"any": [0]}}')
debug_merge_point(0, 0, '175<main.rpyeffect:175([k@[method_Read2838@Name(feed2834)#338]#343])>+0: {"op": "Swap". "type": "any". "a": 3. "b". 4}')
debug_merge_point(0, 0, '175<main.rpyeffect:175([k@[method_Read2838@Name(feed2834)#338]#343])>+1: {"op": "Swap". "type": "any". "a": 2. "b". 4}')
debug_merge_point(0, 0, '175<main.rpyeffect:175([k@[method_Read2838@Name(feed2834)#338]#343])>+2: {"op": "Swap". "type": "any". "a": 1. "b". 4}')
debug_merge_point(0, 0, '175<main.rpyeffect:175([k@[method_Read2838@Name(feed2834)#338]#343])>+3: {"op": "IfZero". "cond": 0. "then": {"tag": null. "target": 171. "args": {"any": []}}}')
guard_false(i74, descr=<Guard0x128617c70>) [p0, p18, p19, p4, p5, p6, p7, p8, i25, p9, p20, p11, p12]
debug_merge_point(0, 0, '171<main.rpyeffect:171([then#347])>+0: {"op": "Load". "out": 0. "type": "any". "ref": 2}')
+924: p75 = getfield_gc_r(p61, descr=<FieldP rpyeffect.region.Ref.inst_allocation_site 8 pure>)
+932: guard_value(p75, ConstPtr(ptr76), descr=<Guard0x128617ca0>) [p0, p18, p19, p4, p5, p6, p7, p8, i25, p9, p20, p11, p12]
+940: p77 = getfield_gc_r(p61, descr=<FieldP rpyeffect.region.Ref.inst_value 16>)
+944: i78 = getfield_gc_i(p77, descr=<FieldS rpyeffect.value.UnboxedIntValueRef.inst_value 8>)
debug_merge_point(0, 0, '171<main.rpyeffect:171([then#347])>+1: {"op": "Const". "type": "ptr". "out": 4. "format": "int". "value": "<IntValue object at 0x1285fe8d0>"}')
debug_merge_point(0, 0, '171<main.rpyeffect:171([then#347])>+2: {"op": "Push". "target": 170. "args": {"any": [1. 2. 3]}}')
debug_merge_point(0, 0, '171<main.rpyeffect:171([then#347])>+3: {"op": "Copy". "type": "any". "from": 4. "to". 1}')
debug_merge_point(0, 0, '171<main.rpyeffect:171([then#347])>+4: {"op": "Jump". "target": 4}')
debug_merge_point(0, 0, '4<main.rpyeffect:4(Name(infixEq72))>+0: {"op": "PrimOp". "name": "infixEq(Int. Int): Boolean". "out": {"any": [0]}. "in": {"any": [0. 1]}}')
+948: p79 = new_with_vtable(descr=<SizeDescr 56>)
+1060: p80 = new_with_vtable(descr=<SizeDescr 40>)
+1072: p81 = new_with_vtable(descr=<SizeDescr 64>)
+1084: setfield_gc(p81, p56, descr=<FieldP rpyeffect.stored_environment.Stack__arb.inst_tail 8 pure>)
+1088: setfield_gc(p81, 140, descr=<FieldS rpyeffect.stored_environment.Stack__arb.inst_target 16 pure>)
+1096: setfield_gc(p81, p53, descr=<FieldP rpyeffect.stored_environment.Stack__4.inst_values_ptr_0 32 pure>)
+1100: setfield_gc(p81, p54, descr=<FieldP rpyeffect.stored_environment.Stack__4.inst_values_ptr_1 40 pure>)
+1104: setfield_gc(p81, p55, descr=<FieldP rpyeffect.stored_environment.Stack__4.inst_values_ptr_2 48 pure>)
+1112: setfield_gc(p81, ConstPtr(ptr83), descr=<FieldP rpyeffect.stored_environment.Stack__4.inst_values_ptr_3 56 pure>)
+1116: setfield_gc(p80, p81, descr=<FieldP rpyeffect.stack.MetaStackLike.inst_stack 8 pure>)
+1120: setfield_gc(p80, p50, descr=<FieldP rpyeffect.stack.MetaStack.inst_label 16 pure>)
+1124: setfield_gc(p80, ConstPtr(null), descr=<FieldP rpyeffect.stack.MetaStack.inst_region 24 pure>)
+1132: setfield_gc(p80, ConstPtr(null), descr=<FieldP rpyeffect.stack.MetaStack.inst_tail 32 pure>)
+1140: p86 = new_with_vtable(descr=<SizeDescr 40>)
+1152: p87 = new_with_vtable(descr=<SizeDescr 40>)
+1164: setfield_gc(p87, p40, descr=<FieldP rpyeffect.stack.MetaStackLike.inst_stack 8 pure>)
+1172: setfield_gc(p87, p47, descr=<FieldP rpyeffect.stack.MetaStack.inst_label 16 pure>)
+1176: setfield_gc(p87, ConstPtr(null), descr=<FieldP rpyeffect.stack.MetaStack.inst_region 24 pure>)
+1184: p89 = new_with_vtable(descr=<SizeDescr 40>)
+1196: setfield_gc(p89, p44, descr=<FieldP rpyeffect.stack.MetaStackLike.inst_stack 8 pure>)
+1200: setfield_gc(p89, p46, descr=<FieldP rpyeffect.stack.MetaStack.inst_label 16 pure>)
+1204: setfield_gc(p89, ConstPtr(null), descr=<FieldP rpyeffect.stack.MetaStack.inst_region 24 pure>)
+1212: p91 = new_with_vtable(descr=<SizeDescr 40>)
+1224: setfield_gc(p91, p20, descr=<FieldP rpyeffect.stack.MetaStackLike.inst_stack 8 pure>)
+1228: setfield_gc(p91, p9, descr=<FieldP rpyeffect.stack.MetaStack.inst_label 16 pure>)
+1236: setfield_gc(p91, ConstPtr(null), descr=<FieldP rpyeffect.stack.MetaStack.inst_region 24 pure>)
+1244: setfield_gc(p91, p11, descr=<FieldP rpyeffect.stack.MetaStack.inst_tail 32 pure>)
+1252: setfield_gc(p89, p91, descr=<FieldP rpyeffect.stack.MetaStack.inst_tail 32 pure>)
+1256: setfield_gc(p87, p89, descr=<FieldP rpyeffect.stack.MetaStack.inst_tail 32 pure>)
+1260: p93 = new_with_vtable(descr=<SizeDescr 16>)
+1272: p94 = new_with_vtable(descr=<SizeDescr 16>)
+1284: setfield_gc(p93, i78, descr=<FieldS rpyeffect.value.IntValue.inst_value 8 pure>)
+1288: setfield_gc(p94, i72, descr=<FieldS rpyeffect.value.IntValue.inst_value 8 pure>)
+1296: setfield_gc(p79, 170, descr=<FieldS rpyeffect.stored_environment.Stack__arb.inst_target 16 pure>)
+1304: setfield_gc(p79, p32, descr=<FieldP rpyeffect.stored_environment.Stack__arb.inst_tail 8 pure>)
+1312: setfield_gc(p86, ConstPtr(null), descr=<FieldP rpyeffect.stack.MetaStack.inst_region 24 pure>)
+1320: setfield_gc(p86, p36, descr=<FieldP rpyeffect.stack.MetaStackLike.inst_stack 8 pure>)
+1328: setfield_gc(p86, p87, descr=<FieldP rpyeffect.stack.MetaStack.inst_tail 32 pure>)
+1332: setfield_gc(p86, p48, descr=<FieldP rpyeffect.stack.MetaStack.inst_label 16 pure>)
+1340: setfield_gc(p79, p60, descr=<FieldP rpyeffect.stored_environment.Stack__3.inst_values_ptr_0 32 pure>)
+1344: setfield_gc(p79, p61, descr=<FieldP rpyeffect.stored_environment.Stack__3.inst_values_ptr_1 40 pure>)
+1348: setfield_gc(p79, p80, descr=<FieldP rpyeffect.stored_environment.Stack__3.inst_values_ptr_2 48 pure>)
+1372: jump(p49, p79, p0, p86, ConstPtr(ptr97), p93, ConstPtr(ptr98), p61, p80, ConstPtr(ptr98), p94, p7, p8, descr=TargetToken(4972253664))
+1516: --end of the loop--
[c77dd3] jit-log-opt-bridge}
[cff095] {jit-log-opt-bridge
# bridge out of Guard 0x1285f9c10 with 186 ops
[p0, p1, p2, p3, p4, p5, p6, p7, p8, p9, p10, p11, p12]
+424: guard_not_invalidated(descr=<Guard0x1285e1778>) [p0, p1, p2, p3, p4, p5, p6, p7, p8, p9, p10, p11, p12]
+428: i13 = getfield_gc_i(p1, descr=<FieldS rpyeffect.value.IntValue.inst_value 8 pure>)
+432: i14 = getfield_gc_i(p2, descr=<FieldS rpyeffect.value.IntValue.inst_value 8 pure>)
+436: i15 = int_eq(i13, i14)
debug_merge_point(0, 0, '4<main.rpyeffect:4(Name(infixEq72))>+1: {"op": "Return". "args": {"any": [0]}}')
+444: guard_nonnull(p10, descr=<Guard0x128624380>) [p0, p1, p2, p3, p4, p5, p6, p7, p8, p9, p10, p11, p12]
+452: i16 = getfield_gc_i(p10, descr=<FieldS rpyeffect.stored_environment.Stack__arb.inst_target 16 pure>)
+456: guard_value(i16, 135, descr=<Guard0x1286243b0>) [p0, p1, p2, p3, p4, p5, p6, p7, p8, p9, p10, p11, p12]
+468: p18 = getfield_gc_r(p10, descr=<FieldP rpyeffect.stored_environment.Stack__4.inst_values_ptr_0 32 pure>)
+472: p19 = getfield_gc_r(p10, descr=<FieldP rpyeffect.stored_environment.Stack__4.inst_values_ptr_1 40 pure>)
+476: p20 = getfield_gc_r(p10, descr=<FieldP rpyeffect.stored_environment.Stack__4.inst_values_ptr_2 48 pure>)
+480: p21 = getfield_gc_r(p10, descr=<FieldP rpyeffect.stored_environment.Stack__4.inst_values_ptr_3 56 pure>)
+484: p22 = getfield_gc_r(p10, descr=<FieldP rpyeffect.stored_environment.Stack__arb.inst_tail 8 pure>)
debug_merge_point(0, 0, '135<main.rpyeffect:135([k@[then#263]#265])>+0: {"op": "Swap". "type": "any". "a": 1. "b". 4}')
debug_merge_point(0, 0, '135<main.rpyeffect:135([k@[then#263]#265])>+1: {"op": "Swap". "type": "any". "a": 2. "b". 3}')
debug_merge_point(0, 0, '135<main.rpyeffect:135([k@[then#263]#265])>+2: {"op": "IfZero". "cond": 0. "then": {"tag": null. "target": 132. "args": {"any": []}}}')
+488: guard_true(i15, descr=<Guard0x1286243e0>) [p0, p1, p2, p3, p4, p5, p6, p7, p8, p9, p10, p11, p12]
debug_merge_point(0, 0, '135<main.rpyeffect:135([k@[then#263]#265])>+3: {"op": "Push". "target": 134. "args": {"any": [4. 3. 2]}}')
debug_merge_point(0, 0, '135<main.rpyeffect:135([k@[then#263]#265])>+4: {"op": "Copy". "type": "any". "from": 1. "to". 0}')
debug_merge_point(0, 0, '135<main.rpyeffect:135([k@[then#263]#265])>+5: {"op": "Invoke". "receiver": 4. "tag": Interned(Emit2840). "args" : {"any": [0]}}')
+496: p23 = getfield_gc_r(p18, descr=<FieldP rpyeffect.codata.CoData.inst_vtable 8 pure>)
+504: guard_value(p23, ConstPtr(ptr24), descr=<Guard0x128624410>) [p0, p1, p2, p3, p4, p5, p6, p7, p8, p9, p10, p11, p12]
+512: p25 = getfield_gc_r(p18, descr=<FieldP rpyeffect.stored_environment.CoData__2.inst_values_ptr_0 24 pure>)
+516: p26 = getfield_gc_r(p18, descr=<FieldP rpyeffect.stored_environment.CoData__2.inst_values_ptr_1 32 pure>)
debug_merge_point(0, 0, '148<main.rpyeffect:148([method_Emit2840@Name(sum2829)#296])>+0: {"op": "Const". "type": "ptr". "out": 3. "format": "int". "value": "<IntValue object at 0x1285dd5a0>"}')
debug_merge_point(0, 0, '148<main.rpyeffect:148([method_Emit2840@Name(sum2829)#296])>+1: {"op": "ShiftDyn". "out": 1. "n": 3. "label": 1}')
+524: i28 = instance_ptr_eq(p12, ConstPtr(ptr27))
guard_true(i28, descr=<Guard0x128624440>) [p0, p1, p2, p3, p4, p5, p6, p7, p8, p9, p10, p11, p12]
+536: guard_nonnull(p9, descr=<Guard0x128624470>) [p0, p1, p2, p3, p4, p5, p6, p7, p8, p9, p10, p11, p12]
+548: guard_nonnull(p25, descr=<Guard0x1286244a0>) [p0, p1, p2, p3, p4, p5, p6, p7, p8, p9, p10, p11, p12]
+556: i29 = getfield_gc_i(p9, descr=<FieldS rpyeffect.stack.Label.inst_origin 8 pure>)
+564: guard_value(i29, 182282, descr=<Guard0x1286244d0>) [p0, p1, p2, p3, p4, p5, p6, p7, p8, p9, p10, p11, p12]
+580: i31 = getfield_gc_i(p25, descr=<FieldS rpyeffect.stack.Label.inst_origin 8 pure>)
+584: guard_value(i31, 153605, descr=<Guard0x128624500>) [p0, p1, p2, p3, p4, p5, p6, p7, p8, p9, p10, p11, p12]
+600: p33 = getfield_gc_r(p11, descr=<FieldP rpyeffect.stack.MetaStack.inst_region 24 pure>)
+608: guard_isnull(p33, descr=<Guard0x128624530>) [p0, p1, p2, p3, p4, p5, p6, p7, p8, p9, p10, p11, p12]
+616: p34 = getfield_gc_r(p11, descr=<FieldP rpyeffect.stack.MetaStack.inst_label 16 pure>)
+620: guard_nonnull(p34, descr=<Guard0x128624560>) [p0, p1, p2, p3, p4, p5, p6, p7, p8, p9, p10, p11, p12]
+628: i35 = getfield_gc_i(p34, descr=<FieldS rpyeffect.stack.Label.inst_origin 8 pure>)
+632: guard_value(i35, 182278, descr=<Guard0x128624590>) [p0, p1, p2, p3, p4, p5, p6, p7, p8, p9, p10, p11, p12]
+652: p37 = getfield_gc_r(p11, descr=<FieldP rpyeffect.stack.MetaStack.inst_tail 32 pure>)
+656: p38 = getfield_gc_r(p37, descr=<FieldP rpyeffect.stack.MetaStack.inst_region 24 pure>)
+660: guard_isnull(p38, descr=<Guard0x1286245c0>) [p0, p1, p2, p3, p4, p5, p6, p7, p8, p9, p10, p11, p12]
+668: p39 = getfield_gc_r(p37, descr=<FieldP rpyeffect.stack.MetaStack.inst_label 16 pure>)
+672: guard_nonnull(p39, descr=<Guard0x1286245f0>) [p0, p1, p2, p3, p4, p5, p6, p7, p8, p9, p10, p11, p12]
+680: i40 = getfield_gc_i(p39, descr=<FieldS rpyeffect.stack.Label.inst_origin 8 pure>)
+688: guard_value(i40, 182273, descr=<Guard0x128624620>) [p0, p1, p2, p3, p4, p5, p6, p7, p8, p9, p10, p11, p12]
+708: p42 = getfield_gc_r(p37, descr=<FieldP rpyeffect.stack.MetaStack.inst_tail 32 pure>)
+712: p43 = getfield_gc_r(p42, descr=<FieldP rpyeffect.stack.MetaStack.inst_region 24 pure>)
+716: guard_isnull(p43, descr=<Guard0x128624650>) [p0, p1, p2, p3, p4, p5, p6, p7, p8, p9, p10, p11, p12]
+724: p44 = getfield_gc_r(p42, descr=<FieldP rpyeffect.stack.MetaStack.inst_label 16 pure>)
+728: guard_nonnull(p44, descr=<Guard0x128624680>) [p0, p1, p2, p3, p4, p5, p6, p7, p8, p9, p10, p11, p12]
+736: i45 = getfield_gc_i(p44, descr=<FieldS rpyeffect.stack.Label.inst_origin 8 pure>)
+744: guard_value(i45, 158720, descr=<Guard0x1286246b0>) [p0, p1, p2, p3, p4, p5, p6, p7, p8, p9, p10, p11, p12]
+764: p47 = getfield_gc_r(p42, descr=<FieldP rpyeffect.stack.MetaStack.inst_tail 32 pure>)
+768: p48 = getfield_gc_r(p47, descr=<FieldP rpyeffect.stack.MetaStack.inst_region 24 pure>)
+772: guard_isnull(p48, descr=<Guard0x1286246e0>) [p0, p1, p2, p3, p4, p5, p6, p7, p8, p9, p10, p11, p12]
+780: p49 = getfield_gc_r(p47, descr=<FieldP rpyeffect.stack.MetaStack.inst_label 16 pure>)
+784: guard_nonnull(p49, descr=<Guard0x128624710>) [p0, p1, p2, p3, p4, p5, p6, p7, p8, p9, p10, p11, p12]
+792: i50 = getfield_gc_i(p49, descr=<FieldS rpyeffect.stack.Label.inst_origin 8 pure>)
+796: guard_value(i50, 153605, descr=<Guard0x128624740>) [p0, p1, p2, p3, p4, p5, p6, p7, p8, p9, p10, p11, p12]
+816: i52 = instance_ptr_eq(p49, p25)
guard_true(i52, descr=<Guard0x128624770>) [p0, p1, p2, p3, p4, p5, p6, p7, p8, p9, p10, p11, p12]
+824: p53 = getfield_gc_r(p47, descr=<FieldP rpyeffect.stack.MetaStackLike.inst_stack 8 pure>)
+828: guard_class(p47, 4341835568, descr=<Guard0x1286247a0>) [p0, p1, p2, p3, p4, p5, p6, p7, p8, p9, p10, p11, p12]
+844: p55 = getfield_gc_r(p47, descr=<FieldP rpyeffect.stack.MetaStack.inst_tail 32 pure>)
+848: p56 = getfield_gc_r(p42, descr=<FieldP rpyeffect.stack.MetaStackLike.inst_stack 8 pure>)
+852: guard_class(p42, 4341835568, descr=<Guard0x1286247d0>) [p0, p1, p2, p3, p4, p5, p6, p7, p8, p9, p10, p11, p12]
+868: p58 = getfield_gc_r(p37, descr=<FieldP rpyeffect.stack.MetaStackLike.inst_stack 8 pure>)
+872: guard_class(p37, 4341835568, descr=<Guard0x128624800>) [p0, p1, p2, p3, p4, p5, p6, p7, p8, p9, p10, p11, p12]
+888: p60 = getfield_gc_r(p11, descr=<FieldP rpyeffect.stack.MetaStackLike.inst_stack 8 pure>)
+892: guard_class(p11, 4341835568, descr=<Guard0x128624830>) [p0, p1, p2, p3, p4, p5, p6, p7, p8, p9, p10, p11, p12]
+908: guard_nonnull_class(p55, 4341835568, descr=<Guard0x1285e17c0>) [p0, p1, p2, p3, p4, p5, p6, p7, p8, p9, p10, p11, p12]
+932: p63 = getfield_gc_r(p55, descr=<FieldP rpyeffect.stack.MetaStackLike.inst_stack 8 pure>)
+936: p64 = getfield_gc_r(p55, descr=<FieldP rpyeffect.stack.MetaStack.inst_label 16 pure>)
+940: p65 = getfield_gc_r(p55, descr=<FieldP rpyeffect.stack.MetaStack.inst_tail 32 pure>)
debug_merge_point(0, 0, '148<main.rpyeffect:148([method_Emit2840@Name(sum2829)#296])>+2: {"op": "Load". "out": 3. "type": "any". "ref": 2}')
+944: p66 = getfield_gc_r(p26, descr=<FieldP rpyeffect.region.Ref.inst_allocation_site 8 pure>)
+960: guard_value(p66, ConstPtr(ptr67), descr=<Guard0x128624860>) [p0, p1, p2, p3, p4, p5, p6, p7, p8, p9, p10, p11, p12]
+968: p68 = getfield_gc_r(p26, descr=<FieldP rpyeffect.region.Ref.inst_value 16>)
+972: i69 = getfield_gc_i(p68, descr=<FieldS rpyeffect.value.UnboxedIntValueRef.inst_value 8>)
debug_merge_point(0, 0, '148<main.rpyeffect:148([method_Emit2840@Name(sum2829)#296])>+3: {"op": "Push". "target": 147. "args": {"any": [1. 2]}}')
debug_merge_point(0, 0, '148<main.rpyeffect:148([method_Emit2840@Name(sum2829)#296])>+4: {"op": "Copy". "type": "any". "from": 0. "to". 1}')
debug_merge_point(0, 0, '148<main.rpyeffect:148([method_Emit2840@Name(sum2829)#296])>+5: {"op": "Copy". "type": "any". "from": 3. "to". 0}')
debug_merge_point(0, 0, '148<main.rpyeffect:148([method_Emit2840@Name(sum2829)#296])>+6: {"op": "Jump". "target": 6}')
debug_merge_point(0, 0, '6<main.rpyeffect:6(Name(infixAdd96))>+0: {"op": "PrimOp". "name": "infixAdd(Int. Int): Int". "out": {"any": [0]}. "in": {"any": [0. 1]}}')
+976: i70 = getfield_gc_i(p21, descr=<FieldS rpyeffect.value.IntValue.inst_value 8 pure>)
+980: i71 = int_add(i69, i70)
debug_merge_point(0, 0, '6<main.rpyeffect:6(Name(infixAdd96))>+1: {"op": "Return". "args": {"any": [0]}}')
debug_merge_point(0, 0, '147<main.rpyeffect:147([k@[method_Emit2840@Name(sum2829)#296]#301])>+0: {"op": "Store". "ref": 2. "type": "any". "value": 0}')
debug_merge_point(0, 0, '147<main.rpyeffect:147([k@[method_Emit2840@Name(sum2829)#296]#301])>+1: {"op": "Construct". "out": 0. "type": Interned(Unit). "tag": Interned(unit). "args": {"any": []}}')
debug_merge_point(0, 0, '147<main.rpyeffect:147([k@[method_Emit2840@Name(sum2829)#296]#301])>+2: {"op": "Construct". "out": 0. "type": Interned(Unit). "tag": Interned(unit). "args": {"any": []}}')
debug_merge_point(0, 0, '147<main.rpyeffect:147([k@[method_Emit2840@Name(sum2829)#296]#301])>+3: {"op": "Jump". "target": 142}')
debug_merge_point(0, 0, '142<main.rpyeffect:142(Name(resume2845))>+0: {"op": "PushStack". "arg": 1}')
debug_merge_point(0, 0, '142<main.rpyeffect:142(Name(resume2845))>+1: {"op": "Return". "args": {"any": [0]}}')
debug_merge_point(0, 0, '134<main.rpyeffect:134([k@[k@[then#263]#265]#272])>+0: {"op": "Const". "type": "ptr". "out": 0. "format": "int". "value": "<IntValue object at 0x1285dd800>"}')
debug_merge_point(0, 0, '134<main.rpyeffect:134([k@[k@[then#263]#265]#272])>+1: {"op": "Swap". "type": "any". "a": 2. "b". 1}')
debug_merge_point(0, 0, '134<main.rpyeffect:134([k@[k@[then#263]#265]#272])>+2: {"op": "Jump". "target": 141}')
debug_merge_point(0, 0, '141<main.rpyeffect:141(Name(parse2827))>+0: {"op": "Push". "target": 140. "args": {"any": [2. 1. 3. 0]}}')
debug_merge_point(0, 0, '141<main.rpyeffect:141(Name(parse2827))>+1: {"op": "Invoke". "receiver": 1. "tag": Interned(Read2838). "args" : {"any": []}}')
+984: p72 = getfield_gc_r(p19, descr=<FieldP rpyeffect.codata.CoData.inst_vtable 8 pure>)
+988: setfield_gc(p68, i71, descr=<FieldS rpyeffect.value.UnboxedIntValueRef.inst_value 8>)
+996: guard_value(p72, ConstPtr(ptr73), descr=<Guard0x1285e1808>) [p0, p19, p18, p20, p6, p7, p8, p9, p72, p65, p64, p63, p49, p53, p44, p56, p39, p58, p34, p60, p22]
+1004: p74 = getfield_gc_r(p19, descr=<FieldP rpyeffect.stored_environment.CoData__5.inst_values_ptr_0 24 pure>)
+1004: p75 = getfield_gc_r(p19, descr=<FieldP rpyeffect.stored_environment.CoData__5.inst_values_ptr_1 32 pure>)
+1008: p76 = getfield_gc_r(p19, descr=<FieldP rpyeffect.stored_environment.CoData__5.inst_values_ptr_2 40 pure>)
+1012: p77 = getfield_gc_r(p19, descr=<FieldP rpyeffect.stored_environment.CoData__5.inst_values_ptr_3 48 pure>)
+1016: p78 = getfield_gc_r(p19, descr=<FieldP rpyeffect.stored_environment.CoData__5.inst_values_ptr_4 56 pure>)
debug_merge_point(0, 0, '176<main.rpyeffect:176([method_Read2838@Name(feed2834)#338])>+0: {"op": "Const". "type": "ptr". "out": 5. "format": "int". "value": "<IntValue object at 0x1285fe7c0>"}')
debug_merge_point(0, 0, '176<main.rpyeffect:176([method_Read2838@Name(feed2834)#338])>+1: {"op": "ShiftDyn". "out": 4. "n": 5. "label": 4}')
+1024: guard_nonnull(p78, descr=<Guard0x128624890>) [p0, p19, p18, p20, p6, p7, p8, p9, p72, p65, p64, p63, p49, p53, p44, p56, p39, p58, p34, p60, p22]
+1032: i79 = getfield_gc_i(p78, descr=<FieldS rpyeffect.stack.Label.inst_origin 8 pure>)
+1040: guard_value(i79, 182282, descr=<Guard0x1286248c0>) [p0, p19, p18, p20, p6, p7, p8, p9, p72, p65, p64, p63, p49, p53, p44, p56, p39, p58, p34, p60, p22]
+1060: i81 = instance_ptr_eq(p9, p78)
guard_true(i81, descr=<Guard0x1286248f0>) [p0, p19, p18, p20, p6, p7, p8, p9, p72, p65, p64, p63, p49, p53, p44, p56, p39, p58, p34, p60, p22]
debug_merge_point(0, 0, '176<main.rpyeffect:176([method_Read2838@Name(feed2834)#338])>+2: {"op": "Load". "out": 5. "type": "any". "ref": 1}')
+1068: p82 = getfield_gc_r(p75, descr=<FieldP rpyeffect.region.Ref.inst_allocation_site 8 pure>)
+1076: guard_value(p82, ConstPtr(ptr83), descr=<Guard0x128624920>) [p0, p19, p18, p20, p6, p7, p8, p9, p72, p65, p64, p63, p49, p53, p44, p56, p39, p58, p34, p60, p22]
+1084: p84 = getfield_gc_r(p75, descr=<FieldP rpyeffect.region.Ref.inst_value 16>)
+1088: i85 = getfield_gc_i(p84, descr=<FieldS rpyeffect.value.UnboxedIntValueRef.inst_value 8>)
debug_merge_point(0, 0, '176<main.rpyeffect:176([method_Read2838@Name(feed2834)#338])>+3: {"op": "Push". "target": 175. "args": {"any": [0. 1. 2. 4]}}')
debug_merge_point(0, 0, '176<main.rpyeffect:176([method_Read2838@Name(feed2834)#338])>+4: {"op": "Copy". "type": "any". "from": 5. "to". 0}')
debug_merge_point(0, 0, '176<main.rpyeffect:176([method_Read2838@Name(feed2834)#338])>+5: {"op": "Copy". "type": "any". "from": 3. "to". 1}')
debug_merge_point(0, 0, '176<main.rpyeffect:176([method_Read2838@Name(feed2834)#338])>+6: {"op": "Jump". "target": 10}')
debug_merge_point(0, 0, '10<main.rpyeffect:10(Name(infixGt184))>+0: {"op": "PrimOp". "name": "infixGt(Int. Int): Boolean". "out": {"any": [0]}. "in": {"any": [0. 1]}}')
+1092: i86 = getfield_gc_i(p77, descr=<FieldS rpyeffect.value.IntValue.inst_value 8 pure>)
+1096: i87 = int_gt(i85, i86)
debug_merge_point(0, 0, '10<main.rpyeffect:10(Name(infixGt184))>+1: {"op": "Return". "args": {"any": [0]}}')
debug_merge_point(0, 0, '175<main.rpyeffect:175([k@[method_Read2838@Name(feed2834)#338]#343])>+0: {"op": "Swap". "type": "any". "a": 3. "b". 4}')
debug_merge_point(0, 0, '175<main.rpyeffect:175([k@[method_Read2838@Name(feed2834)#338]#343])>+1: {"op": "Swap". "type": "any". "a": 2. "b". 4}')
debug_merge_point(0, 0, '175<main.rpyeffect:175([k@[method_Read2838@Name(feed2834)#338]#343])>+2: {"op": "Swap". "type": "any". "a": 1. "b". 4}')
debug_merge_point(0, 0, '175<main.rpyeffect:175([k@[method_Read2838@Name(feed2834)#338]#343])>+3: {"op": "IfZero". "cond": 0. "then": {"tag": null. "target": 171. "args": {"any": []}}}')
guard_false(i87, descr=<Guard0x128624950>) [p0, p19, p18, p20, p6, p7, p8, p9, p72, p65, p64, p63, p49, p53, p44, p56, p39, p58, p34, p60, p22]
debug_merge_point(0, 0, '171<main.rpyeffect:171([then#347])>+0: {"op": "Load". "out": 0. "type": "any". "ref": 2}')
+1104: p88 = getfield_gc_r(p76, descr=<FieldP rpyeffect.region.Ref.inst_allocation_site 8 pure>)
+1112: guard_value(p88, ConstPtr(ptr89), descr=<Guard0x128624980>) [p0, p19, p18, p20, p6, p7, p8, p9, p72, p65, p64, p63, p49, p53, p44, p56, p39, p58, p34, p60, p22]
+1120: p90 = getfield_gc_r(p76, descr=<FieldP rpyeffect.region.Ref.inst_value 16>)
+1124: i91 = getfield_gc_i(p90, descr=<FieldS rpyeffect.value.UnboxedIntValueRef.inst_value 8>)
debug_merge_point(0, 0, '171<main.rpyeffect:171([then#347])>+1: {"op": "Const". "type": "ptr". "out": 4. "format": "int". "value": "<IntValue object at 0x1285fe8d0>"}')
debug_merge_point(0, 0, '171<main.rpyeffect:171([then#347])>+2: {"op": "Push". "target": 170. "args": {"any": [1. 2. 3]}}')
debug_merge_point(0, 0, '171<main.rpyeffect:171([then#347])>+3: {"op": "Copy". "type": "any". "from": 4. "to". 1}')
debug_merge_point(0, 0, '171<main.rpyeffect:171([then#347])>+4: {"op": "Jump". "target": 4}')
debug_merge_point(0, 0, '4<main.rpyeffect:4(Name(infixEq72))>+0: {"op": "PrimOp". "name": "infixEq(Int. Int): Boolean". "out": {"any": [0]}. "in": {"any": [0. 1]}}')
+1128: p92 = new_with_vtable(descr=<SizeDescr 56>)
+1236: p93 = new_with_vtable(descr=<SizeDescr 40>)
+1248: p94 = new_with_vtable(descr=<SizeDescr 64>)
+1264: setfield_gc(p94, p22, descr=<FieldP rpyeffect.stored_environment.Stack__arb.inst_tail 8 pure>)
+1268: setfield_gc(p94, 140, descr=<FieldS rpyeffect.stored_environment.Stack__arb.inst_target 16 pure>)
+1276: setfield_gc(p94, p18, descr=<FieldP rpyeffect.stored_environment.Stack__4.inst_values_ptr_0 32 pure>)
+1280: setfield_gc(p94, p19, descr=<FieldP rpyeffect.stored_environment.Stack__4.inst_values_ptr_1 40 pure>)
+1284: setfield_gc(p94, p20, descr=<FieldP rpyeffect.stored_environment.Stack__4.inst_values_ptr_2 48 pure>)
+1292: setfield_gc(p94, ConstPtr(ptr96), descr=<FieldP rpyeffect.stored_environment.Stack__4.inst_values_ptr_3 56 pure>)
+1296: setfield_gc(p93, p94, descr=<FieldP rpyeffect.stack.MetaStackLike.inst_stack 8 pure>)
+1300: setfield_gc(p93, p9, descr=<FieldP rpyeffect.stack.MetaStack.inst_label 16 pure>)
+1304: setfield_gc(p93, ConstPtr(null), descr=<FieldP rpyeffect.stack.MetaStack.inst_region 24 pure>)
+1312: setfield_gc(p93, ConstPtr(null), descr=<FieldP rpyeffect.stack.MetaStack.inst_tail 32 pure>)
+1320: p99 = new_with_vtable(descr=<SizeDescr 40>)
+1332: p100 = new_with_vtable(descr=<SizeDescr 40>)
+1344: setfield_gc(p100, p56, descr=<FieldP rpyeffect.stack.MetaStackLike.inst_stack 8 pure>)
+1352: setfield_gc(p100, p44, descr=<FieldP rpyeffect.stack.MetaStack.inst_label 16 pure>)
+1356: setfield_gc(p100, ConstPtr(null), descr=<FieldP rpyeffect.stack.MetaStack.inst_region 24 pure>)
+1364: p102 = new_with_vtable(descr=<SizeDescr 40>)
+1376: setfield_gc(p102, p53, descr=<FieldP rpyeffect.stack.MetaStackLike.inst_stack 8 pure>)
+1380: setfield_gc(p102, p49, descr=<FieldP rpyeffect.stack.MetaStack.inst_label 16 pure>)
+1384: setfield_gc(p102, ConstPtr(null), descr=<FieldP rpyeffect.stack.MetaStack.inst_region 24 pure>)
+1392: p104 = new_with_vtable(descr=<SizeDescr 40>)
+1404: setfield_gc(p104, p63, descr=<FieldP rpyeffect.stack.MetaStackLike.inst_stack 8 pure>)
+1408: setfield_gc(p104, p64, descr=<FieldP rpyeffect.stack.MetaStack.inst_label 16 pure>)
+1416: setfield_gc(p104, ConstPtr(null), descr=<FieldP rpyeffect.stack.MetaStack.inst_region 24 pure>)
+1424: setfield_gc(p104, p65, descr=<FieldP rpyeffect.stack.MetaStack.inst_tail 32 pure>)
+1432: setfield_gc(p102, p104, descr=<FieldP rpyeffect.stack.MetaStack.inst_tail 32 pure>)
+1436: setfield_gc(p100, p102, descr=<FieldP rpyeffect.stack.MetaStack.inst_tail 32 pure>)
+1440: p106 = new_with_vtable(descr=<SizeDescr 16>)
+1452: p107 = new_with_vtable(descr=<SizeDescr 16>)
+1464: setfield_gc(p106, i91, descr=<FieldS rpyeffect.value.IntValue.inst_value 8 pure>)
+1468: setfield_gc(p107, i85, descr=<FieldS rpyeffect.value.IntValue.inst_value 8 pure>)
+1472: setfield_gc(p92, 170, descr=<FieldS rpyeffect.stored_environment.Stack__arb.inst_target 16 pure>)
+1480: setfield_gc(p92, p60, descr=<FieldP rpyeffect.stored_environment.Stack__arb.inst_tail 8 pure>)
+1488: setfield_gc(p99, ConstPtr(null), descr=<FieldP rpyeffect.stack.MetaStack.inst_region 24 pure>)
+1496: setfield_gc(p99, p39, descr=<FieldP rpyeffect.stack.MetaStack.inst_label 16 pure>)
+1504: setfield_gc(p99, p100, descr=<FieldP rpyeffect.stack.MetaStack.inst_tail 32 pure>)
+1508: setfield_gc(p99, p58, descr=<FieldP rpyeffect.stack.MetaStackLike.inst_stack 8 pure>)
+1516: setfield_gc(p92, p75, descr=<FieldP rpyeffect.stored_environment.Stack__3.inst_values_ptr_0 32 pure>)
+1520: setfield_gc(p92, p76, descr=<FieldP rpyeffect.stored_environment.Stack__3.inst_values_ptr_1 40 pure>)
+1528: setfield_gc(p92, p93, descr=<FieldP rpyeffect.stored_environment.Stack__3.inst_values_ptr_2 48 pure>)
+1552: jump(p34, p92, p0, p99, ConstPtr(ptr110), p106, ConstPtr(ptr111), p76, p93, ConstPtr(ptr111), p107, p7, p8, descr=TargetToken(4972253664))
+1620: --end of the loop--
[d1be02] jit-log-opt-bridge}
[c9e57948] {jit-summary
Tracing:      	8	0.002254
Backend:      	8	0.001032
TOTAL:      		3.381340
ops:             	8503
heapcached ops:  	1569
recorded ops:    	1812
  calls:         	238
guards:          	337
opt ops:         	859
opt guards:      	152
opt guards shared:	122
forcings:        	0
abort: trace too long:	0
abort: compiling:	0
abort: vable escape:	0
abort: bad loop: 	0
abort: force quasi-immut:	0
abort: segmenting trace:	0
virtualizables forced:	0
nvirtuals:       	9
nvholes:         	0
nvreused:        	0
vecopt tried:    	0
vecopt success:  	0
Total # of loops:	3
Total # of bridges:	5
Freed # of loops:	0
Freed # of bridges:	0
[c9e5c3d3] jit-summary}
