[aab64f] {jit-log-opt-loop
# Loop 1 (8<main.rpyeffect:8(Name(infixSub105))>+0: {"op": "PrimOp", "name": "infixSub(Int, Int): Int", "out": {"any": [0]}, "in": {"any": [0, 1]}}) : loop with 389 ops
[p0, p1, p2, p3, p4]
+1288: p5 = getfield_gc_r(p2, descr=<FieldP rpyeffect.environment.Environment.inst_values_ptr 16>)
+1296: p7 = getarrayitem_gc_r(p5, 0, descr=<ArrayP 8>)
+1300: p9 = getarrayitem_gc_r(p5, 1, descr=<ArrayP 8>)
+1304: p11 = getarrayitem_gc_r(p5, 2, descr=<ArrayP 8>)
+1308: p13 = getarrayitem_gc_r(p5, 3, descr=<ArrayP 8>)
+1312: p15 = getarrayitem_gc_r(p5, 4, descr=<ArrayP 8>)
+1316: p17 = getarrayitem_gc_r(p5, 5, descr=<ArrayP 8>)
+1320: p19 = getarrayitem_gc_r(p5, 6, descr=<ArrayP 8>)
+1324: label(p0, p1, p2, p3, p4, p7, p9, p11, p13, p15, p17, p19, descr=TargetToken(5509143200))
debug_merge_point(0, 0, '8<main.rpyeffect:8(Name(infixSub105))>+0: {"op": "PrimOp". "name": "infixSub(Int. Int): Int". "out": {"any": [0]}. "in": {"any": [0. 1]}}')
+1344: guard_not_invalidated(descr=<Guard0x1485eb028>) [p2, p7, p9, p11, p13, p15, p17, p19, p0, p1, p3, p4]
+1348: i20 = getfield_gc_i(p7, descr=<FieldS rpyeffect.value.IntValue.inst_value 8 pure>)
+1352: i21 = getfield_gc_i(p9, descr=<FieldS rpyeffect.value.IntValue.inst_value 8 pure>)
+1356: i22 = int_sub(i20, i21)
debug_merge_point(0, 0, '8<main.rpyeffect:8(Name(infixSub105))>+1: {"op": "Return". "args": {"any": [0]}}')
+1360: guard_nonnull(p1, descr=<Guard0x148622170>) [p2, p7, p9, p11, p13, p15, p17, p19, p0, p1, p3, p4]
+1372: i23 = getfield_gc_i(p1, descr=<FieldS rpyeffect.stored_environment.Stack__arb.inst_target 16 pure>)
+1380: guard_value(i23, 142, descr=<Guard0x148622140>) [p2, p7, p9, p11, p13, p15, p17, p19, p0, p1, p3, p4]
+1392: p25 = getfield_gc_r(p1, descr=<FieldP rpyeffect.stored_environment.Stack__1.inst_values_ptr_0 32 pure>)
+1396: p26 = getfield_gc_r(p1, descr=<FieldP rpyeffect.stored_environment.Stack__arb.inst_tail 8 pure>)
debug_merge_point(0, 0, '142<main.rpyeffect:142([k@[then#286]#290])>+0: {"op": "Push". "target": 141. "args": {"any": [1]}}')
debug_merge_point(0, 0, '142<main.rpyeffect:142([k@[then#286]#290])>+1: {"op": "Invoke". "receiver": 1. "tag": Interned(putS2832). "args" : {"any": [0]}}')
+1400: p27 = getfield_gc_r(p25, descr=<FieldP rpyeffect.codata.CoData.inst_vtable 8 pure>)
+1408: guard_value(p27, ConstPtr(ptr28), descr=<Guard0x148622110>) [p2, p7, p9, p11, p13, p15, p17, p19, p0, p1, p3, p4]
+1416: p29 = getfield_gc_r(p25, descr=<FieldP rpyeffect.stored_environment.CoData__2.inst_values_ptr_0 24 pure>)
+1420: p30 = getfield_gc_r(p25, descr=<FieldP rpyeffect.stored_environment.CoData__2.inst_values_ptr_1 32 pure>)
debug_merge_point(0, 0, '155<main.rpyeffect:155([method_putS2832@Name(handler2821)#312])>+0: {"op": "Const". "type": "ptr". "out": 3. "format": "int". "value": "<IntValue object at 0x1485dd520>"}')
debug_merge_point(0, 0, '155<main.rpyeffect:155([method_putS2832@Name(handler2821)#312])>+1: {"op": "ShiftDyn". "out": 1. "n": 3. "label": 1}')
+1428: i32 = instance_ptr_eq(p4, ConstPtr(ptr31))
guard_true(i32, descr=<Guard0x1486220e0>) [p2, p7, p9, p11, p13, p15, p17, p19, p0, p1, p3, p4]
+1440: guard_nonnull(p0, descr=<Guard0x1486220b0>) [p2, p7, p9, p11, p13, p15, p17, p19, p0, p1, p3, p4]
+1452: guard_nonnull(p29, descr=<Guard0x148622080>) [p2, p7, p9, p11, p13, p15, p17, p19, p0, p1, p3, p4]
+1460: i33 = getfield_gc_i(p0, descr=<FieldS rpyeffect.stack.Label.inst_origin 8 pure>)
+1468: guard_value(i33, 160772, descr=<Guard0x148622050>) [p2, p7, p9, p11, p13, p15, p17, p19, p0, p1, p3, p4]
+1484: i35 = getfield_gc_i(p29, descr=<FieldS rpyeffect.stack.Label.inst_origin 8 pure>)
+1488: guard_value(i35, 160772, descr=<Guard0x148622020>) [p2, p7, p9, p11, p13, p15, p17, p19, p0, p1, p3, p4]
+1504: i37 = instance_ptr_eq(p0, p29)
guard_false(i37, descr=<Guard0x14861bfd0>) [p2, p7, p9, p11, p13, p15, p17, p19, p0, p1, p3, p4]
+1512: p38 = getfield_gc_r(p3, descr=<FieldP rpyeffect.stack.MetaStack.inst_region 24 pure>)
+1520: guard_isnull(p38, descr=<Guard0x14861bfa0>) [p2, p7, p9, p11, p13, p15, p17, p19, p0, p1, p3, p4]
+1528: p39 = getfield_gc_r(p3, descr=<FieldP rpyeffect.stack.MetaStack.inst_label 16 pure>)
+1532: guard_nonnull(p39, descr=<Guard0x14861bf70>) [p2, p7, p9, p11, p13, p15, p17, p19, p0, p1, p3, p4]
+1540: i40 = getfield_gc_i(p39, descr=<FieldS rpyeffect.stack.Label.inst_origin 8 pure>)
+1544: guard_value(i40, 160768, descr=<Guard0x14861bf40>) [p2, p7, p9, p11, p13, p15, p17, p19, p0, p1, p3, p4]
+1560: p42 = getfield_gc_r(p3, descr=<FieldP rpyeffect.stack.MetaStack.inst_tail 32 pure>)
+1564: p43 = getfield_gc_r(p42, descr=<FieldP rpyeffect.stack.MetaStack.inst_region 24 pure>)
+1568: guard_isnull(p43, descr=<Guard0x14861bf10>) [p2, p7, p9, p11, p13, p15, p17, p19, p0, p1, p3, p4]
+1576: p44 = getfield_gc_r(p42, descr=<FieldP rpyeffect.stack.MetaStack.inst_label 16 pure>)
+1580: guard_nonnull(p44, descr=<Guard0x14861bee0>) [p2, p7, p9, p11, p13, p15, p17, p19, p0, p1, p3, p4]
+1588: i45 = getfield_gc_i(p44, descr=<FieldS rpyeffect.stack.Label.inst_origin 8 pure>)
+1592: guard_value(i45, 160772, descr=<Guard0x14861beb0>) [p2, p7, p9, p11, p13, p15, p17, p19, p0, p1, p3, p4]
+1608: i47 = instance_ptr_eq(p44, p29)
guard_false(i47, descr=<Guard0x14861be80>) [p2, p7, p9, p11, p13, p15, p17, p19, p0, p1, p3, p4]
+1616: p48 = getfield_gc_r(p42, descr=<FieldP rpyeffect.stack.MetaStack.inst_tail 32 pure>)
+1620: p49 = getfield_gc_r(p48, descr=<FieldP rpyeffect.stack.MetaStack.inst_region 24 pure>)
+1624: guard_isnull(p49, descr=<Guard0x14861be50>) [p2, p7, p9, p11, p13, p15, p17, p19, p0, p1, p3, p4]
+1632: p50 = getfield_gc_r(p48, descr=<FieldP rpyeffect.stack.MetaStack.inst_label 16 pure>)
+1636: guard_nonnull(p50, descr=<Guard0x14861be20>) [p2, p7, p9, p11, p13, p15, p17, p19, p0, p1, p3, p4]
+1644: i51 = getfield_gc_i(p50, descr=<FieldS rpyeffect.stack.Label.inst_origin 8 pure>)
+1652: guard_value(i51, 160768, descr=<Guard0x14861bdf0>) [p2, p7, p9, p11, p13, p15, p17, p19, p0, p1, p3, p4]
+1672: p53 = getfield_gc_r(p48, descr=<FieldP rpyeffect.stack.MetaStack.inst_tail 32 pure>)
+1676: p54 = getfield_gc_r(p53, descr=<FieldP rpyeffect.stack.MetaStack.inst_region 24 pure>)
+1680: guard_isnull(p54, descr=<Guard0x14861bdc0>) [p2, p7, p9, p11, p13, p15, p17, p19, p0, p1, p3, p4]
+1688: p55 = getfield_gc_r(p53, descr=<FieldP rpyeffect.stack.MetaStack.inst_label 16 pure>)
+1692: guard_nonnull(p55, descr=<Guard0x14861bd90>) [p2, p7, p9, p11, p13, p15, p17, p19, p0, p1, p3, p4]
+1700: i56 = getfield_gc_i(p55, descr=<FieldS rpyeffect.stack.Label.inst_origin 8 pure>)
+1708: guard_value(i56, 160772, descr=<Guard0x14861bd60>) [p2, p7, p9, p11, p13, p15, p17, p19, p0, p1, p3, p4]
+1728: i58 = instance_ptr_eq(p55, p29)
guard_false(i58, descr=<Guard0x14861bd30>) [p2, p7, p9, p11, p13, p15, p17, p19, p0, p1, p3, p4]
+1736: p59 = getfield_gc_r(p53, descr=<FieldP rpyeffect.stack.MetaStack.inst_tail 32 pure>)
+1740: p60 = getfield_gc_r(p59, descr=<FieldP rpyeffect.stack.MetaStack.inst_region 24 pure>)
+1744: guard_isnull(p60, descr=<Guard0x14861bd00>) [p2, p7, p9, p11, p13, p15, p17, p19, p0, p1, p3, p4]
+1752: p61 = getfield_gc_r(p59, descr=<FieldP rpyeffect.stack.MetaStack.inst_label 16 pure>)
+1756: guard_nonnull(p61, descr=<Guard0x14861bcd0>) [p2, p7, p9, p11, p13, p15, p17, p19, p0, p1, p3, p4]
+1764: i62 = getfield_gc_i(p61, descr=<FieldS rpyeffect.stack.Label.inst_origin 8 pure>)
+1772: guard_value(i62, 160768, descr=<Guard0x14861bca0>) [p2, p7, p9, p11, p13, p15, p17, p19, p0, p1, p3, p4]
+1792: p64 = getfield_gc_r(p59, descr=<FieldP rpyeffect.stack.MetaStack.inst_tail 32 pure>)
+1796: p65 = getfield_gc_r(p64, descr=<FieldP rpyeffect.stack.MetaStack.inst_region 24 pure>)
+1800: guard_isnull(p65, descr=<Guard0x14861bc70>) [p2, p7, p9, p11, p13, p15, p17, p19, p0, p1, p3, p4]
+1808: p66 = getfield_gc_r(p64, descr=<FieldP rpyeffect.stack.MetaStack.inst_label 16 pure>)
+1812: guard_nonnull(p66, descr=<Guard0x14861bc40>) [p2, p7, p9, p11, p13, p15, p17, p19, p0, p1, p3, p4]
+1820: i67 = getfield_gc_i(p66, descr=<FieldS rpyeffect.stack.Label.inst_origin 8 pure>)
+1828: guard_value(i67, 160772, descr=<Guard0x14861bc10>) [p2, p7, p9, p11, p13, p15, p17, p19, p0, p1, p3, p4]
+1844: i69 = instance_ptr_eq(p66, p29)
guard_false(i69, descr=<Guard0x14861bbe0>) [p2, p7, p9, p11, p13, p15, p17, p19, p0, p1, p3, p4]
+1852: p70 = getfield_gc_r(p64, descr=<FieldP rpyeffect.stack.MetaStack.inst_tail 32 pure>)
+1856: p71 = getfield_gc_r(p70, descr=<FieldP rpyeffect.stack.MetaStack.inst_region 24 pure>)
+1860: guard_isnull(p71, descr=<Guard0x14861bbb0>) [p2, p7, p9, p11, p13, p15, p17, p19, p0, p1, p3, p4]
+1868: p72 = getfield_gc_r(p70, descr=<FieldP rpyeffect.stack.MetaStack.inst_label 16 pure>)
+1872: guard_nonnull(p72, descr=<Guard0x14861bb80>) [p2, p7, p9, p11, p13, p15, p17, p19, p0, p1, p3, p4]
+1880: i73 = getfield_gc_i(p72, descr=<FieldS rpyeffect.stack.Label.inst_origin 8 pure>)
+1888: guard_value(i73, 160768, descr=<Guard0x14861bb50>) [p2, p7, p9, p11, p13, p15, p17, p19, p0, p1, p3, p4]
+1904: p75 = getfield_gc_r(p70, descr=<FieldP rpyeffect.stack.MetaStack.inst_tail 32 pure>)
+1908: p76 = getfield_gc_r(p75, descr=<FieldP rpyeffect.stack.MetaStack.inst_region 24 pure>)
+1912: guard_isnull(p76, descr=<Guard0x14861bb20>) [p2, p7, p9, p11, p13, p15, p17, p19, p0, p1, p3, p4]
+1920: p77 = getfield_gc_r(p75, descr=<FieldP rpyeffect.stack.MetaStack.inst_label 16 pure>)
+1924: guard_nonnull(p77, descr=<Guard0x14861baf0>) [p2, p7, p9, p11, p13, p15, p17, p19, p0, p1, p3, p4]
+1932: i78 = getfield_gc_i(p77, descr=<FieldS rpyeffect.stack.Label.inst_origin 8 pure>)
+1940: guard_value(i78, 160772, descr=<Guard0x14861bac0>) [p2, p7, p9, p11, p13, p15, p17, p19, p0, p1, p3, p4]
+1960: i80 = instance_ptr_eq(p77, p29)
guard_false(i80, descr=<Guard0x14861ba90>) [p2, p7, p9, p11, p13, p15, p17, p19, p0, p1, p3, p4]
+1968: p81 = getfield_gc_r(p75, descr=<FieldP rpyeffect.stack.MetaStack.inst_tail 32 pure>)
+1972: p82 = getfield_gc_r(p81, descr=<FieldP rpyeffect.stack.MetaStack.inst_region 24 pure>)
+1976: guard_isnull(p82, descr=<Guard0x14861ba60>) [p2, p7, p9, p11, p13, p15, p17, p19, p0, p1, p3, p4]
+1984: p83 = getfield_gc_r(p81, descr=<FieldP rpyeffect.stack.MetaStack.inst_label 16 pure>)
+1988: guard_nonnull(p83, descr=<Guard0x14861ba30>) [p2, p7, p9, p11, p13, p15, p17, p19, p0, p1, p3, p4]
+1996: i84 = getfield_gc_i(p83, descr=<FieldS rpyeffect.stack.Label.inst_origin 8 pure>)
+2004: guard_value(i84, 160768, descr=<Guard0x14861ba00>) [p2, p7, p9, p11, p13, p15, p17, p19, p0, p1, p3, p4]
+2024: p86 = getfield_gc_r(p81, descr=<FieldP rpyeffect.stack.MetaStack.inst_tail 32 pure>)
+2028: p87 = getfield_gc_r(p86, descr=<FieldP rpyeffect.stack.MetaStack.inst_region 24 pure>)
+2032: guard_isnull(p87, descr=<Guard0x14861b9d0>) [p2, p7, p9, p11, p13, p15, p17, p19, p0, p1, p3, p4]
+2040: p88 = getfield_gc_r(p86, descr=<FieldP rpyeffect.stack.MetaStack.inst_label 16 pure>)
+2044: guard_nonnull(p88, descr=<Guard0x14861b9a0>) [p2, p7, p9, p11, p13, p15, p17, p19, p0, p1, p3, p4]
+2052: i89 = getfield_gc_i(p88, descr=<FieldS rpyeffect.stack.Label.inst_origin 8 pure>)
+2060: guard_value(i89, 160772, descr=<Guard0x14861b970>) [p2, p7, p9, p11, p13, p15, p17, p19, p0, p1, p3, p4]
+2076: i91 = instance_ptr_eq(p88, p29)
guard_false(i91, descr=<Guard0x14861b940>) [p2, p7, p9, p11, p13, p15, p17, p19, p0, p1, p3, p4]
+2084: p92 = getfield_gc_r(p86, descr=<FieldP rpyeffect.stack.MetaStack.inst_tail 32 pure>)
+2088: p93 = getfield_gc_r(p92, descr=<FieldP rpyeffect.stack.MetaStack.inst_region 24 pure>)
+2092: guard_isnull(p93, descr=<Guard0x14861b910>) [p2, p7, p9, p11, p13, p15, p17, p19, p0, p1, p3, p4]
+2100: p94 = getfield_gc_r(p92, descr=<FieldP rpyeffect.stack.MetaStack.inst_label 16 pure>)
+2104: guard_nonnull(p94, descr=<Guard0x14861b8e0>) [p2, p7, p9, p11, p13, p15, p17, p19, p0, p1, p3, p4]
+2112: i95 = getfield_gc_i(p94, descr=<FieldS rpyeffect.stack.Label.inst_origin 8 pure>)
+2120: guard_value(i95, 160768, descr=<Guard0x14861b8b0>) [p2, p7, p9, p11, p13, p15, p17, p19, p0, p1, p3, p4]
+2140: p97 = getfield_gc_r(p92, descr=<FieldP rpyeffect.stack.MetaStack.inst_tail 32 pure>)
+2144: p98 = getfield_gc_r(p97, descr=<FieldP rpyeffect.stack.MetaStack.inst_region 24 pure>)
+2148: guard_isnull(p98, descr=<Guard0x14861b880>) [p2, p7, p9, p11, p13, p15, p17, p19, p0, p1, p3, p4]
+2156: p99 = getfield_gc_r(p97, descr=<FieldP rpyeffect.stack.MetaStack.inst_label 16 pure>)
+2160: guard_nonnull(p99, descr=<Guard0x14861b850>) [p2, p7, p9, p11, p13, p15, p17, p19, p0, p1, p3, p4]
+2168: i100 = getfield_gc_i(p99, descr=<FieldS rpyeffect.stack.Label.inst_origin 8 pure>)
+2176: guard_value(i100, 160772, descr=<Guard0x14861b820>) [p2, p7, p9, p11, p13, p15, p17, p19, p0, p1, p3, p4]
+2196: i102 = instance_ptr_eq(p99, p29)
guard_false(i102, descr=<Guard0x14861b7f0>) [p2, p7, p9, p11, p13, p15, p17, p19, p0, p1, p3, p4]
+2204: p103 = getfield_gc_r(p97, descr=<FieldP rpyeffect.stack.MetaStack.inst_tail 32 pure>)
+2208: p104 = getfield_gc_r(p103, descr=<FieldP rpyeffect.stack.MetaStack.inst_region 24 pure>)
+2212: guard_isnull(p104, descr=<Guard0x14861b7c0>) [p2, p7, p9, p11, p13, p15, p17, p19, p0, p1, p3, p4]
+2220: p105 = getfield_gc_r(p103, descr=<FieldP rpyeffect.stack.MetaStack.inst_label 16 pure>)
+2224: guard_nonnull(p105, descr=<Guard0x14861b790>) [p2, p7, p9, p11, p13, p15, p17, p19, p0, p1, p3, p4]
+2232: i106 = getfield_gc_i(p105, descr=<FieldS rpyeffect.stack.Label.inst_origin 8 pure>)
+2240: guard_value(i106, 160768, descr=<Guard0x14861b760>) [p2, p7, p9, p11, p13, p15, p17, p19, p0, p1, p3, p4]
+2260: p108 = getfield_gc_r(p103, descr=<FieldP rpyeffect.stack.MetaStack.inst_tail 32 pure>)
+2264: p109 = getfield_gc_r(p108, descr=<FieldP rpyeffect.stack.MetaStack.inst_region 24 pure>)
+2268: guard_isnull(p109, descr=<Guard0x14861b730>) [p2, p7, p9, p11, p13, p15, p17, p19, p0, p1, p3, p4]
+2276: p110 = getfield_gc_r(p108, descr=<FieldP rpyeffect.stack.MetaStack.inst_label 16 pure>)
+2280: guard_nonnull(p110, descr=<Guard0x14861b700>) [p2, p7, p9, p11, p13, p15, p17, p19, p0, p1, p3, p4]
+2288: i111 = getfield_gc_i(p110, descr=<FieldS rpyeffect.stack.Label.inst_origin 8 pure>)
+2292: guard_value(i111, 160772, descr=<Guard0x14861b6d0>) [p2, p7, p9, p11, p13, p15, p17, p19, p0, p1, p3, p4]
+2312: i113 = instance_ptr_eq(p110, p29)
guard_false(i113, descr=<Guard0x14861b6a0>) [p2, p7, p9, p11, p13, p15, p17, p19, p0, p1, p3, p4]
+2320: p114 = getfield_gc_r(p108, descr=<FieldP rpyeffect.stack.MetaStack.inst_tail 32 pure>)
+2324: p115 = getfield_gc_r(p114, descr=<FieldP rpyeffect.stack.MetaStack.inst_region 24 pure>)
+2328: guard_isnull(p115, descr=<Guard0x14861b670>) [p2, p7, p9, p11, p13, p15, p17, p19, p0, p1, p3, p4]
+2336: p116 = getfield_gc_r(p114, descr=<FieldP rpyeffect.stack.MetaStack.inst_label 16 pure>)
+2340: guard_nonnull(p116, descr=<Guard0x14861b640>) [p2, p7, p9, p11, p13, p15, p17, p19, p0, p1, p3, p4]
+2348: i117 = getfield_gc_i(p116, descr=<FieldS rpyeffect.stack.Label.inst_origin 8 pure>)
+2356: guard_value(i117, 160768, descr=<Guard0x14861b610>) [p2, p7, p9, p11, p13, p15, p17, p19, p0, p1, p3, p4]
+2376: p119 = getfield_gc_r(p114, descr=<FieldP rpyeffect.stack.MetaStack.inst_tail 32 pure>)
+2380: p120 = getfield_gc_r(p119, descr=<FieldP rpyeffect.stack.MetaStack.inst_region 24 pure>)
+2384: guard_isnull(p120, descr=<Guard0x14861b5e0>) [p2, p7, p9, p11, p13, p15, p17, p19, p0, p1, p3, p4]
+2392: p121 = getfield_gc_r(p119, descr=<FieldP rpyeffect.stack.MetaStack.inst_label 16 pure>)
+2396: guard_nonnull(p121, descr=<Guard0x14861b5b0>) [p2, p7, p9, p11, p13, p15, p17, p19, p0, p1, p3, p4]
+2404: i122 = getfield_gc_i(p121, descr=<FieldS rpyeffect.stack.Label.inst_origin 8 pure>)
+2412: guard_value(i122, 160772, descr=<Guard0x14861b580>) [p2, p7, p9, p11, p13, p15, p17, p19, p0, p1, p3, p4]
+2432: i124 = instance_ptr_eq(p121, p29)
guard_false(i124, descr=<Guard0x14861b550>) [p2, p7, p9, p11, p13, p15, p17, p19, p0, p1, p3, p4]
+2440: p125 = getfield_gc_r(p119, descr=<FieldP rpyeffect.stack.MetaStack.inst_tail 32 pure>)
+2444: p126 = getfield_gc_r(p125, descr=<FieldP rpyeffect.stack.MetaStack.inst_region 24 pure>)
+2448: guard_isnull(p126, descr=<Guard0x14861b520>) [p2, p7, p9, p11, p13, p15, p17, p19, p0, p1, p3, p4]
+2456: p127 = getfield_gc_r(p125, descr=<FieldP rpyeffect.stack.MetaStack.inst_label 16 pure>)
+2460: guard_nonnull(p127, descr=<Guard0x14861b4f0>) [p2, p7, p9, p11, p13, p15, p17, p19, p0, p1, p3, p4]
+2468: i128 = getfield_gc_i(p127, descr=<FieldS rpyeffect.stack.Label.inst_origin 8 pure>)
+2476: guard_value(i128, 160768, descr=<Guard0x14861b4c0>) [p2, p7, p9, p11, p13, p15, p17, p19, p0, p1, p3, p4]
+2496: p130 = getfield_gc_r(p125, descr=<FieldP rpyeffect.stack.MetaStack.inst_tail 32 pure>)
+2500: p131 = getfield_gc_r(p130, descr=<FieldP rpyeffect.stack.MetaStack.inst_region 24 pure>)
+2504: guard_isnull(p131, descr=<Guard0x14861b490>) [p2, p7, p9, p11, p13, p15, p17, p19, p0, p1, p3, p4]
+2512: p132 = getfield_gc_r(p130, descr=<FieldP rpyeffect.stack.MetaStack.inst_label 16 pure>)
+2516: guard_nonnull(p132, descr=<Guard0x14861b460>) [p2, p7, p9, p11, p13, p15, p17, p19, p0, p1, p3, p4]
+2524: i133 = getfield_gc_i(p132, descr=<FieldS rpyeffect.stack.Label.inst_origin 8 pure>)
+2532: guard_value(i133, 160772, descr=<Guard0x14861b430>) [p2, p7, p9, p11, p13, p15, p17, p19, p0, p1, p3, p4]
+2552: i135 = instance_ptr_eq(p132, p29)
guard_false(i135, descr=<Guard0x14861b400>) [p2, p7, p9, p11, p13, p15, p17, p19, p0, p1, p3, p4]
+2560: p136 = getfield_gc_r(p130, descr=<FieldP rpyeffect.stack.MetaStack.inst_tail 32 pure>)
+2564: p137 = getfield_gc_r(p136, descr=<FieldP rpyeffect.stack.MetaStack.inst_region 24 pure>)
+2568: guard_isnull(p137, descr=<Guard0x14861b3d0>) [p2, p7, p9, p11, p13, p15, p17, p19, p0, p1, p3, p4]
+2576: p138 = getfield_gc_r(p136, descr=<FieldP rpyeffect.stack.MetaStack.inst_label 16 pure>)
+2580: guard_nonnull(p138, descr=<Guard0x14861b3a0>) [p2, p7, p9, p11, p13, p15, p17, p19, p0, p1, p3, p4]
+2588: i139 = getfield_gc_i(p138, descr=<FieldS rpyeffect.stack.Label.inst_origin 8 pure>)
+2596: guard_value(i139, 160768, descr=<Guard0x14861b370>) [p2, p7, p9, p11, p13, p15, p17, p19, p0, p1, p3, p4]
+2616: p141 = getfield_gc_r(p136, descr=<FieldP rpyeffect.stack.MetaStack.inst_tail 32 pure>)
+2620: p142 = getfield_gc_r(p141, descr=<FieldP rpyeffect.stack.MetaStack.inst_region 24 pure>)
+2624: guard_isnull(p142, descr=<Guard0x14861b340>) [p2, p7, p9, p11, p13, p15, p17, p19, p0, p1, p3, p4]
+2632: p143 = getfield_gc_r(p141, descr=<FieldP rpyeffect.stack.MetaStack.inst_label 16 pure>)
+2636: guard_nonnull(p143, descr=<Guard0x14861b310>) [p2, p7, p9, p11, p13, p15, p17, p19, p0, p1, p3, p4]
+2644: i144 = getfield_gc_i(p143, descr=<FieldS rpyeffect.stack.Label.inst_origin 8 pure>)
+2652: guard_value(i144, 160772, descr=<Guard0x14861b2e0>) [p2, p7, p9, p11, p13, p15, p17, p19, p0, p1, p3, p4]
+2672: i146 = instance_ptr_eq(p143, p29)
guard_true(i146, descr=<Guard0x14861b2b0>) [p2, p7, p9, p11, p13, p15, p17, p19, p0, p1, p3, p4]
+2680: p147 = getfield_gc_r(p141, descr=<FieldP rpyeffect.stack.MetaStackLike.inst_stack 8 pure>)
+2684: guard_class(p141, 4373833520, descr=<Guard0x14861b280>) [p2, p7, p9, p11, p13, p15, p17, p19, p0, p1, p3, p4]
+2700: p149 = getfield_gc_r(p141, descr=<FieldP rpyeffect.stack.MetaStack.inst_tail 32 pure>)
+2704: p150 = getfield_gc_r(p136, descr=<FieldP rpyeffect.stack.MetaStackLike.inst_stack 8 pure>)
+2708: guard_class(p136, 4373833520, descr=<Guard0x14861b250>) [p2, p7, p9, p11, p13, p15, p17, p19, p0, p1, p3, p4]
+2724: p152 = getfield_gc_r(p130, descr=<FieldP rpyeffect.stack.MetaStackLike.inst_stack 8 pure>)
+2728: guard_class(p130, 4373833520, descr=<Guard0x14861b220>) [p2, p7, p9, p11, p13, p15, p17, p19, p0, p1, p3, p4]
+2744: p154 = getfield_gc_r(p125, descr=<FieldP rpyeffect.stack.MetaStackLike.inst_stack 8 pure>)
+2748: guard_class(p125, 4373833520, descr=<Guard0x14861b1f0>) [p2, p7, p9, p11, p13, p15, p17, p19, p0, p1, p3, p4]
+2764: p156 = getfield_gc_r(p119, descr=<FieldP rpyeffect.stack.MetaStackLike.inst_stack 8 pure>)
+2768: guard_class(p119, 4373833520, descr=<Guard0x14861b1c0>) [p2, p7, p9, p11, p13, p15, p17, p19, p0, p1, p3, p4]
+2784: p158 = getfield_gc_r(p114, descr=<FieldP rpyeffect.stack.MetaStackLike.inst_stack 8 pure>)
+2788: guard_class(p114, 4373833520, descr=<Guard0x14861b190>) [p2, p7, p9, p11, p13, p15, p17, p19, p0, p1, p3, p4]
+2804: p160 = getfield_gc_r(p108, descr=<FieldP rpyeffect.stack.MetaStackLike.inst_stack 8 pure>)
+2808: guard_class(p108, 4373833520, descr=<Guard0x14861b160>) [p2, p7, p9, p11, p13, p15, p17, p19, p0, p1, p3, p4]
+2824: p162 = getfield_gc_r(p103, descr=<FieldP rpyeffect.stack.MetaStackLike.inst_stack 8 pure>)
+2828: guard_class(p103, 4373833520, descr=<Guard0x14861b130>) [p2, p7, p9, p11, p13, p15, p17, p19, p0, p1, p3, p4]
+2844: p164 = getfield_gc_r(p97, descr=<FieldP rpyeffect.stack.MetaStackLike.inst_stack 8 pure>)
+2848: guard_class(p97, 4373833520, descr=<Guard0x14861b100>) [p2, p7, p9, p11, p13, p15, p17, p19, p0, p1, p3, p4]
+2864: p166 = getfield_gc_r(p92, descr=<FieldP rpyeffect.stack.MetaStackLike.inst_stack 8 pure>)
+2868: guard_class(p92, 4373833520, descr=<Guard0x14861b0d0>) [p2, p7, p9, p11, p13, p15, p17, p19, p0, p1, p3, p4]
+2884: p168 = getfield_gc_r(p86, descr=<FieldP rpyeffect.stack.MetaStackLike.inst_stack 8 pure>)
+2888: guard_class(p86, 4373833520, descr=<Guard0x14861b0a0>) [p2, p7, p9, p11, p13, p15, p17, p19, p0, p1, p3, p4]
+2904: p170 = getfield_gc_r(p81, descr=<FieldP rpyeffect.stack.MetaStackLike.inst_stack 8 pure>)
+2908: guard_class(p81, 4373833520, descr=<Guard0x14861b070>) [p2, p7, p9, p11, p13, p15, p17, p19, p0, p1, p3, p4]
+2924: p172 = getfield_gc_r(p75, descr=<FieldP rpyeffect.stack.MetaStackLike.inst_stack 8 pure>)
+2936: guard_class(p75, 4373833520, descr=<Guard0x14861b040>) [p2, p7, p9, p11, p13, p15, p17, p19, p0, p1, p3, p4]
+2952: p174 = getfield_gc_r(p70, descr=<FieldP rpyeffect.stack.MetaStackLike.inst_stack 8 pure>)
+2964: guard_class(p70, 4373833520, descr=<Guard0x14861b010>) [p2, p7, p9, p11, p13, p15, p17, p19, p0, p1, p3, p4]
+2980: p176 = getfield_gc_r(p64, descr=<FieldP rpyeffect.stack.MetaStackLike.inst_stack 8 pure>)
+2992: guard_class(p64, 4373833520, descr=<Guard0x14861afe0>) [p2, p7, p9, p11, p13, p15, p17, p19, p0, p1, p3, p4]
+3008: p178 = getfield_gc_r(p59, descr=<FieldP rpyeffect.stack.MetaStackLike.inst_stack 8 pure>)
+3020: guard_class(p59, 4373833520, descr=<Guard0x14861afb0>) [p2, p7, p9, p11, p13, p15, p17, p19, p0, p1, p3, p4]
+3036: p180 = getfield_gc_r(p53, descr=<FieldP rpyeffect.stack.MetaStackLike.inst_stack 8 pure>)
+3048: guard_class(p53, 4373833520, descr=<Guard0x14861af80>) [p2, p7, p9, p11, p13, p15, p17, p19, p0, p1, p3, p4]
+3064: p182 = getfield_gc_r(p48, descr=<FieldP rpyeffect.stack.MetaStackLike.inst_stack 8 pure>)
+3076: guard_class(p48, 4373833520, descr=<Guard0x14861af50>) [p2, p7, p9, p11, p13, p15, p17, p19, p0, p1, p3, p4]
+3092: p184 = getfield_gc_r(p42, descr=<FieldP rpyeffect.stack.MetaStackLike.inst_stack 8 pure>)
+3104: guard_class(p42, 4373833520, descr=<Guard0x14861af20>) [p2, p7, p9, p11, p13, p15, p17, p19, p0, p1, p3, p4]
+3120: p186 = getfield_gc_r(p3, descr=<FieldP rpyeffect.stack.MetaStackLike.inst_stack 8 pure>)
+3132: guard_class(p3, 4373833520, descr=<Guard0x14861aef0>) [p2, p7, p9, p11, p13, p15, p17, p19, p0, p1, p3, p4]
+3148: guard_nonnull_class(p149, 4373833520, descr=<Guard0x1485eb070>) [p2, p7, p9, p11, p13, p15, p17, p19, p0, p1, p3, p4]
+3172: p189 = getfield_gc_r(p149, descr=<FieldP rpyeffect.stack.MetaStackLike.inst_stack 8 pure>)
+3180: p190 = getfield_gc_r(p149, descr=<FieldP rpyeffect.stack.MetaStack.inst_label 16 pure>)
+3188: p191 = getfield_gc_r(p149, descr=<FieldP rpyeffect.stack.MetaStack.inst_tail 32 pure>)
debug_merge_point(0, 0, '155<main.rpyeffect:155([method_putS2832@Name(handler2821)#312])>+2: {"op": "Store". "ref": 2. "type": "any". "value": 0}')
+3192: p192 = getfield_gc_r(p30, descr=<FieldP rpyeffect.region.Ref.inst_allocation_site 8 pure>)
+3216: guard_value(p192, ConstPtr(ptr193), descr=<Guard0x14861aec0>) [p2, p7, p9, p11, p13, p15, p17, p19, p0, p1, p3, p4]
+3224: p194 = getfield_gc_r(p30, descr=<FieldP rpyeffect.region.Ref.inst_value 16>)
debug_merge_point(0, 0, '155<main.rpyeffect:155([method_putS2832@Name(handler2821)#312])>+3: {"op": "Construct". "out": 0. "type": Interned(Unit). "tag": Interned(unit). "args": {"any": []}}')
debug_merge_point(0, 0, '155<main.rpyeffect:155([method_putS2832@Name(handler2821)#312])>+4: {"op": "Construct". "out": 0. "type": Interned(Unit). "tag": Interned(unit). "args": {"any": []}}')
debug_merge_point(0, 0, '155<main.rpyeffect:155([method_putS2832@Name(handler2821)#312])>+5: {"op": "Jump". "target": 148}')
debug_merge_point(0, 0, '148<main.rpyeffect:148(Name(resume2837))>+0: {"op": "PushStack". "arg": 1}')
debug_merge_point(0, 0, '148<main.rpyeffect:148(Name(resume2837))>+1: {"op": "Return". "args": {"any": [0]}}')
debug_merge_point(0, 0, '141<main.rpyeffect:141([k@[k@[then#286]#290]#293])>+0: {"op": "Copy". "type": "any". "from": 1. "to". 0}')
debug_merge_point(0, 0, '141<main.rpyeffect:141([k@[k@[then#286]#290]#293])>+1: {"op": "Jump". "target": 146}')
debug_merge_point(0, 0, '146<main.rpyeffect:146(Name(countdown2817))>+0: {"op": "Push". "target": 145. "args": {"any": [0]}}')
debug_merge_point(0, 0, '146<main.rpyeffect:146(Name(countdown2817))>+1: {"op": "Invoke". "receiver": 0. "tag": Interned(getS2830). "args" : {"any": []}}')
debug_merge_point(0, 0, '153<main.rpyeffect:153([method_getS2830@Name(handler2821)#306])>+0: {"op": "Const". "type": "ptr". "out": 2. "format": "int". "value": "<IntValue object at 0x1485dd560>"}')
debug_merge_point(0, 0, '153<main.rpyeffect:153([method_getS2830@Name(handler2821)#306])>+1: {"op": "ShiftDyn". "out": 0. "n": 2. "label": 0}')
+3228: setfield_gc(p194, i22, descr=<FieldS rpyeffect.value.UnboxedIntValueRef.inst_value 8>)
+3240: i195 = instance_ptr_eq(p0, p29)
guard_false(i195, descr=<Guard0x1485eaf50>) [p2, p29, p30, p15, p17, p19, p0, i195, p191, p190, p189, p143, p147, p138, p150, p132, p152, p127, p154, p121, p156, p116, p158, p110, p160, p105, p162, p99, p164, p94, p166, p88, p168, p83, p170, p77, p172, p72, p174, p66, p176, p61, p178, p55, p180, p50, p182, p44, p184, p39, p186, p25, p26]
+3268: i196 = instance_ptr_eq(p44, p29)
guard_false(i196, descr=<Guard0x14861ae90>) [p2, p29, p30, p15, p17, p19, p0, i195, p191, p190, p189, p143, p147, p138, p150, p132, p152, p127, p154, p121, p156, p116, p158, p110, p160, p105, p162, p99, p164, p94, p166, p88, p168, p83, p170, p77, p172, p72, p174, p66, p176, p61, p178, p55, p180, p50, p182, p44, p184, p39, p186, p25, p26]
+3280: i197 = instance_ptr_eq(p55, p29)
guard_false(i197, descr=<Guard0x14861ae60>) [p2, p29, p30, p15, p17, p19, p0, i195, p191, p190, p189, p143, p147, p138, p150, p132, p152, p127, p154, p121, p156, p116, p158, p110, p160, p105, p162, p99, p164, p94, p166, p88, p168, p83, p170, p77, p172, p72, p174, p66, p176, p61, p178, p55, p180, p50, p182, p44, p184, p39, p186, p25, p26]
+3296: i198 = instance_ptr_eq(p66, p29)
guard_false(i198, descr=<Guard0x14861ae30>) [p2, p29, p30, p15, p17, p19, p0, i195, p191, p190, p189, p143, p147, p138, p150, p132, p152, p127, p154, p121, p156, p116, p158, p110, p160, p105, p162, p99, p164, p94, p166, p88, p168, p83, p170, p77, p172, p72, p174, p66, p176, p61, p178, p55, p180, p50, p182, p44, p184, p39, p186, p25, p26]
+3312: i199 = instance_ptr_eq(p77, p29)
guard_false(i199, descr=<Guard0x14861ae00>) [p2, p29, p30, p15, p17, p19, p0, i195, p191, p190, p189, p143, p147, p138, p150, p132, p152, p127, p154, p121, p156, p116, p158, p110, p160, p105, p162, p99, p164, p94, p166, p88, p168, p83, p170, p77, p172, p72, p174, p66, p176, p61, p178, p55, p180, p50, p182, p44, p184, p39, p186, p25, p26]
+3328: i200 = instance_ptr_eq(p88, p29)
guard_false(i200, descr=<Guard0x14861add0>) [p2, p29, p30, p15, p17, p19, p0, i195, p191, p190, p189, p143, p147, p138, p150, p132, p152, p127, p154, p121, p156, p116, p158, p110, p160, p105, p162, p99, p164, p94, p166, p88, p168, p83, p170, p77, p172, p72, p174, p66, p176, p61, p178, p55, p180, p50, p182, p44, p184, p39, p186, p25, p26]
+3344: i201 = instance_ptr_eq(p99, p29)
guard_false(i201, descr=<Guard0x14861a950>) [p2, p29, p30, p15, p17, p19, p0, i195, p191, p190, p189, p143, p147, p138, p150, p132, p152, p127, p154, p121, p156, p116, p158, p110, p160, p105, p162, p99, p164, p94, p166, p88, p168, p83, p170, p77, p172, p72, p174, p66, p176, p61, p178, p55, p180, p50, p182, p44, p184, p39, p186, p25, p26]
+3360: i202 = instance_ptr_eq(p110, p29)
guard_false(i202, descr=<Guard0x1486309e0>) [p2, p29, p30, p15, p17, p19, p0, i195, p191, p190, p189, p143, p147, p138, p150, p132, p152, p127, p154, p121, p156, p116, p158, p110, p160, p105, p162, p99, p164, p94, p166, p88, p168, p83, p170, p77, p172, p72, p174, p66, p176, p61, p178, p55, p180, p50, p182, p44, p184, p39, p186, p25, p26]
+3376: i203 = instance_ptr_eq(p121, p29)
guard_false(i203, descr=<Guard0x148630a10>) [p2, p29, p30, p15, p17, p19, p0, i195, p191, p190, p189, p143, p147, p138, p150, p132, p152, p127, p154, p121, p156, p116, p158, p110, p160, p105, p162, p99, p164, p94, p166, p88, p168, p83, p170, p77, p172, p72, p174, p66, p176, p61, p178, p55, p180, p50, p182, p44, p184, p39, p186, p25, p26]
+3392: i204 = instance_ptr_eq(p132, p29)
guard_false(i204, descr=<Guard0x148630a40>) [p2, p29, p30, p15, p17, p19, p0, i195, p191, p190, p189, p143, p147, p138, p150, p132, p152, p127, p154, p121, p156, p116, p158, p110, p160, p105, p162, p99, p164, p94, p166, p88, p168, p83, p170, p77, p172, p72, p174, p66, p176, p61, p178, p55, p180, p50, p182, p44, p184, p39, p186, p25, p26]
+3408: i205 = instance_ptr_eq(p143, p29)
guard_true(i205, descr=<Guard0x148630a70>) [p2, p29, p30, p15, p17, p19, p0, i195, p191, p190, p189, p143, p147, p138, p150, p132, p152, p127, p154, p121, p156, p116, p158, p110, p160, p105, p162, p99, p164, p94, p166, p88, p168, p83, p170, p77, p172, p72, p174, p66, p176, p61, p178, p55, p180, p50, p182, p44, p184, p39, p186, p25, p26]
debug_merge_point(0, 0, '153<main.rpyeffect:153([method_getS2830@Name(handler2821)#306])>+2: {"op": "Load". "out": 1. "type": "any". "ref": 1}')
debug_merge_point(0, 0, '153<main.rpyeffect:153([method_getS2830@Name(handler2821)#306])>+3: {"op": "Swap". "type": "any". "a": 0. "b". 1}')
debug_merge_point(0, 0, '153<main.rpyeffect:153([method_getS2830@Name(handler2821)#306])>+4: {"op": "Jump". "target": 147}')
debug_merge_point(0, 0, '147<main.rpyeffect:147(Name(resume2835))>+0: {"op": "PushStack". "arg": 1}')
debug_merge_point(0, 0, '147<main.rpyeffect:147(Name(resume2835))>+1: {"op": "Return". "args": {"any": [0]}}')
debug_merge_point(0, 0, '145<main.rpyeffect:145([k@Name(countdown2817)#278])>+0: {"op": "Const". "type": "ptr". "out": 2. "format": "int". "value": "<IntValue object at 0x1485dd6a0>"}')
debug_merge_point(0, 0, '145<main.rpyeffect:145([k@Name(countdown2817)#278])>+1: {"op": "Push". "target": 144. "args": {"any": [1. 0]}}')
debug_merge_point(0, 0, '145<main.rpyeffect:145([k@Name(countdown2817)#278])>+2: {"op": "Copy". "type": "any". "from": 2. "to". 1}')
debug_merge_point(0, 0, '145<main.rpyeffect:145([k@Name(countdown2817)#278])>+3: {"op": "Jump". "target": 4}')
debug_merge_point(0, 0, '4<main.rpyeffect:4(Name(infixEq72))>+0: {"op": "PrimOp". "name": "infixEq(Int. Int): Boolean". "out": {"any": [0]}. "in": {"any": [0. 1]}}')
+3416: i207 = int_eq(i22, 0)
debug_merge_point(0, 0, '4<main.rpyeffect:4(Name(infixEq72))>+1: {"op": "Return". "args": {"any": [0]}}')
debug_merge_point(0, 0, '144<main.rpyeffect:144([k@[k@Name(countdown2817)#278]#282])>+0: {"op": "IfZero". "cond": 0. "then": {"tag": null. "target": 143. "args": {"any": []}}}')
guard_false(i207, descr=<Guard0x148630aa0>) [p2, p29, p30, p15, p17, p19, p0, i195, p191, p190, p189, p143, p147, p138, p150, p132, p152, p127, p154, p121, p156, p116, p158, p110, p160, p105, p162, p99, p164, p94, p166, p88, p168, p83, p170, p77, p172, p72, p174, p66, p176, p61, p178, p55, p180, p50, p182, p44, p184, p39, p186, p25, p26]
debug_merge_point(0, 0, '143<main.rpyeffect:143([then#286])>+0: {"op": "Const". "type": "ptr". "out": 0. "format": "int". "value": "<IntValue object at 0x1485dd710>"}')
debug_merge_point(0, 0, '143<main.rpyeffect:143([then#286])>+1: {"op": "Push". "target": 142. "args": {"any": [1]}}')
debug_merge_point(0, 0, '143<main.rpyeffect:143([then#286])>+2: {"op": "Copy". "type": "any". "from": 0. "to". 1}')
debug_merge_point(0, 0, '143<main.rpyeffect:143([then#286])>+3: {"op": "Copy". "type": "any". "from": 2. "to". 0}')
debug_merge_point(0, 0, '143<main.rpyeffect:143([then#286])>+4: {"op": "Jump". "target": 8}')
debug_merge_point(0, 0, '8<main.rpyeffect:8(Name(infixSub105))>+0: {"op": "PrimOp". "name": "infixSub(Int. Int): Int". "out": {"any": [0]}. "in": {"any": [0. 1]}}')
+3424: label(p0, p26, p25, p2, p186, p39, p184, p44, p182, p50, p180, p55, p178, p61, p176, p66, p174, p72, p172, p77, p170, p83, p168, p88, p166, p94, p164, p99, p162, p105, p160, p110, p158, p116, p156, p121, p154, p127, p152, p132, p150, p138, p147, p143, p189, p190, p191, i22, p15, p17, p19, p29, p30, p194, descr=TargetToken(5509143264))
debug_merge_point(0, 0, '8<main.rpyeffect:8(Name(infixSub105))>+0: {"op": "PrimOp". "name": "infixSub(Int. Int): Int". "out": {"any": [0]}. "in": {"any": [0. 1]}}')
+3424: guard_not_invalidated(descr=<Guard0x1485eb2f8>) [p2, p15, p17, p19, p0, p191, p190, p189, p143, p147, p138, p150, p132, p152, p127, p154, p121, p156, p116, p158, p110, p160, p105, p162, p99, p164, p94, p166, p88, p168, p83, p170, p77, p172, p72, p174, p66, p176, p61, p178, p55, p180, p50, p182, p44, p184, p39, p186, p25, p26, i22]
+3428: i209 = int_sub(i22, 1)
debug_merge_point(0, 0, '8<main.rpyeffect:8(Name(infixSub105))>+1: {"op": "Return". "args": {"any": [0]}}')
debug_merge_point(0, 0, '142<main.rpyeffect:142([k@[then#286]#290])>+0: {"op": "Push". "target": 141. "args": {"any": [1]}}')
debug_merge_point(0, 0, '142<main.rpyeffect:142([k@[then#286]#290])>+1: {"op": "Invoke". "receiver": 1. "tag": Interned(putS2832). "args" : {"any": [0]}}')
debug_merge_point(0, 0, '155<main.rpyeffect:155([method_putS2832@Name(handler2821)#312])>+0: {"op": "Const". "type": "ptr". "out": 3. "format": "int". "value": "<IntValue object at 0x1485dd520>"}')
debug_merge_point(0, 0, '155<main.rpyeffect:155([method_putS2832@Name(handler2821)#312])>+1: {"op": "ShiftDyn". "out": 1. "n": 3. "label": 1}')
+3432: i210 = instance_ptr_eq(p66, p29)
guard_false(i210, descr=<Guard0x148630ad0>) [p2, p15, p17, p19, p0, p191, p190, p189, p143, p147, p138, p150, p132, p152, p127, p154, p121, p156, p116, p158, p110, p160, p105, p162, p99, p164, p94, p166, p88, p168, p83, p170, p77, p172, p72, p174, p66, p176, p61, p178, p55, p180, p50, p182, p44, p184, p39, p186, p25, p26, i22]
+3440: i211 = instance_ptr_eq(p77, p29)
guard_false(i211, descr=<Guard0x148630b00>) [p2, p15, p17, p19, p0, p191, p190, p189, p143, p147, p138, p150, p132, p152, p127, p154, p121, p156, p116, p158, p110, p160, p105, p162, p99, p164, p94, p166, p88, p168, p83, p170, p77, p172, p72, p174, p66, p176, p61, p178, p55, p180, p50, p182, p44, p184, p39, p186, p25, p26, i22]
+3448: i212 = instance_ptr_eq(p88, p29)
guard_false(i212, descr=<Guard0x148630b30>) [p2, p15, p17, p19, p0, p191, p190, p189, p143, p147, p138, p150, p132, p152, p127, p154, p121, p156, p116, p158, p110, p160, p105, p162, p99, p164, p94, p166, p88, p168, p83, p170, p77, p172, p72, p174, p66, p176, p61, p178, p55, p180, p50, p182, p44, p184, p39, p186, p25, p26, i22]
+3456: i213 = instance_ptr_eq(p99, p29)
guard_false(i213, descr=<Guard0x148630b60>) [p2, p15, p17, p19, p0, p191, p190, p189, p143, p147, p138, p150, p132, p152, p127, p154, p121, p156, p116, p158, p110, p160, p105, p162, p99, p164, p94, p166, p88, p168, p83, p170, p77, p172, p72, p174, p66, p176, p61, p178, p55, p180, p50, p182, p44, p184, p39, p186, p25, p26, i22]
+3464: i214 = instance_ptr_eq(p110, p29)
guard_false(i214, descr=<Guard0x148630b90>) [p2, p15, p17, p19, p0, p191, p190, p189, p143, p147, p138, p150, p132, p152, p127, p154, p121, p156, p116, p158, p110, p160, p105, p162, p99, p164, p94, p166, p88, p168, p83, p170, p77, p172, p72, p174, p66, p176, p61, p178, p55, p180, p50, p182, p44, p184, p39, p186, p25, p26, i22]
+3472: i215 = instance_ptr_eq(p121, p29)
guard_false(i215, descr=<Guard0x148630bc0>) [p2, p15, p17, p19, p0, p191, p190, p189, p143, p147, p138, p150, p132, p152, p127, p154, p121, p156, p116, p158, p110, p160, p105, p162, p99, p164, p94, p166, p88, p168, p83, p170, p77, p172, p72, p174, p66, p176, p61, p178, p55, p180, p50, p182, p44, p184, p39, p186, p25, p26, i22]
+3480: i216 = instance_ptr_eq(p132, p29)
guard_false(i216, descr=<Guard0x148630bf0>) [p2, p15, p17, p19, p0, p191, p190, p189, p143, p147, p138, p150, p132, p152, p127, p154, p121, p156, p116, p158, p110, p160, p105, p162, p99, p164, p94, p166, p88, p168, p83, p170, p77, p172, p72, p174, p66, p176, p61, p178, p55, p180, p50, p182, p44, p184, p39, p186, p25, p26, i22]
+3488: i217 = instance_ptr_eq(p143, p29)
guard_true(i217, descr=<Guard0x148630c20>) [p2, p15, p17, p19, p0, p191, p190, p189, p143, p147, p138, p150, p132, p152, p127, p154, p121, p156, p116, p158, p110, p160, p105, p162, p99, p164, p94, p166, p88, p168, p83, p170, p77, p172, p72, p174, p66, p176, p61, p178, p55, p180, p50, p182, p44, p184, p39, p186, p25, p26, i22]
debug_merge_point(0, 0, '155<main.rpyeffect:155([method_putS2832@Name(handler2821)#312])>+2: {"op": "Store". "ref": 2. "type": "any". "value": 0}')
debug_merge_point(0, 0, '155<main.rpyeffect:155([method_putS2832@Name(handler2821)#312])>+3: {"op": "Construct". "out": 0. "type": Interned(Unit). "tag": Interned(unit). "args": {"any": []}}')
debug_merge_point(0, 0, '155<main.rpyeffect:155([method_putS2832@Name(handler2821)#312])>+4: {"op": "Construct". "out": 0. "type": Interned(Unit). "tag": Interned(unit). "args": {"any": []}}')
debug_merge_point(0, 0, '155<main.rpyeffect:155([method_putS2832@Name(handler2821)#312])>+5: {"op": "Jump". "target": 148}')
debug_merge_point(0, 0, '148<main.rpyeffect:148(Name(resume2837))>+0: {"op": "PushStack". "arg": 1}')
debug_merge_point(0, 0, '148<main.rpyeffect:148(Name(resume2837))>+1: {"op": "Return". "args": {"any": [0]}}')
debug_merge_point(0, 0, '141<main.rpyeffect:141([k@[k@[then#286]#290]#293])>+0: {"op": "Copy". "type": "any". "from": 1. "to". 0}')
debug_merge_point(0, 0, '141<main.rpyeffect:141([k@[k@[then#286]#290]#293])>+1: {"op": "Jump". "target": 146}')
debug_merge_point(0, 0, '146<main.rpyeffect:146(Name(countdown2817))>+0: {"op": "Push". "target": 145. "args": {"any": [0]}}')
debug_merge_point(0, 0, '146<main.rpyeffect:146(Name(countdown2817))>+1: {"op": "Invoke". "receiver": 0. "tag": Interned(getS2830). "args" : {"any": []}}')
debug_merge_point(0, 0, '153<main.rpyeffect:153([method_getS2830@Name(handler2821)#306])>+0: {"op": "Const". "type": "ptr". "out": 2. "format": "int". "value": "<IntValue object at 0x1485dd560>"}')
debug_merge_point(0, 0, '153<main.rpyeffect:153([method_getS2830@Name(handler2821)#306])>+1: {"op": "ShiftDyn". "out": 0. "n": 2. "label": 0}')
+3496: setfield_gc(p194, i209, descr=<FieldS rpyeffect.value.UnboxedIntValueRef.inst_value 8>)
+3504: i218 = instance_ptr_eq(p0, p29)
guard_false(i218, descr=<Guard0x1485eb340>) [p2, p29, p30, p15, p17, p19, p0, i218, p191, p190, p189, p143, p147, p138, p150, p132, p152, p127, p154, p121, p156, p116, p158, p110, p160, p105, p162, p99, p164, p94, p166, p88, p168, p83, p170, p77, p172, p72, p174, p66, p176, p61, p178, p55, p180, p50, p182, p44, p184, p39, p186, p25, p26, None]
+3520: i220 = instance_ptr_eq(p44, p29)
guard_false(i220, descr=<Guard0x148630c80>) [p2, p29, p30, p15, p17, p19, p0, i218, p191, p190, p189, p143, p147, p138, p150, p132, p152, p127, p154, p121, p156, p116, p158, p110, p160, p105, p162, p99, p164, p94, p166, p88, p168, p83, p170, p77, p172, p72, p174, p66, p176, p61, p178, p55, p180, p50, p182, p44, p184, p39, p186, p25, p26, None]
+3528: i221 = instance_ptr_eq(p55, p29)
guard_false(i221, descr=<Guard0x148630cb0>) [p2, p29, p30, p15, p17, p19, p0, i218, p191, p190, p189, p143, p147, p138, p150, p132, p152, p127, p154, p121, p156, p116, p158, p110, p160, p105, p162, p99, p164, p94, p166, p88, p168, p83, p170, p77, p172, p72, p174, p66, p176, p61, p178, p55, p180, p50, p182, p44, p184, p39, p186, p25, p26, None]
+3536: i222 = instance_ptr_eq(p66, p29)
guard_false(i222, descr=<Guard0x148630ce0>) [p2, p29, p30, p15, p17, p19, p0, i218, p191, p190, p189, p143, p147, p138, p150, p132, p152, p127, p154, p121, p156, p116, p158, p110, p160, p105, p162, p99, p164, p94, p166, p88, p168, p83, p170, p77, p172, p72, p174, p66, p176, p61, p178, p55, p180, p50, p182, p44, p184, p39, p186, p25, p26, None]
+3544: i223 = instance_ptr_eq(p77, p29)
guard_false(i223, descr=<Guard0x148630d10>) [p2, p29, p30, p15, p17, p19, p0, i218, p191, p190, p189, p143, p147, p138, p150, p132, p152, p127, p154, p121, p156, p116, p158, p110, p160, p105, p162, p99, p164, p94, p166, p88, p168, p83, p170, p77, p172, p72, p174, p66, p176, p61, p178, p55, p180, p50, p182, p44, p184, p39, p186, p25, p26, None]
+3552: i224 = instance_ptr_eq(p88, p29)
guard_false(i224, descr=<Guard0x148630d40>) [p2, p29, p30, p15, p17, p19, p0, i218, p191, p190, p189, p143, p147, p138, p150, p132, p152, p127, p154, p121, p156, p116, p158, p110, p160, p105, p162, p99, p164, p94, p166, p88, p168, p83, p170, p77, p172, p72, p174, p66, p176, p61, p178, p55, p180, p50, p182, p44, p184, p39, p186, p25, p26, None]
+3560: i225 = instance_ptr_eq(p99, p29)
guard_false(i225, descr=<Guard0x148630d70>) [p2, p29, p30, p15, p17, p19, p0, i218, p191, p190, p189, p143, p147, p138, p150, p132, p152, p127, p154, p121, p156, p116, p158, p110, p160, p105, p162, p99, p164, p94, p166, p88, p168, p83, p170, p77, p172, p72, p174, p66, p176, p61, p178, p55, p180, p50, p182, p44, p184, p39, p186, p25, p26, None]
+3568: i226 = instance_ptr_eq(p110, p29)
guard_false(i226, descr=<Guard0x148630da0>) [p2, p29, p30, p15, p17, p19, p0, i218, p191, p190, p189, p143, p147, p138, p150, p132, p152, p127, p154, p121, p156, p116, p158, p110, p160, p105, p162, p99, p164, p94, p166, p88, p168, p83, p170, p77, p172, p72, p174, p66, p176, p61, p178, p55, p180, p50, p182, p44, p184, p39, p186, p25, p26, None]
+3576: i227 = instance_ptr_eq(p121, p29)
guard_false(i227, descr=<Guard0x148630dd0>) [p2, p29, p30, p15, p17, p19, p0, i218, p191, p190, p189, p143, p147, p138, p150, p132, p152, p127, p154, p121, p156, p116, p158, p110, p160, p105, p162, p99, p164, p94, p166, p88, p168, p83, p170, p77, p172, p72, p174, p66, p176, p61, p178, p55, p180, p50, p182, p44, p184, p39, p186, p25, p26, None]
+3584: i228 = instance_ptr_eq(p132, p29)
guard_false(i228, descr=<Guard0x148630e00>) [p2, p29, p30, p15, p17, p19, p0, i218, p191, p190, p189, p143, p147, p138, p150, p132, p152, p127, p154, p121, p156, p116, p158, p110, p160, p105, p162, p99, p164, p94, p166, p88, p168, p83, p170, p77, p172, p72, p174, p66, p176, p61, p178, p55, p180, p50, p182, p44, p184, p39, p186, p25, p26, None]
+3592: i229 = instance_ptr_eq(p143, p29)
guard_true(i229, descr=<Guard0x148630e30>) [p2, p29, p30, p15, p17, p19, p0, i218, p191, p190, p189, p143, p147, p138, p150, p132, p152, p127, p154, p121, p156, p116, p158, p110, p160, p105, p162, p99, p164, p94, p166, p88, p168, p83, p170, p77, p172, p72, p174, p66, p176, p61, p178, p55, p180, p50, p182, p44, p184, p39, p186, p25, p26, None]
debug_merge_point(0, 0, '153<main.rpyeffect:153([method_getS2830@Name(handler2821)#306])>+2: {"op": "Load". "out": 1. "type": "any". "ref": 1}')
debug_merge_point(0, 0, '153<main.rpyeffect:153([method_getS2830@Name(handler2821)#306])>+3: {"op": "Swap". "type": "any". "a": 0. "b". 1}')
debug_merge_point(0, 0, '153<main.rpyeffect:153([method_getS2830@Name(handler2821)#306])>+4: {"op": "Jump". "target": 147}')
debug_merge_point(0, 0, '147<main.rpyeffect:147(Name(resume2835))>+0: {"op": "PushStack". "arg": 1}')
debug_merge_point(0, 0, '147<main.rpyeffect:147(Name(resume2835))>+1: {"op": "Return". "args": {"any": [0]}}')
debug_merge_point(0, 0, '145<main.rpyeffect:145([k@Name(countdown2817)#278])>+0: {"op": "Const". "type": "ptr". "out": 2. "format": "int". "value": "<IntValue object at 0x1485dd6a0>"}')
debug_merge_point(0, 0, '145<main.rpyeffect:145([k@Name(countdown2817)#278])>+1: {"op": "Push". "target": 144. "args": {"any": [1. 0]}}')
debug_merge_point(0, 0, '145<main.rpyeffect:145([k@Name(countdown2817)#278])>+2: {"op": "Copy". "type": "any". "from": 2. "to". 1}')
debug_merge_point(0, 0, '145<main.rpyeffect:145([k@Name(countdown2817)#278])>+3: {"op": "Jump". "target": 4}')
debug_merge_point(0, 0, '4<main.rpyeffect:4(Name(infixEq72))>+0: {"op": "PrimOp". "name": "infixEq(Int. Int): Boolean". "out": {"any": [0]}. "in": {"any": [0. 1]}}')
+3600: i231 = int_eq(i209, 0)
debug_merge_point(0, 0, '4<main.rpyeffect:4(Name(infixEq72))>+1: {"op": "Return". "args": {"any": [0]}}')
debug_merge_point(0, 0, '144<main.rpyeffect:144([k@[k@Name(countdown2817)#278]#282])>+0: {"op": "IfZero". "cond": 0. "then": {"tag": null. "target": 143. "args": {"any": []}}}')
guard_false(i231, descr=<Guard0x148630e60>) [p2, p29, p30, p15, p17, p19, p0, i218, p191, p190, p189, p143, p147, p138, p150, p132, p152, p127, p154, p121, p156, p116, p158, p110, p160, p105, p162, p99, p164, p94, p166, p88, p168, p83, p170, p77, p172, p72, p174, p66, p176, p61, p178, p55, p180, p50, p182, p44, p184, p39, p186, p25, p26, None]
debug_merge_point(0, 0, '143<main.rpyeffect:143([then#286])>+0: {"op": "Const". "type": "ptr". "out": 0. "format": "int". "value": "<IntValue object at 0x1485dd710>"}')
debug_merge_point(0, 0, '143<main.rpyeffect:143([then#286])>+1: {"op": "Push". "target": 142. "args": {"any": [1]}}')
debug_merge_point(0, 0, '143<main.rpyeffect:143([then#286])>+2: {"op": "Copy". "type": "any". "from": 0. "to". 1}')
debug_merge_point(0, 0, '143<main.rpyeffect:143([then#286])>+3: {"op": "Copy". "type": "any". "from": 2. "to". 0}')
debug_merge_point(0, 0, '143<main.rpyeffect:143([then#286])>+4: {"op": "Jump". "target": 8}')
debug_merge_point(0, 0, '8<main.rpyeffect:8(Name(infixSub105))>+0: {"op": "PrimOp". "name": "infixSub(Int. Int): Int". "out": {"any": [0]}. "in": {"any": [0. 1]}}')
+3608: i232 = instance_ptr_eq(p0, p29)
guard_false(i232, descr=<Guard0x1485eb388>) [p2, p15, p17, p19, p0, i209, p191, p190, p189, p143, p147, p138, p150, p132, p152, p127, p154, p121, p156, p116, p158, p110, p160, p105, p162, p99, p164, p94, p166, p88, p168, p83, p170, p77, p172, p72, p174, p66, p176, p61, p178, p55, p180, p50, p182, p44, p184, p39, p186, p25, p26, None]
+3616: i233 = instance_ptr_eq(p44, p29)
guard_false(i233, descr=<Guard0x1485eb3d0>) [p2, p15, p17, p19, p0, i209, p191, p190, p189, p143, p147, p138, p150, p132, p152, p127, p154, p121, p156, p116, p158, p110, p160, p105, p162, p99, p164, p94, p166, p88, p168, p83, p170, p77, p172, p72, p174, p66, p176, p61, p178, p55, p180, p50, p182, p44, p184, p39, p186, p25, p26, None]
+3624: i234 = instance_ptr_eq(p55, p29)
guard_false(i234, descr=<Guard0x1485eb418>) [p2, p15, p17, p19, p0, i209, p191, p190, p189, p143, p147, p138, p150, p132, p152, p127, p154, p121, p156, p116, p158, p110, p160, p105, p162, p99, p164, p94, p166, p88, p168, p83, p170, p77, p172, p72, p174, p66, p176, p61, p178, p55, p180, p50, p182, p44, p184, p39, p186, p25, p26, None]
+3632: i235 = instance_ptr_eq(p66, p29)
guard_false(i235, descr=<Guard0x1485eb460>) [p2, p15, p17, p19, p0, i209, p191, p190, p189, p143, p147, p138, p150, p132, p152, p127, p154, p121, p156, p116, p158, p110, p160, p105, p162, p99, p164, p94, p166, p88, p168, p83, p170, p77, p172, p72, p174, p66, p176, p61, p178, p55, p180, p50, p182, p44, p184, p39, p186, p25, p26, None]
+3640: jump(p0, p26, p25, p2, p186, p39, p184, p44, p182, p50, p180, p55, p178, p61, p176, p66, p174, p72, p172, p77, p170, p83, p168, p88, p166, p94, p164, p99, p162, p105, p160, p110, p158, p116, p156, p121, p154, p127, p152, p132, p150, p138, p147, p143, p189, p190, p191, i209, p15, p17, p19, p29, p30, p194, descr=TargetToken(5509143264))
+3648: --end of the loop--
[b0738c] jit-log-opt-loop}
[30440b22] {jit-summary
Tracing:      	1	0.001849
Backend:      	1	0.000702
TOTAL:      		0.801350
ops:             	2764
heapcached ops:  	623
recorded ops:    	1389
  calls:         	31
guards:          	471
opt ops:         	380
opt guards:      	140
opt guards shared:	131
forcings:        	0
abort: trace too long:	0
abort: compiling:	0
abort: vable escape:	0
abort: bad loop: 	0
abort: force quasi-immut:	0
abort: segmenting trace:	0
virtualizables forced:	0
nvirtuals:       	89
nvholes:         	20
nvreused:        	0
vecopt tried:    	0
vecopt success:  	0
Total # of loops:	1
Total # of bridges:	0
Freed # of loops:	0
Freed # of bridges:	0
[30442f6e] jit-summary}
