[af6a0be] {jit-log-opt-loop
# Loop 1 (4412<main.rpyeffect:79([mcore:[#149]#138])>+3: {"op": "Push", "target": 4411, "args": {"any": [0]}}) : loop with 218 ops
[p0, p1, p2, p3, p4]
+376: p5 = getfield_gc_r(p2, descr=<FieldP rpyeffect.environment.Environment.inst_values_ptr 16>)
+384: p7 = getarrayitem_gc_r(p5, 0, descr=<ArrayP 8>)
+388: p9 = getarrayitem_gc_r(p5, 1, descr=<ArrayP 8>)
+392: p11 = getarrayitem_gc_r(p5, 2, descr=<ArrayP 8>)
+396: p13 = getarrayitem_gc_r(p5, 3, descr=<ArrayP 8>)
+400: p15 = getarrayitem_gc_r(p5, 4, descr=<ArrayP 8>)
+404: p17 = getarrayitem_gc_r(p5, 5, descr=<ArrayP 8>)
+408: p19 = getarrayitem_gc_r(p5, 6, descr=<ArrayP 8>)
+412: p21 = getarrayitem_gc_r(p5, 7, descr=<ArrayP 8>)
+416: p23 = getarrayitem_gc_r(p5, 8, descr=<ArrayP 8>)
+420: p25 = getarrayitem_gc_r(p5, 9, descr=<ArrayP 8>)
+424: p27 = getarrayitem_gc_r(p5, 10, descr=<ArrayP 8>)
+428: p29 = getarrayitem_gc_r(p5, 11, descr=<ArrayP 8>)
+432: p31 = getarrayitem_gc_r(p5, 12, descr=<ArrayP 8>)
+436: p33 = getarrayitem_gc_r(p5, 13, descr=<ArrayP 8>)
+440: p35 = getarrayitem_gc_r(p5, 14, descr=<ArrayP 8>)
+444: p37 = getarrayitem_gc_r(p5, 15, descr=<ArrayP 8>)
+448: label(p0, p1, p2, p3, p4, p7, p9, p11, p13, p15, p17, p19, p21, p23, p25, p27, p29, p31, p33, p35, p37, descr=TargetToken(4704476320))
debug_merge_point(0, 0, '4412<main.rpyeffect:79([mcore:[#149]#138])>+3: {"op": "Push". "target": 4411. "args": {"any": [0]}}')
+508: guard_not_invalidated(descr=<Guard0x118669730>) [p2, p7, p9, p11, p13, p15, p17, p19, p21, p23, p25, p27, p29, p31, p33, p35, p37, p0, p1, p3, p4]
debug_merge_point(0, 0, '4412<main.rpyeffect:79([mcore:[#149]#138])>+4: {"op": "Copy". "type": "any". "from": 1. "to". 0}')
debug_merge_point(0, 0, '4412<main.rpyeffect:79([mcore:[#149]#138])>+5: {"op": "Jump". "target": 4380}')
debug_merge_point(0, 0, '4380<main.rpyeffect:47([mcore:[#125]#124])>+0: {"op": "Const". "type": "ptr". "out": 0. "format": "string". "value": "Name(import$std/core/hnd)"}')
debug_merge_point(0, 0, '4380<main.rpyeffect:47([mcore:[#125]#124])>+1: {"op": "PrimOp". "name": "getGlobal(String): Ptr". "out": {"any": [0]}. "in": {"any": [0]}}')
debug_merge_point(0, 0, '4380<main.rpyeffect:47([mcore:[#125]#124])>+2: {"op": "CallLib". "lib": "0". "symbol": "getCurrentEvv"}')
debug_merge_point(0, 0, '301<std_core_hnd.rpyeffect:0(Name(getCurrentEvv))>+0: {"op": "Const". "type": "ptr". "out": 0. "format": "string". "value": "current-evv"}')
debug_merge_point(0, 0, '301<std_core_hnd.rpyeffect:0(Name(getCurrentEvv))>+1: {"op": "PrimOp". "name": "getGlobal(String): Ptr". "out": {"any": [0]}. "in": {"any": [0]}}')
debug_merge_point(0, 0, '301<std_core_hnd.rpyeffect:0(Name(getCurrentEvv))>+2: {"op": "PrimOp". "name": "getRef(Ref[Ptr]): Ptr". "out": {"any": [0]}. "in": {"any": [0]}}')
+516: p39 = getfield_gc_r(ConstPtr(ptr38), descr=<FieldP rpyeffect.region.Ref.inst_value 16>)
+524: guard_value(p39, ConstPtr(ptr40), descr=<Guard0x118669778>) [p2, p7, p9, p11, p13, p15, p17, p19, p21, p23, p25, p27, p29, p31, p33, p35, p37, p0, p1, p3, p4]
debug_merge_point(0, 0, '301<std_core_hnd.rpyeffect:0(Name(getCurrentEvv))>+3: {"op": "Return". "args": {"any": [0]}}')
debug_merge_point(0, 0, '4411<main.rpyeffect:78([k@[mcore:[#149]#138]#144])>+0: {"op": "PrimOp". "name": "promote_ptr". "out": {"any": [0]}. "in": {"any": [0]}}')
+532: i42 = instance_ptr_eq(ConstPtr(ptr41), p39)
guard_true(i42, descr=<Guard0x1186c7580>) [p2, p7, p9, p11, p13, p15, p17, p19, p21, p23, p25, p27, p29, p31, p33, p35, p37, p0, p1, p3, p4]
debug_merge_point(0, 0, '4411<main.rpyeffect:78([k@[mcore:[#149]#138]#144])>+1: {"op": "Const". "type": "ptr". "out": 2. "format": "string". "value": "Name(import$std/core/hnd)"}')
debug_merge_point(0, 0, '4411<main.rpyeffect:78([k@[mcore:[#149]#138]#144])>+2: {"op": "PrimOp". "name": "getGlobal(String): Ptr". "out": {"any": [2]}. "in": {"any": [2]}}')
+540: guard_nonnull(p1, descr=<Guard0x1186c75b0>) [p2, p7, p9, p11, p13, p15, p17, p19, p21, p23, p25, p27, p29, p31, p33, p35, p37, p0, p1, p3, p4]
+552: i43 = getfield_gc_i(p1, descr=<FieldS rpyeffect.stored_environment.Stack__arb.inst_target 16 pure>)
+560: guard_value(i43, 440, descr=<Guard0x1186c75e0>) [p2, p7, p9, p11, p13, p15, p17, p19, p21, p23, p25, p27, p29, p31, p33, p35, p37, p0, p1, p3, p4]
debug_merge_point(0, 0, '4411<main.rpyeffect:78([k@[mcore:[#149]#138]#144])>+3: {"op": "Push". "target": 4410. "args": {"any": []}}')
debug_merge_point(0, 0, '4411<main.rpyeffect:78([k@[mcore:[#149]#138]#144])>+4: {"op": "Jump". "target": 4379}')
debug_merge_point(0, 0, '4379<main.rpyeffect:46([mcore:[#124]#118])>+0: {"op": "Const". "type": "ptr". "out": 2. "format": "string". "value": "Name(import$std/core/hnd)"}')
debug_merge_point(0, 0, '4379<main.rpyeffect:46([mcore:[#124]#118])>+1: {"op": "PrimOp". "name": "getGlobal(String): Ptr". "out": {"any": [2]}. "in": {"any": [2]}}')
debug_merge_point(0, 0, '4379<main.rpyeffect:46([mcore:[#124]#118])>+2: {"op": "CallLib". "lib": "2". "symbol": "elt"}')
debug_merge_point(0, 0, '341<std_core_hnd.rpyeffect:40(Name(elt))>+0: {"op": "Switch". "scrutinee": 1. "values": [<IntValue object at 0x138611d90>]. "targets": [339]. "default": 340}')
+572: guard_nonnull_class(p7, ConstClass(IntValue), descr=<Guard0x1186697c0>) [p2, p7, p9, p11, p13, p15, p17, p19, p21, p23, p25, p27, p29, p31, p33, p35, p37, p0, p1, p3, p4]
+596: i46 = getfield_gc_i(p7, descr=<FieldS rpyeffect.value.IntValue.inst_value 8 pure>)
+600: i48 = int_eq(i46, 0)
guard_true(i48, descr=<Guard0x1186c7610>) [p2, p7, p9, p11, p13, p15, p17, p19, p21, p23, p25, p27, p29, p31, p33, p35, p37, p0, p1, p3, p4]
debug_merge_point(0, 0, '339<std_core_hnd.rpyeffect:38([switch case for Int(0)#100])>+0: {"op": "Proj". "out": 0. "type": Interned(evv). "scrutinee": 0. "tag": Interned(cons). "field": 0. "field_type": "any"}')
+608: p50 = getfield_gc_r(ConstPtr(ptr49), descr=<FieldP rpyeffect.data.Data.inst_tag 8>)
+616: guard_value(p50, ConstPtr(ptr51), descr=<Guard0x1186c7640>) [p2, p7, p9, p11, p13, p15, p17, p19, p21, p23, p25, p27, p29, p31, p33, p35, p37, p0, p1, p3, p4]
debug_merge_point(0, 0, '339<std_core_hnd.rpyeffect:38([switch case for Int(0)#100])>+1: {"op": "Return". "args": {"any": [0]}}')
debug_merge_point(0, 0, '4410<main.rpyeffect:77([k@[k@[mcore:[#149]#138]#144]#152])>+0: {"op": "Push". "target": 4400. "args": {"any": []}}')
debug_merge_point(0, 0, '4410<main.rpyeffect:77([k@[k@[mcore:[#149]#138]#144]#152])>+1: {"op": "Match". "type": Interned(std/core/hnd/ev). "scrutinee": 0. "clauses": [{"tag": Interned(std/core/hnd/Ev). "target": 4409. "args": {"any": [1. 2. 3. 4]}}]. "default": {"tag": Interned(aaab2eb2-49f9-42dd-8292-2b518f1174c6#[Missing Tag#617]). "target": 4401. "args": {"any": []}}}')
+628: p53 = getfield_gc_r(ConstPtr(ptr52), descr=<FieldP rpyeffect.data.Data.inst_tag 8>)
+636: guard_value(p53, ConstPtr(ptr54), descr=<Guard0x1186c7670>) [p2, p7, p9, p11, p13, p15, p17, p19, p21, p23, p25, p27, p29, p31, p33, p35, p37, p0, p1, p3, p4]
debug_merge_point(0, 0, '4409<main.rpyeffect:76([#205])>+0: {"op": "Copy". "type": "any". "from": 0. "to". 1}')
debug_merge_point(0, 0, '4409<main.rpyeffect:76([#205])>+1: {"op": "Copy". "type": "any". "from": 2. "to". 0}')
debug_merge_point(0, 0, '4409<main.rpyeffect:76([#205])>+2: {"op": "Match". "type": Interned(main/state). "scrutinee": 3. "clauses": [{"tag": Interned(main/@Hnd-state). "target": 4408. "args": {"any": [2. 3. 4]}}]. "default": {"tag": Interned(aaab2eb2-49f9-42dd-8292-2b518f1174c6#[Missing Tag#616]). "target": 4403. "args": {"any": []}}}')
+648: p56 = getfield_gc_r(ConstPtr(ptr55), descr=<FieldP rpyeffect.data.Data.inst_tag 8>)
+656: guard_value(p56, ConstPtr(ptr57), descr=<Guard0x1186c76a0>) [p2, p7, p9, p11, p13, p15, p17, p19, p21, p23, p25, p27, p29, p31, p33, p35, p37, p0, p1, p3, p4]
debug_merge_point(0, 0, '4408<main.rpyeffect:75([match_main/@Hnd-state@[#205]#210])>+0: {"op": "Match". "type": Interned(std/core/hnd/clause0). "scrutinee": 3. "clauses": [{"tag": Interned(std/core/hnd/Clause0). "target": 4407. "args": {"any": [2]}}]. "default": {"tag": Interned(aaab2eb2-49f9-42dd-8292-2b518f1174c6#[Missing Tag#615]). "target": 4405. "args": {"any": []}}}')
+668: p59 = getfield_gc_r(ConstPtr(ptr58), descr=<FieldP rpyeffect.data.Data.inst_tag 8>)
+676: guard_value(p59, ConstPtr(ptr60), descr=<Guard0x1186c76d0>) [p2, p7, p9, p11, p13, p15, p17, p19, p21, p23, p25, p27, p29, p31, p33, p35, p37, p0, p1, p3, p4]
debug_merge_point(0, 0, '4407<main.rpyeffect:74([#215])>+0: {"op": "Invoke". "receiver": 2. "tag": Interned(apply). "args" : {"any": [0. 1]}}')
debug_merge_point(0, 0, '4419<main.rpyeffect:86([method_apply@[mcore:[#173]#238]#244])>+0: {"op": "Jump". "target": 4415}')
debug_merge_point(0, 0, '4415<main.rpyeffect:82([mcore:[#159]#230])>+0: {"op": "PrimOp". "name": "getRef(Ref[Ptr]): Ptr". "out": {"any": [0]}. "in": {"any": [2]}}')
+688: p62 = getfield_gc_r(ConstPtr(ptr61), descr=<FieldP rpyeffect.region.Ref.inst_value 16>)
+692: i63 = getfield_gc_i(p62, descr=<FieldS rpyeffect.value.UnboxedIntValueRef.inst_value 8>)
debug_merge_point(0, 0, '4415<main.rpyeffect:82([mcore:[#159]#230])>+1: {"op": "Return". "args": {"any": [0]}}')
debug_merge_point(0, 0, '4400<main.rpyeffect:67([k@[k@[k@[mcore:[#149]#138]#144]#152]#154])>+0: {"op": "Const". "type": "ptr". "out": 1. "format": "int". "value": "<IntValue object at 0x11845eb00>"}')
debug_merge_point(0, 0, '4400<main.rpyeffect:67([k@[k@[k@[mcore:[#149]#138]#144]#152]#154])>+1: {"op": "PrimOp". "name": "infixEq(Int. Int): Boolean". "out": {"any": [1]}. "in": {"any": [0. 1]}}')
+696: i65 = int_eq(i63, 0)
debug_merge_point(0, 0, '4400<main.rpyeffect:67([k@[k@[k@[mcore:[#149]#138]#144]#152]#154])>+2: {"op": "Switch". "scrutinee": 1. "values": [<BoolValue object at 0x11845ead0>]. "targets": [4383]. "default": 4399}')
guard_false(i65, descr=<Guard0x1186c7700>) [p2, p7, p9, p11, p13, p15, p17, p19, p21, p23, p25, p27, p29, p31, p33, p35, p37, p0, p1, p3, p4]
debug_merge_point(0, 0, '4399<main.rpyeffect:66([switch default case#159])>+0: {"op": "Const". "type": "ptr". "out": 1. "format": "int". "value": "<IntValue object at 0x11845eb40>"}')
debug_merge_point(0, 0, '4399<main.rpyeffect:66([switch default case#159])>+1: {"op": "PrimOp". "name": "infixEq(Int. Int): Boolean". "out": {"any": [1]}. "in": {"any": [0. 1]}}')
debug_merge_point(0, 0, '4399<main.rpyeffect:66([switch default case#159])>+2: {"op": "Switch". "scrutinee": 1. "values": [<BoolValue object at 0x11845eb10>]. "targets": [4397]. "default": 4398}')
debug_merge_point(0, 0, '4397<main.rpyeffect:64([switch case for Bool(false)#163])>+0: {"op": "Const". "type": "ptr". "out": 1. "format": "int". "value": "<IntValue object at 0x11845ec20>"}')
debug_merge_point(0, 0, '4397<main.rpyeffect:64([switch case for Bool(false)#163])>+1: {"op": "PrimOp". "name": "infixSub(Int. Int): Int". "out": {"any": [0]}. "in": {"any": [0. 1]}}')
+704: i67 = int_sub(i63, 1)
debug_merge_point(0, 0, '4397<main.rpyeffect:64([switch case for Bool(false)#163])>+2: {"op": "Const". "type": "ptr". "out": 1. "format": "int". "value": "<IntValue object at 0x11845ebf0>"}')
debug_merge_point(0, 0, '4397<main.rpyeffect:64([switch case for Bool(false)#163])>+3: {"op": "Const". "type": "ptr". "out": 2. "format": "string". "value": "Name(import$std/core/hnd)"}')
debug_merge_point(0, 0, '4397<main.rpyeffect:64([switch case for Bool(false)#163])>+4: {"op": "PrimOp". "name": "getGlobal(String): Ptr". "out": {"any": [2]}. "in": {"any": [2]}}')
debug_merge_point(0, 0, '4397<main.rpyeffect:64([switch case for Bool(false)#163])>+5: {"op": "Push". "target": 4396. "args": {"any": [1. 0]}}')
debug_merge_point(0, 0, '4397<main.rpyeffect:64([switch case for Bool(false)#163])>+6: {"op": "Copy". "type": "any". "from": 2. "to". 0}')
debug_merge_point(0, 0, '4397<main.rpyeffect:64([switch case for Bool(false)#163])>+7: {"op": "Jump". "target": 4382}')
debug_merge_point(0, 0, '4382<main.rpyeffect:49([mcore:[#139]#134])>+0: {"op": "Const". "type": "ptr". "out": 0. "format": "string". "value": "Name(import$std/core/hnd)"}')
debug_merge_point(0, 0, '4382<main.rpyeffect:49([mcore:[#139]#134])>+1: {"op": "PrimOp". "name": "getGlobal(String): Ptr". "out": {"any": [0]}. "in": {"any": [0]}}')
debug_merge_point(0, 0, '4382<main.rpyeffect:49([mcore:[#139]#134])>+2: {"op": "CallLib". "lib": "0". "symbol": "getCurrentEvv"}')
debug_merge_point(0, 0, '301<std_core_hnd.rpyeffect:0(Name(getCurrentEvv))>+0: {"op": "Const". "type": "ptr". "out": 0. "format": "string". "value": "current-evv"}')
debug_merge_point(0, 0, '301<std_core_hnd.rpyeffect:0(Name(getCurrentEvv))>+1: {"op": "PrimOp". "name": "getGlobal(String): Ptr". "out": {"any": [0]}. "in": {"any": [0]}}')
debug_merge_point(0, 0, '301<std_core_hnd.rpyeffect:0(Name(getCurrentEvv))>+2: {"op": "PrimOp". "name": "getRef(Ref[Ptr]): Ptr". "out": {"any": [0]}. "in": {"any": [0]}}')
debug_merge_point(0, 0, '301<std_core_hnd.rpyeffect:0(Name(getCurrentEvv))>+3: {"op": "Return". "args": {"any": [0]}}')
debug_merge_point(0, 0, '4396<main.rpyeffect:63([k@[switch case for Bool(false)#163]#171])>+0: {"op": "PrimOp". "name": "promote_ptr". "out": {"any": [0]}. "in": {"any": [0]}}')
debug_merge_point(0, 0, '4396<main.rpyeffect:63([k@[switch case for Bool(false)#163]#171])>+1: {"op": "Const". "type": "ptr". "out": 3. "format": "string". "value": "Name(import$std/core/hnd)"}')
debug_merge_point(0, 0, '4396<main.rpyeffect:63([k@[switch case for Bool(false)#163]#171])>+2: {"op": "PrimOp". "name": "getGlobal(String): Ptr". "out": {"any": [3]}. "in": {"any": [3]}}')
debug_merge_point(0, 0, '4396<main.rpyeffect:63([k@[switch case for Bool(false)#163]#171])>+3: {"op": "Push". "target": 4395. "args": {"any": [2]}}')
debug_merge_point(0, 0, '4396<main.rpyeffect:63([k@[switch case for Bool(false)#163]#171])>+4: {"op": "Copy". "type": "any". "from": 3. "to". 2}')
debug_merge_point(0, 0, '4396<main.rpyeffect:63([k@[switch case for Bool(false)#163]#171])>+5: {"op": "Jump". "target": 4381}')
debug_merge_point(0, 0, '4381<main.rpyeffect:48([mcore:[#138]#128])>+0: {"op": "Const". "type": "ptr". "out": 2. "format": "string". "value": "Name(import$std/core/hnd)"}')
debug_merge_point(0, 0, '4381<main.rpyeffect:48([mcore:[#138]#128])>+1: {"op": "PrimOp". "name": "getGlobal(String): Ptr". "out": {"any": [2]}. "in": {"any": [2]}}')
debug_merge_point(0, 0, '4381<main.rpyeffect:48([mcore:[#138]#128])>+2: {"op": "CallLib". "lib": "2". "symbol": "elt"}')
debug_merge_point(0, 0, '341<std_core_hnd.rpyeffect:40(Name(elt))>+0: {"op": "Switch". "scrutinee": 1. "values": [<IntValue object at 0x138611d90>]. "targets": [339]. "default": 340}')
debug_merge_point(0, 0, '339<std_core_hnd.rpyeffect:38([switch case for Int(0)#100])>+0: {"op": "Proj". "out": 0. "type": Interned(evv). "scrutinee": 0. "tag": Interned(cons). "field": 0. "field_type": "any"}')
debug_merge_point(0, 0, '339<std_core_hnd.rpyeffect:38([switch case for Int(0)#100])>+1: {"op": "Return". "args": {"any": [0]}}')
debug_merge_point(0, 0, '4395<main.rpyeffect:62([#179])>+0: {"op": "Push". "target": 4385. "args": {"any": []}}')
debug_merge_point(0, 0, '4395<main.rpyeffect:62([#179])>+1: {"op": "Match". "type": Interned(std/core/hnd/ev). "scrutinee": 0. "clauses": [{"tag": Interned(std/core/hnd/Ev). "target": 4394. "args": {"any": [2. 3. 4. 5]}}]. "default": {"tag": Interned(aaab2eb2-49f9-42dd-8292-2b518f1174c6#[Missing Tag#614]). "target": 4386. "args": {"any": []}}}')
debug_merge_point(0, 0, '4394<main.rpyeffect:61([match_std/core/hnd/Ev@[#179]#189])>+0: {"op": "Copy". "type": "any". "from": 1. "to". 2}')
debug_merge_point(0, 0, '4394<main.rpyeffect:61([match_std/core/hnd/Ev@[#179]#189])>+1: {"op": "Copy". "type": "any". "from": 0. "to". 1}')
debug_merge_point(0, 0, '4394<main.rpyeffect:61([match_std/core/hnd/Ev@[#179]#189])>+2: {"op": "Copy". "type": "any". "from": 3. "to". 0}')
debug_merge_point(0, 0, '4394<main.rpyeffect:61([match_std/core/hnd/Ev@[#179]#189])>+3: {"op": "Match". "type": Interned(main/state). "scrutinee": 4. "clauses": [{"tag": Interned(main/@Hnd-state). "target": 4393. "args": {"any": [3. 4. 5]}}]. "default": {"tag": Interned(aaab2eb2-49f9-42dd-8292-2b518f1174c6#[Missing Tag#613]). "target": 4388. "args": {"any": []}}}')
debug_merge_point(0, 0, '4393<main.rpyeffect:60([#194])>+0: {"op": "Match". "type": Interned(std/core/hnd/clause1). "scrutinee": 5. "clauses": [{"tag": Interned(std/core/hnd/Clause1). "target": 4392. "args": {"any": [3]}}]. "default": {"tag": Interned(aaab2eb2-49f9-42dd-8292-2b518f1174c6#[Missing Tag#612]). "target": 4390. "args": {"any": []}}}')
+712: p69 = getfield_gc_r(ConstPtr(ptr68), descr=<FieldP rpyeffect.data.Data.inst_tag 8>)
+720: guard_value(p69, ConstPtr(ptr70), descr=<Guard0x1186c7730>) [p2, p7, p9, p11, p13, p15, p17, p19, p21, p23, p25, p27, p29, p31, p33, p35, p37, p0, p1, p3, p4]
debug_merge_point(0, 0, '4392<main.rpyeffect:59([match_std/core/hnd/Clause1@[#194]#199])>+0: {"op": "Invoke". "receiver": 3. "tag": Interned(apply). "args" : {"any": [0. 1. 2]}}')
debug_merge_point(0, 0, '4420<main.rpyeffect:87([method_apply@[k@[mcore:[#173]#238]#251]#257])>+0: {"op": "Jump". "target": 4417}')
debug_merge_point(0, 0, '4417<main.rpyeffect:84([mcore:[#166]#236])>+0: {"op": "PrimOp". "name": "setRef(Ref[Ptr]. Ptr): Unit". "out": {"any": [0]}. "in": {"any": [3. 2]}}')
debug_merge_point(0, 0, '4417<main.rpyeffect:84([mcore:[#166]#236])>+1: {"op": "Return". "args": {"any": [0]}}')
debug_merge_point(0, 0, '4385<main.rpyeffect:52([k@[#179]#181])>+0: {"op": "Const". "type": "ptr". "out": 0. "format": "string". "value": "Name(import$std/core/hnd)"}')
debug_merge_point(0, 0, '4385<main.rpyeffect:52([k@[#179]#181])>+1: {"op": "PrimOp". "name": "getGlobal(String): Ptr". "out": {"any": [0]}. "in": {"any": [0]}}')
debug_merge_point(0, 0, '4385<main.rpyeffect:52([k@[#179]#181])>+2: {"op": "Jump". "target": 4412}')
debug_merge_point(0, 0, '4412<main.rpyeffect:79([mcore:[#149]#138])>+0: {"op": "Const". "type": "ptr". "out": 0. "format": "int". "value": "<IntValue object at 0x11845f310>"}')
debug_merge_point(0, 0, '4412<main.rpyeffect:79([mcore:[#149]#138])>+1: {"op": "Const". "type": "ptr". "out": 1. "format": "string". "value": "Name(import$std/core/hnd)"}')
debug_merge_point(0, 0, '4412<main.rpyeffect:79([mcore:[#149]#138])>+2: {"op": "PrimOp". "name": "getGlobal(String): Ptr". "out": {"any": [1]}. "in": {"any": [1]}}')
debug_merge_point(0, 0, '4412<main.rpyeffect:79([mcore:[#149]#138])>+3: {"op": "Push". "target": 4411. "args": {"any": [0]}}')
+728: setfield_gc(p62, i67, descr=<FieldS rpyeffect.value.UnboxedIntValueRef.inst_value 8>)
+732: i71 = same_as_i(i67)
+736: label(p0, p1, p2, p3, p4, i67, p19, p21, p23, p25, p27, p29, p31, p33, p35, p37, p62, i71, descr=TargetToken(4704476384))
debug_merge_point(0, 0, '4412<main.rpyeffect:79([mcore:[#149]#138])>+3: {"op": "Push". "target": 4411. "args": {"any": [0]}}')
+740: guard_not_invalidated(descr=<Guard0x118669808>) [p2, p19, p21, p23, p25, p27, p29, p31, p33, p35, p37, p0, p1, p3, p4, i67]
debug_merge_point(0, 0, '4412<main.rpyeffect:79([mcore:[#149]#138])>+4: {"op": "Copy". "type": "any". "from": 1. "to". 0}')
debug_merge_point(0, 0, '4412<main.rpyeffect:79([mcore:[#149]#138])>+5: {"op": "Jump". "target": 4380}')
debug_merge_point(0, 0, '4380<main.rpyeffect:47([mcore:[#125]#124])>+0: {"op": "Const". "type": "ptr". "out": 0. "format": "string". "value": "Name(import$std/core/hnd)"}')
debug_merge_point(0, 0, '4380<main.rpyeffect:47([mcore:[#125]#124])>+1: {"op": "PrimOp". "name": "getGlobal(String): Ptr". "out": {"any": [0]}. "in": {"any": [0]}}')
debug_merge_point(0, 0, '4380<main.rpyeffect:47([mcore:[#125]#124])>+2: {"op": "CallLib". "lib": "0". "symbol": "getCurrentEvv"}')
debug_merge_point(0, 0, '301<std_core_hnd.rpyeffect:0(Name(getCurrentEvv))>+0: {"op": "Const". "type": "ptr". "out": 0. "format": "string". "value": "current-evv"}')
debug_merge_point(0, 0, '301<std_core_hnd.rpyeffect:0(Name(getCurrentEvv))>+1: {"op": "PrimOp". "name": "getGlobal(String): Ptr". "out": {"any": [0]}. "in": {"any": [0]}}')
debug_merge_point(0, 0, '301<std_core_hnd.rpyeffect:0(Name(getCurrentEvv))>+2: {"op": "PrimOp". "name": "getRef(Ref[Ptr]): Ptr". "out": {"any": [0]}. "in": {"any": [0]}}')
debug_merge_point(0, 0, '301<std_core_hnd.rpyeffect:0(Name(getCurrentEvv))>+3: {"op": "Return". "args": {"any": [0]}}')
debug_merge_point(0, 0, '4411<main.rpyeffect:78([k@[mcore:[#149]#138]#144])>+0: {"op": "PrimOp". "name": "promote_ptr". "out": {"any": [0]}. "in": {"any": [0]}}')
debug_merge_point(0, 0, '4411<main.rpyeffect:78([k@[mcore:[#149]#138]#144])>+1: {"op": "Const". "type": "ptr". "out": 2. "format": "string". "value": "Name(import$std/core/hnd)"}')
debug_merge_point(0, 0, '4411<main.rpyeffect:78([k@[mcore:[#149]#138]#144])>+2: {"op": "PrimOp". "name": "getGlobal(String): Ptr". "out": {"any": [2]}. "in": {"any": [2]}}')
debug_merge_point(0, 0, '4411<main.rpyeffect:78([k@[mcore:[#149]#138]#144])>+3: {"op": "Push". "target": 4410. "args": {"any": []}}')
debug_merge_point(0, 0, '4411<main.rpyeffect:78([k@[mcore:[#149]#138]#144])>+4: {"op": "Jump". "target": 4379}')
debug_merge_point(0, 0, '4379<main.rpyeffect:46([mcore:[#124]#118])>+0: {"op": "Const". "type": "ptr". "out": 2. "format": "string". "value": "Name(import$std/core/hnd)"}')
debug_merge_point(0, 0, '4379<main.rpyeffect:46([mcore:[#124]#118])>+1: {"op": "PrimOp". "name": "getGlobal(String): Ptr". "out": {"any": [2]}. "in": {"any": [2]}}')
debug_merge_point(0, 0, '4379<main.rpyeffect:46([mcore:[#124]#118])>+2: {"op": "CallLib". "lib": "2". "symbol": "elt"}')
debug_merge_point(0, 0, '341<std_core_hnd.rpyeffect:40(Name(elt))>+0: {"op": "Switch". "scrutinee": 1. "values": [<IntValue object at 0x138611d90>]. "targets": [339]. "default": 340}')
debug_merge_point(0, 0, '339<std_core_hnd.rpyeffect:38([switch case for Int(0)#100])>+0: {"op": "Proj". "out": 0. "type": Interned(evv). "scrutinee": 0. "tag": Interned(cons). "field": 0. "field_type": "any"}')
debug_merge_point(0, 0, '339<std_core_hnd.rpyeffect:38([switch case for Int(0)#100])>+1: {"op": "Return". "args": {"any": [0]}}')
debug_merge_point(0, 0, '4410<main.rpyeffect:77([k@[k@[mcore:[#149]#138]#144]#152])>+0: {"op": "Push". "target": 4400. "args": {"any": []}}')
debug_merge_point(0, 0, '4410<main.rpyeffect:77([k@[k@[mcore:[#149]#138]#144]#152])>+1: {"op": "Match". "type": Interned(std/core/hnd/ev). "scrutinee": 0. "clauses": [{"tag": Interned(std/core/hnd/Ev). "target": 4409. "args": {"any": [1. 2. 3. 4]}}]. "default": {"tag": Interned(aaab2eb2-49f9-42dd-8292-2b518f1174c6#[Missing Tag#617]). "target": 4401. "args": {"any": []}}}')
debug_merge_point(0, 0, '4409<main.rpyeffect:76([#205])>+0: {"op": "Copy". "type": "any". "from": 0. "to". 1}')
debug_merge_point(0, 0, '4409<main.rpyeffect:76([#205])>+1: {"op": "Copy". "type": "any". "from": 2. "to". 0}')
debug_merge_point(0, 0, '4409<main.rpyeffect:76([#205])>+2: {"op": "Match". "type": Interned(main/state). "scrutinee": 3. "clauses": [{"tag": Interned(main/@Hnd-state). "target": 4408. "args": {"any": [2. 3. 4]}}]. "default": {"tag": Interned(aaab2eb2-49f9-42dd-8292-2b518f1174c6#[Missing Tag#616]). "target": 4403. "args": {"any": []}}}')
debug_merge_point(0, 0, '4408<main.rpyeffect:75([match_main/@Hnd-state@[#205]#210])>+0: {"op": "Match". "type": Interned(std/core/hnd/clause0). "scrutinee": 3. "clauses": [{"tag": Interned(std/core/hnd/Clause0). "target": 4407. "args": {"any": [2]}}]. "default": {"tag": Interned(aaab2eb2-49f9-42dd-8292-2b518f1174c6#[Missing Tag#615]). "target": 4405. "args": {"any": []}}}')
debug_merge_point(0, 0, '4407<main.rpyeffect:74([#215])>+0: {"op": "Invoke". "receiver": 2. "tag": Interned(apply). "args" : {"any": [0. 1]}}')
debug_merge_point(0, 0, '4419<main.rpyeffect:86([method_apply@[mcore:[#173]#238]#244])>+0: {"op": "Jump". "target": 4415}')
debug_merge_point(0, 0, '4415<main.rpyeffect:82([mcore:[#159]#230])>+0: {"op": "PrimOp". "name": "getRef(Ref[Ptr]): Ptr". "out": {"any": [0]}. "in": {"any": [2]}}')
debug_merge_point(0, 0, '4415<main.rpyeffect:82([mcore:[#159]#230])>+1: {"op": "Return". "args": {"any": [0]}}')
debug_merge_point(0, 0, '4400<main.rpyeffect:67([k@[k@[k@[mcore:[#149]#138]#144]#152]#154])>+0: {"op": "Const". "type": "ptr". "out": 1. "format": "int". "value": "<IntValue object at 0x11845eb00>"}')
debug_merge_point(0, 0, '4400<main.rpyeffect:67([k@[k@[k@[mcore:[#149]#138]#144]#152]#154])>+1: {"op": "PrimOp". "name": "infixEq(Int. Int): Boolean". "out": {"any": [1]}. "in": {"any": [0. 1]}}')
+744: i73 = int_eq(i71, 0)
debug_merge_point(0, 0, '4400<main.rpyeffect:67([k@[k@[k@[mcore:[#149]#138]#144]#152]#154])>+2: {"op": "Switch". "scrutinee": 1. "values": [<BoolValue object at 0x11845ead0>]. "targets": [4383]. "default": 4399}')
guard_false(i73, descr=<Guard0x1186c7760>) [p2, p19, p21, p23, p25, p27, p29, p31, p33, p35, p37, p0, p1, p3, p4, i67]
debug_merge_point(0, 0, '4399<main.rpyeffect:66([switch default case#159])>+0: {"op": "Const". "type": "ptr". "out": 1. "format": "int". "value": "<IntValue object at 0x11845eb40>"}')
debug_merge_point(0, 0, '4399<main.rpyeffect:66([switch default case#159])>+1: {"op": "PrimOp". "name": "infixEq(Int. Int): Boolean". "out": {"any": [1]}. "in": {"any": [0. 1]}}')
debug_merge_point(0, 0, '4399<main.rpyeffect:66([switch default case#159])>+2: {"op": "Switch". "scrutinee": 1. "values": [<BoolValue object at 0x11845eb10>]. "targets": [4397]. "default": 4398}')
debug_merge_point(0, 0, '4397<main.rpyeffect:64([switch case for Bool(false)#163])>+0: {"op": "Const". "type": "ptr". "out": 1. "format": "int". "value": "<IntValue object at 0x11845ec20>"}')
debug_merge_point(0, 0, '4397<main.rpyeffect:64([switch case for Bool(false)#163])>+1: {"op": "PrimOp". "name": "infixSub(Int. Int): Int". "out": {"any": [0]}. "in": {"any": [0. 1]}}')
+752: i75 = int_sub(i71, 1)
debug_merge_point(0, 0, '4397<main.rpyeffect:64([switch case for Bool(false)#163])>+2: {"op": "Const". "type": "ptr". "out": 1. "format": "int". "value": "<IntValue object at 0x11845ebf0>"}')
debug_merge_point(0, 0, '4397<main.rpyeffect:64([switch case for Bool(false)#163])>+3: {"op": "Const". "type": "ptr". "out": 2. "format": "string". "value": "Name(import$std/core/hnd)"}')
debug_merge_point(0, 0, '4397<main.rpyeffect:64([switch case for Bool(false)#163])>+4: {"op": "PrimOp". "name": "getGlobal(String): Ptr". "out": {"any": [2]}. "in": {"any": [2]}}')
debug_merge_point(0, 0, '4397<main.rpyeffect:64([switch case for Bool(false)#163])>+5: {"op": "Push". "target": 4396. "args": {"any": [1. 0]}}')
debug_merge_point(0, 0, '4397<main.rpyeffect:64([switch case for Bool(false)#163])>+6: {"op": "Copy". "type": "any". "from": 2. "to". 0}')
debug_merge_point(0, 0, '4397<main.rpyeffect:64([switch case for Bool(false)#163])>+7: {"op": "Jump". "target": 4382}')
debug_merge_point(0, 0, '4382<main.rpyeffect:49([mcore:[#139]#134])>+0: {"op": "Const". "type": "ptr". "out": 0. "format": "string". "value": "Name(import$std/core/hnd)"}')
debug_merge_point(0, 0, '4382<main.rpyeffect:49([mcore:[#139]#134])>+1: {"op": "PrimOp". "name": "getGlobal(String): Ptr". "out": {"any": [0]}. "in": {"any": [0]}}')
debug_merge_point(0, 0, '4382<main.rpyeffect:49([mcore:[#139]#134])>+2: {"op": "CallLib". "lib": "0". "symbol": "getCurrentEvv"}')
debug_merge_point(0, 0, '301<std_core_hnd.rpyeffect:0(Name(getCurrentEvv))>+0: {"op": "Const". "type": "ptr". "out": 0. "format": "string". "value": "current-evv"}')
debug_merge_point(0, 0, '301<std_core_hnd.rpyeffect:0(Name(getCurrentEvv))>+1: {"op": "PrimOp". "name": "getGlobal(String): Ptr". "out": {"any": [0]}. "in": {"any": [0]}}')
debug_merge_point(0, 0, '301<std_core_hnd.rpyeffect:0(Name(getCurrentEvv))>+2: {"op": "PrimOp". "name": "getRef(Ref[Ptr]): Ptr". "out": {"any": [0]}. "in": {"any": [0]}}')
debug_merge_point(0, 0, '301<std_core_hnd.rpyeffect:0(Name(getCurrentEvv))>+3: {"op": "Return". "args": {"any": [0]}}')
debug_merge_point(0, 0, '4396<main.rpyeffect:63([k@[switch case for Bool(false)#163]#171])>+0: {"op": "PrimOp". "name": "promote_ptr". "out": {"any": [0]}. "in": {"any": [0]}}')
debug_merge_point(0, 0, '4396<main.rpyeffect:63([k@[switch case for Bool(false)#163]#171])>+1: {"op": "Const". "type": "ptr". "out": 3. "format": "string". "value": "Name(import$std/core/hnd)"}')
debug_merge_point(0, 0, '4396<main.rpyeffect:63([k@[switch case for Bool(false)#163]#171])>+2: {"op": "PrimOp". "name": "getGlobal(String): Ptr". "out": {"any": [3]}. "in": {"any": [3]}}')
debug_merge_point(0, 0, '4396<main.rpyeffect:63([k@[switch case for Bool(false)#163]#171])>+3: {"op": "Push". "target": 4395. "args": {"any": [2]}}')
debug_merge_point(0, 0, '4396<main.rpyeffect:63([k@[switch case for Bool(false)#163]#171])>+4: {"op": "Copy". "type": "any". "from": 3. "to". 2}')
debug_merge_point(0, 0, '4396<main.rpyeffect:63([k@[switch case for Bool(false)#163]#171])>+5: {"op": "Jump". "target": 4381}')
debug_merge_point(0, 0, '4381<main.rpyeffect:48([mcore:[#138]#128])>+0: {"op": "Const". "type": "ptr". "out": 2. "format": "string". "value": "Name(import$std/core/hnd)"}')
debug_merge_point(0, 0, '4381<main.rpyeffect:48([mcore:[#138]#128])>+1: {"op": "PrimOp". "name": "getGlobal(String): Ptr". "out": {"any": [2]}. "in": {"any": [2]}}')
debug_merge_point(0, 0, '4381<main.rpyeffect:48([mcore:[#138]#128])>+2: {"op": "CallLib". "lib": "2". "symbol": "elt"}')
debug_merge_point(0, 0, '341<std_core_hnd.rpyeffect:40(Name(elt))>+0: {"op": "Switch". "scrutinee": 1. "values": [<IntValue object at 0x138611d90>]. "targets": [339]. "default": 340}')
debug_merge_point(0, 0, '339<std_core_hnd.rpyeffect:38([switch case for Int(0)#100])>+0: {"op": "Proj". "out": 0. "type": Interned(evv). "scrutinee": 0. "tag": Interned(cons). "field": 0. "field_type": "any"}')
debug_merge_point(0, 0, '339<std_core_hnd.rpyeffect:38([switch case for Int(0)#100])>+1: {"op": "Return". "args": {"any": [0]}}')
debug_merge_point(0, 0, '4395<main.rpyeffect:62([#179])>+0: {"op": "Push". "target": 4385. "args": {"any": []}}')
debug_merge_point(0, 0, '4395<main.rpyeffect:62([#179])>+1: {"op": "Match". "type": Interned(std/core/hnd/ev). "scrutinee": 0. "clauses": [{"tag": Interned(std/core/hnd/Ev). "target": 4394. "args": {"any": [2. 3. 4. 5]}}]. "default": {"tag": Interned(aaab2eb2-49f9-42dd-8292-2b518f1174c6#[Missing Tag#614]). "target": 4386. "args": {"any": []}}}')
debug_merge_point(0, 0, '4394<main.rpyeffect:61([match_std/core/hnd/Ev@[#179]#189])>+0: {"op": "Copy". "type": "any". "from": 1. "to". 2}')
debug_merge_point(0, 0, '4394<main.rpyeffect:61([match_std/core/hnd/Ev@[#179]#189])>+1: {"op": "Copy". "type": "any". "from": 0. "to". 1}')
debug_merge_point(0, 0, '4394<main.rpyeffect:61([match_std/core/hnd/Ev@[#179]#189])>+2: {"op": "Copy". "type": "any". "from": 3. "to". 0}')
debug_merge_point(0, 0, '4394<main.rpyeffect:61([match_std/core/hnd/Ev@[#179]#189])>+3: {"op": "Match". "type": Interned(main/state). "scrutinee": 4. "clauses": [{"tag": Interned(main/@Hnd-state). "target": 4393. "args": {"any": [3. 4. 5]}}]. "default": {"tag": Interned(aaab2eb2-49f9-42dd-8292-2b518f1174c6#[Missing Tag#613]). "target": 4388. "args": {"any": []}}}')
debug_merge_point(0, 0, '4393<main.rpyeffect:60([#194])>+0: {"op": "Match". "type": Interned(std/core/hnd/clause1). "scrutinee": 5. "clauses": [{"tag": Interned(std/core/hnd/Clause1). "target": 4392. "args": {"any": [3]}}]. "default": {"tag": Interned(aaab2eb2-49f9-42dd-8292-2b518f1174c6#[Missing Tag#612]). "target": 4390. "args": {"any": []}}}')
debug_merge_point(0, 0, '4392<main.rpyeffect:59([match_std/core/hnd/Clause1@[#194]#199])>+0: {"op": "Invoke". "receiver": 3. "tag": Interned(apply). "args" : {"any": [0. 1. 2]}}')
debug_merge_point(0, 0, '4420<main.rpyeffect:87([method_apply@[k@[mcore:[#173]#238]#251]#257])>+0: {"op": "Jump". "target": 4417}')
debug_merge_point(0, 0, '4417<main.rpyeffect:84([mcore:[#166]#236])>+0: {"op": "PrimOp". "name": "setRef(Ref[Ptr]. Ptr): Unit". "out": {"any": [0]}. "in": {"any": [3. 2]}}')
debug_merge_point(0, 0, '4417<main.rpyeffect:84([mcore:[#166]#236])>+1: {"op": "Return". "args": {"any": [0]}}')
debug_merge_point(0, 0, '4385<main.rpyeffect:52([k@[#179]#181])>+0: {"op": "Const". "type": "ptr". "out": 0. "format": "string". "value": "Name(import$std/core/hnd)"}')
debug_merge_point(0, 0, '4385<main.rpyeffect:52([k@[#179]#181])>+1: {"op": "PrimOp". "name": "getGlobal(String): Ptr". "out": {"any": [0]}. "in": {"any": [0]}}')
debug_merge_point(0, 0, '4385<main.rpyeffect:52([k@[#179]#181])>+2: {"op": "Jump". "target": 4412}')
debug_merge_point(0, 0, '4412<main.rpyeffect:79([mcore:[#149]#138])>+0: {"op": "Const". "type": "ptr". "out": 0. "format": "int". "value": "<IntValue object at 0x11845f310>"}')
debug_merge_point(0, 0, '4412<main.rpyeffect:79([mcore:[#149]#138])>+1: {"op": "Const". "type": "ptr". "out": 1. "format": "string". "value": "Name(import$std/core/hnd)"}')
debug_merge_point(0, 0, '4412<main.rpyeffect:79([mcore:[#149]#138])>+2: {"op": "PrimOp". "name": "getGlobal(String): Ptr". "out": {"any": [1]}. "in": {"any": [1]}}')
debug_merge_point(0, 0, '4412<main.rpyeffect:79([mcore:[#149]#138])>+3: {"op": "Push". "target": 4411. "args": {"any": [0]}}')
+756: setfield_gc(p62, i75, descr=<FieldS rpyeffect.value.UnboxedIntValueRef.inst_value 8>)
+760: jump(p0, p1, p2, p3, p4, i75, p19, p21, p23, p25, p27, p29, p31, p33, p35, p37, p62, i75, descr=TargetToken(4704476384))
+768: --end of the loop--
[afa6613] jit-log-opt-loop}
[ec9b1db] {jit-summary
Tracing:      	1	0.001329
Backend:      	1	0.000153
TOTAL:      		0.065450
ops:             	4639
heapcached ops:  	557
recorded ops:    	2676
  calls:         	2277
guards:          	168
opt ops:         	201
opt guards:      	18
opt guards shared:	13
forcings:        	0
abort: trace too long:	0
abort: compiling:	0
abort: vable escape:	0
abort: bad loop: 	0
abort: force quasi-immut:	0
abort: segmenting trace:	0
virtualizables forced:	0
nvirtuals:       	1
nvholes:         	0
nvreused:        	0
vecopt tried:    	0
vecopt success:  	0
Total # of loops:	1
Total # of bridges:	0
Freed # of loops:	0
Freed # of bridges:	0
[ec9d4b0] jit-summary}
