[b0465f9] {jit-log-opt-loop
# Loop 1 (4392<main.rpyeffect:59([mcore:[#176]#153])>+0: {"op": "Const", "type": "ptr", "out": 0, "format": "string", "value": "Name(import$std/core/hnd)"}) : loop with 410 ops
[p0, p1, p2, p3, p4]
+392: p5 = getfield_gc_r(p2, descr=<FieldP rpyeffect.environment.Environment.inst_values_ptr 16>)
+400: p7 = getarrayitem_gc_r(p5, 0, descr=<ArrayP 8>)
+404: p9 = getarrayitem_gc_r(p5, 1, descr=<ArrayP 8>)
+408: p11 = getarrayitem_gc_r(p5, 2, descr=<ArrayP 8>)
+412: p13 = getarrayitem_gc_r(p5, 3, descr=<ArrayP 8>)
+416: p15 = getarrayitem_gc_r(p5, 4, descr=<ArrayP 8>)
+420: p17 = getarrayitem_gc_r(p5, 5, descr=<ArrayP 8>)
+424: p19 = getarrayitem_gc_r(p5, 6, descr=<ArrayP 8>)
+428: p21 = getarrayitem_gc_r(p5, 7, descr=<ArrayP 8>)
+432: p23 = getarrayitem_gc_r(p5, 8, descr=<ArrayP 8>)
+436: p25 = getarrayitem_gc_r(p5, 9, descr=<ArrayP 8>)
+440: p27 = getarrayitem_gc_r(p5, 10, descr=<ArrayP 8>)
+444: p29 = getarrayitem_gc_r(p5, 11, descr=<ArrayP 8>)
+448: p31 = getarrayitem_gc_r(p5, 12, descr=<ArrayP 8>)
+452: p33 = getarrayitem_gc_r(p5, 13, descr=<ArrayP 8>)
+456: p35 = getarrayitem_gc_r(p5, 14, descr=<ArrayP 8>)
+460: p37 = getarrayitem_gc_r(p5, 15, descr=<ArrayP 8>)
+464: label(p0, p1, p2, p3, p4, p7, p9, p11, p13, p15, p17, p19, p21, p23, p25, p27, p29, p31, p33, p35, p37, descr=TargetToken(5643830304))
debug_merge_point(0, 0, '4392<main.rpyeffect:59([mcore:[#176]#153])>+0: {"op": "Const". "type": "ptr". "out": 0. "format": "string". "value": "Name(import$std/core/hnd)"}')
+528: guard_not_invalidated(descr=<Guard0x1505f3ad8>) [p2, p7, p9, p11, p13, p15, p17, p19, p21, p23, p25, p27, p29, p31, p33, p35, p37, p0, p1, p3, p4]
debug_merge_point(0, 0, '4392<main.rpyeffect:59([mcore:[#176]#153])>+1: {"op": "PrimOp". "name": "getGlobal(String): Ptr". "out": {"any": [0]}. "in": {"any": [0]}}')
debug_merge_point(0, 0, '4392<main.rpyeffect:59([mcore:[#176]#153])>+2: {"op": "CallLib". "lib": "0". "symbol": "getCurrentEvv"}')
+532: guard_nonnull(p1, descr=<Guard0x150872800>) [p2, p7, p9, p11, p13, p15, p17, p19, p21, p23, p25, p27, p29, p31, p33, p35, p37, p0, p1, p3, p4]
+544: i38 = getfield_gc_i(p1, descr=<FieldS rpyeffect.stored_environment.Stack__arb.inst_target 16 pure>)
+552: guard_value(i38, 4423, descr=<Guard0x150872830>) [p2, p7, p9, p11, p13, p15, p17, p19, p21, p23, p25, p27, p29, p31, p33, p35, p37, p0, p1, p3, p4]
debug_merge_point(0, 0, '301<std_core_hnd.rpyeffect:0(Name(getCurrentEvv))>+0: {"op": "Const". "type": "ptr". "out": 0. "format": "string". "value": "current-evv"}')
debug_merge_point(0, 0, '301<std_core_hnd.rpyeffect:0(Name(getCurrentEvv))>+1: {"op": "PrimOp". "name": "getGlobal(String): Ptr". "out": {"any": [0]}. "in": {"any": [0]}}')
debug_merge_point(0, 0, '301<std_core_hnd.rpyeffect:0(Name(getCurrentEvv))>+2: {"op": "PrimOp". "name": "getRef(Ref[Ptr]): Ptr". "out": {"any": [0]}. "in": {"any": [0]}}')
+568: p41 = getfield_gc_r(ConstPtr(ptr40), descr=<FieldP rpyeffect.region.Ref.inst_value 16>)
+576: guard_value(p41, ConstPtr(ptr42), descr=<Guard0x1505f3b20>) [p2, p7, p9, p11, p13, p15, p17, p19, p21, p23, p25, p27, p29, p31, p33, p35, p37, p0, p1, p3, p4]
debug_merge_point(0, 0, '301<std_core_hnd.rpyeffect:0(Name(getCurrentEvv))>+3: {"op": "Return". "args": {"any": [0]}}')
+584: p43 = getfield_gc_r(p1, descr=<FieldP rpyeffect.stored_environment.Stack__1.inst_values_ptr_0 32 pure>)
+588: p44 = getfield_gc_r(p1, descr=<FieldP rpyeffect.stored_environment.Stack__arb.inst_tail 8 pure>)
debug_merge_point(0, 0, '4423<main.rpyeffect:90([k@[mcore:[#200]#167]#173])>+0: {"op": "PrimOp". "name": "promote_ptr". "out": {"any": [0]}. "in": {"any": [0]}}')
+592: i46 = instance_ptr_eq(ConstPtr(ptr45), p41)
guard_true(i46, descr=<Guard0x150872860>) [p2, p7, p9, p11, p13, p15, p17, p19, p21, p23, p25, p27, p29, p31, p33, p35, p37, p0, p1, p3, p4]
debug_merge_point(0, 0, '4423<main.rpyeffect:90([k@[mcore:[#200]#167]#173])>+1: {"op": "Const". "type": "ptr". "out": 2. "format": "string". "value": "Name(import$std/core/hnd)"}')
debug_merge_point(0, 0, '4423<main.rpyeffect:90([k@[mcore:[#200]#167]#173])>+2: {"op": "PrimOp". "name": "getGlobal(String): Ptr". "out": {"any": [2]}. "in": {"any": [2]}}')
debug_merge_point(0, 0, '4423<main.rpyeffect:90([k@[mcore:[#200]#167]#173])>+3: {"op": "Push". "target": 4422. "args": {"any": []}}')
debug_merge_point(0, 0, '4423<main.rpyeffect:90([k@[mcore:[#200]#167]#173])>+4: {"op": "Jump". "target": 4391}')
debug_merge_point(0, 0, '4391<main.rpyeffect:58([mcore:[#175]#147])>+0: {"op": "Const". "type": "ptr". "out": 2. "format": "string". "value": "Name(import$std/core/hnd)"}')
debug_merge_point(0, 0, '4391<main.rpyeffect:58([mcore:[#175]#147])>+1: {"op": "PrimOp". "name": "getGlobal(String): Ptr". "out": {"any": [2]}. "in": {"any": [2]}}')
debug_merge_point(0, 0, '4391<main.rpyeffect:58([mcore:[#175]#147])>+2: {"op": "CallLib". "lib": "2". "symbol": "elt"}')
debug_merge_point(0, 0, '341<std_core_hnd.rpyeffect:40(Name(elt))>+0: {"op": "Switch". "scrutinee": 1. "values": [<IntValue object at 0x160615d70>]. "targets": [339]. "default": 340}')
+600: guard_nonnull_class(p43, ConstClass(IntValue), descr=<Guard0x1505f3b68>) [p2, p7, p9, p11, p13, p15, p17, p19, p21, p23, p25, p27, p29, p31, p33, p35, p37, p0, p1, p3, p4]
+624: i48 = getfield_gc_i(p43, descr=<FieldS rpyeffect.value.IntValue.inst_value 8 pure>)
+628: i50 = int_eq(i48, 0)
guard_true(i50, descr=<Guard0x150872890>) [p2, p7, p9, p11, p13, p15, p17, p19, p21, p23, p25, p27, p29, p31, p33, p35, p37, p0, p1, p3, p4]
debug_merge_point(0, 0, '339<std_core_hnd.rpyeffect:38([switch case for Int(0)#100])>+0: {"op": "Proj". "out": 0. "type": Interned(evv). "scrutinee": 0. "tag": Interned(cons). "field": 0. "field_type": "any"}')
+636: p52 = getfield_gc_r(ConstPtr(ptr51), descr=<FieldP rpyeffect.data.Data.inst_tag 8>)
+644: guard_value(p52, ConstPtr(ptr53), descr=<Guard0x1508728c0>) [p2, p7, p9, p11, p13, p15, p17, p19, p21, p23, p25, p27, p29, p31, p33, p35, p37, p0, p1, p3, p4]
debug_merge_point(0, 0, '339<std_core_hnd.rpyeffect:38([switch case for Int(0)#100])>+1: {"op": "Return". "args": {"any": [0]}}')
debug_merge_point(0, 0, '4422<main.rpyeffect:89([k@[k@[mcore:[#200]#167]#173]#181])>+0: {"op": "Push". "target": 4412. "args": {"any": []}}')
debug_merge_point(0, 0, '4422<main.rpyeffect:89([k@[k@[mcore:[#200]#167]#173]#181])>+1: {"op": "Match". "type": Interned(std/core/hnd/ev). "scrutinee": 0. "clauses": [{"tag": Interned(std/core/hnd/Ev). "target": 4421. "args": {"any": [1. 2. 3. 4]}}]. "default": {"tag": Interned(635048b5-cb87-4c92-8eb6-3e7f5df2843e#[Missing Tag#878]). "target": 4413. "args": {"any": []}}}')
+656: p55 = getfield_gc_r(ConstPtr(ptr54), descr=<FieldP rpyeffect.data.Data.inst_tag 8>)
+664: guard_value(p55, ConstPtr(ptr56), descr=<Guard0x1508728f0>) [p2, p7, p9, p11, p13, p15, p17, p19, p21, p23, p25, p27, p29, p31, p33, p35, p37, p0, p1, p3, p4]
debug_merge_point(0, 0, '4421<main.rpyeffect:88([#234])>+0: {"op": "Copy". "type": "any". "from": 0. "to". 1}')
debug_merge_point(0, 0, '4421<main.rpyeffect:88([#234])>+1: {"op": "Copy". "type": "any". "from": 2. "to". 0}')
debug_merge_point(0, 0, '4421<main.rpyeffect:88([#234])>+2: {"op": "Match". "type": Interned(main/state). "scrutinee": 3. "clauses": [{"tag": Interned(main/@Hnd-state). "target": 4420. "args": {"any": [2. 3. 4]}}]. "default": {"tag": Interned(635048b5-cb87-4c92-8eb6-3e7f5df2843e#[Missing Tag#877]). "target": 4415. "args": {"any": []}}}')
+676: p58 = getfield_gc_r(ConstPtr(ptr57), descr=<FieldP rpyeffect.data.Data.inst_tag 8>)
+684: guard_value(p58, ConstPtr(ptr59), descr=<Guard0x150872920>) [p2, p7, p9, p11, p13, p15, p17, p19, p21, p23, p25, p27, p29, p31, p33, p35, p37, p0, p1, p3, p4]
debug_merge_point(0, 0, '4420<main.rpyeffect:87([match_main/@Hnd-state@[#234]#239])>+0: {"op": "Match". "type": Interned(std/core/hnd/clause0). "scrutinee": 3. "clauses": [{"tag": Interned(std/core/hnd/Clause0). "target": 4419. "args": {"any": [2]}}]. "default": {"tag": Interned(635048b5-cb87-4c92-8eb6-3e7f5df2843e#[Missing Tag#876]). "target": 4417. "args": {"any": []}}}')
+696: p61 = getfield_gc_r(ConstPtr(ptr60), descr=<FieldP rpyeffect.data.Data.inst_tag 8>)
+704: guard_value(p61, ConstPtr(ptr62), descr=<Guard0x150872950>) [p2, p7, p9, p11, p13, p15, p17, p19, p21, p23, p25, p27, p29, p31, p33, p35, p37, p0, p1, p3, p4]
debug_merge_point(0, 0, '4419<main.rpyeffect:86([#244])>+0: {"op": "Invoke". "receiver": 2. "tag": Interned(apply). "args" : {"any": [0. 1]}}')
debug_merge_point(0, 0, '1119<std_core_hnd.rpyeffect:818([method_apply@[mcore:[#1231]#2267]#2271])>+0: {"op": "Const". "type": "ptr". "out": 3. "format": "string". "value": "Name(import$std/core/hnd)"}')
debug_merge_point(0, 0, '1119<std_core_hnd.rpyeffect:818([method_apply@[mcore:[#1231]#2267]#2271])>+1: {"op": "PrimOp". "name": "getGlobal(String): Ptr". "out": {"any": [3]}. "in": {"any": [3]}}')
debug_merge_point(0, 0, '1119<std_core_hnd.rpyeffect:818([method_apply@[mcore:[#1231]#2267]#2271])>+2: {"op": "Swap". "type": "any". "a": 2. "b". 3}')
debug_merge_point(0, 0, '1119<std_core_hnd.rpyeffect:818([method_apply@[mcore:[#1231]#2267]#2271])>+3: {"op": "Jump". "target": 1118}')
debug_merge_point(0, 0, '1118<std_core_hnd.rpyeffect:817([mcore:[#1229]#2231])>+0: {"op": "Push". "target": 1114. "args": {"any": [1. 3]}}')
debug_merge_point(0, 0, '1118<std_core_hnd.rpyeffect:817([mcore:[#1229]#2231])>+1: {"op": "Match". "type": Interned(std/core/hnd/ev). "scrutinee": 1. "clauses": [{"tag": Interned(std/core/hnd/Ev). "target": 1117. "args": {"any": [0. 1. 2. 3]}}]. "default": {"tag": Interned(9ecfa5c6-d050-4adc-badf-39eef9fcb0bd#[Missing Tag#3076]). "target": 1115. "args": {"any": []}}}')
debug_merge_point(0, 0, '1117<std_core_hnd.rpyeffect:816([#2260])>+0: {"op": "Const". "type": "ptr". "out": 0. "format": "string". "value": "Name(import$std/core/hnd)"}')
debug_merge_point(0, 0, '1117<std_core_hnd.rpyeffect:816([#2260])>+1: {"op": "PrimOp". "name": "getGlobal(String): Ptr". "out": {"any": [0]}. "in": {"any": [0]}}')
debug_merge_point(0, 0, '1117<std_core_hnd.rpyeffect:816([#2260])>+2: {"op": "Copy". "type": "any". "from": 0. "to". 1}')
debug_merge_point(0, 0, '1117<std_core_hnd.rpyeffect:816([#2260])>+3: {"op": "Copy". "type": "any". "from": 3. "to". 0}')
debug_merge_point(0, 0, '1117<std_core_hnd.rpyeffect:816([#2260])>+4: {"op": "Jump". "target": 1088}')
debug_merge_point(0, 0, '1088<std_core_hnd.rpyeffect:787([mcore:[#1212]#2170])>+0: {"op": "Const". "type": "ptr". "out": 1. "format": "string". "value": "Name(import$std/core/hnd)"}')
debug_merge_point(0, 0, '1088<std_core_hnd.rpyeffect:787([mcore:[#1212]#2170])>+1: {"op": "PrimOp". "name": "getGlobal(String): Ptr". "out": {"any": [1]}. "in": {"any": [1]}}')
debug_merge_point(0, 0, '1088<std_core_hnd.rpyeffect:787([mcore:[#1212]#2170])>+2: {"op": "CallLib". "lib": "1". "symbol": "swapCurrentEvv"}')
debug_merge_point(0, 0, '303<std_core_hnd.rpyeffect:2(Name(swapCurrentEvv))>+0: {"op": "Const". "type": "ptr". "out": 1. "format": "string". "value": "current-evv"}')
debug_merge_point(0, 0, '303<std_core_hnd.rpyeffect:2(Name(swapCurrentEvv))>+1: {"op": "PrimOp". "name": "getGlobal(String): Ptr". "out": {"any": [1]}. "in": {"any": [1]}}')
debug_merge_point(0, 0, '303<std_core_hnd.rpyeffect:2(Name(swapCurrentEvv))>+2: {"op": "PrimOp". "name": "getRef(Ref[Ptr]): Ptr". "out": {"any": [2]}. "in": {"any": [1]}}')
debug_merge_point(0, 0, '303<std_core_hnd.rpyeffect:2(Name(swapCurrentEvv))>+3: {"op": "PrimOp". "name": "setRef(Ref[Ptr]. Ptr): Unit". "out": {"any": [0]}. "in": {"any": [1. 0]}}')
debug_merge_point(0, 0, '303<std_core_hnd.rpyeffect:2(Name(swapCurrentEvv))>+4: {"op": "Copy". "type": "any". "from": 2. "to". 0}')
debug_merge_point(0, 0, '303<std_core_hnd.rpyeffect:2(Name(swapCurrentEvv))>+5: {"op": "Return". "args": {"any": [0]}}')
debug_merge_point(0, 0, '1114<std_core_hnd.rpyeffect:813([k@[mcore:[#1229]#2231]#2233])>+0: {"op": "Push". "target": 1113. "args": {"any": [1. 0]}}')
debug_merge_point(0, 0, '1114<std_core_hnd.rpyeffect:813([k@[mcore:[#1229]#2231]#2233])>+1: {"op": "Invoke". "receiver": 2. "tag": Interned(apply). "args" : {"any": []}}')
debug_merge_point(0, 0, '4431<main.rpyeffect:98([method_apply@[mcore:[#224]#267]#271])>+0: {"op": "Jump". "target": 4427}')
debug_merge_point(0, 0, '4427<main.rpyeffect:94([mcore:[#210]#259])>+0: {"op": "PrimOp". "name": "getRef(Ref[Ptr]): Ptr". "out": {"any": [0]}. "in": {"any": [0]}}')
+780: setfield_gc(ConstPtr(ptr63), ConstPtr(ptr64), descr=<FieldP rpyeffect.region.Ref.inst_value 16>)
+788: p66 = getfield_gc_r(ConstPtr(ptr65), descr=<FieldP rpyeffect.region.Ref.inst_value 16>)
+792: i67 = getfield_gc_i(p66, descr=<FieldS rpyeffect.value.UnboxedIntValueRef.inst_value 8>)
debug_merge_point(0, 0, '4427<main.rpyeffect:94([mcore:[#210]#259])>+1: {"op": "Return". "args": {"any": [0]}}')
debug_merge_point(0, 0, '1113<std_core_hnd.rpyeffect:812([k@[k@[mcore:[#1229]#2231]#2233]#2235])>+0: {"op": "Const". "type": "ptr". "out": 3. "format": "string". "value": "Name(import$std/core/hnd)"}')
debug_merge_point(0, 0, '1113<std_core_hnd.rpyeffect:812([k@[k@[mcore:[#1229]#2231]#2233]#2235])>+1: {"op": "PrimOp". "name": "getGlobal(String): Ptr". "out": {"any": [3]}. "in": {"any": [3]}}')
debug_merge_point(0, 0, '1113<std_core_hnd.rpyeffect:812([k@[k@[mcore:[#1229]#2231]#2233]#2235])>+2: {"op": "Push". "target": 1112. "args": {"any": [1. 0]}}')
debug_merge_point(0, 0, '1113<std_core_hnd.rpyeffect:812([k@[k@[mcore:[#1229]#2231]#2233]#2235])>+3: {"op": "Copy". "type": "any". "from": 3. "to". 1}')
debug_merge_point(0, 0, '1113<std_core_hnd.rpyeffect:812([k@[k@[mcore:[#1229]#2231]#2233]#2235])>+4: {"op": "Copy". "type": "any". "from": 2. "to". 0}')
debug_merge_point(0, 0, '1113<std_core_hnd.rpyeffect:812([k@[k@[mcore:[#1229]#2231]#2233]#2235])>+5: {"op": "Jump". "target": 1089}')
debug_merge_point(0, 0, '1089<std_core_hnd.rpyeffect:788([mcore:[#1214]#2175])>+0: {"op": "Const". "type": "ptr". "out": 1. "format": "string". "value": "Name(import$std/core/hnd)"}')
debug_merge_point(0, 0, '1089<std_core_hnd.rpyeffect:788([mcore:[#1214]#2175])>+1: {"op": "PrimOp". "name": "getGlobal(String): Ptr". "out": {"any": [1]}. "in": {"any": [1]}}')
debug_merge_point(0, 0, '1089<std_core_hnd.rpyeffect:788([mcore:[#1214]#2175])>+2: {"op": "CallLib". "lib": "1". "symbol": "setCurrentEvv"}')
debug_merge_point(0, 0, '302<std_core_hnd.rpyeffect:1(Name(setCurrentEvv))>+0: {"op": "Const". "type": "ptr". "out": 1. "format": "string". "value": "current-evv"}')
debug_merge_point(0, 0, '302<std_core_hnd.rpyeffect:1(Name(setCurrentEvv))>+1: {"op": "PrimOp". "name": "getGlobal(String): Ptr". "out": {"any": [1]}. "in": {"any": [1]}}')
debug_merge_point(0, 0, '302<std_core_hnd.rpyeffect:1(Name(setCurrentEvv))>+2: {"op": "PrimOp". "name": "setRef(Ref[Ptr]. Ptr): Unit". "out": {"any": [0]}. "in": {"any": [1. 0]}}')
debug_merge_point(0, 0, '302<std_core_hnd.rpyeffect:1(Name(setCurrentEvv))>+3: {"op": "Return". "args": {"any": [0]}}')
debug_merge_point(0, 0, '1112<std_core_hnd.rpyeffect:811([#2240])>+0: {"op": "Const". "type": "ptr". "out": 0. "format": "bool". "value": "<BoolValue object at 0x16071a110>"}')
debug_merge_point(0, 0, '1112<std_core_hnd.rpyeffect:811([#2240])>+1: {"op": "Swap". "type": "any". "a": 0. "b". 1}')
debug_merge_point(0, 0, '1112<std_core_hnd.rpyeffect:811([#2240])>+2: {"op": "Swap". "type": "any". "a": 2. "b". 1}')
debug_merge_point(0, 0, '1112<std_core_hnd.rpyeffect:811([#2240])>+3: {"op": "Switch". "scrutinee": 2. "values": [<BoolValue object at 0x16071a100>]. "targets": [1108]. "default": 1111}')
debug_merge_point(0, 0, '1111<std_core_hnd.rpyeffect:810([switch default case#2255])>+0: {"op": "Const". "type": "ptr". "out": 0. "format": "bool". "value": "<BoolValue object at 0x16071a130>"}')
debug_merge_point(0, 0, '1111<std_core_hnd.rpyeffect:810([switch default case#2255])>+1: {"op": "Swap". "type": "any". "a": 0. "b". 1}')
debug_merge_point(0, 0, '1111<std_core_hnd.rpyeffect:810([switch default case#2255])>+2: {"op": "Switch". "scrutinee": 1. "values": [<BoolValue object at 0x16071a120>]. "targets": [1109]. "default": 1110}')
debug_merge_point(0, 0, '1109<std_core_hnd.rpyeffect:808([switch case for Bool(false)#2257])>+0: {"op": "Return". "args": {"any": [0]}}')
debug_merge_point(0, 0, '4412<main.rpyeffect:79([k@[k@[k@[mcore:[#200]#167]#173]#181]#183])>+0: {"op": "Const". "type": "ptr". "out": 1. "format": "int". "value": "<IntValue object at 0x15040eed0>"}')
debug_merge_point(0, 0, '4412<main.rpyeffect:79([k@[k@[k@[mcore:[#200]#167]#173]#181]#183])>+1: {"op": "PrimOp". "name": "infixEq(Int. Int): Boolean". "out": {"any": [1]}. "in": {"any": [0. 1]}}')
+796: i69 = int_eq(i67, 0)
debug_merge_point(0, 0, '4412<main.rpyeffect:79([k@[k@[k@[mcore:[#200]#167]#173]#181]#183])>+2: {"op": "Switch". "scrutinee": 1. "values": [<BoolValue object at 0x15040eea0>]. "targets": [4395]. "default": 4411}')
+868: setfield_gc(ConstPtr(ptr70), ConstPtr(ptr42), descr=<FieldP rpyeffect.region.Ref.inst_value 16>)
+872: guard_false(i69, descr=<Guard0x1505f3bb0>) [p2, p17, p19, p21, p23, p25, p27, p29, p31, p33, p35, p37, i69, p0, p44, p3, p4, i67]
+880: guard_nonnull(p44, descr=<Guard0x150872980>) [p2, p17, p19, p21, p23, p25, p27, p29, p31, p33, p35, p37, i69, p0, p44, p3, p4, i67]
+888: i71 = getfield_gc_i(p44, descr=<FieldS rpyeffect.stored_environment.Stack__arb.inst_target 16 pure>)
+892: guard_value(i71, 693, descr=<Guard0x1508729b0>) [p2, p17, p19, p21, p23, p25, p27, p29, p31, p33, p35, p37, i69, p0, p44, p3, p4, i67]
debug_merge_point(0, 0, '4411<main.rpyeffect:78([switch default case#188])>+0: {"op": "Const". "type": "ptr". "out": 1. "format": "int". "value": "<IntValue object at 0x15040ef10>"}')
debug_merge_point(0, 0, '4411<main.rpyeffect:78([switch default case#188])>+1: {"op": "PrimOp". "name": "infixEq(Int. Int): Boolean". "out": {"any": [1]}. "in": {"any": [0. 1]}}')
debug_merge_point(0, 0, '4411<main.rpyeffect:78([switch default case#188])>+2: {"op": "Switch". "scrutinee": 1. "values": [<BoolValue object at 0x15040eee0>]. "targets": [4409]. "default": 4410}')
debug_merge_point(0, 0, '4409<main.rpyeffect:76([switch case for Bool(false)#192])>+0: {"op": "Const". "type": "ptr". "out": 1. "format": "int". "value": "<IntValue object at 0x15040eff0>"}')
debug_merge_point(0, 0, '4409<main.rpyeffect:76([switch case for Bool(false)#192])>+1: {"op": "PrimOp". "name": "infixSub(Int. Int): Int". "out": {"any": [0]}. "in": {"any": [0. 1]}}')
+904: i74 = int_sub(i67, 1)
debug_merge_point(0, 0, '4409<main.rpyeffect:76([switch case for Bool(false)#192])>+2: {"op": "Const". "type": "ptr". "out": 1. "format": "int". "value": "<IntValue object at 0x15040efc0>"}')
debug_merge_point(0, 0, '4409<main.rpyeffect:76([switch case for Bool(false)#192])>+3: {"op": "Const". "type": "ptr". "out": 2. "format": "string". "value": "Name(import$std/core/hnd)"}')
debug_merge_point(0, 0, '4409<main.rpyeffect:76([switch case for Bool(false)#192])>+4: {"op": "PrimOp". "name": "getGlobal(String): Ptr". "out": {"any": [2]}. "in": {"any": [2]}}')
debug_merge_point(0, 0, '4409<main.rpyeffect:76([switch case for Bool(false)#192])>+5: {"op": "Push". "target": 4408. "args": {"any": [1. 0]}}')
debug_merge_point(0, 0, '4409<main.rpyeffect:76([switch case for Bool(false)#192])>+6: {"op": "Copy". "type": "any". "from": 2. "to". 0}')
debug_merge_point(0, 0, '4409<main.rpyeffect:76([switch case for Bool(false)#192])>+7: {"op": "Jump". "target": 4394}')
debug_merge_point(0, 0, '4394<main.rpyeffect:61([mcore:[#190]#163])>+0: {"op": "Const". "type": "ptr". "out": 0. "format": "string". "value": "Name(import$std/core/hnd)"}')
debug_merge_point(0, 0, '4394<main.rpyeffect:61([mcore:[#190]#163])>+1: {"op": "PrimOp". "name": "getGlobal(String): Ptr". "out": {"any": [0]}. "in": {"any": [0]}}')
debug_merge_point(0, 0, '4394<main.rpyeffect:61([mcore:[#190]#163])>+2: {"op": "CallLib". "lib": "0". "symbol": "getCurrentEvv"}')
debug_merge_point(0, 0, '301<std_core_hnd.rpyeffect:0(Name(getCurrentEvv))>+0: {"op": "Const". "type": "ptr". "out": 0. "format": "string". "value": "current-evv"}')
debug_merge_point(0, 0, '301<std_core_hnd.rpyeffect:0(Name(getCurrentEvv))>+1: {"op": "PrimOp". "name": "getGlobal(String): Ptr". "out": {"any": [0]}. "in": {"any": [0]}}')
debug_merge_point(0, 0, '301<std_core_hnd.rpyeffect:0(Name(getCurrentEvv))>+2: {"op": "PrimOp". "name": "getRef(Ref[Ptr]): Ptr". "out": {"any": [0]}. "in": {"any": [0]}}')
debug_merge_point(0, 0, '301<std_core_hnd.rpyeffect:0(Name(getCurrentEvv))>+3: {"op": "Return". "args": {"any": [0]}}')
debug_merge_point(0, 0, '4408<main.rpyeffect:75([k@[switch case for Bool(false)#192]#200])>+0: {"op": "PrimOp". "name": "promote_ptr". "out": {"any": [0]}. "in": {"any": [0]}}')
debug_merge_point(0, 0, '4408<main.rpyeffect:75([k@[switch case for Bool(false)#192]#200])>+1: {"op": "Const". "type": "ptr". "out": 3. "format": "string". "value": "Name(import$std/core/hnd)"}')
debug_merge_point(0, 0, '4408<main.rpyeffect:75([k@[switch case for Bool(false)#192]#200])>+2: {"op": "PrimOp". "name": "getGlobal(String): Ptr". "out": {"any": [3]}. "in": {"any": [3]}}')
debug_merge_point(0, 0, '4408<main.rpyeffect:75([k@[switch case for Bool(false)#192]#200])>+3: {"op": "Push". "target": 4407. "args": {"any": [2]}}')
debug_merge_point(0, 0, '4408<main.rpyeffect:75([k@[switch case for Bool(false)#192]#200])>+4: {"op": "Copy". "type": "any". "from": 3. "to". 2}')
debug_merge_point(0, 0, '4408<main.rpyeffect:75([k@[switch case for Bool(false)#192]#200])>+5: {"op": "Jump". "target": 4393}')
debug_merge_point(0, 0, '4393<main.rpyeffect:60([mcore:[#189]#157])>+0: {"op": "Const". "type": "ptr". "out": 2. "format": "string". "value": "Name(import$std/core/hnd)"}')
debug_merge_point(0, 0, '4393<main.rpyeffect:60([mcore:[#189]#157])>+1: {"op": "PrimOp". "name": "getGlobal(String): Ptr". "out": {"any": [2]}. "in": {"any": [2]}}')
debug_merge_point(0, 0, '4393<main.rpyeffect:60([mcore:[#189]#157])>+2: {"op": "CallLib". "lib": "2". "symbol": "elt"}')
debug_merge_point(0, 0, '341<std_core_hnd.rpyeffect:40(Name(elt))>+0: {"op": "Switch". "scrutinee": 1. "values": [<IntValue object at 0x160615d70>]. "targets": [339]. "default": 340}')
debug_merge_point(0, 0, '339<std_core_hnd.rpyeffect:38([switch case for Int(0)#100])>+0: {"op": "Proj". "out": 0. "type": Interned(evv). "scrutinee": 0. "tag": Interned(cons). "field": 0. "field_type": "any"}')
debug_merge_point(0, 0, '339<std_core_hnd.rpyeffect:38([switch case for Int(0)#100])>+1: {"op": "Return". "args": {"any": [0]}}')
debug_merge_point(0, 0, '4407<main.rpyeffect:74([#208])>+0: {"op": "Push". "target": 4397. "args": {"any": []}}')
debug_merge_point(0, 0, '4407<main.rpyeffect:74([#208])>+1: {"op": "Match". "type": Interned(std/core/hnd/ev). "scrutinee": 0. "clauses": [{"tag": Interned(std/core/hnd/Ev). "target": 4406. "args": {"any": [2. 3. 4. 5]}}]. "default": {"tag": Interned(635048b5-cb87-4c92-8eb6-3e7f5df2843e#[Missing Tag#875]). "target": 4398. "args": {"any": []}}}')
debug_merge_point(0, 0, '4406<main.rpyeffect:73([match_std/core/hnd/Ev@[#208]#218])>+0: {"op": "Copy". "type": "any". "from": 1. "to". 2}')
debug_merge_point(0, 0, '4406<main.rpyeffect:73([match_std/core/hnd/Ev@[#208]#218])>+1: {"op": "Copy". "type": "any". "from": 0. "to". 1}')
debug_merge_point(0, 0, '4406<main.rpyeffect:73([match_std/core/hnd/Ev@[#208]#218])>+2: {"op": "Copy". "type": "any". "from": 3. "to". 0}')
debug_merge_point(0, 0, '4406<main.rpyeffect:73([match_std/core/hnd/Ev@[#208]#218])>+3: {"op": "Match". "type": Interned(main/state). "scrutinee": 4. "clauses": [{"tag": Interned(main/@Hnd-state). "target": 4405. "args": {"any": [3. 4. 5]}}]. "default": {"tag": Interned(635048b5-cb87-4c92-8eb6-3e7f5df2843e#[Missing Tag#874]). "target": 4400. "args": {"any": []}}}')
debug_merge_point(0, 0, '4405<main.rpyeffect:72([#223])>+0: {"op": "Match". "type": Interned(std/core/hnd/clause1). "scrutinee": 5. "clauses": [{"tag": Interned(std/core/hnd/Clause1). "target": 4404. "args": {"any": [3]}}]. "default": {"tag": Interned(635048b5-cb87-4c92-8eb6-3e7f5df2843e#[Missing Tag#873]). "target": 4402. "args": {"any": []}}}')
+912: p76 = getfield_gc_r(ConstPtr(ptr75), descr=<FieldP rpyeffect.data.Data.inst_tag 8>)
+920: guard_value(p76, ConstPtr(ptr77), descr=<Guard0x1508729e0>) [p2, p17, p19, p21, p23, p25, p27, p29, p31, p33, p35, p37, i69, p0, p44, p3, p4, i67]
debug_merge_point(0, 0, '4404<main.rpyeffect:71([match_std/core/hnd/Clause1@[#223]#228])>+0: {"op": "Invoke". "receiver": 3. "tag": Interned(apply). "args" : {"any": [0. 1. 2]}}')
debug_merge_point(0, 0, '1137<std_core_hnd.rpyeffect:836([method_apply@[mcore:[#1246]#2328]#2333])>+0: {"op": "Const". "type": "ptr". "out": 4. "format": "string". "value": "Name(import$std/core/hnd)"}')
debug_merge_point(0, 0, '1137<std_core_hnd.rpyeffect:836([method_apply@[mcore:[#1246]#2328]#2333])>+1: {"op": "PrimOp". "name": "getGlobal(String): Ptr". "out": {"any": [4]}. "in": {"any": [4]}}')
debug_merge_point(0, 0, '1137<std_core_hnd.rpyeffect:836([method_apply@[mcore:[#1246]#2328]#2333])>+2: {"op": "Swap". "type": "any". "a": 3. "b". 4}')
debug_merge_point(0, 0, '1137<std_core_hnd.rpyeffect:836([method_apply@[mcore:[#1246]#2328]#2333])>+3: {"op": "Jump". "target": 1136}')
debug_merge_point(0, 0, '1136<std_core_hnd.rpyeffect:835([mcore:[#1244]#2291])>+0: {"op": "Push". "target": 1132. "args": {"any": [1. 4. 2]}}')
debug_merge_point(0, 0, '1136<std_core_hnd.rpyeffect:835([mcore:[#1244]#2291])>+1: {"op": "Match". "type": Interned(std/core/hnd/ev). "scrutinee": 1. "clauses": [{"tag": Interned(std/core/hnd/Ev). "target": 1135. "args": {"any": [0. 1. 2. 3]}}]. "default": {"tag": Interned(9ecfa5c6-d050-4adc-badf-39eef9fcb0bd#[Missing Tag#3077]). "target": 1133. "args": {"any": []}}}')
debug_merge_point(0, 0, '1135<std_core_hnd.rpyeffect:834([#2321])>+0: {"op": "Const". "type": "ptr". "out": 0. "format": "string". "value": "Name(import$std/core/hnd)"}')
debug_merge_point(0, 0, '1135<std_core_hnd.rpyeffect:834([#2321])>+1: {"op": "PrimOp". "name": "getGlobal(String): Ptr". "out": {"any": [0]}. "in": {"any": [0]}}')
debug_merge_point(0, 0, '1135<std_core_hnd.rpyeffect:834([#2321])>+2: {"op": "Copy". "type": "any". "from": 0. "to". 1}')
debug_merge_point(0, 0, '1135<std_core_hnd.rpyeffect:834([#2321])>+3: {"op": "Copy". "type": "any". "from": 3. "to". 0}')
debug_merge_point(0, 0, '1135<std_core_hnd.rpyeffect:834([#2321])>+4: {"op": "Jump". "target": 1121}')
debug_merge_point(0, 0, '1121<std_core_hnd.rpyeffect:820([mcore:[#1233]#2277])>+0: {"op": "Const". "type": "ptr". "out": 1. "format": "string". "value": "Name(import$std/core/hnd)"}')
debug_merge_point(0, 0, '1121<std_core_hnd.rpyeffect:820([mcore:[#1233]#2277])>+1: {"op": "PrimOp". "name": "getGlobal(String): Ptr". "out": {"any": [1]}. "in": {"any": [1]}}')
debug_merge_point(0, 0, '1121<std_core_hnd.rpyeffect:820([mcore:[#1233]#2277])>+2: {"op": "CallLib". "lib": "1". "symbol": "swapCurrentEvv"}')
debug_merge_point(0, 0, '303<std_core_hnd.rpyeffect:2(Name(swapCurrentEvv))>+0: {"op": "Const". "type": "ptr". "out": 1. "format": "string". "value": "current-evv"}')
debug_merge_point(0, 0, '303<std_core_hnd.rpyeffect:2(Name(swapCurrentEvv))>+1: {"op": "PrimOp". "name": "getGlobal(String): Ptr". "out": {"any": [1]}. "in": {"any": [1]}}')
debug_merge_point(0, 0, '303<std_core_hnd.rpyeffect:2(Name(swapCurrentEvv))>+2: {"op": "PrimOp". "name": "getRef(Ref[Ptr]): Ptr". "out": {"any": [2]}. "in": {"any": [1]}}')
debug_merge_point(0, 0, '303<std_core_hnd.rpyeffect:2(Name(swapCurrentEvv))>+3: {"op": "PrimOp". "name": "setRef(Ref[Ptr]. Ptr): Unit". "out": {"any": [0]}. "in": {"any": [1. 0]}}')
debug_merge_point(0, 0, '303<std_core_hnd.rpyeffect:2(Name(swapCurrentEvv))>+4: {"op": "Copy". "type": "any". "from": 2. "to". 0}')
debug_merge_point(0, 0, '303<std_core_hnd.rpyeffect:2(Name(swapCurrentEvv))>+5: {"op": "Return". "args": {"any": [0]}}')
debug_merge_point(0, 0, '1132<std_core_hnd.rpyeffect:831([k@[mcore:[#1244]#2291]#2293])>+0: {"op": "Push". "target": 1131. "args": {"any": [1. 0]}}')
debug_merge_point(0, 0, '1132<std_core_hnd.rpyeffect:831([k@[mcore:[#1244]#2291]#2293])>+1: {"op": "Copy". "type": "any". "from": 3. "to". 0}')
debug_merge_point(0, 0, '1132<std_core_hnd.rpyeffect:831([k@[mcore:[#1244]#2291]#2293])>+2: {"op": "Invoke". "receiver": 2. "tag": Interned(apply). "args" : {"any": [0]}}')
debug_merge_point(0, 0, '4432<main.rpyeffect:99([method_apply@[k@[mcore:[#224]#267]#278]#282])>+0: {"op": "Jump". "target": 4429}')
debug_merge_point(0, 0, '4429<main.rpyeffect:96([mcore:[#217]#265])>+0: {"op": "PrimOp". "name": "setRef(Ref[Ptr]. Ptr): Unit". "out": {"any": [0]}. "in": {"any": [1. 0]}}')
+992: setfield_gc(ConstPtr(ptr78), ConstPtr(ptr79), descr=<FieldP rpyeffect.region.Ref.inst_value 16>)
+996: p81 = getfield_gc_r(ConstPtr(ptr80), descr=<FieldP rpyeffect.region.Ref.inst_value 16>)
debug_merge_point(0, 0, '4429<main.rpyeffect:96([mcore:[#217]#265])>+1: {"op": "Return". "args": {"any": [0]}}')
debug_merge_point(0, 0, '1131<std_core_hnd.rpyeffect:830([k@[k@[mcore:[#1244]#2291]#2293]#2295])>+0: {"op": "Const". "type": "ptr". "out": 3. "format": "bool". "value": "<BoolValue object at 0x16071a530>"}')
debug_merge_point(0, 0, '1131<std_core_hnd.rpyeffect:830([k@[k@[mcore:[#1244]#2291]#2293]#2295])>+1: {"op": "Swap". "type": "any". "a": 0. "b". 1}')
debug_merge_point(0, 0, '1131<std_core_hnd.rpyeffect:830([k@[k@[mcore:[#1244]#2291]#2293]#2295])>+2: {"op": "Swap". "type": "any". "a": 2. "b". 1}')
debug_merge_point(0, 0, '1131<std_core_hnd.rpyeffect:830([k@[k@[mcore:[#1244]#2291]#2293]#2295])>+3: {"op": "Switch". "scrutinee": 3. "values": [<BoolValue object at 0x16071a520>]. "targets": [1126]. "default": 1130}')
debug_merge_point(0, 0, '1130<std_core_hnd.rpyeffect:829([switch default case#2310])>+0: {"op": "Const". "type": "ptr". "out": 0. "format": "bool". "value": "<BoolValue object at 0x16071a550>"}')
debug_merge_point(0, 0, '1130<std_core_hnd.rpyeffect:829([switch default case#2310])>+1: {"op": "Swap". "type": "any". "a": 0. "b". 1}')
debug_merge_point(0, 0, '1130<std_core_hnd.rpyeffect:829([switch default case#2310])>+2: {"op": "Swap". "type": "any". "a": 2. "b". 1}')
debug_merge_point(0, 0, '1130<std_core_hnd.rpyeffect:829([switch default case#2310])>+3: {"op": "Switch". "scrutinee": 2. "values": [<BoolValue object at 0x16071a540>]. "targets": [1128]. "default": 1129}')
debug_merge_point(0, 0, '1128<std_core_hnd.rpyeffect:827([switch case for Bool(false)#2312])>+0: {"op": "Const". "type": "ptr". "out": 2. "format": "string". "value": "Name(import$std/core/hnd)"}')
debug_merge_point(0, 0, '1128<std_core_hnd.rpyeffect:827([switch case for Bool(false)#2312])>+1: {"op": "PrimOp". "name": "getGlobal(String): Ptr". "out": {"any": [2]}. "in": {"any": [2]}}')
debug_merge_point(0, 0, '1128<std_core_hnd.rpyeffect:827([switch case for Bool(false)#2312])>+2: {"op": "Push". "target": 1127. "args": {"any": [1]}}')
debug_merge_point(0, 0, '1128<std_core_hnd.rpyeffect:827([switch case for Bool(false)#2312])>+3: {"op": "Copy". "type": "any". "from": 2. "to". 1}')
debug_merge_point(0, 0, '1128<std_core_hnd.rpyeffect:827([switch case for Bool(false)#2312])>+4: {"op": "Jump". "target": 1123}')
debug_merge_point(0, 0, '1123<std_core_hnd.rpyeffect:822([mcore:[#1243]#2286])>+0: {"op": "Const". "type": "ptr". "out": 1. "format": "string". "value": "Name(import$std/core/hnd)"}')
debug_merge_point(0, 0, '1123<std_core_hnd.rpyeffect:822([mcore:[#1243]#2286])>+1: {"op": "PrimOp". "name": "getGlobal(String): Ptr". "out": {"any": [1]}. "in": {"any": [1]}}')
debug_merge_point(0, 0, '1123<std_core_hnd.rpyeffect:822([mcore:[#1243]#2286])>+2: {"op": "CallLib". "lib": "1". "symbol": "setCurrentEvv"}')
debug_merge_point(0, 0, '302<std_core_hnd.rpyeffect:1(Name(setCurrentEvv))>+0: {"op": "Const". "type": "ptr". "out": 1. "format": "string". "value": "current-evv"}')
debug_merge_point(0, 0, '302<std_core_hnd.rpyeffect:1(Name(setCurrentEvv))>+1: {"op": "PrimOp". "name": "getGlobal(String): Ptr". "out": {"any": [1]}. "in": {"any": [1]}}')
debug_merge_point(0, 0, '302<std_core_hnd.rpyeffect:1(Name(setCurrentEvv))>+2: {"op": "PrimOp". "name": "setRef(Ref[Ptr]. Ptr): Unit". "out": {"any": [0]}. "in": {"any": [1. 0]}}')
debug_merge_point(0, 0, '302<std_core_hnd.rpyeffect:1(Name(setCurrentEvv))>+3: {"op": "Return". "args": {"any": [0]}}')
debug_merge_point(0, 0, '1127<std_core_hnd.rpyeffect:826([k@[switch case for Bool(false)#2312]#2317])>+0: {"op": "Copy". "type": "any". "from": 1. "to". 0}')
debug_merge_point(0, 0, '1127<std_core_hnd.rpyeffect:826([k@[switch case for Bool(false)#2312]#2317])>+1: {"op": "Return". "args": {"any": [0]}}')
debug_merge_point(0, 0, '4397<main.rpyeffect:64([k@[#208]#210])>+0: {"op": "Const". "type": "ptr". "out": 0. "format": "string". "value": "Name(import$std/core/hnd)"}')
debug_merge_point(0, 0, '4397<main.rpyeffect:64([k@[#208]#210])>+1: {"op": "PrimOp". "name": "getGlobal(String): Ptr". "out": {"any": [0]}. "in": {"any": [0]}}')
debug_merge_point(0, 0, '4397<main.rpyeffect:64([k@[#208]#210])>+2: {"op": "Jump". "target": 4424}')
debug_merge_point(0, 0, '4424<main.rpyeffect:91([mcore:[#200]#167])>+0: {"op": "Const". "type": "ptr". "out": 0. "format": "int". "value": "<IntValue object at 0x15040f390>"}')
debug_merge_point(0, 0, '4424<main.rpyeffect:91([mcore:[#200]#167])>+1: {"op": "Const". "type": "ptr". "out": 1. "format": "string". "value": "Name(import$std/core/hnd)"}')
debug_merge_point(0, 0, '4424<main.rpyeffect:91([mcore:[#200]#167])>+2: {"op": "PrimOp". "name": "getGlobal(String): Ptr". "out": {"any": [1]}. "in": {"any": [1]}}')
debug_merge_point(0, 0, '4424<main.rpyeffect:91([mcore:[#200]#167])>+3: {"op": "Push". "target": 4423. "args": {"any": [0]}}')
debug_merge_point(0, 0, '4424<main.rpyeffect:91([mcore:[#200]#167])>+4: {"op": "Copy". "type": "any". "from": 1. "to". 0}')
debug_merge_point(0, 0, '4424<main.rpyeffect:91([mcore:[#200]#167])>+5: {"op": "Jump". "target": 4392}')
debug_merge_point(0, 0, '4392<main.rpyeffect:59([mcore:[#176]#153])>+0: {"op": "Const". "type": "ptr". "out": 0. "format": "string". "value": "Name(import$std/core/hnd)"}')
+1064: setfield_gc(ConstPtr(ptr82), ConstPtr(ptr42), descr=<FieldP rpyeffect.region.Ref.inst_value 16>)
+1068: setfield_gc(p81, i74, descr=<FieldS rpyeffect.value.UnboxedIntValueRef.inst_value 8>)
+1072: label(p0, p44, p2, p3, p4, p19, p21, p23, p25, p27, p29, p31, p33, p35, p37, descr=TargetToken(5643830368))
debug_merge_point(0, 0, '4392<main.rpyeffect:59([mcore:[#176]#153])>+0: {"op": "Const". "type": "ptr". "out": 0. "format": "string". "value": "Name(import$std/core/hnd)"}')
+1076: guard_not_invalidated(descr=<Guard0x1505f3bf8>) [p2, p19, p21, p23, p25, p27, p29, p31, p33, p35, p37, p0, p3, p4, p44]
debug_merge_point(0, 0, '4392<main.rpyeffect:59([mcore:[#176]#153])>+1: {"op": "PrimOp". "name": "getGlobal(String): Ptr". "out": {"any": [0]}. "in": {"any": [0]}}')
debug_merge_point(0, 0, '4392<main.rpyeffect:59([mcore:[#176]#153])>+2: {"op": "CallLib". "lib": "0". "symbol": "getCurrentEvv"}')
debug_merge_point(0, 0, '301<std_core_hnd.rpyeffect:0(Name(getCurrentEvv))>+0: {"op": "Const". "type": "ptr". "out": 0. "format": "string". "value": "current-evv"}')
debug_merge_point(0, 0, '301<std_core_hnd.rpyeffect:0(Name(getCurrentEvv))>+1: {"op": "PrimOp". "name": "getGlobal(String): Ptr". "out": {"any": [0]}. "in": {"any": [0]}}')
debug_merge_point(0, 0, '301<std_core_hnd.rpyeffect:0(Name(getCurrentEvv))>+2: {"op": "PrimOp". "name": "getRef(Ref[Ptr]): Ptr". "out": {"any": [0]}. "in": {"any": [0]}}')
debug_merge_point(0, 0, '301<std_core_hnd.rpyeffect:0(Name(getCurrentEvv))>+3: {"op": "Return". "args": {"any": [0]}}')
debug_merge_point(0, 0, '4423<main.rpyeffect:90([k@[mcore:[#200]#167]#173])>+0: {"op": "PrimOp". "name": "promote_ptr". "out": {"any": [0]}. "in": {"any": [0]}}')
debug_merge_point(0, 0, '4423<main.rpyeffect:90([k@[mcore:[#200]#167]#173])>+1: {"op": "Const". "type": "ptr". "out": 2. "format": "string". "value": "Name(import$std/core/hnd)"}')
debug_merge_point(0, 0, '4423<main.rpyeffect:90([k@[mcore:[#200]#167]#173])>+2: {"op": "PrimOp". "name": "getGlobal(String): Ptr". "out": {"any": [2]}. "in": {"any": [2]}}')
debug_merge_point(0, 0, '4423<main.rpyeffect:90([k@[mcore:[#200]#167]#173])>+3: {"op": "Push". "target": 4422. "args": {"any": []}}')
debug_merge_point(0, 0, '4423<main.rpyeffect:90([k@[mcore:[#200]#167]#173])>+4: {"op": "Jump". "target": 4391}')
debug_merge_point(0, 0, '4391<main.rpyeffect:58([mcore:[#175]#147])>+0: {"op": "Const". "type": "ptr". "out": 2. "format": "string". "value": "Name(import$std/core/hnd)"}')
debug_merge_point(0, 0, '4391<main.rpyeffect:58([mcore:[#175]#147])>+1: {"op": "PrimOp". "name": "getGlobal(String): Ptr". "out": {"any": [2]}. "in": {"any": [2]}}')
debug_merge_point(0, 0, '4391<main.rpyeffect:58([mcore:[#175]#147])>+2: {"op": "CallLib". "lib": "2". "symbol": "elt"}')
debug_merge_point(0, 0, '341<std_core_hnd.rpyeffect:40(Name(elt))>+0: {"op": "Switch". "scrutinee": 1. "values": [<IntValue object at 0x160615d70>]. "targets": [339]. "default": 340}')
debug_merge_point(0, 0, '339<std_core_hnd.rpyeffect:38([switch case for Int(0)#100])>+0: {"op": "Proj". "out": 0. "type": Interned(evv). "scrutinee": 0. "tag": Interned(cons). "field": 0. "field_type": "any"}')
debug_merge_point(0, 0, '339<std_core_hnd.rpyeffect:38([switch case for Int(0)#100])>+1: {"op": "Return". "args": {"any": [0]}}')
debug_merge_point(0, 0, '4422<main.rpyeffect:89([k@[k@[mcore:[#200]#167]#173]#181])>+0: {"op": "Push". "target": 4412. "args": {"any": []}}')
debug_merge_point(0, 0, '4422<main.rpyeffect:89([k@[k@[mcore:[#200]#167]#173]#181])>+1: {"op": "Match". "type": Interned(std/core/hnd/ev). "scrutinee": 0. "clauses": [{"tag": Interned(std/core/hnd/Ev). "target": 4421. "args": {"any": [1. 2. 3. 4]}}]. "default": {"tag": Interned(635048b5-cb87-4c92-8eb6-3e7f5df2843e#[Missing Tag#878]). "target": 4413. "args": {"any": []}}}')
debug_merge_point(0, 0, '4421<main.rpyeffect:88([#234])>+0: {"op": "Copy". "type": "any". "from": 0. "to". 1}')
debug_merge_point(0, 0, '4421<main.rpyeffect:88([#234])>+1: {"op": "Copy". "type": "any". "from": 2. "to". 0}')
debug_merge_point(0, 0, '4421<main.rpyeffect:88([#234])>+2: {"op": "Match". "type": Interned(main/state). "scrutinee": 3. "clauses": [{"tag": Interned(main/@Hnd-state). "target": 4420. "args": {"any": [2. 3. 4]}}]. "default": {"tag": Interned(635048b5-cb87-4c92-8eb6-3e7f5df2843e#[Missing Tag#877]). "target": 4415. "args": {"any": []}}}')
debug_merge_point(0, 0, '4420<main.rpyeffect:87([match_main/@Hnd-state@[#234]#239])>+0: {"op": "Match". "type": Interned(std/core/hnd/clause0). "scrutinee": 3. "clauses": [{"tag": Interned(std/core/hnd/Clause0). "target": 4419. "args": {"any": [2]}}]. "default": {"tag": Interned(635048b5-cb87-4c92-8eb6-3e7f5df2843e#[Missing Tag#876]). "target": 4417. "args": {"any": []}}}')
debug_merge_point(0, 0, '4419<main.rpyeffect:86([#244])>+0: {"op": "Invoke". "receiver": 2. "tag": Interned(apply). "args" : {"any": [0. 1]}}')
debug_merge_point(0, 0, '1119<std_core_hnd.rpyeffect:818([method_apply@[mcore:[#1231]#2267]#2271])>+0: {"op": "Const". "type": "ptr". "out": 3. "format": "string". "value": "Name(import$std/core/hnd)"}')
debug_merge_point(0, 0, '1119<std_core_hnd.rpyeffect:818([method_apply@[mcore:[#1231]#2267]#2271])>+1: {"op": "PrimOp". "name": "getGlobal(String): Ptr". "out": {"any": [3]}. "in": {"any": [3]}}')
debug_merge_point(0, 0, '1119<std_core_hnd.rpyeffect:818([method_apply@[mcore:[#1231]#2267]#2271])>+2: {"op": "Swap". "type": "any". "a": 2. "b". 3}')
debug_merge_point(0, 0, '1119<std_core_hnd.rpyeffect:818([method_apply@[mcore:[#1231]#2267]#2271])>+3: {"op": "Jump". "target": 1118}')
debug_merge_point(0, 0, '1118<std_core_hnd.rpyeffect:817([mcore:[#1229]#2231])>+0: {"op": "Push". "target": 1114. "args": {"any": [1. 3]}}')
debug_merge_point(0, 0, '1118<std_core_hnd.rpyeffect:817([mcore:[#1229]#2231])>+1: {"op": "Match". "type": Interned(std/core/hnd/ev). "scrutinee": 1. "clauses": [{"tag": Interned(std/core/hnd/Ev). "target": 1117. "args": {"any": [0. 1. 2. 3]}}]. "default": {"tag": Interned(9ecfa5c6-d050-4adc-badf-39eef9fcb0bd#[Missing Tag#3076]). "target": 1115. "args": {"any": []}}}')
debug_merge_point(0, 0, '1117<std_core_hnd.rpyeffect:816([#2260])>+0: {"op": "Const". "type": "ptr". "out": 0. "format": "string". "value": "Name(import$std/core/hnd)"}')
debug_merge_point(0, 0, '1117<std_core_hnd.rpyeffect:816([#2260])>+1: {"op": "PrimOp". "name": "getGlobal(String): Ptr". "out": {"any": [0]}. "in": {"any": [0]}}')
debug_merge_point(0, 0, '1117<std_core_hnd.rpyeffect:816([#2260])>+2: {"op": "Copy". "type": "any". "from": 0. "to". 1}')
debug_merge_point(0, 0, '1117<std_core_hnd.rpyeffect:816([#2260])>+3: {"op": "Copy". "type": "any". "from": 3. "to". 0}')
debug_merge_point(0, 0, '1117<std_core_hnd.rpyeffect:816([#2260])>+4: {"op": "Jump". "target": 1088}')
debug_merge_point(0, 0, '1088<std_core_hnd.rpyeffect:787([mcore:[#1212]#2170])>+0: {"op": "Const". "type": "ptr". "out": 1. "format": "string". "value": "Name(import$std/core/hnd)"}')
debug_merge_point(0, 0, '1088<std_core_hnd.rpyeffect:787([mcore:[#1212]#2170])>+1: {"op": "PrimOp". "name": "getGlobal(String): Ptr". "out": {"any": [1]}. "in": {"any": [1]}}')
debug_merge_point(0, 0, '1088<std_core_hnd.rpyeffect:787([mcore:[#1212]#2170])>+2: {"op": "CallLib". "lib": "1". "symbol": "swapCurrentEvv"}')
debug_merge_point(0, 0, '303<std_core_hnd.rpyeffect:2(Name(swapCurrentEvv))>+0: {"op": "Const". "type": "ptr". "out": 1. "format": "string". "value": "current-evv"}')
debug_merge_point(0, 0, '303<std_core_hnd.rpyeffect:2(Name(swapCurrentEvv))>+1: {"op": "PrimOp". "name": "getGlobal(String): Ptr". "out": {"any": [1]}. "in": {"any": [1]}}')
debug_merge_point(0, 0, '303<std_core_hnd.rpyeffect:2(Name(swapCurrentEvv))>+2: {"op": "PrimOp". "name": "getRef(Ref[Ptr]): Ptr". "out": {"any": [2]}. "in": {"any": [1]}}')
debug_merge_point(0, 0, '303<std_core_hnd.rpyeffect:2(Name(swapCurrentEvv))>+3: {"op": "PrimOp". "name": "setRef(Ref[Ptr]. Ptr): Unit". "out": {"any": [0]}. "in": {"any": [1. 0]}}')
debug_merge_point(0, 0, '303<std_core_hnd.rpyeffect:2(Name(swapCurrentEvv))>+4: {"op": "Copy". "type": "any". "from": 2. "to". 0}')
debug_merge_point(0, 0, '303<std_core_hnd.rpyeffect:2(Name(swapCurrentEvv))>+5: {"op": "Return". "args": {"any": [0]}}')
debug_merge_point(0, 0, '1114<std_core_hnd.rpyeffect:813([k@[mcore:[#1229]#2231]#2233])>+0: {"op": "Push". "target": 1113. "args": {"any": [1. 0]}}')
debug_merge_point(0, 0, '1114<std_core_hnd.rpyeffect:813([k@[mcore:[#1229]#2231]#2233])>+1: {"op": "Invoke". "receiver": 2. "tag": Interned(apply). "args" : {"any": []}}')
debug_merge_point(0, 0, '4431<main.rpyeffect:98([method_apply@[mcore:[#224]#267]#271])>+0: {"op": "Jump". "target": 4427}')
debug_merge_point(0, 0, '4427<main.rpyeffect:94([mcore:[#210]#259])>+0: {"op": "PrimOp". "name": "getRef(Ref[Ptr]): Ptr". "out": {"any": [0]}. "in": {"any": [0]}}')
+1152: setfield_gc(ConstPtr(ptr83), ConstPtr(ptr84), descr=<FieldP rpyeffect.region.Ref.inst_value 16>)
+1160: p86 = getfield_gc_r(ConstPtr(ptr85), descr=<FieldP rpyeffect.region.Ref.inst_value 16>)
+1164: i87 = getfield_gc_i(p86, descr=<FieldS rpyeffect.value.UnboxedIntValueRef.inst_value 8>)
debug_merge_point(0, 0, '4427<main.rpyeffect:94([mcore:[#210]#259])>+1: {"op": "Return". "args": {"any": [0]}}')
debug_merge_point(0, 0, '1113<std_core_hnd.rpyeffect:812([k@[k@[mcore:[#1229]#2231]#2233]#2235])>+0: {"op": "Const". "type": "ptr". "out": 3. "format": "string". "value": "Name(import$std/core/hnd)"}')
debug_merge_point(0, 0, '1113<std_core_hnd.rpyeffect:812([k@[k@[mcore:[#1229]#2231]#2233]#2235])>+1: {"op": "PrimOp". "name": "getGlobal(String): Ptr". "out": {"any": [3]}. "in": {"any": [3]}}')
debug_merge_point(0, 0, '1113<std_core_hnd.rpyeffect:812([k@[k@[mcore:[#1229]#2231]#2233]#2235])>+2: {"op": "Push". "target": 1112. "args": {"any": [1. 0]}}')
debug_merge_point(0, 0, '1113<std_core_hnd.rpyeffect:812([k@[k@[mcore:[#1229]#2231]#2233]#2235])>+3: {"op": "Copy". "type": "any". "from": 3. "to". 1}')
debug_merge_point(0, 0, '1113<std_core_hnd.rpyeffect:812([k@[k@[mcore:[#1229]#2231]#2233]#2235])>+4: {"op": "Copy". "type": "any". "from": 2. "to". 0}')
debug_merge_point(0, 0, '1113<std_core_hnd.rpyeffect:812([k@[k@[mcore:[#1229]#2231]#2233]#2235])>+5: {"op": "Jump". "target": 1089}')
debug_merge_point(0, 0, '1089<std_core_hnd.rpyeffect:788([mcore:[#1214]#2175])>+0: {"op": "Const". "type": "ptr". "out": 1. "format": "string". "value": "Name(import$std/core/hnd)"}')
debug_merge_point(0, 0, '1089<std_core_hnd.rpyeffect:788([mcore:[#1214]#2175])>+1: {"op": "PrimOp". "name": "getGlobal(String): Ptr". "out": {"any": [1]}. "in": {"any": [1]}}')
debug_merge_point(0, 0, '1089<std_core_hnd.rpyeffect:788([mcore:[#1214]#2175])>+2: {"op": "CallLib". "lib": "1". "symbol": "setCurrentEvv"}')
debug_merge_point(0, 0, '302<std_core_hnd.rpyeffect:1(Name(setCurrentEvv))>+0: {"op": "Const". "type": "ptr". "out": 1. "format": "string". "value": "current-evv"}')
debug_merge_point(0, 0, '302<std_core_hnd.rpyeffect:1(Name(setCurrentEvv))>+1: {"op": "PrimOp". "name": "getGlobal(String): Ptr". "out": {"any": [1]}. "in": {"any": [1]}}')
debug_merge_point(0, 0, '302<std_core_hnd.rpyeffect:1(Name(setCurrentEvv))>+2: {"op": "PrimOp". "name": "setRef(Ref[Ptr]. Ptr): Unit". "out": {"any": [0]}. "in": {"any": [1. 0]}}')
debug_merge_point(0, 0, '302<std_core_hnd.rpyeffect:1(Name(setCurrentEvv))>+3: {"op": "Return". "args": {"any": [0]}}')
debug_merge_point(0, 0, '1112<std_core_hnd.rpyeffect:811([#2240])>+0: {"op": "Const". "type": "ptr". "out": 0. "format": "bool". "value": "<BoolValue object at 0x16071a110>"}')
debug_merge_point(0, 0, '1112<std_core_hnd.rpyeffect:811([#2240])>+1: {"op": "Swap". "type": "any". "a": 0. "b". 1}')
debug_merge_point(0, 0, '1112<std_core_hnd.rpyeffect:811([#2240])>+2: {"op": "Swap". "type": "any". "a": 2. "b". 1}')
debug_merge_point(0, 0, '1112<std_core_hnd.rpyeffect:811([#2240])>+3: {"op": "Switch". "scrutinee": 2. "values": [<BoolValue object at 0x16071a100>]. "targets": [1108]. "default": 1111}')
debug_merge_point(0, 0, '1111<std_core_hnd.rpyeffect:810([switch default case#2255])>+0: {"op": "Const". "type": "ptr". "out": 0. "format": "bool". "value": "<BoolValue object at 0x16071a130>"}')
debug_merge_point(0, 0, '1111<std_core_hnd.rpyeffect:810([switch default case#2255])>+1: {"op": "Swap". "type": "any". "a": 0. "b". 1}')
debug_merge_point(0, 0, '1111<std_core_hnd.rpyeffect:810([switch default case#2255])>+2: {"op": "Switch". "scrutinee": 1. "values": [<BoolValue object at 0x16071a120>]. "targets": [1109]. "default": 1110}')
debug_merge_point(0, 0, '1109<std_core_hnd.rpyeffect:808([switch case for Bool(false)#2257])>+0: {"op": "Return". "args": {"any": [0]}}')
debug_merge_point(0, 0, '4412<main.rpyeffect:79([k@[k@[k@[mcore:[#200]#167]#173]#181]#183])>+0: {"op": "Const". "type": "ptr". "out": 1. "format": "int". "value": "<IntValue object at 0x15040eed0>"}')
debug_merge_point(0, 0, '4412<main.rpyeffect:79([k@[k@[k@[mcore:[#200]#167]#173]#181]#183])>+1: {"op": "PrimOp". "name": "infixEq(Int. Int): Boolean". "out": {"any": [1]}. "in": {"any": [0. 1]}}')
+1168: i89 = int_eq(i87, 0)
debug_merge_point(0, 0, '4412<main.rpyeffect:79([k@[k@[k@[mcore:[#200]#167]#173]#181]#183])>+2: {"op": "Switch". "scrutinee": 1. "values": [<BoolValue object at 0x15040eea0>]. "targets": [4395]. "default": 4411}')
+1244: setfield_gc(ConstPtr(ptr90), ConstPtr(ptr42), descr=<FieldP rpyeffect.region.Ref.inst_value 16>)
+1248: guard_false(i89, descr=<Guard0x1505f3c40>) [p2, p19, p21, p23, p25, p27, p29, p31, p33, p35, p37, i89, p0, p44, p3, p4, i87, None]
debug_merge_point(0, 0, '4411<main.rpyeffect:78([switch default case#188])>+0: {"op": "Const". "type": "ptr". "out": 1. "format": "int". "value": "<IntValue object at 0x15040ef10>"}')
debug_merge_point(0, 0, '4411<main.rpyeffect:78([switch default case#188])>+1: {"op": "PrimOp". "name": "infixEq(Int. Int): Boolean". "out": {"any": [1]}. "in": {"any": [0. 1]}}')
debug_merge_point(0, 0, '4411<main.rpyeffect:78([switch default case#188])>+2: {"op": "Switch". "scrutinee": 1. "values": [<BoolValue object at 0x15040eee0>]. "targets": [4409]. "default": 4410}')
debug_merge_point(0, 0, '4409<main.rpyeffect:76([switch case for Bool(false)#192])>+0: {"op": "Const". "type": "ptr". "out": 1. "format": "int". "value": "<IntValue object at 0x15040eff0>"}')
debug_merge_point(0, 0, '4409<main.rpyeffect:76([switch case for Bool(false)#192])>+1: {"op": "PrimOp". "name": "infixSub(Int. Int): Int". "out": {"any": [0]}. "in": {"any": [0. 1]}}')
+1256: i93 = int_sub(i87, 1)
debug_merge_point(0, 0, '4409<main.rpyeffect:76([switch case for Bool(false)#192])>+2: {"op": "Const". "type": "ptr". "out": 1. "format": "int". "value": "<IntValue object at 0x15040efc0>"}')
debug_merge_point(0, 0, '4409<main.rpyeffect:76([switch case for Bool(false)#192])>+3: {"op": "Const". "type": "ptr". "out": 2. "format": "string". "value": "Name(import$std/core/hnd)"}')
debug_merge_point(0, 0, '4409<main.rpyeffect:76([switch case for Bool(false)#192])>+4: {"op": "PrimOp". "name": "getGlobal(String): Ptr". "out": {"any": [2]}. "in": {"any": [2]}}')
debug_merge_point(0, 0, '4409<main.rpyeffect:76([switch case for Bool(false)#192])>+5: {"op": "Push". "target": 4408. "args": {"any": [1. 0]}}')
debug_merge_point(0, 0, '4409<main.rpyeffect:76([switch case for Bool(false)#192])>+6: {"op": "Copy". "type": "any". "from": 2. "to". 0}')
debug_merge_point(0, 0, '4409<main.rpyeffect:76([switch case for Bool(false)#192])>+7: {"op": "Jump". "target": 4394}')
debug_merge_point(0, 0, '4394<main.rpyeffect:61([mcore:[#190]#163])>+0: {"op": "Const". "type": "ptr". "out": 0. "format": "string". "value": "Name(import$std/core/hnd)"}')
debug_merge_point(0, 0, '4394<main.rpyeffect:61([mcore:[#190]#163])>+1: {"op": "PrimOp". "name": "getGlobal(String): Ptr". "out": {"any": [0]}. "in": {"any": [0]}}')
debug_merge_point(0, 0, '4394<main.rpyeffect:61([mcore:[#190]#163])>+2: {"op": "CallLib". "lib": "0". "symbol": "getCurrentEvv"}')
debug_merge_point(0, 0, '301<std_core_hnd.rpyeffect:0(Name(getCurrentEvv))>+0: {"op": "Const". "type": "ptr". "out": 0. "format": "string". "value": "current-evv"}')
debug_merge_point(0, 0, '301<std_core_hnd.rpyeffect:0(Name(getCurrentEvv))>+1: {"op": "PrimOp". "name": "getGlobal(String): Ptr". "out": {"any": [0]}. "in": {"any": [0]}}')
debug_merge_point(0, 0, '301<std_core_hnd.rpyeffect:0(Name(getCurrentEvv))>+2: {"op": "PrimOp". "name": "getRef(Ref[Ptr]): Ptr". "out": {"any": [0]}. "in": {"any": [0]}}')
debug_merge_point(0, 0, '301<std_core_hnd.rpyeffect:0(Name(getCurrentEvv))>+3: {"op": "Return". "args": {"any": [0]}}')
debug_merge_point(0, 0, '4408<main.rpyeffect:75([k@[switch case for Bool(false)#192]#200])>+0: {"op": "PrimOp". "name": "promote_ptr". "out": {"any": [0]}. "in": {"any": [0]}}')
debug_merge_point(0, 0, '4408<main.rpyeffect:75([k@[switch case for Bool(false)#192]#200])>+1: {"op": "Const". "type": "ptr". "out": 3. "format": "string". "value": "Name(import$std/core/hnd)"}')
debug_merge_point(0, 0, '4408<main.rpyeffect:75([k@[switch case for Bool(false)#192]#200])>+2: {"op": "PrimOp". "name": "getGlobal(String): Ptr". "out": {"any": [3]}. "in": {"any": [3]}}')
debug_merge_point(0, 0, '4408<main.rpyeffect:75([k@[switch case for Bool(false)#192]#200])>+3: {"op": "Push". "target": 4407. "args": {"any": [2]}}')
debug_merge_point(0, 0, '4408<main.rpyeffect:75([k@[switch case for Bool(false)#192]#200])>+4: {"op": "Copy". "type": "any". "from": 3. "to". 2}')
debug_merge_point(0, 0, '4408<main.rpyeffect:75([k@[switch case for Bool(false)#192]#200])>+5: {"op": "Jump". "target": 4393}')
debug_merge_point(0, 0, '4393<main.rpyeffect:60([mcore:[#189]#157])>+0: {"op": "Const". "type": "ptr". "out": 2. "format": "string". "value": "Name(import$std/core/hnd)"}')
debug_merge_point(0, 0, '4393<main.rpyeffect:60([mcore:[#189]#157])>+1: {"op": "PrimOp". "name": "getGlobal(String): Ptr". "out": {"any": [2]}. "in": {"any": [2]}}')
debug_merge_point(0, 0, '4393<main.rpyeffect:60([mcore:[#189]#157])>+2: {"op": "CallLib". "lib": "2". "symbol": "elt"}')
debug_merge_point(0, 0, '341<std_core_hnd.rpyeffect:40(Name(elt))>+0: {"op": "Switch". "scrutinee": 1. "values": [<IntValue object at 0x160615d70>]. "targets": [339]. "default": 340}')
debug_merge_point(0, 0, '339<std_core_hnd.rpyeffect:38([switch case for Int(0)#100])>+0: {"op": "Proj". "out": 0. "type": Interned(evv). "scrutinee": 0. "tag": Interned(cons). "field": 0. "field_type": "any"}')
debug_merge_point(0, 0, '339<std_core_hnd.rpyeffect:38([switch case for Int(0)#100])>+1: {"op": "Return". "args": {"any": [0]}}')
debug_merge_point(0, 0, '4407<main.rpyeffect:74([#208])>+0: {"op": "Push". "target": 4397. "args": {"any": []}}')
debug_merge_point(0, 0, '4407<main.rpyeffect:74([#208])>+1: {"op": "Match". "type": Interned(std/core/hnd/ev). "scrutinee": 0. "clauses": [{"tag": Interned(std/core/hnd/Ev). "target": 4406. "args": {"any": [2. 3. 4. 5]}}]. "default": {"tag": Interned(635048b5-cb87-4c92-8eb6-3e7f5df2843e#[Missing Tag#875]). "target": 4398. "args": {"any": []}}}')
debug_merge_point(0, 0, '4406<main.rpyeffect:73([match_std/core/hnd/Ev@[#208]#218])>+0: {"op": "Copy". "type": "any". "from": 1. "to". 2}')
debug_merge_point(0, 0, '4406<main.rpyeffect:73([match_std/core/hnd/Ev@[#208]#218])>+1: {"op": "Copy". "type": "any". "from": 0. "to". 1}')
debug_merge_point(0, 0, '4406<main.rpyeffect:73([match_std/core/hnd/Ev@[#208]#218])>+2: {"op": "Copy". "type": "any". "from": 3. "to". 0}')
debug_merge_point(0, 0, '4406<main.rpyeffect:73([match_std/core/hnd/Ev@[#208]#218])>+3: {"op": "Match". "type": Interned(main/state). "scrutinee": 4. "clauses": [{"tag": Interned(main/@Hnd-state). "target": 4405. "args": {"any": [3. 4. 5]}}]. "default": {"tag": Interned(635048b5-cb87-4c92-8eb6-3e7f5df2843e#[Missing Tag#874]). "target": 4400. "args": {"any": []}}}')
debug_merge_point(0, 0, '4405<main.rpyeffect:72([#223])>+0: {"op": "Match". "type": Interned(std/core/hnd/clause1). "scrutinee": 5. "clauses": [{"tag": Interned(std/core/hnd/Clause1). "target": 4404. "args": {"any": [3]}}]. "default": {"tag": Interned(635048b5-cb87-4c92-8eb6-3e7f5df2843e#[Missing Tag#873]). "target": 4402. "args": {"any": []}}}')
debug_merge_point(0, 0, '4404<main.rpyeffect:71([match_std/core/hnd/Clause1@[#223]#228])>+0: {"op": "Invoke". "receiver": 3. "tag": Interned(apply). "args" : {"any": [0. 1. 2]}}')
debug_merge_point(0, 0, '1137<std_core_hnd.rpyeffect:836([method_apply@[mcore:[#1246]#2328]#2333])>+0: {"op": "Const". "type": "ptr". "out": 4. "format": "string". "value": "Name(import$std/core/hnd)"}')
debug_merge_point(0, 0, '1137<std_core_hnd.rpyeffect:836([method_apply@[mcore:[#1246]#2328]#2333])>+1: {"op": "PrimOp". "name": "getGlobal(String): Ptr". "out": {"any": [4]}. "in": {"any": [4]}}')
debug_merge_point(0, 0, '1137<std_core_hnd.rpyeffect:836([method_apply@[mcore:[#1246]#2328]#2333])>+2: {"op": "Swap". "type": "any". "a": 3. "b". 4}')
debug_merge_point(0, 0, '1137<std_core_hnd.rpyeffect:836([method_apply@[mcore:[#1246]#2328]#2333])>+3: {"op": "Jump". "target": 1136}')
debug_merge_point(0, 0, '1136<std_core_hnd.rpyeffect:835([mcore:[#1244]#2291])>+0: {"op": "Push". "target": 1132. "args": {"any": [1. 4. 2]}}')
debug_merge_point(0, 0, '1136<std_core_hnd.rpyeffect:835([mcore:[#1244]#2291])>+1: {"op": "Match". "type": Interned(std/core/hnd/ev). "scrutinee": 1. "clauses": [{"tag": Interned(std/core/hnd/Ev). "target": 1135. "args": {"any": [0. 1. 2. 3]}}]. "default": {"tag": Interned(9ecfa5c6-d050-4adc-badf-39eef9fcb0bd#[Missing Tag#3077]). "target": 1133. "args": {"any": []}}}')
debug_merge_point(0, 0, '1135<std_core_hnd.rpyeffect:834([#2321])>+0: {"op": "Const". "type": "ptr". "out": 0. "format": "string". "value": "Name(import$std/core/hnd)"}')
debug_merge_point(0, 0, '1135<std_core_hnd.rpyeffect:834([#2321])>+1: {"op": "PrimOp". "name": "getGlobal(String): Ptr". "out": {"any": [0]}. "in": {"any": [0]}}')
debug_merge_point(0, 0, '1135<std_core_hnd.rpyeffect:834([#2321])>+2: {"op": "Copy". "type": "any". "from": 0. "to". 1}')
debug_merge_point(0, 0, '1135<std_core_hnd.rpyeffect:834([#2321])>+3: {"op": "Copy". "type": "any". "from": 3. "to". 0}')
debug_merge_point(0, 0, '1135<std_core_hnd.rpyeffect:834([#2321])>+4: {"op": "Jump". "target": 1121}')
debug_merge_point(0, 0, '1121<std_core_hnd.rpyeffect:820([mcore:[#1233]#2277])>+0: {"op": "Const". "type": "ptr". "out": 1. "format": "string". "value": "Name(import$std/core/hnd)"}')
debug_merge_point(0, 0, '1121<std_core_hnd.rpyeffect:820([mcore:[#1233]#2277])>+1: {"op": "PrimOp". "name": "getGlobal(String): Ptr". "out": {"any": [1]}. "in": {"any": [1]}}')
debug_merge_point(0, 0, '1121<std_core_hnd.rpyeffect:820([mcore:[#1233]#2277])>+2: {"op": "CallLib". "lib": "1". "symbol": "swapCurrentEvv"}')
debug_merge_point(0, 0, '303<std_core_hnd.rpyeffect:2(Name(swapCurrentEvv))>+0: {"op": "Const". "type": "ptr". "out": 1. "format": "string". "value": "current-evv"}')
debug_merge_point(0, 0, '303<std_core_hnd.rpyeffect:2(Name(swapCurrentEvv))>+1: {"op": "PrimOp". "name": "getGlobal(String): Ptr". "out": {"any": [1]}. "in": {"any": [1]}}')
debug_merge_point(0, 0, '303<std_core_hnd.rpyeffect:2(Name(swapCurrentEvv))>+2: {"op": "PrimOp". "name": "getRef(Ref[Ptr]): Ptr". "out": {"any": [2]}. "in": {"any": [1]}}')
debug_merge_point(0, 0, '303<std_core_hnd.rpyeffect:2(Name(swapCurrentEvv))>+3: {"op": "PrimOp". "name": "setRef(Ref[Ptr]. Ptr): Unit". "out": {"any": [0]}. "in": {"any": [1. 0]}}')
debug_merge_point(0, 0, '303<std_core_hnd.rpyeffect:2(Name(swapCurrentEvv))>+4: {"op": "Copy". "type": "any". "from": 2. "to". 0}')
debug_merge_point(0, 0, '303<std_core_hnd.rpyeffect:2(Name(swapCurrentEvv))>+5: {"op": "Return". "args": {"any": [0]}}')
debug_merge_point(0, 0, '1132<std_core_hnd.rpyeffect:831([k@[mcore:[#1244]#2291]#2293])>+0: {"op": "Push". "target": 1131. "args": {"any": [1. 0]}}')
debug_merge_point(0, 0, '1132<std_core_hnd.rpyeffect:831([k@[mcore:[#1244]#2291]#2293])>+1: {"op": "Copy". "type": "any". "from": 3. "to". 0}')
debug_merge_point(0, 0, '1132<std_core_hnd.rpyeffect:831([k@[mcore:[#1244]#2291]#2293])>+2: {"op": "Invoke". "receiver": 2. "tag": Interned(apply). "args" : {"any": [0]}}')
debug_merge_point(0, 0, '4432<main.rpyeffect:99([method_apply@[k@[mcore:[#224]#267]#278]#282])>+0: {"op": "Jump". "target": 4429}')
debug_merge_point(0, 0, '4429<main.rpyeffect:96([mcore:[#217]#265])>+0: {"op": "PrimOp". "name": "setRef(Ref[Ptr]. Ptr): Unit". "out": {"any": [0]}. "in": {"any": [1. 0]}}')
+1324: setfield_gc(ConstPtr(ptr94), ConstPtr(ptr95), descr=<FieldP rpyeffect.region.Ref.inst_value 16>)
+1328: p97 = getfield_gc_r(ConstPtr(ptr96), descr=<FieldP rpyeffect.region.Ref.inst_value 16>)
debug_merge_point(0, 0, '4429<main.rpyeffect:96([mcore:[#217]#265])>+1: {"op": "Return". "args": {"any": [0]}}')
debug_merge_point(0, 0, '1131<std_core_hnd.rpyeffect:830([k@[k@[mcore:[#1244]#2291]#2293]#2295])>+0: {"op": "Const". "type": "ptr". "out": 3. "format": "bool". "value": "<BoolValue object at 0x16071a530>"}')
debug_merge_point(0, 0, '1131<std_core_hnd.rpyeffect:830([k@[k@[mcore:[#1244]#2291]#2293]#2295])>+1: {"op": "Swap". "type": "any". "a": 0. "b". 1}')
debug_merge_point(0, 0, '1131<std_core_hnd.rpyeffect:830([k@[k@[mcore:[#1244]#2291]#2293]#2295])>+2: {"op": "Swap". "type": "any". "a": 2. "b". 1}')
debug_merge_point(0, 0, '1131<std_core_hnd.rpyeffect:830([k@[k@[mcore:[#1244]#2291]#2293]#2295])>+3: {"op": "Switch". "scrutinee": 3. "values": [<BoolValue object at 0x16071a520>]. "targets": [1126]. "default": 1130}')
debug_merge_point(0, 0, '1130<std_core_hnd.rpyeffect:829([switch default case#2310])>+0: {"op": "Const". "type": "ptr". "out": 0. "format": "bool". "value": "<BoolValue object at 0x16071a550>"}')
debug_merge_point(0, 0, '1130<std_core_hnd.rpyeffect:829([switch default case#2310])>+1: {"op": "Swap". "type": "any". "a": 0. "b". 1}')
debug_merge_point(0, 0, '1130<std_core_hnd.rpyeffect:829([switch default case#2310])>+2: {"op": "Swap". "type": "any". "a": 2. "b". 1}')
debug_merge_point(0, 0, '1130<std_core_hnd.rpyeffect:829([switch default case#2310])>+3: {"op": "Switch". "scrutinee": 2. "values": [<BoolValue object at 0x16071a540>]. "targets": [1128]. "default": 1129}')
debug_merge_point(0, 0, '1128<std_core_hnd.rpyeffect:827([switch case for Bool(false)#2312])>+0: {"op": "Const". "type": "ptr". "out": 2. "format": "string". "value": "Name(import$std/core/hnd)"}')
debug_merge_point(0, 0, '1128<std_core_hnd.rpyeffect:827([switch case for Bool(false)#2312])>+1: {"op": "PrimOp". "name": "getGlobal(String): Ptr". "out": {"any": [2]}. "in": {"any": [2]}}')
debug_merge_point(0, 0, '1128<std_core_hnd.rpyeffect:827([switch case for Bool(false)#2312])>+2: {"op": "Push". "target": 1127. "args": {"any": [1]}}')
debug_merge_point(0, 0, '1128<std_core_hnd.rpyeffect:827([switch case for Bool(false)#2312])>+3: {"op": "Copy". "type": "any". "from": 2. "to". 1}')
debug_merge_point(0, 0, '1128<std_core_hnd.rpyeffect:827([switch case for Bool(false)#2312])>+4: {"op": "Jump". "target": 1123}')
debug_merge_point(0, 0, '1123<std_core_hnd.rpyeffect:822([mcore:[#1243]#2286])>+0: {"op": "Const". "type": "ptr". "out": 1. "format": "string". "value": "Name(import$std/core/hnd)"}')
debug_merge_point(0, 0, '1123<std_core_hnd.rpyeffect:822([mcore:[#1243]#2286])>+1: {"op": "PrimOp". "name": "getGlobal(String): Ptr". "out": {"any": [1]}. "in": {"any": [1]}}')
debug_merge_point(0, 0, '1123<std_core_hnd.rpyeffect:822([mcore:[#1243]#2286])>+2: {"op": "CallLib". "lib": "1". "symbol": "setCurrentEvv"}')
debug_merge_point(0, 0, '302<std_core_hnd.rpyeffect:1(Name(setCurrentEvv))>+0: {"op": "Const". "type": "ptr". "out": 1. "format": "string". "value": "current-evv"}')
debug_merge_point(0, 0, '302<std_core_hnd.rpyeffect:1(Name(setCurrentEvv))>+1: {"op": "PrimOp". "name": "getGlobal(String): Ptr". "out": {"any": [1]}. "in": {"any": [1]}}')
debug_merge_point(0, 0, '302<std_core_hnd.rpyeffect:1(Name(setCurrentEvv))>+2: {"op": "PrimOp". "name": "setRef(Ref[Ptr]. Ptr): Unit". "out": {"any": [0]}. "in": {"any": [1. 0]}}')
debug_merge_point(0, 0, '302<std_core_hnd.rpyeffect:1(Name(setCurrentEvv))>+3: {"op": "Return". "args": {"any": [0]}}')
debug_merge_point(0, 0, '1127<std_core_hnd.rpyeffect:826([k@[switch case for Bool(false)#2312]#2317])>+0: {"op": "Copy". "type": "any". "from": 1. "to". 0}')
debug_merge_point(0, 0, '1127<std_core_hnd.rpyeffect:826([k@[switch case for Bool(false)#2312]#2317])>+1: {"op": "Return". "args": {"any": [0]}}')
debug_merge_point(0, 0, '4397<main.rpyeffect:64([k@[#208]#210])>+0: {"op": "Const". "type": "ptr". "out": 0. "format": "string". "value": "Name(import$std/core/hnd)"}')
debug_merge_point(0, 0, '4397<main.rpyeffect:64([k@[#208]#210])>+1: {"op": "PrimOp". "name": "getGlobal(String): Ptr". "out": {"any": [0]}. "in": {"any": [0]}}')
debug_merge_point(0, 0, '4397<main.rpyeffect:64([k@[#208]#210])>+2: {"op": "Jump". "target": 4424}')
debug_merge_point(0, 0, '4424<main.rpyeffect:91([mcore:[#200]#167])>+0: {"op": "Const". "type": "ptr". "out": 0. "format": "int". "value": "<IntValue object at 0x15040f390>"}')
debug_merge_point(0, 0, '4424<main.rpyeffect:91([mcore:[#200]#167])>+1: {"op": "Const". "type": "ptr". "out": 1. "format": "string". "value": "Name(import$std/core/hnd)"}')
debug_merge_point(0, 0, '4424<main.rpyeffect:91([mcore:[#200]#167])>+2: {"op": "PrimOp". "name": "getGlobal(String): Ptr". "out": {"any": [1]}. "in": {"any": [1]}}')
debug_merge_point(0, 0, '4424<main.rpyeffect:91([mcore:[#200]#167])>+3: {"op": "Push". "target": 4423. "args": {"any": [0]}}')
debug_merge_point(0, 0, '4424<main.rpyeffect:91([mcore:[#200]#167])>+4: {"op": "Copy". "type": "any". "from": 1. "to". 0}')
debug_merge_point(0, 0, '4424<main.rpyeffect:91([mcore:[#200]#167])>+5: {"op": "Jump". "target": 4392}')
debug_merge_point(0, 0, '4392<main.rpyeffect:59([mcore:[#176]#153])>+0: {"op": "Const". "type": "ptr". "out": 0. "format": "string". "value": "Name(import$std/core/hnd)"}')
+1396: setfield_gc(ConstPtr(ptr98), ConstPtr(ptr42), descr=<FieldP rpyeffect.region.Ref.inst_value 16>)
+1400: setfield_gc(p97, i93, descr=<FieldS rpyeffect.value.UnboxedIntValueRef.inst_value 8>)
+1404: jump(p0, p44, p2, p3, p4, p19, p21, p23, p25, p27, p29, p31, p33, p35, p37, descr=TargetToken(5643830368))
+1408: --end of the loop--
[b09e91b] jit-log-opt-loop}
[23b7a599] {jit-summary
Tracing:      	1	0.002179
Backend:      	1	0.000201
TOTAL:      		0.416619
ops:             	9676
heapcached ops:  	991
recorded ops:    	5560
  calls:         	4855
guards:          	247
opt ops:         	394
opt guards:      	20
opt guards shared:	13
forcings:        	0
abort: trace too long:	0
abort: compiling:	0
abort: vable escape:	0
abort: bad loop: 	0
abort: force quasi-immut:	0
abort: segmenting trace:	0
virtualizables forced:	0
nvirtuals:       	5
nvholes:         	0
nvreused:        	0
vecopt tried:    	0
vecopt success:  	0
Total # of loops:	1
Total # of bridges:	0
Freed # of loops:	0
Freed # of bridges:	0
[23b7d014] jit-summary}
