[ae88b46] {jit-log-opt-loop
# Loop 2 (301<std_core_hnd.rpyeffect:0(Name(getCurrentEvv))>+0: {"op": "Const", "type": "ptr", "out": 0, "format": "string", "value": "current-evv"}) : loop with 96 ops
[p0, p1, p2, p3, p4]
+360: p5 = getfield_gc_r(p2, descr=<FieldP rpyeffect.environment.Environment.inst_values_ptr 16>)
+368: p7 = getarrayitem_gc_r(p5, 0, descr=<ArrayP 8>)
+372: p9 = getarrayitem_gc_r(p5, 1, descr=<ArrayP 8>)
+376: p11 = getarrayitem_gc_r(p5, 2, descr=<ArrayP 8>)
+380: p13 = getarrayitem_gc_r(p5, 3, descr=<ArrayP 8>)
+384: p15 = getarrayitem_gc_r(p5, 4, descr=<ArrayP 8>)
+388: p17 = getarrayitem_gc_r(p5, 5, descr=<ArrayP 8>)
+392: p19 = getarrayitem_gc_r(p5, 6, descr=<ArrayP 8>)
+396: p21 = getarrayitem_gc_r(p5, 7, descr=<ArrayP 8>)
+400: p23 = getarrayitem_gc_r(p5, 8, descr=<ArrayP 8>)
+404: p25 = getarrayitem_gc_r(p5, 9, descr=<ArrayP 8>)
+408: p27 = getarrayitem_gc_r(p5, 10, descr=<ArrayP 8>)
+412: p29 = getarrayitem_gc_r(p5, 11, descr=<ArrayP 8>)
+416: p31 = getarrayitem_gc_r(p5, 12, descr=<ArrayP 8>)
+420: p33 = getarrayitem_gc_r(p5, 13, descr=<ArrayP 8>)
+424: p35 = getarrayitem_gc_r(p5, 14, descr=<ArrayP 8>)
+428: p37 = getarrayitem_gc_r(p5, 15, descr=<ArrayP 8>)
+432: label(p0, p1, p2, p3, p4, p7, p9, p11, p13, p15, p17, p19, p21, p23, p25, p27, p29, p31, p33, p35, p37, descr=TargetToken(5105876192))
debug_merge_point(0, 0, '301<std_core_hnd.rpyeffect:0(Name(getCurrentEvv))>+0: {"op": "Const". "type": "ptr". "out": 0. "format": "string". "value": "current-evv"}')
+496: guard_not_invalidated(descr=<Guard0x130535850>) [p2, p7, p9, p11, p13, p15, p17, p19, p21, p23, p25, p27, p29, p31, p33, p35, p37, p0, p1, p3, p4]
debug_merge_point(0, 0, '301<std_core_hnd.rpyeffect:0(Name(getCurrentEvv))>+1: {"op": "PrimOp". "name": "getGlobal(String): Ptr". "out": {"any": [0]}. "in": {"any": [0]}}')
debug_merge_point(0, 0, '301<std_core_hnd.rpyeffect:0(Name(getCurrentEvv))>+2: {"op": "PrimOp". "name": "getRef(Ref[Ptr]): Ptr". "out": {"any": [0]}. "in": {"any": [0]}}')
+504: p39 = getfield_gc_r(ConstPtr(ptr38), descr=<FieldP rpyeffect.region.Ref.inst_value 16>)
+512: guard_value(p39, ConstPtr(ptr40), descr=<Guard0x130535898>) [p2, p7, p9, p11, p13, p15, p17, p19, p21, p23, p25, p27, p29, p31, p33, p35, p37, p0, p1, p3, p4]
debug_merge_point(0, 0, '301<std_core_hnd.rpyeffect:0(Name(getCurrentEvv))>+3: {"op": "Return". "args": {"any": [0]}}')
+520: guard_nonnull(p1, descr=<Guard0x1305a4500>) [p2, p7, p9, p11, p13, p15, p17, p19, p21, p23, p25, p27, p29, p31, p33, p35, p37, p0, p1, p3, p4]
+532: i41 = getfield_gc_i(p1, descr=<FieldS rpyeffect.stored_environment.Stack__arb.inst_target 16 pure>)
+540: guard_value(i41, 4411, descr=<Guard0x1305a4530>) [p2, p7, p9, p11, p13, p15, p17, p19, p21, p23, p25, p27, p29, p31, p33, p35, p37, p0, p1, p3, p4]
+552: p43 = getfield_gc_r(p1, descr=<FieldP rpyeffect.stored_environment.Stack__1.inst_values_ptr_0 32 pure>)
+556: p44 = getfield_gc_r(p1, descr=<FieldP rpyeffect.stored_environment.Stack__arb.inst_tail 8 pure>)
debug_merge_point(0, 0, '4411<main.rpyeffect:78([k@[mcore:[#149]#138]#144])>+0: {"op": "PrimOp". "name": "promote_ptr". "out": {"any": [0]}. "in": {"any": [0]}}')
+560: i46 = instance_ptr_eq(ConstPtr(ptr45), p39)
guard_true(i46, descr=<Guard0x1305a4560>) [p2, p7, p9, p11, p13, p15, p17, p19, p21, p23, p25, p27, p29, p31, p33, p35, p37, p0, p1, p3, p4]
debug_merge_point(0, 0, '4411<main.rpyeffect:78([k@[mcore:[#149]#138]#144])>+1: {"op": "Const". "type": "ptr". "out": 2. "format": "string". "value": "Name(import$std/core/hnd)"}')
debug_merge_point(0, 0, '4411<main.rpyeffect:78([k@[mcore:[#149]#138]#144])>+2: {"op": "PrimOp". "name": "getGlobal(String): Ptr". "out": {"any": [2]}. "in": {"any": [2]}}')
debug_merge_point(0, 0, '4411<main.rpyeffect:78([k@[mcore:[#149]#138]#144])>+3: {"op": "Push". "target": 4410. "args": {"any": []}}')
debug_merge_point(0, 0, '4411<main.rpyeffect:78([k@[mcore:[#149]#138]#144])>+4: {"op": "Jump". "target": 4379}')
debug_merge_point(0, 0, '4379<main.rpyeffect:46([mcore:[#124]#118])>+0: {"op": "Const". "type": "ptr". "out": 2. "format": "string". "value": "Name(import$std/core/hnd)"}')
debug_merge_point(0, 0, '4379<main.rpyeffect:46([mcore:[#124]#118])>+1: {"op": "PrimOp". "name": "getGlobal(String): Ptr". "out": {"any": [2]}. "in": {"any": [2]}}')
debug_merge_point(0, 0, '4379<main.rpyeffect:46([mcore:[#124]#118])>+2: {"op": "CallLib". "lib": "2". "symbol": "elt"}')
debug_merge_point(0, 0, '341<std_core_hnd.rpyeffect:40(Name(elt))>+0: {"op": "Switch". "scrutinee": 1. "values": [<IntValue object at 0x150615c90>]. "targets": [339]. "default": 340}')
+568: guard_nonnull_class(p43, ConstClass(IntValue), descr=<Guard0x1305358e0>) [p2, p7, p9, p11, p13, p15, p17, p19, p21, p23, p25, p27, p29, p31, p33, p35, p37, p0, p1, p3, p4]
+592: i48 = getfield_gc_i(p43, descr=<FieldS rpyeffect.value.IntValue.inst_value 8 pure>)
+596: i50 = int_eq(i48, 0)
guard_true(i50, descr=<Guard0x1305a4590>) [p2, p7, p9, p11, p13, p15, p17, p19, p21, p23, p25, p27, p29, p31, p33, p35, p37, p0, p1, p3, p4]
debug_merge_point(0, 0, '339<std_core_hnd.rpyeffect:38([switch case for Int(0)#100])>+0: {"op": "Proj". "out": 0. "type": Interned(evv). "scrutinee": 0. "tag": Interned(cons). "field": 0. "field_type": "any"}')
+604: p52 = getfield_gc_r(ConstPtr(ptr51), descr=<FieldP rpyeffect.data.Data.inst_tag 8>)
+612: guard_value(p52, ConstPtr(ptr53), descr=<Guard0x1305a45c0>) [p2, p7, p9, p11, p13, p15, p17, p19, p21, p23, p25, p27, p29, p31, p33, p35, p37, p0, p1, p3, p4]
debug_merge_point(0, 0, '339<std_core_hnd.rpyeffect:38([switch case for Int(0)#100])>+1: {"op": "Return". "args": {"any": [0]}}')
debug_merge_point(0, 0, '4410<main.rpyeffect:77([k@[k@[mcore:[#149]#138]#144]#152])>+0: {"op": "Push". "target": 4400. "args": {"any": []}}')
debug_merge_point(0, 0, '4410<main.rpyeffect:77([k@[k@[mcore:[#149]#138]#144]#152])>+1: {"op": "Match". "type": Interned(std/core/hnd/ev). "scrutinee": 0. "clauses": [{"tag": Interned(std/core/hnd/Ev). "target": 4409. "args": {"any": [1. 2. 3. 4]}}]. "default": {"tag": Interned(48cd814a-9f2f-47f1-a971-d6ee6660a9ba#[Missing Tag#617]). "target": 4401. "args": {"any": []}}}')
+624: p55 = getfield_gc_r(ConstPtr(ptr54), descr=<FieldP rpyeffect.data.Data.inst_tag 8>)
+632: guard_value(p55, ConstPtr(ptr56), descr=<Guard0x1305a45f0>) [p2, p7, p9, p11, p13, p15, p17, p19, p21, p23, p25, p27, p29, p31, p33, p35, p37, p0, p1, p3, p4]
debug_merge_point(0, 0, '4409<main.rpyeffect:76([#205])>+0: {"op": "Copy". "type": "any". "from": 0. "to". 1}')
debug_merge_point(0, 0, '4409<main.rpyeffect:76([#205])>+1: {"op": "Copy". "type": "any". "from": 2. "to". 0}')
debug_merge_point(0, 0, '4409<main.rpyeffect:76([#205])>+2: {"op": "Match". "type": Interned(main/state). "scrutinee": 3. "clauses": [{"tag": Interned(main/@Hnd-state). "target": 4408. "args": {"any": [2. 3. 4]}}]. "default": {"tag": Interned(48cd814a-9f2f-47f1-a971-d6ee6660a9ba#[Missing Tag#616]). "target": 4403. "args": {"any": []}}}')
+644: p58 = getfield_gc_r(ConstPtr(ptr57), descr=<FieldP rpyeffect.data.Data.inst_tag 8>)
+652: guard_value(p58, ConstPtr(ptr59), descr=<Guard0x1305a4620>) [p2, p7, p9, p11, p13, p15, p17, p19, p21, p23, p25, p27, p29, p31, p33, p35, p37, p0, p1, p3, p4]
debug_merge_point(0, 0, '4408<main.rpyeffect:75([match_main/@Hnd-state@[#205]#210])>+0: {"op": "Match". "type": Interned(std/core/hnd/clause0). "scrutinee": 3. "clauses": [{"tag": Interned(std/core/hnd/Clause0). "target": 4407. "args": {"any": [2]}}]. "default": {"tag": Interned(48cd814a-9f2f-47f1-a971-d6ee6660a9ba#[Missing Tag#615]). "target": 4405. "args": {"any": []}}}')
+664: p61 = getfield_gc_r(ConstPtr(ptr60), descr=<FieldP rpyeffect.data.Data.inst_tag 8>)
+672: guard_value(p61, ConstPtr(ptr62), descr=<Guard0x1305a4650>) [p2, p7, p9, p11, p13, p15, p17, p19, p21, p23, p25, p27, p29, p31, p33, p35, p37, p0, p1, p3, p4]
debug_merge_point(0, 0, '4407<main.rpyeffect:74([#215])>+0: {"op": "Invoke". "receiver": 2. "tag": Interned(apply). "args" : {"any": [0. 1]}}')
debug_merge_point(0, 0, '4419<main.rpyeffect:86([method_apply@[mcore:[#173]#238]#244])>+0: {"op": "Jump". "target": 4415}')
debug_merge_point(0, 0, '4415<main.rpyeffect:82([mcore:[#159]#230])>+0: {"op": "PrimOp". "name": "getRef(Ref[Ptr]): Ptr". "out": {"any": [0]}. "in": {"any": [2]}}')
+684: p64 = getfield_gc_r(ConstPtr(ptr63), descr=<FieldP rpyeffect.region.Ref.inst_value 16>)
+688: i65 = getfield_gc_i(p64, descr=<FieldS rpyeffect.value.UnboxedIntValueRef.inst_value 8>)
debug_merge_point(0, 0, '4415<main.rpyeffect:82([mcore:[#159]#230])>+1: {"op": "Return". "args": {"any": [0]}}')
debug_merge_point(0, 0, '4400<main.rpyeffect:67([k@[k@[k@[mcore:[#149]#138]#144]#152]#154])>+0: {"op": "Const". "type": "ptr". "out": 1. "format": "int". "value": "<IntValue object at 0x130326a30>"}')
debug_merge_point(0, 0, '4400<main.rpyeffect:67([k@[k@[k@[mcore:[#149]#138]#144]#152]#154])>+1: {"op": "PrimOp". "name": "infixEq(Int. Int): Boolean". "out": {"any": [1]}. "in": {"any": [0. 1]}}')
+692: i67 = int_eq(i65, 0)
debug_merge_point(0, 0, '4400<main.rpyeffect:67([k@[k@[k@[mcore:[#149]#138]#144]#152]#154])>+2: {"op": "Switch". "scrutinee": 1. "values": [<BoolValue object at 0x130326a00>]. "targets": [4383]. "default": 4399}')
guard_false(i67, descr=<Guard0x1305a4680>) [p2, p7, p9, p11, p13, p15, p17, p19, p21, p23, p25, p27, p29, p31, p33, p35, p37, p0, p1, p3, p4]
debug_merge_point(0, 0, '4399<main.rpyeffect:66([switch default case#159])>+0: {"op": "Const". "type": "ptr". "out": 1. "format": "int". "value": "<IntValue object at 0x130326a70>"}')
debug_merge_point(0, 0, '4399<main.rpyeffect:66([switch default case#159])>+1: {"op": "PrimOp". "name": "infixEq(Int. Int): Boolean". "out": {"any": [1]}. "in": {"any": [0. 1]}}')
debug_merge_point(0, 0, '4399<main.rpyeffect:66([switch default case#159])>+2: {"op": "Switch". "scrutinee": 1. "values": [<BoolValue object at 0x130326a40>]. "targets": [4397]. "default": 4398}')
debug_merge_point(0, 0, '4397<main.rpyeffect:64([switch case for Bool(false)#163])>+0: {"op": "Const". "type": "ptr". "out": 1. "format": "int". "value": "<IntValue object at 0x130326b50>"}')
debug_merge_point(0, 0, '4397<main.rpyeffect:64([switch case for Bool(false)#163])>+1: {"op": "PrimOp". "name": "infixSub(Int. Int): Int". "out": {"any": [0]}. "in": {"any": [0. 1]}}')
+700: i69 = int_sub(i65, 1)
debug_merge_point(0, 0, '4397<main.rpyeffect:64([switch case for Bool(false)#163])>+2: {"op": "Const". "type": "ptr". "out": 1. "format": "int". "value": "<IntValue object at 0x130326b20>"}')
debug_merge_point(0, 0, '4397<main.rpyeffect:64([switch case for Bool(false)#163])>+3: {"op": "Const". "type": "ptr". "out": 2. "format": "string". "value": "Name(import$std/core/hnd)"}')
debug_merge_point(0, 0, '4397<main.rpyeffect:64([switch case for Bool(false)#163])>+4: {"op": "PrimOp". "name": "getGlobal(String): Ptr". "out": {"any": [2]}. "in": {"any": [2]}}')
debug_merge_point(0, 0, '4397<main.rpyeffect:64([switch case for Bool(false)#163])>+5: {"op": "Push". "target": 4396. "args": {"any": [1. 0]}}')
debug_merge_point(0, 0, '4397<main.rpyeffect:64([switch case for Bool(false)#163])>+6: {"op": "Copy". "type": "any". "from": 2. "to". 0}')
debug_merge_point(0, 0, '4397<main.rpyeffect:64([switch case for Bool(false)#163])>+7: {"op": "Jump". "target": 4382}')
debug_merge_point(0, 0, '4382<main.rpyeffect:49([mcore:[#139]#134])>+0: {"op": "Const". "type": "ptr". "out": 0. "format": "string". "value": "Name(import$std/core/hnd)"}')
debug_merge_point(0, 0, '4382<main.rpyeffect:49([mcore:[#139]#134])>+1: {"op": "PrimOp". "name": "getGlobal(String): Ptr". "out": {"any": [0]}. "in": {"any": [0]}}')
debug_merge_point(0, 0, '4382<main.rpyeffect:49([mcore:[#139]#134])>+2: {"op": "CallLib". "lib": "0". "symbol": "getCurrentEvv"}')
debug_merge_point(0, 0, '301<std_core_hnd.rpyeffect:0(Name(getCurrentEvv))>+0: {"op": "Const". "type": "ptr". "out": 0. "format": "string". "value": "current-evv"}')
+704: p70 = new_with_vtable(descr=<SizeDescr 48>)
+812: p71 = new_with_vtable(descr=<SizeDescr 16>)
+824: setfield_gc(p71, i69, descr=<FieldS rpyeffect.value.IntValue.inst_value 8 pure>)
+828: setfield_gc(p70, 4396, descr=<FieldS rpyeffect.stored_environment.Stack__arb.inst_target 16 pure>)
+836: setfield_gc(p70, p44, descr=<FieldP rpyeffect.stored_environment.Stack__arb.inst_tail 8 pure>)
+844: setfield_gc(p70, ConstPtr(ptr73), descr=<FieldP rpyeffect.stored_environment.Stack__2.inst_values_ptr_0 32 pure>)
+848: setfield_gc(p70, p71, descr=<FieldP rpyeffect.stored_environment.Stack__2.inst_values_ptr_1 40 pure>)
+868: jump(p0, p70, p2, p3, p4, ConstPtr(ptr74), ConstPtr(ptr73), ConstPtr(ptr75), ConstPtr(ptr60), ConstPtr(ptr76), p17, p19, p21, p23, p25, p27, p29, p31, p33, p35, p37, descr=TargetToken(5105876192))
+896: --end of the loop--
[aeb6db8] jit-log-opt-loop}
[af21b31] {jit-log-opt-loop
# Loop 3 (341<std_core_hnd.rpyeffect:40(Name(elt))>+0: {"op": "Switch", "scrutinee": 1, "values": [<IntValue object at 0x150615c90>], "targets": [339], "default": 340}) : entry bridge with 86 ops
[p0, p1, p2, p3, p4]
+328: p5 = getfield_gc_r(p2, descr=<FieldP rpyeffect.environment.Environment.inst_values_ptr 16>)
+336: p7 = getarrayitem_gc_r(p5, 0, descr=<ArrayP 8>)
+340: p9 = getarrayitem_gc_r(p5, 1, descr=<ArrayP 8>)
+344: p11 = getarrayitem_gc_r(p5, 2, descr=<ArrayP 8>)
+348: p13 = getarrayitem_gc_r(p5, 3, descr=<ArrayP 8>)
+352: p15 = getarrayitem_gc_r(p5, 4, descr=<ArrayP 8>)
+356: p17 = getarrayitem_gc_r(p5, 5, descr=<ArrayP 8>)
+360: p19 = getarrayitem_gc_r(p5, 6, descr=<ArrayP 8>)
+364: p21 = getarrayitem_gc_r(p5, 7, descr=<ArrayP 8>)
+368: p23 = getarrayitem_gc_r(p5, 8, descr=<ArrayP 8>)
+372: p25 = getarrayitem_gc_r(p5, 9, descr=<ArrayP 8>)
+376: p27 = getarrayitem_gc_r(p5, 10, descr=<ArrayP 8>)
+380: p29 = getarrayitem_gc_r(p5, 11, descr=<ArrayP 8>)
+384: p31 = getarrayitem_gc_r(p5, 12, descr=<ArrayP 8>)
+388: p33 = getarrayitem_gc_r(p5, 13, descr=<ArrayP 8>)
+392: p35 = getarrayitem_gc_r(p5, 14, descr=<ArrayP 8>)
+396: p37 = getarrayitem_gc_r(p5, 15, descr=<ArrayP 8>)
debug_merge_point(0, 0, '341<std_core_hnd.rpyeffect:40(Name(elt))>+0: {"op": "Switch". "scrutinee": 1. "values": [<IntValue object at 0x150615c90>]. "targets": [339]. "default": 340}')
+400: guard_not_invalidated(descr=<Guard0x130535928>) [p2, p7, p9, p11, p13, p15, p17, p19, p21, p23, p25, p27, p29, p31, p33, p35, p37, p0, p1, p3, p4]
+404: guard_nonnull_class(p9, ConstClass(IntValue), descr=<Guard0x130535970>) [p2, p7, p9, p11, p13, p15, p17, p19, p21, p23, p25, p27, p29, p31, p33, p35, p37, p0, p1, p3, p4]
+428: i39 = getfield_gc_i(p9, descr=<FieldS rpyeffect.value.IntValue.inst_value 8 pure>)
+436: i41 = int_eq(i39, 0)
guard_true(i41, descr=<Guard0x1305a47d0>) [p2, p7, p9, p11, p13, p15, p17, p19, p21, p23, p25, p27, p29, p31, p33, p35, p37, p0, p1, p3, p4]
debug_merge_point(0, 0, '339<std_core_hnd.rpyeffect:38([switch case for Int(0)#100])>+0: {"op": "Proj". "out": 0. "type": Interned(evv). "scrutinee": 0. "tag": Interned(cons). "field": 0. "field_type": "any"}')
+444: p42 = getfield_gc_r(p7, descr=<FieldP rpyeffect.data.Data.inst_tag 8>)
+456: guard_value(p42, ConstPtr(ptr43), descr=<Guard0x1305a4800>) [p2, p7, p9, p11, p13, p15, p17, p19, p21, p23, p25, p27, p29, p31, p33, p35, p37, p0, p1, p3, p4]
+464: guard_class(p7, ConstClass(Data__2), descr=<Guard0x1305a4830>) [p2, p7, p9, p11, p13, p15, p17, p19, p21, p23, p25, p27, p29, p31, p33, p35, p37, p0, p1, p3, p4]
+480: p45 = getfield_gc_r(p7, descr=<FieldP rpyeffect.stored_environment.Data__2.inst_values_ptr_0 24 pure>)
debug_merge_point(0, 0, '339<std_core_hnd.rpyeffect:38([switch case for Int(0)#100])>+1: {"op": "Return". "args": {"any": [0]}}')
+484: guard_nonnull(p1, descr=<Guard0x1305a4860>) [p2, p7, p9, p11, p13, p15, p17, p19, p21, p23, p25, p27, p29, p31, p33, p35, p37, p0, p1, p3, p4]
+496: i46 = getfield_gc_i(p1, descr=<FieldS rpyeffect.stored_environment.Stack__arb.inst_target 16 pure>)
+508: guard_value(i46, 4395, descr=<Guard0x1305a4890>) [p2, p7, p9, p11, p13, p15, p17, p19, p21, p23, p25, p27, p29, p31, p33, p35, p37, p0, p1, p3, p4]
+524: p48 = getfield_gc_r(p1, descr=<FieldP rpyeffect.stored_environment.Stack__1.inst_values_ptr_0 32 pure>)
+528: p49 = getfield_gc_r(p1, descr=<FieldP rpyeffect.stored_environment.Stack__arb.inst_tail 8 pure>)
debug_merge_point(0, 0, '4395<main.rpyeffect:62([#179])>+0: {"op": "Push". "target": 4385. "args": {"any": []}}')
debug_merge_point(0, 0, '4395<main.rpyeffect:62([#179])>+1: {"op": "Match". "type": Interned(std/core/hnd/ev). "scrutinee": 0. "clauses": [{"tag": Interned(std/core/hnd/Ev). "target": 4394. "args": {"any": [2. 3. 4. 5]}}]. "default": {"tag": Interned(48cd814a-9f2f-47f1-a971-d6ee6660a9ba#[Missing Tag#614]). "target": 4386. "args": {"any": []}}}')
+532: p50 = getfield_gc_r(p45, descr=<FieldP rpyeffect.data.Data.inst_tag 8>)
+548: guard_value(p50, ConstPtr(ptr51), descr=<Guard0x1305a48c0>) [p2, p7, p9, p11, p13, p15, p17, p19, p21, p23, p25, p27, p29, p31, p33, p35, p37, p0, p1, p3, p4]
+556: p52 = getfield_gc_r(p45, descr=<FieldP rpyeffect.stored_environment.Data__4.inst_values_ptr_0 24 pure>)
+556: p53 = getfield_gc_r(p45, descr=<FieldP rpyeffect.stored_environment.Data__4.inst_values_ptr_1 32 pure>)
+556: p54 = getfield_gc_r(p45, descr=<FieldP rpyeffect.stored_environment.Data__4.inst_values_ptr_2 40 pure>)
+560: p55 = getfield_gc_r(p45, descr=<FieldP rpyeffect.stored_environment.Data__4.inst_values_ptr_3 48 pure>)
debug_merge_point(0, 0, '4394<main.rpyeffect:61([match_std/core/hnd/Ev@[#179]#189])>+0: {"op": "Copy". "type": "any". "from": 1. "to". 2}')
debug_merge_point(0, 0, '4394<main.rpyeffect:61([match_std/core/hnd/Ev@[#179]#189])>+1: {"op": "Copy". "type": "any". "from": 0. "to". 1}')
debug_merge_point(0, 0, '4394<main.rpyeffect:61([match_std/core/hnd/Ev@[#179]#189])>+2: {"op": "Copy". "type": "any". "from": 3. "to". 0}')
debug_merge_point(0, 0, '4394<main.rpyeffect:61([match_std/core/hnd/Ev@[#179]#189])>+3: {"op": "Match". "type": Interned(main/state). "scrutinee": 4. "clauses": [{"tag": Interned(main/@Hnd-state). "target": 4393. "args": {"any": [3. 4. 5]}}]. "default": {"tag": Interned(48cd814a-9f2f-47f1-a971-d6ee6660a9ba#[Missing Tag#613]). "target": 4388. "args": {"any": []}}}')
+560: p56 = getfield_gc_r(p54, descr=<FieldP rpyeffect.data.Data.inst_tag 8>)
+568: guard_value(p56, ConstPtr(ptr57), descr=<Guard0x1305a48f0>) [p2, p7, p9, p11, p13, p15, p17, p19, p21, p23, p25, p27, p29, p31, p33, p35, p37, p0, p1, p3, p4]
+576: p58 = getfield_gc_r(p54, descr=<FieldP rpyeffect.stored_environment.Data__3.inst_values_ptr_0 24 pure>)
+576: p59 = getfield_gc_r(p54, descr=<FieldP rpyeffect.stored_environment.Data__3.inst_values_ptr_1 32 pure>)
+580: p60 = getfield_gc_r(p54, descr=<FieldP rpyeffect.stored_environment.Data__3.inst_values_ptr_2 40 pure>)
debug_merge_point(0, 0, '4393<main.rpyeffect:60([#194])>+0: {"op": "Match". "type": Interned(std/core/hnd/clause1). "scrutinee": 5. "clauses": [{"tag": Interned(std/core/hnd/Clause1). "target": 4392. "args": {"any": [3]}}]. "default": {"tag": Interned(48cd814a-9f2f-47f1-a971-d6ee6660a9ba#[Missing Tag#612]). "target": 4390. "args": {"any": []}}}')
+584: p61 = getfield_gc_r(p60, descr=<FieldP rpyeffect.data.Data.inst_tag 8>)
+596: guard_value(p61, ConstPtr(ptr62), descr=<Guard0x1305a4920>) [p2, p7, p9, p11, p13, p15, p17, p19, p21, p23, p25, p27, p29, p31, p33, p35, p37, p0, p1, p3, p4]
+604: p63 = getfield_gc_r(p60, descr=<FieldP rpyeffect.stored_environment.Data__1.inst_values_ptr_0 24 pure>)
debug_merge_point(0, 0, '4392<main.rpyeffect:59([match_std/core/hnd/Clause1@[#194]#199])>+0: {"op": "Invoke". "receiver": 3. "tag": Interned(apply). "args" : {"any": [0. 1. 2]}}')
+608: p64 = getfield_gc_r(p63, descr=<FieldP rpyeffect.codata.CoData.inst_vtable 8 pure>)
+620: guard_value(p64, ConstPtr(ptr65), descr=<Guard0x1305a4950>) [p2, p7, p9, p11, p13, p15, p17, p19, p21, p23, p25, p27, p29, p31, p33, p35, p37, p0, p1, p3, p4]
+628: p66 = getfield_gc_r(p63, descr=<FieldP rpyeffect.stored_environment.CoData__1.inst_values_ptr_0 24 pure>)
debug_merge_point(0, 0, '4420<main.rpyeffect:87([method_apply@[k@[mcore:[#173]#238]#251]#257])>+0: {"op": "Jump". "target": 4417}')
debug_merge_point(0, 0, '4417<main.rpyeffect:84([mcore:[#166]#236])>+0: {"op": "PrimOp". "name": "setRef(Ref[Ptr]. Ptr): Unit". "out": {"any": [0]}. "in": {"any": [3. 2]}}')
+632: p67 = getfield_gc_r(p66, descr=<FieldP rpyeffect.region.Ref.inst_allocation_site 8 pure>)
+640: guard_value(p67, ConstPtr(ptr68), descr=<Guard0x1305a4980>) [p2, p7, p9, p11, p13, p15, p17, p19, p21, p23, p25, p27, p29, p31, p33, p35, p37, p0, p1, p3, p4]
+648: p69 = getfield_gc_r(p66, descr=<FieldP rpyeffect.region.Ref.inst_value 16>)
+652: guard_nonnull_class(p48, ConstClass(IntValue), descr=<Guard0x1305359b8>) [p2, p7, p9, p11, p13, p15, p17, p19, p21, p23, p25, p27, p29, p31, p33, p35, p37, p0, p1, p3, p4]
+676: i71 = getfield_gc_i(p48, descr=<FieldS rpyeffect.value.IntValue.inst_value 8 pure>)
debug_merge_point(0, 0, '4417<main.rpyeffect:84([mcore:[#166]#236])>+1: {"op": "Return". "args": {"any": [0]}}')
debug_merge_point(0, 0, '4385<main.rpyeffect:52([k@[#179]#181])>+0: {"op": "Const". "type": "ptr". "out": 0. "format": "string". "value": "Name(import$std/core/hnd)"}')
debug_merge_point(0, 0, '4385<main.rpyeffect:52([k@[#179]#181])>+1: {"op": "PrimOp". "name": "getGlobal(String): Ptr". "out": {"any": [0]}. "in": {"any": [0]}}')
debug_merge_point(0, 0, '4385<main.rpyeffect:52([k@[#179]#181])>+2: {"op": "Jump". "target": 4412}')
debug_merge_point(0, 0, '4412<main.rpyeffect:79([mcore:[#149]#138])>+0: {"op": "Const". "type": "ptr". "out": 0. "format": "int". "value": "<IntValue object at 0x130327240>"}')
debug_merge_point(0, 0, '4412<main.rpyeffect:79([mcore:[#149]#138])>+1: {"op": "Const". "type": "ptr". "out": 1. "format": "string". "value": "Name(import$std/core/hnd)"}')
debug_merge_point(0, 0, '4412<main.rpyeffect:79([mcore:[#149]#138])>+2: {"op": "PrimOp". "name": "getGlobal(String): Ptr". "out": {"any": [1]}. "in": {"any": [1]}}')
debug_merge_point(0, 0, '4412<main.rpyeffect:79([mcore:[#149]#138])>+3: {"op": "Push". "target": 4411. "args": {"any": [0]}}')
debug_merge_point(0, 0, '4412<main.rpyeffect:79([mcore:[#149]#138])>+4: {"op": "Copy". "type": "any". "from": 1. "to". 0}')
debug_merge_point(0, 0, '4412<main.rpyeffect:79([mcore:[#149]#138])>+5: {"op": "Jump". "target": 4380}')
debug_merge_point(0, 0, '4380<main.rpyeffect:47([mcore:[#125]#124])>+0: {"op": "Const". "type": "ptr". "out": 0. "format": "string". "value": "Name(import$std/core/hnd)"}')
debug_merge_point(0, 0, '4380<main.rpyeffect:47([mcore:[#125]#124])>+1: {"op": "PrimOp". "name": "getGlobal(String): Ptr". "out": {"any": [0]}. "in": {"any": [0]}}')
debug_merge_point(0, 0, '4380<main.rpyeffect:47([mcore:[#125]#124])>+2: {"op": "CallLib". "lib": "0". "symbol": "getCurrentEvv"}')
debug_merge_point(0, 0, '301<std_core_hnd.rpyeffect:0(Name(getCurrentEvv))>+0: {"op": "Const". "type": "ptr". "out": 0. "format": "string". "value": "current-evv"}')
+680: p72 = new_with_vtable(descr=<SizeDescr 40>)
+792: setfield_gc(p72, 4411, descr=<FieldS rpyeffect.stored_environment.Stack__arb.inst_target 16 pure>)
+804: setfield_gc(p72, ConstPtr(ptr74), descr=<FieldP rpyeffect.stored_environment.Stack__1.inst_values_ptr_0 32 pure>)
+808: setfield_gc(p72, p49, descr=<FieldP rpyeffect.stored_environment.Stack__arb.inst_tail 8 pure>)
+812: setfield_gc(p69, i71, descr=<FieldS rpyeffect.value.UnboxedIntValueRef.inst_value 8>)
+828: jump(p0, p72, p2, p3, p4, ConstPtr(ptr75), ConstPtr(ptr76), p48, p66, p59, p60, p19, p21, p23, p25, p27, p29, p31, p33, p35, p37, descr=TargetToken(5105876192))
+1012: --end of the loop--
[af32aad] jit-log-opt-loop}
[afd05ca] {jit-log-opt-bridge
# bridge out of Guard 0x1305a4530 with 71 ops
[p0, p1, p2, p3, p4, p5, p6, p7, p8, p9, p10, p11, p12, p13, p14, p15, p16, p17, p18, p19, p20]
+280: guard_not_invalidated(descr=<Guard0x130535a00>) [p0, p1, p2, p3, p4, p5, p6, p7, p8, p9, p10, p11, p12, p13, p14, p15, p16, p17, p18, p19, p20]
debug_merge_point(0, 0, '301<std_core_hnd.rpyeffect:0(Name(getCurrentEvv))>+1: {"op": "PrimOp". "name": "getGlobal(String): Ptr". "out": {"any": [0]}. "in": {"any": [0]}}')
debug_merge_point(0, 0, '301<std_core_hnd.rpyeffect:0(Name(getCurrentEvv))>+2: {"op": "PrimOp". "name": "getRef(Ref[Ptr]): Ptr". "out": {"any": [0]}. "in": {"any": [0]}}')
+288: p22 = getfield_gc_r(ConstPtr(ptr21), descr=<FieldP rpyeffect.region.Ref.inst_value 16>)
+296: guard_value(p22, ConstPtr(ptr23), descr=<Guard0x130535a48>) [p0, p1, p2, p3, p4, p5, p6, p7, p8, p9, p10, p11, p12, p13, p14, p15, p16, p17, p18, p19, p20]
debug_merge_point(0, 0, '301<std_core_hnd.rpyeffect:0(Name(getCurrentEvv))>+3: {"op": "Return". "args": {"any": [0]}}')
+304: guard_nonnull(p18, descr=<Guard0x1305a4b60>) [p0, p1, p2, p3, p4, p5, p6, p7, p8, p9, p10, p11, p12, p13, p14, p15, p16, p17, p18, p19, p20]
+312: i24 = getfield_gc_i(p18, descr=<FieldS rpyeffect.stored_environment.Stack__arb.inst_target 16 pure>)
+316: guard_value(i24, 4396, descr=<Guard0x1305a4b90>) [p0, p1, p2, p3, p4, p5, p6, p7, p8, p9, p10, p11, p12, p13, p14, p15, p16, p17, p18, p19, p20]
+328: p26 = getfield_gc_r(p18, descr=<FieldP rpyeffect.stored_environment.Stack__2.inst_values_ptr_0 32 pure>)
+332: p27 = getfield_gc_r(p18, descr=<FieldP rpyeffect.stored_environment.Stack__2.inst_values_ptr_1 40 pure>)
+336: p28 = getfield_gc_r(p18, descr=<FieldP rpyeffect.stored_environment.Stack__arb.inst_tail 8 pure>)
debug_merge_point(0, 0, '4396<main.rpyeffect:63([k@[switch case for Bool(false)#163]#171])>+0: {"op": "PrimOp". "name": "promote_ptr". "out": {"any": [0]}. "in": {"any": [0]}}')
+340: i30 = instance_ptr_eq(ConstPtr(ptr29), p22)
guard_true(i30, descr=<Guard0x1305a4bc0>) [p0, p1, p2, p3, p4, p5, p6, p7, p8, p9, p10, p11, p12, p13, p14, p15, p16, p17, p18, p19, p20]
debug_merge_point(0, 0, '4396<main.rpyeffect:63([k@[switch case for Bool(false)#163]#171])>+1: {"op": "Const". "type": "ptr". "out": 3. "format": "string". "value": "Name(import$std/core/hnd)"}')
debug_merge_point(0, 0, '4396<main.rpyeffect:63([k@[switch case for Bool(false)#163]#171])>+2: {"op": "PrimOp". "name": "getGlobal(String): Ptr". "out": {"any": [3]}. "in": {"any": [3]}}')
debug_merge_point(0, 0, '4396<main.rpyeffect:63([k@[switch case for Bool(false)#163]#171])>+3: {"op": "Push". "target": 4395. "args": {"any": [2]}}')
debug_merge_point(0, 0, '4396<main.rpyeffect:63([k@[switch case for Bool(false)#163]#171])>+4: {"op": "Copy". "type": "any". "from": 3. "to". 2}')
debug_merge_point(0, 0, '4396<main.rpyeffect:63([k@[switch case for Bool(false)#163]#171])>+5: {"op": "Jump". "target": 4381}')
debug_merge_point(0, 0, '4381<main.rpyeffect:48([mcore:[#138]#128])>+0: {"op": "Const". "type": "ptr". "out": 2. "format": "string". "value": "Name(import$std/core/hnd)"}')
debug_merge_point(0, 0, '4381<main.rpyeffect:48([mcore:[#138]#128])>+1: {"op": "PrimOp". "name": "getGlobal(String): Ptr". "out": {"any": [2]}. "in": {"any": [2]}}')
debug_merge_point(0, 0, '4381<main.rpyeffect:48([mcore:[#138]#128])>+2: {"op": "CallLib". "lib": "2". "symbol": "elt"}')
debug_merge_point(0, 0, '341<std_core_hnd.rpyeffect:40(Name(elt))>+0: {"op": "Switch". "scrutinee": 1. "values": [<IntValue object at 0x150615c90>]. "targets": [339]. "default": 340}')
+348: guard_nonnull_class(p26, ConstClass(IntValue), descr=<Guard0x130535a90>) [p0, p1, p2, p3, p4, p5, p6, p7, p8, p9, p10, p11, p12, p13, p14, p15, p16, p17, p18, p19, p20]
+372: i32 = getfield_gc_i(p26, descr=<FieldS rpyeffect.value.IntValue.inst_value 8 pure>)
+376: i34 = int_eq(i32, 0)
guard_true(i34, descr=<Guard0x1305a4bf0>) [p0, p1, p2, p3, p4, p5, p6, p7, p8, p9, p10, p11, p12, p13, p14, p15, p16, p17, p18, p19, p20]
debug_merge_point(0, 0, '339<std_core_hnd.rpyeffect:38([switch case for Int(0)#100])>+0: {"op": "Proj". "out": 0. "type": Interned(evv). "scrutinee": 0. "tag": Interned(cons). "field": 0. "field_type": "any"}')
+384: p36 = getfield_gc_r(ConstPtr(ptr35), descr=<FieldP rpyeffect.data.Data.inst_tag 8>)
+392: guard_value(p36, ConstPtr(ptr37), descr=<Guard0x1305a4c20>) [p0, p1, p2, p3, p4, p5, p6, p7, p8, p9, p10, p11, p12, p13, p14, p15, p16, p17, p18, p19, p20]
debug_merge_point(0, 0, '339<std_core_hnd.rpyeffect:38([switch case for Int(0)#100])>+1: {"op": "Return". "args": {"any": [0]}}')
debug_merge_point(0, 0, '4395<main.rpyeffect:62([#179])>+0: {"op": "Push". "target": 4385. "args": {"any": []}}')
debug_merge_point(0, 0, '4395<main.rpyeffect:62([#179])>+1: {"op": "Match". "type": Interned(std/core/hnd/ev). "scrutinee": 0. "clauses": [{"tag": Interned(std/core/hnd/Ev). "target": 4394. "args": {"any": [2. 3. 4. 5]}}]. "default": {"tag": Interned(48cd814a-9f2f-47f1-a971-d6ee6660a9ba#[Missing Tag#614]). "target": 4386. "args": {"any": []}}}')
+404: p39 = getfield_gc_r(ConstPtr(ptr38), descr=<FieldP rpyeffect.data.Data.inst_tag 8>)
+412: guard_value(p39, ConstPtr(ptr40), descr=<Guard0x1305a4c50>) [p0, p1, p2, p3, p4, p5, p6, p7, p8, p9, p10, p11, p12, p13, p14, p15, p16, p17, p18, p19, p20]
debug_merge_point(0, 0, '4394<main.rpyeffect:61([match_std/core/hnd/Ev@[#179]#189])>+0: {"op": "Copy". "type": "any". "from": 1. "to". 2}')
debug_merge_point(0, 0, '4394<main.rpyeffect:61([match_std/core/hnd/Ev@[#179]#189])>+1: {"op": "Copy". "type": "any". "from": 0. "to". 1}')
debug_merge_point(0, 0, '4394<main.rpyeffect:61([match_std/core/hnd/Ev@[#179]#189])>+2: {"op": "Copy". "type": "any". "from": 3. "to". 0}')
debug_merge_point(0, 0, '4394<main.rpyeffect:61([match_std/core/hnd/Ev@[#179]#189])>+3: {"op": "Match". "type": Interned(main/state). "scrutinee": 4. "clauses": [{"tag": Interned(main/@Hnd-state). "target": 4393. "args": {"any": [3. 4. 5]}}]. "default": {"tag": Interned(48cd814a-9f2f-47f1-a971-d6ee6660a9ba#[Missing Tag#613]). "target": 4388. "args": {"any": []}}}')
+424: p42 = getfield_gc_r(ConstPtr(ptr41), descr=<FieldP rpyeffect.data.Data.inst_tag 8>)
+432: guard_value(p42, ConstPtr(ptr43), descr=<Guard0x1305a4c80>) [p0, p1, p2, p3, p4, p5, p6, p7, p8, p9, p10, p11, p12, p13, p14, p15, p16, p17, p18, p19, p20]
debug_merge_point(0, 0, '4393<main.rpyeffect:60([#194])>+0: {"op": "Match". "type": Interned(std/core/hnd/clause1). "scrutinee": 5. "clauses": [{"tag": Interned(std/core/hnd/Clause1). "target": 4392. "args": {"any": [3]}}]. "default": {"tag": Interned(48cd814a-9f2f-47f1-a971-d6ee6660a9ba#[Missing Tag#612]). "target": 4390. "args": {"any": []}}}')
+444: p45 = getfield_gc_r(ConstPtr(ptr44), descr=<FieldP rpyeffect.data.Data.inst_tag 8>)
+452: guard_value(p45, ConstPtr(ptr46), descr=<Guard0x1305a4cb0>) [p0, p1, p2, p3, p4, p5, p6, p7, p8, p9, p10, p11, p12, p13, p14, p15, p16, p17, p18, p19, p20]
debug_merge_point(0, 0, '4392<main.rpyeffect:59([match_std/core/hnd/Clause1@[#194]#199])>+0: {"op": "Invoke". "receiver": 3. "tag": Interned(apply). "args" : {"any": [0. 1. 2]}}')
debug_merge_point(0, 0, '4420<main.rpyeffect:87([method_apply@[k@[mcore:[#173]#238]#251]#257])>+0: {"op": "Jump". "target": 4417}')
debug_merge_point(0, 0, '4417<main.rpyeffect:84([mcore:[#166]#236])>+0: {"op": "PrimOp". "name": "setRef(Ref[Ptr]. Ptr): Unit". "out": {"any": [0]}. "in": {"any": [3. 2]}}')
+464: p48 = getfield_gc_r(ConstPtr(ptr47), descr=<FieldP rpyeffect.region.Ref.inst_value 16>)
+468: guard_nonnull_class(p27, ConstClass(IntValue), descr=<Guard0x130535ad8>) [p0, p1, p2, p3, p4, p5, p6, p7, p8, p9, p10, p11, p12, p13, p14, p15, p16, p17, p18, p19, p20]
+492: i50 = getfield_gc_i(p27, descr=<FieldS rpyeffect.value.IntValue.inst_value 8 pure>)
debug_merge_point(0, 0, '4417<main.rpyeffect:84([mcore:[#166]#236])>+1: {"op": "Return". "args": {"any": [0]}}')
debug_merge_point(0, 0, '4385<main.rpyeffect:52([k@[#179]#181])>+0: {"op": "Const". "type": "ptr". "out": 0. "format": "string". "value": "Name(import$std/core/hnd)"}')
debug_merge_point(0, 0, '4385<main.rpyeffect:52([k@[#179]#181])>+1: {"op": "PrimOp". "name": "getGlobal(String): Ptr". "out": {"any": [0]}. "in": {"any": [0]}}')
debug_merge_point(0, 0, '4385<main.rpyeffect:52([k@[#179]#181])>+2: {"op": "Jump". "target": 4412}')
debug_merge_point(0, 0, '4412<main.rpyeffect:79([mcore:[#149]#138])>+0: {"op": "Const". "type": "ptr". "out": 0. "format": "int". "value": "<IntValue object at 0x130327240>"}')
debug_merge_point(0, 0, '4412<main.rpyeffect:79([mcore:[#149]#138])>+1: {"op": "Const". "type": "ptr". "out": 1. "format": "string". "value": "Name(import$std/core/hnd)"}')
debug_merge_point(0, 0, '4412<main.rpyeffect:79([mcore:[#149]#138])>+2: {"op": "PrimOp". "name": "getGlobal(String): Ptr". "out": {"any": [1]}. "in": {"any": [1]}}')
debug_merge_point(0, 0, '4412<main.rpyeffect:79([mcore:[#149]#138])>+3: {"op": "Push". "target": 4411. "args": {"any": [0]}}')
debug_merge_point(0, 0, '4412<main.rpyeffect:79([mcore:[#149]#138])>+4: {"op": "Copy". "type": "any". "from": 1. "to". 0}')
debug_merge_point(0, 0, '4412<main.rpyeffect:79([mcore:[#149]#138])>+5: {"op": "Jump". "target": 4380}')
debug_merge_point(0, 0, '4380<main.rpyeffect:47([mcore:[#125]#124])>+0: {"op": "Const". "type": "ptr". "out": 0. "format": "string". "value": "Name(import$std/core/hnd)"}')
debug_merge_point(0, 0, '4380<main.rpyeffect:47([mcore:[#125]#124])>+1: {"op": "PrimOp". "name": "getGlobal(String): Ptr". "out": {"any": [0]}. "in": {"any": [0]}}')
debug_merge_point(0, 0, '4380<main.rpyeffect:47([mcore:[#125]#124])>+2: {"op": "CallLib". "lib": "0". "symbol": "getCurrentEvv"}')
debug_merge_point(0, 0, '301<std_core_hnd.rpyeffect:0(Name(getCurrentEvv))>+0: {"op": "Const". "type": "ptr". "out": 0. "format": "string". "value": "current-evv"}')
+496: p51 = new_with_vtable(descr=<SizeDescr 40>)
+600: setfield_gc(p51, 4411, descr=<FieldS rpyeffect.stored_environment.Stack__arb.inst_target 16 pure>)
+608: setfield_gc(p51, p28, descr=<FieldP rpyeffect.stored_environment.Stack__arb.inst_tail 8 pure>)
+612: setfield_gc(p48, i50, descr=<FieldS rpyeffect.value.UnboxedIntValueRef.inst_value 8>)
+620: setfield_gc(p51, ConstPtr(ptr53), descr=<FieldP rpyeffect.stored_environment.Stack__1.inst_values_ptr_0 32 pure>)
+640: jump(p17, p51, p0, p19, p20, ConstPtr(ptr54), ConstPtr(ptr55), p27, ConstPtr(ptr47), ConstPtr(ptr56), ConstPtr(ptr44), p7, p8, p9, p10, p11, p12, p13, p14, p15, p16, descr=TargetToken(5105876192))
+688: --end of the loop--
[afded3c] jit-log-opt-bridge}
[7d0504ab] {jit-summary
Tracing:      	3	0.001689
Backend:      	3	0.000369
TOTAL:      		1.917650
ops:             	6056
heapcached ops:  	662
recorded ops:    	3239
  calls:         	2792
guards:          	158
opt ops:         	305
opt guards:      	62
opt guards shared:	45
forcings:        	0
abort: trace too long:	0
abort: compiling:	0
abort: vable escape:	0
abort: bad loop: 	0
abort: force quasi-immut:	0
abort: segmenting trace:	0
virtualizables forced:	0
nvirtuals:       	0
nvholes:         	0
nvreused:        	0
vecopt tried:    	0
vecopt success:  	0
Total # of loops:	2
Total # of bridges:	1
Freed # of loops:	0
Freed # of bridges:	0
[7d052b14] jit-summary}
