[acfca5c] {jit-log-opt-loop
# Loop 1 (4389<main.rpyeffect:56([match_def@[mcore:[#146]#118]#119])>+0: {"op": "Match", "type": Interned(std/core/types/list), "scrutinee": 0, "clauses": [{"tag": Interned(std/core/types/Cons), "target": 4388, "args": {"any": [0, 1]}}], "default": {"tag": Interned(384d9dee-10c2-4a38-b1ae-302bb2487970#[Missing Tag#700]), "target": 4369, "args": {"any": []}}}) : loop with 72 ops
[p0, p1, p2, p3, p4]
+216: p5 = getfield_gc_r(p2, descr=<FieldP rpyeffect.environment.Environment.inst_values_ptr 16>)
+224: p7 = getarrayitem_gc_r(p5, 0, descr=<ArrayP 8>)
+228: p9 = getarrayitem_gc_r(p5, 1, descr=<ArrayP 8>)
+232: p11 = getarrayitem_gc_r(p5, 2, descr=<ArrayP 8>)
+236: p13 = getarrayitem_gc_r(p5, 3, descr=<ArrayP 8>)
+240: p15 = getarrayitem_gc_r(p5, 4, descr=<ArrayP 8>)
+244: p17 = getarrayitem_gc_r(p5, 5, descr=<ArrayP 8>)
+248: p19 = getarrayitem_gc_r(p5, 6, descr=<ArrayP 8>)
+252: p21 = getarrayitem_gc_r(p5, 7, descr=<ArrayP 8>)
+256: p23 = getarrayitem_gc_r(p5, 8, descr=<ArrayP 8>)
+260: p25 = getarrayitem_gc_r(p5, 9, descr=<ArrayP 8>)
+264: p27 = getarrayitem_gc_r(p5, 10, descr=<ArrayP 8>)
+268: p29 = getarrayitem_gc_r(p5, 11, descr=<ArrayP 8>)
+272: p31 = getarrayitem_gc_r(p5, 12, descr=<ArrayP 8>)
+276: p33 = getarrayitem_gc_r(p5, 13, descr=<ArrayP 8>)
+280: p35 = getarrayitem_gc_r(p5, 14, descr=<ArrayP 8>)
+284: p37 = getarrayitem_gc_r(p5, 15, descr=<ArrayP 8>)
+288: label(p0, p1, p2, p3, p4, p7, p9, p11, p13, p15, p17, p19, p21, p23, p25, p27, p29, p31, p33, p35, p37, descr=TargetToken(4972346784))
debug_merge_point(0, 0, '4389<main.rpyeffect:56([match_def@[mcore:[#146]#118]#119])>+0: {"op": "Match". "type": Interned(std/core/types/list). "scrutinee": 0. "clauses": [{"tag": Interned(std/core/types/Cons). "target": 4388. "args": {"any": [0. 1]}}]. "default": {"tag": Interned(384d9dee-10c2-4a38-b1ae-302bb2487970#[Missing Tag#700]). "target": 4369. "args": {"any": []}}}')
+348: guard_not_invalidated(descr=<Guard0x1285df778>) [p2, p7, p9, p11, p13, p15, p17, p19, p21, p23, p25, p27, p29, p31, p33, p35, p37, p0, p1, p3, p4]
+352: p38 = getfield_gc_r(p7, descr=<FieldP rpyeffect.data.Data.inst_tag 8>)
+360: guard_value(p38, ConstPtr(ptr39), descr=<Guard0x12863be50>) [p2, p7, p9, p11, p13, p15, p17, p19, p21, p23, p25, p27, p29, p31, p33, p35, p37, p0, p1, p3, p4]
+368: p40 = getfield_gc_r(p7, descr=<FieldP rpyeffect.stored_environment.Data__2.inst_values_ptr_0 24 pure>)
+372: p41 = getfield_gc_r(p7, descr=<FieldP rpyeffect.stored_environment.Data__2.inst_values_ptr_1 32 pure>)
debug_merge_point(0, 0, '4388<main.rpyeffect:55([#121])>+0: {"op": "Const". "type": "ptr". "out": 2. "format": "int". "value": "<IntValue object at 0x12840e910>"}')
debug_merge_point(0, 0, '4388<main.rpyeffect:55([#121])>+1: {"op": "PrimOp". "name": "infixEq(Int. Int): Boolean". "out": {"any": [2]}. "in": {"any": [0. 2]}}')
+376: i42 = getfield_gc_i(p40, descr=<FieldS rpyeffect.value.IntValue.inst_value 8 pure>)
+380: i44 = int_eq(i42, 0)
debug_merge_point(0, 0, '4388<main.rpyeffect:55([#121])>+2: {"op": "Switch". "scrutinee": 2. "values": [<BoolValue object at 0x12840ed80>]. "targets": [4383]. "default": 4387}')
guard_false(i44, descr=<Guard0x12863be80>) [p2, p7, p9, p11, p13, p15, p17, p19, p21, p23, p25, p27, p29, p31, p33, p35, p37, p0, p1, p3, p4]
debug_merge_point(0, 0, '4387<main.rpyeffect:54([switch default case#163])>+0: {"op": "Const". "type": "ptr". "out": 2. "format": "int". "value": "<IntValue object at 0x12840e7e0>"}')
debug_merge_point(0, 0, '4387<main.rpyeffect:54([switch default case#163])>+1: {"op": "PrimOp". "name": "infixEq(Int. Int): Boolean". "out": {"any": [2]}. "in": {"any": [0. 2]}}')
debug_merge_point(0, 0, '4387<main.rpyeffect:54([switch default case#163])>+2: {"op": "Switch". "scrutinee": 2. "values": [<BoolValue object at 0x12840e7b0>]. "targets": [4385]. "default": 4386}')
debug_merge_point(0, 0, '4385<main.rpyeffect:52([switch case for Bool(false)#167])>+0: {"op": "Const". "type": "ptr". "out": 2. "format": "string". "value": "Name(import$std/core/hnd)"}')
debug_merge_point(0, 0, '4385<main.rpyeffect:52([switch case for Bool(false)#167])>+1: {"op": "PrimOp". "name": "getGlobal(String): Ptr". "out": {"any": [2]}. "in": {"any": [2]}}')
debug_merge_point(0, 0, '4385<main.rpyeffect:52([switch case for Bool(false)#167])>+2: {"op": "Push". "target": 4384. "args": {"any": [0]}}')
debug_merge_point(0, 0, '4385<main.rpyeffect:52([switch case for Bool(false)#167])>+3: {"op": "Copy". "type": "any". "from": 1. "to". 0}')
debug_merge_point(0, 0, '4385<main.rpyeffect:52([switch case for Bool(false)#167])>+4: {"op": "Copy". "type": "any". "from": 2. "to". 1}')
debug_merge_point(0, 0, '4385<main.rpyeffect:52([switch case for Bool(false)#167])>+5: {"op": "Jump". "target": 4391}')
debug_merge_point(0, 0, '4391<main.rpyeffect:58([mcore:[#146]#118])>+0: {"op": "Match". "type": Interned(std/core/types/list). "scrutinee": 0. "clauses": [{"tag": Interned(std/core/types/Nil). "target": 4390. "args": {"any": []}}]. "default": {"tag": Interned(384d9dee-10c2-4a38-b1ae-302bb2487970#[Missing Tag#701]). "target": 4389. "args": {"any": []}}}')
+388: p45 = getfield_gc_r(p41, descr=<FieldP rpyeffect.data.Data.inst_tag 8>)
+392: guard_value(p45, ConstPtr(ptr46), descr=<Guard0x12863beb0>) [p2, p7, p9, p11, p13, p15, p17, p19, p21, p23, p25, p27, p29, p31, p33, p35, p37, p0, p1, p3, p4]
debug_merge_point(0, 0, '4389<main.rpyeffect:56([match_def@[mcore:[#146]#118]#119])>+0: {"op": "Match". "type": Interned(std/core/types/list). "scrutinee": 0. "clauses": [{"tag": Interned(std/core/types/Cons). "target": 4388. "args": {"any": [0. 1]}}]. "default": {"tag": Interned(384d9dee-10c2-4a38-b1ae-302bb2487970#[Missing Tag#700]). "target": 4369. "args": {"any": []}}}')
+400: label(p0, p1, p40, p2, p3, p4, p41, p13, p15, p17, p19, p21, p23, p25, p27, p29, p31, p33, p35, p37, descr=TargetToken(4972346848))
debug_merge_point(0, 0, '4389<main.rpyeffect:56([match_def@[mcore:[#146]#118]#119])>+0: {"op": "Match". "type": Interned(std/core/types/list). "scrutinee": 0. "clauses": [{"tag": Interned(std/core/types/Cons). "target": 4388. "args": {"any": [0. 1]}}]. "default": {"tag": Interned(384d9dee-10c2-4a38-b1ae-302bb2487970#[Missing Tag#700]). "target": 4369. "args": {"any": []}}}')
+400: guard_not_invalidated(descr=<Guard0x1285df7c0>) [p2, p41, p13, p15, p17, p19, p21, p23, p25, p27, p29, p31, p33, p35, p37, p0, p3, p4, p40, p1]
+404: p47 = getfield_gc_r(p41, descr=<FieldP rpyeffect.stored_environment.Data__2.inst_values_ptr_0 24 pure>)
+408: p48 = getfield_gc_r(p41, descr=<FieldP rpyeffect.stored_environment.Data__2.inst_values_ptr_1 32 pure>)
debug_merge_point(0, 0, '4388<main.rpyeffect:55([#121])>+0: {"op": "Const". "type": "ptr". "out": 2. "format": "int". "value": "<IntValue object at 0x12840e910>"}')
debug_merge_point(0, 0, '4388<main.rpyeffect:55([#121])>+1: {"op": "PrimOp". "name": "infixEq(Int. Int): Boolean". "out": {"any": [2]}. "in": {"any": [0. 2]}}')
+412: i49 = getfield_gc_i(p47, descr=<FieldS rpyeffect.value.IntValue.inst_value 8 pure>)
+416: i51 = int_eq(i49, 0)
debug_merge_point(0, 0, '4388<main.rpyeffect:55([#121])>+2: {"op": "Switch". "scrutinee": 2. "values": [<BoolValue object at 0x12840ed80>]. "targets": [4383]. "default": 4387}')
guard_false(i51, descr=<Guard0x12863bee0>) [p2, p41, p13, p15, p17, p19, p21, p23, p25, p27, p29, p31, p33, p35, p37, p0, p3, p4, p40, p1]
debug_merge_point(0, 0, '4387<main.rpyeffect:54([switch default case#163])>+0: {"op": "Const". "type": "ptr". "out": 2. "format": "int". "value": "<IntValue object at 0x12840e7e0>"}')
debug_merge_point(0, 0, '4387<main.rpyeffect:54([switch default case#163])>+1: {"op": "PrimOp". "name": "infixEq(Int. Int): Boolean". "out": {"any": [2]}. "in": {"any": [0. 2]}}')
debug_merge_point(0, 0, '4387<main.rpyeffect:54([switch default case#163])>+2: {"op": "Switch". "scrutinee": 2. "values": [<BoolValue object at 0x12840e7b0>]. "targets": [4385]. "default": 4386}')
debug_merge_point(0, 0, '4385<main.rpyeffect:52([switch case for Bool(false)#167])>+0: {"op": "Const". "type": "ptr". "out": 2. "format": "string". "value": "Name(import$std/core/hnd)"}')
debug_merge_point(0, 0, '4385<main.rpyeffect:52([switch case for Bool(false)#167])>+1: {"op": "PrimOp". "name": "getGlobal(String): Ptr". "out": {"any": [2]}. "in": {"any": [2]}}')
debug_merge_point(0, 0, '4385<main.rpyeffect:52([switch case for Bool(false)#167])>+2: {"op": "Push". "target": 4384. "args": {"any": [0]}}')
debug_merge_point(0, 0, '4385<main.rpyeffect:52([switch case for Bool(false)#167])>+3: {"op": "Copy". "type": "any". "from": 1. "to". 0}')
debug_merge_point(0, 0, '4385<main.rpyeffect:52([switch case for Bool(false)#167])>+4: {"op": "Copy". "type": "any". "from": 2. "to". 1}')
debug_merge_point(0, 0, '4385<main.rpyeffect:52([switch case for Bool(false)#167])>+5: {"op": "Jump". "target": 4391}')
debug_merge_point(0, 0, '4391<main.rpyeffect:58([mcore:[#146]#118])>+0: {"op": "Match". "type": Interned(std/core/types/list). "scrutinee": 0. "clauses": [{"tag": Interned(std/core/types/Nil). "target": 4390. "args": {"any": []}}]. "default": {"tag": Interned(384d9dee-10c2-4a38-b1ae-302bb2487970#[Missing Tag#701]). "target": 4389. "args": {"any": []}}}')
+424: p52 = getfield_gc_r(p48, descr=<FieldP rpyeffect.data.Data.inst_tag 8>)
+432: guard_value(p52, ConstPtr(ptr53), descr=<Guard0x12863bf10>) [p2, p41, p13, p15, p17, p19, p21, p23, p25, p27, p29, p31, p33, p35, p37, p0, p3, p4, p40, p1]
debug_merge_point(0, 0, '4389<main.rpyeffect:56([match_def@[mcore:[#146]#118]#119])>+0: {"op": "Match". "type": Interned(std/core/types/list). "scrutinee": 0. "clauses": [{"tag": Interned(std/core/types/Cons). "target": 4388. "args": {"any": [0. 1]}}]. "default": {"tag": Interned(384d9dee-10c2-4a38-b1ae-302bb2487970#[Missing Tag#700]). "target": 4369. "args": {"any": []}}}')
+440: p54 = new_with_vtable(descr=<SizeDescr 40>)
+552: setfield_gc(p54, p1, descr=<FieldP rpyeffect.stored_environment.Stack__arb.inst_tail 8 pure>)
+560: setfield_gc(p54, 4384, descr=<FieldS rpyeffect.stored_environment.Stack__arb.inst_target 16 pure>)
+568: setfield_gc(p54, p40, descr=<FieldP rpyeffect.stored_environment.Stack__1.inst_values_ptr_0 32 pure>)
+580: jump(p0, p54, p47, p2, p3, p4, p48, p13, p15, p17, p19, p21, p23, p25, p27, p29, p31, p33, p35, p37, descr=TargetToken(4972346848))
+596: --end of the loop--
[ad1cb0e] jit-log-opt-loop}
[afdc55b] {jit-log-opt-loop
# Loop 3 (301<std_core_hnd.rpyeffect:0(Name(getCurrentEvv))>+0: {"op": "Const", "type": "ptr", "out": 0, "format": "string", "value": "current-evv"}) : loop with 93 ops
[p0, p1, p2, p3, p4]
+312: p5 = getfield_gc_r(p2, descr=<FieldP rpyeffect.environment.Environment.inst_values_ptr 16>)
+320: p7 = getarrayitem_gc_r(p5, 0, descr=<ArrayP 8>)
+324: p9 = getarrayitem_gc_r(p5, 1, descr=<ArrayP 8>)
+328: p11 = getarrayitem_gc_r(p5, 2, descr=<ArrayP 8>)
+332: p13 = getarrayitem_gc_r(p5, 3, descr=<ArrayP 8>)
+336: p15 = getarrayitem_gc_r(p5, 4, descr=<ArrayP 8>)
+340: p17 = getarrayitem_gc_r(p5, 5, descr=<ArrayP 8>)
+344: p19 = getarrayitem_gc_r(p5, 6, descr=<ArrayP 8>)
+348: p21 = getarrayitem_gc_r(p5, 7, descr=<ArrayP 8>)
+352: p23 = getarrayitem_gc_r(p5, 8, descr=<ArrayP 8>)
+356: p25 = getarrayitem_gc_r(p5, 9, descr=<ArrayP 8>)
+360: p27 = getarrayitem_gc_r(p5, 10, descr=<ArrayP 8>)
+364: p29 = getarrayitem_gc_r(p5, 11, descr=<ArrayP 8>)
+368: p31 = getarrayitem_gc_r(p5, 12, descr=<ArrayP 8>)
+372: p33 = getarrayitem_gc_r(p5, 13, descr=<ArrayP 8>)
+376: p35 = getarrayitem_gc_r(p5, 14, descr=<ArrayP 8>)
+380: p37 = getarrayitem_gc_r(p5, 15, descr=<ArrayP 8>)
+384: label(p0, p1, p2, p3, p4, p7, p9, p11, p13, p15, p17, p19, p21, p23, p25, p27, p29, p31, p33, p35, p37, descr=TargetToken(4974830624))
+448: guard_not_invalidated(descr=<Guard0x1285df898>) [p2, p7, p9, p11, p13, p15, p17, p19, p21, p23, p25, p27, p29, p31, p33, p35, p37, p0, p1, p3, p4]
debug_merge_point(0, 0, '301<std_core_hnd.rpyeffect:0(Name(getCurrentEvv))>+1: {"op": "PrimOp". "name": "getGlobal(String): Ptr". "out": {"any": [0]}. "in": {"any": [0]}}')
debug_merge_point(0, 0, '301<std_core_hnd.rpyeffect:0(Name(getCurrentEvv))>+2: {"op": "PrimOp". "name": "getRef(Ref[Ptr]): Ptr". "out": {"any": [0]}. "in": {"any": [0]}}')
+456: p39 = getfield_gc_r(ConstPtr(ptr38), descr=<FieldP rpyeffect.region.Ref.inst_value 16>)
+460: guard_nonnull_class(p39, ConstClass(Data__2), descr=<Guard0x1285df8e0>) [p2, p7, p9, p11, p13, p15, p17, p19, p21, p23, p25, p27, p29, p31, p33, p35, p37, p0, p1, p3, p4]
debug_merge_point(0, 0, '301<std_core_hnd.rpyeffect:0(Name(getCurrentEvv))>+3: {"op": "Return". "args": {"any": [0]}}')
+484: guard_nonnull(p1, descr=<Guard0x1288603e0>) [p2, p7, p9, p11, p13, p15, p17, p19, p21, p23, p25, p27, p29, p31, p33, p35, p37, p0, p1, p3, p4]
+496: i41 = getfield_gc_i(p1, descr=<FieldS rpyeffect.stored_environment.Stack__arb.inst_target 16 pure>)
+504: guard_value(i41, 4382, descr=<Guard0x128860410>) [p2, p7, p9, p11, p13, p15, p17, p19, p21, p23, p25, p27, p29, p31, p33, p35, p37, p0, p1, p3, p4]
+516: p43 = getfield_gc_r(p1, descr=<FieldP rpyeffect.stored_environment.Stack__1.inst_values_ptr_0 32 pure>)
+520: p44 = getfield_gc_r(p1, descr=<FieldP rpyeffect.stored_environment.Stack__arb.inst_tail 8 pure>)
debug_merge_point(0, 0, '4382<main.rpyeffect:49([k@[switch case for Bool(true)#128]#134])>+0: {"op": "PrimOp". "name": "promote_ptr". "out": {"any": [0]}. "in": {"any": [0]}}')
debug_merge_point(0, 0, '4382<main.rpyeffect:49([k@[switch case for Bool(true)#128]#134])>+1: {"op": "Const". "type": "ptr". "out": 2. "format": "string". "value": "Name(import$std/core/hnd)"}')
debug_merge_point(0, 0, '4382<main.rpyeffect:49([k@[switch case for Bool(true)#128]#134])>+2: {"op": "PrimOp". "name": "getGlobal(String): Ptr". "out": {"any": [2]}. "in": {"any": [2]}}')
debug_merge_point(0, 0, '4382<main.rpyeffect:49([k@[switch case for Bool(true)#128]#134])>+3: {"op": "Push". "target": 4381. "args": {"any": []}}')
debug_merge_point(0, 0, '4382<main.rpyeffect:49([k@[switch case for Bool(true)#128]#134])>+4: {"op": "Jump". "target": 4367}')
debug_merge_point(0, 0, '4367<main.rpyeffect:34([mcore:[#130]#108])>+0: {"op": "Const". "type": "ptr". "out": 2. "format": "string". "value": "Name(import$std/core/hnd)"}')
debug_merge_point(0, 0, '4367<main.rpyeffect:34([mcore:[#130]#108])>+1: {"op": "PrimOp". "name": "getGlobal(String): Ptr". "out": {"any": [2]}. "in": {"any": [2]}}')
debug_merge_point(0, 0, '4367<main.rpyeffect:34([mcore:[#130]#108])>+2: {"op": "CallLib". "lib": "2". "symbol": "elt"}')
debug_merge_point(0, 0, '341<std_core_hnd.rpyeffect:40(Name(elt))>+0: {"op": "Switch". "scrutinee": 1. "values": [<IntValue object at 0x148615d20>]. "targets": [339]. "default": 340}')
+524: guard_nonnull_class(p43, ConstClass(IntValue), descr=<Guard0x1285df928>) [p2, p7, p9, p11, p13, p15, p17, p19, p21, p23, p25, p27, p29, p31, p33, p35, p37, p0, p1, p3, p4]
+548: i46 = getfield_gc_i(p43, descr=<FieldS rpyeffect.value.IntValue.inst_value 8 pure>)
+552: i48 = int_eq(i46, 0)
guard_true(i48, descr=<Guard0x128860440>) [p2, p7, p9, p11, p13, p15, p17, p19, p21, p23, p25, p27, p29, p31, p33, p35, p37, p0, p1, p3, p4]
debug_merge_point(0, 0, '339<std_core_hnd.rpyeffect:38([switch case for Int(0)#100])>+0: {"op": "Proj". "out": 0. "type": Interned(evv). "scrutinee": 0. "tag": Interned(cons). "field": 0. "field_type": "any"}')
+560: p49 = getfield_gc_r(p39, descr=<FieldP rpyeffect.data.Data.inst_tag 8>)
+568: guard_value(p49, ConstPtr(ptr50), descr=<Guard0x128860470>) [p2, p7, p9, p11, p13, p15, p17, p19, p21, p23, p25, p27, p29, p31, p33, p35, p37, p0, p1, p3, p4]
+576: p51 = getfield_gc_r(p39, descr=<FieldP rpyeffect.stored_environment.Data__2.inst_values_ptr_0 24 pure>)
debug_merge_point(0, 0, '339<std_core_hnd.rpyeffect:38([switch case for Int(0)#100])>+1: {"op": "Return". "args": {"any": [0]}}')
debug_merge_point(0, 0, '4381<main.rpyeffect:48([#142])>+0: {"op": "Match". "type": Interned(std/core/hnd/ev). "scrutinee": 0. "clauses": [{"tag": Interned(std/core/hnd/Ev). "target": 4380. "args": {"any": [1. 2. 3. 4]}}]. "default": {"tag": Interned(384d9dee-10c2-4a38-b1ae-302bb2487970#[Missing Tag#699]). "target": 4372. "args": {"any": []}}}')
+580: p52 = getfield_gc_r(p51, descr=<FieldP rpyeffect.data.Data.inst_tag 8>)
+588: guard_value(p52, ConstPtr(ptr53), descr=<Guard0x1288604a0>) [p2, p7, p9, p11, p13, p15, p17, p19, p21, p23, p25, p27, p29, p31, p33, p35, p37, p0, p1, p3, p4]
+596: p54 = getfield_gc_r(p51, descr=<FieldP rpyeffect.stored_environment.Data__4.inst_values_ptr_0 24 pure>)
+596: p55 = getfield_gc_r(p51, descr=<FieldP rpyeffect.stored_environment.Data__4.inst_values_ptr_1 32 pure>)
+600: p56 = getfield_gc_r(p51, descr=<FieldP rpyeffect.stored_environment.Data__4.inst_values_ptr_2 40 pure>)
+604: p57 = getfield_gc_r(p51, descr=<FieldP rpyeffect.stored_environment.Data__4.inst_values_ptr_3 48 pure>)
debug_merge_point(0, 0, '4380<main.rpyeffect:47([match_std/core/hnd/Ev@[#142]#147])>+0: {"op": "Copy". "type": "any". "from": 0. "to". 1}')
debug_merge_point(0, 0, '4380<main.rpyeffect:47([match_std/core/hnd/Ev@[#142]#147])>+1: {"op": "Copy". "type": "any". "from": 2. "to". 0}')
debug_merge_point(0, 0, '4380<main.rpyeffect:47([match_std/core/hnd/Ev@[#142]#147])>+2: {"op": "Match". "type": Interned(main/abort). "scrutinee": 3. "clauses": [{"tag": Interned(main/@Hnd-abort). "target": 4379. "args": {"any": [2. 3]}}]. "default": {"tag": Interned(384d9dee-10c2-4a38-b1ae-302bb2487970#[Missing Tag#698]). "target": 4374. "args": {"any": []}}}')
+608: p58 = getfield_gc_r(p56, descr=<FieldP rpyeffect.data.Data.inst_tag 8>)
+616: guard_value(p58, ConstPtr(ptr59), descr=<Guard0x1288604d0>) [p2, p7, p9, p11, p13, p15, p17, p19, p21, p23, p25, p27, p29, p31, p33, p35, p37, p0, p1, p3, p4]
+624: p60 = getfield_gc_r(p56, descr=<FieldP rpyeffect.stored_environment.Data__2.inst_values_ptr_0 24 pure>)
+624: p61 = getfield_gc_r(p56, descr=<FieldP rpyeffect.stored_environment.Data__2.inst_values_ptr_1 32 pure>)
debug_merge_point(0, 0, '4379<main.rpyeffect:46([#152])>+0: {"op": "Match". "type": Interned(std/core/hnd/clause1). "scrutinee": 3. "clauses": [{"tag": Interned(std/core/hnd/Clause1). "target": 4378. "args": {"any": [2]}}]. "default": {"tag": Interned(384d9dee-10c2-4a38-b1ae-302bb2487970#[Missing Tag#697]). "target": 4376. "args": {"any": []}}}')
+628: p62 = getfield_gc_r(p61, descr=<FieldP rpyeffect.data.Data.inst_tag 8>)
+636: guard_value(p62, ConstPtr(ptr63), descr=<Guard0x128860500>) [p2, p7, p9, p11, p13, p15, p17, p19, p21, p23, p25, p27, p29, p31, p33, p35, p37, p0, p1, p3, p4]
+644: p64 = getfield_gc_r(p61, descr=<FieldP rpyeffect.stored_environment.Data__1.inst_values_ptr_0 24 pure>)
debug_merge_point(0, 0, '4378<main.rpyeffect:45([match_std/core/hnd/Clause1@[#152]#157])>+0: {"op": "Const". "type": "ptr". "out": 3. "format": "int". "value": "<IntValue object at 0x1283fbee0>"}')
debug_merge_point(0, 0, '4378<main.rpyeffect:45([match_std/core/hnd/Clause1@[#152]#157])>+1: {"op": "Swap". "type": "any". "a": 2. "b". 3}')
debug_merge_point(0, 0, '4378<main.rpyeffect:45([match_std/core/hnd/Clause1@[#152]#157])>+2: {"op": "Invoke". "receiver": 3. "tag": Interned(apply). "args" : {"any": [0. 1. 2]}}')
+648: p65 = getfield_gc_r(p64, descr=<FieldP rpyeffect.codata.CoData.inst_vtable 8 pure>)
+656: guard_value(p65, ConstPtr(ptr66), descr=<Guard0x128860530>) [p2, p7, p9, p11, p13, p15, p17, p19, p21, p23, p25, p27, p29, p31, p33, p35, p37, p0, p1, p3, p4]
debug_merge_point(0, 0, '4419<main.rpyeffect:86([#330])>+0: {"op": "Const". "type": "ptr". "out": 3. "format": "string". "value": "Name(import$std/core/hnd)"}')
debug_merge_point(0, 0, '4419<main.rpyeffect:86([#330])>+1: {"op": "PrimOp". "name": "getGlobal(String): Ptr". "out": {"any": [3]}. "in": {"any": [3]}}')
debug_merge_point(0, 0, '4419<main.rpyeffect:86([#330])>+2: {"op": "Jump". "target": 4415}')
debug_merge_point(0, 0, '4415<main.rpyeffect:82([mcore:[#195]#295])>+0: {"op": "New". "out": 1. "targets": [4414]. "args": {"any": [2]}}')
debug_merge_point(0, 0, '4415<main.rpyeffect:82([mcore:[#195]#295])>+1: {"op": "Const". "type": "ptr". "out": 2. "format": "string". "value": "Name(import$std/core/hnd)"}')
debug_merge_point(0, 0, '4415<main.rpyeffect:82([mcore:[#195]#295])>+2: {"op": "PrimOp". "name": "getGlobal(String): Ptr". "out": {"any": [2]}. "in": {"any": [2]}}')
debug_merge_point(0, 0, '4415<main.rpyeffect:82([mcore:[#195]#295])>+3: {"op": "Jump". "target": 4409}')
debug_merge_point(0, 0, '4409<main.rpyeffect:76([mcore:[#184]#271])>+0: {"op": "Const". "type": "ptr". "out": 2. "format": "string". "value": "Name(import$std/core/hnd)"}')
debug_merge_point(0, 0, '4409<main.rpyeffect:76([mcore:[#184]#271])>+1: {"op": "PrimOp". "name": "getGlobal(String): Ptr". "out": {"any": [2]}. "in": {"any": [2]}}')
debug_merge_point(0, 0, '4409<main.rpyeffect:76([mcore:[#184]#271])>+2: {"op": "CallLib". "lib": "2". "symbol": "std/core/hnd/yield-to"}')
debug_merge_point(0, 0, '875<std_core_hnd.rpyeffect:574([mcore:[#899]#1511])>+0: {"op": "Push". "target": 874. "args": {"any": [1. 0]}}')
debug_merge_point(0, 0, '875<std_core_hnd.rpyeffect:574([mcore:[#899]#1511])>+1: {"op": "Jump". "target": 509}')
debug_merge_point(0, 0, '509<std_core_hnd.rpyeffect:208([mcore:[#477]#451])>+0: {"op": "Jump". "target": 301}')
debug_merge_point(0, 0, '301<std_core_hnd.rpyeffect:0(Name(getCurrentEvv))>+0: {"op": "Const". "type": "ptr". "out": 0. "format": "string". "value": "current-evv"}')
+664: p67 = new_with_vtable(descr=<SizeDescr 48>)
+772: p68 = new_with_vtable(descr=<SizeDescr 32>)
+788: setfield_gc(p68, ConstPtr(ptr69), descr=<FieldP rpyeffect.codata.CoData.inst_vtable 8 pure>)
+796: setfield_gc(p68, ConstPtr(ptr70), descr=<FieldP rpyeffect.stored_environment.CoData__1.inst_values_ptr_0 24 pure>)
+800: setfield_gc(p67, 874, descr=<FieldS rpyeffect.stored_environment.Stack__arb.inst_target 16 pure>)
+808: setfield_gc(p67, p44, descr=<FieldP rpyeffect.stored_environment.Stack__arb.inst_tail 8 pure>)
+812: setfield_gc(p67, p68, descr=<FieldP rpyeffect.stored_environment.Stack__2.inst_values_ptr_0 32 pure>)
+816: setfield_gc(p67, p55, descr=<FieldP rpyeffect.stored_environment.Stack__2.inst_values_ptr_1 40 pure>)
+840: jump(p0, p67, p2, p3, p4, p55, p68, ConstPtr(ptr72), ConstPtr(ptr73), p57, p17, p19, p21, p23, p25, p27, p29, p31, p33, p35, p37, descr=TargetToken(4974830624))
+864: --end of the loop--
[aff02e7] jit-log-opt-loop}
[b266f5a] {jit-log-opt-bridge
# bridge out of Guard 0x1285df8e0 with 100 ops
[p0, p1, p2, p3, p4, p5, p6, p7, p8, p9, p10, p11, p12, p13, p14, p15, p16, p17, p18, p19, p20]
+200: guard_not_invalidated(descr=<Guard0x1285dfa00>) [p0, p1, p2, p3, p4, p5, p6, p7, p8, p9, p10, p11, p12, p13, p14, p15, p16, p17, p18, p19, p20]
debug_merge_point(0, 0, '301<std_core_hnd.rpyeffect:0(Name(getCurrentEvv))>+1: {"op": "PrimOp". "name": "getGlobal(String): Ptr". "out": {"any": [0]}. "in": {"any": [0]}}')
debug_merge_point(0, 0, '301<std_core_hnd.rpyeffect:0(Name(getCurrentEvv))>+2: {"op": "PrimOp". "name": "getRef(Ref[Ptr]): Ptr". "out": {"any": [0]}. "in": {"any": [0]}}')
+208: p22 = getfield_gc_r(ConstPtr(ptr21), descr=<FieldP rpyeffect.region.Ref.inst_value 16>)
+212: guard_nonnull_class(p22, ConstClass(Data__0), descr=<Guard0x1285dfa48>) [p0, p1, p2, p3, p4, p5, p6, p7, p8, p9, p10, p11, p12, p13, p14, p15, p16, p17, p18, p19, p20]
debug_merge_point(0, 0, '301<std_core_hnd.rpyeffect:0(Name(getCurrentEvv))>+3: {"op": "Return". "args": {"any": [0]}}')
+236: guard_nonnull(p18, descr=<Guard0x128860920>) [p0, p1, p2, p3, p4, p5, p6, p7, p8, p9, p10, p11, p12, p13, p14, p15, p16, p17, p18, p19, p20]
+248: i24 = getfield_gc_i(p18, descr=<FieldS rpyeffect.stored_environment.Stack__arb.inst_target 16 pure>)
+256: guard_value(i24, 670, descr=<Guard0x128860950>) [p0, p1, p2, p3, p4, p5, p6, p7, p8, p9, p10, p11, p12, p13, p14, p15, p16, p17, p18, p19, p20]
+268: p26 = getfield_gc_r(p18, descr=<FieldP rpyeffect.stored_environment.Stack__4.inst_values_ptr_0 32 pure>)
+272: p27 = getfield_gc_r(p18, descr=<FieldP rpyeffect.stored_environment.Stack__4.inst_values_ptr_1 40 pure>)
+276: p28 = getfield_gc_r(p18, descr=<FieldP rpyeffect.stored_environment.Stack__4.inst_values_ptr_2 48 pure>)
+280: p29 = getfield_gc_r(p18, descr=<FieldP rpyeffect.stored_environment.Stack__4.inst_values_ptr_3 56 pure>)
+284: p30 = getfield_gc_r(p18, descr=<FieldP rpyeffect.stored_environment.Stack__arb.inst_tail 8 pure>)
debug_merge_point(0, 0, '670<std_core_hnd.rpyeffect:369([k@[mcore:[#662]#849]#851])>+0: {"op": "Push". "target": 669. "args": {"any": [1. 2. 3. 4. 0]}}')
debug_merge_point(0, 0, '670<std_core_hnd.rpyeffect:369([k@[mcore:[#662]#849]#851])>+1: {"op": "Jump". "target": 512}')
debug_merge_point(0, 0, '512<std_core_hnd.rpyeffect:211([mcore:[#479]#457])>+0: {"op": "PrimOp". "name": "freshlabel". "out": {"any": [0]}. "in": {"any": []}}')
debug_merge_point(0, 0, '512<std_core_hnd.rpyeffect:211([mcore:[#479]#457])>+1: {"op": "Return". "args": {"any": [0]}}')
debug_merge_point(0, 0, '669<std_core_hnd.rpyeffect:368([k@[k@[mcore:[#662]#849]#851]#853])>+0: {"op": "Push". "target": 668. "args": {"any": [1. 0. 3. 5]}}')
debug_merge_point(0, 0, '669<std_core_hnd.rpyeffect:368([k@[k@[mcore:[#662]#849]#851]#853])>+1: {"op": "Copy". "type": "any". "from": 5. "to". 3}')
debug_merge_point(0, 0, '669<std_core_hnd.rpyeffect:368([k@[k@[mcore:[#662]#849]#851]#853])>+2: {"op": "Copy". "type": "any". "from": 0. "to". 1}')
debug_merge_point(0, 0, '669<std_core_hnd.rpyeffect:368([k@[k@[mcore:[#662]#849]#851]#853])>+3: {"op": "Copy". "type": "any". "from": 4. "to". 0}')
debug_merge_point(0, 0, '669<std_core_hnd.rpyeffect:368([k@[k@[mcore:[#662]#849]#851]#853])>+4: {"op": "Jump". "target": 1359}')
debug_merge_point(0, 0, '1359<std_core_hnd.rpyeffect:1058([mcore:[#1454]#133])>+0: {"op": "Construct". "out": 0. "type": Interned(std/core/hnd/ev). "tag": Interned(std/core/hnd/Ev). "args": {"any": [0. 1. 2. 3]}}')
debug_merge_point(0, 0, '1359<std_core_hnd.rpyeffect:1058([mcore:[#1454]#133])>+1: {"op": "Return". "args": {"any": [0]}}')
debug_merge_point(0, 0, '668<std_core_hnd.rpyeffect:367([k@[k@[k@[mcore:[#662]#849]#851]#853]#855])>+0: {"op": "Push". "target": 667. "args": {"any": [1. 2. 3. 4]}}')
debug_merge_point(0, 0, '668<std_core_hnd.rpyeffect:367([k@[k@[k@[mcore:[#662]#849]#851]#853]#855])>+1: {"op": "Copy". "type": "any". "from": 0. "to". 1}')
debug_merge_point(0, 0, '668<std_core_hnd.rpyeffect:367([k@[k@[k@[mcore:[#662]#849]#851]#853]#855])>+2: {"op": "Copy". "type": "any". "from": 4. "to". 0}')
debug_merge_point(0, 0, '668<std_core_hnd.rpyeffect:367([k@[k@[k@[mcore:[#662]#849]#851]#853]#855])>+3: {"op": "Jump". "target": 511}')
debug_merge_point(0, 0, '511<std_core_hnd.rpyeffect:210([mcore:[#478]#454])>+0: {"op": "Jump". "target": 332}')
debug_merge_point(0, 0, '332<std_core_hnd.rpyeffect:31(Name(evvInsert))>+0: {"op": "Swap". "type": "any". "a": 0. "b". 1}')
debug_merge_point(0, 0, '332<std_core_hnd.rpyeffect:31(Name(evvInsert))>+1: {"op": "Match". "type": Interned(evv). "scrutinee": 1. "clauses": [{"tag": Interned(cons). "target": 331. "args": {"any": [2. 3]}}]. "default": {"tag": Interned(9ecfa5c6-d050-4adc-badf-39eef9fcb0bd#[Missing Tag#3007]). "target": 325. "args": {"any": []}}}')
+288: p31 = getfield_gc_r(p22, descr=<FieldP rpyeffect.data.Data.inst_tag 8>)
+296: guard_value(p31, ConstPtr(ptr32), descr=<Guard0x128860980>) [p0, p1, p2, p3, p4, p5, p6, p7, p8, p9, p10, p11, p12, p13, p14, p15, p16, p17, p18, p19, p20]
debug_merge_point(0, 0, '325<std_core_hnd.rpyeffect:24([match_def@Name(evvInsert)#64])>+0: {"op": "Construct". "out": 0. "type": Interned(evv). "tag": Interned(cons). "args": {"any": [0. 1]}}')
debug_merge_point(0, 0, '325<std_core_hnd.rpyeffect:24([match_def@Name(evvInsert)#64])>+1: {"op": "Return". "args": {"any": [0]}}')
debug_merge_point(0, 0, '667<std_core_hnd.rpyeffect:366([#858])>+0: {"op": "Const". "type": "ptr". "out": 5. "format": "string". "value": "Name(import$std/core/hnd)"}')
debug_merge_point(0, 0, '667<std_core_hnd.rpyeffect:366([#858])>+1: {"op": "PrimOp". "name": "getGlobal(String): Ptr". "out": {"any": [5]}. "in": {"any": [5]}}')
debug_merge_point(0, 0, '667<std_core_hnd.rpyeffect:366([#858])>+2: {"op": "Push". "target": 666. "args": {"any": [1. 2. 3. 4]}}')
debug_merge_point(0, 0, '667<std_core_hnd.rpyeffect:366([#858])>+3: {"op": "Copy". "type": "any". "from": 5. "to". 1}')
debug_merge_point(0, 0, '667<std_core_hnd.rpyeffect:366([#858])>+4: {"op": "Jump". "target": 662}')
debug_merge_point(0, 0, '662<std_core_hnd.rpyeffect:361([mcore:[#656]#839])>+0: {"op": "Const". "type": "ptr". "out": 1. "format": "string". "value": "Name(import$std/core/hnd)"}')
debug_merge_point(0, 0, '662<std_core_hnd.rpyeffect:361([mcore:[#656]#839])>+1: {"op": "PrimOp". "name": "getGlobal(String): Ptr". "out": {"any": [1]}. "in": {"any": [1]}}')
debug_merge_point(0, 0, '662<std_core_hnd.rpyeffect:361([mcore:[#656]#839])>+2: {"op": "CallLib". "lib": "1". "symbol": "setCurrentEvv"}')
debug_merge_point(0, 0, '302<std_core_hnd.rpyeffect:1(Name(setCurrentEvv))>+0: {"op": "Const". "type": "ptr". "out": 1. "format": "string". "value": "current-evv"}')
debug_merge_point(0, 0, '302<std_core_hnd.rpyeffect:1(Name(setCurrentEvv))>+1: {"op": "PrimOp". "name": "getGlobal(String): Ptr". "out": {"any": [1]}. "in": {"any": [1]}}')
debug_merge_point(0, 0, '302<std_core_hnd.rpyeffect:1(Name(setCurrentEvv))>+2: {"op": "PrimOp". "name": "setRef(Ref[Ptr]. Ptr): Unit". "out": {"any": [0]}. "in": {"any": [1. 0]}}')
debug_merge_point(0, 0, '302<std_core_hnd.rpyeffect:1(Name(setCurrentEvv))>+3: {"op": "Return". "args": {"any": [0]}}')
debug_merge_point(0, 0, '666<std_core_hnd.rpyeffect:365([k@[#858]#863])>+0: {"op": "Push". "target": 665. "args": {"any": [4]}}')
debug_merge_point(0, 0, '666<std_core_hnd.rpyeffect:365([k@[#858]#863])>+1: {"op": "Copy". "type": "any". "from": 2. "to". 0}')
debug_merge_point(0, 0, '666<std_core_hnd.rpyeffect:365([k@[#858]#863])>+2: {"op": "Copy". "type": "any". "from": 1. "to". 2}')
debug_merge_point(0, 0, '666<std_core_hnd.rpyeffect:365([k@[#858]#863])>+3: {"op": "Copy". "type": "any". "from": 3. "to". 1}')
debug_merge_point(0, 0, '666<std_core_hnd.rpyeffect:365([k@[#858]#863])>+4: {"op": "Jump". "target": 442}')
debug_merge_point(0, 0, '442<std_core_hnd.rpyeffect:141([mcore:[#411]#270])>+0: {"op": "NewStack". "out": 0. "target": 440. "region": 1. "args": {"any": [1]}. "label": 0}')
debug_merge_point(0, 0, '442<std_core_hnd.rpyeffect:141([mcore:[#411]#270])>+1: {"op": "PushStack". "arg": 0}')
+308: i34 = instance_ptr_eq(p20, ConstPtr(ptr33))
guard_true(i34, descr=<Guard0x1288609b0>) [p0, p1, p2, p3, p4, p5, p6, p7, p8, p9, p10, p11, p12, p13, p14, p15, p16, p17, p18, p19, p20]
debug_merge_point(0, 0, '442<std_core_hnd.rpyeffect:141([mcore:[#411]#270])>+2: {"op": "Invoke". "receiver": 2. "tag": Interned(apply). "args" : {"any": []}}')
+320: p35 = getfield_gc_r(p26, descr=<FieldP rpyeffect.codata.CoData.inst_vtable 8 pure>)
+328: guard_value(p35, ConstPtr(ptr36), descr=<Guard0x1288609e0>) [p0, p1, p2, p3, p4, p5, p6, p7, p8, p9, p10, p11, p12, p13, p14, p15, p16, p17, p18, p19, p20]
+336: p37 = getfield_gc_r(p26, descr=<FieldP rpyeffect.stored_environment.CoData__1.inst_values_ptr_0 24 pure>)
debug_merge_point(0, 0, '4421<main.rpyeffect:88([method_apply@[#343]#351])>+0: {"op": "Const". "type": "ptr". "out": 1. "format": "string". "value": "Name(import$std/core/hnd)"}')
debug_merge_point(0, 0, '4421<main.rpyeffect:88([method_apply@[#343]#351])>+1: {"op": "PrimOp". "name": "getGlobal(String): Ptr". "out": {"any": [1]}. "in": {"any": [1]}}')
debug_merge_point(0, 0, '4421<main.rpyeffect:88([method_apply@[#343]#351])>+2: {"op": "Swap". "type": "any". "a": 0. "b". 1}')
debug_merge_point(0, 0, '4421<main.rpyeffect:88([method_apply@[#343]#351])>+3: {"op": "Jump". "target": 4417}')
debug_merge_point(0, 0, '4417<main.rpyeffect:84([mcore:[#203]#308])>+0: {"op": "Const". "type": "ptr". "out": 0. "format": "string". "value": "Name(import$std/core/hnd)"}')
debug_merge_point(0, 0, '4417<main.rpyeffect:84([mcore:[#203]#308])>+1: {"op": "PrimOp". "name": "getGlobal(String): Ptr". "out": {"any": [0]}. "in": {"any": [0]}}')
debug_merge_point(0, 0, '4417<main.rpyeffect:84([mcore:[#203]#308])>+2: {"op": "Swap". "type": "any". "a": 0. "b". 1}')
debug_merge_point(0, 0, '4417<main.rpyeffect:84([mcore:[#203]#308])>+3: {"op": "Jump". "target": 4391}')
debug_merge_point(0, 0, '4391<main.rpyeffect:58([mcore:[#146]#118])>+0: {"op": "Match". "type": Interned(std/core/types/list). "scrutinee": 0. "clauses": [{"tag": Interned(std/core/types/Nil). "target": 4390. "args": {"any": []}}]. "default": {"tag": Interned(384d9dee-10c2-4a38-b1ae-302bb2487970#[Missing Tag#701]). "target": 4389. "args": {"any": []}}}')
+340: p38 = getfield_gc_r(p37, descr=<FieldP rpyeffect.data.Data.inst_tag 8>)
+348: guard_value(p38, ConstPtr(ptr39), descr=<Guard0x128860a10>) [p0, p1, p2, p3, p4, p5, p6, p7, p8, p9, p10, p11, p12, p13, p14, p15, p16, p17, p18, p19, p20]
debug_merge_point(0, 0, '4389<main.rpyeffect:56([match_def@[mcore:[#146]#118]#119])>+0: {"op": "Match". "type": Interned(std/core/types/list). "scrutinee": 0. "clauses": [{"tag": Interned(std/core/types/Cons). "target": 4388. "args": {"any": [0. 1]}}]. "default": {"tag": Interned(384d9dee-10c2-4a38-b1ae-302bb2487970#[Missing Tag#700]). "target": 4369. "args": {"any": []}}}')
+356: p40 = new_with_vtable(descr=<SizeDescr 40>)
+464: setfield_gc(p40, ConstPtr(ptr41), descr=<FieldP rpyeffect.data.Data.inst_tag 8>)
+468: p42 = new_with_vtable(descr=<SizeDescr 56>)
+484: setfield_gc(p42, ConstPtr(ptr43), descr=<FieldP rpyeffect.data.Data.inst_tag 8>)
+488: setfield_gc(p42, p29, descr=<FieldP rpyeffect.stored_environment.Data__4.inst_values_ptr_0 24 pure>)
+492: p44 = new_with_vtable(descr=<SizeDescr 16>)
+504: setfield_gc(p44, 524288, descr=<FieldS rpyeffect.stack.Label.inst_origin 8 pure>)
+516: setfield_gc(p42, p44, descr=<FieldP rpyeffect.stored_environment.Data__4.inst_values_ptr_1 32 pure>)
+520: setfield_gc(p42, p27, descr=<FieldP rpyeffect.stored_environment.Data__4.inst_values_ptr_2 40 pure>)
+524: setfield_gc(p42, p22, descr=<FieldP rpyeffect.stored_environment.Data__4.inst_values_ptr_3 48 pure>)
+528: setfield_gc(p40, p42, descr=<FieldP rpyeffect.stored_environment.Data__2.inst_values_ptr_0 24 pure>)
+532: setfield_gc(p40, p22, descr=<FieldP rpyeffect.stored_environment.Data__2.inst_values_ptr_1 32 pure>)
+600: setfield_gc(ConstPtr(ptr46), p40, descr=<FieldP rpyeffect.region.Ref.inst_value 16>)
+604: p47 = new_with_vtable(descr=<SizeDescr 40>)
+616: p48 = new_with_vtable(descr=<SizeDescr 40>)
+628: p49 = new_with_vtable(descr=<SizeDescr 40>)
+640: setfield_gc(p49, p30, descr=<FieldP rpyeffect.stored_environment.Stack__arb.inst_tail 8 pure>)
+644: setfield_gc(p49, 665, descr=<FieldS rpyeffect.stored_environment.Stack__arb.inst_target 16 pure>)
+652: setfield_gc(p49, p22, descr=<FieldP rpyeffect.stored_environment.Stack__1.inst_values_ptr_0 32 pure>)
+656: setfield_gc(p47, 440, descr=<FieldS rpyeffect.stored_environment.Stack__arb.inst_target 16 pure>)
+664: setfield_gc(p47, ConstPtr(null), descr=<FieldP rpyeffect.stored_environment.Stack__arb.inst_tail 8 pure>)
+672: setfield_gc(p47, p28, descr=<FieldP rpyeffect.stored_environment.Stack__1.inst_values_ptr_0 32 pure>)
+676: setfield_gc(p48, p49, descr=<FieldP rpyeffect.stack.MetaStackLike.inst_stack 8 pure>)
+680: setfield_gc(p48, p17, descr=<FieldP rpyeffect.stack.MetaStack.inst_label 16 pure>)
+688: setfield_gc(p48, ConstPtr(null), descr=<FieldP rpyeffect.stack.MetaStack.inst_region 24 pure>)
+696: setfield_gc(p48, p19, descr=<FieldP rpyeffect.stack.MetaStack.inst_tail 32 pure>)
+740: jump(p44, p47, p0, p48, ConstPtr(ptr54), p37, ConstPtr(ptr55), p26, p28, p22, ConstPtr(ptr56), p7, p8, p9, p10, p11, p12, p13, p14, p15, p16, descr=TargetToken(4972346784))
+940: --end of the loop--
[b27a8fd] jit-log-opt-bridge}
[b2a304a] {jit-log-opt-bridge
# bridge out of Guard 0x12863bee0 with 32 ops
[p0, p1, p2, p3, p4, p5, p6, p7, p8, p9, p10, p11, p12, p13, p14, p15, p16, p17, p18, p19]
+120: guard_not_invalidated(descr=<Guard0x1285dfa90>) [p0, p1, p2, p3, p4, p5, p6, p7, p8, p9, p10, p11, p12, p13, p14, p15, p16, p17, p18, p19]
+124: p20 = getfield_gc_r(p1, descr=<FieldP rpyeffect.data.Data.inst_tag 8>)
+132: guard_value(p20, ConstPtr(ptr21), descr=<Guard0x128860aa0>) [p0, p1, p2, p3, p4, p5, p6, p7, p8, p9, p10, p11, p12, p13, p14, p15, p16, p17, p18, p19]
+140: p22 = getfield_gc_r(p1, descr=<FieldP rpyeffect.stored_environment.Data__2.inst_values_ptr_0 24 pure>)
+144: p23 = getfield_gc_r(p1, descr=<FieldP rpyeffect.stored_environment.Data__2.inst_values_ptr_1 32 pure>)
debug_merge_point(0, 0, '4388<main.rpyeffect:55([#121])>+0: {"op": "Const". "type": "ptr". "out": 2. "format": "int". "value": "<IntValue object at 0x12840e910>"}')
debug_merge_point(0, 0, '4388<main.rpyeffect:55([#121])>+1: {"op": "PrimOp". "name": "infixEq(Int. Int): Boolean". "out": {"any": [2]}. "in": {"any": [0. 2]}}')
+144: i24 = getfield_gc_i(p22, descr=<FieldS rpyeffect.value.IntValue.inst_value 8 pure>)
+148: i26 = int_eq(i24, 0)
debug_merge_point(0, 0, '4388<main.rpyeffect:55([#121])>+2: {"op": "Switch". "scrutinee": 2. "values": [<BoolValue object at 0x12840ed80>]. "targets": [4383]. "default": 4387}')
guard_true(i26, descr=<Guard0x128860ad0>) [p0, p1, p2, p3, p4, p5, p6, p7, p8, p9, p10, p11, p12, p13, p14, p15, p16, p17, p18, p19]
debug_merge_point(0, 0, '4383<main.rpyeffect:50([switch case for Bool(true)#128])>+0: {"op": "Const". "type": "ptr". "out": 0. "format": "int". "value": "<IntValue object at 0x12840e760>"}')
debug_merge_point(0, 0, '4383<main.rpyeffect:50([switch case for Bool(true)#128])>+1: {"op": "Const". "type": "ptr". "out": 1. "format": "string". "value": "Name(import$std/core/hnd)"}')
debug_merge_point(0, 0, '4383<main.rpyeffect:50([switch case for Bool(true)#128])>+2: {"op": "PrimOp". "name": "getGlobal(String): Ptr". "out": {"any": [1]}. "in": {"any": [1]}}')
debug_merge_point(0, 0, '4383<main.rpyeffect:50([switch case for Bool(true)#128])>+3: {"op": "Push". "target": 4382. "args": {"any": [0]}}')
debug_merge_point(0, 0, '4383<main.rpyeffect:50([switch case for Bool(true)#128])>+4: {"op": "Copy". "type": "any". "from": 1. "to". 0}')
debug_merge_point(0, 0, '4383<main.rpyeffect:50([switch case for Bool(true)#128])>+5: {"op": "Jump". "target": 4368}')
debug_merge_point(0, 0, '4368<main.rpyeffect:35([mcore:[#131]#114])>+0: {"op": "Const". "type": "ptr". "out": 0. "format": "string". "value": "Name(import$std/core/hnd)"}')
debug_merge_point(0, 0, '4368<main.rpyeffect:35([mcore:[#131]#114])>+1: {"op": "PrimOp". "name": "getGlobal(String): Ptr". "out": {"any": [0]}. "in": {"any": [0]}}')
debug_merge_point(0, 0, '4368<main.rpyeffect:35([mcore:[#131]#114])>+2: {"op": "CallLib". "lib": "0". "symbol": "getCurrentEvv"}')
debug_merge_point(0, 0, '301<std_core_hnd.rpyeffect:0(Name(getCurrentEvv))>+0: {"op": "Const". "type": "ptr". "out": 0. "format": "string". "value": "current-evv"}')
+156: p27 = new_with_vtable(descr=<SizeDescr 40>)
+264: p28 = new_with_vtable(descr=<SizeDescr 40>)
+276: setfield_gc(p28, p19, descr=<FieldP rpyeffect.stored_environment.Stack__arb.inst_tail 8 pure>)
+284: setfield_gc(p28, 4384, descr=<FieldS rpyeffect.stored_environment.Stack__arb.inst_target 16 pure>)
+292: setfield_gc(p28, p18, descr=<FieldP rpyeffect.stored_environment.Stack__1.inst_values_ptr_0 32 pure>)
+296: p30 = new_with_vtable(descr=<SizeDescr 16>)
+308: setfield_gc(p27, p28, descr=<FieldP rpyeffect.stored_environment.Stack__arb.inst_tail 8 pure>)
+312: setfield_gc(p27, 4382, descr=<FieldS rpyeffect.stored_environment.Stack__arb.inst_target 16 pure>)
+324: setfield_gc(p27, ConstPtr(ptr32), descr=<FieldP rpyeffect.stored_environment.Stack__1.inst_values_ptr_0 32 pure>)
+328: setfield_gc(p30, 1, descr=<FieldU rpyeffect.value.BoolValue.inst_value 8 pure>)
+356: jump(p15, p27, p0, p16, p17, ConstPtr(ptr34), ConstPtr(ptr35), p30, p2, p3, p4, p5, p6, p7, p8, p9, p10, p11, p12, p13, p14, descr=TargetToken(4974830624))
+556: --end of the loop--
[b2a9439] jit-log-opt-bridge}
[b3a4aaf] {jit-log-opt-bridge
# bridge out of Guard 0x128860410 with 183 ops
[p0, p1, p2, p3, p4, p5, p6, p7, p8, p9, p10, p11, p12, p13, p14, p15, p16, p17, p18, p19, p20]
+296: guard_not_invalidated(descr=<Guard0x1285dfad8>) [p0, p1, p2, p3, p4, p5, p6, p7, p8, p9, p10, p11, p12, p13, p14, p15, p16, p17, p18, p19, p20]
debug_merge_point(0, 0, '301<std_core_hnd.rpyeffect:0(Name(getCurrentEvv))>+1: {"op": "PrimOp". "name": "getGlobal(String): Ptr". "out": {"any": [0]}. "in": {"any": [0]}}')
debug_merge_point(0, 0, '301<std_core_hnd.rpyeffect:0(Name(getCurrentEvv))>+2: {"op": "PrimOp". "name": "getRef(Ref[Ptr]): Ptr". "out": {"any": [0]}. "in": {"any": [0]}}')
+304: p22 = getfield_gc_r(ConstPtr(ptr21), descr=<FieldP rpyeffect.region.Ref.inst_value 16>)
+308: guard_nonnull_class(p22, ConstClass(Data__2), descr=<Guard0x1285dfb20>) [p0, p1, p2, p3, p4, p5, p6, p7, p8, p9, p10, p11, p12, p13, p14, p15, p16, p17, p18, p19, p20]
debug_merge_point(0, 0, '301<std_core_hnd.rpyeffect:0(Name(getCurrentEvv))>+3: {"op": "Return". "args": {"any": [0]}}')
+332: guard_nonnull(p18, descr=<Guard0x128860e60>) [p0, p1, p2, p3, p4, p5, p6, p7, p8, p9, p10, p11, p12, p13, p14, p15, p16, p17, p18, p19, p20]
+340: i24 = getfield_gc_i(p18, descr=<FieldS rpyeffect.stored_environment.Stack__arb.inst_target 16 pure>)
+344: guard_value(i24, 874, descr=<Guard0x128860e90>) [p0, p1, p2, p3, p4, p5, p6, p7, p8, p9, p10, p11, p12, p13, p14, p15, p16, p17, p18, p19, p20]
+356: p26 = getfield_gc_r(p18, descr=<FieldP rpyeffect.stored_environment.Stack__2.inst_values_ptr_0 32 pure>)
+360: p27 = getfield_gc_r(p18, descr=<FieldP rpyeffect.stored_environment.Stack__2.inst_values_ptr_1 40 pure>)
+364: p28 = getfield_gc_r(p18, descr=<FieldP rpyeffect.stored_environment.Stack__arb.inst_tail 8 pure>)
debug_merge_point(0, 0, '874<std_core_hnd.rpyeffect:573([k@[mcore:[#899]#1511]#1513])>+0: {"op": "Push". "target": 873. "args": {"any": [0]}}')
debug_merge_point(0, 0, '874<std_core_hnd.rpyeffect:573([k@[mcore:[#899]#1511]#1513])>+1: {"op": "Copy". "type": "any". "from": 2. "to". 0}')
debug_merge_point(0, 0, '874<std_core_hnd.rpyeffect:573([k@[mcore:[#899]#1511]#1513])>+2: {"op": "Jump". "target": 507}')
debug_merge_point(0, 0, '507<std_core_hnd.rpyeffect:206([mcore:[#476]#441])>+0: {"op": "Const". "type": "ptr". "out": 2. "format": "int". "value": "<IntValue object at 0x148634ca0>"}')
debug_merge_point(0, 0, '507<std_core_hnd.rpyeffect:206([mcore:[#476]#441])>+1: {"op": "ShiftDyn". "out": 0. "n": 2. "label": 0}')
+368: i30 = instance_ptr_eq(p20, ConstPtr(ptr29))
guard_true(i30, descr=<Guard0x128860ec0>) [p0, p1, p2, p3, p4, p5, p6, p7, p8, p9, p10, p11, p12, p13, p14, p15, p16, p17, p18, p19, p20]
+380: guard_nonnull(p17, descr=<Guard0x128860ef0>) [p0, p1, p2, p3, p4, p5, p6, p7, p8, p9, p10, p11, p12, p13, p14, p15, p16, p17, p18, p19, p20]
+392: guard_nonnull(p27, descr=<Guard0x128860f20>) [p0, p1, p2, p3, p4, p5, p6, p7, p8, p9, p10, p11, p12, p13, p14, p15, p16, p17, p18, p19, p20]
+400: i31 = getfield_gc_i(p17, descr=<FieldS rpyeffect.stack.Label.inst_origin 8 pure>)
+408: guard_value(i31, 524288, descr=<Guard0x128860f50>) [p0, p1, p2, p3, p4, p5, p6, p7, p8, p9, p10, p11, p12, p13, p14, p15, p16, p17, p18, p19, p20]
+424: i33 = getfield_gc_i(p27, descr=<FieldS rpyeffect.stack.Label.inst_origin 8 pure>)
+428: guard_value(i33, 524288, descr=<Guard0x128860f80>) [p0, p1, p2, p3, p4, p5, p6, p7, p8, p9, p10, p11, p12, p13, p14, p15, p16, p17, p18, p19, p20]
+444: i35 = instance_ptr_eq(p17, p27)
guard_true(i35, descr=<Guard0x128860fb0>) [p0, p1, p2, p3, p4, p5, p6, p7, p8, p9, p10, p11, p12, p13, p14, p15, p16, p17, p18, p19, p20]
+452: guard_nonnull_class(p19, 4307445552, descr=<Guard0x1285dfb68>) [p0, p1, p2, p3, p4, p5, p6, p7, p8, p9, p10, p11, p12, p13, p14, p15, p16, p17, p18, p19, p20]
+480: p37 = getfield_gc_r(p19, descr=<FieldP rpyeffect.stack.MetaStackLike.inst_stack 8 pure>)
+484: p38 = getfield_gc_r(p19, descr=<FieldP rpyeffect.stack.MetaStack.inst_label 16 pure>)
+488: p39 = getfield_gc_r(p19, descr=<FieldP rpyeffect.stack.MetaStack.inst_tail 32 pure>)
debug_merge_point(0, 0, '507<std_core_hnd.rpyeffect:206([mcore:[#476]#441])>+2: {"op": "New". "out": 0. "targets": [506]. "args": {"any": [0]}}')
debug_merge_point(0, 0, '507<std_core_hnd.rpyeffect:206([mcore:[#476]#441])>+3: {"op": "Invoke". "receiver": 1. "tag": Interned(apply). "args" : {"any": [0]}}')
+492: p40 = getfield_gc_r(p26, descr=<FieldP rpyeffect.codata.CoData.inst_vtable 8 pure>)
+500: guard_value(p40, ConstPtr(ptr41), descr=<Guard0x128860fe0>) [p0, p1, p2, p3, p4, p5, p6, p7, p8, p9, p10, p11, p12, p13, p14, p15, p16, p17, p18, p19, p20]
+508: p42 = getfield_gc_r(p26, descr=<FieldP rpyeffect.stored_environment.CoData__1.inst_values_ptr_0 24 pure>)
debug_merge_point(0, 0, '4414<main.rpyeffect:81([method_apply@[mcore:[#195]#295]#298])>+0: {"op": "Const". "type": "ptr". "out": 2. "format": "string". "value": "Name(import$std/core/hnd)"}')
debug_merge_point(0, 0, '4414<main.rpyeffect:81([method_apply@[mcore:[#195]#295]#298])>+1: {"op": "PrimOp". "name": "getGlobal(String): Ptr". "out": {"any": [2]}. "in": {"any": [2]}}')
debug_merge_point(0, 0, '4414<main.rpyeffect:81([method_apply@[mcore:[#195]#295]#298])>+2: {"op": "Swap". "type": "any". "a": 2. "b". 1}')
debug_merge_point(0, 0, '4414<main.rpyeffect:81([method_apply@[mcore:[#195]#295]#298])>+3: {"op": "Jump". "target": 4413}')
debug_merge_point(0, 0, '4413<main.rpyeffect:80([mcore:[#193]#285])>+0: {"op": "New". "out": 1. "targets": [4412]. "args": {"any": []}}')
debug_merge_point(0, 0, '4413<main.rpyeffect:80([mcore:[#193]#285])>+1: {"op": "Const". "type": "ptr". "out": 3. "format": "string". "value": "Name(import$std/core/hnd)"}')
debug_merge_point(0, 0, '4413<main.rpyeffect:80([mcore:[#193]#285])>+2: {"op": "PrimOp". "name": "getGlobal(String): Ptr". "out": {"any": [3]}. "in": {"any": [3]}}')
debug_merge_point(0, 0, '4413<main.rpyeffect:80([mcore:[#193]#285])>+3: {"op": "Swap". "type": "any". "a": 2. "b". 0}')
debug_merge_point(0, 0, '4413<main.rpyeffect:80([mcore:[#193]#285])>+4: {"op": "Jump". "target": 4410}')
debug_merge_point(0, 0, '4410<main.rpyeffect:77([mcore:[#187]#277])>+0: {"op": "Const". "type": "ptr". "out": 3. "format": "string". "value": "Name(import$std/core/hnd)"}')
debug_merge_point(0, 0, '4410<main.rpyeffect:77([mcore:[#187]#277])>+1: {"op": "PrimOp". "name": "getGlobal(String): Ptr". "out": {"any": [3]}. "in": {"any": [3]}}')
debug_merge_point(0, 0, '4410<main.rpyeffect:77([mcore:[#187]#277])>+2: {"op": "CallLib". "lib": "3". "symbol": "std/core/hnd/protect"}')
debug_merge_point(0, 0, '503<std_core_hnd.rpyeffect:202([mcore:[#473]#439])>+0: {"op": "Swap". "type": "any". "a": 2. "b". 1}')
debug_merge_point(0, 0, '503<std_core_hnd.rpyeffect:202([mcore:[#473]#439])>+1: {"op": "Invoke". "receiver": 2. "tag": Interned(apply). "args" : {"any": [0. 1]}}')
debug_merge_point(0, 0, '4412<main.rpyeffect:79([method_apply@[mcore:[#193]#285]#289])>+0: {"op": "Jump". "target": 4411}')
debug_merge_point(0, 0, '4411<main.rpyeffect:78([mcore:[#190]#284])>+0: {"op": "Return". "args": {"any": [0]}}')
+512: guard_nonnull(p37, descr=<Guard0x1288a89b0>) [p0, p1, p2, p3, p4, p5, p6, p7, p8, p9, p10, p11, p12, p13, p14, p15, p16, p17, p18, p19, p20]
+520: i43 = getfield_gc_i(p37, descr=<FieldS rpyeffect.stored_environment.Stack__arb.inst_target 16 pure>)
+524: guard_value(i43, 665, descr=<Guard0x1288a8980>) [p0, p1, p2, p3, p4, p5, p6, p7, p8, p9, p10, p11, p12, p13, p14, p15, p16, p17, p18, p19, p20]
+536: p45 = getfield_gc_r(p37, descr=<FieldP rpyeffect.stored_environment.Stack__1.inst_values_ptr_0 32 pure>)
+540: p46 = getfield_gc_r(p37, descr=<FieldP rpyeffect.stored_environment.Stack__arb.inst_tail 8 pure>)
debug_merge_point(0, 0, '665<std_core_hnd.rpyeffect:364([k@[k@[#858]#863]#865])>+0: {"op": "Const". "type": "ptr". "out": 2. "format": "string". "value": "Name(import$std/core/hnd)"}')
debug_merge_point(0, 0, '665<std_core_hnd.rpyeffect:364([k@[k@[#858]#863]#865])>+1: {"op": "PrimOp". "name": "getGlobal(String): Ptr". "out": {"any": [2]}. "in": {"any": [2]}}')
debug_merge_point(0, 0, '665<std_core_hnd.rpyeffect:364([k@[k@[#858]#863]#865])>+2: {"op": "Push". "target": 664. "args": {"any": [0]}}')
debug_merge_point(0, 0, '665<std_core_hnd.rpyeffect:364([k@[k@[#858]#863]#865])>+3: {"op": "Copy". "type": "any". "from": 1. "to". 0}')
debug_merge_point(0, 0, '665<std_core_hnd.rpyeffect:364([k@[k@[#858]#863]#865])>+4: {"op": "Copy". "type": "any". "from": 2. "to". 1}')
debug_merge_point(0, 0, '665<std_core_hnd.rpyeffect:364([k@[k@[#858]#863]#865])>+5: {"op": "Jump". "target": 663}')
debug_merge_point(0, 0, '663<std_core_hnd.rpyeffect:362([mcore:[#661]#844])>+0: {"op": "Const". "type": "ptr". "out": 1. "format": "string". "value": "Name(import$std/core/hnd)"}')
debug_merge_point(0, 0, '663<std_core_hnd.rpyeffect:362([mcore:[#661]#844])>+1: {"op": "PrimOp". "name": "getGlobal(String): Ptr". "out": {"any": [1]}. "in": {"any": [1]}}')
debug_merge_point(0, 0, '663<std_core_hnd.rpyeffect:362([mcore:[#661]#844])>+2: {"op": "CallLib". "lib": "1". "symbol": "setCurrentEvv"}')
debug_merge_point(0, 0, '302<std_core_hnd.rpyeffect:1(Name(setCurrentEvv))>+0: {"op": "Const". "type": "ptr". "out": 1. "format": "string". "value": "current-evv"}')
debug_merge_point(0, 0, '302<std_core_hnd.rpyeffect:1(Name(setCurrentEvv))>+1: {"op": "PrimOp". "name": "getGlobal(String): Ptr". "out": {"any": [1]}. "in": {"any": [1]}}')
debug_merge_point(0, 0, '302<std_core_hnd.rpyeffect:1(Name(setCurrentEvv))>+2: {"op": "PrimOp". "name": "setRef(Ref[Ptr]. Ptr): Unit". "out": {"any": [0]}. "in": {"any": [1. 0]}}')
debug_merge_point(0, 0, '302<std_core_hnd.rpyeffect:1(Name(setCurrentEvv))>+3: {"op": "Return". "args": {"any": [0]}}')
debug_merge_point(0, 0, '664<std_core_hnd.rpyeffect:363([k@[k@[k@[#858]#863]#865]#870])>+0: {"op": "Copy". "type": "any". "from": 1. "to". 0}')
debug_merge_point(0, 0, '664<std_core_hnd.rpyeffect:363([k@[k@[k@[#858]#863]#865]#870])>+1: {"op": "Return". "args": {"any": [0]}}')
+608: setfield_gc(ConstPtr(ptr47), p45, descr=<FieldP rpyeffect.region.Ref.inst_value 16>)
+612: guard_nonnull(p46, descr=<Guard0x1285dfc88>) [p0, p42, p5, p6, p7, p8, p9, p10, p11, p12, p13, p14, p15, p16, p38, p46, p39]
+620: i48 = getfield_gc_i(p46, descr=<FieldS rpyeffect.stored_environment.Stack__arb.inst_target 16 pure>)
+624: guard_value(i48, 4423, descr=<Guard0x1288a88f0>) [p0, p42, p5, p6, p7, p8, p9, p10, p11, p12, p13, p14, p15, p16, p38, p46, p39]
+636: p50 = getfield_gc_r(p46, descr=<FieldP rpyeffect.stored_environment.Stack__3.inst_values_ptr_0 32 pure>)
+640: p51 = getfield_gc_r(p46, descr=<FieldP rpyeffect.stored_environment.Stack__3.inst_values_ptr_1 40 pure>)
+644: p52 = getfield_gc_r(p46, descr=<FieldP rpyeffect.stored_environment.Stack__3.inst_values_ptr_2 48 pure>)
+648: p53 = getfield_gc_r(p46, descr=<FieldP rpyeffect.stored_environment.Stack__arb.inst_tail 8 pure>)
debug_merge_point(0, 0, '4423<main.rpyeffect:90([k@[#343]#364])>+0: {"op": "PrimOp". "name": "infixAdd(Int. Int): Int". "out": {"any": [0]}. "in": {"any": [1. 0]}}')
+652: i54 = getfield_gc_i(p50, descr=<FieldS rpyeffect.value.IntValue.inst_value 8 pure>)
+656: i55 = getfield_gc_i(p42, descr=<FieldS rpyeffect.value.IntValue.inst_value 8 pure>)
+660: i56 = int_add(i54, i55)
debug_merge_point(0, 0, '4423<main.rpyeffect:90([k@[#343]#364])>+1: {"op": "Const". "type": "ptr". "out": 1. "format": "string". "value": "Name(import$std/core/hnd)"}')
debug_merge_point(0, 0, '4423<main.rpyeffect:90([k@[#343]#364])>+2: {"op": "PrimOp". "name": "getGlobal(String): Ptr". "out": {"any": [1]}. "in": {"any": [1]}}')
debug_merge_point(0, 0, '4423<main.rpyeffect:90([k@[#343]#364])>+3: {"op": "Const". "type": "ptr". "out": 4. "format": "string". "value": "Name(main/@tag-abort)"}')
debug_merge_point(0, 0, '4423<main.rpyeffect:90([k@[#343]#364])>+4: {"op": "PrimOp". "name": "getGlobal(String): Ptr". "out": {"any": [4]}. "in": {"any": [4]}}')
debug_merge_point(0, 0, '4423<main.rpyeffect:90([k@[#343]#364])>+5: {"op": "Swap". "type": "any". "a": 3. "b". 1}')
debug_merge_point(0, 0, '4423<main.rpyeffect:90([k@[#343]#364])>+6: {"op": "Swap". "type": "any". "a": 0. "b". 1}')
debug_merge_point(0, 0, '4423<main.rpyeffect:90([k@[#343]#364])>+7: {"op": "Swap". "type": "any". "a": 2. "b". 1}')
debug_merge_point(0, 0, '4423<main.rpyeffect:90([k@[#343]#364])>+8: {"op": "Jump". "target": 4429}')
debug_merge_point(0, 0, '4429<main.rpyeffect:96([mcore:[#209]#312])>+0: {"op": "Const". "type": "ptr". "out": 3. "format": "int". "value": "<IntValue object at 0x12840f9b0>"}')
debug_merge_point(0, 0, '4429<main.rpyeffect:96([mcore:[#209]#312])>+1: {"op": "PrimOp". "name": "infixEq(Int. Int): Boolean". "out": {"any": [3]}. "in": {"any": [1. 3]}}')
+664: i57 = getfield_gc_i(p51, descr=<FieldS rpyeffect.value.IntValue.inst_value 8 pure>)
+668: i59 = int_eq(i57, 0)
debug_merge_point(0, 0, '4429<main.rpyeffect:96([mcore:[#209]#312])>+2: {"op": "Swap". "type": "any". "a": 2. "b". 0}')
debug_merge_point(0, 0, '4429<main.rpyeffect:96([mcore:[#209]#312])>+3: {"op": "Switch". "scrutinee": 3. "values": [<BoolValue object at 0x12840f980>]. "targets": [4418]. "default": 4428}')
guard_false(i59, descr=<Guard0x1288a88c0>) [p0, p42, p5, p6, p7, p8, p9, p10, p11, p12, p13, p14, p15, p16, p38, p46, p39]
debug_merge_point(0, 0, '4428<main.rpyeffect:95([switch default case#317])>+0: {"op": "Const". "type": "ptr". "out": 3. "format": "int". "value": "<IntValue object at 0x12840f9f0>"}')
debug_merge_point(0, 0, '4428<main.rpyeffect:95([switch default case#317])>+1: {"op": "PrimOp". "name": "infixEq(Int. Int): Boolean". "out": {"any": [3]}. "in": {"any": [1. 3]}}')
debug_merge_point(0, 0, '4428<main.rpyeffect:95([switch default case#317])>+2: {"op": "Switch". "scrutinee": 3. "values": [<BoolValue object at 0x12840f9c0>]. "targets": [4426]. "default": 4427}')
debug_merge_point(0, 0, '4426<main.rpyeffect:93([switch case for Bool(false)#321])>+0: {"op": "Const". "type": "ptr". "out": 3. "format": "int". "value": "<IntValue object at 0x12840f340>"}')
debug_merge_point(0, 0, '4426<main.rpyeffect:93([switch case for Bool(false)#321])>+1: {"op": "PrimOp". "name": "infixSub(Int. Int): Int". "out": {"any": [1]}. "in": {"any": [1. 3]}}')
+676: i61 = int_sub(i57, 1)
debug_merge_point(0, 0, '4426<main.rpyeffect:93([switch case for Bool(false)#321])>+2: {"op": "Const". "type": "ptr". "out": 3. "format": "int". "value": "<IntValue object at 0x12840f310>"}')
debug_merge_point(0, 0, '4426<main.rpyeffect:93([switch case for Bool(false)#321])>+3: {"op": "New". "out": 4. "targets": [4419]. "args": {"any": []}}')
debug_merge_point(0, 0, '4426<main.rpyeffect:93([switch case for Bool(false)#321])>+4: {"op": "Const". "type": "ptr". "out": 5. "format": "string". "value": "Name(import$std/core/hnd)"}')
debug_merge_point(0, 0, '4426<main.rpyeffect:93([switch case for Bool(false)#321])>+5: {"op": "PrimOp". "name": "getGlobal(String): Ptr". "out": {"any": [5]}. "in": {"any": [5]}}')
debug_merge_point(0, 0, '4426<main.rpyeffect:93([switch case for Bool(false)#321])>+6: {"op": "Push". "target": 4425. "args": {"any": [0. 1. 2. 3]}}')
debug_merge_point(0, 0, '4426<main.rpyeffect:93([switch case for Bool(false)#321])>+7: {"op": "Copy". "type": "any". "from": 5. "to". 1}')
debug_merge_point(0, 0, '4426<main.rpyeffect:93([switch case for Bool(false)#321])>+8: {"op": "Copy". "type": "any". "from": 4. "to". 0}')
debug_merge_point(0, 0, '4426<main.rpyeffect:93([switch case for Bool(false)#321])>+9: {"op": "Jump". "target": 4408}')
debug_merge_point(0, 0, '4408<main.rpyeffect:75([mcore:[#182]#266])>+0: {"op": "Const". "type": "ptr". "out": 1. "format": "string". "value": "Name(import$std/core/hnd)"}')
debug_merge_point(0, 0, '4408<main.rpyeffect:75([mcore:[#182]#266])>+1: {"op": "PrimOp". "name": "getGlobal(String): Ptr". "out": {"any": [1]}. "in": {"any": [1]}}')
debug_merge_point(0, 0, '4408<main.rpyeffect:75([mcore:[#182]#266])>+2: {"op": "CallLib". "lib": "1". "symbol": "std/core/hnd/Clause1"}')
debug_merge_point(0, 0, '1361<std_core_hnd.rpyeffect:1060([mcore:[#1456]#167])>+0: {"op": "Construct". "out": 0. "type": Interned(std/core/hnd/clause1). "tag": Interned(std/core/hnd/Clause1). "args": {"any": [0]}}')
debug_merge_point(0, 0, '1361<std_core_hnd.rpyeffect:1060([mcore:[#1456]#167])>+1: {"op": "Return". "args": {"any": [0]}}')
debug_merge_point(0, 0, '4425<main.rpyeffect:92([k@[switch case for Bool(false)#321]#340])>+0: {"op": "Push". "target": 4424. "args": {"any": [1. 2. 3]}}')
debug_merge_point(0, 0, '4425<main.rpyeffect:92([k@[switch case for Bool(false)#321]#340])>+1: {"op": "Copy". "type": "any". "from": 0. "to". 1}')
debug_merge_point(0, 0, '4425<main.rpyeffect:92([k@[switch case for Bool(false)#321]#340])>+2: {"op": "Copy". "type": "any". "from": 4. "to". 0}')
debug_merge_point(0, 0, '4425<main.rpyeffect:92([k@[switch case for Bool(false)#321]#340])>+3: {"op": "Jump". "target": 4452}')
debug_merge_point(0, 0, '4452<main.rpyeffect:119([mcore:[#237]#265])>+0: {"op": "Construct". "out": 0. "type": Interned(main/abort). "tag": Interned(main/@Hnd-abort). "args": {"any": [0. 1]}}')
debug_merge_point(0, 0, '4452<main.rpyeffect:119([mcore:[#237]#265])>+1: {"op": "Return". "args": {"any": [0]}}')
debug_merge_point(0, 0, '4424<main.rpyeffect:91([#343])>+0: {"op": "New". "out": 4. "targets": [4420]. "args": {"any": []}}')
debug_merge_point(0, 0, '4424<main.rpyeffect:91([#343])>+1: {"op": "New". "out": 5. "targets": [4421]. "args": {"any": [3]}}')
debug_merge_point(0, 0, '4424<main.rpyeffect:91([#343])>+2: {"op": "Const". "type": "ptr". "out": 6. "format": "string". "value": "Name(import$std/core/hnd)"}')
debug_merge_point(0, 0, '4424<main.rpyeffect:91([#343])>+3: {"op": "PrimOp". "name": "getGlobal(String): Ptr". "out": {"any": [6]}. "in": {"any": [6]}}')
debug_merge_point(0, 0, '4424<main.rpyeffect:91([#343])>+4: {"op": "Const". "type": "ptr". "out": 7. "format": "string". "value": "Name(main/@tag-abort)"}')
debug_merge_point(0, 0, '4424<main.rpyeffect:91([#343])>+5: {"op": "PrimOp". "name": "getGlobal(String): Ptr". "out": {"any": [7]}. "in": {"any": [7]}}')
debug_merge_point(0, 0, '4424<main.rpyeffect:91([#343])>+6: {"op": "Push". "target": 4423. "args": {"any": [1. 2. 3]}}')
debug_merge_point(0, 0, '4424<main.rpyeffect:91([#343])>+7: {"op": "Copy". "type": "any". "from": 5. "to". 2}')
debug_merge_point(0, 0, '4424<main.rpyeffect:91([#343])>+8: {"op": "Copy". "type": "any". "from": 4. "to". 1}')
debug_merge_point(0, 0, '4424<main.rpyeffect:91([#343])>+9: {"op": "Copy". "type": "any". "from": 7. "to". 4}')
debug_merge_point(0, 0, '4424<main.rpyeffect:91([#343])>+10: {"op": "Copy". "type": "any". "from": 6. "to". 3}')
debug_merge_point(0, 0, '4424<main.rpyeffect:91([#343])>+11: {"op": "Jump". "target": 4341}')
debug_merge_point(0, 0, '4341<main.rpyeffect:8([mcore:[#102]#22])>+0: {"op": "Const". "type": "ptr". "out": 3. "format": "string". "value": "Name(main/@tag-abort)"}')
debug_merge_point(0, 0, '4341<main.rpyeffect:8([mcore:[#102]#22])>+1: {"op": "PrimOp". "name": "getGlobal(String): Ptr". "out": {"any": [3]}. "in": {"any": [3]}}')
debug_merge_point(0, 0, '4341<main.rpyeffect:8([mcore:[#102]#22])>+2: {"op": "Const". "type": "ptr". "out": 4. "format": "string". "value": "Name(import$std/core/hnd)"}')
debug_merge_point(0, 0, '4341<main.rpyeffect:8([mcore:[#102]#22])>+3: {"op": "PrimOp". "name": "getGlobal(String): Ptr". "out": {"any": [4]}. "in": {"any": [4]}}')
debug_merge_point(0, 0, '4341<main.rpyeffect:8([mcore:[#102]#22])>+4: {"op": "Swap". "type": "any". "a": 2. "b". 1}')
debug_merge_point(0, 0, '4341<main.rpyeffect:8([mcore:[#102]#22])>+5: {"op": "Swap". "type": "any". "a": 3. "b". 1}')
debug_merge_point(0, 0, '4341<main.rpyeffect:8([mcore:[#102]#22])>+6: {"op": "Swap". "type": "any". "a": 0. "b". 1}')
debug_merge_point(0, 0, '4341<main.rpyeffect:8([mcore:[#102]#22])>+7: {"op": "Jump". "target": 4340}')
debug_merge_point(0, 0, '4340<main.rpyeffect:7([mcore:[#96]#14])>+0: {"op": "Const". "type": "ptr". "out": 4. "format": "string". "value": "Name(import$std/core/hnd)"}')
debug_merge_point(0, 0, '4340<main.rpyeffect:7([mcore:[#96]#14])>+1: {"op": "PrimOp". "name": "getGlobal(String): Ptr". "out": {"any": [4]}. "in": {"any": [4]}}')
debug_merge_point(0, 0, '4340<main.rpyeffect:7([mcore:[#96]#14])>+2: {"op": "CallLib". "lib": "4". "symbol": "std/core/hnd/@hhandle"}')
debug_merge_point(0, 0, '671<std_core_hnd.rpyeffect:370([mcore:[#662]#849])>+0: {"op": "Push". "target": 670. "args": {"any": [3. 1. 2. 0]}}')
debug_merge_point(0, 0, '671<std_core_hnd.rpyeffect:370([mcore:[#662]#849])>+1: {"op": "Jump". "target": 509}')
debug_merge_point(0, 0, '509<std_core_hnd.rpyeffect:208([mcore:[#477]#451])>+0: {"op": "Jump". "target": 301}')
debug_merge_point(0, 0, '301<std_core_hnd.rpyeffect:0(Name(getCurrentEvv))>+0: {"op": "Const". "type": "ptr". "out": 0. "format": "string". "value": "current-evv"}')
+680: p62 = new_with_vtable(descr=<SizeDescr 64>)
+788: p63 = new_with_vtable(descr=<SizeDescr 56>)
+800: setfield_gc(p63, p53, descr=<FieldP rpyeffect.stored_environment.Stack__arb.inst_tail 8 pure>)
+804: setfield_gc(p63, 4423, descr=<FieldS rpyeffect.stored_environment.Stack__arb.inst_target 16 pure>)
+812: p65 = new_with_vtable(descr=<SizeDescr 16>)
+824: setfield_gc(p65, i56, descr=<FieldS rpyeffect.value.IntValue.inst_value 8 pure>)
+828: setfield_gc(p63, p65, descr=<FieldP rpyeffect.stored_environment.Stack__3.inst_values_ptr_0 32 pure>)
+832: p66 = new_with_vtable(descr=<SizeDescr 16>)
+844: setfield_gc(p66, i61, descr=<FieldS rpyeffect.value.IntValue.inst_value 8 pure>)
+848: setfield_gc(p63, p66, descr=<FieldP rpyeffect.stored_environment.Stack__3.inst_values_ptr_1 40 pure>)
+852: setfield_gc(p63, p52, descr=<FieldP rpyeffect.stored_environment.Stack__3.inst_values_ptr_2 48 pure>)
+856: p67 = new_with_vtable(descr=<SizeDescr 32>)
+872: setfield_gc(p67, ConstPtr(ptr68), descr=<FieldP rpyeffect.codata.CoData.inst_vtable 8 pure>)
+876: setfield_gc(p67, p52, descr=<FieldP rpyeffect.stored_environment.CoData__1.inst_values_ptr_0 24 pure>)
+880: p69 = new_with_vtable(descr=<SizeDescr 40>)
+896: setfield_gc(p69, ConstPtr(ptr70), descr=<FieldP rpyeffect.data.Data.inst_tag 8>)
+904: setfield_gc(p69, ConstPtr(ptr71), descr=<FieldP rpyeffect.stored_environment.Data__2.inst_values_ptr_0 24 pure>)
+908: p72 = new_with_vtable(descr=<SizeDescr 32>)
+924: setfield_gc(p72, ConstPtr(ptr73), descr=<FieldP rpyeffect.data.Data.inst_tag 8>)
+928: p74 = new_with_vtable(descr=<SizeDescr 24>)
+944: setfield_gc(p74, ConstPtr(ptr75), descr=<FieldP rpyeffect.codata.CoData.inst_vtable 8 pure>)
+948: setfield_gc(p72, p74, descr=<FieldP rpyeffect.stored_environment.Data__1.inst_values_ptr_0 24 pure>)
+952: setfield_gc(p69, p72, descr=<FieldP rpyeffect.stored_environment.Data__2.inst_values_ptr_1 32 pure>)
+956: p76 = new_with_vtable(descr=<SizeDescr 24>)
+972: setfield_gc(p76, ConstPtr(ptr77), descr=<FieldP rpyeffect.codata.CoData.inst_vtable 8 pure>)
+976: setfield_gc(p62, 670, descr=<FieldS rpyeffect.stored_environment.Stack__arb.inst_target 16 pure>)
+984: setfield_gc(p62, p63, descr=<FieldP rpyeffect.stored_environment.Stack__arb.inst_tail 8 pure>)
+988: setfield_gc(p62, p67, descr=<FieldP rpyeffect.stored_environment.Stack__4.inst_values_ptr_0 32 pure>)
+992: setfield_gc(p62, p69, descr=<FieldP rpyeffect.stored_environment.Stack__4.inst_values_ptr_1 40 pure>)
+996: setfield_gc(p62, p76, descr=<FieldP rpyeffect.stored_environment.Stack__4.inst_values_ptr_2 48 pure>)
+1004: setfield_gc(p62, ConstPtr(ptr79), descr=<FieldP rpyeffect.stored_environment.Stack__4.inst_values_ptr_3 56 pure>)
+1068: jump(p38, p62, p0, p39, ConstPtr(ptr80), ConstPtr(ptr79), p69, p76, p67, ConstPtr(ptr81), p67, ConstPtr(ptr82), ConstPtr(ptr83), p9, p10, p11, p12, p13, p14, p15, p16, descr=TargetToken(4974830624))
+1136: --end of the loop--
[b3d7705] jit-log-opt-bridge}
[1a6bef38] {jit-summary
Tracing:      	5	0.002727
Backend:      	5	0.000552
TOTAL:      		0.262521
ops:             	12382
heapcached ops:  	1512
recorded ops:    	6189
  calls:         	5230
guards:          	238
opt ops:         	520
opt guards:      	65
opt guards shared:	49
forcings:        	0
abort: trace too long:	0
abort: compiling:	0
abort: vable escape:	0
abort: bad loop: 	0
abort: force quasi-immut:	0
abort: segmenting trace:	0
virtualizables forced:	0
nvirtuals:       	2
nvholes:         	0
nvreused:        	0
vecopt tried:    	0
vecopt success:  	0
Total # of loops:	2
Total # of bridges:	3
Freed # of loops:	0
Freed # of bridges:	0
[1a6c16ef] jit-summary}
