[63633ea79160] {jit-log-opt-loop
# Loop 1 (103<main.rpyeffect:90(Name(countdown_48))>+5: {"op": "Push", "target": 102, "args": {"any": []}}) : loop with 619 ops
[p0, p1, p2, p3, p4]
+1917: p5 = getfield_gc_r(p2, descr=<FieldP rpyeffect.environment.Environment.inst_values_ptr 16>)
+1928: p7 = getarrayitem_gc_r(p5, 0, descr=<ArrayP 8>)
+1932: p9 = getarrayitem_gc_r(p5, 1, descr=<ArrayP 8>)
+1936: p11 = getarrayitem_gc_r(p5, 2, descr=<ArrayP 8>)
+1940: p13 = getarrayitem_gc_r(p5, 3, descr=<ArrayP 8>)
+1944: p15 = getarrayitem_gc_r(p5, 4, descr=<ArrayP 8>)
+1948: p17 = getarrayitem_gc_r(p5, 5, descr=<ArrayP 8>)
+1952: p19 = getarrayitem_gc_r(p5, 6, descr=<ArrayP 8>)
+1956: p21 = getarrayitem_gc_r(p5, 7, descr=<ArrayP 8>)
+1960: p23 = getarrayitem_gc_r(p5, 8, descr=<ArrayP 8>)
+1964: p25 = getarrayitem_gc_r(p5, 9, descr=<ArrayP 8>)
+1968: p27 = getarrayitem_gc_r(p5, 10, descr=<ArrayP 8>)
+1972: p29 = getarrayitem_gc_r(p5, 11, descr=<ArrayP 8>)
+1976: p31 = getarrayitem_gc_r(p5, 12, descr=<ArrayP 8>)
+1987: p33 = getarrayitem_gc_r(p5, 13, descr=<ArrayP 8>)
+1998: p35 = getarrayitem_gc_r(p5, 14, descr=<ArrayP 8>)
+2012: p37 = getarrayitem_gc_r(p5, 15, descr=<ArrayP 8>)
+2026: label(p0, p1, p2, p3, p4, p7, p9, p11, p13, p15, p17, p19, p21, p23, p25, p27, p29, p31, p33, p35, p37, descr=TargetToken(140121647877792))
debug_merge_point(0, 0, '103<main.rpyeffect:90(Name(countdown_48))>+5: {"op": "Push". "target": 102. "args": {"any": []}}')
+2096: guard_not_invalidated(descr=<Guard0x7f709d0b6bf0>) [p2, p7, p9, p11, p13, p15, p17, p19, p21, p23, p25, p27, p29, p31, p33, p35, p37, p0, p1, p3, p4]
debug_merge_point(0, 0, '103<main.rpyeffect:90(Name(countdown_48))>+6: {"op": "Swap". "type": "any". "a": 0. "b". 1}')
debug_merge_point(0, 0, '103<main.rpyeffect:90(Name(countdown_48))>+7: {"op": "Invoke". "receiver": 1. "tag": Interned(Get_0). "args" : {"any": [0]}}')
+2096: p38 = getfield_gc_r(p7, descr=<FieldP rpyeffect.codata.CoData.inst_vtable 8 pure>)
+2107: guard_value(p38, ConstPtr(ptr39), descr=<Guard0x7f709d108dd0>) [p2, p7, p9, p11, p13, p15, p17, p19, p21, p23, p25, p27, p29, p31, p33, p35, p37, p0, p1, p3, p4]
+2116: p40 = getfield_gc_r(p7, descr=<FieldP rpyeffect.stored_environment.CoData__1.inst_values_ptr_0 24 pure>)
debug_merge_point(0, 0, '141<main.rpyeffect:128([method_Get_0@[mcore:[#60]#286]#295])>+0: {"op": "Const". "type": "ptr". "out": 2. "format": "int". "value": "<IntValue object at 0x7f709d0e0170>"}')
debug_merge_point(0, 0, '141<main.rpyeffect:128([method_Get_0@[mcore:[#60]#286]#295])>+1: {"op": "ShiftDyn". "out": 1. "n": 2. "label": 1}')
+2127: i42 = instance_ptr_eq(p4, ConstPtr(ptr41))
+2134: guard_false(i42, descr=<Guard0x7f709d108e00>) [p2, p7, p9, p11, p13, p15, p17, p19, p21, p23, p25, p27, p29, p31, p33, p35, p37, p0, p1, p3, p4]
+2140: guard_nonnull(p0, descr=<Guard0x7f709d108e30>) [p2, p7, p9, p11, p13, p15, p17, p19, p21, p23, p25, p27, p29, p31, p33, p35, p37, p0, p1, p3, p4]
+2154: guard_nonnull(p40, descr=<Guard0x7f709d108e60>) [p2, p7, p9, p11, p13, p15, p17, p19, p21, p23, p25, p27, p29, p31, p33, p35, p37, p0, p1, p3, p4]
+2163: i43 = getfield_gc_i(p0, descr=<FieldS rpyeffect.stack.Label.inst_origin 8 pure>)
+2174: guard_value(i43, 157737, descr=<Guard0x7f709d108e90>) [p2, p7, p9, p11, p13, p15, p17, p19, p21, p23, p25, p27, p29, p31, p33, p35, p37, p0, p1, p3, p4]
+2187: i45 = getfield_gc_i(p40, descr=<FieldS rpyeffect.stack.Label.inst_origin 8 pure>)
+2191: guard_value(i45, 149504, descr=<Guard0x7f709d108ec0>) [p2, p7, p9, p11, p13, p15, p17, p19, p21, p23, p25, p27, p29, p31, p33, p35, p37, p0, p1, p3, p4]
+2204: p47 = getfield_gc_r(p3, descr=<FieldP rpyeffect.stack.MetaStack.inst_region 24 pure>)
+2215: guard_isnull(p47, descr=<Guard0x7f709d108ef0>) [p2, p7, p9, p11, p13, p15, p17, p19, p21, p23, p25, p27, p29, p31, p33, p35, p37, p0, p1, p3, p4]
+2224: p48 = getfield_gc_r(p3, descr=<FieldP rpyeffect.stack.MetaStack.inst_label 16 pure>)
+2228: guard_nonnull(p48, descr=<Guard0x7f709d108f20>) [p2, p7, p9, p11, p13, p15, p17, p19, p21, p23, p25, p27, p29, p31, p33, p35, p37, p0, p1, p3, p4]
+2237: i49 = getfield_gc_i(p48, descr=<FieldS rpyeffect.stack.Label.inst_origin 8 pure>)
+2241: guard_value(i49, 157737, descr=<Guard0x7f709d108f50>) [p2, p7, p9, p11, p13, p15, p17, p19, p21, p23, p25, p27, p29, p31, p33, p35, p37, p0, p1, p3, p4]
+2254: p51 = getfield_gc_r(p3, descr=<FieldP rpyeffect.stack.MetaStack.inst_tail 32 pure>)
+2258: p52 = getfield_gc_r(p51, descr=<FieldP rpyeffect.stack.MetaStack.inst_region 24 pure>)
+2262: guard_isnull(p52, descr=<Guard0x7f709d108f80>) [p2, p7, p9, p11, p13, p15, p17, p19, p21, p23, p25, p27, p29, p31, p33, p35, p37, p0, p1, p3, p4]
+2271: p53 = getfield_gc_r(p51, descr=<FieldP rpyeffect.stack.MetaStack.inst_label 16 pure>)
+2275: guard_nonnull(p53, descr=<Guard0x7f709d108fb0>) [p2, p7, p9, p11, p13, p15, p17, p19, p21, p23, p25, p27, p29, p31, p33, p35, p37, p0, p1, p3, p4]
+2284: i54 = getfield_gc_i(p53, descr=<FieldS rpyeffect.stack.Label.inst_origin 8 pure>)
+2288: guard_value(i54, 157737, descr=<Guard0x7f709d108fe0>) [p2, p7, p9, p11, p13, p15, p17, p19, p21, p23, p25, p27, p29, p31, p33, p35, p37, p0, p1, p3, p4]
+2301: p56 = getfield_gc_r(p51, descr=<FieldP rpyeffect.stack.MetaStack.inst_tail 32 pure>)
+2305: p57 = getfield_gc_r(p56, descr=<FieldP rpyeffect.stack.MetaStack.inst_region 24 pure>)
+2309: guard_isnull(p57, descr=<Guard0x7f709d109010>) [p2, p7, p9, p11, p13, p15, p17, p19, p21, p23, p25, p27, p29, p31, p33, p35, p37, p0, p1, p3, p4]
+2318: p58 = getfield_gc_r(p56, descr=<FieldP rpyeffect.stack.MetaStack.inst_label 16 pure>)
+2322: guard_nonnull(p58, descr=<Guard0x7f709d109040>) [p2, p7, p9, p11, p13, p15, p17, p19, p21, p23, p25, p27, p29, p31, p33, p35, p37, p0, p1, p3, p4]
+2331: i59 = getfield_gc_i(p58, descr=<FieldS rpyeffect.stack.Label.inst_origin 8 pure>)
+2336: guard_value(i59, 157737, descr=<Guard0x7f709d109070>) [p2, p7, p9, p11, p13, p15, p17, p19, p21, p23, p25, p27, p29, p31, p33, p35, p37, p0, p1, p3, p4]
+2349: p61 = getfield_gc_r(p56, descr=<FieldP rpyeffect.stack.MetaStack.inst_tail 32 pure>)
+2353: p62 = getfield_gc_r(p61, descr=<FieldP rpyeffect.stack.MetaStack.inst_region 24 pure>)
+2357: guard_isnull(p62, descr=<Guard0x7f709d1090a0>) [p2, p7, p9, p11, p13, p15, p17, p19, p21, p23, p25, p27, p29, p31, p33, p35, p37, p0, p1, p3, p4]
+2366: p63 = getfield_gc_r(p61, descr=<FieldP rpyeffect.stack.MetaStack.inst_label 16 pure>)
+2370: guard_nonnull(p63, descr=<Guard0x7f709d1090d0>) [p2, p7, p9, p11, p13, p15, p17, p19, p21, p23, p25, p27, p29, p31, p33, p35, p37, p0, p1, p3, p4]
+2379: i64 = getfield_gc_i(p63, descr=<FieldS rpyeffect.stack.Label.inst_origin 8 pure>)
+2390: guard_value(i64, 157737, descr=<Guard0x7f709d109100>) [p2, p7, p9, p11, p13, p15, p17, p19, p21, p23, p25, p27, p29, p31, p33, p35, p37, p0, p1, p3, p4]
+2403: p66 = getfield_gc_r(p61, descr=<FieldP rpyeffect.stack.MetaStack.inst_tail 32 pure>)
+2407: p67 = getfield_gc_r(p66, descr=<FieldP rpyeffect.stack.MetaStack.inst_region 24 pure>)
+2418: guard_isnull(p67, descr=<Guard0x7f709d109130>) [p2, p7, p9, p11, p13, p15, p17, p19, p21, p23, p25, p27, p29, p31, p33, p35, p37, p0, p1, p3, p4]
+2427: p68 = getfield_gc_r(p66, descr=<FieldP rpyeffect.stack.MetaStack.inst_label 16 pure>)
+2431: guard_nonnull(p68, descr=<Guard0x7f709d109160>) [p2, p7, p9, p11, p13, p15, p17, p19, p21, p23, p25, p27, p29, p31, p33, p35, p37, p0, p1, p3, p4]
+2440: i69 = getfield_gc_i(p68, descr=<FieldS rpyeffect.stack.Label.inst_origin 8 pure>)
+2451: guard_value(i69, 157737, descr=<Guard0x7f709d109190>) [p2, p7, p9, p11, p13, p15, p17, p19, p21, p23, p25, p27, p29, p31, p33, p35, p37, p0, p1, p3, p4]
+2464: p71 = getfield_gc_r(p66, descr=<FieldP rpyeffect.stack.MetaStack.inst_tail 32 pure>)
+2468: p72 = getfield_gc_r(p71, descr=<FieldP rpyeffect.stack.MetaStack.inst_region 24 pure>)
+2479: guard_isnull(p72, descr=<Guard0x7f709d1091c0>) [p2, p7, p9, p11, p13, p15, p17, p19, p21, p23, p25, p27, p29, p31, p33, p35, p37, p0, p1, p3, p4]
+2488: p73 = getfield_gc_r(p71, descr=<FieldP rpyeffect.stack.MetaStack.inst_label 16 pure>)
+2492: guard_nonnull(p73, descr=<Guard0x7f709d1091f0>) [p2, p7, p9, p11, p13, p15, p17, p19, p21, p23, p25, p27, p29, p31, p33, p35, p37, p0, p1, p3, p4]
+2501: i74 = getfield_gc_i(p73, descr=<FieldS rpyeffect.stack.Label.inst_origin 8 pure>)
+2513: guard_value(i74, 157737, descr=<Guard0x7f709d109220>) [p2, p7, p9, p11, p13, p15, p17, p19, p21, p23, p25, p27, p29, p31, p33, p35, p37, p0, p1, p3, p4]
+2526: p76 = getfield_gc_r(p71, descr=<FieldP rpyeffect.stack.MetaStack.inst_tail 32 pure>)
+2530: p77 = getfield_gc_r(p76, descr=<FieldP rpyeffect.stack.MetaStack.inst_region 24 pure>)
+2542: guard_isnull(p77, descr=<Guard0x7f709d109250>) [p2, p7, p9, p11, p13, p15, p17, p19, p21, p23, p25, p27, p29, p31, p33, p35, p37, p0, p1, p3, p4]
+2551: p78 = getfield_gc_r(p76, descr=<FieldP rpyeffect.stack.MetaStack.inst_label 16 pure>)
+2556: guard_nonnull(p78, descr=<Guard0x7f709d109280>) [p2, p7, p9, p11, p13, p15, p17, p19, p21, p23, p25, p27, p29, p31, p33, p35, p37, p0, p1, p3, p4]
+2565: i79 = getfield_gc_i(p78, descr=<FieldS rpyeffect.stack.Label.inst_origin 8 pure>)
+2576: guard_value(i79, 157737, descr=<Guard0x7f709d1092b0>) [p2, p7, p9, p11, p13, p15, p17, p19, p21, p23, p25, p27, p29, p31, p33, p35, p37, p0, p1, p3, p4]
+2589: p81 = getfield_gc_r(p76, descr=<FieldP rpyeffect.stack.MetaStack.inst_tail 32 pure>)
+2594: p82 = getfield_gc_r(p81, descr=<FieldP rpyeffect.stack.MetaStack.inst_region 24 pure>)
+2605: guard_isnull(p82, descr=<Guard0x7f709d1092e0>) [p2, p7, p9, p11, p13, p15, p17, p19, p21, p23, p25, p27, p29, p31, p33, p35, p37, p0, p1, p3, p4]
+2614: p83 = getfield_gc_r(p81, descr=<FieldP rpyeffect.stack.MetaStack.inst_label 16 pure>)
+2618: guard_nonnull(p83, descr=<Guard0x7f709d109310>) [p2, p7, p9, p11, p13, p15, p17, p19, p21, p23, p25, p27, p29, p31, p33, p35, p37, p0, p1, p3, p4]
+2627: i84 = getfield_gc_i(p83, descr=<FieldS rpyeffect.stack.Label.inst_origin 8 pure>)
+2638: guard_value(i84, 157737, descr=<Guard0x7f709d109340>) [p2, p7, p9, p11, p13, p15, p17, p19, p21, p23, p25, p27, p29, p31, p33, p35, p37, p0, p1, p3, p4]
+2651: p86 = getfield_gc_r(p81, descr=<FieldP rpyeffect.stack.MetaStack.inst_tail 32 pure>)
+2655: p87 = getfield_gc_r(p86, descr=<FieldP rpyeffect.stack.MetaStack.inst_region 24 pure>)
+2659: guard_isnull(p87, descr=<Guard0x7f709d109370>) [p2, p7, p9, p11, p13, p15, p17, p19, p21, p23, p25, p27, p29, p31, p33, p35, p37, p0, p1, p3, p4]
+2668: p88 = getfield_gc_r(p86, descr=<FieldP rpyeffect.stack.MetaStack.inst_label 16 pure>)
+2672: guard_nonnull(p88, descr=<Guard0x7f709d1093a0>) [p2, p7, p9, p11, p13, p15, p17, p19, p21, p23, p25, p27, p29, p31, p33, p35, p37, p0, p1, p3, p4]
+2681: i89 = getfield_gc_i(p88, descr=<FieldS rpyeffect.stack.Label.inst_origin 8 pure>)
+2692: guard_value(i89, 157737, descr=<Guard0x7f709d1093d0>) [p2, p7, p9, p11, p13, p15, p17, p19, p21, p23, p25, p27, p29, p31, p33, p35, p37, p0, p1, p3, p4]
+2705: p91 = getfield_gc_r(p86, descr=<FieldP rpyeffect.stack.MetaStack.inst_tail 32 pure>)
+2709: p92 = getfield_gc_r(p91, descr=<FieldP rpyeffect.stack.MetaStack.inst_region 24 pure>)
+2720: guard_isnull(p92, descr=<Guard0x7f709d109400>) [p2, p7, p9, p11, p13, p15, p17, p19, p21, p23, p25, p27, p29, p31, p33, p35, p37, p0, p1, p3, p4]
+2729: p93 = getfield_gc_r(p91, descr=<FieldP rpyeffect.stack.MetaStack.inst_label 16 pure>)
+2733: guard_nonnull(p93, descr=<Guard0x7f709d109430>) [p2, p7, p9, p11, p13, p15, p17, p19, p21, p23, p25, p27, p29, p31, p33, p35, p37, p0, p1, p3, p4]
+2742: i94 = getfield_gc_i(p93, descr=<FieldS rpyeffect.stack.Label.inst_origin 8 pure>)
+2753: guard_value(i94, 157732, descr=<Guard0x7f709d109460>) [p2, p7, p9, p11, p13, p15, p17, p19, p21, p23, p25, p27, p29, p31, p33, p35, p37, p0, p1, p3, p4]
+2766: p96 = getfield_gc_r(p91, descr=<FieldP rpyeffect.stack.MetaStack.inst_tail 32 pure>)
+2770: p97 = getfield_gc_r(p96, descr=<FieldP rpyeffect.stack.MetaStack.inst_region 24 pure>)
+2774: guard_isnull(p97, descr=<Guard0x7f709d109490>) [p2, p7, p9, p11, p13, p15, p17, p19, p21, p23, p25, p27, p29, p31, p33, p35, p37, p0, p1, p3, p4]
+2783: p98 = getfield_gc_r(p96, descr=<FieldP rpyeffect.stack.MetaStack.inst_label 16 pure>)
+2787: guard_nonnull(p98, descr=<Guard0x7f709d1094c0>) [p2, p7, p9, p11, p13, p15, p17, p19, p21, p23, p25, p27, p29, p31, p33, p35, p37, p0, p1, p3, p4]
+2796: i99 = getfield_gc_i(p98, descr=<FieldS rpyeffect.stack.Label.inst_origin 8 pure>)
+2807: guard_value(i99, 157727, descr=<Guard0x7f709d1094f0>) [p2, p7, p9, p11, p13, p15, p17, p19, p21, p23, p25, p27, p29, p31, p33, p35, p37, p0, p1, p3, p4]
+2820: p101 = getfield_gc_r(p96, descr=<FieldP rpyeffect.stack.MetaStack.inst_tail 32 pure>)
+2824: p102 = getfield_gc_r(p101, descr=<FieldP rpyeffect.stack.MetaStack.inst_region 24 pure>)
+2835: guard_isnull(p102, descr=<Guard0x7f709d109520>) [p2, p7, p9, p11, p13, p15, p17, p19, p21, p23, p25, p27, p29, p31, p33, p35, p37, p0, p1, p3, p4]
+2844: p103 = getfield_gc_r(p101, descr=<FieldP rpyeffect.stack.MetaStack.inst_label 16 pure>)
+2848: guard_nonnull(p103, descr=<Guard0x7f709d109550>) [p2, p7, p9, p11, p13, p15, p17, p19, p21, p23, p25, p27, p29, p31, p33, p35, p37, p0, p1, p3, p4]
+2857: i104 = getfield_gc_i(p103, descr=<FieldS rpyeffect.stack.Label.inst_origin 8 pure>)
+2868: guard_value(i104, 149504, descr=<Guard0x7f709d109580>) [p2, p7, p9, p11, p13, p15, p17, p19, p21, p23, p25, p27, p29, p31, p33, p35, p37, p0, p1, p3, p4]
+2881: i106 = instance_ptr_eq(p103, p40)
+2884: guard_true(i106, descr=<Guard0x7f709d1095b0>) [p2, p7, p9, p11, p13, p15, p17, p19, p21, p23, p25, p27, p29, p31, p33, p35, p37, p0, p1, p3, p4]
+2890: p107 = getfield_gc_r(p101, descr=<FieldP rpyeffect.stack.MetaStackLike.inst_stack 8 pure>)
+2894: guard_class(p101, 8701856, descr=<Guard0x7f709d1095e0>) [p2, p7, p9, p11, p13, p15, p17, p19, p21, p23, p25, p27, p29, p31, p33, p35, p37, p0, p1, p3, p4]
+2906: p109 = getfield_gc_r(p101, descr=<FieldP rpyeffect.stack.MetaStack.inst_tail 32 pure>)
+2910: p110 = getfield_gc_r(p96, descr=<FieldP rpyeffect.stack.MetaStackLike.inst_stack 8 pure>)
+2914: guard_class(p96, ConstClass(MetaStackWithBinding), descr=<Guard0x7f709d109610>) [p2, p7, p9, p11, p13, p15, p17, p19, p21, p23, p25, p27, p29, p31, p33, p35, p37, p0, p1, p3, p4]
+2926: p112 = getfield_gc_r(p96, descr=<FieldP rpyeffect.stack.MetaStackWithBinding.inst_binding 40 pure>)
+2937: i114 = instance_ptr_eq(p112, ConstPtr(ptr113))
+2940: guard_false(i114, descr=<Guard0x7f709d109640>) [p2, p7, p9, p11, p13, p15, p17, p19, p21, p23, p25, p27, p29, p31, p33, p35, p37, p0, p1, p3, p4]
+2946: p115 = getfield_gc_r(p91, descr=<FieldP rpyeffect.stack.MetaStackLike.inst_stack 8 pure>)
+2950: guard_class(p91, ConstClass(MetaStackWithBinding), descr=<Guard0x7f709d109670>) [p2, p7, p9, p11, p13, p15, p17, p19, p21, p23, p25, p27, p29, p31, p33, p35, p37, p0, p1, p3, p4]
+2963: p117 = getfield_gc_r(p91, descr=<FieldP rpyeffect.stack.MetaStackWithBinding.inst_binding 40 pure>)
+2974: i119 = instance_ptr_eq(p117, ConstPtr(ptr118))
+2977: guard_false(i119, descr=<Guard0x7f709d1096a0>) [p2, p7, p9, p11, p13, p15, p17, p19, p21, p23, p25, p27, p29, p31, p33, p35, p37, p0, p1, p3, p4]
+2983: p120 = getfield_gc_r(p86, descr=<FieldP rpyeffect.stack.MetaStackLike.inst_stack 8 pure>)
+2987: guard_class(p86, ConstClass(MetaStackWithBinding), descr=<Guard0x7f709d1096d0>) [p2, p7, p9, p11, p13, p15, p17, p19, p21, p23, p25, p27, p29, p31, p33, p35, p37, p0, p1, p3, p4]
+2999: p122 = getfield_gc_r(p86, descr=<FieldP rpyeffect.stack.MetaStackWithBinding.inst_binding 40 pure>)
+3010: i124 = instance_ptr_eq(p122, ConstPtr(ptr123))
+3013: guard_false(i124, descr=<Guard0x7f709d109700>) [p2, p7, p9, p11, p13, p15, p17, p19, p21, p23, p25, p27, p29, p31, p33, p35, p37, p0, p1, p3, p4]
+3019: p125 = getfield_gc_r(p81, descr=<FieldP rpyeffect.stack.MetaStackLike.inst_stack 8 pure>)
+3023: guard_class(p81, ConstClass(MetaStackWithBinding), descr=<Guard0x7f709d109730>) [p2, p7, p9, p11, p13, p15, p17, p19, p21, p23, p25, p27, p29, p31, p33, p35, p37, p0, p1, p3, p4]
+3036: p127 = getfield_gc_r(p81, descr=<FieldP rpyeffect.stack.MetaStackWithBinding.inst_binding 40 pure>)
+3047: i129 = instance_ptr_eq(p127, ConstPtr(ptr128))
+3050: guard_false(i129, descr=<Guard0x7f709d109760>) [p2, p7, p9, p11, p13, p15, p17, p19, p21, p23, p25, p27, p29, p31, p33, p35, p37, p0, p1, p3, p4]
+3056: p130 = getfield_gc_r(p76, descr=<FieldP rpyeffect.stack.MetaStackLike.inst_stack 8 pure>)
+3061: guard_class(p76, ConstClass(MetaStackWithBinding), descr=<Guard0x7f709d109790>) [p2, p7, p9, p11, p13, p15, p17, p19, p21, p23, p25, p27, p29, p31, p33, p35, p37, p0, p1, p3, p4]
+3075: p132 = getfield_gc_r(p76, descr=<FieldP rpyeffect.stack.MetaStackWithBinding.inst_binding 40 pure>)
+3087: i134 = instance_ptr_eq(p132, ConstPtr(ptr133))
+3090: guard_false(i134, descr=<Guard0x7f709d1097c0>) [p2, p7, p9, p11, p13, p15, p17, p19, p21, p23, p25, p27, p29, p31, p33, p35, p37, p0, p1, p3, p4]
+3096: p135 = getfield_gc_r(p71, descr=<FieldP rpyeffect.stack.MetaStackLike.inst_stack 8 pure>)
+3100: guard_class(p71, ConstClass(MetaStackWithBinding), descr=<Guard0x7f709d1097f0>) [p2, p7, p9, p11, p13, p15, p17, p19, p21, p23, p25, p27, p29, p31, p33, p35, p37, p0, p1, p3, p4]
+3112: p137 = getfield_gc_r(p71, descr=<FieldP rpyeffect.stack.MetaStackWithBinding.inst_binding 40 pure>)
+3123: i139 = instance_ptr_eq(p137, ConstPtr(ptr138))
+3126: guard_false(i139, descr=<Guard0x7f709d109820>) [p2, p7, p9, p11, p13, p15, p17, p19, p21, p23, p25, p27, p29, p31, p33, p35, p37, p0, p1, p3, p4]
+3132: p140 = getfield_gc_r(p66, descr=<FieldP rpyeffect.stack.MetaStackLike.inst_stack 8 pure>)
+3136: guard_class(p66, ConstClass(MetaStackWithBinding), descr=<Guard0x7f709d109850>) [p2, p7, p9, p11, p13, p15, p17, p19, p21, p23, p25, p27, p29, p31, p33, p35, p37, p0, p1, p3, p4]
+3148: p142 = getfield_gc_r(p66, descr=<FieldP rpyeffect.stack.MetaStackWithBinding.inst_binding 40 pure>)
+3159: i144 = instance_ptr_eq(p142, ConstPtr(ptr143))
+3162: guard_false(i144, descr=<Guard0x7f709d109880>) [p2, p7, p9, p11, p13, p15, p17, p19, p21, p23, p25, p27, p29, p31, p33, p35, p37, p0, p1, p3, p4]
+3168: p145 = getfield_gc_r(p61, descr=<FieldP rpyeffect.stack.MetaStackLike.inst_stack 8 pure>)
+3172: guard_class(p61, ConstClass(MetaStackWithBinding), descr=<Guard0x7f709d1098b0>) [p2, p7, p9, p11, p13, p15, p17, p19, p21, p23, p25, p27, p29, p31, p33, p35, p37, p0, p1, p3, p4]
+3184: p147 = getfield_gc_r(p61, descr=<FieldP rpyeffect.stack.MetaStackWithBinding.inst_binding 40 pure>)
+3195: i149 = instance_ptr_eq(p147, ConstPtr(ptr148))
+3198: guard_false(i149, descr=<Guard0x7f709d1098e0>) [p2, p7, p9, p11, p13, p15, p17, p19, p21, p23, p25, p27, p29, p31, p33, p35, p37, p0, p1, p3, p4]
+3204: p150 = getfield_gc_r(p56, descr=<FieldP rpyeffect.stack.MetaStackLike.inst_stack 8 pure>)
+3222: guard_class(p56, ConstClass(MetaStackWithBinding), descr=<Guard0x7f709d109910>) [p2, p7, p9, p11, p13, p15, p17, p19, p21, p23, p25, p27, p29, p31, p33, p35, p37, p0, p1, p3, p4]
+3234: p152 = getfield_gc_r(p56, descr=<FieldP rpyeffect.stack.MetaStackWithBinding.inst_binding 40 pure>)
+3245: i154 = instance_ptr_eq(p152, ConstPtr(ptr153))
+3248: guard_false(i154, descr=<Guard0x7f709d109940>) [p2, p7, p9, p11, p13, p15, p17, p19, p21, p23, p25, p27, p29, p31, p33, p35, p37, p0, p1, p3, p4]
+3254: p155 = getfield_gc_r(p51, descr=<FieldP rpyeffect.stack.MetaStackLike.inst_stack 8 pure>)
+3272: guard_class(p51, ConstClass(MetaStackWithBinding), descr=<Guard0x7f709d109970>) [p2, p7, p9, p11, p13, p15, p17, p19, p21, p23, p25, p27, p29, p31, p33, p35, p37, p0, p1, p3, p4]
+3284: p157 = getfield_gc_r(p51, descr=<FieldP rpyeffect.stack.MetaStackWithBinding.inst_binding 40 pure>)
+3295: i159 = instance_ptr_eq(p157, ConstPtr(ptr158))
+3298: guard_false(i159, descr=<Guard0x7f709d1099a0>) [p2, p7, p9, p11, p13, p15, p17, p19, p21, p23, p25, p27, p29, p31, p33, p35, p37, p0, p1, p3, p4]
+3304: p160 = getfield_gc_r(p3, descr=<FieldP rpyeffect.stack.MetaStackLike.inst_stack 8 pure>)
+3322: guard_class(p3, ConstClass(MetaStackWithBinding), descr=<Guard0x7f709d1099d0>) [p2, p7, p9, p11, p13, p15, p17, p19, p21, p23, p25, p27, p29, p31, p33, p35, p37, p0, p1, p3, p4]
+3334: p162 = getfield_gc_r(p3, descr=<FieldP rpyeffect.stack.MetaStackWithBinding.inst_binding 40 pure>)
+3345: i164 = instance_ptr_eq(p162, ConstPtr(ptr163))
+3348: guard_false(i164, descr=<Guard0x7f709d109a00>) [p2, p7, p9, p11, p13, p15, p17, p19, p21, p23, p25, p27, p29, p31, p33, p35, p37, p0, p1, p3, p4]
+3354: i166 = instance_ptr_eq(p4, ConstPtr(ptr165))
+3361: guard_false(i166, descr=<Guard0x7f709d109a30>) [p2, p7, p9, p11, p13, p15, p17, p19, p21, p23, p25, p27, p29, p31, p33, p35, p37, p0, p1, p3, p4]
+3367: guard_nonnull_class(p109, 8701856, descr=<Guard0x7f709d0b6c38>) [p2, p7, p9, p11, p13, p15, p17, p19, p21, p23, p25, p27, p29, p31, p33, p35, p37, p0, p1, p3, p4]
+3387: p168 = getfield_gc_r(p109, descr=<FieldP rpyeffect.stack.MetaStackLike.inst_stack 8 pure>)
+3391: p169 = getfield_gc_r(p109, descr=<FieldP rpyeffect.stack.MetaStack.inst_label 16 pure>)
+3402: p170 = getfield_gc_r(p109, descr=<FieldP rpyeffect.stack.MetaStack.inst_tail 32 pure>)
+3413: guard_nonnull(p168, descr=<Guard0x7f709d109a60>) [p2, p7, p9, p11, p13, p15, p17, p19, p21, p23, p25, p27, p29, p31, p33, p35, p37, p0, p1, p3, p4]
+3422: p171 = getfield_gc_r(p168, descr=<FieldP rpyeffect.stored_environment.Stack__arb.inst_tail 8 pure>)
+3426: guard_nonnull(p171, descr=<Guard0x7f709d109a90>) [p2, p7, p9, p11, p13, p15, p17, p19, p21, p23, p25, p27, p29, p31, p33, p35, p37, p0, p1, p3, p4]
+3435: i172 = getfield_gc_i(p168, descr=<FieldS rpyeffect.stored_environment.Stack__arb.inst_target 16 pure>)
+3446: i174 = int_lshift(i172, 14)
+3457: i175 = getfield_gc_i(p171, descr=<FieldS rpyeffect.stored_environment.Stack__arb.inst_target 16 pure>)
+3468: i176 = int_add(i174, i175)
+3471: guard_value(i176, 2179073, descr=<Guard0x7f709d109ac0>) [p2, p7, p9, p11, p13, p15, p17, p19, p21, p23, p25, p27, p29, p31, p33, p35, p37, p0, p1, p3, p4]
debug_merge_point(0, 0, '141<main.rpyeffect:128([method_Get_0@[mcore:[#60]#286]#295])>+2: {"op": "Swap". "type": "any". "a": 0. "b". 1}')
debug_merge_point(0, 0, '141<main.rpyeffect:128([method_Get_0@[mcore:[#60]#286]#295])>+3: {"op": "Match". "type": Interned({"op": "eff$Tuple". "elements": []}). "scrutinee": 1. "clauses": [{"tag": Interned({"op": "eff$Tuple". "elements": []}). "target": 140. "args": {"any": []}}]. "default": {"tag": Interned(d67f43fa-dec0-4063-8464-97edb078c05d#[Missing Tag#486]). "target": 138. "args": {"any": []}}}')
+3484: p178 = getfield_gc_r(p9, descr=<FieldP rpyeffect.data.Data.inst_tag 8>)
+3509: guard_value(p178, ConstPtr(ptr179), descr=<Guard0x7f709d109af0>) [p2, p7, p9, p11, p13, p15, p17, p19, p21, p23, p25, p27, p29, p31, p33, p35, p37, p0, p1, p3, p4]
debug_merge_point(0, 0, '140<main.rpyeffect:127([#301])>+0: {"op": "New". "out": 0. "targets": [139]. "args": {"any": [0]}}')
debug_merge_point(0, 0, '140<main.rpyeffect:127([#301])>+1: {"op": "Return". "args": {"any": [0]}}')
+3518: guard_value(i172, 133, descr=<Guard0x7f709d109b20>) [p2, p7, p9, p11, p13, p15, p17, p19, p21, p23, p25, p27, p29, p31, p33, p35, p37, p0, p1, p3, p4]
+3538: p181 = getfield_gc_r(p168, descr=<FieldP rpyeffect.stored_environment.Stack__1.inst_values_ptr_0 32 pure>)
+3542: p182 = getfield_gc_r(p171, descr=<FieldP rpyeffect.stored_environment.Stack__arb.inst_tail 8 pure>)
+3546: guard_isnull(p182, descr=<Guard0x7f709d109b50>) [p2, p7, p9, p11, p13, p15, p17, p19, p21, p23, p25, p27, p29, p31, p33, p35, p37, p0, p1, p3, p4]
+3555: guard_value(i175, 1, descr=<Guard0x7f709d109b80>) [p2, p7, p9, p11, p13, p15, p17, p19, p21, p23, p25, p27, p29, p31, p33, p35, p37, p0, p1, p3, p4]
debug_merge_point(0, 0, '133<main.rpyeffect:120([k@[mcore:[#57]#280]#284])>+0: {"op": "Swap". "type": "any". "a": 0. "b". 1}')
debug_merge_point(0, 0, '133<main.rpyeffect:120([k@[mcore:[#57]#280]#284])>+1: {"op": "Invoke". "receiver": 1. "tag": Interned(apply). "args" : {"any": [0]}}')
debug_merge_point(0, 0, '139<main.rpyeffect:126([method_apply@[#301]#304])>+0: {"op": "Jump". "target": 131}')
debug_merge_point(0, 0, '131<main.rpyeffect:118([mcore:[#53]#277])>+0: {"op": "Push". "target": 130. "args": {"any": [0]}}')
debug_merge_point(0, 0, '131<main.rpyeffect:118([mcore:[#53]#277])>+1: {"op": "Jump". "target": 129}')
debug_merge_point(0, 0, '129<main.rpyeffect:116(Name(k_96))>+0: {"op": "PushStack". "arg": 1}')
+3565: i185 = instance_ptr_eq(p112, ConstPtr(ptr184))
+3568: guard_false(i185, descr=<Guard0x7f709d109bb0>) [p2, p7, p9, p11, p13, p15, p17, p19, p21, p23, p25, p27, p29, p31, p33, p35, p37, p0, p1, p3, p4]
+3574: i187 = instance_ptr_eq(p117, ConstPtr(ptr186))
+3577: guard_false(i187, descr=<Guard0x7f709d109be0>) [p2, p7, p9, p11, p13, p15, p17, p19, p21, p23, p25, p27, p29, p31, p33, p35, p37, p0, p1, p3, p4]
+3583: i189 = instance_ptr_eq(p122, ConstPtr(ptr188))
+3586: guard_false(i189, descr=<Guard0x7f709d109c10>) [p2, p7, p9, p11, p13, p15, p17, p19, p21, p23, p25, p27, p29, p31, p33, p35, p37, p0, p1, p3, p4]
+3592: i191 = instance_ptr_eq(p127, ConstPtr(ptr190))
+3595: guard_false(i191, descr=<Guard0x7f709d109c40>) [p2, p7, p9, p11, p13, p15, p17, p19, p21, p23, p25, p27, p29, p31, p33, p35, p37, p0, p1, p3, p4]
+3601: i193 = instance_ptr_eq(p132, ConstPtr(ptr192))
+3604: guard_false(i193, descr=<Guard0x7f709d109c70>) [p2, p7, p9, p11, p13, p15, p17, p19, p21, p23, p25, p27, p29, p31, p33, p35, p37, p0, p1, p3, p4]
+3610: i195 = instance_ptr_eq(p137, ConstPtr(ptr194))
+3613: guard_false(i195, descr=<Guard0x7f709d109ca0>) [p2, p7, p9, p11, p13, p15, p17, p19, p21, p23, p25, p27, p29, p31, p33, p35, p37, p0, p1, p3, p4]
+3619: i197 = instance_ptr_eq(p142, ConstPtr(ptr196))
+3622: guard_false(i197, descr=<Guard0x7f709d109cd0>) [p2, p7, p9, p11, p13, p15, p17, p19, p21, p23, p25, p27, p29, p31, p33, p35, p37, p0, p1, p3, p4]
+3628: i199 = instance_ptr_eq(p147, ConstPtr(ptr198))
+3635: guard_false(i199, descr=<Guard0x7f709d109d00>) [p2, p7, p9, p11, p13, p15, p17, p19, p21, p23, p25, p27, p29, p31, p33, p35, p37, p0, p1, p3, p4]
+3641: i201 = instance_ptr_eq(p152, ConstPtr(ptr200))
+3648: guard_false(i201, descr=<Guard0x7f709d109d30>) [p2, p7, p9, p11, p13, p15, p17, p19, p21, p23, p25, p27, p29, p31, p33, p35, p37, p0, p1, p3, p4]
+3654: i203 = instance_ptr_eq(p157, ConstPtr(ptr202))
+3661: guard_false(i203, descr=<Guard0x7f709d109d60>) [p2, p7, p9, p11, p13, p15, p17, p19, p21, p23, p25, p27, p29, p31, p33, p35, p37, p0, p1, p3, p4]
+3667: i205 = instance_ptr_eq(p162, ConstPtr(ptr204))
+3674: guard_false(i205, descr=<Guard0x7f709d109d90>) [p2, p7, p9, p11, p13, p15, p17, p19, p21, p23, p25, p27, p29, p31, p33, p35, p37, p0, p1, p3, p4]
+3680: i207 = instance_ptr_eq(p4, ConstPtr(ptr206))
+3687: guard_false(i207, descr=<Guard0x7f709d109dc0>) [p2, p7, p9, p11, p13, p15, p17, p19, p21, p23, p25, p27, p29, p31, p33, p35, p37, p0, p1, p3, p4]
+3693: guard_nonnull(p1, descr=<Guard0x7f709d109df0>) [p2, p7, p9, p11, p13, p15, p17, p19, p21, p23, p25, p27, p29, p31, p33, p35, p37, p0, p1, p3, p4]
+3707: i208 = getfield_gc_i(p1, descr=<FieldS rpyeffect.stored_environment.Stack__arb.inst_target 16 pure>)
+3718: i210 = int_add(1671168, i208)
+3725: guard_value(i210, 1671274, descr=<Guard0x7f709d109e20>) [p2, p7, p9, p11, p13, p15, p17, p19, p21, p23, p25, p27, p29, p31, p33, p35, p37, p0, p1, p3, p4]
debug_merge_point(0, 0, '129<main.rpyeffect:116(Name(k_96))>+1: {"op": "Return". "args": {"any": [0]}}')
+3738: p212 = getfield_gc_r(p1, descr=<FieldP rpyeffect.stored_environment.Stack__arb.inst_tail 8 pure>)
+3742: guard_isnull(p212, descr=<Guard0x7f709d109e50>) [p2, p7, p9, p11, p13, p15, p17, p19, p21, p23, p25, p27, p29, p31, p33, p35, p37, p0, p1, p3, p4]
debug_merge_point(0, 0, '102<main.rpyeffect:89([k@Name(countdown_48)#122])>+0: {"op": "Push". "target": 101. "args": {"any": [0]}}')
debug_merge_point(0, 0, '102<main.rpyeffect:89([k@Name(countdown_48)#122])>+1: {"op": "Jump". "target": 15}')
debug_merge_point(0, 0, '15<main.rpyeffect:2(Name(=_0))>+0: {"op": "New". "out": 0. "targets": [14]. "args": {"any": [0]}}')
debug_merge_point(0, 0, '15<main.rpyeffect:2(Name(=_0))>+1: {"op": "Return". "args": {"any": [0]}}')
debug_merge_point(0, 0, '101<main.rpyeffect:88([k@[k@Name(countdown_48)#122]#124])>+0: {"op": "Const". "type": "ptr". "out": 2. "format": "int". "value": "<IntValue object at 0x7f709d0bb7b0>"}')
debug_merge_point(0, 0, '101<main.rpyeffect:88([k@[k@Name(countdown_48)#122]#124])>+1: {"op": "Push". "target": 100. "args": {"any": [1]}}')
debug_merge_point(0, 0, '101<main.rpyeffect:88([k@[k@Name(countdown_48)#122]#124])>+2: {"op": "Copy". "type": "any". "from": 0. "to". 1}')
debug_merge_point(0, 0, '101<main.rpyeffect:88([k@[k@Name(countdown_48)#122]#124])>+3: {"op": "Copy". "type": "any". "from": 2. "to". 0}')
debug_merge_point(0, 0, '101<main.rpyeffect:88([k@[k@Name(countdown_48)#122]#124])>+4: {"op": "Invoke". "receiver": 1. "tag": Interned(apply). "args" : {"any": [0]}}')
debug_merge_point(0, 0, '14<main.rpyeffect:1([method_apply@Name(=_0)#6])>+0: {"op": "Jump". "target": 13}')
debug_merge_point(0, 0, '13<main.rpyeffect:0([mcore:[#12]#3])>+0: {"op": "PrimOp". "name": "equals(Any. Any): Bool". "out": {"any": [0]}. "in": {"any": [1. 0]}}')
+3751: guard_class(p181, ConstClass(IntValue), descr=<Guard0x7f709d109e80>) [p2, p7, p9, p11, p13, p15, p17, p19, p21, p23, p25, p27, p29, p31, p33, p35, p37, p0, p1, p3, p4]
+3763: i214 = getfield_gc_i(p181, descr=<FieldS rpyeffect.value.IntValue.inst_value 8 pure>)
+3767: i216 = int_eq(i214, 0)
debug_merge_point(0, 0, '13<main.rpyeffect:0([mcore:[#12]#3])>+1: {"op": "Return". "args": {"any": [0]}}')
debug_merge_point(0, 0, '100<main.rpyeffect:87([k@[k@[k@Name(countdown_48)#122]#124]#128])>+0: {"op": "Switch". "scrutinee": 0. "values": [<BoolValue object at 0x7f709d0bb7c0>]. "targets": [93]. "default": 99}')
+3771: guard_false(i216, descr=<Guard0x7f709d109eb0>) [p2, p7, p9, p11, p13, p15, p17, p19, p21, p23, p25, p27, p29, p31, p33, p35, p37, p0, p1, p3, p4]
debug_merge_point(0, 0, '99<main.rpyeffect:86([switch default case#130])>+0: {"op": "Swap". "type": "any". "a": 0. "b". 1}')
debug_merge_point(0, 0, '99<main.rpyeffect:86([switch default case#130])>+1: {"op": "Switch". "scrutinee": 1. "values": [<BoolValue object at 0x7f709d0bb7d0>]. "targets": [97]. "default": 98}')
debug_merge_point(0, 0, '97<main.rpyeffect:84([switch case for Bool(false)#131])>+0: {"op": "Push". "target": 96. "args": {"any": []}}')
debug_merge_point(0, 0, '97<main.rpyeffect:84([switch case for Bool(false)#131])>+1: {"op": "Jump". "target": 79}')
debug_merge_point(0, 0, '79<main.rpyeffect:66(Name(-_34))>+0: {"op": "New". "out": 0. "targets": [78]. "args": {"any": [0]}}')
debug_merge_point(0, 0, '79<main.rpyeffect:66(Name(-_34))>+1: {"op": "Return". "args": {"any": [0]}}')
debug_merge_point(0, 0, '96<main.rpyeffect:83([k@[switch case for Bool(false)#131]#133])>+0: {"op": "Const". "type": "ptr". "out": 1. "format": "int". "value": "<IntValue object at 0x7f709d0bb890>"}')
debug_merge_point(0, 0, '96<main.rpyeffect:83([k@[switch case for Bool(false)#131]#133])>+1: {"op": "Push". "target": 95. "args": {"any": []}}')
debug_merge_point(0, 0, '96<main.rpyeffect:83([k@[switch case for Bool(false)#131]#133])>+2: {"op": "Swap". "type": "any". "a": 0. "b". 1}')
debug_merge_point(0, 0, '96<main.rpyeffect:83([k@[switch case for Bool(false)#131]#133])>+3: {"op": "Invoke". "receiver": 1. "tag": Interned(apply). "args" : {"any": [0]}}')
debug_merge_point(0, 0, '78<main.rpyeffect:65([method_apply@Name(-_34)#96])>+0: {"op": "Jump". "target": 77}')
debug_merge_point(0, 0, '77<main.rpyeffect:64([mcore:[#28]#93])>+0: {"op": "PrimOp". "name": "infixSub(Int. Int): Int". "out": {"any": [0]}. "in": {"any": [1. 0]}}')
+3777: i218 = int_sub(i214, 1)
debug_merge_point(0, 0, '77<main.rpyeffect:64([mcore:[#28]#93])>+1: {"op": "Return". "args": {"any": [0]}}')
debug_merge_point(0, 0, '95<main.rpyeffect:82([#137])>+0: {"op": "Const". "type": "ptr". "out": 1. "format": "int". "value": "<IntValue object at 0x7f709d0bb910>"}')
debug_merge_point(0, 0, '95<main.rpyeffect:82([#137])>+1: {"op": "Const". "type": "ptr". "out": 2. "format": "string". "value": "Name(Set_1)"}')
debug_merge_point(0, 0, '95<main.rpyeffect:82([#137])>+2: {"op": "PrimOp". "name": "getGlobal(String): Ptr". "out": {"any": [2]}. "in": {"any": [2]}}')
debug_merge_point(0, 0, '95<main.rpyeffect:82([#137])>+3: {"op": "GetDynamic". "out": 1. "n": 1. "label": 2}')
+3788: i220 = instance_ptr_eq(p0, ConstPtr(ptr219))
+3795: guard_false(i220, descr=<Guard0x7f709d109ee0>) [p2, p7, p9, p11, p13, p15, p17, p19, p21, p23, p25, p27, p29, p31, p33, p35, p37, p0, p1, p3, p4]
+3801: i222 = instance_ptr_eq(p48, ConstPtr(ptr221))
+3808: guard_false(i222, descr=<Guard0x7f709d109f10>) [p2, p7, p9, p11, p13, p15, p17, p19, p21, p23, p25, p27, p29, p31, p33, p35, p37, p0, p1, p3, p4]
+3814: i224 = instance_ptr_eq(p53, ConstPtr(ptr223))
+3821: guard_false(i224, descr=<Guard0x7f709d109f40>) [p2, p7, p9, p11, p13, p15, p17, p19, p21, p23, p25, p27, p29, p31, p33, p35, p37, p0, p1, p3, p4]
+3827: i226 = instance_ptr_eq(p58, ConstPtr(ptr225))
+3834: guard_false(i226, descr=<Guard0x7f709d109f70>) [p2, p7, p9, p11, p13, p15, p17, p19, p21, p23, p25, p27, p29, p31, p33, p35, p37, p0, p1, p3, p4]
+3840: i228 = instance_ptr_eq(p63, ConstPtr(ptr227))
+3847: guard_false(i228, descr=<Guard0x7f709d109fa0>) [p2, p7, p9, p11, p13, p15, p17, p19, p21, p23, p25, p27, p29, p31, p33, p35, p37, p0, p1, p3, p4]
+3853: i230 = instance_ptr_eq(p68, ConstPtr(ptr229))
+3860: guard_false(i230, descr=<Guard0x7f709d109fd0>) [p2, p7, p9, p11, p13, p15, p17, p19, p21, p23, p25, p27, p29, p31, p33, p35, p37, p0, p1, p3, p4]
+3866: i232 = instance_ptr_eq(p73, ConstPtr(ptr231))
+3873: guard_false(i232, descr=<Guard0x7f709d10c020>) [p2, p7, p9, p11, p13, p15, p17, p19, p21, p23, p25, p27, p29, p31, p33, p35, p37, p0, p1, p3, p4]
+3879: i234 = instance_ptr_eq(p78, ConstPtr(ptr233))
+3886: guard_false(i234, descr=<Guard0x7f709d10c050>) [p2, p7, p9, p11, p13, p15, p17, p19, p21, p23, p25, p27, p29, p31, p33, p35, p37, p0, p1, p3, p4]
+3892: i236 = instance_ptr_eq(p83, ConstPtr(ptr235))
+3899: guard_false(i236, descr=<Guard0x7f709d10c080>) [p2, p7, p9, p11, p13, p15, p17, p19, p21, p23, p25, p27, p29, p31, p33, p35, p37, p0, p1, p3, p4]
+3905: i238 = instance_ptr_eq(p88, ConstPtr(ptr237))
+3912: guard_false(i238, descr=<Guard0x7f709d10c0b0>) [p2, p7, p9, p11, p13, p15, p17, p19, p21, p23, p25, p27, p29, p31, p33, p35, p37, p0, p1, p3, p4]
+3918: i240 = instance_ptr_eq(p93, ConstPtr(ptr239))
+3925: guard_true(i240, descr=<Guard0x7f709d10c0e0>) [p2, p7, p9, p11, p13, p15, p17, p19, p21, p23, p25, p27, p29, p31, p33, p35, p37, p0, p1, p3, p4]
debug_merge_point(0, 0, '95<main.rpyeffect:82([#137])>+4: {"op": "Push". "target": 94. "args": {"any": []}}')
debug_merge_point(0, 0, '95<main.rpyeffect:82([#137])>+5: {"op": "Invoke". "receiver": 1. "tag": Interned(Set_1). "args" : {"any": [0]}}')
+3931: p241 = getfield_gc_r(p117, descr=<FieldP rpyeffect.codata.CoData.inst_vtable 8 pure>)
+3942: guard_value(p241, ConstPtr(ptr242), descr=<Guard0x7f709d10c110>) [p2, p7, p9, p11, p13, p15, p17, p19, p21, p23, p25, p27, p29, p31, p33, p35, p37, p0, p1, p3, p4]
+3951: p243 = getfield_gc_r(p117, descr=<FieldP rpyeffect.stored_environment.CoData__1.inst_values_ptr_0 24 pure>)
debug_merge_point(0, 0, '144<main.rpyeffect:131([method_Set_1@[mcore:[#60]#286]#313])>+0: {"op": "Const". "type": "ptr". "out": 2. "format": "int". "value": "<IntValue object at 0x7f709d0e00e0>"}')
debug_merge_point(0, 0, '144<main.rpyeffect:131([method_Set_1@[mcore:[#60]#286]#313])>+1: {"op": "ShiftDyn". "out": 1. "n": 2. "label": 1}')
+3955: i245 = instance_ptr_eq(p4, ConstPtr(ptr244))
+3962: guard_false(i245, descr=<Guard0x7f709d10c140>) [p2, p7, p9, p11, p13, p15, p17, p19, p21, p23, p25, p27, p29, p31, p33, p35, p37, p0, p1, p3, p4]
+3968: guard_nonnull(p243, descr=<Guard0x7f709d10c170>) [p2, p7, p9, p11, p13, p15, p17, p19, p21, p23, p25, p27, p29, p31, p33, p35, p37, p0, p1, p3, p4]
+3977: i246 = getfield_gc_i(p243, descr=<FieldS rpyeffect.stack.Label.inst_origin 8 pure>)
+3981: guard_value(i246, 149504, descr=<Guard0x7f709d10c1a0>) [p2, p7, p9, p11, p13, p15, p17, p19, p21, p23, p25, p27, p29, p31, p33, p35, p37, p0, p1, p3, p4]
+3994: i248 = instance_ptr_eq(p103, p243)
+4001: guard_true(i248, descr=<Guard0x7f709d10c1d0>) [p2, p7, p9, p11, p13, p15, p17, p19, p21, p23, p25, p27, p29, p31, p33, p35, p37, p0, p1, p3, p4]
+4007: i250 = instance_ptr_eq(p112, ConstPtr(ptr249))
+4010: guard_false(i250, descr=<Guard0x7f709d10c200>) [p2, p7, p9, p11, p13, p15, p17, p19, p21, p23, p25, p27, p29, p31, p33, p35, p37, p0, p1, p3, p4]
+4016: i252 = instance_ptr_eq(p122, ConstPtr(ptr251))
+4019: guard_false(i252, descr=<Guard0x7f709d10c230>) [p2, p7, p9, p11, p13, p15, p17, p19, p21, p23, p25, p27, p29, p31, p33, p35, p37, p0, p1, p3, p4]
+4025: i254 = instance_ptr_eq(p127, ConstPtr(ptr253))
+4028: guard_false(i254, descr=<Guard0x7f709d10c260>) [p2, p7, p9, p11, p13, p15, p17, p19, p21, p23, p25, p27, p29, p31, p33, p35, p37, p0, p1, p3, p4]
+4034: i256 = instance_ptr_eq(p132, ConstPtr(ptr255))
+4037: guard_false(i256, descr=<Guard0x7f709d10c290>) [p2, p7, p9, p11, p13, p15, p17, p19, p21, p23, p25, p27, p29, p31, p33, p35, p37, p0, p1, p3, p4]
+4043: i258 = instance_ptr_eq(p137, ConstPtr(ptr257))
+4046: guard_false(i258, descr=<Guard0x7f709d10c2c0>) [p2, p7, p9, p11, p13, p15, p17, p19, p21, p23, p25, p27, p29, p31, p33, p35, p37, p0, p1, p3, p4]
+4052: i260 = instance_ptr_eq(p142, ConstPtr(ptr259))
+4055: guard_false(i260, descr=<Guard0x7f709d10c2f0>) [p2, p7, p9, p11, p13, p15, p17, p19, p21, p23, p25, p27, p29, p31, p33, p35, p37, p0, p1, p3, p4]
+4061: i262 = instance_ptr_eq(p147, ConstPtr(ptr261))
+4068: guard_false(i262, descr=<Guard0x7f709d10c320>) [p2, p7, p9, p11, p13, p15, p17, p19, p21, p23, p25, p27, p29, p31, p33, p35, p37, p0, p1, p3, p4]
+4074: i264 = instance_ptr_eq(p152, ConstPtr(ptr263))
+4081: guard_false(i264, descr=<Guard0x7f709d10c350>) [p2, p7, p9, p11, p13, p15, p17, p19, p21, p23, p25, p27, p29, p31, p33, p35, p37, p0, p1, p3, p4]
+4087: i266 = instance_ptr_eq(p157, ConstPtr(ptr265))
+4094: guard_false(i266, descr=<Guard0x7f709d10c380>) [p2, p7, p9, p11, p13, p15, p17, p19, p21, p23, p25, p27, p29, p31, p33, p35, p37, p0, p1, p3, p4]
+4100: i268 = instance_ptr_eq(p162, ConstPtr(ptr267))
+4107: guard_false(i268, descr=<Guard0x7f709d10c3b0>) [p2, p7, p9, p11, p13, p15, p17, p19, p21, p23, p25, p27, p29, p31, p33, p35, p37, p0, p1, p3, p4]
+4113: i270 = instance_ptr_eq(p4, ConstPtr(ptr269))
+4120: guard_false(i270, descr=<Guard0x7f709d10c3e0>) [p2, p7, p9, p11, p13, p15, p17, p19, p21, p23, p25, p27, p29, p31, p33, p35, p37, p0, p1, p3, p4]
debug_merge_point(0, 0, '144<main.rpyeffect:131([method_Set_1@[mcore:[#60]#286]#313])>+2: {"op": "New". "out": 0. "targets": [143]. "args": {"any": [1. 0]}}')
debug_merge_point(0, 0, '144<main.rpyeffect:131([method_Set_1@[mcore:[#60]#286]#313])>+3: {"op": "Return". "args": {"any": [0]}}')
debug_merge_point(0, 0, '130<main.rpyeffect:117([k@[mcore:[#53]#277]#279])>+0: {"op": "Swap". "type": "any". "a": 0. "b". 1}')
debug_merge_point(0, 0, '130<main.rpyeffect:117([k@[mcore:[#53]#277]#279])>+1: {"op": "Invoke". "receiver": 1. "tag": Interned(apply). "args" : {"any": [0]}}')
debug_merge_point(0, 0, '143<main.rpyeffect:130([#318])>+0: {"op": "Jump". "target": 134}')
debug_merge_point(0, 0, '134<main.rpyeffect:121([mcore:[#57]#280])>+0: {"op": "Construct". "out": 0. "type": Interned({"op": "eff$Tuple". "elements": []}). "tag": Interned({"op": "eff$Tuple". "elements": []}). "args": {"any": []}}')
debug_merge_point(0, 0, '134<main.rpyeffect:121([mcore:[#57]#280])>+1: {"op": "Push". "target": 133. "args": {"any": [2]}}')
debug_merge_point(0, 0, '134<main.rpyeffect:121([mcore:[#57]#280])>+2: {"op": "Jump". "target": 132}')
debug_merge_point(0, 0, '132<main.rpyeffect:119(Name(k_100))>+0: {"op": "PushStack". "arg": 1}')
+4126: i272 = instance_ptr_eq(p112, ConstPtr(ptr271))
+4129: guard_false(i272, descr=<Guard0x7f709d10c410>) [p2, p7, p9, p11, p13, p15, p17, p19, p21, p23, p25, p27, p29, p31, p33, p35, p37, p0, p1, p3, p4]
+4135: i274 = instance_ptr_eq(p122, ConstPtr(ptr273))
+4138: guard_false(i274, descr=<Guard0x7f709d10c440>) [p2, p7, p9, p11, p13, p15, p17, p19, p21, p23, p25, p27, p29, p31, p33, p35, p37, p0, p1, p3, p4]
+4144: i276 = instance_ptr_eq(p127, ConstPtr(ptr275))
+4147: guard_false(i276, descr=<Guard0x7f709d10c470>) [p2, p7, p9, p11, p13, p15, p17, p19, p21, p23, p25, p27, p29, p31, p33, p35, p37, p0, p1, p3, p4]
+4153: i278 = instance_ptr_eq(p132, ConstPtr(ptr277))
+4156: guard_false(i278, descr=<Guard0x7f709d10c4a0>) [p2, p7, p9, p11, p13, p15, p17, p19, p21, p23, p25, p27, p29, p31, p33, p35, p37, p0, p1, p3, p4]
+4162: i280 = instance_ptr_eq(p137, ConstPtr(ptr279))
+4165: guard_false(i280, descr=<Guard0x7f709d10c4d0>) [p2, p7, p9, p11, p13, p15, p17, p19, p21, p23, p25, p27, p29, p31, p33, p35, p37, p0, p1, p3, p4]
+4171: i282 = instance_ptr_eq(p142, ConstPtr(ptr281))
+4174: guard_false(i282, descr=<Guard0x7f709d10c500>) [p2, p7, p9, p11, p13, p15, p17, p19, p21, p23, p25, p27, p29, p31, p33, p35, p37, p0, p1, p3, p4]
+4180: i284 = instance_ptr_eq(p147, ConstPtr(ptr283))
+4187: guard_false(i284, descr=<Guard0x7f709d10c530>) [p2, p7, p9, p11, p13, p15, p17, p19, p21, p23, p25, p27, p29, p31, p33, p35, p37, p0, p1, p3, p4]
+4193: i286 = instance_ptr_eq(p152, ConstPtr(ptr285))
+4200: guard_false(i286, descr=<Guard0x7f709d10c560>) [p2, p7, p9, p11, p13, p15, p17, p19, p21, p23, p25, p27, p29, p31, p33, p35, p37, p0, p1, p3, p4]
+4206: i288 = instance_ptr_eq(p157, ConstPtr(ptr287))
+4213: guard_false(i288, descr=<Guard0x7f709d10c590>) [p2, p7, p9, p11, p13, p15, p17, p19, p21, p23, p25, p27, p29, p31, p33, p35, p37, p0, p1, p3, p4]
+4219: i290 = instance_ptr_eq(p162, ConstPtr(ptr289))
+4226: guard_false(i290, descr=<Guard0x7f709d10c5c0>) [p2, p7, p9, p11, p13, p15, p17, p19, p21, p23, p25, p27, p29, p31, p33, p35, p37, p0, p1, p3, p4]
+4232: i292 = instance_ptr_eq(p4, ConstPtr(ptr291))
+4239: guard_false(i292, descr=<Guard0x7f709d10c5f0>) [p2, p7, p9, p11, p13, p15, p17, p19, p21, p23, p25, p27, p29, p31, p33, p35, p37, p0, p1, p3, p4]
debug_merge_point(0, 0, '132<main.rpyeffect:119(Name(k_100))>+1: {"op": "Return". "args": {"any": [0]}}')
debug_merge_point(0, 0, '94<main.rpyeffect:81([k@[#137]#145])>+0: {"op": "Construct". "out": 0. "type": Interned({"op": "eff$Tuple". "elements": []}). "tag": Interned({"op": "eff$Tuple". "elements": []}). "args": {"any": []}}')
debug_merge_point(0, 0, '94<main.rpyeffect:81([k@[#137]#145])>+1: {"op": "Const". "type": "ptr". "out": 1. "format": "string". "value": "Name(Get_0)"}')
debug_merge_point(0, 0, '94<main.rpyeffect:81([k@[#137]#145])>+2: {"op": "PrimOp". "name": "getGlobal(String): Ptr". "out": {"any": [1]}. "in": {"any": [1]}}')
debug_merge_point(0, 0, '94<main.rpyeffect:81([k@[#137]#145])>+3: {"op": "Const". "type": "ptr". "out": 2. "format": "string". "value": "Name(Set_1)"}')
debug_merge_point(0, 0, '94<main.rpyeffect:81([k@[#137]#145])>+4: {"op": "PrimOp". "name": "getGlobal(String): Ptr". "out": {"any": [2]}. "in": {"any": [2]}}')
debug_merge_point(0, 0, '94<main.rpyeffect:81([k@[#137]#145])>+5: {"op": "Jump". "target": 103}')
debug_merge_point(0, 0, '103<main.rpyeffect:90(Name(countdown_48))>+0: {"op": "Const". "type": "ptr". "out": 0. "format": "int". "value": "<IntValue object at 0x7f709d0bb760>"}')
debug_merge_point(0, 0, '103<main.rpyeffect:90(Name(countdown_48))>+1: {"op": "Const". "type": "ptr". "out": 1. "format": "string". "value": "Name(Get_0)"}')
debug_merge_point(0, 0, '103<main.rpyeffect:90(Name(countdown_48))>+2: {"op": "PrimOp". "name": "getGlobal(String): Ptr". "out": {"any": [1]}. "in": {"any": [1]}}')
debug_merge_point(0, 0, '103<main.rpyeffect:90(Name(countdown_48))>+3: {"op": "GetDynamic". "out": 0. "n": 0. "label": 1}')
+4252: i294 = instance_ptr_eq(p0, ConstPtr(ptr293))
+4259: guard_false(i294, descr=<Guard0x7f709d10c620>) [p2, p7, p9, p11, p13, p15, p17, p19, p21, p23, p25, p27, p29, p31, p33, p35, p37, p0, p1, p3, p4]
+4265: i296 = instance_ptr_eq(p48, ConstPtr(ptr295))
+4272: guard_false(i296, descr=<Guard0x7f709d10c650>) [p2, p7, p9, p11, p13, p15, p17, p19, p21, p23, p25, p27, p29, p31, p33, p35, p37, p0, p1, p3, p4]
+4278: i298 = instance_ptr_eq(p53, ConstPtr(ptr297))
+4285: guard_false(i298, descr=<Guard0x7f709d10c680>) [p2, p7, p9, p11, p13, p15, p17, p19, p21, p23, p25, p27, p29, p31, p33, p35, p37, p0, p1, p3, p4]
+4291: i300 = instance_ptr_eq(p58, ConstPtr(ptr299))
+4298: guard_false(i300, descr=<Guard0x7f709d10c6b0>) [p2, p7, p9, p11, p13, p15, p17, p19, p21, p23, p25, p27, p29, p31, p33, p35, p37, p0, p1, p3, p4]
+4304: i302 = instance_ptr_eq(p63, ConstPtr(ptr301))
+4311: guard_false(i302, descr=<Guard0x7f709d10c6e0>) [p2, p7, p9, p11, p13, p15, p17, p19, p21, p23, p25, p27, p29, p31, p33, p35, p37, p0, p1, p3, p4]
+4317: i304 = instance_ptr_eq(p68, ConstPtr(ptr303))
+4324: guard_false(i304, descr=<Guard0x7f709d10c710>) [p2, p7, p9, p11, p13, p15, p17, p19, p21, p23, p25, p27, p29, p31, p33, p35, p37, p0, p1, p3, p4]
+4330: i306 = instance_ptr_eq(p73, ConstPtr(ptr305))
+4337: guard_false(i306, descr=<Guard0x7f709d10c740>) [p2, p7, p9, p11, p13, p15, p17, p19, p21, p23, p25, p27, p29, p31, p33, p35, p37, p0, p1, p3, p4]
+4343: i308 = instance_ptr_eq(p78, ConstPtr(ptr307))
+4350: guard_false(i308, descr=<Guard0x7f709d10c770>) [p2, p7, p9, p11, p13, p15, p17, p19, p21, p23, p25, p27, p29, p31, p33, p35, p37, p0, p1, p3, p4]
+4356: i310 = instance_ptr_eq(p83, ConstPtr(ptr309))
+4363: guard_false(i310, descr=<Guard0x7f709d10c7a0>) [p2, p7, p9, p11, p13, p15, p17, p19, p21, p23, p25, p27, p29, p31, p33, p35, p37, p0, p1, p3, p4]
+4369: i312 = instance_ptr_eq(p88, ConstPtr(ptr311))
+4376: guard_false(i312, descr=<Guard0x7f709d10c7d0>) [p2, p7, p9, p11, p13, p15, p17, p19, p21, p23, p25, p27, p29, p31, p33, p35, p37, p0, p1, p3, p4]
+4382: i314 = instance_ptr_eq(p93, ConstPtr(ptr313))
+4389: guard_false(i314, descr=<Guard0x7f709d10c800>) [p2, p7, p9, p11, p13, p15, p17, p19, p21, p23, p25, p27, p29, p31, p33, p35, p37, p0, p1, p3, p4]
+4395: i316 = instance_ptr_eq(p98, ConstPtr(ptr315))
+4402: guard_true(i316, descr=<Guard0x7f709d10c830>) [p2, p7, p9, p11, p13, p15, p17, p19, p21, p23, p25, p27, p29, p31, p33, p35, p37, p0, p1, p3, p4]
debug_merge_point(0, 0, '103<main.rpyeffect:90(Name(countdown_48))>+4: {"op": "Construct". "out": 1. "type": Interned({"op": "eff$Tuple". "elements": []}). "tag": Interned({"op": "eff$Tuple". "elements": []}). "args": {"any": []}}')
debug_merge_point(0, 0, '103<main.rpyeffect:90(Name(countdown_48))>+5: {"op": "Push". "target": 102. "args": {"any": []}}')
+4408: label(p0, p1, p2, p160, p48, p155, p53, p150, p58, p145, p63, p140, p68, p135, p73, p130, p78, p125, p83, p120, p88, p115, p93, p110, p98, p107, p103, p171, i218, p169, p170, p112, p117, p122, p127, p132, p137, p142, p147, p152, p157, p162, p4, p13, p15, p17, p19, p21, p23, p25, p27, p29, p31, p33, p35, p37, p243, descr=TargetToken(140121647877856))
debug_merge_point(0, 0, '103<main.rpyeffect:90(Name(countdown_48))>+5: {"op": "Push". "target": 102. "args": {"any": []}}')
+4432: guard_not_invalidated(descr=<Guard0x7f709d0b6c80>) [p2, p112, p13, p15, p17, p19, p21, p23, p25, p27, p29, p31, p33, p35, p37, p0, p1, p4, i218, p171, p170, p169, p103, p107, p98, p110, p117, p93, p115, p122, p88, p120, p127, p83, p125, p132, p78, p130, p137, p73, p135, p142, p68, p140, p147, p63, p145, p152, p58, p150, p157, p53, p155, p162, p48, p160]
debug_merge_point(0, 0, '103<main.rpyeffect:90(Name(countdown_48))>+6: {"op": "Swap". "type": "any". "a": 0. "b". 1}')
debug_merge_point(0, 0, '103<main.rpyeffect:90(Name(countdown_48))>+7: {"op": "Invoke". "receiver": 1. "tag": Interned(Get_0). "args" : {"any": [0]}}')
+4432: p317 = getfield_gc_r(p112, descr=<FieldP rpyeffect.codata.CoData.inst_vtable 8 pure>)
+4443: guard_value(p317, ConstPtr(ptr318), descr=<Guard0x7f709d10c860>) [p2, p112, p13, p15, p17, p19, p21, p23, p25, p27, p29, p31, p33, p35, p37, p0, p1, p4, i218, p171, p170, p169, p103, p107, p98, p110, p117, p93, p115, p122, p88, p120, p127, p83, p125, p132, p78, p130, p137, p73, p135, p142, p68, p140, p147, p63, p145, p152, p58, p150, p157, p53, p155, p162, p48, p160]
+4452: p319 = getfield_gc_r(p112, descr=<FieldP rpyeffect.stored_environment.CoData__1.inst_values_ptr_0 24 pure>)
debug_merge_point(0, 0, '141<main.rpyeffect:128([method_Get_0@[mcore:[#60]#286]#295])>+0: {"op": "Const". "type": "ptr". "out": 2. "format": "int". "value": "<IntValue object at 0x7f709d0e0170>"}')
debug_merge_point(0, 0, '141<main.rpyeffect:128([method_Get_0@[mcore:[#60]#286]#295])>+1: {"op": "ShiftDyn". "out": 1. "n": 2. "label": 1}')
+4456: guard_nonnull(p319, descr=<Guard0x7f709d10c890>) [p2, p112, p13, p15, p17, p19, p21, p23, p25, p27, p29, p31, p33, p35, p37, p0, p1, p4, i218, p171, p170, p169, p103, p107, p98, p110, p117, p93, p115, p122, p88, p120, p127, p83, p125, p132, p78, p130, p137, p73, p135, p142, p68, p140, p147, p63, p145, p152, p58, p150, p157, p53, p155, p162, p48, p160]
+4465: i320 = getfield_gc_i(p319, descr=<FieldS rpyeffect.stack.Label.inst_origin 8 pure>)
+4469: guard_value(i320, 149504, descr=<Guard0x7f709d10c8c0>) [p2, p112, p13, p15, p17, p19, p21, p23, p25, p27, p29, p31, p33, p35, p37, p0, p1, p4, i218, p171, p170, p169, p103, p107, p98, p110, p117, p93, p115, p122, p88, p120, p127, p83, p125, p132, p78, p130, p137, p73, p135, p142, p68, p140, p147, p63, p145, p152, p58, p150, p157, p53, p155, p162, p48, p160]
+4482: i322 = instance_ptr_eq(p103, p319)
+4489: guard_true(i322, descr=<Guard0x7f709d10c8f0>) [p2, p112, p13, p15, p17, p19, p21, p23, p25, p27, p29, p31, p33, p35, p37, p0, p1, p4, i218, p171, p170, p169, p103, p107, p98, p110, p117, p93, p115, p122, p88, p120, p127, p83, p125, p132, p78, p130, p137, p73, p135, p142, p68, p140, p147, p63, p145, p152, p58, p150, p157, p53, p155, p162, p48, p160]
+4502: i324 = instance_ptr_eq(p122, ConstPtr(ptr323))
+4505: guard_false(i324, descr=<Guard0x7f709d10c920>) [p2, p112, p13, p15, p17, p19, p21, p23, p25, p27, p29, p31, p33, p35, p37, p0, p1, p4, i218, p171, p170, p169, p103, p107, p98, p110, p117, p93, p115, p122, p88, p120, p127, p83, p125, p132, p78, p130, p137, p73, p135, p142, p68, p140, p147, p63, p145, p152, p58, p150, p157, p53, p155, p162, p48, p160]
+4511: i326 = instance_ptr_eq(p127, ConstPtr(ptr325))
+4514: guard_false(i326, descr=<Guard0x7f709d10c950>) [p2, p112, p13, p15, p17, p19, p21, p23, p25, p27, p29, p31, p33, p35, p37, p0, p1, p4, i218, p171, p170, p169, p103, p107, p98, p110, p117, p93, p115, p122, p88, p120, p127, p83, p125, p132, p78, p130, p137, p73, p135, p142, p68, p140, p147, p63, p145, p152, p58, p150, p157, p53, p155, p162, p48, p160]
+4520: i328 = instance_ptr_eq(p132, ConstPtr(ptr327))
+4523: guard_false(i328, descr=<Guard0x7f709d10c980>) [p2, p112, p13, p15, p17, p19, p21, p23, p25, p27, p29, p31, p33, p35, p37, p0, p1, p4, i218, p171, p170, p169, p103, p107, p98, p110, p117, p93, p115, p122, p88, p120, p127, p83, p125, p132, p78, p130, p137, p73, p135, p142, p68, p140, p147, p63, p145, p152, p58, p150, p157, p53, p155, p162, p48, p160]
+4529: i330 = instance_ptr_eq(p137, ConstPtr(ptr329))
+4532: guard_false(i330, descr=<Guard0x7f709d10c9b0>) [p2, p112, p13, p15, p17, p19, p21, p23, p25, p27, p29, p31, p33, p35, p37, p0, p1, p4, i218, p171, p170, p169, p103, p107, p98, p110, p117, p93, p115, p122, p88, p120, p127, p83, p125, p132, p78, p130, p137, p73, p135, p142, p68, p140, p147, p63, p145, p152, p58, p150, p157, p53, p155, p162, p48, p160]
+4538: i332 = instance_ptr_eq(p142, ConstPtr(ptr331))
+4541: guard_false(i332, descr=<Guard0x7f709d10c9e0>) [p2, p112, p13, p15, p17, p19, p21, p23, p25, p27, p29, p31, p33, p35, p37, p0, p1, p4, i218, p171, p170, p169, p103, p107, p98, p110, p117, p93, p115, p122, p88, p120, p127, p83, p125, p132, p78, p130, p137, p73, p135, p142, p68, p140, p147, p63, p145, p152, p58, p150, p157, p53, p155, p162, p48, p160]
+4547: i334 = instance_ptr_eq(p147, ConstPtr(ptr333))
+4554: guard_false(i334, descr=<Guard0x7f709d10ca10>) [p2, p112, p13, p15, p17, p19, p21, p23, p25, p27, p29, p31, p33, p35, p37, p0, p1, p4, i218, p171, p170, p169, p103, p107, p98, p110, p117, p93, p115, p122, p88, p120, p127, p83, p125, p132, p78, p130, p137, p73, p135, p142, p68, p140, p147, p63, p145, p152, p58, p150, p157, p53, p155, p162, p48, p160]
+4560: i336 = instance_ptr_eq(p152, ConstPtr(ptr335))
+4567: guard_false(i336, descr=<Guard0x7f709d10ca40>) [p2, p112, p13, p15, p17, p19, p21, p23, p25, p27, p29, p31, p33, p35, p37, p0, p1, p4, i218, p171, p170, p169, p103, p107, p98, p110, p117, p93, p115, p122, p88, p120, p127, p83, p125, p132, p78, p130, p137, p73, p135, p142, p68, p140, p147, p63, p145, p152, p58, p150, p157, p53, p155, p162, p48, p160]
+4573: i338 = instance_ptr_eq(p157, ConstPtr(ptr337))
+4580: guard_false(i338, descr=<Guard0x7f709d10ca70>) [p2, p112, p13, p15, p17, p19, p21, p23, p25, p27, p29, p31, p33, p35, p37, p0, p1, p4, i218, p171, p170, p169, p103, p107, p98, p110, p117, p93, p115, p122, p88, p120, p127, p83, p125, p132, p78, p130, p137, p73, p135, p142, p68, p140, p147, p63, p145, p152, p58, p150, p157, p53, p155, p162, p48, p160]
+4586: i340 = instance_ptr_eq(p162, ConstPtr(ptr339))
+4593: guard_false(i340, descr=<Guard0x7f709d10caa0>) [p2, p112, p13, p15, p17, p19, p21, p23, p25, p27, p29, p31, p33, p35, p37, p0, p1, p4, i218, p171, p170, p169, p103, p107, p98, p110, p117, p93, p115, p122, p88, p120, p127, p83, p125, p132, p78, p130, p137, p73, p135, p142, p68, p140, p147, p63, p145, p152, p58, p150, p157, p53, p155, p162, p48, p160]
+4599: i342 = instance_ptr_eq(p4, ConstPtr(ptr341))
+4606: guard_false(i342, descr=<Guard0x7f709d10cad0>) [p2, p112, p13, p15, p17, p19, p21, p23, p25, p27, p29, p31, p33, p35, p37, p0, p1, p4, i218, p171, p170, p169, p103, p107, p98, p110, p117, p93, p115, p122, p88, p120, p127, p83, p125, p132, p78, p130, p137, p73, p135, p142, p68, p140, p147, p63, p145, p152, p58, p150, p157, p53, p155, p162, p48, p160]
debug_merge_point(0, 0, '141<main.rpyeffect:128([method_Get_0@[mcore:[#60]#286]#295])>+2: {"op": "Swap". "type": "any". "a": 0. "b". 1}')
debug_merge_point(0, 0, '141<main.rpyeffect:128([method_Get_0@[mcore:[#60]#286]#295])>+3: {"op": "Match". "type": Interned({"op": "eff$Tuple". "elements": []}). "scrutinee": 1. "clauses": [{"tag": Interned({"op": "eff$Tuple". "elements": []}). "target": 140. "args": {"any": []}}]. "default": {"tag": Interned(d67f43fa-dec0-4063-8464-97edb078c05d#[Missing Tag#486]). "target": 138. "args": {"any": []}}}')
debug_merge_point(0, 0, '140<main.rpyeffect:127([#301])>+0: {"op": "New". "out": 0. "targets": [139]. "args": {"any": [0]}}')
debug_merge_point(0, 0, '140<main.rpyeffect:127([#301])>+1: {"op": "Return". "args": {"any": [0]}}')
debug_merge_point(0, 0, '133<main.rpyeffect:120([k@[mcore:[#57]#280]#284])>+0: {"op": "Swap". "type": "any". "a": 0. "b". 1}')
debug_merge_point(0, 0, '133<main.rpyeffect:120([k@[mcore:[#57]#280]#284])>+1: {"op": "Invoke". "receiver": 1. "tag": Interned(apply). "args" : {"any": [0]}}')
debug_merge_point(0, 0, '139<main.rpyeffect:126([method_apply@[#301]#304])>+0: {"op": "Jump". "target": 131}')
debug_merge_point(0, 0, '131<main.rpyeffect:118([mcore:[#53]#277])>+0: {"op": "Push". "target": 130. "args": {"any": [0]}}')
debug_merge_point(0, 0, '131<main.rpyeffect:118([mcore:[#53]#277])>+1: {"op": "Jump". "target": 129}')
debug_merge_point(0, 0, '129<main.rpyeffect:116(Name(k_96))>+0: {"op": "PushStack". "arg": 1}')
+4612: i344 = instance_ptr_eq(p122, ConstPtr(ptr343))
+4615: guard_false(i344, descr=<Guard0x7f709d10cb00>) [p2, p112, p13, p15, p17, p19, p21, p23, p25, p27, p29, p31, p33, p35, p37, p0, p1, p4, i218, p171, p170, p169, p103, p107, p98, p110, p117, p93, p115, p122, p88, p120, p127, p83, p125, p132, p78, p130, p137, p73, p135, p142, p68, p140, p147, p63, p145, p152, p58, p150, p157, p53, p155, p162, p48, p160]
+4621: i346 = instance_ptr_eq(p127, ConstPtr(ptr345))
+4624: guard_false(i346, descr=<Guard0x7f709d10cb30>) [p2, p112, p13, p15, p17, p19, p21, p23, p25, p27, p29, p31, p33, p35, p37, p0, p1, p4, i218, p171, p170, p169, p103, p107, p98, p110, p117, p93, p115, p122, p88, p120, p127, p83, p125, p132, p78, p130, p137, p73, p135, p142, p68, p140, p147, p63, p145, p152, p58, p150, p157, p53, p155, p162, p48, p160]
+4630: i348 = instance_ptr_eq(p132, ConstPtr(ptr347))
+4633: guard_false(i348, descr=<Guard0x7f709d10cb60>) [p2, p112, p13, p15, p17, p19, p21, p23, p25, p27, p29, p31, p33, p35, p37, p0, p1, p4, i218, p171, p170, p169, p103, p107, p98, p110, p117, p93, p115, p122, p88, p120, p127, p83, p125, p132, p78, p130, p137, p73, p135, p142, p68, p140, p147, p63, p145, p152, p58, p150, p157, p53, p155, p162, p48, p160]
+4639: i350 = instance_ptr_eq(p137, ConstPtr(ptr349))
+4642: guard_false(i350, descr=<Guard0x7f709d10cb90>) [p2, p112, p13, p15, p17, p19, p21, p23, p25, p27, p29, p31, p33, p35, p37, p0, p1, p4, i218, p171, p170, p169, p103, p107, p98, p110, p117, p93, p115, p122, p88, p120, p127, p83, p125, p132, p78, p130, p137, p73, p135, p142, p68, p140, p147, p63, p145, p152, p58, p150, p157, p53, p155, p162, p48, p160]
+4648: i352 = instance_ptr_eq(p142, ConstPtr(ptr351))
+4651: guard_false(i352, descr=<Guard0x7f709d10cbc0>) [p2, p112, p13, p15, p17, p19, p21, p23, p25, p27, p29, p31, p33, p35, p37, p0, p1, p4, i218, p171, p170, p169, p103, p107, p98, p110, p117, p93, p115, p122, p88, p120, p127, p83, p125, p132, p78, p130, p137, p73, p135, p142, p68, p140, p147, p63, p145, p152, p58, p150, p157, p53, p155, p162, p48, p160]
+4657: i354 = instance_ptr_eq(p147, ConstPtr(ptr353))
+4664: guard_false(i354, descr=<Guard0x7f709d10cbf0>) [p2, p112, p13, p15, p17, p19, p21, p23, p25, p27, p29, p31, p33, p35, p37, p0, p1, p4, i218, p171, p170, p169, p103, p107, p98, p110, p117, p93, p115, p122, p88, p120, p127, p83, p125, p132, p78, p130, p137, p73, p135, p142, p68, p140, p147, p63, p145, p152, p58, p150, p157, p53, p155, p162, p48, p160]
+4670: i356 = instance_ptr_eq(p152, ConstPtr(ptr355))
+4677: guard_false(i356, descr=<Guard0x7f709d10cc20>) [p2, p112, p13, p15, p17, p19, p21, p23, p25, p27, p29, p31, p33, p35, p37, p0, p1, p4, i218, p171, p170, p169, p103, p107, p98, p110, p117, p93, p115, p122, p88, p120, p127, p83, p125, p132, p78, p130, p137, p73, p135, p142, p68, p140, p147, p63, p145, p152, p58, p150, p157, p53, p155, p162, p48, p160]
+4683: i358 = instance_ptr_eq(p157, ConstPtr(ptr357))
+4690: guard_false(i358, descr=<Guard0x7f709d10cc50>) [p2, p112, p13, p15, p17, p19, p21, p23, p25, p27, p29, p31, p33, p35, p37, p0, p1, p4, i218, p171, p170, p169, p103, p107, p98, p110, p117, p93, p115, p122, p88, p120, p127, p83, p125, p132, p78, p130, p137, p73, p135, p142, p68, p140, p147, p63, p145, p152, p58, p150, p157, p53, p155, p162, p48, p160]
+4696: i360 = instance_ptr_eq(p162, ConstPtr(ptr359))
+4703: guard_false(i360, descr=<Guard0x7f709d10cc80>) [p2, p112, p13, p15, p17, p19, p21, p23, p25, p27, p29, p31, p33, p35, p37, p0, p1, p4, i218, p171, p170, p169, p103, p107, p98, p110, p117, p93, p115, p122, p88, p120, p127, p83, p125, p132, p78, p130, p137, p73, p135, p142, p68, p140, p147, p63, p145, p152, p58, p150, p157, p53, p155, p162, p48, p160]
+4709: i362 = instance_ptr_eq(p4, ConstPtr(ptr361))
+4716: guard_false(i362, descr=<Guard0x7f709d10ccb0>) [p2, p112, p13, p15, p17, p19, p21, p23, p25, p27, p29, p31, p33, p35, p37, p0, p1, p4, i218, p171, p170, p169, p103, p107, p98, p110, p117, p93, p115, p122, p88, p120, p127, p83, p125, p132, p78, p130, p137, p73, p135, p142, p68, p140, p147, p63, p145, p152, p58, p150, p157, p53, p155, p162, p48, p160]
debug_merge_point(0, 0, '129<main.rpyeffect:116(Name(k_96))>+1: {"op": "Return". "args": {"any": [0]}}')
debug_merge_point(0, 0, '102<main.rpyeffect:89([k@Name(countdown_48)#122])>+0: {"op": "Push". "target": 101. "args": {"any": [0]}}')
debug_merge_point(0, 0, '102<main.rpyeffect:89([k@Name(countdown_48)#122])>+1: {"op": "Jump". "target": 15}')
debug_merge_point(0, 0, '15<main.rpyeffect:2(Name(=_0))>+0: {"op": "New". "out": 0. "targets": [14]. "args": {"any": [0]}}')
debug_merge_point(0, 0, '15<main.rpyeffect:2(Name(=_0))>+1: {"op": "Return". "args": {"any": [0]}}')
debug_merge_point(0, 0, '101<main.rpyeffect:88([k@[k@Name(countdown_48)#122]#124])>+0: {"op": "Const". "type": "ptr". "out": 2. "format": "int". "value": "<IntValue object at 0x7f709d0bb7b0>"}')
debug_merge_point(0, 0, '101<main.rpyeffect:88([k@[k@Name(countdown_48)#122]#124])>+1: {"op": "Push". "target": 100. "args": {"any": [1]}}')
debug_merge_point(0, 0, '101<main.rpyeffect:88([k@[k@Name(countdown_48)#122]#124])>+2: {"op": "Copy". "type": "any". "from": 0. "to". 1}')
debug_merge_point(0, 0, '101<main.rpyeffect:88([k@[k@Name(countdown_48)#122]#124])>+3: {"op": "Copy". "type": "any". "from": 2. "to". 0}')
debug_merge_point(0, 0, '101<main.rpyeffect:88([k@[k@Name(countdown_48)#122]#124])>+4: {"op": "Invoke". "receiver": 1. "tag": Interned(apply). "args" : {"any": [0]}}')
debug_merge_point(0, 0, '14<main.rpyeffect:1([method_apply@Name(=_0)#6])>+0: {"op": "Jump". "target": 13}')
debug_merge_point(0, 0, '13<main.rpyeffect:0([mcore:[#12]#3])>+0: {"op": "PrimOp". "name": "equals(Any. Any): Bool". "out": {"any": [0]}. "in": {"any": [1. 0]}}')
+4722: i364 = int_eq(i218, 0)
debug_merge_point(0, 0, '13<main.rpyeffect:0([mcore:[#12]#3])>+1: {"op": "Return". "args": {"any": [0]}}')
debug_merge_point(0, 0, '100<main.rpyeffect:87([k@[k@[k@Name(countdown_48)#122]#124]#128])>+0: {"op": "Switch". "scrutinee": 0. "values": [<BoolValue object at 0x7f709d0bb7c0>]. "targets": [93]. "default": 99}')
+4726: guard_false(i364, descr=<Guard0x7f709d10cce0>) [p2, p112, p13, p15, p17, p19, p21, p23, p25, p27, p29, p31, p33, p35, p37, p0, p1, p4, i218, p171, p170, p169, p103, p107, p98, p110, p117, p93, p115, p122, p88, p120, p127, p83, p125, p132, p78, p130, p137, p73, p135, p142, p68, p140, p147, p63, p145, p152, p58, p150, p157, p53, p155, p162, p48, p160]
debug_merge_point(0, 0, '99<main.rpyeffect:86([switch default case#130])>+0: {"op": "Swap". "type": "any". "a": 0. "b". 1}')
debug_merge_point(0, 0, '99<main.rpyeffect:86([switch default case#130])>+1: {"op": "Switch". "scrutinee": 1. "values": [<BoolValue object at 0x7f709d0bb7d0>]. "targets": [97]. "default": 98}')
debug_merge_point(0, 0, '97<main.rpyeffect:84([switch case for Bool(false)#131])>+0: {"op": "Push". "target": 96. "args": {"any": []}}')
debug_merge_point(0, 0, '97<main.rpyeffect:84([switch case for Bool(false)#131])>+1: {"op": "Jump". "target": 79}')
debug_merge_point(0, 0, '79<main.rpyeffect:66(Name(-_34))>+0: {"op": "New". "out": 0. "targets": [78]. "args": {"any": [0]}}')
debug_merge_point(0, 0, '79<main.rpyeffect:66(Name(-_34))>+1: {"op": "Return". "args": {"any": [0]}}')
debug_merge_point(0, 0, '96<main.rpyeffect:83([k@[switch case for Bool(false)#131]#133])>+0: {"op": "Const". "type": "ptr". "out": 1. "format": "int". "value": "<IntValue object at 0x7f709d0bb890>"}')
debug_merge_point(0, 0, '96<main.rpyeffect:83([k@[switch case for Bool(false)#131]#133])>+1: {"op": "Push". "target": 95. "args": {"any": []}}')
debug_merge_point(0, 0, '96<main.rpyeffect:83([k@[switch case for Bool(false)#131]#133])>+2: {"op": "Swap". "type": "any". "a": 0. "b". 1}')
debug_merge_point(0, 0, '96<main.rpyeffect:83([k@[switch case for Bool(false)#131]#133])>+3: {"op": "Invoke". "receiver": 1. "tag": Interned(apply). "args" : {"any": [0]}}')
debug_merge_point(0, 0, '78<main.rpyeffect:65([method_apply@Name(-_34)#96])>+0: {"op": "Jump". "target": 77}')
debug_merge_point(0, 0, '77<main.rpyeffect:64([mcore:[#28]#93])>+0: {"op": "PrimOp". "name": "infixSub(Int. Int): Int". "out": {"any": [0]}. "in": {"any": [1. 0]}}')
+4732: i366 = int_sub(i218, 1)
debug_merge_point(0, 0, '77<main.rpyeffect:64([mcore:[#28]#93])>+1: {"op": "Return". "args": {"any": [0]}}')
debug_merge_point(0, 0, '95<main.rpyeffect:82([#137])>+0: {"op": "Const". "type": "ptr". "out": 1. "format": "int". "value": "<IntValue object at 0x7f709d0bb910>"}')
debug_merge_point(0, 0, '95<main.rpyeffect:82([#137])>+1: {"op": "Const". "type": "ptr". "out": 2. "format": "string". "value": "Name(Set_1)"}')
debug_merge_point(0, 0, '95<main.rpyeffect:82([#137])>+2: {"op": "PrimOp". "name": "getGlobal(String): Ptr". "out": {"any": [2]}. "in": {"any": [2]}}')
debug_merge_point(0, 0, '95<main.rpyeffect:82([#137])>+3: {"op": "GetDynamic". "out": 1. "n": 1. "label": 2}')
+4743: i368 = instance_ptr_eq(p0, ConstPtr(ptr367))
+4750: guard_false(i368, descr=<Guard0x7f709d10cd10>) [p2, p112, p13, p15, p17, p19, p21, p23, p25, p27, p29, p31, p33, p35, p37, p0, p1, p4, i218, p171, p170, p169, p103, p107, p98, p110, p117, p93, p115, p122, p88, p120, p127, p83, p125, p132, p78, p130, p137, p73, p135, p142, p68, p140, p147, p63, p145, p152, p58, p150, p157, p53, p155, p162, p48, p160]
+4756: i370 = instance_ptr_eq(p48, ConstPtr(ptr369))
+4763: guard_false(i370, descr=<Guard0x7f709d10cd40>) [p2, p112, p13, p15, p17, p19, p21, p23, p25, p27, p29, p31, p33, p35, p37, p0, p1, p4, i218, p171, p170, p169, p103, p107, p98, p110, p117, p93, p115, p122, p88, p120, p127, p83, p125, p132, p78, p130, p137, p73, p135, p142, p68, p140, p147, p63, p145, p152, p58, p150, p157, p53, p155, p162, p48, p160]
+4769: i372 = instance_ptr_eq(p53, ConstPtr(ptr371))
+4776: guard_false(i372, descr=<Guard0x7f709d10cd70>) [p2, p112, p13, p15, p17, p19, p21, p23, p25, p27, p29, p31, p33, p35, p37, p0, p1, p4, i218, p171, p170, p169, p103, p107, p98, p110, p117, p93, p115, p122, p88, p120, p127, p83, p125, p132, p78, p130, p137, p73, p135, p142, p68, p140, p147, p63, p145, p152, p58, p150, p157, p53, p155, p162, p48, p160]
+4782: i374 = instance_ptr_eq(p58, ConstPtr(ptr373))
+4789: guard_false(i374, descr=<Guard0x7f709d10cda0>) [p2, p112, p13, p15, p17, p19, p21, p23, p25, p27, p29, p31, p33, p35, p37, p0, p1, p4, i218, p171, p170, p169, p103, p107, p98, p110, p117, p93, p115, p122, p88, p120, p127, p83, p125, p132, p78, p130, p137, p73, p135, p142, p68, p140, p147, p63, p145, p152, p58, p150, p157, p53, p155, p162, p48, p160]
+4795: i376 = instance_ptr_eq(p63, ConstPtr(ptr375))
+4802: guard_false(i376, descr=<Guard0x7f709d10cdd0>) [p2, p112, p13, p15, p17, p19, p21, p23, p25, p27, p29, p31, p33, p35, p37, p0, p1, p4, i218, p171, p170, p169, p103, p107, p98, p110, p117, p93, p115, p122, p88, p120, p127, p83, p125, p132, p78, p130, p137, p73, p135, p142, p68, p140, p147, p63, p145, p152, p58, p150, p157, p53, p155, p162, p48, p160]
+4808: i378 = instance_ptr_eq(p68, ConstPtr(ptr377))
+4815: guard_false(i378, descr=<Guard0x7f709d10ce00>) [p2, p112, p13, p15, p17, p19, p21, p23, p25, p27, p29, p31, p33, p35, p37, p0, p1, p4, i218, p171, p170, p169, p103, p107, p98, p110, p117, p93, p115, p122, p88, p120, p127, p83, p125, p132, p78, p130, p137, p73, p135, p142, p68, p140, p147, p63, p145, p152, p58, p150, p157, p53, p155, p162, p48, p160]
+4821: i380 = instance_ptr_eq(p73, ConstPtr(ptr379))
+4828: guard_false(i380, descr=<Guard0x7f709d10ce30>) [p2, p112, p13, p15, p17, p19, p21, p23, p25, p27, p29, p31, p33, p35, p37, p0, p1, p4, i218, p171, p170, p169, p103, p107, p98, p110, p117, p93, p115, p122, p88, p120, p127, p83, p125, p132, p78, p130, p137, p73, p135, p142, p68, p140, p147, p63, p145, p152, p58, p150, p157, p53, p155, p162, p48, p160]
+4834: i382 = instance_ptr_eq(p78, ConstPtr(ptr381))
+4841: guard_false(i382, descr=<Guard0x7f709d10ce60>) [p2, p112, p13, p15, p17, p19, p21, p23, p25, p27, p29, p31, p33, p35, p37, p0, p1, p4, i218, p171, p170, p169, p103, p107, p98, p110, p117, p93, p115, p122, p88, p120, p127, p83, p125, p132, p78, p130, p137, p73, p135, p142, p68, p140, p147, p63, p145, p152, p58, p150, p157, p53, p155, p162, p48, p160]
+4847: i384 = instance_ptr_eq(p83, ConstPtr(ptr383))
+4854: guard_false(i384, descr=<Guard0x7f709d10ce90>) [p2, p112, p13, p15, p17, p19, p21, p23, p25, p27, p29, p31, p33, p35, p37, p0, p1, p4, i218, p171, p170, p169, p103, p107, p98, p110, p117, p93, p115, p122, p88, p120, p127, p83, p125, p132, p78, p130, p137, p73, p135, p142, p68, p140, p147, p63, p145, p152, p58, p150, p157, p53, p155, p162, p48, p160]
+4860: i386 = instance_ptr_eq(p88, ConstPtr(ptr385))
+4867: guard_false(i386, descr=<Guard0x7f709d10cec0>) [p2, p112, p13, p15, p17, p19, p21, p23, p25, p27, p29, p31, p33, p35, p37, p0, p1, p4, i218, p171, p170, p169, p103, p107, p98, p110, p117, p93, p115, p122, p88, p120, p127, p83, p125, p132, p78, p130, p137, p73, p135, p142, p68, p140, p147, p63, p145, p152, p58, p150, p157, p53, p155, p162, p48, p160]
+4873: i388 = instance_ptr_eq(p93, ConstPtr(ptr387))
+4880: guard_true(i388, descr=<Guard0x7f709d10cef0>) [p2, p112, p13, p15, p17, p19, p21, p23, p25, p27, p29, p31, p33, p35, p37, p0, p1, p4, i218, p171, p170, p169, p103, p107, p98, p110, p117, p93, p115, p122, p88, p120, p127, p83, p125, p132, p78, p130, p137, p73, p135, p142, p68, p140, p147, p63, p145, p152, p58, p150, p157, p53, p155, p162, p48, p160]
debug_merge_point(0, 0, '95<main.rpyeffect:82([#137])>+4: {"op": "Push". "target": 94. "args": {"any": []}}')
debug_merge_point(0, 0, '95<main.rpyeffect:82([#137])>+5: {"op": "Invoke". "receiver": 1. "tag": Interned(Set_1). "args" : {"any": [0]}}')
debug_merge_point(0, 0, '144<main.rpyeffect:131([method_Set_1@[mcore:[#60]#286]#313])>+0: {"op": "Const". "type": "ptr". "out": 2. "format": "int". "value": "<IntValue object at 0x7f709d0e00e0>"}')
debug_merge_point(0, 0, '144<main.rpyeffect:131([method_Set_1@[mcore:[#60]#286]#313])>+1: {"op": "ShiftDyn". "out": 1. "n": 2. "label": 1}')
+4886: i390 = instance_ptr_eq(p4, ConstPtr(ptr389))
+4893: guard_false(i390, descr=<Guard0x7f709d10cf20>) [p2, p112, p13, p15, p17, p19, p21, p23, p25, p27, p29, p31, p33, p35, p37, p0, p1, p4, i218, p171, p170, p169, p103, p107, p98, p110, p117, p93, p115, p122, p88, p120, p127, p83, p125, p132, p78, p130, p137, p73, p135, p142, p68, p140, p147, p63, p145, p152, p58, p150, p157, p53, p155, p162, p48, p160]
+4899: i391 = instance_ptr_eq(p103, p243)
+4906: guard_true(i391, descr=<Guard0x7f709d10cf50>) [p2, p112, p13, p15, p17, p19, p21, p23, p25, p27, p29, p31, p33, p35, p37, p0, p1, p4, i218, p171, p170, p169, p103, p107, p98, p110, p117, p93, p115, p122, p88, p120, p127, p83, p125, p132, p78, p130, p137, p73, p135, p142, p68, p140, p147, p63, p145, p152, p58, p150, p157, p53, p155, p162, p48, p160]
+4912: i393 = instance_ptr_eq(p122, ConstPtr(ptr392))
+4915: guard_false(i393, descr=<Guard0x7f709d10cf80>) [p2, p112, p13, p15, p17, p19, p21, p23, p25, p27, p29, p31, p33, p35, p37, p0, p1, p4, i218, p171, p170, p169, p103, p107, p98, p110, p117, p93, p115, p122, p88, p120, p127, p83, p125, p132, p78, p130, p137, p73, p135, p142, p68, p140, p147, p63, p145, p152, p58, p150, p157, p53, p155, p162, p48, p160]
+4921: i395 = instance_ptr_eq(p127, ConstPtr(ptr394))
+4924: guard_false(i395, descr=<Guard0x7f709d10cfb0>) [p2, p112, p13, p15, p17, p19, p21, p23, p25, p27, p29, p31, p33, p35, p37, p0, p1, p4, i218, p171, p170, p169, p103, p107, p98, p110, p117, p93, p115, p122, p88, p120, p127, p83, p125, p132, p78, p130, p137, p73, p135, p142, p68, p140, p147, p63, p145, p152, p58, p150, p157, p53, p155, p162, p48, p160]
+4930: i397 = instance_ptr_eq(p132, ConstPtr(ptr396))
+4933: guard_false(i397, descr=<Guard0x7f709d10cfe0>) [p2, p112, p13, p15, p17, p19, p21, p23, p25, p27, p29, p31, p33, p35, p37, p0, p1, p4, i218, p171, p170, p169, p103, p107, p98, p110, p117, p93, p115, p122, p88, p120, p127, p83, p125, p132, p78, p130, p137, p73, p135, p142, p68, p140, p147, p63, p145, p152, p58, p150, p157, p53, p155, p162, p48, p160]
+4939: i399 = instance_ptr_eq(p137, ConstPtr(ptr398))
+4942: guard_false(i399, descr=<Guard0x7f709d10d010>) [p2, p112, p13, p15, p17, p19, p21, p23, p25, p27, p29, p31, p33, p35, p37, p0, p1, p4, i218, p171, p170, p169, p103, p107, p98, p110, p117, p93, p115, p122, p88, p120, p127, p83, p125, p132, p78, p130, p137, p73, p135, p142, p68, p140, p147, p63, p145, p152, p58, p150, p157, p53, p155, p162, p48, p160]
+4948: i401 = instance_ptr_eq(p142, ConstPtr(ptr400))
+4951: guard_false(i401, descr=<Guard0x7f709d10d040>) [p2, p112, p13, p15, p17, p19, p21, p23, p25, p27, p29, p31, p33, p35, p37, p0, p1, p4, i218, p171, p170, p169, p103, p107, p98, p110, p117, p93, p115, p122, p88, p120, p127, p83, p125, p132, p78, p130, p137, p73, p135, p142, p68, p140, p147, p63, p145, p152, p58, p150, p157, p53, p155, p162, p48, p160]
+4957: i403 = instance_ptr_eq(p147, ConstPtr(ptr402))
+4964: guard_false(i403, descr=<Guard0x7f709d10d070>) [p2, p112, p13, p15, p17, p19, p21, p23, p25, p27, p29, p31, p33, p35, p37, p0, p1, p4, i218, p171, p170, p169, p103, p107, p98, p110, p117, p93, p115, p122, p88, p120, p127, p83, p125, p132, p78, p130, p137, p73, p135, p142, p68, p140, p147, p63, p145, p152, p58, p150, p157, p53, p155, p162, p48, p160]
+4970: i405 = instance_ptr_eq(p152, ConstPtr(ptr404))
+4977: guard_false(i405, descr=<Guard0x7f709d10d0a0>) [p2, p112, p13, p15, p17, p19, p21, p23, p25, p27, p29, p31, p33, p35, p37, p0, p1, p4, i218, p171, p170, p169, p103, p107, p98, p110, p117, p93, p115, p122, p88, p120, p127, p83, p125, p132, p78, p130, p137, p73, p135, p142, p68, p140, p147, p63, p145, p152, p58, p150, p157, p53, p155, p162, p48, p160]
+4983: i407 = instance_ptr_eq(p157, ConstPtr(ptr406))
+4990: guard_false(i407, descr=<Guard0x7f709d10d0d0>) [p2, p112, p13, p15, p17, p19, p21, p23, p25, p27, p29, p31, p33, p35, p37, p0, p1, p4, i218, p171, p170, p169, p103, p107, p98, p110, p117, p93, p115, p122, p88, p120, p127, p83, p125, p132, p78, p130, p137, p73, p135, p142, p68, p140, p147, p63, p145, p152, p58, p150, p157, p53, p155, p162, p48, p160]
+4996: i409 = instance_ptr_eq(p162, ConstPtr(ptr408))
+5003: guard_false(i409, descr=<Guard0x7f709d10d100>) [p2, p112, p13, p15, p17, p19, p21, p23, p25, p27, p29, p31, p33, p35, p37, p0, p1, p4, i218, p171, p170, p169, p103, p107, p98, p110, p117, p93, p115, p122, p88, p120, p127, p83, p125, p132, p78, p130, p137, p73, p135, p142, p68, p140, p147, p63, p145, p152, p58, p150, p157, p53, p155, p162, p48, p160]
+5009: i411 = instance_ptr_eq(p4, ConstPtr(ptr410))
+5016: guard_false(i411, descr=<Guard0x7f709d10d130>) [p2, p112, p13, p15, p17, p19, p21, p23, p25, p27, p29, p31, p33, p35, p37, p0, p1, p4, i218, p171, p170, p169, p103, p107, p98, p110, p117, p93, p115, p122, p88, p120, p127, p83, p125, p132, p78, p130, p137, p73, p135, p142, p68, p140, p147, p63, p145, p152, p58, p150, p157, p53, p155, p162, p48, p160]
debug_merge_point(0, 0, '144<main.rpyeffect:131([method_Set_1@[mcore:[#60]#286]#313])>+2: {"op": "New". "out": 0. "targets": [143]. "args": {"any": [1. 0]}}')
debug_merge_point(0, 0, '144<main.rpyeffect:131([method_Set_1@[mcore:[#60]#286]#313])>+3: {"op": "Return". "args": {"any": [0]}}')
debug_merge_point(0, 0, '130<main.rpyeffect:117([k@[mcore:[#53]#277]#279])>+0: {"op": "Swap". "type": "any". "a": 0. "b". 1}')
debug_merge_point(0, 0, '130<main.rpyeffect:117([k@[mcore:[#53]#277]#279])>+1: {"op": "Invoke". "receiver": 1. "tag": Interned(apply). "args" : {"any": [0]}}')
debug_merge_point(0, 0, '143<main.rpyeffect:130([#318])>+0: {"op": "Jump". "target": 134}')
debug_merge_point(0, 0, '134<main.rpyeffect:121([mcore:[#57]#280])>+0: {"op": "Construct". "out": 0. "type": Interned({"op": "eff$Tuple". "elements": []}). "tag": Interned({"op": "eff$Tuple". "elements": []}). "args": {"any": []}}')
debug_merge_point(0, 0, '134<main.rpyeffect:121([mcore:[#57]#280])>+1: {"op": "Push". "target": 133. "args": {"any": [2]}}')
debug_merge_point(0, 0, '134<main.rpyeffect:121([mcore:[#57]#280])>+2: {"op": "Jump". "target": 132}')
debug_merge_point(0, 0, '132<main.rpyeffect:119(Name(k_100))>+0: {"op": "PushStack". "arg": 1}')
+5022: i413 = instance_ptr_eq(p122, ConstPtr(ptr412))
+5025: guard_false(i413, descr=<Guard0x7f709d10d160>) [p2, p112, p13, p15, p17, p19, p21, p23, p25, p27, p29, p31, p33, p35, p37, p0, p1, p4, i218, p171, p170, p169, p103, p107, p98, p110, p117, p93, p115, p122, p88, p120, p127, p83, p125, p132, p78, p130, p137, p73, p135, p142, p68, p140, p147, p63, p145, p152, p58, p150, p157, p53, p155, p162, p48, p160]
+5031: i415 = instance_ptr_eq(p127, ConstPtr(ptr414))
+5034: guard_false(i415, descr=<Guard0x7f709d10d190>) [p2, p112, p13, p15, p17, p19, p21, p23, p25, p27, p29, p31, p33, p35, p37, p0, p1, p4, i218, p171, p170, p169, p103, p107, p98, p110, p117, p93, p115, p122, p88, p120, p127, p83, p125, p132, p78, p130, p137, p73, p135, p142, p68, p140, p147, p63, p145, p152, p58, p150, p157, p53, p155, p162, p48, p160]
+5040: i417 = instance_ptr_eq(p132, ConstPtr(ptr416))
+5043: guard_false(i417, descr=<Guard0x7f709d10d1c0>) [p2, p112, p13, p15, p17, p19, p21, p23, p25, p27, p29, p31, p33, p35, p37, p0, p1, p4, i218, p171, p170, p169, p103, p107, p98, p110, p117, p93, p115, p122, p88, p120, p127, p83, p125, p132, p78, p130, p137, p73, p135, p142, p68, p140, p147, p63, p145, p152, p58, p150, p157, p53, p155, p162, p48, p160]
+5049: i419 = instance_ptr_eq(p137, ConstPtr(ptr418))
+5052: guard_false(i419, descr=<Guard0x7f709d10d1f0>) [p2, p112, p13, p15, p17, p19, p21, p23, p25, p27, p29, p31, p33, p35, p37, p0, p1, p4, i218, p171, p170, p169, p103, p107, p98, p110, p117, p93, p115, p122, p88, p120, p127, p83, p125, p132, p78, p130, p137, p73, p135, p142, p68, p140, p147, p63, p145, p152, p58, p150, p157, p53, p155, p162, p48, p160]
+5058: i421 = instance_ptr_eq(p142, ConstPtr(ptr420))
+5061: guard_false(i421, descr=<Guard0x7f709d10d220>) [p2, p112, p13, p15, p17, p19, p21, p23, p25, p27, p29, p31, p33, p35, p37, p0, p1, p4, i218, p171, p170, p169, p103, p107, p98, p110, p117, p93, p115, p122, p88, p120, p127, p83, p125, p132, p78, p130, p137, p73, p135, p142, p68, p140, p147, p63, p145, p152, p58, p150, p157, p53, p155, p162, p48, p160]
+5067: i423 = instance_ptr_eq(p147, ConstPtr(ptr422))
+5074: guard_false(i423, descr=<Guard0x7f709d10d250>) [p2, p112, p13, p15, p17, p19, p21, p23, p25, p27, p29, p31, p33, p35, p37, p0, p1, p4, i218, p171, p170, p169, p103, p107, p98, p110, p117, p93, p115, p122, p88, p120, p127, p83, p125, p132, p78, p130, p137, p73, p135, p142, p68, p140, p147, p63, p145, p152, p58, p150, p157, p53, p155, p162, p48, p160]
+5080: i425 = instance_ptr_eq(p152, ConstPtr(ptr424))
+5087: guard_false(i425, descr=<Guard0x7f709d10d280>) [p2, p112, p13, p15, p17, p19, p21, p23, p25, p27, p29, p31, p33, p35, p37, p0, p1, p4, i218, p171, p170, p169, p103, p107, p98, p110, p117, p93, p115, p122, p88, p120, p127, p83, p125, p132, p78, p130, p137, p73, p135, p142, p68, p140, p147, p63, p145, p152, p58, p150, p157, p53, p155, p162, p48, p160]
+5093: i427 = instance_ptr_eq(p157, ConstPtr(ptr426))
+5100: guard_false(i427, descr=<Guard0x7f709d10d2b0>) [p2, p112, p13, p15, p17, p19, p21, p23, p25, p27, p29, p31, p33, p35, p37, p0, p1, p4, i218, p171, p170, p169, p103, p107, p98, p110, p117, p93, p115, p122, p88, p120, p127, p83, p125, p132, p78, p130, p137, p73, p135, p142, p68, p140, p147, p63, p145, p152, p58, p150, p157, p53, p155, p162, p48, p160]
+5106: i429 = instance_ptr_eq(p162, ConstPtr(ptr428))
+5113: guard_false(i429, descr=<Guard0x7f709d10d2e0>) [p2, p112, p13, p15, p17, p19, p21, p23, p25, p27, p29, p31, p33, p35, p37, p0, p1, p4, i218, p171, p170, p169, p103, p107, p98, p110, p117, p93, p115, p122, p88, p120, p127, p83, p125, p132, p78, p130, p137, p73, p135, p142, p68, p140, p147, p63, p145, p152, p58, p150, p157, p53, p155, p162, p48, p160]
+5119: i431 = instance_ptr_eq(p4, ConstPtr(ptr430))
+5126: guard_false(i431, descr=<Guard0x7f709d10d310>) [p2, p112, p13, p15, p17, p19, p21, p23, p25, p27, p29, p31, p33, p35, p37, p0, p1, p4, i218, p171, p170, p169, p103, p107, p98, p110, p117, p93, p115, p122, p88, p120, p127, p83, p125, p132, p78, p130, p137, p73, p135, p142, p68, p140, p147, p63, p145, p152, p58, p150, p157, p53, p155, p162, p48, p160]
debug_merge_point(0, 0, '132<main.rpyeffect:119(Name(k_100))>+1: {"op": "Return". "args": {"any": [0]}}')
debug_merge_point(0, 0, '94<main.rpyeffect:81([k@[#137]#145])>+0: {"op": "Construct". "out": 0. "type": Interned({"op": "eff$Tuple". "elements": []}). "tag": Interned({"op": "eff$Tuple". "elements": []}). "args": {"any": []}}')
debug_merge_point(0, 0, '94<main.rpyeffect:81([k@[#137]#145])>+1: {"op": "Const". "type": "ptr". "out": 1. "format": "string". "value": "Name(Get_0)"}')
debug_merge_point(0, 0, '94<main.rpyeffect:81([k@[#137]#145])>+2: {"op": "PrimOp". "name": "getGlobal(String): Ptr". "out": {"any": [1]}. "in": {"any": [1]}}')
debug_merge_point(0, 0, '94<main.rpyeffect:81([k@[#137]#145])>+3: {"op": "Const". "type": "ptr". "out": 2. "format": "string". "value": "Name(Set_1)"}')
debug_merge_point(0, 0, '94<main.rpyeffect:81([k@[#137]#145])>+4: {"op": "PrimOp". "name": "getGlobal(String): Ptr". "out": {"any": [2]}. "in": {"any": [2]}}')
debug_merge_point(0, 0, '94<main.rpyeffect:81([k@[#137]#145])>+5: {"op": "Jump". "target": 103}')
debug_merge_point(0, 0, '103<main.rpyeffect:90(Name(countdown_48))>+0: {"op": "Const". "type": "ptr". "out": 0. "format": "int". "value": "<IntValue object at 0x7f709d0bb760>"}')
debug_merge_point(0, 0, '103<main.rpyeffect:90(Name(countdown_48))>+1: {"op": "Const". "type": "ptr". "out": 1. "format": "string". "value": "Name(Get_0)"}')
debug_merge_point(0, 0, '103<main.rpyeffect:90(Name(countdown_48))>+2: {"op": "PrimOp". "name": "getGlobal(String): Ptr". "out": {"any": [1]}. "in": {"any": [1]}}')
debug_merge_point(0, 0, '103<main.rpyeffect:90(Name(countdown_48))>+3: {"op": "GetDynamic". "out": 0. "n": 0. "label": 1}')
+5139: i433 = instance_ptr_eq(p0, ConstPtr(ptr432))
+5146: guard_false(i433, descr=<Guard0x7f709d10d340>) [p2, p112, p13, p15, p17, p19, p21, p23, p25, p27, p29, p31, p33, p35, p37, p0, p1, p4, i218, p171, p170, p169, p103, p107, p98, p110, p117, p93, p115, p122, p88, p120, p127, p83, p125, p132, p78, p130, p137, p73, p135, p142, p68, p140, p147, p63, p145, p152, p58, p150, p157, p53, p155, p162, p48, p160]
+5152: i435 = instance_ptr_eq(p48, ConstPtr(ptr434))
+5159: guard_false(i435, descr=<Guard0x7f709d10d370>) [p2, p112, p13, p15, p17, p19, p21, p23, p25, p27, p29, p31, p33, p35, p37, p0, p1, p4, i218, p171, p170, p169, p103, p107, p98, p110, p117, p93, p115, p122, p88, p120, p127, p83, p125, p132, p78, p130, p137, p73, p135, p142, p68, p140, p147, p63, p145, p152, p58, p150, p157, p53, p155, p162, p48, p160]
+5165: i437 = instance_ptr_eq(p53, ConstPtr(ptr436))
+5172: guard_false(i437, descr=<Guard0x7f709d10d3a0>) [p2, p112, p13, p15, p17, p19, p21, p23, p25, p27, p29, p31, p33, p35, p37, p0, p1, p4, i218, p171, p170, p169, p103, p107, p98, p110, p117, p93, p115, p122, p88, p120, p127, p83, p125, p132, p78, p130, p137, p73, p135, p142, p68, p140, p147, p63, p145, p152, p58, p150, p157, p53, p155, p162, p48, p160]
+5178: i439 = instance_ptr_eq(p58, ConstPtr(ptr438))
+5185: guard_false(i439, descr=<Guard0x7f709d10d3d0>) [p2, p112, p13, p15, p17, p19, p21, p23, p25, p27, p29, p31, p33, p35, p37, p0, p1, p4, i218, p171, p170, p169, p103, p107, p98, p110, p117, p93, p115, p122, p88, p120, p127, p83, p125, p132, p78, p130, p137, p73, p135, p142, p68, p140, p147, p63, p145, p152, p58, p150, p157, p53, p155, p162, p48, p160]
+5191: i441 = instance_ptr_eq(p63, ConstPtr(ptr440))
+5198: guard_false(i441, descr=<Guard0x7f709d10d400>) [p2, p112, p13, p15, p17, p19, p21, p23, p25, p27, p29, p31, p33, p35, p37, p0, p1, p4, i218, p171, p170, p169, p103, p107, p98, p110, p117, p93, p115, p122, p88, p120, p127, p83, p125, p132, p78, p130, p137, p73, p135, p142, p68, p140, p147, p63, p145, p152, p58, p150, p157, p53, p155, p162, p48, p160]
+5204: i443 = instance_ptr_eq(p68, ConstPtr(ptr442))
+5211: guard_false(i443, descr=<Guard0x7f709d10d430>) [p2, p112, p13, p15, p17, p19, p21, p23, p25, p27, p29, p31, p33, p35, p37, p0, p1, p4, i218, p171, p170, p169, p103, p107, p98, p110, p117, p93, p115, p122, p88, p120, p127, p83, p125, p132, p78, p130, p137, p73, p135, p142, p68, p140, p147, p63, p145, p152, p58, p150, p157, p53, p155, p162, p48, p160]
+5217: i445 = instance_ptr_eq(p73, ConstPtr(ptr444))
+5224: guard_false(i445, descr=<Guard0x7f709d10d460>) [p2, p112, p13, p15, p17, p19, p21, p23, p25, p27, p29, p31, p33, p35, p37, p0, p1, p4, i218, p171, p170, p169, p103, p107, p98, p110, p117, p93, p115, p122, p88, p120, p127, p83, p125, p132, p78, p130, p137, p73, p135, p142, p68, p140, p147, p63, p145, p152, p58, p150, p157, p53, p155, p162, p48, p160]
+5230: i447 = instance_ptr_eq(p78, ConstPtr(ptr446))
+5237: guard_false(i447, descr=<Guard0x7f709d10d490>) [p2, p112, p13, p15, p17, p19, p21, p23, p25, p27, p29, p31, p33, p35, p37, p0, p1, p4, i218, p171, p170, p169, p103, p107, p98, p110, p117, p93, p115, p122, p88, p120, p127, p83, p125, p132, p78, p130, p137, p73, p135, p142, p68, p140, p147, p63, p145, p152, p58, p150, p157, p53, p155, p162, p48, p160]
+5243: i449 = instance_ptr_eq(p83, ConstPtr(ptr448))
+5250: guard_false(i449, descr=<Guard0x7f709d10d4c0>) [p2, p112, p13, p15, p17, p19, p21, p23, p25, p27, p29, p31, p33, p35, p37, p0, p1, p4, i218, p171, p170, p169, p103, p107, p98, p110, p117, p93, p115, p122, p88, p120, p127, p83, p125, p132, p78, p130, p137, p73, p135, p142, p68, p140, p147, p63, p145, p152, p58, p150, p157, p53, p155, p162, p48, p160]
+5256: i451 = instance_ptr_eq(p88, ConstPtr(ptr450))
+5263: guard_false(i451, descr=<Guard0x7f709d10d4f0>) [p2, p112, p13, p15, p17, p19, p21, p23, p25, p27, p29, p31, p33, p35, p37, p0, p1, p4, i218, p171, p170, p169, p103, p107, p98, p110, p117, p93, p115, p122, p88, p120, p127, p83, p125, p132, p78, p130, p137, p73, p135, p142, p68, p140, p147, p63, p145, p152, p58, p150, p157, p53, p155, p162, p48, p160]
+5269: i453 = instance_ptr_eq(p93, ConstPtr(ptr452))
+5276: guard_false(i453, descr=<Guard0x7f709d10d520>) [p2, p112, p13, p15, p17, p19, p21, p23, p25, p27, p29, p31, p33, p35, p37, p0, p1, p4, i218, p171, p170, p169, p103, p107, p98, p110, p117, p93, p115, p122, p88, p120, p127, p83, p125, p132, p78, p130, p137, p73, p135, p142, p68, p140, p147, p63, p145, p152, p58, p150, p157, p53, p155, p162, p48, p160]
+5282: i455 = instance_ptr_eq(p98, ConstPtr(ptr454))
+5289: guard_true(i455, descr=<Guard0x7f709d10d550>) [p2, p112, p13, p15, p17, p19, p21, p23, p25, p27, p29, p31, p33, p35, p37, p0, p1, p4, i218, p171, p170, p169, p103, p107, p98, p110, p117, p93, p115, p122, p88, p120, p127, p83, p125, p132, p78, p130, p137, p73, p135, p142, p68, p140, p147, p63, p145, p152, p58, p150, p157, p53, p155, p162, p48, p160]
debug_merge_point(0, 0, '103<main.rpyeffect:90(Name(countdown_48))>+4: {"op": "Construct". "out": 1. "type": Interned({"op": "eff$Tuple". "elements": []}). "tag": Interned({"op": "eff$Tuple". "elements": []}). "args": {"any": []}}')
debug_merge_point(0, 0, '103<main.rpyeffect:90(Name(countdown_48))>+5: {"op": "Push". "target": 102. "args": {"any": []}}')
+5295: i456 = instance_ptr_eq(p4, ConstPtr(ptr291))
+5302: guard_false(i456, descr=<Guard0x7f709d0b6cc8>) [p2, p112, p13, p15, p17, p19, p21, p23, p25, p27, p29, p31, p33, p35, p37, p0, p1, p4, i366, None, p171, p170, p169, p103, p107, p98, p110, p117, p93, p115, p122, p88, p120, p127, p83, p125, p132, p78, p130, p137, p73, p135, p142, p68, p140, p147, p63, p145, p152, p58, p150, p157, p53, p155, p162, p48, p160]
+5308: jump(p0, p1, p2, p160, p48, p155, p53, p150, p58, p145, p63, p140, p68, p135, p73, p130, p78, p125, p83, p120, p88, p115, p93, p110, p98, p107, p103, p171, i366, p169, p170, p112, p117, p122, p127, p132, p137, p142, p147, p152, p157, p162, p4, p13, p15, p17, p19, p21, p23, p25, p27, p29, p31, p33, p35, p37, p243, descr=TargetToken(140121647877856))
+5328: --end of the loop--
[63633ec1b83a] jit-log-opt-loop}
[636557dc72c9] {jit-summary
Tracing:      	1	0.003889
Backend:      	1	0.001621
TOTAL:      		4.529155
ops:             	4628
heapcached ops:  	836
recorded ops:    	2047
  calls:         	666
guards:          	551
opt ops:         	601
opt guards:      	216
opt guards shared:	212
forcings:        	0
abort: trace too long:	0
abort: compiling:	0
abort: vable escape:	0
abort: bad loop: 	0
abort: force quasi-immut:	0
abort: segmenting trace:	0
virtualizables forced:	0
nvirtuals:       	16
nvholes:         	0
nvreused:        	0
vecopt tried:    	0
vecopt success:  	0
Total # of loops:	1
Total # of bridges:	0
Freed # of loops:	0
Freed # of bridges:	0
[636557dcd14c] jit-summary}
