[63dd484fdef8] {jit-log-opt-loop
# Loop 1 (16<main.rpyeffect:8(Name(>_2))>+0: {"op": "New", "out": 0, "targets": [15], "args": {"any": [0]}}) : loop with 266 ops
[p0, p1, p2, p3, p4]
+349: p5 = getfield_gc_r(p2, descr=<FieldP rpyeffect.environment.Environment.inst_values_ptr 16>)
+360: p7 = getarrayitem_gc_r(p5, 0, descr=<ArrayP 8>)
+364: p9 = getarrayitem_gc_r(p5, 1, descr=<ArrayP 8>)
+368: p11 = getarrayitem_gc_r(p5, 2, descr=<ArrayP 8>)
+372: p13 = getarrayitem_gc_r(p5, 3, descr=<ArrayP 8>)
+376: p15 = getarrayitem_gc_r(p5, 4, descr=<ArrayP 8>)
+380: p17 = getarrayitem_gc_r(p5, 5, descr=<ArrayP 8>)
+384: p19 = getarrayitem_gc_r(p5, 6, descr=<ArrayP 8>)
+388: p21 = getarrayitem_gc_r(p5, 7, descr=<ArrayP 8>)
+392: p23 = getarrayitem_gc_r(p5, 8, descr=<ArrayP 8>)
+396: p25 = getarrayitem_gc_r(p5, 9, descr=<ArrayP 8>)
+400: p27 = getarrayitem_gc_r(p5, 10, descr=<ArrayP 8>)
+404: p29 = getarrayitem_gc_r(p5, 11, descr=<ArrayP 8>)
+408: p31 = getarrayitem_gc_r(p5, 12, descr=<ArrayP 8>)
+419: p33 = getarrayitem_gc_r(p5, 13, descr=<ArrayP 8>)
+430: p35 = getarrayitem_gc_r(p5, 14, descr=<ArrayP 8>)
+444: p37 = getarrayitem_gc_r(p5, 15, descr=<ArrayP 8>)
+458: label(p0, p1, p2, p3, p4, p7, p9, p11, p13, p15, p17, p19, p21, p23, p25, p27, p29, p31, p33, p35, p37, descr=TargetToken(140058371068128))
debug_merge_point(0, 0, '16<main.rpyeffect:8(Name(>_2))>+0: {"op": "New". "out": 0. "targets": [15]. "args": {"any": [0]}}')
+544: guard_not_invalidated(descr=<Guard0x7f61e173eba8>) [p2, p7, p9, p11, p13, p15, p17, p19, p21, p23, p25, p27, p29, p31, p33, p35, p37, p0, p1, p3, p4]
debug_merge_point(0, 0, '16<main.rpyeffect:8(Name(>_2))>+1: {"op": "Return". "args": {"any": [0]}}')
+544: guard_nonnull(p1, descr=<Guard0x7f61e175db50>) [p2, p7, p9, p11, p13, p15, p17, p19, p21, p23, p25, p27, p29, p31, p33, p35, p37, p0, p1, p3, p4]
+558: i38 = getfield_gc_i(p1, descr=<FieldS rpyeffect.stored_environment.Stack__arb.inst_target 16 pure>)
+569: guard_value(i38, 96, descr=<Guard0x7f61e175db80>) [p2, p7, p9, p11, p13, p15, p17, p19, p21, p23, p25, p27, p29, p31, p33, p35, p37, p0, p1, p3, p4]
+579: p40 = getfield_gc_r(p1, descr=<FieldP rpyeffect.stored_environment.Stack__2.inst_values_ptr_0 32 pure>)
+583: p41 = getfield_gc_r(p1, descr=<FieldP rpyeffect.stored_environment.Stack__2.inst_values_ptr_1 40 pure>)
+587: p42 = getfield_gc_r(p1, descr=<FieldP rpyeffect.stored_environment.Stack__arb.inst_tail 8 pure>)
debug_merge_point(0, 0, '96<main.rpyeffect:88([k@Name(go_50)#114])>+0: {"op": "Push". "target": 95. "args": {"any": [1. 2]}}')
debug_merge_point(0, 0, '96<main.rpyeffect:88([k@Name(go_50)#114])>+1: {"op": "Swap". "type": "any". "a": 0. "b". 1}')
debug_merge_point(0, 0, '96<main.rpyeffect:88([k@Name(go_50)#114])>+2: {"op": "Invoke". "receiver": 1. "tag": Interned(apply). "args" : {"any": [0]}}')
debug_merge_point(0, 0, '15<main.rpyeffect:7([method_apply@Name(>_2)#16])>+0: {"op": "Jump". "target": 14}')
debug_merge_point(0, 0, '14<main.rpyeffect:6([mcore:[#15]#13])>+0: {"op": "PrimOp". "name": "infixGt(Any. Any): Bool". "out": {"any": [0]}. "in": {"any": [1. 0]}}')
+591: guard_class(p7, ConstClass(IntValue), descr=<Guard0x7f61e175dbb0>) [p2, p7, p9, p11, p13, p15, p17, p19, p21, p23, p25, p27, p29, p31, p33, p35, p37, p0, p1, p3, p4]
+603: guard_nonnull_class(p40, ConstClass(IntValue), descr=<Guard0x7f61e173ebf0>) [p2, p7, p9, p11, p13, p15, p17, p19, p21, p23, p25, p27, p29, p31, p33, p35, p37, p0, p1, p3, p4]
+623: i45 = getfield_gc_i(p7, descr=<FieldS rpyeffect.value.IntValue.inst_value 8 pure>)
+627: i46 = getfield_gc_i(p40, descr=<FieldS rpyeffect.value.IntValue.inst_value 8 pure>)
+632: i47 = int_eq(i45, i46)
+635: guard_false(i47, descr=<Guard0x7f61e175dbe0>) [p2, p7, p9, p11, p13, p15, p17, p19, p21, p23, p25, p27, p29, p31, p33, p35, p37, p0, p1, p3, p4]
+641: i48 = int_lt(i45, i46)
+644: guard_true(i48, descr=<Guard0x7f61e175dc10>) [p2, p7, p9, p11, p13, p15, p17, p19, p21, p23, p25, p27, p29, p31, p33, p35, p37, p0, p1, p3, p4]
debug_merge_point(0, 0, '14<main.rpyeffect:6([mcore:[#15]#13])>+1: {"op": "Return". "args": {"any": [0]}}')
debug_merge_point(0, 0, '95<main.rpyeffect:87([k@[k@Name(go_50)#114]#116])>+0: {"op": "Switch". "scrutinee": 0. "values": [<BoolValue object at 0x7f61e1743640>]. "targets": [88]. "default": 94}')
+650: guard_nonnull(p42, descr=<Guard0x7f61e175dc40>) [p2, p7, p9, p11, p13, p15, p17, p19, p21, p23, p25, p27, p29, p31, p33, p35, p37, p0, p1, p3, p4]
+659: i49 = getfield_gc_i(p42, descr=<FieldS rpyeffect.stored_environment.Stack__arb.inst_target 16 pure>)
+663: guard_value(i49, 146, descr=<Guard0x7f61e175dc70>) [p2, p7, p9, p11, p13, p15, p17, p19, p21, p23, p25, p27, p29, p31, p33, p35, p37, p0, p1, p3, p4]
debug_merge_point(0, 0, '94<main.rpyeffect:86([switch default case#119])>+0: {"op": "Swap". "type": "any". "a": 0. "b". 1}')
debug_merge_point(0, 0, '94<main.rpyeffect:86([switch default case#119])>+1: {"op": "Swap". "type": "any". "a": 2. "b". 1}')
debug_merge_point(0, 0, '94<main.rpyeffect:86([switch default case#119])>+2: {"op": "Switch". "scrutinee": 2. "values": [<BoolValue object at 0x7f61e1743650>]. "targets": [92]. "default": 93}')
debug_merge_point(0, 0, '92<main.rpyeffect:84([switch case for Bool(false)#120])>+0: {"op": "Const". "type": "ptr". "out": 2. "format": "int". "value": "<IntValue object at 0x7f61e1743700>"}')
debug_merge_point(0, 0, '92<main.rpyeffect:84([switch case for Bool(false)#120])>+1: {"op": "Const". "type": "ptr". "out": 3. "format": "string". "value": "Name(Emit_0)"}')
debug_merge_point(0, 0, '92<main.rpyeffect:84([switch case for Bool(false)#120])>+2: {"op": "PrimOp". "name": "getGlobal(String): Ptr". "out": {"any": [3]}. "in": {"any": [3]}}')
debug_merge_point(0, 0, '92<main.rpyeffect:84([switch case for Bool(false)#120])>+3: {"op": "GetDynamic". "out": 2. "n": 2. "label": 3}')
+683: i52 = instance_ptr_eq(p4, ConstPtr(ptr51))
+690: guard_false(i52, descr=<Guard0x7f61e175dca0>) [p2, p7, p9, p11, p13, p15, p17, p19, p21, p23, p25, p27, p29, p31, p33, p35, p37, p0, p1, p3, p4]
+696: guard_nonnull(p0, descr=<Guard0x7f61e175dcd0>) [p2, p7, p9, p11, p13, p15, p17, p19, p21, p23, p25, p27, p29, p31, p33, p35, p37, p0, p1, p3, p4]
+710: i53 = getfield_gc_i(p0, descr=<FieldS rpyeffect.stack.Label.inst_origin 8 pure>)
+721: guard_value(i53, 179231, descr=<Guard0x7f61e175dd00>) [p2, p7, p9, p11, p13, p15, p17, p19, p21, p23, p25, p27, p29, p31, p33, p35, p37, p0, p1, p3, p4]
+741: i56 = instance_ptr_eq(p0, ConstPtr(ptr55))
+744: guard_true(i56, descr=<Guard0x7f61e175dd30>) [p2, p7, p9, p11, p13, p15, p17, p19, p21, p23, p25, p27, p29, p31, p33, p35, p37, p0, p1, p3, p4]
debug_merge_point(0, 0, '92<main.rpyeffect:84([switch case for Bool(false)#120])>+4: {"op": "Push". "target": 91. "args": {"any": [0. 1]}}')
debug_merge_point(0, 0, '92<main.rpyeffect:84([switch case for Bool(false)#120])>+5: {"op": "Copy". "type": "any". "from": 1. "to". 0}')
debug_merge_point(0, 0, '92<main.rpyeffect:84([switch case for Bool(false)#120])>+6: {"op": "Invoke". "receiver": 2. "tag": Interned(Emit_0). "args" : {"any": [0]}}')
+750: p57 = getfield_gc_r(p4, descr=<FieldP rpyeffect.codata.CoData.inst_vtable 8 pure>)
+768: guard_value(p57, ConstPtr(ptr58), descr=<Guard0x7f61e175dd60>) [p2, p7, p9, p11, p13, p15, p17, p19, p21, p23, p25, p27, p29, p31, p33, p35, p37, p0, p1, p3, p4]
debug_merge_point(0, 0, '144<main.rpyeffect:136([method_Emit_0@[mcore:[#63]#272]#274])>+0: {"op": "Const". "type": "ptr". "out": 1. "format": "int". "value": "<IntValue object at 0x7f61e1760420>"}')
debug_merge_point(0, 0, '144<main.rpyeffect:136([method_Emit_0@[mcore:[#63]#272]#274])>+1: {"op": "Const". "type": "ptr". "out": 2. "format": "string". "value": "Name(Emit_0)"}')
debug_merge_point(0, 0, '144<main.rpyeffect:136([method_Emit_0@[mcore:[#63]#272]#274])>+2: {"op": "PrimOp". "name": "getGlobal(String): Ptr". "out": {"any": [2]}. "in": {"any": [2]}}')
debug_merge_point(0, 0, '144<main.rpyeffect:136([method_Emit_0@[mcore:[#63]#272]#274])>+3: {"op": "ShiftDyn". "out": 1. "n": 1. "label": 2}')
+777: guard_nonnull_class(p3, 8692928, descr=<Guard0x7f61e173ec38>) [p2, p7, p9, p11, p13, p15, p17, p19, p21, p23, p25, p27, p29, p31, p33, p35, p37, p0, p1, p3, p4]
+803: p60 = getfield_gc_r(p3, descr=<FieldP rpyeffect.stack.MetaStackLike.inst_stack 8 pure>)
+807: p61 = getfield_gc_r(p3, descr=<FieldP rpyeffect.stack.MetaStack.inst_label 16 pure>)
+811: p62 = getfield_gc_r(p3, descr=<FieldP rpyeffect.stack.MetaStack.inst_tail 32 pure>)
+815: guard_nonnull(p60, descr=<Guard0x7f61e175dd90>) [p2, p7, p9, p11, p13, p15, p17, p19, p21, p23, p25, p27, p29, p31, p33, p35, p37, p0, p1, p3, p4]
+824: i63 = getfield_gc_i(p60, descr=<FieldS rpyeffect.stored_environment.Stack__arb.inst_target 16 pure>)
+828: guard_value(i63, 140, descr=<Guard0x7f61e175ddc0>) [p2, p7, p9, p11, p13, p15, p17, p19, p21, p23, p25, p27, p29, p31, p33, p35, p37, p0, p1, p3, p4]
debug_merge_point(0, 0, '144<main.rpyeffect:136([method_Emit_0@[mcore:[#63]#272]#274])>+4: {"op": "New". "out": 0. "targets": [143]. "args": {"any": [0. 1]}}')
debug_merge_point(0, 0, '144<main.rpyeffect:136([method_Emit_0@[mcore:[#63]#272]#274])>+5: {"op": "Return". "args": {"any": [0]}}')
+841: p65 = getfield_gc_r(p60, descr=<FieldP rpyeffect.stored_environment.Stack__2.inst_values_ptr_0 32 pure>)
+845: p66 = getfield_gc_r(p60, descr=<FieldP rpyeffect.stored_environment.Stack__2.inst_values_ptr_1 40 pure>)
+856: p67 = getfield_gc_r(p60, descr=<FieldP rpyeffect.stored_environment.Stack__arb.inst_tail 8 pure>)
+867: guard_nonnull(p67, descr=<Guard0x7f61e175ddf0>) [p2, p7, p9, p11, p13, p15, p17, p19, p21, p23, p25, p27, p29, p31, p33, p35, p37, p0, p1, p3, p4]
+876: i68 = getfield_gc_i(p67, descr=<FieldS rpyeffect.stored_environment.Stack__arb.inst_target 16 pure>)
+880: guard_value(i68, 173, descr=<Guard0x7f61e175de20>) [p2, p7, p9, p11, p13, p15, p17, p19, p21, p23, p25, p27, p29, p31, p33, p35, p37, p0, p1, p3, p4]
debug_merge_point(0, 0, '140<main.rpyeffect:132([k@[mcore:[#60]#252]#256])>+0: {"op": "Push". "target": 139. "args": {"any": [0. 2]}}')
debug_merge_point(0, 0, '140<main.rpyeffect:132([k@[mcore:[#60]#252]#256])>+1: {"op": "Copy". "type": "any". "from": 1. "to". 0}')
debug_merge_point(0, 0, '140<main.rpyeffect:132([k@[mcore:[#60]#252]#256])>+2: {"op": "Jump". "target": 59}')
debug_merge_point(0, 0, '59<main.rpyeffect:51(Name(+_27))>+0: {"op": "New". "out": 0. "targets": [58]. "args": {"any": [0]}}')
debug_merge_point(0, 0, '59<main.rpyeffect:51(Name(+_27))>+1: {"op": "Return". "args": {"any": [0]}}')
debug_merge_point(0, 0, '139<main.rpyeffect:131([k@[k@[mcore:[#60]#252]#256]#258])>+0: {"op": "Push". "target": 138. "args": {"any": [1. 0. 2]}}')
debug_merge_point(0, 0, '139<main.rpyeffect:131([k@[k@[mcore:[#60]#252]#256]#258])>+1: {"op": "Copy". "type": "any". "from": 2. "to". 0}')
debug_merge_point(0, 0, '139<main.rpyeffect:131([k@[k@[mcore:[#60]#252]#256]#258])>+2: {"op": "Jump". "target": 68}')
debug_merge_point(0, 0, '68<main.rpyeffect:60(Name(*_30))>+0: {"op": "New". "out": 0. "targets": [67]. "args": {"any": [0]}}')
debug_merge_point(0, 0, '68<main.rpyeffect:60(Name(*_30))>+1: {"op": "Return". "args": {"any": [0]}}')
debug_merge_point(0, 0, '138<main.rpyeffect:130([k@[k@[k@[mcore:[#60]#252]#256]#258]#260])>+0: {"op": "Push". "target": 137. "args": {"any": [1. 2]}}')
debug_merge_point(0, 0, '138<main.rpyeffect:130([k@[k@[k@[mcore:[#60]#252]#256]#258]#260])>+1: {"op": "Copy". "type": "any". "from": 0. "to". 1}')
debug_merge_point(0, 0, '138<main.rpyeffect:130([k@[k@[k@[mcore:[#60]#252]#256]#258]#260])>+2: {"op": "Copy". "type": "any". "from": 3. "to". 0}')
debug_merge_point(0, 0, '138<main.rpyeffect:130([k@[k@[k@[mcore:[#60]#252]#256]#258]#260])>+3: {"op": "Invoke". "receiver": 1. "tag": Interned(apply). "args" : {"any": [0]}}')
debug_merge_point(0, 0, '67<main.rpyeffect:59([method_apply@Name(*_30)#89])>+0: {"op": "Jump". "target": 66}')
debug_merge_point(0, 0, '66<main.rpyeffect:58([mcore:[#28]#86])>+0: {"op": "PrimOp". "name": "infixMul(Int. Int): Int". "out": {"any": [0]}. "in": {"any": [1. 0]}}')
+893: i70 = getfield_gc_i(p66, descr=<FieldS rpyeffect.value.IntValue.inst_value 8 pure>)
+898: i71 = int_mul(i70, i70)
debug_merge_point(0, 0, '66<main.rpyeffect:58([mcore:[#28]#86])>+1: {"op": "Return". "args": {"any": [0]}}')
debug_merge_point(0, 0, '137<main.rpyeffect:129([#262])>+0: {"op": "Push". "target": 136. "args": {"any": [1]}}')
debug_merge_point(0, 0, '137<main.rpyeffect:129([#262])>+1: {"op": "Invoke". "receiver": 2. "tag": Interned(apply). "args" : {"any": [0]}}')
debug_merge_point(0, 0, '58<main.rpyeffect:50([method_apply@Name(+_27)#74])>+0: {"op": "Jump". "target": 57}')
debug_merge_point(0, 0, '57<main.rpyeffect:49([mcore:[#25]#71])>+0: {"op": "PrimOp". "name": "infixAdd(Int. Int): Int". "out": {"any": [0]}. "in": {"any": [1. 0]}}')
+902: i72 = getfield_gc_i(p65, descr=<FieldS rpyeffect.value.IntValue.inst_value 8 pure>)
+906: i73 = int_add(i72, i71)
debug_merge_point(0, 0, '57<main.rpyeffect:49([mcore:[#25]#71])>+1: {"op": "Return". "args": {"any": [0]}}')
debug_merge_point(0, 0, '136<main.rpyeffect:128([k@[#262]#264])>+0: {"op": "Push". "target": 135. "args": {"any": [1]}}')
debug_merge_point(0, 0, '136<main.rpyeffect:128([k@[#262]#264])>+1: {"op": "Jump". "target": 65}')
debug_merge_point(0, 0, '65<main.rpyeffect:57(Name(mod_29))>+0: {"op": "New". "out": 0. "targets": [64]. "args": {"any": [0]}}')
debug_merge_point(0, 0, '65<main.rpyeffect:57(Name(mod_29))>+1: {"op": "Return". "args": {"any": [0]}}')
debug_merge_point(0, 0, '135<main.rpyeffect:127([k@[k@[#262]#264]#266])>+0: {"op": "Const". "type": "ptr". "out": 2. "format": "int". "value": "<IntValue object at 0x7f61e17439e0>"}')
debug_merge_point(0, 0, '135<main.rpyeffect:127([k@[k@[#262]#264]#266])>+1: {"op": "Push". "target": 134. "args": {"any": [1]}}')
debug_merge_point(0, 0, '135<main.rpyeffect:127([k@[k@[#262]#264]#266])>+2: {"op": "Copy". "type": "any". "from": 0. "to". 1}')
debug_merge_point(0, 0, '135<main.rpyeffect:127([k@[k@[#262]#264]#266])>+3: {"op": "Copy". "type": "any". "from": 2. "to". 0}')
debug_merge_point(0, 0, '135<main.rpyeffect:127([k@[k@[#262]#264]#266])>+4: {"op": "Invoke". "receiver": 1. "tag": Interned(apply). "args" : {"any": [0]}}')
debug_merge_point(0, 0, '64<main.rpyeffect:56([method_apply@Name(mod_29)#84])>+0: {"op": "Jump". "target": 63}')
debug_merge_point(0, 0, '63<main.rpyeffect:55([mcore:[#27]#81])>+0: {"op": "PrimOp". "name": "mod(Int. Int): Int". "out": {"any": [0]}. "in": {"any": [1. 0]}}')
+909: i75 = int_rshift(i73, 63)
+916: i76 = int_xor(i73, i75)
+922: i78 = uint_mul_high(i76, -9086255505087856445)
+935: i80 = uint_rshift(i78, 9)
+939: i81 = int_xor(i80, i75)
+942: i83 = int_mul(i81, 1009)
+949: i84 = int_sub(i73, i83)
debug_merge_point(0, 0, '63<main.rpyeffect:55([mcore:[#27]#81])>+1: {"op": "Return". "args": {"any": [0]}}')
debug_merge_point(0, 0, '134<main.rpyeffect:126([k@[k@[k@[#262]#264]#266]#270])>+0: {"op": "Invoke". "receiver": 1. "tag": Interned(apply). "args" : {"any": [0]}}')
debug_merge_point(0, 0, '143<main.rpyeffect:135([#282])>+0: {"op": "Jump". "target": 141}')
debug_merge_point(0, 0, '141<main.rpyeffect:133([mcore:[#60]#252])>+0: {"op": "Construct". "out": 3. "type": Interned({"op": "eff$Tuple". "elements": []}). "tag": Interned({"op": "eff$Tuple". "elements": []}). "args": {"any": []}}')
debug_merge_point(0, 0, '141<main.rpyeffect:133([mcore:[#60]#252])>+1: {"op": "Push". "target": 140. "args": {"any": [0. 1]}}')
debug_merge_point(0, 0, '141<main.rpyeffect:133([mcore:[#60]#252])>+2: {"op": "Copy". "type": "any". "from": 3. "to". 0}')
debug_merge_point(0, 0, '141<main.rpyeffect:133([mcore:[#60]#252])>+3: {"op": "Copy". "type": "any". "from": 2. "to". 1}')
debug_merge_point(0, 0, '141<main.rpyeffect:133([mcore:[#60]#252])>+4: {"op": "Jump". "target": 133}')
debug_merge_point(0, 0, '133<main.rpyeffect:125(Name(k_105))>+0: {"op": "PushStack". "arg": 1}')
debug_merge_point(0, 0, '133<main.rpyeffect:125(Name(k_105))>+1: {"op": "Return". "args": {"any": [0]}}')
debug_merge_point(0, 0, '91<main.rpyeffect:83([k@[switch case for Bool(false)#120]#128])>+0: {"op": "Push". "target": 90. "args": {"any": [1]}}')
debug_merge_point(0, 0, '91<main.rpyeffect:83([k@[switch case for Bool(false)#120]#128])>+1: {"op": "Copy". "type": "any". "from": 2. "to". 0}')
debug_merge_point(0, 0, '91<main.rpyeffect:83([k@[switch case for Bool(false)#120]#128])>+2: {"op": "Jump". "target": 59}')
debug_merge_point(0, 0, '59<main.rpyeffect:51(Name(+_27))>+0: {"op": "New". "out": 0. "targets": [58]. "args": {"any": [0]}}')
debug_merge_point(0, 0, '59<main.rpyeffect:51(Name(+_27))>+1: {"op": "Return". "args": {"any": [0]}}')
debug_merge_point(0, 0, '90<main.rpyeffect:82([#130])>+0: {"op": "Const". "type": "ptr". "out": 2. "format": "int". "value": "<IntValue object at 0x7f61e1743750>"}')
debug_merge_point(0, 0, '90<main.rpyeffect:82([#130])>+1: {"op": "Push". "target": 89. "args": {"any": [1]}}')
debug_merge_point(0, 0, '90<main.rpyeffect:82([#130])>+2: {"op": "Copy". "type": "any". "from": 0. "to". 1}')
debug_merge_point(0, 0, '90<main.rpyeffect:82([#130])>+3: {"op": "Copy". "type": "any". "from": 2. "to". 0}')
debug_merge_point(0, 0, '90<main.rpyeffect:82([#130])>+4: {"op": "Invoke". "receiver": 1. "tag": Interned(apply). "args" : {"any": [0]}}')
debug_merge_point(0, 0, '58<main.rpyeffect:50([method_apply@Name(+_27)#74])>+0: {"op": "Jump". "target": 57}')
debug_merge_point(0, 0, '57<main.rpyeffect:49([mcore:[#25]#71])>+0: {"op": "PrimOp". "name": "infixAdd(Int. Int): Int". "out": {"any": [0]}. "in": {"any": [1. 0]}}')
+952: i85 = getfield_gc_i(p41, descr=<FieldS rpyeffect.value.IntValue.inst_value 8 pure>)
+956: i87 = int_add(i85, 1)
debug_merge_point(0, 0, '57<main.rpyeffect:49([mcore:[#25]#71])>+1: {"op": "Return". "args": {"any": [0]}}')
debug_merge_point(0, 0, '89<main.rpyeffect:81([k@[#130]#134])>+0: {"op": "Const". "type": "ptr". "out": 2. "format": "string". "value": "Name(Emit_0)"}')
debug_merge_point(0, 0, '89<main.rpyeffect:81([k@[#130]#134])>+1: {"op": "PrimOp". "name": "getGlobal(String): Ptr". "out": {"any": [2]}. "in": {"any": [2]}}')
debug_merge_point(0, 0, '89<main.rpyeffect:81([k@[#130]#134])>+2: {"op": "Swap". "type": "any". "a": 2. "b". 1}')
debug_merge_point(0, 0, '89<main.rpyeffect:81([k@[#130]#134])>+3: {"op": "Jump". "target": 97}')
debug_merge_point(0, 0, '97<main.rpyeffect:89(Name(go_50))>+0: {"op": "Push". "target": 96. "args": {"any": [2. 0]}}')
debug_merge_point(0, 0, '97<main.rpyeffect:89(Name(go_50))>+1: {"op": "Jump". "target": 16}')
debug_merge_point(0, 0, '16<main.rpyeffect:8(Name(>_2))>+0: {"op": "New". "out": 0. "targets": [15]. "args": {"any": [0]}}')
+960: label(p0, p42, p40, i87, p2, p67, i84, p41, p61, p62, p4, p15, p17, p19, p21, p23, p25, p27, p29, p31, p33, p35, p37, i46, i85, descr=TargetToken(140058371068192))
debug_merge_point(0, 0, '16<main.rpyeffect:8(Name(>_2))>+0: {"op": "New". "out": 0. "targets": [15]. "args": {"any": [0]}}')
+992: guard_not_invalidated(descr=<Guard0x7f61e173ec80>) [p2, p40, p15, p17, p19, p21, p23, p25, p27, p29, p31, p33, p35, p37, p0, p4, i84, p41, p67, p62, p61, p42, i87]
debug_merge_point(0, 0, '16<main.rpyeffect:8(Name(>_2))>+1: {"op": "Return". "args": {"any": [0]}}')
debug_merge_point(0, 0, '96<main.rpyeffect:88([k@Name(go_50)#114])>+0: {"op": "Push". "target": 95. "args": {"any": [1. 2]}}')
debug_merge_point(0, 0, '96<main.rpyeffect:88([k@Name(go_50)#114])>+1: {"op": "Swap". "type": "any". "a": 0. "b". 1}')
debug_merge_point(0, 0, '96<main.rpyeffect:88([k@Name(go_50)#114])>+2: {"op": "Invoke". "receiver": 1. "tag": Interned(apply). "args" : {"any": [0]}}')
debug_merge_point(0, 0, '15<main.rpyeffect:7([method_apply@Name(>_2)#16])>+0: {"op": "Jump". "target": 14}')
debug_merge_point(0, 0, '14<main.rpyeffect:6([mcore:[#15]#13])>+0: {"op": "PrimOp". "name": "infixGt(Any. Any): Bool". "out": {"any": [0]}. "in": {"any": [1. 0]}}')
+992: i88 = int_eq(i87, i46)
+995: guard_false(i88, descr=<Guard0x7f61e175de50>) [p2, p40, p15, p17, p19, p21, p23, p25, p27, p29, p31, p33, p35, p37, p0, p4, i84, p41, p67, p62, p61, p42, i87]
+1001: i89 = int_lt(i87, i46)
+1004: guard_true(i89, descr=<Guard0x7f61e175de80>) [p2, p40, p15, p17, p19, p21, p23, p25, p27, p29, p31, p33, p35, p37, p0, p4, i84, p41, p67, p62, p61, p42, i87]
debug_merge_point(0, 0, '14<main.rpyeffect:6([mcore:[#15]#13])>+1: {"op": "Return". "args": {"any": [0]}}')
debug_merge_point(0, 0, '95<main.rpyeffect:87([k@[k@Name(go_50)#114]#116])>+0: {"op": "Switch". "scrutinee": 0. "values": [<BoolValue object at 0x7f61e1743640>]. "targets": [88]. "default": 94}')
debug_merge_point(0, 0, '94<main.rpyeffect:86([switch default case#119])>+0: {"op": "Swap". "type": "any". "a": 0. "b". 1}')
debug_merge_point(0, 0, '94<main.rpyeffect:86([switch default case#119])>+1: {"op": "Swap". "type": "any". "a": 2. "b". 1}')
debug_merge_point(0, 0, '94<main.rpyeffect:86([switch default case#119])>+2: {"op": "Switch". "scrutinee": 2. "values": [<BoolValue object at 0x7f61e1743650>]. "targets": [92]. "default": 93}')
debug_merge_point(0, 0, '92<main.rpyeffect:84([switch case for Bool(false)#120])>+0: {"op": "Const". "type": "ptr". "out": 2. "format": "int". "value": "<IntValue object at 0x7f61e1743700>"}')
debug_merge_point(0, 0, '92<main.rpyeffect:84([switch case for Bool(false)#120])>+1: {"op": "Const". "type": "ptr". "out": 3. "format": "string". "value": "Name(Emit_0)"}')
debug_merge_point(0, 0, '92<main.rpyeffect:84([switch case for Bool(false)#120])>+2: {"op": "PrimOp". "name": "getGlobal(String): Ptr". "out": {"any": [3]}. "in": {"any": [3]}}')
debug_merge_point(0, 0, '92<main.rpyeffect:84([switch case for Bool(false)#120])>+3: {"op": "GetDynamic". "out": 2. "n": 2. "label": 3}')
debug_merge_point(0, 0, '92<main.rpyeffect:84([switch case for Bool(false)#120])>+4: {"op": "Push". "target": 91. "args": {"any": [0. 1]}}')
debug_merge_point(0, 0, '92<main.rpyeffect:84([switch case for Bool(false)#120])>+5: {"op": "Copy". "type": "any". "from": 1. "to". 0}')
debug_merge_point(0, 0, '92<main.rpyeffect:84([switch case for Bool(false)#120])>+6: {"op": "Invoke". "receiver": 2. "tag": Interned(Emit_0). "args" : {"any": [0]}}')
debug_merge_point(0, 0, '144<main.rpyeffect:136([method_Emit_0@[mcore:[#63]#272]#274])>+0: {"op": "Const". "type": "ptr". "out": 1. "format": "int". "value": "<IntValue object at 0x7f61e1760420>"}')
debug_merge_point(0, 0, '144<main.rpyeffect:136([method_Emit_0@[mcore:[#63]#272]#274])>+1: {"op": "Const". "type": "ptr". "out": 2. "format": "string". "value": "Name(Emit_0)"}')
debug_merge_point(0, 0, '144<main.rpyeffect:136([method_Emit_0@[mcore:[#63]#272]#274])>+2: {"op": "PrimOp". "name": "getGlobal(String): Ptr". "out": {"any": [2]}. "in": {"any": [2]}}')
debug_merge_point(0, 0, '144<main.rpyeffect:136([method_Emit_0@[mcore:[#63]#272]#274])>+3: {"op": "ShiftDyn". "out": 1. "n": 1. "label": 2}')
debug_merge_point(0, 0, '144<main.rpyeffect:136([method_Emit_0@[mcore:[#63]#272]#274])>+4: {"op": "New". "out": 0. "targets": [143]. "args": {"any": [0. 1]}}')
debug_merge_point(0, 0, '144<main.rpyeffect:136([method_Emit_0@[mcore:[#63]#272]#274])>+5: {"op": "Return". "args": {"any": [0]}}')
debug_merge_point(0, 0, '140<main.rpyeffect:132([k@[mcore:[#60]#252]#256])>+0: {"op": "Push". "target": 139. "args": {"any": [0. 2]}}')
debug_merge_point(0, 0, '140<main.rpyeffect:132([k@[mcore:[#60]#252]#256])>+1: {"op": "Copy". "type": "any". "from": 1. "to". 0}')
debug_merge_point(0, 0, '140<main.rpyeffect:132([k@[mcore:[#60]#252]#256])>+2: {"op": "Jump". "target": 59}')
debug_merge_point(0, 0, '59<main.rpyeffect:51(Name(+_27))>+0: {"op": "New". "out": 0. "targets": [58]. "args": {"any": [0]}}')
debug_merge_point(0, 0, '59<main.rpyeffect:51(Name(+_27))>+1: {"op": "Return". "args": {"any": [0]}}')
debug_merge_point(0, 0, '139<main.rpyeffect:131([k@[k@[mcore:[#60]#252]#256]#258])>+0: {"op": "Push". "target": 138. "args": {"any": [1. 0. 2]}}')
debug_merge_point(0, 0, '139<main.rpyeffect:131([k@[k@[mcore:[#60]#252]#256]#258])>+1: {"op": "Copy". "type": "any". "from": 2. "to". 0}')
debug_merge_point(0, 0, '139<main.rpyeffect:131([k@[k@[mcore:[#60]#252]#256]#258])>+2: {"op": "Jump". "target": 68}')
debug_merge_point(0, 0, '68<main.rpyeffect:60(Name(*_30))>+0: {"op": "New". "out": 0. "targets": [67]. "args": {"any": [0]}}')
debug_merge_point(0, 0, '68<main.rpyeffect:60(Name(*_30))>+1: {"op": "Return". "args": {"any": [0]}}')
debug_merge_point(0, 0, '138<main.rpyeffect:130([k@[k@[k@[mcore:[#60]#252]#256]#258]#260])>+0: {"op": "Push". "target": 137. "args": {"any": [1. 2]}}')
debug_merge_point(0, 0, '138<main.rpyeffect:130([k@[k@[k@[mcore:[#60]#252]#256]#258]#260])>+1: {"op": "Copy". "type": "any". "from": 0. "to". 1}')
debug_merge_point(0, 0, '138<main.rpyeffect:130([k@[k@[k@[mcore:[#60]#252]#256]#258]#260])>+2: {"op": "Copy". "type": "any". "from": 3. "to". 0}')
debug_merge_point(0, 0, '138<main.rpyeffect:130([k@[k@[k@[mcore:[#60]#252]#256]#258]#260])>+3: {"op": "Invoke". "receiver": 1. "tag": Interned(apply). "args" : {"any": [0]}}')
debug_merge_point(0, 0, '67<main.rpyeffect:59([method_apply@Name(*_30)#89])>+0: {"op": "Jump". "target": 66}')
debug_merge_point(0, 0, '66<main.rpyeffect:58([mcore:[#28]#86])>+0: {"op": "PrimOp". "name": "infixMul(Int. Int): Int". "out": {"any": [0]}. "in": {"any": [1. 0]}}')
+1010: i90 = int_mul(i85, i85)
debug_merge_point(0, 0, '66<main.rpyeffect:58([mcore:[#28]#86])>+1: {"op": "Return". "args": {"any": [0]}}')
debug_merge_point(0, 0, '137<main.rpyeffect:129([#262])>+0: {"op": "Push". "target": 136. "args": {"any": [1]}}')
debug_merge_point(0, 0, '137<main.rpyeffect:129([#262])>+1: {"op": "Invoke". "receiver": 2. "tag": Interned(apply). "args" : {"any": [0]}}')
debug_merge_point(0, 0, '58<main.rpyeffect:50([method_apply@Name(+_27)#74])>+0: {"op": "Jump". "target": 57}')
debug_merge_point(0, 0, '57<main.rpyeffect:49([mcore:[#25]#71])>+0: {"op": "PrimOp". "name": "infixAdd(Int. Int): Int". "out": {"any": [0]}. "in": {"any": [1. 0]}}')
+1014: i91 = int_add(i84, i90)
debug_merge_point(0, 0, '57<main.rpyeffect:49([mcore:[#25]#71])>+1: {"op": "Return". "args": {"any": [0]}}')
debug_merge_point(0, 0, '136<main.rpyeffect:128([k@[#262]#264])>+0: {"op": "Push". "target": 135. "args": {"any": [1]}}')
debug_merge_point(0, 0, '136<main.rpyeffect:128([k@[#262]#264])>+1: {"op": "Jump". "target": 65}')
debug_merge_point(0, 0, '65<main.rpyeffect:57(Name(mod_29))>+0: {"op": "New". "out": 0. "targets": [64]. "args": {"any": [0]}}')
debug_merge_point(0, 0, '65<main.rpyeffect:57(Name(mod_29))>+1: {"op": "Return". "args": {"any": [0]}}')
debug_merge_point(0, 0, '135<main.rpyeffect:127([k@[k@[#262]#264]#266])>+0: {"op": "Const". "type": "ptr". "out": 2. "format": "int". "value": "<IntValue object at 0x7f61e17439e0>"}')
debug_merge_point(0, 0, '135<main.rpyeffect:127([k@[k@[#262]#264]#266])>+1: {"op": "Push". "target": 134. "args": {"any": [1]}}')
debug_merge_point(0, 0, '135<main.rpyeffect:127([k@[k@[#262]#264]#266])>+2: {"op": "Copy". "type": "any". "from": 0. "to". 1}')
debug_merge_point(0, 0, '135<main.rpyeffect:127([k@[k@[#262]#264]#266])>+3: {"op": "Copy". "type": "any". "from": 2. "to". 0}')
debug_merge_point(0, 0, '135<main.rpyeffect:127([k@[k@[#262]#264]#266])>+4: {"op": "Invoke". "receiver": 1. "tag": Interned(apply). "args" : {"any": [0]}}')
debug_merge_point(0, 0, '64<main.rpyeffect:56([method_apply@Name(mod_29)#84])>+0: {"op": "Jump". "target": 63}')
debug_merge_point(0, 0, '63<main.rpyeffect:55([mcore:[#27]#81])>+0: {"op": "PrimOp". "name": "mod(Int. Int): Int". "out": {"any": [0]}. "in": {"any": [1. 0]}}')
+1017: i93 = int_rshift(i91, 63)
+1024: i94 = int_xor(i91, i93)
+1030: i96 = uint_mul_high(i94, -9086255505087856445)
+1043: i98 = uint_rshift(i96, 9)
+1047: i99 = int_xor(i98, i93)
+1050: i101 = int_mul(i99, 1009)
+1057: i102 = int_sub(i91, i101)
debug_merge_point(0, 0, '63<main.rpyeffect:55([mcore:[#27]#81])>+1: {"op": "Return". "args": {"any": [0]}}')
debug_merge_point(0, 0, '134<main.rpyeffect:126([k@[k@[k@[#262]#264]#266]#270])>+0: {"op": "Invoke". "receiver": 1. "tag": Interned(apply). "args" : {"any": [0]}}')
debug_merge_point(0, 0, '143<main.rpyeffect:135([#282])>+0: {"op": "Jump". "target": 141}')
debug_merge_point(0, 0, '141<main.rpyeffect:133([mcore:[#60]#252])>+0: {"op": "Construct". "out": 3. "type": Interned({"op": "eff$Tuple". "elements": []}). "tag": Interned({"op": "eff$Tuple". "elements": []}). "args": {"any": []}}')
debug_merge_point(0, 0, '141<main.rpyeffect:133([mcore:[#60]#252])>+1: {"op": "Push". "target": 140. "args": {"any": [0. 1]}}')
debug_merge_point(0, 0, '141<main.rpyeffect:133([mcore:[#60]#252])>+2: {"op": "Copy". "type": "any". "from": 3. "to". 0}')
debug_merge_point(0, 0, '141<main.rpyeffect:133([mcore:[#60]#252])>+3: {"op": "Copy". "type": "any". "from": 2. "to". 1}')
debug_merge_point(0, 0, '141<main.rpyeffect:133([mcore:[#60]#252])>+4: {"op": "Jump". "target": 133}')
debug_merge_point(0, 0, '133<main.rpyeffect:125(Name(k_105))>+0: {"op": "PushStack". "arg": 1}')
debug_merge_point(0, 0, '133<main.rpyeffect:125(Name(k_105))>+1: {"op": "Return". "args": {"any": [0]}}')
debug_merge_point(0, 0, '91<main.rpyeffect:83([k@[switch case for Bool(false)#120]#128])>+0: {"op": "Push". "target": 90. "args": {"any": [1]}}')
debug_merge_point(0, 0, '91<main.rpyeffect:83([k@[switch case for Bool(false)#120]#128])>+1: {"op": "Copy". "type": "any". "from": 2. "to". 0}')
debug_merge_point(0, 0, '91<main.rpyeffect:83([k@[switch case for Bool(false)#120]#128])>+2: {"op": "Jump". "target": 59}')
debug_merge_point(0, 0, '59<main.rpyeffect:51(Name(+_27))>+0: {"op": "New". "out": 0. "targets": [58]. "args": {"any": [0]}}')
debug_merge_point(0, 0, '59<main.rpyeffect:51(Name(+_27))>+1: {"op": "Return". "args": {"any": [0]}}')
debug_merge_point(0, 0, '90<main.rpyeffect:82([#130])>+0: {"op": "Const". "type": "ptr". "out": 2. "format": "int". "value": "<IntValue object at 0x7f61e1743750>"}')
debug_merge_point(0, 0, '90<main.rpyeffect:82([#130])>+1: {"op": "Push". "target": 89. "args": {"any": [1]}}')
debug_merge_point(0, 0, '90<main.rpyeffect:82([#130])>+2: {"op": "Copy". "type": "any". "from": 0. "to". 1}')
debug_merge_point(0, 0, '90<main.rpyeffect:82([#130])>+3: {"op": "Copy". "type": "any". "from": 2. "to". 0}')
debug_merge_point(0, 0, '90<main.rpyeffect:82([#130])>+4: {"op": "Invoke". "receiver": 1. "tag": Interned(apply). "args" : {"any": [0]}}')
debug_merge_point(0, 0, '58<main.rpyeffect:50([method_apply@Name(+_27)#74])>+0: {"op": "Jump". "target": 57}')
debug_merge_point(0, 0, '57<main.rpyeffect:49([mcore:[#25]#71])>+0: {"op": "PrimOp". "name": "infixAdd(Int. Int): Int". "out": {"any": [0]}. "in": {"any": [1. 0]}}')
+1060: i104 = int_add(i87, 1)
debug_merge_point(0, 0, '57<main.rpyeffect:49([mcore:[#25]#71])>+1: {"op": "Return". "args": {"any": [0]}}')
debug_merge_point(0, 0, '89<main.rpyeffect:81([k@[#130]#134])>+0: {"op": "Const". "type": "ptr". "out": 2. "format": "string". "value": "Name(Emit_0)"}')
debug_merge_point(0, 0, '89<main.rpyeffect:81([k@[#130]#134])>+1: {"op": "PrimOp". "name": "getGlobal(String): Ptr". "out": {"any": [2]}. "in": {"any": [2]}}')
debug_merge_point(0, 0, '89<main.rpyeffect:81([k@[#130]#134])>+2: {"op": "Swap". "type": "any". "a": 2. "b". 1}')
debug_merge_point(0, 0, '89<main.rpyeffect:81([k@[#130]#134])>+3: {"op": "Jump". "target": 97}')
debug_merge_point(0, 0, '97<main.rpyeffect:89(Name(go_50))>+0: {"op": "Push". "target": 96. "args": {"any": [2. 0]}}')
debug_merge_point(0, 0, '97<main.rpyeffect:89(Name(go_50))>+1: {"op": "Jump". "target": 16}')
debug_merge_point(0, 0, '16<main.rpyeffect:8(Name(>_2))>+0: {"op": "New". "out": 0. "targets": [15]. "args": {"any": [0]}}')
+1064: p105 = new_with_vtable(descr=<SizeDescr 16>)
+1105: setfield_gc(p105, i87, descr=<FieldS rpyeffect.value.IntValue.inst_value 8 pure>)
+1109: jump(p0, p42, p40, i104, p2, p67, i102, p105, p61, p62, p4, p15, p17, p19, p21, p23, p25, p27, p29, p31, p33, p35, p37, i46, i87, descr=TargetToken(140058371068192))
+1136: --end of the loop--
[63dd4857d9d3] jit-log-opt-loop}
[63dd60458157] {jit-log-opt-bridge
# bridge out of Guard 0x7f61e175dc70 with 151 ops
[p0, p1, p2, p3, p4, p5, p6, p7, p8, p9, p10, p11, p12, p13, p14, p15, p16, p17, p18, p19, p20]
+206: guard_not_invalidated(descr=<Guard0x7f61e173ee30>) [p0, p1, p2, p3, p4, p5, p6, p7, p8, p9, p10, p11, p12, p13, p14, p15, p16, p17, p18, p19, p20]
debug_merge_point(0, 0, '16<main.rpyeffect:8(Name(>_2))>+1: {"op": "Return". "args": {"any": [0]}}')
+206: guard_nonnull(p18, descr=<Guard0x7f61e177f340>) [p0, p1, p2, p3, p4, p5, p6, p7, p8, p9, p10, p11, p12, p13, p14, p15, p16, p17, p18, p19, p20]
+215: i21 = getfield_gc_i(p18, descr=<FieldS rpyeffect.stored_environment.Stack__arb.inst_target 16 pure>)
+219: guard_value(i21, 96, descr=<Guard0x7f61e177f370>) [p0, p1, p2, p3, p4, p5, p6, p7, p8, p9, p10, p11, p12, p13, p14, p15, p16, p17, p18, p19, p20]
+229: p23 = getfield_gc_r(p18, descr=<FieldP rpyeffect.stored_environment.Stack__2.inst_values_ptr_0 32 pure>)
+233: p24 = getfield_gc_r(p18, descr=<FieldP rpyeffect.stored_environment.Stack__2.inst_values_ptr_1 40 pure>)
+237: p25 = getfield_gc_r(p18, descr=<FieldP rpyeffect.stored_environment.Stack__arb.inst_tail 8 pure>)
debug_merge_point(0, 0, '96<main.rpyeffect:88([k@Name(go_50)#114])>+0: {"op": "Push". "target": 95. "args": {"any": [1. 2]}}')
debug_merge_point(0, 0, '96<main.rpyeffect:88([k@Name(go_50)#114])>+1: {"op": "Swap". "type": "any". "a": 0. "b". 1}')
debug_merge_point(0, 0, '96<main.rpyeffect:88([k@Name(go_50)#114])>+2: {"op": "Invoke". "receiver": 1. "tag": Interned(apply). "args" : {"any": [0]}}')
debug_merge_point(0, 0, '15<main.rpyeffect:7([method_apply@Name(>_2)#16])>+0: {"op": "Jump". "target": 14}')
debug_merge_point(0, 0, '14<main.rpyeffect:6([mcore:[#15]#13])>+0: {"op": "PrimOp". "name": "infixGt(Any. Any): Bool". "out": {"any": [0]}. "in": {"any": [1. 0]}}')
+241: guard_class(p1, ConstClass(IntValue), descr=<Guard0x7f61e177f3a0>) [p0, p1, p2, p3, p4, p5, p6, p7, p8, p9, p10, p11, p12, p13, p14, p15, p16, p17, p18, p19, p20]
+253: guard_nonnull_class(p23, ConstClass(IntValue), descr=<Guard0x7f61e173ee78>) [p0, p1, p2, p3, p4, p5, p6, p7, p8, p9, p10, p11, p12, p13, p14, p15, p16, p17, p18, p19, p20]
+272: i28 = getfield_gc_i(p1, descr=<FieldS rpyeffect.value.IntValue.inst_value 8 pure>)
+276: i29 = getfield_gc_i(p23, descr=<FieldS rpyeffect.value.IntValue.inst_value 8 pure>)
+280: i30 = int_eq(i28, i29)
+283: guard_false(i30, descr=<Guard0x7f61e177f3d0>) [p0, p1, p2, p3, p4, p5, p6, p7, p8, p9, p10, p11, p12, p13, p14, p15, p16, p17, p18, p19, p20]
+289: i31 = int_lt(i28, i29)
+292: guard_true(i31, descr=<Guard0x7f61e177f400>) [p0, p1, p2, p3, p4, p5, p6, p7, p8, p9, p10, p11, p12, p13, p14, p15, p16, p17, p18, p19, p20]
debug_merge_point(0, 0, '14<main.rpyeffect:6([mcore:[#15]#13])>+1: {"op": "Return". "args": {"any": [0]}}')
debug_merge_point(0, 0, '95<main.rpyeffect:87([k@[k@Name(go_50)#114]#116])>+0: {"op": "Switch". "scrutinee": 0. "values": [<BoolValue object at 0x7f61e1743640>]. "targets": [88]. "default": 94}')
+298: guard_nonnull(p25, descr=<Guard0x7f61e177f430>) [p0, p1, p2, p3, p4, p5, p6, p7, p8, p9, p10, p11, p12, p13, p14, p15, p16, p17, p18, p19, p20]
+307: i32 = getfield_gc_i(p25, descr=<FieldS rpyeffect.stored_environment.Stack__arb.inst_target 16 pure>)
+311: guard_value(i32, 110, descr=<Guard0x7f61e177f460>) [p0, p1, p2, p3, p4, p5, p6, p7, p8, p9, p10, p11, p12, p13, p14, p15, p16, p17, p18, p19, p20]
debug_merge_point(0, 0, '94<main.rpyeffect:86([switch default case#119])>+0: {"op": "Swap". "type": "any". "a": 0. "b". 1}')
debug_merge_point(0, 0, '94<main.rpyeffect:86([switch default case#119])>+1: {"op": "Swap". "type": "any". "a": 2. "b". 1}')
debug_merge_point(0, 0, '94<main.rpyeffect:86([switch default case#119])>+2: {"op": "Switch". "scrutinee": 2. "values": [<BoolValue object at 0x7f61e1743650>]. "targets": [92]. "default": 93}')
debug_merge_point(0, 0, '92<main.rpyeffect:84([switch case for Bool(false)#120])>+0: {"op": "Const". "type": "ptr". "out": 2. "format": "int". "value": "<IntValue object at 0x7f61e1743700>"}')
debug_merge_point(0, 0, '92<main.rpyeffect:84([switch case for Bool(false)#120])>+1: {"op": "Const". "type": "ptr". "out": 3. "format": "string". "value": "Name(Emit_0)"}')
debug_merge_point(0, 0, '92<main.rpyeffect:84([switch case for Bool(false)#120])>+2: {"op": "PrimOp". "name": "getGlobal(String): Ptr". "out": {"any": [3]}. "in": {"any": [3]}}')
debug_merge_point(0, 0, '92<main.rpyeffect:84([switch case for Bool(false)#120])>+3: {"op": "GetDynamic". "out": 2. "n": 2. "label": 3}')
+328: i35 = instance_ptr_eq(p20, ConstPtr(ptr34))
+335: guard_false(i35, descr=<Guard0x7f61e177f490>) [p0, p1, p2, p3, p4, p5, p6, p7, p8, p9, p10, p11, p12, p13, p14, p15, p16, p17, p18, p19, p20]
+341: guard_nonnull(p17, descr=<Guard0x7f61e177f4c0>) [p0, p1, p2, p3, p4, p5, p6, p7, p8, p9, p10, p11, p12, p13, p14, p15, p16, p17, p18, p19, p20]
+355: i36 = getfield_gc_i(p17, descr=<FieldS rpyeffect.stack.Label.inst_origin 8 pure>)
+367: guard_value(i36, 179231, descr=<Guard0x7f61e177f4f0>) [p0, p1, p2, p3, p4, p5, p6, p7, p8, p9, p10, p11, p12, p13, p14, p15, p16, p17, p18, p19, p20]
+387: i39 = instance_ptr_eq(p17, ConstPtr(ptr38))
+390: guard_true(i39, descr=<Guard0x7f61e177f520>) [p0, p1, p2, p3, p4, p5, p6, p7, p8, p9, p10, p11, p12, p13, p14, p15, p16, p17, p18, p19, p20]
debug_merge_point(0, 0, '92<main.rpyeffect:84([switch case for Bool(false)#120])>+4: {"op": "Push". "target": 91. "args": {"any": [0. 1]}}')
debug_merge_point(0, 0, '92<main.rpyeffect:84([switch case for Bool(false)#120])>+5: {"op": "Copy". "type": "any". "from": 1. "to". 0}')
debug_merge_point(0, 0, '92<main.rpyeffect:84([switch case for Bool(false)#120])>+6: {"op": "Invoke". "receiver": 2. "tag": Interned(Emit_0). "args" : {"any": [0]}}')
+396: p40 = getfield_gc_r(p20, descr=<FieldP rpyeffect.codata.CoData.inst_vtable 8 pure>)
+414: guard_value(p40, ConstPtr(ptr41), descr=<Guard0x7f61e177f550>) [p0, p1, p2, p3, p4, p5, p6, p7, p8, p9, p10, p11, p12, p13, p14, p15, p16, p17, p18, p19, p20]
debug_merge_point(0, 0, '108<main.rpyeffect:100([method_Emit_0@[mcore:[#42]#162]#164])>+0: {"op": "Const". "type": "ptr". "out": 1. "format": "int". "value": "<IntValue object at 0x7f61e1743460>"}')
debug_merge_point(0, 0, '108<main.rpyeffect:100([method_Emit_0@[mcore:[#42]#162]#164])>+1: {"op": "Const". "type": "ptr". "out": 2. "format": "string". "value": "Name(Emit_0)"}')
debug_merge_point(0, 0, '108<main.rpyeffect:100([method_Emit_0@[mcore:[#42]#162]#164])>+2: {"op": "PrimOp". "name": "getGlobal(String): Ptr". "out": {"any": [2]}. "in": {"any": [2]}}')
debug_merge_point(0, 0, '108<main.rpyeffect:100([method_Emit_0@[mcore:[#42]#162]#164])>+3: {"op": "ShiftDyn". "out": 1. "n": 1. "label": 2}')
+423: guard_nonnull_class(p19, 8692928, descr=<Guard0x7f61e173eec0>) [p0, p1, p2, p3, p4, p5, p6, p7, p8, p9, p10, p11, p12, p13, p14, p15, p16, p17, p18, p19, p20]
+448: p43 = getfield_gc_r(p19, descr=<FieldP rpyeffect.stack.MetaStackLike.inst_stack 8 pure>)
+452: p44 = getfield_gc_r(p19, descr=<FieldP rpyeffect.stack.MetaStack.inst_label 16 pure>)
+456: p45 = getfield_gc_r(p19, descr=<FieldP rpyeffect.stack.MetaStack.inst_tail 32 pure>)
+460: guard_nonnull(p43, descr=<Guard0x7f61e177f580>) [p0, p1, p2, p3, p4, p5, p6, p7, p8, p9, p10, p11, p12, p13, p14, p15, p16, p17, p18, p19, p20]
+469: i46 = getfield_gc_i(p43, descr=<FieldS rpyeffect.stored_environment.Stack__arb.inst_target 16 pure>)
+473: guard_value(i46, 104, descr=<Guard0x7f61e177f5b0>) [p0, p1, p2, p3, p4, p5, p6, p7, p8, p9, p10, p11, p12, p13, p14, p15, p16, p17, p18, p19, p20]
debug_merge_point(0, 0, '108<main.rpyeffect:100([method_Emit_0@[mcore:[#42]#162]#164])>+4: {"op": "New". "out": 0. "targets": [107]. "args": {"any": [0. 1]}}')
debug_merge_point(0, 0, '108<main.rpyeffect:100([method_Emit_0@[mcore:[#42]#162]#164])>+5: {"op": "Return". "args": {"any": [0]}}')
+483: p48 = getfield_gc_r(p43, descr=<FieldP rpyeffect.stored_environment.Stack__2.inst_values_ptr_0 32 pure>)
+487: p49 = getfield_gc_r(p43, descr=<FieldP rpyeffect.stored_environment.Stack__2.inst_values_ptr_1 40 pure>)
+491: p50 = getfield_gc_r(p43, descr=<FieldP rpyeffect.stored_environment.Stack__arb.inst_tail 8 pure>)
+502: guard_nonnull(p50, descr=<Guard0x7f61e177f5e0>) [p0, p1, p2, p3, p4, p5, p6, p7, p8, p9, p10, p11, p12, p13, p14, p15, p16, p17, p18, p19, p20]
+511: i51 = getfield_gc_i(p50, descr=<FieldS rpyeffect.stored_environment.Stack__arb.inst_target 16 pure>)
+515: guard_value(i51, 172, descr=<Guard0x7f61e177f610>) [p0, p1, p2, p3, p4, p5, p6, p7, p8, p9, p10, p11, p12, p13, p14, p15, p16, p17, p18, p19, p20]
debug_merge_point(0, 0, '104<main.rpyeffect:96([k@[mcore:[#39]#146]#150])>+0: {"op": "Push". "target": 103. "args": {"any": [0. 2]}}')
debug_merge_point(0, 0, '104<main.rpyeffect:96([k@[mcore:[#39]#146]#150])>+1: {"op": "Copy". "type": "any". "from": 1. "to". 0}')
debug_merge_point(0, 0, '104<main.rpyeffect:96([k@[mcore:[#39]#146]#150])>+2: {"op": "Jump". "target": 59}')
debug_merge_point(0, 0, '59<main.rpyeffect:51(Name(+_27))>+0: {"op": "New". "out": 0. "targets": [58]. "args": {"any": [0]}}')
debug_merge_point(0, 0, '59<main.rpyeffect:51(Name(+_27))>+1: {"op": "Return". "args": {"any": [0]}}')
debug_merge_point(0, 0, '103<main.rpyeffect:95([k@[k@[mcore:[#39]#146]#150]#152])>+0: {"op": "Push". "target": 102. "args": {"any": [1]}}')
debug_merge_point(0, 0, '103<main.rpyeffect:95([k@[k@[mcore:[#39]#146]#150]#152])>+1: {"op": "Copy". "type": "any". "from": 0. "to". 1}')
debug_merge_point(0, 0, '103<main.rpyeffect:95([k@[k@[mcore:[#39]#146]#150]#152])>+2: {"op": "Copy". "type": "any". "from": 2. "to". 0}')
debug_merge_point(0, 0, '103<main.rpyeffect:95([k@[k@[mcore:[#39]#146]#150]#152])>+3: {"op": "Invoke". "receiver": 1. "tag": Interned(apply). "args" : {"any": [0]}}')
debug_merge_point(0, 0, '58<main.rpyeffect:50([method_apply@Name(+_27)#74])>+0: {"op": "Jump". "target": 57}')
debug_merge_point(0, 0, '57<main.rpyeffect:49([mcore:[#25]#71])>+0: {"op": "PrimOp". "name": "infixAdd(Int. Int): Int". "out": {"any": [0]}. "in": {"any": [1. 0]}}')
+528: i53 = getfield_gc_i(p48, descr=<FieldS rpyeffect.value.IntValue.inst_value 8 pure>)
+532: i54 = getfield_gc_i(p49, descr=<FieldS rpyeffect.value.IntValue.inst_value 8 pure>)
+537: i55 = int_add(i53, i54)
debug_merge_point(0, 0, '57<main.rpyeffect:49([mcore:[#25]#71])>+1: {"op": "Return". "args": {"any": [0]}}')
debug_merge_point(0, 0, '102<main.rpyeffect:94([k@[k@[k@[mcore:[#39]#146]#150]#152]#154])>+0: {"op": "Push". "target": 101. "args": {"any": [1]}}')
debug_merge_point(0, 0, '102<main.rpyeffect:94([k@[k@[k@[mcore:[#39]#146]#150]#152]#154])>+1: {"op": "Jump". "target": 65}')
debug_merge_point(0, 0, '65<main.rpyeffect:57(Name(mod_29))>+0: {"op": "New". "out": 0. "targets": [64]. "args": {"any": [0]}}')
debug_merge_point(0, 0, '65<main.rpyeffect:57(Name(mod_29))>+1: {"op": "Return". "args": {"any": [0]}}')
debug_merge_point(0, 0, '101<main.rpyeffect:93([#156])>+0: {"op": "Const". "type": "ptr". "out": 2. "format": "int". "value": "<IntValue object at 0x7f61e1743560>"}')
debug_merge_point(0, 0, '101<main.rpyeffect:93([#156])>+1: {"op": "Push". "target": 100. "args": {"any": [1]}}')
debug_merge_point(0, 0, '101<main.rpyeffect:93([#156])>+2: {"op": "Copy". "type": "any". "from": 0. "to". 1}')
debug_merge_point(0, 0, '101<main.rpyeffect:93([#156])>+3: {"op": "Copy". "type": "any". "from": 2. "to". 0}')
debug_merge_point(0, 0, '101<main.rpyeffect:93([#156])>+4: {"op": "Invoke". "receiver": 1. "tag": Interned(apply). "args" : {"any": [0]}}')
debug_merge_point(0, 0, '64<main.rpyeffect:56([method_apply@Name(mod_29)#84])>+0: {"op": "Jump". "target": 63}')
debug_merge_point(0, 0, '63<main.rpyeffect:55([mcore:[#27]#81])>+0: {"op": "PrimOp". "name": "mod(Int. Int): Int". "out": {"any": [0]}. "in": {"any": [1. 0]}}')
+540: i57 = int_rshift(i55, 63)
+547: i58 = int_xor(i55, i57)
+553: i60 = uint_mul_high(i58, -9086255505087856445)
+566: i62 = uint_rshift(i60, 9)
+570: i63 = int_xor(i62, i57)
+573: i65 = int_mul(i63, 1009)
+580: i66 = int_sub(i55, i65)
debug_merge_point(0, 0, '63<main.rpyeffect:55([mcore:[#27]#81])>+1: {"op": "Return". "args": {"any": [0]}}')
debug_merge_point(0, 0, '100<main.rpyeffect:92([k@[#156]#160])>+0: {"op": "Invoke". "receiver": 1. "tag": Interned(apply). "args" : {"any": [0]}}')
debug_merge_point(0, 0, '107<main.rpyeffect:99([#172])>+0: {"op": "Jump". "target": 105}')
debug_merge_point(0, 0, '105<main.rpyeffect:97([mcore:[#39]#146])>+0: {"op": "Construct". "out": 3. "type": Interned({"op": "eff$Tuple". "elements": []}). "tag": Interned({"op": "eff$Tuple". "elements": []}). "args": {"any": []}}')
debug_merge_point(0, 0, '105<main.rpyeffect:97([mcore:[#39]#146])>+1: {"op": "Push". "target": 104. "args": {"any": [0. 1]}}')
debug_merge_point(0, 0, '105<main.rpyeffect:97([mcore:[#39]#146])>+2: {"op": "Copy". "type": "any". "from": 3. "to". 0}')
debug_merge_point(0, 0, '105<main.rpyeffect:97([mcore:[#39]#146])>+3: {"op": "Copy". "type": "any". "from": 2. "to". 1}')
debug_merge_point(0, 0, '105<main.rpyeffect:97([mcore:[#39]#146])>+4: {"op": "Jump". "target": 99}')
debug_merge_point(0, 0, '99<main.rpyeffect:91(Name(k_71))>+0: {"op": "PushStack". "arg": 1}')
debug_merge_point(0, 0, '99<main.rpyeffect:91(Name(k_71))>+1: {"op": "Return". "args": {"any": [0]}}')
debug_merge_point(0, 0, '91<main.rpyeffect:83([k@[switch case for Bool(false)#120]#128])>+0: {"op": "Push". "target": 90. "args": {"any": [1]}}')
debug_merge_point(0, 0, '91<main.rpyeffect:83([k@[switch case for Bool(false)#120]#128])>+1: {"op": "Copy". "type": "any". "from": 2. "to". 0}')
debug_merge_point(0, 0, '91<main.rpyeffect:83([k@[switch case for Bool(false)#120]#128])>+2: {"op": "Jump". "target": 59}')
debug_merge_point(0, 0, '59<main.rpyeffect:51(Name(+_27))>+0: {"op": "New". "out": 0. "targets": [58]. "args": {"any": [0]}}')
debug_merge_point(0, 0, '59<main.rpyeffect:51(Name(+_27))>+1: {"op": "Return". "args": {"any": [0]}}')
debug_merge_point(0, 0, '90<main.rpyeffect:82([#130])>+0: {"op": "Const". "type": "ptr". "out": 2. "format": "int". "value": "<IntValue object at 0x7f61e1743750>"}')
debug_merge_point(0, 0, '90<main.rpyeffect:82([#130])>+1: {"op": "Push". "target": 89. "args": {"any": [1]}}')
debug_merge_point(0, 0, '90<main.rpyeffect:82([#130])>+2: {"op": "Copy". "type": "any". "from": 0. "to". 1}')
debug_merge_point(0, 0, '90<main.rpyeffect:82([#130])>+3: {"op": "Copy". "type": "any". "from": 2. "to". 0}')
debug_merge_point(0, 0, '90<main.rpyeffect:82([#130])>+4: {"op": "Invoke". "receiver": 1. "tag": Interned(apply). "args" : {"any": [0]}}')
debug_merge_point(0, 0, '58<main.rpyeffect:50([method_apply@Name(+_27)#74])>+0: {"op": "Jump". "target": 57}')
debug_merge_point(0, 0, '57<main.rpyeffect:49([mcore:[#25]#71])>+0: {"op": "PrimOp". "name": "infixAdd(Int. Int): Int". "out": {"any": [0]}. "in": {"any": [1. 0]}}')
+583: i67 = getfield_gc_i(p24, descr=<FieldS rpyeffect.value.IntValue.inst_value 8 pure>)
+587: i69 = int_add(i67, 1)
debug_merge_point(0, 0, '57<main.rpyeffect:49([mcore:[#25]#71])>+1: {"op": "Return". "args": {"any": [0]}}')
debug_merge_point(0, 0, '89<main.rpyeffect:81([k@[#130]#134])>+0: {"op": "Const". "type": "ptr". "out": 2. "format": "string". "value": "Name(Emit_0)"}')
debug_merge_point(0, 0, '89<main.rpyeffect:81([k@[#130]#134])>+1: {"op": "PrimOp". "name": "getGlobal(String): Ptr". "out": {"any": [2]}. "in": {"any": [2]}}')
debug_merge_point(0, 0, '89<main.rpyeffect:81([k@[#130]#134])>+2: {"op": "Swap". "type": "any". "a": 2. "b". 1}')
debug_merge_point(0, 0, '89<main.rpyeffect:81([k@[#130]#134])>+3: {"op": "Jump". "target": 97}')
debug_merge_point(0, 0, '97<main.rpyeffect:89(Name(go_50))>+0: {"op": "Push". "target": 96. "args": {"any": [2. 0]}}')
debug_merge_point(0, 0, '97<main.rpyeffect:89(Name(go_50))>+1: {"op": "Jump". "target": 16}')
debug_merge_point(0, 0, '16<main.rpyeffect:8(Name(>_2))>+0: {"op": "New". "out": 0. "targets": [15]. "args": {"any": [0]}}')
+591: p70 = new_with_vtable(descr=<SizeDescr 48>)
+635: p71 = new_with_vtable(descr=<SizeDescr 16>)
+646: setfield_gc(p71, i69, descr=<FieldS rpyeffect.value.IntValue.inst_value 8 pure>)
+650: p72 = new_with_vtable(descr=<SizeDescr 40>)
+662: p73 = new_with_vtable(descr=<SizeDescr 48>)
+674: setfield_gc(p73, p50, descr=<FieldP rpyeffect.stored_environment.Stack__arb.inst_tail 8 pure>)
+678: setfield_gc(p73, 104, descr=<FieldS rpyeffect.stored_environment.Stack__arb.inst_target 16 pure>)
+686: p75 = new_with_vtable(descr=<SizeDescr 16>)
+697: setfield_gc(p75, i66, descr=<FieldS rpyeffect.value.IntValue.inst_value 8 pure>)
+701: setfield_gc(p73, p75, descr=<FieldP rpyeffect.stored_environment.Stack__2.inst_values_ptr_0 32 pure>)
+705: setfield_gc(p73, p24, descr=<FieldP rpyeffect.stored_environment.Stack__2.inst_values_ptr_1 40 pure>)
+709: p76 = new_with_vtable(descr=<SizeDescr 24>)
+720: setfield_gc(p70, 96, descr=<FieldS rpyeffect.stored_environment.Stack__arb.inst_target 16 pure>)
+728: setfield_gc(p70, p23, descr=<FieldP rpyeffect.stored_environment.Stack__2.inst_values_ptr_0 32 pure>)
+732: setfield_gc(p70, p71, descr=<FieldP rpyeffect.stored_environment.Stack__2.inst_values_ptr_1 40 pure>)
+736: setfield_gc(p70, p25, descr=<FieldP rpyeffect.stored_environment.Stack__arb.inst_tail 8 pure>)
+740: setfield_gc(p72, p73, descr=<FieldP rpyeffect.stack.MetaStackLike.inst_stack 8 pure>)
+745: setfield_gc(p72, p44, descr=<FieldP rpyeffect.stack.MetaStack.inst_label 16 pure>)
+750: setfield_gc(p72, p45, descr=<FieldP rpyeffect.stack.MetaStack.inst_tail 32 pure>)
+755: setfield_gc(p72, ConstPtr(null), descr=<FieldP rpyeffect.stack.MetaStack.inst_region 24 pure>)
+771: setfield_gc(p76, ConstPtr(ptr79), descr=<FieldP rpyeffect.data.Data.inst_tag 8>)
+799: jump(p17, p70, p0, p72, p20, p71, ConstPtr(ptr80), p23, p76, p5, p6, p7, p8, p9, p10, p11, p12, p13, p14, p15, p16, descr=TargetToken(140058371068128))
+864: --end of the loop--
[63dd604cb894] jit-log-opt-bridge}
[63dde382e916] {jit-log-opt-bridge
# bridge out of Guard 0x7f61e177f460 with 146 ops
[p0, p1, p2, p3, p4, p5, p6, p7, p8, p9, p10, p11, p12, p13, p14, p15, p16, p17, p18, p19, p20]
+190: guard_not_invalidated(descr=<Guard0x7f61e173ef50>) [p0, p1, p2, p3, p4, p5, p6, p7, p8, p9, p10, p11, p12, p13, p14, p15, p16, p17, p18, p19, p20]
debug_merge_point(0, 0, '16<main.rpyeffect:8(Name(>_2))>+1: {"op": "Return". "args": {"any": [0]}}')
+190: guard_nonnull(p18, descr=<Guard0x7f61e177fee0>) [p0, p1, p2, p3, p4, p5, p6, p7, p8, p9, p10, p11, p12, p13, p14, p15, p16, p17, p18, p19, p20]
+199: i21 = getfield_gc_i(p18, descr=<FieldS rpyeffect.stored_environment.Stack__arb.inst_target 16 pure>)
+203: guard_value(i21, 96, descr=<Guard0x7f61e177ff10>) [p0, p1, p2, p3, p4, p5, p6, p7, p8, p9, p10, p11, p12, p13, p14, p15, p16, p17, p18, p19, p20]
+213: p23 = getfield_gc_r(p18, descr=<FieldP rpyeffect.stored_environment.Stack__2.inst_values_ptr_0 32 pure>)
+217: p24 = getfield_gc_r(p18, descr=<FieldP rpyeffect.stored_environment.Stack__2.inst_values_ptr_1 40 pure>)
+221: p25 = getfield_gc_r(p18, descr=<FieldP rpyeffect.stored_environment.Stack__arb.inst_tail 8 pure>)
debug_merge_point(0, 0, '96<main.rpyeffect:88([k@Name(go_50)#114])>+0: {"op": "Push". "target": 95. "args": {"any": [1. 2]}}')
debug_merge_point(0, 0, '96<main.rpyeffect:88([k@Name(go_50)#114])>+1: {"op": "Swap". "type": "any". "a": 0. "b". 1}')
debug_merge_point(0, 0, '96<main.rpyeffect:88([k@Name(go_50)#114])>+2: {"op": "Invoke". "receiver": 1. "tag": Interned(apply). "args" : {"any": [0]}}')
debug_merge_point(0, 0, '15<main.rpyeffect:7([method_apply@Name(>_2)#16])>+0: {"op": "Jump". "target": 14}')
debug_merge_point(0, 0, '14<main.rpyeffect:6([mcore:[#15]#13])>+0: {"op": "PrimOp". "name": "infixGt(Any. Any): Bool". "out": {"any": [0]}. "in": {"any": [1. 0]}}')
+225: guard_class(p1, ConstClass(IntValue), descr=<Guard0x7f61e177ff40>) [p0, p1, p2, p3, p4, p5, p6, p7, p8, p9, p10, p11, p12, p13, p14, p15, p16, p17, p18, p19, p20]
+237: guard_nonnull_class(p23, ConstClass(IntValue), descr=<Guard0x7f61e173ef98>) [p0, p1, p2, p3, p4, p5, p6, p7, p8, p9, p10, p11, p12, p13, p14, p15, p16, p17, p18, p19, p20]
+256: i28 = getfield_gc_i(p1, descr=<FieldS rpyeffect.value.IntValue.inst_value 8 pure>)
+260: i29 = getfield_gc_i(p23, descr=<FieldS rpyeffect.value.IntValue.inst_value 8 pure>)
+264: i30 = int_eq(i28, i29)
+267: guard_false(i30, descr=<Guard0x7f61e177ff70>) [p0, p1, p2, p3, p4, p5, p6, p7, p8, p9, p10, p11, p12, p13, p14, p15, p16, p17, p18, p19, p20]
+273: i31 = int_lt(i28, i29)
+276: guard_true(i31, descr=<Guard0x7f61e177ffa0>) [p0, p1, p2, p3, p4, p5, p6, p7, p8, p9, p10, p11, p12, p13, p14, p15, p16, p17, p18, p19, p20]
debug_merge_point(0, 0, '14<main.rpyeffect:6([mcore:[#15]#13])>+1: {"op": "Return". "args": {"any": [0]}}')
debug_merge_point(0, 0, '95<main.rpyeffect:87([k@[k@Name(go_50)#114]#116])>+0: {"op": "Switch". "scrutinee": 0. "values": [<BoolValue object at 0x7f61e1743640>]. "targets": [88]. "default": 94}')
+282: guard_nonnull(p25, descr=<Guard0x7f61e177ffd0>) [p0, p1, p2, p3, p4, p5, p6, p7, p8, p9, p10, p11, p12, p13, p14, p15, p16, p17, p18, p19, p20]
+291: i32 = getfield_gc_i(p25, descr=<FieldS rpyeffect.stored_environment.Stack__arb.inst_target 16 pure>)
+295: guard_value(i32, 127, descr=<Guard0x7f61e17a0020>) [p0, p1, p2, p3, p4, p5, p6, p7, p8, p9, p10, p11, p12, p13, p14, p15, p16, p17, p18, p19, p20]
debug_merge_point(0, 0, '94<main.rpyeffect:86([switch default case#119])>+0: {"op": "Swap". "type": "any". "a": 0. "b". 1}')
debug_merge_point(0, 0, '94<main.rpyeffect:86([switch default case#119])>+1: {"op": "Swap". "type": "any". "a": 2. "b". 1}')
debug_merge_point(0, 0, '94<main.rpyeffect:86([switch default case#119])>+2: {"op": "Switch". "scrutinee": 2. "values": [<BoolValue object at 0x7f61e1743650>]. "targets": [92]. "default": 93}')
debug_merge_point(0, 0, '92<main.rpyeffect:84([switch case for Bool(false)#120])>+0: {"op": "Const". "type": "ptr". "out": 2. "format": "int". "value": "<IntValue object at 0x7f61e1743700>"}')
debug_merge_point(0, 0, '92<main.rpyeffect:84([switch case for Bool(false)#120])>+1: {"op": "Const". "type": "ptr". "out": 3. "format": "string". "value": "Name(Emit_0)"}')
debug_merge_point(0, 0, '92<main.rpyeffect:84([switch case for Bool(false)#120])>+2: {"op": "PrimOp". "name": "getGlobal(String): Ptr". "out": {"any": [3]}. "in": {"any": [3]}}')
debug_merge_point(0, 0, '92<main.rpyeffect:84([switch case for Bool(false)#120])>+3: {"op": "GetDynamic". "out": 2. "n": 2. "label": 3}')
+312: i35 = instance_ptr_eq(p20, ConstPtr(ptr34))
+319: guard_false(i35, descr=<Guard0x7f61e17a0050>) [p0, p1, p2, p3, p4, p5, p6, p7, p8, p9, p10, p11, p12, p13, p14, p15, p16, p17, p18, p19, p20]
+325: guard_nonnull(p17, descr=<Guard0x7f61e17a0080>) [p0, p1, p2, p3, p4, p5, p6, p7, p8, p9, p10, p11, p12, p13, p14, p15, p16, p17, p18, p19, p20]
+339: i36 = getfield_gc_i(p17, descr=<FieldS rpyeffect.stack.Label.inst_origin 8 pure>)
+351: guard_value(i36, 179231, descr=<Guard0x7f61e17a00b0>) [p0, p1, p2, p3, p4, p5, p6, p7, p8, p9, p10, p11, p12, p13, p14, p15, p16, p17, p18, p19, p20]
+371: i39 = instance_ptr_eq(p17, ConstPtr(ptr38))
+374: guard_true(i39, descr=<Guard0x7f61e17a00e0>) [p0, p1, p2, p3, p4, p5, p6, p7, p8, p9, p10, p11, p12, p13, p14, p15, p16, p17, p18, p19, p20]
debug_merge_point(0, 0, '92<main.rpyeffect:84([switch case for Bool(false)#120])>+4: {"op": "Push". "target": 91. "args": {"any": [0. 1]}}')
debug_merge_point(0, 0, '92<main.rpyeffect:84([switch case for Bool(false)#120])>+5: {"op": "Copy". "type": "any". "from": 1. "to". 0}')
debug_merge_point(0, 0, '92<main.rpyeffect:84([switch case for Bool(false)#120])>+6: {"op": "Invoke". "receiver": 2. "tag": Interned(Emit_0). "args" : {"any": [0]}}')
+380: p40 = getfield_gc_r(p20, descr=<FieldP rpyeffect.codata.CoData.inst_vtable 8 pure>)
+398: guard_value(p40, ConstPtr(ptr41), descr=<Guard0x7f61e17a0110>) [p0, p1, p2, p3, p4, p5, p6, p7, p8, p9, p10, p11, p12, p13, p14, p15, p16, p17, p18, p19, p20]
debug_merge_point(0, 0, '125<main.rpyeffect:117([method_Emit_0@[mcore:[#53]#216]#218])>+0: {"op": "Const". "type": "ptr". "out": 0. "format": "int". "value": "<IntValue object at 0x7f61e1743c50>"}')
debug_merge_point(0, 0, '125<main.rpyeffect:117([method_Emit_0@[mcore:[#53]#216]#218])>+1: {"op": "Const". "type": "ptr". "out": 1. "format": "string". "value": "Name(Emit_0)"}')
debug_merge_point(0, 0, '125<main.rpyeffect:117([method_Emit_0@[mcore:[#53]#216]#218])>+2: {"op": "PrimOp". "name": "getGlobal(String): Ptr". "out": {"any": [1]}. "in": {"any": [1]}}')
debug_merge_point(0, 0, '125<main.rpyeffect:117([method_Emit_0@[mcore:[#53]#216]#218])>+3: {"op": "ShiftDyn". "out": 0. "n": 0. "label": 1}')
+407: guard_nonnull_class(p19, 8692928, descr=<Guard0x7f61e173efe0>) [p0, p1, p2, p3, p4, p5, p6, p7, p8, p9, p10, p11, p12, p13, p14, p15, p16, p17, p18, p19, p20]
+433: p43 = getfield_gc_r(p19, descr=<FieldP rpyeffect.stack.MetaStackLike.inst_stack 8 pure>)
+437: p44 = getfield_gc_r(p19, descr=<FieldP rpyeffect.stack.MetaStack.inst_label 16 pure>)
+441: p45 = getfield_gc_r(p19, descr=<FieldP rpyeffect.stack.MetaStack.inst_tail 32 pure>)
+445: guard_nonnull(p43, descr=<Guard0x7f61e17a0140>) [p0, p1, p2, p3, p4, p5, p6, p7, p8, p9, p10, p11, p12, p13, p14, p15, p16, p17, p18, p19, p20]
+454: i46 = getfield_gc_i(p43, descr=<FieldS rpyeffect.stored_environment.Stack__arb.inst_target 16 pure>)
+458: guard_value(i46, 121, descr=<Guard0x7f61e17a0170>) [p0, p1, p2, p3, p4, p5, p6, p7, p8, p9, p10, p11, p12, p13, p14, p15, p16, p17, p18, p19, p20]
debug_merge_point(0, 0, '125<main.rpyeffect:117([method_Emit_0@[mcore:[#53]#216]#218])>+4: {"op": "New". "out": 0. "targets": [124]. "args": {"any": [0]}}')
debug_merge_point(0, 0, '125<main.rpyeffect:117([method_Emit_0@[mcore:[#53]#216]#218])>+5: {"op": "Return". "args": {"any": [0]}}')
+468: p48 = getfield_gc_r(p43, descr=<FieldP rpyeffect.stored_environment.Stack__1.inst_values_ptr_0 32 pure>)
+472: p49 = getfield_gc_r(p43, descr=<FieldP rpyeffect.stored_environment.Stack__arb.inst_tail 8 pure>)
+476: guard_nonnull(p49, descr=<Guard0x7f61e17a01a0>) [p0, p1, p2, p3, p4, p5, p6, p7, p8, p9, p10, p11, p12, p13, p14, p15, p16, p17, p18, p19, p20]
+485: i50 = getfield_gc_i(p49, descr=<FieldS rpyeffect.stored_environment.Stack__arb.inst_target 16 pure>)
+490: guard_value(i50, 171, descr=<Guard0x7f61e17a01d0>) [p0, p1, p2, p3, p4, p5, p6, p7, p8, p9, p10, p11, p12, p13, p14, p15, p16, p17, p18, p19, p20]
debug_merge_point(0, 0, '121<main.rpyeffect:113([k@[mcore:[#50]#198]#202])>+0: {"op": "Push". "target": 120. "args": {"any": [0]}}')
debug_merge_point(0, 0, '121<main.rpyeffect:113([k@[mcore:[#50]#198]#202])>+1: {"op": "Copy". "type": "any". "from": 1. "to". 0}')
debug_merge_point(0, 0, '121<main.rpyeffect:113([k@[mcore:[#50]#198]#202])>+2: {"op": "Jump". "target": 59}')
debug_merge_point(0, 0, '59<main.rpyeffect:51(Name(+_27))>+0: {"op": "New". "out": 0. "targets": [58]. "args": {"any": [0]}}')
debug_merge_point(0, 0, '59<main.rpyeffect:51(Name(+_27))>+1: {"op": "Return". "args": {"any": [0]}}')
debug_merge_point(0, 0, '120<main.rpyeffect:112([k@[k@[mcore:[#50]#198]#202]#204])>+0: {"op": "Const". "type": "ptr". "out": 2. "format": "int". "value": "<IntValue object at 0x7f61e1743d10>"}')
debug_merge_point(0, 0, '120<main.rpyeffect:112([k@[k@[mcore:[#50]#198]#202]#204])>+1: {"op": "Push". "target": 119. "args": {"any": [1]}}')
debug_merge_point(0, 0, '120<main.rpyeffect:112([k@[k@[mcore:[#50]#198]#202]#204])>+2: {"op": "Copy". "type": "any". "from": 0. "to". 1}')
debug_merge_point(0, 0, '120<main.rpyeffect:112([k@[k@[mcore:[#50]#198]#202]#204])>+3: {"op": "Copy". "type": "any". "from": 2. "to". 0}')
debug_merge_point(0, 0, '120<main.rpyeffect:112([k@[k@[mcore:[#50]#198]#202]#204])>+4: {"op": "Invoke". "receiver": 1. "tag": Interned(apply). "args" : {"any": [0]}}')
debug_merge_point(0, 0, '58<main.rpyeffect:50([method_apply@Name(+_27)#74])>+0: {"op": "Jump". "target": 57}')
debug_merge_point(0, 0, '57<main.rpyeffect:49([mcore:[#25]#71])>+0: {"op": "PrimOp". "name": "infixAdd(Int. Int): Int". "out": {"any": [0]}. "in": {"any": [1. 0]}}')
+503: i52 = getfield_gc_i(p48, descr=<FieldS rpyeffect.value.IntValue.inst_value 8 pure>)
+507: i54 = int_add(i52, 1)
debug_merge_point(0, 0, '57<main.rpyeffect:49([mcore:[#25]#71])>+1: {"op": "Return". "args": {"any": [0]}}')
debug_merge_point(0, 0, '119<main.rpyeffect:111([k@[k@[k@[mcore:[#50]#198]#202]#204]#208])>+0: {"op": "Push". "target": 118. "args": {"any": [1]}}')
debug_merge_point(0, 0, '119<main.rpyeffect:111([k@[k@[k@[mcore:[#50]#198]#202]#204]#208])>+1: {"op": "Jump". "target": 65}')
debug_merge_point(0, 0, '65<main.rpyeffect:57(Name(mod_29))>+0: {"op": "New". "out": 0. "targets": [64]. "args": {"any": [0]}}')
debug_merge_point(0, 0, '65<main.rpyeffect:57(Name(mod_29))>+1: {"op": "Return". "args": {"any": [0]}}')
debug_merge_point(0, 0, '118<main.rpyeffect:110([#210])>+0: {"op": "Const". "type": "ptr". "out": 2. "format": "int". "value": "<IntValue object at 0x7f61e1743d60>"}')
debug_merge_point(0, 0, '118<main.rpyeffect:110([#210])>+1: {"op": "Push". "target": 117. "args": {"any": [1]}}')
debug_merge_point(0, 0, '118<main.rpyeffect:110([#210])>+2: {"op": "Copy". "type": "any". "from": 0. "to". 1}')
debug_merge_point(0, 0, '118<main.rpyeffect:110([#210])>+3: {"op": "Copy". "type": "any". "from": 2. "to". 0}')
debug_merge_point(0, 0, '118<main.rpyeffect:110([#210])>+4: {"op": "Invoke". "receiver": 1. "tag": Interned(apply). "args" : {"any": [0]}}')
debug_merge_point(0, 0, '64<main.rpyeffect:56([method_apply@Name(mod_29)#84])>+0: {"op": "Jump". "target": 63}')
debug_merge_point(0, 0, '63<main.rpyeffect:55([mcore:[#27]#81])>+0: {"op": "PrimOp". "name": "mod(Int. Int): Int". "out": {"any": [0]}. "in": {"any": [1. 0]}}')
+511: i56 = int_rshift(i54, 63)
+518: i57 = int_xor(i54, i56)
+524: i59 = uint_mul_high(i57, -9086255505087856445)
+537: i61 = uint_rshift(i59, 9)
+541: i62 = int_xor(i61, i56)
+544: i64 = int_mul(i62, 1009)
+551: i65 = int_sub(i54, i64)
debug_merge_point(0, 0, '63<main.rpyeffect:55([mcore:[#27]#81])>+1: {"op": "Return". "args": {"any": [0]}}')
debug_merge_point(0, 0, '117<main.rpyeffect:109([k@[#210]#214])>+0: {"op": "Invoke". "receiver": 1. "tag": Interned(apply). "args" : {"any": [0]}}')
debug_merge_point(0, 0, '124<main.rpyeffect:116([#226])>+0: {"op": "Jump". "target": 122}')
debug_merge_point(0, 0, '122<main.rpyeffect:114([mcore:[#50]#198])>+0: {"op": "Construct". "out": 2. "type": Interned({"op": "eff$Tuple". "elements": []}). "tag": Interned({"op": "eff$Tuple". "elements": []}). "args": {"any": []}}')
debug_merge_point(0, 0, '122<main.rpyeffect:114([mcore:[#50]#198])>+1: {"op": "Push". "target": 121. "args": {"any": [0]}}')
debug_merge_point(0, 0, '122<main.rpyeffect:114([mcore:[#50]#198])>+2: {"op": "Copy". "type": "any". "from": 2. "to". 0}')
debug_merge_point(0, 0, '122<main.rpyeffect:114([mcore:[#50]#198])>+3: {"op": "Jump". "target": 116}')
debug_merge_point(0, 0, '116<main.rpyeffect:108(Name(k_88))>+0: {"op": "PushStack". "arg": 1}')
debug_merge_point(0, 0, '116<main.rpyeffect:108(Name(k_88))>+1: {"op": "Return". "args": {"any": [0]}}')
debug_merge_point(0, 0, '91<main.rpyeffect:83([k@[switch case for Bool(false)#120]#128])>+0: {"op": "Push". "target": 90. "args": {"any": [1]}}')
debug_merge_point(0, 0, '91<main.rpyeffect:83([k@[switch case for Bool(false)#120]#128])>+1: {"op": "Copy". "type": "any". "from": 2. "to". 0}')
debug_merge_point(0, 0, '91<main.rpyeffect:83([k@[switch case for Bool(false)#120]#128])>+2: {"op": "Jump". "target": 59}')
debug_merge_point(0, 0, '59<main.rpyeffect:51(Name(+_27))>+0: {"op": "New". "out": 0. "targets": [58]. "args": {"any": [0]}}')
debug_merge_point(0, 0, '59<main.rpyeffect:51(Name(+_27))>+1: {"op": "Return". "args": {"any": [0]}}')
debug_merge_point(0, 0, '90<main.rpyeffect:82([#130])>+0: {"op": "Const". "type": "ptr". "out": 2. "format": "int". "value": "<IntValue object at 0x7f61e1743750>"}')
debug_merge_point(0, 0, '90<main.rpyeffect:82([#130])>+1: {"op": "Push". "target": 89. "args": {"any": [1]}}')
debug_merge_point(0, 0, '90<main.rpyeffect:82([#130])>+2: {"op": "Copy". "type": "any". "from": 0. "to". 1}')
debug_merge_point(0, 0, '90<main.rpyeffect:82([#130])>+3: {"op": "Copy". "type": "any". "from": 2. "to". 0}')
debug_merge_point(0, 0, '90<main.rpyeffect:82([#130])>+4: {"op": "Invoke". "receiver": 1. "tag": Interned(apply). "args" : {"any": [0]}}')
debug_merge_point(0, 0, '58<main.rpyeffect:50([method_apply@Name(+_27)#74])>+0: {"op": "Jump". "target": 57}')
debug_merge_point(0, 0, '57<main.rpyeffect:49([mcore:[#25]#71])>+0: {"op": "PrimOp". "name": "infixAdd(Int. Int): Int". "out": {"any": [0]}. "in": {"any": [1. 0]}}')
+554: i66 = getfield_gc_i(p24, descr=<FieldS rpyeffect.value.IntValue.inst_value 8 pure>)
+558: i68 = int_add(i66, 1)
debug_merge_point(0, 0, '57<main.rpyeffect:49([mcore:[#25]#71])>+1: {"op": "Return". "args": {"any": [0]}}')
debug_merge_point(0, 0, '89<main.rpyeffect:81([k@[#130]#134])>+0: {"op": "Const". "type": "ptr". "out": 2. "format": "string". "value": "Name(Emit_0)"}')
debug_merge_point(0, 0, '89<main.rpyeffect:81([k@[#130]#134])>+1: {"op": "PrimOp". "name": "getGlobal(String): Ptr". "out": {"any": [2]}. "in": {"any": [2]}}')
debug_merge_point(0, 0, '89<main.rpyeffect:81([k@[#130]#134])>+2: {"op": "Swap". "type": "any". "a": 2. "b". 1}')
debug_merge_point(0, 0, '89<main.rpyeffect:81([k@[#130]#134])>+3: {"op": "Jump". "target": 97}')
debug_merge_point(0, 0, '97<main.rpyeffect:89(Name(go_50))>+0: {"op": "Push". "target": 96. "args": {"any": [2. 0]}}')
debug_merge_point(0, 0, '97<main.rpyeffect:89(Name(go_50))>+1: {"op": "Jump". "target": 16}')
debug_merge_point(0, 0, '16<main.rpyeffect:8(Name(>_2))>+0: {"op": "New". "out": 0. "targets": [15]. "args": {"any": [0]}}')
+562: p69 = new_with_vtable(descr=<SizeDescr 48>)
+606: p70 = new_with_vtable(descr=<SizeDescr 16>)
+617: setfield_gc(p70, i68, descr=<FieldS rpyeffect.value.IntValue.inst_value 8 pure>)
+621: p71 = new_with_vtable(descr=<SizeDescr 40>)
+632: p72 = new_with_vtable(descr=<SizeDescr 40>)
+643: setfield_gc(p72, p49, descr=<FieldP rpyeffect.stored_environment.Stack__arb.inst_tail 8 pure>)
+647: setfield_gc(p72, 121, descr=<FieldS rpyeffect.stored_environment.Stack__arb.inst_target 16 pure>)
+655: p74 = new_with_vtable(descr=<SizeDescr 16>)
+667: setfield_gc(p74, i65, descr=<FieldS rpyeffect.value.IntValue.inst_value 8 pure>)
+672: setfield_gc(p72, p74, descr=<FieldP rpyeffect.stored_environment.Stack__1.inst_values_ptr_0 32 pure>)
+676: setfield_gc(p69, 96, descr=<FieldS rpyeffect.stored_environment.Stack__arb.inst_target 16 pure>)
+684: setfield_gc(p69, p23, descr=<FieldP rpyeffect.stored_environment.Stack__2.inst_values_ptr_0 32 pure>)
+688: setfield_gc(p69, p70, descr=<FieldP rpyeffect.stored_environment.Stack__2.inst_values_ptr_1 40 pure>)
+692: setfield_gc(p69, p25, descr=<FieldP rpyeffect.stored_environment.Stack__arb.inst_tail 8 pure>)
+696: setfield_gc(p71, p72, descr=<FieldP rpyeffect.stack.MetaStackLike.inst_stack 8 pure>)
+700: setfield_gc(p71, p44, descr=<FieldP rpyeffect.stack.MetaStack.inst_label 16 pure>)
+704: setfield_gc(p71, p45, descr=<FieldP rpyeffect.stack.MetaStack.inst_tail 32 pure>)
+708: setfield_gc(p71, ConstPtr(null), descr=<FieldP rpyeffect.stack.MetaStack.inst_region 24 pure>)
+732: jump(p17, p69, p0, p71, p20, p70, ConstPtr(ptr77), p23, ConstPtr(ptr78), p5, p6, p7, p8, p9, p10, p11, p12, p13, p14, p15, p16, descr=TargetToken(140058371068128))
+800: --end of the loop--
[63dde387ffde] jit-log-opt-bridge}
[63de5dea6a9a] {jit-summary
Tracing:      	3	0.004166
Backend:      	3	0.000818
TOTAL:      		2.339920
ops:             	10607
heapcached ops:  	1638
recorded ops:    	3214
  calls:         	1710
guards:          	353
opt ops:         	550
opt guards:      	66
opt guards shared:	56
forcings:        	0
abort: trace too long:	0
abort: compiling:	0
abort: vable escape:	0
abort: bad loop: 	0
abort: force quasi-immut:	0
abort: segmenting trace:	0
virtualizables forced:	0
nvirtuals:       	6
nvholes:         	0
nvreused:        	0
vecopt tried:    	0
vecopt success:  	0
Total # of loops:	1
Total # of bridges:	2
Freed # of loops:	0
Freed # of bridges:	0
[63de5deae461] jit-summary}
