[6366d3ec9d98] {jit-log-opt-loop
# Loop 1 (97<main.rpyeffect:89(Name(go_50))>+0: {"op": "Push", "target": 96, "args": {"any": [2, 0]}}) : loop with 276 ops
[p0, p1, p2, p3, p4]
+381: p5 = getfield_gc_r(p2, descr=<FieldP rpyeffect.environment.Environment.inst_values_ptr 16>)
+392: p7 = getarrayitem_gc_r(p5, 0, descr=<ArrayP 8>)
+396: p9 = getarrayitem_gc_r(p5, 1, descr=<ArrayP 8>)
+400: p11 = getarrayitem_gc_r(p5, 2, descr=<ArrayP 8>)
+404: p13 = getarrayitem_gc_r(p5, 3, descr=<ArrayP 8>)
+408: p15 = getarrayitem_gc_r(p5, 4, descr=<ArrayP 8>)
+412: p17 = getarrayitem_gc_r(p5, 5, descr=<ArrayP 8>)
+416: p19 = getarrayitem_gc_r(p5, 6, descr=<ArrayP 8>)
+420: p21 = getarrayitem_gc_r(p5, 7, descr=<ArrayP 8>)
+424: p23 = getarrayitem_gc_r(p5, 8, descr=<ArrayP 8>)
+428: p25 = getarrayitem_gc_r(p5, 9, descr=<ArrayP 8>)
+432: p27 = getarrayitem_gc_r(p5, 10, descr=<ArrayP 8>)
+436: p29 = getarrayitem_gc_r(p5, 11, descr=<ArrayP 8>)
+440: p31 = getarrayitem_gc_r(p5, 12, descr=<ArrayP 8>)
+451: p33 = getarrayitem_gc_r(p5, 13, descr=<ArrayP 8>)
+462: p35 = getarrayitem_gc_r(p5, 14, descr=<ArrayP 8>)
+476: p37 = getarrayitem_gc_r(p5, 15, descr=<ArrayP 8>)
+490: label(p0, p1, p2, p3, p4, p7, p9, p11, p13, p15, p17, p19, p21, p23, p25, p27, p29, p31, p33, p35, p37, descr=TargetToken(139893914349792))
debug_merge_point(0, 0, '97<main.rpyeffect:89(Name(go_50))>+0: {"op": "Push". "target": 96. "args": {"any": [2. 0]}}')
+560: guard_not_invalidated(descr=<Guard0x7f3b97118ba8>) [p2, p7, p9, p11, p13, p15, p17, p19, p21, p23, p25, p27, p29, p31, p33, p35, p37, p0, p1, p3, p4]
debug_merge_point(0, 0, '97<main.rpyeffect:89(Name(go_50))>+1: {"op": "Jump". "target": 16}')
+560: guard_nonnull(p1, descr=<Guard0x7f3b97137ca0>) [p2, p7, p9, p11, p13, p15, p17, p19, p21, p23, p25, p27, p29, p31, p33, p35, p37, p0, p1, p3, p4]
+574: i38 = getfield_gc_i(p1, descr=<FieldS rpyeffect.stored_environment.Stack__arb.inst_target 16 pure>)
+586: i40 = int_add(1572864, i38)
+593: guard_value(i40, 1573010, descr=<Guard0x7f3b97137cd0>) [p2, p7, p9, p11, p13, p15, p17, p19, p21, p23, p25, p27, p29, p31, p33, p35, p37, p0, p1, p3, p4]
debug_merge_point(0, 0, '16<main.rpyeffect:8(Name(>_2))>+0: {"op": "New". "out": 0. "targets": [15]. "args": {"any": [0]}}')
debug_merge_point(0, 0, '16<main.rpyeffect:8(Name(>_2))>+1: {"op": "Return". "args": {"any": [0]}}')
+606: p42 = getfield_gc_r(p1, descr=<FieldP rpyeffect.stored_environment.Stack__arb.inst_tail 8 pure>)
+611: guard_isnull(p42, descr=<Guard0x7f3b97137d00>) [p2, p7, p9, p11, p13, p15, p17, p19, p21, p23, p25, p27, p29, p31, p33, p35, p37, p0, p1, p3, p4]
debug_merge_point(0, 0, '96<main.rpyeffect:88([k@Name(go_50)#114])>+0: {"op": "Push". "target": 95. "args": {"any": [1. 2]}}')
debug_merge_point(0, 0, '96<main.rpyeffect:88([k@Name(go_50)#114])>+1: {"op": "Swap". "type": "any". "a": 0. "b". 1}')
debug_merge_point(0, 0, '96<main.rpyeffect:88([k@Name(go_50)#114])>+2: {"op": "Invoke". "receiver": 1. "tag": Interned(apply). "args" : {"any": [0]}}')
debug_merge_point(0, 0, '15<main.rpyeffect:7([method_apply@Name(>_2)#16])>+0: {"op": "Jump". "target": 14}')
debug_merge_point(0, 0, '14<main.rpyeffect:6([mcore:[#15]#13])>+0: {"op": "PrimOp". "name": "infixGt(Any. Any): Bool". "out": {"any": [0]}. "in": {"any": [1. 0]}}')
+620: guard_class(p7, ConstClass(IntValue), descr=<Guard0x7f3b97137d30>) [p2, p7, p9, p11, p13, p15, p17, p19, p21, p23, p25, p27, p29, p31, p33, p35, p37, p0, p1, p3, p4]
+632: guard_nonnull_class(p11, ConstClass(IntValue), descr=<Guard0x7f3b97118bf0>) [p2, p7, p9, p11, p13, p15, p17, p19, p21, p23, p25, p27, p29, p31, p33, p35, p37, p0, p1, p3, p4]
+650: i45 = getfield_gc_i(p7, descr=<FieldS rpyeffect.value.IntValue.inst_value 8 pure>)
+654: i46 = getfield_gc_i(p11, descr=<FieldS rpyeffect.value.IntValue.inst_value 8 pure>)
+658: i47 = int_eq(i45, i46)
+661: guard_false(i47, descr=<Guard0x7f3b97137d60>) [p2, p7, p9, p11, p13, p15, p17, p19, p21, p23, p25, p27, p29, p31, p33, p35, p37, p0, p1, p3, p4]
+667: i48 = int_lt(i45, i46)
+670: guard_true(i48, descr=<Guard0x7f3b97137d90>) [p2, p7, p9, p11, p13, p15, p17, p19, p21, p23, p25, p27, p29, p31, p33, p35, p37, p0, p1, p3, p4]
debug_merge_point(0, 0, '14<main.rpyeffect:6([mcore:[#15]#13])>+1: {"op": "Return". "args": {"any": [0]}}')
debug_merge_point(0, 0, '95<main.rpyeffect:87([k@[k@Name(go_50)#114]#116])>+0: {"op": "Switch". "scrutinee": 0. "values": [<BoolValue object at 0x7f3b9711d640>]. "targets": [88]. "default": 94}')
debug_merge_point(0, 0, '94<main.rpyeffect:86([switch default case#119])>+0: {"op": "Swap". "type": "any". "a": 0. "b". 1}')
debug_merge_point(0, 0, '94<main.rpyeffect:86([switch default case#119])>+1: {"op": "Swap". "type": "any". "a": 2. "b". 1}')
debug_merge_point(0, 0, '94<main.rpyeffect:86([switch default case#119])>+2: {"op": "Switch". "scrutinee": 2. "values": [<BoolValue object at 0x7f3b9711d650>]. "targets": [92]. "default": 93}')
debug_merge_point(0, 0, '92<main.rpyeffect:84([switch case for Bool(false)#120])>+0: {"op": "Const". "type": "ptr". "out": 2. "format": "int". "value": "<IntValue object at 0x7f3b9711d700>"}')
debug_merge_point(0, 0, '92<main.rpyeffect:84([switch case for Bool(false)#120])>+1: {"op": "Const". "type": "ptr". "out": 3. "format": "string". "value": "Name(Emit_0)"}')
debug_merge_point(0, 0, '92<main.rpyeffect:84([switch case for Bool(false)#120])>+2: {"op": "PrimOp". "name": "getGlobal(String): Ptr". "out": {"any": [3]}. "in": {"any": [3]}}')
debug_merge_point(0, 0, '92<main.rpyeffect:84([switch case for Bool(false)#120])>+3: {"op": "GetDynamic". "out": 2. "n": 2. "label": 3}')
+683: i50 = instance_ptr_eq(p4, ConstPtr(ptr49))
+690: guard_false(i50, descr=<Guard0x7f3b97137dc0>) [p2, p7, p9, p11, p13, p15, p17, p19, p21, p23, p25, p27, p29, p31, p33, p35, p37, p0, p1, p3, p4]
+696: guard_nonnull(p0, descr=<Guard0x7f3b97137df0>) [p2, p7, p9, p11, p13, p15, p17, p19, p21, p23, p25, p27, p29, p31, p33, p35, p37, p0, p1, p3, p4]
+710: i51 = getfield_gc_i(p0, descr=<FieldS rpyeffect.stack.Label.inst_origin 8 pure>)
+721: guard_value(i51, 179231, descr=<Guard0x7f3b97137e20>) [p2, p7, p9, p11, p13, p15, p17, p19, p21, p23, p25, p27, p29, p31, p33, p35, p37, p0, p1, p3, p4]
+741: i54 = instance_ptr_eq(p0, ConstPtr(ptr53))
+744: guard_true(i54, descr=<Guard0x7f3b97137e50>) [p2, p7, p9, p11, p13, p15, p17, p19, p21, p23, p25, p27, p29, p31, p33, p35, p37, p0, p1, p3, p4]
debug_merge_point(0, 0, '92<main.rpyeffect:84([switch case for Bool(false)#120])>+4: {"op": "Push". "target": 91. "args": {"any": [0. 1]}}')
debug_merge_point(0, 0, '92<main.rpyeffect:84([switch case for Bool(false)#120])>+5: {"op": "Copy". "type": "any". "from": 1. "to". 0}')
debug_merge_point(0, 0, '92<main.rpyeffect:84([switch case for Bool(false)#120])>+6: {"op": "Invoke". "receiver": 2. "tag": Interned(Emit_0). "args" : {"any": [0]}}')
+750: p55 = getfield_gc_r(p4, descr=<FieldP rpyeffect.codata.CoData.inst_vtable 8 pure>)
+768: guard_value(p55, ConstPtr(ptr56), descr=<Guard0x7f3b97137e80>) [p2, p7, p9, p11, p13, p15, p17, p19, p21, p23, p25, p27, p29, p31, p33, p35, p37, p0, p1, p3, p4]
debug_merge_point(0, 0, '144<main.rpyeffect:136([method_Emit_0@[mcore:[#63]#272]#274])>+0: {"op": "Const". "type": "ptr". "out": 1. "format": "int". "value": "<IntValue object at 0x7f3b9713a420>"}')
debug_merge_point(0, 0, '144<main.rpyeffect:136([method_Emit_0@[mcore:[#63]#272]#274])>+1: {"op": "Const". "type": "ptr". "out": 2. "format": "string". "value": "Name(Emit_0)"}')
debug_merge_point(0, 0, '144<main.rpyeffect:136([method_Emit_0@[mcore:[#63]#272]#274])>+2: {"op": "PrimOp". "name": "getGlobal(String): Ptr". "out": {"any": [2]}. "in": {"any": [2]}}')
debug_merge_point(0, 0, '144<main.rpyeffect:136([method_Emit_0@[mcore:[#63]#272]#274])>+3: {"op": "ShiftDyn". "out": 1. "n": 1. "label": 2}')
+777: guard_nonnull_class(p3, 8701856, descr=<Guard0x7f3b97118c38>) [p2, p7, p9, p11, p13, p15, p17, p19, p21, p23, p25, p27, p29, p31, p33, p35, p37, p0, p1, p3, p4]
+802: p58 = getfield_gc_r(p3, descr=<FieldP rpyeffect.stack.MetaStackLike.inst_stack 8 pure>)
+806: p59 = getfield_gc_r(p3, descr=<FieldP rpyeffect.stack.MetaStack.inst_label 16 pure>)
+810: p60 = getfield_gc_r(p3, descr=<FieldP rpyeffect.stack.MetaStack.inst_tail 32 pure>)
+814: guard_nonnull(p58, descr=<Guard0x7f3b97137eb0>) [p2, p7, p9, p11, p13, p15, p17, p19, p21, p23, p25, p27, p29, p31, p33, p35, p37, p0, p1, p3, p4]
+823: p61 = getfield_gc_r(p58, descr=<FieldP rpyeffect.stored_environment.Stack__arb.inst_tail 8 pure>)
+827: guard_nonnull(p61, descr=<Guard0x7f3b97137ee0>) [p2, p7, p9, p11, p13, p15, p17, p19, p21, p23, p25, p27, p29, p31, p33, p35, p37, p0, p1, p3, p4]
+836: i62 = getfield_gc_i(p58, descr=<FieldS rpyeffect.stored_environment.Stack__arb.inst_target 16 pure>)
+840: i64 = int_lshift(i62, 14)
+851: i65 = getfield_gc_i(p61, descr=<FieldS rpyeffect.stored_environment.Stack__arb.inst_target 16 pure>)
+862: i66 = int_add(i64, i65)
+865: guard_value(i66, 2293933, descr=<Guard0x7f3b97137f10>) [p2, p7, p9, p11, p13, p15, p17, p19, p21, p23, p25, p27, p29, p31, p33, p35, p37, p0, p1, p3, p4]
debug_merge_point(0, 0, '144<main.rpyeffect:136([method_Emit_0@[mcore:[#63]#272]#274])>+4: {"op": "New". "out": 0. "targets": [143]. "args": {"any": [0. 1]}}')
debug_merge_point(0, 0, '144<main.rpyeffect:136([method_Emit_0@[mcore:[#63]#272]#274])>+5: {"op": "Return". "args": {"any": [0]}}')
+878: guard_value(i62, 140, descr=<Guard0x7f3b97137f40>) [p2, p7, p9, p11, p13, p15, p17, p19, p21, p23, p25, p27, p29, p31, p33, p35, p37, p0, p1, p3, p4]
+898: p69 = getfield_gc_r(p58, descr=<FieldP rpyeffect.stored_environment.Stack__2.inst_values_ptr_0 32 pure>)
+902: p70 = getfield_gc_r(p58, descr=<FieldP rpyeffect.stored_environment.Stack__2.inst_values_ptr_1 40 pure>)
+906: p71 = getfield_gc_r(p61, descr=<FieldP rpyeffect.stored_environment.Stack__arb.inst_tail 8 pure>)
+910: guard_nonnull(p71, descr=<Guard0x7f3b97137f70>) [p2, p7, p9, p11, p13, p15, p17, p19, p21, p23, p25, p27, p29, p31, p33, p35, p37, p0, p1, p3, p4]
+919: i73 = int_lshift(i65, 14)
+930: i74 = getfield_gc_i(p71, descr=<FieldS rpyeffect.stored_environment.Stack__arb.inst_target 16 pure>)
+934: i75 = int_add(i73, i74)
+937: guard_value(i75, 2834433, descr=<Guard0x7f3b97137fa0>) [p2, p7, p9, p11, p13, p15, p17, p19, p21, p23, p25, p27, p29, p31, p33, p35, p37, p0, p1, p3, p4]
debug_merge_point(0, 0, '140<main.rpyeffect:132([k@[mcore:[#60]#252]#256])>+0: {"op": "Push". "target": 139. "args": {"any": [0. 2]}}')
debug_merge_point(0, 0, '140<main.rpyeffect:132([k@[mcore:[#60]#252]#256])>+1: {"op": "Copy". "type": "any". "from": 1. "to". 0}')
debug_merge_point(0, 0, '140<main.rpyeffect:132([k@[mcore:[#60]#252]#256])>+2: {"op": "Jump". "target": 59}')
+950: i78 = int_add(2277376, i65)
+962: guard_value(i78, 2277549, descr=<Guard0x7f3b97137fd0>) [p2, p7, p9, p11, p13, p15, p17, p19, p21, p23, p25, p27, p29, p31, p33, p35, p37, p0, p1, p3, p4]
debug_merge_point(0, 0, '59<main.rpyeffect:51(Name(+_27))>+0: {"op": "New". "out": 0. "targets": [58]. "args": {"any": [0]}}')
debug_merge_point(0, 0, '59<main.rpyeffect:51(Name(+_27))>+1: {"op": "Return". "args": {"any": [0]}}')
+975: i81 = int_add(2834432, i74)
+982: guard_value(i81, 2834433, descr=<Guard0x7f3b97150020>) [p2, p7, p9, p11, p13, p15, p17, p19, p21, p23, p25, p27, p29, p31, p33, p35, p37, p0, p1, p3, p4]
debug_merge_point(0, 0, '139<main.rpyeffect:131([k@[k@[mcore:[#60]#252]#256]#258])>+0: {"op": "Push". "target": 138. "args": {"any": [1. 0. 2]}}')
debug_merge_point(0, 0, '139<main.rpyeffect:131([k@[k@[mcore:[#60]#252]#256]#258])>+1: {"op": "Copy". "type": "any". "from": 2. "to". 0}')
debug_merge_point(0, 0, '139<main.rpyeffect:131([k@[k@[mcore:[#60]#252]#256]#258])>+2: {"op": "Jump". "target": 68}')
debug_merge_point(0, 0, '68<main.rpyeffect:60(Name(*_30))>+0: {"op": "New". "out": 0. "targets": [67]. "args": {"any": [0]}}')
debug_merge_point(0, 0, '68<main.rpyeffect:60(Name(*_30))>+1: {"op": "Return". "args": {"any": [0]}}')
debug_merge_point(0, 0, '138<main.rpyeffect:130([k@[k@[k@[mcore:[#60]#252]#256]#258]#260])>+0: {"op": "Push". "target": 137. "args": {"any": [1. 2]}}')
debug_merge_point(0, 0, '138<main.rpyeffect:130([k@[k@[k@[mcore:[#60]#252]#256]#258]#260])>+1: {"op": "Copy". "type": "any". "from": 0. "to". 1}')
debug_merge_point(0, 0, '138<main.rpyeffect:130([k@[k@[k@[mcore:[#60]#252]#256]#258]#260])>+2: {"op": "Copy". "type": "any". "from": 3. "to". 0}')
debug_merge_point(0, 0, '138<main.rpyeffect:130([k@[k@[k@[mcore:[#60]#252]#256]#258]#260])>+3: {"op": "Invoke". "receiver": 1. "tag": Interned(apply). "args" : {"any": [0]}}')
debug_merge_point(0, 0, '67<main.rpyeffect:59([method_apply@Name(*_30)#89])>+0: {"op": "Jump". "target": 66}')
debug_merge_point(0, 0, '66<main.rpyeffect:58([mcore:[#28]#86])>+0: {"op": "PrimOp". "name": "infixMul(Int. Int): Int". "out": {"any": [0]}. "in": {"any": [1. 0]}}')
+995: i83 = getfield_gc_i(p70, descr=<FieldS rpyeffect.value.IntValue.inst_value 8 pure>)
+1000: i84 = int_mul(i83, i83)
debug_merge_point(0, 0, '66<main.rpyeffect:58([mcore:[#28]#86])>+1: {"op": "Return". "args": {"any": [0]}}')
debug_merge_point(0, 0, '137<main.rpyeffect:129([#262])>+0: {"op": "Push". "target": 136. "args": {"any": [1]}}')
debug_merge_point(0, 0, '137<main.rpyeffect:129([#262])>+1: {"op": "Invoke". "receiver": 2. "tag": Interned(apply). "args" : {"any": [0]}}')
debug_merge_point(0, 0, '58<main.rpyeffect:50([method_apply@Name(+_27)#74])>+0: {"op": "Jump". "target": 57}')
debug_merge_point(0, 0, '57<main.rpyeffect:49([mcore:[#25]#71])>+0: {"op": "PrimOp". "name": "infixAdd(Int. Int): Int". "out": {"any": [0]}. "in": {"any": [1. 0]}}')
+1004: i85 = getfield_gc_i(p69, descr=<FieldS rpyeffect.value.IntValue.inst_value 8 pure>)
+1008: i86 = int_add(i85, i84)
debug_merge_point(0, 0, '57<main.rpyeffect:49([mcore:[#25]#71])>+1: {"op": "Return". "args": {"any": [0]}}')
debug_merge_point(0, 0, '136<main.rpyeffect:128([k@[#262]#264])>+0: {"op": "Push". "target": 135. "args": {"any": [1]}}')
debug_merge_point(0, 0, '136<main.rpyeffect:128([k@[#262]#264])>+1: {"op": "Jump". "target": 65}')
debug_merge_point(0, 0, '65<main.rpyeffect:57(Name(mod_29))>+0: {"op": "New". "out": 0. "targets": [64]. "args": {"any": [0]}}')
debug_merge_point(0, 0, '65<main.rpyeffect:57(Name(mod_29))>+1: {"op": "Return". "args": {"any": [0]}}')
debug_merge_point(0, 0, '135<main.rpyeffect:127([k@[k@[#262]#264]#266])>+0: {"op": "Const". "type": "ptr". "out": 2. "format": "int". "value": "<IntValue object at 0x7f3b9711d9e0>"}')
debug_merge_point(0, 0, '135<main.rpyeffect:127([k@[k@[#262]#264]#266])>+1: {"op": "Push". "target": 134. "args": {"any": [1]}}')
debug_merge_point(0, 0, '135<main.rpyeffect:127([k@[k@[#262]#264]#266])>+2: {"op": "Copy". "type": "any". "from": 0. "to". 1}')
debug_merge_point(0, 0, '135<main.rpyeffect:127([k@[k@[#262]#264]#266])>+3: {"op": "Copy". "type": "any". "from": 2. "to". 0}')
debug_merge_point(0, 0, '135<main.rpyeffect:127([k@[k@[#262]#264]#266])>+4: {"op": "Invoke". "receiver": 1. "tag": Interned(apply). "args" : {"any": [0]}}')
debug_merge_point(0, 0, '64<main.rpyeffect:56([method_apply@Name(mod_29)#84])>+0: {"op": "Jump". "target": 63}')
debug_merge_point(0, 0, '63<main.rpyeffect:55([mcore:[#27]#81])>+0: {"op": "PrimOp". "name": "mod(Int. Int): Int". "out": {"any": [0]}. "in": {"any": [1. 0]}}')
+1011: i88 = int_rshift(i86, 63)
+1018: i89 = int_xor(i86, i88)
+1024: i91 = uint_mul_high(i89, -9086255505087856445)
+1044: i93 = uint_rshift(i91, 9)
+1048: i94 = int_xor(i93, i88)
+1051: i96 = int_mul(i94, 1009)
+1058: i97 = int_sub(i86, i96)
debug_merge_point(0, 0, '63<main.rpyeffect:55([mcore:[#27]#81])>+1: {"op": "Return". "args": {"any": [0]}}')
debug_merge_point(0, 0, '134<main.rpyeffect:126([k@[k@[k@[#262]#264]#266]#270])>+0: {"op": "Invoke". "receiver": 1. "tag": Interned(apply). "args" : {"any": [0]}}')
debug_merge_point(0, 0, '143<main.rpyeffect:135([#282])>+0: {"op": "Jump". "target": 141}')
debug_merge_point(0, 0, '141<main.rpyeffect:133([mcore:[#60]#252])>+0: {"op": "Construct". "out": 3. "type": Interned({"op": "eff$Tuple". "elements": []}). "tag": Interned({"op": "eff$Tuple". "elements": []}). "args": {"any": []}}')
debug_merge_point(0, 0, '141<main.rpyeffect:133([mcore:[#60]#252])>+1: {"op": "Push". "target": 140. "args": {"any": [0. 1]}}')
debug_merge_point(0, 0, '141<main.rpyeffect:133([mcore:[#60]#252])>+2: {"op": "Copy". "type": "any". "from": 3. "to". 0}')
debug_merge_point(0, 0, '141<main.rpyeffect:133([mcore:[#60]#252])>+3: {"op": "Copy". "type": "any". "from": 2. "to". 1}')
debug_merge_point(0, 0, '141<main.rpyeffect:133([mcore:[#60]#252])>+4: {"op": "Jump". "target": 133}')
debug_merge_point(0, 0, '133<main.rpyeffect:125(Name(k_105))>+0: {"op": "PushStack". "arg": 1}')
debug_merge_point(0, 0, '133<main.rpyeffect:125(Name(k_105))>+1: {"op": "Return". "args": {"any": [0]}}')
debug_merge_point(0, 0, '91<main.rpyeffect:83([k@[switch case for Bool(false)#120]#128])>+0: {"op": "Push". "target": 90. "args": {"any": [1]}}')
debug_merge_point(0, 0, '91<main.rpyeffect:83([k@[switch case for Bool(false)#120]#128])>+1: {"op": "Copy". "type": "any". "from": 2. "to". 0}')
debug_merge_point(0, 0, '91<main.rpyeffect:83([k@[switch case for Bool(false)#120]#128])>+2: {"op": "Jump". "target": 59}')
debug_merge_point(0, 0, '59<main.rpyeffect:51(Name(+_27))>+0: {"op": "New". "out": 0. "targets": [58]. "args": {"any": [0]}}')
debug_merge_point(0, 0, '59<main.rpyeffect:51(Name(+_27))>+1: {"op": "Return". "args": {"any": [0]}}')
debug_merge_point(0, 0, '90<main.rpyeffect:82([#130])>+0: {"op": "Const". "type": "ptr". "out": 2. "format": "int". "value": "<IntValue object at 0x7f3b9711d750>"}')
debug_merge_point(0, 0, '90<main.rpyeffect:82([#130])>+1: {"op": "Push". "target": 89. "args": {"any": [1]}}')
debug_merge_point(0, 0, '90<main.rpyeffect:82([#130])>+2: {"op": "Copy". "type": "any". "from": 0. "to". 1}')
debug_merge_point(0, 0, '90<main.rpyeffect:82([#130])>+3: {"op": "Copy". "type": "any". "from": 2. "to". 0}')
debug_merge_point(0, 0, '90<main.rpyeffect:82([#130])>+4: {"op": "Invoke". "receiver": 1. "tag": Interned(apply). "args" : {"any": [0]}}')
debug_merge_point(0, 0, '58<main.rpyeffect:50([method_apply@Name(+_27)#74])>+0: {"op": "Jump". "target": 57}')
debug_merge_point(0, 0, '57<main.rpyeffect:49([mcore:[#25]#71])>+0: {"op": "PrimOp". "name": "infixAdd(Int. Int): Int". "out": {"any": [0]}. "in": {"any": [1. 0]}}')
+1061: i99 = int_add(i45, 1)
debug_merge_point(0, 0, '57<main.rpyeffect:49([mcore:[#25]#71])>+1: {"op": "Return". "args": {"any": [0]}}')
debug_merge_point(0, 0, '89<main.rpyeffect:81([k@[#130]#134])>+0: {"op": "Const". "type": "ptr". "out": 2. "format": "string". "value": "Name(Emit_0)"}')
debug_merge_point(0, 0, '89<main.rpyeffect:81([k@[#130]#134])>+1: {"op": "PrimOp". "name": "getGlobal(String): Ptr". "out": {"any": [2]}. "in": {"any": [2]}}')
debug_merge_point(0, 0, '89<main.rpyeffect:81([k@[#130]#134])>+2: {"op": "Swap". "type": "any". "a": 2. "b". 1}')
debug_merge_point(0, 0, '89<main.rpyeffect:81([k@[#130]#134])>+3: {"op": "Jump". "target": 97}')
debug_merge_point(0, 0, '97<main.rpyeffect:89(Name(go_50))>+0: {"op": "Push". "target": 96. "args": {"any": [2. 0]}}')
+1065: label(p0, p1, p2, p61, i97, p7, p59, p60, p4, i99, p11, p15, p17, p19, p21, p23, p25, p27, p29, p31, p33, p35, p37, i46, p71, i45, descr=TargetToken(139893914349856))
debug_merge_point(0, 0, '97<main.rpyeffect:89(Name(go_50))>+0: {"op": "Push". "target": 96. "args": {"any": [2. 0]}}')
+1104: guard_not_invalidated(descr=<Guard0x7f3b97118e78>) [p2, p11, p15, p17, p19, p21, p23, p25, p27, p29, p31, p33, p35, p37, p0, p1, p4, i97, p7, p61, p60, p59, i99]
debug_merge_point(0, 0, '97<main.rpyeffect:89(Name(go_50))>+1: {"op": "Jump". "target": 16}')
debug_merge_point(0, 0, '16<main.rpyeffect:8(Name(>_2))>+0: {"op": "New". "out": 0. "targets": [15]. "args": {"any": [0]}}')
debug_merge_point(0, 0, '16<main.rpyeffect:8(Name(>_2))>+1: {"op": "Return". "args": {"any": [0]}}')
debug_merge_point(0, 0, '96<main.rpyeffect:88([k@Name(go_50)#114])>+0: {"op": "Push". "target": 95. "args": {"any": [1. 2]}}')
debug_merge_point(0, 0, '96<main.rpyeffect:88([k@Name(go_50)#114])>+1: {"op": "Swap". "type": "any". "a": 0. "b". 1}')
debug_merge_point(0, 0, '96<main.rpyeffect:88([k@Name(go_50)#114])>+2: {"op": "Invoke". "receiver": 1. "tag": Interned(apply). "args" : {"any": [0]}}')
debug_merge_point(0, 0, '15<main.rpyeffect:7([method_apply@Name(>_2)#16])>+0: {"op": "Jump". "target": 14}')
debug_merge_point(0, 0, '14<main.rpyeffect:6([mcore:[#15]#13])>+0: {"op": "PrimOp". "name": "infixGt(Any. Any): Bool". "out": {"any": [0]}. "in": {"any": [1. 0]}}')
+1104: i100 = int_eq(i99, i46)
+1107: guard_false(i100, descr=<Guard0x7f3b971516a0>) [p2, p11, p15, p17, p19, p21, p23, p25, p27, p29, p31, p33, p35, p37, p0, p1, p4, i97, p7, p61, p60, p59, i99]
+1113: i101 = int_lt(i99, i46)
+1116: guard_true(i101, descr=<Guard0x7f3b97151670>) [p2, p11, p15, p17, p19, p21, p23, p25, p27, p29, p31, p33, p35, p37, p0, p1, p4, i97, p7, p61, p60, p59, i99]
debug_merge_point(0, 0, '14<main.rpyeffect:6([mcore:[#15]#13])>+1: {"op": "Return". "args": {"any": [0]}}')
debug_merge_point(0, 0, '95<main.rpyeffect:87([k@[k@Name(go_50)#114]#116])>+0: {"op": "Switch". "scrutinee": 0. "values": [<BoolValue object at 0x7f3b9711d640>]. "targets": [88]. "default": 94}')
debug_merge_point(0, 0, '94<main.rpyeffect:86([switch default case#119])>+0: {"op": "Swap". "type": "any". "a": 0. "b". 1}')
debug_merge_point(0, 0, '94<main.rpyeffect:86([switch default case#119])>+1: {"op": "Swap". "type": "any". "a": 2. "b". 1}')
debug_merge_point(0, 0, '94<main.rpyeffect:86([switch default case#119])>+2: {"op": "Switch". "scrutinee": 2. "values": [<BoolValue object at 0x7f3b9711d650>]. "targets": [92]. "default": 93}')
debug_merge_point(0, 0, '92<main.rpyeffect:84([switch case for Bool(false)#120])>+0: {"op": "Const". "type": "ptr". "out": 2. "format": "int". "value": "<IntValue object at 0x7f3b9711d700>"}')
debug_merge_point(0, 0, '92<main.rpyeffect:84([switch case for Bool(false)#120])>+1: {"op": "Const". "type": "ptr". "out": 3. "format": "string". "value": "Name(Emit_0)"}')
debug_merge_point(0, 0, '92<main.rpyeffect:84([switch case for Bool(false)#120])>+2: {"op": "PrimOp". "name": "getGlobal(String): Ptr". "out": {"any": [3]}. "in": {"any": [3]}}')
debug_merge_point(0, 0, '92<main.rpyeffect:84([switch case for Bool(false)#120])>+3: {"op": "GetDynamic". "out": 2. "n": 2. "label": 3}')
debug_merge_point(0, 0, '92<main.rpyeffect:84([switch case for Bool(false)#120])>+4: {"op": "Push". "target": 91. "args": {"any": [0. 1]}}')
debug_merge_point(0, 0, '92<main.rpyeffect:84([switch case for Bool(false)#120])>+5: {"op": "Copy". "type": "any". "from": 1. "to". 0}')
debug_merge_point(0, 0, '92<main.rpyeffect:84([switch case for Bool(false)#120])>+6: {"op": "Invoke". "receiver": 2. "tag": Interned(Emit_0). "args" : {"any": [0]}}')
debug_merge_point(0, 0, '144<main.rpyeffect:136([method_Emit_0@[mcore:[#63]#272]#274])>+0: {"op": "Const". "type": "ptr". "out": 1. "format": "int". "value": "<IntValue object at 0x7f3b9713a420>"}')
debug_merge_point(0, 0, '144<main.rpyeffect:136([method_Emit_0@[mcore:[#63]#272]#274])>+1: {"op": "Const". "type": "ptr". "out": 2. "format": "string". "value": "Name(Emit_0)"}')
debug_merge_point(0, 0, '144<main.rpyeffect:136([method_Emit_0@[mcore:[#63]#272]#274])>+2: {"op": "PrimOp". "name": "getGlobal(String): Ptr". "out": {"any": [2]}. "in": {"any": [2]}}')
debug_merge_point(0, 0, '144<main.rpyeffect:136([method_Emit_0@[mcore:[#63]#272]#274])>+3: {"op": "ShiftDyn". "out": 1. "n": 1. "label": 2}')
debug_merge_point(0, 0, '144<main.rpyeffect:136([method_Emit_0@[mcore:[#63]#272]#274])>+4: {"op": "New". "out": 0. "targets": [143]. "args": {"any": [0. 1]}}')
debug_merge_point(0, 0, '144<main.rpyeffect:136([method_Emit_0@[mcore:[#63]#272]#274])>+5: {"op": "Return". "args": {"any": [0]}}')
debug_merge_point(0, 0, '140<main.rpyeffect:132([k@[mcore:[#60]#252]#256])>+0: {"op": "Push". "target": 139. "args": {"any": [0. 2]}}')
debug_merge_point(0, 0, '140<main.rpyeffect:132([k@[mcore:[#60]#252]#256])>+1: {"op": "Copy". "type": "any". "from": 1. "to". 0}')
debug_merge_point(0, 0, '140<main.rpyeffect:132([k@[mcore:[#60]#252]#256])>+2: {"op": "Jump". "target": 59}')
debug_merge_point(0, 0, '59<main.rpyeffect:51(Name(+_27))>+0: {"op": "New". "out": 0. "targets": [58]. "args": {"any": [0]}}')
debug_merge_point(0, 0, '59<main.rpyeffect:51(Name(+_27))>+1: {"op": "Return". "args": {"any": [0]}}')
debug_merge_point(0, 0, '139<main.rpyeffect:131([k@[k@[mcore:[#60]#252]#256]#258])>+0: {"op": "Push". "target": 138. "args": {"any": [1. 0. 2]}}')
debug_merge_point(0, 0, '139<main.rpyeffect:131([k@[k@[mcore:[#60]#252]#256]#258])>+1: {"op": "Copy". "type": "any". "from": 2. "to". 0}')
debug_merge_point(0, 0, '139<main.rpyeffect:131([k@[k@[mcore:[#60]#252]#256]#258])>+2: {"op": "Jump". "target": 68}')
debug_merge_point(0, 0, '68<main.rpyeffect:60(Name(*_30))>+0: {"op": "New". "out": 0. "targets": [67]. "args": {"any": [0]}}')
debug_merge_point(0, 0, '68<main.rpyeffect:60(Name(*_30))>+1: {"op": "Return". "args": {"any": [0]}}')
debug_merge_point(0, 0, '138<main.rpyeffect:130([k@[k@[k@[mcore:[#60]#252]#256]#258]#260])>+0: {"op": "Push". "target": 137. "args": {"any": [1. 2]}}')
debug_merge_point(0, 0, '138<main.rpyeffect:130([k@[k@[k@[mcore:[#60]#252]#256]#258]#260])>+1: {"op": "Copy". "type": "any". "from": 0. "to". 1}')
debug_merge_point(0, 0, '138<main.rpyeffect:130([k@[k@[k@[mcore:[#60]#252]#256]#258]#260])>+2: {"op": "Copy". "type": "any". "from": 3. "to". 0}')
debug_merge_point(0, 0, '138<main.rpyeffect:130([k@[k@[k@[mcore:[#60]#252]#256]#258]#260])>+3: {"op": "Invoke". "receiver": 1. "tag": Interned(apply). "args" : {"any": [0]}}')
debug_merge_point(0, 0, '67<main.rpyeffect:59([method_apply@Name(*_30)#89])>+0: {"op": "Jump". "target": 66}')
debug_merge_point(0, 0, '66<main.rpyeffect:58([mcore:[#28]#86])>+0: {"op": "PrimOp". "name": "infixMul(Int. Int): Int". "out": {"any": [0]}. "in": {"any": [1. 0]}}')
+1122: i102 = int_mul(i45, i45)
debug_merge_point(0, 0, '66<main.rpyeffect:58([mcore:[#28]#86])>+1: {"op": "Return". "args": {"any": [0]}}')
debug_merge_point(0, 0, '137<main.rpyeffect:129([#262])>+0: {"op": "Push". "target": 136. "args": {"any": [1]}}')
debug_merge_point(0, 0, '137<main.rpyeffect:129([#262])>+1: {"op": "Invoke". "receiver": 2. "tag": Interned(apply). "args" : {"any": [0]}}')
debug_merge_point(0, 0, '58<main.rpyeffect:50([method_apply@Name(+_27)#74])>+0: {"op": "Jump". "target": 57}')
debug_merge_point(0, 0, '57<main.rpyeffect:49([mcore:[#25]#71])>+0: {"op": "PrimOp". "name": "infixAdd(Int. Int): Int". "out": {"any": [0]}. "in": {"any": [1. 0]}}')
+1126: i103 = int_add(i97, i102)
debug_merge_point(0, 0, '57<main.rpyeffect:49([mcore:[#25]#71])>+1: {"op": "Return". "args": {"any": [0]}}')
debug_merge_point(0, 0, '136<main.rpyeffect:128([k@[#262]#264])>+0: {"op": "Push". "target": 135. "args": {"any": [1]}}')
debug_merge_point(0, 0, '136<main.rpyeffect:128([k@[#262]#264])>+1: {"op": "Jump". "target": 65}')
debug_merge_point(0, 0, '65<main.rpyeffect:57(Name(mod_29))>+0: {"op": "New". "out": 0. "targets": [64]. "args": {"any": [0]}}')
debug_merge_point(0, 0, '65<main.rpyeffect:57(Name(mod_29))>+1: {"op": "Return". "args": {"any": [0]}}')
debug_merge_point(0, 0, '135<main.rpyeffect:127([k@[k@[#262]#264]#266])>+0: {"op": "Const". "type": "ptr". "out": 2. "format": "int". "value": "<IntValue object at 0x7f3b9711d9e0>"}')
debug_merge_point(0, 0, '135<main.rpyeffect:127([k@[k@[#262]#264]#266])>+1: {"op": "Push". "target": 134. "args": {"any": [1]}}')
debug_merge_point(0, 0, '135<main.rpyeffect:127([k@[k@[#262]#264]#266])>+2: {"op": "Copy". "type": "any". "from": 0. "to". 1}')
debug_merge_point(0, 0, '135<main.rpyeffect:127([k@[k@[#262]#264]#266])>+3: {"op": "Copy". "type": "any". "from": 2. "to". 0}')
debug_merge_point(0, 0, '135<main.rpyeffect:127([k@[k@[#262]#264]#266])>+4: {"op": "Invoke". "receiver": 1. "tag": Interned(apply). "args" : {"any": [0]}}')
debug_merge_point(0, 0, '64<main.rpyeffect:56([method_apply@Name(mod_29)#84])>+0: {"op": "Jump". "target": 63}')
debug_merge_point(0, 0, '63<main.rpyeffect:55([mcore:[#27]#81])>+0: {"op": "PrimOp". "name": "mod(Int. Int): Int". "out": {"any": [0]}. "in": {"any": [1. 0]}}')
+1129: i105 = int_rshift(i103, 63)
+1136: i106 = int_xor(i103, i105)
+1142: i108 = uint_mul_high(i106, -9086255505087856445)
+1155: i110 = uint_rshift(i108, 9)
+1159: i111 = int_xor(i110, i105)
+1162: i113 = int_mul(i111, 1009)
+1169: i114 = int_sub(i103, i113)
debug_merge_point(0, 0, '63<main.rpyeffect:55([mcore:[#27]#81])>+1: {"op": "Return". "args": {"any": [0]}}')
debug_merge_point(0, 0, '134<main.rpyeffect:126([k@[k@[k@[#262]#264]#266]#270])>+0: {"op": "Invoke". "receiver": 1. "tag": Interned(apply). "args" : {"any": [0]}}')
debug_merge_point(0, 0, '143<main.rpyeffect:135([#282])>+0: {"op": "Jump". "target": 141}')
debug_merge_point(0, 0, '141<main.rpyeffect:133([mcore:[#60]#252])>+0: {"op": "Construct". "out": 3. "type": Interned({"op": "eff$Tuple". "elements": []}). "tag": Interned({"op": "eff$Tuple". "elements": []}). "args": {"any": []}}')
debug_merge_point(0, 0, '141<main.rpyeffect:133([mcore:[#60]#252])>+1: {"op": "Push". "target": 140. "args": {"any": [0. 1]}}')
debug_merge_point(0, 0, '141<main.rpyeffect:133([mcore:[#60]#252])>+2: {"op": "Copy". "type": "any". "from": 3. "to". 0}')
debug_merge_point(0, 0, '141<main.rpyeffect:133([mcore:[#60]#252])>+3: {"op": "Copy". "type": "any". "from": 2. "to". 1}')
debug_merge_point(0, 0, '141<main.rpyeffect:133([mcore:[#60]#252])>+4: {"op": "Jump". "target": 133}')
debug_merge_point(0, 0, '133<main.rpyeffect:125(Name(k_105))>+0: {"op": "PushStack". "arg": 1}')
debug_merge_point(0, 0, '133<main.rpyeffect:125(Name(k_105))>+1: {"op": "Return". "args": {"any": [0]}}')
debug_merge_point(0, 0, '91<main.rpyeffect:83([k@[switch case for Bool(false)#120]#128])>+0: {"op": "Push". "target": 90. "args": {"any": [1]}}')
debug_merge_point(0, 0, '91<main.rpyeffect:83([k@[switch case for Bool(false)#120]#128])>+1: {"op": "Copy". "type": "any". "from": 2. "to". 0}')
debug_merge_point(0, 0, '91<main.rpyeffect:83([k@[switch case for Bool(false)#120]#128])>+2: {"op": "Jump". "target": 59}')
debug_merge_point(0, 0, '59<main.rpyeffect:51(Name(+_27))>+0: {"op": "New". "out": 0. "targets": [58]. "args": {"any": [0]}}')
debug_merge_point(0, 0, '59<main.rpyeffect:51(Name(+_27))>+1: {"op": "Return". "args": {"any": [0]}}')
debug_merge_point(0, 0, '90<main.rpyeffect:82([#130])>+0: {"op": "Const". "type": "ptr". "out": 2. "format": "int". "value": "<IntValue object at 0x7f3b9711d750>"}')
debug_merge_point(0, 0, '90<main.rpyeffect:82([#130])>+1: {"op": "Push". "target": 89. "args": {"any": [1]}}')
debug_merge_point(0, 0, '90<main.rpyeffect:82([#130])>+2: {"op": "Copy". "type": "any". "from": 0. "to". 1}')
debug_merge_point(0, 0, '90<main.rpyeffect:82([#130])>+3: {"op": "Copy". "type": "any". "from": 2. "to". 0}')
debug_merge_point(0, 0, '90<main.rpyeffect:82([#130])>+4: {"op": "Invoke". "receiver": 1. "tag": Interned(apply). "args" : {"any": [0]}}')
debug_merge_point(0, 0, '58<main.rpyeffect:50([method_apply@Name(+_27)#74])>+0: {"op": "Jump". "target": 57}')
debug_merge_point(0, 0, '57<main.rpyeffect:49([mcore:[#25]#71])>+0: {"op": "PrimOp". "name": "infixAdd(Int. Int): Int". "out": {"any": [0]}. "in": {"any": [1. 0]}}')
+1172: i116 = int_add(i99, 1)
debug_merge_point(0, 0, '57<main.rpyeffect:49([mcore:[#25]#71])>+1: {"op": "Return". "args": {"any": [0]}}')
debug_merge_point(0, 0, '89<main.rpyeffect:81([k@[#130]#134])>+0: {"op": "Const". "type": "ptr". "out": 2. "format": "string". "value": "Name(Emit_0)"}')
debug_merge_point(0, 0, '89<main.rpyeffect:81([k@[#130]#134])>+1: {"op": "PrimOp". "name": "getGlobal(String): Ptr". "out": {"any": [2]}. "in": {"any": [2]}}')
debug_merge_point(0, 0, '89<main.rpyeffect:81([k@[#130]#134])>+2: {"op": "Swap". "type": "any". "a": 2. "b". 1}')
debug_merge_point(0, 0, '89<main.rpyeffect:81([k@[#130]#134])>+3: {"op": "Jump". "target": 97}')
debug_merge_point(0, 0, '97<main.rpyeffect:89(Name(go_50))>+0: {"op": "Push". "target": 96. "args": {"any": [2. 0]}}')
+1176: p117 = new_with_vtable(descr=<SizeDescr 16>)
+1217: setfield_gc(p117, i99, descr=<FieldS rpyeffect.value.IntValue.inst_value 8 pure>)
+1221: i119 = int_le(i99, 9223372036854775806)
+1234: guard_true(i119, descr=<Guard0x7f3b97118da0>) [p2, p11, p15, p17, p19, p21, p23, p25, p27, p29, p31, p33, p35, p37, p0, p1, p4, i114, p117, i116, None, None, p61, p60, p59, None]
+1240: jump(p0, p1, p2, p61, i114, p117, p59, p60, p4, i116, p11, p15, p17, p19, p21, p23, p25, p27, p29, p31, p33, p35, p37, i46, p71, i99, descr=TargetToken(139893914349856))
+1264: --end of the loop--
[6366d3fd7818] jit-log-opt-loop}
[6366ecf969b3] {jit-log-opt-loop
# Loop 2 (97<main.rpyeffect:89(Name(go_50))>+0: {"op": "Push", "target": 96, "args": {"any": [2, 0]}}) : loop with 254 ops
[p0, p1, p2, p3, p4]
+381: p5 = getfield_gc_r(p2, descr=<FieldP rpyeffect.environment.Environment.inst_values_ptr 16>)
+392: p7 = getarrayitem_gc_r(p5, 0, descr=<ArrayP 8>)
+396: p9 = getarrayitem_gc_r(p5, 1, descr=<ArrayP 8>)
+400: p11 = getarrayitem_gc_r(p5, 2, descr=<ArrayP 8>)
+404: p13 = getarrayitem_gc_r(p5, 3, descr=<ArrayP 8>)
+408: p15 = getarrayitem_gc_r(p5, 4, descr=<ArrayP 8>)
+412: p17 = getarrayitem_gc_r(p5, 5, descr=<ArrayP 8>)
+416: p19 = getarrayitem_gc_r(p5, 6, descr=<ArrayP 8>)
+420: p21 = getarrayitem_gc_r(p5, 7, descr=<ArrayP 8>)
+424: p23 = getarrayitem_gc_r(p5, 8, descr=<ArrayP 8>)
+428: p25 = getarrayitem_gc_r(p5, 9, descr=<ArrayP 8>)
+432: p27 = getarrayitem_gc_r(p5, 10, descr=<ArrayP 8>)
+436: p29 = getarrayitem_gc_r(p5, 11, descr=<ArrayP 8>)
+440: p31 = getarrayitem_gc_r(p5, 12, descr=<ArrayP 8>)
+451: p33 = getarrayitem_gc_r(p5, 13, descr=<ArrayP 8>)
+462: p35 = getarrayitem_gc_r(p5, 14, descr=<ArrayP 8>)
+476: p37 = getarrayitem_gc_r(p5, 15, descr=<ArrayP 8>)
+490: label(p0, p1, p2, p3, p4, p7, p9, p11, p13, p15, p17, p19, p21, p23, p25, p27, p29, p31, p33, p35, p37, descr=TargetToken(139893914352096))
debug_merge_point(0, 0, '97<main.rpyeffect:89(Name(go_50))>+0: {"op": "Push". "target": 96. "args": {"any": [2. 0]}}')
+560: guard_not_invalidated(descr=<Guard0x7f3b97118f50>) [p2, p7, p9, p11, p13, p15, p17, p19, p21, p23, p25, p27, p29, p31, p33, p35, p37, p0, p1, p3, p4]
debug_merge_point(0, 0, '97<main.rpyeffect:89(Name(go_50))>+1: {"op": "Jump". "target": 16}')
+560: guard_nonnull(p1, descr=<Guard0x7f3b9717a3b0>) [p2, p7, p9, p11, p13, p15, p17, p19, p21, p23, p25, p27, p29, p31, p33, p35, p37, p0, p1, p3, p4]
+574: i38 = getfield_gc_i(p1, descr=<FieldS rpyeffect.stored_environment.Stack__arb.inst_target 16 pure>)
+586: i40 = int_add(1572864, i38)
+593: guard_value(i40, 1572974, descr=<Guard0x7f3b9717a3e0>) [p2, p7, p9, p11, p13, p15, p17, p19, p21, p23, p25, p27, p29, p31, p33, p35, p37, p0, p1, p3, p4]
debug_merge_point(0, 0, '16<main.rpyeffect:8(Name(>_2))>+0: {"op": "New". "out": 0. "targets": [15]. "args": {"any": [0]}}')
debug_merge_point(0, 0, '16<main.rpyeffect:8(Name(>_2))>+1: {"op": "Return". "args": {"any": [0]}}')
+606: p42 = getfield_gc_r(p1, descr=<FieldP rpyeffect.stored_environment.Stack__arb.inst_tail 8 pure>)
+611: guard_isnull(p42, descr=<Guard0x7f3b9717a410>) [p2, p7, p9, p11, p13, p15, p17, p19, p21, p23, p25, p27, p29, p31, p33, p35, p37, p0, p1, p3, p4]
debug_merge_point(0, 0, '96<main.rpyeffect:88([k@Name(go_50)#114])>+0: {"op": "Push". "target": 95. "args": {"any": [1. 2]}}')
debug_merge_point(0, 0, '96<main.rpyeffect:88([k@Name(go_50)#114])>+1: {"op": "Swap". "type": "any". "a": 0. "b". 1}')
debug_merge_point(0, 0, '96<main.rpyeffect:88([k@Name(go_50)#114])>+2: {"op": "Invoke". "receiver": 1. "tag": Interned(apply). "args" : {"any": [0]}}')
debug_merge_point(0, 0, '15<main.rpyeffect:7([method_apply@Name(>_2)#16])>+0: {"op": "Jump". "target": 14}')
debug_merge_point(0, 0, '14<main.rpyeffect:6([mcore:[#15]#13])>+0: {"op": "PrimOp". "name": "infixGt(Any. Any): Bool". "out": {"any": [0]}. "in": {"any": [1. 0]}}')
+620: guard_class(p7, ConstClass(IntValue), descr=<Guard0x7f3b9717a440>) [p2, p7, p9, p11, p13, p15, p17, p19, p21, p23, p25, p27, p29, p31, p33, p35, p37, p0, p1, p3, p4]
+632: guard_nonnull_class(p11, ConstClass(IntValue), descr=<Guard0x7f3b97118f98>) [p2, p7, p9, p11, p13, p15, p17, p19, p21, p23, p25, p27, p29, p31, p33, p35, p37, p0, p1, p3, p4]
+650: i45 = getfield_gc_i(p7, descr=<FieldS rpyeffect.value.IntValue.inst_value 8 pure>)
+654: i46 = getfield_gc_i(p11, descr=<FieldS rpyeffect.value.IntValue.inst_value 8 pure>)
+658: i47 = int_eq(i45, i46)
+661: guard_false(i47, descr=<Guard0x7f3b9717a470>) [p2, p7, p9, p11, p13, p15, p17, p19, p21, p23, p25, p27, p29, p31, p33, p35, p37, p0, p1, p3, p4]
+667: i48 = int_lt(i45, i46)
+670: guard_true(i48, descr=<Guard0x7f3b9717a4a0>) [p2, p7, p9, p11, p13, p15, p17, p19, p21, p23, p25, p27, p29, p31, p33, p35, p37, p0, p1, p3, p4]
debug_merge_point(0, 0, '14<main.rpyeffect:6([mcore:[#15]#13])>+1: {"op": "Return". "args": {"any": [0]}}')
debug_merge_point(0, 0, '95<main.rpyeffect:87([k@[k@Name(go_50)#114]#116])>+0: {"op": "Switch". "scrutinee": 0. "values": [<BoolValue object at 0x7f3b9711d640>]. "targets": [88]. "default": 94}')
debug_merge_point(0, 0, '94<main.rpyeffect:86([switch default case#119])>+0: {"op": "Swap". "type": "any". "a": 0. "b". 1}')
debug_merge_point(0, 0, '94<main.rpyeffect:86([switch default case#119])>+1: {"op": "Swap". "type": "any". "a": 2. "b". 1}')
debug_merge_point(0, 0, '94<main.rpyeffect:86([switch default case#119])>+2: {"op": "Switch". "scrutinee": 2. "values": [<BoolValue object at 0x7f3b9711d650>]. "targets": [92]. "default": 93}')
debug_merge_point(0, 0, '92<main.rpyeffect:84([switch case for Bool(false)#120])>+0: {"op": "Const". "type": "ptr". "out": 2. "format": "int". "value": "<IntValue object at 0x7f3b9711d700>"}')
debug_merge_point(0, 0, '92<main.rpyeffect:84([switch case for Bool(false)#120])>+1: {"op": "Const". "type": "ptr". "out": 3. "format": "string". "value": "Name(Emit_0)"}')
debug_merge_point(0, 0, '92<main.rpyeffect:84([switch case for Bool(false)#120])>+2: {"op": "PrimOp". "name": "getGlobal(String): Ptr". "out": {"any": [3]}. "in": {"any": [3]}}')
debug_merge_point(0, 0, '92<main.rpyeffect:84([switch case for Bool(false)#120])>+3: {"op": "GetDynamic". "out": 2. "n": 2. "label": 3}')
+683: i50 = instance_ptr_eq(p4, ConstPtr(ptr49))
+690: guard_false(i50, descr=<Guard0x7f3b9717a4d0>) [p2, p7, p9, p11, p13, p15, p17, p19, p21, p23, p25, p27, p29, p31, p33, p35, p37, p0, p1, p3, p4]
+696: guard_nonnull(p0, descr=<Guard0x7f3b9717a500>) [p2, p7, p9, p11, p13, p15, p17, p19, p21, p23, p25, p27, p29, p31, p33, p35, p37, p0, p1, p3, p4]
+710: i51 = getfield_gc_i(p0, descr=<FieldS rpyeffect.stack.Label.inst_origin 8 pure>)
+721: guard_value(i51, 179231, descr=<Guard0x7f3b9717a530>) [p2, p7, p9, p11, p13, p15, p17, p19, p21, p23, p25, p27, p29, p31, p33, p35, p37, p0, p1, p3, p4]
+741: i54 = instance_ptr_eq(p0, ConstPtr(ptr53))
+744: guard_true(i54, descr=<Guard0x7f3b9717a560>) [p2, p7, p9, p11, p13, p15, p17, p19, p21, p23, p25, p27, p29, p31, p33, p35, p37, p0, p1, p3, p4]
debug_merge_point(0, 0, '92<main.rpyeffect:84([switch case for Bool(false)#120])>+4: {"op": "Push". "target": 91. "args": {"any": [0. 1]}}')
debug_merge_point(0, 0, '92<main.rpyeffect:84([switch case for Bool(false)#120])>+5: {"op": "Copy". "type": "any". "from": 1. "to". 0}')
debug_merge_point(0, 0, '92<main.rpyeffect:84([switch case for Bool(false)#120])>+6: {"op": "Invoke". "receiver": 2. "tag": Interned(Emit_0). "args" : {"any": [0]}}')
+750: p55 = getfield_gc_r(p4, descr=<FieldP rpyeffect.codata.CoData.inst_vtable 8 pure>)
+768: guard_value(p55, ConstPtr(ptr56), descr=<Guard0x7f3b9717a590>) [p2, p7, p9, p11, p13, p15, p17, p19, p21, p23, p25, p27, p29, p31, p33, p35, p37, p0, p1, p3, p4]
debug_merge_point(0, 0, '108<main.rpyeffect:100([method_Emit_0@[mcore:[#42]#162]#164])>+0: {"op": "Const". "type": "ptr". "out": 1. "format": "int". "value": "<IntValue object at 0x7f3b9711d460>"}')
debug_merge_point(0, 0, '108<main.rpyeffect:100([method_Emit_0@[mcore:[#42]#162]#164])>+1: {"op": "Const". "type": "ptr". "out": 2. "format": "string". "value": "Name(Emit_0)"}')
debug_merge_point(0, 0, '108<main.rpyeffect:100([method_Emit_0@[mcore:[#42]#162]#164])>+2: {"op": "PrimOp". "name": "getGlobal(String): Ptr". "out": {"any": [2]}. "in": {"any": [2]}}')
debug_merge_point(0, 0, '108<main.rpyeffect:100([method_Emit_0@[mcore:[#42]#162]#164])>+3: {"op": "ShiftDyn". "out": 1. "n": 1. "label": 2}')
+777: guard_nonnull_class(p3, 8701856, descr=<Guard0x7f3b97118fe0>) [p2, p7, p9, p11, p13, p15, p17, p19, p21, p23, p25, p27, p29, p31, p33, p35, p37, p0, p1, p3, p4]
+802: p58 = getfield_gc_r(p3, descr=<FieldP rpyeffect.stack.MetaStackLike.inst_stack 8 pure>)
+806: p59 = getfield_gc_r(p3, descr=<FieldP rpyeffect.stack.MetaStack.inst_label 16 pure>)
+810: p60 = getfield_gc_r(p3, descr=<FieldP rpyeffect.stack.MetaStack.inst_tail 32 pure>)
+814: guard_nonnull(p58, descr=<Guard0x7f3b9717a5c0>) [p2, p7, p9, p11, p13, p15, p17, p19, p21, p23, p25, p27, p29, p31, p33, p35, p37, p0, p1, p3, p4]
+823: p61 = getfield_gc_r(p58, descr=<FieldP rpyeffect.stored_environment.Stack__arb.inst_tail 8 pure>)
+827: guard_nonnull(p61, descr=<Guard0x7f3b9717a5f0>) [p2, p7, p9, p11, p13, p15, p17, p19, p21, p23, p25, p27, p29, p31, p33, p35, p37, p0, p1, p3, p4]
+836: i62 = getfield_gc_i(p58, descr=<FieldS rpyeffect.stored_environment.Stack__arb.inst_target 16 pure>)
+840: i64 = int_lshift(i62, 14)
+851: i65 = getfield_gc_i(p61, descr=<FieldS rpyeffect.stored_environment.Stack__arb.inst_target 16 pure>)
+862: i66 = int_add(i64, i65)
+865: guard_value(i66, 1704108, descr=<Guard0x7f3b9717a620>) [p2, p7, p9, p11, p13, p15, p17, p19, p21, p23, p25, p27, p29, p31, p33, p35, p37, p0, p1, p3, p4]
debug_merge_point(0, 0, '108<main.rpyeffect:100([method_Emit_0@[mcore:[#42]#162]#164])>+4: {"op": "New". "out": 0. "targets": [107]. "args": {"any": [0. 1]}}')
debug_merge_point(0, 0, '108<main.rpyeffect:100([method_Emit_0@[mcore:[#42]#162]#164])>+5: {"op": "Return". "args": {"any": [0]}}')
+878: guard_value(i62, 104, descr=<Guard0x7f3b9717a650>) [p2, p7, p9, p11, p13, p15, p17, p19, p21, p23, p25, p27, p29, p31, p33, p35, p37, p0, p1, p3, p4]
+895: p69 = getfield_gc_r(p58, descr=<FieldP rpyeffect.stored_environment.Stack__2.inst_values_ptr_0 32 pure>)
+899: p70 = getfield_gc_r(p58, descr=<FieldP rpyeffect.stored_environment.Stack__2.inst_values_ptr_1 40 pure>)
+903: p71 = getfield_gc_r(p61, descr=<FieldP rpyeffect.stored_environment.Stack__arb.inst_tail 8 pure>)
+907: guard_nonnull(p71, descr=<Guard0x7f3b9717a680>) [p2, p7, p9, p11, p13, p15, p17, p19, p21, p23, p25, p27, p29, p31, p33, p35, p37, p0, p1, p3, p4]
+916: i73 = int_lshift(i65, 14)
+927: i74 = getfield_gc_i(p71, descr=<FieldS rpyeffect.stored_environment.Stack__arb.inst_target 16 pure>)
+931: i75 = int_add(i73, i74)
+934: guard_value(i75, 2818049, descr=<Guard0x7f3b9717a6b0>) [p2, p7, p9, p11, p13, p15, p17, p19, p21, p23, p25, p27, p29, p31, p33, p35, p37, p0, p1, p3, p4]
debug_merge_point(0, 0, '104<main.rpyeffect:96([k@[mcore:[#39]#146]#150])>+0: {"op": "Push". "target": 103. "args": {"any": [0. 2]}}')
debug_merge_point(0, 0, '104<main.rpyeffect:96([k@[mcore:[#39]#146]#150])>+1: {"op": "Copy". "type": "any". "from": 1. "to". 0}')
debug_merge_point(0, 0, '104<main.rpyeffect:96([k@[mcore:[#39]#146]#150])>+2: {"op": "Jump". "target": 59}')
+947: i78 = int_add(1687552, i65)
+959: guard_value(i78, 1687724, descr=<Guard0x7f3b9717a6e0>) [p2, p7, p9, p11, p13, p15, p17, p19, p21, p23, p25, p27, p29, p31, p33, p35, p37, p0, p1, p3, p4]
debug_merge_point(0, 0, '59<main.rpyeffect:51(Name(+_27))>+0: {"op": "New". "out": 0. "targets": [58]. "args": {"any": [0]}}')
debug_merge_point(0, 0, '59<main.rpyeffect:51(Name(+_27))>+1: {"op": "Return". "args": {"any": [0]}}')
+972: i81 = int_add(2818048, i74)
+979: guard_value(i81, 2818049, descr=<Guard0x7f3b9717a710>) [p2, p7, p9, p11, p13, p15, p17, p19, p21, p23, p25, p27, p29, p31, p33, p35, p37, p0, p1, p3, p4]
debug_merge_point(0, 0, '103<main.rpyeffect:95([k@[k@[mcore:[#39]#146]#150]#152])>+0: {"op": "Push". "target": 102. "args": {"any": [1]}}')
debug_merge_point(0, 0, '103<main.rpyeffect:95([k@[k@[mcore:[#39]#146]#150]#152])>+1: {"op": "Copy". "type": "any". "from": 0. "to". 1}')
debug_merge_point(0, 0, '103<main.rpyeffect:95([k@[k@[mcore:[#39]#146]#150]#152])>+2: {"op": "Copy". "type": "any". "from": 2. "to". 0}')
debug_merge_point(0, 0, '103<main.rpyeffect:95([k@[k@[mcore:[#39]#146]#150]#152])>+3: {"op": "Invoke". "receiver": 1. "tag": Interned(apply). "args" : {"any": [0]}}')
debug_merge_point(0, 0, '58<main.rpyeffect:50([method_apply@Name(+_27)#74])>+0: {"op": "Jump". "target": 57}')
debug_merge_point(0, 0, '57<main.rpyeffect:49([mcore:[#25]#71])>+0: {"op": "PrimOp". "name": "infixAdd(Int. Int): Int". "out": {"any": [0]}. "in": {"any": [1. 0]}}')
+992: i83 = getfield_gc_i(p69, descr=<FieldS rpyeffect.value.IntValue.inst_value 8 pure>)
+996: i84 = getfield_gc_i(p70, descr=<FieldS rpyeffect.value.IntValue.inst_value 8 pure>)
+1001: i85 = int_add(i83, i84)
debug_merge_point(0, 0, '57<main.rpyeffect:49([mcore:[#25]#71])>+1: {"op": "Return". "args": {"any": [0]}}')
debug_merge_point(0, 0, '102<main.rpyeffect:94([k@[k@[k@[mcore:[#39]#146]#150]#152]#154])>+0: {"op": "Push". "target": 101. "args": {"any": [1]}}')
debug_merge_point(0, 0, '102<main.rpyeffect:94([k@[k@[k@[mcore:[#39]#146]#150]#152]#154])>+1: {"op": "Jump". "target": 65}')
debug_merge_point(0, 0, '65<main.rpyeffect:57(Name(mod_29))>+0: {"op": "New". "out": 0. "targets": [64]. "args": {"any": [0]}}')
debug_merge_point(0, 0, '65<main.rpyeffect:57(Name(mod_29))>+1: {"op": "Return". "args": {"any": [0]}}')
debug_merge_point(0, 0, '101<main.rpyeffect:93([#156])>+0: {"op": "Const". "type": "ptr". "out": 2. "format": "int". "value": "<IntValue object at 0x7f3b9711d560>"}')
debug_merge_point(0, 0, '101<main.rpyeffect:93([#156])>+1: {"op": "Push". "target": 100. "args": {"any": [1]}}')
debug_merge_point(0, 0, '101<main.rpyeffect:93([#156])>+2: {"op": "Copy". "type": "any". "from": 0. "to". 1}')
debug_merge_point(0, 0, '101<main.rpyeffect:93([#156])>+3: {"op": "Copy". "type": "any". "from": 2. "to". 0}')
debug_merge_point(0, 0, '101<main.rpyeffect:93([#156])>+4: {"op": "Invoke". "receiver": 1. "tag": Interned(apply). "args" : {"any": [0]}}')
debug_merge_point(0, 0, '64<main.rpyeffect:56([method_apply@Name(mod_29)#84])>+0: {"op": "Jump". "target": 63}')
debug_merge_point(0, 0, '63<main.rpyeffect:55([mcore:[#27]#81])>+0: {"op": "PrimOp". "name": "mod(Int. Int): Int". "out": {"any": [0]}. "in": {"any": [1. 0]}}')
+1004: i87 = int_rshift(i85, 63)
+1011: i88 = int_xor(i85, i87)
+1017: i90 = uint_mul_high(i88, -9086255505087856445)
+1037: i92 = uint_rshift(i90, 9)
+1041: i93 = int_xor(i92, i87)
+1044: i95 = int_mul(i93, 1009)
+1051: i96 = int_sub(i85, i95)
debug_merge_point(0, 0, '63<main.rpyeffect:55([mcore:[#27]#81])>+1: {"op": "Return". "args": {"any": [0]}}')
debug_merge_point(0, 0, '100<main.rpyeffect:92([k@[#156]#160])>+0: {"op": "Invoke". "receiver": 1. "tag": Interned(apply). "args" : {"any": [0]}}')
debug_merge_point(0, 0, '107<main.rpyeffect:99([#172])>+0: {"op": "Jump". "target": 105}')
debug_merge_point(0, 0, '105<main.rpyeffect:97([mcore:[#39]#146])>+0: {"op": "Construct". "out": 3. "type": Interned({"op": "eff$Tuple". "elements": []}). "tag": Interned({"op": "eff$Tuple". "elements": []}). "args": {"any": []}}')
debug_merge_point(0, 0, '105<main.rpyeffect:97([mcore:[#39]#146])>+1: {"op": "Push". "target": 104. "args": {"any": [0. 1]}}')
debug_merge_point(0, 0, '105<main.rpyeffect:97([mcore:[#39]#146])>+2: {"op": "Copy". "type": "any". "from": 3. "to". 0}')
debug_merge_point(0, 0, '105<main.rpyeffect:97([mcore:[#39]#146])>+3: {"op": "Copy". "type": "any". "from": 2. "to". 1}')
debug_merge_point(0, 0, '105<main.rpyeffect:97([mcore:[#39]#146])>+4: {"op": "Jump". "target": 99}')
debug_merge_point(0, 0, '99<main.rpyeffect:91(Name(k_71))>+0: {"op": "PushStack". "arg": 1}')
debug_merge_point(0, 0, '99<main.rpyeffect:91(Name(k_71))>+1: {"op": "Return". "args": {"any": [0]}}')
debug_merge_point(0, 0, '91<main.rpyeffect:83([k@[switch case for Bool(false)#120]#128])>+0: {"op": "Push". "target": 90. "args": {"any": [1]}}')
debug_merge_point(0, 0, '91<main.rpyeffect:83([k@[switch case for Bool(false)#120]#128])>+1: {"op": "Copy". "type": "any". "from": 2. "to". 0}')
debug_merge_point(0, 0, '91<main.rpyeffect:83([k@[switch case for Bool(false)#120]#128])>+2: {"op": "Jump". "target": 59}')
debug_merge_point(0, 0, '59<main.rpyeffect:51(Name(+_27))>+0: {"op": "New". "out": 0. "targets": [58]. "args": {"any": [0]}}')
debug_merge_point(0, 0, '59<main.rpyeffect:51(Name(+_27))>+1: {"op": "Return". "args": {"any": [0]}}')
debug_merge_point(0, 0, '90<main.rpyeffect:82([#130])>+0: {"op": "Const". "type": "ptr". "out": 2. "format": "int". "value": "<IntValue object at 0x7f3b9711d750>"}')
debug_merge_point(0, 0, '90<main.rpyeffect:82([#130])>+1: {"op": "Push". "target": 89. "args": {"any": [1]}}')
debug_merge_point(0, 0, '90<main.rpyeffect:82([#130])>+2: {"op": "Copy". "type": "any". "from": 0. "to". 1}')
debug_merge_point(0, 0, '90<main.rpyeffect:82([#130])>+3: {"op": "Copy". "type": "any". "from": 2. "to". 0}')
debug_merge_point(0, 0, '90<main.rpyeffect:82([#130])>+4: {"op": "Invoke". "receiver": 1. "tag": Interned(apply). "args" : {"any": [0]}}')
debug_merge_point(0, 0, '58<main.rpyeffect:50([method_apply@Name(+_27)#74])>+0: {"op": "Jump". "target": 57}')
debug_merge_point(0, 0, '57<main.rpyeffect:49([mcore:[#25]#71])>+0: {"op": "PrimOp". "name": "infixAdd(Int. Int): Int". "out": {"any": [0]}. "in": {"any": [1. 0]}}')
+1054: i98 = int_add(i45, 1)
debug_merge_point(0, 0, '57<main.rpyeffect:49([mcore:[#25]#71])>+1: {"op": "Return". "args": {"any": [0]}}')
debug_merge_point(0, 0, '89<main.rpyeffect:81([k@[#130]#134])>+0: {"op": "Const". "type": "ptr". "out": 2. "format": "string". "value": "Name(Emit_0)"}')
debug_merge_point(0, 0, '89<main.rpyeffect:81([k@[#130]#134])>+1: {"op": "PrimOp". "name": "getGlobal(String): Ptr". "out": {"any": [2]}. "in": {"any": [2]}}')
debug_merge_point(0, 0, '89<main.rpyeffect:81([k@[#130]#134])>+2: {"op": "Swap". "type": "any". "a": 2. "b". 1}')
debug_merge_point(0, 0, '89<main.rpyeffect:81([k@[#130]#134])>+3: {"op": "Jump". "target": 97}')
debug_merge_point(0, 0, '97<main.rpyeffect:89(Name(go_50))>+0: {"op": "Push". "target": 96. "args": {"any": [2. 0]}}')
+1058: label(p0, p1, p2, p61, i96, p7, p59, p60, p4, i98, p11, p15, p17, p19, p21, p23, p25, p27, p29, p31, p33, p35, p37, i46, p71, i45, descr=TargetToken(139893914352160))
debug_merge_point(0, 0, '97<main.rpyeffect:89(Name(go_50))>+0: {"op": "Push". "target": 96. "args": {"any": [2. 0]}}')
+1088: guard_not_invalidated(descr=<Guard0x7f3b97119028>) [p2, p11, p15, p17, p19, p21, p23, p25, p27, p29, p31, p33, p35, p37, p0, p1, p4, i96, p7, p61, p60, p59, i98]
debug_merge_point(0, 0, '97<main.rpyeffect:89(Name(go_50))>+1: {"op": "Jump". "target": 16}')
debug_merge_point(0, 0, '16<main.rpyeffect:8(Name(>_2))>+0: {"op": "New". "out": 0. "targets": [15]. "args": {"any": [0]}}')
debug_merge_point(0, 0, '16<main.rpyeffect:8(Name(>_2))>+1: {"op": "Return". "args": {"any": [0]}}')
debug_merge_point(0, 0, '96<main.rpyeffect:88([k@Name(go_50)#114])>+0: {"op": "Push". "target": 95. "args": {"any": [1. 2]}}')
debug_merge_point(0, 0, '96<main.rpyeffect:88([k@Name(go_50)#114])>+1: {"op": "Swap". "type": "any". "a": 0. "b". 1}')
debug_merge_point(0, 0, '96<main.rpyeffect:88([k@Name(go_50)#114])>+2: {"op": "Invoke". "receiver": 1. "tag": Interned(apply). "args" : {"any": [0]}}')
debug_merge_point(0, 0, '15<main.rpyeffect:7([method_apply@Name(>_2)#16])>+0: {"op": "Jump". "target": 14}')
debug_merge_point(0, 0, '14<main.rpyeffect:6([mcore:[#15]#13])>+0: {"op": "PrimOp". "name": "infixGt(Any. Any): Bool". "out": {"any": [0]}. "in": {"any": [1. 0]}}')
+1088: i99 = int_eq(i98, i46)
+1091: guard_false(i99, descr=<Guard0x7f3b9717a740>) [p2, p11, p15, p17, p19, p21, p23, p25, p27, p29, p31, p33, p35, p37, p0, p1, p4, i96, p7, p61, p60, p59, i98]
+1097: i100 = int_lt(i98, i46)
+1100: guard_true(i100, descr=<Guard0x7f3b9717a770>) [p2, p11, p15, p17, p19, p21, p23, p25, p27, p29, p31, p33, p35, p37, p0, p1, p4, i96, p7, p61, p60, p59, i98]
debug_merge_point(0, 0, '14<main.rpyeffect:6([mcore:[#15]#13])>+1: {"op": "Return". "args": {"any": [0]}}')
debug_merge_point(0, 0, '95<main.rpyeffect:87([k@[k@Name(go_50)#114]#116])>+0: {"op": "Switch". "scrutinee": 0. "values": [<BoolValue object at 0x7f3b9711d640>]. "targets": [88]. "default": 94}')
debug_merge_point(0, 0, '94<main.rpyeffect:86([switch default case#119])>+0: {"op": "Swap". "type": "any". "a": 0. "b". 1}')
debug_merge_point(0, 0, '94<main.rpyeffect:86([switch default case#119])>+1: {"op": "Swap". "type": "any". "a": 2. "b". 1}')
debug_merge_point(0, 0, '94<main.rpyeffect:86([switch default case#119])>+2: {"op": "Switch". "scrutinee": 2. "values": [<BoolValue object at 0x7f3b9711d650>]. "targets": [92]. "default": 93}')
debug_merge_point(0, 0, '92<main.rpyeffect:84([switch case for Bool(false)#120])>+0: {"op": "Const". "type": "ptr". "out": 2. "format": "int". "value": "<IntValue object at 0x7f3b9711d700>"}')
debug_merge_point(0, 0, '92<main.rpyeffect:84([switch case for Bool(false)#120])>+1: {"op": "Const". "type": "ptr". "out": 3. "format": "string". "value": "Name(Emit_0)"}')
debug_merge_point(0, 0, '92<main.rpyeffect:84([switch case for Bool(false)#120])>+2: {"op": "PrimOp". "name": "getGlobal(String): Ptr". "out": {"any": [3]}. "in": {"any": [3]}}')
debug_merge_point(0, 0, '92<main.rpyeffect:84([switch case for Bool(false)#120])>+3: {"op": "GetDynamic". "out": 2. "n": 2. "label": 3}')
debug_merge_point(0, 0, '92<main.rpyeffect:84([switch case for Bool(false)#120])>+4: {"op": "Push". "target": 91. "args": {"any": [0. 1]}}')
debug_merge_point(0, 0, '92<main.rpyeffect:84([switch case for Bool(false)#120])>+5: {"op": "Copy". "type": "any". "from": 1. "to". 0}')
debug_merge_point(0, 0, '92<main.rpyeffect:84([switch case for Bool(false)#120])>+6: {"op": "Invoke". "receiver": 2. "tag": Interned(Emit_0). "args" : {"any": [0]}}')
debug_merge_point(0, 0, '108<main.rpyeffect:100([method_Emit_0@[mcore:[#42]#162]#164])>+0: {"op": "Const". "type": "ptr". "out": 1. "format": "int". "value": "<IntValue object at 0x7f3b9711d460>"}')
debug_merge_point(0, 0, '108<main.rpyeffect:100([method_Emit_0@[mcore:[#42]#162]#164])>+1: {"op": "Const". "type": "ptr". "out": 2. "format": "string". "value": "Name(Emit_0)"}')
debug_merge_point(0, 0, '108<main.rpyeffect:100([method_Emit_0@[mcore:[#42]#162]#164])>+2: {"op": "PrimOp". "name": "getGlobal(String): Ptr". "out": {"any": [2]}. "in": {"any": [2]}}')
debug_merge_point(0, 0, '108<main.rpyeffect:100([method_Emit_0@[mcore:[#42]#162]#164])>+3: {"op": "ShiftDyn". "out": 1. "n": 1. "label": 2}')
debug_merge_point(0, 0, '108<main.rpyeffect:100([method_Emit_0@[mcore:[#42]#162]#164])>+4: {"op": "New". "out": 0. "targets": [107]. "args": {"any": [0. 1]}}')
debug_merge_point(0, 0, '108<main.rpyeffect:100([method_Emit_0@[mcore:[#42]#162]#164])>+5: {"op": "Return". "args": {"any": [0]}}')
debug_merge_point(0, 0, '104<main.rpyeffect:96([k@[mcore:[#39]#146]#150])>+0: {"op": "Push". "target": 103. "args": {"any": [0. 2]}}')
debug_merge_point(0, 0, '104<main.rpyeffect:96([k@[mcore:[#39]#146]#150])>+1: {"op": "Copy". "type": "any". "from": 1. "to". 0}')
debug_merge_point(0, 0, '104<main.rpyeffect:96([k@[mcore:[#39]#146]#150])>+2: {"op": "Jump". "target": 59}')
debug_merge_point(0, 0, '59<main.rpyeffect:51(Name(+_27))>+0: {"op": "New". "out": 0. "targets": [58]. "args": {"any": [0]}}')
debug_merge_point(0, 0, '59<main.rpyeffect:51(Name(+_27))>+1: {"op": "Return". "args": {"any": [0]}}')
debug_merge_point(0, 0, '103<main.rpyeffect:95([k@[k@[mcore:[#39]#146]#150]#152])>+0: {"op": "Push". "target": 102. "args": {"any": [1]}}')
debug_merge_point(0, 0, '103<main.rpyeffect:95([k@[k@[mcore:[#39]#146]#150]#152])>+1: {"op": "Copy". "type": "any". "from": 0. "to". 1}')
debug_merge_point(0, 0, '103<main.rpyeffect:95([k@[k@[mcore:[#39]#146]#150]#152])>+2: {"op": "Copy". "type": "any". "from": 2. "to". 0}')
debug_merge_point(0, 0, '103<main.rpyeffect:95([k@[k@[mcore:[#39]#146]#150]#152])>+3: {"op": "Invoke". "receiver": 1. "tag": Interned(apply). "args" : {"any": [0]}}')
debug_merge_point(0, 0, '58<main.rpyeffect:50([method_apply@Name(+_27)#74])>+0: {"op": "Jump". "target": 57}')
debug_merge_point(0, 0, '57<main.rpyeffect:49([mcore:[#25]#71])>+0: {"op": "PrimOp". "name": "infixAdd(Int. Int): Int". "out": {"any": [0]}. "in": {"any": [1. 0]}}')
+1106: i101 = int_add(i96, i45)
debug_merge_point(0, 0, '57<main.rpyeffect:49([mcore:[#25]#71])>+1: {"op": "Return". "args": {"any": [0]}}')
debug_merge_point(0, 0, '102<main.rpyeffect:94([k@[k@[k@[mcore:[#39]#146]#150]#152]#154])>+0: {"op": "Push". "target": 101. "args": {"any": [1]}}')
debug_merge_point(0, 0, '102<main.rpyeffect:94([k@[k@[k@[mcore:[#39]#146]#150]#152]#154])>+1: {"op": "Jump". "target": 65}')
debug_merge_point(0, 0, '65<main.rpyeffect:57(Name(mod_29))>+0: {"op": "New". "out": 0. "targets": [64]. "args": {"any": [0]}}')
debug_merge_point(0, 0, '65<main.rpyeffect:57(Name(mod_29))>+1: {"op": "Return". "args": {"any": [0]}}')
debug_merge_point(0, 0, '101<main.rpyeffect:93([#156])>+0: {"op": "Const". "type": "ptr". "out": 2. "format": "int". "value": "<IntValue object at 0x7f3b9711d560>"}')
debug_merge_point(0, 0, '101<main.rpyeffect:93([#156])>+1: {"op": "Push". "target": 100. "args": {"any": [1]}}')
debug_merge_point(0, 0, '101<main.rpyeffect:93([#156])>+2: {"op": "Copy". "type": "any". "from": 0. "to". 1}')
debug_merge_point(0, 0, '101<main.rpyeffect:93([#156])>+3: {"op": "Copy". "type": "any". "from": 2. "to". 0}')
debug_merge_point(0, 0, '101<main.rpyeffect:93([#156])>+4: {"op": "Invoke". "receiver": 1. "tag": Interned(apply). "args" : {"any": [0]}}')
debug_merge_point(0, 0, '64<main.rpyeffect:56([method_apply@Name(mod_29)#84])>+0: {"op": "Jump". "target": 63}')
debug_merge_point(0, 0, '63<main.rpyeffect:55([mcore:[#27]#81])>+0: {"op": "PrimOp". "name": "mod(Int. Int): Int". "out": {"any": [0]}. "in": {"any": [1. 0]}}')
+1109: i103 = int_rshift(i101, 63)
+1116: i104 = int_xor(i101, i103)
+1122: i106 = uint_mul_high(i104, -9086255505087856445)
+1135: i108 = uint_rshift(i106, 9)
+1139: i109 = int_xor(i108, i103)
+1142: i111 = int_mul(i109, 1009)
+1149: i112 = int_sub(i101, i111)
debug_merge_point(0, 0, '63<main.rpyeffect:55([mcore:[#27]#81])>+1: {"op": "Return". "args": {"any": [0]}}')
debug_merge_point(0, 0, '100<main.rpyeffect:92([k@[#156]#160])>+0: {"op": "Invoke". "receiver": 1. "tag": Interned(apply). "args" : {"any": [0]}}')
debug_merge_point(0, 0, '107<main.rpyeffect:99([#172])>+0: {"op": "Jump". "target": 105}')
debug_merge_point(0, 0, '105<main.rpyeffect:97([mcore:[#39]#146])>+0: {"op": "Construct". "out": 3. "type": Interned({"op": "eff$Tuple". "elements": []}). "tag": Interned({"op": "eff$Tuple". "elements": []}). "args": {"any": []}}')
debug_merge_point(0, 0, '105<main.rpyeffect:97([mcore:[#39]#146])>+1: {"op": "Push". "target": 104. "args": {"any": [0. 1]}}')
debug_merge_point(0, 0, '105<main.rpyeffect:97([mcore:[#39]#146])>+2: {"op": "Copy". "type": "any". "from": 3. "to". 0}')
debug_merge_point(0, 0, '105<main.rpyeffect:97([mcore:[#39]#146])>+3: {"op": "Copy". "type": "any". "from": 2. "to". 1}')
debug_merge_point(0, 0, '105<main.rpyeffect:97([mcore:[#39]#146])>+4: {"op": "Jump". "target": 99}')
debug_merge_point(0, 0, '99<main.rpyeffect:91(Name(k_71))>+0: {"op": "PushStack". "arg": 1}')
debug_merge_point(0, 0, '99<main.rpyeffect:91(Name(k_71))>+1: {"op": "Return". "args": {"any": [0]}}')
debug_merge_point(0, 0, '91<main.rpyeffect:83([k@[switch case for Bool(false)#120]#128])>+0: {"op": "Push". "target": 90. "args": {"any": [1]}}')
debug_merge_point(0, 0, '91<main.rpyeffect:83([k@[switch case for Bool(false)#120]#128])>+1: {"op": "Copy". "type": "any". "from": 2. "to". 0}')
debug_merge_point(0, 0, '91<main.rpyeffect:83([k@[switch case for Bool(false)#120]#128])>+2: {"op": "Jump". "target": 59}')
debug_merge_point(0, 0, '59<main.rpyeffect:51(Name(+_27))>+0: {"op": "New". "out": 0. "targets": [58]. "args": {"any": [0]}}')
debug_merge_point(0, 0, '59<main.rpyeffect:51(Name(+_27))>+1: {"op": "Return". "args": {"any": [0]}}')
debug_merge_point(0, 0, '90<main.rpyeffect:82([#130])>+0: {"op": "Const". "type": "ptr". "out": 2. "format": "int". "value": "<IntValue object at 0x7f3b9711d750>"}')
debug_merge_point(0, 0, '90<main.rpyeffect:82([#130])>+1: {"op": "Push". "target": 89. "args": {"any": [1]}}')
debug_merge_point(0, 0, '90<main.rpyeffect:82([#130])>+2: {"op": "Copy". "type": "any". "from": 0. "to". 1}')
debug_merge_point(0, 0, '90<main.rpyeffect:82([#130])>+3: {"op": "Copy". "type": "any". "from": 2. "to". 0}')
debug_merge_point(0, 0, '90<main.rpyeffect:82([#130])>+4: {"op": "Invoke". "receiver": 1. "tag": Interned(apply). "args" : {"any": [0]}}')
debug_merge_point(0, 0, '58<main.rpyeffect:50([method_apply@Name(+_27)#74])>+0: {"op": "Jump". "target": 57}')
debug_merge_point(0, 0, '57<main.rpyeffect:49([mcore:[#25]#71])>+0: {"op": "PrimOp". "name": "infixAdd(Int. Int): Int". "out": {"any": [0]}. "in": {"any": [1. 0]}}')
+1152: i114 = int_add(i98, 1)
debug_merge_point(0, 0, '57<main.rpyeffect:49([mcore:[#25]#71])>+1: {"op": "Return". "args": {"any": [0]}}')
debug_merge_point(0, 0, '89<main.rpyeffect:81([k@[#130]#134])>+0: {"op": "Const". "type": "ptr". "out": 2. "format": "string". "value": "Name(Emit_0)"}')
debug_merge_point(0, 0, '89<main.rpyeffect:81([k@[#130]#134])>+1: {"op": "PrimOp". "name": "getGlobal(String): Ptr". "out": {"any": [2]}. "in": {"any": [2]}}')
debug_merge_point(0, 0, '89<main.rpyeffect:81([k@[#130]#134])>+2: {"op": "Swap". "type": "any". "a": 2. "b". 1}')
debug_merge_point(0, 0, '89<main.rpyeffect:81([k@[#130]#134])>+3: {"op": "Jump". "target": 97}')
debug_merge_point(0, 0, '97<main.rpyeffect:89(Name(go_50))>+0: {"op": "Push". "target": 96. "args": {"any": [2. 0]}}')
+1157: p115 = new_with_vtable(descr=<SizeDescr 16>)
+1198: setfield_gc(p115, i98, descr=<FieldS rpyeffect.value.IntValue.inst_value 8 pure>)
+1202: i117 = int_le(i98, 9223372036854775806)
+1215: guard_true(i117, descr=<Guard0x7f3b97119070>) [p2, p11, p15, p17, p19, p21, p23, p25, p27, p29, p31, p33, p35, p37, p0, p1, p4, i112, p115, i114, None, None, p61, p60, p59, None]
+1221: jump(p0, p1, p2, p61, i112, p115, p59, p60, p4, i114, p11, p15, p17, p19, p21, p23, p25, p27, p29, p31, p33, p35, p37, i46, p71, i98, descr=TargetToken(139893914352160))
+1248: --end of the loop--
[6366ed012dec] jit-log-opt-loop}
[636705f70782] {jit-log-opt-loop
# Loop 3 (97<main.rpyeffect:89(Name(go_50))>+0: {"op": "Push", "target": 96, "args": {"any": [2, 0]}}) : loop with 248 ops
[p0, p1, p2, p3, p4]
+365: p5 = getfield_gc_r(p2, descr=<FieldP rpyeffect.environment.Environment.inst_values_ptr 16>)
+376: p7 = getarrayitem_gc_r(p5, 0, descr=<ArrayP 8>)
+380: p9 = getarrayitem_gc_r(p5, 1, descr=<ArrayP 8>)
+384: p11 = getarrayitem_gc_r(p5, 2, descr=<ArrayP 8>)
+388: p13 = getarrayitem_gc_r(p5, 3, descr=<ArrayP 8>)
+392: p15 = getarrayitem_gc_r(p5, 4, descr=<ArrayP 8>)
+396: p17 = getarrayitem_gc_r(p5, 5, descr=<ArrayP 8>)
+400: p19 = getarrayitem_gc_r(p5, 6, descr=<ArrayP 8>)
+404: p21 = getarrayitem_gc_r(p5, 7, descr=<ArrayP 8>)
+408: p23 = getarrayitem_gc_r(p5, 8, descr=<ArrayP 8>)
+412: p25 = getarrayitem_gc_r(p5, 9, descr=<ArrayP 8>)
+416: p27 = getarrayitem_gc_r(p5, 10, descr=<ArrayP 8>)
+420: p29 = getarrayitem_gc_r(p5, 11, descr=<ArrayP 8>)
+424: p31 = getarrayitem_gc_r(p5, 12, descr=<ArrayP 8>)
+435: p33 = getarrayitem_gc_r(p5, 13, descr=<ArrayP 8>)
+446: p35 = getarrayitem_gc_r(p5, 14, descr=<ArrayP 8>)
+460: p37 = getarrayitem_gc_r(p5, 15, descr=<ArrayP 8>)
+474: label(p0, p1, p2, p3, p4, p7, p9, p11, p13, p15, p17, p19, p21, p23, p25, p27, p29, p31, p33, p35, p37, descr=TargetToken(139893914714848))
debug_merge_point(0, 0, '97<main.rpyeffect:89(Name(go_50))>+0: {"op": "Push". "target": 96. "args": {"any": [2. 0]}}')
+544: guard_not_invalidated(descr=<Guard0x7f3b97119220>) [p2, p7, p9, p11, p13, p15, p17, p19, p21, p23, p25, p27, p29, p31, p33, p35, p37, p0, p1, p3, p4]
debug_merge_point(0, 0, '97<main.rpyeffect:89(Name(go_50))>+1: {"op": "Jump". "target": 16}')
+544: guard_nonnull(p1, descr=<Guard0x7f3b9717b130>) [p2, p7, p9, p11, p13, p15, p17, p19, p21, p23, p25, p27, p29, p31, p33, p35, p37, p0, p1, p3, p4]
+558: i38 = getfield_gc_i(p1, descr=<FieldS rpyeffect.stored_environment.Stack__arb.inst_target 16 pure>)
+570: i40 = int_add(1572864, i38)
+577: guard_value(i40, 1572991, descr=<Guard0x7f3b9717b160>) [p2, p7, p9, p11, p13, p15, p17, p19, p21, p23, p25, p27, p29, p31, p33, p35, p37, p0, p1, p3, p4]
debug_merge_point(0, 0, '16<main.rpyeffect:8(Name(>_2))>+0: {"op": "New". "out": 0. "targets": [15]. "args": {"any": [0]}}')
debug_merge_point(0, 0, '16<main.rpyeffect:8(Name(>_2))>+1: {"op": "Return". "args": {"any": [0]}}')
+590: p42 = getfield_gc_r(p1, descr=<FieldP rpyeffect.stored_environment.Stack__arb.inst_tail 8 pure>)
+595: guard_isnull(p42, descr=<Guard0x7f3b9717b190>) [p2, p7, p9, p11, p13, p15, p17, p19, p21, p23, p25, p27, p29, p31, p33, p35, p37, p0, p1, p3, p4]
debug_merge_point(0, 0, '96<main.rpyeffect:88([k@Name(go_50)#114])>+0: {"op": "Push". "target": 95. "args": {"any": [1. 2]}}')
debug_merge_point(0, 0, '96<main.rpyeffect:88([k@Name(go_50)#114])>+1: {"op": "Swap". "type": "any". "a": 0. "b". 1}')
debug_merge_point(0, 0, '96<main.rpyeffect:88([k@Name(go_50)#114])>+2: {"op": "Invoke". "receiver": 1. "tag": Interned(apply). "args" : {"any": [0]}}')
debug_merge_point(0, 0, '15<main.rpyeffect:7([method_apply@Name(>_2)#16])>+0: {"op": "Jump". "target": 14}')
debug_merge_point(0, 0, '14<main.rpyeffect:6([mcore:[#15]#13])>+0: {"op": "PrimOp". "name": "infixGt(Any. Any): Bool". "out": {"any": [0]}. "in": {"any": [1. 0]}}')
+604: guard_class(p7, ConstClass(IntValue), descr=<Guard0x7f3b9717b1c0>) [p2, p7, p9, p11, p13, p15, p17, p19, p21, p23, p25, p27, p29, p31, p33, p35, p37, p0, p1, p3, p4]
+616: guard_nonnull_class(p11, ConstClass(IntValue), descr=<Guard0x7f3b97119268>) [p2, p7, p9, p11, p13, p15, p17, p19, p21, p23, p25, p27, p29, p31, p33, p35, p37, p0, p1, p3, p4]
+634: i45 = getfield_gc_i(p7, descr=<FieldS rpyeffect.value.IntValue.inst_value 8 pure>)
+638: i46 = getfield_gc_i(p11, descr=<FieldS rpyeffect.value.IntValue.inst_value 8 pure>)
+642: i47 = int_eq(i45, i46)
+645: guard_false(i47, descr=<Guard0x7f3b9717b1f0>) [p2, p7, p9, p11, p13, p15, p17, p19, p21, p23, p25, p27, p29, p31, p33, p35, p37, p0, p1, p3, p4]
+651: i48 = int_lt(i45, i46)
+654: guard_true(i48, descr=<Guard0x7f3b9717b220>) [p2, p7, p9, p11, p13, p15, p17, p19, p21, p23, p25, p27, p29, p31, p33, p35, p37, p0, p1, p3, p4]
debug_merge_point(0, 0, '14<main.rpyeffect:6([mcore:[#15]#13])>+1: {"op": "Return". "args": {"any": [0]}}')
debug_merge_point(0, 0, '95<main.rpyeffect:87([k@[k@Name(go_50)#114]#116])>+0: {"op": "Switch". "scrutinee": 0. "values": [<BoolValue object at 0x7f3b9711d640>]. "targets": [88]. "default": 94}')
debug_merge_point(0, 0, '94<main.rpyeffect:86([switch default case#119])>+0: {"op": "Swap". "type": "any". "a": 0. "b". 1}')
debug_merge_point(0, 0, '94<main.rpyeffect:86([switch default case#119])>+1: {"op": "Swap". "type": "any". "a": 2. "b". 1}')
debug_merge_point(0, 0, '94<main.rpyeffect:86([switch default case#119])>+2: {"op": "Switch". "scrutinee": 2. "values": [<BoolValue object at 0x7f3b9711d650>]. "targets": [92]. "default": 93}')
debug_merge_point(0, 0, '92<main.rpyeffect:84([switch case for Bool(false)#120])>+0: {"op": "Const". "type": "ptr". "out": 2. "format": "int". "value": "<IntValue object at 0x7f3b9711d700>"}')
debug_merge_point(0, 0, '92<main.rpyeffect:84([switch case for Bool(false)#120])>+1: {"op": "Const". "type": "ptr". "out": 3. "format": "string". "value": "Name(Emit_0)"}')
debug_merge_point(0, 0, '92<main.rpyeffect:84([switch case for Bool(false)#120])>+2: {"op": "PrimOp". "name": "getGlobal(String): Ptr". "out": {"any": [3]}. "in": {"any": [3]}}')
debug_merge_point(0, 0, '92<main.rpyeffect:84([switch case for Bool(false)#120])>+3: {"op": "GetDynamic". "out": 2. "n": 2. "label": 3}')
+667: i50 = instance_ptr_eq(p4, ConstPtr(ptr49))
+674: guard_false(i50, descr=<Guard0x7f3b9717b250>) [p2, p7, p9, p11, p13, p15, p17, p19, p21, p23, p25, p27, p29, p31, p33, p35, p37, p0, p1, p3, p4]
+680: guard_nonnull(p0, descr=<Guard0x7f3b9717b280>) [p2, p7, p9, p11, p13, p15, p17, p19, p21, p23, p25, p27, p29, p31, p33, p35, p37, p0, p1, p3, p4]
+694: i51 = getfield_gc_i(p0, descr=<FieldS rpyeffect.stack.Label.inst_origin 8 pure>)
+705: guard_value(i51, 179231, descr=<Guard0x7f3b9717b2b0>) [p2, p7, p9, p11, p13, p15, p17, p19, p21, p23, p25, p27, p29, p31, p33, p35, p37, p0, p1, p3, p4]
+725: i54 = instance_ptr_eq(p0, ConstPtr(ptr53))
+728: guard_true(i54, descr=<Guard0x7f3b9717b2e0>) [p2, p7, p9, p11, p13, p15, p17, p19, p21, p23, p25, p27, p29, p31, p33, p35, p37, p0, p1, p3, p4]
debug_merge_point(0, 0, '92<main.rpyeffect:84([switch case for Bool(false)#120])>+4: {"op": "Push". "target": 91. "args": {"any": [0. 1]}}')
debug_merge_point(0, 0, '92<main.rpyeffect:84([switch case for Bool(false)#120])>+5: {"op": "Copy". "type": "any". "from": 1. "to". 0}')
debug_merge_point(0, 0, '92<main.rpyeffect:84([switch case for Bool(false)#120])>+6: {"op": "Invoke". "receiver": 2. "tag": Interned(Emit_0). "args" : {"any": [0]}}')
+734: p55 = getfield_gc_r(p4, descr=<FieldP rpyeffect.codata.CoData.inst_vtable 8 pure>)
+752: guard_value(p55, ConstPtr(ptr56), descr=<Guard0x7f3b9717b310>) [p2, p7, p9, p11, p13, p15, p17, p19, p21, p23, p25, p27, p29, p31, p33, p35, p37, p0, p1, p3, p4]
debug_merge_point(0, 0, '125<main.rpyeffect:117([method_Emit_0@[mcore:[#53]#216]#218])>+0: {"op": "Const". "type": "ptr". "out": 0. "format": "int". "value": "<IntValue object at 0x7f3b9711dc50>"}')
debug_merge_point(0, 0, '125<main.rpyeffect:117([method_Emit_0@[mcore:[#53]#216]#218])>+1: {"op": "Const". "type": "ptr". "out": 1. "format": "string". "value": "Name(Emit_0)"}')
debug_merge_point(0, 0, '125<main.rpyeffect:117([method_Emit_0@[mcore:[#53]#216]#218])>+2: {"op": "PrimOp". "name": "getGlobal(String): Ptr". "out": {"any": [1]}. "in": {"any": [1]}}')
debug_merge_point(0, 0, '125<main.rpyeffect:117([method_Emit_0@[mcore:[#53]#216]#218])>+3: {"op": "ShiftDyn". "out": 0. "n": 0. "label": 1}')
+761: guard_nonnull_class(p3, 8701856, descr=<Guard0x7f3b971192b0>) [p2, p7, p9, p11, p13, p15, p17, p19, p21, p23, p25, p27, p29, p31, p33, p35, p37, p0, p1, p3, p4]
+786: p58 = getfield_gc_r(p3, descr=<FieldP rpyeffect.stack.MetaStackLike.inst_stack 8 pure>)
+790: p59 = getfield_gc_r(p3, descr=<FieldP rpyeffect.stack.MetaStack.inst_label 16 pure>)
+794: p60 = getfield_gc_r(p3, descr=<FieldP rpyeffect.stack.MetaStack.inst_tail 32 pure>)
+798: guard_nonnull(p58, descr=<Guard0x7f3b9717b340>) [p2, p7, p9, p11, p13, p15, p17, p19, p21, p23, p25, p27, p29, p31, p33, p35, p37, p0, p1, p3, p4]
+807: p61 = getfield_gc_r(p58, descr=<FieldP rpyeffect.stored_environment.Stack__arb.inst_tail 8 pure>)
+811: guard_nonnull(p61, descr=<Guard0x7f3b9717b370>) [p2, p7, p9, p11, p13, p15, p17, p19, p21, p23, p25, p27, p29, p31, p33, p35, p37, p0, p1, p3, p4]
+820: i62 = getfield_gc_i(p58, descr=<FieldS rpyeffect.stored_environment.Stack__arb.inst_target 16 pure>)
+824: i64 = int_lshift(i62, 14)
+835: i65 = getfield_gc_i(p61, descr=<FieldS rpyeffect.stored_environment.Stack__arb.inst_target 16 pure>)
+846: i66 = int_add(i64, i65)
+849: guard_value(i66, 1982635, descr=<Guard0x7f3b9717b3a0>) [p2, p7, p9, p11, p13, p15, p17, p19, p21, p23, p25, p27, p29, p31, p33, p35, p37, p0, p1, p3, p4]
debug_merge_point(0, 0, '125<main.rpyeffect:117([method_Emit_0@[mcore:[#53]#216]#218])>+4: {"op": "New". "out": 0. "targets": [124]. "args": {"any": [0]}}')
debug_merge_point(0, 0, '125<main.rpyeffect:117([method_Emit_0@[mcore:[#53]#216]#218])>+5: {"op": "Return". "args": {"any": [0]}}')
+862: guard_value(i62, 121, descr=<Guard0x7f3b9717b3d0>) [p2, p7, p9, p11, p13, p15, p17, p19, p21, p23, p25, p27, p29, p31, p33, p35, p37, p0, p1, p3, p4]
+879: p69 = getfield_gc_r(p58, descr=<FieldP rpyeffect.stored_environment.Stack__1.inst_values_ptr_0 32 pure>)
+883: p70 = getfield_gc_r(p61, descr=<FieldP rpyeffect.stored_environment.Stack__arb.inst_tail 8 pure>)
+887: guard_nonnull(p70, descr=<Guard0x7f3b9717b400>) [p2, p7, p9, p11, p13, p15, p17, p19, p21, p23, p25, p27, p29, p31, p33, p35, p37, p0, p1, p3, p4]
+896: i72 = int_lshift(i65, 14)
+907: i73 = getfield_gc_i(p70, descr=<FieldS rpyeffect.stored_environment.Stack__arb.inst_target 16 pure>)
+911: i74 = int_add(i72, i73)
+914: guard_value(i74, 2801665, descr=<Guard0x7f3b9717b430>) [p2, p7, p9, p11, p13, p15, p17, p19, p21, p23, p25, p27, p29, p31, p33, p35, p37, p0, p1, p3, p4]
debug_merge_point(0, 0, '121<main.rpyeffect:113([k@[mcore:[#50]#198]#202])>+0: {"op": "Push". "target": 120. "args": {"any": [0]}}')
debug_merge_point(0, 0, '121<main.rpyeffect:113([k@[mcore:[#50]#198]#202])>+1: {"op": "Copy". "type": "any". "from": 1. "to". 0}')
debug_merge_point(0, 0, '121<main.rpyeffect:113([k@[mcore:[#50]#198]#202])>+2: {"op": "Jump". "target": 59}')
+927: i77 = int_add(1966080, i65)
+939: guard_value(i77, 1966251, descr=<Guard0x7f3b9717b460>) [p2, p7, p9, p11, p13, p15, p17, p19, p21, p23, p25, p27, p29, p31, p33, p35, p37, p0, p1, p3, p4]
debug_merge_point(0, 0, '59<main.rpyeffect:51(Name(+_27))>+0: {"op": "New". "out": 0. "targets": [58]. "args": {"any": [0]}}')
debug_merge_point(0, 0, '59<main.rpyeffect:51(Name(+_27))>+1: {"op": "Return". "args": {"any": [0]}}')
debug_merge_point(0, 0, '120<main.rpyeffect:112([k@[k@[mcore:[#50]#198]#202]#204])>+0: {"op": "Const". "type": "ptr". "out": 2. "format": "int". "value": "<IntValue object at 0x7f3b9711dd10>"}')
+952: i80 = int_add(2801664, i73)
+959: guard_value(i80, 2801665, descr=<Guard0x7f3b9717b490>) [p2, p7, p9, p11, p13, p15, p17, p19, p21, p23, p25, p27, p29, p31, p33, p35, p37, p0, p1, p3, p4]
debug_merge_point(0, 0, '120<main.rpyeffect:112([k@[k@[mcore:[#50]#198]#202]#204])>+1: {"op": "Push". "target": 119. "args": {"any": [1]}}')
debug_merge_point(0, 0, '120<main.rpyeffect:112([k@[k@[mcore:[#50]#198]#202]#204])>+2: {"op": "Copy". "type": "any". "from": 0. "to". 1}')
debug_merge_point(0, 0, '120<main.rpyeffect:112([k@[k@[mcore:[#50]#198]#202]#204])>+3: {"op": "Copy". "type": "any". "from": 2. "to". 0}')
debug_merge_point(0, 0, '120<main.rpyeffect:112([k@[k@[mcore:[#50]#198]#202]#204])>+4: {"op": "Invoke". "receiver": 1. "tag": Interned(apply). "args" : {"any": [0]}}')
debug_merge_point(0, 0, '58<main.rpyeffect:50([method_apply@Name(+_27)#74])>+0: {"op": "Jump". "target": 57}')
debug_merge_point(0, 0, '57<main.rpyeffect:49([mcore:[#25]#71])>+0: {"op": "PrimOp". "name": "infixAdd(Int. Int): Int". "out": {"any": [0]}. "in": {"any": [1. 0]}}')
+972: i82 = getfield_gc_i(p69, descr=<FieldS rpyeffect.value.IntValue.inst_value 8 pure>)
+976: i84 = int_add(i82, 1)
debug_merge_point(0, 0, '57<main.rpyeffect:49([mcore:[#25]#71])>+1: {"op": "Return". "args": {"any": [0]}}')
debug_merge_point(0, 0, '119<main.rpyeffect:111([k@[k@[k@[mcore:[#50]#198]#202]#204]#208])>+0: {"op": "Push". "target": 118. "args": {"any": [1]}}')
debug_merge_point(0, 0, '119<main.rpyeffect:111([k@[k@[k@[mcore:[#50]#198]#202]#204]#208])>+1: {"op": "Jump". "target": 65}')
debug_merge_point(0, 0, '65<main.rpyeffect:57(Name(mod_29))>+0: {"op": "New". "out": 0. "targets": [64]. "args": {"any": [0]}}')
debug_merge_point(0, 0, '65<main.rpyeffect:57(Name(mod_29))>+1: {"op": "Return". "args": {"any": [0]}}')
debug_merge_point(0, 0, '118<main.rpyeffect:110([#210])>+0: {"op": "Const". "type": "ptr". "out": 2. "format": "int". "value": "<IntValue object at 0x7f3b9711dd60>"}')
debug_merge_point(0, 0, '118<main.rpyeffect:110([#210])>+1: {"op": "Push". "target": 117. "args": {"any": [1]}}')
debug_merge_point(0, 0, '118<main.rpyeffect:110([#210])>+2: {"op": "Copy". "type": "any". "from": 0. "to". 1}')
debug_merge_point(0, 0, '118<main.rpyeffect:110([#210])>+3: {"op": "Copy". "type": "any". "from": 2. "to". 0}')
debug_merge_point(0, 0, '118<main.rpyeffect:110([#210])>+4: {"op": "Invoke". "receiver": 1. "tag": Interned(apply). "args" : {"any": [0]}}')
debug_merge_point(0, 0, '64<main.rpyeffect:56([method_apply@Name(mod_29)#84])>+0: {"op": "Jump". "target": 63}')
debug_merge_point(0, 0, '63<main.rpyeffect:55([mcore:[#27]#81])>+0: {"op": "PrimOp". "name": "mod(Int. Int): Int". "out": {"any": [0]}. "in": {"any": [1. 0]}}')
+980: i86 = int_rshift(i84, 63)
+987: i87 = int_xor(i84, i86)
+993: i89 = uint_mul_high(i87, -9086255505087856445)
+1006: i91 = uint_rshift(i89, 9)
+1010: i92 = int_xor(i91, i86)
+1013: i94 = int_mul(i92, 1009)
+1020: i95 = int_sub(i84, i94)
debug_merge_point(0, 0, '63<main.rpyeffect:55([mcore:[#27]#81])>+1: {"op": "Return". "args": {"any": [0]}}')
debug_merge_point(0, 0, '117<main.rpyeffect:109([k@[#210]#214])>+0: {"op": "Invoke". "receiver": 1. "tag": Interned(apply). "args" : {"any": [0]}}')
debug_merge_point(0, 0, '124<main.rpyeffect:116([#226])>+0: {"op": "Jump". "target": 122}')
debug_merge_point(0, 0, '122<main.rpyeffect:114([mcore:[#50]#198])>+0: {"op": "Construct". "out": 2. "type": Interned({"op": "eff$Tuple". "elements": []}). "tag": Interned({"op": "eff$Tuple". "elements": []}). "args": {"any": []}}')
debug_merge_point(0, 0, '122<main.rpyeffect:114([mcore:[#50]#198])>+1: {"op": "Push". "target": 121. "args": {"any": [0]}}')
debug_merge_point(0, 0, '122<main.rpyeffect:114([mcore:[#50]#198])>+2: {"op": "Copy". "type": "any". "from": 2. "to". 0}')
debug_merge_point(0, 0, '122<main.rpyeffect:114([mcore:[#50]#198])>+3: {"op": "Jump". "target": 116}')
debug_merge_point(0, 0, '116<main.rpyeffect:108(Name(k_88))>+0: {"op": "PushStack". "arg": 1}')
debug_merge_point(0, 0, '116<main.rpyeffect:108(Name(k_88))>+1: {"op": "Return". "args": {"any": [0]}}')
debug_merge_point(0, 0, '91<main.rpyeffect:83([k@[switch case for Bool(false)#120]#128])>+0: {"op": "Push". "target": 90. "args": {"any": [1]}}')
debug_merge_point(0, 0, '91<main.rpyeffect:83([k@[switch case for Bool(false)#120]#128])>+1: {"op": "Copy". "type": "any". "from": 2. "to". 0}')
debug_merge_point(0, 0, '91<main.rpyeffect:83([k@[switch case for Bool(false)#120]#128])>+2: {"op": "Jump". "target": 59}')
debug_merge_point(0, 0, '59<main.rpyeffect:51(Name(+_27))>+0: {"op": "New". "out": 0. "targets": [58]. "args": {"any": [0]}}')
debug_merge_point(0, 0, '59<main.rpyeffect:51(Name(+_27))>+1: {"op": "Return". "args": {"any": [0]}}')
debug_merge_point(0, 0, '90<main.rpyeffect:82([#130])>+0: {"op": "Const". "type": "ptr". "out": 2. "format": "int". "value": "<IntValue object at 0x7f3b9711d750>"}')
debug_merge_point(0, 0, '90<main.rpyeffect:82([#130])>+1: {"op": "Push". "target": 89. "args": {"any": [1]}}')
debug_merge_point(0, 0, '90<main.rpyeffect:82([#130])>+2: {"op": "Copy". "type": "any". "from": 0. "to". 1}')
debug_merge_point(0, 0, '90<main.rpyeffect:82([#130])>+3: {"op": "Copy". "type": "any". "from": 2. "to". 0}')
debug_merge_point(0, 0, '90<main.rpyeffect:82([#130])>+4: {"op": "Invoke". "receiver": 1. "tag": Interned(apply). "args" : {"any": [0]}}')
debug_merge_point(0, 0, '58<main.rpyeffect:50([method_apply@Name(+_27)#74])>+0: {"op": "Jump". "target": 57}')
debug_merge_point(0, 0, '57<main.rpyeffect:49([mcore:[#25]#71])>+0: {"op": "PrimOp". "name": "infixAdd(Int. Int): Int". "out": {"any": [0]}. "in": {"any": [1. 0]}}')
+1023: i97 = int_add(i45, 1)
debug_merge_point(0, 0, '57<main.rpyeffect:49([mcore:[#25]#71])>+1: {"op": "Return". "args": {"any": [0]}}')
debug_merge_point(0, 0, '89<main.rpyeffect:81([k@[#130]#134])>+0: {"op": "Const". "type": "ptr". "out": 2. "format": "string". "value": "Name(Emit_0)"}')
debug_merge_point(0, 0, '89<main.rpyeffect:81([k@[#130]#134])>+1: {"op": "PrimOp". "name": "getGlobal(String): Ptr". "out": {"any": [2]}. "in": {"any": [2]}}')
debug_merge_point(0, 0, '89<main.rpyeffect:81([k@[#130]#134])>+2: {"op": "Swap". "type": "any". "a": 2. "b". 1}')
debug_merge_point(0, 0, '89<main.rpyeffect:81([k@[#130]#134])>+3: {"op": "Jump". "target": 97}')
debug_merge_point(0, 0, '97<main.rpyeffect:89(Name(go_50))>+0: {"op": "Push". "target": 96. "args": {"any": [2. 0]}}')
+1027: label(p0, p1, p2, p61, i95, p59, p60, p4, i97, p11, p15, p17, p19, p21, p23, p25, p27, p29, p31, p33, p35, p37, i46, p70, descr=TargetToken(139893914714912))
debug_merge_point(0, 0, '97<main.rpyeffect:89(Name(go_50))>+0: {"op": "Push". "target": 96. "args": {"any": [2. 0]}}')
+1056: guard_not_invalidated(descr=<Guard0x7f3b971192f8>) [p2, p11, p15, p17, p19, p21, p23, p25, p27, p29, p31, p33, p35, p37, p0, p1, p4, i95, p61, p60, p59, i97]
debug_merge_point(0, 0, '97<main.rpyeffect:89(Name(go_50))>+1: {"op": "Jump". "target": 16}')
debug_merge_point(0, 0, '16<main.rpyeffect:8(Name(>_2))>+0: {"op": "New". "out": 0. "targets": [15]. "args": {"any": [0]}}')
debug_merge_point(0, 0, '16<main.rpyeffect:8(Name(>_2))>+1: {"op": "Return". "args": {"any": [0]}}')
debug_merge_point(0, 0, '96<main.rpyeffect:88([k@Name(go_50)#114])>+0: {"op": "Push". "target": 95. "args": {"any": [1. 2]}}')
debug_merge_point(0, 0, '96<main.rpyeffect:88([k@Name(go_50)#114])>+1: {"op": "Swap". "type": "any". "a": 0. "b". 1}')
debug_merge_point(0, 0, '96<main.rpyeffect:88([k@Name(go_50)#114])>+2: {"op": "Invoke". "receiver": 1. "tag": Interned(apply). "args" : {"any": [0]}}')
debug_merge_point(0, 0, '15<main.rpyeffect:7([method_apply@Name(>_2)#16])>+0: {"op": "Jump". "target": 14}')
debug_merge_point(0, 0, '14<main.rpyeffect:6([mcore:[#15]#13])>+0: {"op": "PrimOp". "name": "infixGt(Any. Any): Bool". "out": {"any": [0]}. "in": {"any": [1. 0]}}')
+1056: i98 = int_eq(i97, i46)
+1059: guard_false(i98, descr=<Guard0x7f3b9717b4c0>) [p2, p11, p15, p17, p19, p21, p23, p25, p27, p29, p31, p33, p35, p37, p0, p1, p4, i95, p61, p60, p59, i97]
+1065: i99 = int_lt(i97, i46)
+1068: guard_true(i99, descr=<Guard0x7f3b9717b4f0>) [p2, p11, p15, p17, p19, p21, p23, p25, p27, p29, p31, p33, p35, p37, p0, p1, p4, i95, p61, p60, p59, i97]
debug_merge_point(0, 0, '14<main.rpyeffect:6([mcore:[#15]#13])>+1: {"op": "Return". "args": {"any": [0]}}')
debug_merge_point(0, 0, '95<main.rpyeffect:87([k@[k@Name(go_50)#114]#116])>+0: {"op": "Switch". "scrutinee": 0. "values": [<BoolValue object at 0x7f3b9711d640>]. "targets": [88]. "default": 94}')
debug_merge_point(0, 0, '94<main.rpyeffect:86([switch default case#119])>+0: {"op": "Swap". "type": "any". "a": 0. "b". 1}')
debug_merge_point(0, 0, '94<main.rpyeffect:86([switch default case#119])>+1: {"op": "Swap". "type": "any". "a": 2. "b". 1}')
debug_merge_point(0, 0, '94<main.rpyeffect:86([switch default case#119])>+2: {"op": "Switch". "scrutinee": 2. "values": [<BoolValue object at 0x7f3b9711d650>]. "targets": [92]. "default": 93}')
debug_merge_point(0, 0, '92<main.rpyeffect:84([switch case for Bool(false)#120])>+0: {"op": "Const". "type": "ptr". "out": 2. "format": "int". "value": "<IntValue object at 0x7f3b9711d700>"}')
debug_merge_point(0, 0, '92<main.rpyeffect:84([switch case for Bool(false)#120])>+1: {"op": "Const". "type": "ptr". "out": 3. "format": "string". "value": "Name(Emit_0)"}')
debug_merge_point(0, 0, '92<main.rpyeffect:84([switch case for Bool(false)#120])>+2: {"op": "PrimOp". "name": "getGlobal(String): Ptr". "out": {"any": [3]}. "in": {"any": [3]}}')
debug_merge_point(0, 0, '92<main.rpyeffect:84([switch case for Bool(false)#120])>+3: {"op": "GetDynamic". "out": 2. "n": 2. "label": 3}')
debug_merge_point(0, 0, '92<main.rpyeffect:84([switch case for Bool(false)#120])>+4: {"op": "Push". "target": 91. "args": {"any": [0. 1]}}')
debug_merge_point(0, 0, '92<main.rpyeffect:84([switch case for Bool(false)#120])>+5: {"op": "Copy". "type": "any". "from": 1. "to". 0}')
debug_merge_point(0, 0, '92<main.rpyeffect:84([switch case for Bool(false)#120])>+6: {"op": "Invoke". "receiver": 2. "tag": Interned(Emit_0). "args" : {"any": [0]}}')
debug_merge_point(0, 0, '125<main.rpyeffect:117([method_Emit_0@[mcore:[#53]#216]#218])>+0: {"op": "Const". "type": "ptr". "out": 0. "format": "int". "value": "<IntValue object at 0x7f3b9711dc50>"}')
debug_merge_point(0, 0, '125<main.rpyeffect:117([method_Emit_0@[mcore:[#53]#216]#218])>+1: {"op": "Const". "type": "ptr". "out": 1. "format": "string". "value": "Name(Emit_0)"}')
debug_merge_point(0, 0, '125<main.rpyeffect:117([method_Emit_0@[mcore:[#53]#216]#218])>+2: {"op": "PrimOp". "name": "getGlobal(String): Ptr". "out": {"any": [1]}. "in": {"any": [1]}}')
debug_merge_point(0, 0, '125<main.rpyeffect:117([method_Emit_0@[mcore:[#53]#216]#218])>+3: {"op": "ShiftDyn". "out": 0. "n": 0. "label": 1}')
debug_merge_point(0, 0, '125<main.rpyeffect:117([method_Emit_0@[mcore:[#53]#216]#218])>+4: {"op": "New". "out": 0. "targets": [124]. "args": {"any": [0]}}')
debug_merge_point(0, 0, '125<main.rpyeffect:117([method_Emit_0@[mcore:[#53]#216]#218])>+5: {"op": "Return". "args": {"any": [0]}}')
debug_merge_point(0, 0, '121<main.rpyeffect:113([k@[mcore:[#50]#198]#202])>+0: {"op": "Push". "target": 120. "args": {"any": [0]}}')
debug_merge_point(0, 0, '121<main.rpyeffect:113([k@[mcore:[#50]#198]#202])>+1: {"op": "Copy". "type": "any". "from": 1. "to". 0}')
debug_merge_point(0, 0, '121<main.rpyeffect:113([k@[mcore:[#50]#198]#202])>+2: {"op": "Jump". "target": 59}')
debug_merge_point(0, 0, '59<main.rpyeffect:51(Name(+_27))>+0: {"op": "New". "out": 0. "targets": [58]. "args": {"any": [0]}}')
debug_merge_point(0, 0, '59<main.rpyeffect:51(Name(+_27))>+1: {"op": "Return". "args": {"any": [0]}}')
debug_merge_point(0, 0, '120<main.rpyeffect:112([k@[k@[mcore:[#50]#198]#202]#204])>+0: {"op": "Const". "type": "ptr". "out": 2. "format": "int". "value": "<IntValue object at 0x7f3b9711dd10>"}')
debug_merge_point(0, 0, '120<main.rpyeffect:112([k@[k@[mcore:[#50]#198]#202]#204])>+1: {"op": "Push". "target": 119. "args": {"any": [1]}}')
debug_merge_point(0, 0, '120<main.rpyeffect:112([k@[k@[mcore:[#50]#198]#202]#204])>+2: {"op": "Copy". "type": "any". "from": 0. "to". 1}')
debug_merge_point(0, 0, '120<main.rpyeffect:112([k@[k@[mcore:[#50]#198]#202]#204])>+3: {"op": "Copy". "type": "any". "from": 2. "to". 0}')
debug_merge_point(0, 0, '120<main.rpyeffect:112([k@[k@[mcore:[#50]#198]#202]#204])>+4: {"op": "Invoke". "receiver": 1. "tag": Interned(apply). "args" : {"any": [0]}}')
debug_merge_point(0, 0, '58<main.rpyeffect:50([method_apply@Name(+_27)#74])>+0: {"op": "Jump". "target": 57}')
debug_merge_point(0, 0, '57<main.rpyeffect:49([mcore:[#25]#71])>+0: {"op": "PrimOp". "name": "infixAdd(Int. Int): Int". "out": {"any": [0]}. "in": {"any": [1. 0]}}')
+1074: i101 = int_add(i95, 1)
debug_merge_point(0, 0, '57<main.rpyeffect:49([mcore:[#25]#71])>+1: {"op": "Return". "args": {"any": [0]}}')
debug_merge_point(0, 0, '119<main.rpyeffect:111([k@[k@[k@[mcore:[#50]#198]#202]#204]#208])>+0: {"op": "Push". "target": 118. "args": {"any": [1]}}')
debug_merge_point(0, 0, '119<main.rpyeffect:111([k@[k@[k@[mcore:[#50]#198]#202]#204]#208])>+1: {"op": "Jump". "target": 65}')
debug_merge_point(0, 0, '65<main.rpyeffect:57(Name(mod_29))>+0: {"op": "New". "out": 0. "targets": [64]. "args": {"any": [0]}}')
debug_merge_point(0, 0, '65<main.rpyeffect:57(Name(mod_29))>+1: {"op": "Return". "args": {"any": [0]}}')
debug_merge_point(0, 0, '118<main.rpyeffect:110([#210])>+0: {"op": "Const". "type": "ptr". "out": 2. "format": "int". "value": "<IntValue object at 0x7f3b9711dd60>"}')
debug_merge_point(0, 0, '118<main.rpyeffect:110([#210])>+1: {"op": "Push". "target": 117. "args": {"any": [1]}}')
debug_merge_point(0, 0, '118<main.rpyeffect:110([#210])>+2: {"op": "Copy". "type": "any". "from": 0. "to". 1}')
debug_merge_point(0, 0, '118<main.rpyeffect:110([#210])>+3: {"op": "Copy". "type": "any". "from": 2. "to". 0}')
debug_merge_point(0, 0, '118<main.rpyeffect:110([#210])>+4: {"op": "Invoke". "receiver": 1. "tag": Interned(apply). "args" : {"any": [0]}}')
debug_merge_point(0, 0, '64<main.rpyeffect:56([method_apply@Name(mod_29)#84])>+0: {"op": "Jump". "target": 63}')
debug_merge_point(0, 0, '63<main.rpyeffect:55([mcore:[#27]#81])>+0: {"op": "PrimOp". "name": "mod(Int. Int): Int". "out": {"any": [0]}. "in": {"any": [1. 0]}}')
+1078: i103 = int_rshift(i101, 63)
+1085: i104 = int_xor(i101, i103)
+1091: i106 = uint_mul_high(i104, -9086255505087856445)
+1104: i108 = uint_rshift(i106, 9)
+1108: i109 = int_xor(i108, i103)
+1111: i111 = int_mul(i109, 1009)
+1118: i112 = int_sub(i101, i111)
debug_merge_point(0, 0, '63<main.rpyeffect:55([mcore:[#27]#81])>+1: {"op": "Return". "args": {"any": [0]}}')
debug_merge_point(0, 0, '117<main.rpyeffect:109([k@[#210]#214])>+0: {"op": "Invoke". "receiver": 1. "tag": Interned(apply). "args" : {"any": [0]}}')
debug_merge_point(0, 0, '124<main.rpyeffect:116([#226])>+0: {"op": "Jump". "target": 122}')
debug_merge_point(0, 0, '122<main.rpyeffect:114([mcore:[#50]#198])>+0: {"op": "Construct". "out": 2. "type": Interned({"op": "eff$Tuple". "elements": []}). "tag": Interned({"op": "eff$Tuple". "elements": []}). "args": {"any": []}}')
debug_merge_point(0, 0, '122<main.rpyeffect:114([mcore:[#50]#198])>+1: {"op": "Push". "target": 121. "args": {"any": [0]}}')
debug_merge_point(0, 0, '122<main.rpyeffect:114([mcore:[#50]#198])>+2: {"op": "Copy". "type": "any". "from": 2. "to". 0}')
debug_merge_point(0, 0, '122<main.rpyeffect:114([mcore:[#50]#198])>+3: {"op": "Jump". "target": 116}')
debug_merge_point(0, 0, '116<main.rpyeffect:108(Name(k_88))>+0: {"op": "PushStack". "arg": 1}')
debug_merge_point(0, 0, '116<main.rpyeffect:108(Name(k_88))>+1: {"op": "Return". "args": {"any": [0]}}')
debug_merge_point(0, 0, '91<main.rpyeffect:83([k@[switch case for Bool(false)#120]#128])>+0: {"op": "Push". "target": 90. "args": {"any": [1]}}')
debug_merge_point(0, 0, '91<main.rpyeffect:83([k@[switch case for Bool(false)#120]#128])>+1: {"op": "Copy". "type": "any". "from": 2. "to". 0}')
debug_merge_point(0, 0, '91<main.rpyeffect:83([k@[switch case for Bool(false)#120]#128])>+2: {"op": "Jump". "target": 59}')
debug_merge_point(0, 0, '59<main.rpyeffect:51(Name(+_27))>+0: {"op": "New". "out": 0. "targets": [58]. "args": {"any": [0]}}')
debug_merge_point(0, 0, '59<main.rpyeffect:51(Name(+_27))>+1: {"op": "Return". "args": {"any": [0]}}')
debug_merge_point(0, 0, '90<main.rpyeffect:82([#130])>+0: {"op": "Const". "type": "ptr". "out": 2. "format": "int". "value": "<IntValue object at 0x7f3b9711d750>"}')
debug_merge_point(0, 0, '90<main.rpyeffect:82([#130])>+1: {"op": "Push". "target": 89. "args": {"any": [1]}}')
debug_merge_point(0, 0, '90<main.rpyeffect:82([#130])>+2: {"op": "Copy". "type": "any". "from": 0. "to". 1}')
debug_merge_point(0, 0, '90<main.rpyeffect:82([#130])>+3: {"op": "Copy". "type": "any". "from": 2. "to". 0}')
debug_merge_point(0, 0, '90<main.rpyeffect:82([#130])>+4: {"op": "Invoke". "receiver": 1. "tag": Interned(apply). "args" : {"any": [0]}}')
debug_merge_point(0, 0, '58<main.rpyeffect:50([method_apply@Name(+_27)#74])>+0: {"op": "Jump". "target": 57}')
debug_merge_point(0, 0, '57<main.rpyeffect:49([mcore:[#25]#71])>+0: {"op": "PrimOp". "name": "infixAdd(Int. Int): Int". "out": {"any": [0]}. "in": {"any": [1. 0]}}')
+1121: i114 = int_add(i97, 1)
debug_merge_point(0, 0, '57<main.rpyeffect:49([mcore:[#25]#71])>+1: {"op": "Return". "args": {"any": [0]}}')
debug_merge_point(0, 0, '89<main.rpyeffect:81([k@[#130]#134])>+0: {"op": "Const". "type": "ptr". "out": 2. "format": "string". "value": "Name(Emit_0)"}')
debug_merge_point(0, 0, '89<main.rpyeffect:81([k@[#130]#134])>+1: {"op": "PrimOp". "name": "getGlobal(String): Ptr". "out": {"any": [2]}. "in": {"any": [2]}}')
debug_merge_point(0, 0, '89<main.rpyeffect:81([k@[#130]#134])>+2: {"op": "Swap". "type": "any". "a": 2. "b". 1}')
debug_merge_point(0, 0, '89<main.rpyeffect:81([k@[#130]#134])>+3: {"op": "Jump". "target": 97}')
debug_merge_point(0, 0, '97<main.rpyeffect:89(Name(go_50))>+0: {"op": "Push". "target": 96. "args": {"any": [2. 0]}}')
+1125: jump(p0, p1, p2, p61, i112, p59, p60, p4, i114, p11, p15, p17, p19, p21, p23, p25, p27, p29, p31, p33, p35, p37, i46, p70, descr=TargetToken(139893914714912))
+1136: --end of the loop--
[636705feae1f] jit-log-opt-loop}
[63671ea5951e] {jit-summary
Tracing:      	3	0.005861
Backend:      	3	0.001019
TOTAL:      		0.631611
ops:             	11289
heapcached ops:  	1804
recorded ops:    	3499
  calls:         	1710
guards:          	584
opt ops:         	727
opt guards:      	83
opt guards shared:	69
forcings:        	0
abort: trace too long:	0
abort: compiling:	0
abort: vable escape:	0
abort: bad loop: 	0
abort: force quasi-immut:	0
abort: segmenting trace:	0
virtualizables forced:	0
nvirtuals:       	14
nvholes:         	0
nvreused:        	0
vecopt tried:    	0
vecopt success:  	0
Total # of loops:	3
Total # of bridges:	0
Freed # of loops:	0
Freed # of bridges:	0
[63671ea5f013] jit-summary}
