[636eaa00f7b4] {jit-log-opt-loop
# Loop 1 (98<main.rpyeffect:90([mcore:[#33]#113])>+0: {"op": "Push", "target": 97, "args": {"any": [0, 2]}}) : loop with 354 ops
[p0, p1, p2, p3, p4]
+653: p5 = getfield_gc_r(p2, descr=<FieldP rpyeffect.environment.Environment.inst_values_ptr 16>)
+664: p7 = getarrayitem_gc_r(p5, 0, descr=<ArrayP 8>)
+668: p9 = getarrayitem_gc_r(p5, 1, descr=<ArrayP 8>)
+672: p11 = getarrayitem_gc_r(p5, 2, descr=<ArrayP 8>)
+676: p13 = getarrayitem_gc_r(p5, 3, descr=<ArrayP 8>)
+680: p15 = getarrayitem_gc_r(p5, 4, descr=<ArrayP 8>)
+684: p17 = getarrayitem_gc_r(p5, 5, descr=<ArrayP 8>)
+688: p19 = getarrayitem_gc_r(p5, 6, descr=<ArrayP 8>)
+692: p21 = getarrayitem_gc_r(p5, 7, descr=<ArrayP 8>)
+696: p23 = getarrayitem_gc_r(p5, 8, descr=<ArrayP 8>)
+700: p25 = getarrayitem_gc_r(p5, 9, descr=<ArrayP 8>)
+704: p27 = getarrayitem_gc_r(p5, 10, descr=<ArrayP 8>)
+708: p29 = getarrayitem_gc_r(p5, 11, descr=<ArrayP 8>)
+712: p31 = getarrayitem_gc_r(p5, 12, descr=<ArrayP 8>)
+723: p33 = getarrayitem_gc_r(p5, 13, descr=<ArrayP 8>)
+734: p35 = getarrayitem_gc_r(p5, 14, descr=<ArrayP 8>)
+748: p37 = getarrayitem_gc_r(p5, 15, descr=<ArrayP 8>)
+762: label(p0, p1, p2, p3, p4, p7, p9, p11, p13, p15, p17, p19, p21, p23, p25, p27, p29, p31, p33, p35, p37, descr=TargetToken(140007683828832))
debug_merge_point(0, 0, '98<main.rpyeffect:90([mcore:[#33]#113])>+0: {"op": "Push". "target": 97. "args": {"any": [0. 2]}}')
+832: guard_not_invalidated(descr=<Guard0x7f5614416b18>) [p2, p7, p9, p11, p13, p15, p17, p19, p21, p23, p25, p27, p29, p31, p33, p35, p37, p0, p1, p3, p4]
debug_merge_point(0, 0, '98<main.rpyeffect:90([mcore:[#33]#113])>+1: {"op": "Copy". "type": "any". "from": 2. "to". 0}')
debug_merge_point(0, 0, '98<main.rpyeffect:90([mcore:[#33]#113])>+2: {"op": "Jump". "target": 16}')
+832: guard_nonnull(p1, descr=<Guard0x7f5614435df0>) [p2, p7, p9, p11, p13, p15, p17, p19, p21, p23, p25, p27, p29, p31, p33, p35, p37, p0, p1, p3, p4]
+846: i38 = getfield_gc_i(p1, descr=<FieldS rpyeffect.stored_environment.Stack__arb.inst_target 16 pure>)
+858: i40 = int_add(1589248, i38)
+865: guard_value(i40, 1589376, descr=<Guard0x7f5614435e20>) [p2, p7, p9, p11, p13, p15, p17, p19, p21, p23, p25, p27, p29, p31, p33, p35, p37, p0, p1, p3, p4]
debug_merge_point(0, 0, '16<main.rpyeffect:8(Name(>_2))>+0: {"op": "New". "out": 0. "targets": [15]. "args": {"any": [0]}}')
debug_merge_point(0, 0, '16<main.rpyeffect:8(Name(>_2))>+1: {"op": "Return". "args": {"any": [0]}}')
+878: p42 = getfield_gc_r(p1, descr=<FieldP rpyeffect.stored_environment.Stack__arb.inst_tail 8 pure>)
+883: guard_nonnull(p42, descr=<Guard0x7f5614435e50>) [p2, p7, p9, p11, p13, p15, p17, p19, p21, p23, p25, p27, p29, p31, p33, p35, p37, p0, p1, p3, p4]
+892: i43 = getfield_gc_i(p42, descr=<FieldS rpyeffect.stored_environment.Stack__arb.inst_target 16 pure>)
+896: i45 = int_add(2097152, i43)
+903: guard_value(i45, 2097277, descr=<Guard0x7f5614435e80>) [p2, p7, p9, p11, p13, p15, p17, p19, p21, p23, p25, p27, p29, p31, p33, p35, p37, p0, p1, p3, p4]
debug_merge_point(0, 0, '97<main.rpyeffect:89([k@[mcore:[#33]#113]#115])>+0: {"op": "Push". "target": 96. "args": {"any": [1. 2]}}')
debug_merge_point(0, 0, '97<main.rpyeffect:89([k@[mcore:[#33]#113]#115])>+1: {"op": "Swap". "type": "any". "a": 0. "b". 1}')
debug_merge_point(0, 0, '97<main.rpyeffect:89([k@[mcore:[#33]#113]#115])>+2: {"op": "Invoke". "receiver": 1. "tag": Interned(apply). "args" : {"any": [0]}}')
debug_merge_point(0, 0, '15<main.rpyeffect:7([method_apply@Name(>_2)#16])>+0: {"op": "Jump". "target": 14}')
debug_merge_point(0, 0, '14<main.rpyeffect:6([mcore:[#13]#13])>+0: {"op": "PrimOp". "name": "infixGt(Any. Any): Bool". "out": {"any": [0]}. "in": {"any": [1. 0]}}')
+916: guard_class(p11, ConstClass(IntValue), descr=<Guard0x7f5614435eb0>) [p2, p7, p9, p11, p13, p15, p17, p19, p21, p23, p25, p27, p29, p31, p33, p35, p37, p0, p1, p3, p4]
+928: guard_nonnull_class(p7, ConstClass(IntValue), descr=<Guard0x7f5614416b60>) [p2, p7, p9, p11, p13, p15, p17, p19, p21, p23, p25, p27, p29, p31, p33, p35, p37, p0, p1, p3, p4]
+946: i49 = getfield_gc_i(p11, descr=<FieldS rpyeffect.value.IntValue.inst_value 8 pure>)
+950: i50 = getfield_gc_i(p7, descr=<FieldS rpyeffect.value.IntValue.inst_value 8 pure>)
+954: i51 = int_eq(i49, i50)
+957: guard_false(i51, descr=<Guard0x7f5614435ee0>) [p2, p7, p9, p11, p13, p15, p17, p19, p21, p23, p25, p27, p29, p31, p33, p35, p37, p0, p1, p3, p4]
+963: i52 = int_lt(i49, i50)
+966: guard_true(i52, descr=<Guard0x7f5614435f10>) [p2, p7, p9, p11, p13, p15, p17, p19, p21, p23, p25, p27, p29, p31, p33, p35, p37, p0, p1, p3, p4]
debug_merge_point(0, 0, '14<main.rpyeffect:6([mcore:[#13]#13])>+1: {"op": "Return". "args": {"any": [0]}}')
debug_merge_point(0, 0, '96<main.rpyeffect:88([k@[k@[mcore:[#33]#113]#115]#117])>+0: {"op": "Switch". "scrutinee": 0. "values": [<BoolValue object at 0x7f561441b830>]. "targets": [88]. "default": 95}')
debug_merge_point(0, 0, '95<main.rpyeffect:87([switch default case#120])>+0: {"op": "Swap". "type": "any". "a": 0. "b". 1}')
debug_merge_point(0, 0, '95<main.rpyeffect:87([switch default case#120])>+1: {"op": "Swap". "type": "any". "a": 2. "b". 1}')
debug_merge_point(0, 0, '95<main.rpyeffect:87([switch default case#120])>+2: {"op": "Switch". "scrutinee": 2. "values": [<BoolValue object at 0x7f561441b840>]. "targets": [93]. "default": 94}')
debug_merge_point(0, 0, '93<main.rpyeffect:85([switch case for Bool(false)#121])>+0: {"op": "Const". "type": "ptr". "out": 2. "format": "int". "value": "<IntValue object at 0x7f561441b900>"}')
debug_merge_point(0, 0, '93<main.rpyeffect:85([switch case for Bool(false)#121])>+1: {"op": "Const". "type": "ptr". "out": 3. "format": "string". "value": "Name(Emit_0)"}')
debug_merge_point(0, 0, '93<main.rpyeffect:85([switch case for Bool(false)#121])>+2: {"op": "PrimOp". "name": "getGlobal(String): Ptr". "out": {"any": [3]}. "in": {"any": [3]}}')
debug_merge_point(0, 0, '93<main.rpyeffect:85([switch case for Bool(false)#121])>+3: {"op": "GetDynamic". "out": 2. "n": 2. "label": 3}')
+979: i54 = instance_ptr_eq(p4, ConstPtr(ptr53))
+986: guard_false(i54, descr=<Guard0x7f5614435f40>) [p2, p7, p9, p11, p13, p15, p17, p19, p21, p23, p25, p27, p29, p31, p33, p35, p37, p0, p1, p3, p4]
+992: guard_nonnull(p0, descr=<Guard0x7f5614435f70>) [p2, p7, p9, p11, p13, p15, p17, p19, p21, p23, p25, p27, p29, p31, p33, p35, p37, p0, p1, p3, p4]
+1006: i55 = getfield_gc_i(p0, descr=<FieldS rpyeffect.stack.Label.inst_origin 8 pure>)
+1017: guard_value(i55, 139295, descr=<Guard0x7f5614435fa0>) [p2, p7, p9, p11, p13, p15, p17, p19, p21, p23, p25, p27, p29, p31, p33, p35, p37, p0, p1, p3, p4]
+1037: i58 = instance_ptr_eq(p0, ConstPtr(ptr57))
+1040: guard_true(i58, descr=<Guard0x7f5614435fd0>) [p2, p7, p9, p11, p13, p15, p17, p19, p21, p23, p25, p27, p29, p31, p33, p35, p37, p0, p1, p3, p4]
debug_merge_point(0, 0, '93<main.rpyeffect:85([switch case for Bool(false)#121])>+4: {"op": "Push". "target": 92. "args": {"any": [0. 1]}}')
debug_merge_point(0, 0, '93<main.rpyeffect:85([switch case for Bool(false)#121])>+5: {"op": "Copy". "type": "any". "from": 1. "to". 0}')
debug_merge_point(0, 0, '93<main.rpyeffect:85([switch case for Bool(false)#121])>+6: {"op": "Invoke". "receiver": 2. "tag": Interned(Emit_0). "args" : {"any": [0]}}')
+1046: p59 = getfield_gc_r(p4, descr=<FieldP rpyeffect.codata.CoData.inst_vtable 8 pure>)
+1064: guard_value(p59, ConstPtr(ptr60), descr=<Guard0x7f561444c020>) [p2, p7, p9, p11, p13, p15, p17, p19, p21, p23, p25, p27, p29, p31, p33, p35, p37, p0, p1, p3, p4]
debug_merge_point(0, 0, '124<main.rpyeffect:116([method_Emit_0@[mcore:[#49]#200]#202])>+0: {"op": "Const". "type": "ptr". "out": 1. "format": "int". "value": "<IntValue object at 0x7f561443abe0>"}')
debug_merge_point(0, 0, '124<main.rpyeffect:116([method_Emit_0@[mcore:[#49]#200]#202])>+1: {"op": "Const". "type": "ptr". "out": 2. "format": "string". "value": "Name(Emit_0)"}')
debug_merge_point(0, 0, '124<main.rpyeffect:116([method_Emit_0@[mcore:[#49]#200]#202])>+2: {"op": "PrimOp". "name": "getGlobal(String): Ptr". "out": {"any": [2]}. "in": {"any": [2]}}')
debug_merge_point(0, 0, '124<main.rpyeffect:116([method_Emit_0@[mcore:[#49]#200]#202])>+3: {"op": "ShiftDyn". "out": 1. "n": 1. "label": 2}')
+1073: guard_nonnull_class(p3, ConstClass(MetaStackWithBinding), descr=<Guard0x7f5614416ba8>) [p2, p7, p9, p11, p13, p15, p17, p19, p21, p23, p25, p27, p29, p31, p33, p35, p37, p0, p1, p3, p4]
+1098: p62 = getfield_gc_r(p3, descr=<FieldP rpyeffect.stack.MetaStackLike.inst_stack 8 pure>)
+1102: p63 = getfield_gc_r(p3, descr=<FieldP rpyeffect.stack.MetaStack.inst_label 16 pure>)
+1106: p64 = getfield_gc_r(p3, descr=<FieldP rpyeffect.stack.MetaStackWithBinding.inst_binding 40 pure>)
+1110: p65 = getfield_gc_r(p3, descr=<FieldP rpyeffect.stack.MetaStack.inst_tail 32 pure>)
+1121: guard_nonnull(p62, descr=<Guard0x7f561444c050>) [p2, p7, p9, p11, p13, p15, p17, p19, p21, p23, p25, p27, p29, p31, p33, p35, p37, p0, p1, p3, p4]
+1130: p66 = getfield_gc_r(p62, descr=<FieldP rpyeffect.stored_environment.Stack__arb.inst_tail 8 pure>)
+1134: guard_isnull(p66, descr=<Guard0x7f561444c080>) [p2, p7, p9, p11, p13, p15, p17, p19, p21, p23, p25, p27, p29, p31, p33, p35, p37, p0, p1, p3, p4]
+1143: i67 = getfield_gc_i(p62, descr=<FieldS rpyeffect.stored_environment.Stack__arb.inst_target 16 pure>)
+1147: guard_value(i67, 117, descr=<Guard0x7f561444c0b0>) [p2, p7, p9, p11, p13, p15, p17, p19, p21, p23, p25, p27, p29, p31, p33, p35, p37, p0, p1, p3, p4]
debug_merge_point(0, 0, '124<main.rpyeffect:116([method_Emit_0@[mcore:[#49]#200]#202])>+4: {"op": "Const". "type": "ptr". "out": 2. "format": "int". "value": "<IntValue object at 0x7f561443aba0>"}')
debug_merge_point(0, 0, '124<main.rpyeffect:116([method_Emit_0@[mcore:[#49]#200]#202])>+5: {"op": "Const". "type": "ptr". "out": 3. "format": "string". "value": "Name(Get_1)"}')
debug_merge_point(0, 0, '124<main.rpyeffect:116([method_Emit_0@[mcore:[#49]#200]#202])>+6: {"op": "PrimOp". "name": "getGlobal(String): Ptr". "out": {"any": [3]}. "in": {"any": [3]}}')
debug_merge_point(0, 0, '124<main.rpyeffect:116([method_Emit_0@[mcore:[#49]#200]#202])>+7: {"op": "GetDynamic". "out": 2. "n": 2. "label": 3}')
+1157: i70 = instance_ptr_eq(p64, ConstPtr(ptr69))
+1160: guard_false(i70, descr=<Guard0x7f561444c0e0>) [p2, p7, p9, p11, p13, p15, p17, p19, p21, p23, p25, p27, p29, p31, p33, p35, p37, p0, p1, p3, p4]
+1166: guard_nonnull(p63, descr=<Guard0x7f561444c110>) [p2, p7, p9, p11, p13, p15, p17, p19, p21, p23, p25, p27, p29, p31, p33, p35, p37, p0, p1, p3, p4]
+1175: i71 = getfield_gc_i(p63, descr=<FieldS rpyeffect.stack.Label.inst_origin 8 pure>)
+1179: guard_value(i71, 139305, descr=<Guard0x7f561444c140>) [p2, p7, p9, p11, p13, p15, p17, p19, p21, p23, p25, p27, p29, p31, p33, p35, p37, p0, p1, p3, p4]
+1199: i74 = instance_ptr_eq(p63, ConstPtr(ptr73))
+1202: guard_false(i74, descr=<Guard0x7f561444c170>) [p2, p7, p9, p11, p13, p15, p17, p19, p21, p23, p25, p27, p29, p31, p33, p35, p37, p0, p1, p3, p4]
+1208: guard_nonnull_class(p65, ConstClass(MetaStackWithBinding), descr=<Guard0x7f5614416bf0>) [p2, p7, p9, p11, p13, p15, p17, p19, p21, p23, p25, p27, p29, p31, p33, p35, p37, p0, p1, p3, p4]
+1226: p76 = getfield_gc_r(p65, descr=<FieldP rpyeffect.stack.MetaStack.inst_label 16 pure>)
+1230: guard_nonnull(p76, descr=<Guard0x7f561444c1a0>) [p2, p7, p9, p11, p13, p15, p17, p19, p21, p23, p25, p27, p29, p31, p33, p35, p37, p0, p1, p3, p4]
+1239: i77 = getfield_gc_i(p76, descr=<FieldS rpyeffect.stack.Label.inst_origin 8 pure>)
+1251: guard_value(i77, 139300, descr=<Guard0x7f561444c1d0>) [p2, p7, p9, p11, p13, p15, p17, p19, p21, p23, p25, p27, p29, p31, p33, p35, p37, p0, p1, p3, p4]
+1264: i80 = instance_ptr_eq(p76, ConstPtr(ptr79))
+1267: guard_true(i80, descr=<Guard0x7f561444c200>) [p2, p7, p9, p11, p13, p15, p17, p19, p21, p23, p25, p27, p29, p31, p33, p35, p37, p0, p1, p3, p4]
+1273: p81 = getfield_gc_r(p65, descr=<FieldP rpyeffect.stack.MetaStackWithBinding.inst_binding 40 pure>)
debug_merge_point(0, 0, '124<main.rpyeffect:116([method_Emit_0@[mcore:[#49]#200]#202])>+8: {"op": "Construct". "out": 3. "type": Interned({"op": "eff$Tuple". "elements": []}). "tag": Interned({"op": "eff$Tuple". "elements": []}). "args": {"any": []}}')
debug_merge_point(0, 0, '124<main.rpyeffect:116([method_Emit_0@[mcore:[#49]#200]#202])>+9: {"op": "Push". "target": 123. "args": {"any": [0. 1]}}')
debug_merge_point(0, 0, '124<main.rpyeffect:116([method_Emit_0@[mcore:[#49]#200]#202])>+10: {"op": "Copy". "type": "any". "from": 3. "to". 0}')
debug_merge_point(0, 0, '124<main.rpyeffect:116([method_Emit_0@[mcore:[#49]#200]#202])>+11: {"op": "Invoke". "receiver": 2. "tag": Interned(Get_1). "args" : {"any": [0]}}')
+1277: p82 = getfield_gc_r(p81, descr=<FieldP rpyeffect.codata.CoData.inst_vtable 8 pure>)
+1288: guard_value(p82, ConstPtr(ptr83), descr=<Guard0x7f561444c230>) [p2, p7, p9, p11, p13, p15, p17, p19, p21, p23, p25, p27, p29, p31, p33, p35, p37, p0, p1, p3, p4]
+1297: p84 = getfield_gc_r(p81, descr=<FieldP rpyeffect.stored_environment.CoData__1.inst_values_ptr_0 24 pure>)
debug_merge_point(0, 0, '113<main.rpyeffect:105([method_Get_1@[mcore:[#42]#160]#169])>+0: {"op": "Const". "type": "ptr". "out": 2. "format": "int". "value": "<IntValue object at 0x7f561441b5a0>"}')
debug_merge_point(0, 0, '113<main.rpyeffect:105([method_Get_1@[mcore:[#42]#160]#169])>+1: {"op": "ShiftDyn". "out": 1. "n": 2. "label": 1}')
+1301: guard_nonnull(p84, descr=<Guard0x7f561444c260>) [p2, p7, p9, p11, p13, p15, p17, p19, p21, p23, p25, p27, p29, p31, p33, p35, p37, p0, p1, p3, p4]
+1310: i85 = getfield_gc_i(p84, descr=<FieldS rpyeffect.stack.Label.inst_origin 8 pure>)
+1314: guard_value(i85, 120832, descr=<Guard0x7f561444c290>) [p2, p7, p9, p11, p13, p15, p17, p19, p21, p23, p25, p27, p29, p31, p33, p35, p37, p0, p1, p3, p4]
+1327: p87 = getfield_gc_r(p65, descr=<FieldP rpyeffect.stack.MetaStack.inst_region 24 pure>)
+1331: guard_isnull(p87, descr=<Guard0x7f561444c2c0>) [p2, p7, p9, p11, p13, p15, p17, p19, p21, p23, p25, p27, p29, p31, p33, p35, p37, p0, p1, p3, p4]
+1340: p88 = getfield_gc_r(p65, descr=<FieldP rpyeffect.stack.MetaStack.inst_tail 32 pure>)
+1344: p89 = getfield_gc_r(p88, descr=<FieldP rpyeffect.stack.MetaStack.inst_region 24 pure>)
+1355: guard_isnull(p89, descr=<Guard0x7f561444c2f0>) [p2, p7, p9, p11, p13, p15, p17, p19, p21, p23, p25, p27, p29, p31, p33, p35, p37, p0, p1, p3, p4]
+1364: p90 = getfield_gc_r(p88, descr=<FieldP rpyeffect.stack.MetaStack.inst_label 16 pure>)
+1368: guard_nonnull(p90, descr=<Guard0x7f561444c320>) [p2, p7, p9, p11, p13, p15, p17, p19, p21, p23, p25, p27, p29, p31, p33, p35, p37, p0, p1, p3, p4]
+1377: i91 = getfield_gc_i(p90, descr=<FieldS rpyeffect.stack.Label.inst_origin 8 pure>)
+1388: guard_value(i91, 120832, descr=<Guard0x7f561444c350>) [p2, p7, p9, p11, p13, p15, p17, p19, p21, p23, p25, p27, p29, p31, p33, p35, p37, p0, p1, p3, p4]
+1401: i93 = instance_ptr_eq(p90, p84)
+1404: guard_true(i93, descr=<Guard0x7f561444c380>) [p2, p7, p9, p11, p13, p15, p17, p19, p21, p23, p25, p27, p29, p31, p33, p35, p37, p0, p1, p3, p4]
+1410: p94 = getfield_gc_r(p88, descr=<FieldP rpyeffect.stack.MetaStackLike.inst_stack 8 pure>)
+1414: guard_class(p88, 8701856, descr=<Guard0x7f561444c3b0>) [p2, p7, p9, p11, p13, p15, p17, p19, p21, p23, p25, p27, p29, p31, p33, p35, p37, p0, p1, p3, p4]
+1427: p96 = getfield_gc_r(p88, descr=<FieldP rpyeffect.stack.MetaStack.inst_tail 32 pure>)
+1438: p97 = getfield_gc_r(p65, descr=<FieldP rpyeffect.stack.MetaStackLike.inst_stack 8 pure>)
+1442: guard_nonnull_class(p96, 8701856, descr=<Guard0x7f5614416c38>) [p2, p7, p9, p11, p13, p15, p17, p19, p21, p23, p25, p27, p29, p31, p33, p35, p37, p0, p1, p3, p4]
+1460: p99 = getfield_gc_r(p96, descr=<FieldP rpyeffect.stack.MetaStackLike.inst_stack 8 pure>)
+1464: p100 = getfield_gc_r(p96, descr=<FieldP rpyeffect.stack.MetaStack.inst_label 16 pure>)
+1475: p101 = getfield_gc_r(p96, descr=<FieldP rpyeffect.stack.MetaStack.inst_tail 32 pure>)
+1486: guard_nonnull(p99, descr=<Guard0x7f561444c3e0>) [p2, p7, p9, p11, p13, p15, p17, p19, p21, p23, p25, p27, p29, p31, p33, p35, p37, p0, p1, p3, p4]
+1495: p102 = getfield_gc_r(p99, descr=<FieldP rpyeffect.stored_environment.Stack__arb.inst_tail 8 pure>)
+1499: guard_nonnull(p102, descr=<Guard0x7f561444c410>) [p2, p7, p9, p11, p13, p15, p17, p19, p21, p23, p25, p27, p29, p31, p33, p35, p37, p0, p1, p3, p4]
+1508: i103 = getfield_gc_i(p99, descr=<FieldS rpyeffect.stored_environment.Stack__arb.inst_target 16 pure>)
+1519: i105 = int_lshift(i103, 14)
+1530: i106 = getfield_gc_i(p102, descr=<FieldS rpyeffect.stored_environment.Stack__arb.inst_target 16 pure>)
+1541: i107 = int_add(i105, i106)
+1544: guard_value(i107, 1720321, descr=<Guard0x7f561444c440>) [p2, p7, p9, p11, p13, p15, p17, p19, p21, p23, p25, p27, p29, p31, p33, p35, p37, p0, p1, p3, p4]
debug_merge_point(0, 0, '113<main.rpyeffect:105([method_Get_1@[mcore:[#42]#160]#169])>+2: {"op": "Swap". "type": "any". "a": 0. "b". 1}')
debug_merge_point(0, 0, '113<main.rpyeffect:105([method_Get_1@[mcore:[#42]#160]#169])>+3: {"op": "Match". "type": Interned({"op": "eff$Tuple". "elements": []}). "scrutinee": 1. "clauses": [{"tag": Interned({"op": "eff$Tuple". "elements": []}). "target": 112. "args": {"any": []}}]. "default": {"tag": Interned(dae7d954-2a77-4b78-afbe-8c5664157134#[Missing Tag#414]). "target": 110. "args": {"any": []}}}')
debug_merge_point(0, 0, '112<main.rpyeffect:104([#175])>+0: {"op": "New". "out": 0. "targets": [111]. "args": {"any": [0]}}')
debug_merge_point(0, 0, '112<main.rpyeffect:104([#175])>+1: {"op": "Return". "args": {"any": [0]}}')
+1557: guard_value(i103, 105, descr=<Guard0x7f561444c470>) [p2, p7, p9, p11, p13, p15, p17, p19, p21, p23, p25, p27, p29, p31, p33, p35, p37, p0, p1, p3, p4]
+1574: p110 = getfield_gc_r(p99, descr=<FieldP rpyeffect.stored_environment.Stack__1.inst_values_ptr_0 32 pure>)
+1578: p111 = getfield_gc_r(p102, descr=<FieldP rpyeffect.stored_environment.Stack__arb.inst_tail 8 pure>)
+1582: guard_isnull(p111, descr=<Guard0x7f561444c4a0>) [p2, p7, p9, p11, p13, p15, p17, p19, p21, p23, p25, p27, p29, p31, p33, p35, p37, p0, p1, p3, p4]
+1591: guard_value(i106, 1, descr=<Guard0x7f561444c4d0>) [p2, p7, p9, p11, p13, p15, p17, p19, p21, p23, p25, p27, p29, p31, p33, p35, p37, p0, p1, p3, p4]
debug_merge_point(0, 0, '105<main.rpyeffect:97([k@[mcore:[#39]#154]#158])>+0: {"op": "Swap". "type": "any". "a": 0. "b". 1}')
debug_merge_point(0, 0, '105<main.rpyeffect:97([k@[mcore:[#39]#154]#158])>+1: {"op": "Invoke". "receiver": 1. "tag": Interned(apply). "args" : {"any": [0]}}')
debug_merge_point(0, 0, '111<main.rpyeffect:103([method_apply@[#175]#178])>+0: {"op": "Jump". "target": 103}')
debug_merge_point(0, 0, '103<main.rpyeffect:95([mcore:[#35]#151])>+0: {"op": "Push". "target": 102. "args": {"any": [0]}}')
debug_merge_point(0, 0, '103<main.rpyeffect:95([mcore:[#35]#151])>+1: {"op": "Jump". "target": 101}')
debug_merge_point(0, 0, '101<main.rpyeffect:93(Name(k_72))>+0: {"op": "PushStack". "arg": 1}')
debug_merge_point(0, 0, '101<main.rpyeffect:93(Name(k_72))>+1: {"op": "Return". "args": {"any": [0]}}')
debug_merge_point(0, 0, '123<main.rpyeffect:115([k@[method_Emit_0@[mcore:[#49]#200]#202]#217])>+0: {"op": "Push". "target": 122. "args": {"any": [1. 2]}}')
debug_merge_point(0, 0, '123<main.rpyeffect:115([k@[method_Emit_0@[mcore:[#49]#200]#202]#217])>+1: {"op": "Jump". "target": 59}')
debug_merge_point(0, 0, '59<main.rpyeffect:51(Name(+_27))>+0: {"op": "New". "out": 0. "targets": [58]. "args": {"any": [0]}}')
debug_merge_point(0, 0, '59<main.rpyeffect:51(Name(+_27))>+1: {"op": "Return". "args": {"any": [0]}}')
debug_merge_point(0, 0, '122<main.rpyeffect:114([#219])>+0: {"op": "Push". "target": 121. "args": {"any": [2]}}')
debug_merge_point(0, 0, '122<main.rpyeffect:114([#219])>+1: {"op": "Swap". "type": "any". "a": 0. "b". 1}')
debug_merge_point(0, 0, '122<main.rpyeffect:114([#219])>+2: {"op": "Invoke". "receiver": 1. "tag": Interned(apply). "args" : {"any": [0]}}')
debug_merge_point(0, 0, '58<main.rpyeffect:50([method_apply@Name(+_27)#74])>+0: {"op": "Jump". "target": 57}')
debug_merge_point(0, 0, '57<main.rpyeffect:49([mcore:[#23]#71])>+0: {"op": "PrimOp". "name": "infixAdd(Int. Int): Int". "out": {"any": [0]}. "in": {"any": [1. 0]}}')
+1601: i113 = getfield_gc_i(p110, descr=<FieldS rpyeffect.value.IntValue.inst_value 8 pure>)
+1605: i114 = int_add(i113, i49)
debug_merge_point(0, 0, '57<main.rpyeffect:49([mcore:[#23]#71])>+1: {"op": "Return". "args": {"any": [0]}}')
debug_merge_point(0, 0, '121<main.rpyeffect:113([k@[#219]#221])>+0: {"op": "Const". "type": "ptr". "out": 2. "format": "int". "value": "<IntValue object at 0x7f561441b2d0>"}')
debug_merge_point(0, 0, '121<main.rpyeffect:113([k@[#219]#221])>+1: {"op": "Const". "type": "ptr". "out": 3. "format": "string". "value": "Name(Set_2)"}')
debug_merge_point(0, 0, '121<main.rpyeffect:113([k@[#219]#221])>+2: {"op": "PrimOp". "name": "getGlobal(String): Ptr". "out": {"any": [3]}. "in": {"any": [3]}}')
debug_merge_point(0, 0, '121<main.rpyeffect:113([k@[#219]#221])>+3: {"op": "GetDynamic". "out": 2. "n": 2. "label": 3}')
+1615: i116 = instance_ptr_eq(p63, ConstPtr(ptr115))
+1618: guard_true(i116, descr=<Guard0x7f561444c500>) [p2, p7, p9, p11, p13, p15, p17, p19, p21, p23, p25, p27, p29, p31, p33, p35, p37, p0, p1, p3, p4]
debug_merge_point(0, 0, '121<main.rpyeffect:113([k@[#219]#221])>+4: {"op": "Push". "target": 120. "args": {"any": [1]}}')
debug_merge_point(0, 0, '121<main.rpyeffect:113([k@[#219]#221])>+5: {"op": "Invoke". "receiver": 2. "tag": Interned(Set_2). "args" : {"any": [0]}}')
+1624: p117 = getfield_gc_r(p64, descr=<FieldP rpyeffect.codata.CoData.inst_vtable 8 pure>)
+1635: guard_value(p117, ConstPtr(ptr118), descr=<Guard0x7f561444c530>) [p2, p7, p9, p11, p13, p15, p17, p19, p21, p23, p25, p27, p29, p31, p33, p35, p37, p0, p1, p3, p4]
+1644: p119 = getfield_gc_r(p64, descr=<FieldP rpyeffect.stored_environment.CoData__1.inst_values_ptr_0 24 pure>)
debug_merge_point(0, 0, '116<main.rpyeffect:108([method_Set_2@[mcore:[#42]#160]#187])>+0: {"op": "Const". "type": "ptr". "out": 2. "format": "int". "value": "<IntValue object at 0x7f561441b510>"}')
debug_merge_point(0, 0, '116<main.rpyeffect:108([method_Set_2@[mcore:[#42]#160]#187])>+1: {"op": "ShiftDyn". "out": 1. "n": 2. "label": 1}')
+1648: guard_nonnull(p119, descr=<Guard0x7f561444c560>) [p2, p7, p9, p11, p13, p15, p17, p19, p21, p23, p25, p27, p29, p31, p33, p35, p37, p0, p1, p3, p4]
+1657: i120 = getfield_gc_i(p119, descr=<FieldS rpyeffect.stack.Label.inst_origin 8 pure>)
+1661: guard_value(i120, 120832, descr=<Guard0x7f561444c590>) [p2, p7, p9, p11, p13, p15, p17, p19, p21, p23, p25, p27, p29, p31, p33, p35, p37, p0, p1, p3, p4]
+1674: i122 = instance_ptr_eq(p90, p119)
+1677: guard_true(i122, descr=<Guard0x7f561444c5c0>) [p2, p7, p9, p11, p13, p15, p17, p19, p21, p23, p25, p27, p29, p31, p33, p35, p37, p0, p1, p3, p4]
debug_merge_point(0, 0, '116<main.rpyeffect:108([method_Set_2@[mcore:[#42]#160]#187])>+2: {"op": "New". "out": 0. "targets": [115]. "args": {"any": [1. 0]}}')
debug_merge_point(0, 0, '116<main.rpyeffect:108([method_Set_2@[mcore:[#42]#160]#187])>+3: {"op": "Return". "args": {"any": [0]}}')
debug_merge_point(0, 0, '102<main.rpyeffect:94([k@[mcore:[#35]#151]#153])>+0: {"op": "Swap". "type": "any". "a": 0. "b". 1}')
debug_merge_point(0, 0, '102<main.rpyeffect:94([k@[mcore:[#35]#151]#153])>+1: {"op": "Invoke". "receiver": 1. "tag": Interned(apply). "args" : {"any": [0]}}')
debug_merge_point(0, 0, '115<main.rpyeffect:107([#192])>+0: {"op": "Jump". "target": 106}')
debug_merge_point(0, 0, '106<main.rpyeffect:98([mcore:[#39]#154])>+0: {"op": "Construct". "out": 0. "type": Interned({"op": "eff$Tuple". "elements": []}). "tag": Interned({"op": "eff$Tuple". "elements": []}). "args": {"any": []}}')
debug_merge_point(0, 0, '106<main.rpyeffect:98([mcore:[#39]#154])>+1: {"op": "Push". "target": 105. "args": {"any": [2]}}')
debug_merge_point(0, 0, '106<main.rpyeffect:98([mcore:[#39]#154])>+2: {"op": "Jump". "target": 104}')
debug_merge_point(0, 0, '104<main.rpyeffect:96(Name(k_76))>+0: {"op": "PushStack". "arg": 1}')
debug_merge_point(0, 0, '104<main.rpyeffect:96(Name(k_76))>+1: {"op": "Return". "args": {"any": [0]}}')
debug_merge_point(0, 0, '120<main.rpyeffect:112([k@[k@[#219]#221]#229])>+0: {"op": "Construct". "out": 0. "type": Interned({"op": "eff$Tuple". "elements": []}). "tag": Interned({"op": "eff$Tuple". "elements": []}). "args": {"any": []}}')
debug_merge_point(0, 0, '120<main.rpyeffect:112([k@[k@[#219]#221]#229])>+1: {"op": "Jump". "target": 119}')
debug_merge_point(0, 0, '119<main.rpyeffect:111(Name(k_82))>+0: {"op": "PushStack". "arg": 1}')
debug_merge_point(0, 0, '119<main.rpyeffect:111(Name(k_82))>+1: {"op": "Return". "args": {"any": [0]}}')
debug_merge_point(0, 0, '92<main.rpyeffect:84([k@[switch case for Bool(false)#121]#129])>+0: {"op": "Push". "target": 91. "args": {"any": [1]}}')
debug_merge_point(0, 0, '92<main.rpyeffect:84([k@[switch case for Bool(false)#121]#129])>+1: {"op": "Copy". "type": "any". "from": 2. "to". 0}')
debug_merge_point(0, 0, '92<main.rpyeffect:84([k@[switch case for Bool(false)#121]#129])>+2: {"op": "Jump". "target": 59}')
debug_merge_point(0, 0, '59<main.rpyeffect:51(Name(+_27))>+0: {"op": "New". "out": 0. "targets": [58]. "args": {"any": [0]}}')
debug_merge_point(0, 0, '59<main.rpyeffect:51(Name(+_27))>+1: {"op": "Return". "args": {"any": [0]}}')
debug_merge_point(0, 0, '91<main.rpyeffect:83([#131])>+0: {"op": "Const". "type": "ptr". "out": 2. "format": "int". "value": "<IntValue object at 0x7f561441b950>"}')
debug_merge_point(0, 0, '91<main.rpyeffect:83([#131])>+1: {"op": "Push". "target": 90. "args": {"any": [1]}}')
debug_merge_point(0, 0, '91<main.rpyeffect:83([#131])>+2: {"op": "Copy". "type": "any". "from": 0. "to". 1}')
debug_merge_point(0, 0, '91<main.rpyeffect:83([#131])>+3: {"op": "Copy". "type": "any". "from": 2. "to". 0}')
debug_merge_point(0, 0, '91<main.rpyeffect:83([#131])>+4: {"op": "Invoke". "receiver": 1. "tag": Interned(apply). "args" : {"any": [0]}}')
debug_merge_point(0, 0, '58<main.rpyeffect:50([method_apply@Name(+_27)#74])>+0: {"op": "Jump". "target": 57}')
debug_merge_point(0, 0, '57<main.rpyeffect:49([mcore:[#23]#71])>+0: {"op": "PrimOp". "name": "infixAdd(Int. Int): Int". "out": {"any": [0]}. "in": {"any": [1. 0]}}')
+1683: i124 = int_add(i49, 1)
debug_merge_point(0, 0, '57<main.rpyeffect:49([mcore:[#23]#71])>+1: {"op": "Return". "args": {"any": [0]}}')
debug_merge_point(0, 0, '90<main.rpyeffect:82([k@[#131]#135])>+0: {"op": "Const". "type": "ptr". "out": 2. "format": "string". "value": "Name(Emit_0)"}')
debug_merge_point(0, 0, '90<main.rpyeffect:82([k@[#131]#135])>+1: {"op": "PrimOp". "name": "getGlobal(String): Ptr". "out": {"any": [2]}. "in": {"any": [2]}}')
debug_merge_point(0, 0, '90<main.rpyeffect:82([k@[#131]#135])>+2: {"op": "Push". "target": 89. "args": {"any": [1]}}')
debug_merge_point(0, 0, '90<main.rpyeffect:82([k@[#131]#135])>+3: {"op": "Copy". "type": "any". "from": 2. "to". 1}')
debug_merge_point(0, 0, '90<main.rpyeffect:82([k@[#131]#135])>+4: {"op": "Jump". "target": 100}')
debug_merge_point(0, 0, '100<main.rpyeffect:92(Name(range_48))>+0: {"op": "New". "out": 0. "targets": [99]. "args": {"any": [0]}}')
debug_merge_point(0, 0, '100<main.rpyeffect:92(Name(range_48))>+1: {"op": "Return". "args": {"any": [0]}}')
debug_merge_point(0, 0, '89<main.rpyeffect:81([k@[k@[#131]#135]#140])>+0: {"op": "Swap". "type": "any". "a": 0. "b". 1}')
debug_merge_point(0, 0, '89<main.rpyeffect:81([k@[k@[#131]#135]#140])>+1: {"op": "Invoke". "receiver": 1. "tag": Interned(apply). "args" : {"any": [0]}}')
debug_merge_point(0, 0, '99<main.rpyeffect:91([method_apply@Name(range_48)#146])>+0: {"op": "Const". "type": "ptr". "out": 2. "format": "string". "value": "Name(Emit_0)"}')
debug_merge_point(0, 0, '99<main.rpyeffect:91([method_apply@Name(range_48)#146])>+1: {"op": "PrimOp". "name": "getGlobal(String): Ptr". "out": {"any": [2]}. "in": {"any": [2]}}')
debug_merge_point(0, 0, '99<main.rpyeffect:91([method_apply@Name(range_48)#146])>+2: {"op": "Swap". "type": "any". "a": 2. "b". 1}')
debug_merge_point(0, 0, '99<main.rpyeffect:91([method_apply@Name(range_48)#146])>+3: {"op": "Jump". "target": 98}')
debug_merge_point(0, 0, '98<main.rpyeffect:90([mcore:[#33]#113])>+0: {"op": "Push". "target": 97. "args": {"any": [0. 2]}}')
+1687: label(p0, p1, p2, p62, p63, p97, p76, p94, p90, p102, i114, p100, p101, p81, p64, p4, p7, i124, p15, p17, p19, p21, p23, p25, p27, p29, p31, p33, p35, p37, p42, i50, p84, p119, descr=TargetToken(140007683828896))
debug_merge_point(0, 0, '98<main.rpyeffect:90([mcore:[#33]#113])>+0: {"op": "Push". "target": 97. "args": {"any": [0. 2]}}')
+1712: guard_not_invalidated(descr=<Guard0x7f5614416c80>) [p2, p7, p15, p17, p19, p21, p23, p25, p27, p29, p31, p33, p35, p37, p0, p1, p4, i114, p102, p101, p100, p90, p94, p81, p76, p97, p64, p63, p62, i124]
debug_merge_point(0, 0, '98<main.rpyeffect:90([mcore:[#33]#113])>+1: {"op": "Copy". "type": "any". "from": 2. "to". 0}')
debug_merge_point(0, 0, '98<main.rpyeffect:90([mcore:[#33]#113])>+2: {"op": "Jump". "target": 16}')
debug_merge_point(0, 0, '16<main.rpyeffect:8(Name(>_2))>+0: {"op": "New". "out": 0. "targets": [15]. "args": {"any": [0]}}')
debug_merge_point(0, 0, '16<main.rpyeffect:8(Name(>_2))>+1: {"op": "Return". "args": {"any": [0]}}')
debug_merge_point(0, 0, '97<main.rpyeffect:89([k@[mcore:[#33]#113]#115])>+0: {"op": "Push". "target": 96. "args": {"any": [1. 2]}}')
debug_merge_point(0, 0, '97<main.rpyeffect:89([k@[mcore:[#33]#113]#115])>+1: {"op": "Swap". "type": "any". "a": 0. "b". 1}')
debug_merge_point(0, 0, '97<main.rpyeffect:89([k@[mcore:[#33]#113]#115])>+2: {"op": "Invoke". "receiver": 1. "tag": Interned(apply). "args" : {"any": [0]}}')
debug_merge_point(0, 0, '15<main.rpyeffect:7([method_apply@Name(>_2)#16])>+0: {"op": "Jump". "target": 14}')
debug_merge_point(0, 0, '14<main.rpyeffect:6([mcore:[#13]#13])>+0: {"op": "PrimOp". "name": "infixGt(Any. Any): Bool". "out": {"any": [0]}. "in": {"any": [1. 0]}}')
+1712: i125 = int_eq(i124, i50)
+1715: guard_false(i125, descr=<Guard0x7f561444c5f0>) [p2, p7, p15, p17, p19, p21, p23, p25, p27, p29, p31, p33, p35, p37, p0, p1, p4, i114, p102, p101, p100, p90, p94, p81, p76, p97, p64, p63, p62, i124]
+1721: i126 = int_lt(i124, i50)
+1724: guard_true(i126, descr=<Guard0x7f561444c620>) [p2, p7, p15, p17, p19, p21, p23, p25, p27, p29, p31, p33, p35, p37, p0, p1, p4, i114, p102, p101, p100, p90, p94, p81, p76, p97, p64, p63, p62, i124]
debug_merge_point(0, 0, '14<main.rpyeffect:6([mcore:[#13]#13])>+1: {"op": "Return". "args": {"any": [0]}}')
debug_merge_point(0, 0, '96<main.rpyeffect:88([k@[k@[mcore:[#33]#113]#115]#117])>+0: {"op": "Switch". "scrutinee": 0. "values": [<BoolValue object at 0x7f561441b830>]. "targets": [88]. "default": 95}')
debug_merge_point(0, 0, '95<main.rpyeffect:87([switch default case#120])>+0: {"op": "Swap". "type": "any". "a": 0. "b". 1}')
debug_merge_point(0, 0, '95<main.rpyeffect:87([switch default case#120])>+1: {"op": "Swap". "type": "any". "a": 2. "b". 1}')
debug_merge_point(0, 0, '95<main.rpyeffect:87([switch default case#120])>+2: {"op": "Switch". "scrutinee": 2. "values": [<BoolValue object at 0x7f561441b840>]. "targets": [93]. "default": 94}')
debug_merge_point(0, 0, '93<main.rpyeffect:85([switch case for Bool(false)#121])>+0: {"op": "Const". "type": "ptr". "out": 2. "format": "int". "value": "<IntValue object at 0x7f561441b900>"}')
debug_merge_point(0, 0, '93<main.rpyeffect:85([switch case for Bool(false)#121])>+1: {"op": "Const". "type": "ptr". "out": 3. "format": "string". "value": "Name(Emit_0)"}')
debug_merge_point(0, 0, '93<main.rpyeffect:85([switch case for Bool(false)#121])>+2: {"op": "PrimOp". "name": "getGlobal(String): Ptr". "out": {"any": [3]}. "in": {"any": [3]}}')
debug_merge_point(0, 0, '93<main.rpyeffect:85([switch case for Bool(false)#121])>+3: {"op": "GetDynamic". "out": 2. "n": 2. "label": 3}')
debug_merge_point(0, 0, '93<main.rpyeffect:85([switch case for Bool(false)#121])>+4: {"op": "Push". "target": 92. "args": {"any": [0. 1]}}')
debug_merge_point(0, 0, '93<main.rpyeffect:85([switch case for Bool(false)#121])>+5: {"op": "Copy". "type": "any". "from": 1. "to". 0}')
debug_merge_point(0, 0, '93<main.rpyeffect:85([switch case for Bool(false)#121])>+6: {"op": "Invoke". "receiver": 2. "tag": Interned(Emit_0). "args" : {"any": [0]}}')
debug_merge_point(0, 0, '124<main.rpyeffect:116([method_Emit_0@[mcore:[#49]#200]#202])>+0: {"op": "Const". "type": "ptr". "out": 1. "format": "int". "value": "<IntValue object at 0x7f561443abe0>"}')
debug_merge_point(0, 0, '124<main.rpyeffect:116([method_Emit_0@[mcore:[#49]#200]#202])>+1: {"op": "Const". "type": "ptr". "out": 2. "format": "string". "value": "Name(Emit_0)"}')
debug_merge_point(0, 0, '124<main.rpyeffect:116([method_Emit_0@[mcore:[#49]#200]#202])>+2: {"op": "PrimOp". "name": "getGlobal(String): Ptr". "out": {"any": [2]}. "in": {"any": [2]}}')
debug_merge_point(0, 0, '124<main.rpyeffect:116([method_Emit_0@[mcore:[#49]#200]#202])>+3: {"op": "ShiftDyn". "out": 1. "n": 1. "label": 2}')
debug_merge_point(0, 0, '124<main.rpyeffect:116([method_Emit_0@[mcore:[#49]#200]#202])>+4: {"op": "Const". "type": "ptr". "out": 2. "format": "int". "value": "<IntValue object at 0x7f561443aba0>"}')
debug_merge_point(0, 0, '124<main.rpyeffect:116([method_Emit_0@[mcore:[#49]#200]#202])>+5: {"op": "Const". "type": "ptr". "out": 3. "format": "string". "value": "Name(Get_1)"}')
debug_merge_point(0, 0, '124<main.rpyeffect:116([method_Emit_0@[mcore:[#49]#200]#202])>+6: {"op": "PrimOp". "name": "getGlobal(String): Ptr". "out": {"any": [3]}. "in": {"any": [3]}}')
debug_merge_point(0, 0, '124<main.rpyeffect:116([method_Emit_0@[mcore:[#49]#200]#202])>+7: {"op": "GetDynamic". "out": 2. "n": 2. "label": 3}')
debug_merge_point(0, 0, '124<main.rpyeffect:116([method_Emit_0@[mcore:[#49]#200]#202])>+8: {"op": "Construct". "out": 3. "type": Interned({"op": "eff$Tuple". "elements": []}). "tag": Interned({"op": "eff$Tuple". "elements": []}). "args": {"any": []}}')
debug_merge_point(0, 0, '124<main.rpyeffect:116([method_Emit_0@[mcore:[#49]#200]#202])>+9: {"op": "Push". "target": 123. "args": {"any": [0. 1]}}')
debug_merge_point(0, 0, '124<main.rpyeffect:116([method_Emit_0@[mcore:[#49]#200]#202])>+10: {"op": "Copy". "type": "any". "from": 3. "to". 0}')
debug_merge_point(0, 0, '124<main.rpyeffect:116([method_Emit_0@[mcore:[#49]#200]#202])>+11: {"op": "Invoke". "receiver": 2. "tag": Interned(Get_1). "args" : {"any": [0]}}')
debug_merge_point(0, 0, '113<main.rpyeffect:105([method_Get_1@[mcore:[#42]#160]#169])>+0: {"op": "Const". "type": "ptr". "out": 2. "format": "int". "value": "<IntValue object at 0x7f561441b5a0>"}')
debug_merge_point(0, 0, '113<main.rpyeffect:105([method_Get_1@[mcore:[#42]#160]#169])>+1: {"op": "ShiftDyn". "out": 1. "n": 2. "label": 1}')
debug_merge_point(0, 0, '113<main.rpyeffect:105([method_Get_1@[mcore:[#42]#160]#169])>+2: {"op": "Swap". "type": "any". "a": 0. "b". 1}')
debug_merge_point(0, 0, '113<main.rpyeffect:105([method_Get_1@[mcore:[#42]#160]#169])>+3: {"op": "Match". "type": Interned({"op": "eff$Tuple". "elements": []}). "scrutinee": 1. "clauses": [{"tag": Interned({"op": "eff$Tuple". "elements": []}). "target": 112. "args": {"any": []}}]. "default": {"tag": Interned(dae7d954-2a77-4b78-afbe-8c5664157134#[Missing Tag#414]). "target": 110. "args": {"any": []}}}')
debug_merge_point(0, 0, '112<main.rpyeffect:104([#175])>+0: {"op": "New". "out": 0. "targets": [111]. "args": {"any": [0]}}')
debug_merge_point(0, 0, '112<main.rpyeffect:104([#175])>+1: {"op": "Return". "args": {"any": [0]}}')
debug_merge_point(0, 0, '105<main.rpyeffect:97([k@[mcore:[#39]#154]#158])>+0: {"op": "Swap". "type": "any". "a": 0. "b". 1}')
debug_merge_point(0, 0, '105<main.rpyeffect:97([k@[mcore:[#39]#154]#158])>+1: {"op": "Invoke". "receiver": 1. "tag": Interned(apply). "args" : {"any": [0]}}')
debug_merge_point(0, 0, '111<main.rpyeffect:103([method_apply@[#175]#178])>+0: {"op": "Jump". "target": 103}')
debug_merge_point(0, 0, '103<main.rpyeffect:95([mcore:[#35]#151])>+0: {"op": "Push". "target": 102. "args": {"any": [0]}}')
debug_merge_point(0, 0, '103<main.rpyeffect:95([mcore:[#35]#151])>+1: {"op": "Jump". "target": 101}')
debug_merge_point(0, 0, '101<main.rpyeffect:93(Name(k_72))>+0: {"op": "PushStack". "arg": 1}')
debug_merge_point(0, 0, '101<main.rpyeffect:93(Name(k_72))>+1: {"op": "Return". "args": {"any": [0]}}')
debug_merge_point(0, 0, '123<main.rpyeffect:115([k@[method_Emit_0@[mcore:[#49]#200]#202]#217])>+0: {"op": "Push". "target": 122. "args": {"any": [1. 2]}}')
debug_merge_point(0, 0, '123<main.rpyeffect:115([k@[method_Emit_0@[mcore:[#49]#200]#202]#217])>+1: {"op": "Jump". "target": 59}')
debug_merge_point(0, 0, '59<main.rpyeffect:51(Name(+_27))>+0: {"op": "New". "out": 0. "targets": [58]. "args": {"any": [0]}}')
debug_merge_point(0, 0, '59<main.rpyeffect:51(Name(+_27))>+1: {"op": "Return". "args": {"any": [0]}}')
debug_merge_point(0, 0, '122<main.rpyeffect:114([#219])>+0: {"op": "Push". "target": 121. "args": {"any": [2]}}')
debug_merge_point(0, 0, '122<main.rpyeffect:114([#219])>+1: {"op": "Swap". "type": "any". "a": 0. "b". 1}')
debug_merge_point(0, 0, '122<main.rpyeffect:114([#219])>+2: {"op": "Invoke". "receiver": 1. "tag": Interned(apply). "args" : {"any": [0]}}')
debug_merge_point(0, 0, '58<main.rpyeffect:50([method_apply@Name(+_27)#74])>+0: {"op": "Jump". "target": 57}')
debug_merge_point(0, 0, '57<main.rpyeffect:49([mcore:[#23]#71])>+0: {"op": "PrimOp". "name": "infixAdd(Int. Int): Int". "out": {"any": [0]}. "in": {"any": [1. 0]}}')
+1730: i127 = int_add(i114, i124)
debug_merge_point(0, 0, '57<main.rpyeffect:49([mcore:[#23]#71])>+1: {"op": "Return". "args": {"any": [0]}}')
debug_merge_point(0, 0, '121<main.rpyeffect:113([k@[#219]#221])>+0: {"op": "Const". "type": "ptr". "out": 2. "format": "int". "value": "<IntValue object at 0x7f561441b2d0>"}')
debug_merge_point(0, 0, '121<main.rpyeffect:113([k@[#219]#221])>+1: {"op": "Const". "type": "ptr". "out": 3. "format": "string". "value": "Name(Set_2)"}')
debug_merge_point(0, 0, '121<main.rpyeffect:113([k@[#219]#221])>+2: {"op": "PrimOp". "name": "getGlobal(String): Ptr". "out": {"any": [3]}. "in": {"any": [3]}}')
debug_merge_point(0, 0, '121<main.rpyeffect:113([k@[#219]#221])>+3: {"op": "GetDynamic". "out": 2. "n": 2. "label": 3}')
+1743: i129 = instance_ptr_eq(p63, ConstPtr(ptr128))
+1746: guard_true(i129, descr=<Guard0x7f561444c650>) [p2, p7, p15, p17, p19, p21, p23, p25, p27, p29, p31, p33, p35, p37, p0, p1, p4, i114, p102, p101, p100, p90, p94, p81, p76, p97, p64, p63, p62, i124]
debug_merge_point(0, 0, '121<main.rpyeffect:113([k@[#219]#221])>+4: {"op": "Push". "target": 120. "args": {"any": [1]}}')
debug_merge_point(0, 0, '121<main.rpyeffect:113([k@[#219]#221])>+5: {"op": "Invoke". "receiver": 2. "tag": Interned(Set_2). "args" : {"any": [0]}}')
debug_merge_point(0, 0, '116<main.rpyeffect:108([method_Set_2@[mcore:[#42]#160]#187])>+0: {"op": "Const". "type": "ptr". "out": 2. "format": "int". "value": "<IntValue object at 0x7f561441b510>"}')
debug_merge_point(0, 0, '116<main.rpyeffect:108([method_Set_2@[mcore:[#42]#160]#187])>+1: {"op": "ShiftDyn". "out": 1. "n": 2. "label": 1}')
+1752: i130 = instance_ptr_eq(p90, p119)
+1755: guard_true(i130, descr=<Guard0x7f561444c680>) [p2, p7, p15, p17, p19, p21, p23, p25, p27, p29, p31, p33, p35, p37, p0, p1, p4, i114, p102, p101, p100, p90, p94, p81, p76, p97, p64, p63, p62, i124]
debug_merge_point(0, 0, '116<main.rpyeffect:108([method_Set_2@[mcore:[#42]#160]#187])>+2: {"op": "New". "out": 0. "targets": [115]. "args": {"any": [1. 0]}}')
debug_merge_point(0, 0, '116<main.rpyeffect:108([method_Set_2@[mcore:[#42]#160]#187])>+3: {"op": "Return". "args": {"any": [0]}}')
debug_merge_point(0, 0, '102<main.rpyeffect:94([k@[mcore:[#35]#151]#153])>+0: {"op": "Swap". "type": "any". "a": 0. "b". 1}')
debug_merge_point(0, 0, '102<main.rpyeffect:94([k@[mcore:[#35]#151]#153])>+1: {"op": "Invoke". "receiver": 1. "tag": Interned(apply). "args" : {"any": [0]}}')
debug_merge_point(0, 0, '115<main.rpyeffect:107([#192])>+0: {"op": "Jump". "target": 106}')
debug_merge_point(0, 0, '106<main.rpyeffect:98([mcore:[#39]#154])>+0: {"op": "Construct". "out": 0. "type": Interned({"op": "eff$Tuple". "elements": []}). "tag": Interned({"op": "eff$Tuple". "elements": []}). "args": {"any": []}}')
debug_merge_point(0, 0, '106<main.rpyeffect:98([mcore:[#39]#154])>+1: {"op": "Push". "target": 105. "args": {"any": [2]}}')
debug_merge_point(0, 0, '106<main.rpyeffect:98([mcore:[#39]#154])>+2: {"op": "Jump". "target": 104}')
debug_merge_point(0, 0, '104<main.rpyeffect:96(Name(k_76))>+0: {"op": "PushStack". "arg": 1}')
debug_merge_point(0, 0, '104<main.rpyeffect:96(Name(k_76))>+1: {"op": "Return". "args": {"any": [0]}}')
debug_merge_point(0, 0, '120<main.rpyeffect:112([k@[k@[#219]#221]#229])>+0: {"op": "Construct". "out": 0. "type": Interned({"op": "eff$Tuple". "elements": []}). "tag": Interned({"op": "eff$Tuple". "elements": []}). "args": {"any": []}}')
debug_merge_point(0, 0, '120<main.rpyeffect:112([k@[k@[#219]#221]#229])>+1: {"op": "Jump". "target": 119}')
debug_merge_point(0, 0, '119<main.rpyeffect:111(Name(k_82))>+0: {"op": "PushStack". "arg": 1}')
debug_merge_point(0, 0, '119<main.rpyeffect:111(Name(k_82))>+1: {"op": "Return". "args": {"any": [0]}}')
debug_merge_point(0, 0, '92<main.rpyeffect:84([k@[switch case for Bool(false)#121]#129])>+0: {"op": "Push". "target": 91. "args": {"any": [1]}}')
debug_merge_point(0, 0, '92<main.rpyeffect:84([k@[switch case for Bool(false)#121]#129])>+1: {"op": "Copy". "type": "any". "from": 2. "to". 0}')
debug_merge_point(0, 0, '92<main.rpyeffect:84([k@[switch case for Bool(false)#121]#129])>+2: {"op": "Jump". "target": 59}')
debug_merge_point(0, 0, '59<main.rpyeffect:51(Name(+_27))>+0: {"op": "New". "out": 0. "targets": [58]. "args": {"any": [0]}}')
debug_merge_point(0, 0, '59<main.rpyeffect:51(Name(+_27))>+1: {"op": "Return". "args": {"any": [0]}}')
debug_merge_point(0, 0, '91<main.rpyeffect:83([#131])>+0: {"op": "Const". "type": "ptr". "out": 2. "format": "int". "value": "<IntValue object at 0x7f561441b950>"}')
debug_merge_point(0, 0, '91<main.rpyeffect:83([#131])>+1: {"op": "Push". "target": 90. "args": {"any": [1]}}')
debug_merge_point(0, 0, '91<main.rpyeffect:83([#131])>+2: {"op": "Copy". "type": "any". "from": 0. "to". 1}')
debug_merge_point(0, 0, '91<main.rpyeffect:83([#131])>+3: {"op": "Copy". "type": "any". "from": 2. "to". 0}')
debug_merge_point(0, 0, '91<main.rpyeffect:83([#131])>+4: {"op": "Invoke". "receiver": 1. "tag": Interned(apply). "args" : {"any": [0]}}')
debug_merge_point(0, 0, '58<main.rpyeffect:50([method_apply@Name(+_27)#74])>+0: {"op": "Jump". "target": 57}')
debug_merge_point(0, 0, '57<main.rpyeffect:49([mcore:[#23]#71])>+0: {"op": "PrimOp". "name": "infixAdd(Int. Int): Int". "out": {"any": [0]}. "in": {"any": [1. 0]}}')
+1761: i132 = int_add(i124, 1)
debug_merge_point(0, 0, '57<main.rpyeffect:49([mcore:[#23]#71])>+1: {"op": "Return". "args": {"any": [0]}}')
debug_merge_point(0, 0, '90<main.rpyeffect:82([k@[#131]#135])>+0: {"op": "Const". "type": "ptr". "out": 2. "format": "string". "value": "Name(Emit_0)"}')
debug_merge_point(0, 0, '90<main.rpyeffect:82([k@[#131]#135])>+1: {"op": "PrimOp". "name": "getGlobal(String): Ptr". "out": {"any": [2]}. "in": {"any": [2]}}')
debug_merge_point(0, 0, '90<main.rpyeffect:82([k@[#131]#135])>+2: {"op": "Push". "target": 89. "args": {"any": [1]}}')
debug_merge_point(0, 0, '90<main.rpyeffect:82([k@[#131]#135])>+3: {"op": "Copy". "type": "any". "from": 2. "to". 1}')
debug_merge_point(0, 0, '90<main.rpyeffect:82([k@[#131]#135])>+4: {"op": "Jump". "target": 100}')
debug_merge_point(0, 0, '100<main.rpyeffect:92(Name(range_48))>+0: {"op": "New". "out": 0. "targets": [99]. "args": {"any": [0]}}')
debug_merge_point(0, 0, '100<main.rpyeffect:92(Name(range_48))>+1: {"op": "Return". "args": {"any": [0]}}')
debug_merge_point(0, 0, '89<main.rpyeffect:81([k@[k@[#131]#135]#140])>+0: {"op": "Swap". "type": "any". "a": 0. "b". 1}')
debug_merge_point(0, 0, '89<main.rpyeffect:81([k@[k@[#131]#135]#140])>+1: {"op": "Invoke". "receiver": 1. "tag": Interned(apply). "args" : {"any": [0]}}')
debug_merge_point(0, 0, '99<main.rpyeffect:91([method_apply@Name(range_48)#146])>+0: {"op": "Const". "type": "ptr". "out": 2. "format": "string". "value": "Name(Emit_0)"}')
debug_merge_point(0, 0, '99<main.rpyeffect:91([method_apply@Name(range_48)#146])>+1: {"op": "PrimOp". "name": "getGlobal(String): Ptr". "out": {"any": [2]}. "in": {"any": [2]}}')
debug_merge_point(0, 0, '99<main.rpyeffect:91([method_apply@Name(range_48)#146])>+2: {"op": "Swap". "type": "any". "a": 2. "b". 1}')
debug_merge_point(0, 0, '99<main.rpyeffect:91([method_apply@Name(range_48)#146])>+3: {"op": "Jump". "target": 98}')
debug_merge_point(0, 0, '98<main.rpyeffect:90([mcore:[#33]#113])>+0: {"op": "Push". "target": 97. "args": {"any": [0. 2]}}')
+1772: i133 = instance_ptr_eq(p0, ConstPtr(ptr57))
+1775: guard_true(i133, descr=<Guard0x7f5614416cc8>) [p2, p7, p15, p17, p19, p21, p23, p25, p27, p29, p31, p33, p35, p37, p0, p1, p4, i127, i132, None, p102, p101, p100, p90, p94, p81, p76, p97, p64, p63, p62, None]
+1788: i135 = instance_ptr_eq(p63, ConstPtr(ptr73))
+1791: guard_false(i135, descr=<Guard0x7f5614416d10>) [p2, p7, p15, p17, p19, p21, p23, p25, p27, p29, p31, p33, p35, p37, p0, p1, p4, i127, i132, None, p102, p101, p100, p90, p94, p81, p76, p97, p64, p63, p62, None]
+1797: i136 = instance_ptr_eq(p76, ConstPtr(ptr79))
+1800: guard_true(i136, descr=<Guard0x7f5614416d58>) [p2, p7, p15, p17, p19, p21, p23, p25, p27, p29, p31, p33, p35, p37, p0, p1, p4, i127, i132, None, p102, p101, p100, p90, p94, p81, p76, p97, p64, p63, p62, None]
+1806: i137 = instance_ptr_eq(p90, p84)
+1809: guard_true(i137, descr=<Guard0x7f5614416da0>) [p2, p7, p15, p17, p19, p21, p23, p25, p27, p29, p31, p33, p35, p37, p0, p1, p4, i127, i132, None, p102, p101, p100, p90, p94, p81, p76, p97, p64, p63, p62, None]
+1815: jump(p0, p1, p2, p62, p63, p97, p76, p94, p90, p102, i127, p100, p101, p81, p64, p4, p7, i132, p15, p17, p19, p21, p23, p25, p27, p29, p31, p33, p35, p37, p42, i50, p84, p119, descr=TargetToken(140007683828896))
+1824: --end of the loop--
[636eaa0d0dc5] jit-log-opt-loop}
[636eb798ec0d] {jit-summary
Tracing:      	1	0.003020
Backend:      	1	0.000515
TOTAL:      		0.117617
ops:             	5343
heapcached ops:  	874
recorded ops:    	1901
  calls:         	931
guards:          	319
opt ops:         	339
opt guards:      	60
opt guards shared:	50
forcings:        	0
abort: trace too long:	0
abort: compiling:	0
abort: vable escape:	0
abort: bad loop: 	0
abort: force quasi-immut:	0
abort: segmenting trace:	0
virtualizables forced:	0
nvirtuals:       	7
nvholes:         	0
nvreused:        	0
vecopt tried:    	0
vecopt success:  	0
Total # of loops:	1
Total # of bridges:	0
Freed # of loops:	0
Freed # of bridges:	0
[636eb79943c3] jit-summary}
