[62da464d40b5] {jit-log-opt-loop
# Loop 1 (10<main.rpyeffect:2(Name(=_0))>+0: {"op": "New", "out": 0, "targets": [9], "args": {"any": [0]}}) : loop with 178 ops
[p0, p1, p2, p3, p4]
+269: p5 = getfield_gc_r(p2, descr=<FieldP rpyeffect.environment.Environment.inst_values_ptr 16>)
+280: p7 = getarrayitem_gc_r(p5, 0, descr=<ArrayP 8>)
+284: p9 = getarrayitem_gc_r(p5, 1, descr=<ArrayP 8>)
+288: p11 = getarrayitem_gc_r(p5, 2, descr=<ArrayP 8>)
+292: p13 = getarrayitem_gc_r(p5, 3, descr=<ArrayP 8>)
+296: p15 = getarrayitem_gc_r(p5, 4, descr=<ArrayP 8>)
+300: p17 = getarrayitem_gc_r(p5, 5, descr=<ArrayP 8>)
+304: p19 = getarrayitem_gc_r(p5, 6, descr=<ArrayP 8>)
+308: p21 = getarrayitem_gc_r(p5, 7, descr=<ArrayP 8>)
+312: p23 = getarrayitem_gc_r(p5, 8, descr=<ArrayP 8>)
+316: p25 = getarrayitem_gc_r(p5, 9, descr=<ArrayP 8>)
+320: p27 = getarrayitem_gc_r(p5, 10, descr=<ArrayP 8>)
+324: p29 = getarrayitem_gc_r(p5, 11, descr=<ArrayP 8>)
+328: p31 = getarrayitem_gc_r(p5, 12, descr=<ArrayP 8>)
+339: p33 = getarrayitem_gc_r(p5, 13, descr=<ArrayP 8>)
+350: p35 = getarrayitem_gc_r(p5, 14, descr=<ArrayP 8>)
+364: p37 = getarrayitem_gc_r(p5, 15, descr=<ArrayP 8>)
+378: label(p0, p1, p2, p3, p4, p7, p9, p11, p13, p15, p17, p19, p21, p23, p25, p27, p29, p31, p33, p35, p37, descr=TargetToken(139944344882208))
debug_merge_point(0, 0, '10<main.rpyeffect:2(Name(=_0))>+0: {"op": "New". "out": 0. "targets": [9]. "args": {"any": [0]}}')
+464: guard_not_invalidated(descr=<Guard0x7f4754f5aba8>) [p2, p7, p9, p11, p13, p15, p17, p19, p21, p23, p25, p27, p29, p31, p33, p35, p37, p0, p1, p3, p4]
debug_merge_point(0, 0, '10<main.rpyeffect:2(Name(=_0))>+1: {"op": "Return". "args": {"any": [0]}}')
+464: guard_nonnull(p1, descr=<Guard0x7f4754f7b040>) [p2, p7, p9, p11, p13, p15, p17, p19, p21, p23, p25, p27, p29, p31, p33, p35, p37, p0, p1, p3, p4]
+478: i38 = getfield_gc_i(p1, descr=<FieldS rpyeffect.stored_environment.Stack__arb.inst_target 16 pure>)
+489: guard_value(i38, 97, descr=<Guard0x7f4754f7b070>) [p2, p7, p9, p11, p13, p15, p17, p19, p21, p23, p25, p27, p29, p31, p33, p35, p37, p0, p1, p3, p4]
+499: p40 = getfield_gc_r(p1, descr=<FieldP rpyeffect.stored_environment.Stack__2.inst_values_ptr_0 32 pure>)
+503: p41 = getfield_gc_r(p1, descr=<FieldP rpyeffect.stored_environment.Stack__2.inst_values_ptr_1 40 pure>)
+507: p42 = getfield_gc_r(p1, descr=<FieldP rpyeffect.stored_environment.Stack__arb.inst_tail 8 pure>)
debug_merge_point(0, 0, '97<main.rpyeffect:89([k@[mcore:[#34]#113]#115])>+0: {"op": "Const". "type": "ptr". "out": 3. "format": "int". "value": "<IntValue object at 0x7f4754f61490>"}')
debug_merge_point(0, 0, '97<main.rpyeffect:89([k@[mcore:[#34]#113]#115])>+1: {"op": "Push". "target": 96. "args": {"any": [1. 2]}}')
debug_merge_point(0, 0, '97<main.rpyeffect:89([k@[mcore:[#34]#113]#115])>+2: {"op": "Copy". "type": "any". "from": 0. "to". 1}')
debug_merge_point(0, 0, '97<main.rpyeffect:89([k@[mcore:[#34]#113]#115])>+3: {"op": "Copy". "type": "any". "from": 3. "to". 0}')
debug_merge_point(0, 0, '97<main.rpyeffect:89([k@[mcore:[#34]#113]#115])>+4: {"op": "Invoke". "receiver": 1. "tag": Interned(apply). "args" : {"any": [0]}}')
debug_merge_point(0, 0, '9<main.rpyeffect:1([method_apply@Name(=_0)#6])>+0: {"op": "Jump". "target": 8}')
debug_merge_point(0, 0, '8<main.rpyeffect:0([mcore:[#11]#3])>+0: {"op": "PrimOp". "name": "equals(Any. Any): Bool". "out": {"any": [0]}. "in": {"any": [1. 0]}}')
+511: guard_class(p7, ConstClass(IntValue), descr=<Guard0x7f4754f7b0a0>) [p2, p7, p9, p11, p13, p15, p17, p19, p21, p23, p25, p27, p29, p31, p33, p35, p37, p0, p1, p3, p4]
+523: i44 = getfield_gc_i(p7, descr=<FieldS rpyeffect.value.IntValue.inst_value 8 pure>)
+527: i46 = int_eq(i44, 0)
debug_merge_point(0, 0, '8<main.rpyeffect:0([mcore:[#11]#3])>+1: {"op": "Return". "args": {"any": [0]}}')
debug_merge_point(0, 0, '96<main.rpyeffect:88([k@[k@[mcore:[#34]#113]#115]#119])>+0: {"op": "Switch". "scrutinee": 0. "values": [<BoolValue object at 0x7f4754f614a0>]. "targets": [88]. "default": 95}')
+531: guard_false(i46, descr=<Guard0x7f4754f7b0d0>) [p2, p7, p9, p11, p13, p15, p17, p19, p21, p23, p25, p27, p29, p31, p33, p35, p37, p0, p1, p3, p4]
debug_merge_point(0, 0, '95<main.rpyeffect:87([switch default case#121])>+0: {"op": "Swap". "type": "any". "a": 0. "b". 1}')
debug_merge_point(0, 0, '95<main.rpyeffect:87([switch default case#121])>+1: {"op": "Swap". "type": "any". "a": 2. "b". 1}')
debug_merge_point(0, 0, '95<main.rpyeffect:87([switch default case#121])>+2: {"op": "Switch". "scrutinee": 2. "values": [<BoolValue object at 0x7f4754f614b0>]. "targets": [93]. "default": 94}')
debug_merge_point(0, 0, '93<main.rpyeffect:85([switch case for Bool(false)#122])>+0: {"op": "Const". "type": "ptr". "out": 2. "format": "int". "value": "<IntValue object at 0x7f4754f61570>"}')
debug_merge_point(0, 0, '93<main.rpyeffect:85([switch case for Bool(false)#122])>+1: {"op": "Const". "type": "ptr". "out": 3. "format": "string". "value": "Name(Operator_0)"}')
debug_merge_point(0, 0, '93<main.rpyeffect:85([switch case for Bool(false)#122])>+2: {"op": "PrimOp". "name": "getGlobal(String): Ptr". "out": {"any": [3]}. "in": {"any": [3]}}')
debug_merge_point(0, 0, '93<main.rpyeffect:85([switch case for Bool(false)#122])>+3: {"op": "GetDynamic". "out": 2. "n": 2. "label": 3}')
+544: i48 = instance_ptr_eq(p4, ConstPtr(ptr47))
+551: guard_false(i48, descr=<Guard0x7f4754f7b100>) [p2, p7, p9, p11, p13, p15, p17, p19, p21, p23, p25, p27, p29, p31, p33, p35, p37, p0, p1, p3, p4]
+557: guard_nonnull(p0, descr=<Guard0x7f4754f7b130>) [p2, p7, p9, p11, p13, p15, p17, p19, p21, p23, p25, p27, p29, p31, p33, p35, p37, p0, p1, p3, p4]
+571: i49 = getfield_gc_i(p0, descr=<FieldS rpyeffect.stack.Label.inst_origin 8 pure>)
+582: guard_value(i49, 135199, descr=<Guard0x7f4754f7b160>) [p2, p7, p9, p11, p13, p15, p17, p19, p21, p23, p25, p27, p29, p31, p33, p35, p37, p0, p1, p3, p4]
+602: i52 = instance_ptr_eq(p0, ConstPtr(ptr51))
+605: guard_true(i52, descr=<Guard0x7f4754f7b190>) [p2, p7, p9, p11, p13, p15, p17, p19, p21, p23, p25, p27, p29, p31, p33, p35, p37, p0, p1, p3, p4]
debug_merge_point(0, 0, '93<main.rpyeffect:85([switch case for Bool(false)#122])>+4: {"op": "Push". "target": 92. "args": {"any": [0. 1]}}')
debug_merge_point(0, 0, '93<main.rpyeffect:85([switch case for Bool(false)#122])>+5: {"op": "Copy". "type": "any". "from": 1. "to". 0}')
debug_merge_point(0, 0, '93<main.rpyeffect:85([switch case for Bool(false)#122])>+6: {"op": "Invoke". "receiver": 2. "tag": Interned(Operator_0). "args" : {"any": [0]}}')
+611: p53 = getfield_gc_r(p4, descr=<FieldP rpyeffect.codata.CoData.inst_vtable 8 pure>)
+629: guard_value(p53, ConstPtr(ptr54), descr=<Guard0x7f4754f7b1c0>) [p2, p7, p9, p11, p13, p15, p17, p19, p21, p23, p25, p27, p29, p31, p33, p35, p37, p0, p1, p3, p4]
debug_merge_point(0, 0, '111<main.rpyeffect:103([method_Operator_0@[mcore:[#43]#152]#154])>+0: {"op": "Const". "type": "ptr". "out": 1. "format": "int". "value": "<IntValue object at 0x7f4754f61b20>"}')
debug_merge_point(0, 0, '111<main.rpyeffect:103([method_Operator_0@[mcore:[#43]#152]#154])>+1: {"op": "Const". "type": "ptr". "out": 2. "format": "string". "value": "Name(Operator_0)"}')
debug_merge_point(0, 0, '111<main.rpyeffect:103([method_Operator_0@[mcore:[#43]#152]#154])>+2: {"op": "PrimOp". "name": "getGlobal(String): Ptr". "out": {"any": [2]}. "in": {"any": [2]}}')
debug_merge_point(0, 0, '111<main.rpyeffect:103([method_Operator_0@[mcore:[#43]#152]#154])>+3: {"op": "ShiftDyn". "out": 1. "n": 1. "label": 2}')
+638: guard_nonnull_class(p3, 8697152, descr=<Guard0x7f4754f5abf0>) [p2, p7, p9, p11, p13, p15, p17, p19, p21, p23, p25, p27, p29, p31, p33, p35, p37, p0, p1, p3, p4]
+664: p56 = getfield_gc_r(p3, descr=<FieldP rpyeffect.stack.MetaStackLike.inst_stack 8 pure>)
+668: p57 = getfield_gc_r(p3, descr=<FieldP rpyeffect.stack.MetaStack.inst_label 16 pure>)
+672: p58 = getfield_gc_r(p3, descr=<FieldP rpyeffect.stack.MetaStack.inst_tail 32 pure>)
debug_merge_point(0, 0, '111<main.rpyeffect:103([method_Operator_0@[mcore:[#43]#152]#154])>+4: {"op": "Construct". "out": 2. "type": Interned({"op": "eff$Tuple". "elements": []}). "tag": Interned({"op": "eff$Tuple". "elements": []}). "args": {"any": []}}')
debug_merge_point(0, 0, '111<main.rpyeffect:103([method_Operator_0@[mcore:[#43]#152]#154])>+5: {"op": "Push". "target": 110. "args": {"any": [0]}}')
debug_merge_point(0, 0, '111<main.rpyeffect:103([method_Operator_0@[mcore:[#43]#152]#154])>+6: {"op": "Copy". "type": "any". "from": 2. "to". 0}')
debug_merge_point(0, 0, '111<main.rpyeffect:103([method_Operator_0@[mcore:[#43]#152]#154])>+7: {"op": "Jump". "target": 101}')
debug_merge_point(0, 0, '101<main.rpyeffect:93(Name(k_146))>+0: {"op": "PushStack". "arg": 1}')
debug_merge_point(0, 0, '101<main.rpyeffect:93(Name(k_146))>+1: {"op": "Return". "args": {"any": [0]}}')
debug_merge_point(0, 0, '92<main.rpyeffect:84([k@[switch case for Bool(false)#122]#130])>+0: {"op": "Push". "target": 91. "args": {"any": [1]}}')
debug_merge_point(0, 0, '92<main.rpyeffect:84([k@[switch case for Bool(false)#122]#130])>+1: {"op": "Copy". "type": "any". "from": 2. "to". 0}')
debug_merge_point(0, 0, '92<main.rpyeffect:84([k@[switch case for Bool(false)#122]#130])>+2: {"op": "Jump". "target": 74}')
debug_merge_point(0, 0, '74<main.rpyeffect:66(Name(-_34))>+0: {"op": "New". "out": 0. "targets": [73]. "args": {"any": [0]}}')
debug_merge_point(0, 0, '74<main.rpyeffect:66(Name(-_34))>+1: {"op": "Return". "args": {"any": [0]}}')
debug_merge_point(0, 0, '91<main.rpyeffect:83([#132])>+0: {"op": "Const". "type": "ptr". "out": 2. "format": "int". "value": "<IntValue object at 0x7f4754f615c0>"}')
debug_merge_point(0, 0, '91<main.rpyeffect:83([#132])>+1: {"op": "Push". "target": 90. "args": {"any": [1]}}')
debug_merge_point(0, 0, '91<main.rpyeffect:83([#132])>+2: {"op": "Copy". "type": "any". "from": 0. "to". 1}')
debug_merge_point(0, 0, '91<main.rpyeffect:83([#132])>+3: {"op": "Copy". "type": "any". "from": 2. "to". 0}')
debug_merge_point(0, 0, '91<main.rpyeffect:83([#132])>+4: {"op": "Invoke". "receiver": 1. "tag": Interned(apply). "args" : {"any": [0]}}')
debug_merge_point(0, 0, '73<main.rpyeffect:65([method_apply@Name(-_34)#96])>+0: {"op": "Jump". "target": 72}')
debug_merge_point(0, 0, '72<main.rpyeffect:64([mcore:[#27]#93])>+0: {"op": "PrimOp". "name": "infixSub(Int. Int): Int". "out": {"any": [0]}. "in": {"any": [1. 0]}}')
+676: i59 = getfield_gc_i(p41, descr=<FieldS rpyeffect.value.IntValue.inst_value 8 pure>)
+680: i61 = int_sub(i59, 1)
debug_merge_point(0, 0, '72<main.rpyeffect:64([mcore:[#27]#93])>+1: {"op": "Return". "args": {"any": [0]}}')
debug_merge_point(0, 0, '90<main.rpyeffect:82([k@[#132]#136])>+0: {"op": "Const". "type": "ptr". "out": 2. "format": "string". "value": "Name(Operator_0)"}')
debug_merge_point(0, 0, '90<main.rpyeffect:82([k@[#132]#136])>+1: {"op": "PrimOp". "name": "getGlobal(String): Ptr". "out": {"any": [2]}. "in": {"any": [2]}}')
debug_merge_point(0, 0, '90<main.rpyeffect:82([k@[#132]#136])>+2: {"op": "Push". "target": 89. "args": {"any": [1]}}')
debug_merge_point(0, 0, '90<main.rpyeffect:82([k@[#132]#136])>+3: {"op": "Copy". "type": "any". "from": 2. "to". 1}')
debug_merge_point(0, 0, '90<main.rpyeffect:82([k@[#132]#136])>+4: {"op": "Jump". "target": 100}')
debug_merge_point(0, 0, '100<main.rpyeffect:92(Name(loop_50))>+0: {"op": "New". "out": 0. "targets": [99]. "args": {"any": [0]}}')
debug_merge_point(0, 0, '100<main.rpyeffect:92(Name(loop_50))>+1: {"op": "Return". "args": {"any": [0]}}')
debug_merge_point(0, 0, '89<main.rpyeffect:81([k@[k@[#132]#136]#141])>+0: {"op": "Swap". "type": "any". "a": 0. "b". 1}')
debug_merge_point(0, 0, '89<main.rpyeffect:81([k@[k@[#132]#136]#141])>+1: {"op": "Invoke". "receiver": 1. "tag": Interned(apply). "args" : {"any": [0]}}')
debug_merge_point(0, 0, '99<main.rpyeffect:91([method_apply@Name(loop_50)#147])>+0: {"op": "Const". "type": "ptr". "out": 2. "format": "string". "value": "Name(Operator_0)"}')
debug_merge_point(0, 0, '99<main.rpyeffect:91([method_apply@Name(loop_50)#147])>+1: {"op": "PrimOp". "name": "getGlobal(String): Ptr". "out": {"any": [2]}. "in": {"any": [2]}}')
debug_merge_point(0, 0, '99<main.rpyeffect:91([method_apply@Name(loop_50)#147])>+2: {"op": "Swap". "type": "any". "a": 2. "b". 1}')
debug_merge_point(0, 0, '99<main.rpyeffect:91([method_apply@Name(loop_50)#147])>+3: {"op": "Jump". "target": 98}')
debug_merge_point(0, 0, '98<main.rpyeffect:90([mcore:[#34]#113])>+0: {"op": "Push". "target": 97. "args": {"any": [0. 2]}}')
debug_merge_point(0, 0, '98<main.rpyeffect:90([mcore:[#34]#113])>+1: {"op": "Copy". "type": "any". "from": 2. "to". 0}')
debug_merge_point(0, 0, '98<main.rpyeffect:90([mcore:[#34]#113])>+2: {"op": "Jump". "target": 10}')
debug_merge_point(0, 0, '10<main.rpyeffect:2(Name(=_0))>+0: {"op": "New". "out": 0. "targets": [9]. "args": {"any": [0]}}')
+684: label(p0, p42, p40, i61, p2, p56, p41, p57, p58, p4, p15, p17, p19, p21, p23, p25, p27, p29, p31, p33, p35, p37, descr=TargetToken(139944344882272))
debug_merge_point(0, 0, '10<main.rpyeffect:2(Name(=_0))>+0: {"op": "New". "out": 0. "targets": [9]. "args": {"any": [0]}}')
+720: guard_not_invalidated(descr=<Guard0x7f4754f5ac38>) [p2, p15, p17, p19, p21, p23, p25, p27, p29, p31, p33, p35, p37, p0, p4, p41, p56, p58, p57, p40, p42, i61]
debug_merge_point(0, 0, '10<main.rpyeffect:2(Name(=_0))>+1: {"op": "Return". "args": {"any": [0]}}')
debug_merge_point(0, 0, '97<main.rpyeffect:89([k@[mcore:[#34]#113]#115])>+0: {"op": "Const". "type": "ptr". "out": 3. "format": "int". "value": "<IntValue object at 0x7f4754f61490>"}')
debug_merge_point(0, 0, '97<main.rpyeffect:89([k@[mcore:[#34]#113]#115])>+1: {"op": "Push". "target": 96. "args": {"any": [1. 2]}}')
debug_merge_point(0, 0, '97<main.rpyeffect:89([k@[mcore:[#34]#113]#115])>+2: {"op": "Copy". "type": "any". "from": 0. "to". 1}')
debug_merge_point(0, 0, '97<main.rpyeffect:89([k@[mcore:[#34]#113]#115])>+3: {"op": "Copy". "type": "any". "from": 3. "to". 0}')
debug_merge_point(0, 0, '97<main.rpyeffect:89([k@[mcore:[#34]#113]#115])>+4: {"op": "Invoke". "receiver": 1. "tag": Interned(apply). "args" : {"any": [0]}}')
debug_merge_point(0, 0, '9<main.rpyeffect:1([method_apply@Name(=_0)#6])>+0: {"op": "Jump". "target": 8}')
debug_merge_point(0, 0, '8<main.rpyeffect:0([mcore:[#11]#3])>+0: {"op": "PrimOp". "name": "equals(Any. Any): Bool". "out": {"any": [0]}. "in": {"any": [1. 0]}}')
+720: i63 = int_eq(i61, 0)
debug_merge_point(0, 0, '8<main.rpyeffect:0([mcore:[#11]#3])>+1: {"op": "Return". "args": {"any": [0]}}')
debug_merge_point(0, 0, '96<main.rpyeffect:88([k@[k@[mcore:[#34]#113]#115]#119])>+0: {"op": "Switch". "scrutinee": 0. "values": [<BoolValue object at 0x7f4754f614a0>]. "targets": [88]. "default": 95}')
+724: guard_false(i63, descr=<Guard0x7f4754f7b1f0>) [p2, p15, p17, p19, p21, p23, p25, p27, p29, p31, p33, p35, p37, p0, p4, p41, p56, p58, p57, p40, p42, i61]
debug_merge_point(0, 0, '95<main.rpyeffect:87([switch default case#121])>+0: {"op": "Swap". "type": "any". "a": 0. "b". 1}')
debug_merge_point(0, 0, '95<main.rpyeffect:87([switch default case#121])>+1: {"op": "Swap". "type": "any". "a": 2. "b". 1}')
debug_merge_point(0, 0, '95<main.rpyeffect:87([switch default case#121])>+2: {"op": "Switch". "scrutinee": 2. "values": [<BoolValue object at 0x7f4754f614b0>]. "targets": [93]. "default": 94}')
debug_merge_point(0, 0, '93<main.rpyeffect:85([switch case for Bool(false)#122])>+0: {"op": "Const". "type": "ptr". "out": 2. "format": "int". "value": "<IntValue object at 0x7f4754f61570>"}')
debug_merge_point(0, 0, '93<main.rpyeffect:85([switch case for Bool(false)#122])>+1: {"op": "Const". "type": "ptr". "out": 3. "format": "string". "value": "Name(Operator_0)"}')
debug_merge_point(0, 0, '93<main.rpyeffect:85([switch case for Bool(false)#122])>+2: {"op": "PrimOp". "name": "getGlobal(String): Ptr". "out": {"any": [3]}. "in": {"any": [3]}}')
debug_merge_point(0, 0, '93<main.rpyeffect:85([switch case for Bool(false)#122])>+3: {"op": "GetDynamic". "out": 2. "n": 2. "label": 3}')
debug_merge_point(0, 0, '93<main.rpyeffect:85([switch case for Bool(false)#122])>+4: {"op": "Push". "target": 92. "args": {"any": [0. 1]}}')
debug_merge_point(0, 0, '93<main.rpyeffect:85([switch case for Bool(false)#122])>+5: {"op": "Copy". "type": "any". "from": 1. "to". 0}')
debug_merge_point(0, 0, '93<main.rpyeffect:85([switch case for Bool(false)#122])>+6: {"op": "Invoke". "receiver": 2. "tag": Interned(Operator_0). "args" : {"any": [0]}}')
debug_merge_point(0, 0, '111<main.rpyeffect:103([method_Operator_0@[mcore:[#43]#152]#154])>+0: {"op": "Const". "type": "ptr". "out": 1. "format": "int". "value": "<IntValue object at 0x7f4754f61b20>"}')
debug_merge_point(0, 0, '111<main.rpyeffect:103([method_Operator_0@[mcore:[#43]#152]#154])>+1: {"op": "Const". "type": "ptr". "out": 2. "format": "string". "value": "Name(Operator_0)"}')
debug_merge_point(0, 0, '111<main.rpyeffect:103([method_Operator_0@[mcore:[#43]#152]#154])>+2: {"op": "PrimOp". "name": "getGlobal(String): Ptr". "out": {"any": [2]}. "in": {"any": [2]}}')
debug_merge_point(0, 0, '111<main.rpyeffect:103([method_Operator_0@[mcore:[#43]#152]#154])>+3: {"op": "ShiftDyn". "out": 1. "n": 1. "label": 2}')
debug_merge_point(0, 0, '111<main.rpyeffect:103([method_Operator_0@[mcore:[#43]#152]#154])>+4: {"op": "Construct". "out": 2. "type": Interned({"op": "eff$Tuple". "elements": []}). "tag": Interned({"op": "eff$Tuple". "elements": []}). "args": {"any": []}}')
debug_merge_point(0, 0, '111<main.rpyeffect:103([method_Operator_0@[mcore:[#43]#152]#154])>+5: {"op": "Push". "target": 110. "args": {"any": [0]}}')
debug_merge_point(0, 0, '111<main.rpyeffect:103([method_Operator_0@[mcore:[#43]#152]#154])>+6: {"op": "Copy". "type": "any". "from": 2. "to". 0}')
debug_merge_point(0, 0, '111<main.rpyeffect:103([method_Operator_0@[mcore:[#43]#152]#154])>+7: {"op": "Jump". "target": 101}')
debug_merge_point(0, 0, '101<main.rpyeffect:93(Name(k_146))>+0: {"op": "PushStack". "arg": 1}')
debug_merge_point(0, 0, '101<main.rpyeffect:93(Name(k_146))>+1: {"op": "Return". "args": {"any": [0]}}')
debug_merge_point(0, 0, '92<main.rpyeffect:84([k@[switch case for Bool(false)#122]#130])>+0: {"op": "Push". "target": 91. "args": {"any": [1]}}')
debug_merge_point(0, 0, '92<main.rpyeffect:84([k@[switch case for Bool(false)#122]#130])>+1: {"op": "Copy". "type": "any". "from": 2. "to". 0}')
debug_merge_point(0, 0, '92<main.rpyeffect:84([k@[switch case for Bool(false)#122]#130])>+2: {"op": "Jump". "target": 74}')
debug_merge_point(0, 0, '74<main.rpyeffect:66(Name(-_34))>+0: {"op": "New". "out": 0. "targets": [73]. "args": {"any": [0]}}')
debug_merge_point(0, 0, '74<main.rpyeffect:66(Name(-_34))>+1: {"op": "Return". "args": {"any": [0]}}')
debug_merge_point(0, 0, '91<main.rpyeffect:83([#132])>+0: {"op": "Const". "type": "ptr". "out": 2. "format": "int". "value": "<IntValue object at 0x7f4754f615c0>"}')
debug_merge_point(0, 0, '91<main.rpyeffect:83([#132])>+1: {"op": "Push". "target": 90. "args": {"any": [1]}}')
debug_merge_point(0, 0, '91<main.rpyeffect:83([#132])>+2: {"op": "Copy". "type": "any". "from": 0. "to". 1}')
debug_merge_point(0, 0, '91<main.rpyeffect:83([#132])>+3: {"op": "Copy". "type": "any". "from": 2. "to". 0}')
debug_merge_point(0, 0, '91<main.rpyeffect:83([#132])>+4: {"op": "Invoke". "receiver": 1. "tag": Interned(apply). "args" : {"any": [0]}}')
debug_merge_point(0, 0, '73<main.rpyeffect:65([method_apply@Name(-_34)#96])>+0: {"op": "Jump". "target": 72}')
debug_merge_point(0, 0, '72<main.rpyeffect:64([mcore:[#27]#93])>+0: {"op": "PrimOp". "name": "infixSub(Int. Int): Int". "out": {"any": [0]}. "in": {"any": [1. 0]}}')
+730: i65 = int_sub(i61, 1)
debug_merge_point(0, 0, '72<main.rpyeffect:64([mcore:[#27]#93])>+1: {"op": "Return". "args": {"any": [0]}}')
debug_merge_point(0, 0, '90<main.rpyeffect:82([k@[#132]#136])>+0: {"op": "Const". "type": "ptr". "out": 2. "format": "string". "value": "Name(Operator_0)"}')
debug_merge_point(0, 0, '90<main.rpyeffect:82([k@[#132]#136])>+1: {"op": "PrimOp". "name": "getGlobal(String): Ptr". "out": {"any": [2]}. "in": {"any": [2]}}')
debug_merge_point(0, 0, '90<main.rpyeffect:82([k@[#132]#136])>+2: {"op": "Push". "target": 89. "args": {"any": [1]}}')
debug_merge_point(0, 0, '90<main.rpyeffect:82([k@[#132]#136])>+3: {"op": "Copy". "type": "any". "from": 2. "to". 1}')
debug_merge_point(0, 0, '90<main.rpyeffect:82([k@[#132]#136])>+4: {"op": "Jump". "target": 100}')
debug_merge_point(0, 0, '100<main.rpyeffect:92(Name(loop_50))>+0: {"op": "New". "out": 0. "targets": [99]. "args": {"any": [0]}}')
debug_merge_point(0, 0, '100<main.rpyeffect:92(Name(loop_50))>+1: {"op": "Return". "args": {"any": [0]}}')
debug_merge_point(0, 0, '89<main.rpyeffect:81([k@[k@[#132]#136]#141])>+0: {"op": "Swap". "type": "any". "a": 0. "b". 1}')
debug_merge_point(0, 0, '89<main.rpyeffect:81([k@[k@[#132]#136]#141])>+1: {"op": "Invoke". "receiver": 1. "tag": Interned(apply). "args" : {"any": [0]}}')
debug_merge_point(0, 0, '99<main.rpyeffect:91([method_apply@Name(loop_50)#147])>+0: {"op": "Const". "type": "ptr". "out": 2. "format": "string". "value": "Name(Operator_0)"}')
debug_merge_point(0, 0, '99<main.rpyeffect:91([method_apply@Name(loop_50)#147])>+1: {"op": "PrimOp". "name": "getGlobal(String): Ptr". "out": {"any": [2]}. "in": {"any": [2]}}')
debug_merge_point(0, 0, '99<main.rpyeffect:91([method_apply@Name(loop_50)#147])>+2: {"op": "Swap". "type": "any". "a": 2. "b". 1}')
debug_merge_point(0, 0, '99<main.rpyeffect:91([method_apply@Name(loop_50)#147])>+3: {"op": "Jump". "target": 98}')
debug_merge_point(0, 0, '98<main.rpyeffect:90([mcore:[#34]#113])>+0: {"op": "Push". "target": 97. "args": {"any": [0. 2]}}')
debug_merge_point(0, 0, '98<main.rpyeffect:90([mcore:[#34]#113])>+1: {"op": "Copy". "type": "any". "from": 2. "to". 0}')
debug_merge_point(0, 0, '98<main.rpyeffect:90([mcore:[#34]#113])>+2: {"op": "Jump". "target": 10}')
debug_merge_point(0, 0, '10<main.rpyeffect:2(Name(=_0))>+0: {"op": "New". "out": 0. "targets": [9]. "args": {"any": [0]}}')
+734: p66 = new_with_vtable(descr=<SizeDescr 40>)
+775: p67 = new_with_vtable(descr=<SizeDescr 16>)
+786: setfield_gc(p67, i61, descr=<FieldS rpyeffect.value.IntValue.inst_value 8 pure>)
+790: setfield_gc(p66, p56, descr=<FieldP rpyeffect.stored_environment.Stack__arb.inst_tail 8 pure>)
+794: setfield_gc(p66, 110, descr=<FieldS rpyeffect.stored_environment.Stack__arb.inst_target 16 pure>)
+802: setfield_gc(p66, p41, descr=<FieldP rpyeffect.stored_environment.Stack__1.inst_values_ptr_0 32 pure>)
+814: jump(p0, p42, p40, i65, p2, p66, p67, p57, p58, p4, p15, p17, p19, p21, p23, p25, p27, p29, p31, p33, p35, p37, descr=TargetToken(139944344882272))
+832: --end of the loop--
[62da4653c3fc] jit-log-opt-loop}
[62da4675967a] {jit-log-opt-loop
# Loop 2 (74<main.rpyeffect:66(Name(-_34))>+0: {"op": "New", "out": 0, "targets": [73], "args": {"any": [0]}}) : loop with 166 ops
[p0, p1, p2, p3, p4]
+205: p5 = getfield_gc_r(p2, descr=<FieldP rpyeffect.environment.Environment.inst_values_ptr 16>)
+216: p7 = getarrayitem_gc_r(p5, 0, descr=<ArrayP 8>)
+220: p9 = getarrayitem_gc_r(p5, 1, descr=<ArrayP 8>)
+224: p11 = getarrayitem_gc_r(p5, 2, descr=<ArrayP 8>)
+228: p13 = getarrayitem_gc_r(p5, 3, descr=<ArrayP 8>)
+232: p15 = getarrayitem_gc_r(p5, 4, descr=<ArrayP 8>)
+236: p17 = getarrayitem_gc_r(p5, 5, descr=<ArrayP 8>)
+240: p19 = getarrayitem_gc_r(p5, 6, descr=<ArrayP 8>)
+244: p21 = getarrayitem_gc_r(p5, 7, descr=<ArrayP 8>)
+248: p23 = getarrayitem_gc_r(p5, 8, descr=<ArrayP 8>)
+252: p25 = getarrayitem_gc_r(p5, 9, descr=<ArrayP 8>)
+256: p27 = getarrayitem_gc_r(p5, 10, descr=<ArrayP 8>)
+260: p29 = getarrayitem_gc_r(p5, 11, descr=<ArrayP 8>)
+264: p31 = getarrayitem_gc_r(p5, 12, descr=<ArrayP 8>)
+275: p33 = getarrayitem_gc_r(p5, 13, descr=<ArrayP 8>)
+286: p35 = getarrayitem_gc_r(p5, 14, descr=<ArrayP 8>)
+300: p37 = getarrayitem_gc_r(p5, 15, descr=<ArrayP 8>)
+314: label(p0, p1, p2, p3, p4, p7, p9, p11, p13, p15, p17, p19, p21, p23, p25, p27, p29, p31, p33, p35, p37, descr=TargetToken(139944344882336))
debug_merge_point(0, 0, '74<main.rpyeffect:66(Name(-_34))>+0: {"op": "New". "out": 0. "targets": [73]. "args": {"any": [0]}}')
+400: guard_not_invalidated(descr=<Guard0x7f4754f5ac80>) [p2, p7, p9, p11, p13, p15, p17, p19, p21, p23, p25, p27, p29, p31, p33, p35, p37, p0, p1, p3, p4]
debug_merge_point(0, 0, '74<main.rpyeffect:66(Name(-_34))>+1: {"op": "Return". "args": {"any": [0]}}')
+400: guard_nonnull(p1, descr=<Guard0x7f4754f7b340>) [p2, p7, p9, p11, p13, p15, p17, p19, p21, p23, p25, p27, p29, p31, p33, p35, p37, p0, p1, p3, p4]
+414: i38 = getfield_gc_i(p1, descr=<FieldS rpyeffect.stored_environment.Stack__arb.inst_target 16 pure>)
+426: guard_value(i38, 109, descr=<Guard0x7f4754f7b370>) [p2, p7, p9, p11, p13, p15, p17, p19, p21, p23, p25, p27, p29, p31, p33, p35, p37, p0, p1, p3, p4]
+436: p40 = getfield_gc_r(p1, descr=<FieldP rpyeffect.stored_environment.Stack__1.inst_values_ptr_0 32 pure>)
+441: p41 = getfield_gc_r(p1, descr=<FieldP rpyeffect.stored_environment.Stack__arb.inst_tail 8 pure>)
debug_merge_point(0, 0, '109<main.rpyeffect:101([k@[#163]#165])>+0: {"op": "Const". "type": "ptr". "out": 2. "format": "int". "value": "<IntValue object at 0x7f4754f61b70>"}')
debug_merge_point(0, 0, '109<main.rpyeffect:101([k@[#163]#165])>+1: {"op": "Push". "target": 108. "args": {"any": [0. 1]}}')
debug_merge_point(0, 0, '109<main.rpyeffect:101([k@[#163]#165])>+2: {"op": "Copy". "type": "any". "from": 2. "to". 0}')
debug_merge_point(0, 0, '109<main.rpyeffect:101([k@[#163]#165])>+3: {"op": "Jump". "target": 68}')
debug_merge_point(0, 0, '68<main.rpyeffect:60(Name(*_30))>+0: {"op": "New". "out": 0. "targets": [67]. "args": {"any": [0]}}')
debug_merge_point(0, 0, '68<main.rpyeffect:60(Name(*_30))>+1: {"op": "Return". "args": {"any": [0]}}')
debug_merge_point(0, 0, '108<main.rpyeffect:100([k@[k@[#163]#165]#169])>+0: {"op": "Push". "target": 107. "args": {"any": [1]}}')
debug_merge_point(0, 0, '108<main.rpyeffect:100([k@[k@[#163]#165]#169])>+1: {"op": "Copy". "type": "any". "from": 0. "to". 1}')
debug_merge_point(0, 0, '108<main.rpyeffect:100([k@[k@[#163]#165]#169])>+2: {"op": "Copy". "type": "any". "from": 2. "to". 0}')
debug_merge_point(0, 0, '108<main.rpyeffect:100([k@[k@[#163]#165]#169])>+3: {"op": "Invoke". "receiver": 1. "tag": Interned(apply). "args" : {"any": [0]}}')
debug_merge_point(0, 0, '67<main.rpyeffect:59([method_apply@Name(*_30)#89])>+0: {"op": "Jump". "target": 66}')
debug_merge_point(0, 0, '66<main.rpyeffect:58([mcore:[#26]#86])>+0: {"op": "PrimOp". "name": "infixMul(Int. Int): Int". "out": {"any": [0]}. "in": {"any": [1. 0]}}')
+446: i42 = getfield_gc_i(p40, descr=<FieldS rpyeffect.value.IntValue.inst_value 8 pure>)
+450: i44 = int_mul(503, i42)
debug_merge_point(0, 0, '66<main.rpyeffect:58([mcore:[#26]#86])>+1: {"op": "Return". "args": {"any": [0]}}')
debug_merge_point(0, 0, '107<main.rpyeffect:99([k@[k@[k@[#163]#165]#169]#171])>+0: {"op": "Push". "target": 106. "args": {"any": []}}')
debug_merge_point(0, 0, '107<main.rpyeffect:99([k@[k@[k@[#163]#165]#169]#171])>+1: {"op": "Invoke". "receiver": 1. "tag": Interned(apply). "args" : {"any": [0]}}')
debug_merge_point(0, 0, '73<main.rpyeffect:65([method_apply@Name(-_34)#96])>+0: {"op": "Jump". "target": 72}')
debug_merge_point(0, 0, '72<main.rpyeffect:64([mcore:[#27]#93])>+0: {"op": "PrimOp". "name": "infixSub(Int. Int): Int". "out": {"any": [0]}. "in": {"any": [1. 0]}}')
+457: i45 = getfield_gc_i(p7, descr=<FieldS rpyeffect.value.IntValue.inst_value 8 pure>)
+461: i46 = int_sub(i45, i44)
debug_merge_point(0, 0, '72<main.rpyeffect:64([mcore:[#27]#93])>+1: {"op": "Return". "args": {"any": [0]}}')
debug_merge_point(0, 0, '106<main.rpyeffect:98([k@[k@[k@[k@[#163]#165]#169]#171]#173])>+0: {"op": "Push". "target": 105. "args": {"any": []}}')
debug_merge_point(0, 0, '106<main.rpyeffect:98([k@[k@[k@[k@[#163]#165]#169]#171]#173])>+1: {"op": "Jump". "target": 59}')
debug_merge_point(0, 0, '59<main.rpyeffect:51(Name(+_27))>+0: {"op": "New". "out": 0. "targets": [58]. "args": {"any": [0]}}')
debug_merge_point(0, 0, '59<main.rpyeffect:51(Name(+_27))>+1: {"op": "Return". "args": {"any": [0]}}')
debug_merge_point(0, 0, '105<main.rpyeffect:97([#175])>+0: {"op": "Const". "type": "ptr". "out": 1. "format": "int". "value": "<IntValue object at 0x7f4754f61320>"}')
debug_merge_point(0, 0, '105<main.rpyeffect:97([#175])>+1: {"op": "Push". "target": 104. "args": {"any": []}}')
debug_merge_point(0, 0, '105<main.rpyeffect:97([#175])>+2: {"op": "Swap". "type": "any". "a": 0. "b". 1}')
debug_merge_point(0, 0, '105<main.rpyeffect:97([#175])>+3: {"op": "Invoke". "receiver": 1. "tag": Interned(apply). "args" : {"any": [0]}}')
debug_merge_point(0, 0, '58<main.rpyeffect:50([method_apply@Name(+_27)#74])>+0: {"op": "Jump". "target": 57}')
debug_merge_point(0, 0, '57<main.rpyeffect:49([mcore:[#23]#71])>+0: {"op": "PrimOp". "name": "infixAdd(Int. Int): Int". "out": {"any": [0]}. "in": {"any": [1. 0]}}')
+464: i48 = int_add(i46, 37)
debug_merge_point(0, 0, '57<main.rpyeffect:49([mcore:[#23]#71])>+1: {"op": "Return". "args": {"any": [0]}}')
debug_merge_point(0, 0, '104<main.rpyeffect:96([k@[#175]#179])>+0: {"op": "Push". "target": 103. "args": {"any": []}}')
debug_merge_point(0, 0, '104<main.rpyeffect:96([k@[#175]#179])>+1: {"op": "Jump". "target": 70}')
debug_merge_point(0, 0, '70<main.rpyeffect:62(Name(abs_32))>+0: {"op": "PrimOp". "name": "abs(Int): Int". "out": {"any": [0]}. "in": {"any": [0]}}')
+468: i50 = int_rshift(i48, 63)
+475: i51 = int_xor(i48, i50)
+478: i52 = int_sub(i51, i50)
debug_merge_point(0, 0, '70<main.rpyeffect:62(Name(abs_32))>+1: {"op": "Return". "args": {"any": [0]}}')
debug_merge_point(0, 0, '103<main.rpyeffect:95([k@[k@[#175]#179]#181])>+0: {"op": "Push". "target": 102. "args": {"any": []}}')
debug_merge_point(0, 0, '103<main.rpyeffect:95([k@[k@[#175]#179]#181])>+1: {"op": "Jump". "target": 65}')
debug_merge_point(0, 0, '65<main.rpyeffect:57(Name(mod_29))>+0: {"op": "New". "out": 0. "targets": [64]. "args": {"any": [0]}}')
debug_merge_point(0, 0, '65<main.rpyeffect:57(Name(mod_29))>+1: {"op": "Return". "args": {"any": [0]}}')
debug_merge_point(0, 0, '102<main.rpyeffect:94([k@[k@[k@[#175]#179]#181]#183])>+0: {"op": "Const". "type": "ptr". "out": 1. "format": "int". "value": "<IntValue object at 0x7f4754f613a0>"}')
debug_merge_point(0, 0, '102<main.rpyeffect:94([k@[k@[k@[#175]#179]#181]#183])>+1: {"op": "Swap". "type": "any". "a": 0. "b". 1}')
debug_merge_point(0, 0, '102<main.rpyeffect:94([k@[k@[k@[#175]#179]#181]#183])>+2: {"op": "Invoke". "receiver": 1. "tag": Interned(apply). "args" : {"any": [0]}}')
debug_merge_point(0, 0, '64<main.rpyeffect:56([method_apply@Name(mod_29)#84])>+0: {"op": "Jump". "target": 63}')
debug_merge_point(0, 0, '63<main.rpyeffect:55([mcore:[#25]#81])>+0: {"op": "PrimOp". "name": "mod(Int. Int): Int". "out": {"any": [0]}. "in": {"any": [1. 0]}}')
+481: i54 = int_rshift(i52, 63)
+488: i55 = int_xor(i52, i54)
+494: i57 = uint_mul_high(i55, -9086255505087856445)
+507: i59 = uint_rshift(i57, 9)
+511: i60 = int_xor(i59, i54)
+514: i62 = int_mul(i60, 1009)
+521: i63 = int_sub(i52, i62)
debug_merge_point(0, 0, '63<main.rpyeffect:55([mcore:[#25]#81])>+1: {"op": "Return". "args": {"any": [0]}}')
+524: guard_nonnull(p41, descr=<Guard0x7f4754f7b3a0>) [p2, p7, p9, p11, p13, p15, p17, p19, p21, p23, p25, p27, p29, p31, p33, p35, p37, p0, p1, p3, p4]
+533: i64 = getfield_gc_i(p41, descr=<FieldS rpyeffect.stored_environment.Stack__arb.inst_target 16 pure>)
+537: guard_value(i64, 110, descr=<Guard0x7f4754f7b3d0>) [p2, p7, p9, p11, p13, p15, p17, p19, p21, p23, p25, p27, p29, p31, p33, p35, p37, p0, p1, p3, p4]
+547: p66 = getfield_gc_r(p41, descr=<FieldP rpyeffect.stored_environment.Stack__1.inst_values_ptr_0 32 pure>)
+551: p67 = getfield_gc_r(p41, descr=<FieldP rpyeffect.stored_environment.Stack__arb.inst_tail 8 pure>)
debug_merge_point(0, 0, '110<main.rpyeffect:102([#163])>+0: {"op": "Push". "target": 109. "args": {"any": [0]}}')
debug_merge_point(0, 0, '110<main.rpyeffect:102([#163])>+1: {"op": "Copy". "type": "any". "from": 1. "to". 0}')
debug_merge_point(0, 0, '110<main.rpyeffect:102([#163])>+2: {"op": "Jump". "target": 74}')
debug_merge_point(0, 0, '74<main.rpyeffect:66(Name(-_34))>+0: {"op": "New". "out": 0. "targets": [73]. "args": {"any": [0]}}')
+555: label(p0, p67, i63, p2, p3, p4, p66, p40, p13, p15, p17, p19, p21, p23, p25, p27, p29, p31, p33, p35, p37, descr=TargetToken(139944344882400))
debug_merge_point(0, 0, '74<main.rpyeffect:66(Name(-_34))>+0: {"op": "New". "out": 0. "targets": [73]. "args": {"any": [0]}}')
+576: guard_not_invalidated(descr=<Guard0x7f4754f5acc8>) [p2, p66, p40, p13, p15, p17, p19, p21, p23, p25, p27, p29, p31, p33, p35, p37, p0, p3, p4, i63, p67]
debug_merge_point(0, 0, '74<main.rpyeffect:66(Name(-_34))>+1: {"op": "Return". "args": {"any": [0]}}')
debug_merge_point(0, 0, '109<main.rpyeffect:101([k@[#163]#165])>+0: {"op": "Const". "type": "ptr". "out": 2. "format": "int". "value": "<IntValue object at 0x7f4754f61b70>"}')
debug_merge_point(0, 0, '109<main.rpyeffect:101([k@[#163]#165])>+1: {"op": "Push". "target": 108. "args": {"any": [0. 1]}}')
debug_merge_point(0, 0, '109<main.rpyeffect:101([k@[#163]#165])>+2: {"op": "Copy". "type": "any". "from": 2. "to". 0}')
debug_merge_point(0, 0, '109<main.rpyeffect:101([k@[#163]#165])>+3: {"op": "Jump". "target": 68}')
debug_merge_point(0, 0, '68<main.rpyeffect:60(Name(*_30))>+0: {"op": "New". "out": 0. "targets": [67]. "args": {"any": [0]}}')
debug_merge_point(0, 0, '68<main.rpyeffect:60(Name(*_30))>+1: {"op": "Return". "args": {"any": [0]}}')
debug_merge_point(0, 0, '108<main.rpyeffect:100([k@[k@[#163]#165]#169])>+0: {"op": "Push". "target": 107. "args": {"any": [1]}}')
debug_merge_point(0, 0, '108<main.rpyeffect:100([k@[k@[#163]#165]#169])>+1: {"op": "Copy". "type": "any". "from": 0. "to". 1}')
debug_merge_point(0, 0, '108<main.rpyeffect:100([k@[k@[#163]#165]#169])>+2: {"op": "Copy". "type": "any". "from": 2. "to". 0}')
debug_merge_point(0, 0, '108<main.rpyeffect:100([k@[k@[#163]#165]#169])>+3: {"op": "Invoke". "receiver": 1. "tag": Interned(apply). "args" : {"any": [0]}}')
debug_merge_point(0, 0, '67<main.rpyeffect:59([method_apply@Name(*_30)#89])>+0: {"op": "Jump". "target": 66}')
debug_merge_point(0, 0, '66<main.rpyeffect:58([mcore:[#26]#86])>+0: {"op": "PrimOp". "name": "infixMul(Int. Int): Int". "out": {"any": [0]}. "in": {"any": [1. 0]}}')
+576: i69 = int_mul(503, i63)
debug_merge_point(0, 0, '66<main.rpyeffect:58([mcore:[#26]#86])>+1: {"op": "Return". "args": {"any": [0]}}')
debug_merge_point(0, 0, '107<main.rpyeffect:99([k@[k@[k@[#163]#165]#169]#171])>+0: {"op": "Push". "target": 106. "args": {"any": []}}')
debug_merge_point(0, 0, '107<main.rpyeffect:99([k@[k@[k@[#163]#165]#169]#171])>+1: {"op": "Invoke". "receiver": 1. "tag": Interned(apply). "args" : {"any": [0]}}')
debug_merge_point(0, 0, '73<main.rpyeffect:65([method_apply@Name(-_34)#96])>+0: {"op": "Jump". "target": 72}')
debug_merge_point(0, 0, '72<main.rpyeffect:64([mcore:[#27]#93])>+0: {"op": "PrimOp". "name": "infixSub(Int. Int): Int". "out": {"any": [0]}. "in": {"any": [1. 0]}}')
+585: i70 = getfield_gc_i(p66, descr=<FieldS rpyeffect.value.IntValue.inst_value 8 pure>)
+589: i71 = int_sub(i70, i69)
debug_merge_point(0, 0, '72<main.rpyeffect:64([mcore:[#27]#93])>+1: {"op": "Return". "args": {"any": [0]}}')
debug_merge_point(0, 0, '106<main.rpyeffect:98([k@[k@[k@[k@[#163]#165]#169]#171]#173])>+0: {"op": "Push". "target": 105. "args": {"any": []}}')
debug_merge_point(0, 0, '106<main.rpyeffect:98([k@[k@[k@[k@[#163]#165]#169]#171]#173])>+1: {"op": "Jump". "target": 59}')
debug_merge_point(0, 0, '59<main.rpyeffect:51(Name(+_27))>+0: {"op": "New". "out": 0. "targets": [58]. "args": {"any": [0]}}')
debug_merge_point(0, 0, '59<main.rpyeffect:51(Name(+_27))>+1: {"op": "Return". "args": {"any": [0]}}')
debug_merge_point(0, 0, '105<main.rpyeffect:97([#175])>+0: {"op": "Const". "type": "ptr". "out": 1. "format": "int". "value": "<IntValue object at 0x7f4754f61320>"}')
debug_merge_point(0, 0, '105<main.rpyeffect:97([#175])>+1: {"op": "Push". "target": 104. "args": {"any": []}}')
debug_merge_point(0, 0, '105<main.rpyeffect:97([#175])>+2: {"op": "Swap". "type": "any". "a": 0. "b". 1}')
debug_merge_point(0, 0, '105<main.rpyeffect:97([#175])>+3: {"op": "Invoke". "receiver": 1. "tag": Interned(apply). "args" : {"any": [0]}}')
debug_merge_point(0, 0, '58<main.rpyeffect:50([method_apply@Name(+_27)#74])>+0: {"op": "Jump". "target": 57}')
debug_merge_point(0, 0, '57<main.rpyeffect:49([mcore:[#23]#71])>+0: {"op": "PrimOp". "name": "infixAdd(Int. Int): Int". "out": {"any": [0]}. "in": {"any": [1. 0]}}')
+592: i73 = int_add(i71, 37)
debug_merge_point(0, 0, '57<main.rpyeffect:49([mcore:[#23]#71])>+1: {"op": "Return". "args": {"any": [0]}}')
debug_merge_point(0, 0, '104<main.rpyeffect:96([k@[#175]#179])>+0: {"op": "Push". "target": 103. "args": {"any": []}}')
debug_merge_point(0, 0, '104<main.rpyeffect:96([k@[#175]#179])>+1: {"op": "Jump". "target": 70}')
debug_merge_point(0, 0, '70<main.rpyeffect:62(Name(abs_32))>+0: {"op": "PrimOp". "name": "abs(Int): Int". "out": {"any": [0]}. "in": {"any": [0]}}')
+596: i75 = int_rshift(i73, 63)
+603: i76 = int_xor(i73, i75)
+606: i77 = int_sub(i76, i75)
debug_merge_point(0, 0, '70<main.rpyeffect:62(Name(abs_32))>+1: {"op": "Return". "args": {"any": [0]}}')
debug_merge_point(0, 0, '103<main.rpyeffect:95([k@[k@[#175]#179]#181])>+0: {"op": "Push". "target": 102. "args": {"any": []}}')
debug_merge_point(0, 0, '103<main.rpyeffect:95([k@[k@[#175]#179]#181])>+1: {"op": "Jump". "target": 65}')
debug_merge_point(0, 0, '65<main.rpyeffect:57(Name(mod_29))>+0: {"op": "New". "out": 0. "targets": [64]. "args": {"any": [0]}}')
debug_merge_point(0, 0, '65<main.rpyeffect:57(Name(mod_29))>+1: {"op": "Return". "args": {"any": [0]}}')
debug_merge_point(0, 0, '102<main.rpyeffect:94([k@[k@[k@[#175]#179]#181]#183])>+0: {"op": "Const". "type": "ptr". "out": 1. "format": "int". "value": "<IntValue object at 0x7f4754f613a0>"}')
debug_merge_point(0, 0, '102<main.rpyeffect:94([k@[k@[k@[#175]#179]#181]#183])>+1: {"op": "Swap". "type": "any". "a": 0. "b". 1}')
debug_merge_point(0, 0, '102<main.rpyeffect:94([k@[k@[k@[#175]#179]#181]#183])>+2: {"op": "Invoke". "receiver": 1. "tag": Interned(apply). "args" : {"any": [0]}}')
debug_merge_point(0, 0, '64<main.rpyeffect:56([method_apply@Name(mod_29)#84])>+0: {"op": "Jump". "target": 63}')
debug_merge_point(0, 0, '63<main.rpyeffect:55([mcore:[#25]#81])>+0: {"op": "PrimOp". "name": "mod(Int. Int): Int". "out": {"any": [0]}. "in": {"any": [1. 0]}}')
+609: i79 = int_rshift(i77, 63)
+616: i80 = int_xor(i77, i79)
+622: i82 = uint_mul_high(i80, -9086255505087856445)
+635: i84 = uint_rshift(i82, 9)
+639: i85 = int_xor(i84, i79)
+642: i87 = int_mul(i85, 1009)
+649: i88 = int_sub(i77, i87)
debug_merge_point(0, 0, '63<main.rpyeffect:55([mcore:[#25]#81])>+1: {"op": "Return". "args": {"any": [0]}}')
+652: guard_nonnull(p67, descr=<Guard0x7f4754f7b400>) [p2, p66, p40, p13, p15, p17, p19, p21, p23, p25, p27, p29, p31, p33, p35, p37, p0, p3, p4, i63, p67]
+661: i89 = getfield_gc_i(p67, descr=<FieldS rpyeffect.stored_environment.Stack__arb.inst_target 16 pure>)
+666: guard_value(i89, 110, descr=<Guard0x7f4754f7b430>) [p2, p66, p40, p13, p15, p17, p19, p21, p23, p25, p27, p29, p31, p33, p35, p37, p0, p3, p4, i63, p67]
+676: p91 = getfield_gc_r(p67, descr=<FieldP rpyeffect.stored_environment.Stack__1.inst_values_ptr_0 32 pure>)
+681: p92 = getfield_gc_r(p67, descr=<FieldP rpyeffect.stored_environment.Stack__arb.inst_tail 8 pure>)
debug_merge_point(0, 0, '110<main.rpyeffect:102([#163])>+0: {"op": "Push". "target": 109. "args": {"any": [0]}}')
debug_merge_point(0, 0, '110<main.rpyeffect:102([#163])>+1: {"op": "Copy". "type": "any". "from": 1. "to". 0}')
debug_merge_point(0, 0, '110<main.rpyeffect:102([#163])>+2: {"op": "Jump". "target": 74}')
debug_merge_point(0, 0, '74<main.rpyeffect:66(Name(-_34))>+0: {"op": "New". "out": 0. "targets": [73]. "args": {"any": [0]}}')
+686: p93 = new_with_vtable(descr=<SizeDescr 16>)
+730: setfield_gc(p93, i63, descr=<FieldS rpyeffect.value.IntValue.inst_value 8 pure>)
+734: jump(p0, p92, i88, p2, p3, p4, p91, p93, p13, p15, p17, p19, p21, p23, p25, p27, p29, p31, p33, p35, p37, descr=TargetToken(139944344882400))
+768: --end of the loop--
[62da467a23c4] jit-log-opt-loop}
[62da472e21d8] {jit-log-opt-loop
# Loop 3 (73<main.rpyeffect:65([method_apply@Name(-_34)#96])>+0: {"op": "Jump", "target": 72}) : entry bridge with 101 ops
[p0, p1, p2, p3, p4]
+205: p5 = getfield_gc_r(p2, descr=<FieldP rpyeffect.environment.Environment.inst_values_ptr 16>)
+216: p7 = getarrayitem_gc_r(p5, 0, descr=<ArrayP 8>)
+220: p9 = getarrayitem_gc_r(p5, 1, descr=<ArrayP 8>)
+224: p11 = getarrayitem_gc_r(p5, 2, descr=<ArrayP 8>)
+228: p13 = getarrayitem_gc_r(p5, 3, descr=<ArrayP 8>)
+232: p15 = getarrayitem_gc_r(p5, 4, descr=<ArrayP 8>)
+236: p17 = getarrayitem_gc_r(p5, 5, descr=<ArrayP 8>)
+240: p19 = getarrayitem_gc_r(p5, 6, descr=<ArrayP 8>)
+244: p21 = getarrayitem_gc_r(p5, 7, descr=<ArrayP 8>)
+248: p23 = getarrayitem_gc_r(p5, 8, descr=<ArrayP 8>)
+252: p25 = getarrayitem_gc_r(p5, 9, descr=<ArrayP 8>)
+256: p27 = getarrayitem_gc_r(p5, 10, descr=<ArrayP 8>)
+260: p29 = getarrayitem_gc_r(p5, 11, descr=<ArrayP 8>)
+264: p31 = getarrayitem_gc_r(p5, 12, descr=<ArrayP 8>)
+275: p33 = getarrayitem_gc_r(p5, 13, descr=<ArrayP 8>)
+286: p35 = getarrayitem_gc_r(p5, 14, descr=<ArrayP 8>)
+300: p37 = getarrayitem_gc_r(p5, 15, descr=<ArrayP 8>)
debug_merge_point(0, 0, '73<main.rpyeffect:65([method_apply@Name(-_34)#96])>+0: {"op": "Jump". "target": 72}')
+314: guard_not_invalidated(descr=<Guard0x7f4754f5ae78>) [p2, p7, p9, p11, p13, p15, p17, p19, p21, p23, p25, p27, p29, p31, p33, p35, p37, p0, p1, p3, p4]
debug_merge_point(0, 0, '72<main.rpyeffect:64([mcore:[#27]#93])>+0: {"op": "PrimOp". "name": "infixSub(Int. Int): Int". "out": {"any": [0]}. "in": {"any": [1. 0]}}')
+314: i38 = getfield_gc_i(p9, descr=<FieldS rpyeffect.value.IntValue.inst_value 8 pure>)
+318: i39 = getfield_gc_i(p7, descr=<FieldS rpyeffect.value.IntValue.inst_value 8 pure>)
+329: i40 = int_sub(i38, i39)
debug_merge_point(0, 0, '72<main.rpyeffect:64([mcore:[#27]#93])>+1: {"op": "Return". "args": {"any": [0]}}')
+332: guard_nonnull(p1, descr=<Guard0x7f4754f7bca0>) [p2, p7, p9, p11, p13, p15, p17, p19, p21, p23, p25, p27, p29, p31, p33, p35, p37, p0, p1, p3, p4]
+346: i41 = getfield_gc_i(p1, descr=<FieldS rpyeffect.stored_environment.Stack__arb.inst_target 16 pure>)
+364: guard_value(i41, 120, descr=<Guard0x7f4754f7bcd0>) [p2, p7, p9, p11, p13, p15, p17, p19, p21, p23, p25, p27, p29, p31, p33, p35, p37, p0, p1, p3, p4]
+374: p43 = getfield_gc_r(p1, descr=<FieldP rpyeffect.stored_environment.Stack__2.inst_values_ptr_0 32 pure>)
+378: p44 = getfield_gc_r(p1, descr=<FieldP rpyeffect.stored_environment.Stack__2.inst_values_ptr_1 40 pure>)
+389: p45 = getfield_gc_r(p1, descr=<FieldP rpyeffect.stored_environment.Stack__arb.inst_tail 8 pure>)
debug_merge_point(0, 0, '120<main.rpyeffect:112([#213])>+0: {"op": "Const". "type": "ptr". "out": 3. "format": "string". "value": "Name(Operator_0)"}')
debug_merge_point(0, 0, '120<main.rpyeffect:112([#213])>+1: {"op": "PrimOp". "name": "getGlobal(String): Ptr". "out": {"any": [3]}. "in": {"any": [3]}}')
debug_merge_point(0, 0, '120<main.rpyeffect:112([#213])>+2: {"op": "Push". "target": 119. "args": {"any": [1. 2]}}')
debug_merge_point(0, 0, '120<main.rpyeffect:112([#213])>+3: {"op": "Copy". "type": "any". "from": 1. "to". 2}')
debug_merge_point(0, 0, '120<main.rpyeffect:112([#213])>+4: {"op": "Copy". "type": "any". "from": 3. "to". 1}')
debug_merge_point(0, 0, '120<main.rpyeffect:112([#213])>+5: {"op": "Jump". "target": 129}')
debug_merge_point(0, 0, '129<main.rpyeffect:121(Name(step_102))>+0: {"op": "New". "out": 0. "targets": [128]. "args": {"any": [2. 0]}}')
debug_merge_point(0, 0, '129<main.rpyeffect:121(Name(step_102))>+1: {"op": "Return". "args": {"any": [0]}}')
debug_merge_point(0, 0, '119<main.rpyeffect:111([k@[#213]#218])>+0: {"op": "New". "out": 1. "targets": [117]. "args": {"any": [1. 2]}}')
debug_merge_point(0, 0, '119<main.rpyeffect:111([k@[#213]#218])>+1: {"op": "Const". "type": "ptr". "out": 2. "format": "string". "value": "Name(Operator_0)"}')
debug_merge_point(0, 0, '119<main.rpyeffect:111([k@[#213]#218])>+2: {"op": "PrimOp". "name": "getGlobal(String): Ptr". "out": {"any": [2]}. "in": {"any": [2]}}')
debug_merge_point(0, 0, '119<main.rpyeffect:111([k@[#213]#218])>+3: {"op": "Push". "target": 118. "args": {"any": [0]}}')
debug_merge_point(0, 0, '119<main.rpyeffect:111([k@[#213]#218])>+4: {"op": "Copy". "type": "any". "from": 1. "to". 0}')
debug_merge_point(0, 0, '119<main.rpyeffect:111([k@[#213]#218])>+5: {"op": "Copy". "type": "any". "from": 2. "to". 1}')
debug_merge_point(0, 0, '119<main.rpyeffect:111([k@[#213]#218])>+6: {"op": "Jump". "target": 113}')
debug_merge_point(0, 0, '113<main.rpyeffect:105([mcore:[#43]#152])>+0: {"op": "New". "out": 1. "targets": [111]. "args": {"any": []}}')
debug_merge_point(0, 0, '113<main.rpyeffect:105([mcore:[#43]#152])>+1: {"op": "Const". "type": "ptr". "out": 2. "format": "string". "value": "Name(Operator_0)"}')
debug_merge_point(0, 0, '113<main.rpyeffect:105([mcore:[#43]#152])>+2: {"op": "PrimOp". "name": "getGlobal(String): Ptr". "out": {"any": [2]}. "in": {"any": [2]}}')
debug_merge_point(0, 0, '113<main.rpyeffect:105([mcore:[#43]#152])>+3: {"op": "NewStackWithBinding". "out": 1. "target": 112. "region": 2. "args": {"any": []}. "label": 2. "binding": 1}')
debug_merge_point(0, 0, '113<main.rpyeffect:105([mcore:[#43]#152])>+4: {"op": "PushStack". "arg": 1}')
+414: i47 = instance_ptr_eq(p4, ConstPtr(ptr46))
+421: guard_true(i47, descr=<Guard0x7f4754f7bd00>) [p2, p7, p9, p11, p13, p15, p17, p19, p21, p23, p25, p27, p29, p31, p33, p35, p37, p0, p1, p3, p4]
debug_merge_point(0, 0, '113<main.rpyeffect:105([mcore:[#43]#152])>+5: {"op": "Invoke". "receiver": 0. "tag": Interned(apply). "args" : {"any": []}}')
debug_merge_point(0, 0, '117<main.rpyeffect:109([method_apply@[k@[#213]#218]#220])>+0: {"op": "Const". "type": "ptr". "out": 2. "format": "string". "value": "Name(Operator_0)"}')
debug_merge_point(0, 0, '117<main.rpyeffect:109([method_apply@[k@[#213]#218]#220])>+1: {"op": "PrimOp". "name": "getGlobal(String): Ptr". "out": {"any": [2]}. "in": {"any": [2]}}')
debug_merge_point(0, 0, '117<main.rpyeffect:109([method_apply@[k@[#213]#218]#220])>+2: {"op": "Swap". "type": "any". "a": 2. "b". 1}')
debug_merge_point(0, 0, '117<main.rpyeffect:109([method_apply@[k@[#213]#218]#220])>+3: {"op": "Swap". "type": "any". "a": 0. "b". 1}')
debug_merge_point(0, 0, '117<main.rpyeffect:109([method_apply@[k@[#213]#218]#220])>+4: {"op": "Jump". "target": 115}')
debug_merge_point(0, 0, '115<main.rpyeffect:107([mcore:[#44]#192])>+0: {"op": "Const". "type": "ptr". "out": 0. "format": "string". "value": "Name(Operator_0)"}')
debug_merge_point(0, 0, '115<main.rpyeffect:107([mcore:[#44]#192])>+1: {"op": "PrimOp". "name": "getGlobal(String): Ptr". "out": {"any": [0]}. "in": {"any": [0]}}')
debug_merge_point(0, 0, '115<main.rpyeffect:107([mcore:[#44]#192])>+2: {"op": "Push". "target": 114. "args": {"any": [2]}}')
debug_merge_point(0, 0, '115<main.rpyeffect:107([mcore:[#44]#192])>+3: {"op": "Swap". "type": "any". "a": 0. "b". 1}')
debug_merge_point(0, 0, '115<main.rpyeffect:107([mcore:[#44]#192])>+4: {"op": "Jump". "target": 100}')
debug_merge_point(0, 0, '100<main.rpyeffect:92(Name(loop_50))>+0: {"op": "New". "out": 0. "targets": [99]. "args": {"any": [0]}}')
debug_merge_point(0, 0, '100<main.rpyeffect:92(Name(loop_50))>+1: {"op": "Return". "args": {"any": [0]}}')
debug_merge_point(0, 0, '114<main.rpyeffect:106([k@[mcore:[#44]#192]#197])>+0: {"op": "Swap". "type": "any". "a": 0. "b". 1}')
debug_merge_point(0, 0, '114<main.rpyeffect:106([k@[mcore:[#44]#192]#197])>+1: {"op": "Invoke". "receiver": 1. "tag": Interned(apply). "args" : {"any": [0]}}')
debug_merge_point(0, 0, '99<main.rpyeffect:91([method_apply@Name(loop_50)#147])>+0: {"op": "Const". "type": "ptr". "out": 2. "format": "string". "value": "Name(Operator_0)"}')
debug_merge_point(0, 0, '99<main.rpyeffect:91([method_apply@Name(loop_50)#147])>+1: {"op": "PrimOp". "name": "getGlobal(String): Ptr". "out": {"any": [2]}. "in": {"any": [2]}}')
debug_merge_point(0, 0, '99<main.rpyeffect:91([method_apply@Name(loop_50)#147])>+2: {"op": "Swap". "type": "any". "a": 2. "b". 1}')
debug_merge_point(0, 0, '99<main.rpyeffect:91([method_apply@Name(loop_50)#147])>+3: {"op": "Jump". "target": 98}')
debug_merge_point(0, 0, '98<main.rpyeffect:90([mcore:[#34]#113])>+0: {"op": "Push". "target": 97. "args": {"any": [0. 2]}}')
debug_merge_point(0, 0, '98<main.rpyeffect:90([mcore:[#34]#113])>+1: {"op": "Copy". "type": "any". "from": 2. "to". 0}')
debug_merge_point(0, 0, '98<main.rpyeffect:90([mcore:[#34]#113])>+2: {"op": "Jump". "target": 10}')
debug_merge_point(0, 0, '10<main.rpyeffect:2(Name(=_0))>+0: {"op": "New". "out": 0. "targets": [9]. "args": {"any": [0]}}')
+427: p48 = new_with_vtable(descr=<SizeDescr 48>)
+474: p49 = new_with_vtable(descr=<SizeDescr 32>)
+485: setfield_gc(p49, ConstPtr(null), descr=<FieldP rpyeffect.stored_environment.Stack__arb.inst_tail 8 pure>)
+493: setfield_gc(p49, 112, descr=<FieldS rpyeffect.stored_environment.Stack__arb.inst_target 16 pure>)
+501: p52 = new_with_vtable(descr=<SizeDescr 40>)
+512: p53 = new_with_vtable(descr=<SizeDescr 40>)
+523: setfield_gc(p53, p45, descr=<FieldP rpyeffect.stored_environment.Stack__arb.inst_tail 8 pure>)
+527: setfield_gc(p53, 118, descr=<FieldS rpyeffect.stored_environment.Stack__arb.inst_target 16 pure>)
+535: p55 = new_with_vtable(descr=<SizeDescr 40>)
+553: setfield_gc(p55, ConstPtr(ptr56), descr=<FieldP rpyeffect.codata.CoData.inst_vtable 8 pure>)
+557: setfield_gc(p55, p43, descr=<FieldP rpyeffect.stored_environment.CoData__2.inst_values_ptr_0 24 pure>)
+561: p57 = new_with_vtable(descr=<SizeDescr 16>)
+572: setfield_gc(p57, i40, descr=<FieldS rpyeffect.value.IntValue.inst_value 8 pure>)
+576: setfield_gc(p55, p57, descr=<FieldP rpyeffect.stored_environment.CoData__2.inst_values_ptr_1 32 pure>)
+580: setfield_gc(p53, p55, descr=<FieldP rpyeffect.stored_environment.Stack__1.inst_values_ptr_0 32 pure>)
+584: p58 = new_with_vtable(descr=<SizeDescr 24>)
+595: setfield_gc(p48, 97, descr=<FieldS rpyeffect.stored_environment.Stack__arb.inst_target 16 pure>)
+603: setfield_gc(p48, p44, descr=<FieldP rpyeffect.stored_environment.Stack__2.inst_values_ptr_0 32 pure>)
+607: setfield_gc(p48, p43, descr=<FieldP rpyeffect.stored_environment.Stack__2.inst_values_ptr_1 40 pure>)
+611: setfield_gc(p48, p49, descr=<FieldP rpyeffect.stored_environment.Stack__arb.inst_tail 8 pure>)
+615: setfield_gc(p52, p53, descr=<FieldP rpyeffect.stack.MetaStackLike.inst_stack 8 pure>)
+619: setfield_gc(p52, p0, descr=<FieldP rpyeffect.stack.MetaStack.inst_label 16 pure>)
+630: setfield_gc(p52, ConstPtr(null), descr=<FieldP rpyeffect.stack.MetaStack.inst_region 24 pure>)
+638: setfield_gc(p52, p3, descr=<FieldP rpyeffect.stack.MetaStack.inst_tail 32 pure>)
+656: setfield_gc(p58, ConstPtr(ptr61), descr=<FieldP rpyeffect.codata.CoData.inst_vtable 8 pure>)
+707: jump(ConstPtr(ptr62), p48, p2, p52, p58, p43, ConstPtr(ptr63), p43, ConstPtr(ptr64), p15, p17, p19, p21, p23, p25, p27, p29, p31, p33, p35, p37, descr=TargetToken(139944344882208))
+864: --end of the loop--
[62da47315f2e] jit-log-opt-loop}
[62da4870acd1] {jit-log-opt-loop
# Loop 4 (9<main.rpyeffect:1([method_apply@Name(=_0)#6])>+0: {"op": "Jump", "target": 8}) : entry bridge with 51 ops
[p0, p1, p2, p3, p4]
+189: p5 = getfield_gc_r(p2, descr=<FieldP rpyeffect.environment.Environment.inst_values_ptr 16>)
+200: p7 = getarrayitem_gc_r(p5, 0, descr=<ArrayP 8>)
+204: p9 = getarrayitem_gc_r(p5, 1, descr=<ArrayP 8>)
+208: p11 = getarrayitem_gc_r(p5, 2, descr=<ArrayP 8>)
+212: p13 = getarrayitem_gc_r(p5, 3, descr=<ArrayP 8>)
+216: p15 = getarrayitem_gc_r(p5, 4, descr=<ArrayP 8>)
+220: p17 = getarrayitem_gc_r(p5, 5, descr=<ArrayP 8>)
+224: p19 = getarrayitem_gc_r(p5, 6, descr=<ArrayP 8>)
+228: p21 = getarrayitem_gc_r(p5, 7, descr=<ArrayP 8>)
+232: p23 = getarrayitem_gc_r(p5, 8, descr=<ArrayP 8>)
+236: p25 = getarrayitem_gc_r(p5, 9, descr=<ArrayP 8>)
+240: p27 = getarrayitem_gc_r(p5, 10, descr=<ArrayP 8>)
+244: p29 = getarrayitem_gc_r(p5, 11, descr=<ArrayP 8>)
+248: p31 = getarrayitem_gc_r(p5, 12, descr=<ArrayP 8>)
+259: p33 = getarrayitem_gc_r(p5, 13, descr=<ArrayP 8>)
+270: p35 = getarrayitem_gc_r(p5, 14, descr=<ArrayP 8>)
+284: p37 = getarrayitem_gc_r(p5, 15, descr=<ArrayP 8>)
debug_merge_point(0, 0, '9<main.rpyeffect:1([method_apply@Name(=_0)#6])>+0: {"op": "Jump". "target": 8}')
+298: guard_not_invalidated(descr=<Guard0x7f4754f5af50>) [p2, p7, p9, p11, p13, p15, p17, p19, p21, p23, p25, p27, p29, p31, p33, p35, p37, p0, p1, p3, p4]
debug_merge_point(0, 0, '8<main.rpyeffect:0([mcore:[#11]#3])>+0: {"op": "PrimOp". "name": "equals(Any. Any): Bool". "out": {"any": [0]}. "in": {"any": [1. 0]}}')
+298: guard_class(p9, ConstClass(IntValue), descr=<Guard0x7f47548de140>) [p2, p7, p9, p11, p13, p15, p17, p19, p21, p23, p25, p27, p29, p31, p33, p35, p37, p0, p1, p3, p4]
+310: guard_nonnull_class(p7, ConstClass(IntValue), descr=<Guard0x7f4754f5af98>) [p2, p7, p9, p11, p13, p15, p17, p19, p21, p23, p25, p27, p29, p31, p33, p35, p37, p0, p1, p3, p4]
+328: i40 = getfield_gc_i(p9, descr=<FieldS rpyeffect.value.IntValue.inst_value 8 pure>)
+332: i41 = getfield_gc_i(p7, descr=<FieldS rpyeffect.value.IntValue.inst_value 8 pure>)
+343: i42 = int_eq(i40, i41)
debug_merge_point(0, 0, '8<main.rpyeffect:0([mcore:[#11]#3])>+1: {"op": "Return". "args": {"any": [0]}}')
+363: guard_nonnull(p1, descr=<Guard0x7f47548de170>) [p2, p7, p9, p11, p13, p15, p17, p19, p21, p23, p25, p27, p29, p31, p33, p35, p37, p0, p1, p3, p4]
+377: i43 = getfield_gc_i(p1, descr=<FieldS rpyeffect.stored_environment.Stack__arb.inst_target 16 pure>)
+388: guard_value(i43, 125, descr=<Guard0x7f47548de1a0>) [p2, p7, p9, p11, p13, p15, p17, p19, p21, p23, p25, p27, p29, p31, p33, p35, p37, p0, p1, p3, p4]
+398: p45 = getfield_gc_r(p1, descr=<FieldP rpyeffect.stored_environment.Stack__3.inst_values_ptr_0 32 pure>)
+402: p46 = getfield_gc_r(p1, descr=<FieldP rpyeffect.stored_environment.Stack__3.inst_values_ptr_1 40 pure>)
+413: p47 = getfield_gc_r(p1, descr=<FieldP rpyeffect.stored_environment.Stack__3.inst_values_ptr_2 48 pure>)
+424: p48 = getfield_gc_r(p1, descr=<FieldP rpyeffect.stored_environment.Stack__arb.inst_tail 8 pure>)
debug_merge_point(0, 0, '125<main.rpyeffect:117([k@[k@[mcore:[#45]#198]#200]#204])>+0: {"op": "Switch". "scrutinee": 0. "values": [<BoolValue object at 0x7f4754f617a0>]. "targets": [116]. "default": 124}')
+435: guard_false(i42, descr=<Guard0x7f47548de1d0>) [p2, p7, p9, p11, p13, p15, p17, p19, p21, p23, p25, p27, p29, p31, p33, p35, p37, p0, p1, p3, p4]
debug_merge_point(0, 0, '124<main.rpyeffect:116([switch default case#206])>+0: {"op": "Swap". "type": "any". "a": 0. "b". 1}')
debug_merge_point(0, 0, '124<main.rpyeffect:116([switch default case#206])>+1: {"op": "Swap". "type": "any". "a": 3. "b". 1}')
debug_merge_point(0, 0, '124<main.rpyeffect:116([switch default case#206])>+2: {"op": "Swap". "type": "any". "a": 2. "b". 1}')
debug_merge_point(0, 0, '124<main.rpyeffect:116([switch default case#206])>+3: {"op": "Switch". "scrutinee": 3. "values": [<BoolValue object at 0x7f4754f617b0>]. "targets": [122]. "default": 123}')
debug_merge_point(0, 0, '122<main.rpyeffect:114([switch case for Bool(false)#207])>+0: {"op": "Push". "target": 121. "args": {"any": [0. 1]}}')
debug_merge_point(0, 0, '122<main.rpyeffect:114([switch case for Bool(false)#207])>+1: {"op": "Copy". "type": "any". "from": 2. "to". 0}')
debug_merge_point(0, 0, '122<main.rpyeffect:114([switch case for Bool(false)#207])>+2: {"op": "Jump". "target": 74}')
debug_merge_point(0, 0, '74<main.rpyeffect:66(Name(-_34))>+0: {"op": "New". "out": 0. "targets": [73]. "args": {"any": [0]}}')
+444: p49 = new_with_vtable(descr=<SizeDescr 48>)
+485: p50 = new_with_vtable(descr=<SizeDescr 16>)
+496: setfield_gc(p49, 121, descr=<FieldS rpyeffect.stored_environment.Stack__arb.inst_target 16 pure>)
+504: setfield_gc(p49, p48, descr=<FieldP rpyeffect.stored_environment.Stack__arb.inst_tail 8 pure>)
+508: setfield_gc(p49, p45, descr=<FieldP rpyeffect.stored_environment.Stack__2.inst_values_ptr_0 32 pure>)
+512: setfield_gc(p49, p46, descr=<FieldP rpyeffect.stored_environment.Stack__2.inst_values_ptr_1 40 pure>)
+516: setfield_gc(p50, 0, descr=<FieldU rpyeffect.value.BoolValue.inst_value 8 pure>)
+529: jump(p0, p49, p2, p3, p4, p47, p46, p47, p50, p15, p17, p19, p21, p23, p25, p27, p29, p31, p33, p35, p37, descr=TargetToken(139944344882336))
+720: --end of the loop--
[62da48732873] jit-log-opt-loop}
[62da4cb52cc0] {jit-log-opt-loop
# Loop 5 (97<main.rpyeffect:89([k@[mcore:[#34]#113]#115])>+1: {"op": "Push", "target": 96, "args": {"any": [1, 2]}}) : entry bridge with 61 ops
[p0, p1, p2, p3, p4]
+253: p5 = getfield_gc_r(p2, descr=<FieldP rpyeffect.environment.Environment.inst_values_ptr 16>)
+264: p7 = getarrayitem_gc_r(p5, 0, descr=<ArrayP 8>)
+268: p9 = getarrayitem_gc_r(p5, 1, descr=<ArrayP 8>)
+272: p11 = getarrayitem_gc_r(p5, 2, descr=<ArrayP 8>)
+276: p13 = getarrayitem_gc_r(p5, 3, descr=<ArrayP 8>)
+280: p15 = getarrayitem_gc_r(p5, 4, descr=<ArrayP 8>)
+284: p17 = getarrayitem_gc_r(p5, 5, descr=<ArrayP 8>)
+288: p19 = getarrayitem_gc_r(p5, 6, descr=<ArrayP 8>)
+292: p21 = getarrayitem_gc_r(p5, 7, descr=<ArrayP 8>)
+296: p23 = getarrayitem_gc_r(p5, 8, descr=<ArrayP 8>)
+300: p25 = getarrayitem_gc_r(p5, 9, descr=<ArrayP 8>)
+304: p27 = getarrayitem_gc_r(p5, 10, descr=<ArrayP 8>)
+308: p29 = getarrayitem_gc_r(p5, 11, descr=<ArrayP 8>)
+312: p31 = getarrayitem_gc_r(p5, 12, descr=<ArrayP 8>)
+323: p33 = getarrayitem_gc_r(p5, 13, descr=<ArrayP 8>)
+334: p35 = getarrayitem_gc_r(p5, 14, descr=<ArrayP 8>)
+348: p37 = getarrayitem_gc_r(p5, 15, descr=<ArrayP 8>)
debug_merge_point(0, 0, '97<main.rpyeffect:89([k@[mcore:[#34]#113]#115])>+1: {"op": "Push". "target": 96. "args": {"any": [1. 2]}}')
+362: guard_not_invalidated(descr=<Guard0x7f4754f5b070>) [p2, p7, p9, p11, p13, p15, p17, p19, p21, p23, p25, p27, p29, p31, p33, p35, p37, p0, p1, p3, p4]
debug_merge_point(0, 0, '97<main.rpyeffect:89([k@[mcore:[#34]#113]#115])>+2: {"op": "Copy". "type": "any". "from": 0. "to". 1}')
debug_merge_point(0, 0, '97<main.rpyeffect:89([k@[mcore:[#34]#113]#115])>+3: {"op": "Copy". "type": "any". "from": 3. "to". 0}')
debug_merge_point(0, 0, '97<main.rpyeffect:89([k@[mcore:[#34]#113]#115])>+4: {"op": "Invoke". "receiver": 1. "tag": Interned(apply). "args" : {"any": [0]}}')
+362: p38 = getfield_gc_r(p7, descr=<FieldP rpyeffect.codata.CoData.inst_vtable 8 pure>)
+380: guard_value(p38, ConstPtr(ptr39), descr=<Guard0x7f47548de890>) [p2, p7, p9, p11, p13, p15, p17, p19, p21, p23, p25, p27, p29, p31, p33, p35, p37, p0, p1, p3, p4]
+389: p40 = getfield_gc_r(p7, descr=<FieldP rpyeffect.stored_environment.CoData__1.inst_values_ptr_0 24 pure>)
debug_merge_point(0, 0, '9<main.rpyeffect:1([method_apply@Name(=_0)#6])>+0: {"op": "Jump". "target": 8}')
debug_merge_point(0, 0, '8<main.rpyeffect:0([mcore:[#11]#3])>+0: {"op": "PrimOp". "name": "equals(Any. Any): Bool". "out": {"any": [0]}. "in": {"any": [1. 0]}}')
+393: guard_class(p40, ConstClass(IntValue), descr=<Guard0x7f47548de8c0>) [p2, p7, p9, p11, p13, p15, p17, p19, p21, p23, p25, p27, p29, p31, p33, p35, p37, p0, p1, p3, p4]
+405: guard_nonnull_class(p13, ConstClass(IntValue), descr=<Guard0x7f4754f5b0b8>) [p2, p7, p9, p11, p13, p15, p17, p19, p21, p23, p25, p27, p29, p31, p33, p35, p37, p0, p1, p3, p4]
+423: i43 = getfield_gc_i(p40, descr=<FieldS rpyeffect.value.IntValue.inst_value 8 pure>)
+427: i44 = getfield_gc_i(p13, descr=<FieldS rpyeffect.value.IntValue.inst_value 8 pure>)
+431: i45 = int_eq(i43, i44)
debug_merge_point(0, 0, '8<main.rpyeffect:0([mcore:[#11]#3])>+1: {"op": "Return". "args": {"any": [0]}}')
debug_merge_point(0, 0, '96<main.rpyeffect:88([k@[k@[mcore:[#34]#113]#115]#119])>+0: {"op": "Switch". "scrutinee": 0. "values": [<BoolValue object at 0x7f4754f614a0>]. "targets": [88]. "default": 95}')
+434: guard_true(i45, descr=<Guard0x7f47548de8f0>) [p2, p7, p9, p11, p13, p15, p17, p19, p21, p23, p25, p27, p29, p31, p33, p35, p37, p0, p1, p3, p4]
debug_merge_point(0, 0, '88<main.rpyeffect:80([switch case for Bool(true)#120])>+0: {"op": "Copy". "type": "any". "from": 1. "to". 0}')
debug_merge_point(0, 0, '88<main.rpyeffect:80([switch case for Bool(true)#120])>+1: {"op": "Return". "args": {"any": [0]}}')
+440: guard_nonnull_class(p1, ConstClass(Stack__0), descr=<Guard0x7f4754f5b100>) [p2, p7, p9, p11, p13, p15, p17, p19, p21, p23, p25, p27, p29, p31, p33, p35, p37, p0, p1, p3, p4]
+465: i47 = getfield_gc_i(p1, descr=<FieldS rpyeffect.stored_environment.Stack__arb.inst_target 16 pure>)
+469: guard_value(i47, 112, descr=<Guard0x7f47548de920>) [p2, p7, p9, p11, p13, p15, p17, p19, p21, p23, p25, p27, p29, p31, p33, p35, p37, p0, p1, p3, p4]
+479: p49 = getfield_gc_r(p1, descr=<FieldP rpyeffect.stored_environment.Stack__arb.inst_tail 8 pure>)
debug_merge_point(0, 0, '112<main.rpyeffect:104([return_clause@[mcore:[#43]#152]#191])>+0: {"op": "Return". "args": {"any": [0]}}')
+483: guard_isnull(p49, descr=<Guard0x7f47548de950>) [p2, p7, p9, p11, p13, p15, p17, p19, p21, p23, p25, p27, p29, p31, p33, p35, p37, p0, p1, p3, p4]
+492: guard_nonnull_class(p3, 8697152, descr=<Guard0x7f4754f5b148>) [p2, p7, p9, p11, p13, p15, p17, p19, p21, p23, p25, p27, p29, p31, p33, p35, p37, p0, p1, p3, p4]
+519: p51 = getfield_gc_r(p3, descr=<FieldP rpyeffect.stack.MetaStackLike.inst_stack 8 pure>)
+531: p52 = getfield_gc_r(p3, descr=<FieldP rpyeffect.stack.MetaStack.inst_label 16 pure>)
+543: p53 = getfield_gc_r(p3, descr=<FieldP rpyeffect.stack.MetaStack.inst_tail 32 pure>)
+555: guard_nonnull(p51, descr=<Guard0x7f47548de980>) [p2, p7, p9, p11, p13, p15, p17, p19, p21, p23, p25, p27, p29, p31, p33, p35, p37, p0, p1, p3, p4]
+564: i54 = getfield_gc_i(p51, descr=<FieldS rpyeffect.stored_environment.Stack__arb.inst_target 16 pure>)
+575: guard_value(i54, 110, descr=<Guard0x7f47548de9b0>) [p2, p7, p9, p11, p13, p15, p17, p19, p21, p23, p25, p27, p29, p31, p33, p35, p37, p0, p1, p3, p4]
+585: p56 = getfield_gc_r(p51, descr=<FieldP rpyeffect.stored_environment.Stack__1.inst_values_ptr_0 32 pure>)
+589: p57 = getfield_gc_r(p51, descr=<FieldP rpyeffect.stored_environment.Stack__arb.inst_tail 8 pure>)
debug_merge_point(0, 0, '110<main.rpyeffect:102([#163])>+0: {"op": "Push". "target": 109. "args": {"any": [0]}}')
debug_merge_point(0, 0, '110<main.rpyeffect:102([#163])>+1: {"op": "Copy". "type": "any". "from": 1. "to". 0}')
debug_merge_point(0, 0, '110<main.rpyeffect:102([#163])>+2: {"op": "Jump". "target": 74}')
debug_merge_point(0, 0, '74<main.rpyeffect:66(Name(-_34))>+0: {"op": "New". "out": 0. "targets": [73]. "args": {"any": [0]}}')
+593: p58 = new_with_vtable(descr=<SizeDescr 40>)
+637: setfield_gc(p58, 109, descr=<FieldS rpyeffect.stored_environment.Stack__arb.inst_target 16 pure>)
+645: setfield_gc(p58, p57, descr=<FieldP rpyeffect.stored_environment.Stack__arb.inst_tail 8 pure>)
+649: setfield_gc(p58, p9, descr=<FieldP rpyeffect.stored_environment.Stack__1.inst_values_ptr_0 32 pure>)
+668: jump(p52, p58, p2, p53, ConstPtr(ptr60), p56, p56, p11, p13, p15, p17, p19, p21, p23, p25, p27, p29, p31, p33, p35, p37, descr=TargetToken(139944344882336))
+848: --end of the loop--
[62da4cb831a2] jit-log-opt-loop}
[62da4d408486] {jit-log-opt-bridge
# bridge out of Guard 0x7f4754f7b1f0 with 32 ops
[p0, p1, p2, p3, p4, p5, p6, p7, p8, p9, p10, p11, p12, p13, p14, p15, p16, p17, p18, p19, p20, i21]
+78: guard_not_invalidated(descr=<Guard0x7f4754f5b220>) [p0, p1, p2, p3, p4, p5, p6, p7, p8, p9, p10, p11, p12, p13, p14, p15, p16, p17, p18, p19, p20, i21]
debug_merge_point(0, 0, '10<main.rpyeffect:2(Name(=_0))>+1: {"op": "Return". "args": {"any": [0]}}')
debug_merge_point(0, 0, '97<main.rpyeffect:89([k@[mcore:[#34]#113]#115])>+0: {"op": "Const". "type": "ptr". "out": 3. "format": "int". "value": "<IntValue object at 0x7f4754f61490>"}')
debug_merge_point(0, 0, '97<main.rpyeffect:89([k@[mcore:[#34]#113]#115])>+1: {"op": "Push". "target": 96. "args": {"any": [1. 2]}}')
debug_merge_point(0, 0, '97<main.rpyeffect:89([k@[mcore:[#34]#113]#115])>+2: {"op": "Copy". "type": "any". "from": 0. "to". 1}')
debug_merge_point(0, 0, '97<main.rpyeffect:89([k@[mcore:[#34]#113]#115])>+3: {"op": "Copy". "type": "any". "from": 3. "to". 0}')
debug_merge_point(0, 0, '97<main.rpyeffect:89([k@[mcore:[#34]#113]#115])>+4: {"op": "Invoke". "receiver": 1. "tag": Interned(apply). "args" : {"any": [0]}}')
debug_merge_point(0, 0, '9<main.rpyeffect:1([method_apply@Name(=_0)#6])>+0: {"op": "Jump". "target": 8}')
debug_merge_point(0, 0, '8<main.rpyeffect:0([mcore:[#11]#3])>+0: {"op": "PrimOp". "name": "equals(Any. Any): Bool". "out": {"any": [0]}. "in": {"any": [1. 0]}}')
+78: i23 = int_eq(i21, 0)
debug_merge_point(0, 0, '8<main.rpyeffect:0([mcore:[#11]#3])>+1: {"op": "Return". "args": {"any": [0]}}')
debug_merge_point(0, 0, '96<main.rpyeffect:88([k@[k@[mcore:[#34]#113]#115]#119])>+0: {"op": "Switch". "scrutinee": 0. "values": [<BoolValue object at 0x7f4754f614a0>]. "targets": [88]. "default": 95}')
+82: guard_true(i23, descr=<Guard0x7f47548decb0>) [p0, p1, p2, p3, p4, p5, p6, p7, p8, p9, p10, p11, p12, p13, p14, p15, p16, p17, p18, p19, p20, i21]
debug_merge_point(0, 0, '88<main.rpyeffect:80([switch case for Bool(true)#120])>+0: {"op": "Copy". "type": "any". "from": 1. "to". 0}')
debug_merge_point(0, 0, '88<main.rpyeffect:80([switch case for Bool(true)#120])>+1: {"op": "Return". "args": {"any": [0]}}')
+88: guard_nonnull_class(p20, ConstClass(Stack__0), descr=<Guard0x7f4754f5b268>) [p0, p1, p2, p3, p4, p5, p6, p7, p8, p9, p10, p11, p12, p13, p14, p15, p16, p17, p18, p19, p20, i21]
+113: i25 = getfield_gc_i(p20, descr=<FieldS rpyeffect.stored_environment.Stack__arb.inst_target 16 pure>)
+117: guard_value(i25, 112, descr=<Guard0x7f47548dece0>) [p0, p1, p2, p3, p4, p5, p6, p7, p8, p9, p10, p11, p12, p13, p14, p15, p16, p17, p18, p19, p20, i21]
+127: p27 = getfield_gc_r(p20, descr=<FieldP rpyeffect.stored_environment.Stack__arb.inst_tail 8 pure>)
debug_merge_point(0, 0, '112<main.rpyeffect:104([return_clause@[mcore:[#43]#152]#191])>+0: {"op": "Return". "args": {"any": [0]}}')
+131: guard_isnull(p27, descr=<Guard0x7f47548ded10>) [p0, p1, p2, p3, p4, p5, p6, p7, p8, p9, p10, p11, p12, p13, p14, p15, p16, p17, p18, p19, p20, i21]
debug_merge_point(0, 0, '110<main.rpyeffect:102([#163])>+0: {"op": "Push". "target": 109. "args": {"any": [0]}}')
debug_merge_point(0, 0, '110<main.rpyeffect:102([#163])>+1: {"op": "Copy". "type": "any". "from": 1. "to". 0}')
debug_merge_point(0, 0, '110<main.rpyeffect:102([#163])>+2: {"op": "Jump". "target": 74}')
debug_merge_point(0, 0, '74<main.rpyeffect:66(Name(-_34))>+0: {"op": "New". "out": 0. "targets": [73]. "args": {"any": [0]}}')
+140: p28 = new_with_vtable(descr=<SizeDescr 40>)
+181: p29 = new_with_vtable(descr=<SizeDescr 16>)
+192: setfield_gc(p28, 109, descr=<FieldS rpyeffect.stored_environment.Stack__arb.inst_target 16 pure>)
+200: setfield_gc(p28, p16, descr=<FieldP rpyeffect.stored_environment.Stack__arb.inst_tail 8 pure>)
+204: setfield_gc(p28, p19, descr=<FieldP rpyeffect.stored_environment.Stack__1.inst_values_ptr_0 32 pure>)
+215: setfield_gc(p29, 0, descr=<FieldS rpyeffect.value.IntValue.inst_value 8 pure>)
+245: jump(p18, p28, p0, p17, ConstPtr(ptr32), p15, p15, p29, ConstPtr(ptr33), p1, p2, p3, p4, p5, p6, p7, p8, p9, p10, p11, p12, descr=TargetToken(139944344882336))
+384: --end of the loop--
[62da4d42583a] jit-log-opt-bridge}
[62da4d753307] {jit-log-opt-bridge
# bridge out of Guard 0x7f4754f7b430 with 87 ops
[p0, p1, p2, p3, p4, p5, p6, p7, p8, p9, p10, p11, p12, p13, p14, p15, p16, p17, p18, i19, p20]
+62: guard_not_invalidated(descr=<Guard0x7f4754f5b2b0>) [p0, p1, p2, p3, p4, p5, p6, p7, p8, p9, p10, p11, p12, p13, p14, p15, p16, p17, p18, i19, p20]
debug_merge_point(0, 0, '74<main.rpyeffect:66(Name(-_34))>+1: {"op": "Return". "args": {"any": [0]}}')
debug_merge_point(0, 0, '109<main.rpyeffect:101([k@[#163]#165])>+0: {"op": "Const". "type": "ptr". "out": 2. "format": "int". "value": "<IntValue object at 0x7f4754f61b70>"}')
debug_merge_point(0, 0, '109<main.rpyeffect:101([k@[#163]#165])>+1: {"op": "Push". "target": 108. "args": {"any": [0. 1]}}')
debug_merge_point(0, 0, '109<main.rpyeffect:101([k@[#163]#165])>+2: {"op": "Copy". "type": "any". "from": 2. "to". 0}')
debug_merge_point(0, 0, '109<main.rpyeffect:101([k@[#163]#165])>+3: {"op": "Jump". "target": 68}')
debug_merge_point(0, 0, '68<main.rpyeffect:60(Name(*_30))>+0: {"op": "New". "out": 0. "targets": [67]. "args": {"any": [0]}}')
debug_merge_point(0, 0, '68<main.rpyeffect:60(Name(*_30))>+1: {"op": "Return". "args": {"any": [0]}}')
debug_merge_point(0, 0, '108<main.rpyeffect:100([k@[k@[#163]#165]#169])>+0: {"op": "Push". "target": 107. "args": {"any": [1]}}')
debug_merge_point(0, 0, '108<main.rpyeffect:100([k@[k@[#163]#165]#169])>+1: {"op": "Copy". "type": "any". "from": 0. "to". 1}')
debug_merge_point(0, 0, '108<main.rpyeffect:100([k@[k@[#163]#165]#169])>+2: {"op": "Copy". "type": "any". "from": 2. "to". 0}')
debug_merge_point(0, 0, '108<main.rpyeffect:100([k@[k@[#163]#165]#169])>+3: {"op": "Invoke". "receiver": 1. "tag": Interned(apply). "args" : {"any": [0]}}')
debug_merge_point(0, 0, '67<main.rpyeffect:59([method_apply@Name(*_30)#89])>+0: {"op": "Jump". "target": 66}')
debug_merge_point(0, 0, '66<main.rpyeffect:58([mcore:[#26]#86])>+0: {"op": "PrimOp". "name": "infixMul(Int. Int): Int". "out": {"any": [0]}. "in": {"any": [1. 0]}}')
+62: i22 = int_mul(503, i19)
debug_merge_point(0, 0, '66<main.rpyeffect:58([mcore:[#26]#86])>+1: {"op": "Return". "args": {"any": [0]}}')
debug_merge_point(0, 0, '107<main.rpyeffect:99([k@[k@[k@[#163]#165]#169]#171])>+0: {"op": "Push". "target": 106. "args": {"any": []}}')
debug_merge_point(0, 0, '107<main.rpyeffect:99([k@[k@[k@[#163]#165]#169]#171])>+1: {"op": "Invoke". "receiver": 1. "tag": Interned(apply). "args" : {"any": [0]}}')
debug_merge_point(0, 0, '73<main.rpyeffect:65([method_apply@Name(-_34)#96])>+0: {"op": "Jump". "target": 72}')
debug_merge_point(0, 0, '72<main.rpyeffect:64([mcore:[#27]#93])>+0: {"op": "PrimOp". "name": "infixSub(Int. Int): Int". "out": {"any": [0]}. "in": {"any": [1. 0]}}')
+71: i23 = getfield_gc_i(p1, descr=<FieldS rpyeffect.value.IntValue.inst_value 8 pure>)
+75: i24 = int_sub(i23, i22)
debug_merge_point(0, 0, '72<main.rpyeffect:64([mcore:[#27]#93])>+1: {"op": "Return". "args": {"any": [0]}}')
debug_merge_point(0, 0, '106<main.rpyeffect:98([k@[k@[k@[k@[#163]#165]#169]#171]#173])>+0: {"op": "Push". "target": 105. "args": {"any": []}}')
debug_merge_point(0, 0, '106<main.rpyeffect:98([k@[k@[k@[k@[#163]#165]#169]#171]#173])>+1: {"op": "Jump". "target": 59}')
debug_merge_point(0, 0, '59<main.rpyeffect:51(Name(+_27))>+0: {"op": "New". "out": 0. "targets": [58]. "args": {"any": [0]}}')
debug_merge_point(0, 0, '59<main.rpyeffect:51(Name(+_27))>+1: {"op": "Return". "args": {"any": [0]}}')
debug_merge_point(0, 0, '105<main.rpyeffect:97([#175])>+0: {"op": "Const". "type": "ptr". "out": 1. "format": "int". "value": "<IntValue object at 0x7f4754f61320>"}')
debug_merge_point(0, 0, '105<main.rpyeffect:97([#175])>+1: {"op": "Push". "target": 104. "args": {"any": []}}')
debug_merge_point(0, 0, '105<main.rpyeffect:97([#175])>+2: {"op": "Swap". "type": "any". "a": 0. "b". 1}')
debug_merge_point(0, 0, '105<main.rpyeffect:97([#175])>+3: {"op": "Invoke". "receiver": 1. "tag": Interned(apply). "args" : {"any": [0]}}')
debug_merge_point(0, 0, '58<main.rpyeffect:50([method_apply@Name(+_27)#74])>+0: {"op": "Jump". "target": 57}')
debug_merge_point(0, 0, '57<main.rpyeffect:49([mcore:[#23]#71])>+0: {"op": "PrimOp". "name": "infixAdd(Int. Int): Int". "out": {"any": [0]}. "in": {"any": [1. 0]}}')
+78: i26 = int_add(i24, 37)
debug_merge_point(0, 0, '57<main.rpyeffect:49([mcore:[#23]#71])>+1: {"op": "Return". "args": {"any": [0]}}')
debug_merge_point(0, 0, '104<main.rpyeffect:96([k@[#175]#179])>+0: {"op": "Push". "target": 103. "args": {"any": []}}')
debug_merge_point(0, 0, '104<main.rpyeffect:96([k@[#175]#179])>+1: {"op": "Jump". "target": 70}')
debug_merge_point(0, 0, '70<main.rpyeffect:62(Name(abs_32))>+0: {"op": "PrimOp". "name": "abs(Int): Int". "out": {"any": [0]}. "in": {"any": [0]}}')
+82: i28 = int_rshift(i26, 63)
+89: i29 = int_xor(i26, i28)
+92: i30 = int_sub(i29, i28)
debug_merge_point(0, 0, '70<main.rpyeffect:62(Name(abs_32))>+1: {"op": "Return". "args": {"any": [0]}}')
debug_merge_point(0, 0, '103<main.rpyeffect:95([k@[k@[#175]#179]#181])>+0: {"op": "Push". "target": 102. "args": {"any": []}}')
debug_merge_point(0, 0, '103<main.rpyeffect:95([k@[k@[#175]#179]#181])>+1: {"op": "Jump". "target": 65}')
debug_merge_point(0, 0, '65<main.rpyeffect:57(Name(mod_29))>+0: {"op": "New". "out": 0. "targets": [64]. "args": {"any": [0]}}')
debug_merge_point(0, 0, '65<main.rpyeffect:57(Name(mod_29))>+1: {"op": "Return". "args": {"any": [0]}}')
debug_merge_point(0, 0, '102<main.rpyeffect:94([k@[k@[k@[#175]#179]#181]#183])>+0: {"op": "Const". "type": "ptr". "out": 1. "format": "int". "value": "<IntValue object at 0x7f4754f613a0>"}')
debug_merge_point(0, 0, '102<main.rpyeffect:94([k@[k@[k@[#175]#179]#181]#183])>+1: {"op": "Swap". "type": "any". "a": 0. "b". 1}')
debug_merge_point(0, 0, '102<main.rpyeffect:94([k@[k@[k@[#175]#179]#181]#183])>+2: {"op": "Invoke". "receiver": 1. "tag": Interned(apply). "args" : {"any": [0]}}')
debug_merge_point(0, 0, '64<main.rpyeffect:56([method_apply@Name(mod_29)#84])>+0: {"op": "Jump". "target": 63}')
debug_merge_point(0, 0, '63<main.rpyeffect:55([mcore:[#25]#81])>+0: {"op": "PrimOp". "name": "mod(Int. Int): Int". "out": {"any": [0]}. "in": {"any": [1. 0]}}')
+95: i32 = int_rshift(i30, 63)
+102: i33 = int_xor(i30, i32)
+108: i35 = uint_mul_high(i33, -9086255505087856445)
+121: i37 = uint_rshift(i35, 9)
+125: i38 = int_xor(i37, i32)
+128: i40 = int_mul(i38, 1009)
+135: i41 = int_sub(i30, i40)
debug_merge_point(0, 0, '63<main.rpyeffect:55([mcore:[#25]#81])>+1: {"op": "Return". "args": {"any": [0]}}')
+138: guard_nonnull(p20, descr=<Guard0x7f47548dee90>) [p0, p1, p2, p3, p4, p5, p6, p7, p8, p9, p10, p11, p12, p13, p14, p15, p16, p17, p18, i19, p20]
+147: i42 = getfield_gc_i(p20, descr=<FieldS rpyeffect.stored_environment.Stack__arb.inst_target 16 pure>)
+152: guard_value(i42, 118, descr=<Guard0x7f47548deec0>) [p0, p1, p2, p3, p4, p5, p6, p7, p8, p9, p10, p11, p12, p13, p14, p15, p16, p17, p18, i19, p20]
+162: p44 = getfield_gc_r(p20, descr=<FieldP rpyeffect.stored_environment.Stack__1.inst_values_ptr_0 32 pure>)
+167: p45 = getfield_gc_r(p20, descr=<FieldP rpyeffect.stored_environment.Stack__arb.inst_tail 8 pure>)
debug_merge_point(0, 0, '118<main.rpyeffect:110([k@[k@[#213]#218]#230])>+0: {"op": "Invoke". "receiver": 1. "tag": Interned(apply). "args" : {"any": [0]}}')
+172: p46 = getfield_gc_r(p44, descr=<FieldP rpyeffect.codata.CoData.inst_vtable 8 pure>)
+183: guard_value(p46, ConstPtr(ptr47), descr=<Guard0x7f47548deef0>) [p0, p1, p2, p3, p4, p5, p6, p7, p8, p9, p10, p11, p12, p13, p14, p15, p16, p17, p18, i19, p20]
+192: p48 = getfield_gc_r(p44, descr=<FieldP rpyeffect.stored_environment.CoData__2.inst_values_ptr_0 24 pure>)
+196: p49 = getfield_gc_r(p44, descr=<FieldP rpyeffect.stored_environment.CoData__2.inst_values_ptr_1 32 pure>)
debug_merge_point(0, 0, '128<main.rpyeffect:120([method_apply@Name(step_102)#236])>+0: {"op": "Const". "type": "ptr". "out": 3. "format": "string". "value": "Name(Operator_0)"}')
debug_merge_point(0, 0, '128<main.rpyeffect:120([method_apply@Name(step_102)#236])>+1: {"op": "PrimOp". "name": "getGlobal(String): Ptr". "out": {"any": [3]}. "in": {"any": [3]}}')
debug_merge_point(0, 0, '128<main.rpyeffect:120([method_apply@Name(step_102)#236])>+2: {"op": "Swap". "type": "any". "a": 2. "b". 1}')
debug_merge_point(0, 0, '128<main.rpyeffect:120([method_apply@Name(step_102)#236])>+3: {"op": "Swap". "type": "any". "a": 3. "b". 1}')
debug_merge_point(0, 0, '128<main.rpyeffect:120([method_apply@Name(step_102)#236])>+4: {"op": "Jump". "target": 127}')
debug_merge_point(0, 0, '127<main.rpyeffect:119([mcore:[#45]#198])>+0: {"op": "Push". "target": 126. "args": {"any": [2. 0. 3]}}')
debug_merge_point(0, 0, '127<main.rpyeffect:119([mcore:[#45]#198])>+1: {"op": "Copy". "type": "any". "from": 3. "to". 0}')
debug_merge_point(0, 0, '127<main.rpyeffect:119([mcore:[#45]#198])>+2: {"op": "Jump". "target": 10}')
debug_merge_point(0, 0, '10<main.rpyeffect:2(Name(=_0))>+0: {"op": "New". "out": 0. "targets": [9]. "args": {"any": [0]}}')
+200: p50 = new_with_vtable(descr=<SizeDescr 56>)
+244: p51 = new_with_vtable(descr=<SizeDescr 16>)
+256: setfield_gc(p51, i41, descr=<FieldS rpyeffect.value.IntValue.inst_value 8 pure>)
+261: setfield_gc(p50, 126, descr=<FieldS rpyeffect.stored_environment.Stack__arb.inst_target 16 pure>)
+269: setfield_gc(p50, p45, descr=<FieldP rpyeffect.stored_environment.Stack__arb.inst_tail 8 pure>)
+273: setfield_gc(p50, p48, descr=<FieldP rpyeffect.stored_environment.Stack__3.inst_values_ptr_0 32 pure>)
+277: setfield_gc(p50, p51, descr=<FieldP rpyeffect.stored_environment.Stack__3.inst_values_ptr_1 40 pure>)
+281: setfield_gc(p50, p49, descr=<FieldP rpyeffect.stored_environment.Stack__3.inst_values_ptr_2 48 pure>)
+300: jump(p16, p50, p0, p17, p18, p49, ConstPtr(ptr53), p48, p49, p4, p5, p6, p7, p8, p9, p10, p11, p12, p13, p14, p15, descr=TargetToken(139944344882208))
+400: --end of the loop--
[62da4d77ce84] jit-log-opt-bridge}
[62da4d88304d] {jit-log-opt-bridge
# bridge out of Guard 0x7f4754f7b070 with 38 ops
[p0, p1, p2, p3, p4, p5, p6, p7, p8, p9, p10, p11, p12, p13, p14, p15, p16, p17, p18, p19, p20]
+62: guard_not_invalidated(descr=<Guard0x7f4754f5b2f8>) [p0, p1, p2, p3, p4, p5, p6, p7, p8, p9, p10, p11, p12, p13, p14, p15, p16, p17, p18, p19, p20]
debug_merge_point(0, 0, '10<main.rpyeffect:2(Name(=_0))>+1: {"op": "Return". "args": {"any": [0]}}')
+62: guard_nonnull(p18, descr=<Guard0x7f47548defe0>) [p0, p1, p2, p3, p4, p5, p6, p7, p8, p9, p10, p11, p12, p13, p14, p15, p16, p17, p18, p19, p20]
+71: i21 = getfield_gc_i(p18, descr=<FieldS rpyeffect.stored_environment.Stack__arb.inst_target 16 pure>)
+75: guard_value(i21, 126, descr=<Guard0x7f47548df010>) [p0, p1, p2, p3, p4, p5, p6, p7, p8, p9, p10, p11, p12, p13, p14, p15, p16, p17, p18, p19, p20]
+85: p23 = getfield_gc_r(p18, descr=<FieldP rpyeffect.stored_environment.Stack__3.inst_values_ptr_0 32 pure>)
+89: p24 = getfield_gc_r(p18, descr=<FieldP rpyeffect.stored_environment.Stack__3.inst_values_ptr_1 40 pure>)
+93: p25 = getfield_gc_r(p18, descr=<FieldP rpyeffect.stored_environment.Stack__3.inst_values_ptr_2 48 pure>)
+97: p26 = getfield_gc_r(p18, descr=<FieldP rpyeffect.stored_environment.Stack__arb.inst_tail 8 pure>)
debug_merge_point(0, 0, '126<main.rpyeffect:118([k@[mcore:[#45]#198]#200])>+0: {"op": "Const". "type": "ptr". "out": 4. "format": "int". "value": "<IntValue object at 0x7f4754f61790>"}')
debug_merge_point(0, 0, '126<main.rpyeffect:118([k@[mcore:[#45]#198]#200])>+1: {"op": "Push". "target": 125. "args": {"any": [1. 2. 3]}}')
debug_merge_point(0, 0, '126<main.rpyeffect:118([k@[mcore:[#45]#198]#200])>+2: {"op": "Copy". "type": "any". "from": 0. "to". 1}')
debug_merge_point(0, 0, '126<main.rpyeffect:118([k@[mcore:[#45]#198]#200])>+3: {"op": "Copy". "type": "any". "from": 4. "to". 0}')
debug_merge_point(0, 0, '126<main.rpyeffect:118([k@[mcore:[#45]#198]#200])>+4: {"op": "Invoke". "receiver": 1. "tag": Interned(apply). "args" : {"any": [0]}}')
debug_merge_point(0, 0, '9<main.rpyeffect:1([method_apply@Name(=_0)#6])>+0: {"op": "Jump". "target": 8}')
debug_merge_point(0, 0, '8<main.rpyeffect:0([mcore:[#11]#3])>+0: {"op": "PrimOp". "name": "equals(Any. Any): Bool". "out": {"any": [0]}. "in": {"any": [1. 0]}}')
+101: guard_class(p1, ConstClass(IntValue), descr=<Guard0x7f47548df040>) [p0, p1, p2, p3, p4, p5, p6, p7, p8, p9, p10, p11, p12, p13, p14, p15, p16, p17, p18, p19, p20]
+113: i28 = getfield_gc_i(p1, descr=<FieldS rpyeffect.value.IntValue.inst_value 8 pure>)
+117: i30 = int_eq(i28, 0)
debug_merge_point(0, 0, '8<main.rpyeffect:0([mcore:[#11]#3])>+1: {"op": "Return". "args": {"any": [0]}}')
debug_merge_point(0, 0, '125<main.rpyeffect:117([k@[k@[mcore:[#45]#198]#200]#204])>+0: {"op": "Switch". "scrutinee": 0. "values": [<BoolValue object at 0x7f4754f617a0>]. "targets": [116]. "default": 124}')
+121: guard_false(i30, descr=<Guard0x7f47548df070>) [p0, p1, p2, p3, p4, p5, p6, p7, p8, p9, p10, p11, p12, p13, p14, p15, p16, p17, p18, p19, p20]
debug_merge_point(0, 0, '124<main.rpyeffect:116([switch default case#206])>+0: {"op": "Swap". "type": "any". "a": 0. "b". 1}')
debug_merge_point(0, 0, '124<main.rpyeffect:116([switch default case#206])>+1: {"op": "Swap". "type": "any". "a": 3. "b". 1}')
debug_merge_point(0, 0, '124<main.rpyeffect:116([switch default case#206])>+2: {"op": "Swap". "type": "any". "a": 2. "b". 1}')
debug_merge_point(0, 0, '124<main.rpyeffect:116([switch default case#206])>+3: {"op": "Switch". "scrutinee": 3. "values": [<BoolValue object at 0x7f4754f617b0>]. "targets": [122]. "default": 123}')
debug_merge_point(0, 0, '122<main.rpyeffect:114([switch case for Bool(false)#207])>+0: {"op": "Push". "target": 121. "args": {"any": [0. 1]}}')
debug_merge_point(0, 0, '122<main.rpyeffect:114([switch case for Bool(false)#207])>+1: {"op": "Copy". "type": "any". "from": 2. "to". 0}')
debug_merge_point(0, 0, '122<main.rpyeffect:114([switch case for Bool(false)#207])>+2: {"op": "Jump". "target": 74}')
debug_merge_point(0, 0, '74<main.rpyeffect:66(Name(-_34))>+0: {"op": "New". "out": 0. "targets": [73]. "args": {"any": [0]}}')
+127: p31 = new_with_vtable(descr=<SizeDescr 48>)
+168: p32 = new_with_vtable(descr=<SizeDescr 16>)
+179: setfield_gc(p31, 121, descr=<FieldS rpyeffect.stored_environment.Stack__arb.inst_target 16 pure>)
+187: setfield_gc(p31, p26, descr=<FieldP rpyeffect.stored_environment.Stack__arb.inst_tail 8 pure>)
+191: setfield_gc(p31, p23, descr=<FieldP rpyeffect.stored_environment.Stack__2.inst_values_ptr_0 32 pure>)
+195: setfield_gc(p31, p24, descr=<FieldP rpyeffect.stored_environment.Stack__2.inst_values_ptr_1 40 pure>)
+199: setfield_gc(p32, 0, descr=<FieldU rpyeffect.value.BoolValue.inst_value 8 pure>)
+219: jump(p17, p31, p0, p19, p20, p25, p24, p25, p32, ConstPtr(ptr35), p6, p7, p8, p9, p10, p11, p12, p13, p14, p15, p16, descr=TargetToken(139944344882336))
+320: --end of the loop--
[62da4d89ddec] jit-log-opt-bridge}
[62da4da78fc4] {jit-log-opt-bridge
# bridge out of Guard 0x7f4754f7b370 with 89 ops
[p0, p1, p2, p3, p4, p5, p6, p7, p8, p9, p10, p11, p12, p13, p14, p15, p16, p17, p18, p19, p20]
+78: guard_not_invalidated(descr=<Guard0x7f4754f5b340>) [p0, p1, p2, p3, p4, p5, p6, p7, p8, p9, p10, p11, p12, p13, p14, p15, p16, p17, p18, p19, p20]
debug_merge_point(0, 0, '74<main.rpyeffect:66(Name(-_34))>+1: {"op": "Return". "args": {"any": [0]}}')
+78: guard_nonnull(p18, descr=<Guard0x7f47548df160>) [p0, p1, p2, p3, p4, p5, p6, p7, p8, p9, p10, p11, p12, p13, p14, p15, p16, p17, p18, p19, p20]
+87: i21 = getfield_gc_i(p18, descr=<FieldS rpyeffect.stored_environment.Stack__arb.inst_target 16 pure>)
+92: guard_value(i21, 121, descr=<Guard0x7f47548df190>) [p0, p1, p2, p3, p4, p5, p6, p7, p8, p9, p10, p11, p12, p13, p14, p15, p16, p17, p18, p19, p20]
+102: p23 = getfield_gc_r(p18, descr=<FieldP rpyeffect.stored_environment.Stack__2.inst_values_ptr_0 32 pure>)
+107: p24 = getfield_gc_r(p18, descr=<FieldP rpyeffect.stored_environment.Stack__2.inst_values_ptr_1 40 pure>)
+112: p25 = getfield_gc_r(p18, descr=<FieldP rpyeffect.stored_environment.Stack__arb.inst_tail 8 pure>)
debug_merge_point(0, 0, '121<main.rpyeffect:113([k@[switch case for Bool(false)#207]#209])>+0: {"op": "Const". "type": "ptr". "out": 3. "format": "int". "value": "<IntValue object at 0x7f4754f61850>"}')
debug_merge_point(0, 0, '121<main.rpyeffect:113([k@[switch case for Bool(false)#207]#209])>+1: {"op": "Push". "target": 120. "args": {"any": [1. 2]}}')
debug_merge_point(0, 0, '121<main.rpyeffect:113([k@[switch case for Bool(false)#207]#209])>+2: {"op": "Copy". "type": "any". "from": 0. "to". 1}')
debug_merge_point(0, 0, '121<main.rpyeffect:113([k@[switch case for Bool(false)#207]#209])>+3: {"op": "Copy". "type": "any". "from": 3. "to". 0}')
debug_merge_point(0, 0, '121<main.rpyeffect:113([k@[switch case for Bool(false)#207]#209])>+4: {"op": "Invoke". "receiver": 1. "tag": Interned(apply). "args" : {"any": [0]}}')
debug_merge_point(0, 0, '73<main.rpyeffect:65([method_apply@Name(-_34)#96])>+0: {"op": "Jump". "target": 72}')
debug_merge_point(0, 0, '72<main.rpyeffect:64([mcore:[#27]#93])>+0: {"op": "PrimOp". "name": "infixSub(Int. Int): Int". "out": {"any": [0]}. "in": {"any": [1. 0]}}')
+117: i26 = getfield_gc_i(p1, descr=<FieldS rpyeffect.value.IntValue.inst_value 8 pure>)
+121: i28 = int_sub(i26, 1)
debug_merge_point(0, 0, '72<main.rpyeffect:64([mcore:[#27]#93])>+1: {"op": "Return". "args": {"any": [0]}}')
debug_merge_point(0, 0, '120<main.rpyeffect:112([#213])>+0: {"op": "Const". "type": "ptr". "out": 3. "format": "string". "value": "Name(Operator_0)"}')
debug_merge_point(0, 0, '120<main.rpyeffect:112([#213])>+1: {"op": "PrimOp". "name": "getGlobal(String): Ptr". "out": {"any": [3]}. "in": {"any": [3]}}')
debug_merge_point(0, 0, '120<main.rpyeffect:112([#213])>+2: {"op": "Push". "target": 119. "args": {"any": [1. 2]}}')
debug_merge_point(0, 0, '120<main.rpyeffect:112([#213])>+3: {"op": "Copy". "type": "any". "from": 1. "to". 2}')
debug_merge_point(0, 0, '120<main.rpyeffect:112([#213])>+4: {"op": "Copy". "type": "any". "from": 3. "to". 1}')
debug_merge_point(0, 0, '120<main.rpyeffect:112([#213])>+5: {"op": "Jump". "target": 129}')
debug_merge_point(0, 0, '129<main.rpyeffect:121(Name(step_102))>+0: {"op": "New". "out": 0. "targets": [128]. "args": {"any": [2. 0]}}')
debug_merge_point(0, 0, '129<main.rpyeffect:121(Name(step_102))>+1: {"op": "Return". "args": {"any": [0]}}')
debug_merge_point(0, 0, '119<main.rpyeffect:111([k@[#213]#218])>+0: {"op": "New". "out": 1. "targets": [117]. "args": {"any": [1. 2]}}')
debug_merge_point(0, 0, '119<main.rpyeffect:111([k@[#213]#218])>+1: {"op": "Const". "type": "ptr". "out": 2. "format": "string". "value": "Name(Operator_0)"}')
debug_merge_point(0, 0, '119<main.rpyeffect:111([k@[#213]#218])>+2: {"op": "PrimOp". "name": "getGlobal(String): Ptr". "out": {"any": [2]}. "in": {"any": [2]}}')
debug_merge_point(0, 0, '119<main.rpyeffect:111([k@[#213]#218])>+3: {"op": "Push". "target": 118. "args": {"any": [0]}}')
debug_merge_point(0, 0, '119<main.rpyeffect:111([k@[#213]#218])>+4: {"op": "Copy". "type": "any". "from": 1. "to". 0}')
debug_merge_point(0, 0, '119<main.rpyeffect:111([k@[#213]#218])>+5: {"op": "Copy". "type": "any". "from": 2. "to". 1}')
debug_merge_point(0, 0, '119<main.rpyeffect:111([k@[#213]#218])>+6: {"op": "Jump". "target": 113}')
debug_merge_point(0, 0, '113<main.rpyeffect:105([mcore:[#43]#152])>+0: {"op": "New". "out": 1. "targets": [111]. "args": {"any": []}}')
debug_merge_point(0, 0, '113<main.rpyeffect:105([mcore:[#43]#152])>+1: {"op": "Const". "type": "ptr". "out": 2. "format": "string". "value": "Name(Operator_0)"}')
debug_merge_point(0, 0, '113<main.rpyeffect:105([mcore:[#43]#152])>+2: {"op": "PrimOp". "name": "getGlobal(String): Ptr". "out": {"any": [2]}. "in": {"any": [2]}}')
debug_merge_point(0, 0, '113<main.rpyeffect:105([mcore:[#43]#152])>+3: {"op": "NewStackWithBinding". "out": 1. "target": 112. "region": 2. "args": {"any": []}. "label": 2. "binding": 1}')
debug_merge_point(0, 0, '113<main.rpyeffect:105([mcore:[#43]#152])>+4: {"op": "PushStack". "arg": 1}')
+132: i30 = instance_ptr_eq(p20, ConstPtr(ptr29))
+139: guard_true(i30, descr=<Guard0x7f47548df1c0>) [p0, p1, p2, p3, p4, p5, p6, p7, p8, p9, p10, p11, p12, p13, p14, p15, p16, p17, p18, p19, p20]
debug_merge_point(0, 0, '113<main.rpyeffect:105([mcore:[#43]#152])>+5: {"op": "Invoke". "receiver": 0. "tag": Interned(apply). "args" : {"any": []}}')
debug_merge_point(0, 0, '117<main.rpyeffect:109([method_apply@[k@[#213]#218]#220])>+0: {"op": "Const". "type": "ptr". "out": 2. "format": "string". "value": "Name(Operator_0)"}')
debug_merge_point(0, 0, '117<main.rpyeffect:109([method_apply@[k@[#213]#218]#220])>+1: {"op": "PrimOp". "name": "getGlobal(String): Ptr". "out": {"any": [2]}. "in": {"any": [2]}}')
debug_merge_point(0, 0, '117<main.rpyeffect:109([method_apply@[k@[#213]#218]#220])>+2: {"op": "Swap". "type": "any". "a": 2. "b". 1}')
debug_merge_point(0, 0, '117<main.rpyeffect:109([method_apply@[k@[#213]#218]#220])>+3: {"op": "Swap". "type": "any". "a": 0. "b". 1}')
debug_merge_point(0, 0, '117<main.rpyeffect:109([method_apply@[k@[#213]#218]#220])>+4: {"op": "Jump". "target": 115}')
debug_merge_point(0, 0, '115<main.rpyeffect:107([mcore:[#44]#192])>+0: {"op": "Const". "type": "ptr". "out": 0. "format": "string". "value": "Name(Operator_0)"}')
debug_merge_point(0, 0, '115<main.rpyeffect:107([mcore:[#44]#192])>+1: {"op": "PrimOp". "name": "getGlobal(String): Ptr". "out": {"any": [0]}. "in": {"any": [0]}}')
debug_merge_point(0, 0, '115<main.rpyeffect:107([mcore:[#44]#192])>+2: {"op": "Push". "target": 114. "args": {"any": [2]}}')
debug_merge_point(0, 0, '115<main.rpyeffect:107([mcore:[#44]#192])>+3: {"op": "Swap". "type": "any". "a": 0. "b". 1}')
debug_merge_point(0, 0, '115<main.rpyeffect:107([mcore:[#44]#192])>+4: {"op": "Jump". "target": 100}')
debug_merge_point(0, 0, '100<main.rpyeffect:92(Name(loop_50))>+0: {"op": "New". "out": 0. "targets": [99]. "args": {"any": [0]}}')
debug_merge_point(0, 0, '100<main.rpyeffect:92(Name(loop_50))>+1: {"op": "Return". "args": {"any": [0]}}')
debug_merge_point(0, 0, '114<main.rpyeffect:106([k@[mcore:[#44]#192]#197])>+0: {"op": "Swap". "type": "any". "a": 0. "b". 1}')
debug_merge_point(0, 0, '114<main.rpyeffect:106([k@[mcore:[#44]#192]#197])>+1: {"op": "Invoke". "receiver": 1. "tag": Interned(apply). "args" : {"any": [0]}}')
debug_merge_point(0, 0, '99<main.rpyeffect:91([method_apply@Name(loop_50)#147])>+0: {"op": "Const". "type": "ptr". "out": 2. "format": "string". "value": "Name(Operator_0)"}')
debug_merge_point(0, 0, '99<main.rpyeffect:91([method_apply@Name(loop_50)#147])>+1: {"op": "PrimOp". "name": "getGlobal(String): Ptr". "out": {"any": [2]}. "in": {"any": [2]}}')
debug_merge_point(0, 0, '99<main.rpyeffect:91([method_apply@Name(loop_50)#147])>+2: {"op": "Swap". "type": "any". "a": 2. "b". 1}')
debug_merge_point(0, 0, '99<main.rpyeffect:91([method_apply@Name(loop_50)#147])>+3: {"op": "Jump". "target": 98}')
debug_merge_point(0, 0, '98<main.rpyeffect:90([mcore:[#34]#113])>+0: {"op": "Push". "target": 97. "args": {"any": [0. 2]}}')
debug_merge_point(0, 0, '98<main.rpyeffect:90([mcore:[#34]#113])>+1: {"op": "Copy". "type": "any". "from": 2. "to". 0}')
debug_merge_point(0, 0, '98<main.rpyeffect:90([mcore:[#34]#113])>+2: {"op": "Jump". "target": 10}')
debug_merge_point(0, 0, '10<main.rpyeffect:2(Name(=_0))>+0: {"op": "New". "out": 0. "targets": [9]. "args": {"any": [0]}}')
+145: p31 = new_with_vtable(descr=<SizeDescr 48>)
+189: p32 = new_with_vtable(descr=<SizeDescr 32>)
+201: setfield_gc(p32, ConstPtr(null), descr=<FieldP rpyeffect.stored_environment.Stack__arb.inst_tail 8 pure>)
+210: setfield_gc(p32, 112, descr=<FieldS rpyeffect.stored_environment.Stack__arb.inst_target 16 pure>)
+219: p35 = new_with_vtable(descr=<SizeDescr 40>)
+231: p36 = new_with_vtable(descr=<SizeDescr 40>)
+242: setfield_gc(p36, p25, descr=<FieldP rpyeffect.stored_environment.Stack__arb.inst_tail 8 pure>)
+246: setfield_gc(p36, 118, descr=<FieldS rpyeffect.stored_environment.Stack__arb.inst_target 16 pure>)
+254: p38 = new_with_vtable(descr=<SizeDescr 40>)
+273: setfield_gc(p38, ConstPtr(ptr39), descr=<FieldP rpyeffect.codata.CoData.inst_vtable 8 pure>)
+277: setfield_gc(p38, p23, descr=<FieldP rpyeffect.stored_environment.CoData__2.inst_values_ptr_0 24 pure>)
+281: p40 = new_with_vtable(descr=<SizeDescr 16>)
+292: setfield_gc(p40, i28, descr=<FieldS rpyeffect.value.IntValue.inst_value 8 pure>)
+296: setfield_gc(p38, p40, descr=<FieldP rpyeffect.stored_environment.CoData__2.inst_values_ptr_1 32 pure>)
+300: setfield_gc(p36, p38, descr=<FieldP rpyeffect.stored_environment.Stack__1.inst_values_ptr_0 32 pure>)
+304: p41 = new_with_vtable(descr=<SizeDescr 24>)
+315: setfield_gc(p31, 97, descr=<FieldS rpyeffect.stored_environment.Stack__arb.inst_target 16 pure>)
+323: setfield_gc(p31, p24, descr=<FieldP rpyeffect.stored_environment.Stack__2.inst_values_ptr_0 32 pure>)
+327: setfield_gc(p31, p23, descr=<FieldP rpyeffect.stored_environment.Stack__2.inst_values_ptr_1 40 pure>)
+331: setfield_gc(p31, p32, descr=<FieldP rpyeffect.stored_environment.Stack__arb.inst_tail 8 pure>)
+335: setfield_gc(p35, p36, descr=<FieldP rpyeffect.stack.MetaStackLike.inst_stack 8 pure>)
+339: setfield_gc(p35, p17, descr=<FieldP rpyeffect.stack.MetaStack.inst_label 16 pure>)
+350: setfield_gc(p35, ConstPtr(null), descr=<FieldP rpyeffect.stack.MetaStack.inst_region 24 pure>)
+358: setfield_gc(p35, p19, descr=<FieldP rpyeffect.stack.MetaStack.inst_tail 32 pure>)
+376: setfield_gc(p41, ConstPtr(ptr44), descr=<FieldP rpyeffect.codata.CoData.inst_vtable 8 pure>)
+428: jump(ConstPtr(ptr45), p31, p0, p35, p41, p23, ConstPtr(ptr46), p23, ConstPtr(ptr47), p5, p6, p7, p8, p9, p10, p11, p12, p13, p14, p15, p16, descr=TargetToken(139944344882208))
+560: --end of the loop--
[62da4daa257d] jit-log-opt-bridge}
[62da5fcfad9a] {jit-summary
Tracing:      	9	0.006238
Backend:      	9	0.001512
TOTAL:      		0.216445
ops:             	14800
heapcached ops:  	2239
recorded ops:    	4843
  calls:         	3059
guards:          	393
opt ops:         	720
opt guards:      	66
opt guards shared:	49
forcings:        	0
abort: trace too long:	0
abort: compiling:	0
abort: vable escape:	0
abort: bad loop: 	0
abort: force quasi-immut:	0
abort: segmenting trace:	0
virtualizables forced:	0
nvirtuals:       	12
nvholes:         	0
nvreused:        	0
vecopt tried:    	0
vecopt success:  	0
Total # of loops:	5
Total # of bridges:	4
Freed # of loops:	0
Freed # of bridges:	0
[62da5fd04e5a] jit-summary}
