[62ccbd083ba0] {jit-log-opt-loop
# Loop 2 (16<main.rpyeffect:8(Name(>_2))>+0: {"op": "New", "out": 0, "targets": [15], "args": {"any": [0]}}) : loop with 103 ops
[p0, p1, p2, p3, p4]
+285: p5 = getfield_gc_r(p2, descr=<FieldP rpyeffect.environment.Environment.inst_values_ptr 16>)
+296: p7 = getarrayitem_gc_r(p5, 0, descr=<ArrayP 8>)
+300: p9 = getarrayitem_gc_r(p5, 1, descr=<ArrayP 8>)
+304: p11 = getarrayitem_gc_r(p5, 2, descr=<ArrayP 8>)
+308: p13 = getarrayitem_gc_r(p5, 3, descr=<ArrayP 8>)
+312: p15 = getarrayitem_gc_r(p5, 4, descr=<ArrayP 8>)
+316: p17 = getarrayitem_gc_r(p5, 5, descr=<ArrayP 8>)
+320: p19 = getarrayitem_gc_r(p5, 6, descr=<ArrayP 8>)
+324: p21 = getarrayitem_gc_r(p5, 7, descr=<ArrayP 8>)
+328: p23 = getarrayitem_gc_r(p5, 8, descr=<ArrayP 8>)
+332: p25 = getarrayitem_gc_r(p5, 9, descr=<ArrayP 8>)
+336: p27 = getarrayitem_gc_r(p5, 10, descr=<ArrayP 8>)
+340: p29 = getarrayitem_gc_r(p5, 11, descr=<ArrayP 8>)
+344: p31 = getarrayitem_gc_r(p5, 12, descr=<ArrayP 8>)
+355: p33 = getarrayitem_gc_r(p5, 13, descr=<ArrayP 8>)
+366: p35 = getarrayitem_gc_r(p5, 14, descr=<ArrayP 8>)
+380: p37 = getarrayitem_gc_r(p5, 15, descr=<ArrayP 8>)
+394: label(p0, p1, p2, p3, p4, p7, p9, p11, p13, p15, p17, p19, p21, p23, p25, p27, p29, p31, p33, p35, p37, descr=TargetToken(140407912369376))
debug_merge_point(0, 0, '16<main.rpyeffect:8(Name(>_2))>+0: {"op": "New". "out": 0. "targets": [15]. "args": {"any": [0]}}')
+480: guard_not_invalidated(descr=<Guard0x7fb343bc2a88>) [p2, p7, p9, p11, p13, p15, p17, p19, p21, p23, p25, p27, p29, p31, p33, p35, p37, p0, p1, p3, p4]
debug_merge_point(0, 0, '16<main.rpyeffect:8(Name(>_2))>+1: {"op": "Return". "args": {"any": [0]}}')
+480: guard_nonnull(p1, descr=<Guard0x7fb343be5280>) [p2, p7, p9, p11, p13, p15, p17, p19, p21, p23, p25, p27, p29, p31, p33, p35, p37, p0, p1, p3, p4]
+494: i38 = getfield_gc_i(p1, descr=<FieldS rpyeffect.stored_environment.Stack__arb.inst_target 16 pure>)
+505: guard_value(i38, 88, descr=<Guard0x7fb343be52b0>) [p2, p7, p9, p11, p13, p15, p17, p19, p21, p23, p25, p27, p29, p31, p33, p35, p37, p0, p1, p3, p4]
+515: p40 = getfield_gc_r(p1, descr=<FieldP rpyeffect.stored_environment.Stack__arb.inst_tail 8 pure>)
debug_merge_point(0, 0, '88<main.rpyeffect:80([k@Name(isValueTooBig_48)#114])>+0: {"op": "Const". "type": "ptr". "out": 1. "format": "int". "value": "<IntValue object at 0x7fb343bcb990>"}')
debug_merge_point(0, 0, '88<main.rpyeffect:80([k@Name(isValueTooBig_48)#114])>+1: {"op": "Swap". "type": "any". "a": 0. "b". 1}')
debug_merge_point(0, 0, '88<main.rpyeffect:80([k@Name(isValueTooBig_48)#114])>+2: {"op": "Invoke". "receiver": 1. "tag": Interned(apply). "args" : {"any": [0]}}')
debug_merge_point(0, 0, '15<main.rpyeffect:7([method_apply@Name(>_2)#16])>+0: {"op": "Jump". "target": 14}')
debug_merge_point(0, 0, '14<main.rpyeffect:6([mcore:[#14]#13])>+0: {"op": "PrimOp". "name": "infixGt(Any. Any): Bool". "out": {"any": [0]}. "in": {"any": [1. 0]}}')
+519: guard_class(p7, ConstClass(IntValue), descr=<Guard0x7fb343be52e0>) [p2, p7, p9, p11, p13, p15, p17, p19, p21, p23, p25, p27, p29, p31, p33, p35, p37, p0, p1, p3, p4]
+531: i42 = getfield_gc_i(p7, descr=<FieldS rpyeffect.value.IntValue.inst_value 8 pure>)
+535: i44 = int_eq(i42, 39)
+539: guard_false(i44, descr=<Guard0x7fb343be5310>) [p2, p7, p9, p11, p13, p15, p17, p19, p21, p23, p25, p27, p29, p31, p33, p35, p37, p0, p1, p3, p4]
+545: i45 = int_lt(i42, 39)
+549: guard_true(i45, descr=<Guard0x7fb343be5340>) [p2, p7, p9, p11, p13, p15, p17, p19, p21, p23, p25, p27, p29, p31, p33, p35, p37, p0, p1, p3, p4]
debug_merge_point(0, 0, '14<main.rpyeffect:6([mcore:[#14]#13])>+1: {"op": "Return". "args": {"any": [0]}}')
+555: guard_nonnull(p40, descr=<Guard0x7fb343be5370>) [p2, p7, p9, p11, p13, p15, p17, p19, p21, p23, p25, p27, p29, p31, p33, p35, p37, p0, p1, p3, p4]
+564: i46 = getfield_gc_i(p40, descr=<FieldS rpyeffect.stored_environment.Stack__arb.inst_target 16 pure>)
+568: guard_value(i46, 101, descr=<Guard0x7fb343be53a0>) [p2, p7, p9, p11, p13, p15, p17, p19, p21, p23, p25, p27, p29, p31, p33, p35, p37, p0, p1, p3, p4]
+578: p48 = getfield_gc_r(p40, descr=<FieldP rpyeffect.stored_environment.Stack__2.inst_values_ptr_0 32 pure>)
+582: p49 = getfield_gc_r(p40, descr=<FieldP rpyeffect.stored_environment.Stack__2.inst_values_ptr_1 40 pure>)
+586: p50 = getfield_gc_r(p40, descr=<FieldP rpyeffect.stored_environment.Stack__arb.inst_tail 8 pure>)
debug_merge_point(0, 0, '101<main.rpyeffect:93([k@[method_Emit_0@[mcore:[#39]#127]#129]#136])>+0: {"op": "Push". "target": 95. "args": {"any": [1]}}')
debug_merge_point(0, 0, '101<main.rpyeffect:93([k@[method_Emit_0@[mcore:[#39]#127]#129]#136])>+1: {"op": "Copy". "type": "any". "from": 2. "to". 1}')
debug_merge_point(0, 0, '101<main.rpyeffect:93([k@[method_Emit_0@[mcore:[#39]#127]#129]#136])>+2: {"op": "Switch". "scrutinee": 0. "values": [<BoolValue object at 0x7fb343bcb6e0>]. "targets": [97]. "default": 100}')
debug_merge_point(0, 0, '100<main.rpyeffect:92([switch default case#150])>+0: {"op": "Switch". "scrutinee": 0. "values": [<BoolValue object at 0x7fb343bcb700>]. "targets": [98]. "default": 99}')
debug_merge_point(0, 0, '98<main.rpyeffect:90([switch case for Bool(false)#151])>+0: {"op": "Construct". "out": 0. "type": Interned({"op": "eff$Tuple". "elements": []}). "tag": Interned({"op": "eff$Tuple". "elements": []}). "args": {"any": []}}')
debug_merge_point(0, 0, '98<main.rpyeffect:90([switch case for Bool(false)#151])>+1: {"op": "Return". "args": {"any": [0]}}')
debug_merge_point(0, 0, '95<main.rpyeffect:87([#138])>+0: {"op": "Construct". "out": 0. "type": Interned({"op": "eff$Tuple". "elements": []}). "tag": Interned({"op": "eff$Tuple". "elements": []}). "args": {"any": []}}')
debug_merge_point(0, 0, '95<main.rpyeffect:87([#138])>+1: {"op": "Jump". "target": 94}')
debug_merge_point(0, 0, '94<main.rpyeffect:86(Name(k_60))>+0: {"op": "PushStack". "arg": 1}')
+597: i52 = instance_ptr_eq(p4, ConstPtr(ptr51))
+604: guard_false(i52, descr=<Guard0x7fb343be53d0>) [p2, p7, p9, p11, p13, p15, p17, p19, p21, p23, p25, p27, p29, p31, p33, p35, p37, p0, p1, p3, p4]
+610: guard_nonnull_class(p48, ConstClass(MetaStackWithBinding), descr=<Guard0x7fb343bc2ad0>) [p2, p7, p9, p11, p13, p15, p17, p19, p21, p23, p25, p27, p29, p31, p33, p35, p37, p0, p1, p3, p4]
+629: p54 = getfield_gc_r(p48, descr=<FieldP rpyeffect.stack.MetaStack.inst_region 24 pure>)
+633: guard_isnull(p54, descr=<Guard0x7fb343be5400>) [p2, p7, p9, p11, p13, p15, p17, p19, p21, p23, p25, p27, p29, p31, p33, p35, p37, p0, p1, p3, p4]
+642: p55 = getfield_gc_r(p48, descr=<FieldP rpyeffect.stack.MetaStackLike.inst_stack 8 pure>)
+646: p56 = getfield_gc_r(p48, descr=<FieldP rpyeffect.stack.MetaStack.inst_tail 32 pure>)
+650: guard_isnull(p56, descr=<Guard0x7fb343be5430>) [p2, p7, p9, p11, p13, p15, p17, p19, p21, p23, p25, p27, p29, p31, p33, p35, p37, p0, p1, p3, p4]
+659: p57 = getfield_gc_r(p48, descr=<FieldP rpyeffect.stack.MetaStack.inst_label 16 pure>)
+663: p58 = getfield_gc_r(p48, descr=<FieldP rpyeffect.stack.MetaStackWithBinding.inst_binding 40 pure>)
+667: i60 = instance_ptr_eq(p58, ConstPtr(ptr59))
+670: guard_false(i60, descr=<Guard0x7fb343be5460>) [p2, p7, p9, p11, p13, p15, p17, p19, p21, p23, p25, p27, p29, p31, p33, p35, p37, p0, p1, p3, p4]
debug_merge_point(0, 0, '94<main.rpyeffect:86(Name(k_60))>+1: {"op": "Return". "args": {"any": [0]}}')
+676: guard_nonnull(p55, descr=<Guard0x7fb343be5490>) [p2, p7, p9, p11, p13, p15, p17, p19, p21, p23, p25, p27, p29, p31, p33, p35, p37, p0, p1, p3, p4]
+685: i61 = getfield_gc_i(p55, descr=<FieldS rpyeffect.stored_environment.Stack__arb.inst_target 16 pure>)
+689: guard_value(i61, 112, descr=<Guard0x7fb343be54c0>) [p2, p7, p9, p11, p13, p15, p17, p19, p21, p23, p25, p27, p29, p31, p33, p35, p37, p0, p1, p3, p4]
+699: p63 = getfield_gc_r(p55, descr=<FieldP rpyeffect.stored_environment.Stack__1.inst_values_ptr_0 32 pure>)
+703: p64 = getfield_gc_r(p55, descr=<FieldP rpyeffect.stored_environment.Stack__arb.inst_tail 8 pure>)
debug_merge_point(0, 0, '112<main.rpyeffect:104([#197])>+0: {"op": "Push". "target": 111. "args": {"any": []}}')
debug_merge_point(0, 0, '112<main.rpyeffect:104([#197])>+1: {"op": "Copy". "type": "any". "from": 1. "to". 0}')
debug_merge_point(0, 0, '112<main.rpyeffect:104([#197])>+2: {"op": "Jump". "target": 74}')
debug_merge_point(0, 0, '74<main.rpyeffect:66(Name(-_34))>+0: {"op": "New". "out": 0. "targets": [73]. "args": {"any": [0]}}')
debug_merge_point(0, 0, '74<main.rpyeffect:66(Name(-_34))>+1: {"op": "Return". "args": {"any": [0]}}')
debug_merge_point(0, 0, '111<main.rpyeffect:103([k@[#197]#199])>+0: {"op": "Const". "type": "ptr". "out": 1. "format": "int". "value": "<IntValue object at 0x7fb343bcb460>"}')
debug_merge_point(0, 0, '111<main.rpyeffect:103([k@[#197]#199])>+1: {"op": "Push". "target": 110. "args": {"any": []}}')
debug_merge_point(0, 0, '111<main.rpyeffect:103([k@[#197]#199])>+2: {"op": "Swap". "type": "any". "a": 0. "b". 1}')
debug_merge_point(0, 0, '111<main.rpyeffect:103([k@[#197]#199])>+3: {"op": "Invoke". "receiver": 1. "tag": Interned(apply). "args" : {"any": [0]}}')
debug_merge_point(0, 0, '73<main.rpyeffect:65([method_apply@Name(-_34)#96])>+0: {"op": "Jump". "target": 72}')
debug_merge_point(0, 0, '72<main.rpyeffect:64([mcore:[#28]#93])>+0: {"op": "PrimOp". "name": "infixSub(Int. Int): Int". "out": {"any": [0]}. "in": {"any": [1. 0]}}')
+707: i65 = getfield_gc_i(p63, descr=<FieldS rpyeffect.value.IntValue.inst_value 8 pure>)
+711: i67 = int_sub(i65, 1)
debug_merge_point(0, 0, '72<main.rpyeffect:64([mcore:[#28]#93])>+1: {"op": "Return". "args": {"any": [0]}}')
debug_merge_point(0, 0, '110<main.rpyeffect:102([k@[k@[#197]#199]#203])>+0: {"op": "Const". "type": "ptr". "out": 1. "format": "string". "value": "Name(Emit_0)"}')
debug_merge_point(0, 0, '110<main.rpyeffect:102([k@[k@[#197]#199]#203])>+1: {"op": "PrimOp". "name": "getGlobal(String): Ptr". "out": {"any": [1]}. "in": {"any": [1]}}')
debug_merge_point(0, 0, '110<main.rpyeffect:102([k@[k@[#197]#199]#203])>+2: {"op": "Jump". "target": 120}')
debug_merge_point(0, 0, '120<main.rpyeffect:112(Name(loop_72))>+0: {"op": "Push". "target": 119. "args": {"any": [0]}}')
debug_merge_point(0, 0, '120<main.rpyeffect:112(Name(loop_72))>+1: {"op": "Jump". "target": 16}')
debug_merge_point(0, 0, '16<main.rpyeffect:8(Name(>_2))>+0: {"op": "New". "out": 0. "targets": [15]. "args": {"any": [0]}}')
+715: p68 = new_with_vtable(descr=<SizeDescr 40>)
+756: p69 = new_with_vtable(descr=<SizeDescr 16>)
+767: setfield_gc(p69, i67, descr=<FieldS rpyeffect.value.IntValue.inst_value 8 pure>)
+771: p70 = new_with_vtable(descr=<SizeDescr 48>)
+782: setfield_gc(p68, 119, descr=<FieldS rpyeffect.stored_environment.Stack__arb.inst_target 16 pure>)
+790: setfield_gc(p68, p64, descr=<FieldP rpyeffect.stored_environment.Stack__arb.inst_tail 8 pure>)
+794: setfield_gc(p70, ConstPtr(null), descr=<FieldP rpyeffect.stack.MetaStack.inst_region 24 pure>)
+802: setfield_gc(p70, p50, descr=<FieldP rpyeffect.stack.MetaStackLike.inst_stack 8 pure>)
+806: setfield_gc(p70, p3, descr=<FieldP rpyeffect.stack.MetaStack.inst_tail 32 pure>)
+817: setfield_gc(p70, p0, descr=<FieldP rpyeffect.stack.MetaStack.inst_label 16 pure>)
+828: setfield_gc(p70, p4, descr=<FieldP rpyeffect.stack.MetaStackWithBinding.inst_binding 40 pure>)
+839: setfield_gc(p68, p69, descr=<FieldP rpyeffect.stored_environment.Stack__1.inst_values_ptr_0 32 pure>)
+858: jump(p57, p68, p2, p70, p58, p69, ConstPtr(ptr73), p49, p13, p15, p17, p19, p21, p23, p25, p27, p29, p31, p33, p35, p37, descr=TargetToken(140407912369376))
+912: --end of the loop--
[62ccbd0cefe6] jit-log-opt-loop}
[62ccbd2d12bd] {jit-log-opt-loop
# Loop 3 (15<main.rpyeffect:7([method_apply@Name(>_2)#16])>+0: {"op": "Jump", "target": 14}) : entry bridge with 122 ops
[p0, p1, p2, p3, p4]
+285: p5 = getfield_gc_r(p2, descr=<FieldP rpyeffect.environment.Environment.inst_values_ptr 16>)
+296: p7 = getarrayitem_gc_r(p5, 0, descr=<ArrayP 8>)
+300: p9 = getarrayitem_gc_r(p5, 1, descr=<ArrayP 8>)
+304: p11 = getarrayitem_gc_r(p5, 2, descr=<ArrayP 8>)
+308: p13 = getarrayitem_gc_r(p5, 3, descr=<ArrayP 8>)
+312: p15 = getarrayitem_gc_r(p5, 4, descr=<ArrayP 8>)
+316: p17 = getarrayitem_gc_r(p5, 5, descr=<ArrayP 8>)
+320: p19 = getarrayitem_gc_r(p5, 6, descr=<ArrayP 8>)
+324: p21 = getarrayitem_gc_r(p5, 7, descr=<ArrayP 8>)
+328: p23 = getarrayitem_gc_r(p5, 8, descr=<ArrayP 8>)
+332: p25 = getarrayitem_gc_r(p5, 9, descr=<ArrayP 8>)
+336: p27 = getarrayitem_gc_r(p5, 10, descr=<ArrayP 8>)
+340: p29 = getarrayitem_gc_r(p5, 11, descr=<ArrayP 8>)
+344: p31 = getarrayitem_gc_r(p5, 12, descr=<ArrayP 8>)
+355: p33 = getarrayitem_gc_r(p5, 13, descr=<ArrayP 8>)
+366: p35 = getarrayitem_gc_r(p5, 14, descr=<ArrayP 8>)
+380: p37 = getarrayitem_gc_r(p5, 15, descr=<ArrayP 8>)
debug_merge_point(0, 0, '15<main.rpyeffect:7([method_apply@Name(>_2)#16])>+0: {"op": "Jump". "target": 14}')
+394: guard_not_invalidated(descr=<Guard0x7fb343bc2b18>) [p2, p7, p9, p11, p13, p15, p17, p19, p21, p23, p25, p27, p29, p31, p33, p35, p37, p0, p1, p3, p4]
debug_merge_point(0, 0, '14<main.rpyeffect:6([mcore:[#14]#13])>+0: {"op": "PrimOp". "name": "infixGt(Any. Any): Bool". "out": {"any": [0]}. "in": {"any": [1. 0]}}')
+394: guard_class(p9, ConstClass(IntValue), descr=<Guard0x7fb343be5790>) [p2, p7, p9, p11, p13, p15, p17, p19, p21, p23, p25, p27, p29, p31, p33, p35, p37, p0, p1, p3, p4]
+406: guard_nonnull_class(p7, ConstClass(IntValue), descr=<Guard0x7fb343bc2b60>) [p2, p7, p9, p11, p13, p15, p17, p19, p21, p23, p25, p27, p29, p31, p33, p35, p37, p0, p1, p3, p4]
+424: i40 = getfield_gc_i(p9, descr=<FieldS rpyeffect.value.IntValue.inst_value 8 pure>)
+428: i41 = getfield_gc_i(p7, descr=<FieldS rpyeffect.value.IntValue.inst_value 8 pure>)
+439: i42 = int_eq(i40, i41)
+442: guard_false(i42, descr=<Guard0x7fb343be57c0>) [p2, p7, p9, p11, p13, p15, p17, p19, p21, p23, p25, p27, p29, p31, p33, p35, p37, p0, p1, p3, p4]
+448: i43 = int_lt(i40, i41)
+451: guard_false(i43, descr=<Guard0x7fb343be57f0>) [p2, p7, p9, p11, p13, p15, p17, p19, p21, p23, p25, p27, p29, p31, p33, p35, p37, p0, p1, p3, p4]
debug_merge_point(0, 0, '14<main.rpyeffect:6([mcore:[#14]#13])>+1: {"op": "Return". "args": {"any": [0]}}')
+457: guard_nonnull(p1, descr=<Guard0x7fb343be5820>) [p2, p7, p9, p11, p13, p15, p17, p19, p21, p23, p25, p27, p29, p31, p33, p35, p37, p0, p1, p3, p4]
+471: i44 = getfield_gc_i(p1, descr=<FieldS rpyeffect.stored_environment.Stack__arb.inst_target 16 pure>)
+482: guard_value(i44, 118, descr=<Guard0x7fb343be5850>) [p2, p7, p9, p11, p13, p15, p17, p19, p21, p23, p25, p27, p29, p31, p33, p35, p37, p0, p1, p3, p4]
+492: p46 = getfield_gc_r(p1, descr=<FieldP rpyeffect.stored_environment.Stack__1.inst_values_ptr_0 32 pure>)
+496: p47 = getfield_gc_r(p1, descr=<FieldP rpyeffect.stored_environment.Stack__arb.inst_tail 8 pure>)
debug_merge_point(0, 0, '118<main.rpyeffect:110([k@[k@Name(loop_72)#182]#186])>+0: {"op": "Switch". "scrutinee": 0. "values": [<BoolValue object at 0x7fb343bcb2b0>]. "targets": [114]. "default": 117}')
debug_merge_point(0, 0, '114<main.rpyeffect:106([switch case for Bool(true)#187])>+0: {"op": "Push". "target": 113. "args": {"any": [1]}}')
debug_merge_point(0, 0, '114<main.rpyeffect:106([switch case for Bool(true)#187])>+1: {"op": "Copy". "type": "any". "from": 1. "to". 0}')
debug_merge_point(0, 0, '114<main.rpyeffect:106([switch case for Bool(true)#187])>+2: {"op": "Jump". "target": 93}')
debug_merge_point(0, 0, '93<main.rpyeffect:85(Name(measure_51))>+0: {"op": "Push". "target": 92. "args": {"any": []}}')
debug_merge_point(0, 0, '93<main.rpyeffect:85(Name(measure_51))>+1: {"op": "Jump". "target": 59}')
debug_merge_point(0, 0, '59<main.rpyeffect:51(Name(+_27))>+0: {"op": "New". "out": 0. "targets": [58]. "args": {"any": [0]}}')
debug_merge_point(0, 0, '59<main.rpyeffect:51(Name(+_27))>+1: {"op": "Return". "args": {"any": [0]}}')
debug_merge_point(0, 0, '92<main.rpyeffect:84([k@Name(measure_51)#118])>+0: {"op": "Const". "type": "ptr". "out": 1. "format": "int". "value": "<IntValue object at 0x7fb343bcb8f0>"}')
debug_merge_point(0, 0, '92<main.rpyeffect:84([k@Name(measure_51)#118])>+1: {"op": "Push". "target": 91. "args": {"any": []}}')
debug_merge_point(0, 0, '92<main.rpyeffect:84([k@Name(measure_51)#118])>+2: {"op": "Swap". "type": "any". "a": 0. "b". 1}')
debug_merge_point(0, 0, '92<main.rpyeffect:84([k@Name(measure_51)#118])>+3: {"op": "Invoke". "receiver": 1. "tag": Interned(apply). "args" : {"any": [0]}}')
debug_merge_point(0, 0, '58<main.rpyeffect:50([method_apply@Name(+_27)#74])>+0: {"op": "Jump". "target": 57}')
debug_merge_point(0, 0, '57<main.rpyeffect:49([mcore:[#24]#71])>+0: {"op": "PrimOp". "name": "infixAdd(Int. Int): Int". "out": {"any": [0]}. "in": {"any": [1. 0]}}')
+507: i48 = getfield_gc_i(p46, descr=<FieldS rpyeffect.value.IntValue.inst_value 8 pure>)
+518: i50 = int_add(i48, 30)
debug_merge_point(0, 0, '57<main.rpyeffect:49([mcore:[#24]#71])>+1: {"op": "Return". "args": {"any": [0]}}')
debug_merge_point(0, 0, '91<main.rpyeffect:83([k@[k@Name(measure_51)#118]#122])>+0: {"op": "Push". "target": 90. "args": {"any": []}}')
debug_merge_point(0, 0, '91<main.rpyeffect:83([k@[k@Name(measure_51)#118]#122])>+1: {"op": "Jump". "target": 65}')
debug_merge_point(0, 0, '65<main.rpyeffect:57(Name(mod_29))>+0: {"op": "New". "out": 0. "targets": [64]. "args": {"any": [0]}}')
debug_merge_point(0, 0, '65<main.rpyeffect:57(Name(mod_29))>+1: {"op": "Return". "args": {"any": [0]}}')
debug_merge_point(0, 0, '90<main.rpyeffect:82([k@[k@[k@Name(measure_51)#118]#122]#124])>+0: {"op": "Const". "type": "ptr". "out": 1. "format": "int". "value": "<IntValue object at 0x7fb343bcb940>"}')
debug_merge_point(0, 0, '90<main.rpyeffect:82([k@[k@[k@Name(measure_51)#118]#122]#124])>+1: {"op": "Swap". "type": "any". "a": 0. "b". 1}')
debug_merge_point(0, 0, '90<main.rpyeffect:82([k@[k@[k@Name(measure_51)#118]#122]#124])>+2: {"op": "Invoke". "receiver": 1. "tag": Interned(apply). "args" : {"any": [0]}}')
debug_merge_point(0, 0, '64<main.rpyeffect:56([method_apply@Name(mod_29)#84])>+0: {"op": "Jump". "target": 63}')
debug_merge_point(0, 0, '63<main.rpyeffect:55([mcore:[#26]#81])>+0: {"op": "PrimOp". "name": "mod(Int. Int): Int". "out": {"any": [0]}. "in": {"any": [1. 0]}}')
+522: i52 = int_rshift(i50, 63)
+533: i53 = int_xor(i50, i52)
+550: i55 = uint_mul_high(i53, -4392081922311798003)
+577: i57 = uint_rshift(i55, 5)
+581: i58 = int_xor(i57, i52)
+588: i60 = int_mul(i58, 42)
+592: i61 = int_sub(i50, i60)
debug_merge_point(0, 0, '63<main.rpyeffect:55([mcore:[#26]#81])>+1: {"op": "Return". "args": {"any": [0]}}')
debug_merge_point(0, 0, '113<main.rpyeffect:105([k@[switch case for Bool(true)#187]#189])>+0: {"op": "Const". "type": "ptr". "out": 2. "format": "int". "value": "<IntValue object at 0x7fb343bcb3f0>"}')
debug_merge_point(0, 0, '113<main.rpyeffect:105([k@[switch case for Bool(true)#187]#189])>+1: {"op": "Const". "type": "ptr". "out": 3. "format": "string". "value": "Name(Emit_0)"}')
debug_merge_point(0, 0, '113<main.rpyeffect:105([k@[switch case for Bool(true)#187]#189])>+2: {"op": "PrimOp". "name": "getGlobal(String): Ptr". "out": {"any": [3]}. "in": {"any": [3]}}')
debug_merge_point(0, 0, '113<main.rpyeffect:105([k@[switch case for Bool(true)#187]#189])>+3: {"op": "GetDynamic". "out": 2. "n": 2. "label": 3}')
+609: i63 = instance_ptr_eq(p4, ConstPtr(ptr62))
+616: guard_false(i63, descr=<Guard0x7fb343be5880>) [p2, p7, p9, p11, p13, p15, p17, p19, p21, p23, p25, p27, p29, p31, p33, p35, p37, p0, p1, p3, p4]
+622: guard_nonnull(p0, descr=<Guard0x7fb343be58b0>) [p2, p7, p9, p11, p13, p15, p17, p19, p21, p23, p25, p27, p29, p31, p33, p35, p37, p0, p1, p3, p4]
+636: i64 = getfield_gc_i(p0, descr=<FieldS rpyeffect.stack.Label.inst_origin 8 pure>)
+647: guard_value(i64, 141343, descr=<Guard0x7fb343be58e0>) [p2, p7, p9, p11, p13, p15, p17, p19, p21, p23, p25, p27, p29, p31, p33, p35, p37, p0, p1, p3, p4]
+667: i67 = instance_ptr_eq(p0, ConstPtr(ptr66))
+670: guard_true(i67, descr=<Guard0x7fb343be5910>) [p2, p7, p9, p11, p13, p15, p17, p19, p21, p23, p25, p27, p29, p31, p33, p35, p37, p0, p1, p3, p4]
debug_merge_point(0, 0, '113<main.rpyeffect:105([k@[switch case for Bool(true)#187]#189])>+4: {"op": "Push". "target": 112. "args": {"any": [1]}}')
debug_merge_point(0, 0, '113<main.rpyeffect:105([k@[switch case for Bool(true)#187]#189])>+5: {"op": "Invoke". "receiver": 2. "tag": Interned(Emit_0). "args" : {"any": [0]}}')
+676: p68 = getfield_gc_r(p4, descr=<FieldP rpyeffect.codata.CoData.inst_vtable 8 pure>)
+715: guard_value(p68, ConstPtr(ptr69), descr=<Guard0x7fb343be5940>) [p2, p7, p9, p11, p13, p15, p17, p19, p21, p23, p25, p27, p29, p31, p33, p35, p37, p0, p1, p3, p4]
+724: p70 = getfield_gc_r(p4, descr=<FieldP rpyeffect.stored_environment.CoData__1.inst_values_ptr_0 24 pure>)
debug_merge_point(0, 0, '102<main.rpyeffect:94([method_Emit_0@[mcore:[#39]#127]#129])>+0: {"op": "Const". "type": "ptr". "out": 2. "format": "int". "value": "<IntValue object at 0x7fb343bcb6d0>"}')
debug_merge_point(0, 0, '102<main.rpyeffect:94([method_Emit_0@[mcore:[#39]#127]#129])>+1: {"op": "Const". "type": "ptr". "out": 3. "format": "string". "value": "Name(Emit_0)"}')
debug_merge_point(0, 0, '102<main.rpyeffect:94([method_Emit_0@[mcore:[#39]#127]#129])>+2: {"op": "PrimOp". "name": "getGlobal(String): Ptr". "out": {"any": [3]}. "in": {"any": [3]}}')
debug_merge_point(0, 0, '102<main.rpyeffect:94([method_Emit_0@[mcore:[#39]#127]#129])>+3: {"op": "ShiftDyn". "out": 2. "n": 2. "label": 3}')
+728: guard_nonnull_class(p3, ConstClass(MetaStackWithBinding), descr=<Guard0x7fb343bc2ba8>) [p2, p7, p9, p11, p13, p15, p17, p19, p21, p23, p25, p27, p29, p31, p33, p35, p37, p0, p1, p3, p4]
+754: p72 = getfield_gc_r(p3, descr=<FieldP rpyeffect.stack.MetaStackLike.inst_stack 8 pure>)
+765: p73 = getfield_gc_r(p3, descr=<FieldP rpyeffect.stack.MetaStack.inst_label 16 pure>)
+776: p74 = getfield_gc_r(p3, descr=<FieldP rpyeffect.stack.MetaStackWithBinding.inst_binding 40 pure>)
+787: p75 = getfield_gc_r(p3, descr=<FieldP rpyeffect.stack.MetaStack.inst_tail 32 pure>)
debug_merge_point(0, 0, '102<main.rpyeffect:94([method_Emit_0@[mcore:[#39]#127]#129])>+4: {"op": "Push". "target": 101. "args": {"any": [2. 0]}}')
debug_merge_point(0, 0, '102<main.rpyeffect:94([method_Emit_0@[mcore:[#39]#127]#129])>+5: {"op": "Invoke". "receiver": 1. "tag": Interned(apply). "args" : {"any": [0]}}')
+798: p76 = getfield_gc_r(p70, descr=<FieldP rpyeffect.codata.CoData.inst_vtable 8 pure>)
+824: guard_value(p76, ConstPtr(ptr77), descr=<Guard0x7fb343be5970>) [p2, p7, p9, p11, p13, p15, p17, p19, p21, p23, p25, p27, p29, p31, p33, p35, p37, p0, p1, p3, p4]
debug_merge_point(0, 0, '128<main.rpyeffect:120([method_apply@[mcore:[#52]#238]#241])>+0: {"op": "Jump". "target": 89}')
debug_merge_point(0, 0, '89<main.rpyeffect:81(Name(isValueTooBig_48))>+0: {"op": "Push". "target": 88. "args": {"any": []}}')
debug_merge_point(0, 0, '89<main.rpyeffect:81(Name(isValueTooBig_48))>+1: {"op": "Jump". "target": 16}')
debug_merge_point(0, 0, '16<main.rpyeffect:8(Name(>_2))>+0: {"op": "New". "out": 0. "targets": [15]. "args": {"any": [0]}}')
+833: p78 = new_with_vtable(descr=<SizeDescr 32>)
+877: p79 = new_with_vtable(descr=<SizeDescr 48>)
+889: setfield_gc(p79, p72, descr=<FieldP rpyeffect.stored_environment.Stack__arb.inst_tail 8 pure>)
+894: setfield_gc(p79, 101, descr=<FieldS rpyeffect.stored_environment.Stack__arb.inst_target 16 pure>)
+903: p81 = new_with_vtable(descr=<SizeDescr 48>)
+916: p82 = new_with_vtable(descr=<SizeDescr 40>)
+927: setfield_gc(p82, p47, descr=<FieldP rpyeffect.stored_environment.Stack__arb.inst_tail 8 pure>)
+931: setfield_gc(p82, 112, descr=<FieldS rpyeffect.stored_environment.Stack__arb.inst_target 16 pure>)
+939: setfield_gc(p82, p46, descr=<FieldP rpyeffect.stored_environment.Stack__1.inst_values_ptr_0 32 pure>)
+950: setfield_gc(p81, p82, descr=<FieldP rpyeffect.stack.MetaStackLike.inst_stack 8 pure>)
+954: setfield_gc(p81, p0, descr=<FieldP rpyeffect.stack.MetaStack.inst_label 16 pure>)
+958: setfield_gc(p81, ConstPtr(null), descr=<FieldP rpyeffect.stack.MetaStack.inst_region 24 pure>)
+966: setfield_gc(p81, ConstPtr(null), descr=<FieldP rpyeffect.stack.MetaStack.inst_tail 32 pure>)
+974: setfield_gc(p81, p4, descr=<FieldP rpyeffect.stack.MetaStackWithBinding.inst_binding 40 pure>)
+978: setfield_gc(p79, p81, descr=<FieldP rpyeffect.stored_environment.Stack__2.inst_values_ptr_0 32 pure>)
+983: p86 = new_with_vtable(descr=<SizeDescr 16>)
+994: setfield_gc(p86, i61, descr=<FieldS rpyeffect.value.IntValue.inst_value 8 pure>)
+998: setfield_gc(p79, p86, descr=<FieldP rpyeffect.stored_environment.Stack__2.inst_values_ptr_1 40 pure>)
+1003: setfield_gc(p78, 88, descr=<FieldS rpyeffect.stored_environment.Stack__arb.inst_target 16 pure>)
+1011: setfield_gc(p78, p79, descr=<FieldP rpyeffect.stored_environment.Stack__arb.inst_tail 8 pure>)
+1040: jump(p73, p78, p2, p75, p74, p86, p70, p81, ConstPtr(ptr88), p15, p17, p19, p21, p23, p25, p27, p29, p31, p33, p35, p37, descr=TargetToken(140407912369376))
+1312: --end of the loop--
[62ccbd31225d] jit-log-opt-loop}
[62ccbd586aa8] {jit-log-opt-bridge
# bridge out of Guard 0x7fb343be52b0 with 109 ops
[p0, p1, p2, p3, p4, p5, p6, p7, p8, p9, p10, p11, p12, p13, p14, p15, p16, p17, p18, p19, p20]
+158: guard_not_invalidated(descr=<Guard0x7fb343bc2da0>) [p0, p1, p2, p3, p4, p5, p6, p7, p8, p9, p10, p11, p12, p13, p14, p15, p16, p17, p18, p19, p20]
debug_merge_point(0, 0, '16<main.rpyeffect:8(Name(>_2))>+1: {"op": "Return". "args": {"any": [0]}}')
+158: guard_nonnull(p18, descr=<Guard0x7fb343c008f0>) [p0, p1, p2, p3, p4, p5, p6, p7, p8, p9, p10, p11, p12, p13, p14, p15, p16, p17, p18, p19, p20]
+167: i21 = getfield_gc_i(p18, descr=<FieldS rpyeffect.stored_environment.Stack__arb.inst_target 16 pure>)
+171: guard_value(i21, 119, descr=<Guard0x7fb343c008c0>) [p0, p1, p2, p3, p4, p5, p6, p7, p8, p9, p10, p11, p12, p13, p14, p15, p16, p17, p18, p19, p20]
+181: p23 = getfield_gc_r(p18, descr=<FieldP rpyeffect.stored_environment.Stack__1.inst_values_ptr_0 32 pure>)
+185: p24 = getfield_gc_r(p18, descr=<FieldP rpyeffect.stored_environment.Stack__arb.inst_tail 8 pure>)
debug_merge_point(0, 0, '119<main.rpyeffect:111([k@Name(loop_72)#182])>+0: {"op": "Const". "type": "ptr". "out": 2. "format": "int". "value": "<IntValue object at 0x7fb343bea9d0>"}')
debug_merge_point(0, 0, '119<main.rpyeffect:111([k@Name(loop_72)#182])>+1: {"op": "Push". "target": 118. "args": {"any": [1]}}')
debug_merge_point(0, 0, '119<main.rpyeffect:111([k@Name(loop_72)#182])>+2: {"op": "Copy". "type": "any". "from": 0. "to". 1}')
debug_merge_point(0, 0, '119<main.rpyeffect:111([k@Name(loop_72)#182])>+3: {"op": "Copy". "type": "any". "from": 2. "to". 0}')
debug_merge_point(0, 0, '119<main.rpyeffect:111([k@Name(loop_72)#182])>+4: {"op": "Invoke". "receiver": 1. "tag": Interned(apply). "args" : {"any": [0]}}')
debug_merge_point(0, 0, '15<main.rpyeffect:7([method_apply@Name(>_2)#16])>+0: {"op": "Jump". "target": 14}')
debug_merge_point(0, 0, '14<main.rpyeffect:6([mcore:[#14]#13])>+0: {"op": "PrimOp". "name": "infixGt(Any. Any): Bool". "out": {"any": [0]}. "in": {"any": [1. 0]}}')
+189: guard_class(p1, ConstClass(IntValue), descr=<Guard0x7fb343c00f80>) [p0, p1, p2, p3, p4, p5, p6, p7, p8, p9, p10, p11, p12, p13, p14, p15, p16, p17, p18, p19, p20]
+201: i26 = getfield_gc_i(p1, descr=<FieldS rpyeffect.value.IntValue.inst_value 8 pure>)
+205: i28 = int_eq(i26, 0)
+209: guard_false(i28, descr=<Guard0x7fb343c00fb0>) [p0, p1, p2, p3, p4, p5, p6, p7, p8, p9, p10, p11, p12, p13, p14, p15, p16, p17, p18, p19, p20]
+215: i29 = int_lt(i26, 0)
+219: guard_false(i29, descr=<Guard0x7fb343c00fe0>) [p0, p1, p2, p3, p4, p5, p6, p7, p8, p9, p10, p11, p12, p13, p14, p15, p16, p17, p18, p19, p20]
debug_merge_point(0, 0, '14<main.rpyeffect:6([mcore:[#14]#13])>+1: {"op": "Return". "args": {"any": [0]}}')
debug_merge_point(0, 0, '118<main.rpyeffect:110([k@[k@Name(loop_72)#182]#186])>+0: {"op": "Switch". "scrutinee": 0. "values": [<BoolValue object at 0x7fb343bcb2b0>]. "targets": [114]. "default": 117}')
debug_merge_point(0, 0, '114<main.rpyeffect:106([switch case for Bool(true)#187])>+0: {"op": "Push". "target": 113. "args": {"any": [1]}}')
debug_merge_point(0, 0, '114<main.rpyeffect:106([switch case for Bool(true)#187])>+1: {"op": "Copy". "type": "any". "from": 1. "to". 0}')
debug_merge_point(0, 0, '114<main.rpyeffect:106([switch case for Bool(true)#187])>+2: {"op": "Jump". "target": 93}')
debug_merge_point(0, 0, '93<main.rpyeffect:85(Name(measure_51))>+0: {"op": "Push". "target": 92. "args": {"any": []}}')
debug_merge_point(0, 0, '93<main.rpyeffect:85(Name(measure_51))>+1: {"op": "Jump". "target": 59}')
debug_merge_point(0, 0, '59<main.rpyeffect:51(Name(+_27))>+0: {"op": "New". "out": 0. "targets": [58]. "args": {"any": [0]}}')
debug_merge_point(0, 0, '59<main.rpyeffect:51(Name(+_27))>+1: {"op": "Return". "args": {"any": [0]}}')
debug_merge_point(0, 0, '92<main.rpyeffect:84([k@Name(measure_51)#118])>+0: {"op": "Const". "type": "ptr". "out": 1. "format": "int". "value": "<IntValue object at 0x7fb343bcb8f0>"}')
debug_merge_point(0, 0, '92<main.rpyeffect:84([k@Name(measure_51)#118])>+1: {"op": "Push". "target": 91. "args": {"any": []}}')
debug_merge_point(0, 0, '92<main.rpyeffect:84([k@Name(measure_51)#118])>+2: {"op": "Swap". "type": "any". "a": 0. "b". 1}')
debug_merge_point(0, 0, '92<main.rpyeffect:84([k@Name(measure_51)#118])>+3: {"op": "Invoke". "receiver": 1. "tag": Interned(apply). "args" : {"any": [0]}}')
debug_merge_point(0, 0, '58<main.rpyeffect:50([method_apply@Name(+_27)#74])>+0: {"op": "Jump". "target": 57}')
debug_merge_point(0, 0, '57<main.rpyeffect:49([mcore:[#24]#71])>+0: {"op": "PrimOp". "name": "infixAdd(Int. Int): Int". "out": {"any": [0]}. "in": {"any": [1. 0]}}')
+225: i30 = getfield_gc_i(p23, descr=<FieldS rpyeffect.value.IntValue.inst_value 8 pure>)
+229: i32 = int_add(i30, 30)
debug_merge_point(0, 0, '57<main.rpyeffect:49([mcore:[#24]#71])>+1: {"op": "Return". "args": {"any": [0]}}')
debug_merge_point(0, 0, '91<main.rpyeffect:83([k@[k@Name(measure_51)#118]#122])>+0: {"op": "Push". "target": 90. "args": {"any": []}}')
debug_merge_point(0, 0, '91<main.rpyeffect:83([k@[k@Name(measure_51)#118]#122])>+1: {"op": "Jump". "target": 65}')
debug_merge_point(0, 0, '65<main.rpyeffect:57(Name(mod_29))>+0: {"op": "New". "out": 0. "targets": [64]. "args": {"any": [0]}}')
debug_merge_point(0, 0, '65<main.rpyeffect:57(Name(mod_29))>+1: {"op": "Return". "args": {"any": [0]}}')
debug_merge_point(0, 0, '90<main.rpyeffect:82([k@[k@[k@Name(measure_51)#118]#122]#124])>+0: {"op": "Const". "type": "ptr". "out": 1. "format": "int". "value": "<IntValue object at 0x7fb343bcb940>"}')
debug_merge_point(0, 0, '90<main.rpyeffect:82([k@[k@[k@Name(measure_51)#118]#122]#124])>+1: {"op": "Swap". "type": "any". "a": 0. "b". 1}')
debug_merge_point(0, 0, '90<main.rpyeffect:82([k@[k@[k@Name(measure_51)#118]#122]#124])>+2: {"op": "Invoke". "receiver": 1. "tag": Interned(apply). "args" : {"any": [0]}}')
debug_merge_point(0, 0, '64<main.rpyeffect:56([method_apply@Name(mod_29)#84])>+0: {"op": "Jump". "target": 63}')
debug_merge_point(0, 0, '63<main.rpyeffect:55([mcore:[#26]#81])>+0: {"op": "PrimOp". "name": "mod(Int. Int): Int". "out": {"any": [0]}. "in": {"any": [1. 0]}}')
+233: i34 = int_rshift(i32, 63)
+240: i35 = int_xor(i32, i34)
+246: i37 = uint_mul_high(i35, -4392081922311798003)
+266: i39 = uint_rshift(i37, 5)
+270: i40 = int_xor(i39, i34)
+273: i42 = int_mul(i40, 42)
+277: i43 = int_sub(i32, i42)
debug_merge_point(0, 0, '63<main.rpyeffect:55([mcore:[#26]#81])>+1: {"op": "Return". "args": {"any": [0]}}')
debug_merge_point(0, 0, '113<main.rpyeffect:105([k@[switch case for Bool(true)#187]#189])>+0: {"op": "Const". "type": "ptr". "out": 2. "format": "int". "value": "<IntValue object at 0x7fb343bcb3f0>"}')
debug_merge_point(0, 0, '113<main.rpyeffect:105([k@[switch case for Bool(true)#187]#189])>+1: {"op": "Const". "type": "ptr". "out": 3. "format": "string". "value": "Name(Emit_0)"}')
debug_merge_point(0, 0, '113<main.rpyeffect:105([k@[switch case for Bool(true)#187]#189])>+2: {"op": "PrimOp". "name": "getGlobal(String): Ptr". "out": {"any": [3]}. "in": {"any": [3]}}')
debug_merge_point(0, 0, '113<main.rpyeffect:105([k@[switch case for Bool(true)#187]#189])>+3: {"op": "GetDynamic". "out": 2. "n": 2. "label": 3}')
+287: i45 = instance_ptr_eq(p20, ConstPtr(ptr44))
+294: guard_false(i45, descr=<Guard0x7fb343c01010>) [p0, p1, p2, p3, p4, p5, p6, p7, p8, p9, p10, p11, p12, p13, p14, p15, p16, p17, p18, p19, p20]
+300: guard_nonnull(p17, descr=<Guard0x7fb343c01040>) [p0, p1, p2, p3, p4, p5, p6, p7, p8, p9, p10, p11, p12, p13, p14, p15, p16, p17, p18, p19, p20]
+314: i46 = getfield_gc_i(p17, descr=<FieldS rpyeffect.stack.Label.inst_origin 8 pure>)
+326: guard_value(i46, 141343, descr=<Guard0x7fb343c01070>) [p0, p1, p2, p3, p4, p5, p6, p7, p8, p9, p10, p11, p12, p13, p14, p15, p16, p17, p18, p19, p20]
+346: i49 = instance_ptr_eq(p17, ConstPtr(ptr48))
+349: guard_true(i49, descr=<Guard0x7fb343c010a0>) [p0, p1, p2, p3, p4, p5, p6, p7, p8, p9, p10, p11, p12, p13, p14, p15, p16, p17, p18, p19, p20]
debug_merge_point(0, 0, '113<main.rpyeffect:105([k@[switch case for Bool(true)#187]#189])>+4: {"op": "Push". "target": 112. "args": {"any": [1]}}')
debug_merge_point(0, 0, '113<main.rpyeffect:105([k@[switch case for Bool(true)#187]#189])>+5: {"op": "Invoke". "receiver": 2. "tag": Interned(Emit_0). "args" : {"any": [0]}}')
+355: p50 = getfield_gc_r(p20, descr=<FieldP rpyeffect.codata.CoData.inst_vtable 8 pure>)
+373: guard_value(p50, ConstPtr(ptr51), descr=<Guard0x7fb343c010d0>) [p0, p1, p2, p3, p4, p5, p6, p7, p8, p9, p10, p11, p12, p13, p14, p15, p16, p17, p18, p19, p20]
+382: p52 = getfield_gc_r(p20, descr=<FieldP rpyeffect.stored_environment.CoData__1.inst_values_ptr_0 24 pure>)
debug_merge_point(0, 0, '102<main.rpyeffect:94([method_Emit_0@[mcore:[#39]#127]#129])>+0: {"op": "Const". "type": "ptr". "out": 2. "format": "int". "value": "<IntValue object at 0x7fb343bcb6d0>"}')
debug_merge_point(0, 0, '102<main.rpyeffect:94([method_Emit_0@[mcore:[#39]#127]#129])>+1: {"op": "Const". "type": "ptr". "out": 3. "format": "string". "value": "Name(Emit_0)"}')
debug_merge_point(0, 0, '102<main.rpyeffect:94([method_Emit_0@[mcore:[#39]#127]#129])>+2: {"op": "PrimOp". "name": "getGlobal(String): Ptr". "out": {"any": [3]}. "in": {"any": [3]}}')
debug_merge_point(0, 0, '102<main.rpyeffect:94([method_Emit_0@[mcore:[#39]#127]#129])>+3: {"op": "ShiftDyn". "out": 2. "n": 2. "label": 3}')
+386: guard_nonnull_class(p19, ConstClass(MetaStackWithBinding), descr=<Guard0x7fb343bc2f98>) [p0, p1, p2, p3, p4, p5, p6, p7, p8, p9, p10, p11, p12, p13, p14, p15, p16, p17, p18, p19, p20]
+411: p54 = getfield_gc_r(p19, descr=<FieldP rpyeffect.stack.MetaStackLike.inst_stack 8 pure>)
+415: p55 = getfield_gc_r(p19, descr=<FieldP rpyeffect.stack.MetaStack.inst_label 16 pure>)
+419: p56 = getfield_gc_r(p19, descr=<FieldP rpyeffect.stack.MetaStackWithBinding.inst_binding 40 pure>)
+423: p57 = getfield_gc_r(p19, descr=<FieldP rpyeffect.stack.MetaStack.inst_tail 32 pure>)
debug_merge_point(0, 0, '102<main.rpyeffect:94([method_Emit_0@[mcore:[#39]#127]#129])>+4: {"op": "Push". "target": 101. "args": {"any": [2. 0]}}')
debug_merge_point(0, 0, '102<main.rpyeffect:94([method_Emit_0@[mcore:[#39]#127]#129])>+5: {"op": "Invoke". "receiver": 1. "tag": Interned(apply). "args" : {"any": [0]}}')
+427: p58 = getfield_gc_r(p52, descr=<FieldP rpyeffect.codata.CoData.inst_vtable 8 pure>)
+452: guard_value(p58, ConstPtr(ptr59), descr=<Guard0x7fb343c01100>) [p0, p1, p2, p3, p4, p5, p6, p7, p8, p9, p10, p11, p12, p13, p14, p15, p16, p17, p18, p19, p20]
debug_merge_point(0, 0, '128<main.rpyeffect:120([method_apply@[mcore:[#52]#238]#241])>+0: {"op": "Jump". "target": 89}')
debug_merge_point(0, 0, '89<main.rpyeffect:81(Name(isValueTooBig_48))>+0: {"op": "Push". "target": 88. "args": {"any": []}}')
debug_merge_point(0, 0, '89<main.rpyeffect:81(Name(isValueTooBig_48))>+1: {"op": "Jump". "target": 16}')
debug_merge_point(0, 0, '16<main.rpyeffect:8(Name(>_2))>+0: {"op": "New". "out": 0. "targets": [15]. "args": {"any": [0]}}')
+461: p60 = new_with_vtable(descr=<SizeDescr 32>)
+505: p61 = new_with_vtable(descr=<SizeDescr 48>)
+516: setfield_gc(p61, p54, descr=<FieldP rpyeffect.stored_environment.Stack__arb.inst_tail 8 pure>)
+520: setfield_gc(p61, 101, descr=<FieldS rpyeffect.stored_environment.Stack__arb.inst_target 16 pure>)
+528: p63 = new_with_vtable(descr=<SizeDescr 48>)
+539: p64 = new_with_vtable(descr=<SizeDescr 40>)
+550: setfield_gc(p64, p24, descr=<FieldP rpyeffect.stored_environment.Stack__arb.inst_tail 8 pure>)
+554: setfield_gc(p64, 112, descr=<FieldS rpyeffect.stored_environment.Stack__arb.inst_target 16 pure>)
+562: setfield_gc(p64, p23, descr=<FieldP rpyeffect.stored_environment.Stack__1.inst_values_ptr_0 32 pure>)
+566: setfield_gc(p63, p64, descr=<FieldP rpyeffect.stack.MetaStackLike.inst_stack 8 pure>)
+570: setfield_gc(p63, p17, descr=<FieldP rpyeffect.stack.MetaStack.inst_label 16 pure>)
+574: setfield_gc(p63, ConstPtr(null), descr=<FieldP rpyeffect.stack.MetaStack.inst_region 24 pure>)
+582: setfield_gc(p63, ConstPtr(null), descr=<FieldP rpyeffect.stack.MetaStack.inst_tail 32 pure>)
+590: setfield_gc(p63, p20, descr=<FieldP rpyeffect.stack.MetaStackWithBinding.inst_binding 40 pure>)
+594: setfield_gc(p61, p63, descr=<FieldP rpyeffect.stored_environment.Stack__2.inst_values_ptr_0 32 pure>)
+598: p68 = new_with_vtable(descr=<SizeDescr 16>)
+609: setfield_gc(p68, i43, descr=<FieldS rpyeffect.value.IntValue.inst_value 8 pure>)
+613: setfield_gc(p61, p68, descr=<FieldP rpyeffect.stored_environment.Stack__2.inst_values_ptr_1 40 pure>)
+617: setfield_gc(p60, 88, descr=<FieldS rpyeffect.stored_environment.Stack__arb.inst_target 16 pure>)
+625: setfield_gc(p60, p61, descr=<FieldP rpyeffect.stored_environment.Stack__arb.inst_tail 8 pure>)
+653: jump(p55, p60, p0, p57, p56, p68, p52, p63, ConstPtr(ptr70), p5, p6, p7, p8, p9, p10, p11, p12, p13, p14, p15, p16, descr=TargetToken(140407912369376))
+736: --end of the loop--
[62ccbd5bf619] jit-log-opt-bridge}
[62ccbda2ae02] {jit-log-opt-bridge
# bridge out of Guard 0x7fb343be5340 with 130 ops
[p0, p1, p2, p3, p4, p5, p6, p7, p8, p9, p10, p11, p12, p13, p14, p15, p16, p17, p18, p19, p20]
+222: guard_not_invalidated(descr=<Guard0x7fb343bc2fe0>) [p0, p1, p2, p3, p4, p5, p6, p7, p8, p9, p10, p11, p12, p13, p14, p15, p16, p17, p18, p19, p20]
debug_merge_point(0, 0, '16<main.rpyeffect:8(Name(>_2))>+1: {"op": "Return". "args": {"any": [0]}}')
+222: guard_nonnull(p18, descr=<Guard0x7fb343c015b0>) [p0, p1, p2, p3, p4, p5, p6, p7, p8, p9, p10, p11, p12, p13, p14, p15, p16, p17, p18, p19, p20]
+231: i21 = getfield_gc_i(p18, descr=<FieldS rpyeffect.stored_environment.Stack__arb.inst_target 16 pure>)
+235: guard_value(i21, 88, descr=<Guard0x7fb343c015e0>) [p0, p1, p2, p3, p4, p5, p6, p7, p8, p9, p10, p11, p12, p13, p14, p15, p16, p17, p18, p19, p20]
+245: p23 = getfield_gc_r(p18, descr=<FieldP rpyeffect.stored_environment.Stack__arb.inst_tail 8 pure>)
debug_merge_point(0, 0, '88<main.rpyeffect:80([k@Name(isValueTooBig_48)#114])>+0: {"op": "Const". "type": "ptr". "out": 1. "format": "int". "value": "<IntValue object at 0x7fb343bcb990>"}')
debug_merge_point(0, 0, '88<main.rpyeffect:80([k@Name(isValueTooBig_48)#114])>+1: {"op": "Swap". "type": "any". "a": 0. "b". 1}')
debug_merge_point(0, 0, '88<main.rpyeffect:80([k@Name(isValueTooBig_48)#114])>+2: {"op": "Invoke". "receiver": 1. "tag": Interned(apply). "args" : {"any": [0]}}')
debug_merge_point(0, 0, '15<main.rpyeffect:7([method_apply@Name(>_2)#16])>+0: {"op": "Jump". "target": 14}')
debug_merge_point(0, 0, '14<main.rpyeffect:6([mcore:[#14]#13])>+0: {"op": "PrimOp". "name": "infixGt(Any. Any): Bool". "out": {"any": [0]}. "in": {"any": [1. 0]}}')
+249: guard_class(p1, ConstClass(IntValue), descr=<Guard0x7fb343c01610>) [p0, p1, p2, p3, p4, p5, p6, p7, p8, p9, p10, p11, p12, p13, p14, p15, p16, p17, p18, p19, p20]
+261: i25 = getfield_gc_i(p1, descr=<FieldS rpyeffect.value.IntValue.inst_value 8 pure>)
+265: i27 = int_eq(i25, 39)
+269: guard_false(i27, descr=<Guard0x7fb343c01640>) [p0, p1, p2, p3, p4, p5, p6, p7, p8, p9, p10, p11, p12, p13, p14, p15, p16, p17, p18, p19, p20]
+275: i28 = int_lt(i25, 39)
+279: guard_false(i28, descr=<Guard0x7fb343c01670>) [p0, p1, p2, p3, p4, p5, p6, p7, p8, p9, p10, p11, p12, p13, p14, p15, p16, p17, p18, p19, p20]
debug_merge_point(0, 0, '14<main.rpyeffect:6([mcore:[#14]#13])>+1: {"op": "Return". "args": {"any": [0]}}')
+285: guard_nonnull(p23, descr=<Guard0x7fb343c016a0>) [p0, p1, p2, p3, p4, p5, p6, p7, p8, p9, p10, p11, p12, p13, p14, p15, p16, p17, p18, p19, p20]
+294: i29 = getfield_gc_i(p23, descr=<FieldS rpyeffect.stored_environment.Stack__arb.inst_target 16 pure>)
+298: guard_value(i29, 101, descr=<Guard0x7fb343c016d0>) [p0, p1, p2, p3, p4, p5, p6, p7, p8, p9, p10, p11, p12, p13, p14, p15, p16, p17, p18, p19, p20]
+308: p31 = getfield_gc_r(p23, descr=<FieldP rpyeffect.stored_environment.Stack__2.inst_values_ptr_0 32 pure>)
+312: p32 = getfield_gc_r(p23, descr=<FieldP rpyeffect.stored_environment.Stack__2.inst_values_ptr_1 40 pure>)
+312: p33 = getfield_gc_r(p23, descr=<FieldP rpyeffect.stored_environment.Stack__arb.inst_tail 8 pure>)
debug_merge_point(0, 0, '101<main.rpyeffect:93([k@[method_Emit_0@[mcore:[#39]#127]#129]#136])>+0: {"op": "Push". "target": 95. "args": {"any": [1]}}')
debug_merge_point(0, 0, '101<main.rpyeffect:93([k@[method_Emit_0@[mcore:[#39]#127]#129]#136])>+1: {"op": "Copy". "type": "any". "from": 2. "to". 1}')
debug_merge_point(0, 0, '101<main.rpyeffect:93([k@[method_Emit_0@[mcore:[#39]#127]#129]#136])>+2: {"op": "Switch". "scrutinee": 0. "values": [<BoolValue object at 0x7fb343bcb6e0>]. "targets": [97]. "default": 100}')
debug_merge_point(0, 0, '97<main.rpyeffect:89([switch case for Bool(true)#141])>+0: {"op": "Const". "type": "ptr". "out": 0. "format": "int". "value": "<IntValue object at 0x7fb343bcb800>"}')
debug_merge_point(0, 0, '97<main.rpyeffect:89([switch case for Bool(true)#141])>+1: {"op": "Const". "type": "ptr". "out": 2. "format": "string". "value": "Name(Emit_0)"}')
debug_merge_point(0, 0, '97<main.rpyeffect:89([switch case for Bool(true)#141])>+2: {"op": "PrimOp". "name": "getGlobal(String): Ptr". "out": {"any": [2]}. "in": {"any": [2]}}')
debug_merge_point(0, 0, '97<main.rpyeffect:89([switch case for Bool(true)#141])>+3: {"op": "GetDynamic". "out": 0. "n": 0. "label": 2}')
+323: i35 = instance_ptr_eq(p20, ConstPtr(ptr34))
+330: guard_false(i35, descr=<Guard0x7fb343c01700>) [p0, p1, p2, p3, p4, p5, p6, p7, p8, p9, p10, p11, p12, p13, p14, p15, p16, p17, p18, p19, p20]
+336: guard_nonnull(p17, descr=<Guard0x7fb343c01730>) [p0, p1, p2, p3, p4, p5, p6, p7, p8, p9, p10, p11, p12, p13, p14, p15, p16, p17, p18, p19, p20]
+350: i36 = getfield_gc_i(p17, descr=<FieldS rpyeffect.stack.Label.inst_origin 8 pure>)
+362: guard_value(i36, 141343, descr=<Guard0x7fb343c01760>) [p0, p1, p2, p3, p4, p5, p6, p7, p8, p9, p10, p11, p12, p13, p14, p15, p16, p17, p18, p19, p20]
+382: i39 = instance_ptr_eq(p17, ConstPtr(ptr38))
+385: guard_true(i39, descr=<Guard0x7fb343c01790>) [p0, p1, p2, p3, p4, p5, p6, p7, p8, p9, p10, p11, p12, p13, p14, p15, p16, p17, p18, p19, p20]
debug_merge_point(0, 0, '97<main.rpyeffect:89([switch case for Bool(true)#141])>+4: {"op": "Push". "target": 96. "args": {"any": []}}')
debug_merge_point(0, 0, '97<main.rpyeffect:89([switch case for Bool(true)#141])>+5: {"op": "Swap". "type": "any". "a": 0. "b". 1}')
debug_merge_point(0, 0, '97<main.rpyeffect:89([switch case for Bool(true)#141])>+6: {"op": "Invoke". "receiver": 1. "tag": Interned(Emit_0). "args" : {"any": [0]}}')
+391: p40 = getfield_gc_r(p20, descr=<FieldP rpyeffect.codata.CoData.inst_vtable 8 pure>)
+409: guard_value(p40, ConstPtr(ptr41), descr=<Guard0x7fb343c017c0>) [p0, p1, p2, p3, p4, p5, p6, p7, p8, p9, p10, p11, p12, p13, p14, p15, p16, p17, p18, p19, p20]
debug_merge_point(0, 0, '125<main.rpyeffect:117([method_Emit_0@Name(count_91)#217])>+0: {"op": "Const". "type": "ptr". "out": 0. "format": "int". "value": "<IntValue object at 0x7fb343bea8c0>"}')
debug_merge_point(0, 0, '125<main.rpyeffect:117([method_Emit_0@Name(count_91)#217])>+1: {"op": "Const". "type": "ptr". "out": 1. "format": "string". "value": "Name(Emit_0)"}')
debug_merge_point(0, 0, '125<main.rpyeffect:117([method_Emit_0@Name(count_91)#217])>+2: {"op": "PrimOp". "name": "getGlobal(String): Ptr". "out": {"any": [1]}. "in": {"any": [1]}}')
debug_merge_point(0, 0, '125<main.rpyeffect:117([method_Emit_0@Name(count_91)#217])>+3: {"op": "ShiftDyn". "out": 0. "n": 0. "label": 1}')
+418: guard_nonnull_class(p19, 8697152, descr=<Guard0x7fb343bc3028>) [p0, p1, p2, p3, p4, p5, p6, p7, p8, p9, p10, p11, p12, p13, p14, p15, p16, p17, p18, p19, p20]
+443: p43 = getfield_gc_r(p19, descr=<FieldP rpyeffect.stack.MetaStackLike.inst_stack 8 pure>)
+447: p44 = getfield_gc_r(p19, descr=<FieldP rpyeffect.stack.MetaStack.inst_label 16 pure>)
+451: p45 = getfield_gc_r(p19, descr=<FieldP rpyeffect.stack.MetaStack.inst_tail 32 pure>)
debug_merge_point(0, 0, '125<main.rpyeffect:117([method_Emit_0@Name(count_91)#217])>+4: {"op": "Const". "type": "ptr". "out": 1. "format": "int". "value": "<IntValue object at 0x7fb343bea880>"}')
debug_merge_point(0, 0, '125<main.rpyeffect:117([method_Emit_0@Name(count_91)#217])>+5: {"op": "Push". "target": 124. "args": {"any": [0]}}')
debug_merge_point(0, 0, '125<main.rpyeffect:117([method_Emit_0@Name(count_91)#217])>+6: {"op": "Copy". "type": "any". "from": 1. "to". 0}')
debug_merge_point(0, 0, '125<main.rpyeffect:117([method_Emit_0@Name(count_91)#217])>+7: {"op": "Jump". "target": 59}')
debug_merge_point(0, 0, '59<main.rpyeffect:51(Name(+_27))>+0: {"op": "New". "out": 0. "targets": [58]. "args": {"any": [0]}}')
debug_merge_point(0, 0, '59<main.rpyeffect:51(Name(+_27))>+1: {"op": "Return". "args": {"any": [0]}}')
debug_merge_point(0, 0, '124<main.rpyeffect:116([k@[method_Emit_0@Name(count_91)#217]#226])>+0: {"op": "Construct". "out": 2. "type": Interned({"op": "eff$Tuple". "elements": []}). "tag": Interned({"op": "eff$Tuple". "elements": []}). "args": {"any": []}}')
debug_merge_point(0, 0, '124<main.rpyeffect:116([k@[method_Emit_0@Name(count_91)#217]#226])>+1: {"op": "Push". "target": 123. "args": {"any": [0]}}')
debug_merge_point(0, 0, '124<main.rpyeffect:116([k@[method_Emit_0@Name(count_91)#217]#226])>+2: {"op": "Copy". "type": "any". "from": 2. "to". 0}')
debug_merge_point(0, 0, '124<main.rpyeffect:116([k@[method_Emit_0@Name(count_91)#217]#226])>+3: {"op": "Jump". "target": 122}')
debug_merge_point(0, 0, '122<main.rpyeffect:114(Name(k_93))>+0: {"op": "PushStack". "arg": 1}')
debug_merge_point(0, 0, '122<main.rpyeffect:114(Name(k_93))>+1: {"op": "Return". "args": {"any": [0]}}')
debug_merge_point(0, 0, '96<main.rpyeffect:88([k@[switch case for Bool(true)#141]#149])>+0: {"op": "Return". "args": {"any": [0]}}')
debug_merge_point(0, 0, '95<main.rpyeffect:87([#138])>+0: {"op": "Construct". "out": 0. "type": Interned({"op": "eff$Tuple". "elements": []}). "tag": Interned({"op": "eff$Tuple". "elements": []}). "args": {"any": []}}')
debug_merge_point(0, 0, '95<main.rpyeffect:87([#138])>+1: {"op": "Jump". "target": 94}')
debug_merge_point(0, 0, '94<main.rpyeffect:86(Name(k_60))>+0: {"op": "PushStack". "arg": 1}')
+455: guard_nonnull_class(p31, ConstClass(MetaStackWithBinding), descr=<Guard0x7fb343bc3070>) [p0, p1, p2, p3, p4, p5, p6, p7, p8, p9, p10, p11, p12, p13, p14, p15, p16, p17, p18, p19, p20]
+474: p47 = getfield_gc_r(p31, descr=<FieldP rpyeffect.stack.MetaStack.inst_region 24 pure>)
+478: guard_isnull(p47, descr=<Guard0x7fb343c017f0>) [p0, p1, p2, p3, p4, p5, p6, p7, p8, p9, p10, p11, p12, p13, p14, p15, p16, p17, p18, p19, p20]
+487: p48 = getfield_gc_r(p31, descr=<FieldP rpyeffect.stack.MetaStackLike.inst_stack 8 pure>)
+491: p49 = getfield_gc_r(p31, descr=<FieldP rpyeffect.stack.MetaStack.inst_tail 32 pure>)
+502: guard_isnull(p49, descr=<Guard0x7fb343c01820>) [p0, p1, p2, p3, p4, p5, p6, p7, p8, p9, p10, p11, p12, p13, p14, p15, p16, p17, p18, p19, p20]
+511: p50 = getfield_gc_r(p31, descr=<FieldP rpyeffect.stack.MetaStack.inst_label 16 pure>)
+515: p51 = getfield_gc_r(p31, descr=<FieldP rpyeffect.stack.MetaStackWithBinding.inst_binding 40 pure>)
+526: i53 = instance_ptr_eq(p51, ConstPtr(ptr52))
+529: guard_false(i53, descr=<Guard0x7fb343c01850>) [p0, p1, p2, p3, p4, p5, p6, p7, p8, p9, p10, p11, p12, p13, p14, p15, p16, p17, p18, p19, p20]
debug_merge_point(0, 0, '94<main.rpyeffect:86(Name(k_60))>+1: {"op": "Return". "args": {"any": [0]}}')
+535: guard_nonnull(p48, descr=<Guard0x7fb343c01880>) [p0, p1, p2, p3, p4, p5, p6, p7, p8, p9, p10, p11, p12, p13, p14, p15, p16, p17, p18, p19, p20]
+544: i54 = getfield_gc_i(p48, descr=<FieldS rpyeffect.stored_environment.Stack__arb.inst_target 16 pure>)
+548: guard_value(i54, 112, descr=<Guard0x7fb343c018b0>) [p0, p1, p2, p3, p4, p5, p6, p7, p8, p9, p10, p11, p12, p13, p14, p15, p16, p17, p18, p19, p20]
+558: p56 = getfield_gc_r(p48, descr=<FieldP rpyeffect.stored_environment.Stack__1.inst_values_ptr_0 32 pure>)
+562: p57 = getfield_gc_r(p48, descr=<FieldP rpyeffect.stored_environment.Stack__arb.inst_tail 8 pure>)
debug_merge_point(0, 0, '112<main.rpyeffect:104([#197])>+0: {"op": "Push". "target": 111. "args": {"any": []}}')
debug_merge_point(0, 0, '112<main.rpyeffect:104([#197])>+1: {"op": "Copy". "type": "any". "from": 1. "to". 0}')
debug_merge_point(0, 0, '112<main.rpyeffect:104([#197])>+2: {"op": "Jump". "target": 74}')
debug_merge_point(0, 0, '74<main.rpyeffect:66(Name(-_34))>+0: {"op": "New". "out": 0. "targets": [73]. "args": {"any": [0]}}')
debug_merge_point(0, 0, '74<main.rpyeffect:66(Name(-_34))>+1: {"op": "Return". "args": {"any": [0]}}')
debug_merge_point(0, 0, '111<main.rpyeffect:103([k@[#197]#199])>+0: {"op": "Const". "type": "ptr". "out": 1. "format": "int". "value": "<IntValue object at 0x7fb343bcb460>"}')
debug_merge_point(0, 0, '111<main.rpyeffect:103([k@[#197]#199])>+1: {"op": "Push". "target": 110. "args": {"any": []}}')
debug_merge_point(0, 0, '111<main.rpyeffect:103([k@[#197]#199])>+2: {"op": "Swap". "type": "any". "a": 0. "b". 1}')
debug_merge_point(0, 0, '111<main.rpyeffect:103([k@[#197]#199])>+3: {"op": "Invoke". "receiver": 1. "tag": Interned(apply). "args" : {"any": [0]}}')
debug_merge_point(0, 0, '73<main.rpyeffect:65([method_apply@Name(-_34)#96])>+0: {"op": "Jump". "target": 72}')
debug_merge_point(0, 0, '72<main.rpyeffect:64([mcore:[#28]#93])>+0: {"op": "PrimOp". "name": "infixSub(Int. Int): Int". "out": {"any": [0]}. "in": {"any": [1. 0]}}')
+566: i58 = getfield_gc_i(p56, descr=<FieldS rpyeffect.value.IntValue.inst_value 8 pure>)
+570: i60 = int_sub(i58, 1)
debug_merge_point(0, 0, '72<main.rpyeffect:64([mcore:[#28]#93])>+1: {"op": "Return". "args": {"any": [0]}}')
debug_merge_point(0, 0, '110<main.rpyeffect:102([k@[k@[#197]#199]#203])>+0: {"op": "Const". "type": "ptr". "out": 1. "format": "string". "value": "Name(Emit_0)"}')
debug_merge_point(0, 0, '110<main.rpyeffect:102([k@[k@[#197]#199]#203])>+1: {"op": "PrimOp". "name": "getGlobal(String): Ptr". "out": {"any": [1]}. "in": {"any": [1]}}')
debug_merge_point(0, 0, '110<main.rpyeffect:102([k@[k@[#197]#199]#203])>+2: {"op": "Jump". "target": 120}')
debug_merge_point(0, 0, '120<main.rpyeffect:112(Name(loop_72))>+0: {"op": "Push". "target": 119. "args": {"any": [0]}}')
debug_merge_point(0, 0, '120<main.rpyeffect:112(Name(loop_72))>+1: {"op": "Jump". "target": 16}')
debug_merge_point(0, 0, '16<main.rpyeffect:8(Name(>_2))>+0: {"op": "New". "out": 0. "targets": [15]. "args": {"any": [0]}}')
+574: p61 = new_with_vtable(descr=<SizeDescr 40>)
+618: p62 = new_with_vtable(descr=<SizeDescr 16>)
+629: setfield_gc(p62, i60, descr=<FieldS rpyeffect.value.IntValue.inst_value 8 pure>)
+633: p63 = new_with_vtable(descr=<SizeDescr 48>)
+644: p64 = new_with_vtable(descr=<SizeDescr 40>)
+655: p65 = new_with_vtable(descr=<SizeDescr 40>)
+666: setfield_gc(p65, p43, descr=<FieldP rpyeffect.stored_environment.Stack__arb.inst_tail 8 pure>)
+670: setfield_gc(p65, 123, descr=<FieldS rpyeffect.stored_environment.Stack__arb.inst_target 16 pure>)
+678: p67 = new_with_vtable(descr=<SizeDescr 32>)
+703: setfield_gc(p67, ConstPtr(ptr68), descr=<FieldP rpyeffect.codata.CoData.inst_vtable 8 pure>)
+714: setfield_gc(p67, ConstPtr(ptr69), descr=<FieldP rpyeffect.stored_environment.CoData__1.inst_values_ptr_0 24 pure>)
+718: setfield_gc(p65, p67, descr=<FieldP rpyeffect.stored_environment.Stack__1.inst_values_ptr_0 32 pure>)
+722: setfield_gc(p64, p65, descr=<FieldP rpyeffect.stack.MetaStackLike.inst_stack 8 pure>)
+726: setfield_gc(p64, p44, descr=<FieldP rpyeffect.stack.MetaStack.inst_label 16 pure>)
+730: setfield_gc(p64, ConstPtr(null), descr=<FieldP rpyeffect.stack.MetaStack.inst_region 24 pure>)
+738: setfield_gc(p64, p45, descr=<FieldP rpyeffect.stack.MetaStack.inst_tail 32 pure>)
+742: p71 = new_with_vtable(descr=<SizeDescr 24>)
+753: setfield_gc(p61, 119, descr=<FieldS rpyeffect.stored_environment.Stack__arb.inst_target 16 pure>)
+761: setfield_gc(p61, p57, descr=<FieldP rpyeffect.stored_environment.Stack__arb.inst_tail 8 pure>)
+765: setfield_gc(p63, p33, descr=<FieldP rpyeffect.stack.MetaStackLike.inst_stack 8 pure>)
+769: setfield_gc(p63, p17, descr=<FieldP rpyeffect.stack.MetaStack.inst_label 16 pure>)
+773: setfield_gc(p63, p64, descr=<FieldP rpyeffect.stack.MetaStack.inst_tail 32 pure>)
+777: setfield_gc(p63, ConstPtr(null), descr=<FieldP rpyeffect.stack.MetaStack.inst_region 24 pure>)
+785: setfield_gc(p63, p20, descr=<FieldP rpyeffect.stack.MetaStackWithBinding.inst_binding 40 pure>)
+789: setfield_gc(p61, p62, descr=<FieldP rpyeffect.stored_environment.Stack__1.inst_values_ptr_0 32 pure>)
+800: setfield_gc(p71, ConstPtr(ptr74), descr=<FieldP rpyeffect.data.Data.inst_tag 8>)
+836: jump(p50, p61, p0, p63, p51, p62, ConstPtr(ptr75), p71, p4, p5, p6, p7, p8, p9, p10, p11, p12, p13, p14, p15, p16, descr=TargetToken(140407912369376))
+928: --end of the loop--
[62ccbda6dc6d] jit-log-opt-bridge}
[62ccbdcd03fa] {jit-log-opt-bridge
# bridge out of Guard 0x7fb343be5310 with 82 ops
[p0, p1, p2, p3, p4, p5, p6, p7, p8, p9, p10, p11, p12, p13, p14, p15, p16, p17, p18, p19, p20]
+142: guard_not_invalidated(descr=<Guard0x7fb343bc36a0>) [p0, p1, p2, p3, p4, p5, p6, p7, p8, p9, p10, p11, p12, p13, p14, p15, p16, p17, p18, p19, p20]
debug_merge_point(0, 0, '16<main.rpyeffect:8(Name(>_2))>+1: {"op": "Return". "args": {"any": [0]}}')
+142: guard_nonnull(p18, descr=<Guard0x7fb343c18e30>) [p0, p1, p2, p3, p4, p5, p6, p7, p8, p9, p10, p11, p12, p13, p14, p15, p16, p17, p18, p19, p20]
+151: i21 = getfield_gc_i(p18, descr=<FieldS rpyeffect.stored_environment.Stack__arb.inst_target 16 pure>)
+155: guard_value(i21, 88, descr=<Guard0x7fb343c18e60>) [p0, p1, p2, p3, p4, p5, p6, p7, p8, p9, p10, p11, p12, p13, p14, p15, p16, p17, p18, p19, p20]
+165: p23 = getfield_gc_r(p18, descr=<FieldP rpyeffect.stored_environment.Stack__arb.inst_tail 8 pure>)
debug_merge_point(0, 0, '88<main.rpyeffect:80([k@Name(isValueTooBig_48)#114])>+0: {"op": "Const". "type": "ptr". "out": 1. "format": "int". "value": "<IntValue object at 0x7fb343bcb990>"}')
debug_merge_point(0, 0, '88<main.rpyeffect:80([k@Name(isValueTooBig_48)#114])>+1: {"op": "Swap". "type": "any". "a": 0. "b". 1}')
debug_merge_point(0, 0, '88<main.rpyeffect:80([k@Name(isValueTooBig_48)#114])>+2: {"op": "Invoke". "receiver": 1. "tag": Interned(apply). "args" : {"any": [0]}}')
debug_merge_point(0, 0, '15<main.rpyeffect:7([method_apply@Name(>_2)#16])>+0: {"op": "Jump". "target": 14}')
debug_merge_point(0, 0, '14<main.rpyeffect:6([mcore:[#14]#13])>+0: {"op": "PrimOp". "name": "infixGt(Any. Any): Bool". "out": {"any": [0]}. "in": {"any": [1. 0]}}')
+169: guard_class(p1, ConstClass(IntValue), descr=<Guard0x7fb343c18e90>) [p0, p1, p2, p3, p4, p5, p6, p7, p8, p9, p10, p11, p12, p13, p14, p15, p16, p17, p18, p19, p20]
+181: i25 = getfield_gc_i(p1, descr=<FieldS rpyeffect.value.IntValue.inst_value 8 pure>)
+185: i27 = int_eq(i25, 39)
+189: guard_true(i27, descr=<Guard0x7fb343c18ec0>) [p0, p1, p2, p3, p4, p5, p6, p7, p8, p9, p10, p11, p12, p13, p14, p15, p16, p17, p18, p19, p20]
debug_merge_point(0, 0, '14<main.rpyeffect:6([mcore:[#14]#13])>+1: {"op": "Return". "args": {"any": [0]}}')
+195: guard_nonnull(p23, descr=<Guard0x7fb343c18ef0>) [p0, p1, p2, p3, p4, p5, p6, p7, p8, p9, p10, p11, p12, p13, p14, p15, p16, p17, p18, p19, p20]
+204: i28 = getfield_gc_i(p23, descr=<FieldS rpyeffect.stored_environment.Stack__arb.inst_target 16 pure>)
+208: guard_value(i28, 101, descr=<Guard0x7fb343c18f20>) [p0, p1, p2, p3, p4, p5, p6, p7, p8, p9, p10, p11, p12, p13, p14, p15, p16, p17, p18, p19, p20]
+218: p30 = getfield_gc_r(p23, descr=<FieldP rpyeffect.stored_environment.Stack__2.inst_values_ptr_0 32 pure>)
+222: p31 = getfield_gc_r(p23, descr=<FieldP rpyeffect.stored_environment.Stack__2.inst_values_ptr_1 40 pure>)
+226: p32 = getfield_gc_r(p23, descr=<FieldP rpyeffect.stored_environment.Stack__arb.inst_tail 8 pure>)
debug_merge_point(0, 0, '101<main.rpyeffect:93([k@[method_Emit_0@[mcore:[#39]#127]#129]#136])>+0: {"op": "Push". "target": 95. "args": {"any": [1]}}')
debug_merge_point(0, 0, '101<main.rpyeffect:93([k@[method_Emit_0@[mcore:[#39]#127]#129]#136])>+1: {"op": "Copy". "type": "any". "from": 2. "to". 1}')
debug_merge_point(0, 0, '101<main.rpyeffect:93([k@[method_Emit_0@[mcore:[#39]#127]#129]#136])>+2: {"op": "Switch". "scrutinee": 0. "values": [<BoolValue object at 0x7fb343bcb6e0>]. "targets": [97]. "default": 100}')
debug_merge_point(0, 0, '100<main.rpyeffect:92([switch default case#150])>+0: {"op": "Switch". "scrutinee": 0. "values": [<BoolValue object at 0x7fb343bcb700>]. "targets": [98]. "default": 99}')
debug_merge_point(0, 0, '98<main.rpyeffect:90([switch case for Bool(false)#151])>+0: {"op": "Construct". "out": 0. "type": Interned({"op": "eff$Tuple". "elements": []}). "tag": Interned({"op": "eff$Tuple". "elements": []}). "args": {"any": []}}')
debug_merge_point(0, 0, '98<main.rpyeffect:90([switch case for Bool(false)#151])>+1: {"op": "Return". "args": {"any": [0]}}')
debug_merge_point(0, 0, '95<main.rpyeffect:87([#138])>+0: {"op": "Construct". "out": 0. "type": Interned({"op": "eff$Tuple". "elements": []}). "tag": Interned({"op": "eff$Tuple". "elements": []}). "args": {"any": []}}')
debug_merge_point(0, 0, '95<main.rpyeffect:87([#138])>+1: {"op": "Jump". "target": 94}')
debug_merge_point(0, 0, '94<main.rpyeffect:86(Name(k_60))>+0: {"op": "PushStack". "arg": 1}')
+237: i34 = instance_ptr_eq(p20, ConstPtr(ptr33))
+244: guard_false(i34, descr=<Guard0x7fb343c18f50>) [p0, p1, p2, p3, p4, p5, p6, p7, p8, p9, p10, p11, p12, p13, p14, p15, p16, p17, p18, p19, p20]
+250: guard_nonnull_class(p30, ConstClass(MetaStackWithBinding), descr=<Guard0x7fb343bc36e8>) [p0, p1, p2, p3, p4, p5, p6, p7, p8, p9, p10, p11, p12, p13, p14, p15, p16, p17, p18, p19, p20]
+269: p36 = getfield_gc_r(p30, descr=<FieldP rpyeffect.stack.MetaStack.inst_region 24 pure>)
+273: guard_isnull(p36, descr=<Guard0x7fb343c18f80>) [p0, p1, p2, p3, p4, p5, p6, p7, p8, p9, p10, p11, p12, p13, p14, p15, p16, p17, p18, p19, p20]
+282: p37 = getfield_gc_r(p30, descr=<FieldP rpyeffect.stack.MetaStackLike.inst_stack 8 pure>)
+286: p38 = getfield_gc_r(p30, descr=<FieldP rpyeffect.stack.MetaStack.inst_tail 32 pure>)
+290: guard_isnull(p38, descr=<Guard0x7fb343c18fb0>) [p0, p1, p2, p3, p4, p5, p6, p7, p8, p9, p10, p11, p12, p13, p14, p15, p16, p17, p18, p19, p20]
+299: p39 = getfield_gc_r(p30, descr=<FieldP rpyeffect.stack.MetaStack.inst_label 16 pure>)
+303: p40 = getfield_gc_r(p30, descr=<FieldP rpyeffect.stack.MetaStackWithBinding.inst_binding 40 pure>)
+307: i42 = instance_ptr_eq(p40, ConstPtr(ptr41))
+310: guard_false(i42, descr=<Guard0x7fb343c18fe0>) [p0, p1, p2, p3, p4, p5, p6, p7, p8, p9, p10, p11, p12, p13, p14, p15, p16, p17, p18, p19, p20]
debug_merge_point(0, 0, '94<main.rpyeffect:86(Name(k_60))>+1: {"op": "Return". "args": {"any": [0]}}')
+316: guard_nonnull(p37, descr=<Guard0x7fb343c19010>) [p0, p1, p2, p3, p4, p5, p6, p7, p8, p9, p10, p11, p12, p13, p14, p15, p16, p17, p18, p19, p20]
+325: i43 = getfield_gc_i(p37, descr=<FieldS rpyeffect.stored_environment.Stack__arb.inst_target 16 pure>)
+329: guard_value(i43, 112, descr=<Guard0x7fb343c19040>) [p0, p1, p2, p3, p4, p5, p6, p7, p8, p9, p10, p11, p12, p13, p14, p15, p16, p17, p18, p19, p20]
+339: p45 = getfield_gc_r(p37, descr=<FieldP rpyeffect.stored_environment.Stack__1.inst_values_ptr_0 32 pure>)
+343: p46 = getfield_gc_r(p37, descr=<FieldP rpyeffect.stored_environment.Stack__arb.inst_tail 8 pure>)
debug_merge_point(0, 0, '112<main.rpyeffect:104([#197])>+0: {"op": "Push". "target": 111. "args": {"any": []}}')
debug_merge_point(0, 0, '112<main.rpyeffect:104([#197])>+1: {"op": "Copy". "type": "any". "from": 1. "to". 0}')
debug_merge_point(0, 0, '112<main.rpyeffect:104([#197])>+2: {"op": "Jump". "target": 74}')
debug_merge_point(0, 0, '74<main.rpyeffect:66(Name(-_34))>+0: {"op": "New". "out": 0. "targets": [73]. "args": {"any": [0]}}')
debug_merge_point(0, 0, '74<main.rpyeffect:66(Name(-_34))>+1: {"op": "Return". "args": {"any": [0]}}')
debug_merge_point(0, 0, '111<main.rpyeffect:103([k@[#197]#199])>+0: {"op": "Const". "type": "ptr". "out": 1. "format": "int". "value": "<IntValue object at 0x7fb343bcb460>"}')
debug_merge_point(0, 0, '111<main.rpyeffect:103([k@[#197]#199])>+1: {"op": "Push". "target": 110. "args": {"any": []}}')
debug_merge_point(0, 0, '111<main.rpyeffect:103([k@[#197]#199])>+2: {"op": "Swap". "type": "any". "a": 0. "b". 1}')
debug_merge_point(0, 0, '111<main.rpyeffect:103([k@[#197]#199])>+3: {"op": "Invoke". "receiver": 1. "tag": Interned(apply). "args" : {"any": [0]}}')
debug_merge_point(0, 0, '73<main.rpyeffect:65([method_apply@Name(-_34)#96])>+0: {"op": "Jump". "target": 72}')
debug_merge_point(0, 0, '72<main.rpyeffect:64([mcore:[#28]#93])>+0: {"op": "PrimOp". "name": "infixSub(Int. Int): Int". "out": {"any": [0]}. "in": {"any": [1. 0]}}')
+347: i47 = getfield_gc_i(p45, descr=<FieldS rpyeffect.value.IntValue.inst_value 8 pure>)
+351: i49 = int_sub(i47, 1)
debug_merge_point(0, 0, '72<main.rpyeffect:64([mcore:[#28]#93])>+1: {"op": "Return". "args": {"any": [0]}}')
debug_merge_point(0, 0, '110<main.rpyeffect:102([k@[k@[#197]#199]#203])>+0: {"op": "Const". "type": "ptr". "out": 1. "format": "string". "value": "Name(Emit_0)"}')
debug_merge_point(0, 0, '110<main.rpyeffect:102([k@[k@[#197]#199]#203])>+1: {"op": "PrimOp". "name": "getGlobal(String): Ptr". "out": {"any": [1]}. "in": {"any": [1]}}')
debug_merge_point(0, 0, '110<main.rpyeffect:102([k@[k@[#197]#199]#203])>+2: {"op": "Jump". "target": 120}')
debug_merge_point(0, 0, '120<main.rpyeffect:112(Name(loop_72))>+0: {"op": "Push". "target": 119. "args": {"any": [0]}}')
debug_merge_point(0, 0, '120<main.rpyeffect:112(Name(loop_72))>+1: {"op": "Jump". "target": 16}')
debug_merge_point(0, 0, '16<main.rpyeffect:8(Name(>_2))>+0: {"op": "New". "out": 0. "targets": [15]. "args": {"any": [0]}}')
+355: p50 = new_with_vtable(descr=<SizeDescr 40>)
+396: p51 = new_with_vtable(descr=<SizeDescr 16>)
+407: setfield_gc(p51, i49, descr=<FieldS rpyeffect.value.IntValue.inst_value 8 pure>)
+411: p52 = new_with_vtable(descr=<SizeDescr 48>)
+422: setfield_gc(p50, 119, descr=<FieldS rpyeffect.stored_environment.Stack__arb.inst_target 16 pure>)
+430: setfield_gc(p50, p46, descr=<FieldP rpyeffect.stored_environment.Stack__arb.inst_tail 8 pure>)
+434: setfield_gc(p52, ConstPtr(null), descr=<FieldP rpyeffect.stack.MetaStack.inst_region 24 pure>)
+442: setfield_gc(p52, p32, descr=<FieldP rpyeffect.stack.MetaStackLike.inst_stack 8 pure>)
+446: setfield_gc(p52, p19, descr=<FieldP rpyeffect.stack.MetaStack.inst_tail 32 pure>)
+457: setfield_gc(p52, p17, descr=<FieldP rpyeffect.stack.MetaStack.inst_label 16 pure>)
+468: setfield_gc(p52, p20, descr=<FieldP rpyeffect.stack.MetaStackWithBinding.inst_binding 40 pure>)
+479: setfield_gc(p50, p51, descr=<FieldP rpyeffect.stored_environment.Stack__1.inst_values_ptr_0 32 pure>)
+498: jump(p39, p50, p0, p52, p40, p51, ConstPtr(ptr55), p31, p4, p5, p6, p7, p8, p9, p10, p11, p12, p13, p14, p15, p16, descr=TargetToken(140407912369376))
+560: --end of the loop--
[62ccbdd00419] jit-log-opt-bridge}
[62ccbdfe32ea] {jit-log-opt-loop
# Loop 7 (58<main.rpyeffect:50([method_apply@Name(+_27)#74])>+0: {"op": "Jump", "target": 57}) : loop with 51 ops
[p0, p1, p2, p3, p4]
+221: p5 = getfield_gc_r(p2, descr=<FieldP rpyeffect.environment.Environment.inst_values_ptr 16>)
+232: p7 = getarrayitem_gc_r(p5, 0, descr=<ArrayP 8>)
+236: p9 = getarrayitem_gc_r(p5, 1, descr=<ArrayP 8>)
+240: p11 = getarrayitem_gc_r(p5, 2, descr=<ArrayP 8>)
+244: p13 = getarrayitem_gc_r(p5, 3, descr=<ArrayP 8>)
+248: p15 = getarrayitem_gc_r(p5, 4, descr=<ArrayP 8>)
+252: p17 = getarrayitem_gc_r(p5, 5, descr=<ArrayP 8>)
+256: p19 = getarrayitem_gc_r(p5, 6, descr=<ArrayP 8>)
+260: p21 = getarrayitem_gc_r(p5, 7, descr=<ArrayP 8>)
+264: p23 = getarrayitem_gc_r(p5, 8, descr=<ArrayP 8>)
+268: p25 = getarrayitem_gc_r(p5, 9, descr=<ArrayP 8>)
+272: p27 = getarrayitem_gc_r(p5, 10, descr=<ArrayP 8>)
+276: p29 = getarrayitem_gc_r(p5, 11, descr=<ArrayP 8>)
+280: p31 = getarrayitem_gc_r(p5, 12, descr=<ArrayP 8>)
+291: p33 = getarrayitem_gc_r(p5, 13, descr=<ArrayP 8>)
+302: p35 = getarrayitem_gc_r(p5, 14, descr=<ArrayP 8>)
+316: p37 = getarrayitem_gc_r(p5, 15, descr=<ArrayP 8>)
+330: label(p0, p1, p2, p3, p4, p7, p9, p11, p13, p15, p17, p19, p21, p23, p25, p27, p29, p31, p33, p35, p37, descr=TargetToken(140407912370784))
+400: guard_not_invalidated(descr=<Guard0x7fb343bc3778>) [p2, p7, p9, p11, p13, p15, p17, p19, p21, p23, p25, p27, p29, p31, p33, p35, p37, p0, p1, p3, p4]
debug_merge_point(0, 0, '57<main.rpyeffect:49([mcore:[#24]#71])>+0: {"op": "PrimOp". "name": "infixAdd(Int. Int): Int". "out": {"any": [0]}. "in": {"any": [1. 0]}}')
+400: i38 = getfield_gc_i(p9, descr=<FieldS rpyeffect.value.IntValue.inst_value 8 pure>)
+404: i39 = getfield_gc_i(p7, descr=<FieldS rpyeffect.value.IntValue.inst_value 8 pure>)
+408: i40 = int_add(i38, i39)
debug_merge_point(0, 0, '57<main.rpyeffect:49([mcore:[#24]#71])>+1: {"op": "Return". "args": {"any": [0]}}')
+411: guard_nonnull(p1, descr=<Guard0x7fb343c19250>) [p2, p7, p9, p11, p13, p15, p17, p19, p21, p23, p25, p27, p29, p31, p33, p35, p37, p0, p1, p3, p4]
+425: i41 = getfield_gc_i(p1, descr=<FieldS rpyeffect.stored_environment.Stack__arb.inst_target 16 pure>)
+436: guard_value(i41, 123, descr=<Guard0x7fb343c19280>) [p2, p7, p9, p11, p13, p15, p17, p19, p21, p23, p25, p27, p29, p31, p33, p35, p37, p0, p1, p3, p4]
+446: p43 = getfield_gc_r(p1, descr=<FieldP rpyeffect.stored_environment.Stack__1.inst_values_ptr_0 32 pure>)
+450: p44 = getfield_gc_r(p1, descr=<FieldP rpyeffect.stored_environment.Stack__arb.inst_tail 8 pure>)
debug_merge_point(0, 0, '123<main.rpyeffect:115([#230])>+0: {"op": "Invoke". "receiver": 1. "tag": Interned(apply). "args" : {"any": [0]}}')
+454: p45 = getfield_gc_r(p43, descr=<FieldP rpyeffect.codata.CoData.inst_vtable 8 pure>)
+465: guard_value(p45, ConstPtr(ptr46), descr=<Guard0x7fb343c192b0>) [p2, p7, p9, p11, p13, p15, p17, p19, p21, p23, p25, p27, p29, p31, p33, p35, p37, p0, p1, p3, p4]
+474: p47 = getfield_gc_r(p43, descr=<FieldP rpyeffect.stored_environment.CoData__1.inst_values_ptr_0 24 pure>)
debug_merge_point(0, 0, '58<main.rpyeffect:50([method_apply@Name(+_27)#74])>+0: {"op": "Jump". "target": 57}')
+478: label(p0, p44, p2, p3, p4, i40, p47, p11, p13, p15, p17, p19, p21, p23, p25, p27, p29, p31, p33, p35, p37, descr=TargetToken(140407912370848))
+480: guard_not_invalidated(descr=<Guard0x7fb343bc37c0>) [p2, p47, p11, p13, p15, p17, p19, p21, p23, p25, p27, p29, p31, p33, p35, p37, p0, p44, p3, p4, i40]
debug_merge_point(0, 0, '57<main.rpyeffect:49([mcore:[#24]#71])>+0: {"op": "PrimOp". "name": "infixAdd(Int. Int): Int". "out": {"any": [0]}. "in": {"any": [1. 0]}}')
+480: i48 = getfield_gc_i(p47, descr=<FieldS rpyeffect.value.IntValue.inst_value 8 pure>)
+484: i49 = int_add(i48, i40)
debug_merge_point(0, 0, '57<main.rpyeffect:49([mcore:[#24]#71])>+1: {"op": "Return". "args": {"any": [0]}}')
+487: guard_nonnull(p44, descr=<Guard0x7fb343c192e0>) [p2, p47, p11, p13, p15, p17, p19, p21, p23, p25, p27, p29, p31, p33, p35, p37, p0, p44, p3, p4, i40]
+496: i50 = getfield_gc_i(p44, descr=<FieldS rpyeffect.stored_environment.Stack__arb.inst_target 16 pure>)
+500: guard_value(i50, 123, descr=<Guard0x7fb343c19310>) [p2, p47, p11, p13, p15, p17, p19, p21, p23, p25, p27, p29, p31, p33, p35, p37, p0, p44, p3, p4, i40]
+510: p52 = getfield_gc_r(p44, descr=<FieldP rpyeffect.stored_environment.Stack__1.inst_values_ptr_0 32 pure>)
+514: p53 = getfield_gc_r(p44, descr=<FieldP rpyeffect.stored_environment.Stack__arb.inst_tail 8 pure>)
debug_merge_point(0, 0, '123<main.rpyeffect:115([#230])>+0: {"op": "Invoke". "receiver": 1. "tag": Interned(apply). "args" : {"any": [0]}}')
+518: p54 = getfield_gc_r(p52, descr=<FieldP rpyeffect.codata.CoData.inst_vtable 8 pure>)
+529: guard_value(p54, ConstPtr(ptr55), descr=<Guard0x7fb343c19340>) [p2, p47, p11, p13, p15, p17, p19, p21, p23, p25, p27, p29, p31, p33, p35, p37, p0, p44, p3, p4, i40]
+538: p56 = getfield_gc_r(p52, descr=<FieldP rpyeffect.stored_environment.CoData__1.inst_values_ptr_0 24 pure>)
debug_merge_point(0, 0, '58<main.rpyeffect:50([method_apply@Name(+_27)#74])>+0: {"op": "Jump". "target": 57}')
+542: jump(p0, p53, p2, p3, p4, i49, p56, p11, p13, p15, p17, p19, p21, p23, p25, p27, p29, p31, p33, p35, p37, descr=TargetToken(140407912370848))
+560: --end of the loop--
[62ccbe00505c] jit-log-opt-loop}
[62ccbe01a2d6] {jit-summary
Tracing:      	6	0.004685
Backend:      	6	0.001234
TOTAL:      		0.009420
ops:             	10846
heapcached ops:  	1658
recorded ops:    	3598
  calls:         	2132
guards:          	411
opt ops:         	626
opt guards:      	108
opt guards shared:	91
forcings:        	0
abort: trace too long:	0
abort: compiling:	0
abort: vable escape:	0
abort: bad loop: 	0
abort: force quasi-immut:	0
abort: segmenting trace:	0
virtualizables forced:	0
nvirtuals:       	1
nvholes:         	0
nvreused:        	0
vecopt tried:    	0
vecopt success:  	0
Total # of loops:	3
Total # of bridges:	3
Freed # of loops:	0
Freed # of bridges:	0
[62ccbe01f58b] jit-summary}
