[62f3bbc9502f] {jit-log-opt-loop
# Loop 1 (10<main.rpyeffect:10(Name(infixGt184))>+0: {"op": "PrimOp", "name": "infixGt(Int, Int): Boolean", "out": {"any": [0]}, "in": {"any": [0, 1]}}) : loop with 220 ops
[p0, p1, p2, p3, p4]
+397: p5 = getfield_gc_r(p2, descr=<FieldP rpyeffect.environment.Environment.inst_values_ptr 16>)
+408: p7 = getarrayitem_gc_r(p5, 0, descr=<ArrayP 8>)
+412: p9 = getarrayitem_gc_r(p5, 1, descr=<ArrayP 8>)
+416: p11 = getarrayitem_gc_r(p5, 2, descr=<ArrayP 8>)
+420: p13 = getarrayitem_gc_r(p5, 3, descr=<ArrayP 8>)
+424: p15 = getarrayitem_gc_r(p5, 4, descr=<ArrayP 8>)
+428: p17 = getarrayitem_gc_r(p5, 5, descr=<ArrayP 8>)
+432: p19 = getarrayitem_gc_r(p5, 6, descr=<ArrayP 8>)
+436: p21 = getarrayitem_gc_r(p5, 7, descr=<ArrayP 8>)
+440: label(p0, p1, p2, p3, p4, p7, p9, p11, p13, p15, p17, p19, p21, descr=TargetToken(140217924949600))
debug_merge_point(0, 0, '10<main.rpyeffect:10(Name(infixGt184))>+0: {"op": "PrimOp". "name": "infixGt(Int. Int): Boolean". "out": {"any": [0]}. "in": {"any": [0. 1]}}')
+496: guard_not_invalidated(descr=<Guard0x7f87079c1028>) [p2, p7, p9, p11, p13, p15, p17, p19, p21, p0, p1, p3, p4]
+496: i22 = getfield_gc_i(p7, descr=<FieldS rpyeffect.value.IntValue.inst_value 8 pure>)
+500: i23 = getfield_gc_i(p9, descr=<FieldS rpyeffect.value.IntValue.inst_value 8 pure>)
+504: i24 = int_gt(i22, i23)
debug_merge_point(0, 0, '10<main.rpyeffect:10(Name(infixGt184))>+1: {"op": "Return". "args": {"any": [0]}}')
+517: guard_nonnull(p1, descr=<Guard0x7f87079cf790>) [p2, p7, p9, p11, p13, p15, p17, p19, p21, p0, p1, p3, p4]
+531: i25 = getfield_gc_i(p1, descr=<FieldS rpyeffect.stored_environment.Stack__arb.inst_target 16 pure>)
+542: guard_value(i25, 175, descr=<Guard0x7f87079cf7c0>) [p2, p7, p9, p11, p13, p15, p17, p19, p21, p0, p1, p3, p4]
+555: p27 = getfield_gc_r(p1, descr=<FieldP rpyeffect.stored_environment.Stack__4.inst_values_ptr_0 32 pure>)
+555: p28 = getfield_gc_r(p1, descr=<FieldP rpyeffect.stored_environment.Stack__4.inst_values_ptr_1 40 pure>)
+555: p29 = getfield_gc_r(p1, descr=<FieldP rpyeffect.stored_environment.Stack__4.inst_values_ptr_2 48 pure>)
+559: p30 = getfield_gc_r(p1, descr=<FieldP rpyeffect.stored_environment.Stack__4.inst_values_ptr_3 56 pure>)
+563: p31 = getfield_gc_r(p1, descr=<FieldP rpyeffect.stored_environment.Stack__arb.inst_tail 8 pure>)
debug_merge_point(0, 0, '175<main.rpyeffect:175([k@[method_Read2838@Name(feed2834)#338]#343])>+0: {"op": "Swap". "type": "any". "a": 0. "b". 4}')
debug_merge_point(0, 0, '175<main.rpyeffect:175([k@[method_Read2838@Name(feed2834)#338]#343])>+1: {"op": "Swap". "type": "any". "a": 3. "b". 4}')
debug_merge_point(0, 0, '175<main.rpyeffect:175([k@[method_Read2838@Name(feed2834)#338]#343])>+2: {"op": "Swap". "type": "any". "a": 2. "b". 1}')
debug_merge_point(0, 0, '175<main.rpyeffect:175([k@[method_Read2838@Name(feed2834)#338]#343])>+3: {"op": "IfZero". "cond": 3. "then": {"tag": null. "target": 171. "args": {"any": []}}}')
+567: guard_false(i24, descr=<Guard0x7f87079cf7f0>) [p2, p7, p9, p11, p13, p15, p17, p19, p21, p0, p1, p3, p4]
+576: guard_nonnull(p31, descr=<Guard0x7f87079cf820>) [p2, p7, p9, p11, p13, p15, p17, p19, p21, p0, p1, p3, p4]
+585: i32 = getfield_gc_i(p31, descr=<FieldS rpyeffect.stored_environment.Stack__arb.inst_target 16 pure>)
+589: guard_value(i32, 158, descr=<Guard0x7f87079cf850>) [p2, p7, p9, p11, p13, p15, p17, p19, p21, p0, p1, p3, p4]
debug_merge_point(0, 0, '171<main.rpyeffect:171([then#347])>+0: {"op": "Load". "out": 2. "type": "any". "ref": 4}')
+602: p34 = getfield_gc_r(p29, descr=<FieldP rpyeffect.region.Ref.inst_allocation_site 8 pure>)
+614: guard_value(p34, ConstPtr(ptr35), descr=<Guard0x7f87079cf880>) [p2, p7, p9, p11, p13, p15, p17, p19, p21, p0, p1, p3, p4]
+623: p36 = getfield_gc_r(p29, descr=<FieldP rpyeffect.region.Ref.inst_value 16>)
+628: i37 = getfield_gc_i(p36, descr=<FieldS rpyeffect.value.UnboxedIntValueRef.inst_value 8>)
debug_merge_point(0, 0, '171<main.rpyeffect:171([then#347])>+1: {"op": "Const". "type": "ptr". "out": 3. "format": "int". "value": "<IntValue object at 0x7f87079d2730>"}')
debug_merge_point(0, 0, '171<main.rpyeffect:171([then#347])>+2: {"op": "Push". "target": 170. "args": {"any": [1. 4. 0]}}')
debug_merge_point(0, 0, '171<main.rpyeffect:171([then#347])>+3: {"op": "Copy". "type": "any". "from": 3. "to". 1}')
debug_merge_point(0, 0, '171<main.rpyeffect:171([then#347])>+4: {"op": "Copy". "type": "any". "from": 2. "to". 0}')
debug_merge_point(0, 0, '171<main.rpyeffect:171([then#347])>+5: {"op": "Jump". "target": 4}')
debug_merge_point(0, 0, '4<main.rpyeffect:4(Name(infixEq72))>+0: {"op": "PrimOp". "name": "infixEq(Int. Int): Boolean". "out": {"any": [0]}. "in": {"any": [0. 1]}}')
+632: i39 = int_eq(i37, 0)
debug_merge_point(0, 0, '4<main.rpyeffect:4(Name(infixEq72))>+1: {"op": "Return". "args": {"any": [0]}}')
debug_merge_point(0, 0, '170<main.rpyeffect:170([k@[then#347]#352])>+0: {"op": "Swap". "type": "any". "a": 0. "b". 3}')
debug_merge_point(0, 0, '170<main.rpyeffect:170([k@[then#347]#352])>+1: {"op": "IfZero". "cond": 3. "then": {"tag": null. "target": 166. "args": {"any": []}}}')
+636: guard_false(i39, descr=<Guard0x7f87079cf8b0>) [p2, p7, p9, p11, p13, p15, p17, p19, p21, p0, p1, p3, p4]
debug_merge_point(0, 0, '166<main.rpyeffect:166([then#356])>+0: {"op": "Load". "out": 1. "type": "any". "ref": 2}')
debug_merge_point(0, 0, '166<main.rpyeffect:166([then#356])>+1: {"op": "Const". "type": "ptr". "out": 3. "format": "int". "value": "<IntValue object at 0x7f87079b11e0>"}')
debug_merge_point(0, 0, '166<main.rpyeffect:166([then#356])>+2: {"op": "Push". "target": 165. "args": {"any": [2. 0]}}')
debug_merge_point(0, 0, '166<main.rpyeffect:166([then#356])>+3: {"op": "Copy". "type": "any". "from": 1. "to". 0}')
debug_merge_point(0, 0, '166<main.rpyeffect:166([then#356])>+4: {"op": "Copy". "type": "any". "from": 3. "to". 1}')
debug_merge_point(0, 0, '166<main.rpyeffect:166([then#356])>+5: {"op": "Jump". "target": 8}')
debug_merge_point(0, 0, '8<main.rpyeffect:8(Name(infixSub105))>+0: {"op": "PrimOp". "name": "infixSub(Int. Int): Int". "out": {"any": [0]}. "in": {"any": [0. 1]}}')
+642: i41 = int_sub(i37, 1)
debug_merge_point(0, 0, '8<main.rpyeffect:8(Name(infixSub105))>+1: {"op": "Return". "args": {"any": [0]}}')
debug_merge_point(0, 0, '165<main.rpyeffect:165([k@[then#356]#361])>+0: {"op": "Store". "ref": 1. "type": "any". "value": 0}')
debug_merge_point(0, 0, '165<main.rpyeffect:165([k@[then#356]#361])>+1: {"op": "Construct". "out": 0. "type": Interned(Unit). "tag": Interned(unit). "args": {"any": []}}')
debug_merge_point(0, 0, '165<main.rpyeffect:165([k@[then#356]#361])>+2: {"op": "Push". "target": 164. "args": {"any": [2]}}')
debug_merge_point(0, 0, '165<main.rpyeffect:165([k@[then#356]#361])>+3: {"op": "Jump". "target": 127}')
debug_merge_point(0, 0, '127<main.rpyeffect:127(Name(dollar2823))>+0: {"op": "Const". "type": "ptr". "out": 0. "format": "int". "value": "<IntValue object at 0x7f87079b1950>"}')
debug_merge_point(0, 0, '127<main.rpyeffect:127(Name(dollar2823))>+1: {"op": "Return". "args": {"any": [0]}}')
debug_merge_point(0, 0, '164<main.rpyeffect:164([k@[k@[then#356]#361]#365])>+0: {"op": "Jump". "target": 156}')
debug_merge_point(0, 0, '156<main.rpyeffect:156(Name(resume2849))>+0: {"op": "PushStack". "arg": 1}')
+646: setfield_gc(p36, i41, descr=<FieldS rpyeffect.value.UnboxedIntValueRef.inst_value 8>)
+663: i43 = instance_ptr_eq(p4, ConstPtr(ptr42))
guard_true(i43, descr=<Guard0x7f87079c1070>) [p2, p30, p29, p17, p19, p21, i43, p0, p31, p3, p4]
+689: guard_nonnull_class(p30, 8692928, descr=<Guard0x7f87079c10b8>) [p2, p30, p29, p17, p19, p21, i43, p0, p31, p3, p4]
+708: p45 = getfield_gc_r(p30, descr=<FieldP rpyeffect.stack.MetaStack.inst_region 24 pure>)
+712: guard_isnull(p45, descr=<Guard0x7f87079cf910>) [p2, p30, p29, p17, p19, p21, i43, p0, p31, p3, p4]
+721: p46 = getfield_gc_r(p30, descr=<FieldP rpyeffect.stack.MetaStackLike.inst_stack 8 pure>)
+725: p47 = getfield_gc_r(p30, descr=<FieldP rpyeffect.stack.MetaStack.inst_tail 32 pure>)
+729: guard_isnull(p47, descr=<Guard0x7f87079cf940>) [p2, p30, p29, p17, p19, p21, i43, p0, p31, p3, p4]
+738: p48 = getfield_gc_r(p30, descr=<FieldP rpyeffect.stack.MetaStack.inst_label 16 pure>)
+742: guard_nonnull(p46, descr=<Guard0x7f87079cf970>) [p2, p30, p29, p17, p19, p21, i43, p0, p31, p3, p4]
+751: i49 = getfield_gc_i(p46, descr=<FieldS rpyeffect.stored_environment.Stack__arb.inst_target 16 pure>)
+755: guard_value(i49, 140, descr=<Guard0x7f87079cf9a0>) [p2, p30, p29, p17, p19, p21, i43, p0, p31, p3, p4]
debug_merge_point(0, 0, '156<main.rpyeffect:156(Name(resume2849))>+1: {"op": "Return". "args": {"any": [0]}}')
+768: p51 = getfield_gc_r(p46, descr=<FieldP rpyeffect.stored_environment.Stack__4.inst_values_ptr_0 32 pure>)
+772: p52 = getfield_gc_r(p46, descr=<FieldP rpyeffect.stored_environment.Stack__4.inst_values_ptr_1 40 pure>)
+776: p53 = getfield_gc_r(p46, descr=<FieldP rpyeffect.stored_environment.Stack__4.inst_values_ptr_2 48 pure>)
+780: p54 = getfield_gc_r(p46, descr=<FieldP rpyeffect.stored_environment.Stack__4.inst_values_ptr_3 56 pure>)
+784: p55 = getfield_gc_r(p46, descr=<FieldP rpyeffect.stored_environment.Stack__arb.inst_tail 8 pure>)
+788: guard_nonnull(p55, descr=<Guard0x7f87079cf9d0>) [p2, p30, p29, p17, p19, p21, i43, p0, p31, p3, p4]
+797: i56 = getfield_gc_i(p55, descr=<FieldS rpyeffect.stored_environment.Stack__arb.inst_target 16 pure>)
+801: guard_value(i56, 160, descr=<Guard0x7f87079cfa00>) [p2, p30, p29, p17, p19, p21, i43, p0, p31, p3, p4]
debug_merge_point(0, 0, '140<main.rpyeffect:140([k@Name(parse2827)#258])>+0: {"op": "Push". "target": 139. "args": {"any": [1. 2. 3. 4. 0]}}')
debug_merge_point(0, 0, '140<main.rpyeffect:140([k@Name(parse2827)#258])>+1: {"op": "Jump". "target": 128}')
debug_merge_point(0, 0, '128<main.rpyeffect:128(Name(isDollar2825))>+0: {"op": "Const". "type": "ptr". "out": 1. "format": "int". "value": "<IntValue object at 0x7f87079b1920>"}')
debug_merge_point(0, 0, '128<main.rpyeffect:128(Name(isDollar2825))>+1: {"op": "Jump". "target": 4}')
debug_merge_point(0, 0, '4<main.rpyeffect:4(Name(infixEq72))>+0: {"op": "PrimOp". "name": "infixEq(Int. Int): Boolean". "out": {"any": [0]}. "in": {"any": [0. 1]}}')
debug_merge_point(0, 0, '4<main.rpyeffect:4(Name(infixEq72))>+1: {"op": "Return". "args": {"any": [0]}}')
debug_merge_point(0, 0, '139<main.rpyeffect:139([k@[k@Name(parse2827)#258]#260])>+0: {"op": "Swap". "type": "any". "a": 2. "b". 5}')
debug_merge_point(0, 0, '139<main.rpyeffect:139([k@[k@Name(parse2827)#258]#260])>+1: {"op": "Swap". "type": "any". "a": 0. "b". 5}')
debug_merge_point(0, 0, '139<main.rpyeffect:139([k@[k@Name(parse2827)#258]#260])>+2: {"op": "Swap". "type": "any". "a": 1. "b". 5}')
debug_merge_point(0, 0, '139<main.rpyeffect:139([k@[k@Name(parse2827)#258]#260])>+3: {"op": "IfZero". "cond": 1. "then": {"tag": null. "target": 136. "args": {"any": []}}}')
debug_merge_point(0, 0, '139<main.rpyeffect:139([k@[k@Name(parse2827)#258]#260])>+4: {"op": "Const". "type": "ptr". "out": 1. "format": "int". "value": "<IntValue object at 0x7f87079b1790>"}')
debug_merge_point(0, 0, '139<main.rpyeffect:139([k@[k@Name(parse2827)#258]#260])>+5: {"op": "Push". "target": 138. "args": {"any": [5. 0. 3]}}')
debug_merge_point(0, 0, '139<main.rpyeffect:139([k@[k@Name(parse2827)#258]#260])>+6: {"op": "Copy". "type": "any". "from": 4. "to". 0}')
debug_merge_point(0, 0, '139<main.rpyeffect:139([k@[k@Name(parse2827)#258]#260])>+7: {"op": "Jump". "target": 6}')
debug_merge_point(0, 0, '6<main.rpyeffect:6(Name(infixAdd96))>+0: {"op": "PrimOp". "name": "infixAdd(Int. Int): Int". "out": {"any": [0]}. "in": {"any": [0. 1]}}')
+814: i58 = getfield_gc_i(p54, descr=<FieldS rpyeffect.value.IntValue.inst_value 8 pure>)
+818: i60 = int_add(i58, 1)
debug_merge_point(0, 0, '6<main.rpyeffect:6(Name(infixAdd96))>+1: {"op": "Return". "args": {"any": [0]}}')
debug_merge_point(0, 0, '138<main.rpyeffect:138([k@[k@[k@Name(parse2827)#258]#260]#280])>+0: {"op": "Swap". "type": "any". "a": 2. "b". 1}')
debug_merge_point(0, 0, '138<main.rpyeffect:138([k@[k@[k@Name(parse2827)#258]#260]#280])>+1: {"op": "Jump". "target": 141}')
debug_merge_point(0, 0, '141<main.rpyeffect:141(Name(parse2827))>+0: {"op": "Push". "target": 140. "args": {"any": [2. 1. 3. 0]}}')
debug_merge_point(0, 0, '141<main.rpyeffect:141(Name(parse2827))>+1: {"op": "Invoke". "receiver": 1. "tag": Interned(Read2838). "args" : {"any": []}}')
+822: p61 = getfield_gc_r(p52, descr=<FieldP rpyeffect.codata.CoData.inst_vtable 8 pure>)
+833: guard_value(p61, ConstPtr(ptr62), descr=<Guard0x7f87079cfa30>) [p2, p30, p29, p17, p19, p21, i43, p0, p31, p3, p4]
+842: p63 = getfield_gc_r(p52, descr=<FieldP rpyeffect.stored_environment.CoData__5.inst_values_ptr_0 24 pure>)
+846: p64 = getfield_gc_r(p52, descr=<FieldP rpyeffect.stored_environment.CoData__5.inst_values_ptr_1 32 pure>)
+850: p65 = getfield_gc_r(p52, descr=<FieldP rpyeffect.stored_environment.CoData__5.inst_values_ptr_2 40 pure>)
+854: p66 = getfield_gc_r(p52, descr=<FieldP rpyeffect.stored_environment.CoData__5.inst_values_ptr_3 48 pure>)
+865: p67 = getfield_gc_r(p52, descr=<FieldP rpyeffect.stored_environment.CoData__5.inst_values_ptr_4 56 pure>)
debug_merge_point(0, 0, '176<main.rpyeffect:176([method_Read2838@Name(feed2834)#338])>+0: {"op": "Const". "type": "ptr". "out": 5. "format": "int". "value": "<IntValue object at 0x7f87079d2620>"}')
debug_merge_point(0, 0, '176<main.rpyeffect:176([method_Read2838@Name(feed2834)#338])>+1: {"op": "ShiftDyn". "out": 4. "n": 5. "label": 4}')
+876: guard_nonnull(p48, descr=<Guard0x7f87079cfa60>) [p2, p30, p29, p17, p19, p21, i43, p0, p31, p3, p4]
+885: guard_nonnull(p67, descr=<Guard0x7f87079cfa90>) [p2, p30, p29, p17, p19, p21, i43, p0, p31, p3, p4]
+894: i68 = getfield_gc_i(p48, descr=<FieldS rpyeffect.stack.Label.inst_origin 8 pure>)
+905: guard_value(i68, 182282, descr=<Guard0x7f87079cfac0>) [p2, p30, p29, p17, p19, p21, i43, p0, p31, p3, p4]
+918: i70 = getfield_gc_i(p67, descr=<FieldS rpyeffect.stack.Label.inst_origin 8 pure>)
+922: guard_value(i70, 182282, descr=<Guard0x7f87079cfaf0>) [p2, p30, p29, p17, p19, p21, i43, p0, p31, p3, p4]
+935: i72 = instance_ptr_eq(p48, p67)
+938: guard_true(i72, descr=<Guard0x7f87079cfb20>) [p2, p30, p29, p17, p19, p21, i43, p0, p31, p3, p4]
debug_merge_point(0, 0, '176<main.rpyeffect:176([method_Read2838@Name(feed2834)#338])>+2: {"op": "Load". "out": 5. "type": "any". "ref": 1}')
+944: p73 = getfield_gc_r(p64, descr=<FieldP rpyeffect.region.Ref.inst_allocation_site 8 pure>)
+962: guard_value(p73, ConstPtr(ptr74), descr=<Guard0x7f87079cfb50>) [p2, p30, p29, p17, p19, p21, i43, p0, p31, p3, p4]
+971: p75 = getfield_gc_r(p64, descr=<FieldP rpyeffect.region.Ref.inst_value 16>)
+975: i76 = getfield_gc_i(p75, descr=<FieldS rpyeffect.value.UnboxedIntValueRef.inst_value 8>)
debug_merge_point(0, 0, '176<main.rpyeffect:176([method_Read2838@Name(feed2834)#338])>+3: {"op": "Push". "target": 175. "args": {"any": [0. 1. 2. 4]}}')
debug_merge_point(0, 0, '176<main.rpyeffect:176([method_Read2838@Name(feed2834)#338])>+4: {"op": "Copy". "type": "any". "from": 5. "to". 0}')
debug_merge_point(0, 0, '176<main.rpyeffect:176([method_Read2838@Name(feed2834)#338])>+5: {"op": "Copy". "type": "any". "from": 3. "to". 1}')
debug_merge_point(0, 0, '176<main.rpyeffect:176([method_Read2838@Name(feed2834)#338])>+6: {"op": "Jump". "target": 10}')
debug_merge_point(0, 0, '10<main.rpyeffect:10(Name(infixGt184))>+0: {"op": "PrimOp". "name": "infixGt(Int. Int): Boolean". "out": {"any": [0]}. "in": {"any": [0. 1]}}')
+979: p77 = same_as_r(p64)
+982: p78 = same_as_r(p63)
+985: p79 = same_as_r(p65)
+988: p80 = same_as_r(p66)
+991: label(p0, p31, p63, p64, p65, p55, p51, p52, p53, i60, p48, p2, p3, i76, p66, p19, p21, p67, p77, p78, p79, p80, descr=TargetToken(140217924949664))
debug_merge_point(0, 0, '10<main.rpyeffect:10(Name(infixGt184))>+0: {"op": "PrimOp". "name": "infixGt(Int. Int): Boolean". "out": {"any": [0]}. "in": {"any": [0. 1]}}')
+1056: guard_not_invalidated(descr=<Guard0x7f87079c1100>) [p2, p66, p65, p19, p21, p0, p3, p64, p63, p31, i60, p53, p52, p51, p55, p48, i76]
+1056: i81 = getfield_gc_i(p66, descr=<FieldS rpyeffect.value.IntValue.inst_value 8 pure>)
+1060: i82 = int_gt(i76, i81)
debug_merge_point(0, 0, '10<main.rpyeffect:10(Name(infixGt184))>+1: {"op": "Return". "args": {"any": [0]}}')
debug_merge_point(0, 0, '175<main.rpyeffect:175([k@[method_Read2838@Name(feed2834)#338]#343])>+0: {"op": "Swap". "type": "any". "a": 0. "b". 4}')
debug_merge_point(0, 0, '175<main.rpyeffect:175([k@[method_Read2838@Name(feed2834)#338]#343])>+1: {"op": "Swap". "type": "any". "a": 3. "b". 4}')
debug_merge_point(0, 0, '175<main.rpyeffect:175([k@[method_Read2838@Name(feed2834)#338]#343])>+2: {"op": "Swap". "type": "any". "a": 2. "b". 1}')
debug_merge_point(0, 0, '175<main.rpyeffect:175([k@[method_Read2838@Name(feed2834)#338]#343])>+3: {"op": "IfZero". "cond": 3. "then": {"tag": null. "target": 171. "args": {"any": []}}}')
+1063: guard_false(i82, descr=<Guard0x7f87079cfb80>) [p2, p66, p65, p19, p21, p0, p3, p64, p63, p31, i60, p53, p52, p51, p55, p48, i76]
debug_merge_point(0, 0, '171<main.rpyeffect:171([then#347])>+0: {"op": "Load". "out": 2. "type": "any". "ref": 4}')
+1069: p83 = getfield_gc_r(p65, descr=<FieldP rpyeffect.region.Ref.inst_allocation_site 8 pure>)
+1080: guard_value(p83, ConstPtr(ptr84), descr=<Guard0x7f87079cfbb0>) [p2, p66, p65, p19, p21, p0, p3, p64, p63, p31, i60, p53, p52, p51, p55, p48, i76]
+1089: p85 = getfield_gc_r(p65, descr=<FieldP rpyeffect.region.Ref.inst_value 16>)
+1093: i86 = getfield_gc_i(p85, descr=<FieldS rpyeffect.value.UnboxedIntValueRef.inst_value 8>)
debug_merge_point(0, 0, '171<main.rpyeffect:171([then#347])>+1: {"op": "Const". "type": "ptr". "out": 3. "format": "int". "value": "<IntValue object at 0x7f87079d2730>"}')
debug_merge_point(0, 0, '171<main.rpyeffect:171([then#347])>+2: {"op": "Push". "target": 170. "args": {"any": [1. 4. 0]}}')
debug_merge_point(0, 0, '171<main.rpyeffect:171([then#347])>+3: {"op": "Copy". "type": "any". "from": 3. "to". 1}')
debug_merge_point(0, 0, '171<main.rpyeffect:171([then#347])>+4: {"op": "Copy". "type": "any". "from": 2. "to". 0}')
debug_merge_point(0, 0, '171<main.rpyeffect:171([then#347])>+5: {"op": "Jump". "target": 4}')
debug_merge_point(0, 0, '4<main.rpyeffect:4(Name(infixEq72))>+0: {"op": "PrimOp". "name": "infixEq(Int. Int): Boolean". "out": {"any": [0]}. "in": {"any": [0. 1]}}')
+1098: i88 = int_eq(i86, 0)
debug_merge_point(0, 0, '4<main.rpyeffect:4(Name(infixEq72))>+1: {"op": "Return". "args": {"any": [0]}}')
debug_merge_point(0, 0, '170<main.rpyeffect:170([k@[then#347]#352])>+0: {"op": "Swap". "type": "any". "a": 0. "b". 3}')
debug_merge_point(0, 0, '170<main.rpyeffect:170([k@[then#347]#352])>+1: {"op": "IfZero". "cond": 3. "then": {"tag": null. "target": 166. "args": {"any": []}}}')
+1102: guard_false(i88, descr=<Guard0x7f87079cfbe0>) [p2, p66, p65, p19, p21, p0, p3, p64, p63, p31, i60, p53, p52, p51, p55, p48, i76]
debug_merge_point(0, 0, '166<main.rpyeffect:166([then#356])>+0: {"op": "Load". "out": 1. "type": "any". "ref": 2}')
debug_merge_point(0, 0, '166<main.rpyeffect:166([then#356])>+1: {"op": "Const". "type": "ptr". "out": 3. "format": "int". "value": "<IntValue object at 0x7f87079b11e0>"}')
debug_merge_point(0, 0, '166<main.rpyeffect:166([then#356])>+2: {"op": "Push". "target": 165. "args": {"any": [2. 0]}}')
debug_merge_point(0, 0, '166<main.rpyeffect:166([then#356])>+3: {"op": "Copy". "type": "any". "from": 1. "to". 0}')
debug_merge_point(0, 0, '166<main.rpyeffect:166([then#356])>+4: {"op": "Copy". "type": "any". "from": 3. "to". 1}')
debug_merge_point(0, 0, '166<main.rpyeffect:166([then#356])>+5: {"op": "Jump". "target": 8}')
debug_merge_point(0, 0, '8<main.rpyeffect:8(Name(infixSub105))>+0: {"op": "PrimOp". "name": "infixSub(Int. Int): Int". "out": {"any": [0]}. "in": {"any": [0. 1]}}')
+1108: i90 = int_sub(i86, 1)
debug_merge_point(0, 0, '8<main.rpyeffect:8(Name(infixSub105))>+1: {"op": "Return". "args": {"any": [0]}}')
debug_merge_point(0, 0, '165<main.rpyeffect:165([k@[then#356]#361])>+0: {"op": "Store". "ref": 1. "type": "any". "value": 0}')
debug_merge_point(0, 0, '165<main.rpyeffect:165([k@[then#356]#361])>+1: {"op": "Construct". "out": 0. "type": Interned(Unit). "tag": Interned(unit). "args": {"any": []}}')
debug_merge_point(0, 0, '165<main.rpyeffect:165([k@[then#356]#361])>+2: {"op": "Push". "target": 164. "args": {"any": [2]}}')
debug_merge_point(0, 0, '165<main.rpyeffect:165([k@[then#356]#361])>+3: {"op": "Jump". "target": 127}')
debug_merge_point(0, 0, '127<main.rpyeffect:127(Name(dollar2823))>+0: {"op": "Const". "type": "ptr". "out": 0. "format": "int". "value": "<IntValue object at 0x7f87079b1950>"}')
debug_merge_point(0, 0, '127<main.rpyeffect:127(Name(dollar2823))>+1: {"op": "Return". "args": {"any": [0]}}')
debug_merge_point(0, 0, '164<main.rpyeffect:164([k@[k@[then#356]#361]#365])>+0: {"op": "Jump". "target": 156}')
debug_merge_point(0, 0, '156<main.rpyeffect:156(Name(resume2849))>+0: {"op": "PushStack". "arg": 1}')
debug_merge_point(0, 0, '156<main.rpyeffect:156(Name(resume2849))>+1: {"op": "Return". "args": {"any": [0]}}')
debug_merge_point(0, 0, '140<main.rpyeffect:140([k@Name(parse2827)#258])>+0: {"op": "Push". "target": 139. "args": {"any": [1. 2. 3. 4. 0]}}')
debug_merge_point(0, 0, '140<main.rpyeffect:140([k@Name(parse2827)#258])>+1: {"op": "Jump". "target": 128}')
debug_merge_point(0, 0, '128<main.rpyeffect:128(Name(isDollar2825))>+0: {"op": "Const". "type": "ptr". "out": 1. "format": "int". "value": "<IntValue object at 0x7f87079b1920>"}')
debug_merge_point(0, 0, '128<main.rpyeffect:128(Name(isDollar2825))>+1: {"op": "Jump". "target": 4}')
debug_merge_point(0, 0, '4<main.rpyeffect:4(Name(infixEq72))>+0: {"op": "PrimOp". "name": "infixEq(Int. Int): Boolean". "out": {"any": [0]}. "in": {"any": [0. 1]}}')
debug_merge_point(0, 0, '4<main.rpyeffect:4(Name(infixEq72))>+1: {"op": "Return". "args": {"any": [0]}}')
debug_merge_point(0, 0, '139<main.rpyeffect:139([k@[k@Name(parse2827)#258]#260])>+0: {"op": "Swap". "type": "any". "a": 2. "b". 5}')
debug_merge_point(0, 0, '139<main.rpyeffect:139([k@[k@Name(parse2827)#258]#260])>+1: {"op": "Swap". "type": "any". "a": 0. "b". 5}')
debug_merge_point(0, 0, '139<main.rpyeffect:139([k@[k@Name(parse2827)#258]#260])>+2: {"op": "Swap". "type": "any". "a": 1. "b". 5}')
debug_merge_point(0, 0, '139<main.rpyeffect:139([k@[k@Name(parse2827)#258]#260])>+3: {"op": "IfZero". "cond": 1. "then": {"tag": null. "target": 136. "args": {"any": []}}}')
debug_merge_point(0, 0, '139<main.rpyeffect:139([k@[k@Name(parse2827)#258]#260])>+4: {"op": "Const". "type": "ptr". "out": 1. "format": "int". "value": "<IntValue object at 0x7f87079b1790>"}')
debug_merge_point(0, 0, '139<main.rpyeffect:139([k@[k@Name(parse2827)#258]#260])>+5: {"op": "Push". "target": 138. "args": {"any": [5. 0. 3]}}')
debug_merge_point(0, 0, '139<main.rpyeffect:139([k@[k@Name(parse2827)#258]#260])>+6: {"op": "Copy". "type": "any". "from": 4. "to". 0}')
debug_merge_point(0, 0, '139<main.rpyeffect:139([k@[k@Name(parse2827)#258]#260])>+7: {"op": "Jump". "target": 6}')
debug_merge_point(0, 0, '6<main.rpyeffect:6(Name(infixAdd96))>+0: {"op": "PrimOp". "name": "infixAdd(Int. Int): Int". "out": {"any": [0]}. "in": {"any": [0. 1]}}')
+1112: i92 = int_add(i60, 1)
debug_merge_point(0, 0, '6<main.rpyeffect:6(Name(infixAdd96))>+1: {"op": "Return". "args": {"any": [0]}}')
debug_merge_point(0, 0, '138<main.rpyeffect:138([k@[k@[k@Name(parse2827)#258]#260]#280])>+0: {"op": "Swap". "type": "any". "a": 2. "b". 1}')
debug_merge_point(0, 0, '138<main.rpyeffect:138([k@[k@[k@Name(parse2827)#258]#260]#280])>+1: {"op": "Jump". "target": 141}')
debug_merge_point(0, 0, '141<main.rpyeffect:141(Name(parse2827))>+0: {"op": "Push". "target": 140. "args": {"any": [2. 1. 3. 0]}}')
debug_merge_point(0, 0, '141<main.rpyeffect:141(Name(parse2827))>+1: {"op": "Invoke". "receiver": 1. "tag": Interned(Read2838). "args" : {"any": []}}')
debug_merge_point(0, 0, '176<main.rpyeffect:176([method_Read2838@Name(feed2834)#338])>+0: {"op": "Const". "type": "ptr". "out": 5. "format": "int". "value": "<IntValue object at 0x7f87079d2620>"}')
debug_merge_point(0, 0, '176<main.rpyeffect:176([method_Read2838@Name(feed2834)#338])>+1: {"op": "ShiftDyn". "out": 4. "n": 5. "label": 4}')
debug_merge_point(0, 0, '176<main.rpyeffect:176([method_Read2838@Name(feed2834)#338])>+2: {"op": "Load". "out": 5. "type": "any". "ref": 1}')
+1116: p93 = getfield_gc_r(p77, descr=<FieldP rpyeffect.region.Ref.inst_allocation_site 8 pure>)
+1120: setfield_gc(p85, i90, descr=<FieldS rpyeffect.value.UnboxedIntValueRef.inst_value 8>)
+1132: guard_value(p93, ConstPtr(ptr94), descr=<Guard0x7f87079c1148>) [p2, p78, p77, p79, p80, p19, p21, p0, p31, p3, p93, i92, None, None, None, None, p53, p52, p51, p55, p48, None]
+1141: p96 = getfield_gc_r(p77, descr=<FieldP rpyeffect.region.Ref.inst_value 16>)
+1145: i97 = getfield_gc_i(p96, descr=<FieldS rpyeffect.value.UnboxedIntValueRef.inst_value 8>)
debug_merge_point(0, 0, '176<main.rpyeffect:176([method_Read2838@Name(feed2834)#338])>+3: {"op": "Push". "target": 175. "args": {"any": [0. 1. 2. 4]}}')
debug_merge_point(0, 0, '176<main.rpyeffect:176([method_Read2838@Name(feed2834)#338])>+4: {"op": "Copy". "type": "any". "from": 5. "to". 0}')
debug_merge_point(0, 0, '176<main.rpyeffect:176([method_Read2838@Name(feed2834)#338])>+5: {"op": "Copy". "type": "any". "from": 3. "to". 1}')
debug_merge_point(0, 0, '176<main.rpyeffect:176([method_Read2838@Name(feed2834)#338])>+6: {"op": "Jump". "target": 10}')
debug_merge_point(0, 0, '10<main.rpyeffect:10(Name(infixGt184))>+0: {"op": "PrimOp". "name": "infixGt(Int. Int): Boolean". "out": {"any": [0]}. "in": {"any": [0. 1]}}')
+1149: jump(p0, p31, p78, p77, p79, p55, p51, p52, p53, i92, p48, p2, p3, i97, p80, p19, p21, p67, p77, p78, p79, p80, descr=TargetToken(140217924949664))
+1200: --end of the loop--
[62f3bbd017a0] jit-log-opt-loop}
[62f3bbfd96fe] {jit-log-opt-loop
# Loop 2 (171<main.rpyeffect:171([then#347])>+0: {"op": "Load", "out": 2, "type": "any", "ref": 4}) : entry bridge with 243 ops
[p0, p1, p2, p3, p4]
+541: p5 = getfield_gc_r(p2, descr=<FieldP rpyeffect.environment.Environment.inst_values_ptr 16>)
+552: p7 = getarrayitem_gc_r(p5, 0, descr=<ArrayP 8>)
+556: p9 = getarrayitem_gc_r(p5, 1, descr=<ArrayP 8>)
+560: p11 = getarrayitem_gc_r(p5, 2, descr=<ArrayP 8>)
+564: p13 = getarrayitem_gc_r(p5, 3, descr=<ArrayP 8>)
+568: p15 = getarrayitem_gc_r(p5, 4, descr=<ArrayP 8>)
+572: p17 = getarrayitem_gc_r(p5, 5, descr=<ArrayP 8>)
+576: p19 = getarrayitem_gc_r(p5, 6, descr=<ArrayP 8>)
+580: p21 = getarrayitem_gc_r(p5, 7, descr=<ArrayP 8>)
debug_merge_point(0, 0, '171<main.rpyeffect:171([then#347])>+0: {"op": "Load". "out": 2. "type": "any". "ref": 4}')
+584: guard_not_invalidated(descr=<Guard0x7f87079c1190>) [p2, p7, p9, p11, p13, p15, p17, p19, p21, p0, p1, p3, p4]
+584: p22 = getfield_gc_r(p15, descr=<FieldP rpyeffect.region.Ref.inst_allocation_site 8 pure>)
+595: guard_value(p22, ConstPtr(ptr23), descr=<Guard0x7f87079f4410>) [p2, p7, p9, p11, p13, p15, p17, p19, p21, p0, p1, p3, p4]
+604: p24 = getfield_gc_r(p15, descr=<FieldP rpyeffect.region.Ref.inst_value 16>)
+608: i25 = getfield_gc_i(p24, descr=<FieldS rpyeffect.value.UnboxedIntValueRef.inst_value 8>)
debug_merge_point(0, 0, '171<main.rpyeffect:171([then#347])>+1: {"op": "Const". "type": "ptr". "out": 3. "format": "int". "value": "<IntValue object at 0x7f87079d2730>"}')
debug_merge_point(0, 0, '171<main.rpyeffect:171([then#347])>+2: {"op": "Push". "target": 170. "args": {"any": [1. 4. 0]}}')
debug_merge_point(0, 0, '171<main.rpyeffect:171([then#347])>+3: {"op": "Copy". "type": "any". "from": 3. "to". 1}')
debug_merge_point(0, 0, '171<main.rpyeffect:171([then#347])>+4: {"op": "Copy". "type": "any". "from": 2. "to". 0}')
debug_merge_point(0, 0, '171<main.rpyeffect:171([then#347])>+5: {"op": "Jump". "target": 4}')
debug_merge_point(0, 0, '4<main.rpyeffect:4(Name(infixEq72))>+0: {"op": "PrimOp". "name": "infixEq(Int. Int): Boolean". "out": {"any": [0]}. "in": {"any": [0. 1]}}')
+612: i27 = int_eq(i25, 0)
debug_merge_point(0, 0, '4<main.rpyeffect:4(Name(infixEq72))>+1: {"op": "Return". "args": {"any": [0]}}')
debug_merge_point(0, 0, '170<main.rpyeffect:170([k@[then#347]#352])>+0: {"op": "Swap". "type": "any". "a": 0. "b". 3}')
debug_merge_point(0, 0, '170<main.rpyeffect:170([k@[then#347]#352])>+1: {"op": "IfZero". "cond": 3. "then": {"tag": null. "target": 166. "args": {"any": []}}}')
+616: guard_true(i27, descr=<Guard0x7f87079f4440>) [p2, p7, p9, p11, p13, p15, p17, p19, p21, p0, p1, p3, p4]
debug_merge_point(0, 0, '170<main.rpyeffect:170([k@[then#347]#352])>+2: {"op": "Load". "out": 3. "type": "any". "ref": 1}')
+622: p28 = getfield_gc_r(p9, descr=<FieldP rpyeffect.region.Ref.inst_allocation_site 8 pure>)
+633: guard_value(p28, ConstPtr(ptr29), descr=<Guard0x7f87079f4470>) [p2, p7, p9, p11, p13, p15, p17, p19, p21, p0, p1, p3, p4]
+642: p30 = getfield_gc_r(p9, descr=<FieldP rpyeffect.region.Ref.inst_value 16>)
+646: i31 = getfield_gc_i(p30, descr=<FieldS rpyeffect.value.UnboxedIntValueRef.inst_value 8>)
debug_merge_point(0, 0, '170<main.rpyeffect:170([k@[then#347]#352])>+3: {"op": "Const". "type": "ptr". "out": 4. "format": "int". "value": "<IntValue object at 0x7f87079d2760>"}')
debug_merge_point(0, 0, '170<main.rpyeffect:170([k@[then#347]#352])>+4: {"op": "Push". "target": 169. "args": {"any": [1. 2. 0]}}')
debug_merge_point(0, 0, '170<main.rpyeffect:170([k@[then#347]#352])>+5: {"op": "Copy". "type": "any". "from": 4. "to". 1}')
debug_merge_point(0, 0, '170<main.rpyeffect:170([k@[then#347]#352])>+6: {"op": "Copy". "type": "any". "from": 3. "to". 0}')
debug_merge_point(0, 0, '170<main.rpyeffect:170([k@[then#347]#352])>+7: {"op": "Jump". "target": 6}')
debug_merge_point(0, 0, '6<main.rpyeffect:6(Name(infixAdd96))>+0: {"op": "PrimOp". "name": "infixAdd(Int. Int): Int". "out": {"any": [0]}. "in": {"any": [0. 1]}}')
+650: i33 = int_add(i31, 1)
debug_merge_point(0, 0, '6<main.rpyeffect:6(Name(infixAdd96))>+1: {"op": "Return". "args": {"any": [0]}}')
debug_merge_point(0, 0, '169<main.rpyeffect:169([k@[k@[then#347]#352]#372])>+0: {"op": "Store". "ref": 1. "type": "any". "value": 0}')
debug_merge_point(0, 0, '169<main.rpyeffect:169([k@[k@[then#347]#352]#372])>+1: {"op": "Construct". "out": 0. "type": Interned(Unit). "tag": Interned(unit). "args": {"any": []}}')
debug_merge_point(0, 0, '169<main.rpyeffect:169([k@[k@[then#347]#352]#372])>+2: {"op": "Load". "out": 0. "type": "any". "ref": 1}')
debug_merge_point(0, 0, '169<main.rpyeffect:169([k@[k@[then#347]#352]#372])>+3: {"op": "Store". "ref": 2. "type": "any". "value": 0}')
+654: setfield_gc(p30, i33, descr=<FieldS rpyeffect.value.UnboxedIntValueRef.inst_value 8>)
debug_merge_point(0, 0, '169<main.rpyeffect:169([k@[k@[then#347]#352]#372])>+4: {"op": "Construct". "out": 0. "type": Interned(Unit). "tag": Interned(unit). "args": {"any": []}}')
debug_merge_point(0, 0, '169<main.rpyeffect:169([k@[k@[then#347]#352]#372])>+5: {"op": "Push". "target": 168. "args": {"any": [3]}}')
debug_merge_point(0, 0, '169<main.rpyeffect:169([k@[k@[then#347]#352]#372])>+6: {"op": "Jump". "target": 125}')
debug_merge_point(0, 0, '125<main.rpyeffect:125(Name(newline2820))>+0: {"op": "Const". "type": "ptr". "out": 0. "format": "int". "value": "<IntValue object at 0x7f87079b19a0>"}')
debug_merge_point(0, 0, '125<main.rpyeffect:125(Name(newline2820))>+1: {"op": "Return". "args": {"any": [0]}}')
debug_merge_point(0, 0, '168<main.rpyeffect:168([k@[k@[k@[then#347]#352]#372]#378])>+0: {"op": "Jump". "target": 156}')
+658: setfield_gc(p24, i33, descr=<FieldS rpyeffect.value.UnboxedIntValueRef.inst_value 8>)
+662: guard_nonnull(p1, descr=<Guard0x7f87079c11d8>) [p2, p7, p15, p17, p19, p21, p0, p1, p3, p4]
+676: i34 = getfield_gc_i(p1, descr=<FieldS rpyeffect.stored_environment.Stack__arb.inst_target 16 pure>)
+687: guard_value(i34, 158, descr=<Guard0x7f87079f44a0>) [p2, p7, p15, p17, p19, p21, p0, p1, p3, p4]
debug_merge_point(0, 0, '156<main.rpyeffect:156(Name(resume2849))>+0: {"op": "PushStack". "arg": 1}')
+707: i37 = instance_ptr_eq(p4, ConstPtr(ptr36))
+714: guard_true(i37, descr=<Guard0x7f87079f44d0>) [p2, p7, p15, p17, p19, p21, p0, p1, p3, p4]
+720: guard_nonnull_class(p7, 8692928, descr=<Guard0x7f87079c1220>) [p2, p7, p15, p17, p19, p21, p0, p1, p3, p4]
+738: p39 = getfield_gc_r(p7, descr=<FieldP rpyeffect.stack.MetaStack.inst_region 24 pure>)
+742: guard_isnull(p39, descr=<Guard0x7f87079f4500>) [p2, p7, p15, p17, p19, p21, p0, p1, p3, p4]
+751: p40 = getfield_gc_r(p7, descr=<FieldP rpyeffect.stack.MetaStackLike.inst_stack 8 pure>)
+755: p41 = getfield_gc_r(p7, descr=<FieldP rpyeffect.stack.MetaStack.inst_tail 32 pure>)
+759: guard_isnull(p41, descr=<Guard0x7f87079f4530>) [p2, p7, p15, p17, p19, p21, p0, p1, p3, p4]
+768: p42 = getfield_gc_r(p7, descr=<FieldP rpyeffect.stack.MetaStack.inst_label 16 pure>)
+772: guard_nonnull(p40, descr=<Guard0x7f87079f4560>) [p2, p7, p15, p17, p19, p21, p0, p1, p3, p4]
+781: i43 = getfield_gc_i(p40, descr=<FieldS rpyeffect.stored_environment.Stack__arb.inst_target 16 pure>)
+785: guard_value(i43, 140, descr=<Guard0x7f87079f4590>) [p2, p7, p15, p17, p19, p21, p0, p1, p3, p4]
debug_merge_point(0, 0, '156<main.rpyeffect:156(Name(resume2849))>+1: {"op": "Return". "args": {"any": [0]}}')
+798: p45 = getfield_gc_r(p40, descr=<FieldP rpyeffect.stored_environment.Stack__4.inst_values_ptr_0 32 pure>)
+802: p46 = getfield_gc_r(p40, descr=<FieldP rpyeffect.stored_environment.Stack__4.inst_values_ptr_1 40 pure>)
+806: p47 = getfield_gc_r(p40, descr=<FieldP rpyeffect.stored_environment.Stack__4.inst_values_ptr_2 48 pure>)
+810: p48 = getfield_gc_r(p40, descr=<FieldP rpyeffect.stored_environment.Stack__4.inst_values_ptr_3 56 pure>)
+821: p49 = getfield_gc_r(p40, descr=<FieldP rpyeffect.stored_environment.Stack__arb.inst_tail 8 pure>)
+832: guard_nonnull(p49, descr=<Guard0x7f87079f45c0>) [p2, p7, p15, p17, p19, p21, p0, p1, p3, p4]
+841: i50 = getfield_gc_i(p49, descr=<FieldS rpyeffect.stored_environment.Stack__arb.inst_target 16 pure>)
+846: guard_value(i50, 160, descr=<Guard0x7f87079f45f0>) [p2, p7, p15, p17, p19, p21, p0, p1, p3, p4]
debug_merge_point(0, 0, '140<main.rpyeffect:140([k@Name(parse2827)#258])>+0: {"op": "Push". "target": 139. "args": {"any": [1. 2. 3. 4. 0]}}')
debug_merge_point(0, 0, '140<main.rpyeffect:140([k@Name(parse2827)#258])>+1: {"op": "Jump". "target": 128}')
debug_merge_point(0, 0, '128<main.rpyeffect:128(Name(isDollar2825))>+0: {"op": "Const". "type": "ptr". "out": 1. "format": "int". "value": "<IntValue object at 0x7f87079b1920>"}')
debug_merge_point(0, 0, '128<main.rpyeffect:128(Name(isDollar2825))>+1: {"op": "Jump". "target": 4}')
debug_merge_point(0, 0, '4<main.rpyeffect:4(Name(infixEq72))>+0: {"op": "PrimOp". "name": "infixEq(Int. Int): Boolean". "out": {"any": [0]}. "in": {"any": [0. 1]}}')
debug_merge_point(0, 0, '4<main.rpyeffect:4(Name(infixEq72))>+1: {"op": "Return". "args": {"any": [0]}}')
debug_merge_point(0, 0, '139<main.rpyeffect:139([k@[k@Name(parse2827)#258]#260])>+0: {"op": "Swap". "type": "any". "a": 2. "b". 5}')
debug_merge_point(0, 0, '139<main.rpyeffect:139([k@[k@Name(parse2827)#258]#260])>+1: {"op": "Swap". "type": "any". "a": 0. "b". 5}')
debug_merge_point(0, 0, '139<main.rpyeffect:139([k@[k@Name(parse2827)#258]#260])>+2: {"op": "Swap". "type": "any". "a": 1. "b". 5}')
debug_merge_point(0, 0, '139<main.rpyeffect:139([k@[k@Name(parse2827)#258]#260])>+3: {"op": "IfZero". "cond": 1. "then": {"tag": null. "target": 136. "args": {"any": []}}}')
debug_merge_point(0, 0, '136<main.rpyeffect:136([then#263])>+0: {"op": "Push". "target": 135. "args": {"any": [5. 0. 3. 4]}}')
debug_merge_point(0, 0, '136<main.rpyeffect:136([then#263])>+1: {"op": "Copy". "type": "any". "from": 2. "to". 0}')
debug_merge_point(0, 0, '136<main.rpyeffect:136([then#263])>+2: {"op": "Jump". "target": 126}')
debug_merge_point(0, 0, '126<main.rpyeffect:126(Name(isNewline2822))>+0: {"op": "Const". "type": "ptr". "out": 1. "format": "int". "value": "<IntValue object at 0x7f87079b1970>"}')
debug_merge_point(0, 0, '126<main.rpyeffect:126(Name(isNewline2822))>+1: {"op": "Jump". "target": 4}')
debug_merge_point(0, 0, '4<main.rpyeffect:4(Name(infixEq72))>+0: {"op": "PrimOp". "name": "infixEq(Int. Int): Boolean". "out": {"any": [0]}. "in": {"any": [0. 1]}}')
debug_merge_point(0, 0, '4<main.rpyeffect:4(Name(infixEq72))>+1: {"op": "Return". "args": {"any": [0]}}')
debug_merge_point(0, 0, '135<main.rpyeffect:135([k@[then#263]#265])>+0: {"op": "Swap". "type": "any". "a": 3. "b". 4}')
debug_merge_point(0, 0, '135<main.rpyeffect:135([k@[then#263]#265])>+1: {"op": "Swap". "type": "any". "a": 2. "b". 4}')
debug_merge_point(0, 0, '135<main.rpyeffect:135([k@[then#263]#265])>+2: {"op": "Swap". "type": "any". "a": 0. "b". 4}')
debug_merge_point(0, 0, '135<main.rpyeffect:135([k@[then#263]#265])>+3: {"op": "Swap". "type": "any". "a": 1. "b". 4}')
debug_merge_point(0, 0, '135<main.rpyeffect:135([k@[then#263]#265])>+4: {"op": "IfZero". "cond": 1. "then": {"tag": null. "target": 132. "args": {"any": []}}}')
debug_merge_point(0, 0, '135<main.rpyeffect:135([k@[then#263]#265])>+5: {"op": "Push". "target": 134. "args": {"any": [4. 0. 2]}}')
debug_merge_point(0, 0, '135<main.rpyeffect:135([k@[then#263]#265])>+6: {"op": "Copy". "type": "any". "from": 3. "to". 0}')
debug_merge_point(0, 0, '135<main.rpyeffect:135([k@[then#263]#265])>+7: {"op": "Invoke". "receiver": 4. "tag": Interned(Emit2840). "args" : {"any": [0]}}')
+859: p52 = getfield_gc_r(p45, descr=<FieldP rpyeffect.codata.CoData.inst_vtable 8 pure>)
+877: guard_value(p52, ConstPtr(ptr53), descr=<Guard0x7f87079f4620>) [p2, p7, p15, p17, p19, p21, p0, p1, p3, p4]
+886: p54 = getfield_gc_r(p45, descr=<FieldP rpyeffect.stored_environment.CoData__2.inst_values_ptr_0 24 pure>)
+890: p55 = getfield_gc_r(p45, descr=<FieldP rpyeffect.stored_environment.CoData__2.inst_values_ptr_1 32 pure>)
debug_merge_point(0, 0, '148<main.rpyeffect:148([method_Emit2840@Name(sum2829)#296])>+0: {"op": "Const". "type": "ptr". "out": 3. "format": "int". "value": "<IntValue object at 0x7f87079b1600>"}')
debug_merge_point(0, 0, '148<main.rpyeffect:148([method_Emit2840@Name(sum2829)#296])>+1: {"op": "ShiftDyn". "out": 1. "n": 3. "label": 1}')
+894: guard_nonnull(p42, descr=<Guard0x7f87079f4650>) [p2, p7, p15, p17, p19, p21, p0, p1, p3, p4]
+903: guard_nonnull(p54, descr=<Guard0x7f87079f4680>) [p2, p7, p15, p17, p19, p21, p0, p1, p3, p4]
+912: i56 = getfield_gc_i(p42, descr=<FieldS rpyeffect.stack.Label.inst_origin 8 pure>)
+923: guard_value(i56, 182282, descr=<Guard0x7f87079f46b0>) [p2, p7, p15, p17, p19, p21, p0, p1, p3, p4]
+936: i58 = getfield_gc_i(p54, descr=<FieldS rpyeffect.stack.Label.inst_origin 8 pure>)
+940: guard_value(i58, 153605, descr=<Guard0x7f87079f46e0>) [p2, p7, p15, p17, p19, p21, p0, p1, p3, p4]
+953: guard_nonnull(p0, descr=<Guard0x7f87079f4710>) [p2, p7, p15, p17, p19, p21, p0, p1, p3, p4]
+967: i60 = getfield_gc_i(p0, descr=<FieldS rpyeffect.stack.Label.inst_origin 8 pure>)
+978: guard_value(i60, 182278, descr=<Guard0x7f87079f4740>) [p2, p7, p15, p17, p19, p21, p0, p1, p3, p4]
+991: p62 = getfield_gc_r(p3, descr=<FieldP rpyeffect.stack.MetaStack.inst_region 24 pure>)
+1009: guard_isnull(p62, descr=<Guard0x7f87079f4770>) [p2, p7, p15, p17, p19, p21, p0, p1, p3, p4]
+1018: p63 = getfield_gc_r(p3, descr=<FieldP rpyeffect.stack.MetaStack.inst_label 16 pure>)
+1022: guard_nonnull(p63, descr=<Guard0x7f87079f47a0>) [p2, p7, p15, p17, p19, p21, p0, p1, p3, p4]
+1031: i64 = getfield_gc_i(p63, descr=<FieldS rpyeffect.stack.Label.inst_origin 8 pure>)
+1042: guard_value(i64, 182273, descr=<Guard0x7f87079f47d0>) [p2, p7, p15, p17, p19, p21, p0, p1, p3, p4]
+1055: p66 = getfield_gc_r(p3, descr=<FieldP rpyeffect.stack.MetaStack.inst_tail 32 pure>)
+1059: p67 = getfield_gc_r(p66, descr=<FieldP rpyeffect.stack.MetaStack.inst_region 24 pure>)
+1063: guard_isnull(p67, descr=<Guard0x7f87079f4800>) [p2, p7, p15, p17, p19, p21, p0, p1, p3, p4]
+1072: p68 = getfield_gc_r(p66, descr=<FieldP rpyeffect.stack.MetaStack.inst_label 16 pure>)
+1076: guard_nonnull(p68, descr=<Guard0x7f87079f4830>) [p2, p7, p15, p17, p19, p21, p0, p1, p3, p4]
+1085: i69 = getfield_gc_i(p68, descr=<FieldS rpyeffect.stack.Label.inst_origin 8 pure>)
+1096: guard_value(i69, 158720, descr=<Guard0x7f87079f4860>) [p2, p7, p15, p17, p19, p21, p0, p1, p3, p4]
+1109: p71 = getfield_gc_r(p66, descr=<FieldP rpyeffect.stack.MetaStack.inst_tail 32 pure>)
+1113: p72 = getfield_gc_r(p71, descr=<FieldP rpyeffect.stack.MetaStack.inst_region 24 pure>)
+1124: guard_isnull(p72, descr=<Guard0x7f87079f4890>) [p2, p7, p15, p17, p19, p21, p0, p1, p3, p4]
+1133: p73 = getfield_gc_r(p71, descr=<FieldP rpyeffect.stack.MetaStack.inst_label 16 pure>)
+1137: guard_nonnull(p73, descr=<Guard0x7f87079f48c0>) [p2, p7, p15, p17, p19, p21, p0, p1, p3, p4]
+1146: i74 = getfield_gc_i(p73, descr=<FieldS rpyeffect.stack.Label.inst_origin 8 pure>)
+1157: guard_value(i74, 153605, descr=<Guard0x7f87079f48f0>) [p2, p7, p15, p17, p19, p21, p0, p1, p3, p4]
+1170: i76 = instance_ptr_eq(p73, p54)
+1173: guard_true(i76, descr=<Guard0x7f87079f4920>) [p2, p7, p15, p17, p19, p21, p0, p1, p3, p4]
+1179: p77 = getfield_gc_r(p71, descr=<FieldP rpyeffect.stack.MetaStackLike.inst_stack 8 pure>)
+1183: guard_class(p71, 8692928, descr=<Guard0x7f87079f4950>) [p2, p7, p15, p17, p19, p21, p0, p1, p3, p4]
+1196: p79 = getfield_gc_r(p71, descr=<FieldP rpyeffect.stack.MetaStack.inst_tail 32 pure>)
+1200: p80 = getfield_gc_r(p66, descr=<FieldP rpyeffect.stack.MetaStackLike.inst_stack 8 pure>)
+1204: guard_class(p66, 8692928, descr=<Guard0x7f87079f4980>) [p2, p7, p15, p17, p19, p21, p0, p1, p3, p4]
+1217: p82 = getfield_gc_r(p3, descr=<FieldP rpyeffect.stack.MetaStackLike.inst_stack 8 pure>)
+1221: guard_class(p3, 8692928, descr=<Guard0x7f87079f49b0>) [p2, p7, p15, p17, p19, p21, p0, p1, p3, p4]
+1233: guard_nonnull_class(p79, 8692928, descr=<Guard0x7f87079c1268>) [p2, p7, p15, p17, p19, p21, p0, p1, p3, p4]
+1251: p85 = getfield_gc_r(p79, descr=<FieldP rpyeffect.stack.MetaStackLike.inst_stack 8 pure>)
+1255: p86 = getfield_gc_r(p79, descr=<FieldP rpyeffect.stack.MetaStack.inst_label 16 pure>)
+1266: p87 = getfield_gc_r(p79, descr=<FieldP rpyeffect.stack.MetaStack.inst_tail 32 pure>)
+1277: guard_nonnull(p85, descr=<Guard0x7f87079f49e0>) [p2, p7, p15, p17, p19, p21, p0, p1, p3, p4]
+1286: i88 = getfield_gc_i(p85, descr=<FieldS rpyeffect.stored_environment.Stack__arb.inst_target 16 pure>)
+1297: guard_value(i88, 144, descr=<Guard0x7f87079f4a10>) [p2, p7, p15, p17, p19, p21, p0, p1, p3, p4]
debug_merge_point(0, 0, '148<main.rpyeffect:148([method_Emit2840@Name(sum2829)#296])>+2: {"op": "Load". "out": 3. "type": "any". "ref": 2}')
+1310: p90 = getfield_gc_r(p55, descr=<FieldP rpyeffect.region.Ref.inst_allocation_site 8 pure>)
+1328: guard_value(p90, ConstPtr(ptr91), descr=<Guard0x7f87079f4a40>) [p2, p7, p15, p17, p19, p21, p0, p1, p3, p4]
+1337: p92 = getfield_gc_r(p55, descr=<FieldP rpyeffect.region.Ref.inst_value 16>)
+1341: i93 = getfield_gc_i(p92, descr=<FieldS rpyeffect.value.UnboxedIntValueRef.inst_value 8>)
debug_merge_point(0, 0, '148<main.rpyeffect:148([method_Emit2840@Name(sum2829)#296])>+3: {"op": "Push". "target": 147. "args": {"any": [1. 2]}}')
debug_merge_point(0, 0, '148<main.rpyeffect:148([method_Emit2840@Name(sum2829)#296])>+4: {"op": "Copy". "type": "any". "from": 0. "to". 1}')
debug_merge_point(0, 0, '148<main.rpyeffect:148([method_Emit2840@Name(sum2829)#296])>+5: {"op": "Copy". "type": "any". "from": 3. "to". 0}')
debug_merge_point(0, 0, '148<main.rpyeffect:148([method_Emit2840@Name(sum2829)#296])>+6: {"op": "Jump". "target": 6}')
debug_merge_point(0, 0, '6<main.rpyeffect:6(Name(infixAdd96))>+0: {"op": "PrimOp". "name": "infixAdd(Int. Int): Int". "out": {"any": [0]}. "in": {"any": [0. 1]}}')
+1345: i94 = getfield_gc_i(p48, descr=<FieldS rpyeffect.value.IntValue.inst_value 8 pure>)
+1349: i95 = int_add(i93, i94)
debug_merge_point(0, 0, '6<main.rpyeffect:6(Name(infixAdd96))>+1: {"op": "Return". "args": {"any": [0]}}')
debug_merge_point(0, 0, '147<main.rpyeffect:147([k@[method_Emit2840@Name(sum2829)#296]#301])>+0: {"op": "Store". "ref": 2. "type": "any". "value": 0}')
debug_merge_point(0, 0, '147<main.rpyeffect:147([k@[method_Emit2840@Name(sum2829)#296]#301])>+1: {"op": "Construct". "out": 0. "type": Interned(Unit). "tag": Interned(unit). "args": {"any": []}}')
debug_merge_point(0, 0, '147<main.rpyeffect:147([k@[method_Emit2840@Name(sum2829)#296]#301])>+2: {"op": "Construct". "out": 0. "type": Interned(Unit). "tag": Interned(unit). "args": {"any": []}}')
debug_merge_point(0, 0, '147<main.rpyeffect:147([k@[method_Emit2840@Name(sum2829)#296]#301])>+3: {"op": "Jump". "target": 142}')
debug_merge_point(0, 0, '142<main.rpyeffect:142(Name(resume2845))>+0: {"op": "PushStack". "arg": 1}')
debug_merge_point(0, 0, '142<main.rpyeffect:142(Name(resume2845))>+1: {"op": "Return". "args": {"any": [0]}}')
debug_merge_point(0, 0, '134<main.rpyeffect:134([k@[k@[then#263]#265]#272])>+0: {"op": "Const". "type": "ptr". "out": 0. "format": "int". "value": "<IntValue object at 0x7f87079b1860>"}')
debug_merge_point(0, 0, '134<main.rpyeffect:134([k@[k@[then#263]#265]#272])>+1: {"op": "Swap". "type": "any". "a": 2. "b". 1}')
debug_merge_point(0, 0, '134<main.rpyeffect:134([k@[k@[then#263]#265]#272])>+2: {"op": "Jump". "target": 141}')
debug_merge_point(0, 0, '141<main.rpyeffect:141(Name(parse2827))>+0: {"op": "Push". "target": 140. "args": {"any": [2. 1. 3. 0]}}')
debug_merge_point(0, 0, '141<main.rpyeffect:141(Name(parse2827))>+1: {"op": "Invoke". "receiver": 1. "tag": Interned(Read2838). "args" : {"any": []}}')
+1352: p96 = getfield_gc_r(p46, descr=<FieldP rpyeffect.codata.CoData.inst_vtable 8 pure>)
+1356: setfield_gc(p92, i95, descr=<FieldS rpyeffect.value.UnboxedIntValueRef.inst_value 8>)
+1367: guard_value(p96, ConstPtr(ptr97), descr=<Guard0x7f87079c12b0>) [p2, p46, p45, p47, p19, p21, p42, p96, p87, p86, p85, p73, p77, p68, p80, p63, p82, p0, p1, p49]
+1376: p98 = getfield_gc_r(p46, descr=<FieldP rpyeffect.stored_environment.CoData__5.inst_values_ptr_0 24 pure>)
+1380: p99 = getfield_gc_r(p46, descr=<FieldP rpyeffect.stored_environment.CoData__5.inst_values_ptr_1 32 pure>)
+1384: p100 = getfield_gc_r(p46, descr=<FieldP rpyeffect.stored_environment.CoData__5.inst_values_ptr_2 40 pure>)
+1388: p101 = getfield_gc_r(p46, descr=<FieldP rpyeffect.stored_environment.CoData__5.inst_values_ptr_3 48 pure>)
+1399: p102 = getfield_gc_r(p46, descr=<FieldP rpyeffect.stored_environment.CoData__5.inst_values_ptr_4 56 pure>)
debug_merge_point(0, 0, '176<main.rpyeffect:176([method_Read2838@Name(feed2834)#338])>+0: {"op": "Const". "type": "ptr". "out": 5. "format": "int". "value": "<IntValue object at 0x7f87079d2620>"}')
debug_merge_point(0, 0, '176<main.rpyeffect:176([method_Read2838@Name(feed2834)#338])>+1: {"op": "ShiftDyn". "out": 4. "n": 5. "label": 4}')
+1410: guard_nonnull(p102, descr=<Guard0x7f87079f4a70>) [p2, p46, p45, p47, p19, p21, p42, p96, p87, p86, p85, p73, p77, p68, p80, p63, p82, p0, p1, p49]
+1419: i103 = getfield_gc_i(p102, descr=<FieldS rpyeffect.stack.Label.inst_origin 8 pure>)
+1430: guard_value(i103, 182282, descr=<Guard0x7f87079f4aa0>) [p2, p46, p45, p47, p19, p21, p42, p96, p87, p86, p85, p73, p77, p68, p80, p63, p82, p0, p1, p49]
+1443: i105 = instance_ptr_eq(p42, p102)
+1446: guard_true(i105, descr=<Guard0x7f87079f4ad0>) [p2, p46, p45, p47, p19, p21, p42, p96, p87, p86, p85, p73, p77, p68, p80, p63, p82, p0, p1, p49]
debug_merge_point(0, 0, '176<main.rpyeffect:176([method_Read2838@Name(feed2834)#338])>+2: {"op": "Load". "out": 5. "type": "any". "ref": 1}')
+1452: p106 = getfield_gc_r(p99, descr=<FieldP rpyeffect.region.Ref.inst_allocation_site 8 pure>)
+1456: guard_value(p106, ConstPtr(ptr107), descr=<Guard0x7f87079f4b00>) [p2, p46, p45, p47, p19, p21, p42, p96, p87, p86, p85, p73, p77, p68, p80, p63, p82, p0, p1, p49]
+1465: p108 = getfield_gc_r(p99, descr=<FieldP rpyeffect.region.Ref.inst_value 16>)
+1469: i109 = getfield_gc_i(p108, descr=<FieldS rpyeffect.value.UnboxedIntValueRef.inst_value 8>)
debug_merge_point(0, 0, '176<main.rpyeffect:176([method_Read2838@Name(feed2834)#338])>+3: {"op": "Push". "target": 175. "args": {"any": [0. 1. 2. 4]}}')
debug_merge_point(0, 0, '176<main.rpyeffect:176([method_Read2838@Name(feed2834)#338])>+4: {"op": "Copy". "type": "any". "from": 5. "to". 0}')
debug_merge_point(0, 0, '176<main.rpyeffect:176([method_Read2838@Name(feed2834)#338])>+5: {"op": "Copy". "type": "any". "from": 3. "to". 1}')
debug_merge_point(0, 0, '176<main.rpyeffect:176([method_Read2838@Name(feed2834)#338])>+6: {"op": "Jump". "target": 10}')
debug_merge_point(0, 0, '10<main.rpyeffect:10(Name(infixGt184))>+0: {"op": "PrimOp". "name": "infixGt(Int. Int): Boolean". "out": {"any": [0]}. "in": {"any": [0. 1]}}')
+1473: p110 = new_with_vtable(descr=<SizeDescr 64>)
+1527: p111 = new_with_vtable(descr=<SizeDescr 40>)
+1538: p112 = new_with_vtable(descr=<SizeDescr 64>)
+1549: setfield_gc(p112, p49, descr=<FieldP rpyeffect.stored_environment.Stack__arb.inst_tail 8 pure>)
+1553: setfield_gc(p112, 140, descr=<FieldS rpyeffect.stored_environment.Stack__arb.inst_target 16 pure>)
+1561: setfield_gc(p112, p45, descr=<FieldP rpyeffect.stored_environment.Stack__4.inst_values_ptr_0 32 pure>)
+1565: setfield_gc(p112, p46, descr=<FieldP rpyeffect.stored_environment.Stack__4.inst_values_ptr_1 40 pure>)
+1569: setfield_gc(p112, p47, descr=<FieldP rpyeffect.stored_environment.Stack__4.inst_values_ptr_2 48 pure>)
+1587: setfield_gc(p112, ConstPtr(ptr114), descr=<FieldP rpyeffect.stored_environment.Stack__4.inst_values_ptr_3 56 pure>)
+1591: setfield_gc(p111, p112, descr=<FieldP rpyeffect.stack.MetaStackLike.inst_stack 8 pure>)
+1595: setfield_gc(p111, p42, descr=<FieldP rpyeffect.stack.MetaStack.inst_label 16 pure>)
+1599: setfield_gc(p111, ConstPtr(null), descr=<FieldP rpyeffect.stack.MetaStack.inst_region 24 pure>)
+1607: setfield_gc(p111, ConstPtr(null), descr=<FieldP rpyeffect.stack.MetaStack.inst_tail 32 pure>)
+1615: p117 = new_with_vtable(descr=<SizeDescr 40>)
+1626: p118 = new_with_vtable(descr=<SizeDescr 40>)
+1637: setfield_gc(p118, p80, descr=<FieldP rpyeffect.stack.MetaStackLike.inst_stack 8 pure>)
+1641: setfield_gc(p118, p68, descr=<FieldP rpyeffect.stack.MetaStack.inst_label 16 pure>)
+1652: setfield_gc(p118, ConstPtr(null), descr=<FieldP rpyeffect.stack.MetaStack.inst_region 24 pure>)
+1660: p120 = new_with_vtable(descr=<SizeDescr 40>)
+1671: setfield_gc(p120, p77, descr=<FieldP rpyeffect.stack.MetaStackLike.inst_stack 8 pure>)
+1675: setfield_gc(p120, p73, descr=<FieldP rpyeffect.stack.MetaStack.inst_label 16 pure>)
+1679: setfield_gc(p120, ConstPtr(null), descr=<FieldP rpyeffect.stack.MetaStack.inst_region 24 pure>)
+1687: p122 = new_with_vtable(descr=<SizeDescr 40>)
+1699: setfield_gc(p122, p85, descr=<FieldP rpyeffect.stack.MetaStackLike.inst_stack 8 pure>)
+1710: setfield_gc(p122, p86, descr=<FieldP rpyeffect.stack.MetaStack.inst_label 16 pure>)
+1721: setfield_gc(p122, ConstPtr(null), descr=<FieldP rpyeffect.stack.MetaStack.inst_region 24 pure>)
+1729: setfield_gc(p122, p87, descr=<FieldP rpyeffect.stack.MetaStack.inst_tail 32 pure>)
+1740: setfield_gc(p120, p122, descr=<FieldP rpyeffect.stack.MetaStack.inst_tail 32 pure>)
+1744: setfield_gc(p118, p120, descr=<FieldP rpyeffect.stack.MetaStack.inst_tail 32 pure>)
+1748: p124 = new_with_vtable(descr=<SizeDescr 16>)
+1760: setfield_gc(p110, 175, descr=<FieldS rpyeffect.stored_environment.Stack__arb.inst_target 16 pure>)
+1768: setfield_gc(p117, ConstPtr(null), descr=<FieldP rpyeffect.stack.MetaStack.inst_region 24 pure>)
+1776: setfield_gc(p117, p82, descr=<FieldP rpyeffect.stack.MetaStackLike.inst_stack 8 pure>)
+1787: setfield_gc(p117, p118, descr=<FieldP rpyeffect.stack.MetaStack.inst_tail 32 pure>)
+1791: setfield_gc(p117, p63, descr=<FieldP rpyeffect.stack.MetaStack.inst_label 16 pure>)
+1802: setfield_gc(p110, p98, descr=<FieldP rpyeffect.stored_environment.Stack__4.inst_values_ptr_0 32 pure>)
+1806: setfield_gc(p110, p99, descr=<FieldP rpyeffect.stored_environment.Stack__4.inst_values_ptr_1 40 pure>)
+1810: setfield_gc(p110, p100, descr=<FieldP rpyeffect.stored_environment.Stack__4.inst_values_ptr_2 48 pure>)
+1821: setfield_gc(p110, p111, descr=<FieldP rpyeffect.stored_environment.Stack__4.inst_values_ptr_3 56 pure>)
+1825: setfield_gc(p110, p1, descr=<FieldP rpyeffect.stored_environment.Stack__arb.inst_tail 8 pure>)
+1836: setfield_gc(p124, i109, descr=<FieldS rpyeffect.value.IntValue.inst_value 8 pure>)
+1856: jump(p0, p110, p2, p117, ConstPtr(ptr127), p124, p101, p100, p101, p111, p124, p19, p21, descr=TargetToken(140217924949600))
+1984: --end of the loop--
[62f3bc05f5af] jit-log-opt-loop}
[62f3bc3401ce] {jit-log-opt-bridge
# bridge out of Guard 0x7f87079cfbe0 with 224 ops
[p0, p1, p2, p3, p4, p5, p6, p7, p8, p9, i10, p11, p12, p13, p14, p15, i16]
+382: guard_not_invalidated(descr=<Guard0x7f87079c12f8>) [p0, p1, p2, p3, p4, p5, p6, p7, p8, p9, i10, p11, p12, p13, p14, p15, i16]
+382: i17 = getfield_gc_i(p1, descr=<FieldS rpyeffect.value.IntValue.inst_value 8 pure>)
+386: i18 = int_gt(i16, i17)
debug_merge_point(0, 0, '10<main.rpyeffect:10(Name(infixGt184))>+1: {"op": "Return". "args": {"any": [0]}}')
debug_merge_point(0, 0, '175<main.rpyeffect:175([k@[method_Read2838@Name(feed2834)#338]#343])>+0: {"op": "Swap". "type": "any". "a": 0. "b". 4}')
debug_merge_point(0, 0, '175<main.rpyeffect:175([k@[method_Read2838@Name(feed2834)#338]#343])>+1: {"op": "Swap". "type": "any". "a": 3. "b". 4}')
debug_merge_point(0, 0, '175<main.rpyeffect:175([k@[method_Read2838@Name(feed2834)#338]#343])>+2: {"op": "Swap". "type": "any". "a": 2. "b". 1}')
debug_merge_point(0, 0, '175<main.rpyeffect:175([k@[method_Read2838@Name(feed2834)#338]#343])>+3: {"op": "IfZero". "cond": 3. "then": {"tag": null. "target": 171. "args": {"any": []}}}')
+389: guard_false(i18, descr=<Guard0x7f87079f51c0>) [p0, p1, p2, p3, p4, p5, p6, p7, p8, p9, i10, p11, p12, p13, p14, p15, i16]
+395: guard_nonnull(p9, descr=<Guard0x7f87079f51f0>) [p0, p1, p2, p3, p4, p5, p6, p7, p8, p9, i10, p11, p12, p13, p14, p15, i16]
+409: i19 = getfield_gc_i(p9, descr=<FieldS rpyeffect.stored_environment.Stack__arb.inst_target 16 pure>)
+420: guard_value(i19, 158, descr=<Guard0x7f87079f5220>) [p0, p1, p2, p3, p4, p5, p6, p7, p8, p9, i10, p11, p12, p13, p14, p15, i16]
debug_merge_point(0, 0, '171<main.rpyeffect:171([then#347])>+0: {"op": "Load". "out": 2. "type": "any". "ref": 4}')
+433: p21 = getfield_gc_r(p2, descr=<FieldP rpyeffect.region.Ref.inst_allocation_site 8 pure>)
+444: guard_value(p21, ConstPtr(ptr22), descr=<Guard0x7f87079f5250>) [p0, p1, p2, p3, p4, p5, p6, p7, p8, p9, i10, p11, p12, p13, p14, p15, i16]
+453: p23 = getfield_gc_r(p2, descr=<FieldP rpyeffect.region.Ref.inst_value 16>)
+457: i24 = getfield_gc_i(p23, descr=<FieldS rpyeffect.value.UnboxedIntValueRef.inst_value 8>)
debug_merge_point(0, 0, '171<main.rpyeffect:171([then#347])>+1: {"op": "Const". "type": "ptr". "out": 3. "format": "int". "value": "<IntValue object at 0x7f87079d2730>"}')
debug_merge_point(0, 0, '171<main.rpyeffect:171([then#347])>+2: {"op": "Push". "target": 170. "args": {"any": [1. 4. 0]}}')
debug_merge_point(0, 0, '171<main.rpyeffect:171([then#347])>+3: {"op": "Copy". "type": "any". "from": 3. "to". 1}')
debug_merge_point(0, 0, '171<main.rpyeffect:171([then#347])>+4: {"op": "Copy". "type": "any". "from": 2. "to". 0}')
debug_merge_point(0, 0, '171<main.rpyeffect:171([then#347])>+5: {"op": "Jump". "target": 4}')
debug_merge_point(0, 0, '4<main.rpyeffect:4(Name(infixEq72))>+0: {"op": "PrimOp". "name": "infixEq(Int. Int): Boolean". "out": {"any": [0]}. "in": {"any": [0. 1]}}')
+461: i26 = int_eq(i24, 0)
debug_merge_point(0, 0, '4<main.rpyeffect:4(Name(infixEq72))>+1: {"op": "Return". "args": {"any": [0]}}')
debug_merge_point(0, 0, '170<main.rpyeffect:170([k@[then#347]#352])>+0: {"op": "Swap". "type": "any". "a": 0. "b". 3}')
debug_merge_point(0, 0, '170<main.rpyeffect:170([k@[then#347]#352])>+1: {"op": "IfZero". "cond": 3. "then": {"tag": null. "target": 166. "args": {"any": []}}}')
+465: guard_true(i26, descr=<Guard0x7f87079f5280>) [p0, p1, p2, p3, p4, p5, p6, p7, p8, p9, i10, p11, p12, p13, p14, p15, i16]
debug_merge_point(0, 0, '170<main.rpyeffect:170([k@[then#347]#352])>+2: {"op": "Load". "out": 3. "type": "any". "ref": 1}')
+471: p27 = getfield_gc_r(p7, descr=<FieldP rpyeffect.region.Ref.inst_allocation_site 8 pure>)
+489: guard_value(p27, ConstPtr(ptr28), descr=<Guard0x7f87079f52b0>) [p0, p1, p2, p3, p4, p5, p6, p7, p8, p9, i10, p11, p12, p13, p14, p15, i16]
+498: p29 = getfield_gc_r(p7, descr=<FieldP rpyeffect.region.Ref.inst_value 16>)
+502: i30 = getfield_gc_i(p29, descr=<FieldS rpyeffect.value.UnboxedIntValueRef.inst_value 8>)
debug_merge_point(0, 0, '170<main.rpyeffect:170([k@[then#347]#352])>+3: {"op": "Const". "type": "ptr". "out": 4. "format": "int". "value": "<IntValue object at 0x7f87079d2760>"}')
debug_merge_point(0, 0, '170<main.rpyeffect:170([k@[then#347]#352])>+4: {"op": "Push". "target": 169. "args": {"any": [1. 2. 0]}}')
debug_merge_point(0, 0, '170<main.rpyeffect:170([k@[then#347]#352])>+5: {"op": "Copy". "type": "any". "from": 4. "to". 1}')
debug_merge_point(0, 0, '170<main.rpyeffect:170([k@[then#347]#352])>+6: {"op": "Copy". "type": "any". "from": 3. "to". 0}')
debug_merge_point(0, 0, '170<main.rpyeffect:170([k@[then#347]#352])>+7: {"op": "Jump". "target": 6}')
debug_merge_point(0, 0, '6<main.rpyeffect:6(Name(infixAdd96))>+0: {"op": "PrimOp". "name": "infixAdd(Int. Int): Int". "out": {"any": [0]}. "in": {"any": [0. 1]}}')
+506: i32 = int_add(i30, 1)
debug_merge_point(0, 0, '6<main.rpyeffect:6(Name(infixAdd96))>+1: {"op": "Return". "args": {"any": [0]}}')
debug_merge_point(0, 0, '169<main.rpyeffect:169([k@[k@[then#347]#352]#372])>+0: {"op": "Store". "ref": 1. "type": "any". "value": 0}')
debug_merge_point(0, 0, '169<main.rpyeffect:169([k@[k@[then#347]#352]#372])>+1: {"op": "Construct". "out": 0. "type": Interned(Unit). "tag": Interned(unit). "args": {"any": []}}')
debug_merge_point(0, 0, '169<main.rpyeffect:169([k@[k@[then#347]#352]#372])>+2: {"op": "Load". "out": 0. "type": "any". "ref": 1}')
debug_merge_point(0, 0, '169<main.rpyeffect:169([k@[k@[then#347]#352]#372])>+3: {"op": "Store". "ref": 2. "type": "any". "value": 0}')
+510: setfield_gc(p29, i32, descr=<FieldS rpyeffect.value.UnboxedIntValueRef.inst_value 8>)
debug_merge_point(0, 0, '169<main.rpyeffect:169([k@[k@[then#347]#352]#372])>+4: {"op": "Construct". "out": 0. "type": Interned(Unit). "tag": Interned(unit). "args": {"any": []}}')
debug_merge_point(0, 0, '169<main.rpyeffect:169([k@[k@[then#347]#352]#372])>+5: {"op": "Push". "target": 168. "args": {"any": [3]}}')
debug_merge_point(0, 0, '169<main.rpyeffect:169([k@[k@[then#347]#352]#372])>+6: {"op": "Jump". "target": 125}')
debug_merge_point(0, 0, '125<main.rpyeffect:125(Name(newline2820))>+0: {"op": "Const". "type": "ptr". "out": 0. "format": "int". "value": "<IntValue object at 0x7f87079b19a0>"}')
debug_merge_point(0, 0, '125<main.rpyeffect:125(Name(newline2820))>+1: {"op": "Return". "args": {"any": [0]}}')
debug_merge_point(0, 0, '168<main.rpyeffect:168([k@[k@[k@[then#347]#352]#372]#378])>+0: {"op": "Jump". "target": 156}')
debug_merge_point(0, 0, '156<main.rpyeffect:156(Name(resume2849))>+0: {"op": "PushStack". "arg": 1}')
debug_merge_point(0, 0, '156<main.rpyeffect:156(Name(resume2849))>+1: {"op": "Return". "args": {"any": [0]}}')
+514: setfield_gc(p23, i32, descr=<FieldS rpyeffect.value.UnboxedIntValueRef.inst_value 8>)
+518: guard_nonnull(p14, descr=<Guard0x7f87079c1340>) [p0, p13, p12, p11, p3, p4, p15, p14, p6, p5, None, None, p9, i10, None, None, None, None, None, i16]
+532: i34 = getfield_gc_i(p14, descr=<FieldS rpyeffect.stored_environment.Stack__arb.inst_target 16 pure>)
+543: guard_value(i34, 160, descr=<Guard0x7f87079f52e0>) [p0, p13, p12, p11, p3, p4, p15, p14, p6, p5, None, None, p9, i10, None, None, None, None, None, i16]
debug_merge_point(0, 0, '140<main.rpyeffect:140([k@Name(parse2827)#258])>+0: {"op": "Push". "target": 139. "args": {"any": [1. 2. 3. 4. 0]}}')
debug_merge_point(0, 0, '140<main.rpyeffect:140([k@Name(parse2827)#258])>+1: {"op": "Jump". "target": 128}')
debug_merge_point(0, 0, '128<main.rpyeffect:128(Name(isDollar2825))>+0: {"op": "Const". "type": "ptr". "out": 1. "format": "int". "value": "<IntValue object at 0x7f87079b1920>"}')
debug_merge_point(0, 0, '128<main.rpyeffect:128(Name(isDollar2825))>+1: {"op": "Jump". "target": 4}')
debug_merge_point(0, 0, '4<main.rpyeffect:4(Name(infixEq72))>+0: {"op": "PrimOp". "name": "infixEq(Int. Int): Boolean". "out": {"any": [0]}. "in": {"any": [0. 1]}}')
debug_merge_point(0, 0, '4<main.rpyeffect:4(Name(infixEq72))>+1: {"op": "Return". "args": {"any": [0]}}')
debug_merge_point(0, 0, '139<main.rpyeffect:139([k@[k@Name(parse2827)#258]#260])>+0: {"op": "Swap". "type": "any". "a": 2. "b". 5}')
debug_merge_point(0, 0, '139<main.rpyeffect:139([k@[k@Name(parse2827)#258]#260])>+1: {"op": "Swap". "type": "any". "a": 0. "b". 5}')
debug_merge_point(0, 0, '139<main.rpyeffect:139([k@[k@Name(parse2827)#258]#260])>+2: {"op": "Swap". "type": "any". "a": 1. "b". 5}')
debug_merge_point(0, 0, '139<main.rpyeffect:139([k@[k@Name(parse2827)#258]#260])>+3: {"op": "IfZero". "cond": 1. "then": {"tag": null. "target": 136. "args": {"any": []}}}')
debug_merge_point(0, 0, '136<main.rpyeffect:136([then#263])>+0: {"op": "Push". "target": 135. "args": {"any": [5. 0. 3. 4]}}')
debug_merge_point(0, 0, '136<main.rpyeffect:136([then#263])>+1: {"op": "Copy". "type": "any". "from": 2. "to". 0}')
debug_merge_point(0, 0, '136<main.rpyeffect:136([then#263])>+2: {"op": "Jump". "target": 126}')
debug_merge_point(0, 0, '126<main.rpyeffect:126(Name(isNewline2822))>+0: {"op": "Const". "type": "ptr". "out": 1. "format": "int". "value": "<IntValue object at 0x7f87079b1970>"}')
debug_merge_point(0, 0, '126<main.rpyeffect:126(Name(isNewline2822))>+1: {"op": "Jump". "target": 4}')
debug_merge_point(0, 0, '4<main.rpyeffect:4(Name(infixEq72))>+0: {"op": "PrimOp". "name": "infixEq(Int. Int): Boolean". "out": {"any": [0]}. "in": {"any": [0. 1]}}')
debug_merge_point(0, 0, '4<main.rpyeffect:4(Name(infixEq72))>+1: {"op": "Return". "args": {"any": [0]}}')
debug_merge_point(0, 0, '135<main.rpyeffect:135([k@[then#263]#265])>+0: {"op": "Swap". "type": "any". "a": 3. "b". 4}')
debug_merge_point(0, 0, '135<main.rpyeffect:135([k@[then#263]#265])>+1: {"op": "Swap". "type": "any". "a": 2. "b". 4}')
debug_merge_point(0, 0, '135<main.rpyeffect:135([k@[then#263]#265])>+2: {"op": "Swap". "type": "any". "a": 0. "b". 4}')
debug_merge_point(0, 0, '135<main.rpyeffect:135([k@[then#263]#265])>+3: {"op": "Swap". "type": "any". "a": 1. "b". 4}')
debug_merge_point(0, 0, '135<main.rpyeffect:135([k@[then#263]#265])>+4: {"op": "IfZero". "cond": 1. "then": {"tag": null. "target": 132. "args": {"any": []}}}')
debug_merge_point(0, 0, '135<main.rpyeffect:135([k@[then#263]#265])>+5: {"op": "Push". "target": 134. "args": {"any": [4. 0. 2]}}')
debug_merge_point(0, 0, '135<main.rpyeffect:135([k@[then#263]#265])>+6: {"op": "Copy". "type": "any". "from": 3. "to". 0}')
debug_merge_point(0, 0, '135<main.rpyeffect:135([k@[then#263]#265])>+7: {"op": "Invoke". "receiver": 4. "tag": Interned(Emit2840). "args" : {"any": [0]}}')
+556: p36 = getfield_gc_r(p13, descr=<FieldP rpyeffect.codata.CoData.inst_vtable 8 pure>)
+574: guard_value(p36, ConstPtr(ptr37), descr=<Guard0x7f87079f5310>) [p0, p13, p12, p11, p3, p4, p15, p14, p6, p5, None, None, p9, i10, None, None, None, None, None, i16]
+583: p38 = getfield_gc_r(p13, descr=<FieldP rpyeffect.stored_environment.CoData__2.inst_values_ptr_0 24 pure>)
+587: p39 = getfield_gc_r(p13, descr=<FieldP rpyeffect.stored_environment.CoData__2.inst_values_ptr_1 32 pure>)
debug_merge_point(0, 0, '148<main.rpyeffect:148([method_Emit2840@Name(sum2829)#296])>+0: {"op": "Const". "type": "ptr". "out": 3. "format": "int". "value": "<IntValue object at 0x7f87079b1600>"}')
debug_merge_point(0, 0, '148<main.rpyeffect:148([method_Emit2840@Name(sum2829)#296])>+1: {"op": "ShiftDyn". "out": 1. "n": 3. "label": 1}')
+591: guard_nonnull(p15, descr=<Guard0x7f87079f5340>) [p0, p13, p12, p11, p3, p4, p15, p14, p6, p5, None, None, p9, i10, None, None, None, None, None, i16]
+605: guard_nonnull(p38, descr=<Guard0x7f87079f5370>) [p0, p13, p12, p11, p3, p4, p15, p14, p6, p5, None, None, p9, i10, None, None, None, None, None, i16]
+614: i40 = getfield_gc_i(p15, descr=<FieldS rpyeffect.stack.Label.inst_origin 8 pure>)
+625: guard_value(i40, 182282, descr=<Guard0x7f87079f53a0>) [p0, p13, p12, p11, p3, p4, p15, p14, p6, p5, None, None, p9, i10, None, None, None, None, None, i16]
+638: i42 = getfield_gc_i(p38, descr=<FieldS rpyeffect.stack.Label.inst_origin 8 pure>)
+642: guard_value(i42, 153605, descr=<Guard0x7f87079f53d0>) [p0, p13, p12, p11, p3, p4, p15, p14, p6, p5, None, None, p9, i10, None, None, None, None, None, i16]
+655: guard_nonnull(p5, descr=<Guard0x7f87079f5400>) [p0, p13, p12, p11, p3, p4, p15, p14, p6, p5, None, None, p9, i10, None, None, None, None, None, i16]
+669: i44 = getfield_gc_i(p5, descr=<FieldS rpyeffect.stack.Label.inst_origin 8 pure>)
+680: guard_value(i44, 182278, descr=<Guard0x7f87079f5430>) [p0, p13, p12, p11, p3, p4, p15, p14, p6, p5, None, None, p9, i10, None, None, None, None, None, i16]
+693: p46 = getfield_gc_r(p6, descr=<FieldP rpyeffect.stack.MetaStack.inst_region 24 pure>)
+704: guard_isnull(p46, descr=<Guard0x7f87079f5460>) [p0, p13, p12, p11, p3, p4, p15, p14, p6, p5, None, None, p9, i10, None, None, None, None, None, i16]
+713: p47 = getfield_gc_r(p6, descr=<FieldP rpyeffect.stack.MetaStack.inst_label 16 pure>)
+717: guard_nonnull(p47, descr=<Guard0x7f87079f5490>) [p0, p13, p12, p11, p3, p4, p15, p14, p6, p5, None, None, p9, i10, None, None, None, None, None, i16]
+726: i48 = getfield_gc_i(p47, descr=<FieldS rpyeffect.stack.Label.inst_origin 8 pure>)
+730: guard_value(i48, 182273, descr=<Guard0x7f87079f54c0>) [p0, p13, p12, p11, p3, p4, p15, p14, p6, p5, None, None, p9, i10, None, None, None, None, None, i16]
+743: p50 = getfield_gc_r(p6, descr=<FieldP rpyeffect.stack.MetaStack.inst_tail 32 pure>)
+747: p51 = getfield_gc_r(p50, descr=<FieldP rpyeffect.stack.MetaStack.inst_region 24 pure>)
+751: guard_isnull(p51, descr=<Guard0x7f87079f54f0>) [p0, p13, p12, p11, p3, p4, p15, p14, p6, p5, None, None, p9, i10, None, None, None, None, None, i16]
+760: p52 = getfield_gc_r(p50, descr=<FieldP rpyeffect.stack.MetaStack.inst_label 16 pure>)
+764: guard_nonnull(p52, descr=<Guard0x7f87079f5520>) [p0, p13, p12, p11, p3, p4, p15, p14, p6, p5, None, None, p9, i10, None, None, None, None, None, i16]
+773: i53 = getfield_gc_i(p52, descr=<FieldS rpyeffect.stack.Label.inst_origin 8 pure>)
+784: guard_value(i53, 158720, descr=<Guard0x7f87079f5550>) [p0, p13, p12, p11, p3, p4, p15, p14, p6, p5, None, None, p9, i10, None, None, None, None, None, i16]
+797: p55 = getfield_gc_r(p50, descr=<FieldP rpyeffect.stack.MetaStack.inst_tail 32 pure>)
+801: p56 = getfield_gc_r(p55, descr=<FieldP rpyeffect.stack.MetaStack.inst_region 24 pure>)
+805: guard_isnull(p56, descr=<Guard0x7f87079f5580>) [p0, p13, p12, p11, p3, p4, p15, p14, p6, p5, None, None, p9, i10, None, None, None, None, None, i16]
+814: p57 = getfield_gc_r(p55, descr=<FieldP rpyeffect.stack.MetaStack.inst_label 16 pure>)
+818: guard_nonnull(p57, descr=<Guard0x7f87079f55b0>) [p0, p13, p12, p11, p3, p4, p15, p14, p6, p5, None, None, p9, i10, None, None, None, None, None, i16]
+827: i58 = getfield_gc_i(p57, descr=<FieldS rpyeffect.stack.Label.inst_origin 8 pure>)
+838: guard_value(i58, 153605, descr=<Guard0x7f87079f55e0>) [p0, p13, p12, p11, p3, p4, p15, p14, p6, p5, None, None, p9, i10, None, None, None, None, None, i16]
+851: i60 = instance_ptr_eq(p57, p38)
+854: guard_true(i60, descr=<Guard0x7f87079f5610>) [p0, p13, p12, p11, p3, p4, p15, p14, p6, p5, None, None, p9, i10, None, None, None, None, None, i16]
+860: p61 = getfield_gc_r(p55, descr=<FieldP rpyeffect.stack.MetaStackLike.inst_stack 8 pure>)
+864: guard_class(p55, 8692928, descr=<Guard0x7f87079f5640>) [p0, p13, p12, p11, p3, p4, p15, p14, p6, p5, None, None, p9, i10, None, None, None, None, None, i16]
+876: p63 = getfield_gc_r(p55, descr=<FieldP rpyeffect.stack.MetaStack.inst_tail 32 pure>)
+880: p64 = getfield_gc_r(p50, descr=<FieldP rpyeffect.stack.MetaStackLike.inst_stack 8 pure>)
+884: guard_class(p50, 8692928, descr=<Guard0x7f87079f5670>) [p0, p13, p12, p11, p3, p4, p15, p14, p6, p5, None, None, p9, i10, None, None, None, None, None, i16]
+896: p66 = getfield_gc_r(p6, descr=<FieldP rpyeffect.stack.MetaStackLike.inst_stack 8 pure>)
+900: guard_class(p6, 8692928, descr=<Guard0x7f87079f56a0>) [p0, p13, p12, p11, p3, p4, p15, p14, p6, p5, None, None, p9, i10, None, None, None, None, None, i16]
+913: guard_nonnull_class(p63, 8692928, descr=<Guard0x7f87079c1388>) [p0, p13, p12, p11, p3, p4, p15, p14, p6, p5, None, None, p9, i10, None, None, None, None, None, i16]
+931: p69 = getfield_gc_r(p63, descr=<FieldP rpyeffect.stack.MetaStackLike.inst_stack 8 pure>)
+935: p70 = getfield_gc_r(p63, descr=<FieldP rpyeffect.stack.MetaStack.inst_label 16 pure>)
+946: p71 = getfield_gc_r(p63, descr=<FieldP rpyeffect.stack.MetaStack.inst_tail 32 pure>)
+957: guard_nonnull(p69, descr=<Guard0x7f87079f56d0>) [p0, p13, p12, p11, p3, p4, p15, p14, p6, p5, None, None, p9, i10, None, None, None, None, None, i16]
+966: i72 = getfield_gc_i(p69, descr=<FieldS rpyeffect.stored_environment.Stack__arb.inst_target 16 pure>)
+977: guard_value(i72, 144, descr=<Guard0x7f87079f5700>) [p0, p13, p12, p11, p3, p4, p15, p14, p6, p5, None, None, p9, i10, None, None, None, None, None, i16]
debug_merge_point(0, 0, '148<main.rpyeffect:148([method_Emit2840@Name(sum2829)#296])>+2: {"op": "Load". "out": 3. "type": "any". "ref": 2}')
+990: p74 = getfield_gc_r(p39, descr=<FieldP rpyeffect.region.Ref.inst_allocation_site 8 pure>)
+1008: guard_value(p74, ConstPtr(ptr75), descr=<Guard0x7f87079f5730>) [p0, p13, p12, p11, p3, p4, p15, p14, p6, p5, None, None, p9, i10, None, None, None, None, None, i16]
+1017: p76 = getfield_gc_r(p39, descr=<FieldP rpyeffect.region.Ref.inst_value 16>)
+1021: i77 = getfield_gc_i(p76, descr=<FieldS rpyeffect.value.UnboxedIntValueRef.inst_value 8>)
debug_merge_point(0, 0, '148<main.rpyeffect:148([method_Emit2840@Name(sum2829)#296])>+3: {"op": "Push". "target": 147. "args": {"any": [1. 2]}}')
debug_merge_point(0, 0, '148<main.rpyeffect:148([method_Emit2840@Name(sum2829)#296])>+4: {"op": "Copy". "type": "any". "from": 0. "to". 1}')
debug_merge_point(0, 0, '148<main.rpyeffect:148([method_Emit2840@Name(sum2829)#296])>+5: {"op": "Copy". "type": "any". "from": 3. "to". 0}')
debug_merge_point(0, 0, '148<main.rpyeffect:148([method_Emit2840@Name(sum2829)#296])>+6: {"op": "Jump". "target": 6}')
debug_merge_point(0, 0, '6<main.rpyeffect:6(Name(infixAdd96))>+0: {"op": "PrimOp". "name": "infixAdd(Int. Int): Int". "out": {"any": [0]}. "in": {"any": [0. 1]}}')
+1025: i78 = int_add(i77, i10)
debug_merge_point(0, 0, '6<main.rpyeffect:6(Name(infixAdd96))>+1: {"op": "Return". "args": {"any": [0]}}')
debug_merge_point(0, 0, '147<main.rpyeffect:147([k@[method_Emit2840@Name(sum2829)#296]#301])>+0: {"op": "Store". "ref": 2. "type": "any". "value": 0}')
debug_merge_point(0, 0, '147<main.rpyeffect:147([k@[method_Emit2840@Name(sum2829)#296]#301])>+1: {"op": "Construct". "out": 0. "type": Interned(Unit). "tag": Interned(unit). "args": {"any": []}}')
debug_merge_point(0, 0, '147<main.rpyeffect:147([k@[method_Emit2840@Name(sum2829)#296]#301])>+2: {"op": "Construct". "out": 0. "type": Interned(Unit). "tag": Interned(unit). "args": {"any": []}}')
debug_merge_point(0, 0, '147<main.rpyeffect:147([k@[method_Emit2840@Name(sum2829)#296]#301])>+3: {"op": "Jump". "target": 142}')
debug_merge_point(0, 0, '142<main.rpyeffect:142(Name(resume2845))>+0: {"op": "PushStack". "arg": 1}')
debug_merge_point(0, 0, '142<main.rpyeffect:142(Name(resume2845))>+1: {"op": "Return". "args": {"any": [0]}}')
debug_merge_point(0, 0, '134<main.rpyeffect:134([k@[k@[then#263]#265]#272])>+0: {"op": "Const". "type": "ptr". "out": 0. "format": "int". "value": "<IntValue object at 0x7f87079b1860>"}')
debug_merge_point(0, 0, '134<main.rpyeffect:134([k@[k@[then#263]#265]#272])>+1: {"op": "Swap". "type": "any". "a": 2. "b". 1}')
debug_merge_point(0, 0, '134<main.rpyeffect:134([k@[k@[then#263]#265]#272])>+2: {"op": "Jump". "target": 141}')
debug_merge_point(0, 0, '141<main.rpyeffect:141(Name(parse2827))>+0: {"op": "Push". "target": 140. "args": {"any": [2. 1. 3. 0]}}')
debug_merge_point(0, 0, '141<main.rpyeffect:141(Name(parse2827))>+1: {"op": "Invoke". "receiver": 1. "tag": Interned(Read2838). "args" : {"any": []}}')
+1028: p79 = getfield_gc_r(p12, descr=<FieldP rpyeffect.codata.CoData.inst_vtable 8 pure>)
+1039: setfield_gc(p76, i78, descr=<FieldS rpyeffect.value.UnboxedIntValueRef.inst_value 8>)
+1050: guard_value(p79, ConstPtr(ptr80), descr=<Guard0x7f87079c13d0>) [p0, p12, p13, p11, p3, p4, p15, p79, p71, p70, p69, p57, p61, p52, p64, p47, p66, None, p5, None, None, p9, None, None, None, None, p14, None, None]
+1059: p81 = getfield_gc_r(p12, descr=<FieldP rpyeffect.stored_environment.CoData__5.inst_values_ptr_0 24 pure>)
+1063: p82 = getfield_gc_r(p12, descr=<FieldP rpyeffect.stored_environment.CoData__5.inst_values_ptr_1 32 pure>)
+1067: p83 = getfield_gc_r(p12, descr=<FieldP rpyeffect.stored_environment.CoData__5.inst_values_ptr_2 40 pure>)
+1078: p84 = getfield_gc_r(p12, descr=<FieldP rpyeffect.stored_environment.CoData__5.inst_values_ptr_3 48 pure>)
+1089: p85 = getfield_gc_r(p12, descr=<FieldP rpyeffect.stored_environment.CoData__5.inst_values_ptr_4 56 pure>)
debug_merge_point(0, 0, '176<main.rpyeffect:176([method_Read2838@Name(feed2834)#338])>+0: {"op": "Const". "type": "ptr". "out": 5. "format": "int". "value": "<IntValue object at 0x7f87079d2620>"}')
debug_merge_point(0, 0, '176<main.rpyeffect:176([method_Read2838@Name(feed2834)#338])>+1: {"op": "ShiftDyn". "out": 4. "n": 5. "label": 4}')
+1100: guard_nonnull(p85, descr=<Guard0x7f87079f5760>) [p0, p12, p13, p11, p3, p4, p15, p79, p71, p70, p69, p57, p61, p52, p64, p47, p66, None, p5, None, None, p9, None, None, None, None, p14, None, None]
+1109: i86 = getfield_gc_i(p85, descr=<FieldS rpyeffect.stack.Label.inst_origin 8 pure>)
+1120: guard_value(i86, 182282, descr=<Guard0x7f87079f5790>) [p0, p12, p13, p11, p3, p4, p15, p79, p71, p70, p69, p57, p61, p52, p64, p47, p66, None, p5, None, None, p9, None, None, None, None, p14, None, None]
+1133: i88 = instance_ptr_eq(p15, p85)
+1136: guard_true(i88, descr=<Guard0x7f87079f57c0>) [p0, p12, p13, p11, p3, p4, p15, p79, p71, p70, p69, p57, p61, p52, p64, p47, p66, None, p5, None, None, p9, None, None, None, None, p14, None, None]
debug_merge_point(0, 0, '176<main.rpyeffect:176([method_Read2838@Name(feed2834)#338])>+2: {"op": "Load". "out": 5. "type": "any". "ref": 1}')
+1142: p89 = getfield_gc_r(p82, descr=<FieldP rpyeffect.region.Ref.inst_allocation_site 8 pure>)
+1146: guard_value(p89, ConstPtr(ptr90), descr=<Guard0x7f87079f57f0>) [p0, p12, p13, p11, p3, p4, p15, p79, p71, p70, p69, p57, p61, p52, p64, p47, p66, None, p5, None, None, p9, None, None, None, None, p14, None, None]
+1155: p91 = getfield_gc_r(p82, descr=<FieldP rpyeffect.region.Ref.inst_value 16>)
+1159: i92 = getfield_gc_i(p91, descr=<FieldS rpyeffect.value.UnboxedIntValueRef.inst_value 8>)
debug_merge_point(0, 0, '176<main.rpyeffect:176([method_Read2838@Name(feed2834)#338])>+3: {"op": "Push". "target": 175. "args": {"any": [0. 1. 2. 4]}}')
debug_merge_point(0, 0, '176<main.rpyeffect:176([method_Read2838@Name(feed2834)#338])>+4: {"op": "Copy". "type": "any". "from": 5. "to". 0}')
debug_merge_point(0, 0, '176<main.rpyeffect:176([method_Read2838@Name(feed2834)#338])>+5: {"op": "Copy". "type": "any". "from": 3. "to". 1}')
debug_merge_point(0, 0, '176<main.rpyeffect:176([method_Read2838@Name(feed2834)#338])>+6: {"op": "Jump". "target": 10}')
debug_merge_point(0, 0, '10<main.rpyeffect:10(Name(infixGt184))>+0: {"op": "PrimOp". "name": "infixGt(Int. Int): Boolean". "out": {"any": [0]}. "in": {"any": [0. 1]}}')
+1163: p93 = new_with_vtable(descr=<SizeDescr 64>)
+1214: p94 = new_with_vtable(descr=<SizeDescr 40>)
+1225: p95 = new_with_vtable(descr=<SizeDescr 64>)
+1236: setfield_gc(p95, p14, descr=<FieldP rpyeffect.stored_environment.Stack__arb.inst_tail 8 pure>)
+1240: setfield_gc(p95, 140, descr=<FieldS rpyeffect.stored_environment.Stack__arb.inst_target 16 pure>)
+1248: setfield_gc(p95, p13, descr=<FieldP rpyeffect.stored_environment.Stack__4.inst_values_ptr_0 32 pure>)
+1252: setfield_gc(p95, p12, descr=<FieldP rpyeffect.stored_environment.Stack__4.inst_values_ptr_1 40 pure>)
+1256: setfield_gc(p95, p11, descr=<FieldP rpyeffect.stored_environment.Stack__4.inst_values_ptr_2 48 pure>)
+1274: setfield_gc(p95, ConstPtr(ptr97), descr=<FieldP rpyeffect.stored_environment.Stack__4.inst_values_ptr_3 56 pure>)
+1278: setfield_gc(p94, p95, descr=<FieldP rpyeffect.stack.MetaStackLike.inst_stack 8 pure>)
+1282: setfield_gc(p94, p15, descr=<FieldP rpyeffect.stack.MetaStack.inst_label 16 pure>)
+1286: setfield_gc(p94, ConstPtr(null), descr=<FieldP rpyeffect.stack.MetaStack.inst_region 24 pure>)
+1294: setfield_gc(p94, ConstPtr(null), descr=<FieldP rpyeffect.stack.MetaStack.inst_tail 32 pure>)
+1302: p100 = new_with_vtable(descr=<SizeDescr 40>)
+1313: p101 = new_with_vtable(descr=<SizeDescr 40>)
+1324: setfield_gc(p101, p64, descr=<FieldP rpyeffect.stack.MetaStackLike.inst_stack 8 pure>)
+1335: setfield_gc(p101, p52, descr=<FieldP rpyeffect.stack.MetaStack.inst_label 16 pure>)
+1339: setfield_gc(p101, ConstPtr(null), descr=<FieldP rpyeffect.stack.MetaStack.inst_region 24 pure>)
+1347: p103 = new_with_vtable(descr=<SizeDescr 40>)
+1358: setfield_gc(p103, p61, descr=<FieldP rpyeffect.stack.MetaStackLike.inst_stack 8 pure>)
+1362: setfield_gc(p103, p57, descr=<FieldP rpyeffect.stack.MetaStack.inst_label 16 pure>)
+1366: setfield_gc(p103, ConstPtr(null), descr=<FieldP rpyeffect.stack.MetaStack.inst_region 24 pure>)
+1374: p105 = new_with_vtable(descr=<SizeDescr 40>)
+1385: setfield_gc(p105, p69, descr=<FieldP rpyeffect.stack.MetaStackLike.inst_stack 8 pure>)
+1389: setfield_gc(p105, p70, descr=<FieldP rpyeffect.stack.MetaStack.inst_label 16 pure>)
+1400: setfield_gc(p105, ConstPtr(null), descr=<FieldP rpyeffect.stack.MetaStack.inst_region 24 pure>)
+1408: setfield_gc(p105, p71, descr=<FieldP rpyeffect.stack.MetaStack.inst_tail 32 pure>)
+1419: setfield_gc(p103, p105, descr=<FieldP rpyeffect.stack.MetaStack.inst_tail 32 pure>)
+1423: setfield_gc(p101, p103, descr=<FieldP rpyeffect.stack.MetaStack.inst_tail 32 pure>)
+1427: p107 = new_with_vtable(descr=<SizeDescr 16>)
+1438: setfield_gc(p107, i92, descr=<FieldS rpyeffect.value.IntValue.inst_value 8 pure>)
+1442: setfield_gc(p93, 175, descr=<FieldS rpyeffect.stored_environment.Stack__arb.inst_target 16 pure>)
+1450: setfield_gc(p100, ConstPtr(null), descr=<FieldP rpyeffect.stack.MetaStack.inst_region 24 pure>)
+1458: setfield_gc(p100, p47, descr=<FieldP rpyeffect.stack.MetaStack.inst_label 16 pure>)
+1469: setfield_gc(p100, p101, descr=<FieldP rpyeffect.stack.MetaStack.inst_tail 32 pure>)
+1473: setfield_gc(p100, p66, descr=<FieldP rpyeffect.stack.MetaStackLike.inst_stack 8 pure>)
+1484: setfield_gc(p93, p9, descr=<FieldP rpyeffect.stored_environment.Stack__arb.inst_tail 8 pure>)
+1495: setfield_gc(p93, p81, descr=<FieldP rpyeffect.stored_environment.Stack__4.inst_values_ptr_0 32 pure>)
+1506: setfield_gc(p93, p82, descr=<FieldP rpyeffect.stored_environment.Stack__4.inst_values_ptr_1 40 pure>)
+1510: setfield_gc(p93, p83, descr=<FieldP rpyeffect.stored_environment.Stack__4.inst_values_ptr_2 48 pure>)
+1521: setfield_gc(p93, p94, descr=<FieldP rpyeffect.stored_environment.Stack__4.inst_values_ptr_3 56 pure>)
+1548: jump(p5, p93, p0, p100, ConstPtr(ptr110), p107, p84, p83, p84, p94, p107, p3, p4, descr=TargetToken(140217924949600))
+1632: --end of the loop--
[62f3bc3a126a] jit-log-opt-bridge}
[62f403f47f0c] {jit-summary
Tracing:      	3	0.003671
Backend:      	3	0.001082
TOTAL:      		0.609320
ops:             	8739
heapcached ops:  	1609
recorded ops:    	1992
  calls:         	247
guards:          	377
opt ops:         	667
opt guards:      	113
opt guards shared:	99
forcings:        	0
abort: trace too long:	0
abort: compiling:	0
abort: vable escape:	0
abort: bad loop: 	0
abort: force quasi-immut:	0
abort: segmenting trace:	0
virtualizables forced:	0
nvirtuals:       	34
nvholes:         	6
nvreused:        	2
vecopt tried:    	0
vecopt success:  	0
Total # of loops:	2
Total # of bridges:	1
Freed # of loops:	0
Freed # of bridges:	0
[62f403f4fc09] jit-summary}
