[62f80fad2e77] {jit-log-opt-loop
# Loop 1 (9<main.rpyeffect:9(Name(infixGt184))>+0: {"op": "PrimOp", "name": "infixGt(Int, Int): Boolean", "out": {"any": [0]}, "in": {"any": [0, 1]}}) : loop with 130 ops
[p0, p1, p2, p3, p4]
+317: p5 = getfield_gc_r(p2, descr=<FieldP rpyeffect.environment.Environment.inst_values_ptr 16>)
+328: p7 = getarrayitem_gc_r(p5, 0, descr=<ArrayP 8>)
+332: p9 = getarrayitem_gc_r(p5, 1, descr=<ArrayP 8>)
+336: p11 = getarrayitem_gc_r(p5, 2, descr=<ArrayP 8>)
+340: p13 = getarrayitem_gc_r(p5, 3, descr=<ArrayP 8>)
+344: p15 = getarrayitem_gc_r(p5, 4, descr=<ArrayP 8>)
+348: p17 = getarrayitem_gc_r(p5, 5, descr=<ArrayP 8>)
+352: p19 = getarrayitem_gc_r(p5, 6, descr=<ArrayP 8>)
+356: label(p0, p1, p2, p3, p4, p7, p9, p11, p13, p15, p17, p19, descr=TargetToken(140225587662944))
debug_merge_point(0, 0, '9<main.rpyeffect:9(Name(infixGt184))>+0: {"op": "PrimOp". "name": "infixGt(Int. Int): Boolean". "out": {"any": [0]}. "in": {"any": [0. 1]}}')
+400: guard_not_invalidated(descr=<Guard0x7f88d056cba8>) [p2, p7, p9, p11, p13, p15, p17, p19, p0, p1, p3, p4]
+400: i20 = getfield_gc_i(p7, descr=<FieldS rpyeffect.value.IntValue.inst_value 8 pure>)
+404: i21 = getfield_gc_i(p9, descr=<FieldS rpyeffect.value.IntValue.inst_value 8 pure>)
+408: i22 = int_gt(i20, i21)
debug_merge_point(0, 0, '9<main.rpyeffect:9(Name(infixGt184))>+1: {"op": "Return". "args": {"any": [0]}}')
+421: guard_nonnull(p1, descr=<Guard0x7f88d05828f0>) [p2, p7, p9, p11, p13, p15, p17, p19, p0, p1, p3, p4]
+435: i23 = getfield_gc_i(p1, descr=<FieldS rpyeffect.stored_environment.Stack__arb.inst_target 16 pure>)
+446: guard_value(i23, 129, descr=<Guard0x7f88d0582920>) [p2, p7, p9, p11, p13, p15, p17, p19, p0, p1, p3, p4]
+459: p25 = getfield_gc_r(p1, descr=<FieldP rpyeffect.stored_environment.Stack__3.inst_values_ptr_0 32 pure>)
+463: p26 = getfield_gc_r(p1, descr=<FieldP rpyeffect.stored_environment.Stack__3.inst_values_ptr_1 40 pure>)
+467: p27 = getfield_gc_r(p1, descr=<FieldP rpyeffect.stored_environment.Stack__3.inst_values_ptr_2 48 pure>)
+471: p28 = getfield_gc_r(p1, descr=<FieldP rpyeffect.stored_environment.Stack__arb.inst_tail 8 pure>)
debug_merge_point(0, 0, '129<main.rpyeffect:129([k@Name(range2819)#252])>+0: {"op": "Swap". "type": "any". "a": 3. "b". 1}')
debug_merge_point(0, 0, '129<main.rpyeffect:129([k@Name(range2819)#252])>+1: {"op": "Swap". "type": "any". "a": 2. "b". 0}')
debug_merge_point(0, 0, '129<main.rpyeffect:129([k@Name(range2819)#252])>+2: {"op": "IfZero". "cond": 2. "then": {"tag": null. "target": 128. "args": {"any": []}}}')
+475: guard_false(i22, descr=<Guard0x7f88d0582950>) [p2, p7, p9, p11, p13, p15, p17, p19, p0, p1, p3, p4]
+484: guard_nonnull(p28, descr=<Guard0x7f88d0582980>) [p2, p7, p9, p11, p13, p15, p17, p19, p0, p1, p3, p4]
+493: i29 = getfield_gc_i(p28, descr=<FieldS rpyeffect.stored_environment.Stack__arb.inst_target 16 pure>)
+497: guard_value(i29, 138, descr=<Guard0x7f88d05829b0>) [p2, p7, p9, p11, p13, p15, p17, p19, p0, p1, p3, p4]
debug_merge_point(0, 0, '128<main.rpyeffect:128([then#256])>+0: {"op": "Push". "target": 127. "args": {"any": [3. 0. 1]}}')
debug_merge_point(0, 0, '128<main.rpyeffect:128([then#256])>+1: {"op": "Invoke". "receiver": 3. "tag": Interned(Emit2824). "args" : {"any": [0]}}')
+510: p31 = getfield_gc_r(p25, descr=<FieldP rpyeffect.codata.CoData.inst_vtable 8 pure>)
+521: guard_value(p31, ConstPtr(ptr32), descr=<Guard0x7f88d05829e0>) [p2, p7, p9, p11, p13, p15, p17, p19, p0, p1, p3, p4]
+530: p33 = getfield_gc_r(p25, descr=<FieldP rpyeffect.stored_environment.CoData__2.inst_values_ptr_0 24 pure>)
+534: p34 = getfield_gc_r(p25, descr=<FieldP rpyeffect.stored_environment.CoData__2.inst_values_ptr_1 32 pure>)
debug_merge_point(0, 0, '137<main.rpyeffect:137([method_Emit2824@Name(run2821)#278])>+0: {"op": "Const". "type": "ptr". "out": 3. "format": "int". "value": "<IntValue object at 0x7f88d05675f0>"}')
debug_merge_point(0, 0, '137<main.rpyeffect:137([method_Emit2824@Name(run2821)#278])>+1: {"op": "ShiftDyn". "out": 1. "n": 3. "label": 1}')
+545: i36 = instance_ptr_eq(p4, ConstPtr(ptr35))
+552: guard_true(i36, descr=<Guard0x7f88d0582a10>) [p2, p7, p9, p11, p13, p15, p17, p19, p0, p1, p3, p4]
+558: guard_nonnull(p0, descr=<Guard0x7f88d0582a40>) [p2, p7, p9, p11, p13, p15, p17, p19, p0, p1, p3, p4]
+572: guard_nonnull(p33, descr=<Guard0x7f88d0582a70>) [p2, p7, p9, p11, p13, p15, p17, p19, p0, p1, p3, p4]
+581: i37 = getfield_gc_i(p0, descr=<FieldS rpyeffect.stack.Label.inst_origin 8 pure>)
+593: guard_value(i37, 142341, descr=<Guard0x7f88d0582aa0>) [p2, p7, p9, p11, p13, p15, p17, p19, p0, p1, p3, p4]
+606: i39 = getfield_gc_i(p33, descr=<FieldS rpyeffect.stack.Label.inst_origin 8 pure>)
+610: guard_value(i39, 142341, descr=<Guard0x7f88d0582ad0>) [p2, p7, p9, p11, p13, p15, p17, p19, p0, p1, p3, p4]
+623: i41 = instance_ptr_eq(p0, p33)
+626: guard_true(i41, descr=<Guard0x7f88d0582b00>) [p2, p7, p9, p11, p13, p15, p17, p19, p0, p1, p3, p4]
+632: guard_nonnull_class(p3, 8692928, descr=<Guard0x7f88d056cbf0>) [p2, p7, p9, p11, p13, p15, p17, p19, p0, p1, p3, p4]
+659: p43 = getfield_gc_r(p3, descr=<FieldP rpyeffect.stack.MetaStackLike.inst_stack 8 pure>)
+663: p44 = getfield_gc_r(p3, descr=<FieldP rpyeffect.stack.MetaStack.inst_label 16 pure>)
+667: p45 = getfield_gc_r(p3, descr=<FieldP rpyeffect.stack.MetaStack.inst_tail 32 pure>)
+678: guard_nonnull(p43, descr=<Guard0x7f88d0582b30>) [p2, p7, p9, p11, p13, p15, p17, p19, p0, p1, p3, p4]
+687: i46 = getfield_gc_i(p43, descr=<FieldS rpyeffect.stored_environment.Stack__arb.inst_target 16 pure>)
+698: guard_value(i46, 132, descr=<Guard0x7f88d0582b60>) [p2, p7, p9, p11, p13, p15, p17, p19, p0, p1, p3, p4]
debug_merge_point(0, 0, '137<main.rpyeffect:137([method_Emit2824@Name(run2821)#278])>+2: {"op": "Load". "out": 3. "type": "any". "ref": 2}')
+711: p48 = getfield_gc_r(p34, descr=<FieldP rpyeffect.region.Ref.inst_allocation_site 8 pure>)
+729: guard_value(p48, ConstPtr(ptr49), descr=<Guard0x7f88d0582b90>) [p2, p7, p9, p11, p13, p15, p17, p19, p0, p1, p3, p4]
+738: p50 = getfield_gc_r(p34, descr=<FieldP rpyeffect.region.Ref.inst_value 16>)
+742: i51 = getfield_gc_i(p50, descr=<FieldS rpyeffect.value.UnboxedIntValueRef.inst_value 8>)
debug_merge_point(0, 0, '137<main.rpyeffect:137([method_Emit2824@Name(run2821)#278])>+3: {"op": "Push". "target": 136. "args": {"any": [1. 2]}}')
debug_merge_point(0, 0, '137<main.rpyeffect:137([method_Emit2824@Name(run2821)#278])>+4: {"op": "Copy". "type": "any". "from": 0. "to". 1}')
debug_merge_point(0, 0, '137<main.rpyeffect:137([method_Emit2824@Name(run2821)#278])>+5: {"op": "Copy". "type": "any". "from": 3. "to". 0}')
debug_merge_point(0, 0, '137<main.rpyeffect:137([method_Emit2824@Name(run2821)#278])>+6: {"op": "Jump". "target": 5}')
debug_merge_point(0, 0, '5<main.rpyeffect:5(Name(infixAdd96))>+0: {"op": "PrimOp". "name": "infixAdd(Int. Int): Int". "out": {"any": [0]}. "in": {"any": [0. 1]}}')
+746: i52 = getfield_gc_i(p26, descr=<FieldS rpyeffect.value.IntValue.inst_value 8 pure>)
+750: i53 = int_add(i51, i52)
debug_merge_point(0, 0, '5<main.rpyeffect:5(Name(infixAdd96))>+1: {"op": "Return". "args": {"any": [0]}}')
debug_merge_point(0, 0, '136<main.rpyeffect:136([k@[method_Emit2824@Name(run2821)#278]#283])>+0: {"op": "Store". "ref": 2. "type": "any". "value": 0}')
debug_merge_point(0, 0, '136<main.rpyeffect:136([k@[method_Emit2824@Name(run2821)#278]#283])>+1: {"op": "Construct". "out": 0. "type": Interned(Unit). "tag": Interned(unit). "args": {"any": []}}')
debug_merge_point(0, 0, '136<main.rpyeffect:136([k@[method_Emit2824@Name(run2821)#278]#283])>+2: {"op": "Construct". "out": 0. "type": Interned(Unit). "tag": Interned(unit). "args": {"any": []}}')
debug_merge_point(0, 0, '136<main.rpyeffect:136([k@[method_Emit2824@Name(run2821)#278]#283])>+3: {"op": "Jump". "target": 131}')
debug_merge_point(0, 0, '131<main.rpyeffect:131(Name(resume2827))>+0: {"op": "PushStack". "arg": 1}')
debug_merge_point(0, 0, '131<main.rpyeffect:131(Name(resume2827))>+1: {"op": "Return". "args": {"any": [0]}}')
debug_merge_point(0, 0, '127<main.rpyeffect:127([k@[then#256]#258])>+0: {"op": "Const". "type": "ptr". "out": 0. "format": "int". "value": "<IntValue object at 0x7f88d05677d0>"}')
debug_merge_point(0, 0, '127<main.rpyeffect:127([k@[then#256]#258])>+1: {"op": "Push". "target": 126. "args": {"any": [1. 3]}}')
debug_merge_point(0, 0, '127<main.rpyeffect:127([k@[then#256]#258])>+2: {"op": "Copy". "type": "any". "from": 0. "to". 1}')
debug_merge_point(0, 0, '127<main.rpyeffect:127([k@[then#256]#258])>+3: {"op": "Copy". "type": "any". "from": 2. "to". 0}')
debug_merge_point(0, 0, '127<main.rpyeffect:127([k@[then#256]#258])>+4: {"op": "Jump". "target": 5}')
debug_merge_point(0, 0, '5<main.rpyeffect:5(Name(infixAdd96))>+0: {"op": "PrimOp". "name": "infixAdd(Int. Int): Int". "out": {"any": [0]}. "in": {"any": [0. 1]}}')
+753: i55 = int_add(i52, 1)
debug_merge_point(0, 0, '5<main.rpyeffect:5(Name(infixAdd96))>+1: {"op": "Return". "args": {"any": [0]}}')
debug_merge_point(0, 0, '126<main.rpyeffect:126([k@[k@[then#256]#258]#262])>+0: {"op": "Swap". "type": "any". "a": 2. "b". 1}')
debug_merge_point(0, 0, '126<main.rpyeffect:126([k@[k@[then#256]#258]#262])>+1: {"op": "Jump". "target": 130}')
debug_merge_point(0, 0, '130<main.rpyeffect:130(Name(range2819))>+0: {"op": "Push". "target": 129. "args": {"any": [2. 0. 1]}}')
debug_merge_point(0, 0, '130<main.rpyeffect:130(Name(range2819))>+1: {"op": "Jump". "target": 9}')
debug_merge_point(0, 0, '9<main.rpyeffect:9(Name(infixGt184))>+0: {"op": "PrimOp". "name": "infixGt(Int. Int): Boolean". "out": {"any": [0]}. "in": {"any": [0. 1]}}')
+757: setfield_gc(p50, i53, descr=<FieldS rpyeffect.value.UnboxedIntValueRef.inst_value 8>)
+761: label(p0, p28, p25, i55, p27, p2, p43, p44, p45, p15, p17, p19, p33, p34, p50, i53, descr=TargetToken(140225587663008))
debug_merge_point(0, 0, '9<main.rpyeffect:9(Name(infixGt184))>+0: {"op": "PrimOp". "name": "infixGt(Int. Int): Boolean". "out": {"any": [0]}. "in": {"any": [0. 1]}}')
+800: guard_not_invalidated(descr=<Guard0x7f88d056cc38>) [p2, p27, p25, p15, p17, p19, p0, p45, p44, p43, p28, i55]
+800: i56 = getfield_gc_i(p27, descr=<FieldS rpyeffect.value.IntValue.inst_value 8 pure>)
+804: i57 = int_gt(i55, i56)
debug_merge_point(0, 0, '9<main.rpyeffect:9(Name(infixGt184))>+1: {"op": "Return". "args": {"any": [0]}}')
debug_merge_point(0, 0, '129<main.rpyeffect:129([k@Name(range2819)#252])>+0: {"op": "Swap". "type": "any". "a": 3. "b". 1}')
debug_merge_point(0, 0, '129<main.rpyeffect:129([k@Name(range2819)#252])>+1: {"op": "Swap". "type": "any". "a": 2. "b". 0}')
debug_merge_point(0, 0, '129<main.rpyeffect:129([k@Name(range2819)#252])>+2: {"op": "IfZero". "cond": 2. "then": {"tag": null. "target": 128. "args": {"any": []}}}')
+807: guard_false(i57, descr=<Guard0x7f88d0582bc0>) [p2, p27, p25, p15, p17, p19, p0, p45, p44, p43, p28, i55]
debug_merge_point(0, 0, '128<main.rpyeffect:128([then#256])>+0: {"op": "Push". "target": 127. "args": {"any": [3. 0. 1]}}')
debug_merge_point(0, 0, '128<main.rpyeffect:128([then#256])>+1: {"op": "Invoke". "receiver": 3. "tag": Interned(Emit2824). "args" : {"any": [0]}}')
debug_merge_point(0, 0, '137<main.rpyeffect:137([method_Emit2824@Name(run2821)#278])>+0: {"op": "Const". "type": "ptr". "out": 3. "format": "int". "value": "<IntValue object at 0x7f88d05675f0>"}')
debug_merge_point(0, 0, '137<main.rpyeffect:137([method_Emit2824@Name(run2821)#278])>+1: {"op": "ShiftDyn". "out": 1. "n": 3. "label": 1}')
debug_merge_point(0, 0, '137<main.rpyeffect:137([method_Emit2824@Name(run2821)#278])>+2: {"op": "Load". "out": 3. "type": "any". "ref": 2}')
debug_merge_point(0, 0, '137<main.rpyeffect:137([method_Emit2824@Name(run2821)#278])>+3: {"op": "Push". "target": 136. "args": {"any": [1. 2]}}')
debug_merge_point(0, 0, '137<main.rpyeffect:137([method_Emit2824@Name(run2821)#278])>+4: {"op": "Copy". "type": "any". "from": 0. "to". 1}')
debug_merge_point(0, 0, '137<main.rpyeffect:137([method_Emit2824@Name(run2821)#278])>+5: {"op": "Copy". "type": "any". "from": 3. "to". 0}')
debug_merge_point(0, 0, '137<main.rpyeffect:137([method_Emit2824@Name(run2821)#278])>+6: {"op": "Jump". "target": 5}')
debug_merge_point(0, 0, '5<main.rpyeffect:5(Name(infixAdd96))>+0: {"op": "PrimOp". "name": "infixAdd(Int. Int): Int". "out": {"any": [0]}. "in": {"any": [0. 1]}}')
+813: i58 = int_add(i53, i55)
debug_merge_point(0, 0, '5<main.rpyeffect:5(Name(infixAdd96))>+1: {"op": "Return". "args": {"any": [0]}}')
debug_merge_point(0, 0, '136<main.rpyeffect:136([k@[method_Emit2824@Name(run2821)#278]#283])>+0: {"op": "Store". "ref": 2. "type": "any". "value": 0}')
debug_merge_point(0, 0, '136<main.rpyeffect:136([k@[method_Emit2824@Name(run2821)#278]#283])>+1: {"op": "Construct". "out": 0. "type": Interned(Unit). "tag": Interned(unit). "args": {"any": []}}')
debug_merge_point(0, 0, '136<main.rpyeffect:136([k@[method_Emit2824@Name(run2821)#278]#283])>+2: {"op": "Construct". "out": 0. "type": Interned(Unit). "tag": Interned(unit). "args": {"any": []}}')
debug_merge_point(0, 0, '136<main.rpyeffect:136([k@[method_Emit2824@Name(run2821)#278]#283])>+3: {"op": "Jump". "target": 131}')
debug_merge_point(0, 0, '131<main.rpyeffect:131(Name(resume2827))>+0: {"op": "PushStack". "arg": 1}')
debug_merge_point(0, 0, '131<main.rpyeffect:131(Name(resume2827))>+1: {"op": "Return". "args": {"any": [0]}}')
debug_merge_point(0, 0, '127<main.rpyeffect:127([k@[then#256]#258])>+0: {"op": "Const". "type": "ptr". "out": 0. "format": "int". "value": "<IntValue object at 0x7f88d05677d0>"}')
debug_merge_point(0, 0, '127<main.rpyeffect:127([k@[then#256]#258])>+1: {"op": "Push". "target": 126. "args": {"any": [1. 3]}}')
debug_merge_point(0, 0, '127<main.rpyeffect:127([k@[then#256]#258])>+2: {"op": "Copy". "type": "any". "from": 0. "to". 1}')
debug_merge_point(0, 0, '127<main.rpyeffect:127([k@[then#256]#258])>+3: {"op": "Copy". "type": "any". "from": 2. "to". 0}')
debug_merge_point(0, 0, '127<main.rpyeffect:127([k@[then#256]#258])>+4: {"op": "Jump". "target": 5}')
debug_merge_point(0, 0, '5<main.rpyeffect:5(Name(infixAdd96))>+0: {"op": "PrimOp". "name": "infixAdd(Int. Int): Int". "out": {"any": [0]}. "in": {"any": [0. 1]}}')
+816: i60 = int_add(i55, 1)
debug_merge_point(0, 0, '5<main.rpyeffect:5(Name(infixAdd96))>+1: {"op": "Return". "args": {"any": [0]}}')
debug_merge_point(0, 0, '126<main.rpyeffect:126([k@[k@[then#256]#258]#262])>+0: {"op": "Swap". "type": "any". "a": 2. "b". 1}')
debug_merge_point(0, 0, '126<main.rpyeffect:126([k@[k@[then#256]#258]#262])>+1: {"op": "Jump". "target": 130}')
debug_merge_point(0, 0, '130<main.rpyeffect:130(Name(range2819))>+0: {"op": "Push". "target": 129. "args": {"any": [2. 0. 1]}}')
debug_merge_point(0, 0, '130<main.rpyeffect:130(Name(range2819))>+1: {"op": "Jump". "target": 9}')
debug_merge_point(0, 0, '9<main.rpyeffect:9(Name(infixGt184))>+0: {"op": "PrimOp". "name": "infixGt(Int. Int): Boolean". "out": {"any": [0]}. "in": {"any": [0. 1]}}')
+820: setfield_gc(p50, i58, descr=<FieldS rpyeffect.value.UnboxedIntValueRef.inst_value 8>)
+824: jump(p0, p28, p25, i60, p27, p2, p43, p44, p45, p15, p17, p19, p33, p34, p50, i58, descr=TargetToken(140225587663008))
+832: --end of the loop--
[62f80fb1f555] jit-log-opt-loop}
[62f811f43404] {jit-summary
Tracing:      	1	0.000959
Backend:      	1	0.000210
TOTAL:      		0.020186
ops:             	1251
heapcached ops:  	222
recorded ops:    	278
  calls:         	43
guards:          	51
opt ops:         	121
opt guards:      	20
opt guards shared:	17
forcings:        	0
abort: trace too long:	0
abort: compiling:	0
abort: vable escape:	0
abort: bad loop: 	0
abort: force quasi-immut:	0
abort: segmenting trace:	0
virtualizables forced:	0
nvirtuals:       	3
nvholes:         	0
nvreused:        	0
vecopt tried:    	0
vecopt success:  	0
Total # of loops:	1
Total # of bridges:	0
Freed # of loops:	0
Freed # of bridges:	0
[62f811f48dd7] jit-summary}
