[629a184f14b5] {jit-log-opt-loop
# Loop 1 (8<main.rpyeffect:8(Name(infixSub105))>+0: {"op": "PrimOp", "name": "infixSub(Int, Int): Int", "out": {"any": [0]}, "in": {"any": [0, 1]}}) : loop with 140 ops
[p0, p1, p2, p3, p4]
+317: p5 = getfield_gc_r(p2, descr=<FieldP rpyeffect.environment.Environment.inst_values_ptr 16>)
+328: p7 = getarrayitem_gc_r(p5, 0, descr=<ArrayP 8>)
+332: p9 = getarrayitem_gc_r(p5, 1, descr=<ArrayP 8>)
+336: p11 = getarrayitem_gc_r(p5, 2, descr=<ArrayP 8>)
+340: p13 = getarrayitem_gc_r(p5, 3, descr=<ArrayP 8>)
+344: p15 = getarrayitem_gc_r(p5, 4, descr=<ArrayP 8>)
+348: p17 = getarrayitem_gc_r(p5, 5, descr=<ArrayP 8>)
+352: p19 = getarrayitem_gc_r(p5, 6, descr=<ArrayP 8>)
+356: label(p0, p1, p2, p3, p4, p7, p9, p11, p13, p15, p17, p19, descr=TargetToken(140511340515616))
debug_merge_point(0, 0, '8<main.rpyeffect:8(Name(infixSub105))>+0: {"op": "PrimOp". "name": "infixSub(Int. Int): Int". "out": {"any": [0]}. "in": {"any": [0. 1]}}')
+400: guard_not_invalidated(descr=<Guard0x7fcb588a4c38>) [p2, p7, p9, p11, p13, p15, p17, p19, p0, p1, p3, p4]
+400: i20 = getfield_gc_i(p7, descr=<FieldS rpyeffect.value.IntValue.inst_value 8 pure>)
+404: i21 = getfield_gc_i(p9, descr=<FieldS rpyeffect.value.IntValue.inst_value 8 pure>)
+408: i22 = int_sub(i20, i21)
debug_merge_point(0, 0, '8<main.rpyeffect:8(Name(infixSub105))>+1: {"op": "Return". "args": {"any": [0]}}')
+411: guard_nonnull(p1, descr=<Guard0x7fcb588b4800>) [p2, p7, p9, p11, p13, p15, p17, p19, p0, p1, p3, p4]
+425: i23 = getfield_gc_i(p1, descr=<FieldS rpyeffect.stored_environment.Stack__arb.inst_target 16 pure>)
+436: guard_value(i23, 127, descr=<Guard0x7fcb588b4830>) [p2, p7, p9, p11, p13, p15, p17, p19, p0, p1, p3, p4]
+446: p25 = getfield_gc_r(p1, descr=<FieldP rpyeffect.stored_environment.Stack__arb.inst_values_ptr 24 pure>)
+450: i26 = arraylen_gc(p25, descr=<ArrayP 8>)
+454: guard_value(i26, 2, descr=<Guard0x7fcb588b4860>) [p2, p7, p9, p11, p13, p15, p17, p19, p0, p1, p3, p4]
+464: p29 = getarrayitem_gc_pure_r(p25, 0, descr=<ArrayP 8>)
+468: p31 = getarrayitem_gc_pure_r(p25, 1, descr=<ArrayP 8>)
+472: p32 = getfield_gc_r(p1, descr=<FieldP rpyeffect.stored_environment.Stack__arb.inst_tail 8 pure>)
debug_merge_point(0, 0, '127<main.rpyeffect:127([k@[then#260]#264])>+0: {"op": "Push". "target": 126. "args": {"any": [1. 2]}}')
debug_merge_point(0, 0, '127<main.rpyeffect:127([k@[then#260]#264])>+1: {"op": "Invoke". "receiver": 2. "tag": Interned(Set2824). "args" : {"any": [0]}}')
+476: p33 = getfield_gc_r(p31, descr=<FieldP rpyeffect.codata.CoData.inst_vtable 8 pure>)
+487: guard_value(p33, ConstPtr(ptr34), descr=<Guard0x7fcb588b4890>) [p2, p7, p9, p11, p13, p15, p17, p19, p0, p1, p3, p4]
+496: p35 = getfield_gc_r(p31, descr=<FieldP rpyeffect.stored_environment.CoData__arb.inst_values_ptr 16 pure>)
+500: i36 = arraylen_gc(p35, descr=<ArrayP 8>)
+504: guard_value(i36, 2, descr=<Guard0x7fcb588b48c0>) [p2, p7, p9, p11, p13, p15, p17, p19, p0, p1, p3, p4]
+514: p39 = getarrayitem_gc_pure_r(p35, 0, descr=<ArrayP 8>)
+518: p41 = getarrayitem_gc_pure_r(p35, 1, descr=<ArrayP 8>)
debug_merge_point(0, 0, '140<main.rpyeffect:140([method_Set2824@Name(run2820)#287])>+0: {"op": "Const". "type": "ptr". "out": 3. "format": "int". "value": "<IntValue object at 0x7fcb58897670>"}')
debug_merge_point(0, 0, '140<main.rpyeffect:140([method_Set2824@Name(run2820)#287])>+1: {"op": "ShiftDyn". "out": 1. "n": 3. "label": 1}')
+529: i43 = instance_ptr_eq(p4, ConstPtr(ptr42))
+536: guard_true(i43, descr=<Guard0x7fcb588b48f0>) [p2, p7, p9, p11, p13, p15, p17, p19, p0, p1, p3, p4]
+542: i44 = instance_ptr_eq(p0, p39)
+549: guard_true(i44, descr=<Guard0x7fcb588b4920>) [p2, p7, p9, p11, p13, p15, p17, p19, p0, p1, p3, p4]
+555: guard_nonnull_class(p3, 8628328, descr=<Guard0x7fcb588a4c80>) [p2, p7, p9, p11, p13, p15, p17, p19, p0, p1, p3, p4]
+580: p46 = getfield_gc_r(p3, descr=<FieldP rpyeffect.stack.MetaStackLike.inst_stack 8 pure>)
+584: p47 = getfield_gc_r(p3, descr=<FieldP rpyeffect.stack.MetaStack.inst_label 16 pure>)
+588: p48 = getfield_gc_r(p3, descr=<FieldP rpyeffect.stack.MetaStack.inst_tail 32 pure>)
debug_merge_point(0, 0, '140<main.rpyeffect:140([method_Set2824@Name(run2820)#287])>+2: {"op": "Store". "ref": 2. "type": "any". "value": 0}')
+592: p49 = getfield_gc_r(p41, descr=<FieldP rpyeffect.region.Ref.inst_allocation_site 8 pure>)
+611: guard_value(p49, ConstPtr(ptr50), descr=<Guard0x7fcb588b4950>) [p2, p7, p9, p11, p13, p15, p17, p19, p0, p1, p3, p4]
+620: p51 = getfield_gc_r(p41, descr=<FieldP rpyeffect.region.Ref.inst_value 16>)
debug_merge_point(0, 0, '140<main.rpyeffect:140([method_Set2824@Name(run2820)#287])>+3: {"op": "Construct". "out": 0. "type": Interned(Unit). "tag": Interned(unit). "args": {"any": []}}')
debug_merge_point(0, 0, '140<main.rpyeffect:140([method_Set2824@Name(run2820)#287])>+4: {"op": "Construct". "out": 0. "type": Interned(Unit). "tag": Interned(unit). "args": {"any": []}}')
debug_merge_point(0, 0, '140<main.rpyeffect:140([method_Set2824@Name(run2820)#287])>+5: {"op": "Jump". "target": 133}')
debug_merge_point(0, 0, '133<main.rpyeffect:133(Name(resume2829))>+0: {"op": "PushStack". "arg": 1}')
debug_merge_point(0, 0, '133<main.rpyeffect:133(Name(resume2829))>+1: {"op": "Return". "args": {"any": [0]}}')
debug_merge_point(0, 0, '126<main.rpyeffect:126([k@[k@[then#260]#264]#267])>+0: {"op": "Copy". "type": "any". "from": 1. "to". 0}')
debug_merge_point(0, 0, '126<main.rpyeffect:126([k@[k@[then#260]#264]#267])>+1: {"op": "Copy". "type": "any". "from": 2. "to". 1}')
debug_merge_point(0, 0, '126<main.rpyeffect:126([k@[k@[then#260]#264]#267])>+2: {"op": "Jump". "target": 131}')
debug_merge_point(0, 0, '131<main.rpyeffect:131(Name(countdown2818))>+0: {"op": "Push". "target": 130. "args": {"any": [0. 1]}}')
debug_merge_point(0, 0, '131<main.rpyeffect:131(Name(countdown2818))>+1: {"op": "Invoke". "receiver": 0. "tag": Interned(Get2822). "args" : {"any": []}}')
+625: p52 = getfield_gc_r(p29, descr=<FieldP rpyeffect.codata.CoData.inst_vtable 8 pure>)
+629: setfield_gc(p51, i22, descr=<FieldS rpyeffect.value.UnboxedIntValueRef.inst_value 8>)
+640: guard_value(p52, ConstPtr(ptr53), descr=<Guard0x7fcb588a4cc8>) [p2, p29, p31, p15, p17, p19, p0, p52, p48, p47, p46, p32]
+649: p54 = getfield_gc_r(p29, descr=<FieldP rpyeffect.stored_environment.CoData__arb.inst_values_ptr 16 pure>)
+653: i55 = arraylen_gc(p54, descr=<ArrayP 8>)
+657: guard_value(i55, 2, descr=<Guard0x7fcb588b4980>) [p2, p29, p31, p15, p17, p19, p0, p52, p48, p47, p46, p32]
+667: p58 = getarrayitem_gc_pure_r(p54, 0, descr=<ArrayP 8>)
+671: p60 = getarrayitem_gc_pure_r(p54, 1, descr=<ArrayP 8>)
debug_merge_point(0, 0, '138<main.rpyeffect:138([method_Get2822@Name(run2820)#280])>+0: {"op": "Const". "type": "ptr". "out": 2. "format": "int". "value": "<IntValue object at 0x7fcb588976b0>"}')
debug_merge_point(0, 0, '138<main.rpyeffect:138([method_Get2822@Name(run2820)#280])>+1: {"op": "ShiftDyn". "out": 0. "n": 2. "label": 0}')
+675: i61 = instance_ptr_eq(p0, p58)
+682: guard_true(i61, descr=<Guard0x7fcb588b49b0>) [p2, p29, p31, p15, p17, p19, p0, p52, p48, p47, p46, p32]
debug_merge_point(0, 0, '138<main.rpyeffect:138([method_Get2822@Name(run2820)#280])>+2: {"op": "Load". "out": 1. "type": "any". "ref": 1}')
+688: p62 = getfield_gc_r(p60, descr=<FieldP rpyeffect.region.Ref.inst_allocation_site 8 pure>)
+692: guard_value(p62, ConstPtr(ptr63), descr=<Guard0x7fcb588b49e0>) [p2, p29, p31, p15, p17, p19, p0, p52, p48, p47, p46, p32]
+701: p64 = getfield_gc_r(p60, descr=<FieldP rpyeffect.region.Ref.inst_value 16>)
+705: i65 = getfield_gc_i(p64, descr=<FieldS rpyeffect.value.UnboxedIntValueRef.inst_value 8>)
debug_merge_point(0, 0, '138<main.rpyeffect:138([method_Get2822@Name(run2820)#280])>+3: {"op": "Swap". "type": "any". "a": 0. "b". 1}')
debug_merge_point(0, 0, '138<main.rpyeffect:138([method_Get2822@Name(run2820)#280])>+4: {"op": "Jump". "target": 132}')
debug_merge_point(0, 0, '132<main.rpyeffect:132(Name(resume2827))>+0: {"op": "PushStack". "arg": 1}')
debug_merge_point(0, 0, '132<main.rpyeffect:132(Name(resume2827))>+1: {"op": "Return". "args": {"any": [0]}}')
debug_merge_point(0, 0, '130<main.rpyeffect:130([k@Name(countdown2818)#252])>+0: {"op": "Const". "type": "ptr". "out": 3. "format": "int". "value": "<IntValue object at 0x7fcb588977f0>"}')
debug_merge_point(0, 0, '130<main.rpyeffect:130([k@Name(countdown2818)#252])>+1: {"op": "Push". "target": 129. "args": {"any": [1. 2. 0]}}')
debug_merge_point(0, 0, '130<main.rpyeffect:130([k@Name(countdown2818)#252])>+2: {"op": "Copy". "type": "any". "from": 3. "to". 1}')
debug_merge_point(0, 0, '130<main.rpyeffect:130([k@Name(countdown2818)#252])>+3: {"op": "Jump". "target": 4}')
debug_merge_point(0, 0, '4<main.rpyeffect:4(Name(infixEq72))>+0: {"op": "PrimOp". "name": "infixEq(Int. Int): Boolean". "out": {"any": [0]}. "in": {"any": [0. 1]}}')
+709: i67 = int_eq(i65, 0)
debug_merge_point(0, 0, '4<main.rpyeffect:4(Name(infixEq72))>+1: {"op": "Return". "args": {"any": [0]}}')
debug_merge_point(0, 0, '129<main.rpyeffect:129([k@[k@Name(countdown2818)#252]#256])>+0: {"op": "Swap". "type": "any". "a": 2. "b". 1}')
debug_merge_point(0, 0, '129<main.rpyeffect:129([k@[k@Name(countdown2818)#252]#256])>+1: {"op": "Swap". "type": "any". "a": 3. "b". 1}')
debug_merge_point(0, 0, '129<main.rpyeffect:129([k@[k@Name(countdown2818)#252]#256])>+2: {"op": "Swap". "type": "any". "a": 0. "b". 1}')
debug_merge_point(0, 0, '129<main.rpyeffect:129([k@[k@Name(countdown2818)#252]#256])>+3: {"op": "IfZero". "cond": 1. "then": {"tag": null. "target": 128. "args": {"any": []}}}')
+713: guard_false(i67, descr=<Guard0x7fcb588b4a10>) [p2, p29, p31, p15, p17, p19, p0, p52, p48, p47, p46, p32]
debug_merge_point(0, 0, '128<main.rpyeffect:128([then#260])>+0: {"op": "Const". "type": "ptr". "out": 1. "format": "int". "value": "<IntValue object at 0x7fcb58897860>"}')
debug_merge_point(0, 0, '128<main.rpyeffect:128([then#260])>+1: {"op": "Push". "target": 127. "args": {"any": [2. 3]}}')
debug_merge_point(0, 0, '128<main.rpyeffect:128([then#260])>+2: {"op": "Jump". "target": 8}')
debug_merge_point(0, 0, '8<main.rpyeffect:8(Name(infixSub105))>+0: {"op": "PrimOp". "name": "infixSub(Int. Int): Int". "out": {"any": [0]}. "in": {"any": [0. 1]}}')
+719: label(p0, p32, p29, p31, p2, p46, p47, p48, i65, p15, p17, p19, p41, p60, p64, p51, descr=TargetToken(140511340515680))
debug_merge_point(0, 0, '8<main.rpyeffect:8(Name(infixSub105))>+0: {"op": "PrimOp". "name": "infixSub(Int. Int): Int". "out": {"any": [0]}. "in": {"any": [0. 1]}}')
+768: guard_not_invalidated(descr=<Guard0x7fcb588a4d10>) [p2, p29, p31, p15, p17, p19, p0, p48, p47, p46, p32, i65]
+768: i69 = int_sub(i65, 1)
debug_merge_point(0, 0, '8<main.rpyeffect:8(Name(infixSub105))>+1: {"op": "Return". "args": {"any": [0]}}')
debug_merge_point(0, 0, '127<main.rpyeffect:127([k@[then#260]#264])>+0: {"op": "Push". "target": 126. "args": {"any": [1. 2]}}')
debug_merge_point(0, 0, '127<main.rpyeffect:127([k@[then#260]#264])>+1: {"op": "Invoke". "receiver": 2. "tag": Interned(Set2824). "args" : {"any": [0]}}')
debug_merge_point(0, 0, '140<main.rpyeffect:140([method_Set2824@Name(run2820)#287])>+0: {"op": "Const". "type": "ptr". "out": 3. "format": "int". "value": "<IntValue object at 0x7fcb58897670>"}')
debug_merge_point(0, 0, '140<main.rpyeffect:140([method_Set2824@Name(run2820)#287])>+1: {"op": "ShiftDyn". "out": 1. "n": 3. "label": 1}')
debug_merge_point(0, 0, '140<main.rpyeffect:140([method_Set2824@Name(run2820)#287])>+2: {"op": "Store". "ref": 2. "type": "any". "value": 0}')
debug_merge_point(0, 0, '140<main.rpyeffect:140([method_Set2824@Name(run2820)#287])>+3: {"op": "Construct". "out": 0. "type": Interned(Unit). "tag": Interned(unit). "args": {"any": []}}')
debug_merge_point(0, 0, '140<main.rpyeffect:140([method_Set2824@Name(run2820)#287])>+4: {"op": "Construct". "out": 0. "type": Interned(Unit). "tag": Interned(unit). "args": {"any": []}}')
debug_merge_point(0, 0, '140<main.rpyeffect:140([method_Set2824@Name(run2820)#287])>+5: {"op": "Jump". "target": 133}')
debug_merge_point(0, 0, '133<main.rpyeffect:133(Name(resume2829))>+0: {"op": "PushStack". "arg": 1}')
debug_merge_point(0, 0, '133<main.rpyeffect:133(Name(resume2829))>+1: {"op": "Return". "args": {"any": [0]}}')
debug_merge_point(0, 0, '126<main.rpyeffect:126([k@[k@[then#260]#264]#267])>+0: {"op": "Copy". "type": "any". "from": 1. "to". 0}')
debug_merge_point(0, 0, '126<main.rpyeffect:126([k@[k@[then#260]#264]#267])>+1: {"op": "Copy". "type": "any". "from": 2. "to". 1}')
debug_merge_point(0, 0, '126<main.rpyeffect:126([k@[k@[then#260]#264]#267])>+2: {"op": "Jump". "target": 131}')
debug_merge_point(0, 0, '131<main.rpyeffect:131(Name(countdown2818))>+0: {"op": "Push". "target": 130. "args": {"any": [0. 1]}}')
debug_merge_point(0, 0, '131<main.rpyeffect:131(Name(countdown2818))>+1: {"op": "Invoke". "receiver": 0. "tag": Interned(Get2822). "args" : {"any": []}}')
debug_merge_point(0, 0, '138<main.rpyeffect:138([method_Get2822@Name(run2820)#280])>+0: {"op": "Const". "type": "ptr". "out": 2. "format": "int". "value": "<IntValue object at 0x7fcb588976b0>"}')
debug_merge_point(0, 0, '138<main.rpyeffect:138([method_Get2822@Name(run2820)#280])>+1: {"op": "ShiftDyn". "out": 0. "n": 2. "label": 0}')
debug_merge_point(0, 0, '138<main.rpyeffect:138([method_Get2822@Name(run2820)#280])>+2: {"op": "Load". "out": 1. "type": "any". "ref": 1}')
+772: setfield_gc(p51, i69, descr=<FieldS rpyeffect.value.UnboxedIntValueRef.inst_value 8>)
+776: i70 = getfield_gc_i(p64, descr=<FieldS rpyeffect.value.UnboxedIntValueRef.inst_value 8>)
debug_merge_point(0, 0, '138<main.rpyeffect:138([method_Get2822@Name(run2820)#280])>+3: {"op": "Swap". "type": "any". "a": 0. "b". 1}')
debug_merge_point(0, 0, '138<main.rpyeffect:138([method_Get2822@Name(run2820)#280])>+4: {"op": "Jump". "target": 132}')
debug_merge_point(0, 0, '132<main.rpyeffect:132(Name(resume2827))>+0: {"op": "PushStack". "arg": 1}')
debug_merge_point(0, 0, '132<main.rpyeffect:132(Name(resume2827))>+1: {"op": "Return". "args": {"any": [0]}}')
debug_merge_point(0, 0, '130<main.rpyeffect:130([k@Name(countdown2818)#252])>+0: {"op": "Const". "type": "ptr". "out": 3. "format": "int". "value": "<IntValue object at 0x7fcb588977f0>"}')
debug_merge_point(0, 0, '130<main.rpyeffect:130([k@Name(countdown2818)#252])>+1: {"op": "Push". "target": 129. "args": {"any": [1. 2. 0]}}')
debug_merge_point(0, 0, '130<main.rpyeffect:130([k@Name(countdown2818)#252])>+2: {"op": "Copy". "type": "any". "from": 3. "to". 1}')
debug_merge_point(0, 0, '130<main.rpyeffect:130([k@Name(countdown2818)#252])>+3: {"op": "Jump". "target": 4}')
debug_merge_point(0, 0, '4<main.rpyeffect:4(Name(infixEq72))>+0: {"op": "PrimOp". "name": "infixEq(Int. Int): Boolean". "out": {"any": [0]}. "in": {"any": [0. 1]}}')
+780: i72 = int_eq(i70, 0)
debug_merge_point(0, 0, '4<main.rpyeffect:4(Name(infixEq72))>+1: {"op": "Return". "args": {"any": [0]}}')
debug_merge_point(0, 0, '129<main.rpyeffect:129([k@[k@Name(countdown2818)#252]#256])>+0: {"op": "Swap". "type": "any". "a": 2. "b". 1}')
debug_merge_point(0, 0, '129<main.rpyeffect:129([k@[k@Name(countdown2818)#252]#256])>+1: {"op": "Swap". "type": "any". "a": 3. "b". 1}')
debug_merge_point(0, 0, '129<main.rpyeffect:129([k@[k@Name(countdown2818)#252]#256])>+2: {"op": "Swap". "type": "any". "a": 0. "b". 1}')
debug_merge_point(0, 0, '129<main.rpyeffect:129([k@[k@Name(countdown2818)#252]#256])>+3: {"op": "IfZero". "cond": 1. "then": {"tag": null. "target": 128. "args": {"any": []}}}')
+793: guard_false(i72, descr=<Guard0x7fcb588a4d58>) [p2, p29, p31, p15, p17, p19, i72, p0, p32, i70, p48, p47, p46, None, None]
debug_merge_point(0, 0, '128<main.rpyeffect:128([then#260])>+0: {"op": "Const". "type": "ptr". "out": 1. "format": "int". "value": "<IntValue object at 0x7fcb58897860>"}')
debug_merge_point(0, 0, '128<main.rpyeffect:128([then#260])>+1: {"op": "Push". "target": 127. "args": {"any": [2. 3]}}')
debug_merge_point(0, 0, '128<main.rpyeffect:128([then#260])>+2: {"op": "Jump". "target": 8}')
debug_merge_point(0, 0, '8<main.rpyeffect:8(Name(infixSub105))>+0: {"op": "PrimOp". "name": "infixSub(Int. Int): Int". "out": {"any": [0]}. "in": {"any": [0. 1]}}')
+802: jump(p0, p32, p29, p31, p2, p46, p47, p48, i70, p15, p17, p19, p41, p60, p64, p51, descr=TargetToken(140511340515680))
+816: --end of the loop--
[629a18546c92] jit-log-opt-loop}
[629a3dbb5ae2] {jit-summary
Tracing:      	1	0.001194
Backend:      	1	0.000243
TOTAL:      		0.316437
ops:             	1380
heapcached ops:  	278
recorded ops:    	352
  calls:         	31
guards:          	61
opt ops:         	131
opt guards:      	18
opt guards shared:	13
forcings:        	0
abort: trace too long:	0
abort: compiling:	0
abort: vable escape:	0
abort: bad loop: 	0
abort: force quasi-immut:	0
abort: segmenting trace:	0
virtualizables forced:	0
nvirtuals:       	11
nvholes:         	1
nvreused:        	0
vecopt tried:    	0
vecopt success:  	0
Total # of loops:	1
Total # of bridges:	0
Freed # of loops:	0
Freed # of bridges:	0
[629a3dbbabd3] jit-summary}
