[6316cfd38e5f] {jit-log-opt-loop
# Loop 1 (8<main.rpyeffect:8(Name(infixSub105))>+0: {"op": "PrimOp", "name": "infixSub(Int, Int): Int", "out": {"any": [0]}, "in": {"any": [0, 1]}}) : loop with 140 ops
[p0, p1, p2, p3, p4]
+333: p5 = getfield_gc_r(p2, descr=<FieldP rpyeffect.environment.Environment.inst_values_ptr 16>)
+344: p7 = getarrayitem_gc_r(p5, 0, descr=<ArrayP 8>)
+348: p9 = getarrayitem_gc_r(p5, 1, descr=<ArrayP 8>)
+352: p11 = getarrayitem_gc_r(p5, 2, descr=<ArrayP 8>)
+356: p13 = getarrayitem_gc_r(p5, 3, descr=<ArrayP 8>)
+360: p15 = getarrayitem_gc_r(p5, 4, descr=<ArrayP 8>)
+364: p17 = getarrayitem_gc_r(p5, 5, descr=<ArrayP 8>)
+368: p19 = getarrayitem_gc_r(p5, 6, descr=<ArrayP 8>)
+372: label(p0, p1, p2, p3, p4, p7, p9, p11, p13, p15, p17, p19, descr=TargetToken(140470244659488))
debug_merge_point(0, 0, '8<main.rpyeffect:8(Name(infixSub105))>+0: {"op": "PrimOp". "name": "infixSub(Int. Int): Int". "out": {"any": [0]}. "in": {"any": [0. 1]}}')
+416: guard_not_invalidated(descr=<Guard0x7fc1c7094ba8>) [p2, p7, p9, p11, p13, p15, p17, p19, p0, p1, p3, p4]
+416: i20 = getfield_gc_i(p7, descr=<FieldS rpyeffect.value.IntValue.inst_value 8 pure>)
+420: i21 = getfield_gc_i(p9, descr=<FieldS rpyeffect.value.IntValue.inst_value 8 pure>)
+424: i22 = int_sub(i20, i21)
debug_merge_point(0, 0, '8<main.rpyeffect:8(Name(infixSub105))>+1: {"op": "Return". "args": {"any": [0]}}')
+427: guard_nonnull(p1, descr=<Guard0x7fc1c70a6980>) [p2, p7, p9, p11, p13, p15, p17, p19, p0, p1, p3, p4]
+441: i23 = getfield_gc_i(p1, descr=<FieldS rpyeffect.stored_environment.Stack__arb.inst_target 16 pure>)
+452: guard_value(i23, 127, descr=<Guard0x7fc1c70a69b0>) [p2, p7, p9, p11, p13, p15, p17, p19, p0, p1, p3, p4]
+462: p25 = getfield_gc_r(p1, descr=<FieldP rpyeffect.stored_environment.Stack__2.inst_values_ptr_0 32 pure>)
+466: p26 = getfield_gc_r(p1, descr=<FieldP rpyeffect.stored_environment.Stack__2.inst_values_ptr_1 40 pure>)
+470: p27 = getfield_gc_r(p1, descr=<FieldP rpyeffect.stored_environment.Stack__arb.inst_tail 8 pure>)
debug_merge_point(0, 0, '127<main.rpyeffect:127([k@[then#260]#264])>+0: {"op": "Push". "target": 126. "args": {"any": [1. 2]}}')
debug_merge_point(0, 0, '127<main.rpyeffect:127([k@[then#260]#264])>+1: {"op": "Invoke". "receiver": 2. "tag": Interned(Set2824). "args" : {"any": [0]}}')
+474: p28 = getfield_gc_r(p26, descr=<FieldP rpyeffect.codata.CoData.inst_vtable 8 pure>)
+485: guard_value(p28, ConstPtr(ptr29), descr=<Guard0x7fc1c70a69e0>) [p2, p7, p9, p11, p13, p15, p17, p19, p0, p1, p3, p4]
+494: p30 = getfield_gc_r(p26, descr=<FieldP rpyeffect.stored_environment.CoData__2.inst_values_ptr_0 24 pure>)
+498: p31 = getfield_gc_r(p26, descr=<FieldP rpyeffect.stored_environment.CoData__2.inst_values_ptr_1 32 pure>)
debug_merge_point(0, 0, '140<main.rpyeffect:140([method_Set2824@Name(run2820)#287])>+0: {"op": "Const". "type": "ptr". "out": 3. "format": "int". "value": "<IntValue object at 0x7fc1c70871e0>"}')
debug_merge_point(0, 0, '140<main.rpyeffect:140([method_Set2824@Name(run2820)#287])>+1: {"op": "ShiftDyn". "out": 1. "n": 3. "label": 1}')
+509: i33 = instance_ptr_eq(p4, ConstPtr(ptr32))
+516: guard_true(i33, descr=<Guard0x7fc1c70a6a10>) [p2, p7, p9, p11, p13, p15, p17, p19, p0, p1, p3, p4]
+522: guard_nonnull(p0, descr=<Guard0x7fc1c70a6a40>) [p2, p7, p9, p11, p13, p15, p17, p19, p0, p1, p3, p4]
+536: guard_nonnull(p30, descr=<Guard0x7fc1c70a6a70>) [p2, p7, p9, p11, p13, p15, p17, p19, p0, p1, p3, p4]
+545: i34 = getfield_gc_i(p0, descr=<FieldS rpyeffect.stack.Label.inst_origin 8 pure>)
+557: guard_value(i34, 145412, descr=<Guard0x7fc1c70a6aa0>) [p2, p7, p9, p11, p13, p15, p17, p19, p0, p1, p3, p4]
+570: i36 = getfield_gc_i(p30, descr=<FieldS rpyeffect.stack.Label.inst_origin 8 pure>)
+574: guard_value(i36, 145412, descr=<Guard0x7fc1c70a6ad0>) [p2, p7, p9, p11, p13, p15, p17, p19, p0, p1, p3, p4]
+587: i38 = instance_ptr_eq(p0, p30)
+590: guard_true(i38, descr=<Guard0x7fc1c70a6b00>) [p2, p7, p9, p11, p13, p15, p17, p19, p0, p1, p3, p4]
+596: guard_nonnull_class(p3, 8697152, descr=<Guard0x7fc1c7094bf0>) [p2, p7, p9, p11, p13, p15, p17, p19, p0, p1, p3, p4]
+623: p40 = getfield_gc_r(p3, descr=<FieldP rpyeffect.stack.MetaStackLike.inst_stack 8 pure>)
+627: p41 = getfield_gc_r(p3, descr=<FieldP rpyeffect.stack.MetaStack.inst_label 16 pure>)
+631: p42 = getfield_gc_r(p3, descr=<FieldP rpyeffect.stack.MetaStack.inst_tail 32 pure>)
debug_merge_point(0, 0, '140<main.rpyeffect:140([method_Set2824@Name(run2820)#287])>+2: {"op": "Store". "ref": 2. "type": "any". "value": 0}')
+642: p43 = getfield_gc_r(p31, descr=<FieldP rpyeffect.region.Ref.inst_allocation_site 8 pure>)
+667: guard_value(p43, ConstPtr(ptr44), descr=<Guard0x7fc1c70a6b30>) [p2, p7, p9, p11, p13, p15, p17, p19, p0, p1, p3, p4]
+676: p45 = getfield_gc_r(p31, descr=<FieldP rpyeffect.region.Ref.inst_value 16>)
debug_merge_point(0, 0, '140<main.rpyeffect:140([method_Set2824@Name(run2820)#287])>+3: {"op": "Construct". "out": 0. "type": Interned(Unit). "tag": Interned(unit). "args": {"any": []}}')
debug_merge_point(0, 0, '140<main.rpyeffect:140([method_Set2824@Name(run2820)#287])>+4: {"op": "Construct". "out": 0. "type": Interned(Unit). "tag": Interned(unit). "args": {"any": []}}')
debug_merge_point(0, 0, '140<main.rpyeffect:140([method_Set2824@Name(run2820)#287])>+5: {"op": "Jump". "target": 133}')
debug_merge_point(0, 0, '133<main.rpyeffect:133(Name(resume2829))>+0: {"op": "PushStack". "arg": 1}')
debug_merge_point(0, 0, '133<main.rpyeffect:133(Name(resume2829))>+1: {"op": "Return". "args": {"any": [0]}}')
debug_merge_point(0, 0, '126<main.rpyeffect:126([k@[k@[then#260]#264]#267])>+0: {"op": "Copy". "type": "any". "from": 1. "to". 0}')
debug_merge_point(0, 0, '126<main.rpyeffect:126([k@[k@[then#260]#264]#267])>+1: {"op": "Copy". "type": "any". "from": 2. "to". 1}')
debug_merge_point(0, 0, '126<main.rpyeffect:126([k@[k@[then#260]#264]#267])>+2: {"op": "Jump". "target": 131}')
debug_merge_point(0, 0, '131<main.rpyeffect:131(Name(countdown2818))>+0: {"op": "Push". "target": 130. "args": {"any": [0. 1]}}')
debug_merge_point(0, 0, '131<main.rpyeffect:131(Name(countdown2818))>+1: {"op": "Invoke". "receiver": 0. "tag": Interned(Get2822). "args" : {"any": []}}')
+680: p46 = getfield_gc_r(p25, descr=<FieldP rpyeffect.codata.CoData.inst_vtable 8 pure>)
+684: setfield_gc(p45, i22, descr=<FieldS rpyeffect.value.UnboxedIntValueRef.inst_value 8>)
+695: guard_value(p46, ConstPtr(ptr47), descr=<Guard0x7fc1c7094c38>) [p2, p25, p26, p15, p17, p19, p0, p46, p42, p41, p40, p27]
+704: p48 = getfield_gc_r(p25, descr=<FieldP rpyeffect.stored_environment.CoData__2.inst_values_ptr_0 24 pure>)
+708: p49 = getfield_gc_r(p25, descr=<FieldP rpyeffect.stored_environment.CoData__2.inst_values_ptr_1 32 pure>)
debug_merge_point(0, 0, '138<main.rpyeffect:138([method_Get2822@Name(run2820)#280])>+0: {"op": "Const". "type": "ptr". "out": 2. "format": "int". "value": "<IntValue object at 0x7fc1c7087680>"}')
debug_merge_point(0, 0, '138<main.rpyeffect:138([method_Get2822@Name(run2820)#280])>+1: {"op": "ShiftDyn". "out": 0. "n": 2. "label": 0}')
+712: guard_nonnull(p48, descr=<Guard0x7fc1c70a6b60>) [p2, p25, p26, p15, p17, p19, p0, p46, p42, p41, p40, p27]
+721: i50 = getfield_gc_i(p48, descr=<FieldS rpyeffect.stack.Label.inst_origin 8 pure>)
+725: guard_value(i50, 145412, descr=<Guard0x7fc1c70a6b90>) [p2, p25, p26, p15, p17, p19, p0, p46, p42, p41, p40, p27]
+738: i52 = instance_ptr_eq(p0, p48)
+741: guard_true(i52, descr=<Guard0x7fc1c70a6bc0>) [p2, p25, p26, p15, p17, p19, p0, p46, p42, p41, p40, p27]
debug_merge_point(0, 0, '138<main.rpyeffect:138([method_Get2822@Name(run2820)#280])>+2: {"op": "Load". "out": 1. "type": "any". "ref": 1}')
+747: p53 = getfield_gc_r(p49, descr=<FieldP rpyeffect.region.Ref.inst_allocation_site 8 pure>)
+751: guard_value(p53, ConstPtr(ptr54), descr=<Guard0x7fc1c70a6bf0>) [p2, p25, p26, p15, p17, p19, p0, p46, p42, p41, p40, p27]
+760: p55 = getfield_gc_r(p49, descr=<FieldP rpyeffect.region.Ref.inst_value 16>)
+764: i56 = getfield_gc_i(p55, descr=<FieldS rpyeffect.value.UnboxedIntValueRef.inst_value 8>)
debug_merge_point(0, 0, '138<main.rpyeffect:138([method_Get2822@Name(run2820)#280])>+3: {"op": "Swap". "type": "any". "a": 0. "b". 1}')
debug_merge_point(0, 0, '138<main.rpyeffect:138([method_Get2822@Name(run2820)#280])>+4: {"op": "Jump". "target": 132}')
debug_merge_point(0, 0, '132<main.rpyeffect:132(Name(resume2827))>+0: {"op": "PushStack". "arg": 1}')
debug_merge_point(0, 0, '132<main.rpyeffect:132(Name(resume2827))>+1: {"op": "Return". "args": {"any": [0]}}')
debug_merge_point(0, 0, '130<main.rpyeffect:130([k@Name(countdown2818)#252])>+0: {"op": "Const". "type": "ptr". "out": 3. "format": "int". "value": "<IntValue object at 0x7fc1c70877c0>"}')
debug_merge_point(0, 0, '130<main.rpyeffect:130([k@Name(countdown2818)#252])>+1: {"op": "Push". "target": 129. "args": {"any": [1. 2. 0]}}')
debug_merge_point(0, 0, '130<main.rpyeffect:130([k@Name(countdown2818)#252])>+2: {"op": "Copy". "type": "any". "from": 3. "to". 1}')
debug_merge_point(0, 0, '130<main.rpyeffect:130([k@Name(countdown2818)#252])>+3: {"op": "Jump". "target": 4}')
debug_merge_point(0, 0, '4<main.rpyeffect:4(Name(infixEq72))>+0: {"op": "PrimOp". "name": "infixEq(Int. Int): Boolean". "out": {"any": [0]}. "in": {"any": [0. 1]}}')
+768: i58 = int_eq(i56, 0)
debug_merge_point(0, 0, '4<main.rpyeffect:4(Name(infixEq72))>+1: {"op": "Return". "args": {"any": [0]}}')
debug_merge_point(0, 0, '129<main.rpyeffect:129([k@[k@Name(countdown2818)#252]#256])>+0: {"op": "Swap". "type": "any". "a": 2. "b". 1}')
debug_merge_point(0, 0, '129<main.rpyeffect:129([k@[k@Name(countdown2818)#252]#256])>+1: {"op": "Swap". "type": "any". "a": 3. "b". 1}')
debug_merge_point(0, 0, '129<main.rpyeffect:129([k@[k@Name(countdown2818)#252]#256])>+2: {"op": "Swap". "type": "any". "a": 0. "b". 1}')
debug_merge_point(0, 0, '129<main.rpyeffect:129([k@[k@Name(countdown2818)#252]#256])>+3: {"op": "IfZero". "cond": 1. "then": {"tag": null. "target": 128. "args": {"any": []}}}')
+772: guard_false(i58, descr=<Guard0x7fc1c70a6c20>) [p2, p25, p26, p15, p17, p19, p0, p46, p42, p41, p40, p27]
debug_merge_point(0, 0, '128<main.rpyeffect:128([then#260])>+0: {"op": "Const". "type": "ptr". "out": 1. "format": "int". "value": "<IntValue object at 0x7fc1c7087830>"}')
debug_merge_point(0, 0, '128<main.rpyeffect:128([then#260])>+1: {"op": "Push". "target": 127. "args": {"any": [2. 3]}}')
debug_merge_point(0, 0, '128<main.rpyeffect:128([then#260])>+2: {"op": "Jump". "target": 8}')
debug_merge_point(0, 0, '8<main.rpyeffect:8(Name(infixSub105))>+0: {"op": "PrimOp". "name": "infixSub(Int. Int): Int". "out": {"any": [0]}. "in": {"any": [0. 1]}}')
+778: label(p0, p27, p25, p26, p2, p40, p41, p42, i56, p15, p17, p19, p30, p31, p48, p49, p55, p45, descr=TargetToken(140470244659552))
debug_merge_point(0, 0, '8<main.rpyeffect:8(Name(infixSub105))>+0: {"op": "PrimOp". "name": "infixSub(Int. Int): Int". "out": {"any": [0]}. "in": {"any": [0. 1]}}')
+832: guard_not_invalidated(descr=<Guard0x7fc1c7094c80>) [p2, p25, p26, p15, p17, p19, p0, p42, p41, p40, p27, i56]
+832: i60 = int_sub(i56, 1)
debug_merge_point(0, 0, '8<main.rpyeffect:8(Name(infixSub105))>+1: {"op": "Return". "args": {"any": [0]}}')
debug_merge_point(0, 0, '127<main.rpyeffect:127([k@[then#260]#264])>+0: {"op": "Push". "target": 126. "args": {"any": [1. 2]}}')
debug_merge_point(0, 0, '127<main.rpyeffect:127([k@[then#260]#264])>+1: {"op": "Invoke". "receiver": 2. "tag": Interned(Set2824). "args" : {"any": [0]}}')
debug_merge_point(0, 0, '140<main.rpyeffect:140([method_Set2824@Name(run2820)#287])>+0: {"op": "Const". "type": "ptr". "out": 3. "format": "int". "value": "<IntValue object at 0x7fc1c70871e0>"}')
debug_merge_point(0, 0, '140<main.rpyeffect:140([method_Set2824@Name(run2820)#287])>+1: {"op": "ShiftDyn". "out": 1. "n": 3. "label": 1}')
debug_merge_point(0, 0, '140<main.rpyeffect:140([method_Set2824@Name(run2820)#287])>+2: {"op": "Store". "ref": 2. "type": "any". "value": 0}')
debug_merge_point(0, 0, '140<main.rpyeffect:140([method_Set2824@Name(run2820)#287])>+3: {"op": "Construct". "out": 0. "type": Interned(Unit). "tag": Interned(unit). "args": {"any": []}}')
debug_merge_point(0, 0, '140<main.rpyeffect:140([method_Set2824@Name(run2820)#287])>+4: {"op": "Construct". "out": 0. "type": Interned(Unit). "tag": Interned(unit). "args": {"any": []}}')
debug_merge_point(0, 0, '140<main.rpyeffect:140([method_Set2824@Name(run2820)#287])>+5: {"op": "Jump". "target": 133}')
debug_merge_point(0, 0, '133<main.rpyeffect:133(Name(resume2829))>+0: {"op": "PushStack". "arg": 1}')
debug_merge_point(0, 0, '133<main.rpyeffect:133(Name(resume2829))>+1: {"op": "Return". "args": {"any": [0]}}')
debug_merge_point(0, 0, '126<main.rpyeffect:126([k@[k@[then#260]#264]#267])>+0: {"op": "Copy". "type": "any". "from": 1. "to". 0}')
debug_merge_point(0, 0, '126<main.rpyeffect:126([k@[k@[then#260]#264]#267])>+1: {"op": "Copy". "type": "any". "from": 2. "to". 1}')
debug_merge_point(0, 0, '126<main.rpyeffect:126([k@[k@[then#260]#264]#267])>+2: {"op": "Jump". "target": 131}')
debug_merge_point(0, 0, '131<main.rpyeffect:131(Name(countdown2818))>+0: {"op": "Push". "target": 130. "args": {"any": [0. 1]}}')
debug_merge_point(0, 0, '131<main.rpyeffect:131(Name(countdown2818))>+1: {"op": "Invoke". "receiver": 0. "tag": Interned(Get2822). "args" : {"any": []}}')
debug_merge_point(0, 0, '138<main.rpyeffect:138([method_Get2822@Name(run2820)#280])>+0: {"op": "Const". "type": "ptr". "out": 2. "format": "int". "value": "<IntValue object at 0x7fc1c7087680>"}')
debug_merge_point(0, 0, '138<main.rpyeffect:138([method_Get2822@Name(run2820)#280])>+1: {"op": "ShiftDyn". "out": 0. "n": 2. "label": 0}')
debug_merge_point(0, 0, '138<main.rpyeffect:138([method_Get2822@Name(run2820)#280])>+2: {"op": "Load". "out": 1. "type": "any". "ref": 1}')
+836: setfield_gc(p45, i60, descr=<FieldS rpyeffect.value.UnboxedIntValueRef.inst_value 8>)
+840: i61 = getfield_gc_i(p55, descr=<FieldS rpyeffect.value.UnboxedIntValueRef.inst_value 8>)
debug_merge_point(0, 0, '138<main.rpyeffect:138([method_Get2822@Name(run2820)#280])>+3: {"op": "Swap". "type": "any". "a": 0. "b". 1}')
debug_merge_point(0, 0, '138<main.rpyeffect:138([method_Get2822@Name(run2820)#280])>+4: {"op": "Jump". "target": 132}')
debug_merge_point(0, 0, '132<main.rpyeffect:132(Name(resume2827))>+0: {"op": "PushStack". "arg": 1}')
debug_merge_point(0, 0, '132<main.rpyeffect:132(Name(resume2827))>+1: {"op": "Return". "args": {"any": [0]}}')
debug_merge_point(0, 0, '130<main.rpyeffect:130([k@Name(countdown2818)#252])>+0: {"op": "Const". "type": "ptr". "out": 3. "format": "int". "value": "<IntValue object at 0x7fc1c70877c0>"}')
debug_merge_point(0, 0, '130<main.rpyeffect:130([k@Name(countdown2818)#252])>+1: {"op": "Push". "target": 129. "args": {"any": [1. 2. 0]}}')
debug_merge_point(0, 0, '130<main.rpyeffect:130([k@Name(countdown2818)#252])>+2: {"op": "Copy". "type": "any". "from": 3. "to". 1}')
debug_merge_point(0, 0, '130<main.rpyeffect:130([k@Name(countdown2818)#252])>+3: {"op": "Jump". "target": 4}')
debug_merge_point(0, 0, '4<main.rpyeffect:4(Name(infixEq72))>+0: {"op": "PrimOp". "name": "infixEq(Int. Int): Boolean". "out": {"any": [0]}. "in": {"any": [0. 1]}}')
+844: i63 = int_eq(i61, 0)
debug_merge_point(0, 0, '4<main.rpyeffect:4(Name(infixEq72))>+1: {"op": "Return". "args": {"any": [0]}}')
debug_merge_point(0, 0, '129<main.rpyeffect:129([k@[k@Name(countdown2818)#252]#256])>+0: {"op": "Swap". "type": "any". "a": 2. "b". 1}')
debug_merge_point(0, 0, '129<main.rpyeffect:129([k@[k@Name(countdown2818)#252]#256])>+1: {"op": "Swap". "type": "any". "a": 3. "b". 1}')
debug_merge_point(0, 0, '129<main.rpyeffect:129([k@[k@Name(countdown2818)#252]#256])>+2: {"op": "Swap". "type": "any". "a": 0. "b". 1}')
debug_merge_point(0, 0, '129<main.rpyeffect:129([k@[k@Name(countdown2818)#252]#256])>+3: {"op": "IfZero". "cond": 1. "then": {"tag": null. "target": 128. "args": {"any": []}}}')
+858: guard_false(i63, descr=<Guard0x7fc1c7094cc8>) [p2, p25, p26, p15, p17, p19, i63, p0, p27, i61, p42, p41, p40, None, None]
debug_merge_point(0, 0, '128<main.rpyeffect:128([then#260])>+0: {"op": "Const". "type": "ptr". "out": 1. "format": "int". "value": "<IntValue object at 0x7fc1c7087830>"}')
debug_merge_point(0, 0, '128<main.rpyeffect:128([then#260])>+1: {"op": "Push". "target": 127. "args": {"any": [2. 3]}}')
debug_merge_point(0, 0, '128<main.rpyeffect:128([then#260])>+2: {"op": "Jump". "target": 8}')
debug_merge_point(0, 0, '8<main.rpyeffect:8(Name(infixSub105))>+0: {"op": "PrimOp". "name": "infixSub(Int. Int): Int". "out": {"any": [0]}. "in": {"any": [0. 1]}}')
+867: jump(p0, p27, p25, p26, p2, p40, p41, p42, i61, p15, p17, p19, p30, p31, p48, p49, p55, p45, descr=TargetToken(140470244659552))
+880: --end of the loop--
[6316cfd92316] jit-log-opt-loop}
[6316f443b8bf] {jit-summary
Tracing:      	1	0.001128
Backend:      	1	0.000281
TOTAL:      		0.308111
ops:             	1498
heapcached ops:  	277
recorded ops:    	323
  calls:         	31
guards:          	71
opt ops:         	131
opt guards:      	21
opt guards shared:	16
forcings:        	0
abort: trace too long:	0
abort: compiling:	0
abort: vable escape:	0
abort: bad loop: 	0
abort: force quasi-immut:	0
abort: segmenting trace:	0
virtualizables forced:	0
nvirtuals:       	8
nvholes:         	0
nvreused:        	0
vecopt tried:    	0
vecopt success:  	0
Total # of loops:	1
Total # of bridges:	0
Freed # of loops:	0
Freed # of bridges:	0
[6316f4441a54] jit-summary}
