[63279cd915ca] {jit-log-opt-loop
# Loop 1 (140<main.rpyeffect:140([method_Prime2825@[k@[then#256]#258]#275])>+2: {"op": "Push", "target": 139, "args": {"any": [1, 0, 3]}}) : loop with 113 ops
[p0, p1, p2, p3, p4]
+333: p5 = getfield_gc_r(p2, descr=<FieldP rpyeffect.environment.Environment.inst_values_ptr 16>)
+344: p7 = getarrayitem_gc_r(p5, 0, descr=<ArrayP 8>)
+348: p9 = getarrayitem_gc_r(p5, 1, descr=<ArrayP 8>)
+352: p11 = getarrayitem_gc_r(p5, 2, descr=<ArrayP 8>)
+356: p13 = getarrayitem_gc_r(p5, 3, descr=<ArrayP 8>)
+360: p15 = getarrayitem_gc_r(p5, 4, descr=<ArrayP 8>)
+364: p17 = getarrayitem_gc_r(p5, 5, descr=<ArrayP 8>)
+368: p19 = getarrayitem_gc_r(p5, 6, descr=<ArrayP 8>)
+372: label(p0, p1, p2, p3, p4, p7, p9, p11, p13, p15, p17, p19, descr=TargetToken(140624537571680))
debug_merge_point(0, 0, '140<main.rpyeffect:140([method_Prime2825@[k@[then#256]#258]#275])>+2: {"op": "Push". "target": 139. "args": {"any": [1. 0. 3]}}')
+400: guard_not_invalidated(descr=<Guard0x7fe5b39c4cc8>) [p2, p7, p9, p11, p13, p15, p17, p19, p0, p1, p3, p4]
debug_merge_point(0, 0, '140<main.rpyeffect:140([method_Prime2825@[k@[then#256]#258]#275])>+3: {"op": "Copy". "type": "any". "from": 2. "to". 1}')
debug_merge_point(0, 0, '140<main.rpyeffect:140([method_Prime2825@[k@[then#256]#258]#275])>+4: {"op": "Jump". "target": 9}')
debug_merge_point(0, 0, '9<main.rpyeffect:9(Name(mod108))>+0: {"op": "PrimOp". "name": "mod(Int. Int): Int". "out": {"any": [0]}. "in": {"any": [0. 1]}}')
+400: i20 = getfield_gc_i(p7, descr=<FieldS rpyeffect.value.IntValue.inst_value 8 pure>)
+404: i21 = getfield_gc_i(p11, descr=<FieldS rpyeffect.value.IntValue.inst_value 8 pure>)
+408: i22 = int_is_zero(i21)
+411: guard_false(i22, descr=<Guard0x7fe5b39d0d70>) [p2, p7, p9, p11, p13, p15, p17, p19, p0, p1, p3, p4]
+417: i24 = call_i(ConstClass(ll_int_py_mod__Signed_Signed), i20, i21, descr=<Calli 8 ii EF=0 OS=14>)
debug_merge_point(0, 0, '9<main.rpyeffect:9(Name(mod108))>+1: {"op": "Return". "args": {"any": [0]}}')
debug_merge_point(0, 0, '139<main.rpyeffect:139([#279])>+0: {"op": "Const". "type": "ptr". "out": 4. "format": "int". "value": "<IntValue object at 0x7fe5b39b9790>"}')
debug_merge_point(0, 0, '139<main.rpyeffect:139([#279])>+1: {"op": "Push". "target": 138. "args": {"any": [1. 2. 3]}}')
debug_merge_point(0, 0, '139<main.rpyeffect:139([#279])>+2: {"op": "Copy". "type": "any". "from": 4. "to". 1}')
debug_merge_point(0, 0, '139<main.rpyeffect:139([#279])>+3: {"op": "Jump". "target": 4}')
debug_merge_point(0, 0, '4<main.rpyeffect:4(Name(infixEq72))>+0: {"op": "PrimOp". "name": "infixEq(Int. Int): Boolean". "out": {"any": [0]}. "in": {"any": [0. 1]}}')
+441: i26 = int_eq(i24, 0)
debug_merge_point(0, 0, '4<main.rpyeffect:4(Name(infixEq72))>+1: {"op": "Return". "args": {"any": [0]}}')
debug_merge_point(0, 0, '138<main.rpyeffect:138([k@[#279]#284])>+0: {"op": "Swap". "type": "any". "a": 0. "b". 1}')
debug_merge_point(0, 0, '138<main.rpyeffect:138([k@[#279]#284])>+1: {"op": "Swap". "type": "any". "a": 3. "b". 1}')
debug_merge_point(0, 0, '138<main.rpyeffect:138([k@[#279]#284])>+2: {"op": "IfZero". "cond": 3. "then": {"tag": null. "target": 136. "args": {"any": []}}}')
+454: guard_false(i26, descr=<Guard0x7fe5b39c4d10>) [p2, p9, p13, p7, p17, p19, i26, p0, p1, p3, p4]
debug_merge_point(0, 0, '136<main.rpyeffect:136([then#288])>+0: {"op": "Push". "target": 135. "args": {"any": [1]}}')
debug_merge_point(0, 0, '136<main.rpyeffect:136([then#288])>+1: {"op": "Copy". "type": "any". "from": 0. "to". 1}')
debug_merge_point(0, 0, '136<main.rpyeffect:136([then#288])>+2: {"op": "Copy". "type": "any". "from": 2. "to". 0}')
debug_merge_point(0, 0, '136<main.rpyeffect:136([then#288])>+3: {"op": "Invoke". "receiver": 1. "tag": Interned(Prime2825). "args" : {"any": [0]}}')
+463: p27 = getfield_gc_r(p9, descr=<FieldP rpyeffect.codata.CoData.inst_vtable 8 pure>)
+475: guard_value(p27, ConstPtr(ptr28), descr=<Guard0x7fe5b39d0da0>) [p2, p9, p13, p7, p17, p19, i26, p0, p1, p3, p4]
+484: p29 = getfield_gc_r(p9, descr=<FieldP rpyeffect.stored_environment.CoData__3.inst_values_ptr_0 24 pure>)
+489: p30 = getfield_gc_r(p9, descr=<FieldP rpyeffect.stored_environment.CoData__3.inst_values_ptr_1 32 pure>)
+494: p31 = getfield_gc_r(p9, descr=<FieldP rpyeffect.stored_environment.CoData__3.inst_values_ptr_2 40 pure>)
debug_merge_point(0, 0, '140<main.rpyeffect:140([method_Prime2825@[k@[then#256]#258]#275])>+0: {"op": "Const". "type": "ptr". "out": 4. "format": "int". "value": "<IntValue object at 0x7fe5b39b9760>"}')
debug_merge_point(0, 0, '140<main.rpyeffect:140([method_Prime2825@[k@[then#256]#258]#275])>+1: {"op": "ShiftDyn". "out": 3. "n": 4. "label": 3}')
+506: i33 = instance_ptr_eq(p4, ConstPtr(ptr32))
+513: guard_true(i33, descr=<Guard0x7fe5b39d0dd0>) [p2, p9, p13, p7, p17, p19, i26, p0, p1, p3, p4]
+519: guard_nonnull(p0, descr=<Guard0x7fe5b39d0e00>) [p2, p9, p13, p7, p17, p19, i26, p0, p1, p3, p4]
+533: guard_nonnull(p31, descr=<Guard0x7fe5b39d0e30>) [p2, p9, p13, p7, p17, p19, i26, p0, p1, p3, p4]
+542: i34 = getfield_gc_i(p0, descr=<FieldS rpyeffect.stack.Label.inst_origin 8 pure>)
+553: guard_value(i34, 147461, descr=<Guard0x7fe5b39d0e60>) [p2, p9, p13, p7, p17, p19, i26, p0, p1, p3, p4]
+566: i36 = getfield_gc_i(p31, descr=<FieldS rpyeffect.stack.Label.inst_origin 8 pure>)
+570: guard_value(i36, 147461, descr=<Guard0x7fe5b39d0e90>) [p2, p9, p13, p7, p17, p19, i26, p0, p1, p3, p4]
+583: i38 = instance_ptr_eq(p0, p31)
+586: guard_true(i38, descr=<Guard0x7fe5b39d0ec0>) [p2, p9, p13, p7, p17, p19, i26, p0, p1, p3, p4]
+592: guard_nonnull_class(p3, 8697152, descr=<Guard0x7fe5b39c4d58>) [p2, p9, p13, p7, p17, p19, i26, p0, p1, p3, p4]
+617: p40 = getfield_gc_r(p3, descr=<FieldP rpyeffect.stack.MetaStackLike.inst_stack 8 pure>)
+621: p41 = getfield_gc_r(p3, descr=<FieldP rpyeffect.stack.MetaStack.inst_label 16 pure>)
+625: p42 = getfield_gc_r(p3, descr=<FieldP rpyeffect.stack.MetaStack.inst_tail 32 pure>)
debug_merge_point(0, 0, '140<main.rpyeffect:140([method_Prime2825@[k@[then#256]#258]#275])>+2: {"op": "Push". "target": 139. "args": {"any": [1. 0. 3]}}')
+629: label(p41, p40, p2, p42, p7, p29, p30, p1, p13, p0, p17, p19, i20, descr=TargetToken(140624537571744))
debug_merge_point(0, 0, '140<main.rpyeffect:140([method_Prime2825@[k@[then#256]#258]#275])>+2: {"op": "Push". "target": 139. "args": {"any": [1. 0. 3]}}')
+656: guard_not_invalidated(descr=<Guard0x7fe5b39c4da0>) [p2, p7, p29, p30, p17, p19, p41, p40, p42, p13, p1, p0]
debug_merge_point(0, 0, '140<main.rpyeffect:140([method_Prime2825@[k@[then#256]#258]#275])>+3: {"op": "Copy". "type": "any". "from": 2. "to". 1}')
debug_merge_point(0, 0, '140<main.rpyeffect:140([method_Prime2825@[k@[then#256]#258]#275])>+4: {"op": "Jump". "target": 9}')
debug_merge_point(0, 0, '9<main.rpyeffect:9(Name(mod108))>+0: {"op": "PrimOp". "name": "mod(Int. Int): Int". "out": {"any": [0]}. "in": {"any": [0. 1]}}')
+656: i43 = getfield_gc_i(p30, descr=<FieldS rpyeffect.value.IntValue.inst_value 8 pure>)
+660: i44 = int_is_zero(i43)
+663: guard_false(i44, descr=<Guard0x7fe5b39d0ef0>) [p2, p7, p29, p30, p17, p19, p41, p40, p42, p13, p1, p0]
+669: i46 = call_i(ConstClass(ll_int_py_mod__Signed_Signed), i20, i43, descr=<Calli 8 ii EF=0 OS=14>)
debug_merge_point(0, 0, '9<main.rpyeffect:9(Name(mod108))>+1: {"op": "Return". "args": {"any": [0]}}')
debug_merge_point(0, 0, '139<main.rpyeffect:139([#279])>+0: {"op": "Const". "type": "ptr". "out": 4. "format": "int". "value": "<IntValue object at 0x7fe5b39b9790>"}')
debug_merge_point(0, 0, '139<main.rpyeffect:139([#279])>+1: {"op": "Push". "target": 138. "args": {"any": [1. 2. 3]}}')
debug_merge_point(0, 0, '139<main.rpyeffect:139([#279])>+2: {"op": "Copy". "type": "any". "from": 4. "to". 1}')
debug_merge_point(0, 0, '139<main.rpyeffect:139([#279])>+3: {"op": "Jump". "target": 4}')
debug_merge_point(0, 0, '4<main.rpyeffect:4(Name(infixEq72))>+0: {"op": "PrimOp". "name": "infixEq(Int. Int): Boolean". "out": {"any": [0]}. "in": {"any": [0. 1]}}')
+704: i48 = int_eq(i46, 0)
debug_merge_point(0, 0, '4<main.rpyeffect:4(Name(infixEq72))>+1: {"op": "Return". "args": {"any": [0]}}')
debug_merge_point(0, 0, '138<main.rpyeffect:138([k@[#279]#284])>+0: {"op": "Swap". "type": "any". "a": 0. "b". 1}')
debug_merge_point(0, 0, '138<main.rpyeffect:138([k@[#279]#284])>+1: {"op": "Swap". "type": "any". "a": 3. "b". 1}')
debug_merge_point(0, 0, '138<main.rpyeffect:138([k@[#279]#284])>+2: {"op": "IfZero". "cond": 3. "then": {"tag": null. "target": 136. "args": {"any": []}}}')
+718: guard_false(i48, descr=<Guard0x7fe5b39c4de8>) [p2, p29, p7, p17, p19, i48, p41, p40, p42, p13, p1, p0]
debug_merge_point(0, 0, '136<main.rpyeffect:136([then#288])>+0: {"op": "Push". "target": 135. "args": {"any": [1]}}')
debug_merge_point(0, 0, '136<main.rpyeffect:136([then#288])>+1: {"op": "Copy". "type": "any". "from": 0. "to". 1}')
debug_merge_point(0, 0, '136<main.rpyeffect:136([then#288])>+2: {"op": "Copy". "type": "any". "from": 2. "to". 0}')
debug_merge_point(0, 0, '136<main.rpyeffect:136([then#288])>+3: {"op": "Invoke". "receiver": 1. "tag": Interned(Prime2825). "args" : {"any": [0]}}')
+727: p49 = getfield_gc_r(p29, descr=<FieldP rpyeffect.codata.CoData.inst_vtable 8 pure>)
+739: guard_value(p49, ConstPtr(ptr50), descr=<Guard0x7fe5b39d0f20>) [p2, p29, p7, p17, p19, i48, p41, p40, p42, p13, p1, p0]
+748: p51 = getfield_gc_r(p29, descr=<FieldP rpyeffect.stored_environment.CoData__3.inst_values_ptr_0 24 pure>)
+753: p52 = getfield_gc_r(p29, descr=<FieldP rpyeffect.stored_environment.CoData__3.inst_values_ptr_1 32 pure>)
+758: p53 = getfield_gc_r(p29, descr=<FieldP rpyeffect.stored_environment.CoData__3.inst_values_ptr_2 40 pure>)
debug_merge_point(0, 0, '140<main.rpyeffect:140([method_Prime2825@[k@[then#256]#258]#275])>+0: {"op": "Const". "type": "ptr". "out": 4. "format": "int". "value": "<IntValue object at 0x7fe5b39b9760>"}')
debug_merge_point(0, 0, '140<main.rpyeffect:140([method_Prime2825@[k@[then#256]#258]#275])>+1: {"op": "ShiftDyn". "out": 3. "n": 4. "label": 3}')
+763: guard_nonnull(p41, descr=<Guard0x7fe5b39d0f50>) [p2, p29, p7, p17, p19, i48, p41, p40, p42, p13, p1, p0]
+772: guard_nonnull(p53, descr=<Guard0x7fe5b39d0f80>) [p2, p29, p7, p17, p19, i48, p41, p40, p42, p13, p1, p0]
+781: i54 = getfield_gc_i(p41, descr=<FieldS rpyeffect.stack.Label.inst_origin 8 pure>)
+785: guard_value(i54, 147461, descr=<Guard0x7fe5b39d0fb0>) [p2, p29, p7, p17, p19, i48, p41, p40, p42, p13, p1, p0]
+798: i56 = getfield_gc_i(p53, descr=<FieldS rpyeffect.stack.Label.inst_origin 8 pure>)
+802: guard_value(i56, 147461, descr=<Guard0x7fe5b39d0fe0>) [p2, p29, p7, p17, p19, i48, p41, p40, p42, p13, p1, p0]
+815: i58 = instance_ptr_eq(p41, p53)
+818: guard_true(i58, descr=<Guard0x7fe5b39d1010>) [p2, p29, p7, p17, p19, i48, p41, p40, p42, p13, p1, p0]
+824: guard_nonnull_class(p42, 8697152, descr=<Guard0x7fe5b39c4e30>) [p2, p29, p7, p17, p19, i48, p41, p40, p42, p13, p1, p0]
+849: p60 = getfield_gc_r(p42, descr=<FieldP rpyeffect.stack.MetaStackLike.inst_stack 8 pure>)
+853: p61 = getfield_gc_r(p42, descr=<FieldP rpyeffect.stack.MetaStack.inst_label 16 pure>)
+857: p62 = getfield_gc_r(p42, descr=<FieldP rpyeffect.stack.MetaStack.inst_tail 32 pure>)
debug_merge_point(0, 0, '140<main.rpyeffect:140([method_Prime2825@[k@[then#256]#258]#275])>+2: {"op": "Push". "target": 139. "args": {"any": [1. 0. 3]}}')
+861: p63 = new_with_vtable(descr=<SizeDescr 40>)
+909: p64 = new_with_vtable(descr=<SizeDescr 40>)
+920: setfield_gc(p64, p1, descr=<FieldP rpyeffect.stored_environment.Stack__arb.inst_tail 8 pure>)
+931: setfield_gc(p64, 135, descr=<FieldS rpyeffect.stored_environment.Stack__arb.inst_target 16 pure>)
+939: setfield_gc(p64, p13, descr=<FieldP rpyeffect.stored_environment.Stack__1.inst_values_ptr_0 32 pure>)
+943: setfield_gc(p63, p64, descr=<FieldP rpyeffect.stack.MetaStackLike.inst_stack 8 pure>)
+947: setfield_gc(p63, p0, descr=<FieldP rpyeffect.stack.MetaStack.inst_label 16 pure>)
+958: setfield_gc(p63, ConstPtr(null), descr=<FieldP rpyeffect.stack.MetaStack.inst_tail 32 pure>)
+966: setfield_gc(p63, ConstPtr(null), descr=<FieldP rpyeffect.stack.MetaStack.inst_region 24 pure>)
+982: jump(p61, p60, p2, p62, p7, p51, p52, p40, p63, p41, p17, p19, i20, descr=TargetToken(140624537571744))
+1024: --end of the loop--
[63279cdef0b3] jit-log-opt-loop}
[63279cec4e52] {jit-log-opt-loop
# Loop 2 (125<main.rpyeffect:125(Name(resume2827))>+0: {"op": "PushStack", "arg": 1}) : loop with 52 ops
[p0, p1, p2, p3, p4]
+253: p5 = getfield_gc_r(p2, descr=<FieldP rpyeffect.environment.Environment.inst_values_ptr 16>)
+264: p7 = getarrayitem_gc_r(p5, 0, descr=<ArrayP 8>)
+268: p9 = getarrayitem_gc_r(p5, 1, descr=<ArrayP 8>)
+272: p11 = getarrayitem_gc_r(p5, 2, descr=<ArrayP 8>)
+276: p13 = getarrayitem_gc_r(p5, 3, descr=<ArrayP 8>)
+280: p15 = getarrayitem_gc_r(p5, 4, descr=<ArrayP 8>)
+284: p17 = getarrayitem_gc_r(p5, 5, descr=<ArrayP 8>)
+288: p19 = getarrayitem_gc_r(p5, 6, descr=<ArrayP 8>)
+292: label(p0, p1, p2, p3, p4, p7, p9, p11, p13, p15, p17, p19, descr=TargetToken(140624537571808))
debug_merge_point(0, 0, '125<main.rpyeffect:125(Name(resume2827))>+0: {"op": "PushStack". "arg": 1}')
+336: guard_not_invalidated(descr=<Guard0x7fe5b39c4e78>) [p2, p7, p9, p11, p13, p15, p17, p19, p0, p1, p3, p4]
+343: i21 = instance_ptr_eq(p4, ConstPtr(ptr20))
+350: guard_true(i21, descr=<Guard0x7fe5b39d1340>) [p2, p7, p9, p11, p13, p15, p17, p19, p0, p1, p3, p4]
+356: guard_nonnull_class(p9, 8697152, descr=<Guard0x7fe5b39c4ec0>) [p2, p7, p9, p11, p13, p15, p17, p19, p0, p1, p3, p4]
+374: p23 = getfield_gc_r(p9, descr=<FieldP rpyeffect.stack.MetaStack.inst_region 24 pure>)
+378: guard_isnull(p23, descr=<Guard0x7fe5b39d1370>) [p2, p7, p9, p11, p13, p15, p17, p19, p0, p1, p3, p4]
+387: p24 = getfield_gc_r(p9, descr=<FieldP rpyeffect.stack.MetaStackLike.inst_stack 8 pure>)
+391: p25 = getfield_gc_r(p9, descr=<FieldP rpyeffect.stack.MetaStack.inst_tail 32 pure>)
+395: guard_isnull(p25, descr=<Guard0x7fe5b39d13a0>) [p2, p7, p9, p11, p13, p15, p17, p19, p0, p1, p3, p4]
+404: p26 = getfield_gc_r(p9, descr=<FieldP rpyeffect.stack.MetaStack.inst_label 16 pure>)
debug_merge_point(0, 0, '125<main.rpyeffect:125(Name(resume2827))>+1: {"op": "Return". "args": {"any": [0]}}')
+408: guard_nonnull(p24, descr=<Guard0x7fe5b39d13d0>) [p2, p7, p9, p11, p13, p15, p17, p19, p0, p1, p3, p4]
+417: i27 = getfield_gc_i(p24, descr=<FieldS rpyeffect.stored_environment.Stack__arb.inst_target 16 pure>)
+421: guard_value(i27, 135, descr=<Guard0x7fe5b39d1400>) [p2, p7, p9, p11, p13, p15, p17, p19, p0, p1, p3, p4]
+434: p29 = getfield_gc_r(p24, descr=<FieldP rpyeffect.stored_environment.Stack__1.inst_values_ptr_0 32 pure>)
+438: p30 = getfield_gc_r(p24, descr=<FieldP rpyeffect.stored_environment.Stack__arb.inst_tail 8 pure>)
debug_merge_point(0, 0, '135<main.rpyeffect:135([k@[then#288]#290])>+0: {"op": "Jump". "target": 125}')
debug_merge_point(0, 0, '125<main.rpyeffect:125(Name(resume2827))>+0: {"op": "PushStack". "arg": 1}')
+442: label(p26, p30, p2, p1, p0, p3, p7, p29, p11, p13, p15, p17, p19, descr=TargetToken(140624537571872))
debug_merge_point(0, 0, '125<main.rpyeffect:125(Name(resume2827))>+0: {"op": "PushStack". "arg": 1}')
+464: guard_not_invalidated(descr=<Guard0x7fe5b39c4f08>) [p2, p7, p29, p11, p13, p15, p17, p19, p26, p30, p3, p0, p1]
+464: guard_nonnull_class(p29, 8697152, descr=<Guard0x7fe5b39c4f50>) [p2, p7, p29, p11, p13, p15, p17, p19, p26, p30, p3, p0, p1]
+482: p32 = getfield_gc_r(p29, descr=<FieldP rpyeffect.stack.MetaStack.inst_region 24 pure>)
+486: guard_isnull(p32, descr=<Guard0x7fe5b39d1430>) [p2, p7, p29, p11, p13, p15, p17, p19, p26, p30, p3, p0, p1]
+495: p33 = getfield_gc_r(p29, descr=<FieldP rpyeffect.stack.MetaStackLike.inst_stack 8 pure>)
+499: p34 = getfield_gc_r(p29, descr=<FieldP rpyeffect.stack.MetaStack.inst_tail 32 pure>)
+503: guard_isnull(p34, descr=<Guard0x7fe5b39d1460>) [p2, p7, p29, p11, p13, p15, p17, p19, p26, p30, p3, p0, p1]
+512: p35 = getfield_gc_r(p29, descr=<FieldP rpyeffect.stack.MetaStack.inst_label 16 pure>)
debug_merge_point(0, 0, '125<main.rpyeffect:125(Name(resume2827))>+1: {"op": "Return". "args": {"any": [0]}}')
+516: guard_nonnull(p33, descr=<Guard0x7fe5b39d1490>) [p2, p7, p29, p11, p13, p15, p17, p19, p26, p30, p3, p0, p1]
+525: i36 = getfield_gc_i(p33, descr=<FieldS rpyeffect.stored_environment.Stack__arb.inst_target 16 pure>)
+529: guard_value(i36, 135, descr=<Guard0x7fe5b39d14c0>) [p2, p7, p29, p11, p13, p15, p17, p19, p26, p30, p3, p0, p1]
+542: p38 = getfield_gc_r(p33, descr=<FieldP rpyeffect.stored_environment.Stack__1.inst_values_ptr_0 32 pure>)
+546: p39 = getfield_gc_r(p33, descr=<FieldP rpyeffect.stored_environment.Stack__arb.inst_tail 8 pure>)
debug_merge_point(0, 0, '135<main.rpyeffect:135([k@[then#288]#290])>+0: {"op": "Jump". "target": 125}')
debug_merge_point(0, 0, '125<main.rpyeffect:125(Name(resume2827))>+0: {"op": "PushStack". "arg": 1}')
+550: p40 = new_with_vtable(descr=<SizeDescr 40>)
+594: setfield_gc(p40, ConstPtr(null), descr=<FieldP rpyeffect.stack.MetaStack.inst_region 24 pure>)
+602: setfield_gc(p40, p1, descr=<FieldP rpyeffect.stack.MetaStackLike.inst_stack 8 pure>)
+613: setfield_gc(p40, p3, descr=<FieldP rpyeffect.stack.MetaStack.inst_tail 32 pure>)
+624: setfield_gc(p40, p0, descr=<FieldP rpyeffect.stack.MetaStack.inst_label 16 pure>)
+635: jump(p35, p39, p2, p30, p26, p40, p7, p38, p11, p13, p15, p17, p19, descr=TargetToken(140624537571872))
+704: --end of the loop--
[63279cee3a6a] jit-log-opt-loop}
[63279d187892] {jit-log-opt-bridge
# bridge out of Guard 0x7fe5b39d14c0 with 86 ops
[p0, p1, p2, p3, p4, p5, p6, p7, p8, p9, p10, p11, p12]
+158: guard_not_invalidated(descr=<Guard0x7fe5b39c4f98>) [p0, p1, p2, p3, p4, p5, p6, p7, p8, p9, p10, p11, p12]
+158: guard_nonnull_class(p2, 8697152, descr=<Guard0x7fe5b39c4fe0>) [p0, p1, p2, p3, p4, p5, p6, p7, p8, p9, p10, p11, p12]
+176: p14 = getfield_gc_r(p2, descr=<FieldP rpyeffect.stack.MetaStack.inst_region 24 pure>)
+180: guard_isnull(p14, descr=<Guard0x7fe5b39d1850>) [p0, p1, p2, p3, p4, p5, p6, p7, p8, p9, p10, p11, p12]
+189: p15 = getfield_gc_r(p2, descr=<FieldP rpyeffect.stack.MetaStackLike.inst_stack 8 pure>)
+193: p16 = getfield_gc_r(p2, descr=<FieldP rpyeffect.stack.MetaStack.inst_tail 32 pure>)
+197: guard_isnull(p16, descr=<Guard0x7fe5b39d1880>) [p0, p1, p2, p3, p4, p5, p6, p7, p8, p9, p10, p11, p12]
+206: p17 = getfield_gc_r(p2, descr=<FieldP rpyeffect.stack.MetaStack.inst_label 16 pure>)
debug_merge_point(0, 0, '125<main.rpyeffect:125(Name(resume2827))>+1: {"op": "Return". "args": {"any": [0]}}')
+210: guard_nonnull(p15, descr=<Guard0x7fe5b39d18b0>) [p0, p1, p2, p3, p4, p5, p6, p7, p8, p9, p10, p11, p12]
+219: i18 = getfield_gc_i(p15, descr=<FieldS rpyeffect.stored_environment.Stack__arb.inst_target 16 pure>)
+223: guard_value(i18, 144, descr=<Guard0x7fe5b39d18e0>) [p0, p1, p2, p3, p4, p5, p6, p7, p8, p9, p10, p11, p12]
+236: p20 = getfield_gc_r(p15, descr=<FieldP rpyeffect.stored_environment.Stack__4.inst_values_ptr_0 32 pure>)
+240: p21 = getfield_gc_r(p15, descr=<FieldP rpyeffect.stored_environment.Stack__4.inst_values_ptr_1 40 pure>)
+244: p22 = getfield_gc_r(p15, descr=<FieldP rpyeffect.stored_environment.Stack__4.inst_values_ptr_2 48 pure>)
+248: p23 = getfield_gc_r(p15, descr=<FieldP rpyeffect.stored_environment.Stack__4.inst_values_ptr_3 56 pure>)
+252: p24 = getfield_gc_r(p15, descr=<FieldP rpyeffect.stored_environment.Stack__arb.inst_tail 8 pure>)
debug_merge_point(0, 0, '144<main.rpyeffect:144([k@[then#256]#258])>+0: {"op": "Swap". "type": "any". "a": 3. "b". 4}')
debug_merge_point(0, 0, '144<main.rpyeffect:144([k@[then#256]#258])>+1: {"op": "Swap". "type": "any". "a": 1. "b". 4}')
debug_merge_point(0, 0, '144<main.rpyeffect:144([k@[then#256]#258])>+2: {"op": "Swap". "type": "any". "a": 0. "b". 4}')
debug_merge_point(0, 0, '144<main.rpyeffect:144([k@[then#256]#258])>+3: {"op": "Swap". "type": "any". "a": 2. "b". 4}')
debug_merge_point(0, 0, '144<main.rpyeffect:144([k@[then#256]#258])>+4: {"op": "IfZero". "cond": 2. "then": {"tag": null. "target": 130. "args": {"any": []}}}')
+256: guard_nonnull_class(p1, ConstClass(BoolValue), descr=<Guard0x7fe5b39c5028>) [p0, p1, p2, p3, p4, p5, p6, p7, p8, p9, p10, p11, p12]
+281: i26 = getfield_gc_i(p1, descr=<FieldU rpyeffect.value.BoolValue.inst_value 8 pure>)
+286: guard_false(i26, descr=<Guard0x7fe5b39d1910>) [p0, p1, p2, p3, p4, p5, p6, p7, p8, p9, p10, p11, p12]
debug_merge_point(0, 0, '130<main.rpyeffect:130([then#261])>+0: {"op": "Const". "type": "ptr". "out": 2. "format": "int". "value": "<IntValue object at 0x7fe5b39b98d0>"}')
debug_merge_point(0, 0, '130<main.rpyeffect:130([then#261])>+1: {"op": "Push". "target": 129. "args": {"any": [0. 4. 3]}}')
debug_merge_point(0, 0, '130<main.rpyeffect:130([then#261])>+2: {"op": "Copy". "type": "any". "from": 1. "to". 0}')
debug_merge_point(0, 0, '130<main.rpyeffect:130([then#261])>+3: {"op": "Copy". "type": "any". "from": 2. "to". 1}')
debug_merge_point(0, 0, '130<main.rpyeffect:130([then#261])>+4: {"op": "Jump". "target": 6}')
debug_merge_point(0, 0, '6<main.rpyeffect:6(Name(infixAdd96))>+0: {"op": "PrimOp". "name": "infixAdd(Int. Int): Int". "out": {"any": [0]}. "in": {"any": [0. 1]}}')
+295: i27 = getfield_gc_i(p22, descr=<FieldS rpyeffect.value.IntValue.inst_value 8 pure>)
+299: i29 = int_add(i27, 1)
debug_merge_point(0, 0, '6<main.rpyeffect:6(Name(infixAdd96))>+1: {"op": "Return". "args": {"any": [0]}}')
debug_merge_point(0, 0, '129<main.rpyeffect:129([k@[then#261]#265])>+0: {"op": "Swap". "type": "any". "a": 3. "b". 1}')
debug_merge_point(0, 0, '129<main.rpyeffect:129([k@[then#261]#265])>+1: {"op": "Jump". "target": 147}')
debug_merge_point(0, 0, '147<main.rpyeffect:147(Name(primes2820))>+0: {"op": "Push". "target": 146. "args": {"any": [3. 2. 0. 1]}}')
debug_merge_point(0, 0, '147<main.rpyeffect:147(Name(primes2820))>+1: {"op": "Jump". "target": 11}')
debug_merge_point(0, 0, '11<main.rpyeffect:11(Name(infixGte187))>+0: {"op": "PrimOp". "name": "infixGte(Int. Int): Boolean". "out": {"any": [0]}. "in": {"any": [0. 1]}}')
+303: i30 = getfield_gc_i(p23, descr=<FieldS rpyeffect.value.IntValue.inst_value 8 pure>)
+308: i31 = int_ge(i29, i30)
debug_merge_point(0, 0, '11<main.rpyeffect:11(Name(infixGte187))>+1: {"op": "Return". "args": {"any": [0]}}')
debug_merge_point(0, 0, '146<main.rpyeffect:146([k@Name(primes2820)#252])>+0: {"op": "Swap". "type": "any". "a": 1. "b". 4}')
debug_merge_point(0, 0, '146<main.rpyeffect:146([k@Name(primes2820)#252])>+1: {"op": "Swap". "type": "any". "a": 3. "b". 4}')
debug_merge_point(0, 0, '146<main.rpyeffect:146([k@Name(primes2820)#252])>+2: {"op": "Swap". "type": "any". "a": 0. "b". 4}')
debug_merge_point(0, 0, '146<main.rpyeffect:146([k@Name(primes2820)#252])>+3: {"op": "Swap". "type": "any". "a": 2. "b". 4}')
debug_merge_point(0, 0, '146<main.rpyeffect:146([k@Name(primes2820)#252])>+4: {"op": "IfZero". "cond": 2. "then": {"tag": null. "target": 145. "args": {"any": []}}}')
+311: guard_false(i31, descr=<Guard0x7fe5b39d1940>) [p0, p1, p2, p3, p4, p5, p6, p7, p8, p9, p10, p11, p12]
debug_merge_point(0, 0, '145<main.rpyeffect:145([then#256])>+0: {"op": "Push". "target": 144. "args": {"any": [3. 4. 0. 1]}}')
debug_merge_point(0, 0, '145<main.rpyeffect:145([then#256])>+1: {"op": "Invoke". "receiver": 3. "tag": Interned(Prime2825). "args" : {"any": [0]}}')
+317: p32 = getfield_gc_r(p20, descr=<FieldP rpyeffect.codata.CoData.inst_vtable 8 pure>)
+328: guard_value(p32, ConstPtr(ptr33), descr=<Guard0x7fe5b39d1970>) [p0, p1, p2, p3, p4, p5, p6, p7, p8, p9, p10, p11, p12]
+337: p34 = getfield_gc_r(p20, descr=<FieldP rpyeffect.stored_environment.CoData__3.inst_values_ptr_0 24 pure>)
+341: p35 = getfield_gc_r(p20, descr=<FieldP rpyeffect.stored_environment.CoData__3.inst_values_ptr_1 32 pure>)
+345: p36 = getfield_gc_r(p20, descr=<FieldP rpyeffect.stored_environment.CoData__3.inst_values_ptr_2 40 pure>)
debug_merge_point(0, 0, '140<main.rpyeffect:140([method_Prime2825@[k@[then#256]#258]#275])>+0: {"op": "Const". "type": "ptr". "out": 4. "format": "int". "value": "<IntValue object at 0x7fe5b39b9760>"}')
debug_merge_point(0, 0, '140<main.rpyeffect:140([method_Prime2825@[k@[then#256]#258]#275])>+1: {"op": "ShiftDyn". "out": 3. "n": 4. "label": 3}')
+349: guard_nonnull(p17, descr=<Guard0x7fe5b39d19a0>) [p0, p1, p2, p3, p4, p5, p6, p7, p8, p9, p10, p11, p12]
+358: guard_nonnull(p36, descr=<Guard0x7fe5b39d19d0>) [p0, p1, p2, p3, p4, p5, p6, p7, p8, p9, p10, p11, p12]
+367: i37 = getfield_gc_i(p17, descr=<FieldS rpyeffect.stack.Label.inst_origin 8 pure>)
+371: guard_value(i37, 147461, descr=<Guard0x7fe5b39d1a00>) [p0, p1, p2, p3, p4, p5, p6, p7, p8, p9, p10, p11, p12]
+384: i39 = getfield_gc_i(p36, descr=<FieldS rpyeffect.stack.Label.inst_origin 8 pure>)
+388: guard_value(i39, 147461, descr=<Guard0x7fe5b39d1a30>) [p0, p1, p2, p3, p4, p5, p6, p7, p8, p9, p10, p11, p12]
+401: i41 = instance_ptr_eq(p17, p36)
+404: guard_true(i41, descr=<Guard0x7fe5b39d1a60>) [p0, p1, p2, p3, p4, p5, p6, p7, p8, p9, p10, p11, p12]
debug_merge_point(0, 0, '140<main.rpyeffect:140([method_Prime2825@[k@[then#256]#258]#275])>+2: {"op": "Push". "target": 139. "args": {"any": [1. 0. 3]}}')
+410: p42 = new_with_vtable(descr=<SizeDescr 40>)
+454: p43 = new_with_vtable(descr=<SizeDescr 16>)
+465: p44 = new_with_vtable(descr=<SizeDescr 40>)
+476: p45 = new_with_vtable(descr=<SizeDescr 64>)
+487: setfield_gc(p45, p24, descr=<FieldP rpyeffect.stored_environment.Stack__arb.inst_tail 8 pure>)
+491: setfield_gc(p45, 144, descr=<FieldS rpyeffect.stored_environment.Stack__arb.inst_target 16 pure>)
+499: setfield_gc(p45, p20, descr=<FieldP rpyeffect.stored_environment.Stack__4.inst_values_ptr_0 32 pure>)
+503: setfield_gc(p45, p21, descr=<FieldP rpyeffect.stored_environment.Stack__4.inst_values_ptr_1 40 pure>)
+507: setfield_gc(p45, p43, descr=<FieldP rpyeffect.stored_environment.Stack__4.inst_values_ptr_2 48 pure>)
+511: setfield_gc(p45, p23, descr=<FieldP rpyeffect.stored_environment.Stack__4.inst_values_ptr_3 56 pure>)
+515: setfield_gc(p42, p12, descr=<FieldP rpyeffect.stack.MetaStackLike.inst_stack 8 pure>)
+526: setfield_gc(p42, p11, descr=<FieldP rpyeffect.stack.MetaStack.inst_label 16 pure>)
+537: setfield_gc(p42, ConstPtr(null), descr=<FieldP rpyeffect.stack.MetaStack.inst_region 24 pure>)
+545: setfield_gc(p42, p10, descr=<FieldP rpyeffect.stack.MetaStack.inst_tail 32 pure>)
+556: setfield_gc(p44, ConstPtr(null), descr=<FieldP rpyeffect.stack.MetaStack.inst_region 24 pure>)
+564: setfield_gc(p44, p45, descr=<FieldP rpyeffect.stack.MetaStackLike.inst_stack 8 pure>)
+568: setfield_gc(p44, ConstPtr(null), descr=<FieldP rpyeffect.stack.MetaStack.inst_tail 32 pure>)
+576: setfield_gc(p44, p17, descr=<FieldP rpyeffect.stack.MetaStack.inst_label 16 pure>)
+580: setfield_gc(p43, i29, descr=<FieldS rpyeffect.value.IntValue.inst_value 8 pure>)
+606: jump(p8, p9, p0, p42, ConstPtr(ptr50), p43, p34, p35, p44, ConstPtr(ptr51), p6, p7, descr=TargetToken(140624537571680))
+704: --end of the loop--
[63279d1b5749] jit-log-opt-bridge}
[63279d260ac2] {jit-log-opt-bridge
# bridge out of Guard 0x7fe5b39c4de8 with 17 ops
[p0, p1, p2, p3, p4, i5, p6, p7, p8, p9, p10, p11]
+62: guard_true(i5, descr=<Guard0x7fe5b39c5148>) [p0, p1, p2, p3, p4, i5, p6, p7, p8, p9, p10, p11]
+71: guard_not_invalidated(descr=<Guard0x7fe5b39e2cb0>) [p0, p1, p2, p3, p4, i5, p6, p7, p8, p9, p10, p11]
debug_merge_point(0, 0, '138<main.rpyeffect:138([k@[#279]#284])>+3: {"op": "Const". "type": "ptr". "out": 0. "format": "bool". "value": "<BoolValue object at 0x7fe5b39b97b0>"}')
debug_merge_point(0, 0, '138<main.rpyeffect:138([k@[#279]#284])>+4: {"op": "Jump". "target": 125}')
debug_merge_point(0, 0, '125<main.rpyeffect:125(Name(resume2827))>+0: {"op": "PushStack". "arg": 1}')
+71: p12 = new_with_vtable(descr=<SizeDescr 40>)
+112: p13 = new_with_vtable(descr=<SizeDescr 40>)
+123: setfield_gc(p13, p10, descr=<FieldP rpyeffect.stored_environment.Stack__arb.inst_tail 8 pure>)
+134: setfield_gc(p13, 135, descr=<FieldS rpyeffect.stored_environment.Stack__arb.inst_target 16 pure>)
+142: setfield_gc(p13, p9, descr=<FieldP rpyeffect.stored_environment.Stack__1.inst_values_ptr_0 32 pure>)
+146: p15 = new_with_vtable(descr=<SizeDescr 16>)
+158: setfield_gc(p12, p13, descr=<FieldP rpyeffect.stack.MetaStackLike.inst_stack 8 pure>)
+162: setfield_gc(p12, p11, descr=<FieldP rpyeffect.stack.MetaStack.inst_label 16 pure>)
+173: setfield_gc(p12, ConstPtr(null), descr=<FieldP rpyeffect.stack.MetaStack.inst_region 24 pure>)
+181: setfield_gc(p12, ConstPtr(null), descr=<FieldP rpyeffect.stack.MetaStack.inst_tail 32 pure>)
+189: setfield_gc(p15, 1, descr=<FieldU rpyeffect.value.BoolValue.inst_value 8 pure>)
+223: jump(p6, p7, p0, p8, ConstPtr(ptr19), ConstPtr(ptr20), p12, p2, p15, ConstPtr(ptr21), p3, p4, descr=TargetToken(140624537571808))
+352: --end of the loop--
[63279d26ada2] jit-log-opt-bridge}
[63279de0b9e6] {jit-log-opt-loop
# Loop 6 (6<main.rpyeffect:6(Name(infixAdd96))>+0: {"op": "PrimOp", "name": "infixAdd(Int, Int): Int", "out": {"any": [0]}, "in": {"any": [0, 1]}}) : loop with 36 ops
[p0, p1, p2, p3, p4]
+173: p5 = getfield_gc_r(p2, descr=<FieldP rpyeffect.environment.Environment.inst_values_ptr 16>)
+184: p7 = getarrayitem_gc_r(p5, 0, descr=<ArrayP 8>)
+188: p9 = getarrayitem_gc_r(p5, 1, descr=<ArrayP 8>)
+192: p11 = getarrayitem_gc_r(p5, 2, descr=<ArrayP 8>)
+196: p13 = getarrayitem_gc_r(p5, 3, descr=<ArrayP 8>)
+200: p15 = getarrayitem_gc_r(p5, 4, descr=<ArrayP 8>)
+204: p17 = getarrayitem_gc_r(p5, 5, descr=<ArrayP 8>)
+208: p19 = getarrayitem_gc_r(p5, 6, descr=<ArrayP 8>)
+212: label(p0, p1, p2, p3, p4, p7, p9, p11, p13, p15, p17, p19, descr=TargetToken(140624537574944))
+256: guard_not_invalidated(descr=<Guard0x7fe5b39c5190>) [p2, p7, p9, p11, p13, p15, p17, p19, p0, p1, p3, p4]
+256: i20 = getfield_gc_i(p7, descr=<FieldS rpyeffect.value.IntValue.inst_value 8 pure>)
+260: i21 = getfield_gc_i(p9, descr=<FieldS rpyeffect.value.IntValue.inst_value 8 pure>)
+264: i22 = int_add(i20, i21)
debug_merge_point(0, 0, '6<main.rpyeffect:6(Name(infixAdd96))>+1: {"op": "Return". "args": {"any": [0]}}')
+267: guard_nonnull(p1, descr=<Guard0x7fe5b3a00f80>) [p2, p7, p9, p11, p13, p15, p17, p19, p0, p1, p3, p4]
+281: i23 = getfield_gc_i(p1, descr=<FieldS rpyeffect.stored_environment.Stack__arb.inst_target 16 pure>)
+292: guard_value(i23, 143, descr=<Guard0x7fe5b3a00fb0>) [p2, p7, p9, p11, p13, p15, p17, p19, p0, p1, p3, p4]
+305: p25 = getfield_gc_r(p1, descr=<FieldP rpyeffect.stored_environment.Stack__4.inst_values_ptr_0 32 pure>)
+309: p26 = getfield_gc_r(p1, descr=<FieldP rpyeffect.stored_environment.Stack__4.inst_values_ptr_1 40 pure>)
+313: p27 = getfield_gc_r(p1, descr=<FieldP rpyeffect.stored_environment.Stack__4.inst_values_ptr_2 48 pure>)
+317: p28 = getfield_gc_r(p1, descr=<FieldP rpyeffect.stored_environment.Stack__4.inst_values_ptr_3 56 pure>)
+321: p29 = getfield_gc_r(p1, descr=<FieldP rpyeffect.stored_environment.Stack__arb.inst_tail 8 pure>)
debug_merge_point(0, 0, '143<main.rpyeffect:143([k@[k@[then#256]#258]#300])>+0: {"op": "Push". "target": 142. "args": {"any": [1. 4. 0]}}')
debug_merge_point(0, 0, '143<main.rpyeffect:143([k@[k@[then#256]#258]#300])>+1: {"op": "Copy". "type": "any". "from": 3. "to". 1}')
debug_merge_point(0, 0, '143<main.rpyeffect:143([k@[k@[then#256]#258]#300])>+2: {"op": "Copy". "type": "any". "from": 2. "to". 0}')
debug_merge_point(0, 0, '143<main.rpyeffect:143([k@[k@[then#256]#258]#300])>+3: {"op": "Jump". "target": 6}')
debug_merge_point(0, 0, '6<main.rpyeffect:6(Name(infixAdd96))>+0: {"op": "PrimOp". "name": "infixAdd(Int. Int): Int". "out": {"any": [0]}. "in": {"any": [0. 1]}}')
+325: p30 = new_with_vtable(descr=<SizeDescr 56>)
+369: p31 = new_with_vtable(descr=<SizeDescr 16>)
+380: setfield_gc(p31, i22, descr=<FieldS rpyeffect.value.IntValue.inst_value 8 pure>)
+384: setfield_gc(p30, 142, descr=<FieldS rpyeffect.stored_environment.Stack__arb.inst_target 16 pure>)
+392: setfield_gc(p30, p29, descr=<FieldP rpyeffect.stored_environment.Stack__arb.inst_tail 8 pure>)
+396: setfield_gc(p30, p25, descr=<FieldP rpyeffect.stored_environment.Stack__3.inst_values_ptr_0 32 pure>)
+400: setfield_gc(p30, p28, descr=<FieldP rpyeffect.stored_environment.Stack__3.inst_values_ptr_1 40 pure>)
+404: setfield_gc(p30, p31, descr=<FieldP rpyeffect.stored_environment.Stack__3.inst_values_ptr_2 48 pure>)
+416: jump(p0, p30, p2, p3, p4, p26, p27, p26, p27, p28, p17, p19, descr=TargetToken(140624537574944))
+464: --end of the loop--
[63279de1e4e6] jit-log-opt-loop}
[63279df4abb8] {jit-log-opt-bridge
# bridge out of Guard 0x7fe5b39d0f20 with 42 ops
[p0, p1, p2, p3, p4, i5, p6, p7, p8, p9, p10, p11]
+110: guard_false(i5, descr=<Guard0x7fe5b39c5268>) [p0, p1, p2, p3, p4, i5, p6, p7, p8, p9, p10, p11]
+119: guard_not_invalidated(descr=<Guard0x7fe5b3a01790>) [p0, p1, p2, p3, p4, i5, p6, p7, p8, p9, p10, p11]
debug_merge_point(0, 0, '136<main.rpyeffect:136([then#288])>+0: {"op": "Push". "target": 135. "args": {"any": [1]}}')
debug_merge_point(0, 0, '136<main.rpyeffect:136([then#288])>+1: {"op": "Copy". "type": "any". "from": 0. "to". 1}')
debug_merge_point(0, 0, '136<main.rpyeffect:136([then#288])>+2: {"op": "Copy". "type": "any". "from": 2. "to". 0}')
debug_merge_point(0, 0, '136<main.rpyeffect:136([then#288])>+3: {"op": "Invoke". "receiver": 1. "tag": Interned(Prime2825). "args" : {"any": [0]}}')
+119: p12 = getfield_gc_r(p1, descr=<FieldP rpyeffect.codata.CoData.inst_vtable 8 pure>)
+131: guard_value(p12, ConstPtr(ptr13), descr=<Guard0x7fe5b3a017c0>) [p0, p1, p2, p3, p4, i5, p6, p7, p8, p9, p10, p11]
+140: p14 = getfield_gc_r(p1, descr=<FieldP rpyeffect.stored_environment.CoData__1.inst_values_ptr_0 24 pure>)
debug_merge_point(0, 0, '152<main.rpyeffect:152([method_Prime2825@Name(run2822)#313])>+0: {"op": "Const". "type": "ptr". "out": 0. "format": "int". "value": "<IntValue object at 0x7fe5b39b9510>"}')
debug_merge_point(0, 0, '152<main.rpyeffect:152([method_Prime2825@Name(run2822)#313])>+1: {"op": "ShiftDyn". "out": 0. "n": 0. "label": 1}')
+145: guard_nonnull(p6, descr=<Guard0x7fe5b3a017f0>) [p0, p1, p2, p3, p4, i5, p6, p7, p8, p9, p10, p11]
+154: guard_nonnull(p14, descr=<Guard0x7fe5b3a01820>) [p0, p1, p2, p3, p4, i5, p6, p7, p8, p9, p10, p11]
+163: i15 = getfield_gc_i(p6, descr=<FieldS rpyeffect.stack.Label.inst_origin 8 pure>)
+167: guard_value(i15, 157696, descr=<Guard0x7fe5b3a01850>) [p0, p1, p2, p3, p4, i5, p6, p7, p8, p9, p10, p11]
+180: i17 = getfield_gc_i(p14, descr=<FieldS rpyeffect.stack.Label.inst_origin 8 pure>)
+184: guard_value(i17, 157696, descr=<Guard0x7fe5b3a01880>) [p0, p1, p2, p3, p4, i5, p6, p7, p8, p9, p10, p11]
+197: i19 = instance_ptr_eq(p6, p14)
+200: guard_true(i19, descr=<Guard0x7fe5b3a018b0>) [p0, p1, p2, p3, p4, i5, p6, p7, p8, p9, p10, p11]
+206: guard_nonnull_class(p8, 8697152, descr=<Guard0x7fe5b39c52b0>) [p0, p1, p2, p3, p4, i5, p6, p7, p8, p9, p10, p11]
+231: p21 = getfield_gc_r(p8, descr=<FieldP rpyeffect.stack.MetaStackLike.inst_stack 8 pure>)
+235: p22 = getfield_gc_r(p8, descr=<FieldP rpyeffect.stack.MetaStack.inst_label 16 pure>)
+239: p23 = getfield_gc_r(p8, descr=<FieldP rpyeffect.stack.MetaStack.inst_tail 32 pure>)
debug_merge_point(0, 0, '152<main.rpyeffect:152([method_Prime2825@Name(run2822)#313])>+2: {"op": "Const". "type": "ptr". "out": 1. "format": "bool". "value": "<BoolValue object at 0x7fe5b39b9500>"}')
debug_merge_point(0, 0, '152<main.rpyeffect:152([method_Prime2825@Name(run2822)#313])>+3: {"op": "Swap". "type": "any". "a": 0. "b". 1}')
debug_merge_point(0, 0, '152<main.rpyeffect:152([method_Prime2825@Name(run2822)#313])>+4: {"op": "Jump". "target": 148}')
debug_merge_point(0, 0, '148<main.rpyeffect:148(Name(resume2829))>+0: {"op": "PushStack". "arg": 1}')
debug_merge_point(0, 0, '148<main.rpyeffect:148(Name(resume2829))>+1: {"op": "Return". "args": {"any": [0]}}')
debug_merge_point(0, 0, '135<main.rpyeffect:135([k@[then#288]#290])>+0: {"op": "Jump". "target": 125}')
debug_merge_point(0, 0, '125<main.rpyeffect:125(Name(resume2827))>+0: {"op": "PushStack". "arg": 1}')
+243: p24 = new_with_vtable(descr=<SizeDescr 40>)
+284: p25 = new_with_vtable(descr=<SizeDescr 40>)
+295: setfield_gc(p25, p10, descr=<FieldP rpyeffect.stored_environment.Stack__arb.inst_tail 8 pure>)
+306: setfield_gc(p25, 135, descr=<FieldS rpyeffect.stored_environment.Stack__arb.inst_target 16 pure>)
+314: setfield_gc(p25, p9, descr=<FieldP rpyeffect.stored_environment.Stack__1.inst_values_ptr_0 32 pure>)
+318: p27 = new_with_vtable(descr=<SizeDescr 16>)
+330: setfield_gc(p24, p25, descr=<FieldP rpyeffect.stack.MetaStackLike.inst_stack 8 pure>)
+334: setfield_gc(p24, p11, descr=<FieldP rpyeffect.stack.MetaStack.inst_label 16 pure>)
+345: setfield_gc(p24, ConstPtr(null), descr=<FieldP rpyeffect.stack.MetaStack.inst_tail 32 pure>)
+353: setfield_gc(p24, ConstPtr(null), descr=<FieldP rpyeffect.stack.MetaStack.inst_region 24 pure>)
+361: setfield_gc(p27, 0, descr=<FieldU rpyeffect.value.BoolValue.inst_value 8 pure>)
+388: jump(p6, p7, p0, p21, p22, p23, ConstPtr(ptr31), p24, p2, p27, ConstPtr(ptr32), p3, p4, descr=TargetToken(140624537571872))
+512: --end of the loop--
[63279df6532a] jit-log-opt-bridge}
[63279fa99d1c] {jit-log-opt-bridge
# bridge out of Guard 0x7fe5b39d1910 with 76 ops
[p0, p1, p2, p3, p4, p5, p6, p7, p8, p9, p10, p11, p12]
+126: guard_not_invalidated(descr=<Guard0x7fe5b39c52f8>) [p0, p1, p2, p3, p4, p5, p6, p7, p8, p9, p10, p11, p12]
+126: guard_nonnull_class(p2, 8697152, descr=<Guard0x7fe5b39c5340>) [p0, p1, p2, p3, p4, p5, p6, p7, p8, p9, p10, p11, p12]
+144: p14 = getfield_gc_r(p2, descr=<FieldP rpyeffect.stack.MetaStack.inst_region 24 pure>)
+148: guard_isnull(p14, descr=<Guard0x7fe5b37e2140>) [p0, p1, p2, p3, p4, p5, p6, p7, p8, p9, p10, p11, p12]
+157: p15 = getfield_gc_r(p2, descr=<FieldP rpyeffect.stack.MetaStackLike.inst_stack 8 pure>)
+161: p16 = getfield_gc_r(p2, descr=<FieldP rpyeffect.stack.MetaStack.inst_tail 32 pure>)
+165: guard_isnull(p16, descr=<Guard0x7fe5b37e2170>) [p0, p1, p2, p3, p4, p5, p6, p7, p8, p9, p10, p11, p12]
+174: p17 = getfield_gc_r(p2, descr=<FieldP rpyeffect.stack.MetaStack.inst_label 16 pure>)
debug_merge_point(0, 0, '125<main.rpyeffect:125(Name(resume2827))>+1: {"op": "Return". "args": {"any": [0]}}')
+178: guard_nonnull(p15, descr=<Guard0x7fe5b37e21a0>) [p0, p1, p2, p3, p4, p5, p6, p7, p8, p9, p10, p11, p12]
+187: i18 = getfield_gc_i(p15, descr=<FieldS rpyeffect.stored_environment.Stack__arb.inst_target 16 pure>)
+191: guard_value(i18, 144, descr=<Guard0x7fe5b37e21d0>) [p0, p1, p2, p3, p4, p5, p6, p7, p8, p9, p10, p11, p12]
+204: p20 = getfield_gc_r(p15, descr=<FieldP rpyeffect.stored_environment.Stack__4.inst_values_ptr_0 32 pure>)
+208: p21 = getfield_gc_r(p15, descr=<FieldP rpyeffect.stored_environment.Stack__4.inst_values_ptr_1 40 pure>)
+212: p22 = getfield_gc_r(p15, descr=<FieldP rpyeffect.stored_environment.Stack__4.inst_values_ptr_2 48 pure>)
+216: p23 = getfield_gc_r(p15, descr=<FieldP rpyeffect.stored_environment.Stack__4.inst_values_ptr_3 56 pure>)
+220: p24 = getfield_gc_r(p15, descr=<FieldP rpyeffect.stored_environment.Stack__arb.inst_tail 8 pure>)
debug_merge_point(0, 0, '144<main.rpyeffect:144([k@[then#256]#258])>+0: {"op": "Swap". "type": "any". "a": 3. "b". 4}')
debug_merge_point(0, 0, '144<main.rpyeffect:144([k@[then#256]#258])>+1: {"op": "Swap". "type": "any". "a": 1. "b". 4}')
debug_merge_point(0, 0, '144<main.rpyeffect:144([k@[then#256]#258])>+2: {"op": "Swap". "type": "any". "a": 0. "b". 4}')
debug_merge_point(0, 0, '144<main.rpyeffect:144([k@[then#256]#258])>+3: {"op": "Swap". "type": "any". "a": 2. "b". 4}')
debug_merge_point(0, 0, '144<main.rpyeffect:144([k@[then#256]#258])>+4: {"op": "IfZero". "cond": 2. "then": {"tag": null. "target": 130. "args": {"any": []}}}')
+224: guard_nonnull_class(p1, ConstClass(BoolValue), descr=<Guard0x7fe5b39c5388>) [p0, p1, p2, p3, p4, p5, p6, p7, p8, p9, p10, p11, p12]
+242: i26 = getfield_gc_i(p1, descr=<FieldU rpyeffect.value.BoolValue.inst_value 8 pure>)
+247: guard_true(i26, descr=<Guard0x7fe5b37e2200>) [p0, p1, p2, p3, p4, p5, p6, p7, p8, p9, p10, p11, p12]
debug_merge_point(0, 0, '144<main.rpyeffect:144([k@[then#256]#258])>+5: {"op": "PrimOp". "name": "freshlabel". "out": {"any": [2]}. "in": {"any": []}}')
debug_merge_point(0, 0, '144<main.rpyeffect:144([k@[then#256]#258])>+6: {"op": "NewStack". "out": 5. "target": 132. "region": 6. "args": {"any": []}. "label": 2}')
debug_merge_point(0, 0, '144<main.rpyeffect:144([k@[then#256]#258])>+7: {"op": "PushStack". "arg": 5}')
debug_merge_point(0, 0, '144<main.rpyeffect:144([k@[then#256]#258])>+8: {"op": "New". "out": 0. "targets": [140]. "args": {"any": [0. 1. 2]}}')
debug_merge_point(0, 0, '144<main.rpyeffect:144([k@[then#256]#258])>+9: {"op": "Const". "type": "ptr". "out": 2. "format": "int". "value": "<IntValue object at 0x7fe5b39b9660>"}')
debug_merge_point(0, 0, '144<main.rpyeffect:144([k@[then#256]#258])>+10: {"op": "Push". "target": 143. "args": {"any": [0. 4. 1. 3]}}')
debug_merge_point(0, 0, '144<main.rpyeffect:144([k@[then#256]#258])>+11: {"op": "Copy". "type": "any". "from": 1. "to". 0}')
debug_merge_point(0, 0, '144<main.rpyeffect:144([k@[then#256]#258])>+12: {"op": "Copy". "type": "any". "from": 2. "to". 1}')
debug_merge_point(0, 0, '144<main.rpyeffect:144([k@[then#256]#258])>+13: {"op": "Jump". "target": 6}')
debug_merge_point(0, 0, '6<main.rpyeffect:6(Name(infixAdd96))>+0: {"op": "PrimOp". "name": "infixAdd(Int. Int): Int". "out": {"any": [0]}. "in": {"any": [0. 1]}}')
+256: p27 = new_with_vtable(descr=<SizeDescr 16>)
+300: p28 = new_with_vtable(descr=<SizeDescr 64>)
+311: p29 = new_with_vtable(descr=<SizeDescr 32>)
+322: setfield_gc(p29, ConstPtr(null), descr=<FieldP rpyeffect.stored_environment.Stack__arb.inst_tail 8 pure>)
+330: setfield_gc(p29, 132, descr=<FieldS rpyeffect.stored_environment.Stack__arb.inst_target 16 pure>)
+338: p32 = new_with_vtable(descr=<SizeDescr 48>)
+356: setfield_gc(p32, ConstPtr(ptr33), descr=<FieldP rpyeffect.codata.CoData.inst_vtable 8 pure>)
+360: setfield_gc(p32, p20, descr=<FieldP rpyeffect.stored_environment.CoData__3.inst_values_ptr_0 24 pure>)
+364: setfield_gc(p32, p22, descr=<FieldP rpyeffect.stored_environment.CoData__3.inst_values_ptr_1 32 pure>)
+368: setfield_gc(p32, p27, descr=<FieldP rpyeffect.stored_environment.CoData__3.inst_values_ptr_2 40 pure>)
+372: p34 = new_with_vtable(descr=<SizeDescr 40>)
+383: p35 = new_with_vtable(descr=<SizeDescr 40>)
+394: setfield_gc(p35, p9, descr=<FieldP rpyeffect.stack.MetaStackLike.inst_stack 8 pure>)
+405: setfield_gc(p35, p8, descr=<FieldP rpyeffect.stack.MetaStack.inst_label 16 pure>)
+416: setfield_gc(p35, ConstPtr(null), descr=<FieldP rpyeffect.stack.MetaStack.inst_region 24 pure>)
+424: p37 = new_with_vtable(descr=<SizeDescr 40>)
+435: setfield_gc(p37, p12, descr=<FieldP rpyeffect.stack.MetaStackLike.inst_stack 8 pure>)
+446: setfield_gc(p37, p11, descr=<FieldP rpyeffect.stack.MetaStack.inst_label 16 pure>)
+457: setfield_gc(p37, ConstPtr(null), descr=<FieldP rpyeffect.stack.MetaStack.inst_region 24 pure>)
+465: setfield_gc(p37, p10, descr=<FieldP rpyeffect.stack.MetaStack.inst_tail 32 pure>)
+476: setfield_gc(p35, p37, descr=<FieldP rpyeffect.stack.MetaStack.inst_tail 32 pure>)
+480: p39 = new_with_vtable(descr=<SizeDescr 40>)
+491: setfield_gc(p34, p24, descr=<FieldP rpyeffect.stack.MetaStackLike.inst_stack 8 pure>)
+495: setfield_gc(p34, p17, descr=<FieldP rpyeffect.stack.MetaStack.inst_label 16 pure>)
+499: p40 = new_with_vtable(descr=<SizeDescr 24>)
+517: setfield_gc(p40, ConstPtr(ptr41), descr=<FieldP rpyeffect.region.Region.inst_boxes 8 pure>)
+528: setfield_gc(p40, ConstPtr(ptr42), descr=<FieldP rpyeffect.region.Region.inst_refs 16>)
+532: setfield_gc(p34, ConstPtr(null), descr=<FieldP rpyeffect.stack.MetaStack.inst_region 24 pure>)
+540: setfield_gc(p34, p35, descr=<FieldP rpyeffect.stack.MetaStack.inst_tail 32 pure>)
+544: setfield_gc(p39, p40, descr=<FieldP rpyeffect.stack.MetaStack.inst_region 24 pure>)
+548: setfield_gc(p39, p29, descr=<FieldP rpyeffect.stack.MetaStackLike.inst_stack 8 pure>)
+552: setfield_gc(p39, ConstPtr(null), descr=<FieldP rpyeffect.stack.MetaStack.inst_tail 32 pure>)
+560: setfield_gc(p39, p27, descr=<FieldP rpyeffect.stack.MetaStack.inst_label 16 pure>)
+564: setfield_gc(p28, 143, descr=<FieldS rpyeffect.stored_environment.Stack__arb.inst_target 16 pure>)
+572: setfield_gc(p28, p32, descr=<FieldP rpyeffect.stored_environment.Stack__4.inst_values_ptr_0 32 pure>)
+576: setfield_gc(p28, p21, descr=<FieldP rpyeffect.stored_environment.Stack__4.inst_values_ptr_1 40 pure>)
+580: setfield_gc(p28, p22, descr=<FieldP rpyeffect.stored_environment.Stack__4.inst_values_ptr_2 48 pure>)
+584: setfield_gc(p28, p23, descr=<FieldP rpyeffect.stored_environment.Stack__4.inst_values_ptr_3 56 pure>)
+588: setfield_gc(p28, p29, descr=<FieldP rpyeffect.stored_environment.Stack__arb.inst_tail 8 pure>)
+592: setfield_gc(p27, 147461, descr=<FieldS rpyeffect.stack.Label.inst_origin 8 pure>)
+638: jump(p27, p28, p0, p34, ConstPtr(ptr47), p22, ConstPtr(ptr48), ConstPtr(ptr48), p23, p21, p39, p40, descr=TargetToken(140624537574944))
+720: --end of the loop--
[63279fac437c] jit-log-opt-bridge}
[63279fc74d09] {jit-log-opt-bridge
# bridge out of Guard 0x7fe5b3a00fb0 with 68 ops
[p0, p1, p2, p3, p4, p5, p6, p7, p8, p9, p10, p11]
+142: guard_not_invalidated(descr=<Guard0x7fe5b39c53d0>) [p0, p1, p2, p3, p4, p5, p6, p7, p8, p9, p10, p11]
+142: i12 = getfield_gc_i(p1, descr=<FieldS rpyeffect.value.IntValue.inst_value 8 pure>)
+146: i13 = getfield_gc_i(p2, descr=<FieldS rpyeffect.value.IntValue.inst_value 8 pure>)
+150: i14 = int_add(i12, i13)
debug_merge_point(0, 0, '6<main.rpyeffect:6(Name(infixAdd96))>+1: {"op": "Return". "args": {"any": [0]}}')
+153: guard_nonnull(p9, descr=<Guard0x7fe5b37e26e0>) [p0, p1, p2, p3, p4, p5, p6, p7, p8, p9, p10, p11]
+162: i15 = getfield_gc_i(p9, descr=<FieldS rpyeffect.stored_environment.Stack__arb.inst_target 16 pure>)
+166: guard_value(i15, 142, descr=<Guard0x7fe5b37e2710>) [p0, p1, p2, p3, p4, p5, p6, p7, p8, p9, p10, p11]
+179: p17 = getfield_gc_r(p9, descr=<FieldP rpyeffect.stored_environment.Stack__3.inst_values_ptr_0 32 pure>)
+183: p18 = getfield_gc_r(p9, descr=<FieldP rpyeffect.stored_environment.Stack__3.inst_values_ptr_1 40 pure>)
+187: p19 = getfield_gc_r(p9, descr=<FieldP rpyeffect.stored_environment.Stack__3.inst_values_ptr_2 48 pure>)
+191: p20 = getfield_gc_r(p9, descr=<FieldP rpyeffect.stored_environment.Stack__arb.inst_tail 8 pure>)
debug_merge_point(0, 0, '142<main.rpyeffect:142([k@[k@[k@[then#256]#258]#300]#303])>+0: {"op": "Swap". "type": "any". "a": 3. "b". 1}')
debug_merge_point(0, 0, '142<main.rpyeffect:142([k@[k@[k@[then#256]#258]#300]#303])>+1: {"op": "Swap". "type": "any". "a": 0. "b". 1}')
debug_merge_point(0, 0, '142<main.rpyeffect:142([k@[k@[k@[then#256]#258]#300]#303])>+2: {"op": "Swap". "type": "any". "a": 2. "b". 1}')
debug_merge_point(0, 0, '142<main.rpyeffect:142([k@[k@[k@[then#256]#258]#300]#303])>+3: {"op": "Jump". "target": 147}')
debug_merge_point(0, 0, '147<main.rpyeffect:147(Name(primes2820))>+0: {"op": "Push". "target": 146. "args": {"any": [3. 2. 0. 1]}}')
debug_merge_point(0, 0, '147<main.rpyeffect:147(Name(primes2820))>+1: {"op": "Jump". "target": 11}')
debug_merge_point(0, 0, '11<main.rpyeffect:11(Name(infixGte187))>+0: {"op": "PrimOp". "name": "infixGte(Int. Int): Boolean". "out": {"any": [0]}. "in": {"any": [0. 1]}}')
+195: i21 = getfield_gc_i(p19, descr=<FieldS rpyeffect.value.IntValue.inst_value 8 pure>)
+200: i22 = getfield_gc_i(p18, descr=<FieldS rpyeffect.value.IntValue.inst_value 8 pure>)
+204: i23 = int_ge(i21, i22)
debug_merge_point(0, 0, '11<main.rpyeffect:11(Name(infixGte187))>+1: {"op": "Return". "args": {"any": [0]}}')
debug_merge_point(0, 0, '146<main.rpyeffect:146([k@Name(primes2820)#252])>+0: {"op": "Swap". "type": "any". "a": 1. "b". 4}')
debug_merge_point(0, 0, '146<main.rpyeffect:146([k@Name(primes2820)#252])>+1: {"op": "Swap". "type": "any". "a": 3. "b". 4}')
debug_merge_point(0, 0, '146<main.rpyeffect:146([k@Name(primes2820)#252])>+2: {"op": "Swap". "type": "any". "a": 0. "b". 4}')
debug_merge_point(0, 0, '146<main.rpyeffect:146([k@Name(primes2820)#252])>+3: {"op": "Swap". "type": "any". "a": 2. "b". 4}')
debug_merge_point(0, 0, '146<main.rpyeffect:146([k@Name(primes2820)#252])>+4: {"op": "IfZero". "cond": 2. "then": {"tag": null. "target": 145. "args": {"any": []}}}')
+207: guard_false(i23, descr=<Guard0x7fe5b37e2740>) [p0, p1, p2, p3, p4, p5, p6, p7, p8, p9, p10, p11]
debug_merge_point(0, 0, '145<main.rpyeffect:145([then#256])>+0: {"op": "Push". "target": 144. "args": {"any": [3. 4. 0. 1]}}')
debug_merge_point(0, 0, '145<main.rpyeffect:145([then#256])>+1: {"op": "Invoke". "receiver": 3. "tag": Interned(Prime2825). "args" : {"any": [0]}}')
+213: p24 = getfield_gc_r(p17, descr=<FieldP rpyeffect.codata.CoData.inst_vtable 8 pure>)
+224: guard_value(p24, ConstPtr(ptr25), descr=<Guard0x7fe5b37e2770>) [p0, p1, p2, p3, p4, p5, p6, p7, p8, p9, p10, p11]
+233: p26 = getfield_gc_r(p17, descr=<FieldP rpyeffect.stored_environment.CoData__3.inst_values_ptr_0 24 pure>)
+237: p27 = getfield_gc_r(p17, descr=<FieldP rpyeffect.stored_environment.CoData__3.inst_values_ptr_1 32 pure>)
+241: p28 = getfield_gc_r(p17, descr=<FieldP rpyeffect.stored_environment.CoData__3.inst_values_ptr_2 40 pure>)
debug_merge_point(0, 0, '140<main.rpyeffect:140([method_Prime2825@[k@[then#256]#258]#275])>+0: {"op": "Const". "type": "ptr". "out": 4. "format": "int". "value": "<IntValue object at 0x7fe5b39b9760>"}')
debug_merge_point(0, 0, '140<main.rpyeffect:140([method_Prime2825@[k@[then#256]#258]#275])>+1: {"op": "ShiftDyn". "out": 3. "n": 4. "label": 3}')
+252: i30 = instance_ptr_eq(p11, ConstPtr(ptr29))
+259: guard_true(i30, descr=<Guard0x7fe5b37e27a0>) [p0, p1, p2, p3, p4, p5, p6, p7, p8, p9, p10, p11]
+265: guard_nonnull(p8, descr=<Guard0x7fe5b37e27d0>) [p0, p1, p2, p3, p4, p5, p6, p7, p8, p9, p10, p11]
+279: guard_nonnull(p28, descr=<Guard0x7fe5b37e2800>) [p0, p1, p2, p3, p4, p5, p6, p7, p8, p9, p10, p11]
+288: i31 = getfield_gc_i(p8, descr=<FieldS rpyeffect.stack.Label.inst_origin 8 pure>)
+306: guard_value(i31, 147461, descr=<Guard0x7fe5b37e2830>) [p0, p1, p2, p3, p4, p5, p6, p7, p8, p9, p10, p11]
+319: i33 = getfield_gc_i(p28, descr=<FieldS rpyeffect.stack.Label.inst_origin 8 pure>)
+323: guard_value(i33, 147461, descr=<Guard0x7fe5b37e2860>) [p0, p1, p2, p3, p4, p5, p6, p7, p8, p9, p10, p11]
+336: i35 = instance_ptr_eq(p8, p28)
+339: guard_true(i35, descr=<Guard0x7fe5b37e2890>) [p0, p1, p2, p3, p4, p5, p6, p7, p8, p9, p10, p11]
+345: guard_nonnull_class(p10, 8697152, descr=<Guard0x7fe5b39c5418>) [p0, p1, p2, p3, p4, p5, p6, p7, p8, p9, p10, p11]
+370: p37 = getfield_gc_r(p10, descr=<FieldP rpyeffect.stack.MetaStackLike.inst_stack 8 pure>)
+374: p38 = getfield_gc_r(p10, descr=<FieldP rpyeffect.stack.MetaStack.inst_label 16 pure>)
+378: p39 = getfield_gc_r(p10, descr=<FieldP rpyeffect.stack.MetaStack.inst_tail 32 pure>)
debug_merge_point(0, 0, '140<main.rpyeffect:140([method_Prime2825@[k@[then#256]#258]#275])>+2: {"op": "Push". "target": 139. "args": {"any": [1. 0. 3]}}')
+382: p40 = new_with_vtable(descr=<SizeDescr 40>)
+430: p41 = new_with_vtable(descr=<SizeDescr 64>)
+441: setfield_gc(p41, p20, descr=<FieldP rpyeffect.stored_environment.Stack__arb.inst_tail 8 pure>)
+445: setfield_gc(p41, 144, descr=<FieldS rpyeffect.stored_environment.Stack__arb.inst_target 16 pure>)
+453: setfield_gc(p41, p17, descr=<FieldP rpyeffect.stored_environment.Stack__4.inst_values_ptr_0 32 pure>)
+457: p43 = new_with_vtable(descr=<SizeDescr 16>)
+468: setfield_gc(p43, i14, descr=<FieldS rpyeffect.value.IntValue.inst_value 8 pure>)
+472: setfield_gc(p41, p43, descr=<FieldP rpyeffect.stored_environment.Stack__4.inst_values_ptr_1 40 pure>)
+476: setfield_gc(p41, p19, descr=<FieldP rpyeffect.stored_environment.Stack__4.inst_values_ptr_2 48 pure>)
+480: setfield_gc(p41, p18, descr=<FieldP rpyeffect.stored_environment.Stack__4.inst_values_ptr_3 56 pure>)
+484: setfield_gc(p40, p41, descr=<FieldP rpyeffect.stack.MetaStackLike.inst_stack 8 pure>)
+488: setfield_gc(p40, p8, descr=<FieldP rpyeffect.stack.MetaStack.inst_label 16 pure>)
+492: setfield_gc(p40, ConstPtr(null), descr=<FieldP rpyeffect.stack.MetaStack.inst_tail 32 pure>)
+500: setfield_gc(p40, ConstPtr(null), descr=<FieldP rpyeffect.stack.MetaStack.inst_region 24 pure>)
+523: jump(p38, p37, p0, p39, ConstPtr(ptr46), p19, p26, p27, p40, ConstPtr(ptr47), p6, p7, descr=TargetToken(140624537571680))
+608: --end of the loop--
[63279fc99c8d] jit-log-opt-bridge}
[632a1c97744f] {jit-log-opt-loop
# Loop 10 (132<main.rpyeffect:132([return_clause@[k@[then#256]#258]#273])>+0: {"op": "Return", "args": {"any": [0]}}) : loop with 35 ops
[p0, p1, p2, p3, p4]
+221: p5 = getfield_gc_r(p2, descr=<FieldP rpyeffect.environment.Environment.inst_values_ptr 16>)
+232: p7 = getarrayitem_gc_r(p5, 0, descr=<ArrayP 8>)
+236: p9 = getarrayitem_gc_r(p5, 1, descr=<ArrayP 8>)
+240: p11 = getarrayitem_gc_r(p5, 2, descr=<ArrayP 8>)
+244: p13 = getarrayitem_gc_r(p5, 3, descr=<ArrayP 8>)
+248: p15 = getarrayitem_gc_r(p5, 4, descr=<ArrayP 8>)
+252: p17 = getarrayitem_gc_r(p5, 5, descr=<ArrayP 8>)
+256: p19 = getarrayitem_gc_r(p5, 6, descr=<ArrayP 8>)
+260: label(p0, p1, p2, p3, p4, p7, p9, p11, p13, p15, p17, p19, descr=TargetToken(140624536029280))
debug_merge_point(0, 0, '132<main.rpyeffect:132([return_clause@[k@[then#256]#258]#273])>+0: {"op": "Return". "args": {"any": [0]}}')
+320: guard_not_invalidated(descr=<Guard0x7fe5b39c51d8>) [p2, p7, p9, p11, p13, p15, p17, p19, p0, p1, p3, p4]
+320: guard_isnull(p1, descr=<Guard0x7fe5b1878440>) [p2, p7, p9, p11, p13, p15, p17, p19, p0, p1, p3, p4]
+334: guard_nonnull_class(p3, 8697152, descr=<Guard0x7fe5b39c5460>) [p2, p7, p9, p11, p13, p15, p17, p19, p0, p1, p3, p4]
+360: p21 = getfield_gc_r(p3, descr=<FieldP rpyeffect.stack.MetaStackLike.inst_stack 8 pure>)
+364: p22 = getfield_gc_r(p3, descr=<FieldP rpyeffect.stack.MetaStack.inst_label 16 pure>)
+368: p23 = getfield_gc_r(p3, descr=<FieldP rpyeffect.stack.MetaStack.inst_tail 32 pure>)
+372: guard_nonnull_class(p21, ConstClass(Stack__0), descr=<Guard0x7fe5b39c54a8>) [p2, p7, p9, p11, p13, p15, p17, p19, p0, p1, p3, p4]
+391: i25 = getfield_gc_i(p21, descr=<FieldS rpyeffect.stored_environment.Stack__arb.inst_target 16 pure>)
+395: guard_value(i25, 132, descr=<Guard0x7fe5b1878470>) [p2, p7, p9, p11, p13, p15, p17, p19, p0, p1, p3, p4]
+408: p27 = getfield_gc_r(p21, descr=<FieldP rpyeffect.stored_environment.Stack__arb.inst_tail 8 pure>)
debug_merge_point(0, 0, '132<main.rpyeffect:132([return_clause@[k@[then#256]#258]#273])>+0: {"op": "Return". "args": {"any": [0]}}')
+412: label(p22, p27, p2, p23, p7, p9, p11, p13, p15, p17, p19, descr=TargetToken(140624536029344))
debug_merge_point(0, 0, '132<main.rpyeffect:132([return_clause@[k@[then#256]#258]#273])>+0: {"op": "Return". "args": {"any": [0]}}')
+432: guard_not_invalidated(descr=<Guard0x7fe5b39c54f0>) [p2, p7, p9, p11, p13, p15, p17, p19, p22, p27, p23]
+432: guard_isnull(p27, descr=<Guard0x7fe5b18784a0>) [p2, p7, p9, p11, p13, p15, p17, p19, p22, p27, p23]
+441: guard_nonnull_class(p23, 8697152, descr=<Guard0x7fe5b39c5538>) [p2, p7, p9, p11, p13, p15, p17, p19, p22, p27, p23]
+459: p29 = getfield_gc_r(p23, descr=<FieldP rpyeffect.stack.MetaStackLike.inst_stack 8 pure>)
+463: p30 = getfield_gc_r(p23, descr=<FieldP rpyeffect.stack.MetaStack.inst_label 16 pure>)
+467: p31 = getfield_gc_r(p23, descr=<FieldP rpyeffect.stack.MetaStack.inst_tail 32 pure>)
+471: guard_nonnull_class(p29, ConstClass(Stack__0), descr=<Guard0x7fe5b39c5580>) [p2, p7, p9, p11, p13, p15, p17, p19, p22, p27, p23]
+490: i33 = getfield_gc_i(p29, descr=<FieldS rpyeffect.stored_environment.Stack__arb.inst_target 16 pure>)
+494: guard_value(i33, 132, descr=<Guard0x7fe5b18784d0>) [p2, p7, p9, p11, p13, p15, p17, p19, p22, p27, p23]
+507: p35 = getfield_gc_r(p29, descr=<FieldP rpyeffect.stored_environment.Stack__arb.inst_tail 8 pure>)
debug_merge_point(0, 0, '132<main.rpyeffect:132([return_clause@[k@[then#256]#258]#273])>+0: {"op": "Return". "args": {"any": [0]}}')
+511: jump(p30, p35, p2, p31, p7, p9, p11, p13, p15, p17, p19, descr=TargetToken(140624536029344))
+528: --end of the loop--
[632a1c98eda9] jit-log-opt-loop}
[632a1c9c6b41] {jit-summary
Tracing:      	9	0.003533
Backend:      	9	0.001253
TOTAL:      		5.389206
ops:             	5144
heapcached ops:  	953
recorded ops:    	1223
  calls:         	304
guards:          	184
opt ops:         	523
opt guards:      	111
opt guards shared:	81
forcings:        	0
abort: trace too long:	0
abort: compiling:	0
abort: vable escape:	0
abort: bad loop: 	0
abort: force quasi-immut:	0
abort: segmenting trace:	0
virtualizables forced:	0
nvirtuals:       	15
nvholes:         	0
nvreused:        	2
vecopt tried:    	0
vecopt success:  	0
Total # of loops:	4
Total # of bridges:	5
Freed # of loops:	0
Freed # of bridges:	0
[632a1c9cc462] jit-summary}
