[623ab9d77413] {jit-log-opt-loop
# Loop 1 (141<main.rpyeffect:141(Name(parse2827))>+0: {"op": "Push", "target": 140, "args": {"any": [2, 1, 3, 0]}}) : loop with 195 ops
[p0, p1, p2, p3, p4]
+349: p5 = getfield_gc_r(p2, descr=<FieldP rpyeffect.environment.Environment.inst_values_ptr 16>)
+360: p7 = getarrayitem_gc_r(p5, 0, descr=<ArrayP 8>)
+364: p9 = getarrayitem_gc_r(p5, 1, descr=<ArrayP 8>)
+368: p11 = getarrayitem_gc_r(p5, 2, descr=<ArrayP 8>)
+372: p13 = getarrayitem_gc_r(p5, 3, descr=<ArrayP 8>)
+376: p15 = getarrayitem_gc_r(p5, 4, descr=<ArrayP 8>)
+380: p17 = getarrayitem_gc_r(p5, 5, descr=<ArrayP 8>)
+384: p19 = getarrayitem_gc_r(p5, 6, descr=<ArrayP 8>)
+388: p21 = getarrayitem_gc_r(p5, 7, descr=<ArrayP 8>)
+392: label(p0, p1, p2, p3, p4, p7, p9, p11, p13, p15, p17, p19, p21, descr=TargetToken(140190800451104))
debug_merge_point(0, 0, '141<main.rpyeffect:141(Name(parse2827))>+0: {"op": "Push". "target": 140. "args": {"any": [2. 1. 3. 0]}}')
+448: guard_not_invalidated(descr=<Guard0x7f80b6dd0fe0>) [p2, p7, p9, p11, p13, p15, p17, p19, p21, p0, p1, p3, p4]
debug_merge_point(0, 0, '141<main.rpyeffect:141(Name(parse2827))>+1: {"op": "Invoke". "receiver": 1. "tag": Interned(Read2838). "args" : {"any": []}}')
+448: p22 = getfield_gc_r(p9, descr=<FieldP rpyeffect.codata.CoData.inst_vtable 8 pure>)
+459: guard_value(p22, ConstPtr(ptr23), descr=<Guard0x7f80b6ddf7f0>) [p2, p7, p9, p11, p13, p15, p17, p19, p21, p0, p1, p3, p4]
+468: p24 = getfield_gc_r(p9, descr=<FieldP rpyeffect.stored_environment.CoData__5.inst_values_ptr_0 24 pure>)
+468: p25 = getfield_gc_r(p9, descr=<FieldP rpyeffect.stored_environment.CoData__5.inst_values_ptr_1 32 pure>)
+472: p26 = getfield_gc_r(p9, descr=<FieldP rpyeffect.stored_environment.CoData__5.inst_values_ptr_2 40 pure>)
+476: p27 = getfield_gc_r(p9, descr=<FieldP rpyeffect.stored_environment.CoData__5.inst_values_ptr_3 48 pure>)
+480: p28 = getfield_gc_r(p9, descr=<FieldP rpyeffect.stored_environment.CoData__5.inst_values_ptr_4 56 pure>)
debug_merge_point(0, 0, '176<main.rpyeffect:176([method_Read2838@Name(feed2834)#338])>+0: {"op": "Const". "type": "ptr". "out": 5. "format": "int". "value": "<IntValue object at 0x7f80b6de2090>"}')
debug_merge_point(0, 0, '176<main.rpyeffect:176([method_Read2838@Name(feed2834)#338])>+1: {"op": "ShiftDyn". "out": 4. "n": 5. "label": 4}')
+491: i30 = instance_ptr_eq(p4, ConstPtr(ptr29))
+498: guard_true(i30, descr=<Guard0x7f80b6ddf820>) [p2, p7, p9, p11, p13, p15, p17, p19, p21, p0, p1, p3, p4]
+504: guard_nonnull(p0, descr=<Guard0x7f80b6ddf850>) [p2, p7, p9, p11, p13, p15, p17, p19, p21, p0, p1, p3, p4]
+518: guard_nonnull(p28, descr=<Guard0x7f80b6ddf880>) [p2, p7, p9, p11, p13, p15, p17, p19, p21, p0, p1, p3, p4]
+527: i31 = getfield_gc_i(p0, descr=<FieldS rpyeffect.stack.Label.inst_origin 8 pure>)
+538: guard_value(i31, 182282, descr=<Guard0x7f80b6ddf8b0>) [p2, p7, p9, p11, p13, p15, p17, p19, p21, p0, p1, p3, p4]
+551: i33 = getfield_gc_i(p28, descr=<FieldS rpyeffect.stack.Label.inst_origin 8 pure>)
+555: guard_value(i33, 182282, descr=<Guard0x7f80b6ddf8e0>) [p2, p7, p9, p11, p13, p15, p17, p19, p21, p0, p1, p3, p4]
+568: i35 = instance_ptr_eq(p0, p28)
+571: guard_true(i35, descr=<Guard0x7f80b6ddf910>) [p2, p7, p9, p11, p13, p15, p17, p19, p21, p0, p1, p3, p4]
+577: guard_nonnull_class(p3, 8701856, descr=<Guard0x7f80b6dd1028>) [p2, p7, p9, p11, p13, p15, p17, p19, p21, p0, p1, p3, p4]
+602: p37 = getfield_gc_r(p3, descr=<FieldP rpyeffect.stack.MetaStackLike.inst_stack 8 pure>)
+606: p38 = getfield_gc_r(p3, descr=<FieldP rpyeffect.stack.MetaStack.inst_label 16 pure>)
+610: p39 = getfield_gc_r(p3, descr=<FieldP rpyeffect.stack.MetaStack.inst_tail 32 pure>)
+614: guard_nonnull(p37, descr=<Guard0x7f80b6ddf940>) [p2, p7, p9, p11, p13, p15, p17, p19, p21, p0, p1, p3, p4]
+623: p40 = getfield_gc_r(p37, descr=<FieldP rpyeffect.stored_environment.Stack__arb.inst_tail 8 pure>)
+627: guard_isnull(p40, descr=<Guard0x7f80b6ddf970>) [p2, p7, p9, p11, p13, p15, p17, p19, p21, p0, p1, p3, p4]
+636: i41 = getfield_gc_i(p37, descr=<FieldS rpyeffect.stored_environment.Stack__arb.inst_target 16 pure>)
+640: guard_value(i41, 158, descr=<Guard0x7f80b6ddf9a0>) [p2, p7, p9, p11, p13, p15, p17, p19, p21, p0, p1, p3, p4]
debug_merge_point(0, 0, '176<main.rpyeffect:176([method_Read2838@Name(feed2834)#338])>+2: {"op": "Load". "out": 5. "type": "any". "ref": 1}')
+653: p43 = getfield_gc_r(p25, descr=<FieldP rpyeffect.region.Ref.inst_allocation_site 8 pure>)
+665: guard_value(p43, ConstPtr(ptr44), descr=<Guard0x7f80b6ddf9d0>) [p2, p7, p9, p11, p13, p15, p17, p19, p21, p0, p1, p3, p4]
+674: p45 = getfield_gc_r(p25, descr=<FieldP rpyeffect.region.Ref.inst_value 16>)
+679: i46 = getfield_gc_i(p45, descr=<FieldS rpyeffect.value.UnboxedIntValueRef.inst_value 8>)
debug_merge_point(0, 0, '176<main.rpyeffect:176([method_Read2838@Name(feed2834)#338])>+3: {"op": "Push". "target": 175. "args": {"any": [0. 1. 2. 4]}}')
debug_merge_point(0, 0, '176<main.rpyeffect:176([method_Read2838@Name(feed2834)#338])>+4: {"op": "Copy". "type": "any". "from": 5. "to". 0}')
debug_merge_point(0, 0, '176<main.rpyeffect:176([method_Read2838@Name(feed2834)#338])>+5: {"op": "Copy". "type": "any". "from": 3. "to". 1}')
debug_merge_point(0, 0, '176<main.rpyeffect:176([method_Read2838@Name(feed2834)#338])>+6: {"op": "Jump". "target": 10}')
debug_merge_point(0, 0, '10<main.rpyeffect:10(Name(infixGt184))>+0: {"op": "PrimOp". "name": "infixGt(Int. Int): Boolean". "out": {"any": [0]}. "in": {"any": [0. 1]}}')
+683: i47 = getfield_gc_i(p27, descr=<FieldS rpyeffect.value.IntValue.inst_value 8 pure>)
+694: i48 = int_gt(i46, i47)
debug_merge_point(0, 0, '10<main.rpyeffect:10(Name(infixGt184))>+1: {"op": "Return". "args": {"any": [0]}}')
debug_merge_point(0, 0, '175<main.rpyeffect:175([k@[method_Read2838@Name(feed2834)#338]#343])>+0: {"op": "Swap". "type": "any". "a": 0. "b". 4}')
debug_merge_point(0, 0, '175<main.rpyeffect:175([k@[method_Read2838@Name(feed2834)#338]#343])>+1: {"op": "Swap". "type": "any". "a": 3. "b". 4}')
debug_merge_point(0, 0, '175<main.rpyeffect:175([k@[method_Read2838@Name(feed2834)#338]#343])>+2: {"op": "Swap". "type": "any". "a": 2. "b". 1}')
debug_merge_point(0, 0, '175<main.rpyeffect:175([k@[method_Read2838@Name(feed2834)#338]#343])>+3: {"op": "IfZero". "cond": 3. "then": {"tag": null. "target": 171. "args": {"any": []}}}')
+697: guard_false(i48, descr=<Guard0x7f80b6ddfa00>) [p2, p7, p9, p11, p13, p15, p17, p19, p21, p0, p1, p3, p4]
debug_merge_point(0, 0, '171<main.rpyeffect:171([then#347])>+0: {"op": "Load". "out": 2. "type": "any". "ref": 4}')
+703: p49 = getfield_gc_r(p26, descr=<FieldP rpyeffect.region.Ref.inst_allocation_site 8 pure>)
+728: guard_value(p49, ConstPtr(ptr50), descr=<Guard0x7f80b6ddfa30>) [p2, p7, p9, p11, p13, p15, p17, p19, p21, p0, p1, p3, p4]
+737: p51 = getfield_gc_r(p26, descr=<FieldP rpyeffect.region.Ref.inst_value 16>)
+741: i52 = getfield_gc_i(p51, descr=<FieldS rpyeffect.value.UnboxedIntValueRef.inst_value 8>)
debug_merge_point(0, 0, '171<main.rpyeffect:171([then#347])>+1: {"op": "Const". "type": "ptr". "out": 3. "format": "int". "value": "<IntValue object at 0x7f80b6de2740>"}')
debug_merge_point(0, 0, '171<main.rpyeffect:171([then#347])>+2: {"op": "Push". "target": 170. "args": {"any": [1. 4. 0]}}')
debug_merge_point(0, 0, '171<main.rpyeffect:171([then#347])>+3: {"op": "Copy". "type": "any". "from": 3. "to". 1}')
debug_merge_point(0, 0, '171<main.rpyeffect:171([then#347])>+4: {"op": "Copy". "type": "any". "from": 2. "to". 0}')
debug_merge_point(0, 0, '171<main.rpyeffect:171([then#347])>+5: {"op": "Jump". "target": 4}')
debug_merge_point(0, 0, '4<main.rpyeffect:4(Name(infixEq72))>+0: {"op": "PrimOp". "name": "infixEq(Int. Int): Boolean". "out": {"any": [0]}. "in": {"any": [0. 1]}}')
+745: i54 = int_eq(i52, 0)
debug_merge_point(0, 0, '4<main.rpyeffect:4(Name(infixEq72))>+1: {"op": "Return". "args": {"any": [0]}}')
debug_merge_point(0, 0, '170<main.rpyeffect:170([k@[then#347]#352])>+0: {"op": "Swap". "type": "any". "a": 0. "b". 3}')
debug_merge_point(0, 0, '170<main.rpyeffect:170([k@[then#347]#352])>+1: {"op": "IfZero". "cond": 3. "then": {"tag": null. "target": 166. "args": {"any": []}}}')
+749: guard_false(i54, descr=<Guard0x7f80b6ddfa60>) [p2, p7, p9, p11, p13, p15, p17, p19, p21, p0, p1, p3, p4]
debug_merge_point(0, 0, '166<main.rpyeffect:166([then#356])>+0: {"op": "Load". "out": 1. "type": "any". "ref": 2}')
debug_merge_point(0, 0, '166<main.rpyeffect:166([then#356])>+1: {"op": "Const". "type": "ptr". "out": 3. "format": "int". "value": "<IntValue object at 0x7f80b6dc11e0>"}')
debug_merge_point(0, 0, '166<main.rpyeffect:166([then#356])>+2: {"op": "Push". "target": 165. "args": {"any": [2. 0]}}')
debug_merge_point(0, 0, '166<main.rpyeffect:166([then#356])>+3: {"op": "Copy". "type": "any". "from": 1. "to". 0}')
debug_merge_point(0, 0, '166<main.rpyeffect:166([then#356])>+4: {"op": "Copy". "type": "any". "from": 3. "to". 1}')
debug_merge_point(0, 0, '166<main.rpyeffect:166([then#356])>+5: {"op": "Jump". "target": 8}')
debug_merge_point(0, 0, '8<main.rpyeffect:8(Name(infixSub105))>+0: {"op": "PrimOp". "name": "infixSub(Int. Int): Int". "out": {"any": [0]}. "in": {"any": [0. 1]}}')
+755: i56 = int_sub(i52, 1)
debug_merge_point(0, 0, '8<main.rpyeffect:8(Name(infixSub105))>+1: {"op": "Return". "args": {"any": [0]}}')
debug_merge_point(0, 0, '165<main.rpyeffect:165([k@[then#356]#361])>+0: {"op": "Store". "ref": 1. "type": "any". "value": 0}')
debug_merge_point(0, 0, '165<main.rpyeffect:165([k@[then#356]#361])>+1: {"op": "Construct". "out": 0. "type": Interned(Unit). "tag": Interned(unit). "args": {"any": []}}')
debug_merge_point(0, 0, '165<main.rpyeffect:165([k@[then#356]#361])>+2: {"op": "Push". "target": 164. "args": {"any": [2]}}')
debug_merge_point(0, 0, '165<main.rpyeffect:165([k@[then#356]#361])>+3: {"op": "Jump". "target": 127}')
debug_merge_point(0, 0, '127<main.rpyeffect:127(Name(dollar2823))>+0: {"op": "Const". "type": "ptr". "out": 0. "format": "int". "value": "<IntValue object at 0x7f80b6dc1950>"}')
debug_merge_point(0, 0, '127<main.rpyeffect:127(Name(dollar2823))>+1: {"op": "Return". "args": {"any": [0]}}')
debug_merge_point(0, 0, '164<main.rpyeffect:164([k@[k@[then#356]#361]#365])>+0: {"op": "Jump". "target": 156}')
debug_merge_point(0, 0, '156<main.rpyeffect:156(Name(resume2849))>+0: {"op": "PushStack". "arg": 1}')
+760: setfield_gc(p51, i56, descr=<FieldS rpyeffect.value.UnboxedIntValueRef.inst_value 8>)
+764: guard_nonnull(p1, descr=<Guard0x7f80b6dd1070>) [p2, p26, p19, p21, p0, p1, p39, p38, p37, i46, p7, p13, p9, p11]
+778: i57 = getfield_gc_i(p1, descr=<FieldS rpyeffect.stored_environment.Stack__arb.inst_target 16 pure>)
+797: i59 = int_add(2293760, i57)
+804: guard_value(i59, 2293920, descr=<Guard0x7f80b6ddfa90>) [p2, p26, p19, p21, p0, p1, p39, p38, p37, i46, p7, p13, p9, p11]
debug_merge_point(0, 0, '156<main.rpyeffect:156(Name(resume2849))>+1: {"op": "Return". "args": {"any": [0]}}')
+817: p61 = getfield_gc_r(p1, descr=<FieldP rpyeffect.stored_environment.Stack__arb.inst_tail 8 pure>)
+822: guard_isnull(p61, descr=<Guard0x7f80b6ddfac0>) [p2, p26, p19, p21, p0, p1, p39, p38, p37, i46, p7, p13, p9, p11]
debug_merge_point(0, 0, '140<main.rpyeffect:140([k@Name(parse2827)#258])>+0: {"op": "Push". "target": 139. "args": {"any": [1. 2. 3. 4. 0]}}')
debug_merge_point(0, 0, '140<main.rpyeffect:140([k@Name(parse2827)#258])>+1: {"op": "Jump". "target": 128}')
debug_merge_point(0, 0, '128<main.rpyeffect:128(Name(isDollar2825))>+0: {"op": "Const". "type": "ptr". "out": 1. "format": "int". "value": "<IntValue object at 0x7f80b6dc1920>"}')
debug_merge_point(0, 0, '128<main.rpyeffect:128(Name(isDollar2825))>+1: {"op": "Jump". "target": 4}')
debug_merge_point(0, 0, '4<main.rpyeffect:4(Name(infixEq72))>+0: {"op": "PrimOp". "name": "infixEq(Int. Int): Boolean". "out": {"any": [0]}. "in": {"any": [0. 1]}}')
debug_merge_point(0, 0, '4<main.rpyeffect:4(Name(infixEq72))>+1: {"op": "Return". "args": {"any": [0]}}')
debug_merge_point(0, 0, '139<main.rpyeffect:139([k@[k@Name(parse2827)#258]#260])>+0: {"op": "Swap". "type": "any". "a": 2. "b". 5}')
debug_merge_point(0, 0, '139<main.rpyeffect:139([k@[k@Name(parse2827)#258]#260])>+1: {"op": "Swap". "type": "any". "a": 0. "b". 5}')
debug_merge_point(0, 0, '139<main.rpyeffect:139([k@[k@Name(parse2827)#258]#260])>+2: {"op": "Swap". "type": "any". "a": 1. "b". 5}')
debug_merge_point(0, 0, '139<main.rpyeffect:139([k@[k@Name(parse2827)#258]#260])>+3: {"op": "IfZero". "cond": 1. "then": {"tag": null. "target": 136. "args": {"any": []}}}')
debug_merge_point(0, 0, '139<main.rpyeffect:139([k@[k@Name(parse2827)#258]#260])>+4: {"op": "Const". "type": "ptr". "out": 1. "format": "int". "value": "<IntValue object at 0x7f80b6dc1790>"}')
debug_merge_point(0, 0, '139<main.rpyeffect:139([k@[k@Name(parse2827)#258]#260])>+5: {"op": "Push". "target": 138. "args": {"any": [5. 0. 3]}}')
debug_merge_point(0, 0, '139<main.rpyeffect:139([k@[k@Name(parse2827)#258]#260])>+6: {"op": "Copy". "type": "any". "from": 4. "to". 0}')
debug_merge_point(0, 0, '139<main.rpyeffect:139([k@[k@Name(parse2827)#258]#260])>+7: {"op": "Jump". "target": 6}')
debug_merge_point(0, 0, '6<main.rpyeffect:6(Name(infixAdd96))>+0: {"op": "PrimOp". "name": "infixAdd(Int. Int): Int". "out": {"any": [0]}. "in": {"any": [0. 1]}}')
+831: i62 = getfield_gc_i(p7, descr=<FieldS rpyeffect.value.IntValue.inst_value 8 pure>)
+835: i64 = int_add(i62, 1)
debug_merge_point(0, 0, '6<main.rpyeffect:6(Name(infixAdd96))>+1: {"op": "Return". "args": {"any": [0]}}')
debug_merge_point(0, 0, '138<main.rpyeffect:138([k@[k@[k@Name(parse2827)#258]#260]#280])>+0: {"op": "Swap". "type": "any". "a": 2. "b". 1}')
debug_merge_point(0, 0, '138<main.rpyeffect:138([k@[k@[k@Name(parse2827)#258]#260]#280])>+1: {"op": "Jump". "target": 141}')
debug_merge_point(0, 0, '141<main.rpyeffect:141(Name(parse2827))>+0: {"op": "Push". "target": 140. "args": {"any": [2. 1. 3. 0]}}')
+839: label(p0, p1, p2, p37, p38, p39, i64, p9, p11, p13, p7, p19, p21, p28, p25, p45, p27, i47, p26, p51, i56, descr=TargetToken(140190800451168))
debug_merge_point(0, 0, '141<main.rpyeffect:141(Name(parse2827))>+0: {"op": "Push". "target": 140. "args": {"any": [2. 1. 3. 0]}}')
+880: guard_not_invalidated(descr=<Guard0x7f80b6dd10b8>) [p2, p9, p11, p13, p7, p19, p21, p0, p1, p39, p38, p37, i64]
debug_merge_point(0, 0, '141<main.rpyeffect:141(Name(parse2827))>+1: {"op": "Invoke". "receiver": 1. "tag": Interned(Read2838). "args" : {"any": []}}')
debug_merge_point(0, 0, '176<main.rpyeffect:176([method_Read2838@Name(feed2834)#338])>+0: {"op": "Const". "type": "ptr". "out": 5. "format": "int". "value": "<IntValue object at 0x7f80b6de2090>"}')
debug_merge_point(0, 0, '176<main.rpyeffect:176([method_Read2838@Name(feed2834)#338])>+1: {"op": "ShiftDyn". "out": 4. "n": 5. "label": 4}')
debug_merge_point(0, 0, '176<main.rpyeffect:176([method_Read2838@Name(feed2834)#338])>+2: {"op": "Load". "out": 5. "type": "any". "ref": 1}')
+880: i65 = getfield_gc_i(p45, descr=<FieldS rpyeffect.value.UnboxedIntValueRef.inst_value 8>)
debug_merge_point(0, 0, '176<main.rpyeffect:176([method_Read2838@Name(feed2834)#338])>+3: {"op": "Push". "target": 175. "args": {"any": [0. 1. 2. 4]}}')
debug_merge_point(0, 0, '176<main.rpyeffect:176([method_Read2838@Name(feed2834)#338])>+4: {"op": "Copy". "type": "any". "from": 5. "to". 0}')
debug_merge_point(0, 0, '176<main.rpyeffect:176([method_Read2838@Name(feed2834)#338])>+5: {"op": "Copy". "type": "any". "from": 3. "to". 1}')
debug_merge_point(0, 0, '176<main.rpyeffect:176([method_Read2838@Name(feed2834)#338])>+6: {"op": "Jump". "target": 10}')
debug_merge_point(0, 0, '10<main.rpyeffect:10(Name(infixGt184))>+0: {"op": "PrimOp". "name": "infixGt(Int. Int): Boolean". "out": {"any": [0]}. "in": {"any": [0. 1]}}')
+884: i66 = int_gt(i65, i47)
debug_merge_point(0, 0, '10<main.rpyeffect:10(Name(infixGt184))>+1: {"op": "Return". "args": {"any": [0]}}')
debug_merge_point(0, 0, '175<main.rpyeffect:175([k@[method_Read2838@Name(feed2834)#338]#343])>+0: {"op": "Swap". "type": "any". "a": 0. "b". 4}')
debug_merge_point(0, 0, '175<main.rpyeffect:175([k@[method_Read2838@Name(feed2834)#338]#343])>+1: {"op": "Swap". "type": "any". "a": 3. "b". 4}')
debug_merge_point(0, 0, '175<main.rpyeffect:175([k@[method_Read2838@Name(feed2834)#338]#343])>+2: {"op": "Swap". "type": "any". "a": 2. "b". 1}')
debug_merge_point(0, 0, '175<main.rpyeffect:175([k@[method_Read2838@Name(feed2834)#338]#343])>+3: {"op": "IfZero". "cond": 3. "then": {"tag": null. "target": 171. "args": {"any": []}}}')
+887: guard_false(i66, descr=<Guard0x7f80b6ddfaf0>) [p2, p9, p11, p13, p7, p19, p21, p0, p1, p39, p38, p37, i64]
debug_merge_point(0, 0, '171<main.rpyeffect:171([then#347])>+0: {"op": "Load". "out": 2. "type": "any". "ref": 4}')
debug_merge_point(0, 0, '171<main.rpyeffect:171([then#347])>+1: {"op": "Const". "type": "ptr". "out": 3. "format": "int". "value": "<IntValue object at 0x7f80b6de2740>"}')
debug_merge_point(0, 0, '171<main.rpyeffect:171([then#347])>+2: {"op": "Push". "target": 170. "args": {"any": [1. 4. 0]}}')
debug_merge_point(0, 0, '171<main.rpyeffect:171([then#347])>+3: {"op": "Copy". "type": "any". "from": 3. "to". 1}')
debug_merge_point(0, 0, '171<main.rpyeffect:171([then#347])>+4: {"op": "Copy". "type": "any". "from": 2. "to". 0}')
debug_merge_point(0, 0, '171<main.rpyeffect:171([then#347])>+5: {"op": "Jump". "target": 4}')
debug_merge_point(0, 0, '4<main.rpyeffect:4(Name(infixEq72))>+0: {"op": "PrimOp". "name": "infixEq(Int. Int): Boolean". "out": {"any": [0]}. "in": {"any": [0. 1]}}')
+893: i68 = int_eq(i56, 0)
debug_merge_point(0, 0, '4<main.rpyeffect:4(Name(infixEq72))>+1: {"op": "Return". "args": {"any": [0]}}')
debug_merge_point(0, 0, '170<main.rpyeffect:170([k@[then#347]#352])>+0: {"op": "Swap". "type": "any". "a": 0. "b". 3}')
debug_merge_point(0, 0, '170<main.rpyeffect:170([k@[then#347]#352])>+1: {"op": "IfZero". "cond": 3. "then": {"tag": null. "target": 166. "args": {"any": []}}}')
+897: guard_false(i68, descr=<Guard0x7f80b6ddfb20>) [p2, p9, p11, p13, p7, p19, p21, p0, p1, p39, p38, p37, i64]
debug_merge_point(0, 0, '166<main.rpyeffect:166([then#356])>+0: {"op": "Load". "out": 1. "type": "any". "ref": 2}')
debug_merge_point(0, 0, '166<main.rpyeffect:166([then#356])>+1: {"op": "Const". "type": "ptr". "out": 3. "format": "int". "value": "<IntValue object at 0x7f80b6dc11e0>"}')
debug_merge_point(0, 0, '166<main.rpyeffect:166([then#356])>+2: {"op": "Push". "target": 165. "args": {"any": [2. 0]}}')
debug_merge_point(0, 0, '166<main.rpyeffect:166([then#356])>+3: {"op": "Copy". "type": "any". "from": 1. "to". 0}')
debug_merge_point(0, 0, '166<main.rpyeffect:166([then#356])>+4: {"op": "Copy". "type": "any". "from": 3. "to". 1}')
debug_merge_point(0, 0, '166<main.rpyeffect:166([then#356])>+5: {"op": "Jump". "target": 8}')
debug_merge_point(0, 0, '8<main.rpyeffect:8(Name(infixSub105))>+0: {"op": "PrimOp". "name": "infixSub(Int. Int): Int". "out": {"any": [0]}. "in": {"any": [0. 1]}}')
+903: i70 = int_sub(i56, 1)
debug_merge_point(0, 0, '8<main.rpyeffect:8(Name(infixSub105))>+1: {"op": "Return". "args": {"any": [0]}}')
debug_merge_point(0, 0, '165<main.rpyeffect:165([k@[then#356]#361])>+0: {"op": "Store". "ref": 1. "type": "any". "value": 0}')
debug_merge_point(0, 0, '165<main.rpyeffect:165([k@[then#356]#361])>+1: {"op": "Construct". "out": 0. "type": Interned(Unit). "tag": Interned(unit). "args": {"any": []}}')
debug_merge_point(0, 0, '165<main.rpyeffect:165([k@[then#356]#361])>+2: {"op": "Push". "target": 164. "args": {"any": [2]}}')
debug_merge_point(0, 0, '165<main.rpyeffect:165([k@[then#356]#361])>+3: {"op": "Jump". "target": 127}')
debug_merge_point(0, 0, '127<main.rpyeffect:127(Name(dollar2823))>+0: {"op": "Const". "type": "ptr". "out": 0. "format": "int". "value": "<IntValue object at 0x7f80b6dc1950>"}')
debug_merge_point(0, 0, '127<main.rpyeffect:127(Name(dollar2823))>+1: {"op": "Return". "args": {"any": [0]}}')
debug_merge_point(0, 0, '164<main.rpyeffect:164([k@[k@[then#356]#361]#365])>+0: {"op": "Jump". "target": 156}')
debug_merge_point(0, 0, '156<main.rpyeffect:156(Name(resume2849))>+0: {"op": "PushStack". "arg": 1}')
debug_merge_point(0, 0, '156<main.rpyeffect:156(Name(resume2849))>+1: {"op": "Return". "args": {"any": [0]}}')
debug_merge_point(0, 0, '140<main.rpyeffect:140([k@Name(parse2827)#258])>+0: {"op": "Push". "target": 139. "args": {"any": [1. 2. 3. 4. 0]}}')
debug_merge_point(0, 0, '140<main.rpyeffect:140([k@Name(parse2827)#258])>+1: {"op": "Jump". "target": 128}')
debug_merge_point(0, 0, '128<main.rpyeffect:128(Name(isDollar2825))>+0: {"op": "Const". "type": "ptr". "out": 1. "format": "int". "value": "<IntValue object at 0x7f80b6dc1920>"}')
debug_merge_point(0, 0, '128<main.rpyeffect:128(Name(isDollar2825))>+1: {"op": "Jump". "target": 4}')
debug_merge_point(0, 0, '4<main.rpyeffect:4(Name(infixEq72))>+0: {"op": "PrimOp". "name": "infixEq(Int. Int): Boolean". "out": {"any": [0]}. "in": {"any": [0. 1]}}')
debug_merge_point(0, 0, '4<main.rpyeffect:4(Name(infixEq72))>+1: {"op": "Return". "args": {"any": [0]}}')
debug_merge_point(0, 0, '139<main.rpyeffect:139([k@[k@Name(parse2827)#258]#260])>+0: {"op": "Swap". "type": "any". "a": 2. "b". 5}')
debug_merge_point(0, 0, '139<main.rpyeffect:139([k@[k@Name(parse2827)#258]#260])>+1: {"op": "Swap". "type": "any". "a": 0. "b". 5}')
debug_merge_point(0, 0, '139<main.rpyeffect:139([k@[k@Name(parse2827)#258]#260])>+2: {"op": "Swap". "type": "any". "a": 1. "b". 5}')
debug_merge_point(0, 0, '139<main.rpyeffect:139([k@[k@Name(parse2827)#258]#260])>+3: {"op": "IfZero". "cond": 1. "then": {"tag": null. "target": 136. "args": {"any": []}}}')
debug_merge_point(0, 0, '139<main.rpyeffect:139([k@[k@Name(parse2827)#258]#260])>+4: {"op": "Const". "type": "ptr". "out": 1. "format": "int". "value": "<IntValue object at 0x7f80b6dc1790>"}')
debug_merge_point(0, 0, '139<main.rpyeffect:139([k@[k@Name(parse2827)#258]#260])>+5: {"op": "Push". "target": 138. "args": {"any": [5. 0. 3]}}')
debug_merge_point(0, 0, '139<main.rpyeffect:139([k@[k@Name(parse2827)#258]#260])>+6: {"op": "Copy". "type": "any". "from": 4. "to". 0}')
debug_merge_point(0, 0, '139<main.rpyeffect:139([k@[k@Name(parse2827)#258]#260])>+7: {"op": "Jump". "target": 6}')
debug_merge_point(0, 0, '6<main.rpyeffect:6(Name(infixAdd96))>+0: {"op": "PrimOp". "name": "infixAdd(Int. Int): Int". "out": {"any": [0]}. "in": {"any": [0. 1]}}')
+907: i72 = int_add(i64, 1)
debug_merge_point(0, 0, '6<main.rpyeffect:6(Name(infixAdd96))>+1: {"op": "Return". "args": {"any": [0]}}')
debug_merge_point(0, 0, '138<main.rpyeffect:138([k@[k@[k@Name(parse2827)#258]#260]#280])>+0: {"op": "Swap". "type": "any". "a": 2. "b". 1}')
debug_merge_point(0, 0, '138<main.rpyeffect:138([k@[k@[k@Name(parse2827)#258]#260]#280])>+1: {"op": "Jump". "target": 141}')
debug_merge_point(0, 0, '141<main.rpyeffect:141(Name(parse2827))>+0: {"op": "Push". "target": 140. "args": {"any": [2. 1. 3. 0]}}')
+911: p73 = new_with_vtable(descr=<SizeDescr 16>)
+955: setfield_gc(p73, i64, descr=<FieldS rpyeffect.value.IntValue.inst_value 8 pure>)
+959: setfield_gc(p51, i70, descr=<FieldS rpyeffect.value.UnboxedIntValueRef.inst_value 8>)
+963: jump(p0, p1, p2, p37, p38, p39, i72, p9, p11, p13, p73, p19, p21, p28, p25, p45, p27, i47, p26, p51, i70, descr=TargetToken(140190800451168))
+992: --end of the loop--
[623ab9ddb92a] jit-log-opt-loop}
[623aba0e5690] {jit-log-opt-loop
# Loop 2 (176<main.rpyeffect:176([method_Read2838@Name(feed2834)#338])>+3: {"op": "Push", "target": 175, "args": {"any": [0, 1, 2, 4]}}) : entry bridge with 233 ops
[p0, p1, p2, p3, p4]
+557: p5 = getfield_gc_r(p2, descr=<FieldP rpyeffect.environment.Environment.inst_values_ptr 16>)
+568: p7 = getarrayitem_gc_r(p5, 0, descr=<ArrayP 8>)
+572: p9 = getarrayitem_gc_r(p5, 1, descr=<ArrayP 8>)
+576: p11 = getarrayitem_gc_r(p5, 2, descr=<ArrayP 8>)
+580: p13 = getarrayitem_gc_r(p5, 3, descr=<ArrayP 8>)
+584: p15 = getarrayitem_gc_r(p5, 4, descr=<ArrayP 8>)
+588: p17 = getarrayitem_gc_r(p5, 5, descr=<ArrayP 8>)
+592: p19 = getarrayitem_gc_r(p5, 6, descr=<ArrayP 8>)
+596: p21 = getarrayitem_gc_r(p5, 7, descr=<ArrayP 8>)
debug_merge_point(0, 0, '176<main.rpyeffect:176([method_Read2838@Name(feed2834)#338])>+3: {"op": "Push". "target": 175. "args": {"any": [0. 1. 2. 4]}}')
+600: guard_not_invalidated(descr=<Guard0x7f80b6dd1100>) [p2, p7, p9, p11, p13, p15, p17, p19, p21, p0, p1, p3, p4]
debug_merge_point(0, 0, '176<main.rpyeffect:176([method_Read2838@Name(feed2834)#338])>+4: {"op": "Copy". "type": "any". "from": 5. "to". 0}')
debug_merge_point(0, 0, '176<main.rpyeffect:176([method_Read2838@Name(feed2834)#338])>+5: {"op": "Copy". "type": "any". "from": 3. "to". 1}')
debug_merge_point(0, 0, '176<main.rpyeffect:176([method_Read2838@Name(feed2834)#338])>+6: {"op": "Jump". "target": 10}')
+600: guard_nonnull(p1, descr=<Guard0x7f80b6e02410>) [p2, p7, p9, p11, p13, p15, p17, p19, p21, p0, p1, p3, p4]
+614: i22 = getfield_gc_i(p1, descr=<FieldS rpyeffect.stored_environment.Stack__arb.inst_target 16 pure>)
+625: i24 = int_add(2867200, i22)
+632: guard_value(i24, 2867358, descr=<Guard0x7f80b6e02440>) [p2, p7, p9, p11, p13, p15, p17, p19, p21, p0, p1, p3, p4]
debug_merge_point(0, 0, '10<main.rpyeffect:10(Name(infixGt184))>+0: {"op": "PrimOp". "name": "infixGt(Int. Int): Boolean". "out": {"any": [0]}. "in": {"any": [0. 1]}}')
+645: i26 = getfield_gc_i(p17, descr=<FieldS rpyeffect.value.IntValue.inst_value 8 pure>)
+649: i27 = getfield_gc_i(p13, descr=<FieldS rpyeffect.value.IntValue.inst_value 8 pure>)
+653: i28 = int_gt(i26, i27)
debug_merge_point(0, 0, '10<main.rpyeffect:10(Name(infixGt184))>+1: {"op": "Return". "args": {"any": [0]}}')
debug_merge_point(0, 0, '175<main.rpyeffect:175([k@[method_Read2838@Name(feed2834)#338]#343])>+0: {"op": "Swap". "type": "any". "a": 0. "b". 4}')
debug_merge_point(0, 0, '175<main.rpyeffect:175([k@[method_Read2838@Name(feed2834)#338]#343])>+1: {"op": "Swap". "type": "any". "a": 3. "b". 4}')
debug_merge_point(0, 0, '175<main.rpyeffect:175([k@[method_Read2838@Name(feed2834)#338]#343])>+2: {"op": "Swap". "type": "any". "a": 2. "b". 1}')
debug_merge_point(0, 0, '175<main.rpyeffect:175([k@[method_Read2838@Name(feed2834)#338]#343])>+3: {"op": "IfZero". "cond": 3. "then": {"tag": null. "target": 171. "args": {"any": []}}}')
+656: guard_false(i28, descr=<Guard0x7f80b6e02470>) [p2, p7, p9, p11, p13, p15, p17, p19, p21, p0, p1, p3, p4]
+662: p29 = getfield_gc_r(p1, descr=<FieldP rpyeffect.stored_environment.Stack__arb.inst_tail 8 pure>)
+666: guard_isnull(p29, descr=<Guard0x7f80b6e024a0>) [p2, p7, p9, p11, p13, p15, p17, p19, p21, p0, p1, p3, p4]
debug_merge_point(0, 0, '171<main.rpyeffect:171([then#347])>+0: {"op": "Load". "out": 2. "type": "any". "ref": 4}')
+675: p30 = getfield_gc_r(p11, descr=<FieldP rpyeffect.region.Ref.inst_allocation_site 8 pure>)
+686: guard_value(p30, ConstPtr(ptr31), descr=<Guard0x7f80b6e024d0>) [p2, p7, p9, p11, p13, p15, p17, p19, p21, p0, p1, p3, p4]
+695: p32 = getfield_gc_r(p11, descr=<FieldP rpyeffect.region.Ref.inst_value 16>)
+699: i33 = getfield_gc_i(p32, descr=<FieldS rpyeffect.value.UnboxedIntValueRef.inst_value 8>)
debug_merge_point(0, 0, '171<main.rpyeffect:171([then#347])>+1: {"op": "Const". "type": "ptr". "out": 3. "format": "int". "value": "<IntValue object at 0x7f80b6de2740>"}')
debug_merge_point(0, 0, '171<main.rpyeffect:171([then#347])>+2: {"op": "Push". "target": 170. "args": {"any": [1. 4. 0]}}')
debug_merge_point(0, 0, '171<main.rpyeffect:171([then#347])>+3: {"op": "Copy". "type": "any". "from": 3. "to". 1}')
debug_merge_point(0, 0, '171<main.rpyeffect:171([then#347])>+4: {"op": "Copy". "type": "any". "from": 2. "to". 0}')
debug_merge_point(0, 0, '171<main.rpyeffect:171([then#347])>+5: {"op": "Jump". "target": 4}')
debug_merge_point(0, 0, '4<main.rpyeffect:4(Name(infixEq72))>+0: {"op": "PrimOp". "name": "infixEq(Int. Int): Boolean". "out": {"any": [0]}. "in": {"any": [0. 1]}}')
+703: i35 = int_eq(i33, 0)
debug_merge_point(0, 0, '4<main.rpyeffect:4(Name(infixEq72))>+1: {"op": "Return". "args": {"any": [0]}}')
debug_merge_point(0, 0, '170<main.rpyeffect:170([k@[then#347]#352])>+0: {"op": "Swap". "type": "any". "a": 0. "b". 3}')
debug_merge_point(0, 0, '170<main.rpyeffect:170([k@[then#347]#352])>+1: {"op": "IfZero". "cond": 3. "then": {"tag": null. "target": 166. "args": {"any": []}}}')
+707: guard_true(i35, descr=<Guard0x7f80b6e02500>) [p2, p7, p9, p11, p13, p15, p17, p19, p21, p0, p1, p3, p4]
debug_merge_point(0, 0, '170<main.rpyeffect:170([k@[then#347]#352])>+2: {"op": "Load". "out": 3. "type": "any". "ref": 1}')
+713: p36 = getfield_gc_r(p9, descr=<FieldP rpyeffect.region.Ref.inst_allocation_site 8 pure>)
+724: guard_value(p36, ConstPtr(ptr37), descr=<Guard0x7f80b6e02530>) [p2, p7, p9, p11, p13, p15, p17, p19, p21, p0, p1, p3, p4]
+733: p38 = getfield_gc_r(p9, descr=<FieldP rpyeffect.region.Ref.inst_value 16>)
+737: i39 = getfield_gc_i(p38, descr=<FieldS rpyeffect.value.UnboxedIntValueRef.inst_value 8>)
debug_merge_point(0, 0, '170<main.rpyeffect:170([k@[then#347]#352])>+3: {"op": "Const". "type": "ptr". "out": 4. "format": "int". "value": "<IntValue object at 0x7f80b6de2770>"}')
debug_merge_point(0, 0, '170<main.rpyeffect:170([k@[then#347]#352])>+4: {"op": "Push". "target": 169. "args": {"any": [1. 2. 0]}}')
debug_merge_point(0, 0, '170<main.rpyeffect:170([k@[then#347]#352])>+5: {"op": "Copy". "type": "any". "from": 4. "to". 1}')
debug_merge_point(0, 0, '170<main.rpyeffect:170([k@[then#347]#352])>+6: {"op": "Copy". "type": "any". "from": 3. "to". 0}')
debug_merge_point(0, 0, '170<main.rpyeffect:170([k@[then#347]#352])>+7: {"op": "Jump". "target": 6}')
debug_merge_point(0, 0, '6<main.rpyeffect:6(Name(infixAdd96))>+0: {"op": "PrimOp". "name": "infixAdd(Int. Int): Int". "out": {"any": [0]}. "in": {"any": [0. 1]}}')
+741: i41 = int_add(i39, 1)
debug_merge_point(0, 0, '6<main.rpyeffect:6(Name(infixAdd96))>+1: {"op": "Return". "args": {"any": [0]}}')
debug_merge_point(0, 0, '169<main.rpyeffect:169([k@[k@[then#347]#352]#372])>+0: {"op": "Store". "ref": 1. "type": "any". "value": 0}')
debug_merge_point(0, 0, '169<main.rpyeffect:169([k@[k@[then#347]#352]#372])>+1: {"op": "Construct". "out": 0. "type": Interned(Unit). "tag": Interned(unit). "args": {"any": []}}')
debug_merge_point(0, 0, '169<main.rpyeffect:169([k@[k@[then#347]#352]#372])>+2: {"op": "Load". "out": 0. "type": "any". "ref": 1}')
debug_merge_point(0, 0, '169<main.rpyeffect:169([k@[k@[then#347]#352]#372])>+3: {"op": "Store". "ref": 2. "type": "any". "value": 0}')
+745: setfield_gc(p38, i41, descr=<FieldS rpyeffect.value.UnboxedIntValueRef.inst_value 8>)
debug_merge_point(0, 0, '169<main.rpyeffect:169([k@[k@[then#347]#352]#372])>+4: {"op": "Construct". "out": 0. "type": Interned(Unit). "tag": Interned(unit). "args": {"any": []}}')
debug_merge_point(0, 0, '169<main.rpyeffect:169([k@[k@[then#347]#352]#372])>+5: {"op": "Push". "target": 168. "args": {"any": [3]}}')
debug_merge_point(0, 0, '169<main.rpyeffect:169([k@[k@[then#347]#352]#372])>+6: {"op": "Jump". "target": 125}')
debug_merge_point(0, 0, '125<main.rpyeffect:125(Name(newline2820))>+0: {"op": "Const". "type": "ptr". "out": 0. "format": "int". "value": "<IntValue object at 0x7f80b6dc19a0>"}')
debug_merge_point(0, 0, '125<main.rpyeffect:125(Name(newline2820))>+1: {"op": "Return". "args": {"any": [0]}}')
debug_merge_point(0, 0, '168<main.rpyeffect:168([k@[k@[k@[then#347]#352]#372]#378])>+0: {"op": "Jump". "target": 156}')
debug_merge_point(0, 0, '156<main.rpyeffect:156(Name(resume2849))>+0: {"op": "PushStack". "arg": 1}')
+749: setfield_gc(p32, i41, descr=<FieldS rpyeffect.value.UnboxedIntValueRef.inst_value 8>)
+765: i43 = instance_ptr_eq(p4, ConstPtr(ptr42))
guard_true(i43, descr=<Guard0x7f80b6dd1148>) [p2, p15, p11, p17, p19, p21, i43, p0, p1, p3, p4]
+790: guard_nonnull_class(p15, 8701856, descr=<Guard0x7f80b6dd1190>) [p2, p15, p11, p17, p19, p21, i43, p0, p1, p3, p4]
+809: p45 = getfield_gc_r(p15, descr=<FieldP rpyeffect.stack.MetaStack.inst_region 24 pure>)
+813: guard_isnull(p45, descr=<Guard0x7f80b6e02590>) [p2, p15, p11, p17, p19, p21, i43, p0, p1, p3, p4]
+822: p46 = getfield_gc_r(p15, descr=<FieldP rpyeffect.stack.MetaStackLike.inst_stack 8 pure>)
+826: p47 = getfield_gc_r(p15, descr=<FieldP rpyeffect.stack.MetaStack.inst_tail 32 pure>)
+830: guard_isnull(p47, descr=<Guard0x7f80b6e025c0>) [p2, p15, p11, p17, p19, p21, i43, p0, p1, p3, p4]
+839: p48 = getfield_gc_r(p15, descr=<FieldP rpyeffect.stack.MetaStack.inst_label 16 pure>)
+843: guard_nonnull(p46, descr=<Guard0x7f80b6e025f0>) [p2, p15, p11, p17, p19, p21, i43, p0, p1, p3, p4]
+852: p49 = getfield_gc_r(p46, descr=<FieldP rpyeffect.stored_environment.Stack__arb.inst_tail 8 pure>)
+856: guard_nonnull(p49, descr=<Guard0x7f80b6e02620>) [p2, p15, p11, p17, p19, p21, i43, p0, p1, p3, p4]
+865: i50 = getfield_gc_i(p46, descr=<FieldS rpyeffect.stored_environment.Stack__arb.inst_target 16 pure>)
+869: i52 = int_lshift(i50, 14)
+880: i53 = getfield_gc_i(p49, descr=<FieldS rpyeffect.stored_environment.Stack__arb.inst_target 16 pure>)
+884: i54 = int_add(i52, i53)
+887: guard_value(i54, 2293920, descr=<Guard0x7f80b6e02650>) [p2, p15, p11, p17, p19, p21, i43, p0, p1, p3, p4]
debug_merge_point(0, 0, '156<main.rpyeffect:156(Name(resume2849))>+1: {"op": "Return". "args": {"any": [0]}}')
+900: guard_value(i50, 140, descr=<Guard0x7f80b6e02680>) [p2, p15, p11, p17, p19, p21, i43, p0, p1, p3, p4]
+920: p57 = getfield_gc_r(p46, descr=<FieldP rpyeffect.stored_environment.Stack__4.inst_values_ptr_0 32 pure>)
+924: p58 = getfield_gc_r(p46, descr=<FieldP rpyeffect.stored_environment.Stack__4.inst_values_ptr_1 40 pure>)
+935: p59 = getfield_gc_r(p46, descr=<FieldP rpyeffect.stored_environment.Stack__4.inst_values_ptr_2 48 pure>)
+946: p60 = getfield_gc_r(p46, descr=<FieldP rpyeffect.stored_environment.Stack__4.inst_values_ptr_3 56 pure>)
+957: p61 = getfield_gc_r(p49, descr=<FieldP rpyeffect.stored_environment.Stack__arb.inst_tail 8 pure>)
+961: guard_isnull(p61, descr=<Guard0x7f80b6e026b0>) [p2, p15, p11, p17, p19, p21, i43, p0, p1, p3, p4]
+970: guard_value(i53, 160, descr=<Guard0x7f80b6e026e0>) [p2, p15, p11, p17, p19, p21, i43, p0, p1, p3, p4]
debug_merge_point(0, 0, '140<main.rpyeffect:140([k@Name(parse2827)#258])>+0: {"op": "Push". "target": 139. "args": {"any": [1. 2. 3. 4. 0]}}')
debug_merge_point(0, 0, '140<main.rpyeffect:140([k@Name(parse2827)#258])>+1: {"op": "Jump". "target": 128}')
debug_merge_point(0, 0, '128<main.rpyeffect:128(Name(isDollar2825))>+0: {"op": "Const". "type": "ptr". "out": 1. "format": "int". "value": "<IntValue object at 0x7f80b6dc1920>"}')
debug_merge_point(0, 0, '128<main.rpyeffect:128(Name(isDollar2825))>+1: {"op": "Jump". "target": 4}')
debug_merge_point(0, 0, '4<main.rpyeffect:4(Name(infixEq72))>+0: {"op": "PrimOp". "name": "infixEq(Int. Int): Boolean". "out": {"any": [0]}. "in": {"any": [0. 1]}}')
debug_merge_point(0, 0, '4<main.rpyeffect:4(Name(infixEq72))>+1: {"op": "Return". "args": {"any": [0]}}')
debug_merge_point(0, 0, '139<main.rpyeffect:139([k@[k@Name(parse2827)#258]#260])>+0: {"op": "Swap". "type": "any". "a": 2. "b". 5}')
debug_merge_point(0, 0, '139<main.rpyeffect:139([k@[k@Name(parse2827)#258]#260])>+1: {"op": "Swap". "type": "any". "a": 0. "b". 5}')
debug_merge_point(0, 0, '139<main.rpyeffect:139([k@[k@Name(parse2827)#258]#260])>+2: {"op": "Swap". "type": "any". "a": 1. "b". 5}')
debug_merge_point(0, 0, '139<main.rpyeffect:139([k@[k@Name(parse2827)#258]#260])>+3: {"op": "IfZero". "cond": 1. "then": {"tag": null. "target": 136. "args": {"any": []}}}')
debug_merge_point(0, 0, '136<main.rpyeffect:136([then#263])>+0: {"op": "Push". "target": 135. "args": {"any": [5. 0. 3. 4]}}')
debug_merge_point(0, 0, '136<main.rpyeffect:136([then#263])>+1: {"op": "Copy". "type": "any". "from": 2. "to". 0}')
debug_merge_point(0, 0, '136<main.rpyeffect:136([then#263])>+2: {"op": "Jump". "target": 126}')
debug_merge_point(0, 0, '126<main.rpyeffect:126(Name(isNewline2822))>+0: {"op": "Const". "type": "ptr". "out": 1. "format": "int". "value": "<IntValue object at 0x7f80b6dc1970>"}')
debug_merge_point(0, 0, '126<main.rpyeffect:126(Name(isNewline2822))>+1: {"op": "Jump". "target": 4}')
debug_merge_point(0, 0, '4<main.rpyeffect:4(Name(infixEq72))>+0: {"op": "PrimOp". "name": "infixEq(Int. Int): Boolean". "out": {"any": [0]}. "in": {"any": [0. 1]}}')
debug_merge_point(0, 0, '4<main.rpyeffect:4(Name(infixEq72))>+1: {"op": "Return". "args": {"any": [0]}}')
debug_merge_point(0, 0, '135<main.rpyeffect:135([k@[then#263]#265])>+0: {"op": "Swap". "type": "any". "a": 3. "b". 4}')
debug_merge_point(0, 0, '135<main.rpyeffect:135([k@[then#263]#265])>+1: {"op": "Swap". "type": "any". "a": 2. "b". 4}')
debug_merge_point(0, 0, '135<main.rpyeffect:135([k@[then#263]#265])>+2: {"op": "Swap". "type": "any". "a": 0. "b". 4}')
debug_merge_point(0, 0, '135<main.rpyeffect:135([k@[then#263]#265])>+3: {"op": "Swap". "type": "any". "a": 1. "b". 4}')
debug_merge_point(0, 0, '135<main.rpyeffect:135([k@[then#263]#265])>+4: {"op": "IfZero". "cond": 1. "then": {"tag": null. "target": 132. "args": {"any": []}}}')
debug_merge_point(0, 0, '135<main.rpyeffect:135([k@[then#263]#265])>+5: {"op": "Push". "target": 134. "args": {"any": [4. 0. 2]}}')
debug_merge_point(0, 0, '135<main.rpyeffect:135([k@[then#263]#265])>+6: {"op": "Copy". "type": "any". "from": 3. "to". 0}')
debug_merge_point(0, 0, '135<main.rpyeffect:135([k@[then#263]#265])>+7: {"op": "Invoke". "receiver": 4. "tag": Interned(Emit2840). "args" : {"any": [0]}}')
+983: p63 = getfield_gc_r(p57, descr=<FieldP rpyeffect.codata.CoData.inst_vtable 8 pure>)
+994: guard_value(p63, ConstPtr(ptr64), descr=<Guard0x7f80b6e02710>) [p2, p15, p11, p17, p19, p21, i43, p0, p1, p3, p4]
+1003: p65 = getfield_gc_r(p57, descr=<FieldP rpyeffect.stored_environment.CoData__2.inst_values_ptr_0 24 pure>)
+1007: p66 = getfield_gc_r(p57, descr=<FieldP rpyeffect.stored_environment.CoData__2.inst_values_ptr_1 32 pure>)
debug_merge_point(0, 0, '148<main.rpyeffect:148([method_Emit2840@Name(sum2829)#296])>+0: {"op": "Const". "type": "ptr". "out": 3. "format": "int". "value": "<IntValue object at 0x7f80b6dc1600>"}')
debug_merge_point(0, 0, '148<main.rpyeffect:148([method_Emit2840@Name(sum2829)#296])>+1: {"op": "ShiftDyn". "out": 1. "n": 3. "label": 1}')
+1011: guard_nonnull(p48, descr=<Guard0x7f80b6e02740>) [p2, p15, p11, p17, p19, p21, i43, p0, p1, p3, p4]
+1020: guard_nonnull(p65, descr=<Guard0x7f80b6e02770>) [p2, p15, p11, p17, p19, p21, i43, p0, p1, p3, p4]
+1029: i67 = getfield_gc_i(p48, descr=<FieldS rpyeffect.stack.Label.inst_origin 8 pure>)
+1040: guard_value(i67, 182282, descr=<Guard0x7f80b6e027a0>) [p2, p15, p11, p17, p19, p21, i43, p0, p1, p3, p4]
+1053: i69 = getfield_gc_i(p65, descr=<FieldS rpyeffect.stack.Label.inst_origin 8 pure>)
+1057: guard_value(i69, 153605, descr=<Guard0x7f80b6e027d0>) [p2, p15, p11, p17, p19, p21, i43, p0, p1, p3, p4]
+1070: guard_nonnull(p0, descr=<Guard0x7f80b6e02800>) [p2, p15, p11, p17, p19, p21, i43, p0, p1, p3, p4]
+1084: i71 = getfield_gc_i(p0, descr=<FieldS rpyeffect.stack.Label.inst_origin 8 pure>)
+1102: guard_value(i71, 182278, descr=<Guard0x7f80b6e02830>) [p2, p15, p11, p17, p19, p21, i43, p0, p1, p3, p4]
+1115: p73 = getfield_gc_r(p3, descr=<FieldP rpyeffect.stack.MetaStack.inst_region 24 pure>)
+1133: guard_isnull(p73, descr=<Guard0x7f80b6e02860>) [p2, p15, p11, p17, p19, p21, i43, p0, p1, p3, p4]
+1142: p74 = getfield_gc_r(p3, descr=<FieldP rpyeffect.stack.MetaStack.inst_label 16 pure>)
+1146: guard_nonnull(p74, descr=<Guard0x7f80b6e02890>) [p2, p15, p11, p17, p19, p21, i43, p0, p1, p3, p4]
+1155: i75 = getfield_gc_i(p74, descr=<FieldS rpyeffect.stack.Label.inst_origin 8 pure>)
+1166: guard_value(i75, 182273, descr=<Guard0x7f80b6e028c0>) [p2, p15, p11, p17, p19, p21, i43, p0, p1, p3, p4]
+1179: p77 = getfield_gc_r(p3, descr=<FieldP rpyeffect.stack.MetaStack.inst_tail 32 pure>)
+1183: p78 = getfield_gc_r(p77, descr=<FieldP rpyeffect.stack.MetaStack.inst_region 24 pure>)
+1194: guard_isnull(p78, descr=<Guard0x7f80b6e028f0>) [p2, p15, p11, p17, p19, p21, i43, p0, p1, p3, p4]
+1203: p79 = getfield_gc_r(p77, descr=<FieldP rpyeffect.stack.MetaStack.inst_label 16 pure>)
+1207: guard_nonnull(p79, descr=<Guard0x7f80b6e02920>) [p2, p15, p11, p17, p19, p21, i43, p0, p1, p3, p4]
+1216: i80 = getfield_gc_i(p79, descr=<FieldS rpyeffect.stack.Label.inst_origin 8 pure>)
+1228: guard_value(i80, 158720, descr=<Guard0x7f80b6e02950>) [p2, p15, p11, p17, p19, p21, i43, p0, p1, p3, p4]
+1241: p82 = getfield_gc_r(p77, descr=<FieldP rpyeffect.stack.MetaStack.inst_tail 32 pure>)
+1245: p83 = getfield_gc_r(p82, descr=<FieldP rpyeffect.stack.MetaStack.inst_region 24 pure>)
+1256: guard_isnull(p83, descr=<Guard0x7f80b6e02980>) [p2, p15, p11, p17, p19, p21, i43, p0, p1, p3, p4]
+1265: p84 = getfield_gc_r(p82, descr=<FieldP rpyeffect.stack.MetaStack.inst_label 16 pure>)
+1269: guard_nonnull(p84, descr=<Guard0x7f80b6e029b0>) [p2, p15, p11, p17, p19, p21, i43, p0, p1, p3, p4]
+1278: i85 = getfield_gc_i(p84, descr=<FieldS rpyeffect.stack.Label.inst_origin 8 pure>)
+1289: guard_value(i85, 153605, descr=<Guard0x7f80b6e029e0>) [p2, p15, p11, p17, p19, p21, i43, p0, p1, p3, p4]
+1302: i87 = instance_ptr_eq(p84, p65)
+1305: guard_true(i87, descr=<Guard0x7f80b6e02a10>) [p2, p15, p11, p17, p19, p21, i43, p0, p1, p3, p4]
+1311: p88 = getfield_gc_r(p82, descr=<FieldP rpyeffect.stack.MetaStackLike.inst_stack 8 pure>)
+1315: guard_class(p82, 8701856, descr=<Guard0x7f80b6e02a40>) [p2, p15, p11, p17, p19, p21, i43, p0, p1, p3, p4]
+1327: p90 = getfield_gc_r(p82, descr=<FieldP rpyeffect.stack.MetaStack.inst_tail 32 pure>)
+1331: p91 = getfield_gc_r(p77, descr=<FieldP rpyeffect.stack.MetaStackLike.inst_stack 8 pure>)
+1335: guard_class(p77, 8701856, descr=<Guard0x7f80b6e02a70>) [p2, p15, p11, p17, p19, p21, i43, p0, p1, p3, p4]
+1348: p93 = getfield_gc_r(p3, descr=<FieldP rpyeffect.stack.MetaStackLike.inst_stack 8 pure>)
+1352: guard_class(p3, 8701856, descr=<Guard0x7f80b6e02aa0>) [p2, p15, p11, p17, p19, p21, i43, p0, p1, p3, p4]
+1364: guard_nonnull_class(p90, 8701856, descr=<Guard0x7f80b6dd11d8>) [p2, p15, p11, p17, p19, p21, i43, p0, p1, p3, p4]
+1382: p96 = getfield_gc_r(p90, descr=<FieldP rpyeffect.stack.MetaStackLike.inst_stack 8 pure>)
+1393: p97 = getfield_gc_r(p90, descr=<FieldP rpyeffect.stack.MetaStack.inst_label 16 pure>)
+1397: p98 = getfield_gc_r(p90, descr=<FieldP rpyeffect.stack.MetaStack.inst_tail 32 pure>)
+1408: guard_nonnull(p96, descr=<Guard0x7f80b6e02ad0>) [p2, p15, p11, p17, p19, p21, i43, p0, p1, p3, p4]
+1417: p99 = getfield_gc_r(p96, descr=<FieldP rpyeffect.stored_environment.Stack__arb.inst_tail 8 pure>)
+1421: guard_nonnull(p99, descr=<Guard0x7f80b6e02b00>) [p2, p15, p11, p17, p19, p21, i43, p0, p1, p3, p4]
+1430: i100 = getfield_gc_i(p96, descr=<FieldS rpyeffect.stored_environment.Stack__arb.inst_target 16 pure>)
+1434: i102 = int_lshift(i100, 14)
+1445: i103 = getfield_gc_i(p99, descr=<FieldS rpyeffect.stored_environment.Stack__arb.inst_target 16 pure>)
+1456: i104 = int_add(i102, i103)
+1459: guard_value(i104, 2359439, descr=<Guard0x7f80b6e02b30>) [p2, p15, p11, p17, p19, p21, i43, p0, p1, p3, p4]
debug_merge_point(0, 0, '148<main.rpyeffect:148([method_Emit2840@Name(sum2829)#296])>+2: {"op": "Load". "out": 3. "type": "any". "ref": 2}')
+1472: p106 = getfield_gc_r(p66, descr=<FieldP rpyeffect.region.Ref.inst_allocation_site 8 pure>)
+1490: guard_value(p106, ConstPtr(ptr107), descr=<Guard0x7f80b6e02b60>) [p2, p15, p11, p17, p19, p21, i43, p0, p1, p3, p4]
+1499: p108 = getfield_gc_r(p66, descr=<FieldP rpyeffect.region.Ref.inst_value 16>)
+1503: i109 = getfield_gc_i(p108, descr=<FieldS rpyeffect.value.UnboxedIntValueRef.inst_value 8>)
debug_merge_point(0, 0, '148<main.rpyeffect:148([method_Emit2840@Name(sum2829)#296])>+3: {"op": "Push". "target": 147. "args": {"any": [1. 2]}}')
debug_merge_point(0, 0, '148<main.rpyeffect:148([method_Emit2840@Name(sum2829)#296])>+4: {"op": "Copy". "type": "any". "from": 0. "to". 1}')
debug_merge_point(0, 0, '148<main.rpyeffect:148([method_Emit2840@Name(sum2829)#296])>+5: {"op": "Copy". "type": "any". "from": 3. "to". 0}')
debug_merge_point(0, 0, '148<main.rpyeffect:148([method_Emit2840@Name(sum2829)#296])>+6: {"op": "Jump". "target": 6}')
+1507: i111 = int_add(2408448, i100)
+1526: guard_value(i111, 2408592, descr=<Guard0x7f80b6e02b90>) [p2, p15, p11, p17, p19, p21, i43, p0, p1, p3, p4]
debug_merge_point(0, 0, '6<main.rpyeffect:6(Name(infixAdd96))>+0: {"op": "PrimOp". "name": "infixAdd(Int. Int): Int". "out": {"any": [0]}. "in": {"any": [0. 1]}}')
+1539: i113 = getfield_gc_i(p60, descr=<FieldS rpyeffect.value.IntValue.inst_value 8 pure>)
+1543: i114 = int_add(i109, i113)
debug_merge_point(0, 0, '6<main.rpyeffect:6(Name(infixAdd96))>+1: {"op": "Return". "args": {"any": [0]}}')
debug_merge_point(0, 0, '147<main.rpyeffect:147([k@[method_Emit2840@Name(sum2829)#296]#301])>+0: {"op": "Store". "ref": 2. "type": "any". "value": 0}')
debug_merge_point(0, 0, '147<main.rpyeffect:147([k@[method_Emit2840@Name(sum2829)#296]#301])>+1: {"op": "Construct". "out": 0. "type": Interned(Unit). "tag": Interned(unit). "args": {"any": []}}')
debug_merge_point(0, 0, '147<main.rpyeffect:147([k@[method_Emit2840@Name(sum2829)#296]#301])>+2: {"op": "Construct". "out": 0. "type": Interned(Unit). "tag": Interned(unit). "args": {"any": []}}')
debug_merge_point(0, 0, '147<main.rpyeffect:147([k@[method_Emit2840@Name(sum2829)#296]#301])>+3: {"op": "Jump". "target": 142}')
+1549: i116 = int_add(2359296, i103)
+1556: setfield_gc(p108, i114, descr=<FieldS rpyeffect.value.UnboxedIntValueRef.inst_value 8>)
+1560: guard_value(i116, 2359439, descr=<Guard0x7f80b6dd1220>) [p2, p66, p57, p19, p21, i116, p97, p96, p98, i109, p84, p88, p79, p91, p74, p93, p0, p1, p59, p58, p49, p48]
debug_merge_point(0, 0, '142<main.rpyeffect:142(Name(resume2845))>+0: {"op": "PushStack". "arg": 1}')
debug_merge_point(0, 0, '142<main.rpyeffect:142(Name(resume2845))>+1: {"op": "Return". "args": {"any": [0]}}')
debug_merge_point(0, 0, '134<main.rpyeffect:134([k@[k@[then#263]#265]#272])>+0: {"op": "Const". "type": "ptr". "out": 0. "format": "int". "value": "<IntValue object at 0x7f80b6dc1860>"}')
debug_merge_point(0, 0, '134<main.rpyeffect:134([k@[k@[then#263]#265]#272])>+1: {"op": "Swap". "type": "any". "a": 2. "b". 1}')
debug_merge_point(0, 0, '134<main.rpyeffect:134([k@[k@[then#263]#265]#272])>+2: {"op": "Jump". "target": 141}')
debug_merge_point(0, 0, '141<main.rpyeffect:141(Name(parse2827))>+0: {"op": "Push". "target": 140. "args": {"any": [2. 1. 3. 0]}}')
+1573: p118 = new_with_vtable(descr=<SizeDescr 40>)
+1620: p119 = new_with_vtable(descr=<SizeDescr 40>)
+1631: setfield_gc(p119, p93, descr=<FieldP rpyeffect.stack.MetaStackLike.inst_stack 8 pure>)
+1635: setfield_gc(p119, p74, descr=<FieldP rpyeffect.stack.MetaStack.inst_label 16 pure>)
+1639: setfield_gc(p119, ConstPtr(null), descr=<FieldP rpyeffect.stack.MetaStack.inst_region 24 pure>)
+1647: p121 = new_with_vtable(descr=<SizeDescr 40>)
+1658: setfield_gc(p121, p91, descr=<FieldP rpyeffect.stack.MetaStackLike.inst_stack 8 pure>)
+1662: setfield_gc(p121, p79, descr=<FieldP rpyeffect.stack.MetaStack.inst_label 16 pure>)
+1666: setfield_gc(p121, ConstPtr(null), descr=<FieldP rpyeffect.stack.MetaStack.inst_region 24 pure>)
+1674: p123 = new_with_vtable(descr=<SizeDescr 40>)
+1686: setfield_gc(p123, p88, descr=<FieldP rpyeffect.stack.MetaStackLike.inst_stack 8 pure>)
+1691: setfield_gc(p123, p84, descr=<FieldP rpyeffect.stack.MetaStack.inst_label 16 pure>)
+1696: setfield_gc(p123, ConstPtr(null), descr=<FieldP rpyeffect.stack.MetaStack.inst_region 24 pure>)
+1705: p125 = new_with_vtable(descr=<SizeDescr 40>)
+1717: setfield_gc(p125, p96, descr=<FieldP rpyeffect.stack.MetaStackLike.inst_stack 8 pure>)
+1721: setfield_gc(p125, p97, descr=<FieldP rpyeffect.stack.MetaStack.inst_label 16 pure>)
+1725: setfield_gc(p125, ConstPtr(null), descr=<FieldP rpyeffect.stack.MetaStack.inst_region 24 pure>)
+1733: setfield_gc(p125, p98, descr=<FieldP rpyeffect.stack.MetaStack.inst_tail 32 pure>)
+1744: setfield_gc(p123, p125, descr=<FieldP rpyeffect.stack.MetaStack.inst_tail 32 pure>)
+1749: setfield_gc(p121, p123, descr=<FieldP rpyeffect.stack.MetaStack.inst_tail 32 pure>)
+1753: setfield_gc(p119, p121, descr=<FieldP rpyeffect.stack.MetaStack.inst_tail 32 pure>)
+1757: setfield_gc(p118, ConstPtr(null), descr=<FieldP rpyeffect.stack.MetaStack.inst_region 24 pure>)
+1765: setfield_gc(p118, p1, descr=<FieldP rpyeffect.stack.MetaStackLike.inst_stack 8 pure>)
+1776: setfield_gc(p118, p119, descr=<FieldP rpyeffect.stack.MetaStack.inst_tail 32 pure>)
+1780: setfield_gc(p118, p0, descr=<FieldP rpyeffect.stack.MetaStack.inst_label 16 pure>)
+1798: jump(p48, p49, p2, p118, ConstPtr(ptr128), ConstPtr(ptr129), p58, p57, p59, p57, p57, p19, p21, descr=TargetToken(140190800451104))
+1968: --end of the loop--
[623aba1461c2] jit-log-opt-loop}
[623aba499a59] {jit-log-opt-bridge
# bridge out of Guard 0x7f80b6ddfb20 with 218 ops
[p0, p1, p2, p3, p4, p5, p6, p7, p8, p9, p10, p11, i12]
+414: guard_not_invalidated(descr=<Guard0x7f80b6dd1340>) [p0, p1, p2, p3, p4, p5, p6, p7, p8, p9, p10, p11, i12]
debug_merge_point(0, 0, '141<main.rpyeffect:141(Name(parse2827))>+1: {"op": "Invoke". "receiver": 1. "tag": Interned(Read2838). "args" : {"any": []}}')
+414: p13 = getfield_gc_r(p1, descr=<FieldP rpyeffect.codata.CoData.inst_vtable 8 pure>)
+432: guard_value(p13, ConstPtr(ptr14), descr=<Guard0x7f80b6e14020>) [p0, p1, p2, p3, p4, p5, p6, p7, p8, p9, p10, p11, i12]
+441: p15 = getfield_gc_r(p1, descr=<FieldP rpyeffect.stored_environment.CoData__5.inst_values_ptr_0 24 pure>)
+441: p16 = getfield_gc_r(p1, descr=<FieldP rpyeffect.stored_environment.CoData__5.inst_values_ptr_1 32 pure>)
+445: p17 = getfield_gc_r(p1, descr=<FieldP rpyeffect.stored_environment.CoData__5.inst_values_ptr_2 40 pure>)
+449: p18 = getfield_gc_r(p1, descr=<FieldP rpyeffect.stored_environment.CoData__5.inst_values_ptr_3 48 pure>)
+453: p19 = getfield_gc_r(p1, descr=<FieldP rpyeffect.stored_environment.CoData__5.inst_values_ptr_4 56 pure>)
debug_merge_point(0, 0, '176<main.rpyeffect:176([method_Read2838@Name(feed2834)#338])>+0: {"op": "Const". "type": "ptr". "out": 5. "format": "int". "value": "<IntValue object at 0x7f80b6de2090>"}')
debug_merge_point(0, 0, '176<main.rpyeffect:176([method_Read2838@Name(feed2834)#338])>+1: {"op": "ShiftDyn". "out": 4. "n": 5. "label": 4}')
+457: guard_nonnull(p7, descr=<Guard0x7f80b6e14050>) [p0, p1, p2, p3, p4, p5, p6, p7, p8, p9, p10, p11, i12]
+471: guard_nonnull(p19, descr=<Guard0x7f80b6e14080>) [p0, p1, p2, p3, p4, p5, p6, p7, p8, p9, p10, p11, i12]
+480: i20 = getfield_gc_i(p7, descr=<FieldS rpyeffect.stack.Label.inst_origin 8 pure>)
+491: guard_value(i20, 182282, descr=<Guard0x7f80b6e140b0>) [p0, p1, p2, p3, p4, p5, p6, p7, p8, p9, p10, p11, i12]
+504: i22 = getfield_gc_i(p19, descr=<FieldS rpyeffect.stack.Label.inst_origin 8 pure>)
+508: guard_value(i22, 182282, descr=<Guard0x7f80b6e140e0>) [p0, p1, p2, p3, p4, p5, p6, p7, p8, p9, p10, p11, i12]
+521: i24 = instance_ptr_eq(p7, p19)
+524: guard_true(i24, descr=<Guard0x7f80b6e14110>) [p0, p1, p2, p3, p4, p5, p6, p7, p8, p9, p10, p11, i12]
+530: guard_nonnull(p11, descr=<Guard0x7f80b6e14140>) [p0, p1, p2, p3, p4, p5, p6, p7, p8, p9, p10, p11, i12]
+544: p25 = getfield_gc_r(p11, descr=<FieldP rpyeffect.stored_environment.Stack__arb.inst_tail 8 pure>)
+555: guard_isnull(p25, descr=<Guard0x7f80b6e14170>) [p0, p1, p2, p3, p4, p5, p6, p7, p8, p9, p10, p11, i12]
+564: i26 = getfield_gc_i(p11, descr=<FieldS rpyeffect.stored_environment.Stack__arb.inst_target 16 pure>)
+568: guard_value(i26, 158, descr=<Guard0x7f80b6e141a0>) [p0, p1, p2, p3, p4, p5, p6, p7, p8, p9, p10, p11, i12]
debug_merge_point(0, 0, '176<main.rpyeffect:176([method_Read2838@Name(feed2834)#338])>+2: {"op": "Load". "out": 5. "type": "any". "ref": 1}')
+581: p28 = getfield_gc_r(p16, descr=<FieldP rpyeffect.region.Ref.inst_allocation_site 8 pure>)
+592: guard_value(p28, ConstPtr(ptr29), descr=<Guard0x7f80b6e141d0>) [p0, p1, p2, p3, p4, p5, p6, p7, p8, p9, p10, p11, i12]
+601: p30 = getfield_gc_r(p16, descr=<FieldP rpyeffect.region.Ref.inst_value 16>)
+605: i31 = getfield_gc_i(p30, descr=<FieldS rpyeffect.value.UnboxedIntValueRef.inst_value 8>)
debug_merge_point(0, 0, '176<main.rpyeffect:176([method_Read2838@Name(feed2834)#338])>+3: {"op": "Push". "target": 175. "args": {"any": [0. 1. 2. 4]}}')
debug_merge_point(0, 0, '176<main.rpyeffect:176([method_Read2838@Name(feed2834)#338])>+4: {"op": "Copy". "type": "any". "from": 5. "to". 0}')
debug_merge_point(0, 0, '176<main.rpyeffect:176([method_Read2838@Name(feed2834)#338])>+5: {"op": "Copy". "type": "any". "from": 3. "to". 1}')
debug_merge_point(0, 0, '176<main.rpyeffect:176([method_Read2838@Name(feed2834)#338])>+6: {"op": "Jump". "target": 10}')
debug_merge_point(0, 0, '10<main.rpyeffect:10(Name(infixGt184))>+0: {"op": "PrimOp". "name": "infixGt(Int. Int): Boolean". "out": {"any": [0]}. "in": {"any": [0. 1]}}')
+609: i32 = getfield_gc_i(p18, descr=<FieldS rpyeffect.value.IntValue.inst_value 8 pure>)
+613: i33 = int_gt(i31, i32)
debug_merge_point(0, 0, '10<main.rpyeffect:10(Name(infixGt184))>+1: {"op": "Return". "args": {"any": [0]}}')
debug_merge_point(0, 0, '175<main.rpyeffect:175([k@[method_Read2838@Name(feed2834)#338]#343])>+0: {"op": "Swap". "type": "any". "a": 0. "b". 4}')
debug_merge_point(0, 0, '175<main.rpyeffect:175([k@[method_Read2838@Name(feed2834)#338]#343])>+1: {"op": "Swap". "type": "any". "a": 3. "b". 4}')
debug_merge_point(0, 0, '175<main.rpyeffect:175([k@[method_Read2838@Name(feed2834)#338]#343])>+2: {"op": "Swap". "type": "any". "a": 2. "b". 1}')
debug_merge_point(0, 0, '175<main.rpyeffect:175([k@[method_Read2838@Name(feed2834)#338]#343])>+3: {"op": "IfZero". "cond": 3. "then": {"tag": null. "target": 171. "args": {"any": []}}}')
+616: guard_false(i33, descr=<Guard0x7f80b6e14200>) [p0, p1, p2, p3, p4, p5, p6, p7, p8, p9, p10, p11, i12]
debug_merge_point(0, 0, '171<main.rpyeffect:171([then#347])>+0: {"op": "Load". "out": 2. "type": "any". "ref": 4}')
+622: p34 = getfield_gc_r(p17, descr=<FieldP rpyeffect.region.Ref.inst_allocation_site 8 pure>)
+633: guard_value(p34, ConstPtr(ptr35), descr=<Guard0x7f80b6e14230>) [p0, p1, p2, p3, p4, p5, p6, p7, p8, p9, p10, p11, i12]
+642: p36 = getfield_gc_r(p17, descr=<FieldP rpyeffect.region.Ref.inst_value 16>)
+646: i37 = getfield_gc_i(p36, descr=<FieldS rpyeffect.value.UnboxedIntValueRef.inst_value 8>)
debug_merge_point(0, 0, '171<main.rpyeffect:171([then#347])>+1: {"op": "Const". "type": "ptr". "out": 3. "format": "int". "value": "<IntValue object at 0x7f80b6de2740>"}')
debug_merge_point(0, 0, '171<main.rpyeffect:171([then#347])>+2: {"op": "Push". "target": 170. "args": {"any": [1. 4. 0]}}')
debug_merge_point(0, 0, '171<main.rpyeffect:171([then#347])>+3: {"op": "Copy". "type": "any". "from": 3. "to". 1}')
debug_merge_point(0, 0, '171<main.rpyeffect:171([then#347])>+4: {"op": "Copy". "type": "any". "from": 2. "to". 0}')
debug_merge_point(0, 0, '171<main.rpyeffect:171([then#347])>+5: {"op": "Jump". "target": 4}')
debug_merge_point(0, 0, '4<main.rpyeffect:4(Name(infixEq72))>+0: {"op": "PrimOp". "name": "infixEq(Int. Int): Boolean". "out": {"any": [0]}. "in": {"any": [0. 1]}}')
+650: i39 = int_eq(i37, 0)
debug_merge_point(0, 0, '4<main.rpyeffect:4(Name(infixEq72))>+1: {"op": "Return". "args": {"any": [0]}}')
debug_merge_point(0, 0, '170<main.rpyeffect:170([k@[then#347]#352])>+0: {"op": "Swap". "type": "any". "a": 0. "b". 3}')
debug_merge_point(0, 0, '170<main.rpyeffect:170([k@[then#347]#352])>+1: {"op": "IfZero". "cond": 3. "then": {"tag": null. "target": 166. "args": {"any": []}}}')
+654: guard_true(i39, descr=<Guard0x7f80b6e14260>) [p0, p1, p2, p3, p4, p5, p6, p7, p8, p9, p10, p11, i12]
debug_merge_point(0, 0, '170<main.rpyeffect:170([k@[then#347]#352])>+2: {"op": "Load". "out": 3. "type": "any". "ref": 1}')
debug_merge_point(0, 0, '170<main.rpyeffect:170([k@[then#347]#352])>+3: {"op": "Const". "type": "ptr". "out": 4. "format": "int". "value": "<IntValue object at 0x7f80b6de2770>"}')
debug_merge_point(0, 0, '170<main.rpyeffect:170([k@[then#347]#352])>+4: {"op": "Push". "target": 169. "args": {"any": [1. 2. 0]}}')
debug_merge_point(0, 0, '170<main.rpyeffect:170([k@[then#347]#352])>+5: {"op": "Copy". "type": "any". "from": 4. "to". 1}')
debug_merge_point(0, 0, '170<main.rpyeffect:170([k@[then#347]#352])>+6: {"op": "Copy". "type": "any". "from": 3. "to". 0}')
debug_merge_point(0, 0, '170<main.rpyeffect:170([k@[then#347]#352])>+7: {"op": "Jump". "target": 6}')
debug_merge_point(0, 0, '6<main.rpyeffect:6(Name(infixAdd96))>+0: {"op": "PrimOp". "name": "infixAdd(Int. Int): Int". "out": {"any": [0]}. "in": {"any": [0. 1]}}')
+660: i41 = int_add(i31, 1)
debug_merge_point(0, 0, '6<main.rpyeffect:6(Name(infixAdd96))>+1: {"op": "Return". "args": {"any": [0]}}')
debug_merge_point(0, 0, '169<main.rpyeffect:169([k@[k@[then#347]#352]#372])>+0: {"op": "Store". "ref": 1. "type": "any". "value": 0}')
debug_merge_point(0, 0, '169<main.rpyeffect:169([k@[k@[then#347]#352]#372])>+1: {"op": "Construct". "out": 0. "type": Interned(Unit). "tag": Interned(unit). "args": {"any": []}}')
debug_merge_point(0, 0, '169<main.rpyeffect:169([k@[k@[then#347]#352]#372])>+2: {"op": "Load". "out": 0. "type": "any". "ref": 1}')
debug_merge_point(0, 0, '169<main.rpyeffect:169([k@[k@[then#347]#352]#372])>+3: {"op": "Store". "ref": 2. "type": "any". "value": 0}')
+664: setfield_gc(p30, i41, descr=<FieldS rpyeffect.value.UnboxedIntValueRef.inst_value 8>)
debug_merge_point(0, 0, '169<main.rpyeffect:169([k@[k@[then#347]#352]#372])>+4: {"op": "Construct". "out": 0. "type": Interned(Unit). "tag": Interned(unit). "args": {"any": []}}')
debug_merge_point(0, 0, '169<main.rpyeffect:169([k@[k@[then#347]#352]#372])>+5: {"op": "Push". "target": 168. "args": {"any": [3]}}')
debug_merge_point(0, 0, '169<main.rpyeffect:169([k@[k@[then#347]#352]#372])>+6: {"op": "Jump". "target": 125}')
debug_merge_point(0, 0, '125<main.rpyeffect:125(Name(newline2820))>+0: {"op": "Const". "type": "ptr". "out": 0. "format": "int". "value": "<IntValue object at 0x7f80b6dc19a0>"}')
debug_merge_point(0, 0, '125<main.rpyeffect:125(Name(newline2820))>+1: {"op": "Return". "args": {"any": [0]}}')
debug_merge_point(0, 0, '168<main.rpyeffect:168([k@[k@[k@[then#347]#352]#372]#378])>+0: {"op": "Jump". "target": 156}')
debug_merge_point(0, 0, '156<main.rpyeffect:156(Name(resume2849))>+0: {"op": "PushStack". "arg": 1}')
+668: setfield_gc(p36, i41, descr=<FieldS rpyeffect.value.UnboxedIntValueRef.inst_value 8>)
+672: guard_nonnull(p8, descr=<Guard0x7f80b6dd1388>) [p0, p17, p5, p6, p7, p8, i31, p3, p1, p2, p9, p10, p11, i12]
+686: i42 = getfield_gc_i(p8, descr=<FieldS rpyeffect.stored_environment.Stack__arb.inst_target 16 pure>)
+698: i44 = int_add(2293760, i42)
+705: guard_value(i44, 2293920, descr=<Guard0x7f80b6e14290>) [p0, p17, p5, p6, p7, p8, i31, p3, p1, p2, p9, p10, p11, i12]
debug_merge_point(0, 0, '156<main.rpyeffect:156(Name(resume2849))>+1: {"op": "Return". "args": {"any": [0]}}')
+718: p46 = getfield_gc_r(p8, descr=<FieldP rpyeffect.stored_environment.Stack__arb.inst_tail 8 pure>)
+723: guard_isnull(p46, descr=<Guard0x7f80b6e142c0>) [p0, p17, p5, p6, p7, p8, i31, p3, p1, p2, p9, p10, p11, i12]
debug_merge_point(0, 0, '140<main.rpyeffect:140([k@Name(parse2827)#258])>+0: {"op": "Push". "target": 139. "args": {"any": [1. 2. 3. 4. 0]}}')
debug_merge_point(0, 0, '140<main.rpyeffect:140([k@Name(parse2827)#258])>+1: {"op": "Jump". "target": 128}')
debug_merge_point(0, 0, '128<main.rpyeffect:128(Name(isDollar2825))>+0: {"op": "Const". "type": "ptr". "out": 1. "format": "int". "value": "<IntValue object at 0x7f80b6dc1920>"}')
debug_merge_point(0, 0, '128<main.rpyeffect:128(Name(isDollar2825))>+1: {"op": "Jump". "target": 4}')
debug_merge_point(0, 0, '4<main.rpyeffect:4(Name(infixEq72))>+0: {"op": "PrimOp". "name": "infixEq(Int. Int): Boolean". "out": {"any": [0]}. "in": {"any": [0. 1]}}')
debug_merge_point(0, 0, '4<main.rpyeffect:4(Name(infixEq72))>+1: {"op": "Return". "args": {"any": [0]}}')
debug_merge_point(0, 0, '139<main.rpyeffect:139([k@[k@Name(parse2827)#258]#260])>+0: {"op": "Swap". "type": "any". "a": 2. "b". 5}')
debug_merge_point(0, 0, '139<main.rpyeffect:139([k@[k@Name(parse2827)#258]#260])>+1: {"op": "Swap". "type": "any". "a": 0. "b". 5}')
debug_merge_point(0, 0, '139<main.rpyeffect:139([k@[k@Name(parse2827)#258]#260])>+2: {"op": "Swap". "type": "any". "a": 1. "b". 5}')
debug_merge_point(0, 0, '139<main.rpyeffect:139([k@[k@Name(parse2827)#258]#260])>+3: {"op": "IfZero". "cond": 1. "then": {"tag": null. "target": 136. "args": {"any": []}}}')
debug_merge_point(0, 0, '136<main.rpyeffect:136([then#263])>+0: {"op": "Push". "target": 135. "args": {"any": [5. 0. 3. 4]}}')
debug_merge_point(0, 0, '136<main.rpyeffect:136([then#263])>+1: {"op": "Copy". "type": "any". "from": 2. "to". 0}')
debug_merge_point(0, 0, '136<main.rpyeffect:136([then#263])>+2: {"op": "Jump". "target": 126}')
debug_merge_point(0, 0, '126<main.rpyeffect:126(Name(isNewline2822))>+0: {"op": "Const". "type": "ptr". "out": 1. "format": "int". "value": "<IntValue object at 0x7f80b6dc1970>"}')
debug_merge_point(0, 0, '126<main.rpyeffect:126(Name(isNewline2822))>+1: {"op": "Jump". "target": 4}')
debug_merge_point(0, 0, '4<main.rpyeffect:4(Name(infixEq72))>+0: {"op": "PrimOp". "name": "infixEq(Int. Int): Boolean". "out": {"any": [0]}. "in": {"any": [0. 1]}}')
debug_merge_point(0, 0, '4<main.rpyeffect:4(Name(infixEq72))>+1: {"op": "Return". "args": {"any": [0]}}')
debug_merge_point(0, 0, '135<main.rpyeffect:135([k@[then#263]#265])>+0: {"op": "Swap". "type": "any". "a": 3. "b". 4}')
debug_merge_point(0, 0, '135<main.rpyeffect:135([k@[then#263]#265])>+1: {"op": "Swap". "type": "any". "a": 2. "b". 4}')
debug_merge_point(0, 0, '135<main.rpyeffect:135([k@[then#263]#265])>+2: {"op": "Swap". "type": "any". "a": 0. "b". 4}')
debug_merge_point(0, 0, '135<main.rpyeffect:135([k@[then#263]#265])>+3: {"op": "Swap". "type": "any". "a": 1. "b". 4}')
debug_merge_point(0, 0, '135<main.rpyeffect:135([k@[then#263]#265])>+4: {"op": "IfZero". "cond": 1. "then": {"tag": null. "target": 132. "args": {"any": []}}}')
debug_merge_point(0, 0, '135<main.rpyeffect:135([k@[then#263]#265])>+5: {"op": "Push". "target": 134. "args": {"any": [4. 0. 2]}}')
debug_merge_point(0, 0, '135<main.rpyeffect:135([k@[then#263]#265])>+6: {"op": "Copy". "type": "any". "from": 3. "to". 0}')
debug_merge_point(0, 0, '135<main.rpyeffect:135([k@[then#263]#265])>+7: {"op": "Invoke". "receiver": 4. "tag": Interned(Emit2840). "args" : {"any": [0]}}')
+732: p47 = getfield_gc_r(p2, descr=<FieldP rpyeffect.codata.CoData.inst_vtable 8 pure>)
+750: guard_value(p47, ConstPtr(ptr48), descr=<Guard0x7f80b6e142f0>) [p0, p17, p5, p6, p7, p8, i31, p3, p1, p2, p9, p10, p11, i12]
+759: p49 = getfield_gc_r(p2, descr=<FieldP rpyeffect.stored_environment.CoData__2.inst_values_ptr_0 24 pure>)
+763: p50 = getfield_gc_r(p2, descr=<FieldP rpyeffect.stored_environment.CoData__2.inst_values_ptr_1 32 pure>)
debug_merge_point(0, 0, '148<main.rpyeffect:148([method_Emit2840@Name(sum2829)#296])>+0: {"op": "Const". "type": "ptr". "out": 3. "format": "int". "value": "<IntValue object at 0x7f80b6dc1600>"}')
debug_merge_point(0, 0, '148<main.rpyeffect:148([method_Emit2840@Name(sum2829)#296])>+1: {"op": "ShiftDyn". "out": 1. "n": 3. "label": 1}')
+767: guard_nonnull(p49, descr=<Guard0x7f80b6e14320>) [p0, p17, p5, p6, p7, p8, i31, p3, p1, p2, p9, p10, p11, i12]
+776: i51 = getfield_gc_i(p49, descr=<FieldS rpyeffect.stack.Label.inst_origin 8 pure>)
+780: guard_value(i51, 153605, descr=<Guard0x7f80b6e14350>) [p0, p17, p5, p6, p7, p8, i31, p3, p1, p2, p9, p10, p11, i12]
+793: guard_nonnull(p10, descr=<Guard0x7f80b6e14380>) [p0, p17, p5, p6, p7, p8, i31, p3, p1, p2, p9, p10, p11, i12]
+807: i53 = getfield_gc_i(p10, descr=<FieldS rpyeffect.stack.Label.inst_origin 8 pure>)
+818: guard_value(i53, 182278, descr=<Guard0x7f80b6e143b0>) [p0, p17, p5, p6, p7, p8, i31, p3, p1, p2, p9, p10, p11, i12]
+831: p55 = getfield_gc_r(p9, descr=<FieldP rpyeffect.stack.MetaStack.inst_region 24 pure>)
+842: guard_isnull(p55, descr=<Guard0x7f80b6e143e0>) [p0, p17, p5, p6, p7, p8, i31, p3, p1, p2, p9, p10, p11, i12]
+851: p56 = getfield_gc_r(p9, descr=<FieldP rpyeffect.stack.MetaStack.inst_label 16 pure>)
+855: guard_nonnull(p56, descr=<Guard0x7f80b6e14410>) [p0, p17, p5, p6, p7, p8, i31, p3, p1, p2, p9, p10, p11, i12]
+864: i57 = getfield_gc_i(p56, descr=<FieldS rpyeffect.stack.Label.inst_origin 8 pure>)
+868: guard_value(i57, 182273, descr=<Guard0x7f80b6e14440>) [p0, p17, p5, p6, p7, p8, i31, p3, p1, p2, p9, p10, p11, i12]
+881: p59 = getfield_gc_r(p9, descr=<FieldP rpyeffect.stack.MetaStack.inst_tail 32 pure>)
+885: p60 = getfield_gc_r(p59, descr=<FieldP rpyeffect.stack.MetaStack.inst_region 24 pure>)
+889: guard_isnull(p60, descr=<Guard0x7f80b6e14470>) [p0, p17, p5, p6, p7, p8, i31, p3, p1, p2, p9, p10, p11, i12]
+898: p61 = getfield_gc_r(p59, descr=<FieldP rpyeffect.stack.MetaStack.inst_label 16 pure>)
+902: guard_nonnull(p61, descr=<Guard0x7f80b6e144a0>) [p0, p17, p5, p6, p7, p8, i31, p3, p1, p2, p9, p10, p11, i12]
+911: i62 = getfield_gc_i(p61, descr=<FieldS rpyeffect.stack.Label.inst_origin 8 pure>)
+915: guard_value(i62, 158720, descr=<Guard0x7f80b6e144d0>) [p0, p17, p5, p6, p7, p8, i31, p3, p1, p2, p9, p10, p11, i12]
+928: p64 = getfield_gc_r(p59, descr=<FieldP rpyeffect.stack.MetaStack.inst_tail 32 pure>)
+932: p65 = getfield_gc_r(p64, descr=<FieldP rpyeffect.stack.MetaStack.inst_region 24 pure>)
+937: guard_isnull(p65, descr=<Guard0x7f80b6e14500>) [p0, p17, p5, p6, p7, p8, i31, p3, p1, p2, p9, p10, p11, i12]
+946: p66 = getfield_gc_r(p64, descr=<FieldP rpyeffect.stack.MetaStack.inst_label 16 pure>)
+951: guard_nonnull(p66, descr=<Guard0x7f80b6e14530>) [p0, p17, p5, p6, p7, p8, i31, p3, p1, p2, p9, p10, p11, i12]
+960: i67 = getfield_gc_i(p66, descr=<FieldS rpyeffect.stack.Label.inst_origin 8 pure>)
+971: guard_value(i67, 153605, descr=<Guard0x7f80b6e14560>) [p0, p17, p5, p6, p7, p8, i31, p3, p1, p2, p9, p10, p11, i12]
+984: i69 = instance_ptr_eq(p66, p49)
+987: guard_true(i69, descr=<Guard0x7f80b6e14590>) [p0, p17, p5, p6, p7, p8, i31, p3, p1, p2, p9, p10, p11, i12]
+993: p70 = getfield_gc_r(p64, descr=<FieldP rpyeffect.stack.MetaStackLike.inst_stack 8 pure>)
+998: guard_class(p64, 8701856, descr=<Guard0x7f80b6e145c0>) [p0, p17, p5, p6, p7, p8, i31, p3, p1, p2, p9, p10, p11, i12]
+1012: p72 = getfield_gc_r(p64, descr=<FieldP rpyeffect.stack.MetaStack.inst_tail 32 pure>)
+1017: p73 = getfield_gc_r(p59, descr=<FieldP rpyeffect.stack.MetaStackLike.inst_stack 8 pure>)
+1021: guard_class(p59, 8701856, descr=<Guard0x7f80b6e145f0>) [p0, p17, p5, p6, p7, p8, i31, p3, p1, p2, p9, p10, p11, i12]
+1033: p75 = getfield_gc_r(p9, descr=<FieldP rpyeffect.stack.MetaStackLike.inst_stack 8 pure>)
+1037: guard_class(p9, 8701856, descr=<Guard0x7f80b6e14620>) [p0, p17, p5, p6, p7, p8, i31, p3, p1, p2, p9, p10, p11, i12]
+1049: guard_nonnull_class(p72, 8701856, descr=<Guard0x7f80b6dd13d0>) [p0, p17, p5, p6, p7, p8, i31, p3, p1, p2, p9, p10, p11, i12]
+1067: p78 = getfield_gc_r(p72, descr=<FieldP rpyeffect.stack.MetaStackLike.inst_stack 8 pure>)
+1078: p79 = getfield_gc_r(p72, descr=<FieldP rpyeffect.stack.MetaStack.inst_label 16 pure>)
+1082: p80 = getfield_gc_r(p72, descr=<FieldP rpyeffect.stack.MetaStack.inst_tail 32 pure>)
+1093: guard_nonnull(p78, descr=<Guard0x7f80b6e14650>) [p0, p17, p5, p6, p7, p8, i31, p3, p1, p2, p9, p10, p11, i12]
+1102: p81 = getfield_gc_r(p78, descr=<FieldP rpyeffect.stored_environment.Stack__arb.inst_tail 8 pure>)
+1106: guard_nonnull(p81, descr=<Guard0x7f80b6e14680>) [p0, p17, p5, p6, p7, p8, i31, p3, p1, p2, p9, p10, p11, i12]
+1115: i82 = getfield_gc_i(p78, descr=<FieldS rpyeffect.stored_environment.Stack__arb.inst_target 16 pure>)
+1119: i84 = int_lshift(i82, 14)
+1130: i85 = getfield_gc_i(p81, descr=<FieldS rpyeffect.stored_environment.Stack__arb.inst_target 16 pure>)
+1141: i86 = int_add(i84, i85)
+1144: guard_value(i86, 2359439, descr=<Guard0x7f80b6e146b0>) [p0, p17, p5, p6, p7, p8, i31, p3, p1, p2, p9, p10, p11, i12]
debug_merge_point(0, 0, '148<main.rpyeffect:148([method_Emit2840@Name(sum2829)#296])>+2: {"op": "Load". "out": 3. "type": "any". "ref": 2}')
+1157: p88 = getfield_gc_r(p50, descr=<FieldP rpyeffect.region.Ref.inst_allocation_site 8 pure>)
+1175: guard_value(p88, ConstPtr(ptr89), descr=<Guard0x7f80b6e146e0>) [p0, p17, p5, p6, p7, p8, i31, p3, p1, p2, p9, p10, p11, i12]
+1184: p90 = getfield_gc_r(p50, descr=<FieldP rpyeffect.region.Ref.inst_value 16>)
+1188: i91 = getfield_gc_i(p90, descr=<FieldS rpyeffect.value.UnboxedIntValueRef.inst_value 8>)
debug_merge_point(0, 0, '148<main.rpyeffect:148([method_Emit2840@Name(sum2829)#296])>+3: {"op": "Push". "target": 147. "args": {"any": [1. 2]}}')
debug_merge_point(0, 0, '148<main.rpyeffect:148([method_Emit2840@Name(sum2829)#296])>+4: {"op": "Copy". "type": "any". "from": 0. "to". 1}')
debug_merge_point(0, 0, '148<main.rpyeffect:148([method_Emit2840@Name(sum2829)#296])>+5: {"op": "Copy". "type": "any". "from": 3. "to". 0}')
debug_merge_point(0, 0, '148<main.rpyeffect:148([method_Emit2840@Name(sum2829)#296])>+6: {"op": "Jump". "target": 6}')
+1192: i93 = int_add(2408448, i82)
+1212: guard_value(i93, 2408592, descr=<Guard0x7f80b6e14710>) [p0, p17, p5, p6, p7, p8, i31, p3, p1, p2, p9, p10, p11, i12]
debug_merge_point(0, 0, '6<main.rpyeffect:6(Name(infixAdd96))>+0: {"op": "PrimOp". "name": "infixAdd(Int. Int): Int". "out": {"any": [0]}. "in": {"any": [0. 1]}}')
+1225: i95 = int_add(i91, i12)
debug_merge_point(0, 0, '6<main.rpyeffect:6(Name(infixAdd96))>+1: {"op": "Return". "args": {"any": [0]}}')
debug_merge_point(0, 0, '147<main.rpyeffect:147([k@[method_Emit2840@Name(sum2829)#296]#301])>+0: {"op": "Store". "ref": 2. "type": "any". "value": 0}')
debug_merge_point(0, 0, '147<main.rpyeffect:147([k@[method_Emit2840@Name(sum2829)#296]#301])>+1: {"op": "Construct". "out": 0. "type": Interned(Unit). "tag": Interned(unit). "args": {"any": []}}')
debug_merge_point(0, 0, '147<main.rpyeffect:147([k@[method_Emit2840@Name(sum2829)#296]#301])>+2: {"op": "Construct". "out": 0. "type": Interned(Unit). "tag": Interned(unit). "args": {"any": []}}')
debug_merge_point(0, 0, '147<main.rpyeffect:147([k@[method_Emit2840@Name(sum2829)#296]#301])>+3: {"op": "Jump". "target": 142}')
+1231: i97 = int_add(2359296, i85)
+1238: setfield_gc(p90, i95, descr=<FieldS rpyeffect.value.UnboxedIntValueRef.inst_value 8>)
+1242: guard_value(i97, 2359439, descr=<Guard0x7f80b6dd1418>) [p0, p50, p2, p5, p6, i97, p79, p78, p80, i91, p66, p70, p61, p73, p56, p75, p8, p7, None, p3, p1, None, None, p10, p11, None]
debug_merge_point(0, 0, '142<main.rpyeffect:142(Name(resume2845))>+0: {"op": "PushStack". "arg": 1}')
debug_merge_point(0, 0, '142<main.rpyeffect:142(Name(resume2845))>+1: {"op": "Return". "args": {"any": [0]}}')
debug_merge_point(0, 0, '134<main.rpyeffect:134([k@[k@[then#263]#265]#272])>+0: {"op": "Const". "type": "ptr". "out": 0. "format": "int". "value": "<IntValue object at 0x7f80b6dc1860>"}')
debug_merge_point(0, 0, '134<main.rpyeffect:134([k@[k@[then#263]#265]#272])>+1: {"op": "Swap". "type": "any". "a": 2. "b". 1}')
debug_merge_point(0, 0, '134<main.rpyeffect:134([k@[k@[then#263]#265]#272])>+2: {"op": "Jump". "target": 141}')
debug_merge_point(0, 0, '141<main.rpyeffect:141(Name(parse2827))>+0: {"op": "Push". "target": 140. "args": {"any": [2. 1. 3. 0]}}')
+1255: p100 = new_with_vtable(descr=<SizeDescr 40>)
+1302: p101 = new_with_vtable(descr=<SizeDescr 40>)
+1313: setfield_gc(p101, p75, descr=<FieldP rpyeffect.stack.MetaStackLike.inst_stack 8 pure>)
+1317: setfield_gc(p101, p56, descr=<FieldP rpyeffect.stack.MetaStack.inst_label 16 pure>)
+1321: setfield_gc(p101, ConstPtr(null), descr=<FieldP rpyeffect.stack.MetaStack.inst_region 24 pure>)
+1329: p103 = new_with_vtable(descr=<SizeDescr 40>)
+1340: setfield_gc(p103, p73, descr=<FieldP rpyeffect.stack.MetaStackLike.inst_stack 8 pure>)
+1344: setfield_gc(p103, p61, descr=<FieldP rpyeffect.stack.MetaStack.inst_label 16 pure>)
+1348: setfield_gc(p103, ConstPtr(null), descr=<FieldP rpyeffect.stack.MetaStack.inst_region 24 pure>)
+1356: p105 = new_with_vtable(descr=<SizeDescr 40>)
+1368: setfield_gc(p105, p70, descr=<FieldP rpyeffect.stack.MetaStackLike.inst_stack 8 pure>)
+1372: setfield_gc(p105, p66, descr=<FieldP rpyeffect.stack.MetaStack.inst_label 16 pure>)
+1376: setfield_gc(p105, ConstPtr(null), descr=<FieldP rpyeffect.stack.MetaStack.inst_region 24 pure>)
+1384: p107 = new_with_vtable(descr=<SizeDescr 40>)
+1395: setfield_gc(p107, p78, descr=<FieldP rpyeffect.stack.MetaStackLike.inst_stack 8 pure>)
+1399: setfield_gc(p107, p79, descr=<FieldP rpyeffect.stack.MetaStack.inst_label 16 pure>)
+1403: setfield_gc(p107, ConstPtr(null), descr=<FieldP rpyeffect.stack.MetaStack.inst_region 24 pure>)
+1411: setfield_gc(p107, p80, descr=<FieldP rpyeffect.stack.MetaStack.inst_tail 32 pure>)
+1422: setfield_gc(p105, p107, descr=<FieldP rpyeffect.stack.MetaStack.inst_tail 32 pure>)
+1426: setfield_gc(p103, p105, descr=<FieldP rpyeffect.stack.MetaStack.inst_tail 32 pure>)
+1430: setfield_gc(p101, p103, descr=<FieldP rpyeffect.stack.MetaStack.inst_tail 32 pure>)
+1434: setfield_gc(p100, ConstPtr(null), descr=<FieldP rpyeffect.stack.MetaStack.inst_region 24 pure>)
+1442: setfield_gc(p100, p10, descr=<FieldP rpyeffect.stack.MetaStack.inst_label 16 pure>)
+1453: setfield_gc(p100, p101, descr=<FieldP rpyeffect.stack.MetaStack.inst_tail 32 pure>)
+1457: setfield_gc(p100, p11, descr=<FieldP rpyeffect.stack.MetaStackLike.inst_stack 8 pure>)
+1482: jump(p7, p8, p0, p100, ConstPtr(ptr110), ConstPtr(ptr111), p1, p2, p3, p2, p2, p5, p6, descr=TargetToken(140190800451104))
+1552: --end of the loop--
[623aba4eb3cb] jit-log-opt-bridge}
[623afb02ef72] {jit-summary
Tracing:      	3	0.003772
Backend:      	3	0.001053
TOTAL:      		0.550323
ops:             	9215
heapcached ops:  	1824
recorded ops:    	2105
  calls:         	268
guards:          	526
opt ops:         	630
opt guards:      	113
opt guards shared:	100
forcings:        	0
abort: trace too long:	0
abort: compiling:	0
abort: vable escape:	0
abort: bad loop: 	0
abort: force quasi-immut:	0
abort: segmenting trace:	0
virtualizables forced:	0
nvirtuals:       	30
nvholes:         	1
nvreused:        	1
vecopt tried:    	0
vecopt success:  	0
Total # of loops:	2
Total # of bridges:	1
Freed # of loops:	0
Freed # of bridges:	0
[623afb0353f4] jit-summary}
