[62a5132a8edb] {jit-log-opt-loop
# Loop 2 (4<main.rpyeffect:4(Name(infixEq72))>+0: {"op": "PrimOp", "name": "infixEq(Int, Int): Boolean", "out": {"any": [0]}, "in": {"any": [0, 1]}}) : loop with 54 ops
[p0, p1, p2, p3, p4]
+189: p5 = getfield_gc_r(p2, descr=<FieldP rpyeffect.environment.Environment.inst_values_ptr 16>)
+200: p7 = getarrayitem_gc_r(p5, 0, descr=<ArrayP 8>)
+204: p9 = getarrayitem_gc_r(p5, 1, descr=<ArrayP 8>)
+208: p11 = getarrayitem_gc_r(p5, 2, descr=<ArrayP 8>)
+212: p13 = getarrayitem_gc_r(p5, 3, descr=<ArrayP 8>)
+216: p15 = getarrayitem_gc_r(p5, 4, descr=<ArrayP 8>)
+220: p17 = getarrayitem_gc_r(p5, 5, descr=<ArrayP 8>)
+224: p19 = getarrayitem_gc_r(p5, 6, descr=<ArrayP 8>)
+228: label(p0, p1, p2, p3, p4, p7, p9, p11, p13, p15, p17, p19, descr=TargetToken(140612992904160))
debug_merge_point(0, 0, '4<main.rpyeffect:4(Name(infixEq72))>+0: {"op": "PrimOp". "name": "infixEq(Int. Int): Boolean". "out": {"any": [0]}. "in": {"any": [0. 1]}}')
+272: guard_not_invalidated(descr=<Guard0x7fe3037ea698>) [p2, p7, p9, p11, p13, p15, p17, p19, p0, p1, p3, p4]
+272: i20 = getfield_gc_i(p7, descr=<FieldS rpyeffect.value.IntValue.inst_value 8 pure>)
+276: i21 = getfield_gc_i(p9, descr=<FieldS rpyeffect.value.IntValue.inst_value 8 pure>)
+280: i22 = int_eq(i20, i21)
debug_merge_point(0, 0, '4<main.rpyeffect:4(Name(infixEq72))>+1: {"op": "Return". "args": {"any": [0]}}')
+293: guard_nonnull(p1, descr=<Guard0x7fe3037e9670>) [p2, p7, p9, p11, p13, p15, p17, p19, p0, p1, p3, p4]
+307: i23 = getfield_gc_i(p1, descr=<FieldS rpyeffect.stored_environment.Stack__arb.inst_target 16 pure>)
+318: guard_value(i23, 131, descr=<Guard0x7fe3037e96a0>) [p2, p7, p9, p11, p13, p15, p17, p19, p0, p1, p3, p4]
+331: p25 = getfield_gc_r(p1, descr=<FieldP rpyeffect.stored_environment.Stack__arb.inst_values_ptr 24 pure>)
+335: i26 = arraylen_gc(p25, descr=<ArrayP 8>)
+339: guard_value(i26, 1, descr=<Guard0x7fe3037e96d0>) [p2, p7, p9, p11, p13, p15, p17, p19, p0, p1, p3, p4]
+349: p29 = getarrayitem_gc_pure_r(p25, 0, descr=<ArrayP 8>)
+353: p30 = getfield_gc_r(p1, descr=<FieldP rpyeffect.stored_environment.Stack__arb.inst_tail 8 pure>)
debug_merge_point(0, 0, '131<main.rpyeffect:131([k@[then#258]#262])>+0: {"op": "IfZero". "cond": 0. "then": {"tag": null. "target": 130. "args": {"any": []}}}')
+357: guard_false(i22, descr=<Guard0x7fe3037e9700>) [p2, p7, p9, p11, p13, p15, p17, p19, p0, p1, p3, p4]
debug_merge_point(0, 0, '130<main.rpyeffect:130([then#266])>+0: {"op": "Const". "type": "ptr". "out": 0. "format": "int". "value": "<IntValue object at 0x7fe3037db180>"}')
debug_merge_point(0, 0, '130<main.rpyeffect:130([then#266])>+1: {"op": "Push". "target": 129. "args": {"any": [1]}}')
debug_merge_point(0, 0, '130<main.rpyeffect:130([then#266])>+2: {"op": "Swap". "type": "any". "a": 0. "b". 1}')
debug_merge_point(0, 0, '130<main.rpyeffect:130([then#266])>+3: {"op": "Jump". "target": 8}')
debug_merge_point(0, 0, '8<main.rpyeffect:8(Name(infixSub105))>+0: {"op": "PrimOp". "name": "infixSub(Int. Int): Int". "out": {"any": [0]}. "in": {"any": [0. 1]}}')
+366: i31 = getfield_gc_i(p29, descr=<FieldS rpyeffect.value.IntValue.inst_value 8 pure>)
+370: i33 = int_sub(i31, 1)
debug_merge_point(0, 0, '8<main.rpyeffect:8(Name(infixSub105))>+1: {"op": "Return". "args": {"any": [0]}}')
debug_merge_point(0, 0, '129<main.rpyeffect:129([k@[then#266]#270])>+0: {"op": "Push". "target": 128. "args": {"any": [1]}}')
debug_merge_point(0, 0, '129<main.rpyeffect:129([k@[then#266]#270])>+1: {"op": "Jump". "target": 134}')
debug_merge_point(0, 0, '134<main.rpyeffect:134(Name(fibonacci2817))>+0: {"op": "Const". "type": "ptr". "out": 1. "format": "int". "value": "<IntValue object at 0x7fe3037db190>"}')
debug_merge_point(0, 0, '134<main.rpyeffect:134(Name(fibonacci2817))>+1: {"op": "Push". "target": 133. "args": {"any": [0]}}')
debug_merge_point(0, 0, '134<main.rpyeffect:134(Name(fibonacci2817))>+2: {"op": "Jump". "target": 4}')
debug_merge_point(0, 0, '4<main.rpyeffect:4(Name(infixEq72))>+0: {"op": "PrimOp". "name": "infixEq(Int. Int): Boolean". "out": {"any": [0]}. "in": {"any": [0. 1]}}')
+374: p34 = new_with_vtable(descr=<SizeDescr 32>)
+418: p35 = new_with_vtable(descr=<SizeDescr 32>)
+429: setfield_gc(p35, p30, descr=<FieldP rpyeffect.stored_environment.Stack__arb.inst_tail 8 pure>)
+433: setfield_gc(p35, 128, descr=<FieldS rpyeffect.stored_environment.Stack__arb.inst_target 16 pure>)
+441: p38 = new_array_clear(1, descr=<ArrayP 8>)
+460: setarrayitem_gc(p38, 0, p29, descr=<ArrayP 8>)
+464: setfield_gc(p35, p38, descr=<FieldP rpyeffect.stored_environment.Stack__arb.inst_values_ptr 24 pure>)
+468: p41 = new_array_clear(1, descr=<ArrayP 8>)
+487: p42 = new_with_vtable(descr=<SizeDescr 16>)
+498: setfield_gc(p42, i33, descr=<FieldS rpyeffect.value.IntValue.inst_value 8 pure>)
+502: setarrayitem_gc(p41, 0, p42, descr=<ArrayP 8>)
+506: setfield_gc(p34, 133, descr=<FieldS rpyeffect.stored_environment.Stack__arb.inst_target 16 pure>)
+514: setfield_gc(p34, p41, descr=<FieldP rpyeffect.stored_environment.Stack__arb.inst_values_ptr 24 pure>)
+518: setfield_gc(p34, p35, descr=<FieldP rpyeffect.stored_environment.Stack__arb.inst_tail 8 pure>)
+529: jump(p0, p34, p2, p3, p4, p42, ConstPtr(ptr45), p11, p13, p15, p17, p19, descr=TargetToken(140612992904160))
+544: --end of the loop--
[62a5132d980c] jit-log-opt-loop}
[62a51343bdcb] {jit-log-opt-bridge
# bridge out of Guard 0x7fe3037e96a0 with 27 ops
[p0, p1, p2, p3, p4, p5, p6, p7, p8, p9, p10, p11]
+62: guard_not_invalidated(descr=<Guard0x7fe3037eabf0>) [p0, p1, p2, p3, p4, p5, p6, p7, p8, p9, p10, p11]
+62: i12 = getfield_gc_i(p1, descr=<FieldS rpyeffect.value.IntValue.inst_value 8 pure>)
+66: i13 = getfield_gc_i(p2, descr=<FieldS rpyeffect.value.IntValue.inst_value 8 pure>)
+70: i14 = int_eq(i12, i13)
debug_merge_point(0, 0, '4<main.rpyeffect:4(Name(infixEq72))>+1: {"op": "Return". "args": {"any": [0]}}')
+83: guard_nonnull(p9, descr=<Guard0x7fe3038008f0>) [p0, p1, p2, p3, p4, p5, p6, p7, p8, p9, p10, p11]
+92: i15 = getfield_gc_i(p9, descr=<FieldS rpyeffect.stored_environment.Stack__arb.inst_target 16 pure>)
+96: guard_value(i15, 133, descr=<Guard0x7fe303800920>) [p0, p1, p2, p3, p4, p5, p6, p7, p8, p9, p10, p11]
+109: p17 = getfield_gc_r(p9, descr=<FieldP rpyeffect.stored_environment.Stack__arb.inst_values_ptr 24 pure>)
+113: i18 = arraylen_gc(p17, descr=<ArrayP 8>)
+117: guard_value(i18, 1, descr=<Guard0x7fe303800950>) [p0, p1, p2, p3, p4, p5, p6, p7, p8, p9, p10, p11]
+127: p21 = getarrayitem_gc_pure_r(p17, 0, descr=<ArrayP 8>)
+131: p22 = getfield_gc_r(p9, descr=<FieldP rpyeffect.stored_environment.Stack__arb.inst_tail 8 pure>)
debug_merge_point(0, 0, '133<main.rpyeffect:133([k@Name(fibonacci2817)#254])>+0: {"op": "IfZero". "cond": 0. "then": {"tag": null. "target": 132. "args": {"any": []}}}')
+135: guard_false(i14, descr=<Guard0x7fe303800980>) [p0, p1, p2, p3, p4, p5, p6, p7, p8, p9, p10, p11]
debug_merge_point(0, 0, '132<main.rpyeffect:132([then#258])>+0: {"op": "Const". "type": "ptr". "out": 0. "format": "int". "value": "<IntValue object at 0x7fe3037db910>"}')
debug_merge_point(0, 0, '132<main.rpyeffect:132([then#258])>+1: {"op": "Push". "target": 131. "args": {"any": [1]}}')
debug_merge_point(0, 0, '132<main.rpyeffect:132([then#258])>+2: {"op": "Swap". "type": "any". "a": 0. "b". 1}')
debug_merge_point(0, 0, '132<main.rpyeffect:132([then#258])>+3: {"op": "Jump". "target": 4}')
debug_merge_point(0, 0, '4<main.rpyeffect:4(Name(infixEq72))>+0: {"op": "PrimOp". "name": "infixEq(Int. Int): Boolean". "out": {"any": [0]}. "in": {"any": [0. 1]}}')
+144: p23 = new_with_vtable(descr=<SizeDescr 32>)
+185: p25 = new_array_clear(1, descr=<ArrayP 8>)
+204: setarrayitem_gc(p25, 0, p21, descr=<ArrayP 8>)
+208: setfield_gc(p23, 131, descr=<FieldS rpyeffect.stored_environment.Stack__arb.inst_target 16 pure>)
+216: setfield_gc(p23, p25, descr=<FieldP rpyeffect.stored_environment.Stack__arb.inst_values_ptr 24 pure>)
+220: setfield_gc(p23, p22, descr=<FieldP rpyeffect.stored_environment.Stack__arb.inst_tail 8 pure>)
+231: jump(p8, p23, p0, p10, p11, p21, ConstPtr(ptr28), p3, p4, p5, p6, p7, descr=TargetToken(140612992904160))
+256: --end of the loop--
[62a51344b423] jit-log-opt-bridge}
[62a5135939cd] {jit-log-opt-bridge
# bridge out of Guard 0x7fe3037e9700 with 71 ops
[p0, p1, p2, p3, p4, p5, p6, p7, p8, p9, p10, p11]
+126: guard_not_invalidated(descr=<Guard0x7fe3037eac38>) [p0, p1, p2, p3, p4, p5, p6, p7, p8, p9, p10, p11]
+126: i12 = getfield_gc_i(p1, descr=<FieldS rpyeffect.value.IntValue.inst_value 8 pure>)
+130: i13 = getfield_gc_i(p2, descr=<FieldS rpyeffect.value.IntValue.inst_value 8 pure>)
+134: i14 = int_eq(i12, i13)
debug_merge_point(0, 0, '4<main.rpyeffect:4(Name(infixEq72))>+1: {"op": "Return". "args": {"any": [0]}}')
+147: guard_nonnull(p9, descr=<Guard0x7fe303800b90>) [p0, p1, p2, p3, p4, p5, p6, p7, p8, p9, p10, p11]
+156: i15 = getfield_gc_i(p9, descr=<FieldS rpyeffect.stored_environment.Stack__arb.inst_target 16 pure>)
+160: guard_value(i15, 131, descr=<Guard0x7fe303800bc0>) [p0, p1, p2, p3, p4, p5, p6, p7, p8, p9, p10, p11]
+173: p17 = getfield_gc_r(p9, descr=<FieldP rpyeffect.stored_environment.Stack__arb.inst_values_ptr 24 pure>)
+177: i18 = arraylen_gc(p17, descr=<ArrayP 8>)
+181: guard_value(i18, 1, descr=<Guard0x7fe303800bf0>) [p0, p1, p2, p3, p4, p5, p6, p7, p8, p9, p10, p11]
+191: p21 = getarrayitem_gc_pure_r(p17, 0, descr=<ArrayP 8>)
+191: p22 = getfield_gc_r(p9, descr=<FieldP rpyeffect.stored_environment.Stack__arb.inst_tail 8 pure>)
debug_merge_point(0, 0, '131<main.rpyeffect:131([k@[then#258]#262])>+0: {"op": "IfZero". "cond": 0. "then": {"tag": null. "target": 130. "args": {"any": []}}}')
+195: guard_true(i14, descr=<Guard0x7fe303800c20>) [p0, p1, p2, p3, p4, p5, p6, p7, p8, p9, p10, p11]
debug_merge_point(0, 0, '131<main.rpyeffect:131([k@[then#258]#262])>+1: {"op": "Const". "type": "ptr". "out": 0. "format": "int". "value": "<IntValue object at 0x7fe3037db940>"}')
debug_merge_point(0, 0, '131<main.rpyeffect:131([k@[then#258]#262])>+2: {"op": "Return". "args": {"any": [0]}}')
+204: guard_nonnull(p22, descr=<Guard0x7fe303800c50>) [p0, p1, p2, p3, p4, p5, p6, p7, p8, p9, p10, p11]
+213: i23 = getfield_gc_i(p22, descr=<FieldS rpyeffect.stored_environment.Stack__arb.inst_target 16 pure>)
+217: guard_value(i23, 126, descr=<Guard0x7fe303800c80>) [p0, p1, p2, p3, p4, p5, p6, p7, p8, p9, p10, p11]
+227: p25 = getfield_gc_r(p22, descr=<FieldP rpyeffect.stored_environment.Stack__arb.inst_values_ptr 24 pure>)
+231: i26 = arraylen_gc(p25, descr=<ArrayP 8>)
+235: guard_value(i26, 1, descr=<Guard0x7fe303800cb0>) [p0, p1, p2, p3, p4, p5, p6, p7, p8, p9, p10, p11]
+245: p29 = getarrayitem_gc_pure_r(p25, 0, descr=<ArrayP 8>)
+249: p30 = getfield_gc_r(p22, descr=<FieldP rpyeffect.stored_environment.Stack__arb.inst_tail 8 pure>)
debug_merge_point(0, 0, '126<main.rpyeffect:126([k@[k@[k@[k@[then#266]#270]#273]#277]#280])>+0: {"op": "Swap". "type": "any". "a": 0. "b". 1}')
debug_merge_point(0, 0, '126<main.rpyeffect:126([k@[k@[k@[k@[then#266]#270]#273]#277]#280])>+1: {"op": "Jump". "target": 6}')
debug_merge_point(0, 0, '6<main.rpyeffect:6(Name(infixAdd96))>+0: {"op": "PrimOp". "name": "infixAdd(Int. Int): Int". "out": {"any": [0]}. "in": {"any": [0. 1]}}')
+253: i31 = getfield_gc_i(p29, descr=<FieldS rpyeffect.value.IntValue.inst_value 8 pure>)
+257: i33 = int_add(i31, 1)
debug_merge_point(0, 0, '6<main.rpyeffect:6(Name(infixAdd96))>+1: {"op": "Return". "args": {"any": [0]}}')
+261: guard_nonnull(p30, descr=<Guard0x7fe303800ce0>) [p0, p1, p2, p3, p4, p5, p6, p7, p8, p9, p10, p11]
+270: i34 = getfield_gc_i(p30, descr=<FieldS rpyeffect.stored_environment.Stack__arb.inst_target 16 pure>)
+274: guard_value(i34, 128, descr=<Guard0x7fe303800d10>) [p0, p1, p2, p3, p4, p5, p6, p7, p8, p9, p10, p11]
+287: p36 = getfield_gc_r(p30, descr=<FieldP rpyeffect.stored_environment.Stack__arb.inst_values_ptr 24 pure>)
+291: i37 = arraylen_gc(p36, descr=<ArrayP 8>)
+295: guard_value(i37, 1, descr=<Guard0x7fe303800d40>) [p0, p1, p2, p3, p4, p5, p6, p7, p8, p9, p10, p11]
+305: p40 = getarrayitem_gc_pure_r(p36, 0, descr=<ArrayP 8>)
+309: p41 = getfield_gc_r(p30, descr=<FieldP rpyeffect.stored_environment.Stack__arb.inst_tail 8 pure>)
debug_merge_point(0, 0, '128<main.rpyeffect:128([k@[k@[then#266]#270]#273])>+0: {"op": "Const". "type": "ptr". "out": 2. "format": "int". "value": "<IntValue object at 0x7fe3037db320>"}')
debug_merge_point(0, 0, '128<main.rpyeffect:128([k@[k@[then#266]#270]#273])>+1: {"op": "Push". "target": 127. "args": {"any": [0]}}')
debug_merge_point(0, 0, '128<main.rpyeffect:128([k@[k@[then#266]#270]#273])>+2: {"op": "Copy". "type": "any". "from": 1. "to". 0}')
debug_merge_point(0, 0, '128<main.rpyeffect:128([k@[k@[then#266]#270]#273])>+3: {"op": "Copy". "type": "any". "from": 2. "to". 1}')
debug_merge_point(0, 0, '128<main.rpyeffect:128([k@[k@[then#266]#270]#273])>+4: {"op": "Jump". "target": 8}')
debug_merge_point(0, 0, '8<main.rpyeffect:8(Name(infixSub105))>+0: {"op": "PrimOp". "name": "infixSub(Int. Int): Int". "out": {"any": [0]}. "in": {"any": [0. 1]}}')
+313: i42 = getfield_gc_i(p40, descr=<FieldS rpyeffect.value.IntValue.inst_value 8 pure>)
+317: i44 = int_sub(i42, 2)
debug_merge_point(0, 0, '8<main.rpyeffect:8(Name(infixSub105))>+1: {"op": "Return". "args": {"any": [0]}}')
debug_merge_point(0, 0, '127<main.rpyeffect:127([k@[k@[k@[then#266]#270]#273]#277])>+0: {"op": "Push". "target": 126. "args": {"any": [1]}}')
debug_merge_point(0, 0, '127<main.rpyeffect:127([k@[k@[k@[then#266]#270]#273]#277])>+1: {"op": "Jump". "target": 134}')
debug_merge_point(0, 0, '134<main.rpyeffect:134(Name(fibonacci2817))>+0: {"op": "Const". "type": "ptr". "out": 1. "format": "int". "value": "<IntValue object at 0x7fe3037db190>"}')
debug_merge_point(0, 0, '134<main.rpyeffect:134(Name(fibonacci2817))>+1: {"op": "Push". "target": 133. "args": {"any": [0]}}')
debug_merge_point(0, 0, '134<main.rpyeffect:134(Name(fibonacci2817))>+2: {"op": "Jump". "target": 4}')
debug_merge_point(0, 0, '4<main.rpyeffect:4(Name(infixEq72))>+0: {"op": "PrimOp". "name": "infixEq(Int. Int): Boolean". "out": {"any": [0]}. "in": {"any": [0. 1]}}')
+321: p45 = new_with_vtable(descr=<SizeDescr 32>)
+365: p46 = new_with_vtable(descr=<SizeDescr 32>)
+376: setfield_gc(p46, p41, descr=<FieldP rpyeffect.stored_environment.Stack__arb.inst_tail 8 pure>)
+380: setfield_gc(p46, 126, descr=<FieldS rpyeffect.stored_environment.Stack__arb.inst_target 16 pure>)
+388: p49 = new_array_clear(1, descr=<ArrayP 8>)
+407: p50 = new_with_vtable(descr=<SizeDescr 16>)
+419: setfield_gc(p50, i33, descr=<FieldS rpyeffect.value.IntValue.inst_value 8 pure>)
+424: setarrayitem_gc(p49, 0, p50, descr=<ArrayP 8>)
+428: setfield_gc(p46, p49, descr=<FieldP rpyeffect.stored_environment.Stack__arb.inst_values_ptr 24 pure>)
+432: p53 = new_array_clear(1, descr=<ArrayP 8>)
+452: p54 = new_with_vtable(descr=<SizeDescr 16>)
+464: setfield_gc(p54, i44, descr=<FieldS rpyeffect.value.IntValue.inst_value 8 pure>)
+469: setarrayitem_gc(p53, 0, p54, descr=<ArrayP 8>)
+473: setfield_gc(p45, 133, descr=<FieldS rpyeffect.stored_environment.Stack__arb.inst_target 16 pure>)
+481: setfield_gc(p45, p53, descr=<FieldP rpyeffect.stored_environment.Stack__arb.inst_values_ptr 24 pure>)
+485: setfield_gc(p45, p46, descr=<FieldP rpyeffect.stored_environment.Stack__arb.inst_tail 8 pure>)
+503: jump(p8, p45, p0, p10, p11, p54, ConstPtr(ptr57), ConstPtr(ptr58), p4, p5, p6, p7, descr=TargetToken(140612992904160))
+544: --end of the loop--
[62a5135b87f0] jit-log-opt-bridge}
[62a51369ec1f] {jit-log-opt-loop
# Loop 5 (8<main.rpyeffect:8(Name(infixSub105))>+0: {"op": "PrimOp", "name": "infixSub(Int, Int): Int", "out": {"any": [0]}, "in": {"any": [0, 1]}}) : entry bridge with 43 ops
[p0, p1, p2, p3, p4]
+189: p5 = getfield_gc_r(p2, descr=<FieldP rpyeffect.environment.Environment.inst_values_ptr 16>)
+200: p7 = getarrayitem_gc_r(p5, 0, descr=<ArrayP 8>)
+204: p9 = getarrayitem_gc_r(p5, 1, descr=<ArrayP 8>)
+208: p11 = getarrayitem_gc_r(p5, 2, descr=<ArrayP 8>)
+212: p13 = getarrayitem_gc_r(p5, 3, descr=<ArrayP 8>)
+216: p15 = getarrayitem_gc_r(p5, 4, descr=<ArrayP 8>)
+220: p17 = getarrayitem_gc_r(p5, 5, descr=<ArrayP 8>)
+224: p19 = getarrayitem_gc_r(p5, 6, descr=<ArrayP 8>)
debug_merge_point(0, 0, '8<main.rpyeffect:8(Name(infixSub105))>+0: {"op": "PrimOp". "name": "infixSub(Int. Int): Int". "out": {"any": [0]}. "in": {"any": [0. 1]}}')
+228: guard_not_invalidated(descr=<Guard0x7fe3037eac80>) [p2, p7, p9, p11, p13, p15, p17, p19, p0, p1, p3, p4]
+228: i20 = getfield_gc_i(p7, descr=<FieldS rpyeffect.value.IntValue.inst_value 8 pure>)
+232: i21 = getfield_gc_i(p9, descr=<FieldS rpyeffect.value.IntValue.inst_value 8 pure>)
+236: i22 = int_sub(i20, i21)
debug_merge_point(0, 0, '8<main.rpyeffect:8(Name(infixSub105))>+1: {"op": "Return". "args": {"any": [0]}}')
+239: guard_nonnull(p1, descr=<Guard0x7fe303800e30>) [p2, p7, p9, p11, p13, p15, p17, p19, p0, p1, p3, p4]
+253: i23 = getfield_gc_i(p1, descr=<FieldS rpyeffect.stored_environment.Stack__arb.inst_target 16 pure>)
+264: guard_value(i23, 127, descr=<Guard0x7fe303800e60>) [p2, p7, p9, p11, p13, p15, p17, p19, p0, p1, p3, p4]
+274: p25 = getfield_gc_r(p1, descr=<FieldP rpyeffect.stored_environment.Stack__arb.inst_values_ptr 24 pure>)
+278: i26 = arraylen_gc(p25, descr=<ArrayP 8>)
+282: guard_value(i26, 1, descr=<Guard0x7fe303800e90>) [p2, p7, p9, p11, p13, p15, p17, p19, p0, p1, p3, p4]
+292: p29 = getarrayitem_gc_pure_r(p25, 0, descr=<ArrayP 8>)
+296: p30 = getfield_gc_r(p1, descr=<FieldP rpyeffect.stored_environment.Stack__arb.inst_tail 8 pure>)
debug_merge_point(0, 0, '127<main.rpyeffect:127([k@[k@[k@[then#266]#270]#273]#277])>+0: {"op": "Push". "target": 126. "args": {"any": [1]}}')
debug_merge_point(0, 0, '127<main.rpyeffect:127([k@[k@[k@[then#266]#270]#273]#277])>+1: {"op": "Jump". "target": 134}')
debug_merge_point(0, 0, '134<main.rpyeffect:134(Name(fibonacci2817))>+0: {"op": "Const". "type": "ptr". "out": 1. "format": "int". "value": "<IntValue object at 0x7fe3037db190>"}')
debug_merge_point(0, 0, '134<main.rpyeffect:134(Name(fibonacci2817))>+1: {"op": "Push". "target": 133. "args": {"any": [0]}}')
debug_merge_point(0, 0, '134<main.rpyeffect:134(Name(fibonacci2817))>+2: {"op": "Jump". "target": 4}')
debug_merge_point(0, 0, '4<main.rpyeffect:4(Name(infixEq72))>+0: {"op": "PrimOp". "name": "infixEq(Int. Int): Boolean". "out": {"any": [0]}. "in": {"any": [0. 1]}}')
+300: p31 = new_with_vtable(descr=<SizeDescr 32>)
+344: p32 = new_with_vtable(descr=<SizeDescr 32>)
+355: setfield_gc(p32, p30, descr=<FieldP rpyeffect.stored_environment.Stack__arb.inst_tail 8 pure>)
+359: setfield_gc(p32, 126, descr=<FieldS rpyeffect.stored_environment.Stack__arb.inst_target 16 pure>)
+367: p35 = new_array_clear(1, descr=<ArrayP 8>)
+387: setarrayitem_gc(p35, 0, p29, descr=<ArrayP 8>)
+391: setfield_gc(p32, p35, descr=<FieldP rpyeffect.stored_environment.Stack__arb.inst_values_ptr 24 pure>)
+395: p38 = new_array_clear(1, descr=<ArrayP 8>)
+414: p39 = new_with_vtable(descr=<SizeDescr 16>)
+426: setfield_gc(p39, i22, descr=<FieldS rpyeffect.value.IntValue.inst_value 8 pure>)
+430: setarrayitem_gc(p38, 0, p39, descr=<ArrayP 8>)
+434: setfield_gc(p31, 133, descr=<FieldS rpyeffect.stored_environment.Stack__arb.inst_target 16 pure>)
+442: setfield_gc(p31, p38, descr=<FieldP rpyeffect.stored_environment.Stack__arb.inst_values_ptr 24 pure>)
+446: setfield_gc(p31, p32, descr=<FieldP rpyeffect.stored_environment.Stack__arb.inst_tail 8 pure>)
+457: jump(p0, p31, p2, p3, p4, p39, ConstPtr(ptr42), p11, p13, p15, p17, p19, descr=TargetToken(140612992904160))
+528: --end of the loop--
[62a5136b6f0e] jit-log-opt-loop}
[62a5137a17eb] {jit-log-opt-loop
# Loop 6 (6<main.rpyeffect:6(Name(infixAdd96))>+0: {"op": "PrimOp", "name": "infixAdd(Int, Int): Int", "out": {"any": [0]}, "in": {"any": [0, 1]}}) : loop with 42 ops
[p0, p1, p2, p3, p4]
+205: p5 = getfield_gc_r(p2, descr=<FieldP rpyeffect.environment.Environment.inst_values_ptr 16>)
+216: p7 = getarrayitem_gc_r(p5, 0, descr=<ArrayP 8>)
+220: p9 = getarrayitem_gc_r(p5, 1, descr=<ArrayP 8>)
+224: p11 = getarrayitem_gc_r(p5, 2, descr=<ArrayP 8>)
+228: p13 = getarrayitem_gc_r(p5, 3, descr=<ArrayP 8>)
+232: p15 = getarrayitem_gc_r(p5, 4, descr=<ArrayP 8>)
+236: p17 = getarrayitem_gc_r(p5, 5, descr=<ArrayP 8>)
+240: p19 = getarrayitem_gc_r(p5, 6, descr=<ArrayP 8>)
+244: label(p0, p1, p2, p3, p4, p7, p9, p11, p13, p15, p17, p19, descr=TargetToken(140612992905376))
+288: guard_not_invalidated(descr=<Guard0x7fe3037eacc8>) [p2, p7, p9, p11, p13, p15, p17, p19, p0, p1, p3, p4]
+288: i20 = getfield_gc_i(p7, descr=<FieldS rpyeffect.value.IntValue.inst_value 8 pure>)
+292: i21 = getfield_gc_i(p9, descr=<FieldS rpyeffect.value.IntValue.inst_value 8 pure>)
+296: i22 = int_add(i20, i21)
debug_merge_point(0, 0, '6<main.rpyeffect:6(Name(infixAdd96))>+1: {"op": "Return". "args": {"any": [0]}}')
+299: guard_nonnull(p1, descr=<Guard0x7fe303800f80>) [p2, p7, p9, p11, p13, p15, p17, p19, p0, p1, p3, p4]
+313: i23 = getfield_gc_i(p1, descr=<FieldS rpyeffect.stored_environment.Stack__arb.inst_target 16 pure>)
+324: guard_value(i23, 126, descr=<Guard0x7fe303800fb0>) [p2, p7, p9, p11, p13, p15, p17, p19, p0, p1, p3, p4]
+334: p25 = getfield_gc_r(p1, descr=<FieldP rpyeffect.stored_environment.Stack__arb.inst_values_ptr 24 pure>)
+338: i26 = arraylen_gc(p25, descr=<ArrayP 8>)
+342: guard_value(i26, 1, descr=<Guard0x7fe303800fe0>) [p2, p7, p9, p11, p13, p15, p17, p19, p0, p1, p3, p4]
+352: p29 = getarrayitem_gc_pure_r(p25, 0, descr=<ArrayP 8>)
+356: p30 = getfield_gc_r(p1, descr=<FieldP rpyeffect.stored_environment.Stack__arb.inst_tail 8 pure>)
debug_merge_point(0, 0, '126<main.rpyeffect:126([k@[k@[k@[k@[then#266]#270]#273]#277]#280])>+0: {"op": "Swap". "type": "any". "a": 0. "b". 1}')
debug_merge_point(0, 0, '126<main.rpyeffect:126([k@[k@[k@[k@[then#266]#270]#273]#277]#280])>+1: {"op": "Jump". "target": 6}')
debug_merge_point(0, 0, '6<main.rpyeffect:6(Name(infixAdd96))>+0: {"op": "PrimOp". "name": "infixAdd(Int. Int): Int". "out": {"any": [0]}. "in": {"any": [0. 1]}}')
+360: label(p0, p30, p2, p3, p4, p29, i22, p11, p13, p15, p17, p19, descr=TargetToken(140612992905440))
+368: guard_not_invalidated(descr=<Guard0x7fe3037ead10>) [p2, p29, p11, p13, p15, p17, p19, p0, p30, p3, p4, i22]
+368: i31 = getfield_gc_i(p29, descr=<FieldS rpyeffect.value.IntValue.inst_value 8 pure>)
+372: i32 = int_add(i31, i22)
debug_merge_point(0, 0, '6<main.rpyeffect:6(Name(infixAdd96))>+1: {"op": "Return". "args": {"any": [0]}}')
+375: guard_nonnull(p30, descr=<Guard0x7fe303801010>) [p2, p29, p11, p13, p15, p17, p19, p0, p30, p3, p4, i22]
+384: i33 = getfield_gc_i(p30, descr=<FieldS rpyeffect.stored_environment.Stack__arb.inst_target 16 pure>)
+388: guard_value(i33, 126, descr=<Guard0x7fe303801040>) [p2, p29, p11, p13, p15, p17, p19, p0, p30, p3, p4, i22]
+398: p35 = getfield_gc_r(p30, descr=<FieldP rpyeffect.stored_environment.Stack__arb.inst_values_ptr 24 pure>)
+402: i36 = arraylen_gc(p35, descr=<ArrayP 8>)
+406: guard_value(i36, 1, descr=<Guard0x7fe303801070>) [p2, p29, p11, p13, p15, p17, p19, p0, p30, p3, p4, i22]
+416: p39 = getarrayitem_gc_pure_r(p35, 0, descr=<ArrayP 8>)
+420: p40 = getfield_gc_r(p30, descr=<FieldP rpyeffect.stored_environment.Stack__arb.inst_tail 8 pure>)
debug_merge_point(0, 0, '126<main.rpyeffect:126([k@[k@[k@[k@[then#266]#270]#273]#277]#280])>+0: {"op": "Swap". "type": "any". "a": 0. "b". 1}')
debug_merge_point(0, 0, '126<main.rpyeffect:126([k@[k@[k@[k@[then#266]#270]#273]#277]#280])>+1: {"op": "Jump". "target": 6}')
debug_merge_point(0, 0, '6<main.rpyeffect:6(Name(infixAdd96))>+0: {"op": "PrimOp". "name": "infixAdd(Int. Int): Int". "out": {"any": [0]}. "in": {"any": [0. 1]}}')
+424: jump(p0, p40, p2, p3, p4, p39, i32, p11, p13, p15, p17, p19, descr=TargetToken(140612992905440))
+448: --end of the loop--
[62a5137be7f5] jit-log-opt-loop}
[62a5138dbd50] {jit-log-opt-bridge
# bridge out of Guard 0x7fe303800c80 with 55 ops
[p0, p1, p2, p3, p4, p5, p6, p7, p8, p9, p10, p11]
+110: guard_not_invalidated(descr=<Guard0x7fe3037ead58>) [p0, p1, p2, p3, p4, p5, p6, p7, p8, p9, p10, p11]
+110: i12 = getfield_gc_i(p1, descr=<FieldS rpyeffect.value.IntValue.inst_value 8 pure>)
+114: i13 = getfield_gc_i(p2, descr=<FieldS rpyeffect.value.IntValue.inst_value 8 pure>)
+118: i14 = int_eq(i12, i13)
debug_merge_point(0, 0, '4<main.rpyeffect:4(Name(infixEq72))>+1: {"op": "Return". "args": {"any": [0]}}')
+131: guard_nonnull(p9, descr=<Guard0x7fe303801220>) [p0, p1, p2, p3, p4, p5, p6, p7, p8, p9, p10, p11]
+140: i15 = getfield_gc_i(p9, descr=<FieldS rpyeffect.stored_environment.Stack__arb.inst_target 16 pure>)
+144: guard_value(i15, 131, descr=<Guard0x7fe303801250>) [p0, p1, p2, p3, p4, p5, p6, p7, p8, p9, p10, p11]
+157: p17 = getfield_gc_r(p9, descr=<FieldP rpyeffect.stored_environment.Stack__arb.inst_values_ptr 24 pure>)
+161: i18 = arraylen_gc(p17, descr=<ArrayP 8>)
+165: guard_value(i18, 1, descr=<Guard0x7fe303801280>) [p0, p1, p2, p3, p4, p5, p6, p7, p8, p9, p10, p11]
+175: p21 = getarrayitem_gc_pure_r(p17, 0, descr=<ArrayP 8>)
+175: p22 = getfield_gc_r(p9, descr=<FieldP rpyeffect.stored_environment.Stack__arb.inst_tail 8 pure>)
debug_merge_point(0, 0, '131<main.rpyeffect:131([k@[then#258]#262])>+0: {"op": "IfZero". "cond": 0. "then": {"tag": null. "target": 130. "args": {"any": []}}}')
+179: guard_true(i14, descr=<Guard0x7fe3038012b0>) [p0, p1, p2, p3, p4, p5, p6, p7, p8, p9, p10, p11]
debug_merge_point(0, 0, '131<main.rpyeffect:131([k@[then#258]#262])>+1: {"op": "Const". "type": "ptr". "out": 0. "format": "int". "value": "<IntValue object at 0x7fe3037db940>"}')
debug_merge_point(0, 0, '131<main.rpyeffect:131([k@[then#258]#262])>+2: {"op": "Return". "args": {"any": [0]}}')
+188: guard_nonnull(p22, descr=<Guard0x7fe3038012e0>) [p0, p1, p2, p3, p4, p5, p6, p7, p8, p9, p10, p11]
+197: i23 = getfield_gc_i(p22, descr=<FieldS rpyeffect.stored_environment.Stack__arb.inst_target 16 pure>)
+201: guard_value(i23, 128, descr=<Guard0x7fe303801310>) [p0, p1, p2, p3, p4, p5, p6, p7, p8, p9, p10, p11]
+214: p25 = getfield_gc_r(p22, descr=<FieldP rpyeffect.stored_environment.Stack__arb.inst_values_ptr 24 pure>)
+218: i26 = arraylen_gc(p25, descr=<ArrayP 8>)
+222: guard_value(i26, 1, descr=<Guard0x7fe303801340>) [p0, p1, p2, p3, p4, p5, p6, p7, p8, p9, p10, p11]
+232: p29 = getarrayitem_gc_pure_r(p25, 0, descr=<ArrayP 8>)
+236: p30 = getfield_gc_r(p22, descr=<FieldP rpyeffect.stored_environment.Stack__arb.inst_tail 8 pure>)
debug_merge_point(0, 0, '128<main.rpyeffect:128([k@[k@[then#266]#270]#273])>+0: {"op": "Const". "type": "ptr". "out": 2. "format": "int". "value": "<IntValue object at 0x7fe3037db320>"}')
debug_merge_point(0, 0, '128<main.rpyeffect:128([k@[k@[then#266]#270]#273])>+1: {"op": "Push". "target": 127. "args": {"any": [0]}}')
debug_merge_point(0, 0, '128<main.rpyeffect:128([k@[k@[then#266]#270]#273])>+2: {"op": "Copy". "type": "any". "from": 1. "to". 0}')
debug_merge_point(0, 0, '128<main.rpyeffect:128([k@[k@[then#266]#270]#273])>+3: {"op": "Copy". "type": "any". "from": 2. "to". 1}')
debug_merge_point(0, 0, '128<main.rpyeffect:128([k@[k@[then#266]#270]#273])>+4: {"op": "Jump". "target": 8}')
debug_merge_point(0, 0, '8<main.rpyeffect:8(Name(infixSub105))>+0: {"op": "PrimOp". "name": "infixSub(Int. Int): Int". "out": {"any": [0]}. "in": {"any": [0. 1]}}')
+240: i31 = getfield_gc_i(p29, descr=<FieldS rpyeffect.value.IntValue.inst_value 8 pure>)
+244: i33 = int_sub(i31, 2)
debug_merge_point(0, 0, '8<main.rpyeffect:8(Name(infixSub105))>+1: {"op": "Return". "args": {"any": [0]}}')
debug_merge_point(0, 0, '127<main.rpyeffect:127([k@[k@[k@[then#266]#270]#273]#277])>+0: {"op": "Push". "target": 126. "args": {"any": [1]}}')
debug_merge_point(0, 0, '127<main.rpyeffect:127([k@[k@[k@[then#266]#270]#273]#277])>+1: {"op": "Jump". "target": 134}')
debug_merge_point(0, 0, '134<main.rpyeffect:134(Name(fibonacci2817))>+0: {"op": "Const". "type": "ptr". "out": 1. "format": "int". "value": "<IntValue object at 0x7fe3037db190>"}')
debug_merge_point(0, 0, '134<main.rpyeffect:134(Name(fibonacci2817))>+1: {"op": "Push". "target": 133. "args": {"any": [0]}}')
debug_merge_point(0, 0, '134<main.rpyeffect:134(Name(fibonacci2817))>+2: {"op": "Jump". "target": 4}')
debug_merge_point(0, 0, '4<main.rpyeffect:4(Name(infixEq72))>+0: {"op": "PrimOp". "name": "infixEq(Int. Int): Boolean". "out": {"any": [0]}. "in": {"any": [0. 1]}}')
+248: p34 = new_with_vtable(descr=<SizeDescr 32>)
+292: p35 = new_with_vtable(descr=<SizeDescr 32>)
+304: setfield_gc(p35, p30, descr=<FieldP rpyeffect.stored_environment.Stack__arb.inst_tail 8 pure>)
+308: setfield_gc(p35, 126, descr=<FieldS rpyeffect.stored_environment.Stack__arb.inst_target 16 pure>)
+316: p38 = new_array_clear(1, descr=<ArrayP 8>)
+342: setarrayitem_gc(p38, 0, ConstPtr(ptr40), descr=<ArrayP 8>)
+346: setfield_gc(p35, p38, descr=<FieldP rpyeffect.stored_environment.Stack__arb.inst_values_ptr 24 pure>)
+350: p42 = new_array_clear(1, descr=<ArrayP 8>)
+369: p43 = new_with_vtable(descr=<SizeDescr 16>)
+380: setfield_gc(p43, i33, descr=<FieldS rpyeffect.value.IntValue.inst_value 8 pure>)
+384: setarrayitem_gc(p42, 0, p43, descr=<ArrayP 8>)
+388: setfield_gc(p34, 133, descr=<FieldS rpyeffect.stored_environment.Stack__arb.inst_target 16 pure>)
+396: setfield_gc(p34, p42, descr=<FieldP rpyeffect.stored_environment.Stack__arb.inst_values_ptr 24 pure>)
+400: setfield_gc(p34, p35, descr=<FieldP rpyeffect.stored_environment.Stack__arb.inst_tail 8 pure>)
+418: jump(p8, p34, p0, p10, p11, p43, ConstPtr(ptr46), ConstPtr(ptr47), p4, p5, p6, p7, descr=TargetToken(140612992904160))
+448: --end of the loop--
[62a5138faa73] jit-log-opt-bridge}
[62a513a108e9] {jit-log-opt-bridge
# bridge out of Guard 0x7fe303800980 with 29 ops
[p0, p1, p2, p3, p4, p5, p6, p7, p8, p9, p10, p11]
+94: guard_not_invalidated(descr=<Guard0x7fe3037eada0>) [p0, p1, p2, p3, p4, p5, p6, p7, p8, p9, p10, p11]
+94: i12 = getfield_gc_i(p1, descr=<FieldS rpyeffect.value.IntValue.inst_value 8 pure>)
+98: i13 = getfield_gc_i(p2, descr=<FieldS rpyeffect.value.IntValue.inst_value 8 pure>)
+102: i14 = int_eq(i12, i13)
debug_merge_point(0, 0, '4<main.rpyeffect:4(Name(infixEq72))>+1: {"op": "Return". "args": {"any": [0]}}')
+115: guard_nonnull(p9, descr=<Guard0x7fe303801490>) [p0, p1, p2, p3, p4, p5, p6, p7, p8, p9, p10, p11]
+124: i15 = getfield_gc_i(p9, descr=<FieldS rpyeffect.stored_environment.Stack__arb.inst_target 16 pure>)
+128: guard_value(i15, 133, descr=<Guard0x7fe3038014c0>) [p0, p1, p2, p3, p4, p5, p6, p7, p8, p9, p10, p11]
+141: p17 = getfield_gc_r(p9, descr=<FieldP rpyeffect.stored_environment.Stack__arb.inst_values_ptr 24 pure>)
+145: i18 = arraylen_gc(p17, descr=<ArrayP 8>)
+149: guard_value(i18, 1, descr=<Guard0x7fe3038014f0>) [p0, p1, p2, p3, p4, p5, p6, p7, p8, p9, p10, p11]
+159: p21 = getarrayitem_gc_pure_r(p17, 0, descr=<ArrayP 8>)
+159: p22 = getfield_gc_r(p9, descr=<FieldP rpyeffect.stored_environment.Stack__arb.inst_tail 8 pure>)
debug_merge_point(0, 0, '133<main.rpyeffect:133([k@Name(fibonacci2817)#254])>+0: {"op": "IfZero". "cond": 0. "then": {"tag": null. "target": 132. "args": {"any": []}}}')
+163: guard_true(i14, descr=<Guard0x7fe303801520>) [p0, p1, p2, p3, p4, p5, p6, p7, p8, p9, p10, p11]
debug_merge_point(0, 0, '133<main.rpyeffect:133([k@Name(fibonacci2817)#254])>+1: {"op": "Const". "type": "ptr". "out": 0. "format": "int". "value": "<IntValue object at 0x7fe3037db8c0>"}')
debug_merge_point(0, 0, '133<main.rpyeffect:133([k@Name(fibonacci2817)#254])>+2: {"op": "Return". "args": {"any": [0]}}')
+172: guard_nonnull(p22, descr=<Guard0x7fe303801550>) [p0, p1, p2, p3, p4, p5, p6, p7, p8, p9, p10, p11]
+181: i23 = getfield_gc_i(p22, descr=<FieldS rpyeffect.stored_environment.Stack__arb.inst_target 16 pure>)
+185: guard_value(i23, 126, descr=<Guard0x7fe303801580>) [p0, p1, p2, p3, p4, p5, p6, p7, p8, p9, p10, p11]
+195: p25 = getfield_gc_r(p22, descr=<FieldP rpyeffect.stored_environment.Stack__arb.inst_values_ptr 24 pure>)
+199: i26 = arraylen_gc(p25, descr=<ArrayP 8>)
+203: guard_value(i26, 1, descr=<Guard0x7fe3038015b0>) [p0, p1, p2, p3, p4, p5, p6, p7, p8, p9, p10, p11]
+213: p29 = getarrayitem_gc_pure_r(p25, 0, descr=<ArrayP 8>)
+217: p30 = getfield_gc_r(p22, descr=<FieldP rpyeffect.stored_environment.Stack__arb.inst_tail 8 pure>)
debug_merge_point(0, 0, '126<main.rpyeffect:126([k@[k@[k@[k@[then#266]#270]#273]#277]#280])>+0: {"op": "Swap". "type": "any". "a": 0. "b". 1}')
debug_merge_point(0, 0, '126<main.rpyeffect:126([k@[k@[k@[k@[then#266]#270]#273]#277]#280])>+1: {"op": "Jump". "target": 6}')
debug_merge_point(0, 0, '6<main.rpyeffect:6(Name(infixAdd96))>+0: {"op": "PrimOp". "name": "infixAdd(Int. Int): Int". "out": {"any": [0]}. "in": {"any": [0. 1]}}')
+228: jump(p8, p30, p0, p10, p11, p29, ConstPtr(ptr31), p3, p4, p5, p6, p7, descr=TargetToken(140612992905376))
+256: --end of the loop--
[62a513a21cb0] jit-log-opt-bridge}
[62a513b12113] {jit-log-opt-bridge
# bridge out of Guard 0x7fe303801040 with 44 ops
[p0, p1, p2, p3, p4, p5, p6, p7, p8, p9, p10, i11]
+62: guard_not_invalidated(descr=<Guard0x7fe3037eade8>) [p0, p1, p2, p3, p4, p5, p6, p7, p8, p9, p10, i11]
+62: i12 = getfield_gc_i(p1, descr=<FieldS rpyeffect.value.IntValue.inst_value 8 pure>)
+66: i13 = int_add(i12, i11)
debug_merge_point(0, 0, '6<main.rpyeffect:6(Name(infixAdd96))>+1: {"op": "Return". "args": {"any": [0]}}')
+69: guard_nonnull(p8, descr=<Guard0x7fe3038016a0>) [p0, p1, p2, p3, p4, p5, p6, p7, p8, p9, p10, i11]
+78: i14 = getfield_gc_i(p8, descr=<FieldS rpyeffect.stored_environment.Stack__arb.inst_target 16 pure>)
+82: guard_value(i14, 128, descr=<Guard0x7fe3038016d0>) [p0, p1, p2, p3, p4, p5, p6, p7, p8, p9, p10, i11]
+95: p16 = getfield_gc_r(p8, descr=<FieldP rpyeffect.stored_environment.Stack__arb.inst_values_ptr 24 pure>)
+99: i17 = arraylen_gc(p16, descr=<ArrayP 8>)
+103: guard_value(i17, 1, descr=<Guard0x7fe303801700>) [p0, p1, p2, p3, p4, p5, p6, p7, p8, p9, p10, i11]
+113: p20 = getarrayitem_gc_pure_r(p16, 0, descr=<ArrayP 8>)
+117: p21 = getfield_gc_r(p8, descr=<FieldP rpyeffect.stored_environment.Stack__arb.inst_tail 8 pure>)
debug_merge_point(0, 0, '128<main.rpyeffect:128([k@[k@[then#266]#270]#273])>+0: {"op": "Const". "type": "ptr". "out": 2. "format": "int". "value": "<IntValue object at 0x7fe3037db320>"}')
debug_merge_point(0, 0, '128<main.rpyeffect:128([k@[k@[then#266]#270]#273])>+1: {"op": "Push". "target": 127. "args": {"any": [0]}}')
debug_merge_point(0, 0, '128<main.rpyeffect:128([k@[k@[then#266]#270]#273])>+2: {"op": "Copy". "type": "any". "from": 1. "to". 0}')
debug_merge_point(0, 0, '128<main.rpyeffect:128([k@[k@[then#266]#270]#273])>+3: {"op": "Copy". "type": "any". "from": 2. "to". 1}')
debug_merge_point(0, 0, '128<main.rpyeffect:128([k@[k@[then#266]#270]#273])>+4: {"op": "Jump". "target": 8}')
debug_merge_point(0, 0, '8<main.rpyeffect:8(Name(infixSub105))>+0: {"op": "PrimOp". "name": "infixSub(Int. Int): Int". "out": {"any": [0]}. "in": {"any": [0. 1]}}')
+121: i22 = getfield_gc_i(p20, descr=<FieldS rpyeffect.value.IntValue.inst_value 8 pure>)
+125: i24 = int_sub(i22, 2)
debug_merge_point(0, 0, '8<main.rpyeffect:8(Name(infixSub105))>+1: {"op": "Return". "args": {"any": [0]}}')
debug_merge_point(0, 0, '127<main.rpyeffect:127([k@[k@[k@[then#266]#270]#273]#277])>+0: {"op": "Push". "target": 126. "args": {"any": [1]}}')
debug_merge_point(0, 0, '127<main.rpyeffect:127([k@[k@[k@[then#266]#270]#273]#277])>+1: {"op": "Jump". "target": 134}')
debug_merge_point(0, 0, '134<main.rpyeffect:134(Name(fibonacci2817))>+0: {"op": "Const". "type": "ptr". "out": 1. "format": "int". "value": "<IntValue object at 0x7fe3037db190>"}')
debug_merge_point(0, 0, '134<main.rpyeffect:134(Name(fibonacci2817))>+1: {"op": "Push". "target": 133. "args": {"any": [0]}}')
debug_merge_point(0, 0, '134<main.rpyeffect:134(Name(fibonacci2817))>+2: {"op": "Jump". "target": 4}')
debug_merge_point(0, 0, '4<main.rpyeffect:4(Name(infixEq72))>+0: {"op": "PrimOp". "name": "infixEq(Int. Int): Boolean". "out": {"any": [0]}. "in": {"any": [0. 1]}}')
+129: p25 = new_with_vtable(descr=<SizeDescr 32>)
+173: p26 = new_with_vtable(descr=<SizeDescr 32>)
+184: setfield_gc(p26, p21, descr=<FieldP rpyeffect.stored_environment.Stack__arb.inst_tail 8 pure>)
+188: setfield_gc(p26, 126, descr=<FieldS rpyeffect.stored_environment.Stack__arb.inst_target 16 pure>)
+196: p29 = new_array_clear(1, descr=<ArrayP 8>)
+215: p30 = new_with_vtable(descr=<SizeDescr 16>)
+226: setfield_gc(p30, i13, descr=<FieldS rpyeffect.value.IntValue.inst_value 8 pure>)
+230: setarrayitem_gc(p29, 0, p30, descr=<ArrayP 8>)
+234: setfield_gc(p26, p29, descr=<FieldP rpyeffect.stored_environment.Stack__arb.inst_values_ptr 24 pure>)
+238: p33 = new_array_clear(1, descr=<ArrayP 8>)
+257: p34 = new_with_vtable(descr=<SizeDescr 16>)
+268: setfield_gc(p34, i24, descr=<FieldS rpyeffect.value.IntValue.inst_value 8 pure>)
+272: setarrayitem_gc(p33, 0, p34, descr=<ArrayP 8>)
+276: setfield_gc(p25, 133, descr=<FieldS rpyeffect.stored_environment.Stack__arb.inst_target 16 pure>)
+284: setfield_gc(p25, p33, descr=<FieldP rpyeffect.stored_environment.Stack__arb.inst_values_ptr 24 pure>)
+288: setfield_gc(p25, p26, descr=<FieldP rpyeffect.stored_environment.Stack__arb.inst_tail 8 pure>)
+306: jump(p7, p25, p0, p9, p10, p34, ConstPtr(ptr37), ConstPtr(ptr38), p3, p4, p5, p6, descr=TargetToken(140612992904160))
+336: --end of the loop--
[62a513b2c1e9] jit-log-opt-bridge}
[62a513bc8f51] {jit-log-opt-bridge
# bridge out of Guard 0x7fe303800fb0 with 45 ops
[p0, p1, p2, p3, p4, p5, p6, p7, p8, p9, p10, p11]
+62: guard_not_invalidated(descr=<Guard0x7fe3037eaec0>) [p0, p1, p2, p3, p4, p5, p6, p7, p8, p9, p10, p11]
+62: i12 = getfield_gc_i(p1, descr=<FieldS rpyeffect.value.IntValue.inst_value 8 pure>)
+66: i13 = getfield_gc_i(p2, descr=<FieldS rpyeffect.value.IntValue.inst_value 8 pure>)
+70: i14 = int_add(i12, i13)
debug_merge_point(0, 0, '6<main.rpyeffect:6(Name(infixAdd96))>+1: {"op": "Return". "args": {"any": [0]}}')
+73: guard_nonnull(p9, descr=<Guard0x7fe303801e20>) [p0, p1, p2, p3, p4, p5, p6, p7, p8, p9, p10, p11]
+82: i15 = getfield_gc_i(p9, descr=<FieldS rpyeffect.stored_environment.Stack__arb.inst_target 16 pure>)
+86: guard_value(i15, 128, descr=<Guard0x7fe303801e50>) [p0, p1, p2, p3, p4, p5, p6, p7, p8, p9, p10, p11]
+99: p17 = getfield_gc_r(p9, descr=<FieldP rpyeffect.stored_environment.Stack__arb.inst_values_ptr 24 pure>)
+103: i18 = arraylen_gc(p17, descr=<ArrayP 8>)
+107: guard_value(i18, 1, descr=<Guard0x7fe303801e80>) [p0, p1, p2, p3, p4, p5, p6, p7, p8, p9, p10, p11]
+117: p21 = getarrayitem_gc_pure_r(p17, 0, descr=<ArrayP 8>)
+121: p22 = getfield_gc_r(p9, descr=<FieldP rpyeffect.stored_environment.Stack__arb.inst_tail 8 pure>)
debug_merge_point(0, 0, '128<main.rpyeffect:128([k@[k@[then#266]#270]#273])>+0: {"op": "Const". "type": "ptr". "out": 2. "format": "int". "value": "<IntValue object at 0x7fe3037db320>"}')
debug_merge_point(0, 0, '128<main.rpyeffect:128([k@[k@[then#266]#270]#273])>+1: {"op": "Push". "target": 127. "args": {"any": [0]}}')
debug_merge_point(0, 0, '128<main.rpyeffect:128([k@[k@[then#266]#270]#273])>+2: {"op": "Copy". "type": "any". "from": 1. "to". 0}')
debug_merge_point(0, 0, '128<main.rpyeffect:128([k@[k@[then#266]#270]#273])>+3: {"op": "Copy". "type": "any". "from": 2. "to". 1}')
debug_merge_point(0, 0, '128<main.rpyeffect:128([k@[k@[then#266]#270]#273])>+4: {"op": "Jump". "target": 8}')
debug_merge_point(0, 0, '8<main.rpyeffect:8(Name(infixSub105))>+0: {"op": "PrimOp". "name": "infixSub(Int. Int): Int". "out": {"any": [0]}. "in": {"any": [0. 1]}}')
+125: i23 = getfield_gc_i(p21, descr=<FieldS rpyeffect.value.IntValue.inst_value 8 pure>)
+129: i25 = int_sub(i23, 2)
debug_merge_point(0, 0, '8<main.rpyeffect:8(Name(infixSub105))>+1: {"op": "Return". "args": {"any": [0]}}')
debug_merge_point(0, 0, '127<main.rpyeffect:127([k@[k@[k@[then#266]#270]#273]#277])>+0: {"op": "Push". "target": 126. "args": {"any": [1]}}')
debug_merge_point(0, 0, '127<main.rpyeffect:127([k@[k@[k@[then#266]#270]#273]#277])>+1: {"op": "Jump". "target": 134}')
debug_merge_point(0, 0, '134<main.rpyeffect:134(Name(fibonacci2817))>+0: {"op": "Const". "type": "ptr". "out": 1. "format": "int". "value": "<IntValue object at 0x7fe3037db190>"}')
debug_merge_point(0, 0, '134<main.rpyeffect:134(Name(fibonacci2817))>+1: {"op": "Push". "target": 133. "args": {"any": [0]}}')
debug_merge_point(0, 0, '134<main.rpyeffect:134(Name(fibonacci2817))>+2: {"op": "Jump". "target": 4}')
debug_merge_point(0, 0, '4<main.rpyeffect:4(Name(infixEq72))>+0: {"op": "PrimOp". "name": "infixEq(Int. Int): Boolean". "out": {"any": [0]}. "in": {"any": [0. 1]}}')
+133: p26 = new_with_vtable(descr=<SizeDescr 32>)
+177: p27 = new_with_vtable(descr=<SizeDescr 32>)
+188: setfield_gc(p27, p22, descr=<FieldP rpyeffect.stored_environment.Stack__arb.inst_tail 8 pure>)
+192: setfield_gc(p27, 126, descr=<FieldS rpyeffect.stored_environment.Stack__arb.inst_target 16 pure>)
+200: p30 = new_array_clear(1, descr=<ArrayP 8>)
+219: p31 = new_with_vtable(descr=<SizeDescr 16>)
+231: setfield_gc(p31, i14, descr=<FieldS rpyeffect.value.IntValue.inst_value 8 pure>)
+235: setarrayitem_gc(p30, 0, p31, descr=<ArrayP 8>)
+239: setfield_gc(p27, p30, descr=<FieldP rpyeffect.stored_environment.Stack__arb.inst_values_ptr 24 pure>)
+243: p34 = new_array_clear(1, descr=<ArrayP 8>)
+262: p35 = new_with_vtable(descr=<SizeDescr 16>)
+274: setfield_gc(p35, i25, descr=<FieldS rpyeffect.value.IntValue.inst_value 8 pure>)
+278: setarrayitem_gc(p34, 0, p35, descr=<ArrayP 8>)
+282: setfield_gc(p26, 133, descr=<FieldS rpyeffect.stored_environment.Stack__arb.inst_target 16 pure>)
+290: setfield_gc(p26, p34, descr=<FieldP rpyeffect.stored_environment.Stack__arb.inst_values_ptr 24 pure>)
+294: setfield_gc(p26, p27, descr=<FieldP rpyeffect.stored_environment.Stack__arb.inst_tail 8 pure>)
+312: jump(p8, p26, p0, p10, p11, p35, ConstPtr(ptr38), ConstPtr(ptr39), p4, p5, p6, p7, descr=TargetToken(140612992904160))
+352: --end of the loop--
[62a513be093e] jit-log-opt-bridge}
[62a513cc212c] {jit-log-opt-bridge
# bridge out of Guard 0x7fe303800d10 with 29 ops
[p0, p1, p2, p3, p4, p5, p6, p7, p8, p9, p10, p11]
+94: guard_not_invalidated(descr=<Guard0x7fe3037eb070>) [p0, p1, p2, p3, p4, p5, p6, p7, p8, p9, p10, p11]
+94: i12 = getfield_gc_i(p1, descr=<FieldS rpyeffect.value.IntValue.inst_value 8 pure>)
+98: i13 = getfield_gc_i(p2, descr=<FieldS rpyeffect.value.IntValue.inst_value 8 pure>)
+102: i14 = int_eq(i12, i13)
debug_merge_point(0, 0, '4<main.rpyeffect:4(Name(infixEq72))>+1: {"op": "Return". "args": {"any": [0]}}')
+115: guard_nonnull(p9, descr=<Guard0x7fe303801fd0>) [p0, p1, p2, p3, p4, p5, p6, p7, p8, p9, p10, p11]
+124: i15 = getfield_gc_i(p9, descr=<FieldS rpyeffect.stored_environment.Stack__arb.inst_target 16 pure>)
+128: guard_value(i15, 131, descr=<Guard0x7fe30381a020>) [p0, p1, p2, p3, p4, p5, p6, p7, p8, p9, p10, p11]
+141: p17 = getfield_gc_r(p9, descr=<FieldP rpyeffect.stored_environment.Stack__arb.inst_values_ptr 24 pure>)
+145: i18 = arraylen_gc(p17, descr=<ArrayP 8>)
+149: guard_value(i18, 1, descr=<Guard0x7fe30381a050>) [p0, p1, p2, p3, p4, p5, p6, p7, p8, p9, p10, p11]
+159: p21 = getarrayitem_gc_pure_r(p17, 0, descr=<ArrayP 8>)
+159: p22 = getfield_gc_r(p9, descr=<FieldP rpyeffect.stored_environment.Stack__arb.inst_tail 8 pure>)
debug_merge_point(0, 0, '131<main.rpyeffect:131([k@[then#258]#262])>+0: {"op": "IfZero". "cond": 0. "then": {"tag": null. "target": 130. "args": {"any": []}}}')
+163: guard_true(i14, descr=<Guard0x7fe30381a080>) [p0, p1, p2, p3, p4, p5, p6, p7, p8, p9, p10, p11]
debug_merge_point(0, 0, '131<main.rpyeffect:131([k@[then#258]#262])>+1: {"op": "Const". "type": "ptr". "out": 0. "format": "int". "value": "<IntValue object at 0x7fe3037db940>"}')
debug_merge_point(0, 0, '131<main.rpyeffect:131([k@[then#258]#262])>+2: {"op": "Return". "args": {"any": [0]}}')
+172: guard_nonnull(p22, descr=<Guard0x7fe30381a0b0>) [p0, p1, p2, p3, p4, p5, p6, p7, p8, p9, p10, p11]
+181: i23 = getfield_gc_i(p22, descr=<FieldS rpyeffect.stored_environment.Stack__arb.inst_target 16 pure>)
+185: guard_value(i23, 126, descr=<Guard0x7fe30381a0e0>) [p0, p1, p2, p3, p4, p5, p6, p7, p8, p9, p10, p11]
+195: p25 = getfield_gc_r(p22, descr=<FieldP rpyeffect.stored_environment.Stack__arb.inst_values_ptr 24 pure>)
+199: i26 = arraylen_gc(p25, descr=<ArrayP 8>)
+203: guard_value(i26, 1, descr=<Guard0x7fe30381a110>) [p0, p1, p2, p3, p4, p5, p6, p7, p8, p9, p10, p11]
+213: p29 = getarrayitem_gc_pure_r(p25, 0, descr=<ArrayP 8>)
+217: p30 = getfield_gc_r(p22, descr=<FieldP rpyeffect.stored_environment.Stack__arb.inst_tail 8 pure>)
debug_merge_point(0, 0, '126<main.rpyeffect:126([k@[k@[k@[k@[then#266]#270]#273]#277]#280])>+0: {"op": "Swap". "type": "any". "a": 0. "b". 1}')
debug_merge_point(0, 0, '126<main.rpyeffect:126([k@[k@[k@[k@[then#266]#270]#273]#277]#280])>+1: {"op": "Jump". "target": 6}')
debug_merge_point(0, 0, '6<main.rpyeffect:6(Name(infixAdd96))>+0: {"op": "PrimOp". "name": "infixAdd(Int. Int): Int". "out": {"any": [0]}. "in": {"any": [0. 1]}}')
+228: jump(p8, p30, p0, p10, p11, p29, ConstPtr(ptr31), p3, p4, p5, p6, p7, descr=TargetToken(140612992905376))
+256: --end of the loop--
[62a513cd5090] jit-log-opt-bridge}
[62aab24e645b] {jit-summary
Tracing:      	10	0.002664
Backend:      	10	0.001178
TOTAL:      		12.121537
ops:             	3453
heapcached ops:  	825
recorded ops:    	983
  calls:         	247
guards:          	138
opt ops:         	446
opt guards:      	71
opt guards shared:	58
forcings:        	0
abort: trace too long:	0
abort: compiling:	0
abort: vable escape:	0
abort: bad loop: 	0
abort: force quasi-immut:	0
abort: segmenting trace:	0
virtualizables forced:	0
nvirtuals:       	2
nvholes:         	0
nvreused:        	0
vecopt tried:    	0
vecopt success:  	0
Total # of loops:	3
Total # of bridges:	7
Freed # of loops:	0
Freed # of bridges:	0
[62aab24ee22b] jit-summary}
