[62fdbc9aa75c] {jit-log-opt-loop
# Loop 1 (147<main.rpyeffect:147(Name(resume2835))>+0: {"op": "PushStack", "arg": 1}) : loop with 397 ops
[p0, p1, p2, p3, p4]
+1325: p5 = getfield_gc_r(p2, descr=<FieldP rpyeffect.environment.Environment.inst_values_ptr 16>)
+1336: p7 = getarrayitem_gc_r(p5, 0, descr=<ArrayP 8>)
+1340: p9 = getarrayitem_gc_r(p5, 1, descr=<ArrayP 8>)
+1344: p11 = getarrayitem_gc_r(p5, 2, descr=<ArrayP 8>)
+1348: p13 = getarrayitem_gc_r(p5, 3, descr=<ArrayP 8>)
+1352: p15 = getarrayitem_gc_r(p5, 4, descr=<ArrayP 8>)
+1356: p17 = getarrayitem_gc_r(p5, 5, descr=<ArrayP 8>)
+1360: p19 = getarrayitem_gc_r(p5, 6, descr=<ArrayP 8>)
+1364: label(p0, p1, p2, p3, p4, p7, p9, p11, p13, p15, p17, p19, descr=TargetToken(140093039614560))
debug_merge_point(0, 0, '147<main.rpyeffect:147(Name(resume2835))>+0: {"op": "PushStack". "arg": 1}')
+1408: guard_not_invalidated(descr=<Guard0x7f69f3dc7418>) [p2, p7, p9, p11, p13, p15, p17, p19, p0, p1, p3, p4]
+1415: i21 = instance_ptr_eq(p4, ConstPtr(ptr20))
+1422: guard_true(i21, descr=<Guard0x7f69f3df91c0>) [p2, p7, p9, p11, p13, p15, p17, p19, p0, p1, p3, p4]
+1428: guard_nonnull_class(p9, 8692928, descr=<Guard0x7f69f3dc7a00>) [p2, p7, p9, p11, p13, p15, p17, p19, p0, p1, p3, p4]
+1446: p23 = getfield_gc_r(p9, descr=<FieldP rpyeffect.stack.MetaStack.inst_region 24 pure>)
+1450: guard_isnull(p23, descr=<Guard0x7f69f3df9190>) [p2, p7, p9, p11, p13, p15, p17, p19, p0, p1, p3, p4]
+1459: p24 = getfield_gc_r(p9, descr=<FieldP rpyeffect.stack.MetaStackLike.inst_stack 8 pure>)
+1463: p25 = getfield_gc_r(p9, descr=<FieldP rpyeffect.stack.MetaStack.inst_tail 32 pure>)
+1467: guard_nonnull_class(p25, 8692928, descr=<Guard0x7f69f3dc79b8>) [p2, p7, p9, p11, p13, p15, p17, p19, p0, p1, p3, p4]
+1486: p27 = getfield_gc_r(p25, descr=<FieldP rpyeffect.stack.MetaStack.inst_region 24 pure>)
+1490: guard_isnull(p27, descr=<Guard0x7f69f3df9160>) [p2, p7, p9, p11, p13, p15, p17, p19, p0, p1, p3, p4]
+1499: p28 = getfield_gc_r(p25, descr=<FieldP rpyeffect.stack.MetaStackLike.inst_stack 8 pure>)
+1503: p29 = getfield_gc_r(p25, descr=<FieldP rpyeffect.stack.MetaStack.inst_tail 32 pure>)
+1507: guard_nonnull_class(p29, 8692928, descr=<Guard0x7f69f3dc7970>) [p2, p7, p9, p11, p13, p15, p17, p19, p0, p1, p3, p4]
+1525: p31 = getfield_gc_r(p29, descr=<FieldP rpyeffect.stack.MetaStack.inst_region 24 pure>)
+1529: guard_isnull(p31, descr=<Guard0x7f69f3df9130>) [p2, p7, p9, p11, p13, p15, p17, p19, p0, p1, p3, p4]
+1538: p32 = getfield_gc_r(p29, descr=<FieldP rpyeffect.stack.MetaStackLike.inst_stack 8 pure>)
+1542: p33 = getfield_gc_r(p29, descr=<FieldP rpyeffect.stack.MetaStack.inst_tail 32 pure>)
+1546: guard_nonnull_class(p33, 8692928, descr=<Guard0x7f69f3dc7928>) [p2, p7, p9, p11, p13, p15, p17, p19, p0, p1, p3, p4]
+1564: p35 = getfield_gc_r(p33, descr=<FieldP rpyeffect.stack.MetaStack.inst_region 24 pure>)
+1568: guard_isnull(p35, descr=<Guard0x7f69f3df9100>) [p2, p7, p9, p11, p13, p15, p17, p19, p0, p1, p3, p4]
+1577: p36 = getfield_gc_r(p33, descr=<FieldP rpyeffect.stack.MetaStackLike.inst_stack 8 pure>)
+1581: p37 = getfield_gc_r(p33, descr=<FieldP rpyeffect.stack.MetaStack.inst_tail 32 pure>)
+1585: guard_nonnull_class(p37, 8692928, descr=<Guard0x7f69f3dc78e0>) [p2, p7, p9, p11, p13, p15, p17, p19, p0, p1, p3, p4]
+1605: p39 = getfield_gc_r(p37, descr=<FieldP rpyeffect.stack.MetaStack.inst_region 24 pure>)
+1610: guard_isnull(p39, descr=<Guard0x7f69f3df90d0>) [p2, p7, p9, p11, p13, p15, p17, p19, p0, p1, p3, p4]
+1619: p40 = getfield_gc_r(p37, descr=<FieldP rpyeffect.stack.MetaStackLike.inst_stack 8 pure>)
+1624: p41 = getfield_gc_r(p37, descr=<FieldP rpyeffect.stack.MetaStack.inst_tail 32 pure>)
+1629: guard_nonnull_class(p41, 8692928, descr=<Guard0x7f69f3dc7898>) [p2, p7, p9, p11, p13, p15, p17, p19, p0, p1, p3, p4]
+1648: p43 = getfield_gc_r(p41, descr=<FieldP rpyeffect.stack.MetaStack.inst_region 24 pure>)
+1652: guard_isnull(p43, descr=<Guard0x7f69f3df90a0>) [p2, p7, p9, p11, p13, p15, p17, p19, p0, p1, p3, p4]
+1661: p44 = getfield_gc_r(p41, descr=<FieldP rpyeffect.stack.MetaStackLike.inst_stack 8 pure>)
+1665: p45 = getfield_gc_r(p41, descr=<FieldP rpyeffect.stack.MetaStack.inst_tail 32 pure>)
+1676: guard_nonnull_class(p45, 8692928, descr=<Guard0x7f69f3dc7850>) [p2, p7, p9, p11, p13, p15, p17, p19, p0, p1, p3, p4]
+1695: p47 = getfield_gc_r(p45, descr=<FieldP rpyeffect.stack.MetaStack.inst_region 24 pure>)
+1706: guard_isnull(p47, descr=<Guard0x7f69f3df9070>) [p2, p7, p9, p11, p13, p15, p17, p19, p0, p1, p3, p4]
+1715: p48 = getfield_gc_r(p45, descr=<FieldP rpyeffect.stack.MetaStackLike.inst_stack 8 pure>)
+1719: p49 = getfield_gc_r(p45, descr=<FieldP rpyeffect.stack.MetaStack.inst_tail 32 pure>)
+1730: guard_nonnull_class(p49, 8692928, descr=<Guard0x7f69f3dc7808>) [p2, p7, p9, p11, p13, p15, p17, p19, p0, p1, p3, p4]
+1748: p51 = getfield_gc_r(p49, descr=<FieldP rpyeffect.stack.MetaStack.inst_region 24 pure>)
+1759: guard_isnull(p51, descr=<Guard0x7f69f3df9040>) [p2, p7, p9, p11, p13, p15, p17, p19, p0, p1, p3, p4]
+1768: p52 = getfield_gc_r(p49, descr=<FieldP rpyeffect.stack.MetaStackLike.inst_stack 8 pure>)
+1772: p53 = getfield_gc_r(p49, descr=<FieldP rpyeffect.stack.MetaStack.inst_tail 32 pure>)
+1783: guard_nonnull_class(p53, 8692928, descr=<Guard0x7f69f3dc77c0>) [p2, p7, p9, p11, p13, p15, p17, p19, p0, p1, p3, p4]
+1802: p55 = getfield_gc_r(p53, descr=<FieldP rpyeffect.stack.MetaStack.inst_region 24 pure>)
+1813: guard_isnull(p55, descr=<Guard0x7f69f3df9010>) [p2, p7, p9, p11, p13, p15, p17, p19, p0, p1, p3, p4]
+1822: p56 = getfield_gc_r(p53, descr=<FieldP rpyeffect.stack.MetaStackLike.inst_stack 8 pure>)
+1826: p57 = getfield_gc_r(p53, descr=<FieldP rpyeffect.stack.MetaStack.inst_tail 32 pure>)
+1837: guard_nonnull_class(p57, 8692928, descr=<Guard0x7f69f3dc7778>) [p2, p7, p9, p11, p13, p15, p17, p19, p0, p1, p3, p4]
+1857: p59 = getfield_gc_r(p57, descr=<FieldP rpyeffect.stack.MetaStack.inst_region 24 pure>)
+1868: guard_isnull(p59, descr=<Guard0x7f69f3df8fe0>) [p2, p7, p9, p11, p13, p15, p17, p19, p0, p1, p3, p4]
+1877: p60 = getfield_gc_r(p57, descr=<FieldP rpyeffect.stack.MetaStackLike.inst_stack 8 pure>)
+1881: p61 = getfield_gc_r(p57, descr=<FieldP rpyeffect.stack.MetaStack.inst_tail 32 pure>)
+1892: guard_nonnull_class(p61, 8692928, descr=<Guard0x7f69f3dc7730>) [p2, p7, p9, p11, p13, p15, p17, p19, p0, p1, p3, p4]
+1910: p63 = getfield_gc_r(p61, descr=<FieldP rpyeffect.stack.MetaStack.inst_region 24 pure>)
+1921: guard_isnull(p63, descr=<Guard0x7f69f3df8fb0>) [p2, p7, p9, p11, p13, p15, p17, p19, p0, p1, p3, p4]
+1930: p64 = getfield_gc_r(p61, descr=<FieldP rpyeffect.stack.MetaStackLike.inst_stack 8 pure>)
+1934: p65 = getfield_gc_r(p61, descr=<FieldP rpyeffect.stack.MetaStack.inst_tail 32 pure>)
+1945: guard_nonnull_class(p65, 8692928, descr=<Guard0x7f69f3dc76e8>) [p2, p7, p9, p11, p13, p15, p17, p19, p0, p1, p3, p4]
+1963: p67 = getfield_gc_r(p65, descr=<FieldP rpyeffect.stack.MetaStack.inst_region 24 pure>)
+1974: guard_isnull(p67, descr=<Guard0x7f69f3df8f80>) [p2, p7, p9, p11, p13, p15, p17, p19, p0, p1, p3, p4]
+1983: p68 = getfield_gc_r(p65, descr=<FieldP rpyeffect.stack.MetaStackLike.inst_stack 8 pure>)
+1987: p69 = getfield_gc_r(p65, descr=<FieldP rpyeffect.stack.MetaStack.inst_tail 32 pure>)
+1998: guard_nonnull_class(p69, 8692928, descr=<Guard0x7f69f3dc76a0>) [p2, p7, p9, p11, p13, p15, p17, p19, p0, p1, p3, p4]
+2017: p71 = getfield_gc_r(p69, descr=<FieldP rpyeffect.stack.MetaStack.inst_region 24 pure>)
+2028: guard_isnull(p71, descr=<Guard0x7f69f3df8f50>) [p2, p7, p9, p11, p13, p15, p17, p19, p0, p1, p3, p4]
+2037: p72 = getfield_gc_r(p69, descr=<FieldP rpyeffect.stack.MetaStackLike.inst_stack 8 pure>)
+2041: p73 = getfield_gc_r(p69, descr=<FieldP rpyeffect.stack.MetaStack.inst_tail 32 pure>)
+2052: guard_nonnull_class(p73, 8692928, descr=<Guard0x7f69f3dc7658>) [p2, p7, p9, p11, p13, p15, p17, p19, p0, p1, p3, p4]
+2070: p75 = getfield_gc_r(p73, descr=<FieldP rpyeffect.stack.MetaStack.inst_region 24 pure>)
+2081: guard_isnull(p75, descr=<Guard0x7f69f3df8f20>) [p2, p7, p9, p11, p13, p15, p17, p19, p0, p1, p3, p4]
+2090: p76 = getfield_gc_r(p73, descr=<FieldP rpyeffect.stack.MetaStackLike.inst_stack 8 pure>)
+2094: p77 = getfield_gc_r(p73, descr=<FieldP rpyeffect.stack.MetaStack.inst_tail 32 pure>)
+2105: guard_nonnull_class(p77, 8692928, descr=<Guard0x7f69f3dc7610>) [p2, p7, p9, p11, p13, p15, p17, p19, p0, p1, p3, p4]
+2124: p79 = getfield_gc_r(p77, descr=<FieldP rpyeffect.stack.MetaStack.inst_region 24 pure>)
+2135: guard_isnull(p79, descr=<Guard0x7f69f3df8ef0>) [p2, p7, p9, p11, p13, p15, p17, p19, p0, p1, p3, p4]
+2144: p80 = getfield_gc_r(p77, descr=<FieldP rpyeffect.stack.MetaStackLike.inst_stack 8 pure>)
+2148: p81 = getfield_gc_r(p77, descr=<FieldP rpyeffect.stack.MetaStack.inst_tail 32 pure>)
+2159: guard_nonnull_class(p81, 8692928, descr=<Guard0x7f69f3dc75c8>) [p2, p7, p9, p11, p13, p15, p17, p19, p0, p1, p3, p4]
+2177: p83 = getfield_gc_r(p81, descr=<FieldP rpyeffect.stack.MetaStack.inst_region 24 pure>)
+2188: guard_isnull(p83, descr=<Guard0x7f69f3df8ec0>) [p2, p7, p9, p11, p13, p15, p17, p19, p0, p1, p3, p4]
+2197: p84 = getfield_gc_r(p81, descr=<FieldP rpyeffect.stack.MetaStackLike.inst_stack 8 pure>)
+2201: p85 = getfield_gc_r(p81, descr=<FieldP rpyeffect.stack.MetaStack.inst_tail 32 pure>)
+2212: guard_nonnull_class(p85, 8692928, descr=<Guard0x7f69f3dc7580>) [p2, p7, p9, p11, p13, p15, p17, p19, p0, p1, p3, p4]
+2230: p87 = getfield_gc_r(p85, descr=<FieldP rpyeffect.stack.MetaStack.inst_region 24 pure>)
+2241: guard_isnull(p87, descr=<Guard0x7f69f3df8e90>) [p2, p7, p9, p11, p13, p15, p17, p19, p0, p1, p3, p4]
+2250: p88 = getfield_gc_r(p85, descr=<FieldP rpyeffect.stack.MetaStackLike.inst_stack 8 pure>)
+2254: p89 = getfield_gc_r(p85, descr=<FieldP rpyeffect.stack.MetaStack.inst_tail 32 pure>)
+2265: guard_nonnull_class(p89, 8692928, descr=<Guard0x7f69f3dc7538>) [p2, p7, p9, p11, p13, p15, p17, p19, p0, p1, p3, p4]
+2285: p91 = getfield_gc_r(p89, descr=<FieldP rpyeffect.stack.MetaStack.inst_region 24 pure>)
+2297: guard_isnull(p91, descr=<Guard0x7f69f3df8e60>) [p2, p7, p9, p11, p13, p15, p17, p19, p0, p1, p3, p4]
+2306: p92 = getfield_gc_r(p89, descr=<FieldP rpyeffect.stack.MetaStackLike.inst_stack 8 pure>)
+2311: p93 = getfield_gc_r(p89, descr=<FieldP rpyeffect.stack.MetaStack.inst_tail 32 pure>)
+2323: guard_nonnull_class(p93, 8692928, descr=<Guard0x7f69f3dc74f0>) [p2, p7, p9, p11, p13, p15, p17, p19, p0, p1, p3, p4]
+2342: p95 = getfield_gc_r(p93, descr=<FieldP rpyeffect.stack.MetaStack.inst_region 24 pure>)
+2353: guard_isnull(p95, descr=<Guard0x7f69f3df8e30>) [p2, p7, p9, p11, p13, p15, p17, p19, p0, p1, p3, p4]
+2362: p96 = getfield_gc_r(p93, descr=<FieldP rpyeffect.stack.MetaStackLike.inst_stack 8 pure>)
+2366: p97 = getfield_gc_r(p93, descr=<FieldP rpyeffect.stack.MetaStack.inst_tail 32 pure>)
+2377: guard_nonnull_class(p97, 8692928, descr=<Guard0x7f69f3dc74a8>) [p2, p7, p9, p11, p13, p15, p17, p19, p0, p1, p3, p4]
+2396: p99 = getfield_gc_r(p97, descr=<FieldP rpyeffect.stack.MetaStack.inst_region 24 pure>)
+2407: guard_isnull(p99, descr=<Guard0x7f69f3df8e00>) [p2, p7, p9, p11, p13, p15, p17, p19, p0, p1, p3, p4]
+2416: p100 = getfield_gc_r(p97, descr=<FieldP rpyeffect.stack.MetaStackLike.inst_stack 8 pure>)
+2420: p101 = getfield_gc_r(p97, descr=<FieldP rpyeffect.stack.MetaStack.inst_tail 32 pure>)
+2431: guard_nonnull_class(p101, 8692928, descr=<Guard0x7f69f3dc7460>) [p2, p7, p9, p11, p13, p15, p17, p19, p0, p1, p3, p4]
+2449: p103 = getfield_gc_r(p101, descr=<FieldP rpyeffect.stack.MetaStack.inst_region 24 pure>)
+2460: guard_isnull(p103, descr=<Guard0x7f69f3df8dd0>) [p2, p7, p9, p11, p13, p15, p17, p19, p0, p1, p3, p4]
+2469: p104 = getfield_gc_r(p101, descr=<FieldP rpyeffect.stack.MetaStackLike.inst_stack 8 pure>)
+2473: p105 = getfield_gc_r(p101, descr=<FieldP rpyeffect.stack.MetaStack.inst_tail 32 pure>)
+2484: guard_isnull(p105, descr=<Guard0x7f69f3df8da0>) [p2, p7, p9, p11, p13, p15, p17, p19, p0, p1, p3, p4]
+2493: p106 = getfield_gc_r(p101, descr=<FieldP rpyeffect.stack.MetaStack.inst_label 16 pure>)
+2497: p107 = getfield_gc_r(p97, descr=<FieldP rpyeffect.stack.MetaStack.inst_label 16 pure>)
+2501: p108 = getfield_gc_r(p93, descr=<FieldP rpyeffect.stack.MetaStack.inst_label 16 pure>)
+2505: p109 = getfield_gc_r(p89, descr=<FieldP rpyeffect.stack.MetaStack.inst_label 16 pure>)
+2510: p110 = getfield_gc_r(p85, descr=<FieldP rpyeffect.stack.MetaStack.inst_label 16 pure>)
+2514: p111 = getfield_gc_r(p81, descr=<FieldP rpyeffect.stack.MetaStack.inst_label 16 pure>)
+2518: p112 = getfield_gc_r(p77, descr=<FieldP rpyeffect.stack.MetaStack.inst_label 16 pure>)
+2522: p113 = getfield_gc_r(p73, descr=<FieldP rpyeffect.stack.MetaStack.inst_label 16 pure>)
+2526: p114 = getfield_gc_r(p69, descr=<FieldP rpyeffect.stack.MetaStack.inst_label 16 pure>)
+2530: p115 = getfield_gc_r(p65, descr=<FieldP rpyeffect.stack.MetaStack.inst_label 16 pure>)
+2534: p116 = getfield_gc_r(p61, descr=<FieldP rpyeffect.stack.MetaStack.inst_label 16 pure>)
+2538: p117 = getfield_gc_r(p57, descr=<FieldP rpyeffect.stack.MetaStack.inst_label 16 pure>)
+2542: p118 = getfield_gc_r(p53, descr=<FieldP rpyeffect.stack.MetaStack.inst_label 16 pure>)
+2553: p119 = getfield_gc_r(p49, descr=<FieldP rpyeffect.stack.MetaStack.inst_label 16 pure>)
+2571: p120 = getfield_gc_r(p45, descr=<FieldP rpyeffect.stack.MetaStack.inst_label 16 pure>)
+2589: p121 = getfield_gc_r(p41, descr=<FieldP rpyeffect.stack.MetaStack.inst_label 16 pure>)
+2607: p122 = getfield_gc_r(p37, descr=<FieldP rpyeffect.stack.MetaStack.inst_label 16 pure>)
+2625: p123 = getfield_gc_r(p33, descr=<FieldP rpyeffect.stack.MetaStack.inst_label 16 pure>)
+2644: p124 = getfield_gc_r(p29, descr=<FieldP rpyeffect.stack.MetaStack.inst_label 16 pure>)
+2662: p125 = getfield_gc_r(p25, descr=<FieldP rpyeffect.stack.MetaStack.inst_label 16 pure>)
+2680: p126 = getfield_gc_r(p9, descr=<FieldP rpyeffect.stack.MetaStack.inst_label 16 pure>)
+2698: guard_nonnull(p24, descr=<Guard0x7f69f3df8d70>) [p2, p7, p9, p11, p13, p15, p17, p19, p0, p1, p3, p4]
+2712: i127 = getfield_gc_i(p24, descr=<FieldS rpyeffect.stored_environment.Stack__arb.inst_target 16 pure>)
+2737: guard_value(i127, 145, descr=<Guard0x7f69f3df8d40>) [p2, p7, p9, p11, p13, p15, p17, p19, p0, p1, p3, p4]
debug_merge_point(0, 0, '147<main.rpyeffect:147(Name(resume2835))>+1: {"op": "Return". "args": {"any": [0]}}')
+2750: p129 = getfield_gc_r(p24, descr=<FieldP rpyeffect.stored_environment.Stack__1.inst_values_ptr_0 32 pure>)
+2754: p130 = getfield_gc_r(p24, descr=<FieldP rpyeffect.stored_environment.Stack__arb.inst_tail 8 pure>)
+2758: guard_nonnull(p130, descr=<Guard0x7f69f3df8d10>) [p2, p7, p9, p11, p13, p15, p17, p19, p0, p1, p3, p4]
+2767: i131 = getfield_gc_i(p130, descr=<FieldS rpyeffect.stored_environment.Stack__arb.inst_target 16 pure>)
+2778: guard_value(i131, 151, descr=<Guard0x7f69f3df8ce0>) [p2, p7, p9, p11, p13, p15, p17, p19, p0, p1, p3, p4]
debug_merge_point(0, 0, '145<main.rpyeffect:145([k@Name(countdown2817)#278])>+0: {"op": "Const". "type": "ptr". "out": 2. "format": "int". "value": "<IntValue object at 0x7f69f3db5730>"}')
debug_merge_point(0, 0, '145<main.rpyeffect:145([k@Name(countdown2817)#278])>+1: {"op": "Push". "target": 144. "args": {"any": [1. 0]}}')
debug_merge_point(0, 0, '145<main.rpyeffect:145([k@Name(countdown2817)#278])>+2: {"op": "Copy". "type": "any". "from": 2. "to". 1}')
debug_merge_point(0, 0, '145<main.rpyeffect:145([k@Name(countdown2817)#278])>+3: {"op": "Jump". "target": 4}')
debug_merge_point(0, 0, '4<main.rpyeffect:4(Name(infixEq72))>+0: {"op": "PrimOp". "name": "infixEq(Int. Int): Boolean". "out": {"any": [0]}. "in": {"any": [0. 1]}}')
+2791: i133 = getfield_gc_i(p7, descr=<FieldS rpyeffect.value.IntValue.inst_value 8 pure>)
+2802: i135 = int_eq(i133, 0)
debug_merge_point(0, 0, '4<main.rpyeffect:4(Name(infixEq72))>+1: {"op": "Return". "args": {"any": [0]}}')
debug_merge_point(0, 0, '144<main.rpyeffect:144([k@[k@Name(countdown2817)#278]#282])>+0: {"op": "Swap". "type": "any". "a": 2. "b". 0}')
debug_merge_point(0, 0, '144<main.rpyeffect:144([k@[k@Name(countdown2817)#278]#282])>+1: {"op": "IfZero". "cond": 2. "then": {"tag": null. "target": 143. "args": {"any": []}}}')
+2806: guard_false(i135, descr=<Guard0x7f69f3df8cb0>) [p2, p7, p9, p11, p13, p15, p17, p19, p0, p1, p3, p4]
debug_merge_point(0, 0, '143<main.rpyeffect:143([then#286])>+0: {"op": "Const". "type": "ptr". "out": 2. "format": "int". "value": "<IntValue object at 0x7f69f3db57a0>"}')
debug_merge_point(0, 0, '143<main.rpyeffect:143([then#286])>+1: {"op": "Push". "target": 142. "args": {"any": [1]}}')
debug_merge_point(0, 0, '143<main.rpyeffect:143([then#286])>+2: {"op": "Copy". "type": "any". "from": 2. "to". 1}')
debug_merge_point(0, 0, '143<main.rpyeffect:143([then#286])>+3: {"op": "Jump". "target": 8}')
debug_merge_point(0, 0, '8<main.rpyeffect:8(Name(infixSub105))>+0: {"op": "PrimOp". "name": "infixSub(Int. Int): Int". "out": {"any": [0]}. "in": {"any": [0. 1]}}')
+2812: i137 = int_sub(i133, 1)
debug_merge_point(0, 0, '8<main.rpyeffect:8(Name(infixSub105))>+1: {"op": "Return". "args": {"any": [0]}}')
debug_merge_point(0, 0, '142<main.rpyeffect:142([k@[then#286]#290])>+0: {"op": "Push". "target": 141. "args": {"any": [1]}}')
debug_merge_point(0, 0, '142<main.rpyeffect:142([k@[then#286]#290])>+1: {"op": "Invoke". "receiver": 1. "tag": Interned(putS2832). "args" : {"any": [0]}}')
+2816: p138 = getfield_gc_r(p129, descr=<FieldP rpyeffect.codata.CoData.inst_vtable 8 pure>)
+2841: guard_value(p138, ConstPtr(ptr139), descr=<Guard0x7f69f3df8c80>) [p2, p7, p9, p11, p13, p15, p17, p19, p0, p1, p3, p4]
+2850: p140 = getfield_gc_r(p129, descr=<FieldP rpyeffect.stored_environment.CoData__2.inst_values_ptr_0 24 pure>)
+2854: p141 = getfield_gc_r(p129, descr=<FieldP rpyeffect.stored_environment.CoData__2.inst_values_ptr_1 32 pure>)
debug_merge_point(0, 0, '155<main.rpyeffect:155([method_putS2832@Name(handler2821)#312])>+0: {"op": "Const". "type": "ptr". "out": 3. "format": "int". "value": "<IntValue object at 0x7f69f3db55b0>"}')
debug_merge_point(0, 0, '155<main.rpyeffect:155([method_putS2832@Name(handler2821)#312])>+1: {"op": "ShiftDyn". "out": 1. "n": 3. "label": 1}')
+2858: guard_nonnull(p126, descr=<Guard0x7f69f3df8c50>) [p2, p7, p9, p11, p13, p15, p17, p19, p0, p1, p3, p4]
+2867: guard_nonnull(p140, descr=<Guard0x7f69f3df8c20>) [p2, p7, p9, p11, p13, p15, p17, p19, p0, p1, p3, p4]
+2876: i142 = getfield_gc_i(p126, descr=<FieldS rpyeffect.stack.Label.inst_origin 8 pure>)
+2887: guard_value(i142, 160772, descr=<Guard0x7f69f3df8bf0>) [p2, p7, p9, p11, p13, p15, p17, p19, p0, p1, p3, p4]
+2900: i144 = getfield_gc_i(p140, descr=<FieldS rpyeffect.stack.Label.inst_origin 8 pure>)
+2904: guard_value(i144, 160772, descr=<Guard0x7f69f3df8bc0>) [p2, p7, p9, p11, p13, p15, p17, p19, p0, p1, p3, p4]
+2917: i146 = instance_ptr_eq(p126, p140)
+2920: guard_false(i146, descr=<Guard0x7f69f3df8b90>) [p2, p7, p9, p11, p13, p15, p17, p19, p0, p1, p3, p4]
+2926: guard_nonnull(p125, descr=<Guard0x7f69f3df8b60>) [p2, p7, p9, p11, p13, p15, p17, p19, p0, p1, p3, p4]
+2935: i147 = getfield_gc_i(p125, descr=<FieldS rpyeffect.stack.Label.inst_origin 8 pure>)
+2939: guard_value(i147, 160768, descr=<Guard0x7f69f3df8b30>) [p2, p7, p9, p11, p13, p15, p17, p19, p0, p1, p3, p4]
+2952: guard_nonnull(p124, descr=<Guard0x7f69f3df8b00>) [p2, p7, p9, p11, p13, p15, p17, p19, p0, p1, p3, p4]
+2961: i149 = getfield_gc_i(p124, descr=<FieldS rpyeffect.stack.Label.inst_origin 8 pure>)
+2965: guard_value(i149, 160772, descr=<Guard0x7f69f3df8ad0>) [p2, p7, p9, p11, p13, p15, p17, p19, p0, p1, p3, p4]
+2978: i151 = instance_ptr_eq(p124, p140)
+2981: guard_false(i151, descr=<Guard0x7f69f3df8aa0>) [p2, p7, p9, p11, p13, p15, p17, p19, p0, p1, p3, p4]
+2987: guard_nonnull(p123, descr=<Guard0x7f69f3df8a70>) [p2, p7, p9, p11, p13, p15, p17, p19, p0, p1, p3, p4]
+2996: i152 = getfield_gc_i(p123, descr=<FieldS rpyeffect.stack.Label.inst_origin 8 pure>)
+3001: guard_value(i152, 160768, descr=<Guard0x7f69f3df8a40>) [p2, p7, p9, p11, p13, p15, p17, p19, p0, p1, p3, p4]
+3014: guard_nonnull(p122, descr=<Guard0x7f69f3df8a10>) [p2, p7, p9, p11, p13, p15, p17, p19, p0, p1, p3, p4]
+3023: i154 = getfield_gc_i(p122, descr=<FieldS rpyeffect.stack.Label.inst_origin 8 pure>)
+3027: guard_value(i154, 160772, descr=<Guard0x7f69f3df89e0>) [p2, p7, p9, p11, p13, p15, p17, p19, p0, p1, p3, p4]
+3040: i156 = instance_ptr_eq(p122, p140)
+3043: guard_false(i156, descr=<Guard0x7f69f3df89b0>) [p2, p7, p9, p11, p13, p15, p17, p19, p0, p1, p3, p4]
+3049: guard_nonnull(p121, descr=<Guard0x7f69f3df8980>) [p2, p7, p9, p11, p13, p15, p17, p19, p0, p1, p3, p4]
+3058: i157 = getfield_gc_i(p121, descr=<FieldS rpyeffect.stack.Label.inst_origin 8 pure>)
+3062: guard_value(i157, 160768, descr=<Guard0x7f69f3df8950>) [p2, p7, p9, p11, p13, p15, p17, p19, p0, p1, p3, p4]
+3075: guard_nonnull(p120, descr=<Guard0x7f69f3df8920>) [p2, p7, p9, p11, p13, p15, p17, p19, p0, p1, p3, p4]
+3084: i159 = getfield_gc_i(p120, descr=<FieldS rpyeffect.stack.Label.inst_origin 8 pure>)
+3088: guard_value(i159, 160772, descr=<Guard0x7f69f3df88f0>) [p2, p7, p9, p11, p13, p15, p17, p19, p0, p1, p3, p4]
+3101: i161 = instance_ptr_eq(p120, p140)
+3104: guard_false(i161, descr=<Guard0x7f69f3df88c0>) [p2, p7, p9, p11, p13, p15, p17, p19, p0, p1, p3, p4]
+3110: guard_nonnull(p119, descr=<Guard0x7f69f3df8890>) [p2, p7, p9, p11, p13, p15, p17, p19, p0, p1, p3, p4]
+3119: i162 = getfield_gc_i(p119, descr=<FieldS rpyeffect.stack.Label.inst_origin 8 pure>)
+3123: guard_value(i162, 160768, descr=<Guard0x7f69f3df8860>) [p2, p7, p9, p11, p13, p15, p17, p19, p0, p1, p3, p4]
+3136: guard_nonnull(p118, descr=<Guard0x7f69f3df8830>) [p2, p7, p9, p11, p13, p15, p17, p19, p0, p1, p3, p4]
+3145: i164 = getfield_gc_i(p118, descr=<FieldS rpyeffect.stack.Label.inst_origin 8 pure>)
+3149: guard_value(i164, 160772, descr=<Guard0x7f69f3df8800>) [p2, p7, p9, p11, p13, p15, p17, p19, p0, p1, p3, p4]
+3162: i166 = instance_ptr_eq(p118, p140)
+3165: guard_false(i166, descr=<Guard0x7f69f3df87d0>) [p2, p7, p9, p11, p13, p15, p17, p19, p0, p1, p3, p4]
+3171: guard_nonnull(p117, descr=<Guard0x7f69f3df87a0>) [p2, p7, p9, p11, p13, p15, p17, p19, p0, p1, p3, p4]
+3180: i167 = getfield_gc_i(p117, descr=<FieldS rpyeffect.stack.Label.inst_origin 8 pure>)
+3184: guard_value(i167, 160768, descr=<Guard0x7f69f3df8770>) [p2, p7, p9, p11, p13, p15, p17, p19, p0, p1, p3, p4]
+3197: guard_nonnull(p116, descr=<Guard0x7f69f3df8740>) [p2, p7, p9, p11, p13, p15, p17, p19, p0, p1, p3, p4]
+3211: i169 = getfield_gc_i(p116, descr=<FieldS rpyeffect.stack.Label.inst_origin 8 pure>)
+3229: guard_value(i169, 160772, descr=<Guard0x7f69f3df8710>) [p2, p7, p9, p11, p13, p15, p17, p19, p0, p1, p3, p4]
+3242: i171 = instance_ptr_eq(p116, p140)
+3245: guard_false(i171, descr=<Guard0x7f69f3df86e0>) [p2, p7, p9, p11, p13, p15, p17, p19, p0, p1, p3, p4]
+3251: guard_nonnull(p115, descr=<Guard0x7f69f3df86b0>) [p2, p7, p9, p11, p13, p15, p17, p19, p0, p1, p3, p4]
+3265: i172 = getfield_gc_i(p115, descr=<FieldS rpyeffect.stack.Label.inst_origin 8 pure>)
+3283: guard_value(i172, 160768, descr=<Guard0x7f69f3df8680>) [p2, p7, p9, p11, p13, p15, p17, p19, p0, p1, p3, p4]
+3296: guard_nonnull(p114, descr=<Guard0x7f69f3df8650>) [p2, p7, p9, p11, p13, p15, p17, p19, p0, p1, p3, p4]
+3310: i174 = getfield_gc_i(p114, descr=<FieldS rpyeffect.stack.Label.inst_origin 8 pure>)
+3328: guard_value(i174, 160772, descr=<Guard0x7f69f3df8620>) [p2, p7, p9, p11, p13, p15, p17, p19, p0, p1, p3, p4]
+3341: i176 = instance_ptr_eq(p114, p140)
+3344: guard_false(i176, descr=<Guard0x7f69f3df85f0>) [p2, p7, p9, p11, p13, p15, p17, p19, p0, p1, p3, p4]
+3350: guard_nonnull(p113, descr=<Guard0x7f69f3df85c0>) [p2, p7, p9, p11, p13, p15, p17, p19, p0, p1, p3, p4]
+3364: i177 = getfield_gc_i(p113, descr=<FieldS rpyeffect.stack.Label.inst_origin 8 pure>)
+3382: guard_value(i177, 160768, descr=<Guard0x7f69f3df8590>) [p2, p7, p9, p11, p13, p15, p17, p19, p0, p1, p3, p4]
+3395: guard_nonnull(p112, descr=<Guard0x7f69f3df8560>) [p2, p7, p9, p11, p13, p15, p17, p19, p0, p1, p3, p4]
+3409: i179 = getfield_gc_i(p112, descr=<FieldS rpyeffect.stack.Label.inst_origin 8 pure>)
+3428: guard_value(i179, 160772, descr=<Guard0x7f69f3df8530>) [p2, p7, p9, p11, p13, p15, p17, p19, p0, p1, p3, p4]
+3441: i181 = instance_ptr_eq(p112, p140)
+3444: guard_false(i181, descr=<Guard0x7f69f3df8500>) [p2, p7, p9, p11, p13, p15, p17, p19, p0, p1, p3, p4]
+3450: guard_nonnull(p111, descr=<Guard0x7f69f3df84d0>) [p2, p7, p9, p11, p13, p15, p17, p19, p0, p1, p3, p4]
+3464: i182 = getfield_gc_i(p111, descr=<FieldS rpyeffect.stack.Label.inst_origin 8 pure>)
+3475: guard_value(i182, 160768, descr=<Guard0x7f69f3df84a0>) [p2, p7, p9, p11, p13, p15, p17, p19, p0, p1, p3, p4]
+3488: guard_nonnull(p110, descr=<Guard0x7f69f3df8470>) [p2, p7, p9, p11, p13, p15, p17, p19, p0, p1, p3, p4]
+3502: i184 = getfield_gc_i(p110, descr=<FieldS rpyeffect.stack.Label.inst_origin 8 pure>)
+3513: guard_value(i184, 160772, descr=<Guard0x7f69f3df8440>) [p2, p7, p9, p11, p13, p15, p17, p19, p0, p1, p3, p4]
+3526: i186 = instance_ptr_eq(p110, p140)
+3529: guard_false(i186, descr=<Guard0x7f69f3df8410>) [p2, p7, p9, p11, p13, p15, p17, p19, p0, p1, p3, p4]
+3535: guard_nonnull(p109, descr=<Guard0x7f69f3df83e0>) [p2, p7, p9, p11, p13, p15, p17, p19, p0, p1, p3, p4]
+3549: i187 = getfield_gc_i(p109, descr=<FieldS rpyeffect.stack.Label.inst_origin 8 pure>)
+3560: guard_value(i187, 160768, descr=<Guard0x7f69f3df83b0>) [p2, p7, p9, p11, p13, p15, p17, p19, p0, p1, p3, p4]
+3573: guard_nonnull(p108, descr=<Guard0x7f69f3df8380>) [p2, p7, p9, p11, p13, p15, p17, p19, p0, p1, p3, p4]
+3587: i189 = getfield_gc_i(p108, descr=<FieldS rpyeffect.stack.Label.inst_origin 8 pure>)
+3598: guard_value(i189, 160772, descr=<Guard0x7f69f3df8350>) [p2, p7, p9, p11, p13, p15, p17, p19, p0, p1, p3, p4]
+3611: i191 = instance_ptr_eq(p108, p140)
+3614: guard_false(i191, descr=<Guard0x7f69f3df8320>) [p2, p7, p9, p11, p13, p15, p17, p19, p0, p1, p3, p4]
+3620: guard_nonnull(p107, descr=<Guard0x7f69f3df82f0>) [p2, p7, p9, p11, p13, p15, p17, p19, p0, p1, p3, p4]
+3634: i192 = getfield_gc_i(p107, descr=<FieldS rpyeffect.stack.Label.inst_origin 8 pure>)
+3645: guard_value(i192, 160768, descr=<Guard0x7f69f3df82c0>) [p2, p7, p9, p11, p13, p15, p17, p19, p0, p1, p3, p4]
+3658: guard_nonnull(p106, descr=<Guard0x7f69f3df8290>) [p2, p7, p9, p11, p13, p15, p17, p19, p0, p1, p3, p4]
+3672: i194 = getfield_gc_i(p106, descr=<FieldS rpyeffect.stack.Label.inst_origin 8 pure>)
+3683: guard_value(i194, 160772, descr=<Guard0x7f69f3df8260>) [p2, p7, p9, p11, p13, p15, p17, p19, p0, p1, p3, p4]
+3696: i196 = instance_ptr_eq(p106, p140)
+3699: guard_true(i196, descr=<Guard0x7f69f3df8230>) [p2, p7, p9, p11, p13, p15, p17, p19, p0, p1, p3, p4]
+3705: guard_nonnull(p1, descr=<Guard0x7f69f3df8200>) [p2, p7, p9, p11, p13, p15, p17, p19, p0, p1, p3, p4]
+3719: i197 = getfield_gc_i(p1, descr=<FieldS rpyeffect.stored_environment.Stack__arb.inst_target 16 pure>)
+3730: guard_value(i197, 149, descr=<Guard0x7f69f3df81d0>) [p2, p7, p9, p11, p13, p15, p17, p19, p0, p1, p3, p4]
debug_merge_point(0, 0, '155<main.rpyeffect:155([method_putS2832@Name(handler2821)#312])>+2: {"op": "Store". "ref": 2. "type": "any". "value": 0}')
+3743: p199 = getfield_gc_r(p141, descr=<FieldP rpyeffect.region.Ref.inst_allocation_site 8 pure>)
+3754: guard_value(p199, ConstPtr(ptr200), descr=<Guard0x7f69f3df8170>) [p2, p7, p9, p11, p13, p15, p17, p19, p0, p1, p3, p4]
+3763: p201 = getfield_gc_r(p141, descr=<FieldP rpyeffect.region.Ref.inst_value 16>)
debug_merge_point(0, 0, '155<main.rpyeffect:155([method_putS2832@Name(handler2821)#312])>+3: {"op": "Construct". "out": 0. "type": Interned(Unit). "tag": Interned(unit). "args": {"any": []}}')
debug_merge_point(0, 0, '155<main.rpyeffect:155([method_putS2832@Name(handler2821)#312])>+4: {"op": "Construct". "out": 0. "type": Interned(Unit). "tag": Interned(unit). "args": {"any": []}}')
debug_merge_point(0, 0, '155<main.rpyeffect:155([method_putS2832@Name(handler2821)#312])>+5: {"op": "Jump". "target": 148}')
debug_merge_point(0, 0, '148<main.rpyeffect:148(Name(resume2837))>+0: {"op": "PushStack". "arg": 1}')
debug_merge_point(0, 0, '148<main.rpyeffect:148(Name(resume2837))>+1: {"op": "Return". "args": {"any": [0]}}')
debug_merge_point(0, 0, '141<main.rpyeffect:141([k@[k@[then#286]#290]#293])>+0: {"op": "Copy". "type": "any". "from": 1. "to". 0}')
debug_merge_point(0, 0, '141<main.rpyeffect:141([k@[k@[then#286]#290]#293])>+1: {"op": "Jump". "target": 146}')
debug_merge_point(0, 0, '146<main.rpyeffect:146(Name(countdown2817))>+0: {"op": "Push". "target": 145. "args": {"any": [0]}}')
debug_merge_point(0, 0, '146<main.rpyeffect:146(Name(countdown2817))>+1: {"op": "Invoke". "receiver": 0. "tag": Interned(getS2830). "args" : {"any": []}}')
debug_merge_point(0, 0, '153<main.rpyeffect:153([method_getS2830@Name(handler2821)#306])>+0: {"op": "Const". "type": "ptr". "out": 2. "format": "int". "value": "<IntValue object at 0x7f69f3db55f0>"}')
debug_merge_point(0, 0, '153<main.rpyeffect:153([method_getS2830@Name(handler2821)#306])>+1: {"op": "ShiftDyn". "out": 0. "n": 2. "label": 0}')
+3767: setfield_gc(p201, i137, descr=<FieldS rpyeffect.value.UnboxedIntValueRef.inst_value 8>)
+3790: i202 = instance_ptr_eq(p126, p140)
guard_false(i202, descr=<Guard0x7f69f3dc6f08>) [p2, p140, p141, p15, p17, p19, p126, i202, p3, p0, p1, p106, p104, p107, p100, p108, p96, p109, p92, p110, p88, p111, p84, p112, p80, p113, p76, p114, p72, p115, p68, p116, p64, p117, p60, p118, p56, p119, p52, p120, p48, p121, p44, p122, p40, p123, p36, p124, p32, p125, p28, p129, p130]
+3818: i203 = instance_ptr_eq(p124, p140)
+3821: guard_false(i203, descr=<Guard0x7f69f3e034c0>) [p2, p140, p141, p15, p17, p19, p126, i202, p3, p0, p1, p106, p104, p107, p100, p108, p96, p109, p92, p110, p88, p111, p84, p112, p80, p113, p76, p114, p72, p115, p68, p116, p64, p117, p60, p118, p56, p119, p52, p120, p48, p121, p44, p122, p40, p123, p36, p124, p32, p125, p28, p129, p130]
+3827: i204 = instance_ptr_eq(p122, p140)
+3830: guard_false(i204, descr=<Guard0x7f69f3e034f0>) [p2, p140, p141, p15, p17, p19, p126, i202, p3, p0, p1, p106, p104, p107, p100, p108, p96, p109, p92, p110, p88, p111, p84, p112, p80, p113, p76, p114, p72, p115, p68, p116, p64, p117, p60, p118, p56, p119, p52, p120, p48, p121, p44, p122, p40, p123, p36, p124, p32, p125, p28, p129, p130]
+3836: i205 = instance_ptr_eq(p120, p140)
+3839: guard_false(i205, descr=<Guard0x7f69f3e03520>) [p2, p140, p141, p15, p17, p19, p126, i202, p3, p0, p1, p106, p104, p107, p100, p108, p96, p109, p92, p110, p88, p111, p84, p112, p80, p113, p76, p114, p72, p115, p68, p116, p64, p117, p60, p118, p56, p119, p52, p120, p48, p121, p44, p122, p40, p123, p36, p124, p32, p125, p28, p129, p130]
+3845: i206 = instance_ptr_eq(p118, p140)
+3848: guard_false(i206, descr=<Guard0x7f69f3e03550>) [p2, p140, p141, p15, p17, p19, p126, i202, p3, p0, p1, p106, p104, p107, p100, p108, p96, p109, p92, p110, p88, p111, p84, p112, p80, p113, p76, p114, p72, p115, p68, p116, p64, p117, p60, p118, p56, p119, p52, p120, p48, p121, p44, p122, p40, p123, p36, p124, p32, p125, p28, p129, p130]
+3854: i207 = instance_ptr_eq(p116, p140)
+3857: guard_false(i207, descr=<Guard0x7f69f3e03580>) [p2, p140, p141, p15, p17, p19, p126, i202, p3, p0, p1, p106, p104, p107, p100, p108, p96, p109, p92, p110, p88, p111, p84, p112, p80, p113, p76, p114, p72, p115, p68, p116, p64, p117, p60, p118, p56, p119, p52, p120, p48, p121, p44, p122, p40, p123, p36, p124, p32, p125, p28, p129, p130]
+3863: i208 = instance_ptr_eq(p114, p140)
+3866: guard_false(i208, descr=<Guard0x7f69f3e035b0>) [p2, p140, p141, p15, p17, p19, p126, i202, p3, p0, p1, p106, p104, p107, p100, p108, p96, p109, p92, p110, p88, p111, p84, p112, p80, p113, p76, p114, p72, p115, p68, p116, p64, p117, p60, p118, p56, p119, p52, p120, p48, p121, p44, p122, p40, p123, p36, p124, p32, p125, p28, p129, p130]
+3872: i209 = instance_ptr_eq(p112, p140)
+3875: guard_false(i209, descr=<Guard0x7f69f3e035e0>) [p2, p140, p141, p15, p17, p19, p126, i202, p3, p0, p1, p106, p104, p107, p100, p108, p96, p109, p92, p110, p88, p111, p84, p112, p80, p113, p76, p114, p72, p115, p68, p116, p64, p117, p60, p118, p56, p119, p52, p120, p48, p121, p44, p122, p40, p123, p36, p124, p32, p125, p28, p129, p130]
+3881: i210 = instance_ptr_eq(p110, p140)
+3884: guard_false(i210, descr=<Guard0x7f69f3e03610>) [p2, p140, p141, p15, p17, p19, p126, i202, p3, p0, p1, p106, p104, p107, p100, p108, p96, p109, p92, p110, p88, p111, p84, p112, p80, p113, p76, p114, p72, p115, p68, p116, p64, p117, p60, p118, p56, p119, p52, p120, p48, p121, p44, p122, p40, p123, p36, p124, p32, p125, p28, p129, p130]
+3890: i211 = instance_ptr_eq(p108, p140)
+3897: guard_false(i211, descr=<Guard0x7f69f3e03640>) [p2, p140, p141, p15, p17, p19, p126, i202, p3, p0, p1, p106, p104, p107, p100, p108, p96, p109, p92, p110, p88, p111, p84, p112, p80, p113, p76, p114, p72, p115, p68, p116, p64, p117, p60, p118, p56, p119, p52, p120, p48, p121, p44, p122, p40, p123, p36, p124, p32, p125, p28, p129, p130]
+3903: i212 = instance_ptr_eq(p106, p140)
+3910: guard_true(i212, descr=<Guard0x7f69f3e03670>) [p2, p140, p141, p15, p17, p19, p126, i202, p3, p0, p1, p106, p104, p107, p100, p108, p96, p109, p92, p110, p88, p111, p84, p112, p80, p113, p76, p114, p72, p115, p68, p116, p64, p117, p60, p118, p56, p119, p52, p120, p48, p121, p44, p122, p40, p123, p36, p124, p32, p125, p28, p129, p130]
debug_merge_point(0, 0, '153<main.rpyeffect:153([method_getS2830@Name(handler2821)#306])>+2: {"op": "Load". "out": 1. "type": "any". "ref": 1}')
debug_merge_point(0, 0, '153<main.rpyeffect:153([method_getS2830@Name(handler2821)#306])>+3: {"op": "Swap". "type": "any". "a": 0. "b". 1}')
debug_merge_point(0, 0, '153<main.rpyeffect:153([method_getS2830@Name(handler2821)#306])>+4: {"op": "Jump". "target": 147}')
debug_merge_point(0, 0, '147<main.rpyeffect:147(Name(resume2835))>+0: {"op": "PushStack". "arg": 1}')
+3916: label(p0, p1, p2, p3, i137, p130, p129, p126, p28, p125, p32, p124, p36, p123, p40, p122, p44, p121, p48, p120, p52, p119, p56, p118, p60, p117, p64, p116, p68, p115, p72, p114, p76, p113, p80, p112, p84, p111, p88, p110, p92, p109, p96, p108, p100, p107, p104, p106, p15, p17, p19, p140, p141, p201, descr=TargetToken(140093039614624))
debug_merge_point(0, 0, '147<main.rpyeffect:147(Name(resume2835))>+0: {"op": "PushStack". "arg": 1}')
+3920: guard_not_invalidated(descr=<Guard0x7f69f3dc7a48>) [p2, p15, p17, p19, p0, p1, p3, p106, p104, p107, p100, p108, p96, p109, p92, p110, p88, p111, p84, p112, p80, p113, p76, p114, p72, p115, p68, p116, p64, p117, p60, p118, p56, p119, p52, p120, p48, p121, p44, p122, p40, p123, p36, p124, p32, p125, p28, p129, p130, p126, i137]
debug_merge_point(0, 0, '147<main.rpyeffect:147(Name(resume2835))>+1: {"op": "Return". "args": {"any": [0]}}')
debug_merge_point(0, 0, '145<main.rpyeffect:145([k@Name(countdown2817)#278])>+0: {"op": "Const". "type": "ptr". "out": 2. "format": "int". "value": "<IntValue object at 0x7f69f3db5730>"}')
debug_merge_point(0, 0, '145<main.rpyeffect:145([k@Name(countdown2817)#278])>+1: {"op": "Push". "target": 144. "args": {"any": [1. 0]}}')
debug_merge_point(0, 0, '145<main.rpyeffect:145([k@Name(countdown2817)#278])>+2: {"op": "Copy". "type": "any". "from": 2. "to". 1}')
debug_merge_point(0, 0, '145<main.rpyeffect:145([k@Name(countdown2817)#278])>+3: {"op": "Jump". "target": 4}')
debug_merge_point(0, 0, '4<main.rpyeffect:4(Name(infixEq72))>+0: {"op": "PrimOp". "name": "infixEq(Int. Int): Boolean". "out": {"any": [0]}. "in": {"any": [0. 1]}}')
+3920: i214 = int_eq(i137, 0)
debug_merge_point(0, 0, '4<main.rpyeffect:4(Name(infixEq72))>+1: {"op": "Return". "args": {"any": [0]}}')
debug_merge_point(0, 0, '144<main.rpyeffect:144([k@[k@Name(countdown2817)#278]#282])>+0: {"op": "Swap". "type": "any". "a": 2. "b". 0}')
debug_merge_point(0, 0, '144<main.rpyeffect:144([k@[k@Name(countdown2817)#278]#282])>+1: {"op": "IfZero". "cond": 2. "then": {"tag": null. "target": 143. "args": {"any": []}}}')
+3924: guard_false(i214, descr=<Guard0x7f69f3e036a0>) [p2, p15, p17, p19, p0, p1, p3, p106, p104, p107, p100, p108, p96, p109, p92, p110, p88, p111, p84, p112, p80, p113, p76, p114, p72, p115, p68, p116, p64, p117, p60, p118, p56, p119, p52, p120, p48, p121, p44, p122, p40, p123, p36, p124, p32, p125, p28, p129, p130, p126, i137]
debug_merge_point(0, 0, '143<main.rpyeffect:143([then#286])>+0: {"op": "Const". "type": "ptr". "out": 2. "format": "int". "value": "<IntValue object at 0x7f69f3db57a0>"}')
debug_merge_point(0, 0, '143<main.rpyeffect:143([then#286])>+1: {"op": "Push". "target": 142. "args": {"any": [1]}}')
debug_merge_point(0, 0, '143<main.rpyeffect:143([then#286])>+2: {"op": "Copy". "type": "any". "from": 2. "to". 1}')
debug_merge_point(0, 0, '143<main.rpyeffect:143([then#286])>+3: {"op": "Jump". "target": 8}')
debug_merge_point(0, 0, '8<main.rpyeffect:8(Name(infixSub105))>+0: {"op": "PrimOp". "name": "infixSub(Int. Int): Int". "out": {"any": [0]}. "in": {"any": [0. 1]}}')
+3930: i216 = int_sub(i137, 1)
debug_merge_point(0, 0, '8<main.rpyeffect:8(Name(infixSub105))>+1: {"op": "Return". "args": {"any": [0]}}')
debug_merge_point(0, 0, '142<main.rpyeffect:142([k@[then#286]#290])>+0: {"op": "Push". "target": 141. "args": {"any": [1]}}')
debug_merge_point(0, 0, '142<main.rpyeffect:142([k@[then#286]#290])>+1: {"op": "Invoke". "receiver": 1. "tag": Interned(putS2832). "args" : {"any": [0]}}')
debug_merge_point(0, 0, '155<main.rpyeffect:155([method_putS2832@Name(handler2821)#312])>+0: {"op": "Const". "type": "ptr". "out": 3. "format": "int". "value": "<IntValue object at 0x7f69f3db55b0>"}')
debug_merge_point(0, 0, '155<main.rpyeffect:155([method_putS2832@Name(handler2821)#312])>+1: {"op": "ShiftDyn". "out": 1. "n": 3. "label": 1}')
+3934: i217 = instance_ptr_eq(p122, p140)
+3937: guard_false(i217, descr=<Guard0x7f69f3e036d0>) [p2, p15, p17, p19, p0, p1, p3, p106, p104, p107, p100, p108, p96, p109, p92, p110, p88, p111, p84, p112, p80, p113, p76, p114, p72, p115, p68, p116, p64, p117, p60, p118, p56, p119, p52, p120, p48, p121, p44, p122, p40, p123, p36, p124, p32, p125, p28, p129, p130, p126, i137]
+3943: i218 = instance_ptr_eq(p120, p140)
+3946: guard_false(i218, descr=<Guard0x7f69f3e03700>) [p2, p15, p17, p19, p0, p1, p3, p106, p104, p107, p100, p108, p96, p109, p92, p110, p88, p111, p84, p112, p80, p113, p76, p114, p72, p115, p68, p116, p64, p117, p60, p118, p56, p119, p52, p120, p48, p121, p44, p122, p40, p123, p36, p124, p32, p125, p28, p129, p130, p126, i137]
+3952: i219 = instance_ptr_eq(p118, p140)
+3955: guard_false(i219, descr=<Guard0x7f69f3e03730>) [p2, p15, p17, p19, p0, p1, p3, p106, p104, p107, p100, p108, p96, p109, p92, p110, p88, p111, p84, p112, p80, p113, p76, p114, p72, p115, p68, p116, p64, p117, p60, p118, p56, p119, p52, p120, p48, p121, p44, p122, p40, p123, p36, p124, p32, p125, p28, p129, p130, p126, i137]
+3961: i220 = instance_ptr_eq(p116, p140)
+3964: guard_false(i220, descr=<Guard0x7f69f3e03760>) [p2, p15, p17, p19, p0, p1, p3, p106, p104, p107, p100, p108, p96, p109, p92, p110, p88, p111, p84, p112, p80, p113, p76, p114, p72, p115, p68, p116, p64, p117, p60, p118, p56, p119, p52, p120, p48, p121, p44, p122, p40, p123, p36, p124, p32, p125, p28, p129, p130, p126, i137]
+3970: i221 = instance_ptr_eq(p114, p140)
+3973: guard_false(i221, descr=<Guard0x7f69f3e03790>) [p2, p15, p17, p19, p0, p1, p3, p106, p104, p107, p100, p108, p96, p109, p92, p110, p88, p111, p84, p112, p80, p113, p76, p114, p72, p115, p68, p116, p64, p117, p60, p118, p56, p119, p52, p120, p48, p121, p44, p122, p40, p123, p36, p124, p32, p125, p28, p129, p130, p126, i137]
+3979: i222 = instance_ptr_eq(p112, p140)
+3982: guard_false(i222, descr=<Guard0x7f69f3e037c0>) [p2, p15, p17, p19, p0, p1, p3, p106, p104, p107, p100, p108, p96, p109, p92, p110, p88, p111, p84, p112, p80, p113, p76, p114, p72, p115, p68, p116, p64, p117, p60, p118, p56, p119, p52, p120, p48, p121, p44, p122, p40, p123, p36, p124, p32, p125, p28, p129, p130, p126, i137]
+3988: i223 = instance_ptr_eq(p110, p140)
+3991: guard_false(i223, descr=<Guard0x7f69f3e037f0>) [p2, p15, p17, p19, p0, p1, p3, p106, p104, p107, p100, p108, p96, p109, p92, p110, p88, p111, p84, p112, p80, p113, p76, p114, p72, p115, p68, p116, p64, p117, p60, p118, p56, p119, p52, p120, p48, p121, p44, p122, p40, p123, p36, p124, p32, p125, p28, p129, p130, p126, i137]
+3997: i224 = instance_ptr_eq(p108, p140)
+4004: guard_false(i224, descr=<Guard0x7f69f3e03820>) [p2, p15, p17, p19, p0, p1, p3, p106, p104, p107, p100, p108, p96, p109, p92, p110, p88, p111, p84, p112, p80, p113, p76, p114, p72, p115, p68, p116, p64, p117, p60, p118, p56, p119, p52, p120, p48, p121, p44, p122, p40, p123, p36, p124, p32, p125, p28, p129, p130, p126, i137]
+4010: i225 = instance_ptr_eq(p106, p140)
+4017: guard_true(i225, descr=<Guard0x7f69f3e03850>) [p2, p15, p17, p19, p0, p1, p3, p106, p104, p107, p100, p108, p96, p109, p92, p110, p88, p111, p84, p112, p80, p113, p76, p114, p72, p115, p68, p116, p64, p117, p60, p118, p56, p119, p52, p120, p48, p121, p44, p122, p40, p123, p36, p124, p32, p125, p28, p129, p130, p126, i137]
debug_merge_point(0, 0, '155<main.rpyeffect:155([method_putS2832@Name(handler2821)#312])>+2: {"op": "Store". "ref": 2. "type": "any". "value": 0}')
debug_merge_point(0, 0, '155<main.rpyeffect:155([method_putS2832@Name(handler2821)#312])>+3: {"op": "Construct". "out": 0. "type": Interned(Unit). "tag": Interned(unit). "args": {"any": []}}')
debug_merge_point(0, 0, '155<main.rpyeffect:155([method_putS2832@Name(handler2821)#312])>+4: {"op": "Construct". "out": 0. "type": Interned(Unit). "tag": Interned(unit). "args": {"any": []}}')
debug_merge_point(0, 0, '155<main.rpyeffect:155([method_putS2832@Name(handler2821)#312])>+5: {"op": "Jump". "target": 148}')
debug_merge_point(0, 0, '148<main.rpyeffect:148(Name(resume2837))>+0: {"op": "PushStack". "arg": 1}')
debug_merge_point(0, 0, '148<main.rpyeffect:148(Name(resume2837))>+1: {"op": "Return". "args": {"any": [0]}}')
debug_merge_point(0, 0, '141<main.rpyeffect:141([k@[k@[then#286]#290]#293])>+0: {"op": "Copy". "type": "any". "from": 1. "to". 0}')
debug_merge_point(0, 0, '141<main.rpyeffect:141([k@[k@[then#286]#290]#293])>+1: {"op": "Jump". "target": 146}')
debug_merge_point(0, 0, '146<main.rpyeffect:146(Name(countdown2817))>+0: {"op": "Push". "target": 145. "args": {"any": [0]}}')
debug_merge_point(0, 0, '146<main.rpyeffect:146(Name(countdown2817))>+1: {"op": "Invoke". "receiver": 0. "tag": Interned(getS2830). "args" : {"any": []}}')
debug_merge_point(0, 0, '153<main.rpyeffect:153([method_getS2830@Name(handler2821)#306])>+0: {"op": "Const". "type": "ptr". "out": 2. "format": "int". "value": "<IntValue object at 0x7f69f3db55f0>"}')
debug_merge_point(0, 0, '153<main.rpyeffect:153([method_getS2830@Name(handler2821)#306])>+1: {"op": "ShiftDyn". "out": 0. "n": 2. "label": 0}')
+4023: setfield_gc(p201, i216, descr=<FieldS rpyeffect.value.UnboxedIntValueRef.inst_value 8>)
+4032: i226 = instance_ptr_eq(p126, p140)
guard_false(i226, descr=<Guard0x7f69f3dc7a90>) [p2, p140, p141, p15, p17, p19, p126, i226, p3, p0, p1, p106, p104, p107, p100, p108, p96, p109, p92, p110, p88, p111, p84, p112, p80, p113, p76, p114, p72, p115, p68, p116, p64, p117, p60, p118, p56, p119, p52, p120, p48, p121, p44, p122, p40, p123, p36, p124, p32, p125, p28, p129, p130, None, None]
+4061: i228 = instance_ptr_eq(p124, p140)
+4064: guard_false(i228, descr=<Guard0x7f69f3e038b0>) [p2, p140, p141, p15, p17, p19, p126, i226, p3, p0, p1, p106, p104, p107, p100, p108, p96, p109, p92, p110, p88, p111, p84, p112, p80, p113, p76, p114, p72, p115, p68, p116, p64, p117, p60, p118, p56, p119, p52, p120, p48, p121, p44, p122, p40, p123, p36, p124, p32, p125, p28, p129, p130, None, None]
+4070: i229 = instance_ptr_eq(p122, p140)
+4073: guard_false(i229, descr=<Guard0x7f69f3e038e0>) [p2, p140, p141, p15, p17, p19, p126, i226, p3, p0, p1, p106, p104, p107, p100, p108, p96, p109, p92, p110, p88, p111, p84, p112, p80, p113, p76, p114, p72, p115, p68, p116, p64, p117, p60, p118, p56, p119, p52, p120, p48, p121, p44, p122, p40, p123, p36, p124, p32, p125, p28, p129, p130, None, None]
+4079: i230 = instance_ptr_eq(p120, p140)
+4082: guard_false(i230, descr=<Guard0x7f69f3e03910>) [p2, p140, p141, p15, p17, p19, p126, i226, p3, p0, p1, p106, p104, p107, p100, p108, p96, p109, p92, p110, p88, p111, p84, p112, p80, p113, p76, p114, p72, p115, p68, p116, p64, p117, p60, p118, p56, p119, p52, p120, p48, p121, p44, p122, p40, p123, p36, p124, p32, p125, p28, p129, p130, None, None]
+4088: i231 = instance_ptr_eq(p118, p140)
+4091: guard_false(i231, descr=<Guard0x7f69f3e03940>) [p2, p140, p141, p15, p17, p19, p126, i226, p3, p0, p1, p106, p104, p107, p100, p108, p96, p109, p92, p110, p88, p111, p84, p112, p80, p113, p76, p114, p72, p115, p68, p116, p64, p117, p60, p118, p56, p119, p52, p120, p48, p121, p44, p122, p40, p123, p36, p124, p32, p125, p28, p129, p130, None, None]
+4097: i232 = instance_ptr_eq(p116, p140)
+4100: guard_false(i232, descr=<Guard0x7f69f3e03970>) [p2, p140, p141, p15, p17, p19, p126, i226, p3, p0, p1, p106, p104, p107, p100, p108, p96, p109, p92, p110, p88, p111, p84, p112, p80, p113, p76, p114, p72, p115, p68, p116, p64, p117, p60, p118, p56, p119, p52, p120, p48, p121, p44, p122, p40, p123, p36, p124, p32, p125, p28, p129, p130, None, None]
+4106: i233 = instance_ptr_eq(p114, p140)
+4109: guard_false(i233, descr=<Guard0x7f69f3e039a0>) [p2, p140, p141, p15, p17, p19, p126, i226, p3, p0, p1, p106, p104, p107, p100, p108, p96, p109, p92, p110, p88, p111, p84, p112, p80, p113, p76, p114, p72, p115, p68, p116, p64, p117, p60, p118, p56, p119, p52, p120, p48, p121, p44, p122, p40, p123, p36, p124, p32, p125, p28, p129, p130, None, None]
+4115: i234 = instance_ptr_eq(p112, p140)
+4118: guard_false(i234, descr=<Guard0x7f69f3e039d0>) [p2, p140, p141, p15, p17, p19, p126, i226, p3, p0, p1, p106, p104, p107, p100, p108, p96, p109, p92, p110, p88, p111, p84, p112, p80, p113, p76, p114, p72, p115, p68, p116, p64, p117, p60, p118, p56, p119, p52, p120, p48, p121, p44, p122, p40, p123, p36, p124, p32, p125, p28, p129, p130, None, None]
+4124: i235 = instance_ptr_eq(p110, p140)
+4127: guard_false(i235, descr=<Guard0x7f69f3e03a00>) [p2, p140, p141, p15, p17, p19, p126, i226, p3, p0, p1, p106, p104, p107, p100, p108, p96, p109, p92, p110, p88, p111, p84, p112, p80, p113, p76, p114, p72, p115, p68, p116, p64, p117, p60, p118, p56, p119, p52, p120, p48, p121, p44, p122, p40, p123, p36, p124, p32, p125, p28, p129, p130, None, None]
+4133: i236 = instance_ptr_eq(p108, p140)
+4140: guard_false(i236, descr=<Guard0x7f69f3e03a30>) [p2, p140, p141, p15, p17, p19, p126, i226, p3, p0, p1, p106, p104, p107, p100, p108, p96, p109, p92, p110, p88, p111, p84, p112, p80, p113, p76, p114, p72, p115, p68, p116, p64, p117, p60, p118, p56, p119, p52, p120, p48, p121, p44, p122, p40, p123, p36, p124, p32, p125, p28, p129, p130, None, None]
+4146: i237 = instance_ptr_eq(p106, p140)
+4153: guard_true(i237, descr=<Guard0x7f69f3e03a60>) [p2, p140, p141, p15, p17, p19, p126, i226, p3, p0, p1, p106, p104, p107, p100, p108, p96, p109, p92, p110, p88, p111, p84, p112, p80, p113, p76, p114, p72, p115, p68, p116, p64, p117, p60, p118, p56, p119, p52, p120, p48, p121, p44, p122, p40, p123, p36, p124, p32, p125, p28, p129, p130, None, None]
debug_merge_point(0, 0, '153<main.rpyeffect:153([method_getS2830@Name(handler2821)#306])>+2: {"op": "Load". "out": 1. "type": "any". "ref": 1}')
debug_merge_point(0, 0, '153<main.rpyeffect:153([method_getS2830@Name(handler2821)#306])>+3: {"op": "Swap". "type": "any". "a": 0. "b". 1}')
debug_merge_point(0, 0, '153<main.rpyeffect:153([method_getS2830@Name(handler2821)#306])>+4: {"op": "Jump". "target": 147}')
debug_merge_point(0, 0, '147<main.rpyeffect:147(Name(resume2835))>+0: {"op": "PushStack". "arg": 1}')
+4159: i238 = instance_ptr_eq(p126, p140)
+4162: guard_false(i238, descr=<Guard0x7f69f3dc7ad8>) [p2, p15, p17, p19, p0, p1, p3, i216, None, None, None, p106, p104, p107, p100, p108, p96, p109, p92, p110, p88, p111, p84, p112, p80, p113, p76, p114, p72, p115, p68, p116, p64, p117, p60, p118, p56, p119, p52, p120, p48, p121, p44, p122, p40, p123, p36, p124, p32, p125, p28, p129, p130, p126, None]
+4168: i239 = instance_ptr_eq(p124, p140)
+4171: guard_false(i239, descr=<Guard0x7f69f3dc7b20>) [p2, p15, p17, p19, p0, p1, p3, i216, None, None, None, p106, p104, p107, p100, p108, p96, p109, p92, p110, p88, p111, p84, p112, p80, p113, p76, p114, p72, p115, p68, p116, p64, p117, p60, p118, p56, p119, p52, p120, p48, p121, p44, p122, p40, p123, p36, p124, p32, p125, p28, p129, p130, p126, None]
+4177: i240 = instance_ptr_eq(p122, p140)
+4180: guard_false(i240, descr=<Guard0x7f69f3dc7b68>) [p2, p15, p17, p19, p0, p1, p3, i216, None, None, None, p106, p104, p107, p100, p108, p96, p109, p92, p110, p88, p111, p84, p112, p80, p113, p76, p114, p72, p115, p68, p116, p64, p117, p60, p118, p56, p119, p52, p120, p48, p121, p44, p122, p40, p123, p36, p124, p32, p125, p28, p129, p130, p126, None]
+4186: jump(p0, p1, p2, p3, i216, p130, p129, p126, p28, p125, p32, p124, p36, p123, p40, p122, p44, p121, p48, p120, p52, p119, p56, p118, p60, p117, p64, p116, p68, p115, p72, p114, p76, p113, p80, p112, p84, p111, p88, p110, p92, p109, p96, p108, p100, p107, p104, p106, p15, p17, p19, p140, p141, p201, descr=TargetToken(140093039614624))
+4208: --end of the loop--
[62fdbcaa0e1e] jit-log-opt-loop}
[62fe86533997] {jit-summary
Tracing:      	1	0.003019
Backend:      	1	0.001070
TOTAL:      		1.702529
ops:             	2717
heapcached ops:  	611
recorded ops:    	1394
  calls:         	31
guards:          	473
opt ops:         	408
opt guards:      	166
opt guards shared:	138
forcings:        	0
abort: trace too long:	0
abort: compiling:	0
abort: vable escape:	0
abort: bad loop: 	0
abort: force quasi-immut:	0
abort: segmenting trace:	0
virtualizables forced:	0
nvirtuals:       	90
nvholes:         	21
nvreused:        	0
vecopt tried:    	0
vecopt success:  	0
Total # of loops:	1
Total # of bridges:	0
Freed # of loops:	0
Freed # of bridges:	0
[62fe8653a274] jit-summary}
