[62fc75bb2d0b] {jit-log-opt-loop
# Loop 1 (4<main.rpyeffect:4(Name(infixEq72))>+0: {"op": "PrimOp", "name": "infixEq(Int, Int): Boolean", "out": {"any": [0]}, "in": {"any": [0, 1]}}) : loop with 120 ops
[p0, p1, p2, p3, p4]
+301: p5 = getfield_gc_r(p2, descr=<FieldP rpyeffect.environment.Environment.inst_values_ptr 16>)
+312: p7 = getarrayitem_gc_r(p5, 0, descr=<ArrayP 8>)
+316: p9 = getarrayitem_gc_r(p5, 1, descr=<ArrayP 8>)
+320: p11 = getarrayitem_gc_r(p5, 2, descr=<ArrayP 8>)
+324: p13 = getarrayitem_gc_r(p5, 3, descr=<ArrayP 8>)
+328: p15 = getarrayitem_gc_r(p5, 4, descr=<ArrayP 8>)
+332: p17 = getarrayitem_gc_r(p5, 5, descr=<ArrayP 8>)
+336: p19 = getarrayitem_gc_r(p5, 6, descr=<ArrayP 8>)
+340: label(p0, p1, p2, p3, p4, p7, p9, p11, p13, p15, p17, p19, descr=TargetToken(140652863779360))
debug_merge_point(0, 0, '4<main.rpyeffect:4(Name(infixEq72))>+0: {"op": "PrimOp". "name": "infixEq(Int. Int): Boolean". "out": {"any": [0]}. "in": {"any": [0. 1]}}')
+384: guard_not_invalidated(descr=<Guard0x7fec4bfbec80>) [p2, p7, p9, p11, p13, p15, p17, p19, p0, p1, p3, p4]
+384: i20 = getfield_gc_i(p7, descr=<FieldS rpyeffect.value.IntValue.inst_value 8 pure>)
+388: i21 = getfield_gc_i(p9, descr=<FieldS rpyeffect.value.IntValue.inst_value 8 pure>)
+392: i22 = int_eq(i20, i21)
debug_merge_point(0, 0, '4<main.rpyeffect:4(Name(infixEq72))>+1: {"op": "Return". "args": {"any": [0]}}')
+405: guard_nonnull(p1, descr=<Guard0x7fec4bfccc50>) [p2, p7, p9, p11, p13, p15, p17, p19, p0, p1, p3, p4]
+419: i23 = getfield_gc_i(p1, descr=<FieldS rpyeffect.stored_environment.Stack__arb.inst_target 16 pure>)
+430: guard_value(i23, 134, descr=<Guard0x7fec4bfccc80>) [p2, p7, p9, p11, p13, p15, p17, p19, p0, p1, p3, p4]
+443: p25 = getfield_gc_r(p1, descr=<FieldP rpyeffect.stored_environment.Stack__3.inst_values_ptr_0 32 pure>)
+447: p26 = getfield_gc_r(p1, descr=<FieldP rpyeffect.stored_environment.Stack__3.inst_values_ptr_1 40 pure>)
+451: p27 = getfield_gc_r(p1, descr=<FieldP rpyeffect.stored_environment.Stack__3.inst_values_ptr_2 48 pure>)
+455: p28 = getfield_gc_r(p1, descr=<FieldP rpyeffect.stored_environment.Stack__arb.inst_tail 8 pure>)
debug_merge_point(0, 0, '134<main.rpyeffect:134([k@Name(loop2821)#264])>+0: {"op": "Swap". "type": "any". "a": 0. "b". 1}')
debug_merge_point(0, 0, '134<main.rpyeffect:134([k@Name(loop2821)#264])>+1: {"op": "Swap". "type": "any". "a": 3. "b". 1}')
debug_merge_point(0, 0, '134<main.rpyeffect:134([k@Name(loop2821)#264])>+2: {"op": "Swap". "type": "any". "a": 2. "b". 1}')
debug_merge_point(0, 0, '134<main.rpyeffect:134([k@Name(loop2821)#264])>+3: {"op": "IfZero". "cond": 3. "then": {"tag": null. "target": 133. "args": {"any": []}}}')
+459: guard_false(i22, descr=<Guard0x7fec4bfcccb0>) [p2, p7, p9, p11, p13, p15, p17, p19, p0, p1, p3, p4]
+468: guard_nonnull(p28, descr=<Guard0x7fec4bfccce0>) [p2, p7, p9, p11, p13, p15, p17, p19, p0, p1, p3, p4]
+477: i29 = getfield_gc_i(p28, descr=<FieldS rpyeffect.stored_environment.Stack__arb.inst_target 16 pure>)
+481: guard_value(i29, 138, descr=<Guard0x7fec4bfccd10>) [p2, p7, p9, p11, p13, p15, p17, p19, p0, p1, p3, p4]
debug_merge_point(0, 0, '133<main.rpyeffect:133([then#268])>+0: {"op": "Push". "target": 132. "args": {"any": [0. 1. 2]}}')
debug_merge_point(0, 0, '133<main.rpyeffect:133([then#268])>+1: {"op": "Swap". "type": "any". "a": 0. "b". 1}')
debug_merge_point(0, 0, '133<main.rpyeffect:133([then#268])>+2: {"op": "Invoke". "receiver": 1. "tag": Interned(Operator2829). "args" : {"any": [0]}}')
+494: p31 = getfield_gc_r(p25, descr=<FieldP rpyeffect.codata.CoData.inst_vtable 8 pure>)
+505: guard_value(p31, ConstPtr(ptr32), descr=<Guard0x7fec4bfccd40>) [p2, p7, p9, p11, p13, p15, p17, p19, p0, p1, p3, p4]
+514: p33 = getfield_gc_r(p25, descr=<FieldP rpyeffect.stored_environment.CoData__1.inst_values_ptr_0 24 pure>)
debug_merge_point(0, 0, '144<main.rpyeffect:144([method_Operator2829@Name(run2824)#284])>+0: {"op": "Const". "type": "ptr". "out": 2. "format": "int". "value": "<IntValue object at 0x7fec4bfaf6a0>"}')
debug_merge_point(0, 0, '144<main.rpyeffect:144([method_Operator2829@Name(run2824)#284])>+1: {"op": "ShiftDyn". "out": 1. "n": 2. "label": 1}')
+525: i35 = instance_ptr_eq(p4, ConstPtr(ptr34))
+532: guard_true(i35, descr=<Guard0x7fec4bfccd70>) [p2, p7, p9, p11, p13, p15, p17, p19, p0, p1, p3, p4]
+538: guard_nonnull(p0, descr=<Guard0x7fec4bfccda0>) [p2, p7, p9, p11, p13, p15, p17, p19, p0, p1, p3, p4]
+552: guard_nonnull(p33, descr=<Guard0x7fec4bfccdd0>) [p2, p7, p9, p11, p13, p15, p17, p19, p0, p1, p3, p4]
+561: i36 = getfield_gc_i(p0, descr=<FieldS rpyeffect.stack.Label.inst_origin 8 pure>)
+572: guard_value(i36, 149504, descr=<Guard0x7fec4bfcce00>) [p2, p7, p9, p11, p13, p15, p17, p19, p0, p1, p3, p4]
+585: i38 = getfield_gc_i(p33, descr=<FieldS rpyeffect.stack.Label.inst_origin 8 pure>)
+589: guard_value(i38, 149504, descr=<Guard0x7fec4bfcce30>) [p2, p7, p9, p11, p13, p15, p17, p19, p0, p1, p3, p4]
+602: i40 = instance_ptr_eq(p0, p33)
+605: guard_true(i40, descr=<Guard0x7fec4bfcce60>) [p2, p7, p9, p11, p13, p15, p17, p19, p0, p1, p3, p4]
+611: guard_nonnull_class(p3, 8692928, descr=<Guard0x7fec4bfbecc8>) [p2, p7, p9, p11, p13, p15, p17, p19, p0, p1, p3, p4]
+638: p42 = getfield_gc_r(p3, descr=<FieldP rpyeffect.stack.MetaStackLike.inst_stack 8 pure>)
+643: p43 = getfield_gc_r(p3, descr=<FieldP rpyeffect.stack.MetaStack.inst_label 16 pure>)
+648: p44 = getfield_gc_r(p3, descr=<FieldP rpyeffect.stack.MetaStack.inst_tail 32 pure>)
+653: guard_nonnull(p42, descr=<Guard0x7fec4bfcce90>) [p2, p7, p9, p11, p13, p15, p17, p19, p0, p1, p3, p4]
+662: i45 = getfield_gc_i(p42, descr=<FieldS rpyeffect.stored_environment.Stack__arb.inst_target 16 pure>)
+673: guard_value(i45, 143, descr=<Guard0x7fec4bfccec0>) [p2, p7, p9, p11, p13, p15, p17, p19, p0, p1, p3, p4]
debug_merge_point(0, 0, '144<main.rpyeffect:144([method_Operator2829@Name(run2824)#284])>+2: {"op": "Construct". "out": 2. "type": Interned(Unit). "tag": Interned(unit). "args": {"any": []}}')
debug_merge_point(0, 0, '144<main.rpyeffect:144([method_Operator2829@Name(run2824)#284])>+3: {"op": "Push". "target": 143. "args": {"any": [0]}}')
debug_merge_point(0, 0, '144<main.rpyeffect:144([method_Operator2829@Name(run2824)#284])>+4: {"op": "Copy". "type": "any". "from": 2. "to". 0}')
debug_merge_point(0, 0, '144<main.rpyeffect:144([method_Operator2829@Name(run2824)#284])>+5: {"op": "Jump". "target": 136}')
debug_merge_point(0, 0, '136<main.rpyeffect:136(Name(resume2831))>+0: {"op": "PushStack". "arg": 1}')
debug_merge_point(0, 0, '136<main.rpyeffect:136(Name(resume2831))>+1: {"op": "Return". "args": {"any": [0]}}')
debug_merge_point(0, 0, '132<main.rpyeffect:132([k@[then#268]#270])>+0: {"op": "Const". "type": "ptr". "out": 0. "format": "int". "value": "<IntValue object at 0x7fec4bfaf8c0>"}')
debug_merge_point(0, 0, '132<main.rpyeffect:132([k@[then#268]#270])>+1: {"op": "Push". "target": 131. "args": {"any": [1. 3]}}')
debug_merge_point(0, 0, '132<main.rpyeffect:132([k@[then#268]#270])>+2: {"op": "Copy". "type": "any". "from": 0. "to". 1}')
debug_merge_point(0, 0, '132<main.rpyeffect:132([k@[then#268]#270])>+3: {"op": "Copy". "type": "any". "from": 2. "to". 0}')
debug_merge_point(0, 0, '132<main.rpyeffect:132([k@[then#268]#270])>+4: {"op": "Jump". "target": 8}')
debug_merge_point(0, 0, '8<main.rpyeffect:8(Name(infixSub105))>+0: {"op": "PrimOp". "name": "infixSub(Int. Int): Int". "out": {"any": [0]}. "in": {"any": [0. 1]}}')
+686: i47 = getfield_gc_i(p26, descr=<FieldS rpyeffect.value.IntValue.inst_value 8 pure>)
+690: i49 = int_sub(i47, 1)
debug_merge_point(0, 0, '8<main.rpyeffect:8(Name(infixSub105))>+1: {"op": "Return". "args": {"any": [0]}}')
debug_merge_point(0, 0, '131<main.rpyeffect:131([k@[k@[then#268]#270]#274])>+0: {"op": "Swap". "type": "any". "a": 2. "b". 1}')
debug_merge_point(0, 0, '131<main.rpyeffect:131([k@[k@[then#268]#270]#274])>+1: {"op": "Jump". "target": 135}')
debug_merge_point(0, 0, '135<main.rpyeffect:135(Name(loop2821))>+0: {"op": "Const". "type": "ptr". "out": 3. "format": "int". "value": "<IntValue object at 0x7fec4bfaf830>"}')
debug_merge_point(0, 0, '135<main.rpyeffect:135(Name(loop2821))>+1: {"op": "Push". "target": 134. "args": {"any": [2. 0. 1]}}')
debug_merge_point(0, 0, '135<main.rpyeffect:135(Name(loop2821))>+2: {"op": "Copy". "type": "any". "from": 3. "to". 1}')
debug_merge_point(0, 0, '135<main.rpyeffect:135(Name(loop2821))>+3: {"op": "Jump". "target": 4}')
debug_merge_point(0, 0, '4<main.rpyeffect:4(Name(infixEq72))>+0: {"op": "PrimOp". "name": "infixEq(Int. Int): Boolean". "out": {"any": [0]}. "in": {"any": [0. 1]}}')
+694: label(p0, p28, p25, i49, p27, p2, p42, p26, p43, p44, p15, p17, p19, p33, descr=TargetToken(140652863779424))
debug_merge_point(0, 0, '4<main.rpyeffect:4(Name(infixEq72))>+0: {"op": "PrimOp". "name": "infixEq(Int. Int): Boolean". "out": {"any": [0]}. "in": {"any": [0. 1]}}')
+736: guard_not_invalidated(descr=<Guard0x7fec4bfbed10>) [p2, p25, p15, p17, p19, p0, p26, p42, p44, p43, p27, p28, i49]
+736: i51 = int_eq(i49, 0)
debug_merge_point(0, 0, '4<main.rpyeffect:4(Name(infixEq72))>+1: {"op": "Return". "args": {"any": [0]}}')
debug_merge_point(0, 0, '134<main.rpyeffect:134([k@Name(loop2821)#264])>+0: {"op": "Swap". "type": "any". "a": 0. "b". 1}')
debug_merge_point(0, 0, '134<main.rpyeffect:134([k@Name(loop2821)#264])>+1: {"op": "Swap". "type": "any". "a": 3. "b". 1}')
debug_merge_point(0, 0, '134<main.rpyeffect:134([k@Name(loop2821)#264])>+2: {"op": "Swap". "type": "any". "a": 2. "b". 1}')
debug_merge_point(0, 0, '134<main.rpyeffect:134([k@Name(loop2821)#264])>+3: {"op": "IfZero". "cond": 3. "then": {"tag": null. "target": 133. "args": {"any": []}}}')
+740: guard_false(i51, descr=<Guard0x7fec4bfccef0>) [p2, p25, p15, p17, p19, p0, p26, p42, p44, p43, p27, p28, i49]
debug_merge_point(0, 0, '133<main.rpyeffect:133([then#268])>+0: {"op": "Push". "target": 132. "args": {"any": [0. 1. 2]}}')
debug_merge_point(0, 0, '133<main.rpyeffect:133([then#268])>+1: {"op": "Swap". "type": "any". "a": 0. "b". 1}')
debug_merge_point(0, 0, '133<main.rpyeffect:133([then#268])>+2: {"op": "Invoke". "receiver": 1. "tag": Interned(Operator2829). "args" : {"any": [0]}}')
debug_merge_point(0, 0, '144<main.rpyeffect:144([method_Operator2829@Name(run2824)#284])>+0: {"op": "Const". "type": "ptr". "out": 2. "format": "int". "value": "<IntValue object at 0x7fec4bfaf6a0>"}')
debug_merge_point(0, 0, '144<main.rpyeffect:144([method_Operator2829@Name(run2824)#284])>+1: {"op": "ShiftDyn". "out": 1. "n": 2. "label": 1}')
debug_merge_point(0, 0, '144<main.rpyeffect:144([method_Operator2829@Name(run2824)#284])>+2: {"op": "Construct". "out": 2. "type": Interned(Unit). "tag": Interned(unit). "args": {"any": []}}')
debug_merge_point(0, 0, '144<main.rpyeffect:144([method_Operator2829@Name(run2824)#284])>+3: {"op": "Push". "target": 143. "args": {"any": [0]}}')
debug_merge_point(0, 0, '144<main.rpyeffect:144([method_Operator2829@Name(run2824)#284])>+4: {"op": "Copy". "type": "any". "from": 2. "to". 0}')
debug_merge_point(0, 0, '144<main.rpyeffect:144([method_Operator2829@Name(run2824)#284])>+5: {"op": "Jump". "target": 136}')
debug_merge_point(0, 0, '136<main.rpyeffect:136(Name(resume2831))>+0: {"op": "PushStack". "arg": 1}')
debug_merge_point(0, 0, '136<main.rpyeffect:136(Name(resume2831))>+1: {"op": "Return". "args": {"any": [0]}}')
debug_merge_point(0, 0, '132<main.rpyeffect:132([k@[then#268]#270])>+0: {"op": "Const". "type": "ptr". "out": 0. "format": "int". "value": "<IntValue object at 0x7fec4bfaf8c0>"}')
debug_merge_point(0, 0, '132<main.rpyeffect:132([k@[then#268]#270])>+1: {"op": "Push". "target": 131. "args": {"any": [1. 3]}}')
debug_merge_point(0, 0, '132<main.rpyeffect:132([k@[then#268]#270])>+2: {"op": "Copy". "type": "any". "from": 0. "to". 1}')
debug_merge_point(0, 0, '132<main.rpyeffect:132([k@[then#268]#270])>+3: {"op": "Copy". "type": "any". "from": 2. "to". 0}')
debug_merge_point(0, 0, '132<main.rpyeffect:132([k@[then#268]#270])>+4: {"op": "Jump". "target": 8}')
debug_merge_point(0, 0, '8<main.rpyeffect:8(Name(infixSub105))>+0: {"op": "PrimOp". "name": "infixSub(Int. Int): Int". "out": {"any": [0]}. "in": {"any": [0. 1]}}')
+746: i53 = int_sub(i49, 1)
debug_merge_point(0, 0, '8<main.rpyeffect:8(Name(infixSub105))>+1: {"op": "Return". "args": {"any": [0]}}')
debug_merge_point(0, 0, '131<main.rpyeffect:131([k@[k@[then#268]#270]#274])>+0: {"op": "Swap". "type": "any". "a": 2. "b". 1}')
debug_merge_point(0, 0, '131<main.rpyeffect:131([k@[k@[then#268]#270]#274])>+1: {"op": "Jump". "target": 135}')
debug_merge_point(0, 0, '135<main.rpyeffect:135(Name(loop2821))>+0: {"op": "Const". "type": "ptr". "out": 3. "format": "int". "value": "<IntValue object at 0x7fec4bfaf830>"}')
debug_merge_point(0, 0, '135<main.rpyeffect:135(Name(loop2821))>+1: {"op": "Push". "target": 134. "args": {"any": [2. 0. 1]}}')
debug_merge_point(0, 0, '135<main.rpyeffect:135(Name(loop2821))>+2: {"op": "Copy". "type": "any". "from": 3. "to". 1}')
debug_merge_point(0, 0, '135<main.rpyeffect:135(Name(loop2821))>+3: {"op": "Jump". "target": 4}')
debug_merge_point(0, 0, '4<main.rpyeffect:4(Name(infixEq72))>+0: {"op": "PrimOp". "name": "infixEq(Int. Int): Boolean". "out": {"any": [0]}. "in": {"any": [0. 1]}}')
+750: p54 = new_with_vtable(descr=<SizeDescr 40>)
+791: p55 = new_with_vtable(descr=<SizeDescr 16>)
+802: setfield_gc(p54, 143, descr=<FieldS rpyeffect.stored_environment.Stack__arb.inst_target 16 pure>)
+810: setfield_gc(p55, i49, descr=<FieldS rpyeffect.value.IntValue.inst_value 8 pure>)
+814: setfield_gc(p54, p42, descr=<FieldP rpyeffect.stored_environment.Stack__arb.inst_tail 8 pure>)
+818: setfield_gc(p54, p26, descr=<FieldP rpyeffect.stored_environment.Stack__1.inst_values_ptr_0 32 pure>)
+830: jump(p0, p28, p25, i53, p27, p2, p54, p55, p43, p44, p15, p17, p19, p33, descr=TargetToken(140652863779424))
+848: --end of the loop--
[62fc75bfcf31] jit-log-opt-loop}
[62fc75ecb61f] {jit-log-opt-loop
# Loop 2 (7<main.rpyeffect:7(Name(infixMul99))>+0: {"op": "PrimOp", "name": "infixMul(Int, Int): Int", "out": {"any": [0]}, "in": {"any": [0, 1]}}) : loop with 130 ops
[p0, p1, p2, p3, p4]
+221: p5 = getfield_gc_r(p2, descr=<FieldP rpyeffect.environment.Environment.inst_values_ptr 16>)
+232: p7 = getarrayitem_gc_r(p5, 0, descr=<ArrayP 8>)
+236: p9 = getarrayitem_gc_r(p5, 1, descr=<ArrayP 8>)
+240: p11 = getarrayitem_gc_r(p5, 2, descr=<ArrayP 8>)
+244: p13 = getarrayitem_gc_r(p5, 3, descr=<ArrayP 8>)
+248: p15 = getarrayitem_gc_r(p5, 4, descr=<ArrayP 8>)
+252: p17 = getarrayitem_gc_r(p5, 5, descr=<ArrayP 8>)
+256: p19 = getarrayitem_gc_r(p5, 6, descr=<ArrayP 8>)
+260: label(p0, p1, p2, p3, p4, p7, p9, p11, p13, p15, p17, p19, descr=TargetToken(140652863779488))
debug_merge_point(0, 0, '7<main.rpyeffect:7(Name(infixMul99))>+0: {"op": "PrimOp". "name": "infixMul(Int. Int): Int". "out": {"any": [0]}. "in": {"any": [0. 1]}}')
+304: guard_not_invalidated(descr=<Guard0x7fec4bfbed58>) [p2, p7, p9, p11, p13, p15, p17, p19, p0, p1, p3, p4]
+304: i20 = getfield_gc_i(p7, descr=<FieldS rpyeffect.value.IntValue.inst_value 8 pure>)
+308: i21 = getfield_gc_i(p9, descr=<FieldS rpyeffect.value.IntValue.inst_value 8 pure>)
+312: i22 = int_mul(i20, i21)
debug_merge_point(0, 0, '7<main.rpyeffect:7(Name(infixMul99))>+1: {"op": "Return". "args": {"any": [0]}}')
+316: guard_nonnull(p1, descr=<Guard0x7fec4bfcd100>) [p2, p7, p9, p11, p13, p15, p17, p19, p0, p1, p3, p4]
+330: i23 = getfield_gc_i(p1, descr=<FieldS rpyeffect.stored_environment.Stack__arb.inst_target 16 pure>)
+341: guard_value(i23, 142, descr=<Guard0x7fec4bfcd130>) [p2, p7, p9, p11, p13, p15, p17, p19, p0, p1, p3, p4]
+354: p25 = getfield_gc_r(p1, descr=<FieldP rpyeffect.stored_environment.Stack__1.inst_values_ptr_0 32 pure>)
+358: p26 = getfield_gc_r(p1, descr=<FieldP rpyeffect.stored_environment.Stack__arb.inst_tail 8 pure>)
debug_merge_point(0, 0, '142<main.rpyeffect:142([k@[#290]#294])>+0: {"op": "Push". "target": 141. "args": {"any": []}}')
debug_merge_point(0, 0, '142<main.rpyeffect:142([k@[#290]#294])>+1: {"op": "Swap". "type": "any". "a": 0. "b". 1}')
debug_merge_point(0, 0, '142<main.rpyeffect:142([k@[#290]#294])>+2: {"op": "Jump". "target": 8}')
debug_merge_point(0, 0, '8<main.rpyeffect:8(Name(infixSub105))>+0: {"op": "PrimOp". "name": "infixSub(Int. Int): Int". "out": {"any": [0]}. "in": {"any": [0. 1]}}')
+362: i27 = getfield_gc_i(p25, descr=<FieldS rpyeffect.value.IntValue.inst_value 8 pure>)
+366: i28 = int_sub(i27, i22)
debug_merge_point(0, 0, '8<main.rpyeffect:8(Name(infixSub105))>+1: {"op": "Return". "args": {"any": [0]}}')
debug_merge_point(0, 0, '141<main.rpyeffect:141([k@[k@[#290]#294]#297])>+0: {"op": "Const". "type": "ptr". "out": 1. "format": "int". "value": "<IntValue object at 0x7fec4bfaf740>"}')
debug_merge_point(0, 0, '141<main.rpyeffect:141([k@[k@[#290]#294]#297])>+1: {"op": "Push". "target": 140. "args": {"any": []}}')
debug_merge_point(0, 0, '141<main.rpyeffect:141([k@[k@[#290]#294]#297])>+2: {"op": "Jump". "target": 6}')
debug_merge_point(0, 0, '6<main.rpyeffect:6(Name(infixAdd96))>+0: {"op": "PrimOp". "name": "infixAdd(Int. Int): Int". "out": {"any": [0]}. "in": {"any": [0. 1]}}')
+369: i30 = int_add(i28, 37)
debug_merge_point(0, 0, '6<main.rpyeffect:6(Name(infixAdd96))>+1: {"op": "Return". "args": {"any": [0]}}')
debug_merge_point(0, 0, '140<main.rpyeffect:140([k@[k@[k@[#290]#294]#297]#302])>+0: {"op": "Push". "target": 139. "args": {"any": []}}')
debug_merge_point(0, 0, '140<main.rpyeffect:140([k@[k@[k@[#290]#294]#297]#302])>+1: {"op": "Jump". "target": 128}')
debug_merge_point(0, 0, '128<main.rpyeffect:128(Name(abs2817))>+0: {"op": "Const". "type": "ptr". "out": 1. "format": "int". "value": "<IntValue object at 0x7fec4bfaf940>"}')
debug_merge_point(0, 0, '128<main.rpyeffect:128(Name(abs2817))>+1: {"op": "Push". "target": 127. "args": {"any": [0]}}')
debug_merge_point(0, 0, '128<main.rpyeffect:128(Name(abs2817))>+2: {"op": "Jump". "target": 10}')
debug_merge_point(0, 0, '10<main.rpyeffect:10(Name(infixLt178))>+0: {"op": "PrimOp". "name": "infixLt(Int. Int): Boolean". "out": {"any": [0]}. "in": {"any": [0. 1]}}')
+373: i32 = int_lt(i30, 0)
debug_merge_point(0, 0, '10<main.rpyeffect:10(Name(infixLt178))>+1: {"op": "Return". "args": {"any": [0]}}')
debug_merge_point(0, 0, '127<main.rpyeffect:127([k@Name(abs2817)#254])>+0: {"op": "Swap". "type": "any". "a": 0. "b". 1}')
debug_merge_point(0, 0, '127<main.rpyeffect:127([k@Name(abs2817)#254])>+1: {"op": "IfZero". "cond": 1. "then": {"tag": null. "target": 126. "args": {"any": []}}}')
+377: guard_true(i32, descr=<Guard0x7fec4bfcd160>) [p2, p7, p9, p11, p13, p15, p17, p19, p0, p1, p3, p4]
debug_merge_point(0, 0, '127<main.rpyeffect:127([k@Name(abs2817)#254])>+2: {"op": "Const". "type": "ptr". "out": 1. "format": "int". "value": "<IntValue object at 0x7fec4bfaf960>"}')
debug_merge_point(0, 0, '127<main.rpyeffect:127([k@Name(abs2817)#254])>+3: {"op": "Swap". "type": "any". "a": 0. "b". 1}')
debug_merge_point(0, 0, '127<main.rpyeffect:127([k@Name(abs2817)#254])>+4: {"op": "Jump". "target": 8}')
debug_merge_point(0, 0, '8<main.rpyeffect:8(Name(infixSub105))>+0: {"op": "PrimOp". "name": "infixSub(Int. Int): Int". "out": {"any": [0]}. "in": {"any": [0. 1]}}')
+383: i33 = int_neg(i30)
debug_merge_point(0, 0, '8<main.rpyeffect:8(Name(infixSub105))>+1: {"op": "Return". "args": {"any": [0]}}')
debug_merge_point(0, 0, '139<main.rpyeffect:139([k@[k@[k@[k@[#290]#294]#297]#302]#305])>+0: {"op": "Const". "type": "ptr". "out": 1. "format": "int". "value": "<IntValue object at 0x7fec4bfaf790>"}')
debug_merge_point(0, 0, '139<main.rpyeffect:139([k@[k@[k@[k@[#290]#294]#297]#302]#305])>+1: {"op": "Jump". "target": 9}')
+386: guard_nonnull(p26, descr=<Guard0x7fec4bfcd190>) [p2, p7, p9, p11, p13, p15, p17, p19, p0, p1, p3, p4]
+395: i34 = getfield_gc_i(p26, descr=<FieldS rpyeffect.stored_environment.Stack__arb.inst_target 16 pure>)
+399: guard_value(i34, 143, descr=<Guard0x7fec4bfcd1c0>) [p2, p7, p9, p11, p13, p15, p17, p19, p0, p1, p3, p4]
debug_merge_point(0, 0, '9<main.rpyeffect:9(Name(mod108))>+0: {"op": "PrimOp". "name": "mod(Int. Int): Int". "out": {"any": [0]}. "in": {"any": [0. 1]}}')
+412: i37 = int_rshift(i33, 63)
+419: i38 = int_xor(i33, i37)
+425: i40 = uint_mul_high(i38, -9086255505087856445)
+438: i42 = uint_rshift(i40, 9)
+442: i43 = int_xor(i42, i37)
+445: i45 = int_mul(i43, 1009)
+452: i46 = int_sub(i33, i45)
debug_merge_point(0, 0, '9<main.rpyeffect:9(Name(mod108))>+1: {"op": "Return". "args": {"any": [0]}}')
+455: p47 = getfield_gc_r(p26, descr=<FieldP rpyeffect.stored_environment.Stack__1.inst_values_ptr_0 32 pure>)
+459: p48 = getfield_gc_r(p26, descr=<FieldP rpyeffect.stored_environment.Stack__arb.inst_tail 8 pure>)
debug_merge_point(0, 0, '143<main.rpyeffect:143([#290])>+0: {"op": "Const". "type": "ptr". "out": 2. "format": "int". "value": "<IntValue object at 0x7fec4bfaf6d0>"}')
debug_merge_point(0, 0, '143<main.rpyeffect:143([#290])>+1: {"op": "Push". "target": 142. "args": {"any": [1]}}')
debug_merge_point(0, 0, '143<main.rpyeffect:143([#290])>+2: {"op": "Copy". "type": "any". "from": 0. "to". 1}')
debug_merge_point(0, 0, '143<main.rpyeffect:143([#290])>+3: {"op": "Copy". "type": "any". "from": 2. "to". 0}')
debug_merge_point(0, 0, '143<main.rpyeffect:143([#290])>+4: {"op": "Jump". "target": 7}')
debug_merge_point(0, 0, '7<main.rpyeffect:7(Name(infixMul99))>+0: {"op": "PrimOp". "name": "infixMul(Int. Int): Int". "out": {"any": [0]}. "in": {"any": [0. 1]}}')
+463: label(p0, p48, p47, p2, p3, p4, i46, p13, p15, p17, p19, descr=TargetToken(140652863779552))
debug_merge_point(0, 0, '7<main.rpyeffect:7(Name(infixMul99))>+0: {"op": "PrimOp". "name": "infixMul(Int. Int): Int". "out": {"any": [0]}. "in": {"any": [0. 1]}}')
+464: guard_not_invalidated(descr=<Guard0x7fec4bfbeda0>) [p2, p13, p15, p17, p19, p0, p3, p4, p47, p48, i46]
+464: i50 = int_mul(503, i46)
debug_merge_point(0, 0, '7<main.rpyeffect:7(Name(infixMul99))>+1: {"op": "Return". "args": {"any": [0]}}')
debug_merge_point(0, 0, '142<main.rpyeffect:142([k@[#290]#294])>+0: {"op": "Push". "target": 141. "args": {"any": []}}')
debug_merge_point(0, 0, '142<main.rpyeffect:142([k@[#290]#294])>+1: {"op": "Swap". "type": "any". "a": 0. "b". 1}')
debug_merge_point(0, 0, '142<main.rpyeffect:142([k@[#290]#294])>+2: {"op": "Jump". "target": 8}')
debug_merge_point(0, 0, '8<main.rpyeffect:8(Name(infixSub105))>+0: {"op": "PrimOp". "name": "infixSub(Int. Int): Int". "out": {"any": [0]}. "in": {"any": [0. 1]}}')
+473: i51 = getfield_gc_i(p47, descr=<FieldS rpyeffect.value.IntValue.inst_value 8 pure>)
+477: i52 = int_sub(i51, i50)
debug_merge_point(0, 0, '8<main.rpyeffect:8(Name(infixSub105))>+1: {"op": "Return". "args": {"any": [0]}}')
debug_merge_point(0, 0, '141<main.rpyeffect:141([k@[k@[#290]#294]#297])>+0: {"op": "Const". "type": "ptr". "out": 1. "format": "int". "value": "<IntValue object at 0x7fec4bfaf740>"}')
debug_merge_point(0, 0, '141<main.rpyeffect:141([k@[k@[#290]#294]#297])>+1: {"op": "Push". "target": 140. "args": {"any": []}}')
debug_merge_point(0, 0, '141<main.rpyeffect:141([k@[k@[#290]#294]#297])>+2: {"op": "Jump". "target": 6}')
debug_merge_point(0, 0, '6<main.rpyeffect:6(Name(infixAdd96))>+0: {"op": "PrimOp". "name": "infixAdd(Int. Int): Int". "out": {"any": [0]}. "in": {"any": [0. 1]}}')
+480: i54 = int_add(i52, 37)
debug_merge_point(0, 0, '6<main.rpyeffect:6(Name(infixAdd96))>+1: {"op": "Return". "args": {"any": [0]}}')
debug_merge_point(0, 0, '140<main.rpyeffect:140([k@[k@[k@[#290]#294]#297]#302])>+0: {"op": "Push". "target": 139. "args": {"any": []}}')
debug_merge_point(0, 0, '140<main.rpyeffect:140([k@[k@[k@[#290]#294]#297]#302])>+1: {"op": "Jump". "target": 128}')
debug_merge_point(0, 0, '128<main.rpyeffect:128(Name(abs2817))>+0: {"op": "Const". "type": "ptr". "out": 1. "format": "int". "value": "<IntValue object at 0x7fec4bfaf940>"}')
debug_merge_point(0, 0, '128<main.rpyeffect:128(Name(abs2817))>+1: {"op": "Push". "target": 127. "args": {"any": [0]}}')
debug_merge_point(0, 0, '128<main.rpyeffect:128(Name(abs2817))>+2: {"op": "Jump". "target": 10}')
debug_merge_point(0, 0, '10<main.rpyeffect:10(Name(infixLt178))>+0: {"op": "PrimOp". "name": "infixLt(Int. Int): Boolean". "out": {"any": [0]}. "in": {"any": [0. 1]}}')
+484: i56 = int_lt(i54, 0)
debug_merge_point(0, 0, '10<main.rpyeffect:10(Name(infixLt178))>+1: {"op": "Return". "args": {"any": [0]}}')
debug_merge_point(0, 0, '127<main.rpyeffect:127([k@Name(abs2817)#254])>+0: {"op": "Swap". "type": "any". "a": 0. "b". 1}')
debug_merge_point(0, 0, '127<main.rpyeffect:127([k@Name(abs2817)#254])>+1: {"op": "IfZero". "cond": 1. "then": {"tag": null. "target": 126. "args": {"any": []}}}')
+488: guard_true(i56, descr=<Guard0x7fec4bfcd1f0>) [p2, p13, p15, p17, p19, p0, p3, p4, p47, p48, i46]
debug_merge_point(0, 0, '127<main.rpyeffect:127([k@Name(abs2817)#254])>+2: {"op": "Const". "type": "ptr". "out": 1. "format": "int". "value": "<IntValue object at 0x7fec4bfaf960>"}')
debug_merge_point(0, 0, '127<main.rpyeffect:127([k@Name(abs2817)#254])>+3: {"op": "Swap". "type": "any". "a": 0. "b". 1}')
debug_merge_point(0, 0, '127<main.rpyeffect:127([k@Name(abs2817)#254])>+4: {"op": "Jump". "target": 8}')
debug_merge_point(0, 0, '8<main.rpyeffect:8(Name(infixSub105))>+0: {"op": "PrimOp". "name": "infixSub(Int. Int): Int". "out": {"any": [0]}. "in": {"any": [0. 1]}}')
+494: i57 = int_neg(i54)
debug_merge_point(0, 0, '8<main.rpyeffect:8(Name(infixSub105))>+1: {"op": "Return". "args": {"any": [0]}}')
debug_merge_point(0, 0, '139<main.rpyeffect:139([k@[k@[k@[k@[#290]#294]#297]#302]#305])>+0: {"op": "Const". "type": "ptr". "out": 1. "format": "int". "value": "<IntValue object at 0x7fec4bfaf790>"}')
debug_merge_point(0, 0, '139<main.rpyeffect:139([k@[k@[k@[k@[#290]#294]#297]#302]#305])>+1: {"op": "Jump". "target": 9}')
+497: guard_nonnull(p48, descr=<Guard0x7fec4bfcd220>) [p2, p13, p15, p17, p19, p0, p3, p4, p47, p48, i46]
+506: i58 = getfield_gc_i(p48, descr=<FieldS rpyeffect.stored_environment.Stack__arb.inst_target 16 pure>)
+510: guard_value(i58, 143, descr=<Guard0x7fec4bfcd250>) [p2, p13, p15, p17, p19, p0, p3, p4, p47, p48, i46]
debug_merge_point(0, 0, '9<main.rpyeffect:9(Name(mod108))>+0: {"op": "PrimOp". "name": "mod(Int. Int): Int". "out": {"any": [0]}. "in": {"any": [0. 1]}}')
+523: i61 = int_rshift(i57, 63)
+530: i62 = int_xor(i57, i61)
+536: i64 = uint_mul_high(i62, -9086255505087856445)
+549: i66 = uint_rshift(i64, 9)
+553: i67 = int_xor(i66, i61)
+556: i69 = int_mul(i67, 1009)
+563: i70 = int_sub(i57, i69)
debug_merge_point(0, 0, '9<main.rpyeffect:9(Name(mod108))>+1: {"op": "Return". "args": {"any": [0]}}')
+566: p71 = getfield_gc_r(p48, descr=<FieldP rpyeffect.stored_environment.Stack__1.inst_values_ptr_0 32 pure>)
+570: p72 = getfield_gc_r(p48, descr=<FieldP rpyeffect.stored_environment.Stack__arb.inst_tail 8 pure>)
debug_merge_point(0, 0, '143<main.rpyeffect:143([#290])>+0: {"op": "Const". "type": "ptr". "out": 2. "format": "int". "value": "<IntValue object at 0x7fec4bfaf6d0>"}')
debug_merge_point(0, 0, '143<main.rpyeffect:143([#290])>+1: {"op": "Push". "target": 142. "args": {"any": [1]}}')
debug_merge_point(0, 0, '143<main.rpyeffect:143([#290])>+2: {"op": "Copy". "type": "any". "from": 0. "to". 1}')
debug_merge_point(0, 0, '143<main.rpyeffect:143([#290])>+3: {"op": "Copy". "type": "any". "from": 2. "to". 0}')
debug_merge_point(0, 0, '143<main.rpyeffect:143([#290])>+4: {"op": "Jump". "target": 7}')
debug_merge_point(0, 0, '7<main.rpyeffect:7(Name(infixMul99))>+0: {"op": "PrimOp". "name": "infixMul(Int. Int): Int". "out": {"any": [0]}. "in": {"any": [0. 1]}}')
+574: jump(p0, p72, p71, p2, p3, p4, i70, p13, p15, p17, p19, descr=TargetToken(140652863779552))
+592: --end of the loop--
[62fc75f06ca5] jit-log-opt-loop}
[62fc76092d23] {jit-log-opt-loop
# Loop 3 (8<main.rpyeffect:8(Name(infixSub105))>+0: {"op": "PrimOp", "name": "infixSub(Int, Int): Int", "out": {"any": [0]}, "in": {"any": [0, 1]}}) : entry bridge with 56 ops
[p0, p1, p2, p3, p4]
+189: p5 = getfield_gc_r(p2, descr=<FieldP rpyeffect.environment.Environment.inst_values_ptr 16>)
+200: p7 = getarrayitem_gc_r(p5, 0, descr=<ArrayP 8>)
+204: p9 = getarrayitem_gc_r(p5, 1, descr=<ArrayP 8>)
+208: p11 = getarrayitem_gc_r(p5, 2, descr=<ArrayP 8>)
+212: p13 = getarrayitem_gc_r(p5, 3, descr=<ArrayP 8>)
+216: p15 = getarrayitem_gc_r(p5, 4, descr=<ArrayP 8>)
+220: p17 = getarrayitem_gc_r(p5, 5, descr=<ArrayP 8>)
+224: p19 = getarrayitem_gc_r(p5, 6, descr=<ArrayP 8>)
debug_merge_point(0, 0, '8<main.rpyeffect:8(Name(infixSub105))>+0: {"op": "PrimOp". "name": "infixSub(Int. Int): Int". "out": {"any": [0]}. "in": {"any": [0. 1]}}')
+228: guard_not_invalidated(descr=<Guard0x7fec4bfbef98>) [p2, p7, p9, p11, p13, p15, p17, p19, p0, p1, p3, p4]
+228: i20 = getfield_gc_i(p7, descr=<FieldS rpyeffect.value.IntValue.inst_value 8 pure>)
+232: i21 = getfield_gc_i(p9, descr=<FieldS rpyeffect.value.IntValue.inst_value 8 pure>)
+236: i22 = int_sub(i20, i21)
debug_merge_point(0, 0, '8<main.rpyeffect:8(Name(infixSub105))>+1: {"op": "Return". "args": {"any": [0]}}')
+239: guard_nonnull(p1, descr=<Guard0x7fec4bfcdac0>) [p2, p7, p9, p11, p13, p15, p17, p19, p0, p1, p3, p4]
+253: i23 = getfield_gc_i(p1, descr=<FieldS rpyeffect.stored_environment.Stack__arb.inst_target 16 pure>)
+264: guard_value(i23, 141, descr=<Guard0x7fec4bfcdaf0>) [p2, p7, p9, p11, p13, p15, p17, p19, p0, p1, p3, p4]
+277: p25 = getfield_gc_r(p1, descr=<FieldP rpyeffect.stored_environment.Stack__arb.inst_tail 8 pure>)
debug_merge_point(0, 0, '141<main.rpyeffect:141([k@[k@[#290]#294]#297])>+0: {"op": "Const". "type": "ptr". "out": 1. "format": "int". "value": "<IntValue object at 0x7fec4bfaf740>"}')
debug_merge_point(0, 0, '141<main.rpyeffect:141([k@[k@[#290]#294]#297])>+1: {"op": "Push". "target": 140. "args": {"any": []}}')
debug_merge_point(0, 0, '141<main.rpyeffect:141([k@[k@[#290]#294]#297])>+2: {"op": "Jump". "target": 6}')
debug_merge_point(0, 0, '6<main.rpyeffect:6(Name(infixAdd96))>+0: {"op": "PrimOp". "name": "infixAdd(Int. Int): Int". "out": {"any": [0]}. "in": {"any": [0. 1]}}')
+281: i27 = int_add(i22, 37)
debug_merge_point(0, 0, '6<main.rpyeffect:6(Name(infixAdd96))>+1: {"op": "Return". "args": {"any": [0]}}')
debug_merge_point(0, 0, '140<main.rpyeffect:140([k@[k@[k@[#290]#294]#297]#302])>+0: {"op": "Push". "target": 139. "args": {"any": []}}')
debug_merge_point(0, 0, '140<main.rpyeffect:140([k@[k@[k@[#290]#294]#297]#302])>+1: {"op": "Jump". "target": 128}')
debug_merge_point(0, 0, '128<main.rpyeffect:128(Name(abs2817))>+0: {"op": "Const". "type": "ptr". "out": 1. "format": "int". "value": "<IntValue object at 0x7fec4bfaf940>"}')
debug_merge_point(0, 0, '128<main.rpyeffect:128(Name(abs2817))>+1: {"op": "Push". "target": 127. "args": {"any": [0]}}')
debug_merge_point(0, 0, '128<main.rpyeffect:128(Name(abs2817))>+2: {"op": "Jump". "target": 10}')
debug_merge_point(0, 0, '10<main.rpyeffect:10(Name(infixLt178))>+0: {"op": "PrimOp". "name": "infixLt(Int. Int): Boolean". "out": {"any": [0]}. "in": {"any": [0. 1]}}')
+286: i29 = int_lt(i27, 0)
debug_merge_point(0, 0, '10<main.rpyeffect:10(Name(infixLt178))>+1: {"op": "Return". "args": {"any": [0]}}')
debug_merge_point(0, 0, '127<main.rpyeffect:127([k@Name(abs2817)#254])>+0: {"op": "Swap". "type": "any". "a": 0. "b". 1}')
debug_merge_point(0, 0, '127<main.rpyeffect:127([k@Name(abs2817)#254])>+1: {"op": "IfZero". "cond": 1. "then": {"tag": null. "target": 126. "args": {"any": []}}}')
+290: guard_false(i29, descr=<Guard0x7fec4bfcdb20>) [p2, p7, p9, p11, p13, p15, p17, p19, p0, p1, p3, p4]
debug_merge_point(0, 0, '126<main.rpyeffect:126([then#258])>+0: {"op": "Return". "args": {"any": [0]}}')
debug_merge_point(0, 0, '139<main.rpyeffect:139([k@[k@[k@[k@[#290]#294]#297]#302]#305])>+0: {"op": "Const". "type": "ptr". "out": 1. "format": "int". "value": "<IntValue object at 0x7fec4bfaf790>"}')
debug_merge_point(0, 0, '139<main.rpyeffect:139([k@[k@[k@[k@[#290]#294]#297]#302]#305])>+1: {"op": "Jump". "target": 9}')
+296: guard_nonnull(p25, descr=<Guard0x7fec4bfcdb50>) [p2, p7, p9, p11, p13, p15, p17, p19, p0, p1, p3, p4]
+305: i30 = getfield_gc_i(p25, descr=<FieldS rpyeffect.stored_environment.Stack__arb.inst_target 16 pure>)
+309: guard_value(i30, 143, descr=<Guard0x7fec4bfcdb80>) [p2, p7, p9, p11, p13, p15, p17, p19, p0, p1, p3, p4]
debug_merge_point(0, 0, '9<main.rpyeffect:9(Name(mod108))>+0: {"op": "PrimOp". "name": "mod(Int. Int): Int". "out": {"any": [0]}. "in": {"any": [0. 1]}}')
+322: i33 = uint_mul_high(i27, -9086255505087856445)
+335: i35 = uint_rshift(i33, 9)
+339: i37 = int_mul(i35, 1009)
+346: i38 = int_sub(i27, i37)
debug_merge_point(0, 0, '9<main.rpyeffect:9(Name(mod108))>+1: {"op": "Return". "args": {"any": [0]}}')
+349: p39 = getfield_gc_r(p25, descr=<FieldP rpyeffect.stored_environment.Stack__1.inst_values_ptr_0 32 pure>)
+353: p40 = getfield_gc_r(p25, descr=<FieldP rpyeffect.stored_environment.Stack__arb.inst_tail 8 pure>)
debug_merge_point(0, 0, '143<main.rpyeffect:143([#290])>+0: {"op": "Const". "type": "ptr". "out": 2. "format": "int". "value": "<IntValue object at 0x7fec4bfaf6d0>"}')
debug_merge_point(0, 0, '143<main.rpyeffect:143([#290])>+1: {"op": "Push". "target": 142. "args": {"any": [1]}}')
debug_merge_point(0, 0, '143<main.rpyeffect:143([#290])>+2: {"op": "Copy". "type": "any". "from": 0. "to". 1}')
debug_merge_point(0, 0, '143<main.rpyeffect:143([#290])>+3: {"op": "Copy". "type": "any". "from": 2. "to". 0}')
debug_merge_point(0, 0, '143<main.rpyeffect:143([#290])>+4: {"op": "Jump". "target": 7}')
debug_merge_point(0, 0, '7<main.rpyeffect:7(Name(infixMul99))>+0: {"op": "PrimOp". "name": "infixMul(Int. Int): Int". "out": {"any": [0]}. "in": {"any": [0. 1]}}')
+357: jump(p0, p40, p39, p2, p3, p4, i38, p13, p15, p17, p19, descr=TargetToken(140652863779552))
+416: --end of the loop--
[62fc760ac820] jit-log-opt-loop}
[62fc7623e34a] {jit-log-opt-bridge
# bridge out of Guard 0x7fec4bfcd1f0 with 48 ops
[p0, p1, p2, p3, p4, p5, p6, p7, p8, p9, i10]
+46: guard_not_invalidated(descr=<Guard0x7fec4bfbefe0>) [p0, p1, p2, p3, p4, p5, p6, p7, p8, p9, i10]
+46: i12 = int_mul(503, i10)
debug_merge_point(0, 0, '7<main.rpyeffect:7(Name(infixMul99))>+1: {"op": "Return". "args": {"any": [0]}}')
debug_merge_point(0, 0, '142<main.rpyeffect:142([k@[#290]#294])>+0: {"op": "Push". "target": 141. "args": {"any": []}}')
debug_merge_point(0, 0, '142<main.rpyeffect:142([k@[#290]#294])>+1: {"op": "Swap". "type": "any". "a": 0. "b". 1}')
debug_merge_point(0, 0, '142<main.rpyeffect:142([k@[#290]#294])>+2: {"op": "Jump". "target": 8}')
debug_merge_point(0, 0, '8<main.rpyeffect:8(Name(infixSub105))>+0: {"op": "PrimOp". "name": "infixSub(Int. Int): Int". "out": {"any": [0]}. "in": {"any": [0. 1]}}')
+55: i13 = getfield_gc_i(p8, descr=<FieldS rpyeffect.value.IntValue.inst_value 8 pure>)
+59: i14 = int_sub(i13, i12)
debug_merge_point(0, 0, '8<main.rpyeffect:8(Name(infixSub105))>+1: {"op": "Return". "args": {"any": [0]}}')
debug_merge_point(0, 0, '141<main.rpyeffect:141([k@[k@[#290]#294]#297])>+0: {"op": "Const". "type": "ptr". "out": 1. "format": "int". "value": "<IntValue object at 0x7fec4bfaf740>"}')
debug_merge_point(0, 0, '141<main.rpyeffect:141([k@[k@[#290]#294]#297])>+1: {"op": "Push". "target": 140. "args": {"any": []}}')
debug_merge_point(0, 0, '141<main.rpyeffect:141([k@[k@[#290]#294]#297])>+2: {"op": "Jump". "target": 6}')
debug_merge_point(0, 0, '6<main.rpyeffect:6(Name(infixAdd96))>+0: {"op": "PrimOp". "name": "infixAdd(Int. Int): Int". "out": {"any": [0]}. "in": {"any": [0. 1]}}')
+62: i16 = int_add(i14, 37)
debug_merge_point(0, 0, '6<main.rpyeffect:6(Name(infixAdd96))>+1: {"op": "Return". "args": {"any": [0]}}')
debug_merge_point(0, 0, '140<main.rpyeffect:140([k@[k@[k@[#290]#294]#297]#302])>+0: {"op": "Push". "target": 139. "args": {"any": []}}')
debug_merge_point(0, 0, '140<main.rpyeffect:140([k@[k@[k@[#290]#294]#297]#302])>+1: {"op": "Jump". "target": 128}')
debug_merge_point(0, 0, '128<main.rpyeffect:128(Name(abs2817))>+0: {"op": "Const". "type": "ptr". "out": 1. "format": "int". "value": "<IntValue object at 0x7fec4bfaf940>"}')
debug_merge_point(0, 0, '128<main.rpyeffect:128(Name(abs2817))>+1: {"op": "Push". "target": 127. "args": {"any": [0]}}')
debug_merge_point(0, 0, '128<main.rpyeffect:128(Name(abs2817))>+2: {"op": "Jump". "target": 10}')
debug_merge_point(0, 0, '10<main.rpyeffect:10(Name(infixLt178))>+0: {"op": "PrimOp". "name": "infixLt(Int. Int): Boolean". "out": {"any": [0]}. "in": {"any": [0. 1]}}')
+66: i18 = int_lt(i16, 0)
debug_merge_point(0, 0, '10<main.rpyeffect:10(Name(infixLt178))>+1: {"op": "Return". "args": {"any": [0]}}')
debug_merge_point(0, 0, '127<main.rpyeffect:127([k@Name(abs2817)#254])>+0: {"op": "Swap". "type": "any". "a": 0. "b". 1}')
debug_merge_point(0, 0, '127<main.rpyeffect:127([k@Name(abs2817)#254])>+1: {"op": "IfZero". "cond": 1. "then": {"tag": null. "target": 126. "args": {"any": []}}}')
+70: guard_false(i18, descr=<Guard0x7fec4bfcdc70>) [p0, p1, p2, p3, p4, p5, p6, p7, p8, p9, i10]
debug_merge_point(0, 0, '126<main.rpyeffect:126([then#258])>+0: {"op": "Return". "args": {"any": [0]}}')
debug_merge_point(0, 0, '139<main.rpyeffect:139([k@[k@[k@[k@[#290]#294]#297]#302]#305])>+0: {"op": "Const". "type": "ptr". "out": 1. "format": "int". "value": "<IntValue object at 0x7fec4bfaf790>"}')
debug_merge_point(0, 0, '139<main.rpyeffect:139([k@[k@[k@[k@[#290]#294]#297]#302]#305])>+1: {"op": "Jump". "target": 9}')
+76: guard_nonnull(p9, descr=<Guard0x7fec4bfcdca0>) [p0, p1, p2, p3, p4, p5, p6, p7, p8, p9, i10]
+85: i19 = getfield_gc_i(p9, descr=<FieldS rpyeffect.stored_environment.Stack__arb.inst_target 16 pure>)
+89: guard_value(i19, 143, descr=<Guard0x7fec4bfcdcd0>) [p0, p1, p2, p3, p4, p5, p6, p7, p8, p9, i10]
debug_merge_point(0, 0, '9<main.rpyeffect:9(Name(mod108))>+0: {"op": "PrimOp". "name": "mod(Int. Int): Int". "out": {"any": [0]}. "in": {"any": [0. 1]}}')
+102: i22 = uint_mul_high(i16, -9086255505087856445)
+115: i24 = uint_rshift(i22, 9)
+119: i26 = int_mul(i24, 1009)
+126: i27 = int_sub(i16, i26)
debug_merge_point(0, 0, '9<main.rpyeffect:9(Name(mod108))>+1: {"op": "Return". "args": {"any": [0]}}')
+129: p28 = getfield_gc_r(p9, descr=<FieldP rpyeffect.stored_environment.Stack__1.inst_values_ptr_0 32 pure>)
+133: p29 = getfield_gc_r(p9, descr=<FieldP rpyeffect.stored_environment.Stack__arb.inst_tail 8 pure>)
debug_merge_point(0, 0, '143<main.rpyeffect:143([#290])>+0: {"op": "Const". "type": "ptr". "out": 2. "format": "int". "value": "<IntValue object at 0x7fec4bfaf6d0>"}')
debug_merge_point(0, 0, '143<main.rpyeffect:143([#290])>+1: {"op": "Push". "target": 142. "args": {"any": [1]}}')
debug_merge_point(0, 0, '143<main.rpyeffect:143([#290])>+2: {"op": "Copy". "type": "any". "from": 0. "to". 1}')
debug_merge_point(0, 0, '143<main.rpyeffect:143([#290])>+3: {"op": "Copy". "type": "any". "from": 2. "to". 0}')
debug_merge_point(0, 0, '143<main.rpyeffect:143([#290])>+4: {"op": "Jump". "target": 7}')
debug_merge_point(0, 0, '7<main.rpyeffect:7(Name(infixMul99))>+0: {"op": "PrimOp". "name": "infixMul(Int. Int): Int". "out": {"any": [0]}. "in": {"any": [0. 1]}}')
+137: jump(p5, p29, p28, p0, p6, p7, i27, p1, p2, p3, p4, descr=TargetToken(140652863779552))
+160: --end of the loop--
[62fc76257071] jit-log-opt-bridge}
[62fc772dae4e] {jit-log-opt-loop
# Loop 5 (6<main.rpyeffect:6(Name(infixAdd96))>+0: {"op": "PrimOp", "name": "infixAdd(Int, Int): Int", "out": {"any": [0]}, "in": {"any": [0, 1]}}) : entry bridge with 124 ops
[p0, p1, p2, p3, p4]
+269: p5 = getfield_gc_r(p2, descr=<FieldP rpyeffect.environment.Environment.inst_values_ptr 16>)
+280: p7 = getarrayitem_gc_r(p5, 0, descr=<ArrayP 8>)
+284: p9 = getarrayitem_gc_r(p5, 1, descr=<ArrayP 8>)
+288: p11 = getarrayitem_gc_r(p5, 2, descr=<ArrayP 8>)
+292: p13 = getarrayitem_gc_r(p5, 3, descr=<ArrayP 8>)
+296: p15 = getarrayitem_gc_r(p5, 4, descr=<ArrayP 8>)
+300: p17 = getarrayitem_gc_r(p5, 5, descr=<ArrayP 8>)
+304: p19 = getarrayitem_gc_r(p5, 6, descr=<ArrayP 8>)
debug_merge_point(0, 0, '6<main.rpyeffect:6(Name(infixAdd96))>+0: {"op": "PrimOp". "name": "infixAdd(Int. Int): Int". "out": {"any": [0]}. "in": {"any": [0. 1]}}')
+308: guard_not_invalidated(descr=<Guard0x7fec4bfbf070>) [p2, p7, p9, p11, p13, p15, p17, p19, p0, p1, p3, p4]
+308: i20 = getfield_gc_i(p7, descr=<FieldS rpyeffect.value.IntValue.inst_value 8 pure>)
+312: i21 = getfield_gc_i(p9, descr=<FieldS rpyeffect.value.IntValue.inst_value 8 pure>)
+316: i22 = int_add(i20, i21)
debug_merge_point(0, 0, '6<main.rpyeffect:6(Name(infixAdd96))>+1: {"op": "Return". "args": {"any": [0]}}')
+319: guard_nonnull(p1, descr=<Guard0x7fec4bea4560>) [p2, p7, p9, p11, p13, p15, p17, p19, p0, p1, p3, p4]
+333: i23 = getfield_gc_i(p1, descr=<FieldS rpyeffect.stored_environment.Stack__arb.inst_target 16 pure>)
+344: guard_value(i23, 140, descr=<Guard0x7fec4bea4590>) [p2, p7, p9, p11, p13, p15, p17, p19, p0, p1, p3, p4]
+357: p25 = getfield_gc_r(p1, descr=<FieldP rpyeffect.stored_environment.Stack__arb.inst_tail 8 pure>)
debug_merge_point(0, 0, '140<main.rpyeffect:140([k@[k@[k@[#290]#294]#297]#302])>+0: {"op": "Push". "target": 139. "args": {"any": []}}')
debug_merge_point(0, 0, '140<main.rpyeffect:140([k@[k@[k@[#290]#294]#297]#302])>+1: {"op": "Jump". "target": 128}')
debug_merge_point(0, 0, '128<main.rpyeffect:128(Name(abs2817))>+0: {"op": "Const". "type": "ptr". "out": 1. "format": "int". "value": "<IntValue object at 0x7fec4bfaf940>"}')
debug_merge_point(0, 0, '128<main.rpyeffect:128(Name(abs2817))>+1: {"op": "Push". "target": 127. "args": {"any": [0]}}')
debug_merge_point(0, 0, '128<main.rpyeffect:128(Name(abs2817))>+2: {"op": "Jump". "target": 10}')
debug_merge_point(0, 0, '10<main.rpyeffect:10(Name(infixLt178))>+0: {"op": "PrimOp". "name": "infixLt(Int. Int): Boolean". "out": {"any": [0]}. "in": {"any": [0. 1]}}')
+361: i27 = int_lt(i22, 0)
debug_merge_point(0, 0, '10<main.rpyeffect:10(Name(infixLt178))>+1: {"op": "Return". "args": {"any": [0]}}')
debug_merge_point(0, 0, '127<main.rpyeffect:127([k@Name(abs2817)#254])>+0: {"op": "Swap". "type": "any". "a": 0. "b". 1}')
debug_merge_point(0, 0, '127<main.rpyeffect:127([k@Name(abs2817)#254])>+1: {"op": "IfZero". "cond": 1. "then": {"tag": null. "target": 126. "args": {"any": []}}}')
+365: guard_true(i27, descr=<Guard0x7fec4bea45c0>) [p2, p7, p9, p11, p13, p15, p17, p19, p0, p1, p3, p4]
debug_merge_point(0, 0, '127<main.rpyeffect:127([k@Name(abs2817)#254])>+2: {"op": "Const". "type": "ptr". "out": 1. "format": "int". "value": "<IntValue object at 0x7fec4bfaf960>"}')
debug_merge_point(0, 0, '127<main.rpyeffect:127([k@Name(abs2817)#254])>+3: {"op": "Swap". "type": "any". "a": 0. "b". 1}')
debug_merge_point(0, 0, '127<main.rpyeffect:127([k@Name(abs2817)#254])>+4: {"op": "Jump". "target": 8}')
debug_merge_point(0, 0, '8<main.rpyeffect:8(Name(infixSub105))>+0: {"op": "PrimOp". "name": "infixSub(Int. Int): Int". "out": {"any": [0]}. "in": {"any": [0. 1]}}')
+371: i28 = int_neg(i22)
debug_merge_point(0, 0, '8<main.rpyeffect:8(Name(infixSub105))>+1: {"op": "Return". "args": {"any": [0]}}')
debug_merge_point(0, 0, '139<main.rpyeffect:139([k@[k@[k@[k@[#290]#294]#297]#302]#305])>+0: {"op": "Const". "type": "ptr". "out": 1. "format": "int". "value": "<IntValue object at 0x7fec4bfaf790>"}')
debug_merge_point(0, 0, '139<main.rpyeffect:139([k@[k@[k@[k@[#290]#294]#297]#302]#305])>+1: {"op": "Jump". "target": 9}')
+374: guard_nonnull(p25, descr=<Guard0x7fec4bea45f0>) [p2, p7, p9, p11, p13, p15, p17, p19, p0, p1, p3, p4]
+383: i29 = getfield_gc_i(p25, descr=<FieldS rpyeffect.stored_environment.Stack__arb.inst_target 16 pure>)
+387: guard_value(i29, 150, descr=<Guard0x7fec4bea4620>) [p2, p7, p9, p11, p13, p15, p17, p19, p0, p1, p3, p4]
debug_merge_point(0, 0, '9<main.rpyeffect:9(Name(mod108))>+0: {"op": "PrimOp". "name": "mod(Int. Int): Int". "out": {"any": [0]}. "in": {"any": [0. 1]}}')
+400: i32 = int_rshift(i28, 63)
+407: i33 = int_xor(i28, i32)
+413: i35 = uint_mul_high(i33, -9086255505087856445)
+440: i37 = uint_rshift(i35, 9)
+444: i38 = int_xor(i37, i32)
+451: i40 = int_mul(i38, 1009)
+458: i41 = int_sub(i28, i40)
debug_merge_point(0, 0, '9<main.rpyeffect:9(Name(mod108))>+1: {"op": "Return". "args": {"any": [0]}}')
+461: p42 = getfield_gc_r(p25, descr=<FieldP rpyeffect.stored_environment.Stack__2.inst_values_ptr_0 32 pure>)
+465: p43 = getfield_gc_r(p25, descr=<FieldP rpyeffect.stored_environment.Stack__2.inst_values_ptr_1 40 pure>)
+469: p44 = getfield_gc_r(p25, descr=<FieldP rpyeffect.stored_environment.Stack__arb.inst_tail 8 pure>)
debug_merge_point(0, 0, '150<main.rpyeffect:150([k@[then#317]#319])>+0: {"op": "Const". "type": "ptr". "out": 3. "format": "int". "value": "<IntValue object at 0x7fec4bfaf530>"}')
debug_merge_point(0, 0, '150<main.rpyeffect:150([k@[then#317]#319])>+1: {"op": "Push". "target": 149. "args": {"any": [2. 0]}}')
debug_merge_point(0, 0, '150<main.rpyeffect:150([k@[then#317]#319])>+2: {"op": "Copy". "type": "any". "from": 1. "to". 0}')
debug_merge_point(0, 0, '150<main.rpyeffect:150([k@[then#317]#319])>+3: {"op": "Copy". "type": "any". "from": 3. "to". 1}')
debug_merge_point(0, 0, '150<main.rpyeffect:150([k@[then#317]#319])>+4: {"op": "Jump". "target": 8}')
debug_merge_point(0, 0, '8<main.rpyeffect:8(Name(infixSub105))>+0: {"op": "PrimOp". "name": "infixSub(Int. Int): Int". "out": {"any": [0]}. "in": {"any": [0. 1]}}')
+473: i45 = getfield_gc_i(p42, descr=<FieldS rpyeffect.value.IntValue.inst_value 8 pure>)
+477: i47 = int_sub(i45, 1)
debug_merge_point(0, 0, '8<main.rpyeffect:8(Name(infixSub105))>+1: {"op": "Return". "args": {"any": [0]}}')
debug_merge_point(0, 0, '149<main.rpyeffect:149([k@[k@[then#317]#319]#323])>+0: {"op": "Swap". "type": "any". "a": 2. "b". 1}')
debug_merge_point(0, 0, '149<main.rpyeffect:149([k@[k@[then#317]#319]#323])>+1: {"op": "Jump". "target": 153}')
debug_merge_point(0, 0, '153<main.rpyeffect:153(Name(step2835))>+0: {"op": "Const". "type": "ptr". "out": 3. "format": "int". "value": "<IntValue object at 0x7fec4bfaf4a0>"}')
debug_merge_point(0, 0, '153<main.rpyeffect:153(Name(step2835))>+1: {"op": "Push". "target": 152. "args": {"any": [0. 2. 1]}}')
debug_merge_point(0, 0, '153<main.rpyeffect:153(Name(step2835))>+2: {"op": "Copy". "type": "any". "from": 3. "to". 1}')
debug_merge_point(0, 0, '153<main.rpyeffect:153(Name(step2835))>+3: {"op": "Jump". "target": 4}')
debug_merge_point(0, 0, '4<main.rpyeffect:4(Name(infixEq72))>+0: {"op": "PrimOp". "name": "infixEq(Int. Int): Boolean". "out": {"any": [0]}. "in": {"any": [0. 1]}}')
+481: i49 = int_eq(i47, 0)
debug_merge_point(0, 0, '4<main.rpyeffect:4(Name(infixEq72))>+1: {"op": "Return". "args": {"any": [0]}}')
debug_merge_point(0, 0, '152<main.rpyeffect:152([k@Name(step2835)#313])>+0: {"op": "Swap". "type": "any". "a": 0. "b". 1}')
debug_merge_point(0, 0, '152<main.rpyeffect:152([k@Name(step2835)#313])>+1: {"op": "IfZero". "cond": 1. "then": {"tag": null. "target": 151. "args": {"any": []}}}')
+485: guard_false(i49, descr=<Guard0x7fec4bea4650>) [p2, p7, p9, p11, p13, p15, p17, p19, p0, p1, p3, p4]
+491: guard_nonnull(p44, descr=<Guard0x7fec4bea4680>) [p2, p7, p9, p11, p13, p15, p17, p19, p0, p1, p3, p4]
+500: i50 = getfield_gc_i(p44, descr=<FieldS rpyeffect.stored_environment.Stack__arb.inst_target 16 pure>)
+504: guard_value(i50, 167, descr=<Guard0x7fec4bea46b0>) [p2, p7, p9, p11, p13, p15, p17, p19, p0, p1, p3, p4]
debug_merge_point(0, 0, '151<main.rpyeffect:151([then#317])>+0: {"op": "Push". "target": 150. "args": {"any": [0. 2]}}')
debug_merge_point(0, 0, '151<main.rpyeffect:151([then#317])>+1: {"op": "Copy". "type": "any". "from": 3. "to". 1}')
debug_merge_point(0, 0, '151<main.rpyeffect:151([then#317])>+2: {"op": "Copy". "type": "any". "from": 2. "to". 0}')
debug_merge_point(0, 0, '151<main.rpyeffect:151([then#317])>+3: {"op": "Jump". "target": 146}')
debug_merge_point(0, 0, '146<main.rpyeffect:146(Name(run2824))>+0: {"op": "PrimOp". "name": "freshlabel". "out": {"any": [2]}. "in": {"any": []}}')
debug_merge_point(0, 0, '146<main.rpyeffect:146(Name(run2824))>+1: {"op": "NewStack". "out": 3. "target": 138. "region": 4. "args": {"any": []}. "label": 2}')
debug_merge_point(0, 0, '146<main.rpyeffect:146(Name(run2824))>+2: {"op": "PushStack". "arg": 3}')
+524: i53 = instance_ptr_eq(p4, ConstPtr(ptr52))
+531: guard_true(i53, descr=<Guard0x7fec4bea46e0>) [p2, p7, p9, p11, p13, p15, p17, p19, p0, p1, p3, p4]
debug_merge_point(0, 0, '146<main.rpyeffect:146(Name(run2824))>+3: {"op": "New". "out": 2. "targets": [144]. "args": {"any": [2]}}')
debug_merge_point(0, 0, '146<main.rpyeffect:146(Name(run2824))>+4: {"op": "Jump". "target": 135}')
debug_merge_point(0, 0, '135<main.rpyeffect:135(Name(loop2821))>+0: {"op": "Const". "type": "ptr". "out": 3. "format": "int". "value": "<IntValue object at 0x7fec4bfaf830>"}')
debug_merge_point(0, 0, '135<main.rpyeffect:135(Name(loop2821))>+1: {"op": "Push". "target": 134. "args": {"any": [2. 0. 1]}}')
debug_merge_point(0, 0, '135<main.rpyeffect:135(Name(loop2821))>+2: {"op": "Copy". "type": "any". "from": 3. "to". 1}')
debug_merge_point(0, 0, '135<main.rpyeffect:135(Name(loop2821))>+3: {"op": "Jump". "target": 4}')
debug_merge_point(0, 0, '4<main.rpyeffect:4(Name(infixEq72))>+0: {"op": "PrimOp". "name": "infixEq(Int. Int): Boolean". "out": {"any": [0]}. "in": {"any": [0. 1]}}')
+537: p54 = new_with_vtable(descr=<SizeDescr 16>)
+584: p55 = new_with_vtable(descr=<SizeDescr 56>)
+595: p56 = new_with_vtable(descr=<SizeDescr 32>)
+606: setfield_gc(p56, ConstPtr(null), descr=<FieldP rpyeffect.stored_environment.Stack__arb.inst_tail 8 pure>)
+614: setfield_gc(p56, 138, descr=<FieldS rpyeffect.stored_environment.Stack__arb.inst_target 16 pure>)
+622: p59 = new_with_vtable(descr=<SizeDescr 32>)
+640: setfield_gc(p59, ConstPtr(ptr60), descr=<FieldP rpyeffect.codata.CoData.inst_vtable 8 pure>)
+644: setfield_gc(p59, p54, descr=<FieldP rpyeffect.stored_environment.CoData__1.inst_values_ptr_0 24 pure>)
+648: p61 = new_with_vtable(descr=<SizeDescr 16>)
+659: setfield_gc(p61, i41, descr=<FieldS rpyeffect.value.IntValue.inst_value 8 pure>)
+663: p62 = new_with_vtable(descr=<SizeDescr 40>)
+675: p63 = new_with_vtable(descr=<SizeDescr 48>)
+686: setfield_gc(p63, p44, descr=<FieldP rpyeffect.stored_environment.Stack__arb.inst_tail 8 pure>)
+690: setfield_gc(p63, 150, descr=<FieldS rpyeffect.stored_environment.Stack__arb.inst_target 16 pure>)
+698: p65 = new_with_vtable(descr=<SizeDescr 16>)
+709: setfield_gc(p65, i47, descr=<FieldS rpyeffect.value.IntValue.inst_value 8 pure>)
+713: setfield_gc(p63, p65, descr=<FieldP rpyeffect.stored_environment.Stack__2.inst_values_ptr_0 32 pure>)
+717: setfield_gc(p63, p43, descr=<FieldP rpyeffect.stored_environment.Stack__2.inst_values_ptr_1 40 pure>)
+721: p66 = new_with_vtable(descr=<SizeDescr 24>)
+732: setfield_gc(p55, 134, descr=<FieldS rpyeffect.stored_environment.Stack__arb.inst_target 16 pure>)
+740: setfield_gc(p55, p56, descr=<FieldP rpyeffect.stored_environment.Stack__arb.inst_tail 8 pure>)
+744: setfield_gc(p54, 149504, descr=<FieldS rpyeffect.stack.Label.inst_origin 8 pure>)
+752: setfield_gc(p55, p59, descr=<FieldP rpyeffect.stored_environment.Stack__3.inst_values_ptr_0 32 pure>)
+756: setfield_gc(p55, p43, descr=<FieldP rpyeffect.stored_environment.Stack__3.inst_values_ptr_1 40 pure>)
+760: setfield_gc(p55, p61, descr=<FieldP rpyeffect.stored_environment.Stack__3.inst_values_ptr_2 48 pure>)
+764: setfield_gc(p62, p63, descr=<FieldP rpyeffect.stack.MetaStackLike.inst_stack 8 pure>)
+768: setfield_gc(p62, p0, descr=<FieldP rpyeffect.stack.MetaStack.inst_label 16 pure>)
+779: setfield_gc(p62, ConstPtr(null), descr=<FieldP rpyeffect.stack.MetaStack.inst_region 24 pure>)
+787: setfield_gc(p62, p3, descr=<FieldP rpyeffect.stack.MetaStack.inst_tail 32 pure>)
+805: setfield_gc(p66, ConstPtr(ptr70), descr=<FieldP rpyeffect.region.Region.inst_boxes 8 pure>)
+816: setfield_gc(p66, ConstPtr(ptr71), descr=<FieldP rpyeffect.region.Region.inst_refs 16>)
+859: jump(p54, p55, p2, p62, ConstPtr(ptr72), p43, ConstPtr(ptr73), p59, ConstPtr(ptr74), p66, p17, p19, descr=TargetToken(140652863779360))
+944: --end of the loop--
[62fc77321dca] jit-log-opt-loop}
[62fc7a2b4dc2] {jit-log-opt-loop
# Loop 6 (133<main.rpyeffect:133([then#268])>+0: {"op": "Push", "target": 132, "args": {"any": [0, 1, 2]}}) : entry bridge with 60 ops
[p0, p1, p2, p3, p4]
+269: p5 = getfield_gc_r(p2, descr=<FieldP rpyeffect.environment.Environment.inst_values_ptr 16>)
+280: p7 = getarrayitem_gc_r(p5, 0, descr=<ArrayP 8>)
+284: p9 = getarrayitem_gc_r(p5, 1, descr=<ArrayP 8>)
+288: p11 = getarrayitem_gc_r(p5, 2, descr=<ArrayP 8>)
+292: p13 = getarrayitem_gc_r(p5, 3, descr=<ArrayP 8>)
+296: p15 = getarrayitem_gc_r(p5, 4, descr=<ArrayP 8>)
+300: p17 = getarrayitem_gc_r(p5, 5, descr=<ArrayP 8>)
+304: p19 = getarrayitem_gc_r(p5, 6, descr=<ArrayP 8>)
debug_merge_point(0, 0, '133<main.rpyeffect:133([then#268])>+0: {"op": "Push". "target": 132. "args": {"any": [0. 1. 2]}}')
+308: guard_not_invalidated(descr=<Guard0x7fec4bfbf100>) [p2, p7, p9, p11, p13, p15, p17, p19, p0, p1, p3, p4]
debug_merge_point(0, 0, '133<main.rpyeffect:133([then#268])>+1: {"op": "Swap". "type": "any". "a": 0. "b". 1}')
debug_merge_point(0, 0, '133<main.rpyeffect:133([then#268])>+2: {"op": "Invoke". "receiver": 1. "tag": Interned(Operator2829). "args" : {"any": [0]}}')
+308: p20 = getfield_gc_r(p7, descr=<FieldP rpyeffect.codata.CoData.inst_vtable 8 pure>)
+319: guard_value(p20, ConstPtr(ptr21), descr=<Guard0x7fec4bea4e30>) [p2, p7, p9, p11, p13, p15, p17, p19, p0, p1, p3, p4]
+328: p22 = getfield_gc_r(p7, descr=<FieldP rpyeffect.stored_environment.CoData__1.inst_values_ptr_0 24 pure>)
debug_merge_point(0, 0, '144<main.rpyeffect:144([method_Operator2829@Name(run2824)#284])>+0: {"op": "Const". "type": "ptr". "out": 2. "format": "int". "value": "<IntValue object at 0x7fec4bfaf6a0>"}')
debug_merge_point(0, 0, '144<main.rpyeffect:144([method_Operator2829@Name(run2824)#284])>+1: {"op": "ShiftDyn". "out": 1. "n": 2. "label": 1}')
+339: i24 = instance_ptr_eq(p4, ConstPtr(ptr23))
+346: guard_true(i24, descr=<Guard0x7fec4bea4e60>) [p2, p7, p9, p11, p13, p15, p17, p19, p0, p1, p3, p4]
+352: guard_nonnull(p0, descr=<Guard0x7fec4bea4e90>) [p2, p7, p9, p11, p13, p15, p17, p19, p0, p1, p3, p4]
+366: guard_nonnull(p22, descr=<Guard0x7fec4bea4ec0>) [p2, p7, p9, p11, p13, p15, p17, p19, p0, p1, p3, p4]
+375: i25 = getfield_gc_i(p0, descr=<FieldS rpyeffect.stack.Label.inst_origin 8 pure>)
+387: guard_value(i25, 149504, descr=<Guard0x7fec4bea4ef0>) [p2, p7, p9, p11, p13, p15, p17, p19, p0, p1, p3, p4]
+400: i27 = getfield_gc_i(p22, descr=<FieldS rpyeffect.stack.Label.inst_origin 8 pure>)
+404: guard_value(i27, 149504, descr=<Guard0x7fec4bea4f20>) [p2, p7, p9, p11, p13, p15, p17, p19, p0, p1, p3, p4]
+417: i29 = instance_ptr_eq(p0, p22)
+420: guard_true(i29, descr=<Guard0x7fec4bea4f50>) [p2, p7, p9, p11, p13, p15, p17, p19, p0, p1, p3, p4]
+426: guard_nonnull_class(p3, 8692928, descr=<Guard0x7fec4bfbf148>) [p2, p7, p9, p11, p13, p15, p17, p19, p0, p1, p3, p4]
+452: p31 = getfield_gc_r(p3, descr=<FieldP rpyeffect.stack.MetaStackLike.inst_stack 8 pure>)
+456: p32 = getfield_gc_r(p3, descr=<FieldP rpyeffect.stack.MetaStack.inst_label 16 pure>)
+460: p33 = getfield_gc_r(p3, descr=<FieldP rpyeffect.stack.MetaStack.inst_tail 32 pure>)
+464: guard_nonnull(p31, descr=<Guard0x7fec4bea4f80>) [p2, p7, p9, p11, p13, p15, p17, p19, p0, p1, p3, p4]
+473: i34 = getfield_gc_i(p31, descr=<FieldS rpyeffect.stored_environment.Stack__arb.inst_target 16 pure>)
+484: guard_value(i34, 150, descr=<Guard0x7fec4bea4fb0>) [p2, p7, p9, p11, p13, p15, p17, p19, p0, p1, p3, p4]
debug_merge_point(0, 0, '144<main.rpyeffect:144([method_Operator2829@Name(run2824)#284])>+2: {"op": "Construct". "out": 2. "type": Interned(Unit). "tag": Interned(unit). "args": {"any": []}}')
debug_merge_point(0, 0, '144<main.rpyeffect:144([method_Operator2829@Name(run2824)#284])>+3: {"op": "Push". "target": 143. "args": {"any": [0]}}')
debug_merge_point(0, 0, '144<main.rpyeffect:144([method_Operator2829@Name(run2824)#284])>+4: {"op": "Copy". "type": "any". "from": 2. "to". 0}')
debug_merge_point(0, 0, '144<main.rpyeffect:144([method_Operator2829@Name(run2824)#284])>+5: {"op": "Jump". "target": 136}')
debug_merge_point(0, 0, '136<main.rpyeffect:136(Name(resume2831))>+0: {"op": "PushStack". "arg": 1}')
debug_merge_point(0, 0, '136<main.rpyeffect:136(Name(resume2831))>+1: {"op": "Return". "args": {"any": [0]}}')
+497: guard_nonnull(p1, descr=<Guard0x7fec4bea4fe0>) [p2, p7, p9, p11, p13, p15, p17, p19, p0, p1, p3, p4]
+511: i36 = getfield_gc_i(p1, descr=<FieldS rpyeffect.stored_environment.Stack__arb.inst_target 16 pure>)
+529: guard_value(i36, 138, descr=<Guard0x7fec4bea5010>) [p2, p7, p9, p11, p13, p15, p17, p19, p0, p1, p3, p4]
debug_merge_point(0, 0, '132<main.rpyeffect:132([k@[then#268]#270])>+0: {"op": "Const". "type": "ptr". "out": 0. "format": "int". "value": "<IntValue object at 0x7fec4bfaf8c0>"}')
debug_merge_point(0, 0, '132<main.rpyeffect:132([k@[then#268]#270])>+1: {"op": "Push". "target": 131. "args": {"any": [1. 3]}}')
debug_merge_point(0, 0, '132<main.rpyeffect:132([k@[then#268]#270])>+2: {"op": "Copy". "type": "any". "from": 0. "to". 1}')
debug_merge_point(0, 0, '132<main.rpyeffect:132([k@[then#268]#270])>+3: {"op": "Copy". "type": "any". "from": 2. "to". 0}')
debug_merge_point(0, 0, '132<main.rpyeffect:132([k@[then#268]#270])>+4: {"op": "Jump". "target": 8}')
debug_merge_point(0, 0, '8<main.rpyeffect:8(Name(infixSub105))>+0: {"op": "PrimOp". "name": "infixSub(Int. Int): Int". "out": {"any": [0]}. "in": {"any": [0. 1]}}')
+542: i38 = getfield_gc_i(p9, descr=<FieldS rpyeffect.value.IntValue.inst_value 8 pure>)
+546: i40 = int_sub(i38, 1)
debug_merge_point(0, 0, '8<main.rpyeffect:8(Name(infixSub105))>+1: {"op": "Return". "args": {"any": [0]}}')
debug_merge_point(0, 0, '131<main.rpyeffect:131([k@[k@[then#268]#270]#274])>+0: {"op": "Swap". "type": "any". "a": 2. "b". 1}')
debug_merge_point(0, 0, '131<main.rpyeffect:131([k@[k@[then#268]#270]#274])>+1: {"op": "Jump". "target": 135}')
debug_merge_point(0, 0, '135<main.rpyeffect:135(Name(loop2821))>+0: {"op": "Const". "type": "ptr". "out": 3. "format": "int". "value": "<IntValue object at 0x7fec4bfaf830>"}')
debug_merge_point(0, 0, '135<main.rpyeffect:135(Name(loop2821))>+1: {"op": "Push". "target": 134. "args": {"any": [2. 0. 1]}}')
debug_merge_point(0, 0, '135<main.rpyeffect:135(Name(loop2821))>+2: {"op": "Copy". "type": "any". "from": 3. "to". 1}')
debug_merge_point(0, 0, '135<main.rpyeffect:135(Name(loop2821))>+3: {"op": "Jump". "target": 4}')
debug_merge_point(0, 0, '4<main.rpyeffect:4(Name(infixEq72))>+0: {"op": "PrimOp". "name": "infixEq(Int. Int): Boolean". "out": {"any": [0]}. "in": {"any": [0. 1]}}')
+550: jump(p0, p1, p7, i40, p11, p2, p31, p9, p32, p33, p15, p17, p19, p22, descr=TargetToken(140652863779424))
+656: --end of the loop--
[62fc7a2eaafa] jit-log-opt-loop}
[62fc7bb044b9] {jit-log-opt-bridge
# bridge out of Guard 0x7fec4bfcdb20 with 121 ops
[p0, p1, p2, p3, p4, p5, p6, p7, p8, p9, p10, p11]
+142: guard_not_invalidated(descr=<Guard0x7fec4bfbf1d8>) [p0, p1, p2, p3, p4, p5, p6, p7, p8, p9, p10, p11]
+142: i12 = getfield_gc_i(p1, descr=<FieldS rpyeffect.value.IntValue.inst_value 8 pure>)
+146: i13 = getfield_gc_i(p2, descr=<FieldS rpyeffect.value.IntValue.inst_value 8 pure>)
+150: i14 = int_sub(i12, i13)
debug_merge_point(0, 0, '8<main.rpyeffect:8(Name(infixSub105))>+1: {"op": "Return". "args": {"any": [0]}}')
+153: guard_nonnull(p9, descr=<Guard0x7fec4bea5520>) [p0, p1, p2, p3, p4, p5, p6, p7, p8, p9, p10, p11]
+162: i15 = getfield_gc_i(p9, descr=<FieldS rpyeffect.stored_environment.Stack__arb.inst_target 16 pure>)
+166: guard_value(i15, 141, descr=<Guard0x7fec4bea5550>) [p0, p1, p2, p3, p4, p5, p6, p7, p8, p9, p10, p11]
+179: p17 = getfield_gc_r(p9, descr=<FieldP rpyeffect.stored_environment.Stack__arb.inst_tail 8 pure>)
debug_merge_point(0, 0, '141<main.rpyeffect:141([k@[k@[#290]#294]#297])>+0: {"op": "Const". "type": "ptr". "out": 1. "format": "int". "value": "<IntValue object at 0x7fec4bfaf740>"}')
debug_merge_point(0, 0, '141<main.rpyeffect:141([k@[k@[#290]#294]#297])>+1: {"op": "Push". "target": 140. "args": {"any": []}}')
debug_merge_point(0, 0, '141<main.rpyeffect:141([k@[k@[#290]#294]#297])>+2: {"op": "Jump". "target": 6}')
debug_merge_point(0, 0, '6<main.rpyeffect:6(Name(infixAdd96))>+0: {"op": "PrimOp". "name": "infixAdd(Int. Int): Int". "out": {"any": [0]}. "in": {"any": [0. 1]}}')
+183: i19 = int_add(i14, 37)
debug_merge_point(0, 0, '6<main.rpyeffect:6(Name(infixAdd96))>+1: {"op": "Return". "args": {"any": [0]}}')
debug_merge_point(0, 0, '140<main.rpyeffect:140([k@[k@[k@[#290]#294]#297]#302])>+0: {"op": "Push". "target": 139. "args": {"any": []}}')
debug_merge_point(0, 0, '140<main.rpyeffect:140([k@[k@[k@[#290]#294]#297]#302])>+1: {"op": "Jump". "target": 128}')
debug_merge_point(0, 0, '128<main.rpyeffect:128(Name(abs2817))>+0: {"op": "Const". "type": "ptr". "out": 1. "format": "int". "value": "<IntValue object at 0x7fec4bfaf940>"}')
debug_merge_point(0, 0, '128<main.rpyeffect:128(Name(abs2817))>+1: {"op": "Push". "target": 127. "args": {"any": [0]}}')
debug_merge_point(0, 0, '128<main.rpyeffect:128(Name(abs2817))>+2: {"op": "Jump". "target": 10}')
debug_merge_point(0, 0, '10<main.rpyeffect:10(Name(infixLt178))>+0: {"op": "PrimOp". "name": "infixLt(Int. Int): Boolean". "out": {"any": [0]}. "in": {"any": [0. 1]}}')
+187: i21 = int_lt(i19, 0)
debug_merge_point(0, 0, '10<main.rpyeffect:10(Name(infixLt178))>+1: {"op": "Return". "args": {"any": [0]}}')
debug_merge_point(0, 0, '127<main.rpyeffect:127([k@Name(abs2817)#254])>+0: {"op": "Swap". "type": "any". "a": 0. "b". 1}')
debug_merge_point(0, 0, '127<main.rpyeffect:127([k@Name(abs2817)#254])>+1: {"op": "IfZero". "cond": 1. "then": {"tag": null. "target": 126. "args": {"any": []}}}')
+191: guard_true(i21, descr=<Guard0x7fec4bea5580>) [p0, p1, p2, p3, p4, p5, p6, p7, p8, p9, p10, p11]
debug_merge_point(0, 0, '127<main.rpyeffect:127([k@Name(abs2817)#254])>+2: {"op": "Const". "type": "ptr". "out": 1. "format": "int". "value": "<IntValue object at 0x7fec4bfaf960>"}')
debug_merge_point(0, 0, '127<main.rpyeffect:127([k@Name(abs2817)#254])>+3: {"op": "Swap". "type": "any". "a": 0. "b". 1}')
debug_merge_point(0, 0, '127<main.rpyeffect:127([k@Name(abs2817)#254])>+4: {"op": "Jump". "target": 8}')
debug_merge_point(0, 0, '8<main.rpyeffect:8(Name(infixSub105))>+0: {"op": "PrimOp". "name": "infixSub(Int. Int): Int". "out": {"any": [0]}. "in": {"any": [0. 1]}}')
+197: i22 = int_neg(i19)
debug_merge_point(0, 0, '8<main.rpyeffect:8(Name(infixSub105))>+1: {"op": "Return". "args": {"any": [0]}}')
debug_merge_point(0, 0, '139<main.rpyeffect:139([k@[k@[k@[k@[#290]#294]#297]#302]#305])>+0: {"op": "Const". "type": "ptr". "out": 1. "format": "int". "value": "<IntValue object at 0x7fec4bfaf790>"}')
debug_merge_point(0, 0, '139<main.rpyeffect:139([k@[k@[k@[k@[#290]#294]#297]#302]#305])>+1: {"op": "Jump". "target": 9}')
+200: guard_nonnull(p17, descr=<Guard0x7fec4bea55b0>) [p0, p1, p2, p3, p4, p5, p6, p7, p8, p9, p10, p11]
+209: i23 = getfield_gc_i(p17, descr=<FieldS rpyeffect.stored_environment.Stack__arb.inst_target 16 pure>)
+213: guard_value(i23, 150, descr=<Guard0x7fec4bea55e0>) [p0, p1, p2, p3, p4, p5, p6, p7, p8, p9, p10, p11]
debug_merge_point(0, 0, '9<main.rpyeffect:9(Name(mod108))>+0: {"op": "PrimOp". "name": "mod(Int. Int): Int". "out": {"any": [0]}. "in": {"any": [0. 1]}}')
+226: i26 = int_rshift(i22, 63)
+233: i27 = int_xor(i22, i26)
+239: i29 = uint_mul_high(i27, -9086255505087856445)
+266: i31 = uint_rshift(i29, 9)
+270: i32 = int_xor(i31, i26)
+273: i34 = int_mul(i32, 1009)
+280: i35 = int_sub(i22, i34)
debug_merge_point(0, 0, '9<main.rpyeffect:9(Name(mod108))>+1: {"op": "Return". "args": {"any": [0]}}')
+283: p36 = getfield_gc_r(p17, descr=<FieldP rpyeffect.stored_environment.Stack__2.inst_values_ptr_0 32 pure>)
+287: p37 = getfield_gc_r(p17, descr=<FieldP rpyeffect.stored_environment.Stack__2.inst_values_ptr_1 40 pure>)
+291: p38 = getfield_gc_r(p17, descr=<FieldP rpyeffect.stored_environment.Stack__arb.inst_tail 8 pure>)
debug_merge_point(0, 0, '150<main.rpyeffect:150([k@[then#317]#319])>+0: {"op": "Const". "type": "ptr". "out": 3. "format": "int". "value": "<IntValue object at 0x7fec4bfaf530>"}')
debug_merge_point(0, 0, '150<main.rpyeffect:150([k@[then#317]#319])>+1: {"op": "Push". "target": 149. "args": {"any": [2. 0]}}')
debug_merge_point(0, 0, '150<main.rpyeffect:150([k@[then#317]#319])>+2: {"op": "Copy". "type": "any". "from": 1. "to". 0}')
debug_merge_point(0, 0, '150<main.rpyeffect:150([k@[then#317]#319])>+3: {"op": "Copy". "type": "any". "from": 3. "to". 1}')
debug_merge_point(0, 0, '150<main.rpyeffect:150([k@[then#317]#319])>+4: {"op": "Jump". "target": 8}')
debug_merge_point(0, 0, '8<main.rpyeffect:8(Name(infixSub105))>+0: {"op": "PrimOp". "name": "infixSub(Int. Int): Int". "out": {"any": [0]}. "in": {"any": [0. 1]}}')
+295: i39 = getfield_gc_i(p36, descr=<FieldS rpyeffect.value.IntValue.inst_value 8 pure>)
+299: i41 = int_sub(i39, 1)
debug_merge_point(0, 0, '8<main.rpyeffect:8(Name(infixSub105))>+1: {"op": "Return". "args": {"any": [0]}}')
debug_merge_point(0, 0, '149<main.rpyeffect:149([k@[k@[then#317]#319]#323])>+0: {"op": "Swap". "type": "any". "a": 2. "b". 1}')
debug_merge_point(0, 0, '149<main.rpyeffect:149([k@[k@[then#317]#319]#323])>+1: {"op": "Jump". "target": 153}')
debug_merge_point(0, 0, '153<main.rpyeffect:153(Name(step2835))>+0: {"op": "Const". "type": "ptr". "out": 3. "format": "int". "value": "<IntValue object at 0x7fec4bfaf4a0>"}')
debug_merge_point(0, 0, '153<main.rpyeffect:153(Name(step2835))>+1: {"op": "Push". "target": 152. "args": {"any": [0. 2. 1]}}')
debug_merge_point(0, 0, '153<main.rpyeffect:153(Name(step2835))>+2: {"op": "Copy". "type": "any". "from": 3. "to". 1}')
debug_merge_point(0, 0, '153<main.rpyeffect:153(Name(step2835))>+3: {"op": "Jump". "target": 4}')
debug_merge_point(0, 0, '4<main.rpyeffect:4(Name(infixEq72))>+0: {"op": "PrimOp". "name": "infixEq(Int. Int): Boolean". "out": {"any": [0]}. "in": {"any": [0. 1]}}')
+303: i43 = int_eq(i41, 0)
debug_merge_point(0, 0, '4<main.rpyeffect:4(Name(infixEq72))>+1: {"op": "Return". "args": {"any": [0]}}')
debug_merge_point(0, 0, '152<main.rpyeffect:152([k@Name(step2835)#313])>+0: {"op": "Swap". "type": "any". "a": 0. "b". 1}')
debug_merge_point(0, 0, '152<main.rpyeffect:152([k@Name(step2835)#313])>+1: {"op": "IfZero". "cond": 1. "then": {"tag": null. "target": 151. "args": {"any": []}}}')
+307: guard_false(i43, descr=<Guard0x7fec4bea5610>) [p0, p1, p2, p3, p4, p5, p6, p7, p8, p9, p10, p11]
+313: guard_nonnull(p38, descr=<Guard0x7fec4bea5640>) [p0, p1, p2, p3, p4, p5, p6, p7, p8, p9, p10, p11]
+322: i44 = getfield_gc_i(p38, descr=<FieldS rpyeffect.stored_environment.Stack__arb.inst_target 16 pure>)
+326: guard_value(i44, 167, descr=<Guard0x7fec4bea5670>) [p0, p1, p2, p3, p4, p5, p6, p7, p8, p9, p10, p11]
debug_merge_point(0, 0, '151<main.rpyeffect:151([then#317])>+0: {"op": "Push". "target": 150. "args": {"any": [0. 2]}}')
debug_merge_point(0, 0, '151<main.rpyeffect:151([then#317])>+1: {"op": "Copy". "type": "any". "from": 3. "to". 1}')
debug_merge_point(0, 0, '151<main.rpyeffect:151([then#317])>+2: {"op": "Copy". "type": "any". "from": 2. "to". 0}')
debug_merge_point(0, 0, '151<main.rpyeffect:151([then#317])>+3: {"op": "Jump". "target": 146}')
debug_merge_point(0, 0, '146<main.rpyeffect:146(Name(run2824))>+0: {"op": "PrimOp". "name": "freshlabel". "out": {"any": [2]}. "in": {"any": []}}')
debug_merge_point(0, 0, '146<main.rpyeffect:146(Name(run2824))>+1: {"op": "NewStack". "out": 3. "target": 138. "region": 4. "args": {"any": []}. "label": 2}')
debug_merge_point(0, 0, '146<main.rpyeffect:146(Name(run2824))>+2: {"op": "PushStack". "arg": 3}')
+346: i47 = instance_ptr_eq(p11, ConstPtr(ptr46))
+353: guard_true(i47, descr=<Guard0x7fec4bea56a0>) [p0, p1, p2, p3, p4, p5, p6, p7, p8, p9, p10, p11]
debug_merge_point(0, 0, '146<main.rpyeffect:146(Name(run2824))>+3: {"op": "New". "out": 2. "targets": [144]. "args": {"any": [2]}}')
debug_merge_point(0, 0, '146<main.rpyeffect:146(Name(run2824))>+4: {"op": "Jump". "target": 135}')
debug_merge_point(0, 0, '135<main.rpyeffect:135(Name(loop2821))>+0: {"op": "Const". "type": "ptr". "out": 3. "format": "int". "value": "<IntValue object at 0x7fec4bfaf830>"}')
debug_merge_point(0, 0, '135<main.rpyeffect:135(Name(loop2821))>+1: {"op": "Push". "target": 134. "args": {"any": [2. 0. 1]}}')
debug_merge_point(0, 0, '135<main.rpyeffect:135(Name(loop2821))>+2: {"op": "Copy". "type": "any". "from": 3. "to". 1}')
debug_merge_point(0, 0, '135<main.rpyeffect:135(Name(loop2821))>+3: {"op": "Jump". "target": 4}')
debug_merge_point(0, 0, '4<main.rpyeffect:4(Name(infixEq72))>+0: {"op": "PrimOp". "name": "infixEq(Int. Int): Boolean". "out": {"any": [0]}. "in": {"any": [0. 1]}}')
+359: p48 = new_with_vtable(descr=<SizeDescr 16>)
+406: p49 = new_with_vtable(descr=<SizeDescr 56>)
+417: p50 = new_with_vtable(descr=<SizeDescr 32>)
+428: setfield_gc(p50, ConstPtr(null), descr=<FieldP rpyeffect.stored_environment.Stack__arb.inst_tail 8 pure>)
+436: setfield_gc(p50, 138, descr=<FieldS rpyeffect.stored_environment.Stack__arb.inst_target 16 pure>)
+444: p53 = new_with_vtable(descr=<SizeDescr 32>)
+462: setfield_gc(p53, ConstPtr(ptr54), descr=<FieldP rpyeffect.codata.CoData.inst_vtable 8 pure>)
+466: setfield_gc(p53, p48, descr=<FieldP rpyeffect.stored_environment.CoData__1.inst_values_ptr_0 24 pure>)
+470: p55 = new_with_vtable(descr=<SizeDescr 16>)
+481: setfield_gc(p55, i35, descr=<FieldS rpyeffect.value.IntValue.inst_value 8 pure>)
+485: p56 = new_with_vtable(descr=<SizeDescr 40>)
+496: p57 = new_with_vtable(descr=<SizeDescr 48>)
+515: setfield_gc(p57, p38, descr=<FieldP rpyeffect.stored_environment.Stack__arb.inst_tail 8 pure>)
+519: setfield_gc(p57, 150, descr=<FieldS rpyeffect.stored_environment.Stack__arb.inst_target 16 pure>)
+527: p59 = new_with_vtable(descr=<SizeDescr 16>)
+538: setfield_gc(p59, i41, descr=<FieldS rpyeffect.value.IntValue.inst_value 8 pure>)
+542: setfield_gc(p57, p59, descr=<FieldP rpyeffect.stored_environment.Stack__2.inst_values_ptr_0 32 pure>)
+546: setfield_gc(p57, p37, descr=<FieldP rpyeffect.stored_environment.Stack__2.inst_values_ptr_1 40 pure>)
+550: p60 = new_with_vtable(descr=<SizeDescr 24>)
+561: setfield_gc(p49, 134, descr=<FieldS rpyeffect.stored_environment.Stack__arb.inst_target 16 pure>)
+569: setfield_gc(p49, p50, descr=<FieldP rpyeffect.stored_environment.Stack__arb.inst_tail 8 pure>)
+573: setfield_gc(p48, 149504, descr=<FieldS rpyeffect.stack.Label.inst_origin 8 pure>)
+581: setfield_gc(p49, p53, descr=<FieldP rpyeffect.stored_environment.Stack__3.inst_values_ptr_0 32 pure>)
+585: setfield_gc(p49, p37, descr=<FieldP rpyeffect.stored_environment.Stack__3.inst_values_ptr_1 40 pure>)
+589: setfield_gc(p49, p55, descr=<FieldP rpyeffect.stored_environment.Stack__3.inst_values_ptr_2 48 pure>)
+593: setfield_gc(p56, p57, descr=<FieldP rpyeffect.stack.MetaStackLike.inst_stack 8 pure>)
+597: setfield_gc(p56, p8, descr=<FieldP rpyeffect.stack.MetaStack.inst_label 16 pure>)
+608: setfield_gc(p56, ConstPtr(null), descr=<FieldP rpyeffect.stack.MetaStack.inst_region 24 pure>)
+616: setfield_gc(p56, p10, descr=<FieldP rpyeffect.stack.MetaStack.inst_tail 32 pure>)
+634: setfield_gc(p60, ConstPtr(ptr64), descr=<FieldP rpyeffect.region.Region.inst_boxes 8 pure>)
+645: setfield_gc(p60, ConstPtr(ptr65), descr=<FieldP rpyeffect.region.Region.inst_refs 16>)
+688: jump(p48, p49, p0, p56, ConstPtr(ptr66), p37, ConstPtr(ptr67), p53, ConstPtr(ptr68), p60, p6, p7, descr=TargetToken(140652863779360))
+768: --end of the loop--
[62fc7bb3eb96] jit-log-opt-bridge}
[62fc7bbd2b25] {jit-log-opt-bridge
# bridge out of Guard 0x7fec4bfccef0 with 29 ops
[p0, p1, p2, p3, p4, p5, p6, p7, p8, p9, p10, p11, i12]
+78: guard_not_invalidated(descr=<Guard0x7fec4bfbf220>) [p0, p1, p2, p3, p4, p5, p6, p7, p8, p9, p10, p11, i12]
+78: i14 = int_eq(i12, 0)
debug_merge_point(0, 0, '4<main.rpyeffect:4(Name(infixEq72))>+1: {"op": "Return". "args": {"any": [0]}}')
debug_merge_point(0, 0, '134<main.rpyeffect:134([k@Name(loop2821)#264])>+0: {"op": "Swap". "type": "any". "a": 0. "b". 1}')
debug_merge_point(0, 0, '134<main.rpyeffect:134([k@Name(loop2821)#264])>+1: {"op": "Swap". "type": "any". "a": 3. "b". 1}')
debug_merge_point(0, 0, '134<main.rpyeffect:134([k@Name(loop2821)#264])>+2: {"op": "Swap". "type": "any". "a": 2. "b". 1}')
debug_merge_point(0, 0, '134<main.rpyeffect:134([k@Name(loop2821)#264])>+3: {"op": "IfZero". "cond": 3. "then": {"tag": null. "target": 133. "args": {"any": []}}}')
+82: guard_true(i14, descr=<Guard0x7fec4bea57c0>) [p0, p1, p2, p3, p4, p5, p6, p7, p8, p9, p10, p11, i12]
debug_merge_point(0, 0, '134<main.rpyeffect:134([k@Name(loop2821)#264])>+4: {"op": "Copy". "type": "any". "from": 2. "to". 0}')
debug_merge_point(0, 0, '134<main.rpyeffect:134([k@Name(loop2821)#264])>+5: {"op": "Return". "args": {"any": [0]}}')
+88: guard_nonnull_class(p11, ConstClass(Stack__0), descr=<Guard0x7fec4bfbf268>) [p0, p1, p2, p3, p4, p5, p6, p7, p8, p9, p10, p11, i12]
+113: i16 = getfield_gc_i(p11, descr=<FieldS rpyeffect.stored_environment.Stack__arb.inst_target 16 pure>)
+117: guard_value(i16, 138, descr=<Guard0x7fec4bea57f0>) [p0, p1, p2, p3, p4, p5, p6, p7, p8, p9, p10, p11, i12]
+130: p18 = getfield_gc_r(p11, descr=<FieldP rpyeffect.stored_environment.Stack__arb.inst_tail 8 pure>)
debug_merge_point(0, 0, '138<main.rpyeffect:138([return_clause@Name(run2824)#282])>+0: {"op": "Return". "args": {"any": [0]}}')
+134: guard_isnull(p18, descr=<Guard0x7fec4bea5820>) [p0, p1, p2, p3, p4, p5, p6, p7, p8, p9, p10, p11, i12]
debug_merge_point(0, 0, '143<main.rpyeffect:143([#290])>+0: {"op": "Const". "type": "ptr". "out": 2. "format": "int". "value": "<IntValue object at 0x7fec4bfaf6d0>"}')
debug_merge_point(0, 0, '143<main.rpyeffect:143([#290])>+1: {"op": "Push". "target": 142. "args": {"any": [1]}}')
debug_merge_point(0, 0, '143<main.rpyeffect:143([#290])>+2: {"op": "Copy". "type": "any". "from": 0. "to". 1}')
debug_merge_point(0, 0, '143<main.rpyeffect:143([#290])>+3: {"op": "Copy". "type": "any". "from": 2. "to". 0}')
debug_merge_point(0, 0, '143<main.rpyeffect:143([#290])>+4: {"op": "Jump". "target": 7}')
debug_merge_point(0, 0, '7<main.rpyeffect:7(Name(infixMul99))>+0: {"op": "PrimOp". "name": "infixMul(Int. Int): Int". "out": {"any": [0]}. "in": {"any": [0. 1]}}')
+143: p19 = new_with_vtable(descr=<SizeDescr 40>)
+184: p20 = new_with_vtable(descr=<SizeDescr 16>)
+195: setfield_gc(p19, 142, descr=<FieldS rpyeffect.stored_environment.Stack__arb.inst_target 16 pure>)
+203: setfield_gc(p19, p7, descr=<FieldP rpyeffect.stored_environment.Stack__arb.inst_tail 8 pure>)
+207: setfield_gc(p19, p6, descr=<FieldP rpyeffect.stored_environment.Stack__1.inst_values_ptr_0 32 pure>)
+211: setfield_gc(p20, 1, descr=<FieldU rpyeffect.value.BoolValue.inst_value 8 pure>)
+238: jump(p9, p19, p0, p8, ConstPtr(ptr23), ConstPtr(ptr24), p10, ConstPtr(ptr25), p20, p2, p3, p4, descr=TargetToken(140652863779488))
+320: --end of the loop--
[62fc7bbe129d] jit-log-opt-bridge}
[62fc7bd5a06f] {jit-log-opt-bridge
# bridge out of Guard 0x7fec4bfcd250 with 122 ops
[p0, p1, p2, p3, p4, p5, p6, p7, p8, p9, i10]
+126: guard_not_invalidated(descr=<Guard0x7fec4bfbf2b0>) [p0, p1, p2, p3, p4, p5, p6, p7, p8, p9, i10]
+126: i12 = int_mul(503, i10)
debug_merge_point(0, 0, '7<main.rpyeffect:7(Name(infixMul99))>+1: {"op": "Return". "args": {"any": [0]}}')
debug_merge_point(0, 0, '142<main.rpyeffect:142([k@[#290]#294])>+0: {"op": "Push". "target": 141. "args": {"any": []}}')
debug_merge_point(0, 0, '142<main.rpyeffect:142([k@[#290]#294])>+1: {"op": "Swap". "type": "any". "a": 0. "b". 1}')
debug_merge_point(0, 0, '142<main.rpyeffect:142([k@[#290]#294])>+2: {"op": "Jump". "target": 8}')
debug_merge_point(0, 0, '8<main.rpyeffect:8(Name(infixSub105))>+0: {"op": "PrimOp". "name": "infixSub(Int. Int): Int". "out": {"any": [0]}. "in": {"any": [0. 1]}}')
+135: i13 = getfield_gc_i(p8, descr=<FieldS rpyeffect.value.IntValue.inst_value 8 pure>)
+139: i14 = int_sub(i13, i12)
debug_merge_point(0, 0, '8<main.rpyeffect:8(Name(infixSub105))>+1: {"op": "Return". "args": {"any": [0]}}')
debug_merge_point(0, 0, '141<main.rpyeffect:141([k@[k@[#290]#294]#297])>+0: {"op": "Const". "type": "ptr". "out": 1. "format": "int". "value": "<IntValue object at 0x7fec4bfaf740>"}')
debug_merge_point(0, 0, '141<main.rpyeffect:141([k@[k@[#290]#294]#297])>+1: {"op": "Push". "target": 140. "args": {"any": []}}')
debug_merge_point(0, 0, '141<main.rpyeffect:141([k@[k@[#290]#294]#297])>+2: {"op": "Jump". "target": 6}')
debug_merge_point(0, 0, '6<main.rpyeffect:6(Name(infixAdd96))>+0: {"op": "PrimOp". "name": "infixAdd(Int. Int): Int". "out": {"any": [0]}. "in": {"any": [0. 1]}}')
+142: i16 = int_add(i14, 37)
debug_merge_point(0, 0, '6<main.rpyeffect:6(Name(infixAdd96))>+1: {"op": "Return". "args": {"any": [0]}}')
debug_merge_point(0, 0, '140<main.rpyeffect:140([k@[k@[k@[#290]#294]#297]#302])>+0: {"op": "Push". "target": 139. "args": {"any": []}}')
debug_merge_point(0, 0, '140<main.rpyeffect:140([k@[k@[k@[#290]#294]#297]#302])>+1: {"op": "Jump". "target": 128}')
debug_merge_point(0, 0, '128<main.rpyeffect:128(Name(abs2817))>+0: {"op": "Const". "type": "ptr". "out": 1. "format": "int". "value": "<IntValue object at 0x7fec4bfaf940>"}')
debug_merge_point(0, 0, '128<main.rpyeffect:128(Name(abs2817))>+1: {"op": "Push". "target": 127. "args": {"any": [0]}}')
debug_merge_point(0, 0, '128<main.rpyeffect:128(Name(abs2817))>+2: {"op": "Jump". "target": 10}')
debug_merge_point(0, 0, '10<main.rpyeffect:10(Name(infixLt178))>+0: {"op": "PrimOp". "name": "infixLt(Int. Int): Boolean". "out": {"any": [0]}. "in": {"any": [0. 1]}}')
+146: i18 = int_lt(i16, 0)
debug_merge_point(0, 0, '10<main.rpyeffect:10(Name(infixLt178))>+1: {"op": "Return". "args": {"any": [0]}}')
debug_merge_point(0, 0, '127<main.rpyeffect:127([k@Name(abs2817)#254])>+0: {"op": "Swap". "type": "any". "a": 0. "b". 1}')
debug_merge_point(0, 0, '127<main.rpyeffect:127([k@Name(abs2817)#254])>+1: {"op": "IfZero". "cond": 1. "then": {"tag": null. "target": 126. "args": {"any": []}}}')
+150: guard_true(i18, descr=<Guard0x7fec4bea5a30>) [p0, p1, p2, p3, p4, p5, p6, p7, p8, p9, i10]
debug_merge_point(0, 0, '127<main.rpyeffect:127([k@Name(abs2817)#254])>+2: {"op": "Const". "type": "ptr". "out": 1. "format": "int". "value": "<IntValue object at 0x7fec4bfaf960>"}')
debug_merge_point(0, 0, '127<main.rpyeffect:127([k@Name(abs2817)#254])>+3: {"op": "Swap". "type": "any". "a": 0. "b". 1}')
debug_merge_point(0, 0, '127<main.rpyeffect:127([k@Name(abs2817)#254])>+4: {"op": "Jump". "target": 8}')
debug_merge_point(0, 0, '8<main.rpyeffect:8(Name(infixSub105))>+0: {"op": "PrimOp". "name": "infixSub(Int. Int): Int". "out": {"any": [0]}. "in": {"any": [0. 1]}}')
+156: i19 = int_neg(i16)
debug_merge_point(0, 0, '8<main.rpyeffect:8(Name(infixSub105))>+1: {"op": "Return". "args": {"any": [0]}}')
debug_merge_point(0, 0, '139<main.rpyeffect:139([k@[k@[k@[k@[#290]#294]#297]#302]#305])>+0: {"op": "Const". "type": "ptr". "out": 1. "format": "int". "value": "<IntValue object at 0x7fec4bfaf790>"}')
debug_merge_point(0, 0, '139<main.rpyeffect:139([k@[k@[k@[k@[#290]#294]#297]#302]#305])>+1: {"op": "Jump". "target": 9}')
+159: guard_nonnull(p9, descr=<Guard0x7fec4bea5a60>) [p0, p1, p2, p3, p4, p5, p6, p7, p8, p9, i10]
+168: i20 = getfield_gc_i(p9, descr=<FieldS rpyeffect.stored_environment.Stack__arb.inst_target 16 pure>)
+172: guard_value(i20, 150, descr=<Guard0x7fec4bea5a90>) [p0, p1, p2, p3, p4, p5, p6, p7, p8, p9, i10]
debug_merge_point(0, 0, '9<main.rpyeffect:9(Name(mod108))>+0: {"op": "PrimOp". "name": "mod(Int. Int): Int". "out": {"any": [0]}. "in": {"any": [0. 1]}}')
+185: i23 = int_rshift(i19, 63)
+192: i24 = int_xor(i19, i23)
+198: i26 = uint_mul_high(i24, -9086255505087856445)
+218: i28 = uint_rshift(i26, 9)
+222: i29 = int_xor(i28, i23)
+225: i31 = int_mul(i29, 1009)
+232: i32 = int_sub(i19, i31)
debug_merge_point(0, 0, '9<main.rpyeffect:9(Name(mod108))>+1: {"op": "Return". "args": {"any": [0]}}')
+235: p33 = getfield_gc_r(p9, descr=<FieldP rpyeffect.stored_environment.Stack__2.inst_values_ptr_0 32 pure>)
+239: p34 = getfield_gc_r(p9, descr=<FieldP rpyeffect.stored_environment.Stack__2.inst_values_ptr_1 40 pure>)
+243: p35 = getfield_gc_r(p9, descr=<FieldP rpyeffect.stored_environment.Stack__arb.inst_tail 8 pure>)
debug_merge_point(0, 0, '150<main.rpyeffect:150([k@[then#317]#319])>+0: {"op": "Const". "type": "ptr". "out": 3. "format": "int". "value": "<IntValue object at 0x7fec4bfaf530>"}')
debug_merge_point(0, 0, '150<main.rpyeffect:150([k@[then#317]#319])>+1: {"op": "Push". "target": 149. "args": {"any": [2. 0]}}')
debug_merge_point(0, 0, '150<main.rpyeffect:150([k@[then#317]#319])>+2: {"op": "Copy". "type": "any". "from": 1. "to". 0}')
debug_merge_point(0, 0, '150<main.rpyeffect:150([k@[then#317]#319])>+3: {"op": "Copy". "type": "any". "from": 3. "to". 1}')
debug_merge_point(0, 0, '150<main.rpyeffect:150([k@[then#317]#319])>+4: {"op": "Jump". "target": 8}')
debug_merge_point(0, 0, '8<main.rpyeffect:8(Name(infixSub105))>+0: {"op": "PrimOp". "name": "infixSub(Int. Int): Int". "out": {"any": [0]}. "in": {"any": [0. 1]}}')
+247: i36 = getfield_gc_i(p33, descr=<FieldS rpyeffect.value.IntValue.inst_value 8 pure>)
+251: i38 = int_sub(i36, 1)
debug_merge_point(0, 0, '8<main.rpyeffect:8(Name(infixSub105))>+1: {"op": "Return". "args": {"any": [0]}}')
debug_merge_point(0, 0, '149<main.rpyeffect:149([k@[k@[then#317]#319]#323])>+0: {"op": "Swap". "type": "any". "a": 2. "b". 1}')
debug_merge_point(0, 0, '149<main.rpyeffect:149([k@[k@[then#317]#319]#323])>+1: {"op": "Jump". "target": 153}')
debug_merge_point(0, 0, '153<main.rpyeffect:153(Name(step2835))>+0: {"op": "Const". "type": "ptr". "out": 3. "format": "int". "value": "<IntValue object at 0x7fec4bfaf4a0>"}')
debug_merge_point(0, 0, '153<main.rpyeffect:153(Name(step2835))>+1: {"op": "Push". "target": 152. "args": {"any": [0. 2. 1]}}')
debug_merge_point(0, 0, '153<main.rpyeffect:153(Name(step2835))>+2: {"op": "Copy". "type": "any". "from": 3. "to". 1}')
debug_merge_point(0, 0, '153<main.rpyeffect:153(Name(step2835))>+3: {"op": "Jump". "target": 4}')
debug_merge_point(0, 0, '4<main.rpyeffect:4(Name(infixEq72))>+0: {"op": "PrimOp". "name": "infixEq(Int. Int): Boolean". "out": {"any": [0]}. "in": {"any": [0. 1]}}')
+255: i40 = int_eq(i38, 0)
debug_merge_point(0, 0, '4<main.rpyeffect:4(Name(infixEq72))>+1: {"op": "Return". "args": {"any": [0]}}')
debug_merge_point(0, 0, '152<main.rpyeffect:152([k@Name(step2835)#313])>+0: {"op": "Swap". "type": "any". "a": 0. "b". 1}')
debug_merge_point(0, 0, '152<main.rpyeffect:152([k@Name(step2835)#313])>+1: {"op": "IfZero". "cond": 1. "then": {"tag": null. "target": 151. "args": {"any": []}}}')
+259: guard_false(i40, descr=<Guard0x7fec4bea5ac0>) [p0, p1, p2, p3, p4, p5, p6, p7, p8, p9, i10]
+265: guard_nonnull(p35, descr=<Guard0x7fec4bea5af0>) [p0, p1, p2, p3, p4, p5, p6, p7, p8, p9, i10]
+274: i41 = getfield_gc_i(p35, descr=<FieldS rpyeffect.stored_environment.Stack__arb.inst_target 16 pure>)
+278: guard_value(i41, 167, descr=<Guard0x7fec4bea5b20>) [p0, p1, p2, p3, p4, p5, p6, p7, p8, p9, i10]
debug_merge_point(0, 0, '151<main.rpyeffect:151([then#317])>+0: {"op": "Push". "target": 150. "args": {"any": [0. 2]}}')
debug_merge_point(0, 0, '151<main.rpyeffect:151([then#317])>+1: {"op": "Copy". "type": "any". "from": 3. "to". 1}')
debug_merge_point(0, 0, '151<main.rpyeffect:151([then#317])>+2: {"op": "Copy". "type": "any". "from": 2. "to". 0}')
debug_merge_point(0, 0, '151<main.rpyeffect:151([then#317])>+3: {"op": "Jump". "target": 146}')
debug_merge_point(0, 0, '146<main.rpyeffect:146(Name(run2824))>+0: {"op": "PrimOp". "name": "freshlabel". "out": {"any": [2]}. "in": {"any": []}}')
debug_merge_point(0, 0, '146<main.rpyeffect:146(Name(run2824))>+1: {"op": "NewStack". "out": 3. "target": 138. "region": 4. "args": {"any": []}. "label": 2}')
debug_merge_point(0, 0, '146<main.rpyeffect:146(Name(run2824))>+2: {"op": "PushStack". "arg": 3}')
+298: i44 = instance_ptr_eq(p7, ConstPtr(ptr43))
+305: guard_true(i44, descr=<Guard0x7fec4bea5b50>) [p0, p1, p2, p3, p4, p5, p6, p7, p8, p9, i10]
debug_merge_point(0, 0, '146<main.rpyeffect:146(Name(run2824))>+3: {"op": "New". "out": 2. "targets": [144]. "args": {"any": [2]}}')
debug_merge_point(0, 0, '146<main.rpyeffect:146(Name(run2824))>+4: {"op": "Jump". "target": 135}')
debug_merge_point(0, 0, '135<main.rpyeffect:135(Name(loop2821))>+0: {"op": "Const". "type": "ptr". "out": 3. "format": "int". "value": "<IntValue object at 0x7fec4bfaf830>"}')
debug_merge_point(0, 0, '135<main.rpyeffect:135(Name(loop2821))>+1: {"op": "Push". "target": 134. "args": {"any": [2. 0. 1]}}')
debug_merge_point(0, 0, '135<main.rpyeffect:135(Name(loop2821))>+2: {"op": "Copy". "type": "any". "from": 3. "to". 1}')
debug_merge_point(0, 0, '135<main.rpyeffect:135(Name(loop2821))>+3: {"op": "Jump". "target": 4}')
debug_merge_point(0, 0, '4<main.rpyeffect:4(Name(infixEq72))>+0: {"op": "PrimOp". "name": "infixEq(Int. Int): Boolean". "out": {"any": [0]}. "in": {"any": [0. 1]}}')
+311: p45 = new_with_vtable(descr=<SizeDescr 16>)
+355: p46 = new_with_vtable(descr=<SizeDescr 56>)
+366: p47 = new_with_vtable(descr=<SizeDescr 32>)
+377: setfield_gc(p47, ConstPtr(null), descr=<FieldP rpyeffect.stored_environment.Stack__arb.inst_tail 8 pure>)
+385: setfield_gc(p47, 138, descr=<FieldS rpyeffect.stored_environment.Stack__arb.inst_target 16 pure>)
+393: p50 = new_with_vtable(descr=<SizeDescr 32>)
+411: setfield_gc(p50, ConstPtr(ptr51), descr=<FieldP rpyeffect.codata.CoData.inst_vtable 8 pure>)
+415: setfield_gc(p50, p45, descr=<FieldP rpyeffect.stored_environment.CoData__1.inst_values_ptr_0 24 pure>)
+419: p52 = new_with_vtable(descr=<SizeDescr 16>)
+430: setfield_gc(p52, i32, descr=<FieldS rpyeffect.value.IntValue.inst_value 8 pure>)
+434: p53 = new_with_vtable(descr=<SizeDescr 40>)
+445: p54 = new_with_vtable(descr=<SizeDescr 48>)
+456: setfield_gc(p54, p35, descr=<FieldP rpyeffect.stored_environment.Stack__arb.inst_tail 8 pure>)
+460: setfield_gc(p54, 150, descr=<FieldS rpyeffect.stored_environment.Stack__arb.inst_target 16 pure>)
+468: p56 = new_with_vtable(descr=<SizeDescr 16>)
+479: setfield_gc(p56, i38, descr=<FieldS rpyeffect.value.IntValue.inst_value 8 pure>)
+483: setfield_gc(p54, p56, descr=<FieldP rpyeffect.stored_environment.Stack__2.inst_values_ptr_0 32 pure>)
+487: setfield_gc(p54, p34, descr=<FieldP rpyeffect.stored_environment.Stack__2.inst_values_ptr_1 40 pure>)
+491: p57 = new_with_vtable(descr=<SizeDescr 24>)
+502: setfield_gc(p46, 134, descr=<FieldS rpyeffect.stored_environment.Stack__arb.inst_target 16 pure>)
+510: setfield_gc(p46, p47, descr=<FieldP rpyeffect.stored_environment.Stack__arb.inst_tail 8 pure>)
+514: setfield_gc(p45, 149504, descr=<FieldS rpyeffect.stack.Label.inst_origin 8 pure>)
+522: setfield_gc(p46, p50, descr=<FieldP rpyeffect.stored_environment.Stack__3.inst_values_ptr_0 32 pure>)
+526: setfield_gc(p46, p34, descr=<FieldP rpyeffect.stored_environment.Stack__3.inst_values_ptr_1 40 pure>)
+530: setfield_gc(p46, p52, descr=<FieldP rpyeffect.stored_environment.Stack__3.inst_values_ptr_2 48 pure>)
+534: setfield_gc(p53, p54, descr=<FieldP rpyeffect.stack.MetaStackLike.inst_stack 8 pure>)
+538: setfield_gc(p53, p5, descr=<FieldP rpyeffect.stack.MetaStack.inst_label 16 pure>)
+549: setfield_gc(p53, ConstPtr(null), descr=<FieldP rpyeffect.stack.MetaStack.inst_region 24 pure>)
+557: setfield_gc(p53, p6, descr=<FieldP rpyeffect.stack.MetaStack.inst_tail 32 pure>)
+575: setfield_gc(p57, ConstPtr(ptr61), descr=<FieldP rpyeffect.region.Region.inst_boxes 8 pure>)
+586: setfield_gc(p57, ConstPtr(ptr62), descr=<FieldP rpyeffect.region.Region.inst_refs 16>)
+629: jump(p45, p46, p0, p53, ConstPtr(ptr63), p34, ConstPtr(ptr64), p50, ConstPtr(ptr65), p57, p3, p4, descr=TargetToken(140652863779360))
+704: --end of the loop--
[62fc7bd8c432] jit-log-opt-bridge}
[62fc7bfcbd1f] {jit-log-opt-bridge
# bridge out of Guard 0x7fec4bfccec0 with 68 ops
[p0, p1, p2, p3, p4, p5, p6, p7, p8, p9, p10, p11]
+158: guard_not_invalidated(descr=<Guard0x7fec4bfbf2f8>) [p0, p1, p2, p3, p4, p5, p6, p7, p8, p9, p10, p11]
+158: i12 = getfield_gc_i(p1, descr=<FieldS rpyeffect.value.IntValue.inst_value 8 pure>)
+162: i13 = getfield_gc_i(p2, descr=<FieldS rpyeffect.value.IntValue.inst_value 8 pure>)
+166: i14 = int_eq(i12, i13)
debug_merge_point(0, 0, '4<main.rpyeffect:4(Name(infixEq72))>+1: {"op": "Return". "args": {"any": [0]}}')
+179: guard_nonnull(p9, descr=<Guard0x7fec4aef00b0>) [p0, p1, p2, p3, p4, p5, p6, p7, p8, p9, p10, p11]
+188: i15 = getfield_gc_i(p9, descr=<FieldS rpyeffect.stored_environment.Stack__arb.inst_target 16 pure>)
+192: guard_value(i15, 134, descr=<Guard0x7fec4aef00e0>) [p0, p1, p2, p3, p4, p5, p6, p7, p8, p9, p10, p11]
+205: p17 = getfield_gc_r(p9, descr=<FieldP rpyeffect.stored_environment.Stack__3.inst_values_ptr_0 32 pure>)
+209: p18 = getfield_gc_r(p9, descr=<FieldP rpyeffect.stored_environment.Stack__3.inst_values_ptr_1 40 pure>)
+213: p19 = getfield_gc_r(p9, descr=<FieldP rpyeffect.stored_environment.Stack__3.inst_values_ptr_2 48 pure>)
+217: p20 = getfield_gc_r(p9, descr=<FieldP rpyeffect.stored_environment.Stack__arb.inst_tail 8 pure>)
debug_merge_point(0, 0, '134<main.rpyeffect:134([k@Name(loop2821)#264])>+0: {"op": "Swap". "type": "any". "a": 0. "b". 1}')
debug_merge_point(0, 0, '134<main.rpyeffect:134([k@Name(loop2821)#264])>+1: {"op": "Swap". "type": "any". "a": 3. "b". 1}')
debug_merge_point(0, 0, '134<main.rpyeffect:134([k@Name(loop2821)#264])>+2: {"op": "Swap". "type": "any". "a": 2. "b". 1}')
debug_merge_point(0, 0, '134<main.rpyeffect:134([k@Name(loop2821)#264])>+3: {"op": "IfZero". "cond": 3. "then": {"tag": null. "target": 133. "args": {"any": []}}}')
+221: guard_false(i14, descr=<Guard0x7fec4aef0110>) [p0, p1, p2, p3, p4, p5, p6, p7, p8, p9, p10, p11]
+230: guard_nonnull(p20, descr=<Guard0x7fec4aef0140>) [p0, p1, p2, p3, p4, p5, p6, p7, p8, p9, p10, p11]
+239: i21 = getfield_gc_i(p20, descr=<FieldS rpyeffect.stored_environment.Stack__arb.inst_target 16 pure>)
+243: guard_value(i21, 138, descr=<Guard0x7fec4aef0170>) [p0, p1, p2, p3, p4, p5, p6, p7, p8, p9, p10, p11]
debug_merge_point(0, 0, '133<main.rpyeffect:133([then#268])>+0: {"op": "Push". "target": 132. "args": {"any": [0. 1. 2]}}')
debug_merge_point(0, 0, '133<main.rpyeffect:133([then#268])>+1: {"op": "Swap". "type": "any". "a": 0. "b". 1}')
debug_merge_point(0, 0, '133<main.rpyeffect:133([then#268])>+2: {"op": "Invoke". "receiver": 1. "tag": Interned(Operator2829). "args" : {"any": [0]}}')
+256: p23 = getfield_gc_r(p17, descr=<FieldP rpyeffect.codata.CoData.inst_vtable 8 pure>)
+267: guard_value(p23, ConstPtr(ptr24), descr=<Guard0x7fec4aef01a0>) [p0, p1, p2, p3, p4, p5, p6, p7, p8, p9, p10, p11]
+276: p25 = getfield_gc_r(p17, descr=<FieldP rpyeffect.stored_environment.CoData__1.inst_values_ptr_0 24 pure>)
debug_merge_point(0, 0, '144<main.rpyeffect:144([method_Operator2829@Name(run2824)#284])>+0: {"op": "Const". "type": "ptr". "out": 2. "format": "int". "value": "<IntValue object at 0x7fec4bfaf6a0>"}')
debug_merge_point(0, 0, '144<main.rpyeffect:144([method_Operator2829@Name(run2824)#284])>+1: {"op": "ShiftDyn". "out": 1. "n": 2. "label": 1}')
+287: i27 = instance_ptr_eq(p11, ConstPtr(ptr26))
+294: guard_true(i27, descr=<Guard0x7fec4aef01d0>) [p0, p1, p2, p3, p4, p5, p6, p7, p8, p9, p10, p11]
+300: guard_nonnull(p8, descr=<Guard0x7fec4aef0200>) [p0, p1, p2, p3, p4, p5, p6, p7, p8, p9, p10, p11]
+309: guard_nonnull(p25, descr=<Guard0x7fec4aef0230>) [p0, p1, p2, p3, p4, p5, p6, p7, p8, p9, p10, p11]
+318: i28 = getfield_gc_i(p8, descr=<FieldS rpyeffect.stack.Label.inst_origin 8 pure>)
+322: guard_value(i28, 149504, descr=<Guard0x7fec4aef0260>) [p0, p1, p2, p3, p4, p5, p6, p7, p8, p9, p10, p11]
+335: i30 = getfield_gc_i(p25, descr=<FieldS rpyeffect.stack.Label.inst_origin 8 pure>)
+339: guard_value(i30, 149504, descr=<Guard0x7fec4aef0290>) [p0, p1, p2, p3, p4, p5, p6, p7, p8, p9, p10, p11]
+352: i32 = instance_ptr_eq(p8, p25)
+355: guard_true(i32, descr=<Guard0x7fec4aef02c0>) [p0, p1, p2, p3, p4, p5, p6, p7, p8, p9, p10, p11]
+361: guard_nonnull_class(p10, 8692928, descr=<Guard0x7fec4bfbf340>) [p0, p1, p2, p3, p4, p5, p6, p7, p8, p9, p10, p11]
+381: p34 = getfield_gc_r(p10, descr=<FieldP rpyeffect.stack.MetaStackLike.inst_stack 8 pure>)
+386: p35 = getfield_gc_r(p10, descr=<FieldP rpyeffect.stack.MetaStack.inst_label 16 pure>)
+391: p36 = getfield_gc_r(p10, descr=<FieldP rpyeffect.stack.MetaStack.inst_tail 32 pure>)
+396: guard_nonnull(p34, descr=<Guard0x7fec4aef02f0>) [p0, p1, p2, p3, p4, p5, p6, p7, p8, p9, p10, p11]
+405: i37 = getfield_gc_i(p34, descr=<FieldS rpyeffect.stored_environment.Stack__arb.inst_target 16 pure>)
+416: guard_value(i37, 150, descr=<Guard0x7fec4aef0320>) [p0, p1, p2, p3, p4, p5, p6, p7, p8, p9, p10, p11]
debug_merge_point(0, 0, '144<main.rpyeffect:144([method_Operator2829@Name(run2824)#284])>+2: {"op": "Construct". "out": 2. "type": Interned(Unit). "tag": Interned(unit). "args": {"any": []}}')
debug_merge_point(0, 0, '144<main.rpyeffect:144([method_Operator2829@Name(run2824)#284])>+3: {"op": "Push". "target": 143. "args": {"any": [0]}}')
debug_merge_point(0, 0, '144<main.rpyeffect:144([method_Operator2829@Name(run2824)#284])>+4: {"op": "Copy". "type": "any". "from": 2. "to". 0}')
debug_merge_point(0, 0, '144<main.rpyeffect:144([method_Operator2829@Name(run2824)#284])>+5: {"op": "Jump". "target": 136}')
debug_merge_point(0, 0, '136<main.rpyeffect:136(Name(resume2831))>+0: {"op": "PushStack". "arg": 1}')
debug_merge_point(0, 0, '136<main.rpyeffect:136(Name(resume2831))>+1: {"op": "Return". "args": {"any": [0]}}')
debug_merge_point(0, 0, '132<main.rpyeffect:132([k@[then#268]#270])>+0: {"op": "Const". "type": "ptr". "out": 0. "format": "int". "value": "<IntValue object at 0x7fec4bfaf8c0>"}')
debug_merge_point(0, 0, '132<main.rpyeffect:132([k@[then#268]#270])>+1: {"op": "Push". "target": 131. "args": {"any": [1. 3]}}')
debug_merge_point(0, 0, '132<main.rpyeffect:132([k@[then#268]#270])>+2: {"op": "Copy". "type": "any". "from": 0. "to". 1}')
debug_merge_point(0, 0, '132<main.rpyeffect:132([k@[then#268]#270])>+3: {"op": "Copy". "type": "any". "from": 2. "to". 0}')
debug_merge_point(0, 0, '132<main.rpyeffect:132([k@[then#268]#270])>+4: {"op": "Jump". "target": 8}')
debug_merge_point(0, 0, '8<main.rpyeffect:8(Name(infixSub105))>+0: {"op": "PrimOp". "name": "infixSub(Int. Int): Int". "out": {"any": [0]}. "in": {"any": [0. 1]}}')
+429: i39 = getfield_gc_i(p18, descr=<FieldS rpyeffect.value.IntValue.inst_value 8 pure>)
+433: i41 = int_sub(i39, 1)
debug_merge_point(0, 0, '8<main.rpyeffect:8(Name(infixSub105))>+1: {"op": "Return". "args": {"any": [0]}}')
debug_merge_point(0, 0, '131<main.rpyeffect:131([k@[k@[then#268]#270]#274])>+0: {"op": "Swap". "type": "any". "a": 2. "b". 1}')
debug_merge_point(0, 0, '131<main.rpyeffect:131([k@[k@[then#268]#270]#274])>+1: {"op": "Jump". "target": 135}')
debug_merge_point(0, 0, '135<main.rpyeffect:135(Name(loop2821))>+0: {"op": "Const". "type": "ptr". "out": 3. "format": "int". "value": "<IntValue object at 0x7fec4bfaf830>"}')
debug_merge_point(0, 0, '135<main.rpyeffect:135(Name(loop2821))>+1: {"op": "Push". "target": 134. "args": {"any": [2. 0. 1]}}')
debug_merge_point(0, 0, '135<main.rpyeffect:135(Name(loop2821))>+2: {"op": "Copy". "type": "any". "from": 3. "to". 1}')
debug_merge_point(0, 0, '135<main.rpyeffect:135(Name(loop2821))>+3: {"op": "Jump". "target": 4}')
debug_merge_point(0, 0, '4<main.rpyeffect:4(Name(infixEq72))>+0: {"op": "PrimOp". "name": "infixEq(Int. Int): Boolean". "out": {"any": [0]}. "in": {"any": [0. 1]}}')
+437: jump(p8, p20, p17, i41, p19, p0, p34, p18, p35, p36, p5, p6, p7, p25, descr=TargetToken(140652863779424))
+496: --end of the loop--
[62fc7bfee8f3] jit-log-opt-bridge}
[62fc8c6250c5] {jit-summary
Tracing:      	10	0.005577
Backend:      	10	0.001428
TOTAL:      		0.191695
ops:             	11988
heapcached ops:  	2359
recorded ops:    	2929
  calls:         	915
guards:          	388
opt ops:         	838
opt guards:      	104
opt guards shared:	88
forcings:        	0
abort: trace too long:	0
abort: compiling:	0
abort: vable escape:	0
abort: bad loop: 	0
abort: force quasi-immut:	0
abort: segmenting trace:	0
virtualizables forced:	0
nvirtuals:       	14
nvholes:         	0
nvreused:        	0
vecopt tried:    	0
vecopt success:  	0
Total # of loops:	5
Total # of bridges:	5
Freed # of loops:	0
Freed # of bridges:	0
[62fc8c62d843] jit-summary}
