[62fee642a6cd] {jit-log-opt-loop
# Loop 1 (150<main.rpyeffect:150(Name(countdown2822))>+0: {"op": "Push", "target": 149, "args": {"any": [0, 1]}}) : loop with 277 ops
[p0, p1, p2, p3, p4]
+797: p5 = getfield_gc_r(p2, descr=<FieldP rpyeffect.environment.Environment.inst_values_ptr 16>)
+808: p7 = getarrayitem_gc_r(p5, 0, descr=<ArrayP 8>)
+812: p9 = getarrayitem_gc_r(p5, 1, descr=<ArrayP 8>)
+816: p11 = getarrayitem_gc_r(p5, 2, descr=<ArrayP 8>)
+820: p13 = getarrayitem_gc_r(p5, 3, descr=<ArrayP 8>)
+824: p15 = getarrayitem_gc_r(p5, 4, descr=<ArrayP 8>)
+828: p17 = getarrayitem_gc_r(p5, 5, descr=<ArrayP 8>)
+832: p19 = getarrayitem_gc_r(p5, 6, descr=<ArrayP 8>)
+836: label(p0, p1, p2, p3, p4, p7, p9, p11, p13, p15, p17, p19, descr=TargetToken(140668280092000))
debug_merge_point(0, 0, '150<main.rpyeffect:150(Name(countdown2822))>+0: {"op": "Push". "target": 149. "args": {"any": [0. 1]}}')
+880: guard_not_invalidated(descr=<Guard0x7fefe2dd8e30>) [p2, p7, p9, p11, p13, p15, p17, p19, p0, p1, p3, p4]
debug_merge_point(0, 0, '150<main.rpyeffect:150(Name(countdown2822))>+1: {"op": "Invoke". "receiver": 0. "tag": Interned(Get2830). "args" : {"any": []}}')
+880: p20 = getfield_gc_r(p7, descr=<FieldP rpyeffect.codata.CoData.inst_vtable 8 pure>)
+891: guard_value(p20, ConstPtr(ptr21), descr=<Guard0x7fefe2df45c0>) [p2, p7, p9, p11, p13, p15, p17, p19, p0, p1, p3, p4]
+900: p22 = getfield_gc_r(p7, descr=<FieldP rpyeffect.stored_environment.CoData__2.inst_values_ptr_0 24 pure>)
+904: p23 = getfield_gc_r(p7, descr=<FieldP rpyeffect.stored_environment.CoData__2.inst_values_ptr_1 32 pure>)
debug_merge_point(0, 0, '167<main.rpyeffect:167([method_Get2830@Name(run2828)#339])>+0: {"op": "Const". "type": "ptr". "out": 2. "format": "int". "value": "<IntValue object at 0x7fefe2dcb2f0>"}')
debug_merge_point(0, 0, '167<main.rpyeffect:167([method_Get2830@Name(run2828)#339])>+1: {"op": "ShiftDyn". "out": 0. "n": 2. "label": 0}')
+915: i25 = instance_ptr_eq(p4, ConstPtr(ptr24))
+922: guard_true(i25, descr=<Guard0x7fefe2df45f0>) [p2, p7, p9, p11, p13, p15, p17, p19, p0, p1, p3, p4]
+928: i26 = instance_ptr_eq(p0, p22)
+935: guard_false(i26, descr=<Guard0x7fefe2df4620>) [p2, p7, p9, p11, p13, p15, p17, p19, p0, p1, p3, p4]
+941: p27 = getfield_gc_r(p3, descr=<FieldP rpyeffect.stack.MetaStack.inst_region 24 pure>)
+952: guard_isnull(p27, descr=<Guard0x7fefe2df4650>) [p2, p7, p9, p11, p13, p15, p17, p19, p0, p1, p3, p4]
+961: p28 = getfield_gc_r(p3, descr=<FieldP rpyeffect.stack.MetaStack.inst_label 16 pure>)
+965: i29 = instance_ptr_eq(p28, p22)
+968: guard_false(i29, descr=<Guard0x7fefe2df4680>) [p2, p7, p9, p11, p13, p15, p17, p19, p0, p1, p3, p4]
+974: p30 = getfield_gc_r(p3, descr=<FieldP rpyeffect.stack.MetaStack.inst_tail 32 pure>)
+978: p31 = getfield_gc_r(p30, descr=<FieldP rpyeffect.stack.MetaStack.inst_region 24 pure>)
+982: guard_isnull(p31, descr=<Guard0x7fefe2df46b0>) [p2, p7, p9, p11, p13, p15, p17, p19, p0, p1, p3, p4]
+991: p32 = getfield_gc_r(p30, descr=<FieldP rpyeffect.stack.MetaStack.inst_label 16 pure>)
+995: i33 = instance_ptr_eq(p32, p22)
+998: guard_false(i33, descr=<Guard0x7fefe2df46e0>) [p2, p7, p9, p11, p13, p15, p17, p19, p0, p1, p3, p4]
+1004: p34 = getfield_gc_r(p30, descr=<FieldP rpyeffect.stack.MetaStack.inst_tail 32 pure>)
+1008: p35 = getfield_gc_r(p34, descr=<FieldP rpyeffect.stack.MetaStack.inst_region 24 pure>)
+1012: guard_isnull(p35, descr=<Guard0x7fefe2df4710>) [p2, p7, p9, p11, p13, p15, p17, p19, p0, p1, p3, p4]
+1021: p36 = getfield_gc_r(p34, descr=<FieldP rpyeffect.stack.MetaStack.inst_label 16 pure>)
+1025: i37 = instance_ptr_eq(p36, p22)
+1028: guard_false(i37, descr=<Guard0x7fefe2df4740>) [p2, p7, p9, p11, p13, p15, p17, p19, p0, p1, p3, p4]
+1034: p38 = getfield_gc_r(p34, descr=<FieldP rpyeffect.stack.MetaStack.inst_tail 32 pure>)
+1038: p39 = getfield_gc_r(p38, descr=<FieldP rpyeffect.stack.MetaStack.inst_region 24 pure>)
+1042: guard_isnull(p39, descr=<Guard0x7fefe2df4770>) [p2, p7, p9, p11, p13, p15, p17, p19, p0, p1, p3, p4]
+1051: p40 = getfield_gc_r(p38, descr=<FieldP rpyeffect.stack.MetaStack.inst_label 16 pure>)
+1055: i41 = instance_ptr_eq(p40, p22)
+1058: guard_false(i41, descr=<Guard0x7fefe2df47a0>) [p2, p7, p9, p11, p13, p15, p17, p19, p0, p1, p3, p4]
+1064: p42 = getfield_gc_r(p38, descr=<FieldP rpyeffect.stack.MetaStack.inst_tail 32 pure>)
+1068: p43 = getfield_gc_r(p42, descr=<FieldP rpyeffect.stack.MetaStack.inst_region 24 pure>)
+1079: guard_isnull(p43, descr=<Guard0x7fefe2df47d0>) [p2, p7, p9, p11, p13, p15, p17, p19, p0, p1, p3, p4]
+1088: p44 = getfield_gc_r(p42, descr=<FieldP rpyeffect.stack.MetaStack.inst_label 16 pure>)
+1092: i45 = instance_ptr_eq(p44, p22)
+1095: guard_false(i45, descr=<Guard0x7fefe2df4800>) [p2, p7, p9, p11, p13, p15, p17, p19, p0, p1, p3, p4]
+1101: p46 = getfield_gc_r(p42, descr=<FieldP rpyeffect.stack.MetaStack.inst_tail 32 pure>)
+1112: p47 = getfield_gc_r(p46, descr=<FieldP rpyeffect.stack.MetaStack.inst_region 24 pure>)
+1123: guard_isnull(p47, descr=<Guard0x7fefe2df4830>) [p2, p7, p9, p11, p13, p15, p17, p19, p0, p1, p3, p4]
+1132: p48 = getfield_gc_r(p46, descr=<FieldP rpyeffect.stack.MetaStack.inst_label 16 pure>)
+1136: i49 = instance_ptr_eq(p48, p22)
+1139: guard_false(i49, descr=<Guard0x7fefe2df4860>) [p2, p7, p9, p11, p13, p15, p17, p19, p0, p1, p3, p4]
+1145: p50 = getfield_gc_r(p46, descr=<FieldP rpyeffect.stack.MetaStack.inst_tail 32 pure>)
+1156: p51 = getfield_gc_r(p50, descr=<FieldP rpyeffect.stack.MetaStack.inst_region 24 pure>)
+1167: guard_isnull(p51, descr=<Guard0x7fefe2df4890>) [p2, p7, p9, p11, p13, p15, p17, p19, p0, p1, p3, p4]
+1176: p52 = getfield_gc_r(p50, descr=<FieldP rpyeffect.stack.MetaStack.inst_label 16 pure>)
+1180: i53 = instance_ptr_eq(p52, p22)
+1183: guard_false(i53, descr=<Guard0x7fefe2df48c0>) [p2, p7, p9, p11, p13, p15, p17, p19, p0, p1, p3, p4]
+1189: p54 = getfield_gc_r(p50, descr=<FieldP rpyeffect.stack.MetaStack.inst_tail 32 pure>)
+1200: p55 = getfield_gc_r(p54, descr=<FieldP rpyeffect.stack.MetaStack.inst_region 24 pure>)
+1212: guard_isnull(p55, descr=<Guard0x7fefe2df48f0>) [p2, p7, p9, p11, p13, p15, p17, p19, p0, p1, p3, p4]
+1221: p56 = getfield_gc_r(p54, descr=<FieldP rpyeffect.stack.MetaStack.inst_label 16 pure>)
+1226: i57 = instance_ptr_eq(p56, p22)
+1229: guard_false(i57, descr=<Guard0x7fefe2df4920>) [p2, p7, p9, p11, p13, p15, p17, p19, p0, p1, p3, p4]
+1235: p58 = getfield_gc_r(p54, descr=<FieldP rpyeffect.stack.MetaStack.inst_tail 32 pure>)
+1247: p59 = getfield_gc_r(p58, descr=<FieldP rpyeffect.stack.MetaStack.inst_region 24 pure>)
+1258: guard_isnull(p59, descr=<Guard0x7fefe2df4950>) [p2, p7, p9, p11, p13, p15, p17, p19, p0, p1, p3, p4]
+1267: p60 = getfield_gc_r(p58, descr=<FieldP rpyeffect.stack.MetaStack.inst_label 16 pure>)
+1271: i61 = instance_ptr_eq(p60, p22)
+1274: guard_false(i61, descr=<Guard0x7fefe2df4980>) [p2, p7, p9, p11, p13, p15, p17, p19, p0, p1, p3, p4]
+1280: p62 = getfield_gc_r(p58, descr=<FieldP rpyeffect.stack.MetaStack.inst_tail 32 pure>)
+1291: p63 = getfield_gc_r(p62, descr=<FieldP rpyeffect.stack.MetaStack.inst_region 24 pure>)
+1302: guard_isnull(p63, descr=<Guard0x7fefe2df49b0>) [p2, p7, p9, p11, p13, p15, p17, p19, p0, p1, p3, p4]
+1311: p64 = getfield_gc_r(p62, descr=<FieldP rpyeffect.stack.MetaStack.inst_label 16 pure>)
+1315: i65 = instance_ptr_eq(p64, p22)
+1318: guard_true(i65, descr=<Guard0x7fefe2df49e0>) [p2, p7, p9, p11, p13, p15, p17, p19, p0, p1, p3, p4]
+1324: p66 = getfield_gc_r(p62, descr=<FieldP rpyeffect.stack.MetaStackLike.inst_stack 8 pure>)
+1335: guard_class(p62, 8693184, descr=<Guard0x7fefe2df4a10>) [p2, p7, p9, p11, p13, p15, p17, p19, p0, p1, p3, p4]
+1347: p68 = getfield_gc_r(p62, descr=<FieldP rpyeffect.stack.MetaStack.inst_tail 32 pure>)
+1358: p69 = getfield_gc_r(p58, descr=<FieldP rpyeffect.stack.MetaStackLike.inst_stack 8 pure>)
+1362: guard_class(p58, 8693184, descr=<Guard0x7fefe2df4a40>) [p2, p7, p9, p11, p13, p15, p17, p19, p0, p1, p3, p4]
+1374: p71 = getfield_gc_r(p54, descr=<FieldP rpyeffect.stack.MetaStackLike.inst_stack 8 pure>)
+1379: guard_class(p54, 8693184, descr=<Guard0x7fefe2df4a70>) [p2, p7, p9, p11, p13, p15, p17, p19, p0, p1, p3, p4]
+1393: p73 = getfield_gc_r(p50, descr=<FieldP rpyeffect.stack.MetaStackLike.inst_stack 8 pure>)
+1397: guard_class(p50, 8693184, descr=<Guard0x7fefe2df4aa0>) [p2, p7, p9, p11, p13, p15, p17, p19, p0, p1, p3, p4]
+1410: p75 = getfield_gc_r(p46, descr=<FieldP rpyeffect.stack.MetaStackLike.inst_stack 8 pure>)
+1414: guard_class(p46, 8693184, descr=<Guard0x7fefe2df4ad0>) [p2, p7, p9, p11, p13, p15, p17, p19, p0, p1, p3, p4]
+1426: p77 = getfield_gc_r(p42, descr=<FieldP rpyeffect.stack.MetaStackLike.inst_stack 8 pure>)
+1430: guard_class(p42, 8693184, descr=<Guard0x7fefe2df4b00>) [p2, p7, p9, p11, p13, p15, p17, p19, p0, p1, p3, p4]
+1443: p79 = getfield_gc_r(p38, descr=<FieldP rpyeffect.stack.MetaStackLike.inst_stack 8 pure>)
+1447: guard_class(p38, 8693184, descr=<Guard0x7fefe2df4b30>) [p2, p7, p9, p11, p13, p15, p17, p19, p0, p1, p3, p4]
+1461: p81 = getfield_gc_r(p34, descr=<FieldP rpyeffect.stack.MetaStackLike.inst_stack 8 pure>)
+1465: guard_class(p34, 8693184, descr=<Guard0x7fefe2df4b60>) [p2, p7, p9, p11, p13, p15, p17, p19, p0, p1, p3, p4]
+1477: p83 = getfield_gc_r(p30, descr=<FieldP rpyeffect.stack.MetaStackLike.inst_stack 8 pure>)
+1481: guard_class(p30, 8693184, descr=<Guard0x7fefe2df4b90>) [p2, p7, p9, p11, p13, p15, p17, p19, p0, p1, p3, p4]
+1493: p85 = getfield_gc_r(p3, descr=<FieldP rpyeffect.stack.MetaStackLike.inst_stack 8 pure>)
+1497: guard_class(p3, 8693184, descr=<Guard0x7fefe2df4bc0>) [p2, p7, p9, p11, p13, p15, p17, p19, p0, p1, p3, p4]
+1510: guard_nonnull_class(p68, 8693184, descr=<Guard0x7fefe2dd8e78>) [p2, p7, p9, p11, p13, p15, p17, p19, p0, p1, p3, p4]
+1529: p88 = getfield_gc_r(p68, descr=<FieldP rpyeffect.stack.MetaStackLike.inst_stack 8 pure>)
+1540: p89 = getfield_gc_r(p68, descr=<FieldP rpyeffect.stack.MetaStack.inst_label 16 pure>)
+1551: p90 = getfield_gc_r(p68, descr=<FieldP rpyeffect.stack.MetaStack.inst_tail 32 pure>)
+1562: guard_nonnull(p88, descr=<Guard0x7fefe2df4bf0>) [p2, p7, p9, p11, p13, p15, p17, p19, p0, p1, p3, p4]
+1571: i91 = getfield_gc_i(p88, descr=<FieldS rpyeffect.stored_environment.Stack__arb.inst_target 16 pure>)
+1575: guard_value(i91, 163, descr=<Guard0x7fefe2df4c20>) [p2, p7, p9, p11, p13, p15, p17, p19, p0, p1, p3, p4]
debug_merge_point(0, 0, '167<main.rpyeffect:167([method_Get2830@Name(run2828)#339])>+2: {"op": "Load". "out": 1. "type": "any". "ref": 1}')
+1588: p93 = getfield_gc_r(p23, descr=<FieldP rpyeffect.region.Ref.inst_allocation_site 8 pure>)
+1606: guard_value(p93, ConstPtr(ptr94), descr=<Guard0x7fefe2df4c50>) [p2, p7, p9, p11, p13, p15, p17, p19, p0, p1, p3, p4]
+1615: p95 = getfield_gc_r(p23, descr=<FieldP rpyeffect.region.Ref.inst_value 16>)
+1619: i96 = getfield_gc_i(p95, descr=<FieldS rpyeffect.value.UnboxedIntValueRef.inst_value 8>)
debug_merge_point(0, 0, '167<main.rpyeffect:167([method_Get2830@Name(run2828)#339])>+3: {"op": "Swap". "type": "any". "a": 0. "b". 1}')
debug_merge_point(0, 0, '167<main.rpyeffect:167([method_Get2830@Name(run2828)#339])>+4: {"op": "Jump". "target": 161}')
debug_merge_point(0, 0, '161<main.rpyeffect:161(Name(resume2839))>+0: {"op": "PushStack". "arg": 1}')
debug_merge_point(0, 0, '161<main.rpyeffect:161(Name(resume2839))>+1: {"op": "Return". "args": {"any": [0]}}')
+1630: guard_nonnull(p1, descr=<Guard0x7fefe2df4c80>) [p2, p7, p9, p11, p13, p15, p17, p19, p0, p1, p3, p4]
+1644: i97 = getfield_gc_i(p1, descr=<FieldS rpyeffect.stored_environment.Stack__arb.inst_target 16 pure>)
+1669: guard_value(i97, 140, descr=<Guard0x7fefe2df4cb0>) [p2, p7, p9, p11, p13, p15, p17, p19, p0, p1, p3, p4]
debug_merge_point(0, 0, '149<main.rpyeffect:149([k@Name(countdown2822)#286])>+0: {"op": "Const". "type": "ptr". "out": 3. "format": "int". "value": "<IntValue object at 0x7fefe2dcb590>"}')
debug_merge_point(0, 0, '149<main.rpyeffect:149([k@Name(countdown2822)#286])>+1: {"op": "Push". "target": 148. "args": {"any": [1. 2. 0]}}')
debug_merge_point(0, 0, '149<main.rpyeffect:149([k@Name(countdown2822)#286])>+2: {"op": "Copy". "type": "any". "from": 3. "to". 1}')
debug_merge_point(0, 0, '149<main.rpyeffect:149([k@Name(countdown2822)#286])>+3: {"op": "Jump". "target": 4}')
debug_merge_point(0, 0, '4<main.rpyeffect:4(Name(infixEq72))>+0: {"op": "PrimOp". "name": "infixEq(Int. Int): Boolean". "out": {"any": [0]}. "in": {"any": [0. 1]}}')
+1682: i100 = int_eq(i96, 0)
debug_merge_point(0, 0, '4<main.rpyeffect:4(Name(infixEq72))>+1: {"op": "Return". "args": {"any": [0]}}')
debug_merge_point(0, 0, '148<main.rpyeffect:148([k@[k@Name(countdown2822)#286]#290])>+0: {"op": "Swap". "type": "any". "a": 2. "b". 1}')
debug_merge_point(0, 0, '148<main.rpyeffect:148([k@[k@Name(countdown2822)#286]#290])>+1: {"op": "Swap". "type": "any". "a": 0. "b". 1}')
debug_merge_point(0, 0, '148<main.rpyeffect:148([k@[k@Name(countdown2822)#286]#290])>+2: {"op": "Swap". "type": "any". "a": 3. "b". 1}')
debug_merge_point(0, 0, '148<main.rpyeffect:148([k@[k@Name(countdown2822)#286]#290])>+3: {"op": "IfZero". "cond": 3. "then": {"tag": null. "target": 147. "args": {"any": []}}}')
+1686: guard_false(i100, descr=<Guard0x7fefe2df4ce0>) [p2, p7, p9, p11, p13, p15, p17, p19, p0, p1, p3, p4]
debug_merge_point(0, 0, '147<main.rpyeffect:147([then#294])>+0: {"op": "Const". "type": "ptr". "out": 3. "format": "int". "value": "<IntValue object at 0x7fefe2dcb600>"}')
debug_merge_point(0, 0, '147<main.rpyeffect:147([then#294])>+1: {"op": "Push". "target": 146. "args": {"any": [2. 0]}}')
debug_merge_point(0, 0, '147<main.rpyeffect:147([then#294])>+2: {"op": "Copy". "type": "any". "from": 1. "to". 0}')
debug_merge_point(0, 0, '147<main.rpyeffect:147([then#294])>+3: {"op": "Copy". "type": "any". "from": 3. "to". 1}')
debug_merge_point(0, 0, '147<main.rpyeffect:147([then#294])>+4: {"op": "Jump". "target": 8}')
debug_merge_point(0, 0, '8<main.rpyeffect:8(Name(infixSub105))>+0: {"op": "PrimOp". "name": "infixSub(Int. Int): Int". "out": {"any": [0]}. "in": {"any": [0. 1]}}')
+1692: i102 = int_sub(i96, 1)
debug_merge_point(0, 0, '8<main.rpyeffect:8(Name(infixSub105))>+1: {"op": "Return". "args": {"any": [0]}}')
debug_merge_point(0, 0, '146<main.rpyeffect:146([k@[then#294]#298])>+0: {"op": "Push". "target": 145. "args": {"any": [1. 2]}}')
debug_merge_point(0, 0, '146<main.rpyeffect:146([k@[then#294]#298])>+1: {"op": "Invoke". "receiver": 2. "tag": Interned(Set2832). "args" : {"any": [0]}}')
+1696: p103 = getfield_gc_r(p9, descr=<FieldP rpyeffect.codata.CoData.inst_vtable 8 pure>)
+1728: guard_value(p103, ConstPtr(ptr104), descr=<Guard0x7fefe2df4d10>) [p2, p7, p9, p11, p13, p15, p17, p19, p0, p1, p3, p4]
+1737: p105 = getfield_gc_r(p9, descr=<FieldP rpyeffect.stored_environment.CoData__2.inst_values_ptr_0 24 pure>)
+1741: p106 = getfield_gc_r(p9, descr=<FieldP rpyeffect.stored_environment.CoData__2.inst_values_ptr_1 32 pure>)
debug_merge_point(0, 0, '169<main.rpyeffect:169([method_Set2832@Name(run2828)#346])>+0: {"op": "Const". "type": "ptr". "out": 3. "format": "int". "value": "<IntValue object at 0x7fefe2dcb2b0>"}')
debug_merge_point(0, 0, '169<main.rpyeffect:169([method_Set2832@Name(run2828)#346])>+1: {"op": "ShiftDyn". "out": 1. "n": 3. "label": 1}')
+1745: i107 = instance_ptr_eq(p0, p105)
+1752: guard_false(i107, descr=<Guard0x7fefe2df4d40>) [p2, p7, p9, p11, p13, p15, p17, p19, p0, p1, p3, p4]
+1758: i108 = instance_ptr_eq(p28, p105)
+1765: guard_false(i108, descr=<Guard0x7fefe2df4d70>) [p2, p7, p9, p11, p13, p15, p17, p19, p0, p1, p3, p4]
+1771: i109 = instance_ptr_eq(p32, p105)
+1778: guard_false(i109, descr=<Guard0x7fefe2df4da0>) [p2, p7, p9, p11, p13, p15, p17, p19, p0, p1, p3, p4]
+1784: i110 = instance_ptr_eq(p36, p105)
+1791: guard_false(i110, descr=<Guard0x7fefe2df4dd0>) [p2, p7, p9, p11, p13, p15, p17, p19, p0, p1, p3, p4]
+1797: i111 = instance_ptr_eq(p40, p105)
+1804: guard_false(i111, descr=<Guard0x7fefe2df4e00>) [p2, p7, p9, p11, p13, p15, p17, p19, p0, p1, p3, p4]
+1810: i112 = instance_ptr_eq(p44, p105)
+1817: guard_false(i112, descr=<Guard0x7fefe2df4e30>) [p2, p7, p9, p11, p13, p15, p17, p19, p0, p1, p3, p4]
+1823: i113 = instance_ptr_eq(p48, p105)
+1830: guard_false(i113, descr=<Guard0x7fefe2df4e60>) [p2, p7, p9, p11, p13, p15, p17, p19, p0, p1, p3, p4]
+1836: i114 = instance_ptr_eq(p52, p105)
+1843: guard_false(i114, descr=<Guard0x7fefe2df4e90>) [p2, p7, p9, p11, p13, p15, p17, p19, p0, p1, p3, p4]
+1849: i115 = instance_ptr_eq(p56, p105)
+1856: guard_false(i115, descr=<Guard0x7fefe2df4ec0>) [p2, p7, p9, p11, p13, p15, p17, p19, p0, p1, p3, p4]
+1862: i116 = instance_ptr_eq(p60, p105)
+1869: guard_false(i116, descr=<Guard0x7fefe2df4ef0>) [p2, p7, p9, p11, p13, p15, p17, p19, p0, p1, p3, p4]
+1875: i117 = instance_ptr_eq(p64, p105)
+1878: guard_true(i117, descr=<Guard0x7fefe2df4f20>) [p2, p7, p9, p11, p13, p15, p17, p19, p0, p1, p3, p4]
debug_merge_point(0, 0, '169<main.rpyeffect:169([method_Set2832@Name(run2828)#346])>+2: {"op": "Store". "ref": 2. "type": "any". "value": 0}')
+1884: p118 = getfield_gc_r(p106, descr=<FieldP rpyeffect.region.Ref.inst_allocation_site 8 pure>)
+1895: guard_value(p118, ConstPtr(ptr119), descr=<Guard0x7fefe2df4f50>) [p2, p7, p9, p11, p13, p15, p17, p19, p0, p1, p3, p4]
+1904: p120 = getfield_gc_r(p106, descr=<FieldP rpyeffect.region.Ref.inst_value 16>)
debug_merge_point(0, 0, '169<main.rpyeffect:169([method_Set2832@Name(run2828)#346])>+3: {"op": "Construct". "out": 0. "type": Interned(Unit). "tag": Interned(unit). "args": {"any": []}}')
debug_merge_point(0, 0, '169<main.rpyeffect:169([method_Set2832@Name(run2828)#346])>+4: {"op": "Construct". "out": 0. "type": Interned(Unit). "tag": Interned(unit). "args": {"any": []}}')
debug_merge_point(0, 0, '169<main.rpyeffect:169([method_Set2832@Name(run2828)#346])>+5: {"op": "Jump". "target": 162}')
debug_merge_point(0, 0, '162<main.rpyeffect:162(Name(resume2841))>+0: {"op": "PushStack". "arg": 1}')
debug_merge_point(0, 0, '162<main.rpyeffect:162(Name(resume2841))>+1: {"op": "Return". "args": {"any": [0]}}')
debug_merge_point(0, 0, '145<main.rpyeffect:145([k@[k@[then#294]#298]#301])>+0: {"op": "Copy". "type": "any". "from": 1. "to". 0}')
debug_merge_point(0, 0, '145<main.rpyeffect:145([k@[k@[then#294]#298]#301])>+1: {"op": "Copy". "type": "any". "from": 2. "to". 1}')
debug_merge_point(0, 0, '145<main.rpyeffect:145([k@[k@[then#294]#298]#301])>+2: {"op": "Jump". "target": 150}')
debug_merge_point(0, 0, '150<main.rpyeffect:150(Name(countdown2822))>+0: {"op": "Push". "target": 149. "args": {"any": [0. 1]}}')
+1908: setfield_gc(p120, i102, descr=<FieldS rpyeffect.value.UnboxedIntValueRef.inst_value 8>)
+1912: label(p0, p1, p2, p85, p28, p83, p32, p81, p36, p79, p40, p77, p44, p75, p48, p73, p52, p71, p56, p69, p60, p66, p64, p88, p89, p90, p7, p9, p15, p17, p19, p22, p23, p95, p105, p106, p120, descr=TargetToken(140668280092064))
debug_merge_point(0, 0, '150<main.rpyeffect:150(Name(countdown2822))>+0: {"op": "Push". "target": 149. "args": {"any": [0. 1]}}')
+1952: guard_not_invalidated(descr=<Guard0x7fefe2dd8ec0>) [p2, p7, p9, p15, p17, p19, p0, p1, p90, p89, p88, p64, p66, p60, p69, p56, p71, p52, p73, p48, p75, p44, p77, p40, p79, p36, p81, p32, p83, p28, p85]
debug_merge_point(0, 0, '150<main.rpyeffect:150(Name(countdown2822))>+1: {"op": "Invoke". "receiver": 0. "tag": Interned(Get2830). "args" : {"any": []}}')
debug_merge_point(0, 0, '167<main.rpyeffect:167([method_Get2830@Name(run2828)#339])>+0: {"op": "Const". "type": "ptr". "out": 2. "format": "int". "value": "<IntValue object at 0x7fefe2dcb2f0>"}')
debug_merge_point(0, 0, '167<main.rpyeffect:167([method_Get2830@Name(run2828)#339])>+1: {"op": "ShiftDyn". "out": 0. "n": 2. "label": 0}')
+1952: i121 = instance_ptr_eq(p0, p22)
+1966: guard_false(i121, descr=<Guard0x7fefe2df4f80>) [p2, p7, p9, p15, p17, p19, p0, p1, p90, p89, p88, p64, p66, p60, p69, p56, p71, p52, p73, p48, p75, p44, p77, p40, p79, p36, p81, p32, p83, p28, p85]
+1972: i122 = instance_ptr_eq(p28, p22)
+1986: guard_false(i122, descr=<Guard0x7fefe2df4fb0>) [p2, p7, p9, p15, p17, p19, p0, p1, p90, p89, p88, p64, p66, p60, p69, p56, p71, p52, p73, p48, p75, p44, p77, p40, p79, p36, p81, p32, p83, p28, p85]
+1992: i123 = instance_ptr_eq(p32, p22)
+2006: guard_false(i123, descr=<Guard0x7fefe2df4fe0>) [p2, p7, p9, p15, p17, p19, p0, p1, p90, p89, p88, p64, p66, p60, p69, p56, p71, p52, p73, p48, p75, p44, p77, p40, p79, p36, p81, p32, p83, p28, p85]
+2012: i124 = instance_ptr_eq(p36, p22)
+2026: guard_false(i124, descr=<Guard0x7fefe2df5010>) [p2, p7, p9, p15, p17, p19, p0, p1, p90, p89, p88, p64, p66, p60, p69, p56, p71, p52, p73, p48, p75, p44, p77, p40, p79, p36, p81, p32, p83, p28, p85]
+2032: i125 = instance_ptr_eq(p40, p22)
+2046: guard_false(i125, descr=<Guard0x7fefe2df5040>) [p2, p7, p9, p15, p17, p19, p0, p1, p90, p89, p88, p64, p66, p60, p69, p56, p71, p52, p73, p48, p75, p44, p77, p40, p79, p36, p81, p32, p83, p28, p85]
+2052: i126 = instance_ptr_eq(p44, p22)
+2066: guard_false(i126, descr=<Guard0x7fefe2df5070>) [p2, p7, p9, p15, p17, p19, p0, p1, p90, p89, p88, p64, p66, p60, p69, p56, p71, p52, p73, p48, p75, p44, p77, p40, p79, p36, p81, p32, p83, p28, p85]
+2072: i127 = instance_ptr_eq(p48, p22)
+2086: guard_false(i127, descr=<Guard0x7fefe2df50a0>) [p2, p7, p9, p15, p17, p19, p0, p1, p90, p89, p88, p64, p66, p60, p69, p56, p71, p52, p73, p48, p75, p44, p77, p40, p79, p36, p81, p32, p83, p28, p85]
+2092: i128 = instance_ptr_eq(p52, p22)
+2106: guard_false(i128, descr=<Guard0x7fefe2df50d0>) [p2, p7, p9, p15, p17, p19, p0, p1, p90, p89, p88, p64, p66, p60, p69, p56, p71, p52, p73, p48, p75, p44, p77, p40, p79, p36, p81, p32, p83, p28, p85]
+2112: i129 = instance_ptr_eq(p56, p22)
+2126: guard_false(i129, descr=<Guard0x7fefe2df5100>) [p2, p7, p9, p15, p17, p19, p0, p1, p90, p89, p88, p64, p66, p60, p69, p56, p71, p52, p73, p48, p75, p44, p77, p40, p79, p36, p81, p32, p83, p28, p85]
+2132: i130 = instance_ptr_eq(p60, p22)
+2153: guard_false(i130, descr=<Guard0x7fefe2df5130>) [p2, p7, p9, p15, p17, p19, p0, p1, p90, p89, p88, p64, p66, p60, p69, p56, p71, p52, p73, p48, p75, p44, p77, p40, p79, p36, p81, p32, p83, p28, p85]
+2159: i131 = instance_ptr_eq(p64, p22)
+2166: guard_true(i131, descr=<Guard0x7fefe2df5160>) [p2, p7, p9, p15, p17, p19, p0, p1, p90, p89, p88, p64, p66, p60, p69, p56, p71, p52, p73, p48, p75, p44, p77, p40, p79, p36, p81, p32, p83, p28, p85]
debug_merge_point(0, 0, '167<main.rpyeffect:167([method_Get2830@Name(run2828)#339])>+2: {"op": "Load". "out": 1. "type": "any". "ref": 1}')
+2172: i132 = getfield_gc_i(p95, descr=<FieldS rpyeffect.value.UnboxedIntValueRef.inst_value 8>)
debug_merge_point(0, 0, '167<main.rpyeffect:167([method_Get2830@Name(run2828)#339])>+3: {"op": "Swap". "type": "any". "a": 0. "b". 1}')
debug_merge_point(0, 0, '167<main.rpyeffect:167([method_Get2830@Name(run2828)#339])>+4: {"op": "Jump". "target": 161}')
debug_merge_point(0, 0, '161<main.rpyeffect:161(Name(resume2839))>+0: {"op": "PushStack". "arg": 1}')
debug_merge_point(0, 0, '161<main.rpyeffect:161(Name(resume2839))>+1: {"op": "Return". "args": {"any": [0]}}')
debug_merge_point(0, 0, '149<main.rpyeffect:149([k@Name(countdown2822)#286])>+0: {"op": "Const". "type": "ptr". "out": 3. "format": "int". "value": "<IntValue object at 0x7fefe2dcb590>"}')
debug_merge_point(0, 0, '149<main.rpyeffect:149([k@Name(countdown2822)#286])>+1: {"op": "Push". "target": 148. "args": {"any": [1. 2. 0]}}')
debug_merge_point(0, 0, '149<main.rpyeffect:149([k@Name(countdown2822)#286])>+2: {"op": "Copy". "type": "any". "from": 3. "to". 1}')
debug_merge_point(0, 0, '149<main.rpyeffect:149([k@Name(countdown2822)#286])>+3: {"op": "Jump". "target": 4}')
debug_merge_point(0, 0, '4<main.rpyeffect:4(Name(infixEq72))>+0: {"op": "PrimOp". "name": "infixEq(Int. Int): Boolean". "out": {"any": [0]}. "in": {"any": [0. 1]}}')
+2183: i134 = int_eq(i132, 0)
debug_merge_point(0, 0, '4<main.rpyeffect:4(Name(infixEq72))>+1: {"op": "Return". "args": {"any": [0]}}')
debug_merge_point(0, 0, '148<main.rpyeffect:148([k@[k@Name(countdown2822)#286]#290])>+0: {"op": "Swap". "type": "any". "a": 2. "b". 1}')
debug_merge_point(0, 0, '148<main.rpyeffect:148([k@[k@Name(countdown2822)#286]#290])>+1: {"op": "Swap". "type": "any". "a": 0. "b". 1}')
debug_merge_point(0, 0, '148<main.rpyeffect:148([k@[k@Name(countdown2822)#286]#290])>+2: {"op": "Swap". "type": "any". "a": 3. "b". 1}')
debug_merge_point(0, 0, '148<main.rpyeffect:148([k@[k@Name(countdown2822)#286]#290])>+3: {"op": "IfZero". "cond": 3. "then": {"tag": null. "target": 147. "args": {"any": []}}}')
+2187: guard_false(i134, descr=<Guard0x7fefe2df5190>) [p2, p7, p9, p15, p17, p19, p0, p1, p90, p89, p88, p64, p66, p60, p69, p56, p71, p52, p73, p48, p75, p44, p77, p40, p79, p36, p81, p32, p83, p28, p85]
debug_merge_point(0, 0, '147<main.rpyeffect:147([then#294])>+0: {"op": "Const". "type": "ptr". "out": 3. "format": "int". "value": "<IntValue object at 0x7fefe2dcb600>"}')
debug_merge_point(0, 0, '147<main.rpyeffect:147([then#294])>+1: {"op": "Push". "target": 146. "args": {"any": [2. 0]}}')
debug_merge_point(0, 0, '147<main.rpyeffect:147([then#294])>+2: {"op": "Copy". "type": "any". "from": 1. "to". 0}')
debug_merge_point(0, 0, '147<main.rpyeffect:147([then#294])>+3: {"op": "Copy". "type": "any". "from": 3. "to". 1}')
debug_merge_point(0, 0, '147<main.rpyeffect:147([then#294])>+4: {"op": "Jump". "target": 8}')
debug_merge_point(0, 0, '8<main.rpyeffect:8(Name(infixSub105))>+0: {"op": "PrimOp". "name": "infixSub(Int. Int): Int". "out": {"any": [0]}. "in": {"any": [0. 1]}}')
+2193: i136 = int_sub(i132, 1)
debug_merge_point(0, 0, '8<main.rpyeffect:8(Name(infixSub105))>+1: {"op": "Return". "args": {"any": [0]}}')
debug_merge_point(0, 0, '146<main.rpyeffect:146([k@[then#294]#298])>+0: {"op": "Push". "target": 145. "args": {"any": [1. 2]}}')
debug_merge_point(0, 0, '146<main.rpyeffect:146([k@[then#294]#298])>+1: {"op": "Invoke". "receiver": 2. "tag": Interned(Set2832). "args" : {"any": [0]}}')
debug_merge_point(0, 0, '169<main.rpyeffect:169([method_Set2832@Name(run2828)#346])>+0: {"op": "Const". "type": "ptr". "out": 3. "format": "int". "value": "<IntValue object at 0x7fefe2dcb2b0>"}')
debug_merge_point(0, 0, '169<main.rpyeffect:169([method_Set2832@Name(run2828)#346])>+1: {"op": "ShiftDyn". "out": 1. "n": 3. "label": 1}')
+2197: i137 = instance_ptr_eq(p0, p105)
+2200: guard_false(i137, descr=<Guard0x7fefe2df51c0>) [p2, p7, p9, p15, p17, p19, p0, p1, p90, p89, p88, p64, p66, p60, p69, p56, p71, p52, p73, p48, p75, p44, p77, p40, p79, p36, p81, p32, p83, p28, p85]
+2206: i138 = instance_ptr_eq(p28, p105)
+2209: guard_false(i138, descr=<Guard0x7fefe2df51f0>) [p2, p7, p9, p15, p17, p19, p0, p1, p90, p89, p88, p64, p66, p60, p69, p56, p71, p52, p73, p48, p75, p44, p77, p40, p79, p36, p81, p32, p83, p28, p85]
+2215: i139 = instance_ptr_eq(p32, p105)
+2218: guard_false(i139, descr=<Guard0x7fefe2df5220>) [p2, p7, p9, p15, p17, p19, p0, p1, p90, p89, p88, p64, p66, p60, p69, p56, p71, p52, p73, p48, p75, p44, p77, p40, p79, p36, p81, p32, p83, p28, p85]
+2224: i140 = instance_ptr_eq(p36, p105)
+2227: guard_false(i140, descr=<Guard0x7fefe2df5250>) [p2, p7, p9, p15, p17, p19, p0, p1, p90, p89, p88, p64, p66, p60, p69, p56, p71, p52, p73, p48, p75, p44, p77, p40, p79, p36, p81, p32, p83, p28, p85]
+2233: i141 = instance_ptr_eq(p40, p105)
+2236: guard_false(i141, descr=<Guard0x7fefe2df5280>) [p2, p7, p9, p15, p17, p19, p0, p1, p90, p89, p88, p64, p66, p60, p69, p56, p71, p52, p73, p48, p75, p44, p77, p40, p79, p36, p81, p32, p83, p28, p85]
+2242: i142 = instance_ptr_eq(p44, p105)
+2245: guard_false(i142, descr=<Guard0x7fefe2df52b0>) [p2, p7, p9, p15, p17, p19, p0, p1, p90, p89, p88, p64, p66, p60, p69, p56, p71, p52, p73, p48, p75, p44, p77, p40, p79, p36, p81, p32, p83, p28, p85]
+2251: i143 = instance_ptr_eq(p48, p105)
+2254: guard_false(i143, descr=<Guard0x7fefe2df52e0>) [p2, p7, p9, p15, p17, p19, p0, p1, p90, p89, p88, p64, p66, p60, p69, p56, p71, p52, p73, p48, p75, p44, p77, p40, p79, p36, p81, p32, p83, p28, p85]
+2260: i144 = instance_ptr_eq(p52, p105)
+2263: guard_false(i144, descr=<Guard0x7fefe2df5310>) [p2, p7, p9, p15, p17, p19, p0, p1, p90, p89, p88, p64, p66, p60, p69, p56, p71, p52, p73, p48, p75, p44, p77, p40, p79, p36, p81, p32, p83, p28, p85]
+2269: i145 = instance_ptr_eq(p56, p105)
+2272: guard_false(i145, descr=<Guard0x7fefe2df5340>) [p2, p7, p9, p15, p17, p19, p0, p1, p90, p89, p88, p64, p66, p60, p69, p56, p71, p52, p73, p48, p75, p44, p77, p40, p79, p36, p81, p32, p83, p28, p85]
+2278: i146 = instance_ptr_eq(p60, p105)
+2281: guard_false(i146, descr=<Guard0x7fefe2df5370>) [p2, p7, p9, p15, p17, p19, p0, p1, p90, p89, p88, p64, p66, p60, p69, p56, p71, p52, p73, p48, p75, p44, p77, p40, p79, p36, p81, p32, p83, p28, p85]
+2287: i147 = instance_ptr_eq(p64, p105)
+2290: guard_true(i147, descr=<Guard0x7fefe2df53a0>) [p2, p7, p9, p15, p17, p19, p0, p1, p90, p89, p88, p64, p66, p60, p69, p56, p71, p52, p73, p48, p75, p44, p77, p40, p79, p36, p81, p32, p83, p28, p85]
debug_merge_point(0, 0, '169<main.rpyeffect:169([method_Set2832@Name(run2828)#346])>+2: {"op": "Store". "ref": 2. "type": "any". "value": 0}')
debug_merge_point(0, 0, '169<main.rpyeffect:169([method_Set2832@Name(run2828)#346])>+3: {"op": "Construct". "out": 0. "type": Interned(Unit). "tag": Interned(unit). "args": {"any": []}}')
debug_merge_point(0, 0, '169<main.rpyeffect:169([method_Set2832@Name(run2828)#346])>+4: {"op": "Construct". "out": 0. "type": Interned(Unit). "tag": Interned(unit). "args": {"any": []}}')
debug_merge_point(0, 0, '169<main.rpyeffect:169([method_Set2832@Name(run2828)#346])>+5: {"op": "Jump". "target": 162}')
debug_merge_point(0, 0, '162<main.rpyeffect:162(Name(resume2841))>+0: {"op": "PushStack". "arg": 1}')
debug_merge_point(0, 0, '162<main.rpyeffect:162(Name(resume2841))>+1: {"op": "Return". "args": {"any": [0]}}')
debug_merge_point(0, 0, '145<main.rpyeffect:145([k@[k@[then#294]#298]#301])>+0: {"op": "Copy". "type": "any". "from": 1. "to". 0}')
debug_merge_point(0, 0, '145<main.rpyeffect:145([k@[k@[then#294]#298]#301])>+1: {"op": "Copy". "type": "any". "from": 2. "to". 1}')
debug_merge_point(0, 0, '145<main.rpyeffect:145([k@[k@[then#294]#298]#301])>+2: {"op": "Jump". "target": 150}')
debug_merge_point(0, 0, '150<main.rpyeffect:150(Name(countdown2822))>+0: {"op": "Push". "target": 149. "args": {"any": [0. 1]}}')
+2296: setfield_gc(p120, i136, descr=<FieldS rpyeffect.value.UnboxedIntValueRef.inst_value 8>)
+2314: jump(p0, p1, p2, p85, p28, p83, p32, p81, p36, p79, p40, p77, p44, p75, p48, p73, p52, p71, p56, p69, p60, p66, p64, p88, p89, p90, p7, p9, p15, p17, p19, p22, p23, p95, p105, p106, p120, descr=TargetToken(140668280092064))
+2416: --end of the loop--
[62fee64d1e5a] jit-log-opt-loop}
[62ffbf6a2349] {jit-summary
Tracing:      	1	0.001774
Backend:      	1	0.000688
TOTAL:      		1.831048
ops:             	2181
heapcached ops:  	359
recorded ops:    	854
  calls:         	31
guards:          	221
opt ops:         	268
opt guards:      	79
opt guards shared:	76
forcings:        	0
abort: trace too long:	0
abort: compiling:	0
abort: vable escape:	0
abort: bad loop: 	0
abort: force quasi-immut:	0
abort: segmenting trace:	0
virtualizables forced:	0
nvirtuals:       	11
nvholes:         	0
nvreused:        	0
vecopt tried:    	0
vecopt success:  	0
Total # of loops:	1
Total # of bridges:	0
Freed # of loops:	0
Freed # of bridges:	0
[62ffbf6a80f8] jit-summary}
