[62601abe7154] {jit-log-opt-loop
# Loop 1 (4343<main.rpyeffect:10([switch default case#10])>+0: {"op": "Const", "type": "ptr", "out": 1, "format": "int", "value": "<IntValue object at 0x7603fa0>"}) : loop with 78 ops
[p0, p1, p2, p3, p4]
+205: p5 = getfield_gc_r(p2, descr=<FieldP rpyeffect.environment.Environment.inst_values_ptr 16>)
+216: p7 = getarrayitem_gc_r(p5, 0, descr=<ArrayP 8>)
+220: p9 = getarrayitem_gc_r(p5, 1, descr=<ArrayP 8>)
+224: p11 = getarrayitem_gc_r(p5, 2, descr=<ArrayP 8>)
+228: p13 = getarrayitem_gc_r(p5, 3, descr=<ArrayP 8>)
+232: p15 = getarrayitem_gc_r(p5, 4, descr=<ArrayP 8>)
+236: p17 = getarrayitem_gc_r(p5, 5, descr=<ArrayP 8>)
+240: p19 = getarrayitem_gc_r(p5, 6, descr=<ArrayP 8>)
+244: p21 = getarrayitem_gc_r(p5, 7, descr=<ArrayP 8>)
+248: p23 = getarrayitem_gc_r(p5, 8, descr=<ArrayP 8>)
+252: p25 = getarrayitem_gc_r(p5, 9, descr=<ArrayP 8>)
+256: p27 = getarrayitem_gc_r(p5, 10, descr=<ArrayP 8>)
+260: p29 = getarrayitem_gc_r(p5, 11, descr=<ArrayP 8>)
+264: p31 = getarrayitem_gc_r(p5, 12, descr=<ArrayP 8>)
+275: p33 = getarrayitem_gc_r(p5, 13, descr=<ArrayP 8>)
+286: p35 = getarrayitem_gc_r(p5, 14, descr=<ArrayP 8>)
+300: p37 = getarrayitem_gc_r(p5, 15, descr=<ArrayP 8>)
+314: label(p0, p1, p2, p3, p4, p7, p9, p11, p13, p15, p17, p19, p21, p23, p25, p27, p29, p31, p33, p35, p37, descr=TargetToken(127160224))
debug_merge_point(0, 0, '4343<main.rpyeffect:10([switch default case#10])>+0: {"op": "Const". "type": "ptr". "out": 1. "format": "int". "value": "<IntValue object at 0x7603fa0>"}')
+400: guard_not_invalidated(descr=<Guard0x791f1d8>) [p2, p7, p9, p11, p13, p15, p17, p19, p21, p23, p25, p27, p29, p31, p33, p35, p37, p0, p1, p3, p4]
debug_merge_point(0, 0, '4343<main.rpyeffect:10([switch default case#10])>+1: {"op": "PrimOp". "name": "infixEq(Int. Int): Boolean". "out": {"any": [1]}. "in": {"any": [0. 1]}}')
+400: i38 = getfield_gc_i(p7, descr=<FieldS rpyeffect.value.IntValue.inst_value 8 pure>)
+404: i40 = int_eq(i38, 0)
debug_merge_point(0, 0, '4343<main.rpyeffect:10([switch default case#10])>+2: {"op": "Switch". "scrutinee": 1. "values": [<BoolValue object at 0x7603f70>]. "targets": [4341]. "default": 4342}')
+417: i42 = int_eq(i40, 0)
+421: guard_true(i42, descr=<Guard0x7961a00>) [p2, p7, p9, p11, p13, p15, p17, p19, p21, p23, p25, p27, p29, p31, p33, p35, p37, p0, p1, p3, p4]
debug_merge_point(0, 0, '4341<main.rpyeffect:8([switch case for Bool(false)#14])>+0: {"op": "Const". "type": "ptr". "out": 1. "format": "int". "value": "<IntValue object at 0x7612050>"}')
debug_merge_point(0, 0, '4341<main.rpyeffect:8([switch case for Bool(false)#14])>+1: {"op": "PrimOp". "name": "infixEq(Int. Int): Boolean". "out": {"any": [1]}. "in": {"any": [0. 1]}}')
+427: i44 = int_eq(i38, 1)
debug_merge_point(0, 0, '4341<main.rpyeffect:8([switch case for Bool(false)#14])>+2: {"op": "Switch". "scrutinee": 1. "values": [<BoolValue object at 0x7612020>]. "targets": [4335]. "default": 4340}')
+431: guard_false(i44, descr=<Guard0x7961a30>) [p2, p7, p9, p11, p13, p15, p17, p19, p21, p23, p25, p27, p29, p31, p33, p35, p37, p0, p1, p3, p4]
debug_merge_point(0, 0, '4340<main.rpyeffect:7([switch default case#24])>+0: {"op": "Const". "type": "ptr". "out": 1. "format": "int". "value": "<IntValue object at 0x7602fb0>"}')
debug_merge_point(0, 0, '4340<main.rpyeffect:7([switch default case#24])>+1: {"op": "PrimOp". "name": "infixEq(Int. Int): Boolean". "out": {"any": [1]}. "in": {"any": [0. 1]}}')
debug_merge_point(0, 0, '4340<main.rpyeffect:7([switch default case#24])>+2: {"op": "Switch". "scrutinee": 1. "values": [<BoolValue object at 0x7612060>]. "targets": [4338]. "default": 4339}')
debug_merge_point(0, 0, '4338<main.rpyeffect:5([switch case for Bool(false)#28])>+0: {"op": "Const". "type": "ptr". "out": 1. "format": "int". "value": "<IntValue object at 0x7602e80>"}')
debug_merge_point(0, 0, '4338<main.rpyeffect:5([switch case for Bool(false)#28])>+1: {"op": "PrimOp". "name": "infixSub(Int. Int): Int". "out": {"any": [1]}. "in": {"any": [0. 1]}}')
+437: i46 = int_sub(i38, 1)
debug_merge_point(0, 0, '4338<main.rpyeffect:5([switch case for Bool(false)#28])>+2: {"op": "Push". "target": 4337. "args": {"any": [0]}}')
debug_merge_point(0, 0, '4338<main.rpyeffect:5([switch case for Bool(false)#28])>+3: {"op": "Copy". "type": "any". "from": 1. "to". 0}')
debug_merge_point(0, 0, '4338<main.rpyeffect:5([switch case for Bool(false)#28])>+4: {"op": "Jump". "target": 4344}')
debug_merge_point(0, 0, '4344<main.rpyeffect:11([mcore:[#53]#3])>+0: {"op": "Const". "type": "ptr". "out": 1. "format": "int". "value": "<IntValue object at 0x7603f60>"}')
debug_merge_point(0, 0, '4344<main.rpyeffect:11([mcore:[#53]#3])>+1: {"op": "PrimOp". "name": "infixEq(Int. Int): Boolean". "out": {"any": [1]}. "in": {"any": [0. 1]}}')
+441: i48 = int_eq(i46, 0)
debug_merge_point(0, 0, '4344<main.rpyeffect:11([mcore:[#53]#3])>+2: {"op": "Switch". "scrutinee": 1. "values": [<BoolValue object at 0x7603f30>]. "targets": [4333]. "default": 4343}')
+445: guard_false(i48, descr=<Guard0x7961a60>) [p2, p7, p9, p11, p13, p15, p17, p19, p21, p23, p25, p27, p29, p31, p33, p35, p37, p0, p1, p3, p4]
debug_merge_point(0, 0, '4343<main.rpyeffect:10([switch default case#10])>+0: {"op": "Const". "type": "ptr". "out": 1. "format": "int". "value": "<IntValue object at 0x7603fa0>"}')
+451: label(p0, p1, p7, p2, p3, p4, i46, p11, p13, p15, p17, p19, p21, p23, p25, p27, p29, p31, p33, p35, p37, descr=TargetToken(127160288))
debug_merge_point(0, 0, '4343<main.rpyeffect:10([switch default case#10])>+0: {"op": "Const". "type": "ptr". "out": 1. "format": "int". "value": "<IntValue object at 0x7603fa0>"}')
+464: guard_not_invalidated(descr=<Guard0x791f220>) [p2, p11, p13, p15, p17, p19, p21, p23, p25, p27, p29, p31, p33, p35, p37, p0, p3, p4, p7, p1, i46]
debug_merge_point(0, 0, '4343<main.rpyeffect:10([switch default case#10])>+1: {"op": "PrimOp". "name": "infixEq(Int. Int): Boolean". "out": {"any": [1]}. "in": {"any": [0. 1]}}')
debug_merge_point(0, 0, '4343<main.rpyeffect:10([switch default case#10])>+2: {"op": "Switch". "scrutinee": 1. "values": [<BoolValue object at 0x7603f70>]. "targets": [4341]. "default": 4342}')
debug_merge_point(0, 0, '4341<main.rpyeffect:8([switch case for Bool(false)#14])>+0: {"op": "Const". "type": "ptr". "out": 1. "format": "int". "value": "<IntValue object at 0x7612050>"}')
debug_merge_point(0, 0, '4341<main.rpyeffect:8([switch case for Bool(false)#14])>+1: {"op": "PrimOp". "name": "infixEq(Int. Int): Boolean". "out": {"any": [1]}. "in": {"any": [0. 1]}}')
+464: i50 = int_eq(i46, 1)
debug_merge_point(0, 0, '4341<main.rpyeffect:8([switch case for Bool(false)#14])>+2: {"op": "Switch". "scrutinee": 1. "values": [<BoolValue object at 0x7612020>]. "targets": [4335]. "default": 4340}')
+468: guard_false(i50, descr=<Guard0x7961a90>) [p2, p11, p13, p15, p17, p19, p21, p23, p25, p27, p29, p31, p33, p35, p37, p0, p3, p4, p7, p1, i46]
debug_merge_point(0, 0, '4340<main.rpyeffect:7([switch default case#24])>+0: {"op": "Const". "type": "ptr". "out": 1. "format": "int". "value": "<IntValue object at 0x7602fb0>"}')
debug_merge_point(0, 0, '4340<main.rpyeffect:7([switch default case#24])>+1: {"op": "PrimOp". "name": "infixEq(Int. Int): Boolean". "out": {"any": [1]}. "in": {"any": [0. 1]}}')
debug_merge_point(0, 0, '4340<main.rpyeffect:7([switch default case#24])>+2: {"op": "Switch". "scrutinee": 1. "values": [<BoolValue object at 0x7612060>]. "targets": [4338]. "default": 4339}')
debug_merge_point(0, 0, '4338<main.rpyeffect:5([switch case for Bool(false)#28])>+0: {"op": "Const". "type": "ptr". "out": 1. "format": "int". "value": "<IntValue object at 0x7602e80>"}')
debug_merge_point(0, 0, '4338<main.rpyeffect:5([switch case for Bool(false)#28])>+1: {"op": "PrimOp". "name": "infixSub(Int. Int): Int". "out": {"any": [1]}. "in": {"any": [0. 1]}}')
+474: i52 = int_sub(i46, 1)
debug_merge_point(0, 0, '4338<main.rpyeffect:5([switch case for Bool(false)#28])>+2: {"op": "Push". "target": 4337. "args": {"any": [0]}}')
debug_merge_point(0, 0, '4338<main.rpyeffect:5([switch case for Bool(false)#28])>+3: {"op": "Copy". "type": "any". "from": 1. "to". 0}')
debug_merge_point(0, 0, '4338<main.rpyeffect:5([switch case for Bool(false)#28])>+4: {"op": "Jump". "target": 4344}')
debug_merge_point(0, 0, '4344<main.rpyeffect:11([mcore:[#53]#3])>+0: {"op": "Const". "type": "ptr". "out": 1. "format": "int". "value": "<IntValue object at 0x7603f60>"}')
debug_merge_point(0, 0, '4344<main.rpyeffect:11([mcore:[#53]#3])>+1: {"op": "PrimOp". "name": "infixEq(Int. Int): Boolean". "out": {"any": [1]}. "in": {"any": [0. 1]}}')
+478: i54 = int_eq(i52, 0)
debug_merge_point(0, 0, '4344<main.rpyeffect:11([mcore:[#53]#3])>+2: {"op": "Switch". "scrutinee": 1. "values": [<BoolValue object at 0x7603f30>]. "targets": [4333]. "default": 4343}')
+482: guard_false(i54, descr=<Guard0x7961ac0>) [p2, p11, p13, p15, p17, p19, p21, p23, p25, p27, p29, p31, p33, p35, p37, p0, p3, p4, p7, p1, i46]
debug_merge_point(0, 0, '4343<main.rpyeffect:10([switch default case#10])>+0: {"op": "Const". "type": "ptr". "out": 1. "format": "int". "value": "<IntValue object at 0x7603fa0>"}')
+488: p55 = new_with_vtable(descr=<SizeDescr 40>)
+529: p56 = new_with_vtable(descr=<SizeDescr 16>)
+540: setfield_gc(p56, i46, descr=<FieldS rpyeffect.value.IntValue.inst_value 8 pure>)
+544: setfield_gc(p55, p1, descr=<FieldP rpyeffect.stored_environment.Stack__arb.inst_tail 8 pure>)
+555: setfield_gc(p55, 4337, descr=<FieldS rpyeffect.stored_environment.Stack__arb.inst_target 16 pure>)
+563: setfield_gc(p55, p7, descr=<FieldP rpyeffect.stored_environment.Stack__1.inst_values_ptr_0 32 pure>)
+575: jump(p0, p55, p56, p2, p3, p4, i52, p11, p13, p15, p17, p19, p21, p23, p25, p27, p29, p31, p33, p35, p37, descr=TargetToken(127160288))
+608: --end of the loop--
[62601ac2bc9f] jit-log-opt-loop}
[62601ad23f46] {jit-log-opt-loop
# Loop 2 (4341<main.rpyeffect:8([switch case for Bool(false)#14])>+0: {"op": "Const", "type": "ptr", "out": 1, "format": "int", "value": "<IntValue object at 0x7612050>"}) : entry bridge with 64 ops
[p0, p1, p2, p3, p4]
+205: p5 = getfield_gc_r(p2, descr=<FieldP rpyeffect.environment.Environment.inst_values_ptr 16>)
+216: p7 = getarrayitem_gc_r(p5, 0, descr=<ArrayP 8>)
+220: p9 = getarrayitem_gc_r(p5, 1, descr=<ArrayP 8>)
+224: p11 = getarrayitem_gc_r(p5, 2, descr=<ArrayP 8>)
+228: p13 = getarrayitem_gc_r(p5, 3, descr=<ArrayP 8>)
+232: p15 = getarrayitem_gc_r(p5, 4, descr=<ArrayP 8>)
+236: p17 = getarrayitem_gc_r(p5, 5, descr=<ArrayP 8>)
+240: p19 = getarrayitem_gc_r(p5, 6, descr=<ArrayP 8>)
+244: p21 = getarrayitem_gc_r(p5, 7, descr=<ArrayP 8>)
+248: p23 = getarrayitem_gc_r(p5, 8, descr=<ArrayP 8>)
+252: p25 = getarrayitem_gc_r(p5, 9, descr=<ArrayP 8>)
+256: p27 = getarrayitem_gc_r(p5, 10, descr=<ArrayP 8>)
+260: p29 = getarrayitem_gc_r(p5, 11, descr=<ArrayP 8>)
+264: p31 = getarrayitem_gc_r(p5, 12, descr=<ArrayP 8>)
+275: p33 = getarrayitem_gc_r(p5, 13, descr=<ArrayP 8>)
+286: p35 = getarrayitem_gc_r(p5, 14, descr=<ArrayP 8>)
+300: p37 = getarrayitem_gc_r(p5, 15, descr=<ArrayP 8>)
debug_merge_point(0, 0, '4341<main.rpyeffect:8([switch case for Bool(false)#14])>+0: {"op": "Const". "type": "ptr". "out": 1. "format": "int". "value": "<IntValue object at 0x7612050>"}')
+314: guard_not_invalidated(descr=<Guard0x791f268>) [p2, p7, p9, p11, p13, p15, p17, p19, p21, p23, p25, p27, p29, p31, p33, p35, p37, p0, p1, p3, p4]
debug_merge_point(0, 0, '4341<main.rpyeffect:8([switch case for Bool(false)#14])>+1: {"op": "PrimOp". "name": "infixEq(Int. Int): Boolean". "out": {"any": [1]}. "in": {"any": [0. 1]}}')
+314: i38 = getfield_gc_i(p7, descr=<FieldS rpyeffect.value.IntValue.inst_value 8 pure>)
+318: i40 = int_eq(i38, 1)
debug_merge_point(0, 0, '4341<main.rpyeffect:8([switch case for Bool(false)#14])>+2: {"op": "Switch". "scrutinee": 1. "values": [<BoolValue object at 0x7612020>]. "targets": [4335]. "default": 4340}')
+322: guard_true(i40, descr=<Guard0x7961c70>) [p2, p7, p9, p11, p13, p15, p17, p19, p21, p23, p25, p27, p29, p31, p33, p35, p37, p0, p1, p3, p4]
debug_merge_point(0, 0, '4335<main.rpyeffect:2([switch case for Bool(true)#21])>+0: {"op": "Const". "type": "ptr". "out": 0. "format": "int". "value": "<IntValue object at 0x7602f40>"}')
debug_merge_point(0, 0, '4335<main.rpyeffect:2([switch case for Bool(true)#21])>+1: {"op": "Return". "args": {"any": [0]}}')
+328: guard_nonnull(p1, descr=<Guard0x7961ca0>) [p2, p7, p9, p11, p13, p15, p17, p19, p21, p23, p25, p27, p29, p31, p33, p35, p37, p0, p1, p3, p4]
+342: i41 = getfield_gc_i(p1, descr=<FieldS rpyeffect.stored_environment.Stack__arb.inst_target 16 pure>)
+360: guard_value(i41, 4336, descr=<Guard0x7961cd0>) [p2, p7, p9, p11, p13, p15, p17, p19, p21, p23, p25, p27, p29, p31, p33, p35, p37, p0, p1, p3, p4]
+373: p43 = getfield_gc_r(p1, descr=<FieldP rpyeffect.stored_environment.Stack__1.inst_values_ptr_0 32 pure>)
+377: p44 = getfield_gc_r(p1, descr=<FieldP rpyeffect.stored_environment.Stack__arb.inst_tail 8 pure>)
debug_merge_point(0, 0, '4336<main.rpyeffect:3([#38])>+0: {"op": "PrimOp". "name": "infixAdd(Int. Int): Int". "out": {"any": [0]}. "in": {"any": [1. 0]}}')
+388: i45 = getfield_gc_i(p43, descr=<FieldS rpyeffect.value.IntValue.inst_value 8 pure>)
+400: i47 = int_add(i45, 1)
debug_merge_point(0, 0, '4336<main.rpyeffect:3([#38])>+1: {"op": "Return". "args": {"any": [0]}}')
+404: guard_nonnull(p44, descr=<Guard0x7961d00>) [p2, p7, p9, p11, p13, p15, p17, p19, p21, p23, p25, p27, p29, p31, p33, p35, p37, p0, p1, p3, p4]
+413: i48 = getfield_gc_i(p44, descr=<FieldS rpyeffect.stored_environment.Stack__arb.inst_target 16 pure>)
+417: guard_value(i48, 4337, descr=<Guard0x7961d30>) [p2, p7, p9, p11, p13, p15, p17, p19, p21, p23, p25, p27, p29, p31, p33, p35, p37, p0, p1, p3, p4]
+430: p50 = getfield_gc_r(p44, descr=<FieldP rpyeffect.stored_environment.Stack__1.inst_values_ptr_0 32 pure>)
+434: p51 = getfield_gc_r(p44, descr=<FieldP rpyeffect.stored_environment.Stack__arb.inst_tail 8 pure>)
debug_merge_point(0, 0, '4337<main.rpyeffect:4([k@[switch case for Bool(false)#28]#33])>+0: {"op": "Const". "type": "ptr". "out": 2. "format": "int". "value": "<IntValue object at 0x7602ed0>"}')
debug_merge_point(0, 0, '4337<main.rpyeffect:4([k@[switch case for Bool(false)#28]#33])>+1: {"op": "PrimOp". "name": "infixSub(Int. Int): Int". "out": {"any": [1]}. "in": {"any": [1. 2]}}')
+445: i52 = getfield_gc_i(p50, descr=<FieldS rpyeffect.value.IntValue.inst_value 8 pure>)
+450: i54 = int_sub(i52, 2)
debug_merge_point(0, 0, '4337<main.rpyeffect:4([k@[switch case for Bool(false)#28]#33])>+2: {"op": "Push". "target": 4336. "args": {"any": [0]}}')
debug_merge_point(0, 0, '4337<main.rpyeffect:4([k@[switch case for Bool(false)#28]#33])>+3: {"op": "Copy". "type": "any". "from": 1. "to". 0}')
debug_merge_point(0, 0, '4337<main.rpyeffect:4([k@[switch case for Bool(false)#28]#33])>+4: {"op": "Jump". "target": 4344}')
debug_merge_point(0, 0, '4344<main.rpyeffect:11([mcore:[#53]#3])>+0: {"op": "Const". "type": "ptr". "out": 1. "format": "int". "value": "<IntValue object at 0x7603f60>"}')
debug_merge_point(0, 0, '4344<main.rpyeffect:11([mcore:[#53]#3])>+1: {"op": "PrimOp". "name": "infixEq(Int. Int): Boolean". "out": {"any": [1]}. "in": {"any": [0. 1]}}')
+454: i56 = int_eq(i54, 0)
debug_merge_point(0, 0, '4344<main.rpyeffect:11([mcore:[#53]#3])>+2: {"op": "Switch". "scrutinee": 1. "values": [<BoolValue object at 0x7603f30>]. "targets": [4333]. "default": 4343}')
+458: guard_false(i56, descr=<Guard0x7961d60>) [p2, p7, p9, p11, p13, p15, p17, p19, p21, p23, p25, p27, p29, p31, p33, p35, p37, p0, p1, p3, p4]
debug_merge_point(0, 0, '4343<main.rpyeffect:10([switch default case#10])>+0: {"op": "Const". "type": "ptr". "out": 1. "format": "int". "value": "<IntValue object at 0x7603fa0>"}')
+464: p57 = new_with_vtable(descr=<SizeDescr 40>)
+505: p58 = new_with_vtable(descr=<SizeDescr 16>)
+516: setfield_gc(p58, i47, descr=<FieldS rpyeffect.value.IntValue.inst_value 8 pure>)
+520: p59 = new_with_vtable(descr=<SizeDescr 16>)
+531: p60 = new_with_vtable(descr=<SizeDescr 16>)
+542: setfield_gc(p59, i54, descr=<FieldS rpyeffect.value.IntValue.inst_value 8 pure>)
+546: setfield_gc(p57, 4336, descr=<FieldS rpyeffect.stored_environment.Stack__arb.inst_target 16 pure>)
+554: setfield_gc(p57, p58, descr=<FieldP rpyeffect.stored_environment.Stack__1.inst_values_ptr_0 32 pure>)
+558: setfield_gc(p57, p51, descr=<FieldP rpyeffect.stored_environment.Stack__arb.inst_tail 8 pure>)
+562: setfield_gc(p60, 0, descr=<FieldU rpyeffect.value.BoolValue.inst_value 8 pure>)
+582: jump(p0, p57, p2, p3, p4, p59, p60, ConstPtr(ptr63), p13, p15, p17, p19, p21, p23, p25, p27, p29, p31, p33, p35, p37, descr=TargetToken(127160224))
+768: --end of the loop--
[62601ad48664] jit-log-opt-loop}
[62601af857cc] {jit-log-opt-loop
# Loop 3 (4337<main.rpyeffect:4([k@[switch case for Bool(false)#28]#33])>+2: {"op": "Push", "target": 4336, "args": {"any": [0]}}) : loop with 66 ops
[p0, p1, p2, p3, p4]
+205: p5 = getfield_gc_r(p2, descr=<FieldP rpyeffect.environment.Environment.inst_values_ptr 16>)
+216: p7 = getarrayitem_gc_r(p5, 0, descr=<ArrayP 8>)
+220: p9 = getarrayitem_gc_r(p5, 1, descr=<ArrayP 8>)
+224: p11 = getarrayitem_gc_r(p5, 2, descr=<ArrayP 8>)
+228: p13 = getarrayitem_gc_r(p5, 3, descr=<ArrayP 8>)
+232: p15 = getarrayitem_gc_r(p5, 4, descr=<ArrayP 8>)
+236: p17 = getarrayitem_gc_r(p5, 5, descr=<ArrayP 8>)
+240: p19 = getarrayitem_gc_r(p5, 6, descr=<ArrayP 8>)
+244: p21 = getarrayitem_gc_r(p5, 7, descr=<ArrayP 8>)
+248: p23 = getarrayitem_gc_r(p5, 8, descr=<ArrayP 8>)
+252: p25 = getarrayitem_gc_r(p5, 9, descr=<ArrayP 8>)
+256: p27 = getarrayitem_gc_r(p5, 10, descr=<ArrayP 8>)
+260: p29 = getarrayitem_gc_r(p5, 11, descr=<ArrayP 8>)
+264: p31 = getarrayitem_gc_r(p5, 12, descr=<ArrayP 8>)
+275: p33 = getarrayitem_gc_r(p5, 13, descr=<ArrayP 8>)
+286: p35 = getarrayitem_gc_r(p5, 14, descr=<ArrayP 8>)
+300: p37 = getarrayitem_gc_r(p5, 15, descr=<ArrayP 8>)
+314: label(p0, p1, p2, p3, p4, p7, p9, p11, p13, p15, p17, p19, p21, p23, p25, p27, p29, p31, p33, p35, p37, descr=TargetToken(127160352))
+384: guard_not_invalidated(descr=<Guard0x791f2b0>) [p2, p7, p9, p11, p13, p15, p17, p19, p21, p23, p25, p27, p29, p31, p33, p35, p37, p0, p1, p3, p4]
debug_merge_point(0, 0, '4337<main.rpyeffect:4([k@[switch case for Bool(false)#28]#33])>+3: {"op": "Copy". "type": "any". "from": 1. "to". 0}')
debug_merge_point(0, 0, '4337<main.rpyeffect:4([k@[switch case for Bool(false)#28]#33])>+4: {"op": "Jump". "target": 4344}')
debug_merge_point(0, 0, '4344<main.rpyeffect:11([mcore:[#53]#3])>+0: {"op": "Const". "type": "ptr". "out": 1. "format": "int". "value": "<IntValue object at 0x7603f60>"}')
debug_merge_point(0, 0, '4344<main.rpyeffect:11([mcore:[#53]#3])>+1: {"op": "PrimOp". "name": "infixEq(Int. Int): Boolean". "out": {"any": [1]}. "in": {"any": [0. 1]}}')
+384: i38 = getfield_gc_i(p9, descr=<FieldS rpyeffect.value.IntValue.inst_value 8 pure>)
+388: i40 = int_eq(i38, 0)
debug_merge_point(0, 0, '4344<main.rpyeffect:11([mcore:[#53]#3])>+2: {"op": "Switch". "scrutinee": 1. "values": [<BoolValue object at 0x7603f30>]. "targets": [4333]. "default": 4343}')
+392: guard_true(i40, descr=<Guard0x7961f10>) [p2, p7, p9, p11, p13, p15, p17, p19, p21, p23, p25, p27, p29, p31, p33, p35, p37, p0, p1, p3, p4]
debug_merge_point(0, 0, '4333<main.rpyeffect:0([switch case for Bool(true)#7])>+0: {"op": "Const". "type": "ptr". "out": 0. "format": "int". "value": "<IntValue object at 0x7602f90>"}')
debug_merge_point(0, 0, '4333<main.rpyeffect:0([switch case for Bool(true)#7])>+1: {"op": "Return". "args": {"any": [0]}}')
debug_merge_point(0, 0, '4336<main.rpyeffect:3([#38])>+0: {"op": "PrimOp". "name": "infixAdd(Int. Int): Int". "out": {"any": [0]}. "in": {"any": [1. 0]}}')
+398: i41 = getfield_gc_i(p7, descr=<FieldS rpyeffect.value.IntValue.inst_value 8 pure>)
debug_merge_point(0, 0, '4336<main.rpyeffect:3([#38])>+1: {"op": "Return". "args": {"any": [0]}}')
+402: guard_nonnull(p1, descr=<Guard0x7961f40>) [p2, p7, p9, p11, p13, p15, p17, p19, p21, p23, p25, p27, p29, p31, p33, p35, p37, p0, p1, p3, p4]
+416: i42 = getfield_gc_i(p1, descr=<FieldS rpyeffect.stored_environment.Stack__arb.inst_target 16 pure>)
+427: guard_value(i42, 4337, descr=<Guard0x7961f70>) [p2, p7, p9, p11, p13, p15, p17, p19, p21, p23, p25, p27, p29, p31, p33, p35, p37, p0, p1, p3, p4]
+440: p44 = getfield_gc_r(p1, descr=<FieldP rpyeffect.stored_environment.Stack__1.inst_values_ptr_0 32 pure>)
+444: p45 = getfield_gc_r(p1, descr=<FieldP rpyeffect.stored_environment.Stack__arb.inst_tail 8 pure>)
debug_merge_point(0, 0, '4337<main.rpyeffect:4([k@[switch case for Bool(false)#28]#33])>+0: {"op": "Const". "type": "ptr". "out": 2. "format": "int". "value": "<IntValue object at 0x7602ed0>"}')
debug_merge_point(0, 0, '4337<main.rpyeffect:4([k@[switch case for Bool(false)#28]#33])>+1: {"op": "PrimOp". "name": "infixSub(Int. Int): Int". "out": {"any": [1]}. "in": {"any": [1. 2]}}')
+448: i46 = getfield_gc_i(p44, descr=<FieldS rpyeffect.value.IntValue.inst_value 8 pure>)
+452: i48 = int_sub(i46, 2)
debug_merge_point(0, 0, '4337<main.rpyeffect:4([k@[switch case for Bool(false)#28]#33])>+2: {"op": "Push". "target": 4336. "args": {"any": [0]}}')
+456: label(p0, p45, p2, p3, p4, i41, i48, p13, p15, p17, p19, p21, p23, p25, p27, p29, p31, p33, p35, p37, descr=TargetToken(127160416))
+464: guard_not_invalidated(descr=<Guard0x791f2f8>) [p2, p13, p15, p17, p19, p21, p23, p25, p27, p29, p31, p33, p35, p37, p0, p45, p3, p4, i48, i41]
debug_merge_point(0, 0, '4337<main.rpyeffect:4([k@[switch case for Bool(false)#28]#33])>+3: {"op": "Copy". "type": "any". "from": 1. "to". 0}')
debug_merge_point(0, 0, '4337<main.rpyeffect:4([k@[switch case for Bool(false)#28]#33])>+4: {"op": "Jump". "target": 4344}')
debug_merge_point(0, 0, '4344<main.rpyeffect:11([mcore:[#53]#3])>+0: {"op": "Const". "type": "ptr". "out": 1. "format": "int". "value": "<IntValue object at 0x7603f60>"}')
debug_merge_point(0, 0, '4344<main.rpyeffect:11([mcore:[#53]#3])>+1: {"op": "PrimOp". "name": "infixEq(Int. Int): Boolean". "out": {"any": [1]}. "in": {"any": [0. 1]}}')
+464: i50 = int_eq(i48, 0)
debug_merge_point(0, 0, '4344<main.rpyeffect:11([mcore:[#53]#3])>+2: {"op": "Switch". "scrutinee": 1. "values": [<BoolValue object at 0x7603f30>]. "targets": [4333]. "default": 4343}')
+468: guard_true(i50, descr=<Guard0x7961fa0>) [p2, p13, p15, p17, p19, p21, p23, p25, p27, p29, p31, p33, p35, p37, p0, p45, p3, p4, i48, i41]
debug_merge_point(0, 0, '4333<main.rpyeffect:0([switch case for Bool(true)#7])>+0: {"op": "Const". "type": "ptr". "out": 0. "format": "int". "value": "<IntValue object at 0x7602f90>"}')
debug_merge_point(0, 0, '4333<main.rpyeffect:0([switch case for Bool(true)#7])>+1: {"op": "Return". "args": {"any": [0]}}')
debug_merge_point(0, 0, '4336<main.rpyeffect:3([#38])>+0: {"op": "PrimOp". "name": "infixAdd(Int. Int): Int". "out": {"any": [0]}. "in": {"any": [1. 0]}}')
debug_merge_point(0, 0, '4336<main.rpyeffect:3([#38])>+1: {"op": "Return". "args": {"any": [0]}}')
+474: guard_nonnull(p45, descr=<Guard0x7961fd0>) [p2, p13, p15, p17, p19, p21, p23, p25, p27, p29, p31, p33, p35, p37, p0, p45, p3, p4, i48, i41]
+483: i51 = getfield_gc_i(p45, descr=<FieldS rpyeffect.stored_environment.Stack__arb.inst_target 16 pure>)
+487: guard_value(i51, 4337, descr=<Guard0x7976020>) [p2, p13, p15, p17, p19, p21, p23, p25, p27, p29, p31, p33, p35, p37, p0, p45, p3, p4, i48, i41]
+500: p53 = getfield_gc_r(p45, descr=<FieldP rpyeffect.stored_environment.Stack__1.inst_values_ptr_0 32 pure>)
+504: p54 = getfield_gc_r(p45, descr=<FieldP rpyeffect.stored_environment.Stack__arb.inst_tail 8 pure>)
debug_merge_point(0, 0, '4337<main.rpyeffect:4([k@[switch case for Bool(false)#28]#33])>+0: {"op": "Const". "type": "ptr". "out": 2. "format": "int". "value": "<IntValue object at 0x7602ed0>"}')
debug_merge_point(0, 0, '4337<main.rpyeffect:4([k@[switch case for Bool(false)#28]#33])>+1: {"op": "PrimOp". "name": "infixSub(Int. Int): Int". "out": {"any": [1]}. "in": {"any": [1. 2]}}')
+508: i55 = getfield_gc_i(p53, descr=<FieldS rpyeffect.value.IntValue.inst_value 8 pure>)
+512: i57 = int_sub(i55, 2)
debug_merge_point(0, 0, '4337<main.rpyeffect:4([k@[switch case for Bool(false)#28]#33])>+2: {"op": "Push". "target": 4336. "args": {"any": [0]}}')
+516: jump(p0, p54, p2, p3, p4, i41, i57, p13, p15, p17, p19, p21, p23, p25, p27, p29, p31, p33, p35, p37, descr=TargetToken(127160416))
+528: --end of the loop--
[62601afaceb6] jit-log-opt-loop}
[62601b072c88] {jit-log-opt-bridge
# bridge out of Guard 0x7961cd0 with 21 ops
[p0, p1, p2, p3, p4, p5, p6, p7, p8, p9, p10, p11, p12, p13, p14, p15, p16, p17, p18, p19, p20]
+62: guard_not_invalidated(descr=<Guard0x791f340>) [p0, p1, p2, p3, p4, p5, p6, p7, p8, p9, p10, p11, p12, p13, p14, p15, p16, p17, p18, p19, p20]
debug_merge_point(0, 0, '4341<main.rpyeffect:8([switch case for Bool(false)#14])>+1: {"op": "PrimOp". "name": "infixEq(Int. Int): Boolean". "out": {"any": [1]}. "in": {"any": [0. 1]}}')
+62: i21 = getfield_gc_i(p1, descr=<FieldS rpyeffect.value.IntValue.inst_value 8 pure>)
+66: i23 = int_eq(i21, 1)
debug_merge_point(0, 0, '4341<main.rpyeffect:8([switch case for Bool(false)#14])>+2: {"op": "Switch". "scrutinee": 1. "values": [<BoolValue object at 0x7612020>]. "targets": [4335]. "default": 4340}')
+70: guard_true(i23, descr=<Guard0x7976110>) [p0, p1, p2, p3, p4, p5, p6, p7, p8, p9, p10, p11, p12, p13, p14, p15, p16, p17, p18, p19, p20]
debug_merge_point(0, 0, '4335<main.rpyeffect:2([switch case for Bool(true)#21])>+0: {"op": "Const". "type": "ptr". "out": 0. "format": "int". "value": "<IntValue object at 0x7602f40>"}')
debug_merge_point(0, 0, '4335<main.rpyeffect:2([switch case for Bool(true)#21])>+1: {"op": "Return". "args": {"any": [0]}}')
+76: guard_nonnull(p18, descr=<Guard0x7976140>) [p0, p1, p2, p3, p4, p5, p6, p7, p8, p9, p10, p11, p12, p13, p14, p15, p16, p17, p18, p19, p20]
+85: i24 = getfield_gc_i(p18, descr=<FieldS rpyeffect.stored_environment.Stack__arb.inst_target 16 pure>)
+89: guard_value(i24, 4337, descr=<Guard0x7976170>) [p0, p1, p2, p3, p4, p5, p6, p7, p8, p9, p10, p11, p12, p13, p14, p15, p16, p17, p18, p19, p20]
+102: p26 = getfield_gc_r(p18, descr=<FieldP rpyeffect.stored_environment.Stack__1.inst_values_ptr_0 32 pure>)
+106: p27 = getfield_gc_r(p18, descr=<FieldP rpyeffect.stored_environment.Stack__arb.inst_tail 8 pure>)
debug_merge_point(0, 0, '4337<main.rpyeffect:4([k@[switch case for Bool(false)#28]#33])>+0: {"op": "Const". "type": "ptr". "out": 2. "format": "int". "value": "<IntValue object at 0x7602ed0>"}')
debug_merge_point(0, 0, '4337<main.rpyeffect:4([k@[switch case for Bool(false)#28]#33])>+1: {"op": "PrimOp". "name": "infixSub(Int. Int): Int". "out": {"any": [1]}. "in": {"any": [1. 2]}}')
+110: i28 = getfield_gc_i(p26, descr=<FieldS rpyeffect.value.IntValue.inst_value 8 pure>)
+114: i30 = int_sub(i28, 2)
debug_merge_point(0, 0, '4337<main.rpyeffect:4([k@[switch case for Bool(false)#28]#33])>+2: {"op": "Push". "target": 4336. "args": {"any": [0]}}')
+118: p31 = new_with_vtable(descr=<SizeDescr 16>)
+159: setfield_gc(p31, i30, descr=<FieldS rpyeffect.value.IntValue.inst_value 8 pure>)
+177: jump(p17, p27, p0, p19, p20, ConstPtr(ptr32), p31, ConstPtr(ptr33), p4, p5, p6, p7, p8, p9, p10, p11, p12, p13, p14, p15, p16, descr=TargetToken(127160352))
+288: --end of the loop--
[62601b083ed8] jit-log-opt-bridge}
[62601b20c650] {jit-log-opt-bridge
# bridge out of Guard 0x7961a30 with 34 ops
[p0, p1, p2, p3, p4, p5, p6, p7, p8, p9, p10, p11, p12, p13, p14, p15, p16, p17, p18, p19, p20]
+78: guard_not_invalidated(descr=<Guard0x791f388>) [p0, p1, p2, p3, p4, p5, p6, p7, p8, p9, p10, p11, p12, p13, p14, p15, p16, p17, p18, p19, p20]
debug_merge_point(0, 0, '4343<main.rpyeffect:10([switch default case#10])>+1: {"op": "PrimOp". "name": "infixEq(Int. Int): Boolean". "out": {"any": [1]}. "in": {"any": [0. 1]}}')
+78: i21 = getfield_gc_i(p1, descr=<FieldS rpyeffect.value.IntValue.inst_value 8 pure>)
+82: i23 = int_eq(i21, 0)
debug_merge_point(0, 0, '4343<main.rpyeffect:10([switch default case#10])>+2: {"op": "Switch". "scrutinee": 1. "values": [<BoolValue object at 0x7603f70>]. "targets": [4341]. "default": 4342}')
+96: i25 = int_eq(i23, 0)
+100: guard_true(i25, descr=<Guard0x7976320>) [p0, p1, p2, p3, p4, p5, p6, p7, p8, p9, p10, p11, p12, p13, p14, p15, p16, p17, p18, p19, p20]
debug_merge_point(0, 0, '4341<main.rpyeffect:8([switch case for Bool(false)#14])>+0: {"op": "Const". "type": "ptr". "out": 1. "format": "int". "value": "<IntValue object at 0x7612050>"}')
debug_merge_point(0, 0, '4341<main.rpyeffect:8([switch case for Bool(false)#14])>+1: {"op": "PrimOp". "name": "infixEq(Int. Int): Boolean". "out": {"any": [1]}. "in": {"any": [0. 1]}}')
+106: i27 = int_eq(i21, 1)
debug_merge_point(0, 0, '4341<main.rpyeffect:8([switch case for Bool(false)#14])>+2: {"op": "Switch". "scrutinee": 1. "values": [<BoolValue object at 0x7612020>]. "targets": [4335]. "default": 4340}')
+110: guard_true(i27, descr=<Guard0x7976350>) [p0, p1, p2, p3, p4, p5, p6, p7, p8, p9, p10, p11, p12, p13, p14, p15, p16, p17, p18, p19, p20]
debug_merge_point(0, 0, '4335<main.rpyeffect:2([switch case for Bool(true)#21])>+0: {"op": "Const". "type": "ptr". "out": 0. "format": "int". "value": "<IntValue object at 0x7602f40>"}')
debug_merge_point(0, 0, '4335<main.rpyeffect:2([switch case for Bool(true)#21])>+1: {"op": "Return". "args": {"any": [0]}}')
+116: guard_nonnull(p18, descr=<Guard0x7976380>) [p0, p1, p2, p3, p4, p5, p6, p7, p8, p9, p10, p11, p12, p13, p14, p15, p16, p17, p18, p19, p20]
+130: i28 = getfield_gc_i(p18, descr=<FieldS rpyeffect.stored_environment.Stack__arb.inst_target 16 pure>)
+141: guard_value(i28, 4336, descr=<Guard0x79763b0>) [p0, p1, p2, p3, p4, p5, p6, p7, p8, p9, p10, p11, p12, p13, p14, p15, p16, p17, p18, p19, p20]
+154: p30 = getfield_gc_r(p18, descr=<FieldP rpyeffect.stored_environment.Stack__1.inst_values_ptr_0 32 pure>)
+158: p31 = getfield_gc_r(p18, descr=<FieldP rpyeffect.stored_environment.Stack__arb.inst_tail 8 pure>)
debug_merge_point(0, 0, '4336<main.rpyeffect:3([#38])>+0: {"op": "PrimOp". "name": "infixAdd(Int. Int): Int". "out": {"any": [0]}. "in": {"any": [1. 0]}}')
+162: i32 = getfield_gc_i(p30, descr=<FieldS rpyeffect.value.IntValue.inst_value 8 pure>)
+166: i34 = int_add(i32, 1)
debug_merge_point(0, 0, '4336<main.rpyeffect:3([#38])>+1: {"op": "Return". "args": {"any": [0]}}')
+170: guard_nonnull(p31, descr=<Guard0x79763e0>) [p0, p1, p2, p3, p4, p5, p6, p7, p8, p9, p10, p11, p12, p13, p14, p15, p16, p17, p18, p19, p20]
+179: i35 = getfield_gc_i(p31, descr=<FieldS rpyeffect.stored_environment.Stack__arb.inst_target 16 pure>)
+183: guard_value(i35, 4337, descr=<Guard0x7976410>) [p0, p1, p2, p3, p4, p5, p6, p7, p8, p9, p10, p11, p12, p13, p14, p15, p16, p17, p18, p19, p20]
+196: p37 = getfield_gc_r(p31, descr=<FieldP rpyeffect.stored_environment.Stack__1.inst_values_ptr_0 32 pure>)
+200: p38 = getfield_gc_r(p31, descr=<FieldP rpyeffect.stored_environment.Stack__arb.inst_tail 8 pure>)
debug_merge_point(0, 0, '4337<main.rpyeffect:4([k@[switch case for Bool(false)#28]#33])>+0: {"op": "Const". "type": "ptr". "out": 2. "format": "int". "value": "<IntValue object at 0x7602ed0>"}')
debug_merge_point(0, 0, '4337<main.rpyeffect:4([k@[switch case for Bool(false)#28]#33])>+1: {"op": "PrimOp". "name": "infixSub(Int. Int): Int". "out": {"any": [1]}. "in": {"any": [1. 2]}}')
+204: i39 = getfield_gc_i(p37, descr=<FieldS rpyeffect.value.IntValue.inst_value 8 pure>)
+208: i41 = int_sub(i39, 2)
debug_merge_point(0, 0, '4337<main.rpyeffect:4([k@[switch case for Bool(false)#28]#33])>+2: {"op": "Push". "target": 4336. "args": {"any": [0]}}')
+212: jump(p17, p38, p0, p19, p20, i34, i41, p4, p5, p6, p7, p8, p9, p10, p11, p12, p13, p14, p15, p16, descr=TargetToken(127160416))
+416: --end of the loop--
[62601b228609] jit-log-opt-bridge}
[62601b374afc] {jit-log-opt-bridge
# bridge out of Guard 0x7961a90 with 21 ops
[p0, p1, p2, p3, p4, p5, p6, p7, p8, p9, p10, p11, p12, p13, p14, p15, p16, p17, p18, p19, i20]
+62: guard_not_invalidated(descr=<Guard0x791f3d0>) [p0, p1, p2, p3, p4, p5, p6, p7, p8, p9, p10, p11, p12, p13, p14, p15, p16, p17, p18, p19, i20]
debug_merge_point(0, 0, '4343<main.rpyeffect:10([switch default case#10])>+1: {"op": "PrimOp". "name": "infixEq(Int. Int): Boolean". "out": {"any": [1]}. "in": {"any": [0. 1]}}')
+62: i22 = int_eq(i20, 0)
debug_merge_point(0, 0, '4343<main.rpyeffect:10([switch default case#10])>+2: {"op": "Switch". "scrutinee": 1. "values": [<BoolValue object at 0x7603f70>]. "targets": [4341]. "default": 4342}')
+75: i24 = int_eq(i22, 0)
+79: guard_true(i24, descr=<Guard0x7976500>) [p0, p1, p2, p3, p4, p5, p6, p7, p8, p9, p10, p11, p12, p13, p14, p15, p16, p17, p18, p19, i20]
debug_merge_point(0, 0, '4341<main.rpyeffect:8([switch case for Bool(false)#14])>+0: {"op": "Const". "type": "ptr". "out": 1. "format": "int". "value": "<IntValue object at 0x7612050>"}')
debug_merge_point(0, 0, '4341<main.rpyeffect:8([switch case for Bool(false)#14])>+1: {"op": "PrimOp". "name": "infixEq(Int. Int): Boolean". "out": {"any": [1]}. "in": {"any": [0. 1]}}')
+85: i26 = int_eq(i20, 1)
debug_merge_point(0, 0, '4341<main.rpyeffect:8([switch case for Bool(false)#14])>+2: {"op": "Switch". "scrutinee": 1. "values": [<BoolValue object at 0x7612020>]. "targets": [4335]. "default": 4340}')
+89: guard_true(i26, descr=<Guard0x7976530>) [p0, p1, p2, p3, p4, p5, p6, p7, p8, p9, p10, p11, p12, p13, p14, p15, p16, p17, p18, p19, i20]
debug_merge_point(0, 0, '4335<main.rpyeffect:2([switch case for Bool(true)#21])>+0: {"op": "Const". "type": "ptr". "out": 0. "format": "int". "value": "<IntValue object at 0x7602f40>"}')
debug_merge_point(0, 0, '4335<main.rpyeffect:2([switch case for Bool(true)#21])>+1: {"op": "Return". "args": {"any": [0]}}')
debug_merge_point(0, 0, '4337<main.rpyeffect:4([k@[switch case for Bool(false)#28]#33])>+0: {"op": "Const". "type": "ptr". "out": 2. "format": "int". "value": "<IntValue object at 0x7602ed0>"}')
debug_merge_point(0, 0, '4337<main.rpyeffect:4([k@[switch case for Bool(false)#28]#33])>+1: {"op": "PrimOp". "name": "infixSub(Int. Int): Int". "out": {"any": [1]}. "in": {"any": [1. 2]}}')
+95: i27 = getfield_gc_i(p18, descr=<FieldS rpyeffect.value.IntValue.inst_value 8 pure>)
+99: i29 = int_sub(i27, 2)
debug_merge_point(0, 0, '4337<main.rpyeffect:4([k@[switch case for Bool(false)#28]#33])>+2: {"op": "Push". "target": 4336. "args": {"any": [0]}}')
+103: p30 = new_with_vtable(descr=<SizeDescr 16>)
+144: setfield_gc(p30, i29, descr=<FieldS rpyeffect.value.IntValue.inst_value 8 pure>)
+162: jump(p15, p19, p0, p16, p17, ConstPtr(ptr31), p30, ConstPtr(ptr32), p2, p3, p4, p5, p6, p7, p8, p9, p10, p11, p12, p13, p14, descr=TargetToken(127160352))
+368: --end of the loop--
[62601b385190] jit-log-opt-bridge}
[62601b461edc] {jit-log-opt-bridge
# bridge out of Guard 0x7961fa0 with 20 ops
[p0, p1, p2, p3, p4, p5, p6, p7, p8, p9, p10, p11, p12, p13, p14, p15, p16, p17, i18, i19]
+46: guard_not_invalidated(descr=<Guard0x791f610>) [p0, p1, p2, p3, p4, p5, p6, p7, p8, p9, p10, p11, p12, p13, p14, p15, p16, p17, i18, i19]
debug_merge_point(0, 0, '4337<main.rpyeffect:4([k@[switch case for Bool(false)#28]#33])>+3: {"op": "Copy". "type": "any". "from": 1. "to". 0}')
debug_merge_point(0, 0, '4337<main.rpyeffect:4([k@[switch case for Bool(false)#28]#33])>+4: {"op": "Jump". "target": 4344}')
debug_merge_point(0, 0, '4344<main.rpyeffect:11([mcore:[#53]#3])>+0: {"op": "Const". "type": "ptr". "out": 1. "format": "int". "value": "<IntValue object at 0x7603f60>"}')
debug_merge_point(0, 0, '4344<main.rpyeffect:11([mcore:[#53]#3])>+1: {"op": "PrimOp". "name": "infixEq(Int. Int): Boolean". "out": {"any": [1]}. "in": {"any": [0. 1]}}')
+46: i21 = int_eq(i18, 0)
debug_merge_point(0, 0, '4344<main.rpyeffect:11([mcore:[#53]#3])>+2: {"op": "Switch". "scrutinee": 1. "values": [<BoolValue object at 0x7603f30>]. "targets": [4333]. "default": 4343}')
+50: guard_false(i21, descr=<Guard0x7976ad0>) [p0, p1, p2, p3, p4, p5, p6, p7, p8, p9, p10, p11, p12, p13, p14, p15, p16, p17, i18, i19]
debug_merge_point(0, 0, '4343<main.rpyeffect:10([switch default case#10])>+0: {"op": "Const". "type": "ptr". "out": 1. "format": "int". "value": "<IntValue object at 0x7603fa0>"}')
+56: p22 = new_with_vtable(descr=<SizeDescr 40>)
+97: p23 = new_with_vtable(descr=<SizeDescr 16>)
+108: setfield_gc(p23, i19, descr=<FieldS rpyeffect.value.IntValue.inst_value 8 pure>)
+119: p24 = new_with_vtable(descr=<SizeDescr 16>)
+130: p25 = new_with_vtable(descr=<SizeDescr 16>)
+142: setfield_gc(p22, p15, descr=<FieldP rpyeffect.stored_environment.Stack__arb.inst_tail 8 pure>)
+146: setfield_gc(p22, 4336, descr=<FieldS rpyeffect.stored_environment.Stack__arb.inst_target 16 pure>)
+154: setfield_gc(p22, p23, descr=<FieldP rpyeffect.stored_environment.Stack__1.inst_values_ptr_0 32 pure>)
+158: setfield_gc(p24, i18, descr=<FieldS rpyeffect.value.IntValue.inst_value 8 pure>)
+162: setfield_gc(p25, 0, descr=<FieldU rpyeffect.value.BoolValue.inst_value 8 pure>)
+182: jump(p14, p22, p0, p16, p17, p24, p25, ConstPtr(ptr28), p1, p2, p3, p4, p5, p6, p7, p8, p9, p10, p11, p12, p13, descr=TargetToken(127160224))
+416: --end of the loop--
[62601b46f60a] jit-log-opt-bridge}
[62601b51a4fb] {jit-log-opt-bridge
# bridge out of Guard 0x7961f10 with 17 ops
[p0, p1, p2, p3, p4, p5, p6, p7, p8, p9, p10, p11, p12, p13, p14, p15, p16, p17, p18, p19, p20]
+30: guard_not_invalidated(descr=<Guard0x791f658>) [p0, p1, p2, p3, p4, p5, p6, p7, p8, p9, p10, p11, p12, p13, p14, p15, p16, p17, p18, p19, p20]
debug_merge_point(0, 0, '4337<main.rpyeffect:4([k@[switch case for Bool(false)#28]#33])>+3: {"op": "Copy". "type": "any". "from": 1. "to". 0}')
debug_merge_point(0, 0, '4337<main.rpyeffect:4([k@[switch case for Bool(false)#28]#33])>+4: {"op": "Jump". "target": 4344}')
debug_merge_point(0, 0, '4344<main.rpyeffect:11([mcore:[#53]#3])>+0: {"op": "Const". "type": "ptr". "out": 1. "format": "int". "value": "<IntValue object at 0x7603f60>"}')
debug_merge_point(0, 0, '4344<main.rpyeffect:11([mcore:[#53]#3])>+1: {"op": "PrimOp". "name": "infixEq(Int. Int): Boolean". "out": {"any": [1]}. "in": {"any": [0. 1]}}')
+30: i21 = getfield_gc_i(p2, descr=<FieldS rpyeffect.value.IntValue.inst_value 8 pure>)
+34: i23 = int_eq(i21, 0)
debug_merge_point(0, 0, '4344<main.rpyeffect:11([mcore:[#53]#3])>+2: {"op": "Switch". "scrutinee": 1. "values": [<BoolValue object at 0x7603f30>]. "targets": [4333]. "default": 4343}')
+38: guard_false(i23, descr=<Guard0x7976b60>) [p0, p1, p2, p3, p4, p5, p6, p7, p8, p9, p10, p11, p12, p13, p14, p15, p16, p17, p18, p19, p20]
debug_merge_point(0, 0, '4343<main.rpyeffect:10([switch default case#10])>+0: {"op": "Const". "type": "ptr". "out": 1. "format": "int". "value": "<IntValue object at 0x7603fa0>"}')
+44: p24 = new_with_vtable(descr=<SizeDescr 40>)
+88: p25 = new_with_vtable(descr=<SizeDescr 16>)
+99: setfield_gc(p24, p18, descr=<FieldP rpyeffect.stored_environment.Stack__arb.inst_tail 8 pure>)
+110: setfield_gc(p24, 4336, descr=<FieldS rpyeffect.stored_environment.Stack__arb.inst_target 16 pure>)
+118: setfield_gc(p24, p1, descr=<FieldP rpyeffect.stored_environment.Stack__1.inst_values_ptr_0 32 pure>)
+122: setfield_gc(p25, 0, descr=<FieldU rpyeffect.value.BoolValue.inst_value 8 pure>)
+135: jump(p17, p24, p0, p19, p20, p2, p25, p3, p4, p5, p6, p7, p8, p9, p10, p11, p12, p13, p14, p15, p16, descr=TargetToken(127160224))
+368: --end of the loop--
[62601b526f08] jit-log-opt-bridge}
[62601b686d7d] {jit-log-opt-loop
# Loop 9 (4336<main.rpyeffect:3([#38])>+0: {"op": "PrimOp", "name": "infixAdd(Int, Int): Int", "out": {"any": [0]}, "in": {"any": [1, 0]}}) : loop with 43 ops
[p0, p1, p2, p3, p4]
+189: p5 = getfield_gc_r(p2, descr=<FieldP rpyeffect.environment.Environment.inst_values_ptr 16>)
+200: p7 = getarrayitem_gc_r(p5, 0, descr=<ArrayP 8>)
+204: p9 = getarrayitem_gc_r(p5, 1, descr=<ArrayP 8>)
+208: p11 = getarrayitem_gc_r(p5, 2, descr=<ArrayP 8>)
+212: p13 = getarrayitem_gc_r(p5, 3, descr=<ArrayP 8>)
+216: p15 = getarrayitem_gc_r(p5, 4, descr=<ArrayP 8>)
+220: p17 = getarrayitem_gc_r(p5, 5, descr=<ArrayP 8>)
+224: p19 = getarrayitem_gc_r(p5, 6, descr=<ArrayP 8>)
+228: p21 = getarrayitem_gc_r(p5, 7, descr=<ArrayP 8>)
+232: p23 = getarrayitem_gc_r(p5, 8, descr=<ArrayP 8>)
+236: p25 = getarrayitem_gc_r(p5, 9, descr=<ArrayP 8>)
+240: p27 = getarrayitem_gc_r(p5, 10, descr=<ArrayP 8>)
+244: p29 = getarrayitem_gc_r(p5, 11, descr=<ArrayP 8>)
+248: p31 = getarrayitem_gc_r(p5, 12, descr=<ArrayP 8>)
+259: p33 = getarrayitem_gc_r(p5, 13, descr=<ArrayP 8>)
+270: p35 = getarrayitem_gc_r(p5, 14, descr=<ArrayP 8>)
+284: p37 = getarrayitem_gc_r(p5, 15, descr=<ArrayP 8>)
+298: label(p0, p1, p2, p3, p4, p7, p9, p11, p13, p15, p17, p19, p21, p23, p25, p27, p29, p31, p33, p35, p37, descr=TargetToken(127164000))
debug_merge_point(0, 0, '4336<main.rpyeffect:3([#38])>+0: {"op": "PrimOp". "name": "infixAdd(Int. Int): Int". "out": {"any": [0]}. "in": {"any": [1. 0]}}')
+368: guard_not_invalidated(descr=<Guard0x791f6a0>) [p2, p7, p9, p11, p13, p15, p17, p19, p21, p23, p25, p27, p29, p31, p33, p35, p37, p0, p1, p3, p4]
+368: i38 = getfield_gc_i(p9, descr=<FieldS rpyeffect.value.IntValue.inst_value 8 pure>)
+372: i39 = getfield_gc_i(p7, descr=<FieldS rpyeffect.value.IntValue.inst_value 8 pure>)
+376: i40 = int_add(i38, i39)
debug_merge_point(0, 0, '4336<main.rpyeffect:3([#38])>+1: {"op": "Return". "args": {"any": [0]}}')
+379: guard_nonnull(p1, descr=<Guard0x7976c50>) [p2, p7, p9, p11, p13, p15, p17, p19, p21, p23, p25, p27, p29, p31, p33, p35, p37, p0, p1, p3, p4]
+393: i41 = getfield_gc_i(p1, descr=<FieldS rpyeffect.stored_environment.Stack__arb.inst_target 16 pure>)
+404: guard_value(i41, 4336, descr=<Guard0x7976c80>) [p2, p7, p9, p11, p13, p15, p17, p19, p21, p23, p25, p27, p29, p31, p33, p35, p37, p0, p1, p3, p4]
+417: p43 = getfield_gc_r(p1, descr=<FieldP rpyeffect.stored_environment.Stack__1.inst_values_ptr_0 32 pure>)
+421: p44 = getfield_gc_r(p1, descr=<FieldP rpyeffect.stored_environment.Stack__arb.inst_tail 8 pure>)
debug_merge_point(0, 0, '4336<main.rpyeffect:3([#38])>+0: {"op": "PrimOp". "name": "infixAdd(Int. Int): Int". "out": {"any": [0]}. "in": {"any": [1. 0]}}')
+425: label(p0, p44, p2, p3, p4, i40, p43, p11, p13, p15, p17, p19, p21, p23, p25, p27, p29, p31, p33, p35, p37, descr=TargetToken(127164064))
debug_merge_point(0, 0, '4336<main.rpyeffect:3([#38])>+0: {"op": "PrimOp". "name": "infixAdd(Int. Int): Int". "out": {"any": [0]}. "in": {"any": [1. 0]}}')
+432: guard_not_invalidated(descr=<Guard0x791f6e8>) [p2, p43, p11, p13, p15, p17, p19, p21, p23, p25, p27, p29, p31, p33, p35, p37, p0, p44, p3, p4, i40]
+432: i45 = getfield_gc_i(p43, descr=<FieldS rpyeffect.value.IntValue.inst_value 8 pure>)
+436: i46 = int_add(i45, i40)
debug_merge_point(0, 0, '4336<main.rpyeffect:3([#38])>+1: {"op": "Return". "args": {"any": [0]}}')
+439: guard_nonnull(p44, descr=<Guard0x7976cb0>) [p2, p43, p11, p13, p15, p17, p19, p21, p23, p25, p27, p29, p31, p33, p35, p37, p0, p44, p3, p4, i40]
+448: i47 = getfield_gc_i(p44, descr=<FieldS rpyeffect.stored_environment.Stack__arb.inst_target 16 pure>)
+452: guard_value(i47, 4336, descr=<Guard0x7976ce0>) [p2, p43, p11, p13, p15, p17, p19, p21, p23, p25, p27, p29, p31, p33, p35, p37, p0, p44, p3, p4, i40]
+465: p49 = getfield_gc_r(p44, descr=<FieldP rpyeffect.stored_environment.Stack__1.inst_values_ptr_0 32 pure>)
+469: p50 = getfield_gc_r(p44, descr=<FieldP rpyeffect.stored_environment.Stack__arb.inst_tail 8 pure>)
debug_merge_point(0, 0, '4336<main.rpyeffect:3([#38])>+0: {"op": "PrimOp". "name": "infixAdd(Int. Int): Int". "out": {"any": [0]}. "in": {"any": [1. 0]}}')
+473: jump(p0, p50, p2, p3, p4, i46, p49, p11, p13, p15, p17, p19, p21, p23, p25, p27, p29, p31, p33, p35, p37, descr=TargetToken(127164064))
+496: --end of the loop--
[62601b6af13a] jit-log-opt-loop}
[62601b7b8d20] {jit-log-opt-bridge
# bridge out of Guard 0x7961f70 with 21 ops
[p0, p1, p2, p3, p4, p5, p6, p7, p8, p9, p10, p11, p12, p13, p14, p15, p16, p17, p18, p19, p20]
+46: guard_not_invalidated(descr=<Guard0x791f730>) [p0, p1, p2, p3, p4, p5, p6, p7, p8, p9, p10, p11, p12, p13, p14, p15, p16, p17, p18, p19, p20]
debug_merge_point(0, 0, '4337<main.rpyeffect:4([k@[switch case for Bool(false)#28]#33])>+3: {"op": "Copy". "type": "any". "from": 1. "to". 0}')
debug_merge_point(0, 0, '4337<main.rpyeffect:4([k@[switch case for Bool(false)#28]#33])>+4: {"op": "Jump". "target": 4344}')
debug_merge_point(0, 0, '4344<main.rpyeffect:11([mcore:[#53]#3])>+0: {"op": "Const". "type": "ptr". "out": 1. "format": "int". "value": "<IntValue object at 0x7603f60>"}')
debug_merge_point(0, 0, '4344<main.rpyeffect:11([mcore:[#53]#3])>+1: {"op": "PrimOp". "name": "infixEq(Int. Int): Boolean". "out": {"any": [1]}. "in": {"any": [0. 1]}}')
+46: i21 = getfield_gc_i(p2, descr=<FieldS rpyeffect.value.IntValue.inst_value 8 pure>)
+50: i23 = int_eq(i21, 0)
debug_merge_point(0, 0, '4344<main.rpyeffect:11([mcore:[#53]#3])>+2: {"op": "Switch". "scrutinee": 1. "values": [<BoolValue object at 0x7603f30>]. "targets": [4333]. "default": 4343}')
+54: guard_true(i23, descr=<Guard0x7976dd0>) [p0, p1, p2, p3, p4, p5, p6, p7, p8, p9, p10, p11, p12, p13, p14, p15, p16, p17, p18, p19, p20]
debug_merge_point(0, 0, '4333<main.rpyeffect:0([switch case for Bool(true)#7])>+0: {"op": "Const". "type": "ptr". "out": 0. "format": "int". "value": "<IntValue object at 0x7602f90>"}')
debug_merge_point(0, 0, '4333<main.rpyeffect:0([switch case for Bool(true)#7])>+1: {"op": "Return". "args": {"any": [0]}}')
debug_merge_point(0, 0, '4336<main.rpyeffect:3([#38])>+0: {"op": "PrimOp". "name": "infixAdd(Int. Int): Int". "out": {"any": [0]}. "in": {"any": [1. 0]}}')
+60: i24 = getfield_gc_i(p1, descr=<FieldS rpyeffect.value.IntValue.inst_value 8 pure>)
debug_merge_point(0, 0, '4336<main.rpyeffect:3([#38])>+1: {"op": "Return". "args": {"any": [0]}}')
+64: guard_nonnull(p18, descr=<Guard0x7976e00>) [p0, p1, p2, p3, p4, p5, p6, p7, p8, p9, p10, p11, p12, p13, p14, p15, p16, p17, p18, p19, p20]
+73: i25 = getfield_gc_i(p18, descr=<FieldS rpyeffect.stored_environment.Stack__arb.inst_target 16 pure>)
+77: guard_value(i25, 4336, descr=<Guard0x7976e30>) [p0, p1, p2, p3, p4, p5, p6, p7, p8, p9, p10, p11, p12, p13, p14, p15, p16, p17, p18, p19, p20]
+90: p27 = getfield_gc_r(p18, descr=<FieldP rpyeffect.stored_environment.Stack__1.inst_values_ptr_0 32 pure>)
+94: p28 = getfield_gc_r(p18, descr=<FieldP rpyeffect.stored_environment.Stack__arb.inst_tail 8 pure>)
debug_merge_point(0, 0, '4336<main.rpyeffect:3([#38])>+0: {"op": "PrimOp". "name": "infixAdd(Int. Int): Int". "out": {"any": [0]}. "in": {"any": [1. 0]}}')
+98: jump(p17, p28, p0, p19, p20, i24, p27, p3, p4, p5, p6, p7, p8, p9, p10, p11, p12, p13, p14, p15, p16, descr=TargetToken(127164064))
+192: --end of the loop--
[62601b7c838f] jit-log-opt-bridge}
[62601b9097d1] {jit-log-opt-bridge
# bridge out of Guard 0x7961d30 with 24 ops
[p0, p1, p2, p3, p4, p5, p6, p7, p8, p9, p10, p11, p12, p13, p14, p15, p16, p17, p18, p19, p20]
+62: guard_not_invalidated(descr=<Guard0x791f778>) [p0, p1, p2, p3, p4, p5, p6, p7, p8, p9, p10, p11, p12, p13, p14, p15, p16, p17, p18, p19, p20]
debug_merge_point(0, 0, '4341<main.rpyeffect:8([switch case for Bool(false)#14])>+1: {"op": "PrimOp". "name": "infixEq(Int. Int): Boolean". "out": {"any": [1]}. "in": {"any": [0. 1]}}')
+62: i21 = getfield_gc_i(p1, descr=<FieldS rpyeffect.value.IntValue.inst_value 8 pure>)
+66: i23 = int_eq(i21, 1)
debug_merge_point(0, 0, '4341<main.rpyeffect:8([switch case for Bool(false)#14])>+2: {"op": "Switch". "scrutinee": 1. "values": [<BoolValue object at 0x7612020>]. "targets": [4335]. "default": 4340}')
+70: guard_true(i23, descr=<Guard0x7976f80>) [p0, p1, p2, p3, p4, p5, p6, p7, p8, p9, p10, p11, p12, p13, p14, p15, p16, p17, p18, p19, p20]
debug_merge_point(0, 0, '4335<main.rpyeffect:2([switch case for Bool(true)#21])>+0: {"op": "Const". "type": "ptr". "out": 0. "format": "int". "value": "<IntValue object at 0x7602f40>"}')
debug_merge_point(0, 0, '4335<main.rpyeffect:2([switch case for Bool(true)#21])>+1: {"op": "Return". "args": {"any": [0]}}')
+76: guard_nonnull(p18, descr=<Guard0x7976fb0>) [p0, p1, p2, p3, p4, p5, p6, p7, p8, p9, p10, p11, p12, p13, p14, p15, p16, p17, p18, p19, p20]
+85: i24 = getfield_gc_i(p18, descr=<FieldS rpyeffect.stored_environment.Stack__arb.inst_target 16 pure>)
+89: guard_value(i24, 4336, descr=<Guard0x7976fe0>) [p0, p1, p2, p3, p4, p5, p6, p7, p8, p9, p10, p11, p12, p13, p14, p15, p16, p17, p18, p19, p20]
+102: p26 = getfield_gc_r(p18, descr=<FieldP rpyeffect.stored_environment.Stack__1.inst_values_ptr_0 32 pure>)
+106: p27 = getfield_gc_r(p18, descr=<FieldP rpyeffect.stored_environment.Stack__arb.inst_tail 8 pure>)
debug_merge_point(0, 0, '4336<main.rpyeffect:3([#38])>+0: {"op": "PrimOp". "name": "infixAdd(Int. Int): Int". "out": {"any": [0]}. "in": {"any": [1. 0]}}')
+110: i28 = getfield_gc_i(p26, descr=<FieldS rpyeffect.value.IntValue.inst_value 8 pure>)
+114: i30 = int_add(i28, 1)
debug_merge_point(0, 0, '4336<main.rpyeffect:3([#38])>+1: {"op": "Return". "args": {"any": [0]}}')
+118: guard_nonnull(p27, descr=<Guard0x7977010>) [p0, p1, p2, p3, p4, p5, p6, p7, p8, p9, p10, p11, p12, p13, p14, p15, p16, p17, p18, p19, p20]
+127: i31 = getfield_gc_i(p27, descr=<FieldS rpyeffect.stored_environment.Stack__arb.inst_target 16 pure>)
+131: guard_value(i31, 4336, descr=<Guard0x7977040>) [p0, p1, p2, p3, p4, p5, p6, p7, p8, p9, p10, p11, p12, p13, p14, p15, p16, p17, p18, p19, p20]
+144: p33 = getfield_gc_r(p27, descr=<FieldP rpyeffect.stored_environment.Stack__1.inst_values_ptr_0 32 pure>)
+148: p34 = getfield_gc_r(p27, descr=<FieldP rpyeffect.stored_environment.Stack__arb.inst_tail 8 pure>)
debug_merge_point(0, 0, '4336<main.rpyeffect:3([#38])>+0: {"op": "PrimOp". "name": "infixAdd(Int. Int): Int". "out": {"any": [0]}. "in": {"any": [1. 0]}}')
+152: jump(p17, p34, p0, p19, p20, i30, p33, p3, p4, p5, p6, p7, p8, p9, p10, p11, p12, p13, p14, p15, p16, descr=TargetToken(127164064))
+320: --end of the loop--
[62601b91a9f2] jit-log-opt-bridge}
[62601b9a5f12] {jit-log-opt-bridge
# bridge out of Guard 0x7976410 with 30 ops
[p0, p1, p2, p3, p4, p5, p6, p7, p8, p9, p10, p11, p12, p13, p14, p15, p16, p17, p18, p19, p20]
+78: guard_not_invalidated(descr=<Guard0x791f7c0>) [p0, p1, p2, p3, p4, p5, p6, p7, p8, p9, p10, p11, p12, p13, p14, p15, p16, p17, p18, p19, p20]
debug_merge_point(0, 0, '4343<main.rpyeffect:10([switch default case#10])>+1: {"op": "PrimOp". "name": "infixEq(Int. Int): Boolean". "out": {"any": [1]}. "in": {"any": [0. 1]}}')
+78: i21 = getfield_gc_i(p1, descr=<FieldS rpyeffect.value.IntValue.inst_value 8 pure>)
+82: i23 = int_eq(i21, 0)
debug_merge_point(0, 0, '4343<main.rpyeffect:10([switch default case#10])>+2: {"op": "Switch". "scrutinee": 1. "values": [<BoolValue object at 0x7603f70>]. "targets": [4341]. "default": 4342}')
+96: i25 = int_eq(i23, 0)
+100: guard_true(i25, descr=<Guard0x79771f0>) [p0, p1, p2, p3, p4, p5, p6, p7, p8, p9, p10, p11, p12, p13, p14, p15, p16, p17, p18, p19, p20]
debug_merge_point(0, 0, '4341<main.rpyeffect:8([switch case for Bool(false)#14])>+0: {"op": "Const". "type": "ptr". "out": 1. "format": "int". "value": "<IntValue object at 0x7612050>"}')
debug_merge_point(0, 0, '4341<main.rpyeffect:8([switch case for Bool(false)#14])>+1: {"op": "PrimOp". "name": "infixEq(Int. Int): Boolean". "out": {"any": [1]}. "in": {"any": [0. 1]}}')
+106: i27 = int_eq(i21, 1)
debug_merge_point(0, 0, '4341<main.rpyeffect:8([switch case for Bool(false)#14])>+2: {"op": "Switch". "scrutinee": 1. "values": [<BoolValue object at 0x7612020>]. "targets": [4335]. "default": 4340}')
+110: guard_true(i27, descr=<Guard0x7977220>) [p0, p1, p2, p3, p4, p5, p6, p7, p8, p9, p10, p11, p12, p13, p14, p15, p16, p17, p18, p19, p20]
debug_merge_point(0, 0, '4335<main.rpyeffect:2([switch case for Bool(true)#21])>+0: {"op": "Const". "type": "ptr". "out": 0. "format": "int". "value": "<IntValue object at 0x7602f40>"}')
debug_merge_point(0, 0, '4335<main.rpyeffect:2([switch case for Bool(true)#21])>+1: {"op": "Return". "args": {"any": [0]}}')
+116: guard_nonnull(p18, descr=<Guard0x7977250>) [p0, p1, p2, p3, p4, p5, p6, p7, p8, p9, p10, p11, p12, p13, p14, p15, p16, p17, p18, p19, p20]
+125: i28 = getfield_gc_i(p18, descr=<FieldS rpyeffect.stored_environment.Stack__arb.inst_target 16 pure>)
+129: guard_value(i28, 4336, descr=<Guard0x7977280>) [p0, p1, p2, p3, p4, p5, p6, p7, p8, p9, p10, p11, p12, p13, p14, p15, p16, p17, p18, p19, p20]
+142: p30 = getfield_gc_r(p18, descr=<FieldP rpyeffect.stored_environment.Stack__1.inst_values_ptr_0 32 pure>)
+146: p31 = getfield_gc_r(p18, descr=<FieldP rpyeffect.stored_environment.Stack__arb.inst_tail 8 pure>)
debug_merge_point(0, 0, '4336<main.rpyeffect:3([#38])>+0: {"op": "PrimOp". "name": "infixAdd(Int. Int): Int". "out": {"any": [0]}. "in": {"any": [1. 0]}}')
+150: i32 = getfield_gc_i(p30, descr=<FieldS rpyeffect.value.IntValue.inst_value 8 pure>)
+154: i34 = int_add(i32, 1)
debug_merge_point(0, 0, '4336<main.rpyeffect:3([#38])>+1: {"op": "Return". "args": {"any": [0]}}')
+158: guard_nonnull(p31, descr=<Guard0x79772b0>) [p0, p1, p2, p3, p4, p5, p6, p7, p8, p9, p10, p11, p12, p13, p14, p15, p16, p17, p18, p19, p20]
+167: i35 = getfield_gc_i(p31, descr=<FieldS rpyeffect.stored_environment.Stack__arb.inst_target 16 pure>)
+171: guard_value(i35, 4336, descr=<Guard0x79772e0>) [p0, p1, p2, p3, p4, p5, p6, p7, p8, p9, p10, p11, p12, p13, p14, p15, p16, p17, p18, p19, p20]
+184: p37 = getfield_gc_r(p31, descr=<FieldP rpyeffect.stored_environment.Stack__1.inst_values_ptr_0 32 pure>)
+188: p38 = getfield_gc_r(p31, descr=<FieldP rpyeffect.stored_environment.Stack__arb.inst_tail 8 pure>)
debug_merge_point(0, 0, '4336<main.rpyeffect:3([#38])>+0: {"op": "PrimOp". "name": "infixAdd(Int. Int): Int". "out": {"any": [0]}. "in": {"any": [1. 0]}}')
+192: jump(p17, p38, p0, p19, p20, i34, p37, p3, p4, p5, p6, p7, p8, p9, p10, p11, p12, p13, p14, p15, p16, descr=TargetToken(127164064))
+352: --end of the loop--
[62601b9ba32d] jit-log-opt-bridge}
[62601ba1c900] {jit-log-opt-bridge
# bridge out of Guard 0x7976ce0 with 15 ops
[p0, p1, p2, p3, p4, p5, p6, p7, p8, p9, p10, p11, p12, p13, p14, p15, p16, p17, p18, p19, i20]
+46: guard_not_invalidated(descr=<Guard0x791f808>) [p0, p1, p2, p3, p4, p5, p6, p7, p8, p9, p10, p11, p12, p13, p14, p15, p16, p17, p18, p19, i20]
+46: i21 = getfield_gc_i(p1, descr=<FieldS rpyeffect.value.IntValue.inst_value 8 pure>)
+50: i22 = int_add(i21, i20)
debug_merge_point(0, 0, '4336<main.rpyeffect:3([#38])>+1: {"op": "Return". "args": {"any": [0]}}')
+53: guard_nonnull(p17, descr=<Guard0x7977370>) [p0, p1, p2, p3, p4, p5, p6, p7, p8, p9, p10, p11, p12, p13, p14, p15, p16, p17, p18, p19, i20]
+62: i23 = getfield_gc_i(p17, descr=<FieldS rpyeffect.stored_environment.Stack__arb.inst_target 16 pure>)
+66: guard_value(i23, 4337, descr=<Guard0x79773a0>) [p0, p1, p2, p3, p4, p5, p6, p7, p8, p9, p10, p11, p12, p13, p14, p15, p16, p17, p18, p19, i20]
+79: p25 = getfield_gc_r(p17, descr=<FieldP rpyeffect.stored_environment.Stack__1.inst_values_ptr_0 32 pure>)
+83: p26 = getfield_gc_r(p17, descr=<FieldP rpyeffect.stored_environment.Stack__arb.inst_tail 8 pure>)
debug_merge_point(0, 0, '4337<main.rpyeffect:4([k@[switch case for Bool(false)#28]#33])>+0: {"op": "Const". "type": "ptr". "out": 2. "format": "int". "value": "<IntValue object at 0x7602ed0>"}')
debug_merge_point(0, 0, '4337<main.rpyeffect:4([k@[switch case for Bool(false)#28]#33])>+1: {"op": "PrimOp". "name": "infixSub(Int. Int): Int". "out": {"any": [1]}. "in": {"any": [1. 2]}}')
+87: i27 = getfield_gc_i(p25, descr=<FieldS rpyeffect.value.IntValue.inst_value 8 pure>)
+91: i29 = int_sub(i27, 2)
debug_merge_point(0, 0, '4337<main.rpyeffect:4([k@[switch case for Bool(false)#28]#33])>+2: {"op": "Push". "target": 4336. "args": {"any": [0]}}')
+95: jump(p16, p26, p0, p18, p19, i22, i29, p3, p4, p5, p6, p7, p8, p9, p10, p11, p12, p13, p14, p15, descr=TargetToken(127160416))
+176: --end of the loop--
[62601ba27e39] jit-log-opt-bridge}
[626324b9220d] {jit-summary
Tracing:      	13	0.003408
Backend:      	13	0.001463
TOTAL:      		6.553134
ops:             	4164
heapcached ops:  	923
recorded ops:    	1207
  calls:         	540
guards:          	123
opt ops:         	380
opt guards:      	66
opt guards shared:	50
forcings:        	0
abort: trace too long:	0
abort: compiling:	0
abort: vable escape:	0
abort: bad loop: 	0
abort: force quasi-immut:	0
abort: segmenting trace:	0
virtualizables forced:	0
nvirtuals:       	12
nvholes:         	0
nvreused:        	0
vecopt tried:    	0
vecopt success:  	0
Total # of loops:	4
Total # of bridges:	9
Freed # of loops:	0
Freed # of bridges:	0
[626324b99a52] jit-summary}
