[62666e87867f] {jit-log-opt-loop
# Loop 2 (301<std_core_hnd.rpyeffect:0(Name(getCurrentEvv))>+0: {"op": "Const", "type": "ptr", "out": 0, "format": "string", "value": "current-evv"}) : loop with 147 ops
[p0, p1, p2, p3, p4]
+349: p5 = getfield_gc_r(p2, descr=<FieldP rpyeffect.environment.Environment.inst_values_ptr 16>)
+360: p7 = getarrayitem_gc_r(p5, 0, descr=<ArrayP 8>)
+364: p9 = getarrayitem_gc_r(p5, 1, descr=<ArrayP 8>)
+368: p11 = getarrayitem_gc_r(p5, 2, descr=<ArrayP 8>)
+372: p13 = getarrayitem_gc_r(p5, 3, descr=<ArrayP 8>)
+376: p15 = getarrayitem_gc_r(p5, 4, descr=<ArrayP 8>)
+380: p17 = getarrayitem_gc_r(p5, 5, descr=<ArrayP 8>)
+384: p19 = getarrayitem_gc_r(p5, 6, descr=<ArrayP 8>)
+388: p21 = getarrayitem_gc_r(p5, 7, descr=<ArrayP 8>)
+392: p23 = getarrayitem_gc_r(p5, 8, descr=<ArrayP 8>)
+396: p25 = getarrayitem_gc_r(p5, 9, descr=<ArrayP 8>)
+400: p27 = getarrayitem_gc_r(p5, 10, descr=<ArrayP 8>)
+404: p29 = getarrayitem_gc_r(p5, 11, descr=<ArrayP 8>)
+408: p31 = getarrayitem_gc_r(p5, 12, descr=<ArrayP 8>)
+419: p33 = getarrayitem_gc_r(p5, 13, descr=<ArrayP 8>)
+430: p35 = getarrayitem_gc_r(p5, 14, descr=<ArrayP 8>)
+444: p37 = getarrayitem_gc_r(p5, 15, descr=<ArrayP 8>)
+458: label(p0, p1, p2, p3, p4, p7, p9, p11, p13, p15, p17, p19, p21, p23, p25, p27, p29, p31, p33, p35, p37, descr=TargetToken(939020832))
debug_merge_point(0, 0, '301<std_core_hnd.rpyeffect:0(Name(getCurrentEvv))>+0: {"op": "Const". "type": "ptr". "out": 0. "format": "string". "value": "current-evv"}')
+544: guard_not_invalidated(descr=<Guard0x37fa38e0>) [p2, p7, p9, p11, p13, p15, p17, p19, p21, p23, p25, p27, p29, p31, p33, p35, p37, p0, p1, p3, p4]
debug_merge_point(0, 0, '301<std_core_hnd.rpyeffect:0(Name(getCurrentEvv))>+1: {"op": "PrimOp". "name": "getGlobal(String): Ptr". "out": {"any": [0]}. "in": {"any": [0]}}')
debug_merge_point(0, 0, '301<std_core_hnd.rpyeffect:0(Name(getCurrentEvv))>+2: {"op": "PrimOp". "name": "getRef(Ref[Ptr]): Ptr". "out": {"any": [0]}. "in": {"any": [0]}}')
+551: p39 = getfield_gc_r(ConstPtr(ptr38), descr=<FieldP rpyeffect.region.Ref.inst_value 16>)
+562: guard_value(p39, ConstPtr(ptr40), descr=<Guard0x37fa3928>) [p2, p7, p9, p11, p13, p15, p17, p19, p21, p23, p25, p27, p29, p31, p33, p35, p37, p0, p1, p3, p4]
debug_merge_point(0, 0, '301<std_core_hnd.rpyeffect:0(Name(getCurrentEvv))>+3: {"op": "Return". "args": {"any": [0]}}')
+571: guard_nonnull(p1, descr=<Guard0x37fb5d30>) [p2, p7, p9, p11, p13, p15, p17, p19, p21, p23, p25, p27, p29, p31, p33, p35, p37, p0, p1, p3, p4]
+585: i41 = getfield_gc_i(p1, descr=<FieldS rpyeffect.stored_environment.Stack__arb.inst_target 16 pure>)
+597: guard_value(i41, 4411, descr=<Guard0x37fb5d60>) [p2, p7, p9, p11, p13, p15, p17, p19, p21, p23, p25, p27, p29, p31, p33, p35, p37, p0, p1, p3, p4]
+610: p43 = getfield_gc_r(p1, descr=<FieldP rpyeffect.stored_environment.Stack__2.inst_values_ptr_0 32 pure>)
+615: p44 = getfield_gc_r(p1, descr=<FieldP rpyeffect.stored_environment.Stack__2.inst_values_ptr_1 40 pure>)
+620: p45 = getfield_gc_r(p1, descr=<FieldP rpyeffect.stored_environment.Stack__arb.inst_tail 8 pure>)
debug_merge_point(0, 0, '4411<test_bench_koka_counter.rpyeffect:78([k@[mcore:[#153]#138]#144])>+0: {"op": "PrimOp". "name": "promote_ptr". "out": {"any": [0]}. "in": {"any": [0]}}')
+625: i47 = instance_ptr_eq(ConstPtr(ptr46), p39)
+628: guard_true(i47, descr=<Guard0x37fb5d90>) [p2, p7, p9, p11, p13, p15, p17, p19, p21, p23, p25, p27, p29, p31, p33, p35, p37, p0, p1, p3, p4]
debug_merge_point(0, 0, '4411<test_bench_koka_counter.rpyeffect:78([k@[mcore:[#153]#138]#144])>+1: {"op": "Const". "type": "ptr". "out": 3. "format": "string". "value": "Name(import$std/core/hnd)"}')
debug_merge_point(0, 0, '4411<test_bench_koka_counter.rpyeffect:78([k@[mcore:[#153]#138]#144])>+2: {"op": "PrimOp". "name": "getGlobal(String): Ptr". "out": {"any": [3]}. "in": {"any": [3]}}')
debug_merge_point(0, 0, '4411<test_bench_koka_counter.rpyeffect:78([k@[mcore:[#153]#138]#144])>+3: {"op": "Push". "target": 4410. "args": {"any": [2]}}')
debug_merge_point(0, 0, '4411<test_bench_koka_counter.rpyeffect:78([k@[mcore:[#153]#138]#144])>+4: {"op": "Copy". "type": "any". "from": 3. "to". 2}')
debug_merge_point(0, 0, '4411<test_bench_koka_counter.rpyeffect:78([k@[mcore:[#153]#138]#144])>+5: {"op": "Jump". "target": 4379}')
debug_merge_point(0, 0, '4379<test_bench_koka_counter.rpyeffect:46([mcore:[#122]#118])>+0: {"op": "Const". "type": "ptr". "out": 2. "format": "string". "value": "Name(import$std/core/hnd)"}')
debug_merge_point(0, 0, '4379<test_bench_koka_counter.rpyeffect:46([mcore:[#122]#118])>+1: {"op": "PrimOp". "name": "getGlobal(String): Ptr". "out": {"any": [2]}. "in": {"any": [2]}}')
debug_merge_point(0, 0, '4379<test_bench_koka_counter.rpyeffect:46([mcore:[#122]#118])>+2: {"op": "CallLib". "lib": "2". "symbol": "elt"}')
debug_merge_point(0, 0, '341<std_core_hnd.rpyeffect:40(Name(elt))>+0: {"op": "Switch". "scrutinee": 1. "values": [<IntValue object at 0x7fb38af7de50>]. "targets": [339]. "default": 340}')
+634: guard_nonnull_class(p43, ConstClass(IntValue), descr=<Guard0x37fa3970>) [p2, p7, p9, p11, p13, p15, p17, p19, p21, p23, p25, p27, p29, p31, p33, p35, p37, p0, p1, p3, p4]
+653: i49 = getfield_gc_i(p43, descr=<FieldS rpyeffect.value.IntValue.inst_value 8 pure>)
+657: i51 = int_eq(i49, 0)
+661: guard_true(i51, descr=<Guard0x37fb5dc0>) [p2, p7, p9, p11, p13, p15, p17, p19, p21, p23, p25, p27, p29, p31, p33, p35, p37, p0, p1, p3, p4]
debug_merge_point(0, 0, '339<std_core_hnd.rpyeffect:38([switch case for Int(0)#100])>+0: {"op": "Proj". "out": 0. "type": Interned(evv). "scrutinee": 0. "tag": Interned(cons). "field": 0. "field_type": "any"}')
+667: p53 = getfield_gc_r(ConstPtr(ptr52), descr=<FieldP rpyeffect.data.Data.inst_tag 8>)
+678: guard_value(p53, ConstPtr(ptr54), descr=<Guard0x37fb5df0>) [p2, p7, p9, p11, p13, p15, p17, p19, p21, p23, p25, p27, p29, p31, p33, p35, p37, p0, p1, p3, p4]
debug_merge_point(0, 0, '339<std_core_hnd.rpyeffect:38([switch case for Int(0)#100])>+1: {"op": "Return". "args": {"any": [0]}}')
debug_merge_point(0, 0, '4410<test_bench_koka_counter.rpyeffect:77([k@[k@[mcore:[#153]#138]#144]#152])>+0: {"op": "Push". "target": 4400. "args": {"any": [1]}}')
debug_merge_point(0, 0, '4410<test_bench_koka_counter.rpyeffect:77([k@[k@[mcore:[#153]#138]#144]#152])>+1: {"op": "Match". "type": Interned(std/core/hnd/ev). "scrutinee": 0. "clauses": [{"tag": Interned(std/core/hnd/Ev). "target": 4409. "args": {"any": [1. 2. 3. 4]}}]. "default": {"tag": Interned(73ad63d0-f012-418d-adc4-4e4ed1faf172#[Missing Tag#619]). "target": 4401. "args": {"any": []}}}')
+694: p56 = getfield_gc_r(ConstPtr(ptr55), descr=<FieldP rpyeffect.data.Data.inst_tag 8>)
+705: guard_value(p56, ConstPtr(ptr57), descr=<Guard0x37fb5e20>) [p2, p7, p9, p11, p13, p15, p17, p19, p21, p23, p25, p27, p29, p31, p33, p35, p37, p0, p1, p3, p4]
debug_merge_point(0, 0, '4409<test_bench_koka_counter.rpyeffect:76([#212])>+0: {"op": "Copy". "type": "any". "from": 0. "to". 1}')
debug_merge_point(0, 0, '4409<test_bench_koka_counter.rpyeffect:76([#212])>+1: {"op": "Copy". "type": "any". "from": 2. "to". 0}')
debug_merge_point(0, 0, '4409<test_bench_koka_counter.rpyeffect:76([#212])>+2: {"op": "Match". "type": Interned(test/bench/koka/counter/st). "scrutinee": 3. "clauses": [{"tag": Interned(test/bench/koka/counter/@Hnd-st). "target": 4408. "args": {"any": [2. 3. 4]}}]. "default": {"tag": Interned(73ad63d0-f012-418d-adc4-4e4ed1faf172#[Missing Tag#618]). "target": 4403. "args": {"any": []}}}')
+721: p59 = getfield_gc_r(ConstPtr(ptr58), descr=<FieldP rpyeffect.data.Data.inst_tag 8>)
+732: guard_value(p59, ConstPtr(ptr60), descr=<Guard0x37fb5e50>) [p2, p7, p9, p11, p13, p15, p17, p19, p21, p23, p25, p27, p29, p31, p33, p35, p37, p0, p1, p3, p4]
debug_merge_point(0, 0, '4408<test_bench_koka_counter.rpyeffect:75([#217])>+0: {"op": "Match". "type": Interned(std/core/hnd/clause0). "scrutinee": 3. "clauses": [{"tag": Interned(std/core/hnd/Clause0). "target": 4407. "args": {"any": [2]}}]. "default": {"tag": Interned(73ad63d0-f012-418d-adc4-4e4ed1faf172#[Missing Tag#617]). "target": 4405. "args": {"any": []}}}')
+748: p62 = getfield_gc_r(ConstPtr(ptr61), descr=<FieldP rpyeffect.data.Data.inst_tag 8>)
+759: guard_value(p62, ConstPtr(ptr63), descr=<Guard0x37fb5e80>) [p2, p7, p9, p11, p13, p15, p17, p19, p21, p23, p25, p27, p29, p31, p33, p35, p37, p0, p1, p3, p4]
debug_merge_point(0, 0, '4407<test_bench_koka_counter.rpyeffect:74([match_std/core/hnd/Clause0@[#217]#222])>+0: {"op": "Invoke". "receiver": 2. "tag": Interned(apply). "args" : {"any": [0. 1]}}')
debug_merge_point(0, 0, '1119<std_core_hnd.rpyeffect:818([method_apply@[mcore:[#1231]#2267]#2271])>+0: {"op": "Const". "type": "ptr". "out": 3. "format": "string". "value": "Name(import$std/core/hnd)"}')
debug_merge_point(0, 0, '1119<std_core_hnd.rpyeffect:818([method_apply@[mcore:[#1231]#2267]#2271])>+1: {"op": "PrimOp". "name": "getGlobal(String): Ptr". "out": {"any": [3]}. "in": {"any": [3]}}')
debug_merge_point(0, 0, '1119<std_core_hnd.rpyeffect:818([method_apply@[mcore:[#1231]#2267]#2271])>+2: {"op": "Swap". "type": "any". "a": 2. "b". 3}')
debug_merge_point(0, 0, '1119<std_core_hnd.rpyeffect:818([method_apply@[mcore:[#1231]#2267]#2271])>+3: {"op": "Jump". "target": 1118}')
debug_merge_point(0, 0, '1118<std_core_hnd.rpyeffect:817([mcore:[#1229]#2231])>+0: {"op": "Push". "target": 1114. "args": {"any": [1. 3]}}')
debug_merge_point(0, 0, '1118<std_core_hnd.rpyeffect:817([mcore:[#1229]#2231])>+1: {"op": "Match". "type": Interned(std/core/hnd/ev). "scrutinee": 1. "clauses": [{"tag": Interned(std/core/hnd/Ev). "target": 1117. "args": {"any": [0. 1. 2. 3]}}]. "default": {"tag": Interned(b39bc5c9-11f1-4288-a06b-7e114349574d#[Missing Tag#3076]). "target": 1115. "args": {"any": []}}}')
debug_merge_point(0, 0, '1117<std_core_hnd.rpyeffect:816([#2260])>+0: {"op": "Const". "type": "ptr". "out": 0. "format": "string". "value": "Name(import$std/core/hnd)"}')
debug_merge_point(0, 0, '1117<std_core_hnd.rpyeffect:816([#2260])>+1: {"op": "PrimOp". "name": "getGlobal(String): Ptr". "out": {"any": [0]}. "in": {"any": [0]}}')
debug_merge_point(0, 0, '1117<std_core_hnd.rpyeffect:816([#2260])>+2: {"op": "Copy". "type": "any". "from": 0. "to". 1}')
debug_merge_point(0, 0, '1117<std_core_hnd.rpyeffect:816([#2260])>+3: {"op": "Copy". "type": "any". "from": 3. "to". 0}')
debug_merge_point(0, 0, '1117<std_core_hnd.rpyeffect:816([#2260])>+4: {"op": "Jump". "target": 1088}')
debug_merge_point(0, 0, '1088<std_core_hnd.rpyeffect:787([mcore:[#1212]#2170])>+0: {"op": "Const". "type": "ptr". "out": 1. "format": "string". "value": "Name(import$std/core/hnd)"}')
debug_merge_point(0, 0, '1088<std_core_hnd.rpyeffect:787([mcore:[#1212]#2170])>+1: {"op": "PrimOp". "name": "getGlobal(String): Ptr". "out": {"any": [1]}. "in": {"any": [1]}}')
debug_merge_point(0, 0, '1088<std_core_hnd.rpyeffect:787([mcore:[#1212]#2170])>+2: {"op": "CallLib". "lib": "1". "symbol": "swapCurrentEvv"}')
debug_merge_point(0, 0, '303<std_core_hnd.rpyeffect:2(Name(swapCurrentEvv))>+0: {"op": "Const". "type": "ptr". "out": 1. "format": "string". "value": "current-evv"}')
debug_merge_point(0, 0, '303<std_core_hnd.rpyeffect:2(Name(swapCurrentEvv))>+1: {"op": "PrimOp". "name": "getGlobal(String): Ptr". "out": {"any": [1]}. "in": {"any": [1]}}')
debug_merge_point(0, 0, '303<std_core_hnd.rpyeffect:2(Name(swapCurrentEvv))>+2: {"op": "PrimOp". "name": "getRef(Ref[Ptr]): Ptr". "out": {"any": [2]}. "in": {"any": [1]}}')
debug_merge_point(0, 0, '303<std_core_hnd.rpyeffect:2(Name(swapCurrentEvv))>+3: {"op": "PrimOp". "name": "setRef(Ref[Ptr]. Ptr): Unit". "out": {"any": [0]}. "in": {"any": [1. 0]}}')
debug_merge_point(0, 0, '303<std_core_hnd.rpyeffect:2(Name(swapCurrentEvv))>+4: {"op": "Copy". "type": "any". "from": 2. "to". 0}')
debug_merge_point(0, 0, '303<std_core_hnd.rpyeffect:2(Name(swapCurrentEvv))>+5: {"op": "Return". "args": {"any": [0]}}')
debug_merge_point(0, 0, '1114<std_core_hnd.rpyeffect:813([k@[mcore:[#1229]#2231]#2233])>+0: {"op": "Push". "target": 1113. "args": {"any": [1. 0]}}')
debug_merge_point(0, 0, '1114<std_core_hnd.rpyeffect:813([k@[mcore:[#1229]#2231]#2233])>+1: {"op": "Invoke". "receiver": 2. "tag": Interned(apply). "args" : {"any": []}}')
debug_merge_point(0, 0, '4419<test_bench_koka_counter.rpyeffect:86([method_apply@[mcore:[#177]#245]#249])>+0: {"op": "Jump". "target": 4415}')
debug_merge_point(0, 0, '4415<test_bench_koka_counter.rpyeffect:82([mcore:[#163]#237])>+0: {"op": "PrimOp". "name": "getRef(Ref[Ptr]): Ptr". "out": {"any": [0]}. "in": {"any": [0]}}')
+785: setfield_gc(ConstPtr(ptr64), ConstPtr(ptr65), descr=<FieldP rpyeffect.region.Ref.inst_value 16>)
+796: p67 = getfield_gc_r(ConstPtr(ptr66), descr=<FieldP rpyeffect.region.Ref.inst_value 16>)
+800: i68 = getfield_gc_i(p67, descr=<FieldS rpyeffect.value.UnboxedIntValueRef.inst_value 8>)
debug_merge_point(0, 0, '4415<test_bench_koka_counter.rpyeffect:82([mcore:[#163]#237])>+1: {"op": "Return". "args": {"any": [0]}}')
debug_merge_point(0, 0, '1113<std_core_hnd.rpyeffect:812([k@[k@[mcore:[#1229]#2231]#2233]#2235])>+0: {"op": "Const". "type": "ptr". "out": 3. "format": "string". "value": "Name(import$std/core/hnd)"}')
debug_merge_point(0, 0, '1113<std_core_hnd.rpyeffect:812([k@[k@[mcore:[#1229]#2231]#2233]#2235])>+1: {"op": "PrimOp". "name": "getGlobal(String): Ptr". "out": {"any": [3]}. "in": {"any": [3]}}')
debug_merge_point(0, 0, '1113<std_core_hnd.rpyeffect:812([k@[k@[mcore:[#1229]#2231]#2233]#2235])>+2: {"op": "Push". "target": 1112. "args": {"any": [1. 0]}}')
debug_merge_point(0, 0, '1113<std_core_hnd.rpyeffect:812([k@[k@[mcore:[#1229]#2231]#2233]#2235])>+3: {"op": "Copy". "type": "any". "from": 3. "to". 1}')
debug_merge_point(0, 0, '1113<std_core_hnd.rpyeffect:812([k@[k@[mcore:[#1229]#2231]#2233]#2235])>+4: {"op": "Copy". "type": "any". "from": 2. "to". 0}')
debug_merge_point(0, 0, '1113<std_core_hnd.rpyeffect:812([k@[k@[mcore:[#1229]#2231]#2233]#2235])>+5: {"op": "Jump". "target": 1089}')
debug_merge_point(0, 0, '1089<std_core_hnd.rpyeffect:788([mcore:[#1214]#2175])>+0: {"op": "Const". "type": "ptr". "out": 1. "format": "string". "value": "Name(import$std/core/hnd)"}')
debug_merge_point(0, 0, '1089<std_core_hnd.rpyeffect:788([mcore:[#1214]#2175])>+1: {"op": "PrimOp". "name": "getGlobal(String): Ptr". "out": {"any": [1]}. "in": {"any": [1]}}')
debug_merge_point(0, 0, '1089<std_core_hnd.rpyeffect:788([mcore:[#1214]#2175])>+2: {"op": "CallLib". "lib": "1". "symbol": "setCurrentEvv"}')
debug_merge_point(0, 0, '302<std_core_hnd.rpyeffect:1(Name(setCurrentEvv))>+0: {"op": "Const". "type": "ptr". "out": 1. "format": "string". "value": "current-evv"}')
debug_merge_point(0, 0, '302<std_core_hnd.rpyeffect:1(Name(setCurrentEvv))>+1: {"op": "PrimOp". "name": "getGlobal(String): Ptr". "out": {"any": [1]}. "in": {"any": [1]}}')
debug_merge_point(0, 0, '302<std_core_hnd.rpyeffect:1(Name(setCurrentEvv))>+2: {"op": "PrimOp". "name": "setRef(Ref[Ptr]. Ptr): Unit". "out": {"any": [0]}. "in": {"any": [1. 0]}}')
debug_merge_point(0, 0, '302<std_core_hnd.rpyeffect:1(Name(setCurrentEvv))>+3: {"op": "Return". "args": {"any": [0]}}')
debug_merge_point(0, 0, '1112<std_core_hnd.rpyeffect:811([#2240])>+0: {"op": "Const". "type": "ptr". "out": 0. "format": "bool". "value": "<BoolValue object at 0x37aa4120>"}')
debug_merge_point(0, 0, '1112<std_core_hnd.rpyeffect:811([#2240])>+1: {"op": "Swap". "type": "any". "a": 0. "b". 1}')
debug_merge_point(0, 0, '1112<std_core_hnd.rpyeffect:811([#2240])>+2: {"op": "Swap". "type": "any". "a": 2. "b". 1}')
debug_merge_point(0, 0, '1112<std_core_hnd.rpyeffect:811([#2240])>+3: {"op": "Switch". "scrutinee": 2. "values": [<BoolValue object at 0x37aa4110>]. "targets": [1108]. "default": 1111}')
debug_merge_point(0, 0, '1111<std_core_hnd.rpyeffect:810([switch default case#2255])>+0: {"op": "Const". "type": "ptr". "out": 0. "format": "bool". "value": "<BoolValue object at 0x37aa4140>"}')
debug_merge_point(0, 0, '1111<std_core_hnd.rpyeffect:810([switch default case#2255])>+1: {"op": "Swap". "type": "any". "a": 0. "b". 1}')
debug_merge_point(0, 0, '1111<std_core_hnd.rpyeffect:810([switch default case#2255])>+2: {"op": "Switch". "scrutinee": 1. "values": [<BoolValue object at 0x37aa4130>]. "targets": [1109]. "default": 1110}')
debug_merge_point(0, 0, '1109<std_core_hnd.rpyeffect:808([switch case for Bool(false)#2257])>+0: {"op": "Return". "args": {"any": [0]}}')
debug_merge_point(0, 0, '4400<test_bench_koka_counter.rpyeffect:67([k@[k@[k@[mcore:[#153]#138]#144]#152]#154])>+0: {"op": "Const". "type": "ptr". "out": 2. "format": "string". "value": "std/num/int32/zero"}')
debug_merge_point(0, 0, '4400<test_bench_koka_counter.rpyeffect:67([k@[k@[k@[mcore:[#153]#138]#144]#152]#154])>+1: {"op": "PrimOp". "name": "getGlobal(String): Num". "out": {"any": [2]}. "in": {"any": [2]}}')
debug_merge_point(0, 0, '4400<test_bench_koka_counter.rpyeffect:67([k@[k@[k@[mcore:[#153]#138]#144]#152]#154])>+2: {"op": "PrimOp". "name": "infixEq(Int. Int): Boolean". "out": {"any": [2]}. "in": {"any": [0. 2]}}')
+804: i70 = int_eq(i68, 0)
debug_merge_point(0, 0, '4400<test_bench_koka_counter.rpyeffect:67([k@[k@[k@[mcore:[#153]#138]#144]#152]#154])>+3: {"op": "Swap". "type": "any". "a": 0. "b". 1}')
debug_merge_point(0, 0, '4400<test_bench_koka_counter.rpyeffect:67([k@[k@[k@[mcore:[#153]#138]#144]#152]#154])>+4: {"op": "Switch". "scrutinee": 2. "values": [<BoolValue object at 0x37f78b00>]. "targets": [4383]. "default": 4399}')
+828: setfield_gc(ConstPtr(ptr71), ConstPtr(ptr40), descr=<FieldP rpyeffect.region.Ref.inst_value 16>)
+832: guard_false(i70, descr=<Guard0x37fa39b8>) [p2, p44, p17, p19, p21, p23, p25, p27, p29, p31, p33, p35, p37, i70, p0, p45, p3, p4, i68]
debug_merge_point(0, 0, '4399<test_bench_koka_counter.rpyeffect:66([switch default case#161])>+0: {"op": "Const". "type": "ptr". "out": 2. "format": "string". "value": "std/num/int32/zero"}')
debug_merge_point(0, 0, '4399<test_bench_koka_counter.rpyeffect:66([switch default case#161])>+1: {"op": "PrimOp". "name": "getGlobal(String): Num". "out": {"any": [2]}. "in": {"any": [2]}}')
debug_merge_point(0, 0, '4399<test_bench_koka_counter.rpyeffect:66([switch default case#161])>+2: {"op": "PrimOp". "name": "infixEq(Int. Int): Boolean". "out": {"any": [2]}. "in": {"any": [1. 2]}}')
debug_merge_point(0, 0, '4399<test_bench_koka_counter.rpyeffect:66([switch default case#161])>+3: {"op": "Switch". "scrutinee": 2. "values": [<BoolValue object at 0x37f78b60>]. "targets": [4397]. "default": 4398}')
debug_merge_point(0, 0, '4397<test_bench_koka_counter.rpyeffect:64([switch case for Bool(false)#167])>+0: {"op": "Const". "type": "ptr". "out": 2. "format": "int". "value": "<IntValue object at 0x37f78c90>"}')
debug_merge_point(0, 0, '4397<test_bench_koka_counter.rpyeffect:64([switch case for Bool(false)#167])>+1: {"op": "PrimOp". "name": "infixSub(Int. Int): Int". "out": {"any": [1]}. "in": {"any": [1. 2]}}')
+841: i73 = int_sub(i68, 1)
debug_merge_point(0, 0, '4397<test_bench_koka_counter.rpyeffect:64([switch case for Bool(false)#167])>+2: {"op": "Const". "type": "ptr". "out": 2. "format": "int". "value": "<IntValue object at 0x37f78c60>"}')
debug_merge_point(0, 0, '4397<test_bench_koka_counter.rpyeffect:64([switch case for Bool(false)#167])>+3: {"op": "Const". "type": "ptr". "out": 3. "format": "string". "value": "Name(import$std/core/hnd)"}')
debug_merge_point(0, 0, '4397<test_bench_koka_counter.rpyeffect:64([switch case for Bool(false)#167])>+4: {"op": "PrimOp". "name": "getGlobal(String): Ptr". "out": {"any": [3]}. "in": {"any": [3]}}')
debug_merge_point(0, 0, '4397<test_bench_koka_counter.rpyeffect:64([switch case for Bool(false)#167])>+5: {"op": "Push". "target": 4396. "args": {"any": [2. 0. 1]}}')
debug_merge_point(0, 0, '4397<test_bench_koka_counter.rpyeffect:64([switch case for Bool(false)#167])>+6: {"op": "Copy". "type": "any". "from": 3. "to". 0}')
debug_merge_point(0, 0, '4397<test_bench_koka_counter.rpyeffect:64([switch case for Bool(false)#167])>+7: {"op": "Jump". "target": 4382}')
debug_merge_point(0, 0, '4382<test_bench_koka_counter.rpyeffect:49([mcore:[#140]#134])>+0: {"op": "Const". "type": "ptr". "out": 0. "format": "string". "value": "Name(import$std/core/hnd)"}')
debug_merge_point(0, 0, '4382<test_bench_koka_counter.rpyeffect:49([mcore:[#140]#134])>+1: {"op": "PrimOp". "name": "getGlobal(String): Ptr". "out": {"any": [0]}. "in": {"any": [0]}}')
debug_merge_point(0, 0, '4382<test_bench_koka_counter.rpyeffect:49([mcore:[#140]#134])>+2: {"op": "CallLib". "lib": "0". "symbol": "getCurrentEvv"}')
debug_merge_point(0, 0, '301<std_core_hnd.rpyeffect:0(Name(getCurrentEvv))>+0: {"op": "Const". "type": "ptr". "out": 0. "format": "string". "value": "current-evv"}')
+845: p74 = new_with_vtable(descr=<SizeDescr 56>)
+886: p75 = new_with_vtable(descr=<SizeDescr 16>)
+898: setfield_gc(p75, i73, descr=<FieldS rpyeffect.value.IntValue.inst_value 8 pure>)
+902: setfield_gc(p74, 4396, descr=<FieldS rpyeffect.stored_environment.Stack__arb.inst_target 16 pure>)
+910: setfield_gc(p74, p45, descr=<FieldP rpyeffect.stored_environment.Stack__arb.inst_tail 8 pure>)
+921: setfield_gc(p74, ConstPtr(ptr77), descr=<FieldP rpyeffect.stored_environment.Stack__3.inst_values_ptr_0 32 pure>)
+925: setfield_gc(p74, p44, descr=<FieldP rpyeffect.stored_environment.Stack__3.inst_values_ptr_1 40 pure>)
+929: setfield_gc(p74, p75, descr=<FieldP rpyeffect.stored_environment.Stack__3.inst_values_ptr_2 48 pure>)
+955: jump(p0, p74, p2, p3, p4, ConstPtr(ptr78), p75, ConstPtr(ptr77), ConstPtr(ptr79), ConstPtr(ptr80), p17, p19, p21, p23, p25, p27, p29, p31, p33, p35, p37, descr=TargetToken(939020832))
+1008: --end of the loop--
[62666e8e1e52] jit-log-opt-loop}
[62666ea98970] {jit-log-opt-loop
# Loop 3 (302<std_core_hnd.rpyeffect:1(Name(setCurrentEvv))>+0: {"op": "Const", "type": "ptr", "out": 1, "format": "string", "value": "current-evv"}) : entry bridge with 60 ops
[p0, p1, p2, p3, p4]
+205: p5 = getfield_gc_r(p2, descr=<FieldP rpyeffect.environment.Environment.inst_values_ptr 16>)
+216: p7 = getarrayitem_gc_r(p5, 0, descr=<ArrayP 8>)
+220: p9 = getarrayitem_gc_r(p5, 1, descr=<ArrayP 8>)
+224: p11 = getarrayitem_gc_r(p5, 2, descr=<ArrayP 8>)
+228: p13 = getarrayitem_gc_r(p5, 3, descr=<ArrayP 8>)
+232: p15 = getarrayitem_gc_r(p5, 4, descr=<ArrayP 8>)
+236: p17 = getarrayitem_gc_r(p5, 5, descr=<ArrayP 8>)
+240: p19 = getarrayitem_gc_r(p5, 6, descr=<ArrayP 8>)
+244: p21 = getarrayitem_gc_r(p5, 7, descr=<ArrayP 8>)
+248: p23 = getarrayitem_gc_r(p5, 8, descr=<ArrayP 8>)
+252: p25 = getarrayitem_gc_r(p5, 9, descr=<ArrayP 8>)
+256: p27 = getarrayitem_gc_r(p5, 10, descr=<ArrayP 8>)
+260: p29 = getarrayitem_gc_r(p5, 11, descr=<ArrayP 8>)
+264: p31 = getarrayitem_gc_r(p5, 12, descr=<ArrayP 8>)
+275: p33 = getarrayitem_gc_r(p5, 13, descr=<ArrayP 8>)
+286: p35 = getarrayitem_gc_r(p5, 14, descr=<ArrayP 8>)
+300: p37 = getarrayitem_gc_r(p5, 15, descr=<ArrayP 8>)
debug_merge_point(0, 0, '302<std_core_hnd.rpyeffect:1(Name(setCurrentEvv))>+0: {"op": "Const". "type": "ptr". "out": 1. "format": "string". "value": "current-evv"}')
+314: guard_not_invalidated(descr=<Guard0x37fa3bb0>) [p2, p7, p9, p11, p13, p15, p17, p19, p21, p23, p25, p27, p29, p31, p33, p35, p37, p0, p1, p3, p4]
debug_merge_point(0, 0, '302<std_core_hnd.rpyeffect:1(Name(setCurrentEvv))>+1: {"op": "PrimOp". "name": "getGlobal(String): Ptr". "out": {"any": [1]}. "in": {"any": [1]}}')
debug_merge_point(0, 0, '302<std_core_hnd.rpyeffect:1(Name(setCurrentEvv))>+2: {"op": "PrimOp". "name": "setRef(Ref[Ptr]. Ptr): Unit". "out": {"any": [0]}. "in": {"any": [1. 0]}}')
debug_merge_point(0, 0, '302<std_core_hnd.rpyeffect:1(Name(setCurrentEvv))>+3: {"op": "Return". "args": {"any": [0]}}')
+331: setfield_gc(ConstPtr(ptr38), p7, descr=<FieldP rpyeffect.region.Ref.inst_value 16>)
+335: guard_nonnull(p1, descr=<Guard0x37fa3b20>) [p2, p7, p11, p13, p15, p17, p19, p21, p23, p25, p27, p29, p31, p33, p35, p37, p0, p1, p3, p4]
+349: i39 = getfield_gc_i(p1, descr=<FieldS rpyeffect.stored_environment.Stack__arb.inst_target 16 pure>)
+360: guard_value(i39, 1127, descr=<Guard0x37fca6b0>) [p2, p7, p11, p13, p15, p17, p19, p21, p23, p25, p27, p29, p31, p33, p35, p37, p0, p1, p3, p4]
+373: p41 = getfield_gc_r(p1, descr=<FieldP rpyeffect.stored_environment.Stack__1.inst_values_ptr_0 32 pure>)
+373: p42 = getfield_gc_r(p1, descr=<FieldP rpyeffect.stored_environment.Stack__arb.inst_tail 8 pure>)
debug_merge_point(0, 0, '1127<std_core_hnd.rpyeffect:826([k@[switch case for Bool(false)#2312]#2317])>+0: {"op": "Copy". "type": "any". "from": 1. "to". 0}')
debug_merge_point(0, 0, '1127<std_core_hnd.rpyeffect:826([k@[switch case for Bool(false)#2312]#2317])>+1: {"op": "Return". "args": {"any": [0]}}')
+377: guard_nonnull(p42, descr=<Guard0x37fca680>) [p2, p7, p11, p13, p15, p17, p19, p21, p23, p25, p27, p29, p31, p33, p35, p37, p0, p1, p3, p4]
+386: i43 = getfield_gc_i(p42, descr=<FieldS rpyeffect.stored_environment.Stack__arb.inst_target 16 pure>)
+397: guard_value(i43, 4385, descr=<Guard0x37fca620>) [p2, p7, p11, p13, p15, p17, p19, p21, p23, p25, p27, p29, p31, p33, p35, p37, p0, p1, p3, p4]
+410: p45 = getfield_gc_r(p42, descr=<FieldP rpyeffect.stored_environment.Stack__1.inst_values_ptr_0 32 pure>)
+414: p46 = getfield_gc_r(p42, descr=<FieldP rpyeffect.stored_environment.Stack__arb.inst_tail 8 pure>)
debug_merge_point(0, 0, '4385<test_bench_koka_counter.rpyeffect:52([k@[#183]#185])>+0: {"op": "Const". "type": "ptr". "out": 0. "format": "int". "value": "<IntValue object at 0x37f78560>"}')
debug_merge_point(0, 0, '4385<test_bench_koka_counter.rpyeffect:52([k@[#183]#185])>+1: {"op": "PrimOp". "name": "infixAdd(Int. Int): Int". "out": {"any": [0]}. "in": {"any": [1. 0]}}')
+418: i47 = getfield_gc_i(p45, descr=<FieldS rpyeffect.value.IntValue.inst_value 8 pure>)
+422: i49 = int_add(i47, 1)
debug_merge_point(0, 0, '4385<test_bench_koka_counter.rpyeffect:52([k@[#183]#185])>+2: {"op": "Const". "type": "ptr". "out": 1. "format": "string". "value": "Name(import$std/core/hnd)"}')
debug_merge_point(0, 0, '4385<test_bench_koka_counter.rpyeffect:52([k@[#183]#185])>+3: {"op": "PrimOp". "name": "getGlobal(String): Ptr". "out": {"any": [1]}. "in": {"any": [1]}}')
debug_merge_point(0, 0, '4385<test_bench_koka_counter.rpyeffect:52([k@[#183]#185])>+4: {"op": "Jump". "target": 4412}')
debug_merge_point(0, 0, '4412<test_bench_koka_counter.rpyeffect:79([mcore:[#153]#138])>+0: {"op": "Const". "type": "ptr". "out": 1. "format": "int". "value": "<IntValue object at 0x37f792c0>"}')
debug_merge_point(0, 0, '4412<test_bench_koka_counter.rpyeffect:79([mcore:[#153]#138])>+1: {"op": "Const". "type": "ptr". "out": 2. "format": "string". "value": "Name(import$std/core/hnd)"}')
debug_merge_point(0, 0, '4412<test_bench_koka_counter.rpyeffect:79([mcore:[#153]#138])>+2: {"op": "PrimOp". "name": "getGlobal(String): Ptr". "out": {"any": [2]}. "in": {"any": [2]}}')
debug_merge_point(0, 0, '4412<test_bench_koka_counter.rpyeffect:79([mcore:[#153]#138])>+3: {"op": "Push". "target": 4411. "args": {"any": [1. 0]}}')
debug_merge_point(0, 0, '4412<test_bench_koka_counter.rpyeffect:79([mcore:[#153]#138])>+4: {"op": "Copy". "type": "any". "from": 2. "to". 0}')
debug_merge_point(0, 0, '4412<test_bench_koka_counter.rpyeffect:79([mcore:[#153]#138])>+5: {"op": "Jump". "target": 4380}')
debug_merge_point(0, 0, '4380<test_bench_koka_counter.rpyeffect:47([mcore:[#123]#124])>+0: {"op": "Const". "type": "ptr". "out": 0. "format": "string". "value": "Name(import$std/core/hnd)"}')
debug_merge_point(0, 0, '4380<test_bench_koka_counter.rpyeffect:47([mcore:[#123]#124])>+1: {"op": "PrimOp". "name": "getGlobal(String): Ptr". "out": {"any": [0]}. "in": {"any": [0]}}')
debug_merge_point(0, 0, '4380<test_bench_koka_counter.rpyeffect:47([mcore:[#123]#124])>+2: {"op": "CallLib". "lib": "0". "symbol": "getCurrentEvv"}')
debug_merge_point(0, 0, '301<std_core_hnd.rpyeffect:0(Name(getCurrentEvv))>+0: {"op": "Const". "type": "ptr". "out": 0. "format": "string". "value": "current-evv"}')
+426: p50 = new_with_vtable(descr=<SizeDescr 48>)
+467: p51 = new_with_vtable(descr=<SizeDescr 16>)
+478: setfield_gc(p51, i49, descr=<FieldS rpyeffect.value.IntValue.inst_value 8 pure>)
+482: setfield_gc(p50, 4411, descr=<FieldS rpyeffect.stored_environment.Stack__arb.inst_target 16 pure>)
+490: setfield_gc(p50, p46, descr=<FieldP rpyeffect.stored_environment.Stack__arb.inst_tail 8 pure>)
+501: setfield_gc(p50, ConstPtr(ptr53), descr=<FieldP rpyeffect.stored_environment.Stack__2.inst_values_ptr_0 32 pure>)
+505: setfield_gc(p50, p51, descr=<FieldP rpyeffect.stored_environment.Stack__2.inst_values_ptr_1 40 pure>)
+524: jump(p0, p50, p2, p3, p4, ConstPtr(ptr54), ConstPtr(ptr53), ConstPtr(ptr55), p13, p15, p17, p19, p21, p23, p25, p27, p29, p31, p33, p35, p37, descr=TargetToken(939020832))
+704: --end of the loop--
[62666eab7ef1] jit-log-opt-loop}
[62666edeb2ad] {jit-log-opt-loop
# Loop 4 (341<std_core_hnd.rpyeffect:40(Name(elt))>+0: {"op": "Switch", "scrutinee": 1, "values": [<IntValue object at 0x7fb38af7de50>], "targets": [339], "default": 340}) : entry bridge with 147 ops
[p0, p1, p2, p3, p4]
+349: p5 = getfield_gc_r(p2, descr=<FieldP rpyeffect.environment.Environment.inst_values_ptr 16>)
+360: p7 = getarrayitem_gc_r(p5, 0, descr=<ArrayP 8>)
+364: p9 = getarrayitem_gc_r(p5, 1, descr=<ArrayP 8>)
+368: p11 = getarrayitem_gc_r(p5, 2, descr=<ArrayP 8>)
+372: p13 = getarrayitem_gc_r(p5, 3, descr=<ArrayP 8>)
+376: p15 = getarrayitem_gc_r(p5, 4, descr=<ArrayP 8>)
+380: p17 = getarrayitem_gc_r(p5, 5, descr=<ArrayP 8>)
+384: p19 = getarrayitem_gc_r(p5, 6, descr=<ArrayP 8>)
+388: p21 = getarrayitem_gc_r(p5, 7, descr=<ArrayP 8>)
+392: p23 = getarrayitem_gc_r(p5, 8, descr=<ArrayP 8>)
+396: p25 = getarrayitem_gc_r(p5, 9, descr=<ArrayP 8>)
+400: p27 = getarrayitem_gc_r(p5, 10, descr=<ArrayP 8>)
+404: p29 = getarrayitem_gc_r(p5, 11, descr=<ArrayP 8>)
+408: p31 = getarrayitem_gc_r(p5, 12, descr=<ArrayP 8>)
+419: p33 = getarrayitem_gc_r(p5, 13, descr=<ArrayP 8>)
+430: p35 = getarrayitem_gc_r(p5, 14, descr=<ArrayP 8>)
+444: p37 = getarrayitem_gc_r(p5, 15, descr=<ArrayP 8>)
debug_merge_point(0, 0, '341<std_core_hnd.rpyeffect:40(Name(elt))>+0: {"op": "Switch". "scrutinee": 1. "values": [<IntValue object at 0x7fb38af7de50>]. "targets": [339]. "default": 340}')
+458: guard_not_invalidated(descr=<Guard0x37fa3d18>) [p2, p7, p9, p11, p13, p15, p17, p19, p21, p23, p25, p27, p29, p31, p33, p35, p37, p0, p1, p3, p4]
+458: guard_nonnull_class(p9, ConstClass(IntValue), descr=<Guard0x37fa3d60>) [p2, p7, p9, p11, p13, p15, p17, p19, p21, p23, p25, p27, p29, p31, p33, p35, p37, p0, p1, p3, p4]
+476: i39 = getfield_gc_i(p9, descr=<FieldS rpyeffect.value.IntValue.inst_value 8 pure>)
+480: i41 = int_eq(i39, 0)
+484: guard_true(i41, descr=<Guard0x37fcb190>) [p2, p7, p9, p11, p13, p15, p17, p19, p21, p23, p25, p27, p29, p31, p33, p35, p37, p0, p1, p3, p4]
debug_merge_point(0, 0, '339<std_core_hnd.rpyeffect:38([switch case for Int(0)#100])>+0: {"op": "Proj". "out": 0. "type": Interned(evv). "scrutinee": 0. "tag": Interned(cons). "field": 0. "field_type": "any"}')
+490: p42 = getfield_gc_r(p7, descr=<FieldP rpyeffect.data.Data.inst_tag 8>)
+508: guard_value(p42, ConstPtr(ptr43), descr=<Guard0x37fcb1c0>) [p2, p7, p9, p11, p13, p15, p17, p19, p21, p23, p25, p27, p29, p31, p33, p35, p37, p0, p1, p3, p4]
+517: guard_class(p7, ConstClass(Data__2), descr=<Guard0x37fcb1f0>) [p2, p7, p9, p11, p13, p15, p17, p19, p21, p23, p25, p27, p29, p31, p33, p35, p37, p0, p1, p3, p4]
+529: p45 = getfield_gc_r(p7, descr=<FieldP rpyeffect.stored_environment.Data__2.inst_values_ptr_0 24 pure>)
debug_merge_point(0, 0, '339<std_core_hnd.rpyeffect:38([switch case for Int(0)#100])>+1: {"op": "Return". "args": {"any": [0]}}')
+533: guard_nonnull(p1, descr=<Guard0x37fcb220>) [p2, p7, p9, p11, p13, p15, p17, p19, p21, p23, p25, p27, p29, p31, p33, p35, p37, p0, p1, p3, p4]
+547: i46 = getfield_gc_i(p1, descr=<FieldS rpyeffect.stored_environment.Stack__arb.inst_target 16 pure>)
+565: guard_value(i46, 4395, descr=<Guard0x37fcb250>) [p2, p7, p9, p11, p13, p15, p17, p19, p21, p23, p25, p27, p29, p31, p33, p35, p37, p0, p1, p3, p4]
+578: p48 = getfield_gc_r(p1, descr=<FieldP rpyeffect.stored_environment.Stack__2.inst_values_ptr_0 32 pure>)
+582: p49 = getfield_gc_r(p1, descr=<FieldP rpyeffect.stored_environment.Stack__2.inst_values_ptr_1 40 pure>)
+593: p50 = getfield_gc_r(p1, descr=<FieldP rpyeffect.stored_environment.Stack__arb.inst_tail 8 pure>)
debug_merge_point(0, 0, '4395<test_bench_koka_counter.rpyeffect:62([#183])>+0: {"op": "Push". "target": 4385. "args": {"any": [1]}}')
debug_merge_point(0, 0, '4395<test_bench_koka_counter.rpyeffect:62([#183])>+1: {"op": "Copy". "type": "any". "from": 2. "to". 1}')
debug_merge_point(0, 0, '4395<test_bench_koka_counter.rpyeffect:62([#183])>+2: {"op": "Match". "type": Interned(std/core/hnd/ev). "scrutinee": 0. "clauses": [{"tag": Interned(std/core/hnd/Ev). "target": 4394. "args": {"any": [2. 3. 4. 5]}}]. "default": {"tag": Interned(73ad63d0-f012-418d-adc4-4e4ed1faf172#[Missing Tag#616]). "target": 4386. "args": {"any": []}}}')
+604: p51 = getfield_gc_r(p45, descr=<FieldP rpyeffect.data.Data.inst_tag 8>)
+629: guard_value(p51, ConstPtr(ptr52), descr=<Guard0x37fcb280>) [p2, p7, p9, p11, p13, p15, p17, p19, p21, p23, p25, p27, p29, p31, p33, p35, p37, p0, p1, p3, p4]
+638: p53 = getfield_gc_r(p45, descr=<FieldP rpyeffect.stored_environment.Data__4.inst_values_ptr_0 24 pure>)
+638: p54 = getfield_gc_r(p45, descr=<FieldP rpyeffect.stored_environment.Data__4.inst_values_ptr_1 32 pure>)
+638: p55 = getfield_gc_r(p45, descr=<FieldP rpyeffect.stored_environment.Data__4.inst_values_ptr_2 40 pure>)
+642: p56 = getfield_gc_r(p45, descr=<FieldP rpyeffect.stored_environment.Data__4.inst_values_ptr_3 48 pure>)
debug_merge_point(0, 0, '4394<test_bench_koka_counter.rpyeffect:61([match_std/core/hnd/Ev@[#183]#196])>+0: {"op": "Copy". "type": "any". "from": 1. "to". 2}')
debug_merge_point(0, 0, '4394<test_bench_koka_counter.rpyeffect:61([match_std/core/hnd/Ev@[#183]#196])>+1: {"op": "Copy". "type": "any". "from": 0. "to". 1}')
debug_merge_point(0, 0, '4394<test_bench_koka_counter.rpyeffect:61([match_std/core/hnd/Ev@[#183]#196])>+2: {"op": "Copy". "type": "any". "from": 3. "to". 0}')
debug_merge_point(0, 0, '4394<test_bench_koka_counter.rpyeffect:61([match_std/core/hnd/Ev@[#183]#196])>+3: {"op": "Match". "type": Interned(test/bench/koka/counter/st). "scrutinee": 4. "clauses": [{"tag": Interned(test/bench/koka/counter/@Hnd-st). "target": 4393. "args": {"any": [3. 4. 5]}}]. "default": {"tag": Interned(73ad63d0-f012-418d-adc4-4e4ed1faf172#[Missing Tag#615]). "target": 4388. "args": {"any": []}}}')
+646: p57 = getfield_gc_r(p55, descr=<FieldP rpyeffect.data.Data.inst_tag 8>)
+671: guard_value(p57, ConstPtr(ptr58), descr=<Guard0x37fcb2b0>) [p2, p7, p9, p11, p13, p15, p17, p19, p21, p23, p25, p27, p29, p31, p33, p35, p37, p0, p1, p3, p4]
+680: p59 = getfield_gc_r(p55, descr=<FieldP rpyeffect.stored_environment.Data__3.inst_values_ptr_0 24 pure>)
+680: p60 = getfield_gc_r(p55, descr=<FieldP rpyeffect.stored_environment.Data__3.inst_values_ptr_1 32 pure>)
+680: p61 = getfield_gc_r(p55, descr=<FieldP rpyeffect.stored_environment.Data__3.inst_values_ptr_2 40 pure>)
debug_merge_point(0, 0, '4393<test_bench_koka_counter.rpyeffect:60([#201])>+0: {"op": "Match". "type": Interned(std/core/hnd/clause1). "scrutinee": 5. "clauses": [{"tag": Interned(std/core/hnd/Clause1). "target": 4392. "args": {"any": [3]}}]. "default": {"tag": Interned(73ad63d0-f012-418d-adc4-4e4ed1faf172#[Missing Tag#614]). "target": 4390. "args": {"any": []}}}')
+684: p62 = getfield_gc_r(p61, descr=<FieldP rpyeffect.data.Data.inst_tag 8>)
+695: guard_value(p62, ConstPtr(ptr63), descr=<Guard0x37fcb2e0>) [p2, p7, p9, p11, p13, p15, p17, p19, p21, p23, p25, p27, p29, p31, p33, p35, p37, p0, p1, p3, p4]
+704: p64 = getfield_gc_r(p61, descr=<FieldP rpyeffect.stored_environment.Data__1.inst_values_ptr_0 24 pure>)
debug_merge_point(0, 0, '4392<test_bench_koka_counter.rpyeffect:59([match_std/core/hnd/Clause1@[#201]#206])>+0: {"op": "Invoke". "receiver": 3. "tag": Interned(apply). "args" : {"any": [0. 1. 2]}}')
+708: p65 = getfield_gc_r(p64, descr=<FieldP rpyeffect.codata.CoData.inst_vtable 8 pure>)
+726: guard_value(p65, ConstPtr(ptr66), descr=<Guard0x37fcb310>) [p2, p7, p9, p11, p13, p15, p17, p19, p21, p23, p25, p27, p29, p31, p33, p35, p37, p0, p1, p3, p4]
+735: p67 = getfield_gc_r(p64, descr=<FieldP rpyeffect.stored_environment.CoData__1.inst_values_ptr_0 24 pure>)
debug_merge_point(0, 0, '1137<std_core_hnd.rpyeffect:836([method_apply@[mcore:[#1246]#2328]#2333])>+0: {"op": "Const". "type": "ptr". "out": 4. "format": "string". "value": "Name(import$std/core/hnd)"}')
debug_merge_point(0, 0, '1137<std_core_hnd.rpyeffect:836([method_apply@[mcore:[#1246]#2328]#2333])>+1: {"op": "PrimOp". "name": "getGlobal(String): Ptr". "out": {"any": [4]}. "in": {"any": [4]}}')
debug_merge_point(0, 0, '1137<std_core_hnd.rpyeffect:836([method_apply@[mcore:[#1246]#2328]#2333])>+2: {"op": "Swap". "type": "any". "a": 3. "b". 4}')
debug_merge_point(0, 0, '1137<std_core_hnd.rpyeffect:836([method_apply@[mcore:[#1246]#2328]#2333])>+3: {"op": "Jump". "target": 1136}')
debug_merge_point(0, 0, '1136<std_core_hnd.rpyeffect:835([mcore:[#1244]#2291])>+0: {"op": "Push". "target": 1132. "args": {"any": [1. 4. 2]}}')
debug_merge_point(0, 0, '1136<std_core_hnd.rpyeffect:835([mcore:[#1244]#2291])>+1: {"op": "Match". "type": Interned(std/core/hnd/ev). "scrutinee": 1. "clauses": [{"tag": Interned(std/core/hnd/Ev). "target": 1135. "args": {"any": [0. 1. 2. 3]}}]. "default": {"tag": Interned(b39bc5c9-11f1-4288-a06b-7e114349574d#[Missing Tag#3077]). "target": 1133. "args": {"any": []}}}')
debug_merge_point(0, 0, '1135<std_core_hnd.rpyeffect:834([#2321])>+0: {"op": "Const". "type": "ptr". "out": 0. "format": "string". "value": "Name(import$std/core/hnd)"}')
debug_merge_point(0, 0, '1135<std_core_hnd.rpyeffect:834([#2321])>+1: {"op": "PrimOp". "name": "getGlobal(String): Ptr". "out": {"any": [0]}. "in": {"any": [0]}}')
debug_merge_point(0, 0, '1135<std_core_hnd.rpyeffect:834([#2321])>+2: {"op": "Copy". "type": "any". "from": 0. "to". 1}')
debug_merge_point(0, 0, '1135<std_core_hnd.rpyeffect:834([#2321])>+3: {"op": "Copy". "type": "any". "from": 3. "to". 0}')
debug_merge_point(0, 0, '1135<std_core_hnd.rpyeffect:834([#2321])>+4: {"op": "Jump". "target": 1121}')
debug_merge_point(0, 0, '1121<std_core_hnd.rpyeffect:820([mcore:[#1233]#2277])>+0: {"op": "Const". "type": "ptr". "out": 1. "format": "string". "value": "Name(import$std/core/hnd)"}')
debug_merge_point(0, 0, '1121<std_core_hnd.rpyeffect:820([mcore:[#1233]#2277])>+1: {"op": "PrimOp". "name": "getGlobal(String): Ptr". "out": {"any": [1]}. "in": {"any": [1]}}')
debug_merge_point(0, 0, '1121<std_core_hnd.rpyeffect:820([mcore:[#1233]#2277])>+2: {"op": "CallLib". "lib": "1". "symbol": "swapCurrentEvv"}')
debug_merge_point(0, 0, '303<std_core_hnd.rpyeffect:2(Name(swapCurrentEvv))>+0: {"op": "Const". "type": "ptr". "out": 1. "format": "string". "value": "current-evv"}')
debug_merge_point(0, 0, '303<std_core_hnd.rpyeffect:2(Name(swapCurrentEvv))>+1: {"op": "PrimOp". "name": "getGlobal(String): Ptr". "out": {"any": [1]}. "in": {"any": [1]}}')
debug_merge_point(0, 0, '303<std_core_hnd.rpyeffect:2(Name(swapCurrentEvv))>+2: {"op": "PrimOp". "name": "getRef(Ref[Ptr]): Ptr". "out": {"any": [2]}. "in": {"any": [1]}}')
+746: p69 = getfield_gc_r(ConstPtr(ptr68), descr=<FieldP rpyeffect.region.Ref.inst_value 16>)
+750: guard_nonnull_class(p69, ConstClass(Data__2), descr=<Guard0x37fa3da8>) [p2, p7, p9, p11, p13, p15, p17, p19, p21, p23, p25, p27, p29, p31, p33, p35, p37, p0, p1, p3, p4]
debug_merge_point(0, 0, '303<std_core_hnd.rpyeffect:2(Name(swapCurrentEvv))>+3: {"op": "PrimOp". "name": "setRef(Ref[Ptr]. Ptr): Unit". "out": {"any": [0]}. "in": {"any": [1. 0]}}')
debug_merge_point(0, 0, '303<std_core_hnd.rpyeffect:2(Name(swapCurrentEvv))>+4: {"op": "Copy". "type": "any". "from": 2. "to". 0}')
debug_merge_point(0, 0, '303<std_core_hnd.rpyeffect:2(Name(swapCurrentEvv))>+5: {"op": "Return". "args": {"any": [0]}}')
debug_merge_point(0, 0, '1132<std_core_hnd.rpyeffect:831([k@[mcore:[#1244]#2291]#2293])>+0: {"op": "Push". "target": 1131. "args": {"any": [1. 0]}}')
debug_merge_point(0, 0, '1132<std_core_hnd.rpyeffect:831([k@[mcore:[#1244]#2291]#2293])>+1: {"op": "Copy". "type": "any". "from": 3. "to". 0}')
debug_merge_point(0, 0, '1132<std_core_hnd.rpyeffect:831([k@[mcore:[#1244]#2291]#2293])>+2: {"op": "Invoke". "receiver": 2. "tag": Interned(apply). "args" : {"any": [0]}}')
+768: p71 = getfield_gc_r(p67, descr=<FieldP rpyeffect.codata.CoData.inst_vtable 8 pure>)
+782: setfield_gc(ConstPtr(ptr72), p56, descr=<FieldP rpyeffect.region.Ref.inst_value 16>)
+793: guard_value(p71, ConstPtr(ptr73), descr=<Guard0x37fa3df0>) [p2, p49, p45, p67, p61, p19, p21, p23, p25, p27, p29, p31, p33, p35, p37, p0, p3, p4, p71, p48, p50, p69]
+802: p74 = getfield_gc_r(p67, descr=<FieldP rpyeffect.stored_environment.CoData__1.inst_values_ptr_0 24 pure>)
debug_merge_point(0, 0, '4420<test_bench_koka_counter.rpyeffect:87([method_apply@[k@[mcore:[#177]#245]#256]#260])>+0: {"op": "Jump". "target": 4417}')
debug_merge_point(0, 0, '4417<test_bench_koka_counter.rpyeffect:84([mcore:[#170]#243])>+0: {"op": "PrimOp". "name": "setRef(Ref[Ptr]. Ptr): Unit". "out": {"any": [0]}. "in": {"any": [1. 0]}}')
+806: p75 = getfield_gc_r(p74, descr=<FieldP rpyeffect.region.Ref.inst_allocation_site 8 pure>)
+817: guard_value(p75, ConstPtr(ptr76), descr=<Guard0x37fcb340>) [p2, p49, p45, p67, p61, p19, p21, p23, p25, p27, p29, p31, p33, p35, p37, p0, p3, p4, p71, p48, p50, p69]
+826: p77 = getfield_gc_r(p74, descr=<FieldP rpyeffect.region.Ref.inst_value 16>)
+830: guard_nonnull_class(p49, ConstClass(IntValue), descr=<Guard0x37fa3e38>) [p2, p49, p45, p67, p61, p19, p21, p23, p25, p27, p29, p31, p33, p35, p37, p0, p3, p4, p71, p48, p50, p69]
+849: i79 = getfield_gc_i(p49, descr=<FieldS rpyeffect.value.IntValue.inst_value 8 pure>)
debug_merge_point(0, 0, '4417<test_bench_koka_counter.rpyeffect:84([mcore:[#170]#243])>+1: {"op": "Return". "args": {"any": [0]}}')
debug_merge_point(0, 0, '1131<std_core_hnd.rpyeffect:830([k@[k@[mcore:[#1244]#2291]#2293]#2295])>+0: {"op": "Const". "type": "ptr". "out": 3. "format": "bool". "value": "<BoolValue object at 0x37aa4610>"}')
debug_merge_point(0, 0, '1131<std_core_hnd.rpyeffect:830([k@[k@[mcore:[#1244]#2291]#2293]#2295])>+1: {"op": "Swap". "type": "any". "a": 0. "b". 1}')
debug_merge_point(0, 0, '1131<std_core_hnd.rpyeffect:830([k@[k@[mcore:[#1244]#2291]#2293]#2295])>+2: {"op": "Swap". "type": "any". "a": 2. "b". 1}')
debug_merge_point(0, 0, '1131<std_core_hnd.rpyeffect:830([k@[k@[mcore:[#1244]#2291]#2293]#2295])>+3: {"op": "Switch". "scrutinee": 3. "values": [<BoolValue object at 0x37aa4600>]. "targets": [1126]. "default": 1130}')
debug_merge_point(0, 0, '1130<std_core_hnd.rpyeffect:829([switch default case#2310])>+0: {"op": "Const". "type": "ptr". "out": 0. "format": "bool". "value": "<BoolValue object at 0x37aa4630>"}')
debug_merge_point(0, 0, '1130<std_core_hnd.rpyeffect:829([switch default case#2310])>+1: {"op": "Swap". "type": "any". "a": 0. "b". 1}')
debug_merge_point(0, 0, '1130<std_core_hnd.rpyeffect:829([switch default case#2310])>+2: {"op": "Swap". "type": "any". "a": 2. "b". 1}')
debug_merge_point(0, 0, '1130<std_core_hnd.rpyeffect:829([switch default case#2310])>+3: {"op": "Switch". "scrutinee": 2. "values": [<BoolValue object at 0x37aa4620>]. "targets": [1128]. "default": 1129}')
debug_merge_point(0, 0, '1128<std_core_hnd.rpyeffect:827([switch case for Bool(false)#2312])>+0: {"op": "Const". "type": "ptr". "out": 2. "format": "string". "value": "Name(import$std/core/hnd)"}')
debug_merge_point(0, 0, '1128<std_core_hnd.rpyeffect:827([switch case for Bool(false)#2312])>+1: {"op": "PrimOp". "name": "getGlobal(String): Ptr". "out": {"any": [2]}. "in": {"any": [2]}}')
debug_merge_point(0, 0, '1128<std_core_hnd.rpyeffect:827([switch case for Bool(false)#2312])>+2: {"op": "Push". "target": 1127. "args": {"any": [1]}}')
debug_merge_point(0, 0, '1128<std_core_hnd.rpyeffect:827([switch case for Bool(false)#2312])>+3: {"op": "Copy". "type": "any". "from": 2. "to". 1}')
debug_merge_point(0, 0, '1128<std_core_hnd.rpyeffect:827([switch case for Bool(false)#2312])>+4: {"op": "Jump". "target": 1123}')
debug_merge_point(0, 0, '1123<std_core_hnd.rpyeffect:822([mcore:[#1243]#2286])>+0: {"op": "Const". "type": "ptr". "out": 1. "format": "string". "value": "Name(import$std/core/hnd)"}')
debug_merge_point(0, 0, '1123<std_core_hnd.rpyeffect:822([mcore:[#1243]#2286])>+1: {"op": "PrimOp". "name": "getGlobal(String): Ptr". "out": {"any": [1]}. "in": {"any": [1]}}')
debug_merge_point(0, 0, '1123<std_core_hnd.rpyeffect:822([mcore:[#1243]#2286])>+2: {"op": "CallLib". "lib": "1". "symbol": "setCurrentEvv"}')
debug_merge_point(0, 0, '302<std_core_hnd.rpyeffect:1(Name(setCurrentEvv))>+0: {"op": "Const". "type": "ptr". "out": 1. "format": "string". "value": "current-evv"}')
debug_merge_point(0, 0, '302<std_core_hnd.rpyeffect:1(Name(setCurrentEvv))>+1: {"op": "PrimOp". "name": "getGlobal(String): Ptr". "out": {"any": [1]}. "in": {"any": [1]}}')
debug_merge_point(0, 0, '302<std_core_hnd.rpyeffect:1(Name(setCurrentEvv))>+2: {"op": "PrimOp". "name": "setRef(Ref[Ptr]. Ptr): Unit". "out": {"any": [0]}. "in": {"any": [1. 0]}}')
debug_merge_point(0, 0, '302<std_core_hnd.rpyeffect:1(Name(setCurrentEvv))>+3: {"op": "Return". "args": {"any": [0]}}')
debug_merge_point(0, 0, '1127<std_core_hnd.rpyeffect:826([k@[switch case for Bool(false)#2312]#2317])>+0: {"op": "Copy". "type": "any". "from": 1. "to". 0}')
debug_merge_point(0, 0, '1127<std_core_hnd.rpyeffect:826([k@[switch case for Bool(false)#2312]#2317])>+1: {"op": "Return". "args": {"any": [0]}}')
debug_merge_point(0, 0, '4385<test_bench_koka_counter.rpyeffect:52([k@[#183]#185])>+0: {"op": "Const". "type": "ptr". "out": 0. "format": "int". "value": "<IntValue object at 0x37f78560>"}')
debug_merge_point(0, 0, '4385<test_bench_koka_counter.rpyeffect:52([k@[#183]#185])>+1: {"op": "PrimOp". "name": "infixAdd(Int. Int): Int". "out": {"any": [0]}. "in": {"any": [1. 0]}}')
+853: i80 = getfield_gc_i(p48, descr=<FieldS rpyeffect.value.IntValue.inst_value 8 pure>)
+857: i82 = int_add(i80, 1)
debug_merge_point(0, 0, '4385<test_bench_koka_counter.rpyeffect:52([k@[#183]#185])>+2: {"op": "Const". "type": "ptr". "out": 1. "format": "string". "value": "Name(import$std/core/hnd)"}')
debug_merge_point(0, 0, '4385<test_bench_koka_counter.rpyeffect:52([k@[#183]#185])>+3: {"op": "PrimOp". "name": "getGlobal(String): Ptr". "out": {"any": [1]}. "in": {"any": [1]}}')
debug_merge_point(0, 0, '4385<test_bench_koka_counter.rpyeffect:52([k@[#183]#185])>+4: {"op": "Jump". "target": 4412}')
debug_merge_point(0, 0, '4412<test_bench_koka_counter.rpyeffect:79([mcore:[#153]#138])>+0: {"op": "Const". "type": "ptr". "out": 1. "format": "int". "value": "<IntValue object at 0x37f792c0>"}')
debug_merge_point(0, 0, '4412<test_bench_koka_counter.rpyeffect:79([mcore:[#153]#138])>+1: {"op": "Const". "type": "ptr". "out": 2. "format": "string". "value": "Name(import$std/core/hnd)"}')
debug_merge_point(0, 0, '4412<test_bench_koka_counter.rpyeffect:79([mcore:[#153]#138])>+2: {"op": "PrimOp". "name": "getGlobal(String): Ptr". "out": {"any": [2]}. "in": {"any": [2]}}')
debug_merge_point(0, 0, '4412<test_bench_koka_counter.rpyeffect:79([mcore:[#153]#138])>+3: {"op": "Push". "target": 4411. "args": {"any": [1. 0]}}')
debug_merge_point(0, 0, '4412<test_bench_koka_counter.rpyeffect:79([mcore:[#153]#138])>+4: {"op": "Copy". "type": "any". "from": 2. "to". 0}')
debug_merge_point(0, 0, '4412<test_bench_koka_counter.rpyeffect:79([mcore:[#153]#138])>+5: {"op": "Jump". "target": 4380}')
debug_merge_point(0, 0, '4380<test_bench_koka_counter.rpyeffect:47([mcore:[#123]#124])>+0: {"op": "Const". "type": "ptr". "out": 0. "format": "string". "value": "Name(import$std/core/hnd)"}')
debug_merge_point(0, 0, '4380<test_bench_koka_counter.rpyeffect:47([mcore:[#123]#124])>+1: {"op": "PrimOp". "name": "getGlobal(String): Ptr". "out": {"any": [0]}. "in": {"any": [0]}}')
debug_merge_point(0, 0, '4380<test_bench_koka_counter.rpyeffect:47([mcore:[#123]#124])>+2: {"op": "CallLib". "lib": "0". "symbol": "getCurrentEvv"}')
debug_merge_point(0, 0, '301<std_core_hnd.rpyeffect:0(Name(getCurrentEvv))>+0: {"op": "Const". "type": "ptr". "out": 0. "format": "string". "value": "current-evv"}')
+861: p83 = new_with_vtable(descr=<SizeDescr 48>)
+908: p84 = new_with_vtable(descr=<SizeDescr 16>)
+919: setfield_gc(p84, i82, descr=<FieldS rpyeffect.value.IntValue.inst_value 8 pure>)
+923: setfield_gc(p83, 4411, descr=<FieldS rpyeffect.stored_environment.Stack__arb.inst_target 16 pure>)
+938: setfield_gc(p83, ConstPtr(ptr86), descr=<FieldP rpyeffect.stored_environment.Stack__2.inst_values_ptr_0 32 pure>)
+942: setfield_gc(p83, p84, descr=<FieldP rpyeffect.stored_environment.Stack__2.inst_values_ptr_1 40 pure>)
+946: setfield_gc(p83, p50, descr=<FieldP rpyeffect.stored_environment.Stack__arb.inst_tail 8 pure>)
+961: setfield_gc(ConstPtr(ptr87), p69, descr=<FieldP rpyeffect.region.Ref.inst_value 16>)
+965: setfield_gc(p77, i79, descr=<FieldS rpyeffect.value.UnboxedIntValueRef.inst_value 8>)
+991: jump(p0, p83, p2, p3, p4, ConstPtr(ptr88), ConstPtr(ptr86), ConstPtr(ptr89), ConstPtr(ptr90), p67, p61, p19, p21, p23, p25, p27, p29, p31, p33, p35, p37, descr=TargetToken(939020832))
+1200: --end of the loop--
[62666ee3acfc] jit-log-opt-loop}
[62666f1f52d9] {jit-log-opt-bridge
# bridge out of Guard 0x37fb5d60 with 127 ops
[p0, p1, p2, p3, p4, p5, p6, p7, p8, p9, p10, p11, p12, p13, p14, p15, p16, p17, p18, p19, p20]
+238: guard_not_invalidated(descr=<Guard0x37fa3e80>) [p0, p1, p2, p3, p4, p5, p6, p7, p8, p9, p10, p11, p12, p13, p14, p15, p16, p17, p18, p19, p20]
debug_merge_point(0, 0, '301<std_core_hnd.rpyeffect:0(Name(getCurrentEvv))>+1: {"op": "PrimOp". "name": "getGlobal(String): Ptr". "out": {"any": [0]}. "in": {"any": [0]}}')
debug_merge_point(0, 0, '301<std_core_hnd.rpyeffect:0(Name(getCurrentEvv))>+2: {"op": "PrimOp". "name": "getRef(Ref[Ptr]): Ptr". "out": {"any": [0]}. "in": {"any": [0]}}')
+245: p22 = getfield_gc_r(ConstPtr(ptr21), descr=<FieldP rpyeffect.region.Ref.inst_value 16>)
+256: guard_value(p22, ConstPtr(ptr23), descr=<Guard0x37fa3ec8>) [p0, p1, p2, p3, p4, p5, p6, p7, p8, p9, p10, p11, p12, p13, p14, p15, p16, p17, p18, p19, p20]
debug_merge_point(0, 0, '301<std_core_hnd.rpyeffect:0(Name(getCurrentEvv))>+3: {"op": "Return". "args": {"any": [0]}}')
+265: guard_nonnull(p18, descr=<Guard0x37fcb520>) [p0, p1, p2, p3, p4, p5, p6, p7, p8, p9, p10, p11, p12, p13, p14, p15, p16, p17, p18, p19, p20]
+274: i24 = getfield_gc_i(p18, descr=<FieldS rpyeffect.stored_environment.Stack__arb.inst_target 16 pure>)
+279: guard_value(i24, 4396, descr=<Guard0x37fcb550>) [p0, p1, p2, p3, p4, p5, p6, p7, p8, p9, p10, p11, p12, p13, p14, p15, p16, p17, p18, p19, p20]
+292: p26 = getfield_gc_r(p18, descr=<FieldP rpyeffect.stored_environment.Stack__3.inst_values_ptr_0 32 pure>)
+297: p27 = getfield_gc_r(p18, descr=<FieldP rpyeffect.stored_environment.Stack__3.inst_values_ptr_1 40 pure>)
+302: p28 = getfield_gc_r(p18, descr=<FieldP rpyeffect.stored_environment.Stack__3.inst_values_ptr_2 48 pure>)
+307: p29 = getfield_gc_r(p18, descr=<FieldP rpyeffect.stored_environment.Stack__arb.inst_tail 8 pure>)
debug_merge_point(0, 0, '4396<test_bench_koka_counter.rpyeffect:63([k@[switch case for Bool(false)#167]#175])>+0: {"op": "PrimOp". "name": "promote_ptr". "out": {"any": [0]}. "in": {"any": [0]}}')
+312: i31 = instance_ptr_eq(ConstPtr(ptr30), p22)
+315: guard_true(i31, descr=<Guard0x37fcb580>) [p0, p1, p2, p3, p4, p5, p6, p7, p8, p9, p10, p11, p12, p13, p14, p15, p16, p17, p18, p19, p20]
debug_merge_point(0, 0, '4396<test_bench_koka_counter.rpyeffect:63([k@[switch case for Bool(false)#167]#175])>+1: {"op": "Const". "type": "ptr". "out": 4. "format": "string". "value": "Name(import$std/core/hnd)"}')
debug_merge_point(0, 0, '4396<test_bench_koka_counter.rpyeffect:63([k@[switch case for Bool(false)#167]#175])>+2: {"op": "PrimOp". "name": "getGlobal(String): Ptr". "out": {"any": [4]}. "in": {"any": [4]}}')
debug_merge_point(0, 0, '4396<test_bench_koka_counter.rpyeffect:63([k@[switch case for Bool(false)#167]#175])>+3: {"op": "Push". "target": 4395. "args": {"any": [2. 3]}}')
debug_merge_point(0, 0, '4396<test_bench_koka_counter.rpyeffect:63([k@[switch case for Bool(false)#167]#175])>+4: {"op": "Copy". "type": "any". "from": 4. "to". 2}')
debug_merge_point(0, 0, '4396<test_bench_koka_counter.rpyeffect:63([k@[switch case for Bool(false)#167]#175])>+5: {"op": "Jump". "target": 4381}')
debug_merge_point(0, 0, '4381<test_bench_koka_counter.rpyeffect:48([mcore:[#139]#128])>+0: {"op": "Const". "type": "ptr". "out": 2. "format": "string". "value": "Name(import$std/core/hnd)"}')
debug_merge_point(0, 0, '4381<test_bench_koka_counter.rpyeffect:48([mcore:[#139]#128])>+1: {"op": "PrimOp". "name": "getGlobal(String): Ptr". "out": {"any": [2]}. "in": {"any": [2]}}')
debug_merge_point(0, 0, '4381<test_bench_koka_counter.rpyeffect:48([mcore:[#139]#128])>+2: {"op": "CallLib". "lib": "2". "symbol": "elt"}')
debug_merge_point(0, 0, '341<std_core_hnd.rpyeffect:40(Name(elt))>+0: {"op": "Switch". "scrutinee": 1. "values": [<IntValue object at 0x7fb38af7de50>]. "targets": [339]. "default": 340}')
+321: guard_nonnull_class(p26, ConstClass(IntValue), descr=<Guard0x37fa3f10>) [p0, p1, p2, p3, p4, p5, p6, p7, p8, p9, p10, p11, p12, p13, p14, p15, p16, p17, p18, p19, p20]
+339: i33 = getfield_gc_i(p26, descr=<FieldS rpyeffect.value.IntValue.inst_value 8 pure>)
+343: i35 = int_eq(i33, 0)
+347: guard_true(i35, descr=<Guard0x37fcb5b0>) [p0, p1, p2, p3, p4, p5, p6, p7, p8, p9, p10, p11, p12, p13, p14, p15, p16, p17, p18, p19, p20]
debug_merge_point(0, 0, '339<std_core_hnd.rpyeffect:38([switch case for Int(0)#100])>+0: {"op": "Proj". "out": 0. "type": Interned(evv). "scrutinee": 0. "tag": Interned(cons). "field": 0. "field_type": "any"}')
+353: p37 = getfield_gc_r(ConstPtr(ptr36), descr=<FieldP rpyeffect.data.Data.inst_tag 8>)
+364: guard_value(p37, ConstPtr(ptr38), descr=<Guard0x37fcb5e0>) [p0, p1, p2, p3, p4, p5, p6, p7, p8, p9, p10, p11, p12, p13, p14, p15, p16, p17, p18, p19, p20]
debug_merge_point(0, 0, '339<std_core_hnd.rpyeffect:38([switch case for Int(0)#100])>+1: {"op": "Return". "args": {"any": [0]}}')
debug_merge_point(0, 0, '4395<test_bench_koka_counter.rpyeffect:62([#183])>+0: {"op": "Push". "target": 4385. "args": {"any": [1]}}')
debug_merge_point(0, 0, '4395<test_bench_koka_counter.rpyeffect:62([#183])>+1: {"op": "Copy". "type": "any". "from": 2. "to". 1}')
debug_merge_point(0, 0, '4395<test_bench_koka_counter.rpyeffect:62([#183])>+2: {"op": "Match". "type": Interned(std/core/hnd/ev). "scrutinee": 0. "clauses": [{"tag": Interned(std/core/hnd/Ev). "target": 4394. "args": {"any": [2. 3. 4. 5]}}]. "default": {"tag": Interned(73ad63d0-f012-418d-adc4-4e4ed1faf172#[Missing Tag#616]). "target": 4386. "args": {"any": []}}}')
+380: p40 = getfield_gc_r(ConstPtr(ptr39), descr=<FieldP rpyeffect.data.Data.inst_tag 8>)
+391: guard_value(p40, ConstPtr(ptr41), descr=<Guard0x37fcb610>) [p0, p1, p2, p3, p4, p5, p6, p7, p8, p9, p10, p11, p12, p13, p14, p15, p16, p17, p18, p19, p20]
debug_merge_point(0, 0, '4394<test_bench_koka_counter.rpyeffect:61([match_std/core/hnd/Ev@[#183]#196])>+0: {"op": "Copy". "type": "any". "from": 1. "to". 2}')
debug_merge_point(0, 0, '4394<test_bench_koka_counter.rpyeffect:61([match_std/core/hnd/Ev@[#183]#196])>+1: {"op": "Copy". "type": "any". "from": 0. "to". 1}')
debug_merge_point(0, 0, '4394<test_bench_koka_counter.rpyeffect:61([match_std/core/hnd/Ev@[#183]#196])>+2: {"op": "Copy". "type": "any". "from": 3. "to". 0}')
debug_merge_point(0, 0, '4394<test_bench_koka_counter.rpyeffect:61([match_std/core/hnd/Ev@[#183]#196])>+3: {"op": "Match". "type": Interned(test/bench/koka/counter/st). "scrutinee": 4. "clauses": [{"tag": Interned(test/bench/koka/counter/@Hnd-st). "target": 4393. "args": {"any": [3. 4. 5]}}]. "default": {"tag": Interned(73ad63d0-f012-418d-adc4-4e4ed1faf172#[Missing Tag#615]). "target": 4388. "args": {"any": []}}}')
+407: p43 = getfield_gc_r(ConstPtr(ptr42), descr=<FieldP rpyeffect.data.Data.inst_tag 8>)
+418: guard_value(p43, ConstPtr(ptr44), descr=<Guard0x37fcb640>) [p0, p1, p2, p3, p4, p5, p6, p7, p8, p9, p10, p11, p12, p13, p14, p15, p16, p17, p18, p19, p20]
debug_merge_point(0, 0, '4393<test_bench_koka_counter.rpyeffect:60([#201])>+0: {"op": "Match". "type": Interned(std/core/hnd/clause1). "scrutinee": 5. "clauses": [{"tag": Interned(std/core/hnd/Clause1). "target": 4392. "args": {"any": [3]}}]. "default": {"tag": Interned(73ad63d0-f012-418d-adc4-4e4ed1faf172#[Missing Tag#614]). "target": 4390. "args": {"any": []}}}')
+434: p46 = getfield_gc_r(ConstPtr(ptr45), descr=<FieldP rpyeffect.data.Data.inst_tag 8>)
+445: guard_value(p46, ConstPtr(ptr47), descr=<Guard0x37fcb670>) [p0, p1, p2, p3, p4, p5, p6, p7, p8, p9, p10, p11, p12, p13, p14, p15, p16, p17, p18, p19, p20]
debug_merge_point(0, 0, '4392<test_bench_koka_counter.rpyeffect:59([match_std/core/hnd/Clause1@[#201]#206])>+0: {"op": "Invoke". "receiver": 3. "tag": Interned(apply). "args" : {"any": [0. 1. 2]}}')
debug_merge_point(0, 0, '1137<std_core_hnd.rpyeffect:836([method_apply@[mcore:[#1246]#2328]#2333])>+0: {"op": "Const". "type": "ptr". "out": 4. "format": "string". "value": "Name(import$std/core/hnd)"}')
debug_merge_point(0, 0, '1137<std_core_hnd.rpyeffect:836([method_apply@[mcore:[#1246]#2328]#2333])>+1: {"op": "PrimOp". "name": "getGlobal(String): Ptr". "out": {"any": [4]}. "in": {"any": [4]}}')
debug_merge_point(0, 0, '1137<std_core_hnd.rpyeffect:836([method_apply@[mcore:[#1246]#2328]#2333])>+2: {"op": "Swap". "type": "any". "a": 3. "b". 4}')
debug_merge_point(0, 0, '1137<std_core_hnd.rpyeffect:836([method_apply@[mcore:[#1246]#2328]#2333])>+3: {"op": "Jump". "target": 1136}')
debug_merge_point(0, 0, '1136<std_core_hnd.rpyeffect:835([mcore:[#1244]#2291])>+0: {"op": "Push". "target": 1132. "args": {"any": [1. 4. 2]}}')
debug_merge_point(0, 0, '1136<std_core_hnd.rpyeffect:835([mcore:[#1244]#2291])>+1: {"op": "Match". "type": Interned(std/core/hnd/ev). "scrutinee": 1. "clauses": [{"tag": Interned(std/core/hnd/Ev). "target": 1135. "args": {"any": [0. 1. 2. 3]}}]. "default": {"tag": Interned(b39bc5c9-11f1-4288-a06b-7e114349574d#[Missing Tag#3077]). "target": 1133. "args": {"any": []}}}')
debug_merge_point(0, 0, '1135<std_core_hnd.rpyeffect:834([#2321])>+0: {"op": "Const". "type": "ptr". "out": 0. "format": "string". "value": "Name(import$std/core/hnd)"}')
debug_merge_point(0, 0, '1135<std_core_hnd.rpyeffect:834([#2321])>+1: {"op": "PrimOp". "name": "getGlobal(String): Ptr". "out": {"any": [0]}. "in": {"any": [0]}}')
debug_merge_point(0, 0, '1135<std_core_hnd.rpyeffect:834([#2321])>+2: {"op": "Copy". "type": "any". "from": 0. "to". 1}')
debug_merge_point(0, 0, '1135<std_core_hnd.rpyeffect:834([#2321])>+3: {"op": "Copy". "type": "any". "from": 3. "to". 0}')
debug_merge_point(0, 0, '1135<std_core_hnd.rpyeffect:834([#2321])>+4: {"op": "Jump". "target": 1121}')
debug_merge_point(0, 0, '1121<std_core_hnd.rpyeffect:820([mcore:[#1233]#2277])>+0: {"op": "Const". "type": "ptr". "out": 1. "format": "string". "value": "Name(import$std/core/hnd)"}')
debug_merge_point(0, 0, '1121<std_core_hnd.rpyeffect:820([mcore:[#1233]#2277])>+1: {"op": "PrimOp". "name": "getGlobal(String): Ptr". "out": {"any": [1]}. "in": {"any": [1]}}')
debug_merge_point(0, 0, '1121<std_core_hnd.rpyeffect:820([mcore:[#1233]#2277])>+2: {"op": "CallLib". "lib": "1". "symbol": "swapCurrentEvv"}')
debug_merge_point(0, 0, '303<std_core_hnd.rpyeffect:2(Name(swapCurrentEvv))>+0: {"op": "Const". "type": "ptr". "out": 1. "format": "string". "value": "current-evv"}')
debug_merge_point(0, 0, '303<std_core_hnd.rpyeffect:2(Name(swapCurrentEvv))>+1: {"op": "PrimOp". "name": "getGlobal(String): Ptr". "out": {"any": [1]}. "in": {"any": [1]}}')
debug_merge_point(0, 0, '303<std_core_hnd.rpyeffect:2(Name(swapCurrentEvv))>+2: {"op": "PrimOp". "name": "getRef(Ref[Ptr]): Ptr". "out": {"any": [2]}. "in": {"any": [1]}}')
debug_merge_point(0, 0, '303<std_core_hnd.rpyeffect:2(Name(swapCurrentEvv))>+3: {"op": "PrimOp". "name": "setRef(Ref[Ptr]. Ptr): Unit". "out": {"any": [0]}. "in": {"any": [1. 0]}}')
debug_merge_point(0, 0, '303<std_core_hnd.rpyeffect:2(Name(swapCurrentEvv))>+4: {"op": "Copy". "type": "any". "from": 2. "to". 0}')
debug_merge_point(0, 0, '303<std_core_hnd.rpyeffect:2(Name(swapCurrentEvv))>+5: {"op": "Return". "args": {"any": [0]}}')
debug_merge_point(0, 0, '1132<std_core_hnd.rpyeffect:831([k@[mcore:[#1244]#2291]#2293])>+0: {"op": "Push". "target": 1131. "args": {"any": [1. 0]}}')
debug_merge_point(0, 0, '1132<std_core_hnd.rpyeffect:831([k@[mcore:[#1244]#2291]#2293])>+1: {"op": "Copy". "type": "any". "from": 3. "to". 0}')
debug_merge_point(0, 0, '1132<std_core_hnd.rpyeffect:831([k@[mcore:[#1244]#2291]#2293])>+2: {"op": "Invoke". "receiver": 2. "tag": Interned(apply). "args" : {"any": [0]}}')
debug_merge_point(0, 0, '4420<test_bench_koka_counter.rpyeffect:87([method_apply@[k@[mcore:[#177]#245]#256]#260])>+0: {"op": "Jump". "target": 4417}')
debug_merge_point(0, 0, '4417<test_bench_koka_counter.rpyeffect:84([mcore:[#170]#243])>+0: {"op": "PrimOp". "name": "setRef(Ref[Ptr]. Ptr): Unit". "out": {"any": [0]}. "in": {"any": [1. 0]}}')
+472: setfield_gc(ConstPtr(ptr48), ConstPtr(ptr49), descr=<FieldP rpyeffect.region.Ref.inst_value 16>)
+483: p51 = getfield_gc_r(ConstPtr(ptr50), descr=<FieldP rpyeffect.region.Ref.inst_value 16>)
+487: guard_nonnull_class(p28, ConstClass(IntValue), descr=<Guard0x37fa3f58>) [p0, p28, p7, p8, p9, p10, p11, p12, p13, p14, p15, p16, p17, p19, p20, p51, p27, p29]
+506: i53 = getfield_gc_i(p28, descr=<FieldS rpyeffect.value.IntValue.inst_value 8 pure>)
debug_merge_point(0, 0, '4417<test_bench_koka_counter.rpyeffect:84([mcore:[#170]#243])>+1: {"op": "Return". "args": {"any": [0]}}')
debug_merge_point(0, 0, '1131<std_core_hnd.rpyeffect:830([k@[k@[mcore:[#1244]#2291]#2293]#2295])>+0: {"op": "Const". "type": "ptr". "out": 3. "format": "bool". "value": "<BoolValue object at 0x37aa4610>"}')
debug_merge_point(0, 0, '1131<std_core_hnd.rpyeffect:830([k@[k@[mcore:[#1244]#2291]#2293]#2295])>+1: {"op": "Swap". "type": "any". "a": 0. "b". 1}')
debug_merge_point(0, 0, '1131<std_core_hnd.rpyeffect:830([k@[k@[mcore:[#1244]#2291]#2293]#2295])>+2: {"op": "Swap". "type": "any". "a": 2. "b". 1}')
debug_merge_point(0, 0, '1131<std_core_hnd.rpyeffect:830([k@[k@[mcore:[#1244]#2291]#2293]#2295])>+3: {"op": "Switch". "scrutinee": 3. "values": [<BoolValue object at 0x37aa4600>]. "targets": [1126]. "default": 1130}')
debug_merge_point(0, 0, '1130<std_core_hnd.rpyeffect:829([switch default case#2310])>+0: {"op": "Const". "type": "ptr". "out": 0. "format": "bool". "value": "<BoolValue object at 0x37aa4630>"}')
debug_merge_point(0, 0, '1130<std_core_hnd.rpyeffect:829([switch default case#2310])>+1: {"op": "Swap". "type": "any". "a": 0. "b". 1}')
debug_merge_point(0, 0, '1130<std_core_hnd.rpyeffect:829([switch default case#2310])>+2: {"op": "Swap". "type": "any". "a": 2. "b". 1}')
debug_merge_point(0, 0, '1130<std_core_hnd.rpyeffect:829([switch default case#2310])>+3: {"op": "Switch". "scrutinee": 2. "values": [<BoolValue object at 0x37aa4620>]. "targets": [1128]. "default": 1129}')
debug_merge_point(0, 0, '1128<std_core_hnd.rpyeffect:827([switch case for Bool(false)#2312])>+0: {"op": "Const". "type": "ptr". "out": 2. "format": "string". "value": "Name(import$std/core/hnd)"}')
debug_merge_point(0, 0, '1128<std_core_hnd.rpyeffect:827([switch case for Bool(false)#2312])>+1: {"op": "PrimOp". "name": "getGlobal(String): Ptr". "out": {"any": [2]}. "in": {"any": [2]}}')
debug_merge_point(0, 0, '1128<std_core_hnd.rpyeffect:827([switch case for Bool(false)#2312])>+2: {"op": "Push". "target": 1127. "args": {"any": [1]}}')
debug_merge_point(0, 0, '1128<std_core_hnd.rpyeffect:827([switch case for Bool(false)#2312])>+3: {"op": "Copy". "type": "any". "from": 2. "to". 1}')
debug_merge_point(0, 0, '1128<std_core_hnd.rpyeffect:827([switch case for Bool(false)#2312])>+4: {"op": "Jump". "target": 1123}')
debug_merge_point(0, 0, '1123<std_core_hnd.rpyeffect:822([mcore:[#1243]#2286])>+0: {"op": "Const". "type": "ptr". "out": 1. "format": "string". "value": "Name(import$std/core/hnd)"}')
debug_merge_point(0, 0, '1123<std_core_hnd.rpyeffect:822([mcore:[#1243]#2286])>+1: {"op": "PrimOp". "name": "getGlobal(String): Ptr". "out": {"any": [1]}. "in": {"any": [1]}}')
debug_merge_point(0, 0, '1123<std_core_hnd.rpyeffect:822([mcore:[#1243]#2286])>+2: {"op": "CallLib". "lib": "1". "symbol": "setCurrentEvv"}')
debug_merge_point(0, 0, '302<std_core_hnd.rpyeffect:1(Name(setCurrentEvv))>+0: {"op": "Const". "type": "ptr". "out": 1. "format": "string". "value": "current-evv"}')
debug_merge_point(0, 0, '302<std_core_hnd.rpyeffect:1(Name(setCurrentEvv))>+1: {"op": "PrimOp". "name": "getGlobal(String): Ptr". "out": {"any": [1]}. "in": {"any": [1]}}')
debug_merge_point(0, 0, '302<std_core_hnd.rpyeffect:1(Name(setCurrentEvv))>+2: {"op": "PrimOp". "name": "setRef(Ref[Ptr]. Ptr): Unit". "out": {"any": [0]}. "in": {"any": [1. 0]}}')
debug_merge_point(0, 0, '302<std_core_hnd.rpyeffect:1(Name(setCurrentEvv))>+3: {"op": "Return". "args": {"any": [0]}}')
debug_merge_point(0, 0, '1127<std_core_hnd.rpyeffect:826([k@[switch case for Bool(false)#2312]#2317])>+0: {"op": "Copy". "type": "any". "from": 1. "to". 0}')
debug_merge_point(0, 0, '1127<std_core_hnd.rpyeffect:826([k@[switch case for Bool(false)#2312]#2317])>+1: {"op": "Return". "args": {"any": [0]}}')
debug_merge_point(0, 0, '4385<test_bench_koka_counter.rpyeffect:52([k@[#183]#185])>+0: {"op": "Const". "type": "ptr". "out": 0. "format": "int". "value": "<IntValue object at 0x37f78560>"}')
debug_merge_point(0, 0, '4385<test_bench_koka_counter.rpyeffect:52([k@[#183]#185])>+1: {"op": "PrimOp". "name": "infixAdd(Int. Int): Int". "out": {"any": [0]}. "in": {"any": [1. 0]}}')
+510: i54 = getfield_gc_i(p27, descr=<FieldS rpyeffect.value.IntValue.inst_value 8 pure>)
+514: i56 = int_add(i54, 1)
debug_merge_point(0, 0, '4385<test_bench_koka_counter.rpyeffect:52([k@[#183]#185])>+2: {"op": "Const". "type": "ptr". "out": 1. "format": "string". "value": "Name(import$std/core/hnd)"}')
debug_merge_point(0, 0, '4385<test_bench_koka_counter.rpyeffect:52([k@[#183]#185])>+3: {"op": "PrimOp". "name": "getGlobal(String): Ptr". "out": {"any": [1]}. "in": {"any": [1]}}')
debug_merge_point(0, 0, '4385<test_bench_koka_counter.rpyeffect:52([k@[#183]#185])>+4: {"op": "Jump". "target": 4412}')
debug_merge_point(0, 0, '4412<test_bench_koka_counter.rpyeffect:79([mcore:[#153]#138])>+0: {"op": "Const". "type": "ptr". "out": 1. "format": "int". "value": "<IntValue object at 0x37f792c0>"}')
debug_merge_point(0, 0, '4412<test_bench_koka_counter.rpyeffect:79([mcore:[#153]#138])>+1: {"op": "Const". "type": "ptr". "out": 2. "format": "string". "value": "Name(import$std/core/hnd)"}')
debug_merge_point(0, 0, '4412<test_bench_koka_counter.rpyeffect:79([mcore:[#153]#138])>+2: {"op": "PrimOp". "name": "getGlobal(String): Ptr". "out": {"any": [2]}. "in": {"any": [2]}}')
debug_merge_point(0, 0, '4412<test_bench_koka_counter.rpyeffect:79([mcore:[#153]#138])>+3: {"op": "Push". "target": 4411. "args": {"any": [1. 0]}}')
debug_merge_point(0, 0, '4412<test_bench_koka_counter.rpyeffect:79([mcore:[#153]#138])>+4: {"op": "Copy". "type": "any". "from": 2. "to". 0}')
debug_merge_point(0, 0, '4412<test_bench_koka_counter.rpyeffect:79([mcore:[#153]#138])>+5: {"op": "Jump". "target": 4380}')
debug_merge_point(0, 0, '4380<test_bench_koka_counter.rpyeffect:47([mcore:[#123]#124])>+0: {"op": "Const". "type": "ptr". "out": 0. "format": "string". "value": "Name(import$std/core/hnd)"}')
debug_merge_point(0, 0, '4380<test_bench_koka_counter.rpyeffect:47([mcore:[#123]#124])>+1: {"op": "PrimOp". "name": "getGlobal(String): Ptr". "out": {"any": [0]}. "in": {"any": [0]}}')
debug_merge_point(0, 0, '4380<test_bench_koka_counter.rpyeffect:47([mcore:[#123]#124])>+2: {"op": "CallLib". "lib": "0". "symbol": "getCurrentEvv"}')
debug_merge_point(0, 0, '301<std_core_hnd.rpyeffect:0(Name(getCurrentEvv))>+0: {"op": "Const". "type": "ptr". "out": 0. "format": "string". "value": "current-evv"}')
+518: p57 = new_with_vtable(descr=<SizeDescr 48>)
+559: p58 = new_with_vtable(descr=<SizeDescr 16>)
+570: setfield_gc(p58, i56, descr=<FieldS rpyeffect.value.IntValue.inst_value 8 pure>)
+585: setfield_gc(ConstPtr(ptr59), ConstPtr(ptr23), descr=<FieldP rpyeffect.region.Ref.inst_value 16>)
+589: setfield_gc(p57, 4411, descr=<FieldS rpyeffect.stored_environment.Stack__arb.inst_target 16 pure>)
+597: setfield_gc(p57, p29, descr=<FieldP rpyeffect.stored_environment.Stack__arb.inst_tail 8 pure>)
+601: setfield_gc(p51, i53, descr=<FieldS rpyeffect.value.UnboxedIntValueRef.inst_value 8>)
+613: setfield_gc(p57, ConstPtr(ptr61), descr=<FieldP rpyeffect.stored_environment.Stack__2.inst_values_ptr_0 32 pure>)
+617: setfield_gc(p57, p58, descr=<FieldP rpyeffect.stored_environment.Stack__2.inst_values_ptr_1 40 pure>)
+650: jump(p17, p57, p0, p19, p20, ConstPtr(ptr62), ConstPtr(ptr61), ConstPtr(ptr63), ConstPtr(ptr64), ConstPtr(ptr65), ConstPtr(ptr45), p7, p8, p9, p10, p11, p12, p13, p14, p15, p16, descr=TargetToken(939020832))
+720: --end of the loop--
[62666f238c0e] jit-log-opt-bridge}
[6267741e334c] {jit-summary
Tracing:      	4	0.005765
Backend:      	4	0.000926
TOTAL:      		2.205519
ops:             	15631
heapcached ops:  	1745
recorded ops:    	8683
  calls:         	7590
guards:          	304
opt ops:         	567
opt guards:      	70
opt guards shared:	46
forcings:        	0
abort: trace too long:	0
abort: compiling:	0
abort: vable escape:	0
abort: bad loop: 	0
abort: force quasi-immut:	0
abort: segmenting trace:	0
virtualizables forced:	0
nvirtuals:       	8
nvholes:         	0
nvreused:        	0
vecopt tried:    	0
vecopt success:  	0
Total # of loops:	3
Total # of bridges:	1
Freed # of loops:	0
Freed # of bridges:	0
[6267741ea260] jit-summary}
