[62587e7020b7] {jit-log-opt-loop
# Loop 1 (4389<main.rpyeffect:56([match_def@[mcore:[#146]#118]#119])>+0: {"op": "Match", "type": Interned(std/core/types/list), "scrutinee": 0, "clauses": [{"tag": Interned(std/core/types/Cons), "target": 4388, "args": {"any": [0, 1]}}], "default": {"tag": Interned(844b1a7b-2bc2-4b3b-9037-74e7fc6ea2f0#[Missing Tag#700]), "target": 4369, "args": {"any": []}}}) : loop with 72 ops
[p0, p1, p2, p3, p4]
+205: p5 = getfield_gc_r(p2, descr=<FieldP rpyeffect.environment.Environment.inst_values_ptr 16>)
+216: p7 = getarrayitem_gc_r(p5, 0, descr=<ArrayP 8>)
+220: p9 = getarrayitem_gc_r(p5, 1, descr=<ArrayP 8>)
+224: p11 = getarrayitem_gc_r(p5, 2, descr=<ArrayP 8>)
+228: p13 = getarrayitem_gc_r(p5, 3, descr=<ArrayP 8>)
+232: p15 = getarrayitem_gc_r(p5, 4, descr=<ArrayP 8>)
+236: p17 = getarrayitem_gc_r(p5, 5, descr=<ArrayP 8>)
+240: p19 = getarrayitem_gc_r(p5, 6, descr=<ArrayP 8>)
+244: p21 = getarrayitem_gc_r(p5, 7, descr=<ArrayP 8>)
+248: p23 = getarrayitem_gc_r(p5, 8, descr=<ArrayP 8>)
+252: p25 = getarrayitem_gc_r(p5, 9, descr=<ArrayP 8>)
+256: p27 = getarrayitem_gc_r(p5, 10, descr=<ArrayP 8>)
+260: p29 = getarrayitem_gc_r(p5, 11, descr=<ArrayP 8>)
+264: p31 = getarrayitem_gc_r(p5, 12, descr=<ArrayP 8>)
+275: p33 = getarrayitem_gc_r(p5, 13, descr=<ArrayP 8>)
+286: p35 = getarrayitem_gc_r(p5, 14, descr=<ArrayP 8>)
+300: p37 = getarrayitem_gc_r(p5, 15, descr=<ArrayP 8>)
+314: label(p0, p1, p2, p3, p4, p7, p9, p11, p13, p15, p17, p19, p21, p23, p25, p27, p29, p31, p33, p35, p37, descr=TargetToken(753195104))
debug_merge_point(0, 0, '4389<main.rpyeffect:56([match_def@[mcore:[#146]#118]#119])>+0: {"op": "Match". "type": Interned(std/core/types/list). "scrutinee": 0. "clauses": [{"tag": Interned(std/core/types/Cons). "target": 4388. "args": {"any": [0. 1]}}]. "default": {"tag": Interned(844b1a7b-2bc2-4b3b-9037-74e7fc6ea2f0#[Missing Tag#700]). "target": 4369. "args": {"any": []}}}')
+400: guard_not_invalidated(descr=<Guard0x2ce23580>) [p2, p7, p9, p11, p13, p15, p17, p19, p21, p23, p25, p27, p29, p31, p33, p35, p37, p0, p1, p3, p4]
+400: p38 = getfield_gc_r(p7, descr=<FieldP rpyeffect.data.Data.inst_tag 8>)
+411: guard_value(p38, ConstPtr(ptr39), descr=<Guard0x2ce7d5e0>) [p2, p7, p9, p11, p13, p15, p17, p19, p21, p23, p25, p27, p29, p31, p33, p35, p37, p0, p1, p3, p4]
+420: p40 = getfield_gc_r(p7, descr=<FieldP rpyeffect.stored_environment.Data__2.inst_values_ptr_0 24 pure>)
+424: p41 = getfield_gc_r(p7, descr=<FieldP rpyeffect.stored_environment.Data__2.inst_values_ptr_1 32 pure>)
debug_merge_point(0, 0, '4388<main.rpyeffect:55([#121])>+0: {"op": "Const". "type": "ptr". "out": 2. "format": "int". "value": "<IntValue object at 0x2cc2a720>"}')
debug_merge_point(0, 0, '4388<main.rpyeffect:55([#121])>+1: {"op": "PrimOp". "name": "infixEq(Int. Int): Boolean". "out": {"any": [2]}. "in": {"any": [0. 2]}}')
+428: i42 = getfield_gc_i(p40, descr=<FieldS rpyeffect.value.IntValue.inst_value 8 pure>)
+432: i44 = int_eq(i42, 0)
debug_merge_point(0, 0, '4388<main.rpyeffect:55([#121])>+2: {"op": "Switch". "scrutinee": 2. "values": [<BoolValue object at 0x2cc2ab90>]. "targets": [4383]. "default": 4387}')
+436: guard_false(i44, descr=<Guard0x2ce7d610>) [p2, p7, p9, p11, p13, p15, p17, p19, p21, p23, p25, p27, p29, p31, p33, p35, p37, p0, p1, p3, p4]
debug_merge_point(0, 0, '4387<main.rpyeffect:54([switch default case#163])>+0: {"op": "Const". "type": "ptr". "out": 2. "format": "int". "value": "<IntValue object at 0x2cc2a600>"}')
debug_merge_point(0, 0, '4387<main.rpyeffect:54([switch default case#163])>+1: {"op": "PrimOp". "name": "infixEq(Int. Int): Boolean". "out": {"any": [2]}. "in": {"any": [0. 2]}}')
debug_merge_point(0, 0, '4387<main.rpyeffect:54([switch default case#163])>+2: {"op": "Switch". "scrutinee": 2. "values": [<BoolValue object at 0x2cc2a5d0>]. "targets": [4385]. "default": 4386}')
debug_merge_point(0, 0, '4385<main.rpyeffect:52([switch case for Bool(false)#167])>+0: {"op": "Const". "type": "ptr". "out": 2. "format": "string". "value": "Name(import$std/core/hnd)"}')
debug_merge_point(0, 0, '4385<main.rpyeffect:52([switch case for Bool(false)#167])>+1: {"op": "PrimOp". "name": "getGlobal(String): Ptr". "out": {"any": [2]}. "in": {"any": [2]}}')
debug_merge_point(0, 0, '4385<main.rpyeffect:52([switch case for Bool(false)#167])>+2: {"op": "Push". "target": 4384. "args": {"any": [0]}}')
debug_merge_point(0, 0, '4385<main.rpyeffect:52([switch case for Bool(false)#167])>+3: {"op": "Copy". "type": "any". "from": 1. "to". 0}')
debug_merge_point(0, 0, '4385<main.rpyeffect:52([switch case for Bool(false)#167])>+4: {"op": "Copy". "type": "any". "from": 2. "to". 1}')
debug_merge_point(0, 0, '4385<main.rpyeffect:52([switch case for Bool(false)#167])>+5: {"op": "Jump". "target": 4391}')
debug_merge_point(0, 0, '4391<main.rpyeffect:58([mcore:[#146]#118])>+0: {"op": "Match". "type": Interned(std/core/types/list). "scrutinee": 0. "clauses": [{"tag": Interned(std/core/types/Nil). "target": 4390. "args": {"any": []}}]. "default": {"tag": Interned(844b1a7b-2bc2-4b3b-9037-74e7fc6ea2f0#[Missing Tag#701]). "target": 4389. "args": {"any": []}}}')
+442: p45 = getfield_gc_r(p41, descr=<FieldP rpyeffect.data.Data.inst_tag 8>)
+446: guard_value(p45, ConstPtr(ptr46), descr=<Guard0x2ce7d640>) [p2, p7, p9, p11, p13, p15, p17, p19, p21, p23, p25, p27, p29, p31, p33, p35, p37, p0, p1, p3, p4]
debug_merge_point(0, 0, '4389<main.rpyeffect:56([match_def@[mcore:[#146]#118]#119])>+0: {"op": "Match". "type": Interned(std/core/types/list). "scrutinee": 0. "clauses": [{"tag": Interned(std/core/types/Cons). "target": 4388. "args": {"any": [0. 1]}}]. "default": {"tag": Interned(844b1a7b-2bc2-4b3b-9037-74e7fc6ea2f0#[Missing Tag#700]). "target": 4369. "args": {"any": []}}}')
+455: label(p0, p1, p40, p2, p3, p4, p41, p13, p15, p17, p19, p21, p23, p25, p27, p29, p31, p33, p35, p37, descr=TargetToken(753195168))
debug_merge_point(0, 0, '4389<main.rpyeffect:56([match_def@[mcore:[#146]#118]#119])>+0: {"op": "Match". "type": Interned(std/core/types/list). "scrutinee": 0. "clauses": [{"tag": Interned(std/core/types/Cons). "target": 4388. "args": {"any": [0. 1]}}]. "default": {"tag": Interned(844b1a7b-2bc2-4b3b-9037-74e7fc6ea2f0#[Missing Tag#700]). "target": 4369. "args": {"any": []}}}')
+464: guard_not_invalidated(descr=<Guard0x2ce235c8>) [p2, p41, p13, p15, p17, p19, p21, p23, p25, p27, p29, p31, p33, p35, p37, p0, p3, p4, p40, p1]
+464: p47 = getfield_gc_r(p41, descr=<FieldP rpyeffect.stored_environment.Data__2.inst_values_ptr_0 24 pure>)
+468: p48 = getfield_gc_r(p41, descr=<FieldP rpyeffect.stored_environment.Data__2.inst_values_ptr_1 32 pure>)
debug_merge_point(0, 0, '4388<main.rpyeffect:55([#121])>+0: {"op": "Const". "type": "ptr". "out": 2. "format": "int". "value": "<IntValue object at 0x2cc2a720>"}')
debug_merge_point(0, 0, '4388<main.rpyeffect:55([#121])>+1: {"op": "PrimOp". "name": "infixEq(Int. Int): Boolean". "out": {"any": [2]}. "in": {"any": [0. 2]}}')
+472: i49 = getfield_gc_i(p47, descr=<FieldS rpyeffect.value.IntValue.inst_value 8 pure>)
+476: i51 = int_eq(i49, 0)
debug_merge_point(0, 0, '4388<main.rpyeffect:55([#121])>+2: {"op": "Switch". "scrutinee": 2. "values": [<BoolValue object at 0x2cc2ab90>]. "targets": [4383]. "default": 4387}')
+480: guard_false(i51, descr=<Guard0x2ce7d670>) [p2, p41, p13, p15, p17, p19, p21, p23, p25, p27, p29, p31, p33, p35, p37, p0, p3, p4, p40, p1]
debug_merge_point(0, 0, '4387<main.rpyeffect:54([switch default case#163])>+0: {"op": "Const". "type": "ptr". "out": 2. "format": "int". "value": "<IntValue object at 0x2cc2a600>"}')
debug_merge_point(0, 0, '4387<main.rpyeffect:54([switch default case#163])>+1: {"op": "PrimOp". "name": "infixEq(Int. Int): Boolean". "out": {"any": [2]}. "in": {"any": [0. 2]}}')
debug_merge_point(0, 0, '4387<main.rpyeffect:54([switch default case#163])>+2: {"op": "Switch". "scrutinee": 2. "values": [<BoolValue object at 0x2cc2a5d0>]. "targets": [4385]. "default": 4386}')
debug_merge_point(0, 0, '4385<main.rpyeffect:52([switch case for Bool(false)#167])>+0: {"op": "Const". "type": "ptr". "out": 2. "format": "string". "value": "Name(import$std/core/hnd)"}')
debug_merge_point(0, 0, '4385<main.rpyeffect:52([switch case for Bool(false)#167])>+1: {"op": "PrimOp". "name": "getGlobal(String): Ptr". "out": {"any": [2]}. "in": {"any": [2]}}')
debug_merge_point(0, 0, '4385<main.rpyeffect:52([switch case for Bool(false)#167])>+2: {"op": "Push". "target": 4384. "args": {"any": [0]}}')
debug_merge_point(0, 0, '4385<main.rpyeffect:52([switch case for Bool(false)#167])>+3: {"op": "Copy". "type": "any". "from": 1. "to". 0}')
debug_merge_point(0, 0, '4385<main.rpyeffect:52([switch case for Bool(false)#167])>+4: {"op": "Copy". "type": "any". "from": 2. "to". 1}')
debug_merge_point(0, 0, '4385<main.rpyeffect:52([switch case for Bool(false)#167])>+5: {"op": "Jump". "target": 4391}')
debug_merge_point(0, 0, '4391<main.rpyeffect:58([mcore:[#146]#118])>+0: {"op": "Match". "type": Interned(std/core/types/list). "scrutinee": 0. "clauses": [{"tag": Interned(std/core/types/Nil). "target": 4390. "args": {"any": []}}]. "default": {"tag": Interned(844b1a7b-2bc2-4b3b-9037-74e7fc6ea2f0#[Missing Tag#701]). "target": 4389. "args": {"any": []}}}')
+486: p52 = getfield_gc_r(p48, descr=<FieldP rpyeffect.data.Data.inst_tag 8>)
+497: guard_value(p52, ConstPtr(ptr53), descr=<Guard0x2ce7d6a0>) [p2, p41, p13, p15, p17, p19, p21, p23, p25, p27, p29, p31, p33, p35, p37, p0, p3, p4, p40, p1]
debug_merge_point(0, 0, '4389<main.rpyeffect:56([match_def@[mcore:[#146]#118]#119])>+0: {"op": "Match". "type": Interned(std/core/types/list). "scrutinee": 0. "clauses": [{"tag": Interned(std/core/types/Cons). "target": 4388. "args": {"any": [0. 1]}}]. "default": {"tag": Interned(844b1a7b-2bc2-4b3b-9037-74e7fc6ea2f0#[Missing Tag#700]). "target": 4369. "args": {"any": []}}}')
+506: p54 = new_with_vtable(descr=<SizeDescr 40>)
+547: setfield_gc(p54, p1, descr=<FieldP rpyeffect.stored_environment.Stack__arb.inst_tail 8 pure>)
+558: setfield_gc(p54, 4384, descr=<FieldS rpyeffect.stored_environment.Stack__arb.inst_target 16 pure>)
+566: setfield_gc(p54, p40, descr=<FieldP rpyeffect.stored_environment.Stack__1.inst_values_ptr_0 32 pure>)
+578: jump(p0, p54, p47, p2, p3, p4, p48, p13, p15, p17, p19, p21, p23, p25, p27, p29, p31, p33, p35, p37, descr=TargetToken(753195168))
+608: --end of the loop--
[62587e744645] jit-log-opt-loop}
[62587f1c8b50] {jit-log-opt-loop
# Loop 3 (301<std_core_hnd.rpyeffect:0(Name(getCurrentEvv))>+0: {"op": "Const", "type": "ptr", "out": 0, "format": "string", "value": "current-evv"}) : loop with 93 ops
[p0, p1, p2, p3, p4]
+301: p5 = getfield_gc_r(p2, descr=<FieldP rpyeffect.environment.Environment.inst_values_ptr 16>)
+312: p7 = getarrayitem_gc_r(p5, 0, descr=<ArrayP 8>)
+316: p9 = getarrayitem_gc_r(p5, 1, descr=<ArrayP 8>)
+320: p11 = getarrayitem_gc_r(p5, 2, descr=<ArrayP 8>)
+324: p13 = getarrayitem_gc_r(p5, 3, descr=<ArrayP 8>)
+328: p15 = getarrayitem_gc_r(p5, 4, descr=<ArrayP 8>)
+332: p17 = getarrayitem_gc_r(p5, 5, descr=<ArrayP 8>)
+336: p19 = getarrayitem_gc_r(p5, 6, descr=<ArrayP 8>)
+340: p21 = getarrayitem_gc_r(p5, 7, descr=<ArrayP 8>)
+344: p23 = getarrayitem_gc_r(p5, 8, descr=<ArrayP 8>)
+348: p25 = getarrayitem_gc_r(p5, 9, descr=<ArrayP 8>)
+352: p27 = getarrayitem_gc_r(p5, 10, descr=<ArrayP 8>)
+356: p29 = getarrayitem_gc_r(p5, 11, descr=<ArrayP 8>)
+360: p31 = getarrayitem_gc_r(p5, 12, descr=<ArrayP 8>)
+371: p33 = getarrayitem_gc_r(p5, 13, descr=<ArrayP 8>)
+382: p35 = getarrayitem_gc_r(p5, 14, descr=<ArrayP 8>)
+396: p37 = getarrayitem_gc_r(p5, 15, descr=<ArrayP 8>)
+410: label(p0, p1, p2, p3, p4, p7, p9, p11, p13, p15, p17, p19, p21, p23, p25, p27, p29, p31, p33, p35, p37, descr=TargetToken(754933792))
+496: guard_not_invalidated(descr=<Guard0x2ce23898>) [p2, p7, p9, p11, p13, p15, p17, p19, p21, p23, p25, p27, p29, p31, p33, p35, p37, p0, p1, p3, p4]
debug_merge_point(0, 0, '301<std_core_hnd.rpyeffect:0(Name(getCurrentEvv))>+1: {"op": "PrimOp". "name": "getGlobal(String): Ptr". "out": {"any": [0]}. "in": {"any": [0]}}')
debug_merge_point(0, 0, '301<std_core_hnd.rpyeffect:0(Name(getCurrentEvv))>+2: {"op": "PrimOp". "name": "getRef(Ref[Ptr]): Ptr". "out": {"any": [0]}. "in": {"any": [0]}}')
+503: p39 = getfield_gc_r(ConstPtr(ptr38), descr=<FieldP rpyeffect.region.Ref.inst_value 16>)
+507: guard_nonnull_class(p39, ConstClass(Data__2), descr=<Guard0x2ce238e0>) [p2, p7, p9, p11, p13, p15, p17, p19, p21, p23, p25, p27, p29, p31, p33, p35, p37, p0, p1, p3, p4]
debug_merge_point(0, 0, '301<std_core_hnd.rpyeffect:0(Name(getCurrentEvv))>+3: {"op": "Return". "args": {"any": [0]}}')
+525: guard_nonnull(p1, descr=<Guard0x2cfd6b30>) [p2, p7, p9, p11, p13, p15, p17, p19, p21, p23, p25, p27, p29, p31, p33, p35, p37, p0, p1, p3, p4]
+539: i41 = getfield_gc_i(p1, descr=<FieldS rpyeffect.stored_environment.Stack__arb.inst_target 16 pure>)
+550: guard_value(i41, 4382, descr=<Guard0x2cfd6b60>) [p2, p7, p9, p11, p13, p15, p17, p19, p21, p23, p25, p27, p29, p31, p33, p35, p37, p0, p1, p3, p4]
+563: p43 = getfield_gc_r(p1, descr=<FieldP rpyeffect.stored_environment.Stack__1.inst_values_ptr_0 32 pure>)
+567: p44 = getfield_gc_r(p1, descr=<FieldP rpyeffect.stored_environment.Stack__arb.inst_tail 8 pure>)
debug_merge_point(0, 0, '4382<main.rpyeffect:49([k@[switch case for Bool(true)#128]#134])>+0: {"op": "PrimOp". "name": "promote_ptr". "out": {"any": [0]}. "in": {"any": [0]}}')
debug_merge_point(0, 0, '4382<main.rpyeffect:49([k@[switch case for Bool(true)#128]#134])>+1: {"op": "Const". "type": "ptr". "out": 2. "format": "string". "value": "Name(import$std/core/hnd)"}')
debug_merge_point(0, 0, '4382<main.rpyeffect:49([k@[switch case for Bool(true)#128]#134])>+2: {"op": "PrimOp". "name": "getGlobal(String): Ptr". "out": {"any": [2]}. "in": {"any": [2]}}')
debug_merge_point(0, 0, '4382<main.rpyeffect:49([k@[switch case for Bool(true)#128]#134])>+3: {"op": "Push". "target": 4381. "args": {"any": []}}')
debug_merge_point(0, 0, '4382<main.rpyeffect:49([k@[switch case for Bool(true)#128]#134])>+4: {"op": "Jump". "target": 4367}')
debug_merge_point(0, 0, '4367<main.rpyeffect:34([mcore:[#130]#108])>+0: {"op": "Const". "type": "ptr". "out": 2. "format": "string". "value": "Name(import$std/core/hnd)"}')
debug_merge_point(0, 0, '4367<main.rpyeffect:34([mcore:[#130]#108])>+1: {"op": "PrimOp". "name": "getGlobal(String): Ptr". "out": {"any": [2]}. "in": {"any": [2]}}')
debug_merge_point(0, 0, '4367<main.rpyeffect:34([mcore:[#130]#108])>+2: {"op": "CallLib". "lib": "2". "symbol": "elt"}')
debug_merge_point(0, 0, '341<std_core_hnd.rpyeffect:40(Name(elt))>+0: {"op": "Switch". "scrutinee": 1. "values": [<IntValue object at 0x7f01db6a7eb0>]. "targets": [339]. "default": 340}')
+571: guard_nonnull_class(p43, ConstClass(IntValue), descr=<Guard0x2ce23928>) [p2, p7, p9, p11, p13, p15, p17, p19, p21, p23, p25, p27, p29, p31, p33, p35, p37, p0, p1, p3, p4]
+591: i46 = getfield_gc_i(p43, descr=<FieldS rpyeffect.value.IntValue.inst_value 8 pure>)
+595: i48 = int_eq(i46, 0)
+599: guard_true(i48, descr=<Guard0x2cfd6b90>) [p2, p7, p9, p11, p13, p15, p17, p19, p21, p23, p25, p27, p29, p31, p33, p35, p37, p0, p1, p3, p4]
debug_merge_point(0, 0, '339<std_core_hnd.rpyeffect:38([switch case for Int(0)#100])>+0: {"op": "Proj". "out": 0. "type": Interned(evv). "scrutinee": 0. "tag": Interned(cons). "field": 0. "field_type": "any"}')
+605: p49 = getfield_gc_r(p39, descr=<FieldP rpyeffect.data.Data.inst_tag 8>)
+616: guard_value(p49, ConstPtr(ptr50), descr=<Guard0x2cfd6bc0>) [p2, p7, p9, p11, p13, p15, p17, p19, p21, p23, p25, p27, p29, p31, p33, p35, p37, p0, p1, p3, p4]
+625: p51 = getfield_gc_r(p39, descr=<FieldP rpyeffect.stored_environment.Data__2.inst_values_ptr_0 24 pure>)
debug_merge_point(0, 0, '339<std_core_hnd.rpyeffect:38([switch case for Int(0)#100])>+1: {"op": "Return". "args": {"any": [0]}}')
debug_merge_point(0, 0, '4381<main.rpyeffect:48([#142])>+0: {"op": "Match". "type": Interned(std/core/hnd/ev). "scrutinee": 0. "clauses": [{"tag": Interned(std/core/hnd/Ev). "target": 4380. "args": {"any": [1. 2. 3. 4]}}]. "default": {"tag": Interned(844b1a7b-2bc2-4b3b-9037-74e7fc6ea2f0#[Missing Tag#699]). "target": 4372. "args": {"any": []}}}')
+629: p52 = getfield_gc_r(p51, descr=<FieldP rpyeffect.data.Data.inst_tag 8>)
+640: guard_value(p52, ConstPtr(ptr53), descr=<Guard0x2cfd6bf0>) [p2, p7, p9, p11, p13, p15, p17, p19, p21, p23, p25, p27, p29, p31, p33, p35, p37, p0, p1, p3, p4]
+649: p54 = getfield_gc_r(p51, descr=<FieldP rpyeffect.stored_environment.Data__4.inst_values_ptr_0 24 pure>)
+649: p55 = getfield_gc_r(p51, descr=<FieldP rpyeffect.stored_environment.Data__4.inst_values_ptr_1 32 pure>)
+653: p56 = getfield_gc_r(p51, descr=<FieldP rpyeffect.stored_environment.Data__4.inst_values_ptr_2 40 pure>)
+657: p57 = getfield_gc_r(p51, descr=<FieldP rpyeffect.stored_environment.Data__4.inst_values_ptr_3 48 pure>)
debug_merge_point(0, 0, '4380<main.rpyeffect:47([match_std/core/hnd/Ev@[#142]#147])>+0: {"op": "Copy". "type": "any". "from": 0. "to". 1}')
debug_merge_point(0, 0, '4380<main.rpyeffect:47([match_std/core/hnd/Ev@[#142]#147])>+1: {"op": "Copy". "type": "any". "from": 2. "to". 0}')
debug_merge_point(0, 0, '4380<main.rpyeffect:47([match_std/core/hnd/Ev@[#142]#147])>+2: {"op": "Match". "type": Interned(main/abort). "scrutinee": 3. "clauses": [{"tag": Interned(main/@Hnd-abort). "target": 4379. "args": {"any": [2. 3]}}]. "default": {"tag": Interned(844b1a7b-2bc2-4b3b-9037-74e7fc6ea2f0#[Missing Tag#698]). "target": 4374. "args": {"any": []}}}')
+661: p58 = getfield_gc_r(p56, descr=<FieldP rpyeffect.data.Data.inst_tag 8>)
+672: guard_value(p58, ConstPtr(ptr59), descr=<Guard0x2cfd6c20>) [p2, p7, p9, p11, p13, p15, p17, p19, p21, p23, p25, p27, p29, p31, p33, p35, p37, p0, p1, p3, p4]
+681: p60 = getfield_gc_r(p56, descr=<FieldP rpyeffect.stored_environment.Data__2.inst_values_ptr_0 24 pure>)
+681: p61 = getfield_gc_r(p56, descr=<FieldP rpyeffect.stored_environment.Data__2.inst_values_ptr_1 32 pure>)
debug_merge_point(0, 0, '4379<main.rpyeffect:46([#152])>+0: {"op": "Match". "type": Interned(std/core/hnd/clause1). "scrutinee": 3. "clauses": [{"tag": Interned(std/core/hnd/Clause1). "target": 4378. "args": {"any": [2]}}]. "default": {"tag": Interned(844b1a7b-2bc2-4b3b-9037-74e7fc6ea2f0#[Missing Tag#697]). "target": 4376. "args": {"any": []}}}')
+685: p62 = getfield_gc_r(p61, descr=<FieldP rpyeffect.data.Data.inst_tag 8>)
+696: guard_value(p62, ConstPtr(ptr63), descr=<Guard0x2cfd6c50>) [p2, p7, p9, p11, p13, p15, p17, p19, p21, p23, p25, p27, p29, p31, p33, p35, p37, p0, p1, p3, p4]
+705: p64 = getfield_gc_r(p61, descr=<FieldP rpyeffect.stored_environment.Data__1.inst_values_ptr_0 24 pure>)
debug_merge_point(0, 0, '4378<main.rpyeffect:45([match_std/core/hnd/Clause1@[#152]#157])>+0: {"op": "Const". "type": "ptr". "out": 3. "format": "int". "value": "<IntValue object at 0x2caedd10>"}')
debug_merge_point(0, 0, '4378<main.rpyeffect:45([match_std/core/hnd/Clause1@[#152]#157])>+1: {"op": "Swap". "type": "any". "a": 2. "b". 3}')
debug_merge_point(0, 0, '4378<main.rpyeffect:45([match_std/core/hnd/Clause1@[#152]#157])>+2: {"op": "Invoke". "receiver": 3. "tag": Interned(apply). "args" : {"any": [0. 1. 2]}}')
+709: p65 = getfield_gc_r(p64, descr=<FieldP rpyeffect.codata.CoData.inst_vtable 8 pure>)
+720: guard_value(p65, ConstPtr(ptr66), descr=<Guard0x2cfd6c80>) [p2, p7, p9, p11, p13, p15, p17, p19, p21, p23, p25, p27, p29, p31, p33, p35, p37, p0, p1, p3, p4]
debug_merge_point(0, 0, '4419<main.rpyeffect:86([#330])>+0: {"op": "Const". "type": "ptr". "out": 3. "format": "string". "value": "Name(import$std/core/hnd)"}')
debug_merge_point(0, 0, '4419<main.rpyeffect:86([#330])>+1: {"op": "PrimOp". "name": "getGlobal(String): Ptr". "out": {"any": [3]}. "in": {"any": [3]}}')
debug_merge_point(0, 0, '4419<main.rpyeffect:86([#330])>+2: {"op": "Jump". "target": 4415}')
debug_merge_point(0, 0, '4415<main.rpyeffect:82([mcore:[#195]#295])>+0: {"op": "New". "out": 1. "targets": [4414]. "args": {"any": [2]}}')
debug_merge_point(0, 0, '4415<main.rpyeffect:82([mcore:[#195]#295])>+1: {"op": "Const". "type": "ptr". "out": 2. "format": "string". "value": "Name(import$std/core/hnd)"}')
debug_merge_point(0, 0, '4415<main.rpyeffect:82([mcore:[#195]#295])>+2: {"op": "PrimOp". "name": "getGlobal(String): Ptr". "out": {"any": [2]}. "in": {"any": [2]}}')
debug_merge_point(0, 0, '4415<main.rpyeffect:82([mcore:[#195]#295])>+3: {"op": "Jump". "target": 4409}')
debug_merge_point(0, 0, '4409<main.rpyeffect:76([mcore:[#184]#271])>+0: {"op": "Const". "type": "ptr". "out": 2. "format": "string". "value": "Name(import$std/core/hnd)"}')
debug_merge_point(0, 0, '4409<main.rpyeffect:76([mcore:[#184]#271])>+1: {"op": "PrimOp". "name": "getGlobal(String): Ptr". "out": {"any": [2]}. "in": {"any": [2]}}')
debug_merge_point(0, 0, '4409<main.rpyeffect:76([mcore:[#184]#271])>+2: {"op": "CallLib". "lib": "2". "symbol": "std/core/hnd/yield-to"}')
debug_merge_point(0, 0, '875<std_core_hnd.rpyeffect:574([mcore:[#899]#1511])>+0: {"op": "Push". "target": 874. "args": {"any": [1. 0]}}')
debug_merge_point(0, 0, '875<std_core_hnd.rpyeffect:574([mcore:[#899]#1511])>+1: {"op": "Jump". "target": 509}')
debug_merge_point(0, 0, '509<std_core_hnd.rpyeffect:208([mcore:[#477]#451])>+0: {"op": "Jump". "target": 301}')
debug_merge_point(0, 0, '301<std_core_hnd.rpyeffect:0(Name(getCurrentEvv))>+0: {"op": "Const". "type": "ptr". "out": 0. "format": "string". "value": "current-evv"}')
+729: p67 = new_with_vtable(descr=<SizeDescr 48>)
+770: p68 = new_with_vtable(descr=<SizeDescr 32>)
+788: setfield_gc(p68, ConstPtr(ptr69), descr=<FieldP rpyeffect.codata.CoData.inst_vtable 8 pure>)
+799: setfield_gc(p68, ConstPtr(ptr70), descr=<FieldP rpyeffect.stored_environment.CoData__1.inst_values_ptr_0 24 pure>)
+803: setfield_gc(p67, 874, descr=<FieldS rpyeffect.stored_environment.Stack__arb.inst_target 16 pure>)
+811: setfield_gc(p67, p44, descr=<FieldP rpyeffect.stored_environment.Stack__arb.inst_tail 8 pure>)
+815: setfield_gc(p67, p68, descr=<FieldP rpyeffect.stored_environment.Stack__2.inst_values_ptr_0 32 pure>)
+819: setfield_gc(p67, p55, descr=<FieldP rpyeffect.stored_environment.Stack__2.inst_values_ptr_1 40 pure>)
+846: jump(p0, p67, p2, p3, p4, p55, p68, ConstPtr(ptr72), ConstPtr(ptr73), p57, p17, p19, p21, p23, p25, p27, p29, p31, p33, p35, p37, descr=TargetToken(754933792))
+896: --end of the loop--
[62587f210c8b] jit-log-opt-loop}
[62587fb5a5a6] {jit-log-opt-bridge
# bridge out of Guard 0x2ce238e0 with 100 ops
[p0, p1, p2, p3, p4, p5, p6, p7, p8, p9, p10, p11, p12, p13, p14, p15, p16, p17, p18, p19, p20]
+142: guard_not_invalidated(descr=<Guard0x2ce23a00>) [p0, p1, p2, p3, p4, p5, p6, p7, p8, p9, p10, p11, p12, p13, p14, p15, p16, p17, p18, p19, p20]
debug_merge_point(0, 0, '301<std_core_hnd.rpyeffect:0(Name(getCurrentEvv))>+1: {"op": "PrimOp". "name": "getGlobal(String): Ptr". "out": {"any": [0]}. "in": {"any": [0]}}')
debug_merge_point(0, 0, '301<std_core_hnd.rpyeffect:0(Name(getCurrentEvv))>+2: {"op": "PrimOp". "name": "getRef(Ref[Ptr]): Ptr". "out": {"any": [0]}. "in": {"any": [0]}}')
+149: p22 = getfield_gc_r(ConstPtr(ptr21), descr=<FieldP rpyeffect.region.Ref.inst_value 16>)
+153: guard_nonnull_class(p22, ConstClass(Data__0), descr=<Guard0x2ce23a48>) [p0, p1, p2, p3, p4, p5, p6, p7, p8, p9, p10, p11, p12, p13, p14, p15, p16, p17, p18, p19, p20]
debug_merge_point(0, 0, '301<std_core_hnd.rpyeffect:0(Name(getCurrentEvv))>+3: {"op": "Return". "args": {"any": [0]}}')
+172: guard_nonnull(p18, descr=<Guard0x2cfd72b0>) [p0, p1, p2, p3, p4, p5, p6, p7, p8, p9, p10, p11, p12, p13, p14, p15, p16, p17, p18, p19, p20]
+186: i24 = getfield_gc_i(p18, descr=<FieldS rpyeffect.stored_environment.Stack__arb.inst_target 16 pure>)
+197: guard_value(i24, 670, descr=<Guard0x2cfd72e0>) [p0, p1, p2, p3, p4, p5, p6, p7, p8, p9, p10, p11, p12, p13, p14, p15, p16, p17, p18, p19, p20]
+210: p26 = getfield_gc_r(p18, descr=<FieldP rpyeffect.stored_environment.Stack__4.inst_values_ptr_0 32 pure>)
+214: p27 = getfield_gc_r(p18, descr=<FieldP rpyeffect.stored_environment.Stack__4.inst_values_ptr_1 40 pure>)
+218: p28 = getfield_gc_r(p18, descr=<FieldP rpyeffect.stored_environment.Stack__4.inst_values_ptr_2 48 pure>)
+222: p29 = getfield_gc_r(p18, descr=<FieldP rpyeffect.stored_environment.Stack__4.inst_values_ptr_3 56 pure>)
+226: p30 = getfield_gc_r(p18, descr=<FieldP rpyeffect.stored_environment.Stack__arb.inst_tail 8 pure>)
debug_merge_point(0, 0, '670<std_core_hnd.rpyeffect:369([k@[mcore:[#662]#849]#851])>+0: {"op": "Push". "target": 669. "args": {"any": [1. 2. 3. 4. 0]}}')
debug_merge_point(0, 0, '670<std_core_hnd.rpyeffect:369([k@[mcore:[#662]#849]#851])>+1: {"op": "Jump". "target": 512}')
debug_merge_point(0, 0, '512<std_core_hnd.rpyeffect:211([mcore:[#479]#457])>+0: {"op": "PrimOp". "name": "freshlabel". "out": {"any": [0]}. "in": {"any": []}}')
debug_merge_point(0, 0, '512<std_core_hnd.rpyeffect:211([mcore:[#479]#457])>+1: {"op": "Return". "args": {"any": [0]}}')
debug_merge_point(0, 0, '669<std_core_hnd.rpyeffect:368([k@[k@[mcore:[#662]#849]#851]#853])>+0: {"op": "Push". "target": 668. "args": {"any": [1. 0. 3. 5]}}')
debug_merge_point(0, 0, '669<std_core_hnd.rpyeffect:368([k@[k@[mcore:[#662]#849]#851]#853])>+1: {"op": "Copy". "type": "any". "from": 5. "to". 3}')
debug_merge_point(0, 0, '669<std_core_hnd.rpyeffect:368([k@[k@[mcore:[#662]#849]#851]#853])>+2: {"op": "Copy". "type": "any". "from": 0. "to". 1}')
debug_merge_point(0, 0, '669<std_core_hnd.rpyeffect:368([k@[k@[mcore:[#662]#849]#851]#853])>+3: {"op": "Copy". "type": "any". "from": 4. "to". 0}')
debug_merge_point(0, 0, '669<std_core_hnd.rpyeffect:368([k@[k@[mcore:[#662]#849]#851]#853])>+4: {"op": "Jump". "target": 1359}')
debug_merge_point(0, 0, '1359<std_core_hnd.rpyeffect:1058([mcore:[#1454]#133])>+0: {"op": "Construct". "out": 0. "type": Interned(std/core/hnd/ev). "tag": Interned(std/core/hnd/Ev). "args": {"any": [0. 1. 2. 3]}}')
debug_merge_point(0, 0, '1359<std_core_hnd.rpyeffect:1058([mcore:[#1454]#133])>+1: {"op": "Return". "args": {"any": [0]}}')
debug_merge_point(0, 0, '668<std_core_hnd.rpyeffect:367([k@[k@[k@[mcore:[#662]#849]#851]#853]#855])>+0: {"op": "Push". "target": 667. "args": {"any": [1. 2. 3. 4]}}')
debug_merge_point(0, 0, '668<std_core_hnd.rpyeffect:367([k@[k@[k@[mcore:[#662]#849]#851]#853]#855])>+1: {"op": "Copy". "type": "any". "from": 0. "to". 1}')
debug_merge_point(0, 0, '668<std_core_hnd.rpyeffect:367([k@[k@[k@[mcore:[#662]#849]#851]#853]#855])>+2: {"op": "Copy". "type": "any". "from": 4. "to". 0}')
debug_merge_point(0, 0, '668<std_core_hnd.rpyeffect:367([k@[k@[k@[mcore:[#662]#849]#851]#853]#855])>+3: {"op": "Jump". "target": 511}')
debug_merge_point(0, 0, '511<std_core_hnd.rpyeffect:210([mcore:[#478]#454])>+0: {"op": "Jump". "target": 332}')
debug_merge_point(0, 0, '332<std_core_hnd.rpyeffect:31(Name(evvInsert))>+0: {"op": "Swap". "type": "any". "a": 0. "b". 1}')
debug_merge_point(0, 0, '332<std_core_hnd.rpyeffect:31(Name(evvInsert))>+1: {"op": "Match". "type": Interned(evv). "scrutinee": 1. "clauses": [{"tag": Interned(cons). "target": 331. "args": {"any": [2. 3]}}]. "default": {"tag": Interned(b39bc5c9-11f1-4288-a06b-7e114349574d#[Missing Tag#3007]). "target": 325. "args": {"any": []}}}')
+230: p31 = getfield_gc_r(p22, descr=<FieldP rpyeffect.data.Data.inst_tag 8>)
+241: guard_value(p31, ConstPtr(ptr32), descr=<Guard0x2cfd7310>) [p0, p1, p2, p3, p4, p5, p6, p7, p8, p9, p10, p11, p12, p13, p14, p15, p16, p17, p18, p19, p20]
debug_merge_point(0, 0, '325<std_core_hnd.rpyeffect:24([match_def@Name(evvInsert)#64])>+0: {"op": "Construct". "out": 0. "type": Interned(evv). "tag": Interned(cons). "args": {"any": [0. 1]}}')
debug_merge_point(0, 0, '325<std_core_hnd.rpyeffect:24([match_def@Name(evvInsert)#64])>+1: {"op": "Return". "args": {"any": [0]}}')
debug_merge_point(0, 0, '667<std_core_hnd.rpyeffect:366([#858])>+0: {"op": "Const". "type": "ptr". "out": 5. "format": "string". "value": "Name(import$std/core/hnd)"}')
debug_merge_point(0, 0, '667<std_core_hnd.rpyeffect:366([#858])>+1: {"op": "PrimOp". "name": "getGlobal(String): Ptr". "out": {"any": [5]}. "in": {"any": [5]}}')
debug_merge_point(0, 0, '667<std_core_hnd.rpyeffect:366([#858])>+2: {"op": "Push". "target": 666. "args": {"any": [1. 2. 3. 4]}}')
debug_merge_point(0, 0, '667<std_core_hnd.rpyeffect:366([#858])>+3: {"op": "Copy". "type": "any". "from": 5. "to". 1}')
debug_merge_point(0, 0, '667<std_core_hnd.rpyeffect:366([#858])>+4: {"op": "Jump". "target": 662}')
debug_merge_point(0, 0, '662<std_core_hnd.rpyeffect:361([mcore:[#656]#839])>+0: {"op": "Const". "type": "ptr". "out": 1. "format": "string". "value": "Name(import$std/core/hnd)"}')
debug_merge_point(0, 0, '662<std_core_hnd.rpyeffect:361([mcore:[#656]#839])>+1: {"op": "PrimOp". "name": "getGlobal(String): Ptr". "out": {"any": [1]}. "in": {"any": [1]}}')
debug_merge_point(0, 0, '662<std_core_hnd.rpyeffect:361([mcore:[#656]#839])>+2: {"op": "CallLib". "lib": "1". "symbol": "setCurrentEvv"}')
debug_merge_point(0, 0, '302<std_core_hnd.rpyeffect:1(Name(setCurrentEvv))>+0: {"op": "Const". "type": "ptr". "out": 1. "format": "string". "value": "current-evv"}')
debug_merge_point(0, 0, '302<std_core_hnd.rpyeffect:1(Name(setCurrentEvv))>+1: {"op": "PrimOp". "name": "getGlobal(String): Ptr". "out": {"any": [1]}. "in": {"any": [1]}}')
debug_merge_point(0, 0, '302<std_core_hnd.rpyeffect:1(Name(setCurrentEvv))>+2: {"op": "PrimOp". "name": "setRef(Ref[Ptr]. Ptr): Unit". "out": {"any": [0]}. "in": {"any": [1. 0]}}')
debug_merge_point(0, 0, '302<std_core_hnd.rpyeffect:1(Name(setCurrentEvv))>+3: {"op": "Return". "args": {"any": [0]}}')
debug_merge_point(0, 0, '666<std_core_hnd.rpyeffect:365([k@[#858]#863])>+0: {"op": "Push". "target": 665. "args": {"any": [4]}}')
debug_merge_point(0, 0, '666<std_core_hnd.rpyeffect:365([k@[#858]#863])>+1: {"op": "Copy". "type": "any". "from": 2. "to". 0}')
debug_merge_point(0, 0, '666<std_core_hnd.rpyeffect:365([k@[#858]#863])>+2: {"op": "Copy". "type": "any". "from": 1. "to". 2}')
debug_merge_point(0, 0, '666<std_core_hnd.rpyeffect:365([k@[#858]#863])>+3: {"op": "Copy". "type": "any". "from": 3. "to". 1}')
debug_merge_point(0, 0, '666<std_core_hnd.rpyeffect:365([k@[#858]#863])>+4: {"op": "Jump". "target": 442}')
debug_merge_point(0, 0, '442<std_core_hnd.rpyeffect:141([mcore:[#411]#270])>+0: {"op": "NewStack". "out": 0. "target": 440. "region": 1. "args": {"any": [1]}. "label": 0}')
debug_merge_point(0, 0, '442<std_core_hnd.rpyeffect:141([mcore:[#411]#270])>+1: {"op": "PushStack". "arg": 0}')
+257: i34 = instance_ptr_eq(p20, ConstPtr(ptr33))
+264: guard_true(i34, descr=<Guard0x2cfd7340>) [p0, p1, p2, p3, p4, p5, p6, p7, p8, p9, p10, p11, p12, p13, p14, p15, p16, p17, p18, p19, p20]
debug_merge_point(0, 0, '442<std_core_hnd.rpyeffect:141([mcore:[#411]#270])>+2: {"op": "Invoke". "receiver": 2. "tag": Interned(apply). "args" : {"any": []}}')
+270: p35 = getfield_gc_r(p26, descr=<FieldP rpyeffect.codata.CoData.inst_vtable 8 pure>)
+281: guard_value(p35, ConstPtr(ptr36), descr=<Guard0x2cfd7370>) [p0, p1, p2, p3, p4, p5, p6, p7, p8, p9, p10, p11, p12, p13, p14, p15, p16, p17, p18, p19, p20]
+290: p37 = getfield_gc_r(p26, descr=<FieldP rpyeffect.stored_environment.CoData__1.inst_values_ptr_0 24 pure>)
debug_merge_point(0, 0, '4421<main.rpyeffect:88([method_apply@[#343]#351])>+0: {"op": "Const". "type": "ptr". "out": 1. "format": "string". "value": "Name(import$std/core/hnd)"}')
debug_merge_point(0, 0, '4421<main.rpyeffect:88([method_apply@[#343]#351])>+1: {"op": "PrimOp". "name": "getGlobal(String): Ptr". "out": {"any": [1]}. "in": {"any": [1]}}')
debug_merge_point(0, 0, '4421<main.rpyeffect:88([method_apply@[#343]#351])>+2: {"op": "Swap". "type": "any". "a": 0. "b". 1}')
debug_merge_point(0, 0, '4421<main.rpyeffect:88([method_apply@[#343]#351])>+3: {"op": "Jump". "target": 4417}')
debug_merge_point(0, 0, '4417<main.rpyeffect:84([mcore:[#203]#308])>+0: {"op": "Const". "type": "ptr". "out": 0. "format": "string". "value": "Name(import$std/core/hnd)"}')
debug_merge_point(0, 0, '4417<main.rpyeffect:84([mcore:[#203]#308])>+1: {"op": "PrimOp". "name": "getGlobal(String): Ptr". "out": {"any": [0]}. "in": {"any": [0]}}')
debug_merge_point(0, 0, '4417<main.rpyeffect:84([mcore:[#203]#308])>+2: {"op": "Swap". "type": "any". "a": 0. "b". 1}')
debug_merge_point(0, 0, '4417<main.rpyeffect:84([mcore:[#203]#308])>+3: {"op": "Jump". "target": 4391}')
debug_merge_point(0, 0, '4391<main.rpyeffect:58([mcore:[#146]#118])>+0: {"op": "Match". "type": Interned(std/core/types/list). "scrutinee": 0. "clauses": [{"tag": Interned(std/core/types/Nil). "target": 4390. "args": {"any": []}}]. "default": {"tag": Interned(844b1a7b-2bc2-4b3b-9037-74e7fc6ea2f0#[Missing Tag#701]). "target": 4389. "args": {"any": []}}}')
+294: p38 = getfield_gc_r(p37, descr=<FieldP rpyeffect.data.Data.inst_tag 8>)
+305: guard_value(p38, ConstPtr(ptr39), descr=<Guard0x2cfd73a0>) [p0, p1, p2, p3, p4, p5, p6, p7, p8, p9, p10, p11, p12, p13, p14, p15, p16, p17, p18, p19, p20]
debug_merge_point(0, 0, '4389<main.rpyeffect:56([match_def@[mcore:[#146]#118]#119])>+0: {"op": "Match". "type": Interned(std/core/types/list). "scrutinee": 0. "clauses": [{"tag": Interned(std/core/types/Cons). "target": 4388. "args": {"any": [0. 1]}}]. "default": {"tag": Interned(844b1a7b-2bc2-4b3b-9037-74e7fc6ea2f0#[Missing Tag#700]). "target": 4369. "args": {"any": []}}}')
+314: p40 = new_with_vtable(descr=<SizeDescr 40>)
+365: setfield_gc(p40, ConstPtr(ptr41), descr=<FieldP rpyeffect.data.Data.inst_tag 8>)
+369: p42 = new_with_vtable(descr=<SizeDescr 56>)
+387: setfield_gc(p42, ConstPtr(ptr43), descr=<FieldP rpyeffect.data.Data.inst_tag 8>)
+391: setfield_gc(p42, p29, descr=<FieldP rpyeffect.stored_environment.Data__4.inst_values_ptr_0 24 pure>)
+395: p44 = new_with_vtable(descr=<SizeDescr 16>)
+406: setfield_gc(p44, 524288, descr=<FieldS rpyeffect.stack.Label.inst_origin 8 pure>)
+414: setfield_gc(p42, p44, descr=<FieldP rpyeffect.stored_environment.Data__4.inst_values_ptr_1 32 pure>)
+418: setfield_gc(p42, p27, descr=<FieldP rpyeffect.stored_environment.Data__4.inst_values_ptr_2 40 pure>)
+422: setfield_gc(p42, p22, descr=<FieldP rpyeffect.stored_environment.Data__4.inst_values_ptr_3 48 pure>)
+426: setfield_gc(p40, p42, descr=<FieldP rpyeffect.stored_environment.Data__2.inst_values_ptr_0 24 pure>)
+430: setfield_gc(p40, p22, descr=<FieldP rpyeffect.stored_environment.Data__2.inst_values_ptr_1 32 pure>)
+445: setfield_gc(ConstPtr(ptr46), p40, descr=<FieldP rpyeffect.region.Ref.inst_value 16>)
+449: p47 = new_with_vtable(descr=<SizeDescr 40>)
+460: p48 = new_with_vtable(descr=<SizeDescr 40>)
+472: p49 = new_with_vtable(descr=<SizeDescr 40>)
+484: setfield_gc(p49, p30, descr=<FieldP rpyeffect.stored_environment.Stack__arb.inst_tail 8 pure>)
+488: setfield_gc(p49, 665, descr=<FieldS rpyeffect.stored_environment.Stack__arb.inst_target 16 pure>)
+496: setfield_gc(p49, p22, descr=<FieldP rpyeffect.stored_environment.Stack__1.inst_values_ptr_0 32 pure>)
+500: setfield_gc(p47, 440, descr=<FieldS rpyeffect.stored_environment.Stack__arb.inst_target 16 pure>)
+508: setfield_gc(p47, ConstPtr(null), descr=<FieldP rpyeffect.stored_environment.Stack__arb.inst_tail 8 pure>)
+516: setfield_gc(p47, p28, descr=<FieldP rpyeffect.stored_environment.Stack__1.inst_values_ptr_0 32 pure>)
+520: setfield_gc(p48, p49, descr=<FieldP rpyeffect.stack.MetaStackLike.inst_stack 8 pure>)
+525: setfield_gc(p48, p17, descr=<FieldP rpyeffect.stack.MetaStack.inst_label 16 pure>)
+537: setfield_gc(p48, ConstPtr(null), descr=<FieldP rpyeffect.stack.MetaStack.inst_region 24 pure>)
+546: setfield_gc(p48, p19, descr=<FieldP rpyeffect.stack.MetaStack.inst_tail 32 pure>)
+597: jump(p44, p47, p0, p48, ConstPtr(ptr54), p37, ConstPtr(ptr55), p26, p28, p22, ConstPtr(ptr56), p7, p8, p9, p10, p11, p12, p13, p14, p15, p16, descr=TargetToken(753195104))
+816: --end of the loop--
[62587fb91dd0] jit-log-opt-bridge}
[62587fc4325e] {jit-log-opt-bridge
# bridge out of Guard 0x2ce7d670 with 32 ops
[p0, p1, p2, p3, p4, p5, p6, p7, p8, p9, p10, p11, p12, p13, p14, p15, p16, p17, p18, p19]
+62: guard_not_invalidated(descr=<Guard0x2ce23a90>) [p0, p1, p2, p3, p4, p5, p6, p7, p8, p9, p10, p11, p12, p13, p14, p15, p16, p17, p18, p19]
+62: p20 = getfield_gc_r(p1, descr=<FieldP rpyeffect.data.Data.inst_tag 8>)
+73: guard_value(p20, ConstPtr(ptr21), descr=<Guard0x2cfd7430>) [p0, p1, p2, p3, p4, p5, p6, p7, p8, p9, p10, p11, p12, p13, p14, p15, p16, p17, p18, p19]
+82: p22 = getfield_gc_r(p1, descr=<FieldP rpyeffect.stored_environment.Data__2.inst_values_ptr_0 24 pure>)
+86: p23 = getfield_gc_r(p1, descr=<FieldP rpyeffect.stored_environment.Data__2.inst_values_ptr_1 32 pure>)
debug_merge_point(0, 0, '4388<main.rpyeffect:55([#121])>+0: {"op": "Const". "type": "ptr". "out": 2. "format": "int". "value": "<IntValue object at 0x2cc2a720>"}')
debug_merge_point(0, 0, '4388<main.rpyeffect:55([#121])>+1: {"op": "PrimOp". "name": "infixEq(Int. Int): Boolean". "out": {"any": [2]}. "in": {"any": [0. 2]}}')
+86: i24 = getfield_gc_i(p22, descr=<FieldS rpyeffect.value.IntValue.inst_value 8 pure>)
+90: i26 = int_eq(i24, 0)
debug_merge_point(0, 0, '4388<main.rpyeffect:55([#121])>+2: {"op": "Switch". "scrutinee": 2. "values": [<BoolValue object at 0x2cc2ab90>]. "targets": [4383]. "default": 4387}')
+94: guard_true(i26, descr=<Guard0x2cfd7460>) [p0, p1, p2, p3, p4, p5, p6, p7, p8, p9, p10, p11, p12, p13, p14, p15, p16, p17, p18, p19]
debug_merge_point(0, 0, '4383<main.rpyeffect:50([switch case for Bool(true)#128])>+0: {"op": "Const". "type": "ptr". "out": 0. "format": "int". "value": "<IntValue object at 0x2cc2a550>"}')
debug_merge_point(0, 0, '4383<main.rpyeffect:50([switch case for Bool(true)#128])>+1: {"op": "Const". "type": "ptr". "out": 1. "format": "string". "value": "Name(import$std/core/hnd)"}')
debug_merge_point(0, 0, '4383<main.rpyeffect:50([switch case for Bool(true)#128])>+2: {"op": "PrimOp". "name": "getGlobal(String): Ptr". "out": {"any": [1]}. "in": {"any": [1]}}')
debug_merge_point(0, 0, '4383<main.rpyeffect:50([switch case for Bool(true)#128])>+3: {"op": "Push". "target": 4382. "args": {"any": [0]}}')
debug_merge_point(0, 0, '4383<main.rpyeffect:50([switch case for Bool(true)#128])>+4: {"op": "Copy". "type": "any". "from": 1. "to". 0}')
debug_merge_point(0, 0, '4383<main.rpyeffect:50([switch case for Bool(true)#128])>+5: {"op": "Jump". "target": 4368}')
debug_merge_point(0, 0, '4368<main.rpyeffect:35([mcore:[#131]#114])>+0: {"op": "Const". "type": "ptr". "out": 0. "format": "string". "value": "Name(import$std/core/hnd)"}')
debug_merge_point(0, 0, '4368<main.rpyeffect:35([mcore:[#131]#114])>+1: {"op": "PrimOp". "name": "getGlobal(String): Ptr". "out": {"any": [0]}. "in": {"any": [0]}}')
debug_merge_point(0, 0, '4368<main.rpyeffect:35([mcore:[#131]#114])>+2: {"op": "CallLib". "lib": "0". "symbol": "getCurrentEvv"}')
debug_merge_point(0, 0, '301<std_core_hnd.rpyeffect:0(Name(getCurrentEvv))>+0: {"op": "Const". "type": "ptr". "out": 0. "format": "string". "value": "current-evv"}')
+100: p27 = new_with_vtable(descr=<SizeDescr 40>)
+141: p28 = new_with_vtable(descr=<SizeDescr 40>)
+152: setfield_gc(p28, p19, descr=<FieldP rpyeffect.stored_environment.Stack__arb.inst_tail 8 pure>)
+163: setfield_gc(p28, 4384, descr=<FieldS rpyeffect.stored_environment.Stack__arb.inst_target 16 pure>)
+171: setfield_gc(p28, p18, descr=<FieldP rpyeffect.stored_environment.Stack__1.inst_values_ptr_0 32 pure>)
+175: p30 = new_with_vtable(descr=<SizeDescr 16>)
+186: setfield_gc(p27, p28, descr=<FieldP rpyeffect.stored_environment.Stack__arb.inst_tail 8 pure>)
+190: setfield_gc(p27, 4382, descr=<FieldS rpyeffect.stored_environment.Stack__arb.inst_target 16 pure>)
+205: setfield_gc(p27, ConstPtr(ptr32), descr=<FieldP rpyeffect.stored_environment.Stack__1.inst_values_ptr_0 32 pure>)
+209: setfield_gc(p30, 1, descr=<FieldU rpyeffect.value.BoolValue.inst_value 8 pure>)
+237: jump(p15, p27, p0, p16, p17, ConstPtr(ptr34), ConstPtr(ptr35), p30, p2, p3, p4, p5, p6, p7, p8, p9, p10, p11, p12, p13, p14, descr=TargetToken(754933792))
+464: --end of the loop--
[62587fc5856a] jit-log-opt-bridge}
[625880191f3b] {jit-log-opt-bridge
# bridge out of Guard 0x2cfd6b60 with 183 ops
[p0, p1, p2, p3, p4, p5, p6, p7, p8, p9, p10, p11, p12, p13, p14, p15, p16, p17, p18, p19, p20]
+238: guard_not_invalidated(descr=<Guard0x2ce23b68>) [p0, p1, p2, p3, p4, p5, p6, p7, p8, p9, p10, p11, p12, p13, p14, p15, p16, p17, p18, p19, p20]
debug_merge_point(0, 0, '301<std_core_hnd.rpyeffect:0(Name(getCurrentEvv))>+1: {"op": "PrimOp". "name": "getGlobal(String): Ptr". "out": {"any": [0]}. "in": {"any": [0]}}')
debug_merge_point(0, 0, '301<std_core_hnd.rpyeffect:0(Name(getCurrentEvv))>+2: {"op": "PrimOp". "name": "getRef(Ref[Ptr]): Ptr". "out": {"any": [0]}. "in": {"any": [0]}}')
+245: p22 = getfield_gc_r(ConstPtr(ptr21), descr=<FieldP rpyeffect.region.Ref.inst_value 16>)
+249: guard_nonnull_class(p22, ConstClass(Data__2), descr=<Guard0x2ce23bb0>) [p0, p1, p2, p3, p4, p5, p6, p7, p8, p9, p10, p11, p12, p13, p14, p15, p16, p17, p18, p19, p20]
debug_merge_point(0, 0, '301<std_core_hnd.rpyeffect:0(Name(getCurrentEvv))>+3: {"op": "Return". "args": {"any": [0]}}')
+268: guard_nonnull(p18, descr=<Guard0x2cfd7a90>) [p0, p1, p2, p3, p4, p5, p6, p7, p8, p9, p10, p11, p12, p13, p14, p15, p16, p17, p18, p19, p20]
+277: i24 = getfield_gc_i(p18, descr=<FieldS rpyeffect.stored_environment.Stack__arb.inst_target 16 pure>)
+281: guard_value(i24, 874, descr=<Guard0x2cfd7ac0>) [p0, p1, p2, p3, p4, p5, p6, p7, p8, p9, p10, p11, p12, p13, p14, p15, p16, p17, p18, p19, p20]
+294: p26 = getfield_gc_r(p18, descr=<FieldP rpyeffect.stored_environment.Stack__2.inst_values_ptr_0 32 pure>)
+298: p27 = getfield_gc_r(p18, descr=<FieldP rpyeffect.stored_environment.Stack__2.inst_values_ptr_1 40 pure>)
+302: p28 = getfield_gc_r(p18, descr=<FieldP rpyeffect.stored_environment.Stack__arb.inst_tail 8 pure>)
debug_merge_point(0, 0, '874<std_core_hnd.rpyeffect:573([k@[mcore:[#899]#1511]#1513])>+0: {"op": "Push". "target": 873. "args": {"any": [0]}}')
debug_merge_point(0, 0, '874<std_core_hnd.rpyeffect:573([k@[mcore:[#899]#1511]#1513])>+1: {"op": "Copy". "type": "any". "from": 2. "to". 0}')
debug_merge_point(0, 0, '874<std_core_hnd.rpyeffect:573([k@[mcore:[#899]#1511]#1513])>+2: {"op": "Jump". "target": 507}')
debug_merge_point(0, 0, '507<std_core_hnd.rpyeffect:206([mcore:[#476]#441])>+0: {"op": "Const". "type": "ptr". "out": 2. "format": "int". "value": "<IntValue object at 0x7f01db6c8dd0>"}')
debug_merge_point(0, 0, '507<std_core_hnd.rpyeffect:206([mcore:[#476]#441])>+1: {"op": "ShiftDyn". "out": 0. "n": 2. "label": 0}')
+309: i30 = instance_ptr_eq(p20, ConstPtr(ptr29))
+316: guard_true(i30, descr=<Guard0x2cfd7af0>) [p0, p1, p2, p3, p4, p5, p6, p7, p8, p9, p10, p11, p12, p13, p14, p15, p16, p17, p18, p19, p20]
+322: guard_nonnull(p17, descr=<Guard0x2cfd7b20>) [p0, p1, p2, p3, p4, p5, p6, p7, p8, p9, p10, p11, p12, p13, p14, p15, p16, p17, p18, p19, p20]
+336: guard_nonnull(p27, descr=<Guard0x2cfd7b50>) [p0, p1, p2, p3, p4, p5, p6, p7, p8, p9, p10, p11, p12, p13, p14, p15, p16, p17, p18, p19, p20]
+345: i31 = getfield_gc_i(p17, descr=<FieldS rpyeffect.stack.Label.inst_origin 8 pure>)
+357: guard_value(i31, 524288, descr=<Guard0x2cfd7b80>) [p0, p1, p2, p3, p4, p5, p6, p7, p8, p9, p10, p11, p12, p13, p14, p15, p16, p17, p18, p19, p20]
+370: i33 = getfield_gc_i(p27, descr=<FieldS rpyeffect.stack.Label.inst_origin 8 pure>)
+374: guard_value(i33, 524288, descr=<Guard0x2cfd7bb0>) [p0, p1, p2, p3, p4, p5, p6, p7, p8, p9, p10, p11, p12, p13, p14, p15, p16, p17, p18, p19, p20]
+387: i35 = instance_ptr_eq(p17, p27)
+390: guard_true(i35, descr=<Guard0x2cfd7be0>) [p0, p1, p2, p3, p4, p5, p6, p7, p8, p9, p10, p11, p12, p13, p14, p15, p16, p17, p18, p19, p20]
+396: guard_nonnull_class(p19, 8697152, descr=<Guard0x2ce23bf8>) [p0, p1, p2, p3, p4, p5, p6, p7, p8, p9, p10, p11, p12, p13, p14, p15, p16, p17, p18, p19, p20]
+422: p37 = getfield_gc_r(p19, descr=<FieldP rpyeffect.stack.MetaStackLike.inst_stack 8 pure>)
+426: p38 = getfield_gc_r(p19, descr=<FieldP rpyeffect.stack.MetaStack.inst_label 16 pure>)
+430: p39 = getfield_gc_r(p19, descr=<FieldP rpyeffect.stack.MetaStack.inst_tail 32 pure>)
debug_merge_point(0, 0, '507<std_core_hnd.rpyeffect:206([mcore:[#476]#441])>+2: {"op": "New". "out": 0. "targets": [506]. "args": {"any": [0]}}')
debug_merge_point(0, 0, '507<std_core_hnd.rpyeffect:206([mcore:[#476]#441])>+3: {"op": "Invoke". "receiver": 1. "tag": Interned(apply). "args" : {"any": [0]}}')
+434: p40 = getfield_gc_r(p26, descr=<FieldP rpyeffect.codata.CoData.inst_vtable 8 pure>)
+445: guard_value(p40, ConstPtr(ptr41), descr=<Guard0x2cfd7c10>) [p0, p1, p2, p3, p4, p5, p6, p7, p8, p9, p10, p11, p12, p13, p14, p15, p16, p17, p18, p19, p20]
+454: p42 = getfield_gc_r(p26, descr=<FieldP rpyeffect.stored_environment.CoData__1.inst_values_ptr_0 24 pure>)
debug_merge_point(0, 0, '4414<main.rpyeffect:81([method_apply@[mcore:[#195]#295]#298])>+0: {"op": "Const". "type": "ptr". "out": 2. "format": "string". "value": "Name(import$std/core/hnd)"}')
debug_merge_point(0, 0, '4414<main.rpyeffect:81([method_apply@[mcore:[#195]#295]#298])>+1: {"op": "PrimOp". "name": "getGlobal(String): Ptr". "out": {"any": [2]}. "in": {"any": [2]}}')
debug_merge_point(0, 0, '4414<main.rpyeffect:81([method_apply@[mcore:[#195]#295]#298])>+2: {"op": "Swap". "type": "any". "a": 2. "b". 1}')
debug_merge_point(0, 0, '4414<main.rpyeffect:81([method_apply@[mcore:[#195]#295]#298])>+3: {"op": "Jump". "target": 4413}')
debug_merge_point(0, 0, '4413<main.rpyeffect:80([mcore:[#193]#285])>+0: {"op": "New". "out": 1. "targets": [4412]. "args": {"any": []}}')
debug_merge_point(0, 0, '4413<main.rpyeffect:80([mcore:[#193]#285])>+1: {"op": "Const". "type": "ptr". "out": 3. "format": "string". "value": "Name(import$std/core/hnd)"}')
debug_merge_point(0, 0, '4413<main.rpyeffect:80([mcore:[#193]#285])>+2: {"op": "PrimOp". "name": "getGlobal(String): Ptr". "out": {"any": [3]}. "in": {"any": [3]}}')
debug_merge_point(0, 0, '4413<main.rpyeffect:80([mcore:[#193]#285])>+3: {"op": "Swap". "type": "any". "a": 2. "b". 0}')
debug_merge_point(0, 0, '4413<main.rpyeffect:80([mcore:[#193]#285])>+4: {"op": "Jump". "target": 4410}')
debug_merge_point(0, 0, '4410<main.rpyeffect:77([mcore:[#187]#277])>+0: {"op": "Const". "type": "ptr". "out": 3. "format": "string". "value": "Name(import$std/core/hnd)"}')
debug_merge_point(0, 0, '4410<main.rpyeffect:77([mcore:[#187]#277])>+1: {"op": "PrimOp". "name": "getGlobal(String): Ptr". "out": {"any": [3]}. "in": {"any": [3]}}')
debug_merge_point(0, 0, '4410<main.rpyeffect:77([mcore:[#187]#277])>+2: {"op": "CallLib". "lib": "3". "symbol": "std/core/hnd/protect"}')
debug_merge_point(0, 0, '503<std_core_hnd.rpyeffect:202([mcore:[#473]#439])>+0: {"op": "Swap". "type": "any". "a": 2. "b". 1}')
debug_merge_point(0, 0, '503<std_core_hnd.rpyeffect:202([mcore:[#473]#439])>+1: {"op": "Invoke". "receiver": 2. "tag": Interned(apply). "args" : {"any": [0. 1]}}')
debug_merge_point(0, 0, '4412<main.rpyeffect:79([method_apply@[mcore:[#193]#285]#289])>+0: {"op": "Jump". "target": 4411}')
debug_merge_point(0, 0, '4411<main.rpyeffect:78([mcore:[#190]#284])>+0: {"op": "Return". "args": {"any": [0]}}')
+458: guard_nonnull(p37, descr=<Guard0x2cfd7c40>) [p0, p1, p2, p3, p4, p5, p6, p7, p8, p9, p10, p11, p12, p13, p14, p15, p16, p17, p18, p19, p20]
+467: i43 = getfield_gc_i(p37, descr=<FieldS rpyeffect.stored_environment.Stack__arb.inst_target 16 pure>)
+471: guard_value(i43, 665, descr=<Guard0x2cfd7c70>) [p0, p1, p2, p3, p4, p5, p6, p7, p8, p9, p10, p11, p12, p13, p14, p15, p16, p17, p18, p19, p20]
+484: p45 = getfield_gc_r(p37, descr=<FieldP rpyeffect.stored_environment.Stack__1.inst_values_ptr_0 32 pure>)
+488: p46 = getfield_gc_r(p37, descr=<FieldP rpyeffect.stored_environment.Stack__arb.inst_tail 8 pure>)
debug_merge_point(0, 0, '665<std_core_hnd.rpyeffect:364([k@[k@[#858]#863]#865])>+0: {"op": "Const". "type": "ptr". "out": 2. "format": "string". "value": "Name(import$std/core/hnd)"}')
debug_merge_point(0, 0, '665<std_core_hnd.rpyeffect:364([k@[k@[#858]#863]#865])>+1: {"op": "PrimOp". "name": "getGlobal(String): Ptr". "out": {"any": [2]}. "in": {"any": [2]}}')
debug_merge_point(0, 0, '665<std_core_hnd.rpyeffect:364([k@[k@[#858]#863]#865])>+2: {"op": "Push". "target": 664. "args": {"any": [0]}}')
debug_merge_point(0, 0, '665<std_core_hnd.rpyeffect:364([k@[k@[#858]#863]#865])>+3: {"op": "Copy". "type": "any". "from": 1. "to". 0}')
debug_merge_point(0, 0, '665<std_core_hnd.rpyeffect:364([k@[k@[#858]#863]#865])>+4: {"op": "Copy". "type": "any". "from": 2. "to". 1}')
debug_merge_point(0, 0, '665<std_core_hnd.rpyeffect:364([k@[k@[#858]#863]#865])>+5: {"op": "Jump". "target": 663}')
debug_merge_point(0, 0, '663<std_core_hnd.rpyeffect:362([mcore:[#661]#844])>+0: {"op": "Const". "type": "ptr". "out": 1. "format": "string". "value": "Name(import$std/core/hnd)"}')
debug_merge_point(0, 0, '663<std_core_hnd.rpyeffect:362([mcore:[#661]#844])>+1: {"op": "PrimOp". "name": "getGlobal(String): Ptr". "out": {"any": [1]}. "in": {"any": [1]}}')
debug_merge_point(0, 0, '663<std_core_hnd.rpyeffect:362([mcore:[#661]#844])>+2: {"op": "CallLib". "lib": "1". "symbol": "setCurrentEvv"}')
debug_merge_point(0, 0, '302<std_core_hnd.rpyeffect:1(Name(setCurrentEvv))>+0: {"op": "Const". "type": "ptr". "out": 1. "format": "string". "value": "current-evv"}')
debug_merge_point(0, 0, '302<std_core_hnd.rpyeffect:1(Name(setCurrentEvv))>+1: {"op": "PrimOp". "name": "getGlobal(String): Ptr". "out": {"any": [1]}. "in": {"any": [1]}}')
debug_merge_point(0, 0, '302<std_core_hnd.rpyeffect:1(Name(setCurrentEvv))>+2: {"op": "PrimOp". "name": "setRef(Ref[Ptr]. Ptr): Unit". "out": {"any": [0]}. "in": {"any": [1. 0]}}')
debug_merge_point(0, 0, '302<std_core_hnd.rpyeffect:1(Name(setCurrentEvv))>+3: {"op": "Return". "args": {"any": [0]}}')
debug_merge_point(0, 0, '664<std_core_hnd.rpyeffect:363([k@[k@[k@[#858]#863]#865]#870])>+0: {"op": "Copy". "type": "any". "from": 1. "to". 0}')
debug_merge_point(0, 0, '664<std_core_hnd.rpyeffect:363([k@[k@[k@[#858]#863]#865]#870])>+1: {"op": "Return". "args": {"any": [0]}}')
+502: setfield_gc(ConstPtr(ptr47), p45, descr=<FieldP rpyeffect.region.Ref.inst_value 16>)
+506: guard_nonnull(p46, descr=<Guard0x2ce23c40>) [p0, p42, p5, p6, p7, p8, p9, p10, p11, p12, p13, p14, p15, p16, p38, p46, p39]
+515: i48 = getfield_gc_i(p46, descr=<FieldS rpyeffect.stored_environment.Stack__arb.inst_target 16 pure>)
+519: guard_value(i48, 4423, descr=<Guard0x2cfd7ca0>) [p0, p42, p5, p6, p7, p8, p9, p10, p11, p12, p13, p14, p15, p16, p38, p46, p39]
+532: p50 = getfield_gc_r(p46, descr=<FieldP rpyeffect.stored_environment.Stack__3.inst_values_ptr_0 32 pure>)
+536: p51 = getfield_gc_r(p46, descr=<FieldP rpyeffect.stored_environment.Stack__3.inst_values_ptr_1 40 pure>)
+540: p52 = getfield_gc_r(p46, descr=<FieldP rpyeffect.stored_environment.Stack__3.inst_values_ptr_2 48 pure>)
+544: p53 = getfield_gc_r(p46, descr=<FieldP rpyeffect.stored_environment.Stack__arb.inst_tail 8 pure>)
debug_merge_point(0, 0, '4423<main.rpyeffect:90([k@[#343]#364])>+0: {"op": "PrimOp". "name": "infixAdd(Int. Int): Int". "out": {"any": [0]}. "in": {"any": [1. 0]}}')
+548: i54 = getfield_gc_i(p50, descr=<FieldS rpyeffect.value.IntValue.inst_value 8 pure>)
+552: i55 = getfield_gc_i(p42, descr=<FieldS rpyeffect.value.IntValue.inst_value 8 pure>)
+556: i56 = int_add(i54, i55)
debug_merge_point(0, 0, '4423<main.rpyeffect:90([k@[#343]#364])>+1: {"op": "Const". "type": "ptr". "out": 1. "format": "string". "value": "Name(import$std/core/hnd)"}')
debug_merge_point(0, 0, '4423<main.rpyeffect:90([k@[#343]#364])>+2: {"op": "PrimOp". "name": "getGlobal(String): Ptr". "out": {"any": [1]}. "in": {"any": [1]}}')
debug_merge_point(0, 0, '4423<main.rpyeffect:90([k@[#343]#364])>+3: {"op": "Const". "type": "ptr". "out": 4. "format": "string". "value": "Name(main/@tag-abort)"}')
debug_merge_point(0, 0, '4423<main.rpyeffect:90([k@[#343]#364])>+4: {"op": "PrimOp". "name": "getGlobal(String): Ptr". "out": {"any": [4]}. "in": {"any": [4]}}')
debug_merge_point(0, 0, '4423<main.rpyeffect:90([k@[#343]#364])>+5: {"op": "Swap". "type": "any". "a": 3. "b". 1}')
debug_merge_point(0, 0, '4423<main.rpyeffect:90([k@[#343]#364])>+6: {"op": "Swap". "type": "any". "a": 0. "b". 1}')
debug_merge_point(0, 0, '4423<main.rpyeffect:90([k@[#343]#364])>+7: {"op": "Swap". "type": "any". "a": 2. "b". 1}')
debug_merge_point(0, 0, '4423<main.rpyeffect:90([k@[#343]#364])>+8: {"op": "Jump". "target": 4429}')
debug_merge_point(0, 0, '4429<main.rpyeffect:96([mcore:[#209]#312])>+0: {"op": "Const". "type": "ptr". "out": 3. "format": "int". "value": "<IntValue object at 0x2cc2b7b0>"}')
debug_merge_point(0, 0, '4429<main.rpyeffect:96([mcore:[#209]#312])>+1: {"op": "PrimOp". "name": "infixEq(Int. Int): Boolean". "out": {"any": [3]}. "in": {"any": [1. 3]}}')
+559: i57 = getfield_gc_i(p51, descr=<FieldS rpyeffect.value.IntValue.inst_value 8 pure>)
+563: i59 = int_eq(i57, 0)
debug_merge_point(0, 0, '4429<main.rpyeffect:96([mcore:[#209]#312])>+2: {"op": "Swap". "type": "any". "a": 2. "b". 0}')
debug_merge_point(0, 0, '4429<main.rpyeffect:96([mcore:[#209]#312])>+3: {"op": "Switch". "scrutinee": 3. "values": [<BoolValue object at 0x2cc2b780>]. "targets": [4418]. "default": 4428}')
+567: guard_false(i59, descr=<Guard0x2cfd7cd0>) [p0, p42, p5, p6, p7, p8, p9, p10, p11, p12, p13, p14, p15, p16, p38, p46, p39]
debug_merge_point(0, 0, '4428<main.rpyeffect:95([switch default case#317])>+0: {"op": "Const". "type": "ptr". "out": 3. "format": "int". "value": "<IntValue object at 0x2cc2b7f0>"}')
debug_merge_point(0, 0, '4428<main.rpyeffect:95([switch default case#317])>+1: {"op": "PrimOp". "name": "infixEq(Int. Int): Boolean". "out": {"any": [3]}. "in": {"any": [1. 3]}}')
debug_merge_point(0, 0, '4428<main.rpyeffect:95([switch default case#317])>+2: {"op": "Switch". "scrutinee": 3. "values": [<BoolValue object at 0x2cc2b7c0>]. "targets": [4426]. "default": 4427}')
debug_merge_point(0, 0, '4426<main.rpyeffect:93([switch case for Bool(false)#321])>+0: {"op": "Const". "type": "ptr". "out": 3. "format": "int". "value": "<IntValue object at 0x2cc2b150>"}')
debug_merge_point(0, 0, '4426<main.rpyeffect:93([switch case for Bool(false)#321])>+1: {"op": "PrimOp". "name": "infixSub(Int. Int): Int". "out": {"any": [1]}. "in": {"any": [1. 3]}}')
+573: i61 = int_sub(i57, 1)
debug_merge_point(0, 0, '4426<main.rpyeffect:93([switch case for Bool(false)#321])>+2: {"op": "Const". "type": "ptr". "out": 3. "format": "int". "value": "<IntValue object at 0x2cc2b120>"}')
debug_merge_point(0, 0, '4426<main.rpyeffect:93([switch case for Bool(false)#321])>+3: {"op": "New". "out": 4. "targets": [4419]. "args": {"any": []}}')
debug_merge_point(0, 0, '4426<main.rpyeffect:93([switch case for Bool(false)#321])>+4: {"op": "Const". "type": "ptr". "out": 5. "format": "string". "value": "Name(import$std/core/hnd)"}')
debug_merge_point(0, 0, '4426<main.rpyeffect:93([switch case for Bool(false)#321])>+5: {"op": "PrimOp". "name": "getGlobal(String): Ptr". "out": {"any": [5]}. "in": {"any": [5]}}')
debug_merge_point(0, 0, '4426<main.rpyeffect:93([switch case for Bool(false)#321])>+6: {"op": "Push". "target": 4425. "args": {"any": [0. 1. 2. 3]}}')
debug_merge_point(0, 0, '4426<main.rpyeffect:93([switch case for Bool(false)#321])>+7: {"op": "Copy". "type": "any". "from": 5. "to". 1}')
debug_merge_point(0, 0, '4426<main.rpyeffect:93([switch case for Bool(false)#321])>+8: {"op": "Copy". "type": "any". "from": 4. "to". 0}')
debug_merge_point(0, 0, '4426<main.rpyeffect:93([switch case for Bool(false)#321])>+9: {"op": "Jump". "target": 4408}')
debug_merge_point(0, 0, '4408<main.rpyeffect:75([mcore:[#182]#266])>+0: {"op": "Const". "type": "ptr". "out": 1. "format": "string". "value": "Name(import$std/core/hnd)"}')
debug_merge_point(0, 0, '4408<main.rpyeffect:75([mcore:[#182]#266])>+1: {"op": "PrimOp". "name": "getGlobal(String): Ptr". "out": {"any": [1]}. "in": {"any": [1]}}')
debug_merge_point(0, 0, '4408<main.rpyeffect:75([mcore:[#182]#266])>+2: {"op": "CallLib". "lib": "1". "symbol": "std/core/hnd/Clause1"}')
debug_merge_point(0, 0, '1361<std_core_hnd.rpyeffect:1060([mcore:[#1456]#167])>+0: {"op": "Construct". "out": 0. "type": Interned(std/core/hnd/clause1). "tag": Interned(std/core/hnd/Clause1). "args": {"any": [0]}}')
debug_merge_point(0, 0, '1361<std_core_hnd.rpyeffect:1060([mcore:[#1456]#167])>+1: {"op": "Return". "args": {"any": [0]}}')
debug_merge_point(0, 0, '4425<main.rpyeffect:92([k@[switch case for Bool(false)#321]#340])>+0: {"op": "Push". "target": 4424. "args": {"any": [1. 2. 3]}}')
debug_merge_point(0, 0, '4425<main.rpyeffect:92([k@[switch case for Bool(false)#321]#340])>+1: {"op": "Copy". "type": "any". "from": 0. "to". 1}')
debug_merge_point(0, 0, '4425<main.rpyeffect:92([k@[switch case for Bool(false)#321]#340])>+2: {"op": "Copy". "type": "any". "from": 4. "to". 0}')
debug_merge_point(0, 0, '4425<main.rpyeffect:92([k@[switch case for Bool(false)#321]#340])>+3: {"op": "Jump". "target": 4452}')
debug_merge_point(0, 0, '4452<main.rpyeffect:119([mcore:[#237]#265])>+0: {"op": "Construct". "out": 0. "type": Interned(main/abort). "tag": Interned(main/@Hnd-abort). "args": {"any": [0. 1]}}')
debug_merge_point(0, 0, '4452<main.rpyeffect:119([mcore:[#237]#265])>+1: {"op": "Return". "args": {"any": [0]}}')
debug_merge_point(0, 0, '4424<main.rpyeffect:91([#343])>+0: {"op": "New". "out": 4. "targets": [4420]. "args": {"any": []}}')
debug_merge_point(0, 0, '4424<main.rpyeffect:91([#343])>+1: {"op": "New". "out": 5. "targets": [4421]. "args": {"any": [3]}}')
debug_merge_point(0, 0, '4424<main.rpyeffect:91([#343])>+2: {"op": "Const". "type": "ptr". "out": 6. "format": "string". "value": "Name(import$std/core/hnd)"}')
debug_merge_point(0, 0, '4424<main.rpyeffect:91([#343])>+3: {"op": "PrimOp". "name": "getGlobal(String): Ptr". "out": {"any": [6]}. "in": {"any": [6]}}')
debug_merge_point(0, 0, '4424<main.rpyeffect:91([#343])>+4: {"op": "Const". "type": "ptr". "out": 7. "format": "string". "value": "Name(main/@tag-abort)"}')
debug_merge_point(0, 0, '4424<main.rpyeffect:91([#343])>+5: {"op": "PrimOp". "name": "getGlobal(String): Ptr". "out": {"any": [7]}. "in": {"any": [7]}}')
debug_merge_point(0, 0, '4424<main.rpyeffect:91([#343])>+6: {"op": "Push". "target": 4423. "args": {"any": [1. 2. 3]}}')
debug_merge_point(0, 0, '4424<main.rpyeffect:91([#343])>+7: {"op": "Copy". "type": "any". "from": 5. "to". 2}')
debug_merge_point(0, 0, '4424<main.rpyeffect:91([#343])>+8: {"op": "Copy". "type": "any". "from": 4. "to". 1}')
debug_merge_point(0, 0, '4424<main.rpyeffect:91([#343])>+9: {"op": "Copy". "type": "any". "from": 7. "to". 4}')
debug_merge_point(0, 0, '4424<main.rpyeffect:91([#343])>+10: {"op": "Copy". "type": "any". "from": 6. "to". 3}')
debug_merge_point(0, 0, '4424<main.rpyeffect:91([#343])>+11: {"op": "Jump". "target": 4341}')
debug_merge_point(0, 0, '4341<main.rpyeffect:8([mcore:[#102]#22])>+0: {"op": "Const". "type": "ptr". "out": 3. "format": "string". "value": "Name(main/@tag-abort)"}')
debug_merge_point(0, 0, '4341<main.rpyeffect:8([mcore:[#102]#22])>+1: {"op": "PrimOp". "name": "getGlobal(String): Ptr". "out": {"any": [3]}. "in": {"any": [3]}}')
debug_merge_point(0, 0, '4341<main.rpyeffect:8([mcore:[#102]#22])>+2: {"op": "Const". "type": "ptr". "out": 4. "format": "string". "value": "Name(import$std/core/hnd)"}')
debug_merge_point(0, 0, '4341<main.rpyeffect:8([mcore:[#102]#22])>+3: {"op": "PrimOp". "name": "getGlobal(String): Ptr". "out": {"any": [4]}. "in": {"any": [4]}}')
debug_merge_point(0, 0, '4341<main.rpyeffect:8([mcore:[#102]#22])>+4: {"op": "Swap". "type": "any". "a": 2. "b". 1}')
debug_merge_point(0, 0, '4341<main.rpyeffect:8([mcore:[#102]#22])>+5: {"op": "Swap". "type": "any". "a": 3. "b". 1}')
debug_merge_point(0, 0, '4341<main.rpyeffect:8([mcore:[#102]#22])>+6: {"op": "Swap". "type": "any". "a": 0. "b". 1}')
debug_merge_point(0, 0, '4341<main.rpyeffect:8([mcore:[#102]#22])>+7: {"op": "Jump". "target": 4340}')
debug_merge_point(0, 0, '4340<main.rpyeffect:7([mcore:[#96]#14])>+0: {"op": "Const". "type": "ptr". "out": 4. "format": "string". "value": "Name(import$std/core/hnd)"}')
debug_merge_point(0, 0, '4340<main.rpyeffect:7([mcore:[#96]#14])>+1: {"op": "PrimOp". "name": "getGlobal(String): Ptr". "out": {"any": [4]}. "in": {"any": [4]}}')
debug_merge_point(0, 0, '4340<main.rpyeffect:7([mcore:[#96]#14])>+2: {"op": "CallLib". "lib": "4". "symbol": "std/core/hnd/@hhandle"}')
debug_merge_point(0, 0, '671<std_core_hnd.rpyeffect:370([mcore:[#662]#849])>+0: {"op": "Push". "target": 670. "args": {"any": [3. 1. 2. 0]}}')
debug_merge_point(0, 0, '671<std_core_hnd.rpyeffect:370([mcore:[#662]#849])>+1: {"op": "Jump". "target": 509}')
debug_merge_point(0, 0, '509<std_core_hnd.rpyeffect:208([mcore:[#477]#451])>+0: {"op": "Jump". "target": 301}')
debug_merge_point(0, 0, '301<std_core_hnd.rpyeffect:0(Name(getCurrentEvv))>+0: {"op": "Const". "type": "ptr". "out": 0. "format": "string". "value": "current-evv"}')
+577: p62 = new_with_vtable(descr=<SizeDescr 64>)
+621: p63 = new_with_vtable(descr=<SizeDescr 56>)
+632: setfield_gc(p63, p53, descr=<FieldP rpyeffect.stored_environment.Stack__arb.inst_tail 8 pure>)
+636: setfield_gc(p63, 4423, descr=<FieldS rpyeffect.stored_environment.Stack__arb.inst_target 16 pure>)
+644: p65 = new_with_vtable(descr=<SizeDescr 16>)
+655: setfield_gc(p65, i56, descr=<FieldS rpyeffect.value.IntValue.inst_value 8 pure>)
+659: setfield_gc(p63, p65, descr=<FieldP rpyeffect.stored_environment.Stack__3.inst_values_ptr_0 32 pure>)
+663: p66 = new_with_vtable(descr=<SizeDescr 16>)
+674: setfield_gc(p66, i61, descr=<FieldS rpyeffect.value.IntValue.inst_value 8 pure>)
+678: setfield_gc(p63, p66, descr=<FieldP rpyeffect.stored_environment.Stack__3.inst_values_ptr_1 40 pure>)
+682: setfield_gc(p63, p52, descr=<FieldP rpyeffect.stored_environment.Stack__3.inst_values_ptr_2 48 pure>)
+686: p67 = new_with_vtable(descr=<SizeDescr 32>)
+704: setfield_gc(p67, ConstPtr(ptr68), descr=<FieldP rpyeffect.codata.CoData.inst_vtable 8 pure>)
+708: setfield_gc(p67, p52, descr=<FieldP rpyeffect.stored_environment.CoData__1.inst_values_ptr_0 24 pure>)
+712: p69 = new_with_vtable(descr=<SizeDescr 40>)
+730: setfield_gc(p69, ConstPtr(ptr70), descr=<FieldP rpyeffect.data.Data.inst_tag 8>)
+741: setfield_gc(p69, ConstPtr(ptr71), descr=<FieldP rpyeffect.stored_environment.Data__2.inst_values_ptr_0 24 pure>)
+745: p72 = new_with_vtable(descr=<SizeDescr 32>)
+763: setfield_gc(p72, ConstPtr(ptr73), descr=<FieldP rpyeffect.data.Data.inst_tag 8>)
+767: p74 = new_with_vtable(descr=<SizeDescr 24>)
+786: setfield_gc(p74, ConstPtr(ptr75), descr=<FieldP rpyeffect.codata.CoData.inst_vtable 8 pure>)
+791: setfield_gc(p72, p74, descr=<FieldP rpyeffect.stored_environment.Data__1.inst_values_ptr_0 24 pure>)
+795: setfield_gc(p69, p72, descr=<FieldP rpyeffect.stored_environment.Data__2.inst_values_ptr_1 32 pure>)
+799: p76 = new_with_vtable(descr=<SizeDescr 24>)
+818: setfield_gc(p76, ConstPtr(ptr77), descr=<FieldP rpyeffect.codata.CoData.inst_vtable 8 pure>)
+822: setfield_gc(p62, 670, descr=<FieldS rpyeffect.stored_environment.Stack__arb.inst_target 16 pure>)
+830: setfield_gc(p62, p63, descr=<FieldP rpyeffect.stored_environment.Stack__arb.inst_tail 8 pure>)
+834: setfield_gc(p62, p67, descr=<FieldP rpyeffect.stored_environment.Stack__4.inst_values_ptr_0 32 pure>)
+838: setfield_gc(p62, p69, descr=<FieldP rpyeffect.stored_environment.Stack__4.inst_values_ptr_1 40 pure>)
+842: setfield_gc(p62, p76, descr=<FieldP rpyeffect.stored_environment.Stack__4.inst_values_ptr_2 48 pure>)
+853: setfield_gc(p62, ConstPtr(ptr79), descr=<FieldP rpyeffect.stored_environment.Stack__4.inst_values_ptr_3 56 pure>)
+921: jump(p38, p62, p0, p39, ConstPtr(ptr80), ConstPtr(ptr79), p69, p76, p67, ConstPtr(ptr81), p67, ConstPtr(ptr82), ConstPtr(ptr83), p9, p10, p11, p12, p13, p14, p15, p16, descr=TargetToken(754933792))
+1024: --end of the loop--
[6258801dfcd0] jit-log-opt-bridge}
[6258c348bf7e] {jit-summary
Tracing:      	5	0.004885
Backend:      	5	0.000897
TOTAL:      		0.580583
ops:             	12382
heapcached ops:  	1512
recorded ops:    	6189
  calls:         	5230
guards:          	238
opt ops:         	520
opt guards:      	65
opt guards shared:	49
forcings:        	0
abort: trace too long:	0
abort: compiling:	0
abort: vable escape:	0
abort: bad loop: 	0
abort: force quasi-immut:	0
abort: segmenting trace:	0
virtualizables forced:	0
nvirtuals:       	2
nvholes:         	0
nvreused:        	0
vecopt tried:    	0
vecopt success:  	0
Total # of loops:	2
Total # of bridges:	3
Freed # of loops:	0
Freed # of bridges:	0
[6258c34932af] jit-summary}
