[641c87139bd5] {jit-log-opt-loop
# Loop 1 (4424<main.rpyeffect:91([mcore:[#200]#167])>+3: {"op": "Push", "target": 4423, "args": {"any": [0]}}) : loop with 405 ops
[p0, p1, p2, p3, p4]
+365: p5 = getfield_gc_r(p2, descr=<FieldP rpyeffect.environment.Environment.inst_values_ptr 16>)
+376: p7 = getarrayitem_gc_r(p5, 0, descr=<ArrayP 8>)
+380: p9 = getarrayitem_gc_r(p5, 1, descr=<ArrayP 8>)
+384: p11 = getarrayitem_gc_r(p5, 2, descr=<ArrayP 8>)
+388: p13 = getarrayitem_gc_r(p5, 3, descr=<ArrayP 8>)
+392: p15 = getarrayitem_gc_r(p5, 4, descr=<ArrayP 8>)
+396: p17 = getarrayitem_gc_r(p5, 5, descr=<ArrayP 8>)
+400: p19 = getarrayitem_gc_r(p5, 6, descr=<ArrayP 8>)
+404: p21 = getarrayitem_gc_r(p5, 7, descr=<ArrayP 8>)
+408: p23 = getarrayitem_gc_r(p5, 8, descr=<ArrayP 8>)
+412: p25 = getarrayitem_gc_r(p5, 9, descr=<ArrayP 8>)
+416: p27 = getarrayitem_gc_r(p5, 10, descr=<ArrayP 8>)
+420: p29 = getarrayitem_gc_r(p5, 11, descr=<ArrayP 8>)
+424: p31 = getarrayitem_gc_r(p5, 12, descr=<ArrayP 8>)
+435: p33 = getarrayitem_gc_r(p5, 13, descr=<ArrayP 8>)
+446: p35 = getarrayitem_gc_r(p5, 14, descr=<ArrayP 8>)
+460: p37 = getarrayitem_gc_r(p5, 15, descr=<ArrayP 8>)
+474: label(p0, p1, p2, p3, p4, p7, p9, p11, p13, p15, p17, p19, p21, p23, p25, p27, p29, p31, p33, p35, p37, descr=TargetToken(294027744))
debug_merge_point(0, 0, '4424<main.rpyeffect:91([mcore:[#200]#167])>+3: {"op": "Push". "target": 4423. "args": {"any": [0]}}')
+560: guard_not_invalidated(descr=<Guard0x116c5850>) [p2, p7, p9, p11, p13, p15, p17, p19, p21, p23, p25, p27, p29, p31, p33, p35, p37, p0, p1, p3, p4]
debug_merge_point(0, 0, '4424<main.rpyeffect:91([mcore:[#200]#167])>+4: {"op": "Copy". "type": "any". "from": 1. "to". 0}')
debug_merge_point(0, 0, '4424<main.rpyeffect:91([mcore:[#200]#167])>+5: {"op": "Jump". "target": 4392}')
debug_merge_point(0, 0, '4392<main.rpyeffect:59([mcore:[#176]#153])>+0: {"op": "Const". "type": "ptr". "out": 0. "format": "string". "value": "Name(import$std/core/hnd)"}')
debug_merge_point(0, 0, '4392<main.rpyeffect:59([mcore:[#176]#153])>+1: {"op": "PrimOp". "name": "getGlobal(String): Ptr". "out": {"any": [0]}. "in": {"any": [0]}}')
debug_merge_point(0, 0, '4392<main.rpyeffect:59([mcore:[#176]#153])>+2: {"op": "CallLib". "lib": "0". "symbol": "getCurrentEvv"}')
debug_merge_point(0, 0, '301<std_core_hnd.rpyeffect:0(Name(getCurrentEvv))>+0: {"op": "Const". "type": "ptr". "out": 0. "format": "string". "value": "current-evv"}')
debug_merge_point(0, 0, '301<std_core_hnd.rpyeffect:0(Name(getCurrentEvv))>+1: {"op": "PrimOp". "name": "getGlobal(String): Ptr". "out": {"any": [0]}. "in": {"any": [0]}}')
debug_merge_point(0, 0, '301<std_core_hnd.rpyeffect:0(Name(getCurrentEvv))>+2: {"op": "PrimOp". "name": "getRef(Ref[Ptr]): Ptr". "out": {"any": [0]}. "in": {"any": [0]}}')
+567: p39 = getfield_gc_r(ConstPtr(ptr38), descr=<FieldP rpyeffect.region.Ref.inst_value 16>)
+578: guard_value(p39, ConstPtr(ptr40), descr=<Guard0x116c5898>) [p2, p7, p9, p11, p13, p15, p17, p19, p21, p23, p25, p27, p29, p31, p33, p35, p37, p0, p1, p3, p4]
debug_merge_point(0, 0, '301<std_core_hnd.rpyeffect:0(Name(getCurrentEvv))>+3: {"op": "Return". "args": {"any": [0]}}')
debug_merge_point(0, 0, '4423<main.rpyeffect:90([k@[mcore:[#200]#167]#173])>+0: {"op": "PrimOp". "name": "promote_ptr". "out": {"any": [0]}. "in": {"any": [0]}}')
+587: i42 = instance_ptr_eq(ConstPtr(ptr41), p39)
+590: guard_true(i42, descr=<Guard0x1172ba90>) [p2, p7, p9, p11, p13, p15, p17, p19, p21, p23, p25, p27, p29, p31, p33, p35, p37, p0, p1, p3, p4]
debug_merge_point(0, 0, '4423<main.rpyeffect:90([k@[mcore:[#200]#167]#173])>+1: {"op": "Const". "type": "ptr". "out": 2. "format": "string". "value": "Name(import$std/core/hnd)"}')
debug_merge_point(0, 0, '4423<main.rpyeffect:90([k@[mcore:[#200]#167]#173])>+2: {"op": "PrimOp". "name": "getGlobal(String): Ptr". "out": {"any": [2]}. "in": {"any": [2]}}')
+596: guard_nonnull(p1, descr=<Guard0x1172bac0>) [p2, p7, p9, p11, p13, p15, p17, p19, p21, p23, p25, p27, p29, p31, p33, p35, p37, p0, p1, p3, p4]
+610: i43 = getfield_gc_i(p1, descr=<FieldS rpyeffect.stored_environment.Stack__arb.inst_target 16 pure>)
+621: guard_value(i43, 693, descr=<Guard0x1172baf0>) [p2, p7, p9, p11, p13, p15, p17, p19, p21, p23, p25, p27, p29, p31, p33, p35, p37, p0, p1, p3, p4]
debug_merge_point(0, 0, '4423<main.rpyeffect:90([k@[mcore:[#200]#167]#173])>+3: {"op": "Push". "target": 4422. "args": {"any": []}}')
debug_merge_point(0, 0, '4423<main.rpyeffect:90([k@[mcore:[#200]#167]#173])>+4: {"op": "Jump". "target": 4391}')
debug_merge_point(0, 0, '4391<main.rpyeffect:58([mcore:[#175]#147])>+0: {"op": "Const". "type": "ptr". "out": 2. "format": "string". "value": "Name(import$std/core/hnd)"}')
debug_merge_point(0, 0, '4391<main.rpyeffect:58([mcore:[#175]#147])>+1: {"op": "PrimOp". "name": "getGlobal(String): Ptr". "out": {"any": [2]}. "in": {"any": [2]}}')
debug_merge_point(0, 0, '4391<main.rpyeffect:58([mcore:[#175]#147])>+2: {"op": "CallLib". "lib": "2". "symbol": "elt"}')
debug_merge_point(0, 0, '341<std_core_hnd.rpyeffect:40(Name(elt))>+0: {"op": "Switch". "scrutinee": 1. "values": [<IntValue object at 0x7fd0135c7ec0>]. "targets": [339]. "default": 340}')
+634: guard_nonnull_class(p7, ConstClass(IntValue), descr=<Guard0x116c58e0>) [p2, p7, p9, p11, p13, p15, p17, p19, p21, p23, p25, p27, p29, p31, p33, p35, p37, p0, p1, p3, p4]
+652: i46 = getfield_gc_i(p7, descr=<FieldS rpyeffect.value.IntValue.inst_value 8 pure>)
+656: i48 = int_eq(i46, 0)
+660: guard_true(i48, descr=<Guard0x1172bb20>) [p2, p7, p9, p11, p13, p15, p17, p19, p21, p23, p25, p27, p29, p31, p33, p35, p37, p0, p1, p3, p4]
debug_merge_point(0, 0, '339<std_core_hnd.rpyeffect:38([switch case for Int(0)#100])>+0: {"op": "Proj". "out": 0. "type": Interned(evv). "scrutinee": 0. "tag": Interned(cons). "field": 0. "field_type": "any"}')
+666: p50 = getfield_gc_r(ConstPtr(ptr49), descr=<FieldP rpyeffect.data.Data.inst_tag 8>)
+678: guard_value(p50, ConstPtr(ptr51), descr=<Guard0x1172bb50>) [p2, p7, p9, p11, p13, p15, p17, p19, p21, p23, p25, p27, p29, p31, p33, p35, p37, p0, p1, p3, p4]
debug_merge_point(0, 0, '339<std_core_hnd.rpyeffect:38([switch case for Int(0)#100])>+1: {"op": "Return". "args": {"any": [0]}}')
debug_merge_point(0, 0, '4422<main.rpyeffect:89([k@[k@[mcore:[#200]#167]#173]#181])>+0: {"op": "Push". "target": 4412. "args": {"any": []}}')
debug_merge_point(0, 0, '4422<main.rpyeffect:89([k@[k@[mcore:[#200]#167]#173]#181])>+1: {"op": "Match". "type": Interned(std/core/hnd/ev). "scrutinee": 0. "clauses": [{"tag": Interned(std/core/hnd/Ev). "target": 4421. "args": {"any": [1. 2. 3. 4]}}]. "default": {"tag": Interned(f4891f16-c9f9-4ee9-94d4-814d4258fe73#[Missing Tag#878]). "target": 4413. "args": {"any": []}}}')
+694: p53 = getfield_gc_r(ConstPtr(ptr52), descr=<FieldP rpyeffect.data.Data.inst_tag 8>)
+705: guard_value(p53, ConstPtr(ptr54), descr=<Guard0x1172bb80>) [p2, p7, p9, p11, p13, p15, p17, p19, p21, p23, p25, p27, p29, p31, p33, p35, p37, p0, p1, p3, p4]
debug_merge_point(0, 0, '4421<main.rpyeffect:88([#234])>+0: {"op": "Copy". "type": "any". "from": 0. "to". 1}')
debug_merge_point(0, 0, '4421<main.rpyeffect:88([#234])>+1: {"op": "Copy". "type": "any". "from": 2. "to". 0}')
debug_merge_point(0, 0, '4421<main.rpyeffect:88([#234])>+2: {"op": "Match". "type": Interned(main/state). "scrutinee": 3. "clauses": [{"tag": Interned(main/@Hnd-state). "target": 4420. "args": {"any": [2. 3. 4]}}]. "default": {"tag": Interned(f4891f16-c9f9-4ee9-94d4-814d4258fe73#[Missing Tag#877]). "target": 4415. "args": {"any": []}}}')
+721: p56 = getfield_gc_r(ConstPtr(ptr55), descr=<FieldP rpyeffect.data.Data.inst_tag 8>)
+732: guard_value(p56, ConstPtr(ptr57), descr=<Guard0x1172bbb0>) [p2, p7, p9, p11, p13, p15, p17, p19, p21, p23, p25, p27, p29, p31, p33, p35, p37, p0, p1, p3, p4]
debug_merge_point(0, 0, '4420<main.rpyeffect:87([match_main/@Hnd-state@[#234]#239])>+0: {"op": "Match". "type": Interned(std/core/hnd/clause0). "scrutinee": 3. "clauses": [{"tag": Interned(std/core/hnd/Clause0). "target": 4419. "args": {"any": [2]}}]. "default": {"tag": Interned(f4891f16-c9f9-4ee9-94d4-814d4258fe73#[Missing Tag#876]). "target": 4417. "args": {"any": []}}}')
+748: p59 = getfield_gc_r(ConstPtr(ptr58), descr=<FieldP rpyeffect.data.Data.inst_tag 8>)
+759: guard_value(p59, ConstPtr(ptr60), descr=<Guard0x1172bbe0>) [p2, p7, p9, p11, p13, p15, p17, p19, p21, p23, p25, p27, p29, p31, p33, p35, p37, p0, p1, p3, p4]
debug_merge_point(0, 0, '4419<main.rpyeffect:86([#244])>+0: {"op": "Invoke". "receiver": 2. "tag": Interned(apply). "args" : {"any": [0. 1]}}')
debug_merge_point(0, 0, '1119<std_core_hnd.rpyeffect:818([method_apply@[mcore:[#1231]#2267]#2271])>+0: {"op": "Const". "type": "ptr". "out": 3. "format": "string". "value": "Name(import$std/core/hnd)"}')
debug_merge_point(0, 0, '1119<std_core_hnd.rpyeffect:818([method_apply@[mcore:[#1231]#2267]#2271])>+1: {"op": "PrimOp". "name": "getGlobal(String): Ptr". "out": {"any": [3]}. "in": {"any": [3]}}')
debug_merge_point(0, 0, '1119<std_core_hnd.rpyeffect:818([method_apply@[mcore:[#1231]#2267]#2271])>+2: {"op": "Swap". "type": "any". "a": 2. "b". 3}')
debug_merge_point(0, 0, '1119<std_core_hnd.rpyeffect:818([method_apply@[mcore:[#1231]#2267]#2271])>+3: {"op": "Jump". "target": 1118}')
debug_merge_point(0, 0, '1118<std_core_hnd.rpyeffect:817([mcore:[#1229]#2231])>+0: {"op": "Push". "target": 1114. "args": {"any": [1. 3]}}')
debug_merge_point(0, 0, '1118<std_core_hnd.rpyeffect:817([mcore:[#1229]#2231])>+1: {"op": "Match". "type": Interned(std/core/hnd/ev). "scrutinee": 1. "clauses": [{"tag": Interned(std/core/hnd/Ev). "target": 1117. "args": {"any": [0. 1. 2. 3]}}]. "default": {"tag": Interned(b39bc5c9-11f1-4288-a06b-7e114349574d#[Missing Tag#3076]). "target": 1115. "args": {"any": []}}}')
debug_merge_point(0, 0, '1117<std_core_hnd.rpyeffect:816([#2260])>+0: {"op": "Const". "type": "ptr". "out": 0. "format": "string". "value": "Name(import$std/core/hnd)"}')
debug_merge_point(0, 0, '1117<std_core_hnd.rpyeffect:816([#2260])>+1: {"op": "PrimOp". "name": "getGlobal(String): Ptr". "out": {"any": [0]}. "in": {"any": [0]}}')
debug_merge_point(0, 0, '1117<std_core_hnd.rpyeffect:816([#2260])>+2: {"op": "Copy". "type": "any". "from": 0. "to". 1}')
debug_merge_point(0, 0, '1117<std_core_hnd.rpyeffect:816([#2260])>+3: {"op": "Copy". "type": "any". "from": 3. "to". 0}')
debug_merge_point(0, 0, '1117<std_core_hnd.rpyeffect:816([#2260])>+4: {"op": "Jump". "target": 1088}')
debug_merge_point(0, 0, '1088<std_core_hnd.rpyeffect:787([mcore:[#1212]#2170])>+0: {"op": "Const". "type": "ptr". "out": 1. "format": "string". "value": "Name(import$std/core/hnd)"}')
debug_merge_point(0, 0, '1088<std_core_hnd.rpyeffect:787([mcore:[#1212]#2170])>+1: {"op": "PrimOp". "name": "getGlobal(String): Ptr". "out": {"any": [1]}. "in": {"any": [1]}}')
debug_merge_point(0, 0, '1088<std_core_hnd.rpyeffect:787([mcore:[#1212]#2170])>+2: {"op": "CallLib". "lib": "1". "symbol": "swapCurrentEvv"}')
debug_merge_point(0, 0, '303<std_core_hnd.rpyeffect:2(Name(swapCurrentEvv))>+0: {"op": "Const". "type": "ptr". "out": 1. "format": "string". "value": "current-evv"}')
debug_merge_point(0, 0, '303<std_core_hnd.rpyeffect:2(Name(swapCurrentEvv))>+1: {"op": "PrimOp". "name": "getGlobal(String): Ptr". "out": {"any": [1]}. "in": {"any": [1]}}')
debug_merge_point(0, 0, '303<std_core_hnd.rpyeffect:2(Name(swapCurrentEvv))>+2: {"op": "PrimOp". "name": "getRef(Ref[Ptr]): Ptr". "out": {"any": [2]}. "in": {"any": [1]}}')
debug_merge_point(0, 0, '303<std_core_hnd.rpyeffect:2(Name(swapCurrentEvv))>+3: {"op": "PrimOp". "name": "setRef(Ref[Ptr]. Ptr): Unit". "out": {"any": [0]}. "in": {"any": [1. 0]}}')
debug_merge_point(0, 0, '303<std_core_hnd.rpyeffect:2(Name(swapCurrentEvv))>+4: {"op": "Copy". "type": "any". "from": 2. "to". 0}')
debug_merge_point(0, 0, '303<std_core_hnd.rpyeffect:2(Name(swapCurrentEvv))>+5: {"op": "Return". "args": {"any": [0]}}')
debug_merge_point(0, 0, '1114<std_core_hnd.rpyeffect:813([k@[mcore:[#1229]#2231]#2233])>+0: {"op": "Push". "target": 1113. "args": {"any": [1. 0]}}')
debug_merge_point(0, 0, '1114<std_core_hnd.rpyeffect:813([k@[mcore:[#1229]#2231]#2233])>+1: {"op": "Invoke". "receiver": 2. "tag": Interned(apply). "args" : {"any": []}}')
debug_merge_point(0, 0, '4431<main.rpyeffect:98([method_apply@[mcore:[#224]#267]#271])>+0: {"op": "Jump". "target": 4427}')
debug_merge_point(0, 0, '4427<main.rpyeffect:94([mcore:[#210]#259])>+0: {"op": "PrimOp". "name": "getRef(Ref[Ptr]): Ptr". "out": {"any": [0]}. "in": {"any": [0]}}')
+786: setfield_gc(ConstPtr(ptr61), ConstPtr(ptr62), descr=<FieldP rpyeffect.region.Ref.inst_value 16>)
+797: p64 = getfield_gc_r(ConstPtr(ptr63), descr=<FieldP rpyeffect.region.Ref.inst_value 16>)
+801: i65 = getfield_gc_i(p64, descr=<FieldS rpyeffect.value.UnboxedIntValueRef.inst_value 8>)
debug_merge_point(0, 0, '4427<main.rpyeffect:94([mcore:[#210]#259])>+1: {"op": "Return". "args": {"any": [0]}}')
debug_merge_point(0, 0, '1113<std_core_hnd.rpyeffect:812([k@[k@[mcore:[#1229]#2231]#2233]#2235])>+0: {"op": "Const". "type": "ptr". "out": 3. "format": "string". "value": "Name(import$std/core/hnd)"}')
debug_merge_point(0, 0, '1113<std_core_hnd.rpyeffect:812([k@[k@[mcore:[#1229]#2231]#2233]#2235])>+1: {"op": "PrimOp". "name": "getGlobal(String): Ptr". "out": {"any": [3]}. "in": {"any": [3]}}')
debug_merge_point(0, 0, '1113<std_core_hnd.rpyeffect:812([k@[k@[mcore:[#1229]#2231]#2233]#2235])>+2: {"op": "Push". "target": 1112. "args": {"any": [1. 0]}}')
debug_merge_point(0, 0, '1113<std_core_hnd.rpyeffect:812([k@[k@[mcore:[#1229]#2231]#2233]#2235])>+3: {"op": "Copy". "type": "any". "from": 3. "to". 1}')
debug_merge_point(0, 0, '1113<std_core_hnd.rpyeffect:812([k@[k@[mcore:[#1229]#2231]#2233]#2235])>+4: {"op": "Copy". "type": "any". "from": 2. "to". 0}')
debug_merge_point(0, 0, '1113<std_core_hnd.rpyeffect:812([k@[k@[mcore:[#1229]#2231]#2233]#2235])>+5: {"op": "Jump". "target": 1089}')
debug_merge_point(0, 0, '1089<std_core_hnd.rpyeffect:788([mcore:[#1214]#2175])>+0: {"op": "Const". "type": "ptr". "out": 1. "format": "string". "value": "Name(import$std/core/hnd)"}')
debug_merge_point(0, 0, '1089<std_core_hnd.rpyeffect:788([mcore:[#1214]#2175])>+1: {"op": "PrimOp". "name": "getGlobal(String): Ptr". "out": {"any": [1]}. "in": {"any": [1]}}')
debug_merge_point(0, 0, '1089<std_core_hnd.rpyeffect:788([mcore:[#1214]#2175])>+2: {"op": "CallLib". "lib": "1". "symbol": "setCurrentEvv"}')
debug_merge_point(0, 0, '302<std_core_hnd.rpyeffect:1(Name(setCurrentEvv))>+0: {"op": "Const". "type": "ptr". "out": 1. "format": "string". "value": "current-evv"}')
debug_merge_point(0, 0, '302<std_core_hnd.rpyeffect:1(Name(setCurrentEvv))>+1: {"op": "PrimOp". "name": "getGlobal(String): Ptr". "out": {"any": [1]}. "in": {"any": [1]}}')
debug_merge_point(0, 0, '302<std_core_hnd.rpyeffect:1(Name(setCurrentEvv))>+2: {"op": "PrimOp". "name": "setRef(Ref[Ptr]. Ptr): Unit". "out": {"any": [0]}. "in": {"any": [1. 0]}}')
debug_merge_point(0, 0, '302<std_core_hnd.rpyeffect:1(Name(setCurrentEvv))>+3: {"op": "Return". "args": {"any": [0]}}')
debug_merge_point(0, 0, '1112<std_core_hnd.rpyeffect:811([#2240])>+0: {"op": "Const". "type": "ptr". "out": 0. "format": "bool". "value": "<BoolValue object at 0x10ff4170>"}')
debug_merge_point(0, 0, '1112<std_core_hnd.rpyeffect:811([#2240])>+1: {"op": "Swap". "type": "any". "a": 0. "b". 1}')
debug_merge_point(0, 0, '1112<std_core_hnd.rpyeffect:811([#2240])>+2: {"op": "Swap". "type": "any". "a": 2. "b". 1}')
debug_merge_point(0, 0, '1112<std_core_hnd.rpyeffect:811([#2240])>+3: {"op": "Switch". "scrutinee": 2. "values": [<BoolValue object at 0x10ff4160>]. "targets": [1108]. "default": 1111}')
debug_merge_point(0, 0, '1111<std_core_hnd.rpyeffect:810([switch default case#2255])>+0: {"op": "Const". "type": "ptr". "out": 0. "format": "bool". "value": "<BoolValue object at 0x10ff4190>"}')
debug_merge_point(0, 0, '1111<std_core_hnd.rpyeffect:810([switch default case#2255])>+1: {"op": "Swap". "type": "any". "a": 0. "b". 1}')
debug_merge_point(0, 0, '1111<std_core_hnd.rpyeffect:810([switch default case#2255])>+2: {"op": "Switch". "scrutinee": 1. "values": [<BoolValue object at 0x10ff4180>]. "targets": [1109]. "default": 1110}')
debug_merge_point(0, 0, '1109<std_core_hnd.rpyeffect:808([switch case for Bool(false)#2257])>+0: {"op": "Return". "args": {"any": [0]}}')
debug_merge_point(0, 0, '4412<main.rpyeffect:79([k@[k@[k@[mcore:[#200]#167]#173]#181]#183])>+0: {"op": "Const". "type": "ptr". "out": 1. "format": "int". "value": "<IntValue object at 0x1138b150>"}')
debug_merge_point(0, 0, '4412<main.rpyeffect:79([k@[k@[k@[mcore:[#200]#167]#173]#181]#183])>+1: {"op": "PrimOp". "name": "infixEq(Int. Int): Boolean". "out": {"any": [1]}. "in": {"any": [0. 1]}}')
+805: i67 = int_eq(i65, 0)
debug_merge_point(0, 0, '4412<main.rpyeffect:79([k@[k@[k@[mcore:[#200]#167]#173]#181]#183])>+2: {"op": "Switch". "scrutinee": 1. "values": [<BoolValue object at 0x1138b120>]. "targets": [4395]. "default": 4411}')
+829: setfield_gc(ConstPtr(ptr68), ConstPtr(ptr40), descr=<FieldP rpyeffect.region.Ref.inst_value 16>)
+833: guard_false(i67, descr=<Guard0x116c5928>) [p2, p17, p19, p21, p23, p25, p27, p29, p31, p33, p35, p37, i67, p0, p1, p3, p4, i65]
debug_merge_point(0, 0, '4411<main.rpyeffect:78([switch default case#188])>+0: {"op": "Const". "type": "ptr". "out": 1. "format": "int". "value": "<IntValue object at 0x1138b190>"}')
debug_merge_point(0, 0, '4411<main.rpyeffect:78([switch default case#188])>+1: {"op": "PrimOp". "name": "infixEq(Int. Int): Boolean". "out": {"any": [1]}. "in": {"any": [0. 1]}}')
debug_merge_point(0, 0, '4411<main.rpyeffect:78([switch default case#188])>+2: {"op": "Switch". "scrutinee": 1. "values": [<BoolValue object at 0x1138b160>]. "targets": [4409]. "default": 4410}')
debug_merge_point(0, 0, '4409<main.rpyeffect:76([switch case for Bool(false)#192])>+0: {"op": "Const". "type": "ptr". "out": 1. "format": "int". "value": "<IntValue object at 0x1138b270>"}')
debug_merge_point(0, 0, '4409<main.rpyeffect:76([switch case for Bool(false)#192])>+1: {"op": "PrimOp". "name": "infixSub(Int. Int): Int". "out": {"any": [0]}. "in": {"any": [0. 1]}}')
+842: i70 = int_sub(i65, 1)
debug_merge_point(0, 0, '4409<main.rpyeffect:76([switch case for Bool(false)#192])>+2: {"op": "Const". "type": "ptr". "out": 1. "format": "int". "value": "<IntValue object at 0x1138b240>"}')
debug_merge_point(0, 0, '4409<main.rpyeffect:76([switch case for Bool(false)#192])>+3: {"op": "Const". "type": "ptr". "out": 2. "format": "string". "value": "Name(import$std/core/hnd)"}')
debug_merge_point(0, 0, '4409<main.rpyeffect:76([switch case for Bool(false)#192])>+4: {"op": "PrimOp". "name": "getGlobal(String): Ptr". "out": {"any": [2]}. "in": {"any": [2]}}')
debug_merge_point(0, 0, '4409<main.rpyeffect:76([switch case for Bool(false)#192])>+5: {"op": "Push". "target": 4408. "args": {"any": [1. 0]}}')
debug_merge_point(0, 0, '4409<main.rpyeffect:76([switch case for Bool(false)#192])>+6: {"op": "Copy". "type": "any". "from": 2. "to". 0}')
debug_merge_point(0, 0, '4409<main.rpyeffect:76([switch case for Bool(false)#192])>+7: {"op": "Jump". "target": 4394}')
debug_merge_point(0, 0, '4394<main.rpyeffect:61([mcore:[#190]#163])>+0: {"op": "Const". "type": "ptr". "out": 0. "format": "string". "value": "Name(import$std/core/hnd)"}')
debug_merge_point(0, 0, '4394<main.rpyeffect:61([mcore:[#190]#163])>+1: {"op": "PrimOp". "name": "getGlobal(String): Ptr". "out": {"any": [0]}. "in": {"any": [0]}}')
debug_merge_point(0, 0, '4394<main.rpyeffect:61([mcore:[#190]#163])>+2: {"op": "CallLib". "lib": "0". "symbol": "getCurrentEvv"}')
debug_merge_point(0, 0, '301<std_core_hnd.rpyeffect:0(Name(getCurrentEvv))>+0: {"op": "Const". "type": "ptr". "out": 0. "format": "string". "value": "current-evv"}')
debug_merge_point(0, 0, '301<std_core_hnd.rpyeffect:0(Name(getCurrentEvv))>+1: {"op": "PrimOp". "name": "getGlobal(String): Ptr". "out": {"any": [0]}. "in": {"any": [0]}}')
debug_merge_point(0, 0, '301<std_core_hnd.rpyeffect:0(Name(getCurrentEvv))>+2: {"op": "PrimOp". "name": "getRef(Ref[Ptr]): Ptr". "out": {"any": [0]}. "in": {"any": [0]}}')
debug_merge_point(0, 0, '301<std_core_hnd.rpyeffect:0(Name(getCurrentEvv))>+3: {"op": "Return". "args": {"any": [0]}}')
debug_merge_point(0, 0, '4408<main.rpyeffect:75([k@[switch case for Bool(false)#192]#200])>+0: {"op": "PrimOp". "name": "promote_ptr". "out": {"any": [0]}. "in": {"any": [0]}}')
debug_merge_point(0, 0, '4408<main.rpyeffect:75([k@[switch case for Bool(false)#192]#200])>+1: {"op": "Const". "type": "ptr". "out": 3. "format": "string". "value": "Name(import$std/core/hnd)"}')
debug_merge_point(0, 0, '4408<main.rpyeffect:75([k@[switch case for Bool(false)#192]#200])>+2: {"op": "PrimOp". "name": "getGlobal(String): Ptr". "out": {"any": [3]}. "in": {"any": [3]}}')
debug_merge_point(0, 0, '4408<main.rpyeffect:75([k@[switch case for Bool(false)#192]#200])>+3: {"op": "Push". "target": 4407. "args": {"any": [2]}}')
debug_merge_point(0, 0, '4408<main.rpyeffect:75([k@[switch case for Bool(false)#192]#200])>+4: {"op": "Copy". "type": "any". "from": 3. "to". 2}')
debug_merge_point(0, 0, '4408<main.rpyeffect:75([k@[switch case for Bool(false)#192]#200])>+5: {"op": "Jump". "target": 4393}')
debug_merge_point(0, 0, '4393<main.rpyeffect:60([mcore:[#189]#157])>+0: {"op": "Const". "type": "ptr". "out": 2. "format": "string". "value": "Name(import$std/core/hnd)"}')
debug_merge_point(0, 0, '4393<main.rpyeffect:60([mcore:[#189]#157])>+1: {"op": "PrimOp". "name": "getGlobal(String): Ptr". "out": {"any": [2]}. "in": {"any": [2]}}')
debug_merge_point(0, 0, '4393<main.rpyeffect:60([mcore:[#189]#157])>+2: {"op": "CallLib". "lib": "2". "symbol": "elt"}')
debug_merge_point(0, 0, '341<std_core_hnd.rpyeffect:40(Name(elt))>+0: {"op": "Switch". "scrutinee": 1. "values": [<IntValue object at 0x7fd0135c7ec0>]. "targets": [339]. "default": 340}')
debug_merge_point(0, 0, '339<std_core_hnd.rpyeffect:38([switch case for Int(0)#100])>+0: {"op": "Proj". "out": 0. "type": Interned(evv). "scrutinee": 0. "tag": Interned(cons). "field": 0. "field_type": "any"}')
debug_merge_point(0, 0, '339<std_core_hnd.rpyeffect:38([switch case for Int(0)#100])>+1: {"op": "Return". "args": {"any": [0]}}')
debug_merge_point(0, 0, '4407<main.rpyeffect:74([#208])>+0: {"op": "Push". "target": 4397. "args": {"any": []}}')
debug_merge_point(0, 0, '4407<main.rpyeffect:74([#208])>+1: {"op": "Match". "type": Interned(std/core/hnd/ev). "scrutinee": 0. "clauses": [{"tag": Interned(std/core/hnd/Ev). "target": 4406. "args": {"any": [2. 3. 4. 5]}}]. "default": {"tag": Interned(f4891f16-c9f9-4ee9-94d4-814d4258fe73#[Missing Tag#875]). "target": 4398. "args": {"any": []}}}')
debug_merge_point(0, 0, '4406<main.rpyeffect:73([match_std/core/hnd/Ev@[#208]#218])>+0: {"op": "Copy". "type": "any". "from": 1. "to". 2}')
debug_merge_point(0, 0, '4406<main.rpyeffect:73([match_std/core/hnd/Ev@[#208]#218])>+1: {"op": "Copy". "type": "any". "from": 0. "to". 1}')
debug_merge_point(0, 0, '4406<main.rpyeffect:73([match_std/core/hnd/Ev@[#208]#218])>+2: {"op": "Copy". "type": "any". "from": 3. "to". 0}')
debug_merge_point(0, 0, '4406<main.rpyeffect:73([match_std/core/hnd/Ev@[#208]#218])>+3: {"op": "Match". "type": Interned(main/state). "scrutinee": 4. "clauses": [{"tag": Interned(main/@Hnd-state). "target": 4405. "args": {"any": [3. 4. 5]}}]. "default": {"tag": Interned(f4891f16-c9f9-4ee9-94d4-814d4258fe73#[Missing Tag#874]). "target": 4400. "args": {"any": []}}}')
debug_merge_point(0, 0, '4405<main.rpyeffect:72([#223])>+0: {"op": "Match". "type": Interned(std/core/hnd/clause1). "scrutinee": 5. "clauses": [{"tag": Interned(std/core/hnd/Clause1). "target": 4404. "args": {"any": [3]}}]. "default": {"tag": Interned(f4891f16-c9f9-4ee9-94d4-814d4258fe73#[Missing Tag#873]). "target": 4402. "args": {"any": []}}}')
+853: p72 = getfield_gc_r(ConstPtr(ptr71), descr=<FieldP rpyeffect.data.Data.inst_tag 8>)
+864: guard_value(p72, ConstPtr(ptr73), descr=<Guard0x1172bc10>) [p2, p17, p19, p21, p23, p25, p27, p29, p31, p33, p35, p37, i67, p0, p1, p3, p4, i65]
debug_merge_point(0, 0, '4404<main.rpyeffect:71([match_std/core/hnd/Clause1@[#223]#228])>+0: {"op": "Invoke". "receiver": 3. "tag": Interned(apply). "args" : {"any": [0. 1. 2]}}')
debug_merge_point(0, 0, '1137<std_core_hnd.rpyeffect:836([method_apply@[mcore:[#1246]#2328]#2333])>+0: {"op": "Const". "type": "ptr". "out": 4. "format": "string". "value": "Name(import$std/core/hnd)"}')
debug_merge_point(0, 0, '1137<std_core_hnd.rpyeffect:836([method_apply@[mcore:[#1246]#2328]#2333])>+1: {"op": "PrimOp". "name": "getGlobal(String): Ptr". "out": {"any": [4]}. "in": {"any": [4]}}')
debug_merge_point(0, 0, '1137<std_core_hnd.rpyeffect:836([method_apply@[mcore:[#1246]#2328]#2333])>+2: {"op": "Swap". "type": "any". "a": 3. "b". 4}')
debug_merge_point(0, 0, '1137<std_core_hnd.rpyeffect:836([method_apply@[mcore:[#1246]#2328]#2333])>+3: {"op": "Jump". "target": 1136}')
debug_merge_point(0, 0, '1136<std_core_hnd.rpyeffect:835([mcore:[#1244]#2291])>+0: {"op": "Push". "target": 1132. "args": {"any": [1. 4. 2]}}')
debug_merge_point(0, 0, '1136<std_core_hnd.rpyeffect:835([mcore:[#1244]#2291])>+1: {"op": "Match". "type": Interned(std/core/hnd/ev). "scrutinee": 1. "clauses": [{"tag": Interned(std/core/hnd/Ev). "target": 1135. "args": {"any": [0. 1. 2. 3]}}]. "default": {"tag": Interned(b39bc5c9-11f1-4288-a06b-7e114349574d#[Missing Tag#3077]). "target": 1133. "args": {"any": []}}}')
debug_merge_point(0, 0, '1135<std_core_hnd.rpyeffect:834([#2321])>+0: {"op": "Const". "type": "ptr". "out": 0. "format": "string". "value": "Name(import$std/core/hnd)"}')
debug_merge_point(0, 0, '1135<std_core_hnd.rpyeffect:834([#2321])>+1: {"op": "PrimOp". "name": "getGlobal(String): Ptr". "out": {"any": [0]}. "in": {"any": [0]}}')
debug_merge_point(0, 0, '1135<std_core_hnd.rpyeffect:834([#2321])>+2: {"op": "Copy". "type": "any". "from": 0. "to". 1}')
debug_merge_point(0, 0, '1135<std_core_hnd.rpyeffect:834([#2321])>+3: {"op": "Copy". "type": "any". "from": 3. "to". 0}')
debug_merge_point(0, 0, '1135<std_core_hnd.rpyeffect:834([#2321])>+4: {"op": "Jump". "target": 1121}')
debug_merge_point(0, 0, '1121<std_core_hnd.rpyeffect:820([mcore:[#1233]#2277])>+0: {"op": "Const". "type": "ptr". "out": 1. "format": "string". "value": "Name(import$std/core/hnd)"}')
debug_merge_point(0, 0, '1121<std_core_hnd.rpyeffect:820([mcore:[#1233]#2277])>+1: {"op": "PrimOp". "name": "getGlobal(String): Ptr". "out": {"any": [1]}. "in": {"any": [1]}}')
debug_merge_point(0, 0, '1121<std_core_hnd.rpyeffect:820([mcore:[#1233]#2277])>+2: {"op": "CallLib". "lib": "1". "symbol": "swapCurrentEvv"}')
debug_merge_point(0, 0, '303<std_core_hnd.rpyeffect:2(Name(swapCurrentEvv))>+0: {"op": "Const". "type": "ptr". "out": 1. "format": "string". "value": "current-evv"}')
debug_merge_point(0, 0, '303<std_core_hnd.rpyeffect:2(Name(swapCurrentEvv))>+1: {"op": "PrimOp". "name": "getGlobal(String): Ptr". "out": {"any": [1]}. "in": {"any": [1]}}')
debug_merge_point(0, 0, '303<std_core_hnd.rpyeffect:2(Name(swapCurrentEvv))>+2: {"op": "PrimOp". "name": "getRef(Ref[Ptr]): Ptr". "out": {"any": [2]}. "in": {"any": [1]}}')
debug_merge_point(0, 0, '303<std_core_hnd.rpyeffect:2(Name(swapCurrentEvv))>+3: {"op": "PrimOp". "name": "setRef(Ref[Ptr]. Ptr): Unit". "out": {"any": [0]}. "in": {"any": [1. 0]}}')
debug_merge_point(0, 0, '303<std_core_hnd.rpyeffect:2(Name(swapCurrentEvv))>+4: {"op": "Copy". "type": "any". "from": 2. "to". 0}')
debug_merge_point(0, 0, '303<std_core_hnd.rpyeffect:2(Name(swapCurrentEvv))>+5: {"op": "Return". "args": {"any": [0]}}')
debug_merge_point(0, 0, '1132<std_core_hnd.rpyeffect:831([k@[mcore:[#1244]#2291]#2293])>+0: {"op": "Push". "target": 1131. "args": {"any": [1. 0]}}')
debug_merge_point(0, 0, '1132<std_core_hnd.rpyeffect:831([k@[mcore:[#1244]#2291]#2293])>+1: {"op": "Copy". "type": "any". "from": 3. "to". 0}')
debug_merge_point(0, 0, '1132<std_core_hnd.rpyeffect:831([k@[mcore:[#1244]#2291]#2293])>+2: {"op": "Invoke". "receiver": 2. "tag": Interned(apply). "args" : {"any": [0]}}')
debug_merge_point(0, 0, '4432<main.rpyeffect:99([method_apply@[k@[mcore:[#224]#267]#278]#282])>+0: {"op": "Jump". "target": 4429}')
debug_merge_point(0, 0, '4429<main.rpyeffect:96([mcore:[#217]#265])>+0: {"op": "PrimOp". "name": "setRef(Ref[Ptr]. Ptr): Unit". "out": {"any": [0]}. "in": {"any": [1. 0]}}')
+884: setfield_gc(ConstPtr(ptr74), ConstPtr(ptr75), descr=<FieldP rpyeffect.region.Ref.inst_value 16>)
+888: p77 = getfield_gc_r(ConstPtr(ptr76), descr=<FieldP rpyeffect.region.Ref.inst_value 16>)
debug_merge_point(0, 0, '4429<main.rpyeffect:96([mcore:[#217]#265])>+1: {"op": "Return". "args": {"any": [0]}}')
debug_merge_point(0, 0, '1131<std_core_hnd.rpyeffect:830([k@[k@[mcore:[#1244]#2291]#2293]#2295])>+0: {"op": "Const". "type": "ptr". "out": 3. "format": "bool". "value": "<BoolValue object at 0x10ff46b0>"}')
debug_merge_point(0, 0, '1131<std_core_hnd.rpyeffect:830([k@[k@[mcore:[#1244]#2291]#2293]#2295])>+1: {"op": "Swap". "type": "any". "a": 0. "b". 1}')
debug_merge_point(0, 0, '1131<std_core_hnd.rpyeffect:830([k@[k@[mcore:[#1244]#2291]#2293]#2295])>+2: {"op": "Swap". "type": "any". "a": 2. "b". 1}')
debug_merge_point(0, 0, '1131<std_core_hnd.rpyeffect:830([k@[k@[mcore:[#1244]#2291]#2293]#2295])>+3: {"op": "Switch". "scrutinee": 3. "values": [<BoolValue object at 0x10ff46a0>]. "targets": [1126]. "default": 1130}')
debug_merge_point(0, 0, '1130<std_core_hnd.rpyeffect:829([switch default case#2310])>+0: {"op": "Const". "type": "ptr". "out": 0. "format": "bool". "value": "<BoolValue object at 0x10ff46d0>"}')
debug_merge_point(0, 0, '1130<std_core_hnd.rpyeffect:829([switch default case#2310])>+1: {"op": "Swap". "type": "any". "a": 0. "b". 1}')
debug_merge_point(0, 0, '1130<std_core_hnd.rpyeffect:829([switch default case#2310])>+2: {"op": "Swap". "type": "any". "a": 2. "b". 1}')
debug_merge_point(0, 0, '1130<std_core_hnd.rpyeffect:829([switch default case#2310])>+3: {"op": "Switch". "scrutinee": 2. "values": [<BoolValue object at 0x10ff46c0>]. "targets": [1128]. "default": 1129}')
debug_merge_point(0, 0, '1128<std_core_hnd.rpyeffect:827([switch case for Bool(false)#2312])>+0: {"op": "Const". "type": "ptr". "out": 2. "format": "string". "value": "Name(import$std/core/hnd)"}')
debug_merge_point(0, 0, '1128<std_core_hnd.rpyeffect:827([switch case for Bool(false)#2312])>+1: {"op": "PrimOp". "name": "getGlobal(String): Ptr". "out": {"any": [2]}. "in": {"any": [2]}}')
debug_merge_point(0, 0, '1128<std_core_hnd.rpyeffect:827([switch case for Bool(false)#2312])>+2: {"op": "Push". "target": 1127. "args": {"any": [1]}}')
debug_merge_point(0, 0, '1128<std_core_hnd.rpyeffect:827([switch case for Bool(false)#2312])>+3: {"op": "Copy". "type": "any". "from": 2. "to". 1}')
debug_merge_point(0, 0, '1128<std_core_hnd.rpyeffect:827([switch case for Bool(false)#2312])>+4: {"op": "Jump". "target": 1123}')
debug_merge_point(0, 0, '1123<std_core_hnd.rpyeffect:822([mcore:[#1243]#2286])>+0: {"op": "Const". "type": "ptr". "out": 1. "format": "string". "value": "Name(import$std/core/hnd)"}')
debug_merge_point(0, 0, '1123<std_core_hnd.rpyeffect:822([mcore:[#1243]#2286])>+1: {"op": "PrimOp". "name": "getGlobal(String): Ptr". "out": {"any": [1]}. "in": {"any": [1]}}')
debug_merge_point(0, 0, '1123<std_core_hnd.rpyeffect:822([mcore:[#1243]#2286])>+2: {"op": "CallLib". "lib": "1". "symbol": "setCurrentEvv"}')
debug_merge_point(0, 0, '302<std_core_hnd.rpyeffect:1(Name(setCurrentEvv))>+0: {"op": "Const". "type": "ptr". "out": 1. "format": "string". "value": "current-evv"}')
debug_merge_point(0, 0, '302<std_core_hnd.rpyeffect:1(Name(setCurrentEvv))>+1: {"op": "PrimOp". "name": "getGlobal(String): Ptr". "out": {"any": [1]}. "in": {"any": [1]}}')
debug_merge_point(0, 0, '302<std_core_hnd.rpyeffect:1(Name(setCurrentEvv))>+2: {"op": "PrimOp". "name": "setRef(Ref[Ptr]. Ptr): Unit". "out": {"any": [0]}. "in": {"any": [1. 0]}}')
debug_merge_point(0, 0, '302<std_core_hnd.rpyeffect:1(Name(setCurrentEvv))>+3: {"op": "Return". "args": {"any": [0]}}')
debug_merge_point(0, 0, '1127<std_core_hnd.rpyeffect:826([k@[switch case for Bool(false)#2312]#2317])>+0: {"op": "Copy". "type": "any". "from": 1. "to". 0}')
debug_merge_point(0, 0, '1127<std_core_hnd.rpyeffect:826([k@[switch case for Bool(false)#2312]#2317])>+1: {"op": "Return". "args": {"any": [0]}}')
debug_merge_point(0, 0, '4397<main.rpyeffect:64([k@[#208]#210])>+0: {"op": "Const". "type": "ptr". "out": 0. "format": "string". "value": "Name(import$std/core/hnd)"}')
debug_merge_point(0, 0, '4397<main.rpyeffect:64([k@[#208]#210])>+1: {"op": "PrimOp". "name": "getGlobal(String): Ptr". "out": {"any": [0]}. "in": {"any": [0]}}')
debug_merge_point(0, 0, '4397<main.rpyeffect:64([k@[#208]#210])>+2: {"op": "Jump". "target": 4424}')
debug_merge_point(0, 0, '4424<main.rpyeffect:91([mcore:[#200]#167])>+0: {"op": "Const". "type": "ptr". "out": 0. "format": "int". "value": "<IntValue object at 0x1138b5d0>"}')
debug_merge_point(0, 0, '4424<main.rpyeffect:91([mcore:[#200]#167])>+1: {"op": "Const". "type": "ptr". "out": 1. "format": "string". "value": "Name(import$std/core/hnd)"}')
debug_merge_point(0, 0, '4424<main.rpyeffect:91([mcore:[#200]#167])>+2: {"op": "PrimOp". "name": "getGlobal(String): Ptr". "out": {"any": [1]}. "in": {"any": [1]}}')
debug_merge_point(0, 0, '4424<main.rpyeffect:91([mcore:[#200]#167])>+3: {"op": "Push". "target": 4423. "args": {"any": [0]}}')
+903: setfield_gc(ConstPtr(ptr78), ConstPtr(ptr40), descr=<FieldP rpyeffect.region.Ref.inst_value 16>)
+907: setfield_gc(p77, i70, descr=<FieldS rpyeffect.value.UnboxedIntValueRef.inst_value 8>)
+911: label(p0, p1, p2, p3, p4, p19, p21, p23, p25, p27, p29, p31, p33, p35, p37, descr=TargetToken(294027808))
debug_merge_point(0, 0, '4424<main.rpyeffect:91([mcore:[#200]#167])>+3: {"op": "Push". "target": 4423. "args": {"any": [0]}}')
+912: guard_not_invalidated(descr=<Guard0x116c5970>) [p2, p19, p21, p23, p25, p27, p29, p31, p33, p35, p37, p0, p1, p3, p4]
debug_merge_point(0, 0, '4424<main.rpyeffect:91([mcore:[#200]#167])>+4: {"op": "Copy". "type": "any". "from": 1. "to". 0}')
debug_merge_point(0, 0, '4424<main.rpyeffect:91([mcore:[#200]#167])>+5: {"op": "Jump". "target": 4392}')
debug_merge_point(0, 0, '4392<main.rpyeffect:59([mcore:[#176]#153])>+0: {"op": "Const". "type": "ptr". "out": 0. "format": "string". "value": "Name(import$std/core/hnd)"}')
debug_merge_point(0, 0, '4392<main.rpyeffect:59([mcore:[#176]#153])>+1: {"op": "PrimOp". "name": "getGlobal(String): Ptr". "out": {"any": [0]}. "in": {"any": [0]}}')
debug_merge_point(0, 0, '4392<main.rpyeffect:59([mcore:[#176]#153])>+2: {"op": "CallLib". "lib": "0". "symbol": "getCurrentEvv"}')
debug_merge_point(0, 0, '301<std_core_hnd.rpyeffect:0(Name(getCurrentEvv))>+0: {"op": "Const". "type": "ptr". "out": 0. "format": "string". "value": "current-evv"}')
debug_merge_point(0, 0, '301<std_core_hnd.rpyeffect:0(Name(getCurrentEvv))>+1: {"op": "PrimOp". "name": "getGlobal(String): Ptr". "out": {"any": [0]}. "in": {"any": [0]}}')
debug_merge_point(0, 0, '301<std_core_hnd.rpyeffect:0(Name(getCurrentEvv))>+2: {"op": "PrimOp". "name": "getRef(Ref[Ptr]): Ptr". "out": {"any": [0]}. "in": {"any": [0]}}')
debug_merge_point(0, 0, '301<std_core_hnd.rpyeffect:0(Name(getCurrentEvv))>+3: {"op": "Return". "args": {"any": [0]}}')
debug_merge_point(0, 0, '4423<main.rpyeffect:90([k@[mcore:[#200]#167]#173])>+0: {"op": "PrimOp". "name": "promote_ptr". "out": {"any": [0]}. "in": {"any": [0]}}')
debug_merge_point(0, 0, '4423<main.rpyeffect:90([k@[mcore:[#200]#167]#173])>+1: {"op": "Const". "type": "ptr". "out": 2. "format": "string". "value": "Name(import$std/core/hnd)"}')
debug_merge_point(0, 0, '4423<main.rpyeffect:90([k@[mcore:[#200]#167]#173])>+2: {"op": "PrimOp". "name": "getGlobal(String): Ptr". "out": {"any": [2]}. "in": {"any": [2]}}')
debug_merge_point(0, 0, '4423<main.rpyeffect:90([k@[mcore:[#200]#167]#173])>+3: {"op": "Push". "target": 4422. "args": {"any": []}}')
debug_merge_point(0, 0, '4423<main.rpyeffect:90([k@[mcore:[#200]#167]#173])>+4: {"op": "Jump". "target": 4391}')
debug_merge_point(0, 0, '4391<main.rpyeffect:58([mcore:[#175]#147])>+0: {"op": "Const". "type": "ptr". "out": 2. "format": "string". "value": "Name(import$std/core/hnd)"}')
debug_merge_point(0, 0, '4391<main.rpyeffect:58([mcore:[#175]#147])>+1: {"op": "PrimOp". "name": "getGlobal(String): Ptr". "out": {"any": [2]}. "in": {"any": [2]}}')
debug_merge_point(0, 0, '4391<main.rpyeffect:58([mcore:[#175]#147])>+2: {"op": "CallLib". "lib": "2". "symbol": "elt"}')
debug_merge_point(0, 0, '341<std_core_hnd.rpyeffect:40(Name(elt))>+0: {"op": "Switch". "scrutinee": 1. "values": [<IntValue object at 0x7fd0135c7ec0>]. "targets": [339]. "default": 340}')
debug_merge_point(0, 0, '339<std_core_hnd.rpyeffect:38([switch case for Int(0)#100])>+0: {"op": "Proj". "out": 0. "type": Interned(evv). "scrutinee": 0. "tag": Interned(cons). "field": 0. "field_type": "any"}')
debug_merge_point(0, 0, '339<std_core_hnd.rpyeffect:38([switch case for Int(0)#100])>+1: {"op": "Return". "args": {"any": [0]}}')
debug_merge_point(0, 0, '4422<main.rpyeffect:89([k@[k@[mcore:[#200]#167]#173]#181])>+0: {"op": "Push". "target": 4412. "args": {"any": []}}')
debug_merge_point(0, 0, '4422<main.rpyeffect:89([k@[k@[mcore:[#200]#167]#173]#181])>+1: {"op": "Match". "type": Interned(std/core/hnd/ev). "scrutinee": 0. "clauses": [{"tag": Interned(std/core/hnd/Ev). "target": 4421. "args": {"any": [1. 2. 3. 4]}}]. "default": {"tag": Interned(f4891f16-c9f9-4ee9-94d4-814d4258fe73#[Missing Tag#878]). "target": 4413. "args": {"any": []}}}')
debug_merge_point(0, 0, '4421<main.rpyeffect:88([#234])>+0: {"op": "Copy". "type": "any". "from": 0. "to". 1}')
debug_merge_point(0, 0, '4421<main.rpyeffect:88([#234])>+1: {"op": "Copy". "type": "any". "from": 2. "to". 0}')
debug_merge_point(0, 0, '4421<main.rpyeffect:88([#234])>+2: {"op": "Match". "type": Interned(main/state). "scrutinee": 3. "clauses": [{"tag": Interned(main/@Hnd-state). "target": 4420. "args": {"any": [2. 3. 4]}}]. "default": {"tag": Interned(f4891f16-c9f9-4ee9-94d4-814d4258fe73#[Missing Tag#877]). "target": 4415. "args": {"any": []}}}')
debug_merge_point(0, 0, '4420<main.rpyeffect:87([match_main/@Hnd-state@[#234]#239])>+0: {"op": "Match". "type": Interned(std/core/hnd/clause0). "scrutinee": 3. "clauses": [{"tag": Interned(std/core/hnd/Clause0). "target": 4419. "args": {"any": [2]}}]. "default": {"tag": Interned(f4891f16-c9f9-4ee9-94d4-814d4258fe73#[Missing Tag#876]). "target": 4417. "args": {"any": []}}}')
debug_merge_point(0, 0, '4419<main.rpyeffect:86([#244])>+0: {"op": "Invoke". "receiver": 2. "tag": Interned(apply). "args" : {"any": [0. 1]}}')
debug_merge_point(0, 0, '1119<std_core_hnd.rpyeffect:818([method_apply@[mcore:[#1231]#2267]#2271])>+0: {"op": "Const". "type": "ptr". "out": 3. "format": "string". "value": "Name(import$std/core/hnd)"}')
debug_merge_point(0, 0, '1119<std_core_hnd.rpyeffect:818([method_apply@[mcore:[#1231]#2267]#2271])>+1: {"op": "PrimOp". "name": "getGlobal(String): Ptr". "out": {"any": [3]}. "in": {"any": [3]}}')
debug_merge_point(0, 0, '1119<std_core_hnd.rpyeffect:818([method_apply@[mcore:[#1231]#2267]#2271])>+2: {"op": "Swap". "type": "any". "a": 2. "b". 3}')
debug_merge_point(0, 0, '1119<std_core_hnd.rpyeffect:818([method_apply@[mcore:[#1231]#2267]#2271])>+3: {"op": "Jump". "target": 1118}')
debug_merge_point(0, 0, '1118<std_core_hnd.rpyeffect:817([mcore:[#1229]#2231])>+0: {"op": "Push". "target": 1114. "args": {"any": [1. 3]}}')
debug_merge_point(0, 0, '1118<std_core_hnd.rpyeffect:817([mcore:[#1229]#2231])>+1: {"op": "Match". "type": Interned(std/core/hnd/ev). "scrutinee": 1. "clauses": [{"tag": Interned(std/core/hnd/Ev). "target": 1117. "args": {"any": [0. 1. 2. 3]}}]. "default": {"tag": Interned(b39bc5c9-11f1-4288-a06b-7e114349574d#[Missing Tag#3076]). "target": 1115. "args": {"any": []}}}')
debug_merge_point(0, 0, '1117<std_core_hnd.rpyeffect:816([#2260])>+0: {"op": "Const". "type": "ptr". "out": 0. "format": "string". "value": "Name(import$std/core/hnd)"}')
debug_merge_point(0, 0, '1117<std_core_hnd.rpyeffect:816([#2260])>+1: {"op": "PrimOp". "name": "getGlobal(String): Ptr". "out": {"any": [0]}. "in": {"any": [0]}}')
debug_merge_point(0, 0, '1117<std_core_hnd.rpyeffect:816([#2260])>+2: {"op": "Copy". "type": "any". "from": 0. "to". 1}')
debug_merge_point(0, 0, '1117<std_core_hnd.rpyeffect:816([#2260])>+3: {"op": "Copy". "type": "any". "from": 3. "to". 0}')
debug_merge_point(0, 0, '1117<std_core_hnd.rpyeffect:816([#2260])>+4: {"op": "Jump". "target": 1088}')
debug_merge_point(0, 0, '1088<std_core_hnd.rpyeffect:787([mcore:[#1212]#2170])>+0: {"op": "Const". "type": "ptr". "out": 1. "format": "string". "value": "Name(import$std/core/hnd)"}')
debug_merge_point(0, 0, '1088<std_core_hnd.rpyeffect:787([mcore:[#1212]#2170])>+1: {"op": "PrimOp". "name": "getGlobal(String): Ptr". "out": {"any": [1]}. "in": {"any": [1]}}')
debug_merge_point(0, 0, '1088<std_core_hnd.rpyeffect:787([mcore:[#1212]#2170])>+2: {"op": "CallLib". "lib": "1". "symbol": "swapCurrentEvv"}')
debug_merge_point(0, 0, '303<std_core_hnd.rpyeffect:2(Name(swapCurrentEvv))>+0: {"op": "Const". "type": "ptr". "out": 1. "format": "string". "value": "current-evv"}')
debug_merge_point(0, 0, '303<std_core_hnd.rpyeffect:2(Name(swapCurrentEvv))>+1: {"op": "PrimOp". "name": "getGlobal(String): Ptr". "out": {"any": [1]}. "in": {"any": [1]}}')
debug_merge_point(0, 0, '303<std_core_hnd.rpyeffect:2(Name(swapCurrentEvv))>+2: {"op": "PrimOp". "name": "getRef(Ref[Ptr]): Ptr". "out": {"any": [2]}. "in": {"any": [1]}}')
debug_merge_point(0, 0, '303<std_core_hnd.rpyeffect:2(Name(swapCurrentEvv))>+3: {"op": "PrimOp". "name": "setRef(Ref[Ptr]. Ptr): Unit". "out": {"any": [0]}. "in": {"any": [1. 0]}}')
debug_merge_point(0, 0, '303<std_core_hnd.rpyeffect:2(Name(swapCurrentEvv))>+4: {"op": "Copy". "type": "any". "from": 2. "to". 0}')
debug_merge_point(0, 0, '303<std_core_hnd.rpyeffect:2(Name(swapCurrentEvv))>+5: {"op": "Return". "args": {"any": [0]}}')
debug_merge_point(0, 0, '1114<std_core_hnd.rpyeffect:813([k@[mcore:[#1229]#2231]#2233])>+0: {"op": "Push". "target": 1113. "args": {"any": [1. 0]}}')
debug_merge_point(0, 0, '1114<std_core_hnd.rpyeffect:813([k@[mcore:[#1229]#2231]#2233])>+1: {"op": "Invoke". "receiver": 2. "tag": Interned(apply). "args" : {"any": []}}')
debug_merge_point(0, 0, '4431<main.rpyeffect:98([method_apply@[mcore:[#224]#267]#271])>+0: {"op": "Jump". "target": 4427}')
debug_merge_point(0, 0, '4427<main.rpyeffect:94([mcore:[#210]#259])>+0: {"op": "PrimOp". "name": "getRef(Ref[Ptr]): Ptr". "out": {"any": [0]}. "in": {"any": [0]}}')
+937: setfield_gc(ConstPtr(ptr79), ConstPtr(ptr80), descr=<FieldP rpyeffect.region.Ref.inst_value 16>)
+948: p82 = getfield_gc_r(ConstPtr(ptr81), descr=<FieldP rpyeffect.region.Ref.inst_value 16>)
+952: i83 = getfield_gc_i(p82, descr=<FieldS rpyeffect.value.UnboxedIntValueRef.inst_value 8>)
debug_merge_point(0, 0, '4427<main.rpyeffect:94([mcore:[#210]#259])>+1: {"op": "Return". "args": {"any": [0]}}')
debug_merge_point(0, 0, '1113<std_core_hnd.rpyeffect:812([k@[k@[mcore:[#1229]#2231]#2233]#2235])>+0: {"op": "Const". "type": "ptr". "out": 3. "format": "string". "value": "Name(import$std/core/hnd)"}')
debug_merge_point(0, 0, '1113<std_core_hnd.rpyeffect:812([k@[k@[mcore:[#1229]#2231]#2233]#2235])>+1: {"op": "PrimOp". "name": "getGlobal(String): Ptr". "out": {"any": [3]}. "in": {"any": [3]}}')
debug_merge_point(0, 0, '1113<std_core_hnd.rpyeffect:812([k@[k@[mcore:[#1229]#2231]#2233]#2235])>+2: {"op": "Push". "target": 1112. "args": {"any": [1. 0]}}')
debug_merge_point(0, 0, '1113<std_core_hnd.rpyeffect:812([k@[k@[mcore:[#1229]#2231]#2233]#2235])>+3: {"op": "Copy". "type": "any". "from": 3. "to". 1}')
debug_merge_point(0, 0, '1113<std_core_hnd.rpyeffect:812([k@[k@[mcore:[#1229]#2231]#2233]#2235])>+4: {"op": "Copy". "type": "any". "from": 2. "to". 0}')
debug_merge_point(0, 0, '1113<std_core_hnd.rpyeffect:812([k@[k@[mcore:[#1229]#2231]#2233]#2235])>+5: {"op": "Jump". "target": 1089}')
debug_merge_point(0, 0, '1089<std_core_hnd.rpyeffect:788([mcore:[#1214]#2175])>+0: {"op": "Const". "type": "ptr". "out": 1. "format": "string". "value": "Name(import$std/core/hnd)"}')
debug_merge_point(0, 0, '1089<std_core_hnd.rpyeffect:788([mcore:[#1214]#2175])>+1: {"op": "PrimOp". "name": "getGlobal(String): Ptr". "out": {"any": [1]}. "in": {"any": [1]}}')
debug_merge_point(0, 0, '1089<std_core_hnd.rpyeffect:788([mcore:[#1214]#2175])>+2: {"op": "CallLib". "lib": "1". "symbol": "setCurrentEvv"}')
debug_merge_point(0, 0, '302<std_core_hnd.rpyeffect:1(Name(setCurrentEvv))>+0: {"op": "Const". "type": "ptr". "out": 1. "format": "string". "value": "current-evv"}')
debug_merge_point(0, 0, '302<std_core_hnd.rpyeffect:1(Name(setCurrentEvv))>+1: {"op": "PrimOp". "name": "getGlobal(String): Ptr". "out": {"any": [1]}. "in": {"any": [1]}}')
debug_merge_point(0, 0, '302<std_core_hnd.rpyeffect:1(Name(setCurrentEvv))>+2: {"op": "PrimOp". "name": "setRef(Ref[Ptr]. Ptr): Unit". "out": {"any": [0]}. "in": {"any": [1. 0]}}')
debug_merge_point(0, 0, '302<std_core_hnd.rpyeffect:1(Name(setCurrentEvv))>+3: {"op": "Return". "args": {"any": [0]}}')
debug_merge_point(0, 0, '1112<std_core_hnd.rpyeffect:811([#2240])>+0: {"op": "Const". "type": "ptr". "out": 0. "format": "bool". "value": "<BoolValue object at 0x10ff4170>"}')
debug_merge_point(0, 0, '1112<std_core_hnd.rpyeffect:811([#2240])>+1: {"op": "Swap". "type": "any". "a": 0. "b". 1}')
debug_merge_point(0, 0, '1112<std_core_hnd.rpyeffect:811([#2240])>+2: {"op": "Swap". "type": "any". "a": 2. "b". 1}')
debug_merge_point(0, 0, '1112<std_core_hnd.rpyeffect:811([#2240])>+3: {"op": "Switch". "scrutinee": 2. "values": [<BoolValue object at 0x10ff4160>]. "targets": [1108]. "default": 1111}')
debug_merge_point(0, 0, '1111<std_core_hnd.rpyeffect:810([switch default case#2255])>+0: {"op": "Const". "type": "ptr". "out": 0. "format": "bool". "value": "<BoolValue object at 0x10ff4190>"}')
debug_merge_point(0, 0, '1111<std_core_hnd.rpyeffect:810([switch default case#2255])>+1: {"op": "Swap". "type": "any". "a": 0. "b". 1}')
debug_merge_point(0, 0, '1111<std_core_hnd.rpyeffect:810([switch default case#2255])>+2: {"op": "Switch". "scrutinee": 1. "values": [<BoolValue object at 0x10ff4180>]. "targets": [1109]. "default": 1110}')
debug_merge_point(0, 0, '1109<std_core_hnd.rpyeffect:808([switch case for Bool(false)#2257])>+0: {"op": "Return". "args": {"any": [0]}}')
debug_merge_point(0, 0, '4412<main.rpyeffect:79([k@[k@[k@[mcore:[#200]#167]#173]#181]#183])>+0: {"op": "Const". "type": "ptr". "out": 1. "format": "int". "value": "<IntValue object at 0x1138b150>"}')
debug_merge_point(0, 0, '4412<main.rpyeffect:79([k@[k@[k@[mcore:[#200]#167]#173]#181]#183])>+1: {"op": "PrimOp". "name": "infixEq(Int. Int): Boolean". "out": {"any": [1]}. "in": {"any": [0. 1]}}')
+957: i85 = int_eq(i83, 0)
debug_merge_point(0, 0, '4412<main.rpyeffect:79([k@[k@[k@[mcore:[#200]#167]#173]#181]#183])>+2: {"op": "Switch". "scrutinee": 1. "values": [<BoolValue object at 0x1138b120>]. "targets": [4395]. "default": 4411}')
+989: setfield_gc(ConstPtr(ptr86), ConstPtr(ptr40), descr=<FieldP rpyeffect.region.Ref.inst_value 16>)
+993: guard_false(i85, descr=<Guard0x116c59b8>) [p2, p19, p21, p23, p25, p27, p29, p31, p33, p35, p37, i85, p0, p1, p3, p4, i83]
debug_merge_point(0, 0, '4411<main.rpyeffect:78([switch default case#188])>+0: {"op": "Const". "type": "ptr". "out": 1. "format": "int". "value": "<IntValue object at 0x1138b190>"}')
debug_merge_point(0, 0, '4411<main.rpyeffect:78([switch default case#188])>+1: {"op": "PrimOp". "name": "infixEq(Int. Int): Boolean". "out": {"any": [1]}. "in": {"any": [0. 1]}}')
debug_merge_point(0, 0, '4411<main.rpyeffect:78([switch default case#188])>+2: {"op": "Switch". "scrutinee": 1. "values": [<BoolValue object at 0x1138b160>]. "targets": [4409]. "default": 4410}')
debug_merge_point(0, 0, '4409<main.rpyeffect:76([switch case for Bool(false)#192])>+0: {"op": "Const". "type": "ptr". "out": 1. "format": "int". "value": "<IntValue object at 0x1138b270>"}')
debug_merge_point(0, 0, '4409<main.rpyeffect:76([switch case for Bool(false)#192])>+1: {"op": "PrimOp". "name": "infixSub(Int. Int): Int". "out": {"any": [0]}. "in": {"any": [0. 1]}}')
+1002: i88 = int_sub(i83, 1)
debug_merge_point(0, 0, '4409<main.rpyeffect:76([switch case for Bool(false)#192])>+2: {"op": "Const". "type": "ptr". "out": 1. "format": "int". "value": "<IntValue object at 0x1138b240>"}')
debug_merge_point(0, 0, '4409<main.rpyeffect:76([switch case for Bool(false)#192])>+3: {"op": "Const". "type": "ptr". "out": 2. "format": "string". "value": "Name(import$std/core/hnd)"}')
debug_merge_point(0, 0, '4409<main.rpyeffect:76([switch case for Bool(false)#192])>+4: {"op": "PrimOp". "name": "getGlobal(String): Ptr". "out": {"any": [2]}. "in": {"any": [2]}}')
debug_merge_point(0, 0, '4409<main.rpyeffect:76([switch case for Bool(false)#192])>+5: {"op": "Push". "target": 4408. "args": {"any": [1. 0]}}')
debug_merge_point(0, 0, '4409<main.rpyeffect:76([switch case for Bool(false)#192])>+6: {"op": "Copy". "type": "any". "from": 2. "to". 0}')
debug_merge_point(0, 0, '4409<main.rpyeffect:76([switch case for Bool(false)#192])>+7: {"op": "Jump". "target": 4394}')
debug_merge_point(0, 0, '4394<main.rpyeffect:61([mcore:[#190]#163])>+0: {"op": "Const". "type": "ptr". "out": 0. "format": "string". "value": "Name(import$std/core/hnd)"}')
debug_merge_point(0, 0, '4394<main.rpyeffect:61([mcore:[#190]#163])>+1: {"op": "PrimOp". "name": "getGlobal(String): Ptr". "out": {"any": [0]}. "in": {"any": [0]}}')
debug_merge_point(0, 0, '4394<main.rpyeffect:61([mcore:[#190]#163])>+2: {"op": "CallLib". "lib": "0". "symbol": "getCurrentEvv"}')
debug_merge_point(0, 0, '301<std_core_hnd.rpyeffect:0(Name(getCurrentEvv))>+0: {"op": "Const". "type": "ptr". "out": 0. "format": "string". "value": "current-evv"}')
debug_merge_point(0, 0, '301<std_core_hnd.rpyeffect:0(Name(getCurrentEvv))>+1: {"op": "PrimOp". "name": "getGlobal(String): Ptr". "out": {"any": [0]}. "in": {"any": [0]}}')
debug_merge_point(0, 0, '301<std_core_hnd.rpyeffect:0(Name(getCurrentEvv))>+2: {"op": "PrimOp". "name": "getRef(Ref[Ptr]): Ptr". "out": {"any": [0]}. "in": {"any": [0]}}')
debug_merge_point(0, 0, '301<std_core_hnd.rpyeffect:0(Name(getCurrentEvv))>+3: {"op": "Return". "args": {"any": [0]}}')
debug_merge_point(0, 0, '4408<main.rpyeffect:75([k@[switch case for Bool(false)#192]#200])>+0: {"op": "PrimOp". "name": "promote_ptr". "out": {"any": [0]}. "in": {"any": [0]}}')
debug_merge_point(0, 0, '4408<main.rpyeffect:75([k@[switch case for Bool(false)#192]#200])>+1: {"op": "Const". "type": "ptr". "out": 3. "format": "string". "value": "Name(import$std/core/hnd)"}')
debug_merge_point(0, 0, '4408<main.rpyeffect:75([k@[switch case for Bool(false)#192]#200])>+2: {"op": "PrimOp". "name": "getGlobal(String): Ptr". "out": {"any": [3]}. "in": {"any": [3]}}')
debug_merge_point(0, 0, '4408<main.rpyeffect:75([k@[switch case for Bool(false)#192]#200])>+3: {"op": "Push". "target": 4407. "args": {"any": [2]}}')
debug_merge_point(0, 0, '4408<main.rpyeffect:75([k@[switch case for Bool(false)#192]#200])>+4: {"op": "Copy". "type": "any". "from": 3. "to". 2}')
debug_merge_point(0, 0, '4408<main.rpyeffect:75([k@[switch case for Bool(false)#192]#200])>+5: {"op": "Jump". "target": 4393}')
debug_merge_point(0, 0, '4393<main.rpyeffect:60([mcore:[#189]#157])>+0: {"op": "Const". "type": "ptr". "out": 2. "format": "string". "value": "Name(import$std/core/hnd)"}')
debug_merge_point(0, 0, '4393<main.rpyeffect:60([mcore:[#189]#157])>+1: {"op": "PrimOp". "name": "getGlobal(String): Ptr". "out": {"any": [2]}. "in": {"any": [2]}}')
debug_merge_point(0, 0, '4393<main.rpyeffect:60([mcore:[#189]#157])>+2: {"op": "CallLib". "lib": "2". "symbol": "elt"}')
debug_merge_point(0, 0, '341<std_core_hnd.rpyeffect:40(Name(elt))>+0: {"op": "Switch". "scrutinee": 1. "values": [<IntValue object at 0x7fd0135c7ec0>]. "targets": [339]. "default": 340}')
debug_merge_point(0, 0, '339<std_core_hnd.rpyeffect:38([switch case for Int(0)#100])>+0: {"op": "Proj". "out": 0. "type": Interned(evv). "scrutinee": 0. "tag": Interned(cons). "field": 0. "field_type": "any"}')
debug_merge_point(0, 0, '339<std_core_hnd.rpyeffect:38([switch case for Int(0)#100])>+1: {"op": "Return". "args": {"any": [0]}}')
debug_merge_point(0, 0, '4407<main.rpyeffect:74([#208])>+0: {"op": "Push". "target": 4397. "args": {"any": []}}')
debug_merge_point(0, 0, '4407<main.rpyeffect:74([#208])>+1: {"op": "Match". "type": Interned(std/core/hnd/ev). "scrutinee": 0. "clauses": [{"tag": Interned(std/core/hnd/Ev). "target": 4406. "args": {"any": [2. 3. 4. 5]}}]. "default": {"tag": Interned(f4891f16-c9f9-4ee9-94d4-814d4258fe73#[Missing Tag#875]). "target": 4398. "args": {"any": []}}}')
debug_merge_point(0, 0, '4406<main.rpyeffect:73([match_std/core/hnd/Ev@[#208]#218])>+0: {"op": "Copy". "type": "any". "from": 1. "to". 2}')
debug_merge_point(0, 0, '4406<main.rpyeffect:73([match_std/core/hnd/Ev@[#208]#218])>+1: {"op": "Copy". "type": "any". "from": 0. "to". 1}')
debug_merge_point(0, 0, '4406<main.rpyeffect:73([match_std/core/hnd/Ev@[#208]#218])>+2: {"op": "Copy". "type": "any". "from": 3. "to". 0}')
debug_merge_point(0, 0, '4406<main.rpyeffect:73([match_std/core/hnd/Ev@[#208]#218])>+3: {"op": "Match". "type": Interned(main/state). "scrutinee": 4. "clauses": [{"tag": Interned(main/@Hnd-state). "target": 4405. "args": {"any": [3. 4. 5]}}]. "default": {"tag": Interned(f4891f16-c9f9-4ee9-94d4-814d4258fe73#[Missing Tag#874]). "target": 4400. "args": {"any": []}}}')
debug_merge_point(0, 0, '4405<main.rpyeffect:72([#223])>+0: {"op": "Match". "type": Interned(std/core/hnd/clause1). "scrutinee": 5. "clauses": [{"tag": Interned(std/core/hnd/Clause1). "target": 4404. "args": {"any": [3]}}]. "default": {"tag": Interned(f4891f16-c9f9-4ee9-94d4-814d4258fe73#[Missing Tag#873]). "target": 4402. "args": {"any": []}}}')
debug_merge_point(0, 0, '4404<main.rpyeffect:71([match_std/core/hnd/Clause1@[#223]#228])>+0: {"op": "Invoke". "receiver": 3. "tag": Interned(apply). "args" : {"any": [0. 1. 2]}}')
debug_merge_point(0, 0, '1137<std_core_hnd.rpyeffect:836([method_apply@[mcore:[#1246]#2328]#2333])>+0: {"op": "Const". "type": "ptr". "out": 4. "format": "string". "value": "Name(import$std/core/hnd)"}')
debug_merge_point(0, 0, '1137<std_core_hnd.rpyeffect:836([method_apply@[mcore:[#1246]#2328]#2333])>+1: {"op": "PrimOp". "name": "getGlobal(String): Ptr". "out": {"any": [4]}. "in": {"any": [4]}}')
debug_merge_point(0, 0, '1137<std_core_hnd.rpyeffect:836([method_apply@[mcore:[#1246]#2328]#2333])>+2: {"op": "Swap". "type": "any". "a": 3. "b". 4}')
debug_merge_point(0, 0, '1137<std_core_hnd.rpyeffect:836([method_apply@[mcore:[#1246]#2328]#2333])>+3: {"op": "Jump". "target": 1136}')
debug_merge_point(0, 0, '1136<std_core_hnd.rpyeffect:835([mcore:[#1244]#2291])>+0: {"op": "Push". "target": 1132. "args": {"any": [1. 4. 2]}}')
debug_merge_point(0, 0, '1136<std_core_hnd.rpyeffect:835([mcore:[#1244]#2291])>+1: {"op": "Match". "type": Interned(std/core/hnd/ev). "scrutinee": 1. "clauses": [{"tag": Interned(std/core/hnd/Ev). "target": 1135. "args": {"any": [0. 1. 2. 3]}}]. "default": {"tag": Interned(b39bc5c9-11f1-4288-a06b-7e114349574d#[Missing Tag#3077]). "target": 1133. "args": {"any": []}}}')
debug_merge_point(0, 0, '1135<std_core_hnd.rpyeffect:834([#2321])>+0: {"op": "Const". "type": "ptr". "out": 0. "format": "string". "value": "Name(import$std/core/hnd)"}')
debug_merge_point(0, 0, '1135<std_core_hnd.rpyeffect:834([#2321])>+1: {"op": "PrimOp". "name": "getGlobal(String): Ptr". "out": {"any": [0]}. "in": {"any": [0]}}')
debug_merge_point(0, 0, '1135<std_core_hnd.rpyeffect:834([#2321])>+2: {"op": "Copy". "type": "any". "from": 0. "to". 1}')
debug_merge_point(0, 0, '1135<std_core_hnd.rpyeffect:834([#2321])>+3: {"op": "Copy". "type": "any". "from": 3. "to". 0}')
debug_merge_point(0, 0, '1135<std_core_hnd.rpyeffect:834([#2321])>+4: {"op": "Jump". "target": 1121}')
debug_merge_point(0, 0, '1121<std_core_hnd.rpyeffect:820([mcore:[#1233]#2277])>+0: {"op": "Const". "type": "ptr". "out": 1. "format": "string". "value": "Name(import$std/core/hnd)"}')
debug_merge_point(0, 0, '1121<std_core_hnd.rpyeffect:820([mcore:[#1233]#2277])>+1: {"op": "PrimOp". "name": "getGlobal(String): Ptr". "out": {"any": [1]}. "in": {"any": [1]}}')
debug_merge_point(0, 0, '1121<std_core_hnd.rpyeffect:820([mcore:[#1233]#2277])>+2: {"op": "CallLib". "lib": "1". "symbol": "swapCurrentEvv"}')
debug_merge_point(0, 0, '303<std_core_hnd.rpyeffect:2(Name(swapCurrentEvv))>+0: {"op": "Const". "type": "ptr". "out": 1. "format": "string". "value": "current-evv"}')
debug_merge_point(0, 0, '303<std_core_hnd.rpyeffect:2(Name(swapCurrentEvv))>+1: {"op": "PrimOp". "name": "getGlobal(String): Ptr". "out": {"any": [1]}. "in": {"any": [1]}}')
debug_merge_point(0, 0, '303<std_core_hnd.rpyeffect:2(Name(swapCurrentEvv))>+2: {"op": "PrimOp". "name": "getRef(Ref[Ptr]): Ptr". "out": {"any": [2]}. "in": {"any": [1]}}')
debug_merge_point(0, 0, '303<std_core_hnd.rpyeffect:2(Name(swapCurrentEvv))>+3: {"op": "PrimOp". "name": "setRef(Ref[Ptr]. Ptr): Unit". "out": {"any": [0]}. "in": {"any": [1. 0]}}')
debug_merge_point(0, 0, '303<std_core_hnd.rpyeffect:2(Name(swapCurrentEvv))>+4: {"op": "Copy". "type": "any". "from": 2. "to". 0}')
debug_merge_point(0, 0, '303<std_core_hnd.rpyeffect:2(Name(swapCurrentEvv))>+5: {"op": "Return". "args": {"any": [0]}}')
debug_merge_point(0, 0, '1132<std_core_hnd.rpyeffect:831([k@[mcore:[#1244]#2291]#2293])>+0: {"op": "Push". "target": 1131. "args": {"any": [1. 0]}}')
debug_merge_point(0, 0, '1132<std_core_hnd.rpyeffect:831([k@[mcore:[#1244]#2291]#2293])>+1: {"op": "Copy". "type": "any". "from": 3. "to". 0}')
debug_merge_point(0, 0, '1132<std_core_hnd.rpyeffect:831([k@[mcore:[#1244]#2291]#2293])>+2: {"op": "Invoke". "receiver": 2. "tag": Interned(apply). "args" : {"any": [0]}}')
debug_merge_point(0, 0, '4432<main.rpyeffect:99([method_apply@[k@[mcore:[#224]#267]#278]#282])>+0: {"op": "Jump". "target": 4429}')
debug_merge_point(0, 0, '4429<main.rpyeffect:96([mcore:[#217]#265])>+0: {"op": "PrimOp". "name": "setRef(Ref[Ptr]. Ptr): Unit". "out": {"any": [0]}. "in": {"any": [1. 0]}}')
+1017: setfield_gc(ConstPtr(ptr89), ConstPtr(ptr90), descr=<FieldP rpyeffect.region.Ref.inst_value 16>)
+1021: p92 = getfield_gc_r(ConstPtr(ptr91), descr=<FieldP rpyeffect.region.Ref.inst_value 16>)
debug_merge_point(0, 0, '4429<main.rpyeffect:96([mcore:[#217]#265])>+1: {"op": "Return". "args": {"any": [0]}}')
debug_merge_point(0, 0, '1131<std_core_hnd.rpyeffect:830([k@[k@[mcore:[#1244]#2291]#2293]#2295])>+0: {"op": "Const". "type": "ptr". "out": 3. "format": "bool". "value": "<BoolValue object at 0x10ff46b0>"}')
debug_merge_point(0, 0, '1131<std_core_hnd.rpyeffect:830([k@[k@[mcore:[#1244]#2291]#2293]#2295])>+1: {"op": "Swap". "type": "any". "a": 0. "b". 1}')
debug_merge_point(0, 0, '1131<std_core_hnd.rpyeffect:830([k@[k@[mcore:[#1244]#2291]#2293]#2295])>+2: {"op": "Swap". "type": "any". "a": 2. "b". 1}')
debug_merge_point(0, 0, '1131<std_core_hnd.rpyeffect:830([k@[k@[mcore:[#1244]#2291]#2293]#2295])>+3: {"op": "Switch". "scrutinee": 3. "values": [<BoolValue object at 0x10ff46a0>]. "targets": [1126]. "default": 1130}')
debug_merge_point(0, 0, '1130<std_core_hnd.rpyeffect:829([switch default case#2310])>+0: {"op": "Const". "type": "ptr". "out": 0. "format": "bool". "value": "<BoolValue object at 0x10ff46d0>"}')
debug_merge_point(0, 0, '1130<std_core_hnd.rpyeffect:829([switch default case#2310])>+1: {"op": "Swap". "type": "any". "a": 0. "b". 1}')
debug_merge_point(0, 0, '1130<std_core_hnd.rpyeffect:829([switch default case#2310])>+2: {"op": "Swap". "type": "any". "a": 2. "b". 1}')
debug_merge_point(0, 0, '1130<std_core_hnd.rpyeffect:829([switch default case#2310])>+3: {"op": "Switch". "scrutinee": 2. "values": [<BoolValue object at 0x10ff46c0>]. "targets": [1128]. "default": 1129}')
debug_merge_point(0, 0, '1128<std_core_hnd.rpyeffect:827([switch case for Bool(false)#2312])>+0: {"op": "Const". "type": "ptr". "out": 2. "format": "string". "value": "Name(import$std/core/hnd)"}')
debug_merge_point(0, 0, '1128<std_core_hnd.rpyeffect:827([switch case for Bool(false)#2312])>+1: {"op": "PrimOp". "name": "getGlobal(String): Ptr". "out": {"any": [2]}. "in": {"any": [2]}}')
debug_merge_point(0, 0, '1128<std_core_hnd.rpyeffect:827([switch case for Bool(false)#2312])>+2: {"op": "Push". "target": 1127. "args": {"any": [1]}}')
debug_merge_point(0, 0, '1128<std_core_hnd.rpyeffect:827([switch case for Bool(false)#2312])>+3: {"op": "Copy". "type": "any". "from": 2. "to". 1}')
debug_merge_point(0, 0, '1128<std_core_hnd.rpyeffect:827([switch case for Bool(false)#2312])>+4: {"op": "Jump". "target": 1123}')
debug_merge_point(0, 0, '1123<std_core_hnd.rpyeffect:822([mcore:[#1243]#2286])>+0: {"op": "Const". "type": "ptr". "out": 1. "format": "string". "value": "Name(import$std/core/hnd)"}')
debug_merge_point(0, 0, '1123<std_core_hnd.rpyeffect:822([mcore:[#1243]#2286])>+1: {"op": "PrimOp". "name": "getGlobal(String): Ptr". "out": {"any": [1]}. "in": {"any": [1]}}')
debug_merge_point(0, 0, '1123<std_core_hnd.rpyeffect:822([mcore:[#1243]#2286])>+2: {"op": "CallLib". "lib": "1". "symbol": "setCurrentEvv"}')
debug_merge_point(0, 0, '302<std_core_hnd.rpyeffect:1(Name(setCurrentEvv))>+0: {"op": "Const". "type": "ptr". "out": 1. "format": "string". "value": "current-evv"}')
debug_merge_point(0, 0, '302<std_core_hnd.rpyeffect:1(Name(setCurrentEvv))>+1: {"op": "PrimOp". "name": "getGlobal(String): Ptr". "out": {"any": [1]}. "in": {"any": [1]}}')
debug_merge_point(0, 0, '302<std_core_hnd.rpyeffect:1(Name(setCurrentEvv))>+2: {"op": "PrimOp". "name": "setRef(Ref[Ptr]. Ptr): Unit". "out": {"any": [0]}. "in": {"any": [1. 0]}}')
debug_merge_point(0, 0, '302<std_core_hnd.rpyeffect:1(Name(setCurrentEvv))>+3: {"op": "Return". "args": {"any": [0]}}')
debug_merge_point(0, 0, '1127<std_core_hnd.rpyeffect:826([k@[switch case for Bool(false)#2312]#2317])>+0: {"op": "Copy". "type": "any". "from": 1. "to". 0}')
debug_merge_point(0, 0, '1127<std_core_hnd.rpyeffect:826([k@[switch case for Bool(false)#2312]#2317])>+1: {"op": "Return". "args": {"any": [0]}}')
debug_merge_point(0, 0, '4397<main.rpyeffect:64([k@[#208]#210])>+0: {"op": "Const". "type": "ptr". "out": 0. "format": "string". "value": "Name(import$std/core/hnd)"}')
debug_merge_point(0, 0, '4397<main.rpyeffect:64([k@[#208]#210])>+1: {"op": "PrimOp". "name": "getGlobal(String): Ptr". "out": {"any": [0]}. "in": {"any": [0]}}')
debug_merge_point(0, 0, '4397<main.rpyeffect:64([k@[#208]#210])>+2: {"op": "Jump". "target": 4424}')
debug_merge_point(0, 0, '4424<main.rpyeffect:91([mcore:[#200]#167])>+0: {"op": "Const". "type": "ptr". "out": 0. "format": "int". "value": "<IntValue object at 0x1138b5d0>"}')
debug_merge_point(0, 0, '4424<main.rpyeffect:91([mcore:[#200]#167])>+1: {"op": "Const". "type": "ptr". "out": 1. "format": "string". "value": "Name(import$std/core/hnd)"}')
debug_merge_point(0, 0, '4424<main.rpyeffect:91([mcore:[#200]#167])>+2: {"op": "PrimOp". "name": "getGlobal(String): Ptr". "out": {"any": [1]}. "in": {"any": [1]}}')
debug_merge_point(0, 0, '4424<main.rpyeffect:91([mcore:[#200]#167])>+3: {"op": "Push". "target": 4423. "args": {"any": [0]}}')
+1036: setfield_gc(ConstPtr(ptr93), ConstPtr(ptr40), descr=<FieldP rpyeffect.region.Ref.inst_value 16>)
+1040: setfield_gc(p92, i88, descr=<FieldS rpyeffect.value.UnboxedIntValueRef.inst_value 8>)
+1044: jump(p0, p1, p2, p3, p4, p19, p21, p23, p25, p27, p29, p31, p33, p35, p37, descr=TargetToken(294027808))
+1056: --end of the loop--
[641c872753e5] jit-log-opt-loop}
[641cce7ece7b] {jit-summary
Tracing:      	1	0.004144
Backend:      	1	0.000290
TOTAL:      		0.605286
ops:             	9944
heapcached ops:  	1110
recorded ops:    	5570
  calls:         	4855
guards:          	281
opt ops:         	389
opt guards:      	18
opt guards shared:	11
forcings:        	0
abort: trace too long:	0
abort: compiling:	0
abort: vable escape:	0
abort: bad loop: 	0
abort: force quasi-immut:	0
abort: segmenting trace:	0
virtualizables forced:	0
nvirtuals:       	4
nvholes:         	0
nvreused:        	0
vecopt tried:    	0
vecopt success:  	0
Total # of loops:	1
Total # of bridges:	0
Freed # of loops:	0
Freed # of bridges:	0
[641cce7f347a] jit-summary}
