[6283c34e835f] {jit-log-opt-loop
# Loop 1 (4412<main.rpyeffect:79([mcore:[#149]#138])>+3: {"op": "Push", "target": 4411, "args": {"any": [0]}}) : loop with 221 ops
[p0, p1, p2, p3, p4]
+365: p5 = getfield_gc_r(p2, descr=<FieldP rpyeffect.environment.Environment.inst_values_ptr 16>)
+376: p7 = getarrayitem_gc_r(p5, 0, descr=<ArrayP 8>)
+380: p9 = getarrayitem_gc_r(p5, 1, descr=<ArrayP 8>)
+384: p11 = getarrayitem_gc_r(p5, 2, descr=<ArrayP 8>)
+388: p13 = getarrayitem_gc_r(p5, 3, descr=<ArrayP 8>)
+392: p15 = getarrayitem_gc_r(p5, 4, descr=<ArrayP 8>)
+396: p17 = getarrayitem_gc_r(p5, 5, descr=<ArrayP 8>)
+400: p19 = getarrayitem_gc_r(p5, 6, descr=<ArrayP 8>)
+404: p21 = getarrayitem_gc_r(p5, 7, descr=<ArrayP 8>)
+408: p23 = getarrayitem_gc_r(p5, 8, descr=<ArrayP 8>)
+412: p25 = getarrayitem_gc_r(p5, 9, descr=<ArrayP 8>)
+416: p27 = getarrayitem_gc_r(p5, 10, descr=<ArrayP 8>)
+420: p29 = getarrayitem_gc_r(p5, 11, descr=<ArrayP 8>)
+424: p31 = getarrayitem_gc_r(p5, 12, descr=<ArrayP 8>)
+435: p33 = getarrayitem_gc_r(p5, 13, descr=<ArrayP 8>)
+446: p35 = getarrayitem_gc_r(p5, 14, descr=<ArrayP 8>)
+460: p37 = getarrayitem_gc_r(p5, 15, descr=<ArrayP 8>)
+474: label(p0, p1, p2, p3, p4, p7, p9, p11, p13, p15, p17, p19, p21, p23, p25, p27, p29, p31, p33, p35, p37, descr=TargetToken(576265184))
debug_merge_point(0, 0, '4412<main.rpyeffect:79([mcore:[#149]#138])>+3: {"op": "Push". "target": 4411. "args": {"any": [0]}}')
+560: guard_not_invalidated(descr=<Guard0x2256d6a0>) [p2, p7, p9, p11, p13, p15, p17, p19, p21, p23, p25, p27, p29, p31, p33, p35, p37, p0, p1, p3, p4]
debug_merge_point(0, 0, '4412<main.rpyeffect:79([mcore:[#149]#138])>+4: {"op": "Copy". "type": "any". "from": 1. "to". 0}')
debug_merge_point(0, 0, '4412<main.rpyeffect:79([mcore:[#149]#138])>+5: {"op": "Jump". "target": 4380}')
+560: guard_nonnull(p1, descr=<Guard0x225c9c40>) [p2, p7, p9, p11, p13, p15, p17, p19, p21, p23, p25, p27, p29, p31, p33, p35, p37, p0, p1, p3, p4]
+574: i38 = getfield_gc_i(p1, descr=<FieldS rpyeffect.stored_environment.Stack__arb.inst_target 16 pure>)
+585: i40 = int_add(72269824, i38)
+592: guard_value(i40, 72270264, descr=<Guard0x225c9c70>) [p2, p7, p9, p11, p13, p15, p17, p19, p21, p23, p25, p27, p29, p31, p33, p35, p37, p0, p1, p3, p4]
debug_merge_point(0, 0, '4380<main.rpyeffect:47([mcore:[#125]#124])>+0: {"op": "Const". "type": "ptr". "out": 0. "format": "string". "value": "Name(import$std/core/hnd)"}')
debug_merge_point(0, 0, '4380<main.rpyeffect:47([mcore:[#125]#124])>+1: {"op": "PrimOp". "name": "getGlobal(String): Ptr". "out": {"any": [0]}. "in": {"any": [0]}}')
debug_merge_point(0, 0, '4380<main.rpyeffect:47([mcore:[#125]#124])>+2: {"op": "CallLib". "lib": "0". "symbol": "getCurrentEvv"}')
debug_merge_point(0, 0, '301<std_core_hnd.rpyeffect:0(Name(getCurrentEvv))>+0: {"op": "Const". "type": "ptr". "out": 0. "format": "string". "value": "current-evv"}')
debug_merge_point(0, 0, '301<std_core_hnd.rpyeffect:0(Name(getCurrentEvv))>+1: {"op": "PrimOp". "name": "getGlobal(String): Ptr". "out": {"any": [0]}. "in": {"any": [0]}}')
debug_merge_point(0, 0, '301<std_core_hnd.rpyeffect:0(Name(getCurrentEvv))>+2: {"op": "PrimOp". "name": "getRef(Ref[Ptr]): Ptr". "out": {"any": [0]}. "in": {"any": [0]}}')
+612: p43 = getfield_gc_r(ConstPtr(ptr42), descr=<FieldP rpyeffect.region.Ref.inst_value 16>)
+623: guard_value(p43, ConstPtr(ptr44), descr=<Guard0x2256d6e8>) [p2, p7, p9, p11, p13, p15, p17, p19, p21, p23, p25, p27, p29, p31, p33, p35, p37, p0, p1, p3, p4]
debug_merge_point(0, 0, '301<std_core_hnd.rpyeffect:0(Name(getCurrentEvv))>+3: {"op": "Return". "args": {"any": [0]}}')
debug_merge_point(0, 0, '4411<main.rpyeffect:78([k@[mcore:[#149]#138]#144])>+0: {"op": "PrimOp". "name": "promote_ptr". "out": {"any": [0]}. "in": {"any": [0]}}')
+632: i46 = instance_ptr_eq(ConstPtr(ptr45), p43)
+635: guard_true(i46, descr=<Guard0x225c9ca0>) [p2, p7, p9, p11, p13, p15, p17, p19, p21, p23, p25, p27, p29, p31, p33, p35, p37, p0, p1, p3, p4]
debug_merge_point(0, 0, '4411<main.rpyeffect:78([k@[mcore:[#149]#138]#144])>+1: {"op": "Const". "type": "ptr". "out": 2. "format": "string". "value": "Name(import$std/core/hnd)"}')
debug_merge_point(0, 0, '4411<main.rpyeffect:78([k@[mcore:[#149]#138]#144])>+2: {"op": "PrimOp". "name": "getGlobal(String): Ptr". "out": {"any": [2]}. "in": {"any": [2]}}')
+641: p47 = getfield_gc_r(p1, descr=<FieldP rpyeffect.stored_environment.Stack__arb.inst_tail 8 pure>)
+645: guard_isnull(p47, descr=<Guard0x225c9cd0>) [p2, p7, p9, p11, p13, p15, p17, p19, p21, p23, p25, p27, p29, p31, p33, p35, p37, p0, p1, p3, p4]
debug_merge_point(0, 0, '4411<main.rpyeffect:78([k@[mcore:[#149]#138]#144])>+3: {"op": "Push". "target": 4410. "args": {"any": []}}')
debug_merge_point(0, 0, '4411<main.rpyeffect:78([k@[mcore:[#149]#138]#144])>+4: {"op": "Jump". "target": 4379}')
debug_merge_point(0, 0, '4379<main.rpyeffect:46([mcore:[#124]#118])>+0: {"op": "Const". "type": "ptr". "out": 2. "format": "string". "value": "Name(import$std/core/hnd)"}')
debug_merge_point(0, 0, '4379<main.rpyeffect:46([mcore:[#124]#118])>+1: {"op": "PrimOp". "name": "getGlobal(String): Ptr". "out": {"any": [2]}. "in": {"any": [2]}}')
debug_merge_point(0, 0, '4379<main.rpyeffect:46([mcore:[#124]#118])>+2: {"op": "CallLib". "lib": "2". "symbol": "elt"}')
debug_merge_point(0, 0, '341<std_core_hnd.rpyeffect:40(Name(elt))>+0: {"op": "Switch". "scrutinee": 1. "values": [<IntValue object at 0x7fba1dd33e20>]. "targets": [339]. "default": 340}')
+654: guard_nonnull_class(p7, ConstClass(IntValue), descr=<Guard0x2256d730>) [p2, p7, p9, p11, p13, p15, p17, p19, p21, p23, p25, p27, p29, p31, p33, p35, p37, p0, p1, p3, p4]
+672: i49 = getfield_gc_i(p7, descr=<FieldS rpyeffect.value.IntValue.inst_value 8 pure>)
+676: i51 = int_eq(i49, 0)
+680: guard_true(i51, descr=<Guard0x225c9d00>) [p2, p7, p9, p11, p13, p15, p17, p19, p21, p23, p25, p27, p29, p31, p33, p35, p37, p0, p1, p3, p4]
debug_merge_point(0, 0, '339<std_core_hnd.rpyeffect:38([switch case for Int(0)#100])>+0: {"op": "Proj". "out": 0. "type": Interned(evv). "scrutinee": 0. "tag": Interned(cons). "field": 0. "field_type": "any"}')
+686: p53 = getfield_gc_r(ConstPtr(ptr52), descr=<FieldP rpyeffect.data.Data.inst_tag 8>)
+697: guard_value(p53, ConstPtr(ptr54), descr=<Guard0x225c9d30>) [p2, p7, p9, p11, p13, p15, p17, p19, p21, p23, p25, p27, p29, p31, p33, p35, p37, p0, p1, p3, p4]
debug_merge_point(0, 0, '339<std_core_hnd.rpyeffect:38([switch case for Int(0)#100])>+1: {"op": "Return". "args": {"any": [0]}}')
debug_merge_point(0, 0, '4410<main.rpyeffect:77([k@[k@[mcore:[#149]#138]#144]#152])>+0: {"op": "Push". "target": 4400. "args": {"any": []}}')
debug_merge_point(0, 0, '4410<main.rpyeffect:77([k@[k@[mcore:[#149]#138]#144]#152])>+1: {"op": "Match". "type": Interned(std/core/hnd/ev). "scrutinee": 0. "clauses": [{"tag": Interned(std/core/hnd/Ev). "target": 4409. "args": {"any": [1. 2. 3. 4]}}]. "default": {"tag": Interned(3b07f664-83ca-4320-942b-fa1d0015aacc#[Missing Tag#617]). "target": 4401. "args": {"any": []}}}')
+713: p56 = getfield_gc_r(ConstPtr(ptr55), descr=<FieldP rpyeffect.data.Data.inst_tag 8>)
+724: guard_value(p56, ConstPtr(ptr57), descr=<Guard0x225c9d60>) [p2, p7, p9, p11, p13, p15, p17, p19, p21, p23, p25, p27, p29, p31, p33, p35, p37, p0, p1, p3, p4]
debug_merge_point(0, 0, '4409<main.rpyeffect:76([#205])>+0: {"op": "Copy". "type": "any". "from": 0. "to". 1}')
debug_merge_point(0, 0, '4409<main.rpyeffect:76([#205])>+1: {"op": "Copy". "type": "any". "from": 2. "to". 0}')
debug_merge_point(0, 0, '4409<main.rpyeffect:76([#205])>+2: {"op": "Match". "type": Interned(main/state). "scrutinee": 3. "clauses": [{"tag": Interned(main/@Hnd-state). "target": 4408. "args": {"any": [2. 3. 4]}}]. "default": {"tag": Interned(3b07f664-83ca-4320-942b-fa1d0015aacc#[Missing Tag#616]). "target": 4403. "args": {"any": []}}}')
+740: p59 = getfield_gc_r(ConstPtr(ptr58), descr=<FieldP rpyeffect.data.Data.inst_tag 8>)
+751: guard_value(p59, ConstPtr(ptr60), descr=<Guard0x225c9d90>) [p2, p7, p9, p11, p13, p15, p17, p19, p21, p23, p25, p27, p29, p31, p33, p35, p37, p0, p1, p3, p4]
debug_merge_point(0, 0, '4408<main.rpyeffect:75([match_main/@Hnd-state@[#205]#210])>+0: {"op": "Match". "type": Interned(std/core/hnd/clause0). "scrutinee": 3. "clauses": [{"tag": Interned(std/core/hnd/Clause0). "target": 4407. "args": {"any": [2]}}]. "default": {"tag": Interned(3b07f664-83ca-4320-942b-fa1d0015aacc#[Missing Tag#615]). "target": 4405. "args": {"any": []}}}')
+767: p62 = getfield_gc_r(ConstPtr(ptr61), descr=<FieldP rpyeffect.data.Data.inst_tag 8>)
+778: guard_value(p62, ConstPtr(ptr63), descr=<Guard0x225c9dc0>) [p2, p7, p9, p11, p13, p15, p17, p19, p21, p23, p25, p27, p29, p31, p33, p35, p37, p0, p1, p3, p4]
debug_merge_point(0, 0, '4407<main.rpyeffect:74([#215])>+0: {"op": "Invoke". "receiver": 2. "tag": Interned(apply). "args" : {"any": [0. 1]}}')
debug_merge_point(0, 0, '4419<main.rpyeffect:86([method_apply@[mcore:[#173]#238]#244])>+0: {"op": "Jump". "target": 4415}')
debug_merge_point(0, 0, '4415<main.rpyeffect:82([mcore:[#159]#230])>+0: {"op": "PrimOp". "name": "getRef(Ref[Ptr]): Ptr". "out": {"any": [0]}. "in": {"any": [2]}}')
+794: p65 = getfield_gc_r(ConstPtr(ptr64), descr=<FieldP rpyeffect.region.Ref.inst_value 16>)
+798: i66 = getfield_gc_i(p65, descr=<FieldS rpyeffect.value.UnboxedIntValueRef.inst_value 8>)
debug_merge_point(0, 0, '4415<main.rpyeffect:82([mcore:[#159]#230])>+1: {"op": "Return". "args": {"any": [0]}}')
debug_merge_point(0, 0, '4400<main.rpyeffect:67([k@[k@[k@[mcore:[#149]#138]#144]#152]#154])>+0: {"op": "Const". "type": "ptr". "out": 1. "format": "int". "value": "<IntValue object at 0x22244d30>"}')
debug_merge_point(0, 0, '4400<main.rpyeffect:67([k@[k@[k@[mcore:[#149]#138]#144]#152]#154])>+1: {"op": "PrimOp". "name": "infixEq(Int. Int): Boolean". "out": {"any": [1]}. "in": {"any": [0. 1]}}')
+803: i68 = int_eq(i66, 0)
debug_merge_point(0, 0, '4400<main.rpyeffect:67([k@[k@[k@[mcore:[#149]#138]#144]#152]#154])>+2: {"op": "Switch". "scrutinee": 1. "values": [<BoolValue object at 0x22244d00>]. "targets": [4383]. "default": 4399}')
+807: guard_false(i68, descr=<Guard0x225c9df0>) [p2, p7, p9, p11, p13, p15, p17, p19, p21, p23, p25, p27, p29, p31, p33, p35, p37, p0, p1, p3, p4]
debug_merge_point(0, 0, '4399<main.rpyeffect:66([switch default case#159])>+0: {"op": "Const". "type": "ptr". "out": 1. "format": "int". "value": "<IntValue object at 0x22244d70>"}')
debug_merge_point(0, 0, '4399<main.rpyeffect:66([switch default case#159])>+1: {"op": "PrimOp". "name": "infixEq(Int. Int): Boolean". "out": {"any": [1]}. "in": {"any": [0. 1]}}')
debug_merge_point(0, 0, '4399<main.rpyeffect:66([switch default case#159])>+2: {"op": "Switch". "scrutinee": 1. "values": [<BoolValue object at 0x22244d40>]. "targets": [4397]. "default": 4398}')
debug_merge_point(0, 0, '4397<main.rpyeffect:64([switch case for Bool(false)#163])>+0: {"op": "Const". "type": "ptr". "out": 1. "format": "int". "value": "<IntValue object at 0x22244e50>"}')
debug_merge_point(0, 0, '4397<main.rpyeffect:64([switch case for Bool(false)#163])>+1: {"op": "PrimOp". "name": "infixSub(Int. Int): Int". "out": {"any": [0]}. "in": {"any": [0. 1]}}')
+813: i70 = int_sub(i66, 1)
debug_merge_point(0, 0, '4397<main.rpyeffect:64([switch case for Bool(false)#163])>+2: {"op": "Const". "type": "ptr". "out": 1. "format": "int". "value": "<IntValue object at 0x22244e20>"}')
debug_merge_point(0, 0, '4397<main.rpyeffect:64([switch case for Bool(false)#163])>+3: {"op": "Const". "type": "ptr". "out": 2. "format": "string". "value": "Name(import$std/core/hnd)"}')
debug_merge_point(0, 0, '4397<main.rpyeffect:64([switch case for Bool(false)#163])>+4: {"op": "PrimOp". "name": "getGlobal(String): Ptr". "out": {"any": [2]}. "in": {"any": [2]}}')
debug_merge_point(0, 0, '4397<main.rpyeffect:64([switch case for Bool(false)#163])>+5: {"op": "Push". "target": 4396. "args": {"any": [1. 0]}}')
debug_merge_point(0, 0, '4397<main.rpyeffect:64([switch case for Bool(false)#163])>+6: {"op": "Copy". "type": "any". "from": 2. "to". 0}')
debug_merge_point(0, 0, '4397<main.rpyeffect:64([switch case for Bool(false)#163])>+7: {"op": "Jump". "target": 4382}')
debug_merge_point(0, 0, '4382<main.rpyeffect:49([mcore:[#139]#134])>+0: {"op": "Const". "type": "ptr". "out": 0. "format": "string". "value": "Name(import$std/core/hnd)"}')
debug_merge_point(0, 0, '4382<main.rpyeffect:49([mcore:[#139]#134])>+1: {"op": "PrimOp". "name": "getGlobal(String): Ptr". "out": {"any": [0]}. "in": {"any": [0]}}')
debug_merge_point(0, 0, '4382<main.rpyeffect:49([mcore:[#139]#134])>+2: {"op": "CallLib". "lib": "0". "symbol": "getCurrentEvv"}')
debug_merge_point(0, 0, '301<std_core_hnd.rpyeffect:0(Name(getCurrentEvv))>+0: {"op": "Const". "type": "ptr". "out": 0. "format": "string". "value": "current-evv"}')
debug_merge_point(0, 0, '301<std_core_hnd.rpyeffect:0(Name(getCurrentEvv))>+1: {"op": "PrimOp". "name": "getGlobal(String): Ptr". "out": {"any": [0]}. "in": {"any": [0]}}')
debug_merge_point(0, 0, '301<std_core_hnd.rpyeffect:0(Name(getCurrentEvv))>+2: {"op": "PrimOp". "name": "getRef(Ref[Ptr]): Ptr". "out": {"any": [0]}. "in": {"any": [0]}}')
debug_merge_point(0, 0, '301<std_core_hnd.rpyeffect:0(Name(getCurrentEvv))>+3: {"op": "Return". "args": {"any": [0]}}')
debug_merge_point(0, 0, '4396<main.rpyeffect:63([k@[switch case for Bool(false)#163]#171])>+0: {"op": "PrimOp". "name": "promote_ptr". "out": {"any": [0]}. "in": {"any": [0]}}')
debug_merge_point(0, 0, '4396<main.rpyeffect:63([k@[switch case for Bool(false)#163]#171])>+1: {"op": "Const". "type": "ptr". "out": 3. "format": "string". "value": "Name(import$std/core/hnd)"}')
debug_merge_point(0, 0, '4396<main.rpyeffect:63([k@[switch case for Bool(false)#163]#171])>+2: {"op": "PrimOp". "name": "getGlobal(String): Ptr". "out": {"any": [3]}. "in": {"any": [3]}}')
debug_merge_point(0, 0, '4396<main.rpyeffect:63([k@[switch case for Bool(false)#163]#171])>+3: {"op": "Push". "target": 4395. "args": {"any": [2]}}')
debug_merge_point(0, 0, '4396<main.rpyeffect:63([k@[switch case for Bool(false)#163]#171])>+4: {"op": "Copy". "type": "any". "from": 3. "to". 2}')
debug_merge_point(0, 0, '4396<main.rpyeffect:63([k@[switch case for Bool(false)#163]#171])>+5: {"op": "Jump". "target": 4381}')
debug_merge_point(0, 0, '4381<main.rpyeffect:48([mcore:[#138]#128])>+0: {"op": "Const". "type": "ptr". "out": 2. "format": "string". "value": "Name(import$std/core/hnd)"}')
debug_merge_point(0, 0, '4381<main.rpyeffect:48([mcore:[#138]#128])>+1: {"op": "PrimOp". "name": "getGlobal(String): Ptr". "out": {"any": [2]}. "in": {"any": [2]}}')
debug_merge_point(0, 0, '4381<main.rpyeffect:48([mcore:[#138]#128])>+2: {"op": "CallLib". "lib": "2". "symbol": "elt"}')
debug_merge_point(0, 0, '341<std_core_hnd.rpyeffect:40(Name(elt))>+0: {"op": "Switch". "scrutinee": 1. "values": [<IntValue object at 0x7fba1dd33e20>]. "targets": [339]. "default": 340}')
debug_merge_point(0, 0, '339<std_core_hnd.rpyeffect:38([switch case for Int(0)#100])>+0: {"op": "Proj". "out": 0. "type": Interned(evv). "scrutinee": 0. "tag": Interned(cons). "field": 0. "field_type": "any"}')
debug_merge_point(0, 0, '339<std_core_hnd.rpyeffect:38([switch case for Int(0)#100])>+1: {"op": "Return". "args": {"any": [0]}}')
debug_merge_point(0, 0, '4395<main.rpyeffect:62([#179])>+0: {"op": "Push". "target": 4385. "args": {"any": []}}')
debug_merge_point(0, 0, '4395<main.rpyeffect:62([#179])>+1: {"op": "Match". "type": Interned(std/core/hnd/ev). "scrutinee": 0. "clauses": [{"tag": Interned(std/core/hnd/Ev). "target": 4394. "args": {"any": [2. 3. 4. 5]}}]. "default": {"tag": Interned(3b07f664-83ca-4320-942b-fa1d0015aacc#[Missing Tag#614]). "target": 4386. "args": {"any": []}}}')
debug_merge_point(0, 0, '4394<main.rpyeffect:61([match_std/core/hnd/Ev@[#179]#189])>+0: {"op": "Copy". "type": "any". "from": 1. "to". 2}')
debug_merge_point(0, 0, '4394<main.rpyeffect:61([match_std/core/hnd/Ev@[#179]#189])>+1: {"op": "Copy". "type": "any". "from": 0. "to". 1}')
debug_merge_point(0, 0, '4394<main.rpyeffect:61([match_std/core/hnd/Ev@[#179]#189])>+2: {"op": "Copy". "type": "any". "from": 3. "to". 0}')
debug_merge_point(0, 0, '4394<main.rpyeffect:61([match_std/core/hnd/Ev@[#179]#189])>+3: {"op": "Match". "type": Interned(main/state). "scrutinee": 4. "clauses": [{"tag": Interned(main/@Hnd-state). "target": 4393. "args": {"any": [3. 4. 5]}}]. "default": {"tag": Interned(3b07f664-83ca-4320-942b-fa1d0015aacc#[Missing Tag#613]). "target": 4388. "args": {"any": []}}}')
debug_merge_point(0, 0, '4393<main.rpyeffect:60([#194])>+0: {"op": "Match". "type": Interned(std/core/hnd/clause1). "scrutinee": 5. "clauses": [{"tag": Interned(std/core/hnd/Clause1). "target": 4392. "args": {"any": [3]}}]. "default": {"tag": Interned(3b07f664-83ca-4320-942b-fa1d0015aacc#[Missing Tag#612]). "target": 4390. "args": {"any": []}}}')
+824: p72 = getfield_gc_r(ConstPtr(ptr71), descr=<FieldP rpyeffect.data.Data.inst_tag 8>)
+835: guard_value(p72, ConstPtr(ptr73), descr=<Guard0x225c9e20>) [p2, p7, p9, p11, p13, p15, p17, p19, p21, p23, p25, p27, p29, p31, p33, p35, p37, p0, p1, p3, p4]
debug_merge_point(0, 0, '4392<main.rpyeffect:59([match_std/core/hnd/Clause1@[#194]#199])>+0: {"op": "Invoke". "receiver": 3. "tag": Interned(apply). "args" : {"any": [0. 1. 2]}}')
debug_merge_point(0, 0, '4420<main.rpyeffect:87([method_apply@[k@[mcore:[#173]#238]#251]#257])>+0: {"op": "Jump". "target": 4417}')
debug_merge_point(0, 0, '4417<main.rpyeffect:84([mcore:[#166]#236])>+0: {"op": "PrimOp". "name": "setRef(Ref[Ptr]. Ptr): Unit". "out": {"any": [0]}. "in": {"any": [3. 2]}}')
debug_merge_point(0, 0, '4417<main.rpyeffect:84([mcore:[#166]#236])>+1: {"op": "Return". "args": {"any": [0]}}')
debug_merge_point(0, 0, '4385<main.rpyeffect:52([k@[#179]#181])>+0: {"op": "Const". "type": "ptr". "out": 0. "format": "string". "value": "Name(import$std/core/hnd)"}')
debug_merge_point(0, 0, '4385<main.rpyeffect:52([k@[#179]#181])>+1: {"op": "PrimOp". "name": "getGlobal(String): Ptr". "out": {"any": [0]}. "in": {"any": [0]}}')
debug_merge_point(0, 0, '4385<main.rpyeffect:52([k@[#179]#181])>+2: {"op": "Jump". "target": 4412}')
debug_merge_point(0, 0, '4412<main.rpyeffect:79([mcore:[#149]#138])>+0: {"op": "Const". "type": "ptr". "out": 0. "format": "int". "value": "<IntValue object at 0x22245450>"}')
debug_merge_point(0, 0, '4412<main.rpyeffect:79([mcore:[#149]#138])>+1: {"op": "Const". "type": "ptr". "out": 1. "format": "string". "value": "Name(import$std/core/hnd)"}')
debug_merge_point(0, 0, '4412<main.rpyeffect:79([mcore:[#149]#138])>+2: {"op": "PrimOp". "name": "getGlobal(String): Ptr". "out": {"any": [1]}. "in": {"any": [1]}}')
debug_merge_point(0, 0, '4412<main.rpyeffect:79([mcore:[#149]#138])>+3: {"op": "Push". "target": 4411. "args": {"any": [0]}}')
+844: setfield_gc(p65, i70, descr=<FieldS rpyeffect.value.UnboxedIntValueRef.inst_value 8>)
+849: i74 = same_as_i(i70)
+852: label(p0, p1, p2, p3, p4, i70, p19, p21, p23, p25, p27, p29, p31, p33, p35, p37, p65, i74, descr=TargetToken(576265248))
debug_merge_point(0, 0, '4412<main.rpyeffect:79([mcore:[#149]#138])>+3: {"op": "Push". "target": 4411. "args": {"any": [0]}}')
+864: guard_not_invalidated(descr=<Guard0x2256d778>) [p2, p19, p21, p23, p25, p27, p29, p31, p33, p35, p37, p0, p1, p3, p4, i70]
debug_merge_point(0, 0, '4412<main.rpyeffect:79([mcore:[#149]#138])>+4: {"op": "Copy". "type": "any". "from": 1. "to". 0}')
debug_merge_point(0, 0, '4412<main.rpyeffect:79([mcore:[#149]#138])>+5: {"op": "Jump". "target": 4380}')
debug_merge_point(0, 0, '4380<main.rpyeffect:47([mcore:[#125]#124])>+0: {"op": "Const". "type": "ptr". "out": 0. "format": "string". "value": "Name(import$std/core/hnd)"}')
debug_merge_point(0, 0, '4380<main.rpyeffect:47([mcore:[#125]#124])>+1: {"op": "PrimOp". "name": "getGlobal(String): Ptr". "out": {"any": [0]}. "in": {"any": [0]}}')
debug_merge_point(0, 0, '4380<main.rpyeffect:47([mcore:[#125]#124])>+2: {"op": "CallLib". "lib": "0". "symbol": "getCurrentEvv"}')
debug_merge_point(0, 0, '301<std_core_hnd.rpyeffect:0(Name(getCurrentEvv))>+0: {"op": "Const". "type": "ptr". "out": 0. "format": "string". "value": "current-evv"}')
debug_merge_point(0, 0, '301<std_core_hnd.rpyeffect:0(Name(getCurrentEvv))>+1: {"op": "PrimOp". "name": "getGlobal(String): Ptr". "out": {"any": [0]}. "in": {"any": [0]}}')
debug_merge_point(0, 0, '301<std_core_hnd.rpyeffect:0(Name(getCurrentEvv))>+2: {"op": "PrimOp". "name": "getRef(Ref[Ptr]): Ptr". "out": {"any": [0]}. "in": {"any": [0]}}')
debug_merge_point(0, 0, '301<std_core_hnd.rpyeffect:0(Name(getCurrentEvv))>+3: {"op": "Return". "args": {"any": [0]}}')
debug_merge_point(0, 0, '4411<main.rpyeffect:78([k@[mcore:[#149]#138]#144])>+0: {"op": "PrimOp". "name": "promote_ptr". "out": {"any": [0]}. "in": {"any": [0]}}')
debug_merge_point(0, 0, '4411<main.rpyeffect:78([k@[mcore:[#149]#138]#144])>+1: {"op": "Const". "type": "ptr". "out": 2. "format": "string". "value": "Name(import$std/core/hnd)"}')
debug_merge_point(0, 0, '4411<main.rpyeffect:78([k@[mcore:[#149]#138]#144])>+2: {"op": "PrimOp". "name": "getGlobal(String): Ptr". "out": {"any": [2]}. "in": {"any": [2]}}')
debug_merge_point(0, 0, '4411<main.rpyeffect:78([k@[mcore:[#149]#138]#144])>+3: {"op": "Push". "target": 4410. "args": {"any": []}}')
debug_merge_point(0, 0, '4411<main.rpyeffect:78([k@[mcore:[#149]#138]#144])>+4: {"op": "Jump". "target": 4379}')
debug_merge_point(0, 0, '4379<main.rpyeffect:46([mcore:[#124]#118])>+0: {"op": "Const". "type": "ptr". "out": 2. "format": "string". "value": "Name(import$std/core/hnd)"}')
debug_merge_point(0, 0, '4379<main.rpyeffect:46([mcore:[#124]#118])>+1: {"op": "PrimOp". "name": "getGlobal(String): Ptr". "out": {"any": [2]}. "in": {"any": [2]}}')
debug_merge_point(0, 0, '4379<main.rpyeffect:46([mcore:[#124]#118])>+2: {"op": "CallLib". "lib": "2". "symbol": "elt"}')
debug_merge_point(0, 0, '341<std_core_hnd.rpyeffect:40(Name(elt))>+0: {"op": "Switch". "scrutinee": 1. "values": [<IntValue object at 0x7fba1dd33e20>]. "targets": [339]. "default": 340}')
debug_merge_point(0, 0, '339<std_core_hnd.rpyeffect:38([switch case for Int(0)#100])>+0: {"op": "Proj". "out": 0. "type": Interned(evv). "scrutinee": 0. "tag": Interned(cons). "field": 0. "field_type": "any"}')
debug_merge_point(0, 0, '339<std_core_hnd.rpyeffect:38([switch case for Int(0)#100])>+1: {"op": "Return". "args": {"any": [0]}}')
debug_merge_point(0, 0, '4410<main.rpyeffect:77([k@[k@[mcore:[#149]#138]#144]#152])>+0: {"op": "Push". "target": 4400. "args": {"any": []}}')
debug_merge_point(0, 0, '4410<main.rpyeffect:77([k@[k@[mcore:[#149]#138]#144]#152])>+1: {"op": "Match". "type": Interned(std/core/hnd/ev). "scrutinee": 0. "clauses": [{"tag": Interned(std/core/hnd/Ev). "target": 4409. "args": {"any": [1. 2. 3. 4]}}]. "default": {"tag": Interned(3b07f664-83ca-4320-942b-fa1d0015aacc#[Missing Tag#617]). "target": 4401. "args": {"any": []}}}')
debug_merge_point(0, 0, '4409<main.rpyeffect:76([#205])>+0: {"op": "Copy". "type": "any". "from": 0. "to". 1}')
debug_merge_point(0, 0, '4409<main.rpyeffect:76([#205])>+1: {"op": "Copy". "type": "any". "from": 2. "to". 0}')
debug_merge_point(0, 0, '4409<main.rpyeffect:76([#205])>+2: {"op": "Match". "type": Interned(main/state). "scrutinee": 3. "clauses": [{"tag": Interned(main/@Hnd-state). "target": 4408. "args": {"any": [2. 3. 4]}}]. "default": {"tag": Interned(3b07f664-83ca-4320-942b-fa1d0015aacc#[Missing Tag#616]). "target": 4403. "args": {"any": []}}}')
debug_merge_point(0, 0, '4408<main.rpyeffect:75([match_main/@Hnd-state@[#205]#210])>+0: {"op": "Match". "type": Interned(std/core/hnd/clause0). "scrutinee": 3. "clauses": [{"tag": Interned(std/core/hnd/Clause0). "target": 4407. "args": {"any": [2]}}]. "default": {"tag": Interned(3b07f664-83ca-4320-942b-fa1d0015aacc#[Missing Tag#615]). "target": 4405. "args": {"any": []}}}')
debug_merge_point(0, 0, '4407<main.rpyeffect:74([#215])>+0: {"op": "Invoke". "receiver": 2. "tag": Interned(apply). "args" : {"any": [0. 1]}}')
debug_merge_point(0, 0, '4419<main.rpyeffect:86([method_apply@[mcore:[#173]#238]#244])>+0: {"op": "Jump". "target": 4415}')
debug_merge_point(0, 0, '4415<main.rpyeffect:82([mcore:[#159]#230])>+0: {"op": "PrimOp". "name": "getRef(Ref[Ptr]): Ptr". "out": {"any": [0]}. "in": {"any": [2]}}')
debug_merge_point(0, 0, '4415<main.rpyeffect:82([mcore:[#159]#230])>+1: {"op": "Return". "args": {"any": [0]}}')
debug_merge_point(0, 0, '4400<main.rpyeffect:67([k@[k@[k@[mcore:[#149]#138]#144]#152]#154])>+0: {"op": "Const". "type": "ptr". "out": 1. "format": "int". "value": "<IntValue object at 0x22244d30>"}')
debug_merge_point(0, 0, '4400<main.rpyeffect:67([k@[k@[k@[mcore:[#149]#138]#144]#152]#154])>+1: {"op": "PrimOp". "name": "infixEq(Int. Int): Boolean". "out": {"any": [1]}. "in": {"any": [0. 1]}}')
+864: i76 = int_eq(i74, 0)
debug_merge_point(0, 0, '4400<main.rpyeffect:67([k@[k@[k@[mcore:[#149]#138]#144]#152]#154])>+2: {"op": "Switch". "scrutinee": 1. "values": [<BoolValue object at 0x22244d00>]. "targets": [4383]. "default": 4399}')
+868: guard_false(i76, descr=<Guard0x225c9e50>) [p2, p19, p21, p23, p25, p27, p29, p31, p33, p35, p37, p0, p1, p3, p4, i70]
debug_merge_point(0, 0, '4399<main.rpyeffect:66([switch default case#159])>+0: {"op": "Const". "type": "ptr". "out": 1. "format": "int". "value": "<IntValue object at 0x22244d70>"}')
debug_merge_point(0, 0, '4399<main.rpyeffect:66([switch default case#159])>+1: {"op": "PrimOp". "name": "infixEq(Int. Int): Boolean". "out": {"any": [1]}. "in": {"any": [0. 1]}}')
debug_merge_point(0, 0, '4399<main.rpyeffect:66([switch default case#159])>+2: {"op": "Switch". "scrutinee": 1. "values": [<BoolValue object at 0x22244d40>]. "targets": [4397]. "default": 4398}')
debug_merge_point(0, 0, '4397<main.rpyeffect:64([switch case for Bool(false)#163])>+0: {"op": "Const". "type": "ptr". "out": 1. "format": "int". "value": "<IntValue object at 0x22244e50>"}')
debug_merge_point(0, 0, '4397<main.rpyeffect:64([switch case for Bool(false)#163])>+1: {"op": "PrimOp". "name": "infixSub(Int. Int): Int". "out": {"any": [0]}. "in": {"any": [0. 1]}}')
+874: i78 = int_sub(i74, 1)
debug_merge_point(0, 0, '4397<main.rpyeffect:64([switch case for Bool(false)#163])>+2: {"op": "Const". "type": "ptr". "out": 1. "format": "int". "value": "<IntValue object at 0x22244e20>"}')
debug_merge_point(0, 0, '4397<main.rpyeffect:64([switch case for Bool(false)#163])>+3: {"op": "Const". "type": "ptr". "out": 2. "format": "string". "value": "Name(import$std/core/hnd)"}')
debug_merge_point(0, 0, '4397<main.rpyeffect:64([switch case for Bool(false)#163])>+4: {"op": "PrimOp". "name": "getGlobal(String): Ptr". "out": {"any": [2]}. "in": {"any": [2]}}')
debug_merge_point(0, 0, '4397<main.rpyeffect:64([switch case for Bool(false)#163])>+5: {"op": "Push". "target": 4396. "args": {"any": [1. 0]}}')
debug_merge_point(0, 0, '4397<main.rpyeffect:64([switch case for Bool(false)#163])>+6: {"op": "Copy". "type": "any". "from": 2. "to". 0}')
debug_merge_point(0, 0, '4397<main.rpyeffect:64([switch case for Bool(false)#163])>+7: {"op": "Jump". "target": 4382}')
debug_merge_point(0, 0, '4382<main.rpyeffect:49([mcore:[#139]#134])>+0: {"op": "Const". "type": "ptr". "out": 0. "format": "string". "value": "Name(import$std/core/hnd)"}')
debug_merge_point(0, 0, '4382<main.rpyeffect:49([mcore:[#139]#134])>+1: {"op": "PrimOp". "name": "getGlobal(String): Ptr". "out": {"any": [0]}. "in": {"any": [0]}}')
debug_merge_point(0, 0, '4382<main.rpyeffect:49([mcore:[#139]#134])>+2: {"op": "CallLib". "lib": "0". "symbol": "getCurrentEvv"}')
debug_merge_point(0, 0, '301<std_core_hnd.rpyeffect:0(Name(getCurrentEvv))>+0: {"op": "Const". "type": "ptr". "out": 0. "format": "string". "value": "current-evv"}')
debug_merge_point(0, 0, '301<std_core_hnd.rpyeffect:0(Name(getCurrentEvv))>+1: {"op": "PrimOp". "name": "getGlobal(String): Ptr". "out": {"any": [0]}. "in": {"any": [0]}}')
debug_merge_point(0, 0, '301<std_core_hnd.rpyeffect:0(Name(getCurrentEvv))>+2: {"op": "PrimOp". "name": "getRef(Ref[Ptr]): Ptr". "out": {"any": [0]}. "in": {"any": [0]}}')
debug_merge_point(0, 0, '301<std_core_hnd.rpyeffect:0(Name(getCurrentEvv))>+3: {"op": "Return". "args": {"any": [0]}}')
debug_merge_point(0, 0, '4396<main.rpyeffect:63([k@[switch case for Bool(false)#163]#171])>+0: {"op": "PrimOp". "name": "promote_ptr". "out": {"any": [0]}. "in": {"any": [0]}}')
debug_merge_point(0, 0, '4396<main.rpyeffect:63([k@[switch case for Bool(false)#163]#171])>+1: {"op": "Const". "type": "ptr". "out": 3. "format": "string". "value": "Name(import$std/core/hnd)"}')
debug_merge_point(0, 0, '4396<main.rpyeffect:63([k@[switch case for Bool(false)#163]#171])>+2: {"op": "PrimOp". "name": "getGlobal(String): Ptr". "out": {"any": [3]}. "in": {"any": [3]}}')
debug_merge_point(0, 0, '4396<main.rpyeffect:63([k@[switch case for Bool(false)#163]#171])>+3: {"op": "Push". "target": 4395. "args": {"any": [2]}}')
debug_merge_point(0, 0, '4396<main.rpyeffect:63([k@[switch case for Bool(false)#163]#171])>+4: {"op": "Copy". "type": "any". "from": 3. "to". 2}')
debug_merge_point(0, 0, '4396<main.rpyeffect:63([k@[switch case for Bool(false)#163]#171])>+5: {"op": "Jump". "target": 4381}')
debug_merge_point(0, 0, '4381<main.rpyeffect:48([mcore:[#138]#128])>+0: {"op": "Const". "type": "ptr". "out": 2. "format": "string". "value": "Name(import$std/core/hnd)"}')
debug_merge_point(0, 0, '4381<main.rpyeffect:48([mcore:[#138]#128])>+1: {"op": "PrimOp". "name": "getGlobal(String): Ptr". "out": {"any": [2]}. "in": {"any": [2]}}')
debug_merge_point(0, 0, '4381<main.rpyeffect:48([mcore:[#138]#128])>+2: {"op": "CallLib". "lib": "2". "symbol": "elt"}')
debug_merge_point(0, 0, '341<std_core_hnd.rpyeffect:40(Name(elt))>+0: {"op": "Switch". "scrutinee": 1. "values": [<IntValue object at 0x7fba1dd33e20>]. "targets": [339]. "default": 340}')
debug_merge_point(0, 0, '339<std_core_hnd.rpyeffect:38([switch case for Int(0)#100])>+0: {"op": "Proj". "out": 0. "type": Interned(evv). "scrutinee": 0. "tag": Interned(cons). "field": 0. "field_type": "any"}')
debug_merge_point(0, 0, '339<std_core_hnd.rpyeffect:38([switch case for Int(0)#100])>+1: {"op": "Return". "args": {"any": [0]}}')
debug_merge_point(0, 0, '4395<main.rpyeffect:62([#179])>+0: {"op": "Push". "target": 4385. "args": {"any": []}}')
debug_merge_point(0, 0, '4395<main.rpyeffect:62([#179])>+1: {"op": "Match". "type": Interned(std/core/hnd/ev). "scrutinee": 0. "clauses": [{"tag": Interned(std/core/hnd/Ev). "target": 4394. "args": {"any": [2. 3. 4. 5]}}]. "default": {"tag": Interned(3b07f664-83ca-4320-942b-fa1d0015aacc#[Missing Tag#614]). "target": 4386. "args": {"any": []}}}')
debug_merge_point(0, 0, '4394<main.rpyeffect:61([match_std/core/hnd/Ev@[#179]#189])>+0: {"op": "Copy". "type": "any". "from": 1. "to". 2}')
debug_merge_point(0, 0, '4394<main.rpyeffect:61([match_std/core/hnd/Ev@[#179]#189])>+1: {"op": "Copy". "type": "any". "from": 0. "to". 1}')
debug_merge_point(0, 0, '4394<main.rpyeffect:61([match_std/core/hnd/Ev@[#179]#189])>+2: {"op": "Copy". "type": "any". "from": 3. "to". 0}')
debug_merge_point(0, 0, '4394<main.rpyeffect:61([match_std/core/hnd/Ev@[#179]#189])>+3: {"op": "Match". "type": Interned(main/state). "scrutinee": 4. "clauses": [{"tag": Interned(main/@Hnd-state). "target": 4393. "args": {"any": [3. 4. 5]}}]. "default": {"tag": Interned(3b07f664-83ca-4320-942b-fa1d0015aacc#[Missing Tag#613]). "target": 4388. "args": {"any": []}}}')
debug_merge_point(0, 0, '4393<main.rpyeffect:60([#194])>+0: {"op": "Match". "type": Interned(std/core/hnd/clause1). "scrutinee": 5. "clauses": [{"tag": Interned(std/core/hnd/Clause1). "target": 4392. "args": {"any": [3]}}]. "default": {"tag": Interned(3b07f664-83ca-4320-942b-fa1d0015aacc#[Missing Tag#612]). "target": 4390. "args": {"any": []}}}')
debug_merge_point(0, 0, '4392<main.rpyeffect:59([match_std/core/hnd/Clause1@[#194]#199])>+0: {"op": "Invoke". "receiver": 3. "tag": Interned(apply). "args" : {"any": [0. 1. 2]}}')
debug_merge_point(0, 0, '4420<main.rpyeffect:87([method_apply@[k@[mcore:[#173]#238]#251]#257])>+0: {"op": "Jump". "target": 4417}')
debug_merge_point(0, 0, '4417<main.rpyeffect:84([mcore:[#166]#236])>+0: {"op": "PrimOp". "name": "setRef(Ref[Ptr]. Ptr): Unit". "out": {"any": [0]}. "in": {"any": [3. 2]}}')
debug_merge_point(0, 0, '4417<main.rpyeffect:84([mcore:[#166]#236])>+1: {"op": "Return". "args": {"any": [0]}}')
debug_merge_point(0, 0, '4385<main.rpyeffect:52([k@[#179]#181])>+0: {"op": "Const". "type": "ptr". "out": 0. "format": "string". "value": "Name(import$std/core/hnd)"}')
debug_merge_point(0, 0, '4385<main.rpyeffect:52([k@[#179]#181])>+1: {"op": "PrimOp". "name": "getGlobal(String): Ptr". "out": {"any": [0]}. "in": {"any": [0]}}')
debug_merge_point(0, 0, '4385<main.rpyeffect:52([k@[#179]#181])>+2: {"op": "Jump". "target": 4412}')
debug_merge_point(0, 0, '4412<main.rpyeffect:79([mcore:[#149]#138])>+0: {"op": "Const". "type": "ptr". "out": 0. "format": "int". "value": "<IntValue object at 0x22245450>"}')
debug_merge_point(0, 0, '4412<main.rpyeffect:79([mcore:[#149]#138])>+1: {"op": "Const". "type": "ptr". "out": 1. "format": "string". "value": "Name(import$std/core/hnd)"}')
debug_merge_point(0, 0, '4412<main.rpyeffect:79([mcore:[#149]#138])>+2: {"op": "PrimOp". "name": "getGlobal(String): Ptr". "out": {"any": [1]}. "in": {"any": [1]}}')
debug_merge_point(0, 0, '4412<main.rpyeffect:79([mcore:[#149]#138])>+3: {"op": "Push". "target": 4411. "args": {"any": [0]}}')
+878: setfield_gc(p65, i78, descr=<FieldS rpyeffect.value.UnboxedIntValueRef.inst_value 8>)
+883: jump(p0, p1, p2, p3, p4, i78, p19, p21, p23, p25, p27, p29, p31, p33, p35, p37, p65, i78, descr=TargetToken(576265248))
+896: --end of the loop--
[6283c356afd2] jit-log-opt-loop}
[6283d25b7b7a] {jit-summary
Tracing:      	1	0.002334
Backend:      	1	0.000247
TOTAL:      		0.129061
ops:             	4807
heapcached ops:  	525
recorded ops:    	2706
  calls:         	2277
guards:          	196
opt ops:         	204
opt guards:      	19
opt guards shared:	14
forcings:        	0
abort: trace too long:	0
abort: compiling:	0
abort: vable escape:	0
abort: bad loop: 	0
abort: force quasi-immut:	0
abort: segmenting trace:	0
virtualizables forced:	0
nvirtuals:       	1
nvholes:         	0
nvreused:        	0
vecopt tried:    	0
vecopt success:  	0
Total # of loops:	1
Total # of bridges:	0
Freed # of loops:	0
Freed # of bridges:	0
[6283d25bd9f7] jit-summary}
