RPython traceback:
  File "rpyeffect_main.c", line 1456, in entry_point
  File "rpython_jit_metainterp.c", line 1521, in ll_portal_runner__Signed_Signed_Signed_rpyeffect
  File "rpython_jit_metainterp.c", line 2352, in handle_jitexception
  File "rpyeffect_interpreter.c", line 15712, in portal
  File "rpyeffect_stack.c", line 3238, in split_metastack_n
  File "rpyeffect_stack.c", line 3238, in split_metastack_n
  File "rpyeffect_stack.c", line 3238, in split_metastack_n
  File "rpyeffect_stack.c", line 3238, in split_metastack_n
  File "rpyeffect_stack.c", line 3238, in split_metastack_n
  File "rpyeffect_stack.c", line 3238, in split_metastack_n
  File "rpyeffect_stack.c", line 3238, in split_metastack_n
  File "rpyeffect_stack.c", line 3238, in split_metastack_n
  File "rpyeffect_stack.c", line 3238, in split_metastack_n
  File "rpyeffect_stack.c", line 3238, in split_metastack_n
  File "rpyeffect_stack.c", line 3238, in split_metastack_n
  File "rpyeffect_stack.c", line 3238, in split_metastack_n
  File "rpyeffect_stack.c", line 3238, in split_metastack_n
  File "rpyeffect_stack.c", line 3238, in split_metastack_n
  File "rpyeffect_stack.c", line 3238, in split_metastack_n
  File "rpyeffect_stack.c", line 3238, in split_metastack_n
  File "rpyeffect_stack.c", line 3238, in split_metastack_n
  File "rpyeffect_stack.c", line 3238, in split_metastack_n
  File "rpyeffect_stack.c", line 3238, in split_metastack_n
  File "rpyeffect_stack.c", line 3238, in split_metastack_n
  File "rpyeffect_stack.c", line 3238, in split_metastack_n
  File "rpyeffect_stack.c", line 3238, in split_metastack_n
  File "rpyeffect_stack.c", line 3238, in split_metastack_n
  File "rpyeffect_stack.c", line 3238, in split_metastack_n
  File "rpyeffect_stack.c", line 3238, in split_metastack_n
  File "rpyeffect_stack.c", line 3238, in split_metastack_n
  File "rpyeffect_stack.c", line 3238, in split_metastack_n
  File "rpyeffect_stack.c", line 3238, in split_metastack_n
  File "rpyeffect_stack.c", line 3238, in split_metastack_n
  File "rpyeffect_stack.c", line 3238, in split_metastack_n
  File "rpyeffect_stack.c", line 3238, in split_metastack_n
  File "rpyeffect_stack.c", line 3238, in split_metastack_n
  File "rpyeffect_stack.c", line 3238, in split_metastack_n
  File "rpyeffect_stack.c", line 3238, in split_metastack_n
  File "rpyeffect_stack.c", line 3238, in split_metastack_n
  File "rpyeffect_stack.c", line 3238, in split_metastack_n
  File "rpyeffect_stack.c", line 3238, in split_metastack_n
  File "rpyeffect_stack.c", line 3238, in split_metastack_n
  File "rpyeffect_stack.c", line 3238, in split_metastack_n
  File "rpyeffect_stack.c", line 3238, in split_metastack_n
  File "rpyeffect_stack.c", line 3238, in split_metastack_n
  File "rpyeffect_stack.c", line 3238, in split_metastack_n
  File "rpyeffect_stack.c", line 3238, in split_metastack_n
  File "rpyeffect_stack.c", line 3238, in split_metastack_n
  File "rpyeffect_stack.c", line 3238, in split_metastack_n
  File "rpyeffect_stack.c", line 3238, in split_metastack_n
  File "rpyeffect_stack.c", line 3238, in split_metastack_n
  File "rpyeffect_stack.c", line 3238, in split_metastack_n
  File "rpyeffect_stack.c", line 3238, in split_metastack_n
  File "rpyeffect_stack.c", line 3238, in split_metastack_n
  File "rpyeffect_stack.c", line 3238, in split_metastack_n
  File "rpyeffect_stack.c", line 3238, in split_metastack_n
  File "rpyeffect_stack.c", line 3238, in split_metastack_n
  File "rpyeffect_stack.c", line 3238, in split_metastack_n
  File "rpyeffect_stack.c", line 3238, in split_metastack_n
  File "rpyeffect_stack.c", line 3238, in split_metastack_n
  File "rpyeffect_stack.c", line 3238, in split_metastack_n
  File "rpyeffect_stack.c", line 3238, in split_metastack_n
  File "rpyeffect_stack.c", line 3238, in split_metastack_n
  File "rpyeffect_stack.c", line 3238, in split_metastack_n
  File "rpyeffect_stack.c", line 3238, in split_metastack_n
  File "rpyeffect_stack.c", line 3238, in split_metastack_n
  File "rpyeffect_stack.c", line 3238, in split_metastack_n
  File "rpyeffect_stack.c", line 3238, in split_metastack_n
  File "rpyeffect_stack.c", line 3238, in split_metastack_n
  File "rpyeffect_stack.c", line 3238, in split_metastack_n
  File "rpyeffect_stack.c", line 3238, in split_metastack_n
  File "rpyeffect_stack.c", line 3238, in split_metastack_n
  File "rpyeffect_stack.c", line 3238, in split_metastack_n
  File "rpyeffect_stack.c", line 3238, in split_metastack_n
  File "rpyeffect_stack.c", line 3238, in split_metastack_n
  File "rpyeffect_stack.c", line 3238, in split_metastack_n
  File "rpyeffect_stack.c", line 3238, in split_metastack_n
  File "rpyeffect_stack.c", line 3238, in split_metastack_n
  File "rpyeffect_stack.c", line 3238, in split_metastack_n
  File "rpyeffect_stack.c", line 3238, in split_metastack_n
  File "rpyeffect_stack.c", line 3238, in split_metastack_n
  File "rpyeffect_stack.c", line 3238, in split_metastack_n
  File "rpyeffect_stack.c", line 3238, in split_metastack_n
  File "rpyeffect_stack.c", line 3238, in split_metastack_n
  File "rpyeffect_stack.c", line 3238, in split_metastack_n
  File "rpyeffect_stack.c", line 3238, in split_metastack_n
  File "rpyeffect_stack.c", line 3238, in split_metastack_n
  File "rpyeffect_stack.c", line 3238, in split_metastack_n
  File "rpyeffect_stack.c", line 3238, in split_metastack_n
  File "rpyeffect_stack.c", line 3238, in split_metastack_n
  File "rpyeffect_stack.c", line 3238, in split_metastack_n
  File "rpyeffect_stack.c", line 3238, in split_metastack_n
  File "rpyeffect_stack.c", line 3238, in split_metastack_n
  File "rpyeffect_stack.c", line 3238, in split_metastack_n
  File "rpyeffect_stack.c", line 3238, in split_metastack_n
  File "rpyeffect_stack.c", line 3238, in split_metastack_n
  File "rpyeffect_stack.c", line 3238, in split_metastack_n
  File "rpyeffect_stack.c", line 3238, in split_metastack_n
  File "rpyeffect_stack.c", line 3238, in split_metastack_n
  File "rpyeffect_stack.c", line 3238, in split_metastack_n
  File "rpyeffect_stack.c", line 3238, in split_metastack_n
  File "rpyeffect_stack.c", line 3238, in split_metastack_n
  File "rpyeffect_stack.c", line 3238, in split_metastack_n
  File "rpyeffect_stack.c", line 3238, in split_metastack_n
  File "rpyeffect_stack.c", line 3238, in split_metastack_n
  File "rpyeffect_stack.c", line 3238, in split_metastack_n
  File "rpyeffect_stack.c", line 3238, in split_metastack_n
  File "rpyeffect_stack.c", line 3238, in split_metastack_n
  File "rpyeffect_stack.c", line 3238, in split_metastack_n
  File "rpyeffect_stack.c", line 3238, in split_metastack_n
  File "rpyeffect_stack.c", line 3238, in split_metastack_n
  File "rpyeffect_stack.c", line 3238, in split_metastack_n
  File "rpyeffect_stack.c", line 3238, in split_metastack_n
  File "rpyeffect_stack.c", line 3238, in split_metastack_n
  File "rpyeffect_stack.c", line 3238, in split_metastack_n
  File "rpyeffect_stack.c", line 3238, in split_metastack_n
  File "rpyeffect_stack.c", line 3238, in split_metastack_n
  File "rpyeffect_stack.c", line 3238, in split_metastack_n
  File "rpyeffect_stack.c", line 3238, in split_metastack_n
  File "rpyeffect_stack.c", line 3238, in split_metastack_n
  File "rpyeffect_stack.c", line 3238, in split_metastack_n
  File "rpyeffect_stack.c", line 3238, in split_metastack_n
  File "rpyeffect_stack.c", line 3238, in split_metastack_n
  File "rpyeffect_stack.c", line 3238, in split_metastack_n
  File "rpyeffect_stack.c", line 3238, in split_metastack_n
  File "rpyeffect_stack.c", line 3238, in split_metastack_n
  ...
Fatal RPython error: StackOverflow
